Content-Type: multipart/mixed; boundary="===============6664216561938906886=="
MIME-Version: 1.0
Subject: =?utf-8?q?Hotel_Real_-_Confirmaci=C3=B3n_de_Reservaci=C3=B3n?=
From: reservaenrealnicaragua@gmail.com
To: justo@becerra.com
Date: Thu, 28 Jan 2021 20:28:09 -0000
Message-ID: <161186568996.13641.1050658598397892920@localhost>

--===============6664216561938906886==
Content-Type: text/html; charset="utf-8"
MIME-Version: 1.0
Content-Transfer-Encoding: 7bit

Pronto nos pondremos en contacto con usted. recibimos su solicitud para RealNicaragua
--===============6664216561938906886==
Content-Type: application/pdf
MIME-Version: 1.0
Content-Transfer-Encoding: base64
Content-Disposition: attachment;
 filename="justo@becerra.com_1234567_2021-01-28 20:28:09.445168.pdf"

JVBERi0xLjUKJbXtrvsKNiAwIG9iago8PCAvTGVuZ3RoIDcgMCBSCiAgIC9GaWx0ZXIgL0ZsYXRl
RGVjb2RlCj4+CnN0cmVhbQp4nKVVXVObQBR9319xH2E6kLu7LB8dxxET2tGJbTXUF8eHlWxiYiAJ
kNaf30uC1Wi10sKw3GH33nPOfhw4IN0Opyb0OGQ5WzPcfiun0NMI04odp0x4u3H0DtBFhUHIgSO6
oS8FhWnOehMHHQSKJ+zKGiSprZQVD4fJCAYJDGO4SEbJhS2VdWkHoRX3T75+sa/TU8ZFy0EA1XJR
RugL4H7oCgxQPhTnD8UtsNP5HpwjuCs5V0ISQ1cJX/oBpGNmxVAs85vSwNi0Oc+qcO6iL70gAFKF
SkkZqibzyjrdVPUSLu1IWGaqYct0D/Mx1eGuJ1HKaJf5zRaBpSu9Wpa1ech7J67FhfQUsX8h8RU4
K8n1bNFNnDVvtB3dmMyUpXazZf5uuFadKatloavO4rYwo5Uu4OAAenFWb/QiNfc1HEzMZIKo8RAO
D+F40G9LJWcUrVq4Diw/NZvPZLeaVh6Soi71WHdlK1DQUO6IkDbjR8R/RB/pxey/wAV2ALdiUy4X
s8LojnviezGrzRjiWdlkV2/j+eEj3tQUtYH1xkBpKlP+6Arcv91kd9DXVb0w4OxWPd15kBvJ5mqs
iDzoiU+IKHA9LxI8IsvgLvfIMdQLn8jmq5xHoTyaNmek2ed/Kn7xmWK/uQL4SV2n9MzZ1XXDE8aM
I5zBGvgWe9eSSbYECJ38Bj3IwZON8/z+sIARnD866T797VgeKfK2N+g775oKT/quCry/TMUHJVWI
USAi75U5eCGxLfxEoqIoogXc17hmPc3pNwG9e5qrwZKds95wVtxtj/hZ/2RA5doz3ZzmZ338ad85
+wUOzHg4CmVuZHN0cmVhbQplbmRvYmoKNyAwIG9iagogICA2MTYKZW5kb2JqCjUgMCBvYmoKPDwK
ICAgL0V4dEdTdGF0ZSA8PAogICAgICAvYTAgPDwgL0NBIDEgL2NhIDEgPj4KICAgICAgL2ExIDw8
IC9DQSAwLjcgL2NhIDAuNyA+PgogICA+PgogICAvWE9iamVjdCA8PCAveDEwIDEwIDAgUiA+Pgog
ICAvRm9udCA8PAogICAgICAvZi0wLTAgOCAwIFIKICAgICAgL2YtMS0wIDkgMCBSCiAgID4+Cj4+
CmVuZG9iagoxMSAwIG9iago8PCAvVHlwZSAvQW5ub3QKICAgL1N1YnR5cGUgL0xpbmsKICAgL1N0
cnVjdFBhcmVudCAwCiAgIC9RdWFkUG9pbnRzIFsgMjk3IDUzMSA0MzIgNTMxIDQzMiA1MTcgMjk3
IDUxNyBdCiAgIC9SZWN0IFsgMjk3IDUxNyA0MzIgNTMxIF0KICAgL0EgPDwKICAgICAgL1R5cGUg
L0FjdGlvbgogICAgICAvUyAvVVJJCiAgICAgIC9VUkkgKG1haWx0bzpjanBtMTk4M0BnbWFpbC5j
b20pCiAgID4+CiAgIC9CUyA8PCAvVyAwID4+Pj4KZW5kb2JqCjEyIDAgb2JqCjw8IC9UeXBlIC9B
bm5vdAogICAvU3VidHlwZSAvTGluawogICAvU3RydWN0UGFyZW50IDEKICAgL1F1YWRQb2ludHMg
WyA0MzcgNTMxIDUyMyA1MzEgNTIzIDUxNyA0MzcgNTE3IF0KICAgL1JlY3QgWyA0MzcgNTE3IDUy
MyA1MzEgXQogICAvQSA8PAogICAgICAvVHlwZSAvQWN0aW9uCiAgICAgIC9TIC9VUkkKICAgICAg
L1VSSSAodGVsOis1MzU4MDk3Mjk0KQogICA+PgogICAvQlMgPDwgL1cgMCA+Pj4+CmVuZG9iagox
MyAwIG9iagpbCiAgMyAwIFIKICA0IDAgUgpdCmVuZG9iagoyIDAgb2JqCjw8IC9UeXBlIC9QYWdl
ICUgMQogICAvUGFyZW50IDEgMCBSCiAgIC9NZWRpYUJveCBbIDAgMCA1OTUgODQxIF0KICAgL0Nv
bnRlbnRzIDYgMCBSCiAgIC9Hcm91cCA8PAogICAgICAvVHlwZSAvR3JvdXAKICAgICAgL1MgL1Ry
YW5zcGFyZW5jeQogICAgICAvSSB0cnVlCiAgICAgIC9DUyAvRGV2aWNlUkdCCiAgID4+CiAgIC9S
ZXNvdXJjZXMgNSAwIFIKICAgL1N0cnVjdFBhcmVudHMgMgogICAvQW5ub3RzIFsgMTEgMCBSIDEy
IDAgUiBdCj4+CmVuZG9iagoxMCAwIG9iago8PCAvTGVuZ3RoIDE1IDAgUgogICAvRmlsdGVyIC9G
bGF0ZURlY29kZQogICAvVHlwZSAvWE9iamVjdAogICAvU3VidHlwZSAvRm9ybQogICAvQkJveCBb
IDAgMCA1OTUgODQxIF0KICAgL0dyb3VwIDw8CiAgICAgIC9UeXBlIC9Hcm91cAogICAgICAvUyAv
VHJhbnNwYXJlbmN5CiAgICAgIC9JIHRydWUKICAgICAgL0NTIC9EZXZpY2VSR0IKICAgPj4KICAg
L1Jlc291cmNlcyAxNCAwIFIKPj4Kc3RyZWFtCnicRZDBEsIgDETvfMX+gGkIkMDdH+jJs9NxvFSd
6sXPl1ZKJ6d9LLuBxY1YnKjBi0AF0fC+4YLnCklChg9MnhMe6EQSFU0QY0olrldJedWRbDv/6wlB
qiMU19FcUSQ9PEEycSg9s+vWOh1EmYzNbRk7ipRj7pmaSdj21q6nY7NG5n1311F/XMs89FZbQ9ZP
WVyVGVznFBNps5mV1JJS8ILp4YYr4/7B8PWK88uNdX5LnEgzCmVuZHN0cmVhbQplbmRvYmoKMTUg
MCBvYmoKICAgMTc5CmVuZG9iagoxNCAwIG9iago8PAogICAvRXh0R1N0YXRlIDw8CiAgICAgIC9h
MCA8PCAvQ0EgMSAvY2EgMSA+PgogICA+PgogICAvWE9iamVjdCA8PCAveDE2IDE2IDAgUiA+Pgo+
PgplbmRvYmoKMTYgMCBvYmoKPDwgL0xlbmd0aCAxNyAwIFIKICAgL1R5cGUgL1hPYmplY3QKICAg
L1N1YnR5cGUgL0ltYWdlCiAgIC9XaWR0aCA4MDAKICAgL0hlaWdodCA2MDAKICAgL0NvbG9yU3Bh
Y2UgL0RldmljZVJHQgogICAvSW50ZXJwb2xhdGUgdHJ1ZQogICAvQml0c1BlckNvbXBvbmVudCA4
CiAgIC9GaWx0ZXIgL0RDVERlY29kZQo+PgpzdHJlYW0K/9j/4AAQSkZJRgABAQAASABIAAD/4QCM
RXhpZgAATU0AKgAAAAgABQESAAMAAAABAAEAAAEaAAUAAAABAAAASgEbAAUAAAABAAAAUgEoAAMA
AAABAAIAAIdpAAQAAAABAAAAWgAAAAAAAABIAAAAAQAAAEgAAAABAAOgAQADAAAAAQABAACgAgAE
AAAAAQAAAyCgAwAEAAAAAQAAAlgAAAAA/+0AOFBob3Rvc2hvcCAzLjAAOEJJTQQEAAAAAAAAOEJJ
TQQlAAAAAAAQ1B2M2Y8AsgTpgAmY7PhCfv/AABEIAlgDIAMBIgACEQEDEQH/xAAfAAABBQEBAQEB
AQAAAAAAAAAAAQIDBAUGBwgJCgv/xAC1EAACAQMDAgQDBQUEBAAAAX0BAgMABBEFEiExQQYTUWEH
InEUMoGRoQgjQrHBFVLR8CQzYnKCCQoWFxgZGiUmJygpKjQ1Njc4OTpDREVGR0hJSlNUVVZXWFla
Y2RlZmdoaWpzdHV2d3h5eoOEhYaHiImKkpOUlZaXmJmaoqOkpaanqKmqsrO0tba3uLm6wsPExcbH
yMnK0tPU1dbX2Nna4eLj5OXm5+jp6vHy8/T19vf4+fr/xAAfAQADAQEBAQEBAQEBAAAAAAAAAQID
BAUGBwgJCgv/xAC1EQACAQIEBAMEBwUEBAABAncAAQIDEQQFITEGEkFRB2FxEyIygQgUQpGhscEJ
IzNS8BVictEKFiQ04SXxFxgZGiYnKCkqNTY3ODk6Q0RFRkdISUpTVFVWV1hZWmNkZWZnaGlqc3R1
dnd4eXqCg4SFhoeIiYqSk5SVlpeYmZqio6Slpqeoqaqys7S1tre4ubrCw8TFxsfIycrS09TV1tfY
2dri4+Tl5ufo6ery8/T19vf4+fr/2wBDAAgGBgcGBQgHBwcJCQgKDBQNDAsLDBkSEw8UHRofHh0a
HBwgJC4nICIsIxwcKDcpLDAxNDQ0Hyc5PTgyPC4zNDL/2wBDAQkJCQwLDBgNDRgyIRwhMjIyMjIy
MjIyMjIyMjIyMjIyMjIyMjIyMjIyMjIyMjIyMjIyMjIyMjIyMjIyMjIyMjL/3QAEADL/2gAMAwEA
AhEDEQA/APf6Q0tRySLGjO5CqoyST0oAfxS5rEl8SaShP/EyteP+moqrJ4r0lemo2x/7aCnysDpM
5ormP+Es0v8A6CFt/wB/BR/wlul/9BC2/wC/gp8rA6eiuY/4S7Sv+ghbf9/BR/wlulf9BG2/7+Cj
lYHT0VzP/CW6V/0Ebb/v4KrXnjnRrG3M819GUH9w7jRySYrpHX0V52Pi14ZIz9rl/wC/Ro/4Wz4a
/wCfuT/v2atUZC50eiUV55/wtnw1/wA/cn/fs0f8LY8N/wDP3J/37NHsavYOdHodFee/8LY8N5/4
+5P+/Zpf+FreG/8An7k/79ml7Cr2DnR6DRXn/wDwtXw5/wA/cn/fBo/4Wp4cP/L2/wD3waPYVewc
6PQKK4D/AIWn4d/5+3/74NH/AAtPw7/z9v8A98Gj2FQOdHf0VwH/AAtPw7/z9v8A98Gj/haXh7/n
7f8A74NP6vUDnR39FcB/wtLw7/z9v/3waP8AhaXh3/n7f/vg0fV6gc6O/ozXA/8AC0fD3/P2/wD3
waQ/FLw6P+Xt/wDvg0ewqC50d/mjNef/APC0/Dv/AD9Sf98Gl/4Wn4d/5+pP++DS9hU7D54nf5oz
Xn//AAtPw7/z9Sf9+zR/wtTw6P8Al6k/79mq9hU7MOeJ6BRXn/8AwtXw7/z9S/8Afs0n/C1vDv8A
z9S/9+zR9Xqfyh7SJ6DRk159/wALV8Of8/Uv/fs0f8LV8O/8/Mv/AH7NL2FT+UXtInoOaM159/wt
bw3/AM/Mv/fs0n/C1vDn/PzL/wB+zR7Cr/KHtInoWTRk157/AMLW8Of8/Mv/AH7NL/wtbw5/z9S/
9+zR7Cp2D2kT0HNGa89/4Wt4c/5+pf8Av2aP+Fr+HP8An6l/79mj2FT+UftInoWaM159/wALW8Of
8/Uv/fs0f8LW8Of8/Uv/AH7NHsKn8oe0ieg5ozXn3/C1vDn/AD9Sf9+zR/wtXw5/z9S/9+zR7Cp/
KHtInoOaM159/wALV8O/8/Un/fs0v/C0/Dv/AD9S/wDfs0ewqfysPaRPQM0Zrz//AIWn4ePS5l/7
9mnj4n6Af+W834RGj2FX+Vi9pE73NGa4MfE3Qj0ln/79Gl/4WXoZ/wCWtx/36NP6vV/lYvawO6zR
kVwv/Cy9E/56XH/fo0f8LL0P/npcf9+jR9Xq/wArH7WB3WRRmuE/4WZoX/PS4/78mk/4WdoQ/wCW
lx/35NH1er/Kw9rA7zNLmuBPxP0H/npcf9+TSf8AC0tA/wCetx/35aj6vV/lYvawO/zRmvP/APha
Xh/P+uuP+/LUn/C1PD+f9bcf9+Wo+r1f5WHtYHoOaM159/wtTw//AM9rj/vy1H/C1PD/APz2uP8A
vy1H1er/ACsftIHoOaM159/wtTw//wA9rj/vy1H/AAtXw/8A89bj/vy1H1ep/KHtIHoNFeff8LU8
P/8APa4/78tR/wALU8P/APPa4/78tR9Xq/yh7SB6DRXn/wDwtPw//wA9rj/vy1H/AAtPw/8A89rj
/vy1H1er/KHtIHoFFeff8LU8P/8APW4/78tR/wALU0D/AJ63H/flqPq9T+UPaQ7noNFef/8AC1PD
/wDz2uP+/LUf8LT0DtLcf9+Wo+r1f5Q9pDuegUma4H/haOg/89bj/vyaX/hZ+hf89Lj/AL8mj6vV
/lD2kDvc0Zrgx8TtCP8Ay0uP+/Jp3/CzNC/563H/AH5NH1er/KHtYHd5ozXCf8LM0L/nrcf9+TSf
8LN0L/nrcf8Afk0fV6v8rD2sDvM0ma4P/hZ2hf8APW4/78mj/hZ+g/8APW4/78mj2FX+Vh7WB3ma
M1wX/Cz9B/563H/fk0f8LQ0H/nrcf9+TR7Cr/Kw9rA76iuA/4WjoH/Pa4/78mj/haWgf89bj/vya
PYVf5Q9pA7+ivP8A/haegf8APW4/78tR/wALT8P/APPa4/78tR7Cr/KHtIHoFFefH4q+Hx/y1uP+
/DUn/C1vD3/Pa5/78NR7Cr/KHtYHoVFee/8AC1/Dv/Pa5/78NR/wtjw7/wA9rn/vw1L2NX+UPaRP
QqK88/4Wz4c/57XP/fhqT/hbPhz/AJ7XP/fhqPY1f5Q9pE9Eorzv/hbXhv8A57XP/fhqP+FteG/+
e9z/AOA7Uexq/wAoe0h3PRKK87Pxb8N/897n/wAB2pP+Ft+G/wDntc/+A7Uexq/yh7SHc9FpK87/
AOFt+G/+e1z/AOA7Uf8AC3PDX/Pa5/8AAdqPY1OsQ9pDueicUd687/4W54a/57XP/gO1W9O+J2ga
nqENlbSzmaUkKGhZRwM9TSdGa1aBVIs7qlqpFdLIMqcirKtkVmWf/9D3/tWR4kfZ4e1DnH7h/wCV
a9Yfik48Pah/1wf+VNbgfGVxPObq4/fzjErf8tD6n3qLzpv+e83/AH8P+NE5/wBJuP8Arq38zUea
7I25dhXJPOm/57zf9/D/AI0edN/z3m/7+H/Go6KrTsIk86X/AJ7Tf9/D/jR50v8Az3m/7+H/ABqO
iiy7ASebL/z2lPt5h/xoMsjDa8zsP7pdiP503PFJTSQBz2Y/maOf736miiqFZC8/3v1NJls9f1NF
FOwWQEtnr+ppct/eP5mkopBZC5f+8f8Avo0bn/vH/vo0UUXYWQbm9T/30aNzep/76NJiinzsOVDg
7ep/76NL5jf3m/76NMpapTYcqHhz/eP/AH0aN5/vH/vo0zNGafOxcqJA7f3j/wB9Gl8xv7x/76NR
ZozT9oHKibe394/99GlEpH8R/wC+jUG6jfVKq0JxRZEpPf8A8eNPDn1/U1VDUu81oq0hOBcDf7X6
mjn+9+pqushFP8ytVVbI5SUZ7N+pp25h3/U1EGpwY1fMyWh+73/U0Z9D+ppvWlxTuxWFyfX9TRz6
/qaSnYouxaDTn1/U0c+v6mlIoxRdjuhvzev6mkOfX9TTyKTFF2FxuT/e/U0En+9+pp2KMUczHoIM
/wB79TUyg/3v1NRAVNHxSuwdizCDx/ia0oR0/wAaoRHpWhCcYqk2ZyL0OPT9asAADrVVGqUPxVpv
uYsmyKYWAqPfTC9O7BIkZ6ZvqMtmm5pXY7EhemF8npTSaTNHMwHZHpTSRnpSGii7AXj0o/CgClHW
ldgJgelGB6U7vShc0XYxuPajHtTiD0pyqaLskYAPSl2+1SiPNO2UXYEATJ6U7yvarCoAKCwFF2BC
sPtUohXuKUS00y0uZjH7EA6UuFHpUJlqIymjmYWLRdR0FJ5oFVPNNMaTNHOxWLnnCo2lFVd9Jvpc
zKsWDNTPN/zmoC1IWpczCxY83/OaQy1W3UbqOZjsTmX2pPN9qg3UFqXMx2JzL7U0ye361DupM0cz
CxKX/Ck3+9RE0Zo5mFiQSH2pPM+lRZoqeZlEnmc9qC30plFHMxClvpSZ+lIaSjmYDiw9qTP0puaK
OZjHZHtSZpKKTkwFyK1PDM/2fxLZTDqrH+VZOatac+zUIWHUGs6r/dy9GOPxI+jdG1M3EY9MV1du
+9QR6V5f4VnZoxzXpdicxKT6V4J3H//R9/rD8U/8i9qH/XBv5Vt1ieKBu0C/H/TBv5Ur2YWufFk/
/H3cD/pq38zTMVPdQstzOwB/1r9v9o1WrqhO6CUHEXpS5pKKu5IZpRzSUU7gOozTc0tNMBRRSUZq
riFFBoFFO4BS4pKWqTAKKKKdwCjFFLTsFxMUUtJS5RXEPWgUtLS5RjaWjHNLiiwDaKdijFKw7iCl
zSd6WqsFwyaUE02iqTaEyUORTg5NQilBxWkalibXLSnPen5qpuxTxITW0alyXEsZp2ahVqkBrRSM
3EfmjikFKMVRNhSKbinZpaAG4oxTsUm2nYLiCpVGaYBipFpWBssx9quxnGKoxnpVxD0qkQy6hqTt
UCHipAapENC7jSHPrSHrSZoELnFJ1oNFIBMUU4DJpdvNADaAKdspypQA0LSgc1MF4oAAoAj209Vp
3FGaQBsHrSgCmFuaaWo5hEuRSM4AqHfzTWapchomMnHWmGWoC1IWpXHYmL1Gz0wnimE0rjsSFs96
aWqPNLmi4WF3GgmmZpSaVx2DNJSUZouMM0lJnmkzRcBaKQ0maVwHYpCKTNBNFwFxRim5ozRcBcUl
GaQmlcBaKbmgmkMXNGabmjNFwHUfjTCaM0rjsLmim5op3EOpM0UUrgLU9l/x+xfWoKnsv+P2L61F
R+4/QqPxI9m8I/6sV6hYf6pR7V5f4R/1Yr1Cw/1a/SvDZ2n/0vfaxfE3/IAvv+uDfyrarG8Tf8gG
+/64N/Kh7FQ+JHx7P/r5v+ujfzNVZrYEZSrc4/0iYf8ATRv5mozXNGfKz3J0edIzCCpwwoz6VoPE
sg5HNUpYXjbOOK7qdVSR5NfDOD90jpRScUordWZyvQKKKKL2C6ewoopKM0cwC0ZpM0tUmKwuaKTF
Gaq4CjrTqbmlzTTAO9OHSmilzVJgLSUvakq0AUUUCgQooxR0ozTsAYoooosAcUHFFBosAlLSUZpW
AWikzRmi9gE708HFNpaOZoY8NUivUOaUGtYzJauWQ9PBqsGxUqvW6kjNxJgacOaiDU8NVolxH0uK
AaAc1aZLQAVIq0gFSAUyWSRjmrcdVoxzVpM0EssJ0p4JpqKcVKEJpktjcZo21JsPanCM0hXIgtLs
qUIacEoC5EE5pwTmpNtGKAuJtpRxQTTe9FxDi1NJppNIalsEBakL8U0mk7VNxhuppakzSZoKAnmm
k80pNJmkwEY8U3NOPSmmkAZpM0UmKQwzQTRikoATNGaCKSgB1NpaSgYhpKU0YoASkNLSGgBKKKOt
IYZpM0uKTFIAJpM0hooAM0E0YpCKQwzRmjFGKAA0lLijFIBKUUYoIxTAKKKXFABU9l/x+RfWoKns
v+PyL61FT4H6Dj8SPZvCP+rFeoWH+rX6V5f4R/1Yr1Cw/wBWv0rw2dp//9P36sXxMM6Fff8AXB/5
Vt1ieJedDvf+uLfypPYqHxI+Qpk/0ib/AK6N/M1GUq9NHmeU4/5aN/M1GYvauHmuz6z2DsipsppX
d8rc1b8v2ppj56U1Oxm6HczZ7TPKflVUgrwRitkpz0qGa1V1PHzV10q9nZnmYjAu10ZdFTPbvDw3
IqIAt0rvi4yV0eTOnKDs0JRS89xRRZkpX2EpaMUYoAKKMUVVxMWiiii4CiikzS5qkxC9qKTvS1ak
AUUUVSYCilpB1pasQtGKQUtOwBikIp1BosA3FGKWlxRYBuKMUpFGKVgExSU7FGKLANoFOxRiiwCU
4Gm0U0wJg1SK1QA0u6toyE4lsHNOBquj1KrCtou5lJWLC1IKhU1Kpq0zJlmPrVqMZNVYgM1diHNU
QywinFWEQ02Ic1ZVadjNjQlPCcVIq0/bSFcr+XRtx1qfZSFKQXICoxTan2U1koC5XbrTe9WNlMZe
elIZA3Wmmpthz0oZPapaGiuetJU2z2prJ7UrDK560VKV9qbj2oKIjSVKRTSKVgGGmmn4pMUrAMoN
PxTSKVhjaSnYNJmiwCYoxS0UANoNOxRQMjNFPNJigBpppp5ptACGkFOIpKQxKQ0tJQwENJTqMUgG
0GlooGNop1FKwDaKdRRYBO9LS4oAp2FcTFLilxRiiwXExU1n/wAfkX1qLFTWY/0yL61FRe4/QqL9
5HsnhH/VivULD/Vr9K8v8I/6sV6hYf6tfpXhM7T/1Pfu1Y3iP/kCXv8A1xb+VbJrH8R/8gS9/wCu
TfypS+E0pfGj5ZkjHmy/9dG/maiMNTyN++l/66N/M0ma8x7n6HGCcUVmhINRtEfSr/HegqDSIdFM
zTHjtTPLrSMWe1MMFUmzKWHujOaEMMEZrPuLFlO6Ot1oaj8vA5/KtoYiUGefXy+NRbHNMpU/NSbe
9blxYJMMqMNWXLbvEcOp9jXr0K8ai1Pm8TgKlF6FbFGKftpdtdTpnDcjxRin4oxUcgxlFOIoxS5A
G4op2KMUnEQmaM0tJRsAtKKbTqpMAxTuKZS5q0wFozRRVpgLmlptOqkAg5NOpB1pasQUlLS0WATF
JTqQCiwCUc07FHWiwDTSYp2MUVLiA3BpRkUuD60mMUbAODEU9DUVOBxWkZCaLSManVhVEE1Yibjm
t0zOUTQiar0Dc1mxNx1q7EelWmYSRpxuKsrJWchIqYSHAp3M2jRDinhwazvOwKeLjimTY0QQaXg1
QW64pwufegLF3aKCgNVftHvThOPWgRY8vim+VzTBOPWnCZfWiwAYh6U1os9qkEgPcUvmD2osBD5P
HSmND7VbDAijg0rBcoGA56Uww+1aW0GkMII60WHczDDTDF7VpmAUn2YUWC5ltFxTPKrVNqKabUVL
iO5l+Wab5fNav2Wmm0o5R8xmeXSGOtM2tNNr7UuUOYzSlJsrRNrx0phtqOULlApSbKum3NNMGKmw
7lIpSFTVpoTTTFRYaZXK8U3FTmPmmlKLBcgpKm2U3ZUjuR0HipNlIUosFyPGaMU/bRtosFyLFGKl
2+1G32osMixRipdvtRtosBGBx0pce1PxRiiwDMUuKdj2oxTsA3FGBTsUbaLANxU1oP8AS4vrUeKm
tR/pUf1rOqvcl6MqHxI9g8I/6sV6hYf6tfpXl3hH/VCvUdP/ANWv0rwGdx//1ffjWP4i/wCQJe/9
cm/lWzWL4jP/ABJL3/ri38qUvhNKXxo+WXP76b/ro38zQGqN3/fS+8jfzNAavMe5+gQqLlRMDTs4
qIH0p+c0jVNMkBpeD1qMNzTwady9BSoNNMa+lPzSgj0p2uJpdSBoAfY1BLaK64ccHvV8YJ6UpQVU
ZOOxnUw9OotTmbnTXhJZRuSqRTBrsTGMYxxWfdaVHNlowQ314r18Jj18NTc+bx2S6udM5zbzSFau
S2rwsQynioGQr1r2IqM1c+ZmnTlyyREVpNtTFabilKkSmnsRbeaCOal20m2odIdyLFGKkxSbah0g
uMxRinYpMVDpjuJRS4pOanlaHcDQKKKNRC5pRTe9KKpSAdS5puaWtIyFYcDRTc0oNacwDsUAUm40
oNUncBaSlowKqyENNGKWilYBKQ07FGKTQDcUvelxSUrAOFSoxqIGnqTTTsJrQuwtzV+FqzYjir0J
reLMJo0EbinhqgQ1IDWiMmiTNGabmjNAhxNKCabmkJNAiXccUByKiyaMmmFibzSKd5xqvk0bjQFi
0Lg4pVuTmqm40oJoCxeF1inC7rP3GjJoDlNEXnvTvtee9Zm40bjRcXKaouh604XY9ayd59advOOt
Fw5TXFytKLhDWQHOetOEhHei4rGv5y0okU1kecaeJzjrTuKxq7kNL8prLE59alW5IpXCxe2r0ppj
Wq63HNO88UBYkMIqMwCnibNO3g0WFcrNBzxUTW/FXsimkA0rXGmZxgNRmA5rT2A00xD0o5R3MzyS
Kb5BrSMOe1J5PtU8pVzMMNJ5JrTMPtSGD2o5QuZvlEUeV7Vo+RntR9no5QuZ3le1HlVoeT7UnkZ7
UuULmeYqb5RrQMPPSkMI96OUdyh5VHl1daGmGI0coXKuzim7KteUaQxYpWHcr7KaV5qwUNNKGiwX
IdvNS2oxdx/WgpT7Zf8ASU+tZ1V+7l6MqD95HrXhD/UivUbD/Vr9K8u8I/6kV6jYf6tfpXzzPQP/
1vfqxfEnGh33/XFv5Vs9axvE3/ICvv8Ari38qUti6fxI+TpH/wBIl/66N/M0qyD1qvKxFxL/ANdG
/maarGvOcdT7CFZ2ReD+9SK9URJUiy1NjojXLm70NODVVVx61KH96RvGqWA1PDCq+73pyvQnY3Uk
ycNzUgORzVcPUgarvcpMeR70oz0pmeaduovrcHqNmgjmUhlAOOtZNzpzRksqlh7Vtg8UEqVwRXdh
sbOlvsebjMspYhXS1OXaHnGOaiaLnpXQ3Nisih06+lU0067nYiC1Z/pX0OHxlKrHRnxWLwFbCyfM
tDHMdJsxWudE1cE/8S6b8j/hTf7B1g/8w2bP4/4Vu5w7nIuZ7GRtpCBWx/wjmuN/zDZf1/wpp8Na
5/0DZf1/wrNzh3HqY5FIRitg+Gtc/wCgdL+v+FMbw7rajJ06X9f8Khyp9xmVimkc1pPourr10+b8
j/hUJ0vU162EuP8AdP8AhUPlGUsUYqybC+/58pR/wA0hs70f8ukv/fJqbRArEUgzVj7Jef8APpL/
AN8mmtbXQHNrL/3yayaQyGlzT/s9x/z7Sf8AfJpphnHWGT/vk0k7DEBzTgaaUlA/1T/98mgK/eJ/
++TVKYhwp2aj+cfwN+VLuPdW/KtFNCH5pQaZvx/C35Ueao7n8q0U0xWJOKOKj85exP5Uvnr3J/Kt
FJAScdqSmiVT6/lS+YvYn8qbasA7FJSeYv8Aeo3g96VkA4CnqKYCD/FUikf3qLILsmjq9D2qnHg4
+ar0fQc5rSJjItR9amAqOMcVKAa1RiwopcGk5oJFpKOaWgBKKTvS0wCiiikAUtJRmgBaKTNFABRz
RRQFgozRRQAuTRk0lFAx26nb+KjooESbqUPUYpc0BYmElKJKhBo3UCsWRKakE3vVTfS76dwsXBP7
04TZ71SD0qvRcVi8JR607zPeqIenB/elcC4JRTt4NUhJS+bVCsXcigEVVEvvThJ70BYs8Glx71XE
nvSrJz1oCxOQKTb7UzeM9advB70CF8sUhjB7UbvelB96QDTDmozDVjPvSEUBcqmH0phiOelW8CkK
5pWHcpGI56VG0dXylMaLNJoaZQ2U6Ff36fWrLR4OKaiYkBx3rKqv3cvRlwfvI9N8I/6kV6jYf6tf
pXl3hD/UpXqOn/6pa+dZ6R//1/fR0rG8Tf8AICvvTyG/lWzWL4n/AOQBff8AXBv5UnsVT0kj5Gkk
X7RN6+Y38zSDB6Gqsx/0qfn/AJaN/M00MR0NcjjqfRQr2ReKke9AGfaqqzuvvUwuQfvDFS4m8ayZ
MCRT1eo1kVu4p5GelQ0bxmSiT3qVXFVMGnBiKlxNo1Wi6H9KkV+Kzw57VIspqbM6I1S+HFODA1TW
SpA9FzVTLYYYpwIxVYNTwTinc0Td7onB64rR0jXbvRLhZbdIpFByUkTdmspWp6mtIVeX4SKtOFZW
qK57l4Z8Z6RrsSRy2sME/QgqOTXWGGELxbwn0PlivmJGeORZIZGjdTkFTiu88L/Ei8051g1eQSQd
Fcnn8a6oVlLdnzWOyRr3qWx660KAZ8iEH02Coti/88Yf+/Yo03VLLVbZZ7WVHVhnAOcVa2dRit1L
sz5+VNwfLIoso/54w/8AfsUwxqRzBD/37FXfLBNRtHg0+aRNkZ728TdbeH/v2KrvY2xzm2i/74Fa
pT2qNk9qFKXcNDFfS7Fv+XSM/wDAaibR9PPWyT8q2zGPSmNEPQ0OUl1HYwJNE07PFmlV5NE07H/H
kproWhyelQND83Q0uaXcLHPtoemf8+K/nVeXQdLP/LiPzro3hqu8PNLnkBzTeH9KzzYj86ibQNIH
/LiP++q6NoeelV5IeaOaXcLGAdA0Y9bD/wAepv8Awj+iA/8AIPz/AMCNbLxVA0f1o55dwsUV8PaA
eum/+PmpV8M+HG/5hn/j5qTG08k1IshHen7SfcLEX/CJ+G2/5hpH/bQ0o8F+G3/5cMf9tDVpZz61
Zjm45NNVZ9wsZf8AwgPht+lsR/wM0xvhv4df/lmV+jmt5ZeeoqZZc9OKr20+4NHKt8LfD79GYf8A
Aj/jVdvhJoLDi5lH4/8A167dZBT8+5pqvPuKxwDfB/QyMi9n/CoH+EekJ92/nH4V6KwGP8aglUY7
VccRMOU85k+GumwfdvHOPeqM/hK0tuk7GvQrlTg5xWDerwcV30aknuc1Q4yTTYoeAzGoDFjoK3Ll
OT1qgyDNejDVHK3qZ5TmmlcVdMYzTGi9qqwrlTFGKsNGKaYz6UDuQFRSVOYzjpTfL9qAIsUmKl20
0qc0hjDSU8qaTafSgBtFOxScUAFFFFABRRRQAUUUUAFFGKKADNLSUUALRSc0c0ALmlNNFKaAFFLm
m0UAOzS5plFAWJN1GaZmjJouIfupwaosmgE0ATB/enByO9QZNLuoAseZ709ZDjrVXPvShjQItiT3
p4k96phjS7zTE0XBJ71IHz3qiHPrUgc0BYtZp2aqq5p/mc0CJ6TFRh/el3UWHqKRzSbRml3UZrOs
v3cvRlU/jR6J4Q/1SV6jYf6ta8u8If6pK9RsP9WtfNPc9Q//0Pfu1Yvif/kAX3/XBv5VtdqxfE//
ACAL7/rg38qT2Kh8R8czf8fM/wD11b+ZplOmP+lT/wDXVv5mm5rne57EfhQoNBNJR1oLTH/TNKHd
OhpnQ06lYqM5E63Mg7VKtyD94VTozUtGqrSRoCWNjwaeT/drOBNSLIy96lxOiFcvBjThIRVVJwet
TKVfoazcTphUJ1lqZZcjrVQgigNg4pWsdEati8sgqYPkVnh8VMslS0bRqXLin3p+Rgj5RnqT3qqs
nepBICelNSNVK6szU0nVr3RJlksZWTByRu61614Z+I2n6oI7a9byLrpyuM/jXiu8EUoPzB14YdD6
VrCrY4cVltGurrc+olKsu9drr2IbNIAD9DXh3hfx/e6LKsN2DPAeMkngV69o2vafrdqJ7SYe6d81
1wqKR8picBUw8tVc0XjGOKiMftVgEng8UHB5HStNOhwq1ymUx2prL7VcKA1GyUC16lPy+9RsmeMV
d2EU0pnrQBnNF7VC0PtWk0dRtHx0pAZbQ+1V5IPatcxe1QvDQMxpIOOlVmh9q23hyOlVWhwelFgM
aSD2qsYyK2ZIarSQCkBmcrT1lIqd4KgeMjpQBYSeplm96zclaeJSKANZJferCy1kJPVpJxQBo76j
dgagWYGhnFXFksrXPQ1g3fetud8g5rFuiCDXoUHqc9Qw7gc1RdRmr1yeaouea9em9DjluRFeaNlO
orREkRQGkMdS4FBFAFYpSFOKnK0m3iiwXK+ymFOatbOOKYV55pWHcrlcU0rU5U56Cmsg7kClZ9Bp
kG3IpCtSEgcZH4U3en+0T9KPVBcZtoxS4mcny4Wb8KelrfyD5bRqPd7juyLGKKtrpGqykBbNqnTw
trch4tmGfapdSC3ZSjJmbikx7Vtr4I12QcxFR9KmT4ea4444/Codan/Mh8kjnvwo/CumHw11w9XA
/CpB8MtaPWYflU/WKP8AMP2cjlMZ7UYxXWj4Yax/z3/Sj/hWGs/89/0o+sUO4ezkclR+FdZ/wq/W
P+e/6UxvhprI/wCWv6UfWKHcPZyOW/ClHHaulb4b62B9/wDSov8AhXmuDv8ApT9tT/mFySOfz7Uv
4Vtt4C11e2fwpjeCNeX/AJZ5/CmqsH9oOSRjnPbik5rUbwlrif8ALA1GfDWtr1tjR7SH8wckjPzQ
DVw6FrC/8uhqM6Rq69bM1Sn5oLPsQZoyakOnaoOto1NNnqP/AD6NT5l3E15Dc0ZNKbbUP+fRqTyL
4dbV6OaPcVvIXJoyaTyb3/n1f8qPJvf+fR6V49ws+w4MadmmCG9/59Hp4tb89LRzTTj3HZ9hQaXe
aT7HqOcfZGFSLp2qN0szSco9ws+wgkNKHJ5qZNE1iQ/LaH8qsp4V1qU8Q7fwpe0h/MhezkU/M46U
ok9a1ofAeuTEfw59q04PhjqsmN9xt/CpliKUd5B7Kb2OZEyL1pVnjZwofk9q7m2+FEmQZ7w1a1L4
dWek6JdX3n75IU3KPWuetiqbg0n0NYUJJpsm8If6pK9S0/8A1a15d4QGIkz616jp/wDq1rwzuP/R
9+rF8T/8gC+/64N/Ktk9qxvFH/IAvv8Arg38qUthx3R8bz/8fU//AF1b+ZpgOafOP9Kn/wCujfzN
MAxXO9z2FskLmnCm4pwoKuLQM0ClpWKSCiiigoKdmm96D1osMeCfrT1cjkcVGDS5qWi4totJcHvU
yyK/fmqIpytjoaho6YVWi7g0ucVXSUgc1OJFYVDR0RkmiRZCKkWWocAjg0mCKTRvCbRdSTNSK/NU
AxFSI5zyaho1jUaL29T97Jx0q9per3+kziazuCpH8OeKyA9SBx3qoysaSjCorSR7h4V+INtq6R29
5iK56fMetdxnjggjse1fLgJLLKMrInKuD0rvfCnxEn00x2upzGW2IC+Yw3f/AKq6qdbufPY/KGvf
pns4PrxSnmqVnf21/bLPaTrNEehVs4qzu4rqTT2PnpJp2kPKAio2jp4andaCbpaFcx00pVoqDUZW
kBWMYNRPFVsrTWHtTAoNDVd4fatRkz2qIxcHigDHeHPQVWeDP8NbTRDHSoHg46UgMV4RjpVSWHmt
uSD2qpJAc9KQzFeL2qPYB0rVkg46VVaHHagCng1IHoZSD0pp46UATpJTzLiqe8il83NNbisPmkyD
WNcv1q9M+M81lXL4zXoUNzCojNuDzVJzzU1zJzVN256161N6anFOLuSZoyKi3H14pwZcctit1sTZ
jycHBp3OKrmdAc/M/wBKnt7TULsgW1pMwP8As0m0t2ITvTXdF4LCul0/wDrd+A0kLxqepIxXV6Z8
KYlw94+T6ZrnnjKcNy40Zy2PKzKgOBy31qaKyv7kgQQsQenBNe8WXgnRrML+4jYjuyg1tRWVjbgC
K2hGOmEGa5Z5lFfCjeOGfU8FtPBOuXoGYygPcqa17f4T6hMFM1xIM9QOK9qyMfIu38KCzf3mrmlm
VSWkdDRYZI8ztfhFZxqDPM7HuC1att8NdDtx88e7Hqa7JlJ5O4io3XYu9h8orCWJry+0axoowYfC
Oh2vKWUTfVeatJpGlx/csYl99tF3rVnC21c5HaoX1G6ki82GHdGPSuR4rVpzu0a+ytpYteRaJwtq
g99tLiAchUH0qna6rFqANtKxjl6AHisfXLG9sPmSR2Qnsa562K5KTqfEUoa8rR0LXMKnbvUGneaS
uUfI9sVyLMktiGDytL6CtTQoGEPmTSuuOgY0U8RGpJJLRjlTSehsedJk/M3FNW8UnAlwaUkHLLyp
71z3iSxMPlywSsrMcYBrarJwhdaijG7sdH58uMq5I9aQSysMhz+lctDd32nQRmYPLCe4qG51E/b4
RBM+2Q5K+lc8MXFpX3KlTaZ13my/32pDLKOrtWTrElxYW8VwGO1vWmaXqk2oP935QK1deCrKk9ye
V2v0NkXEh/iNBmfuxFVJL+1hk8tpMt6UyO+t5GIOQPWtbxekWmS4NdC95zD1NJ5nqF/KoVlhkB8u
TcR2FOyT2p80XpETSH70PWNPyoIiPWJPypuKM0/kLQUx23/PCP8AKk8m1PW2j/KiihSHaI02tket
rH+VNFlp+ObSP/vmpKKrmkuorLsQnT9NPWyhP1WozpOlsc/Yof8AvmrJoo55dwsuxW/snSv+fGH/
AL5o/srSv+fGH/vmrNJijnn3Cy7Fb+ytL/58Yf8Avmnrp2mjpZQj/gNTYoo55dwsuxH9i08Hi0i/
BaeLezXpax/lS0Uc0u4WXYcFtwPlgjH4UocDogH0plKKT1HZEgncZwSKU3EpH32qKipsgJPNdupP
41keJ3J8Mahnr5fH51p5xWT4mP8AxTV//wBc/wCtMDC8IcxJn1r1HT/9WteXeEP9Un1r1HT/APVr
QB//0vfaxfFH/IAvv+uDfyrarF8Uf8gC+/64N/Kh7Djuj47mH+kTf9dG/maYVzUsv/HxP/10b+Zp
nSuY9xRuhmCKADUhGaAtFx8g0DFL1pQDTttTcpRYzFLinbDRtpXK5WMxRTsYoxmi4rDaXNG00lUw
2Hg+tO4qOlBqbDTJQeKerYqEGnA81LRtGTRZWQ59qmV8iqgbinoxqGjohULRFNyQaYJOakDAipZu
pXHh+KeslRdqMkClY0UmWVkqZHBzVEOakWUkYIxUWtsbRm2tWdJ4e8TXvh66EluztFghogeD+Fey
+G/GGneI7QNDKI7heGjY8ivnuOTHBJ/A1YtL25sp1ntJPKmU53etbwqNHDjMBTxCvFWZ9Pjjvwel
PBrzXwp8So7wpaaoAkoG3fj7x9a9EWUPGHRgUPIxXbCaaPla+Fnh3aSLXajFQq/HWnhqo5hSuKYy
5qQHml4piuQkcUwrmrBXNMKUDKpiJNRvGauMvpTCp7ikBnvH7VWkhrVaPNQtEKBmNJBx0qo8B5rc
khBqvJCMUgMCS346VUeEiugkgBHSqctuAOlAGGyEVXcsprYlt+KzZ4dpzmmtwKEsvWsu4ckHnmr9
18uayZRLKdsabmNdtJpbmE03sULl8PzWfJcKCQNzN2C11Fj4PvtRbdKxjU12GleA9LtNslxmVhXd
9chBGHsZPc8utLDU9QcJb2kgz3YV1ulfDTU7tg11JHGh6gg5r0yCCxtABa24THrzVk3DsBnaPoK5
p5jKWiRccNbVswdL+HulWCKbhldh2IrqLa1sbNQIIUwPaqokyaf5pJ55rinVnPdm6hBdDSFzuGF+
X6UokJ6k1QEvNSLL71nr0ZduxeDc9afu4qisvNSeYe1NqSV2Fy0G7U/5cYLc1XR8lh/FjiuRv9Qv
4tXKbiB1Va5sRiHRim1fUqMeZ2udrggZ4phjDAhuhrnIPEkkL+XeRY49a2rXVrW6T5WAqaWMoVfd
vqVKlJbFHVtDiurdmtwBIKydJ1F9OnNrdrhQcV1sc0TkiNg/rWJqGhtqF8XVtiVz4nCtTVagve/M
qFSy5ZFXxElktuLu3YC5z8qrU1ubm90FzcQnzAvCmr0Gg2qMhm/ebe5rTwAAqqAB2relRmp809mt
hSnY4TTtNvYZN5iyD2Iq/daVd3ZURny17gV0l5dLZoGKjYetNgura6i3IeTWFOhQpN0nLfXzHeUt
UtCjaWzWlqIX5YDGapanpMmp7Qr4C1v+SSucdKaYQOo6+9eg4qSs9jLXmujDtNOe3hFvc4dB0zWb
deGENyJ4WIw2cV1RjP1FN8s4IrKWHpyVkU6j1Xc5nVbG9vIEtxyBUOj2l3p8bwsnzHo1dUEK9uaY
67jkjn1olh4+1VR7gqlo8hwstvc2mq+bdRvIhOflFdDHcWNxCFWJ1456VrtGrgh1BH0qt9gtVJKx
sGPX5qzpYZ0buPUcqlzMsILWyneVbgDP8LGnT63aqxWIMzU668PpctuWUofpmkl0aKHTykKFpv72
a0vVWi2EkrlSDxCslyIXQhie9bTAKA+evauNhs7m0vkkliJAPJJrrJNStIrdZXcAgdKwwdaq+ZVX
b1KqQVvdJ8HGSRn0pMMBkjHtXK32uzSXKvAMKTitMaw1tCklycg9/StaeNp1J6bCdJo1+cZ4+lFQ
29zDexCWFgwPpUuRnFdEWpO8XczA0UUmc01qCd3ZDuKSkpaACkpaSgAooooAXiim0UAOoptFAC8V
leJsf8I1f/8AXP8ArWpWV4m/5Fu+/wCuf9aAMPwh/qk+teo6f/q1ry7wh/qk+teo6f8A6taAP//T
999KxvFH/IAvv+uDfyrZ7VjeJ/8AkA33/XBv5UPYcPiR8eS/8fE//XRv5mkHvTpgftM//XRv5mm4
rke570VYXFOUUmacKlm8UOCilCZoFPFJs0UUJso8vNSAU4LU3NFTuQGLim7MVb2ZFN8v2o5h+xKZ
Q03bVwxUwxYpqRlKi0VQOtGMVKY8GmFarmMuRoQdKUdaOlJmgWqJA1OU81GKVTSaNIsnBzTlJFRA
8U8NxU2N4zJ0b1p55NQBqkDVLRvGVyTHFJzQDS1NjRMVWweakVveoiDigcUPYu7WpZBBIPII6ODy
K7Lwr4/v9FkW3u5RNanjc/UVw27gVJvyOeacJuIqtKlXVpI+mNJ1iz1q1E1lKkq4y2G5q+r49q+a
dK1m90W4WeymcDvHu4NeweF/Hun61CkFzJ5N3nG0nqa7KdVPc+axeVzptyjsd0GJqRW9aqhyDyVx
jt0qQOep5B9K206HkteRYBoxUSPT95zQSKUzTSvtUmcig0xkBWmFKsEUwrk0AVHj9qhaLIPFXmU1
GUzQBnPDx0qrLBntWu0ftVd4jilYDEmt/l6VmT2u7oK6Z4SetVJIAO1AHMnSVdsyVctrG3t/uRAt
6mtFouelQmPBp87CxPHMw44UegFWA5x1qmoxUyt70bgWg2B1p2/3qtupQ1AFpZDTxIaqBqdvI70A
W/NOakWXiqIkOeacJML15oAviUngHp0qpqOtR6bEGDZkPUUJJ/EeoFYdu1tc60xnOWzxmsKrUdt2
XGzNvTfEI1BwoG1/cVLrdobiEXkWDPF2HemokMTgxqM+oqlrOqzaYsTJzG/b3quSXs/fYbPQZpcP
9vMZb7bEY/lK02TSrlNQEdsSsHdhWfaadd3d4LguUhk+bANdfFKI0WPrgVyU8NTqr94reZbqtIms
LaPT49quXLDkmr6y5XGRistZ+oz1608TDj2rujFRioroY3uaQcZ608MM/hWcs1TRzA9atWvqBR8Q
SDy1TGcisKJZYUDxyEAds1d1+fdMoB6Cs+CcKACcg9q8Khgo47HTVS6SNMRV+r0FbqbFlrcisEm5
X1rdhuIbpcoy59K5CSLa28EBfeo/tSWjbhcKp+tdc8PjMF70H7SH4ozp4inV0loztymOMDHtTTGP
Suf07xPDKdjSA49DXQw3MVwAUcH2rWhjqdbbTyZpOk1ruhhjz2qNovarny//AKqQgHpXWrLVGdrF
Ixe1RmLHar5SmmMUwM8ofSmbSvQ5q+0fpUZiFFwKTxrIpDxg/hWbd6Fa3alcFTW20fpUZQ561LhC
W4+Zo5o6GtvZMqrvfPBrJ0+xSS4eLU3fyw3APQV3Dqc5qCe0iuVIkAye9cs8HCb51ol+JoqrKNta
2enxEW8q+WegzzUoubbGBIDVGPw2sVy0hlJQ9s1iarts5cQhwvrVTrKnHnasiV7zsdOLy0LbRKuf
rUgOef4exrl9J0eS8k+1SvsiB9etdM09rEgjEi7F9DRh6zqQ5qit2HOCWkdx9FJHLFMco4pxUrya
6VJMhqwlJQAetLTEJijFLRQAmKKdSGgBKKKKACsrxN/yLd//ANc/61q1leJv+Rav/wDrn/WgDC8I
f6pPrXqOn/6ta8u8If6pPrXqOn/6taAP/9T33GBWN4m/5AV9/wBcG/lW0axfE3/ICvv+uDfypPYq
G6PkGZf9Im/66N/M0wrVqRM3Ev8A10b+ZqMrXG5an0yp6EGDThTylNwaVxOLQtKCc00nmnClYpOx
MpqRSKgBqRWqWjohIn69KXFNQ1KKhnVFJjNlBjznAzipQtbnhKwTUtdW1kGQ2KI6uwVUlFs5lovX
6VE8PNbuuWBsNcurcrhVchfzrOaPNVe25jGnGcbozmiOaYUNaDRVC0XWqUjCdAqe1JnmpzDjNRFO
aq5k4WAGng4qPBBpd1PQm9iUGpFPNQK3FSBqlo1hMnU08GoFanhqmx0QkT545ox6UwGlBwalo3vc
cRgUZI6Uo+alxU3LE3c5AqRHKSJKh2SKchh1FREUgJoWgPVWZ6R4U+JMtkY7TVAXiJAEmMmvWLO+
t7+IXFrKGiIyB3r5jXk4xx3rd8P+KtR8PXQaCVpYf7jNXRTrNKzPIxmWxnedPc+i1kFPD5rlvDni
+w8RWu8SLFN02E9TXRCRlADDFdcZKWx85Uozpu0kW1bHWnbjVdZMin76ozLA5oAFRK9PVqAFK5qM
ipgQaQgUAQFDUTRmrTLTCtAFGSOqskWa03TNV3joAyXixVd1A5rTlQYqnKnFA7lM8UBqcy03pQIe
Gpd1RE80uaAJQ1LuNRAj1pc0ASb/AFp6cktnoM1BuqG+aX7IUg++1Jv3boasQ2+uJLqD2zjCDjdi
s3WtPntJ/tdqxdevFV30e5ij35YueeKSHUry1by5lJQdQ1eXOs5Nxrxt2ZsoKNnFly01i9hj3PHk
YqS2S61y533I2wr0GaY/iGEBIhbAs1bsB2W6OqhS46VeGpOotKnNFCnPpazLkbrFEsSH5VGBSrLi
qu7n3pQ/NelbSzMm7lsSkU8TGqe+nb+KBF1Z81Kkx3VnLJg1KsvX6UIT2djI1m5DXnJ+Uda5vUvG
mnacrRoS8o4AC55q/rsxdJQpwa86sNA8+9kmk3OS/Ga4MnrU41ateb0THj0pKFPqar+Jdc1liI18
qLsScUDTdUuh+9mJH+9W3Fb2WlxBrkheOlZl545tbIlLSIMemTW9TPKsp2w0Loqhldasr2sW9L0a
+sH8xJi3sTXX2WoXMeAchq8ul8c6pct+4jAHt/8AqqSPxD4klwyQnA9v/rV5uJweNxcudxs/I9Kn
l7pK0pr0PcrHXiMJOvbqBmtuG6hnUFGGa+d18TeJFYMYSQOoOf8ACuq0Px1cnCTwiNh3OauEcxwq
/ex5l5BVwUGvdmj2PGBkmjiub0/xMsyr5uCK3oruGcBlcHI6V20MZTraR3OCpSlT+Il25GabsFPJ
JGBRXVtoZ2IvJqNoqsimlaEGpUaMVC0eavlM1G0dHURR2HoelVbrTbe9QJKuB6gVqGOozHiiSUtJ
K47nJ67b3NhbRx2XMWOeahhsrOOzW5lnJYjLLmuuaJXG2RQymsi68OW9w+5GKr1xXHUw6VT2i/4B
pGatZlW2jtby2aW0kIcDODxUemXt5JcPDPHtVT1PpVe5eHTpxFZAmQdVFPafVLtNkcPl574rCOIU
Pdabl5K5TgbeFf5o2yPak659qx7G11Owl3SOWjY85FbgKSANG2fWu+nNzWq5X0uZSjYjxRinlcGk
xWjstOpImKMUtFACYoxS0UAJWT4n/wCRav8A/rn/AFrWrJ8T/wDItX//AFz/AK0AYPhD/VJ9a9R0
/wD1a15d4Q/1SfWvUdP/ANWtAH//1ffqxvEv/IDvf+uLfyrZrG8Sf8gS9/64t/KpnsXD4kfJjr+/
l/66N/M1GVqxIP30v/XRv5mm7a8++p9koaIr7KaUqyVFMZKaZDplYr7Ui8VMy1GRiquc7gLTgaYO
KcKCkTI3FTI/IqqDzUiNzUNHTTnYuggmux+GsXmeIfNxnYRz6VxKNjntXo3wohzNcTHpuOPwopJ8
2pOPq8uHbE+KGk/ZtTF8keEY84FcHs4B9a9x8d6f/aXhm6ZBueONmH4V4lGM5Q8FeoNVWjZiyqqq
lHzIWSoXj9qu7c84prR5rI9J00ygY+OlQtFz0rSaPioWjpqRzzopma0ftUbIRWi0ftULxmrUjknQ
sUsEGnA1M0eKidSKu6OdwaHBuakDc1AM5p4PNJoqMrFkNTwc9arq1SBqlo6YzJgfSnZqINTwalo3
jIeKCKQEU6pL3GGgN607GaTbiluGsSe3uJ7OcXFtK0Uy8jYa9R8KfEhJljs9XY+bwBI1eTZIPB/G
lIDcNyPWtI1HDRHLiMLCvF3Wp9QxypJGHikWSNhnep6VKr5GCea8B8MeNr3w/OqSO0toP4DkmvYt
D8Rafr9v5tpMA2PuPwfyrshVUlufNYrASpO6Wh0Kv29KkDVTST+Enn0qZW7ZrRHB5FoMKUHNQI2a
kB60wJutJimBsU7d9aLoBrL7VXdatA5FROOaLgZ8q+1UpF61pyL1rPmU80wKEq1Aasy5qs/WgBKM
02igBwpabmjNFwHjJ6daA4J+VssOoFRzSCK3eRjgAVytpqktteSyFiyE1jWxEKTtLQuMHLY7AO/G
Sce9ZeqXNvC4WaFCrdWIpsWv28p+ckfhUWuT21xZBoyCxHAqa1ZSpc1Np+RUYShK9itplgJ9T80f
NbjkZ7V0pb5sD7o6Vn6NF5OngHoauAkrVYeEacE4qzZM5czuS7s96M1GKXNbXuQSbqXdUWaXNAEw
NODYRzntUIakd8RSfSk3ZAldnMagTNPIo5rMutStPD1nvk2tcEcL71LrGo/2ZDNPjLdBXnccd54k
1UMSWVmHJ6AV8/gcFPFVJJaR6nrqFP8AjT2Q+efUvEN6cmZlY5x2rrdC8EQIokvsZI4B6Vv6faWe
mW4hjUGTGN2OlTyiTg791fYUMNSoxtBWZ5eLzetPSlohkWkafZvtS3iI9dtakTQRwEJEg7cCqZO+
AZIVvc05WAi2qwLfWt739TyZzm37zuTqYXOPJTn2qZ4LAJtNtEXPfbVSOQR5J5bFHzO27ofenzEK
di0kUUQwmAPQVZhubmFt0TsAO2aqKI05LZNPN0BworzsXleHxCuvdl3R00cZWpaXujprLxECoSfg
jua3ILqKdMxyKa883h+oFSQ3M1sco5xntXkyo43CaNc8e53Qq0Kz3sz0XcMYB5oBI965mx8RAbUm
4963YbuC4wY5AT6VtRxdOr7t/kXUpOmr9C1QRmowefvCnbq6jMQpTDHUuaQc0AV2SmbcVaIFIVo3
B2OavtExdf2jCORyV9aItWmuVZIkCMpx6V0W3qM8HqKwJtF8vUvM87ZE/p61zzUqfvUluaR82QmD
VLvIedljPHBos9Ku7CYkztIh7E1U1Az2V8I1uSYjg8Gqkup3qTbYCzrXM8RRpu89ZFezkdKVO7O3
ikK8ZHSq+lXFzcg+ehWrxTblRXdTqKS5rWMmQYpKlK00xmrER0Zp+2k20AMNZPif/kWr/wD65/1r
YIrI8T/8i1f/APXP+tAGB4Q/1SfWvUdP/wBWteXeED+6T616jp/+rWgD/9b36sbxH/yBb3/ri38q
2axvEf8AyBL3/ri38qUvhLp/EvkfKci/vpP+ujfzNGKfIP303/XRv5mkxXmPdn3cY+6hm3NNZalx
QRmlcHErMtR7RVpl9qjK+1UmYSplVl5oFTsvtURXFUnc55QsApUPzUzODTxzTFew/wAwqvHevXPh
jEIdDMzDBaRx+teRBDLIkacl3A+le16BF/Z+lW8GMYUE/WtKMbyOLMq37vkOzXbcW8ts3IkQivBd
atDpuuzQleHYkV7Va3YDA5rzz4m2Iiure+jGAXIOPoa0xEdLmGT4jkqcnc41eBgnNOwDUSNlQT35
qYEYriTPsG9dBpTIphj4qbtRirsgcUyo0ftULRn0q+UqJ05qWjOVMz3jqJoua0Gj4qJ48c0JtHLO
iZ7JimYxVx0z2qFo8dqtSucdSk0RA09WpNlOAxVERuh26pAeKi704VLNoyJQ1PBqFTUmRUNHRGRJ
RTQacDUml7himmn0GgTGA/NVuw1G60u6We0lZGBzgHg1VxRgD1pqTTJnTjUVmehRfF3ULa3VZbAS
svVwRz+tPT43yD72mH8x/jXne/jaOneq81qj8rjNenhMTTVozR4WNyvRypnqSfHBz/zDf1H+NSD4
3Tfw6d+o/wAa8ceMxHpT1cYr3qdCjUV0fN1I1Kd4yR7GPjZOf+YcPzH+NPHxrlP/ADD/ANR/jXjy
kGpVFarB0uxi6kkevr8aJT/zD/1H+NSr8YXfrYD8x/jXj69RVuHrSeDproCqs9bT4oNN/wAuYH41
YTxq9z/ywC5rzK0XkV0FkMYrkq0IrYqM22dvHrBuOqgVKs2+sS06CtSL7orz6kbPQ2TbLOc0Ug6U
tZFhRzziilzgfWgCG4gF5bmIttDDBqqmh2iwmMEFqXWp3gtQsBw7DjFYX26+ssSux59RXHXrQhLl
mrmkIt7M0JfDhJ/dOB7Vl/Z5I9TitZASN3WpBqt9JJ9ojDFa1NJvE1GQmWMCZe5HNcahQq1OVRaZ
q37tma6gRwpGvpS5pCMHFFexsknujmHZopB1pc0AHOaUUnel7UAOBpsxxbyH2FAqO6JFq5FRUdoN
jjujz7xcrzQiFPvMaueHdGXStNR+POcc1NNCtxOJG7etWN7naAeBSyOCVFz7hmOJlFKlHZ7kmw55
5PrUiyPGPm2ntzUO9j90U7Y5GWr2uW55HuxWhyHiabVbKczrIohPQYNYsHifUYJEkZ8r6ZrrfF0c
1xpYSJdzAV5ylpfvIsf2Z+uK8zEOrGa5T6jLZYaph/3y1PXtJ1H+0bBLgjDHrWh5rtxisbw7ata6
WiSjDY6Vp73TnHFejD4dT52ryqpO23QlwwNSKx9KgE5pftDDqKpMxsWQW9KlWQr/AA5qqtw3pQ98
luCZWC+xp81t2HLcuZB6rzUsFzcWrboz+tUIdQilA5FWluFJ4ry8VluGrvnvZ90zqw+KrUdtfU37
HxCeBOv41vQ3sU6Bkk/CuCLiT5Rx9KdHNcW5zG5H415c6OOwa5qi54+W53wr0ammzPQwxI5p4YVy
lnr0seBPgity3vYblNyOK2oYylX1Ts10HOnOPoX856UuarLLjjBxTlm54rr8+pne25Njmqmq2Zu9
PdVYqy8girO/NOEmeD09KmpFTVnoPqclYaHNeZa7ZvlO0Z9K24tN0/T0AkIB7Fq1MgDgY+lUNU0p
NVhERkZD6g1ywwlOknKOrLdV7ImVY2X93tK+oqMxc0afbRadD9mMuX7FjVvYAMjn3FdUJPlIs2UW
i5pjJV8xA80wxgiqEZ5SmlKvGKo2ioAplKx/FC48M35/6Z/1roClYnipceF9Q/65f1oA5jwh/qk+
tepWH+rWvLvB/wDqk+leo6f/AKtfpQB//9f341jeIx/xJLz/AK5N/Ktk1j+I/wDkC3n/AFyb+VTL
4TSl8aPldx+9m/66N/M0Dmlk/wBbN/10b+ZoArzHuz75fChMUgFPxSYqUmynGyuxhU0wrUxHvTT9
aNTNq7K7Co2XirJApjAYrVMxkkymynOaAamYComXc2wdW4FUjmmra3Oh8F6f9v1dpWQmKMDGfXNe
sbcAAdhxXL+EtNOl6ShcYdvmJ9q6ON+Oua66StqfN4yq6lS3QsRSMjCs3xlANQ8NFyPmjO6tJQDT
LuLztLngPI2VU1eLMsLP2dVM8Xgb92B3HFWkOQDVS4VrfU7iI9FNPSXIrzWrM+5oVLwTuXVNOWq6
PmpVaqTOlSTJSBimFBTs0vamO5CUB7Uww1ZooaJcUyhJHz0qB46vSAZqB15NStDkqxRSKYqMrVtl
qNkq0zmlEr4pc1IVppWgmwzvTg1MI5oodirkyvTwwqDOKXdiosXGZYJxS5qENmng0WNVMkFNzQDR
SaHe4meaPpSYyTS4osF2mNKCQYYc1Ukt2Q5HP0q7khqdk88da7sPjalGSd9Dz8Vl8MRfTUzFfHHQ
1Or80+e1VvmX71VlYr1FfTYXGQrLzPk8Zg50JWsXVPI5zVyHrWfC4zV6E5NdUm1ozg5bmzaHpXQW
XJFc5bc4NdFYnla4azujSPY6G0HQVqxDisyzrUiry6m5tEnXgUtIKKwLCgDcwB6UUqg7lPXnpTST
3AxNbn8m8hPVVOTVbVNWTULaOEJgr3xVy9to7vVEWR9oB6U+TRbMfcmXP1rz6tOvKVoNfM3i49Rl
hrVnBaiGWNcgelV9HAm1aSaMbUzwKmfQbZ1YrOpYDjmnaBbTW8ziQcdjRTWIUkppaBNxtobDc80l
K3INJXftoYBRiiloABS5pKKAHA1Xv3K2be9T1V1M4sjmsMS7UZPyLpq80cyEZz0NWfK2rksMVBFK
ccdKUuxPPIroyaLWEicWMkvatExmC8KPxpmXeQAnI9qZwTj1qYYiXPc8V6bXY5VtYWXaGC4DCldI
Y9v7lM9c4qJTmTPenXVzBFtDtzii63loF3cmmG4K8f5U5JCV2tj86rJqVoIpFY87flx6157e6zqK
ajL5ZfyweK56uKhDZ3NYU5SPTRDuOFIz9arXlyNOiMs5CqPU1w1r4juAF3nDA+tWr69/ti3MMkwU
MOea5ZZlTt7t/uKjQfU3V8SwuMxkEdvesfXJL3VHV4AwA7AistNEkXiG5HyDjmlNvq9uPkMZA/2q
8+pjqtX3b6GypJbFiK71W1UL5DkD3zVlPEt7EfnikH4VkHxJc2p8uaA5HUqaY3jCH+O2bPuRXNGF
RfD+ZTgmb3/CaFSQSwYeopIvHs5cxhCc1zZe41eXNrbnnuVxXR6X4OdEE13KqA8nFevg6ddu7ZlJ
U+w5/E17LMHUNtzyorpNK8XRsQjymJvQ1kTvZW6m3sojJIOCxFc/PbzRzEMNrf7HNaYrKsPX961p
Lqgo4qpTb6o9q0/xDuUbm3L65Fb1vfW9yu5JBn0rwS3uNT01BMwBi64J5NdNpHizzyqBXjbIHAry
KlPGYPV+/H8TujXo1/7rPXfMK96kEg4759K4208RNCQJ0LZ710Nlex3GJI+hPSunC42jibKD1CdK
Ud9DR+3W6T+S0gD+lWPMTP3xke9cFrzTLrIMIO49KkW11gsrE8EetZzxcoVGowbsUqSte50WvaY2
pQLJbz7JE5OD1pPDM08lu8E5LFG6k1hCz1ZVLhsHHrWh4TmYzTJKu2QHk561jSqSqV0+VoqUUo7n
VEZzik2imeZ8xp+RxXqHOJsBpjRA1KCKMZoArmEVg+L4seE9SP8A0y/rXTbc1g+Mkx4P1Q/9MT/O
gDhvB/8AqUPtXqWn/wCqX6V5b4Q/1C16lp/+qX6UAf/Q9+NY/iP/AJAt5/1yb+VbFY/iLnRbz/rk
38qmXwmlL40fLT/62b/ro38zSUrj97N/10b+ZoxXly3Z+gwXuoTHfvXR+F9M0bWJDbXl28Fx+H9a
54KO/Sly6v5kcjJIOjLVRlYzr0nUjZM9XPwp0rAb+0rkA9CFXn9KYfhVpWSPt9yD3+Vef0qh4L8f
MoTTtVkJA4WRq9MIDxLMjb42GQwPWu2ChI+WxNTFYeWrOAPwr0r/AKCFz/3yv+FRN8LdK/6CFz/3
yv8AhXoOM+ufSo2X61XskcksfW3bPOpfhbpfbUrof8BT/Cq6/DXTra5jmF/cSeW24Kyrg/kK9HeP
I71Vkj9qapIX12rJGA1usSLGudqjFRZINa80JOc4xWfLEQapKxyNt6joZMYq1EQwdT/EMVnDKmpo
5Dn3psL63OM1jwDfXmqvdWzgRsBwaqp8O9YDHEiY+lekpJu6nmnlTkYJrJ0os9CGZVYJKJ59H8Nd
aYAiVPyq5H8MNdbnzUx9K7yGdkIGTWpb3RP8RqVRRus6xK6nm6fCzWu8q/gKsL8KNSJG65YfgK9Q
jfKjk8+9U9W8QWujQO88ihscAmqdOKRSzbFVHZHnd38PxpluZLq8PHY4rjtQihgYrE+73q/4m8aX
Or3LLHIyQg9M9a54zB+d7HPrXLNrZHtYV1pK9RkZfLEU1qdt5zQRxWWp3WuREUwqKkxnikwKDNxI
ttJtqYjFJtzRcnkK7IKhZSKvFBUTpmqTIlAqg0tOaM0wqRTM2rCg04GmYIpevtTFcmDU7NQCng0m
jWMkSilJpmaXrUmlxTzRnilApCKY+ggNNaFZBk8GnbTThirpVZU5XiY16UK0eWSKZjMTZ7VctmHU
U9VV+GFL9mKtlOnpXv4TM+e0JnzONyh07zgatmeRXR2H3hXMWZ2kZrprAjIrrrNNXieOouLszpbT
pWpEPlrKszmteL7teZU3NETClNGKUisGUNpVOHBpaMUXXUL2MPVNPnu9TjeEkDPJFSnQXGMztnvz
UurXclpJE0fQnmq58QIoHB3Vx1J4eL9/Q0SlJaIWTw9IwPlXDBhz1qXTLuTzDZTL86cBh3qqfEEj
Z8tTk9KfoqyzXLzyqVOc80o1aU58tO7Dka3NkdSKMU40g6V2rYhiUUtJigQU6kooAO9U9W4squd6
z9YbFsB71zYx/uZGlL40c/H1IqTkKX/hX71MUZJwOaw/E2qtaQ/ZoW+d+GxXZgJqlgYtnDiI81do
0U1uza42IoYDuDViXU7fbvIAHTGa5zS7JLa03MA0hHWrbW8TgFlri/tiab0J9gi/Hr1ksmGA/OuT
1TVJDrBmQ7osnAz2raGn2x58sUh0+1bOYU/KuevmftklJFwpqJnQa3ayt+8AQ/Wrgm0uUc4JNQS+
HraQEhQCemKzJ/DlwuTE5x7GuZeyqbOxq12NZrHS5gcfKfXNVH0O0J/d3DZPoawpoby0fDl+KbHf
7hh2II7E4rf2c/syuO1zRubK6sfmhumYe5zVY6nqiDPmKV9xVdrxWkEcX72Q/wAPWt3SvDd5fYku
FZYvRhXTTw1SXYhyjHdmHDDqGqXQRUHzHkiut07wLallmveWHaujsdNtdNTEUSBsfexVliTznBr1
6GGjFe+jmnVl0II47bTowlnCN3uKa9vPdfNM+1O4HFWUCBi3f3pSVJG411S5Vq9DFt3sUktR/q7Z
QPUkVZh021hXzJV8yWpN3OFGB7Cp7exnuHGAwHrXk4jOIRfLR96S+47aeCk1zT0RmT2DXzYlIEQ6
AVo6doUeAsCEY7kVu2ulxRcyDJrSXagwihR7V50qWLxb5sRLlXZHbBU6S9xalO10aJDmVsn0rViV
Iflj471AHzyetODkHOQK6qWEp0UoRInUnL4mVrnW7OC5KyxBpF6Z9ahfxZLuOIAqYqDU9BGoN50Z
Ic1nyefp9jJA9tvboG2k1y4iWK5nrZGsZU1Gxpf8JPeSr+7jXAFaHhiRpXlncAMTmsvQ7+xttOkN
1Gm8jGGHNbemyQPbmWBQo6VWHpVPaKUp3Co1bY2ll+cmpRLWasnvUyye9d5gaAkqRXqisvHWpFlo
AuBs1ieMv+RO1T/ria01k96yPGDf8Ufqf/XE/wA6AOJ8If6ha9RsP9Wv0ry7wh/qVHtXqOn/AOqX
6UAf/9H36sfxF/yBL3/rk38q2KxvEf8AyBLz/rk38qUvhNKXxo+XG/1s3/XRv5mlHFDf66X/AK6N
/M0ory5bs/Qo/CgxS4oNLSKI3iWQYcZIOVYV23g/xzLpVxHZ6jue2OAHPRa43FIVBXkcetVCbi9D
nxGFhiI6n0bDLBdW6z2solifncO1DLXi3hTxhdeHrgRzkzWbHHXpXsmn39tq1kt1aOGRuqA8iu+F
VM+QxuBnh3otBxXioHWrxXjrn+lQstas8+90Zs0eRVCaHrW08fJqpLCKQGC8RBqLlTWpPF7VSdME
0CFicDr1q5HJkCs5SFOTU0TnPHSkUX9ueRUkUrRAknao+8xrMvdastKgMt3IqkDhc9a878QeObzV
cwWa+RCO+eoqJVIpHVhsHOq9j0HW/iDp+kxmC3fz5SMZXnBryjV9du9Wnd53LKTkA9qyeS7Mcsx6
sTSrya5ZVGz6HD4SFHRoDkmrEKkimhamjrJanpqKexIOmKXHFJ2oFBqloJtpCKko20mQ0RYzSY5q
XbSY5oCxEVptTFaTZmgHEiKZFQvHirW3FIRTTIlTKbRmo9hq9sFRmPHSqTOeUGVelOFSNGaQJTIS
aYCngU0DFPBpWNlckC0hWlBp2aLGysMxSAU40veovqDSsKoxVuHOOlVgOlWIz0quZ30MpWtrqaMM
anHHNbFmpDjNZVtjjArbtMFhmvTw+KnH3XqfOY/CwleS0N+yOcVsQ/drHs9o6VsQD5a2nLn1PHce
R2LIoIpRThWLAZihuBmnFeaRgNuKE2tgsZusWUt7FGYeAD8xqqmnWCxqJZV8wda2pGMVtIc8Ba56
00o6rLM6zlUFcOKp3mnGCb8zWlJ2NODTbNz5sTAgVeUBQAgAHfFYVg7aPfNZzvujPO4+9WtS1WK3
IW25NbU50qa5naMuvqKSmzTHJNHamQP5tukx6kU+t1r73cztYb3paWimAlFFFAAOtZutHFuv1rTH
WsrXG2wpn1rjx7tQbNaP8RGNGwRHdugGa4C+lN94iZhyqsOK7TUZDbaU7E9c1w+hjzdReRu7USqO
OEjDyOaUb1pyOrPygLjHFNAOPbvVe9uxbXCIehNQDU0S78on5TzmvIUJNXQiW8eaFfNg+ZR1FQ2+
uQS/JJ8rdDWmoDAZOVauV1izSC7LR8ZOa1pJTXK0HLc6eN4ZBuSQH2NJciRbdmRl/OuNS4lh5jcs
fTNa1jb6xqv7tA0af3iK1WEnL4Q0Rm3V3JPMUO5nB6Yqza+Db3XShEJRc53Gu/0LwNBAgluXDP1O
a6+GGG2QJEoXHfHWvVoUPZ/EJSc9jlPD/gK10mENKkbSD+I1vPZRwIWZguOiVobiW56VmarlsKzi
uunN3shzjyq27ZkyuHckDA7UzIprthsAggU+C2muG+QFaxxObU6L5KXvS8jOlgZTd5aDCQDu61PB
ZXF0wIT5fWta00hE+aXrWiu2MbUGBXmOnicZrXlZdjupqlR/hq/mU7TSYoQC5yfStJSqLtjAFRZz
Siuylh6VGNoxJlUk9yQn3z60AmmilzW1+YhDt2aGlSCJpZWwi9qaB82Kx/Elz5dskIzhjzis6lSF
OF5MaV2Qv4rb7YTBGxhXqRXQWeowX1uJS429wwrFh/sldI8sf63HPSsa0trl3ZbeQhT71xLGVacl
ztSi+xuqXU3PEa6eLLdb8ysQK19HQw6UodducYrnLXSJprlBLKG284rqlYKojUcKMVth4S5nVlGz
ZnMnVxUgeqobmnh/SuszLayc1KslUw5qRXNAF5ZBWV4sfPhPUh/0y/rVoOay/FDE+F9QH/TL+tAH
NeEP9Wn0r1LT/wDVL9K8u8If6pPpXqNh/q1+lAH/0vfqxvEf/IEvP+uTfyraNY3iP/kCXv8A1yb+
VKWxpS+NfI+XGH76X/ro38zSihv9dL/10b+ZpQK8uW7P0OPwoMZpaUCjFBQUHpkdaXFBHNUIT7xx
jj0rW8PeJL7w5eBoJSYSfmQ96ysYNMPyrgjPeknyvQzrU41IOMkfQOia7a69ZRzwEByuWTPQ1oFR
muB+FOnmLT5Lp1P7wkr6Yr0DbgAjgk16NOV46nw2NpRpVWokJQVXmT2q4wqN14qzkMyWLI6VnzQd
TW1InFVZosikxmE8WCeOBzXOeIfFUOjB4bc77nHyj0NdhLDgkEcEda8c8a2DWniJ5GUlH6Me1Zzb
SOzBUozl7xlXeo3epXDS3cxcMchfSowex7VEPf8ACnDOea4pa6s+mpRUNETfe5P6UAYNItOHWlc3
THg9qmQ4qADmpUPNJG0GT546UCm7uKcGpmyY6lGaTdSg0WBpC0hFLRUiGmgClIoAoGhpHNNIqXFI
QaBSRFikxUu0UFaaMmiHbSGMVNilK07shxK5QU3bU7LTMU0S9BmKMU/FIRinYSYzpS55pDSggc1n
yu+htdJakqnipogRVGS4SMcnmoftjOcKeK76OBqV7dEebicxpUL21Z0cNwI8YOa17OfzGBrk7Vjx
zmul0/qvGK9WGFjRXK9z5rE4yVd3vodZYfWtyAHbWDYdq3rfO2sKhyLuWlHFO6UKOKdjmucoaRSY
GPenkUwiizewBt8xDGeQwxXKXDTWN28Fu7LuPQV1YyOR1qu9pB9p+1uQCo71z4mm8RFcrs1uVCfK
c2bG6uzmXdv9TU/9iMkBaSQK+OMmtm31WK7lZF2BVP3qraxNbXkfkRTgyHgBTzXOsJh1G97/ADNP
aTeyJtKDC1KSOCR0xV0jFc1aw3mj3aPck+S/TJrpyAyLIpyrciuyjJtWtaxEl1uNIxSUp5pK0syA
ooooYAOtZGuAFEU/3q1v4qyNbI3oP9quHMbew1NqHxnE+LLpktUhU8YrC0BP34A65zVvxVLuu0j+
tZ+nXH2O5yemKzl79JJM53e8mWvEEhacKvDBs/Ssks5bJPz9jU2oXIu7kyEHk5pILSe6b5EwvrTp
Q5VypE6LclTWLqKMIXHHtSxW99q84wGI+lbOnaBGPml+Z/SuntoltowFRVwMcCu6jl7b5mjGde2y
MjTfC1rbhXuV3N6Zro47hLdBHEiqo9qijjlnb5ULE1qW2j7BvuTtB9a9Hkp0VoYpSm7tktjJPdAY
OFFaUjJAuXYDA7msu51S3tB5NvgHHWsl5p71wPmbnpXlYnG0aerevY9GlSm/h2NO81kkFIOtZQ+0
3j5JZs1o2mjHhpRtzWxHDDAMIoriUcTilr7sexuowhruzNtNFQKHmyT2FaqIkQARQKNx/ClFdtHD
U6C9xamU6sp6MXdnrRnPWkpRW7dyApQaSlFC0AdmikoppXAkj+8WPAXqa5TUp47rVQrSYQDGM1ta
3eCz09lQ/vHrA0aO1DF71hljnJrixVVKapStrubQi7XRaOiS7DLGxKt71B5d9ZBiFKoB1rqoJoDE
BA6sg6VJKizRNFKowwqJ5dSkuaGnzBYhrRowvDnmzTyXLuWwOldAWyxPvVa1tks4mWMcYFTZAPvx
XZSg4Rs2ZyfNsPzzTw1RZ5p+askmDcU4P71BupykUAWA9ZniZ8+Gb8f9M/61d3Vm+JGz4bvv+uf9
aAMbwh/qk/KvUbD/AFa/SvLvCH+qT616jp/+rWgD/9P36sbxF/yBbz/rk38q2axvEf8AyBbz/rk3
8qUtjSl8a+R8vSf66X/ro38zSClf/XS/9dG/maTpXmS+Jn6HH4UOpwpKKRQ6iilxTASmn5pFC9W4
p+Ku6Ham+1y2gA4VgSfxppXdjOtJQptntfhDTzp3hXT4W+95K5+uK28Z/ChUEUSQjoigCgAluBXo
xSUbHwGIqOpUcnsMYc0wipyMn+dRSMkYzIwQdiad0jKMXLYhZeDVeVMirmA67lOR61Gy/wD66Y0n
sZUsZHPpXnXxL03fbpdgfdGTXqEiEhsiue8V6YL/AESdDnPlnGBWdRaG+DqctRLzPBxgqHHfim9D
SxgmNflwwOcUEVw76H1WtrjgakB4qAU8NRYpMnBqVTVYNUqNmg2hImBp4aofxpwNI2TLIPFOBqJD
TxTWxoh1OpgNPpDCgClxSgUWLQhFJipCtNIxQDEApSuaBTqDNxGbKNoqQDNLtpkuJAV9KiarLjHa
oGXNURODsREmkwafgCopZAi5rSMHPSJyOSSbYSEKvJqhNeAjC1Bc3hc7VNVgcmvawWXKPvyPn8fm
s5fu4k2SxyasRCqqnmrkBzxXrtJrTQ8bmfV3NOz+8K6bT+ormrQYIrpLA8iuSrorC0Or0/pW/bfc
rA0/oK6C24UV5tTctFtRTqF9KU9a52UIaQ9KU0naj52Abg9qhuovOsnVfvYqfpSDg+x6im/hce4K
TXQwNGit2jkgnfy3yeapMkenajvjbzQpzk1Z160Nvc/aIyVVgBwO9Fro8lzGsspIU9a8ipGpFqlT
he3U6E0lzSZBfalJqiBQmNla+h3RuLPym4ePjmrNtpltbDAXccd6xr+cadrKPCP3Z++BW0aVTDy9
tWl8RMmp/CjoCu35f7tJSJILiFZ0+61LjivQjJSVzKwUUZoFIQDrWLrXDA+5/lW0BzWJrYySc9K4
cydsObUPjPLtdk8zVG5OABVFInkIVBx6mr1+g/tKUtyBjtWhp2j3N8QxUxxetb4TBSqU1KWxyVqi
jcpWunorjPzt6Cujs9LkbBcbVxV2C2sNMQDiSSriTNKvI2r2r1qOGjD4dTjlUbGxxxwrgDJp5yaT
hTTRJliqgms8Tj8Ph17717F0sPUqP3S/azrajzD1xxUVzqVxfyfJkAU630ye4bkkL1rbgsILZACN
xrw51sVjH7i5V3PShSp0Fd6syLTSJJvnlrZgs4bdQQMmpiew4FIOK6KGCp03zPVhKo2KSS3XAopO
o5pa6m2zO3W4oozSUUbAOoooNABmlptO+tAAOtPXCKZGHygUwcnjmszW2vHhFvbKcngkUptxBamL
qd+lxqkavnySeDWlc+HS0SS277lZd2KrWQtodttqUJDDo5FdRHtWJRC+UA4xXFRw9KqpOavfvujZ
zdPSJyAN5p7/ADAqorS0h7q/uxNI37tela95bR31uY3Xax4zRZWq2UAiU5A7+tFLCypyVneIOqmt
i0xG44pM0nB6UV3WS66GO4uaWmZpaAH04Hio804dKdgHg1meIz/xTt9/1z/rWgOmTWf4hRj4bvWw
ceX/AFpPQNjK8If6ofWvUrD/AFa/SvLvB4/c5PHNeo6f/q1+lAH/1PfqxvEf/IEvP+uTfyrZrG8R
/wDIEvP+uTfypS2NKXxr5Hy8/wDrpf8Aro38zSd6V/8AXS/77fzNArzJbn6HH4UL2pwptOFIoUUt
J0oBzTGKTgE+ldp8MNNF1rc1w4yEIwce2a4lziP3r2L4YaabPw9LcMMGZ936Y/pWtJXkeXmtb2dF
naOSzk0mSBTiC5bHGP1rI1zxBY6BYtNcyfvMHbEPWu1ySPjaUalR8qW5b1LULXS7N7i7cKoGQM9a
8X8VeL7zxDcmOOZobROE2sRk+uRzVLxD4iu/EV4ZZ2Pkr/q09KyMDqDmuSrV10PqsvyqNFc89T0L
wd48ljkh03VZN6Z2ox47V6aCrRq8RDRvyCDmvm9lDjBrsPB/jabRHW0vmL2bfKPainWfUwzHKlJe
0p7nrci9VFV5YBLC8bDIKkfpVm2ngv7Zbm0kEkbDjmnYCsOOvWuu6kj5yXNBq61R84azZGw1u4hA
wu8gDFZzriu8+JunNa6ut4F4Z+fxriJF9K4Je7I+vwz9pSiyqRSCpmXmoiMGkgkrMcDgU9GqLNOB
pjjJosqafUCNUqtmpaOiMrkyHmpQarA81IrUbG8ZEoPNSA1X3VIjZouWrMmFPApimng00aRRIopG
TNANPzxRYpohxigVIaQAd6LCsAFPAxQMClBpgkt2NYbqjKVORkdelVri6jiXC/frajSnVlypHLia
9GjFzkyrdSLAhz1rAub1pWwDwKt3zNIhYnmsfnJr38Pg1TV5HxeNzB4qT5NESAjOacpqIfWnr9a7
Yux5rXVkynmrkB5qipq5CeK0uK9zYteoro7DqtczaHpXTaeeRXNVWg0dXp3QV0Nv90VzunnpXQ23
3a8yqtS0Xk60p601afXMyhpo7UpppoAO9JS0HpQBDLFHcKFlGQDxRLKttbkscKo4FP45qpqtubrT
5Nn31HFTKTgnyrUqK11KA8RbWfcnHQVmRRnUL7LP8hPINXdKjsXtZTd4Ey9M1mSFo7t2gOFPT3rx
68p2jOu9L7I6YWZtHUhY362IOYR3rYJHDD7pFczDpVzfoWI2f1rc02GaG28mY5x0r0MNVrVdZrlX
T0MakFcsUtFFdb3MgHWsDXTneK3xw1c/rZO6U56CvNzO/sVZX1N8O3zaHnDzJDqkruNw44xWzbz6
jf7UhBhg75GKp2SxPfSyPGXYHgV0kRlZBuOB2FevPF0KGHi5y+R5nspznLlXUSCwitgGkO9/U1Pv
J4H4CprexnuDgLgetbNtpUUIDSctXl1MxxeL9yguWPc7IYOFPWpqZFvYz3R6ED3FbNrpUNvgyAE1
eHyrtHApKVHBU6bvP3pdzWVbpFaBgDATgUpwT60lFd9uj1Zk22FFFFABS0lFAC0UCigAzS0lGQBQ
AtLzn1pFy1Vb/UYrBAqtmb+ECplOENZuyGlcTU9RSxjGGG9uQKzB4huBhlUMait411C7Y3UeJCeG
pt1pVxpd19oVTLCew7CvPquvOXPCXum8eVbiXmqjUI9ssf7z1AqDT9Su9MctJl4ieB1rbs20m7jM
mRGR94GrUdpY3ALQrlQcZojh6zmqntLj5421LFrcC8txOBtz2qXJPWmqgVQq8AU4V6K7nM3dijii
iimAtKKbnJp4BbgDJpbuyBCU9EZqiuLq0sIjJeSquBnGa4TX/iSqmS30sHcONwFbRw86jsiJVEju
NQ1Sy0eJpbiVcgZ27hXnWufEGXVpPsNquLaT5WPtXFXU9xfyma7k8wtzUlpxNGoGBnpXoLBRpU23
roc/tW5I9a8IAmJCe9eo2H+rX6V5d4R/1Ir1Gw/1a/SvKOs//9X36sbxH/yBLz/rk38q2e1Y3iT/
AJAl5/1yb+VKXwmlL418j5dY/vpf+ujfzNKKRv8AXS/9dG/maUV5ktz9Dj8KFpwpuaXGaRQoNOGM
00Ypw9aYJDoUM1zBEB8zPjFfQuhWf2DQLW15LBc/WvE/B1gNQ8UW8bDKKpYnHTpXpPjLxvBoMAs7
LD3ITAweldNJpJs+fzRSxE40Yov+KPFth4dtnDtvuT91Ae9eL6pq17rV01xeN8x5VM5AFQXd3d6h
dSXF1KXkc52k8AVCPbn3rOpUbZ3YLLo0Iq+4AkUdeKM0ViektA6U0gMMEAj0p1JmjzE11N/wx4tu
vDk4VyZLPPKliNufT1r2XTdTtNbsUurSQOrAHA61894yPX2NaWieIb/w7dJLaSM0e4F4yeMVvSqu
9mePmOVxrR54bnovxP0w3GgNcqMmNlyB9a8dAyimveG1ax8XeGLgQ481oyWX3FeGND5EskLcGM45
orWbuiMslJQdKW6KzrULLVx1+UVCy1gmd06disRikDVI61CRitEczTTJQakVsVXU1KpoZUZ2ZYV+
elO6+1Qg09TUs6FK5ID2qaM4qsTzT1apNk7MuK1Sg1TVqmV800zeMixmnA5qIGng1Vy73JKDTc04
E9RzTG3ZXDAyB+dKivJKIo0LSH+EU6CCS5uVgtgWlfsBmvYPBfgW30q3F9fKJbo4I3DpV04Ns87H
Y6GFh72rPKJPDuvzLiLTpAp/iNRJ4E8QvybQ59xX0sG28DC+wFLvY+/5V61Cu6KtBHxOKxE8VJub
0PmaTwB4gI5sz+VUn+HOvFuLNvyr6nDnH3j+VAc9/wClayxtSXxHKqNtj5YHw413vaP+VPX4b65n
/j2b8q+pdx/zimnd3/pS+uSD2R8wj4Z683SLb9Vq5D8Mte/6Zj6g19IMSRwTUJDVX12ViuQ8Jt/h
trSAbmi/I1sWvgbVIcFmj/WvWH3Zxk1VfJzk/nWbxcpAonF23h67gxuaP861YrKWMfNitaQc9qrv
jtWMpuRRXCEdaU089aaazAaaaetONJigBtBNOxSEUANpVIB5HHekoHWmm2Jo5/W9KdGFxBkgnlas
6VpcbwLcTZ9lNaxAbh+R6UfKBgDCjsK5fq8FU53G7Ned2sJ5iqQNwQDpQ3XOciqeo2T3QUxMR9Kt
28RWAKxOR3Nb8zk/eRDuwzz60uCO1U77VINPUg4Z/bmsddfuWlDAfKTioniIU37/AFGqbkro6Pqx
HQ1zmsH/AEsqRweDXRxHzoQ5wCRVSTTUebzZBnJzzWGOoTrUlGBVKahK7ObtNJ+Zmih5bua3LXSE
UBpSSR2rSQJGNqKAKU89azo5dCKUqnvNFyra+4ACoMIoApM560UV6G2iMW3cDzSUtJTv0EFFFFKw
BRRRQAUUUUAGcUtIaBQAuDTlQtSKAxPOAKyLzUbiVngsxlhwTUzmo/LoOxZ1HVIrJSqfO/Qis3RU
hubtpr18n+EHtUGnxT/a2hvE3M3c1Hf2kthKwJIDfdI7V51atVT9ra8eqNoKL0Lw1WK21ZopYgYy
flYVsTapbW6xCQlklAAB7ZrC0iGxmjcXvLqchs1l+XJqevvFAWMMLjbzxWlOtJUrx2ewnC7s9DW1
bTN1zGLRCFc/Nit20tlsbZYl5zyc+tPi/dxBXALDvTs55rqhSUZcy3Mm29x1FFFbPzFfoLn0HNLy
fujJpUjZueg9ax9b8U6foQKswaXHQHqacYSn8IpNR3NkhYkMkzBFAyTXJa74/sdPieKyxNN05OK4
bW/GGp63Kyo5ht/Y1giMZDElj3Jr0qGBS1kc8qumhf1LWr7WJN08jBc/dB4qmqqv3QB60vGTz9KK
74wUFZHO23uFS22ftUeT3qMdKmth/pKfWpqr93L0Y4fEj1jwj/qRXqNh/q1+leXeEf8AUivUbD/V
r9K+eZ6B/9b36sbxF/yBrz/ri38q2axvEf8AyBbz/rk38qUvhNKXxr5Hy6/+tm/66N/M0opH/wBf
MP8Apo38zQDXmS3P0OPwoeKKTNLSKFozgg0macB39KAvqX9K1eXSFme34nk43DtVCWR7idriZzJM
3VjSjvzzSEmq5iFTipcyQnJHNFAoqXqXs7oKKBS0WASjrS0YoDyENIPalxSYp2ElZljTNSudKuln
tJmjHR0HQ1Dfzi8u5LnbtLnJHvTexGeDTT1ov3M1RgryW7IzzUTCp257VG1SJxsis61CyirjDioX
TjNUmc04FXGDTg1Ky0zFXuczVmTK1SK1VgealVhSaZrCRYBBpeKiBqQHNQ0bp3HhqlR8VXxilDUj
WMi8r08HNVUfPFTI+c8U0zaMtSdWxz1NTW0E95cpBZxtJMxAAHbNR2Vrc6ndfZbOIs7YGccCvbvB
3g2Hw9axS3OJLwqCxxwK6KcGzgx+YRwyeuo7wZ4Kg0OBbm6jElyw3ZP8Ndfnd1prMGOSaXOfauyM
UkfG1q8q03KbFIxSDilzSHmnr3MEkKDml4ptAo17gSA0daSloCyCo2xUlNNAFeRaqyLxV2SqsnNA
FCVeKrMtXZFzVVhQBARTCOakNMNADTSUppMUAB6UnalpKAENNxT8cUlA0NIpMUpo7UXZPUq3txJa
xeZGpYjsKxJdXudWY2tsTGw6+tdKDt7ZqqNNt4Z2vIlxJ1OKyq03KV0zRNHP28P9lM41BGlkf7rN
UdnF9q1FSFG3d90VZ1bVDdy+RcREBfutir3h6zCRm5P3R3FedKKqYnkeqjqbxfLBjfEZe2SOSKby
9uPl9aXTNZa6xHMCTisvUmbVrxmz+5Qnke1TaMo+1eZkBF9a1qV5qulF6MmEE6bbOkMfPAx3pCpH
JzzXPavr7TXywWoIUcFhT7LWbpmEbwswHUiun6zS53Bb+hkqbUbm70GMUcVUTWLR+GO1vQ1OlzbS
/cmXPpW0ZRls0S4tElFO25AIINIVIOMjNUJ6K4lFKVYDn9KNp4zjmgBtFOK8ZyBUbyJApaRgo96O
lx21sOpRyMLVN9XskYDzQc1Lc3Cw2QnXoVzxU88dddg5Xa5Y2/LjIzSZzx3FctZ6vMbvzHOUJ6Z6
V1CukyCWM/KetZ0a8K2sGOUHFczKOum4j0syWv3s81B4WnSWx5AE+TuzWttEqNG3Q1zDzf2PeOE6
Mc1hiZ+ymqj6l01dHUACRtu1d474qrK1vqW62YZZB1qk3iSAWwK/6w8VPpUOInuHGC9brEU6itFX
RMoNO7MBbOS6v3tIwVVTgsK6iysYdPtxHGg83u/rUsaRxfMigM3JNP6nmpo4WnSTdtWEqkqi5XsA
560vsPzpO/8AhSsUiTfNIsaDnJrp1bsjNu249FZuAu6or6+tNLhMt1NGMDO0nmuS8Q+P7WyLW1gp
klA+8p4rze9v73Vp2mvJWKt23HArso4OU9ZGU6yWx1viHx/c3ga204uiA43rXGOstxKZrmV5X9XP
SlQBB8oxjvS9TzzXqU6UaatE5JNz+IBgcClxS4orQQmKXFFGadgFFS23/Hyn1qHNS23/AB8p9azq
/wAOXoyofEj1nwj/AKkV6jYf6tfpXl3hH/UivUbD/Vr9K+dluegf/9f37tWN4j/5At5/1yb+VbPa
sbxH/wAgS8/65N/KlLY0pfGvkfLj/wDHxL/10b+ZpRSv/rpf99v5mkrzJbn6HH4ULTqaOtOpFAKX
PFIetKOlAAKDS0UAIKU9KQ0UAAoNLRTASlopO9ABRRRQAlBFLRSAZTCOakIphWkSyMjmo3FTkcUw
rQZSiVWWoStW2WomWrjI5qlMr9DShvalZaZzV7nNrcmVqkBqsCakVzUtGsaliyGpxXjNQ7h1p5fa
w+Vmc9FAJz+VRdtnRzxtdiqwHOa1NG0u71y8EFqDt7sOgrX8PeBrvVnSe7V4rfhsYAzXqWm6XZ6L
biGyhCpjlyOa3hSb1Z5mMzRUY8tPVkvhPwxZeHbRcAPdN95jziunV+/XnvWNFMQetXo5c967IxUU
fN1qsqj5m9zQD5FPBqsj8dalBJ71RiTilqNW9akDCgAo6Uck0p560AANLmm0oNADhSGjNBNAEclV
3FWWFQOtAFKQdaqsOauyLzVd0oAqFeaYw5qwVNMKUAQEUhFSlaQigCHFBFSYppWgBlN70/bzSEc0
AMNHanFRSYoAaM54oOMZ59xTsUhoAq3mn21+mxxtIHBFYU41LSrZ7eHLQnqcV0vU+4p3B4dQ2eMG
salLmuo7lKWhzUflQaGzD/WMpJPvVSytLm7YvGdsK9SK6efT4LlPK27UHPFZeoRXVpb+RZofJI5K
9TXJVw6v7V9FsaRn7tjInSP7R5UQyxPWuq021is7JRIvzlcls1zukxpLdgPwy9jXTXjBLJ8MMhel
PA02oyry3HVldKKORnAlv8xnALY6Vr3GjQw2yuk58484rJtreXULgomQ3XirNnbXbasIZ2bKDgt0
rloNNTk18TLqWSIre41EO6bzhangv765mEUfLVtarDHBbN5agNj5mFc7Y3T2dwJlGcVtXnKhUpwU
vdFGKlFlxtWvNMusXo/dDrUt5eXMkQu7Zv8AR36e1Z15LNr1z5W0YJ5rYnshp2jJbg5wxOPrVqo5
wqWei2FKKTRR0+5ubmUyzP8Auk7VI1x/bd6sUbERA8471DpA3I8eeC3SoLBvsGo4Q/KW6elYxxDc
Kab+LcbguZmpfeH4HiPkPh174pPKng0NoJudpI5+lbW0kBl5XqaytUvIpbd7ZPvg8tn2r0Z0owvN
mMNVYxDb26adHLG3zlRuFWtI1JrdhE4yjetWND02yktg0rbzjkZrOvYpI9QaC3jO0/dOM151SM4u
NWlsbRafuyOtU5w8Z+Wql1pVrdyb3zmqOk2V9A++4lJj9K2CcsSOnavU1qRvKO5hblM6PQrNDnrW
goCqEX7q9qM0q7j0XNONONNcqC7D3H5U5EL85wKiu7y002EzXTqvGeTXnniD4hXE5a200qidN4Fd
FKhOZlKoonZ6v4m0/Q4myRJLjgZrzLWvF+pa25iVzDB6AdaxJDLcOJLmZpH/ANo5p34V6tHCQhuc
sqjY0IN25s7vUHrTyPX9KSlFdJle4oHHNLigUUAFFHeimAUU6imAgFS24/0hPrTKkt/+PhPrWdX+
HL0Y4fEj1fwj/qRXqNh/ql+leXeEf9SK9SsP9Sv0r52W56J//9D37tWN4j/5At5/1yb+VbPasbxH
/wAgW8/65N/KlLY0pfGvkfLrn97N/wBdG/maBQ3+tm/66N/M0CvNe5+hx+FC96cabTl96RQUvSl4
pKADNOpKSgBcUYpKKAFooooAKTFLRQAYoxRRQAlFHeilYANNp1J3p2AaRUZqU0wipZDIyM1E64qc
imEZJoWhlKNyqwNRsBVl1x2qF1281opdDlqRt6EBGOS34U6EPI+2ON3b0UE/yrX0rwxqGsSKyr5d
ueSzdSPau/0zw/ZaTGBEm58YLGtoU2zy6+LhT2dzkdH8F6lqGHuFWCIjhg2T+Veg6J4U0zScOER5
e745JqWOUrgKcD2GKuQzc4wPqa2jTSPKrZhUnombMcgKjAAHQU8/N15+tUI5OetW45OK1RxuTbux
5UjpUscpXqaaCCKayd6CTQin461bSTPesRHKnrVqKc55oA1lbmpAeapRy5PWrCvzQBZU08Y9ahBp
4amBJmjFNzTqADOKQtQRmmkUAKTTGGacaTtQBVdeahdDVxlzUTJQBSZKjKVcZPaoilAFUx01lqyy
GoipoArkU0ipyvPSmMtAEPamkVKVppFAERFGKeRRjigCPFJinEUlADSoOKD9KdSYpp2AbznPSgMQ
T6GnU0jmktHcFoQCztlm84J8/tVPUtMuLuTzIpML3WtPBHelACjIJFRKnFppLcd9bnM29te6bdCV
Yiw9qj1K/u7qUJBC6yk9a6re+MA/nTfLj3btvz+uKwWHlTXLTdkW5X3MWaZ7XRlhu3zOwqjpYikL
Qy4DEcV0U9lBcyB5Blh0zUP9k2olEmMMOeKVTDydZS3SHGdjnY2bTdSyRjB7dMV0F9e2s+n+YHBb
HIp8+mw3PzNgHpzUCaJbLxk49KmjQnS5qa+GXTsDmmYum3sVtdb3U7HPFSX2kXMU/wBogy6PyMdq
3RpVmBhlBA6VZT5E2AkgUoYH3OSbu+gSre9oc7CdUMDIof5hjmnvoU8lqoQ/vScsTXQbiv3aC5BJ
Gc1vDDuPxu7Ic+xmWOjLYFWLZYDkZ4rRBVW3BBu9QKTjHJOTRypwBmtYwjSjyrYTve7FLE8Dn6U0
ZLY209EZzjOwetZWq+KNM0ZWVn8ycDoDmtIwk3aKJbS3NVlSGPfNIEHvXJ+IPHtlpqmCz/eSnjIr
i9a8X3+tSMseYo88A8VhLGF5wCT1Jr0aGBS1kc8q3YtahqV9q8xluZXKfwqTwBVcALgKAPpRyMDN
L0r0EklaOhhJuQUUUUyRcUuKBRimAoooooAXHNBHNL3oPWgAxS4oopiCpLf/AI+E+tR1Jb/8fCfW
oq/w5ejLh8SPVvCH+pFepWH+qX6V5b4Q/wBSK9SsP9Wv0r517noH/9H36sbxH/yBLz/rk38q2axv
Ef8AyBLz/rk38qUtjSl8a+R8vP8A66X/AH2/maShz++m/wCujfzNArzXuz9Ej8KCnZpMUAUDHDpS
ikFLQAtFFLigBKKXFJigBKKKKAHUhFLSUAAopcUUAJik70uaDQAYpCKB1pTRYBuKbTjSVJLQ0imM
MkDqPT0qRuOpwPU961tB8M6h4huQkFuyQHrMTxiiMW9DKtUjTjdsxIoJLmYQW8W+Q9AvJru/D3w8
RQl5q5O/qsfau60Lwjpvh6ACKFJLjvKwya05l3HJ5+vauynRstT5jGZm5NwhsYZtYoIwkKLGgGAA
O1UZY/Qcetb8sII6CqE8PHTjNb2tseK3cx2ypqSOTpzUk0eO1ViCpoEjSjl6c1eikyetYccvPWr0
M3PWmPc145OasK2azIpatpJwDQIsMgNNB2nrTlcMOacQpoAfFNg9auRzgms/GOlKkhU0AbMcme9T
BqyY5wD1q4kwI60AXgwp4aqquD3qVW96YExNITTd1GaAA0lLmmkgUAL2phFO3UnNAEbLUZSrGPWm
kUAVWSoilW2WoytAFUpUTLzVsrUbJQBVZaj21ZdeajK0AQlaaV4qYrTCOaAI8cU0rUpHFNIoAiNJ
UmKTFADMUlPIpCKaAbQRxTqQ0kAyl5paWn1uBGc0uKdikqY3S8wGmk5p9JVa2DQaaTGKcelAxjn+
VK19eoXuxvNHSngM33VJ96Zcy29knmXUyRqOxPNHK36g9NWORWdgAmfU+lVb7ULLSYWku5BuHQZr
kNf+ICRCS30/BPTcOa4C5vL3UHMl1PI2e2eK7aODlL4jCdZbI6zxB4/urwtBYgLH/fBrjX8y5kM1
xI0jnvmgKF4UACnAkdOK9OnSjT+E55TkwAVR8v60UHmkrQiwuKMUClp+gBRS4pKAHClpBSigAxRi
looAUCjFLS0CExRilopgJipIB+/T60ypIP8AXp9air/Dl6MuHxI9U8If6kV6lYf6tfpXlvhD/Uiv
UrD/AFa/SvnXuegf/9L37tWN4j/5Al5/1yb+VbPasbxH/wAgS8/65N/KlLY0pfGvkfLkn+um/wCu
jfzNAok/103/AF0b+ZoFea92fokPhQ8UCkFOFBQop1NBpwoAKKKKACiiigApD1oooEKKWm0oNABR
RRQAlLR2ooGJRS0hYhNzGjyFpuxMc4pY0klfZBGZJDxtUVo6Nod7rtyIrWJiucFiPu1674c8C2Oh
RJJPtnuSOpHStIUXI8zF5nCgnbc4/wALfDie5Md9qjGOMciBsZr0+3toLOFYbZBHEoxhR1qy2QRj
CoOgFMPTIrrhTSR8risXUxEua5C6854x2AqB1FWiKidc9qu1jju3uUnTIqpJFxWmycVWePJoAx5o
eelUJ4iO1bssXNUZoM5pAYpXaakSTaetTTQ4JqoylTQM0Yp6vxS8c1hJIQavQz+poA2UkGKnVs96
zY5RirKScdaYi6KQrUcb8VMCMUARg7TU6T460wqCKiKkGgDSjnBq0so9KxUkK1bjnyeaANUSA9KN
1UllHrU4bI60ATbqN1Rb80bsUAShhTg1V99SBuKYE+aTFM3dKcDkUAIRTGX2qSjGRQBWZaYyVZKU
xloAqMlRlatlaYy0AVCtNK1ZZKiZaAICtMIFT7eeaayj0oAhxTSKm200rzQBERSEVKVxTSOKAIsU
FaeRxSYoAZikp5WkxQAlJinYpMY60wtcbScUpBOMDNPdFjj8yd1RfQmiMXJhexHgsMAUPstoy08q
xKBzuNc1rXj2x0tmitk89gMcdjXnWp+KtU1l2zI0cZP3c11UsJUqPTRGU6y6Hea94/sLBTDYFpJP
7wGRXnmqazqGtyk3MmE9AxqgIx1LFn75pw4r06eGhT9TmlUbGpEidMCnZ65yaQ0Vve2xmKcUUlKK
QwpaSloAKKKKBC0ooxRTAXHFApe1AoAUUtJSgUCDvS0YooAKKXtQBTABUkP+uT60zFPhH75PrUVf
4cvRlw+JHqfhD/UivUrD/Vr9K8t8If6kV6lYf6tfpXzr3PQP/9P37tWN4j/5Al7/ANcm/lWzWN4j
/wCQJe/9cm/lSlsaUvjXyPlx/wDXS/8AXRv5mih/9dL/AL7fzNJXmvdn6HH4UOpwptOFBaAU+m0o
NMBaKKKAFopKWkAUlLQaBCUZoxS4oABQaAOaO9ABR7AZJ6UhIAyauabpd9rNx5FjA7kHlhwBTinJ
kTqRgryZT3gEKAWfptFdr4a+Htzq0sdxqAaOAchema6/wv8AD6z0mJLi+US3J5wwzzXa7iVCgKir
wFArphSW7Pncbm93yUypp+mWWk26w2UQRQMZ7n8as8+35UoFBzXRtsfOznKcuaTuIRnrSECloIpk
kZFMIqTFNIoeoEJXNQMmDVvtUbjNKwFCRM1Ulj68VqMoqtJH7UWAxZoc84qjNFkdK3pIvaqMsPtQ
Bisu005ZCtWpYcdqqOmDQBdhmJHWrsUmR1rGRiOlW4psDrSGbMb+hqwrjOKyopT2NW45AT1piNAN
nrTuvWqqyHPFTK/FADnQdqaCVqQHPWkK5pgCzY6mrMc/HWqbJTQStIDUWbNO35qhHJipxJmgCzup
weqwf3pwfnrTAuBuKkVuKph6mRuOtAFgHNPFQq2akU0AKaQqMU/rS4FAEBWmFanK0m2gCqyVGyVb
ZajKe1AFQpTGSrZSo2WgCrspClWClMK0AVylNK1OUprLigCErxTCtTkYFMIxjPejQEiLFJtOanEb
HtxUF1cWdipe5mVR6E00nJ2QNpCEc4HNLIiQoZJmUIOeTiuP1j4kWNmGgsSkkg9K8/1TxHqurOwk
lkjjY5wrY4rrp4Kc99DGVdI9F1jx9YaarJbESS9MYzivPNV8V6vrLsDL5cXbAxWSIgPvHcf7x60p
HGM5HtXpU8NTgtUc86rZGsfzbmJLdznrUmBkEdRSCjpW5mB65pKU0lABRiiigBKUUtFACUtJS0AF
LSClFAC0UUYoAdQKBSgUAKKWiigQd6dik4zS0AFKBSYpRTQAafD/AK5frTDT4f8AXL9air/Dl6Mq
HxI9S8If6kV6lYf6tfpXlvhD/UivUrD/AFa/SvnXueif/9T36sbxH/yBLz/rk38q2axvEX/IFvP+
uTfypS2NKXxr5Hy7J/rpv+ujfzNNFK5/ezf9dG/maQV5r3Z+hx+FDhThTBThQWh1FJSimA4HNFIO
KUUAFA60tFAC0hozRQgCgGij8KQn3F600svRQSfakdhGMsQAat6J4j0zSrkzXelpdshyu5iBXVRw
lSr8KODF5hSw8Xd3fkdJ4a8A6jrUqT3Gbe164P8AEK9c0nRLHQ7cR2cK5xyxHNeZR/G+OKMRRaNE
qDoBKf8ACnH44D/oERf9/m/wrvhgKkeh8jisznWlo9D1sc9Dn1ox7V5J/wALwH/QIi/7+n/Cl/4X
gP8AoExf9/j/AIVp9UqrocPtEtj1raaQg4ryX/hd4/6BMX/f4/4Uf8LvH/QJi/7/AB/wo+qVOwud
Pc9Z59KXnHSvJf8AheC/9AiL/v8AN/hR/wALwGf+QRF/3+b/AApfVKvYOdHrBHtTSPavKD8bx/0C
Iv8Av83+FI3xvGONJi/7/H/Cn9Uqdg50erke1RsPavKv+F3jH/IJi/7/AB/wpp+Nw/6BEX/f5v8A
Cj6pUDnR6myH0qGSM+leXn43j/oERf8Af5v8Kjb43A/8wiL/AL/N/hT+p1A50elyRnPSqskRJ6V5
0fjWrH/kERf9/m/wqJ/jMp/5hMX/AH+b/Ck8JUHzI7yeEZ6VSkg64FcS/wAYQ3/MKi/7/H/Cq8nx
cBH/ACC4x9JSf6VDwtRDudqUK9qQEgdK4NvioG/5hqf9/D/hULfFL/qHJ/38P+FQ6EkO56VFKeKv
Ry15OPimR005P+/h/wAKlT4s7f8AmHJ/38P+FJUpCuevRyGp0evI0+MGP+YZF/39P+FSr8ZMdNLi
P/bY/wCFafV5hc9dDnFSK5NeRr8ZxjnSov8Av8f8Kevxpx/zCov+/wAf8Kaw0w5j1vGe1MZDnpXl
g+NY/wCgTF/3+P8AhU8fxkD/APMKi/7/AB/wp/VKguZHpfI7U5WNeeQ/FaOU4OmoP+2h/wAK0rfx
/FOf+PBB9HNQ6E0HMjtQxpwbmsC28SxXAH7gLn/aNacV6ko4TBrNxaHc0Q/FSq/FVFkBFSq3pUjL
iPUqNk1SR6mRznrQBcU+9PBqur1KpNAEuKNtC07mgdiNlphSp8ZpNtAisyVGyVaK5pjJQBUKUxkq
0y4pPIZjhVJo9QKZXFNKn169qs3BtbSNpLmcIAOnFcpq3j/SdNQrCEnccA7ua0jTnLZEynFHQfZy
DlyFHqTWbfa5pGmBzcThivQA15lq/wAQdV1BmWDEMZ6cZrlZnnvHaW5lZyfeu6llzavMwliFsjvd
a+J4ZWgsIT1wGxXD3+qajqb5nlbb1wDVdUVRwKCOe9ehTw9OGxzupJkQjXPT5vU0vNOpOa1bYt9x
pzRzS80tTa+4aDcUhFLRTsAmKTFOpKLAJijFOpDQAlFLSUAFFFLQAlKKKBQA4UGiigBwpRSU4Dih
AFFHelApiExzTqXFFAhe1JS0UAJT4f8AWr9aYafD/rl+tZ1f4cvRlw+JHqXhD/UivUrD/Vr9K8t8
If6kV6lYf6tfpXzr3PRP/9X36sbxF/yBbz/rk38q2e1Y3iP/AJAt5/1yb+VKXwmlL418j5bc/vZv
+ujfzNIKH/1s3/XRv5mgV5vU/Q4/Ch1KKbTs0FodR0pAaKYC0tAoPWgBc0ZpKKAFpQe1JQSFXLEB
apRlOVkKc4xjzSHjnpUE90kQwD81VLi+DApFwPWqWdxyxJr2MJlnN70z5vMc7jCPLR3JZp2nb58g
elR5HakGKWvfhSjTVoo+Sq1p1XzSYvSjrR2orW3mZWQoozSUtFkAhooopadguxc0mee1HajtRp2C
7EJzSUd6WjQLsYc5o604im9KHYd2NNMK1KR3puKnQaZDtppGKmK801losi1IhIFMI9qm200rWUop
lXID+NMI9zUxWmFawnTRSZEfYmgHHXNOxSEVzuNnoMUH3pc4700UppxlqA8GnZqIGnhq2UxEqtjt
VqFulUlarMUoHFaqQmbNu3Tk10mnbcrxn61y1pIvHNdNp/JXPNZVLNAjsNN6jG0CumtDgDnNcvp2
QB8tdLan5RxXm1VqWjXj5AqZSRVeM8DipwTXM9yiZWqVWqsCakDUgLQbkVMj1TVuRUysc0AXVfmp
d1VUDt0X8anClRlpEX6mh+QaEo/D86cOaqS6np9opae7hBHuKxL/AOIOiWKnbMXcf3VyK0jSqy2V
yXUgtzphHv46U0mGBS00qAD1YV5XqXxTuJ9y2ETAdiUxXI32v6rqTMZp2RT2BrspYCpPfQxliUvh
PY9U8YaPpQJaVHYehrhda+KFxIWWwG0HoRXA+QrndIxc+rGl2ADAC13U8vpw+LU5pYiUiW91nVtU
Ym4vZdp6rms8WyA5bLH1POatkHtTCK61GMF7qMm2QleO1MIP4VMVppWj1GQ4ppHNS7aYV5pDIyKT
FSFaaRQMYRRTiKTFKwDaKXFGKAEpKdim0DCkpaMUgG0GlxQRQA2loxRigAooxTgKAClFB60tAheK
UdKbTh0pgLSigU7FACUopKUUCCiiigAp8X+tX61GTT4T++X61nV/hy9GXD4kepeEP9SK9SsP9Wv0
ry3wh/qRXqVh/q1+lfOvc9E//9b36sbxH/yBb3/ri38q2axvEY/4kl7/ANcW/lSl8JpS+NfI+WZD
++m/66N/M0tNk/103/XRv5mjNeb1P0OPwodmlFNFOFFyh1GabmlBoHceKM0lJmmNasdk4zjNGc9O
DTc4HJwKpXF9yUj/ADrpoYadV6I48XjqWHW5cluI4l5b5vSs2a5eY88L6VAzF+W5NJmvosJl8aa9
4+Nx+cVK+idkOzR0ptFeiklseK97jqO9IKXPNMQ8GkzTeaBmpAeDzR3po4NLmqQDuKTikozTuA6j
tTaXtSASlFJSigAIpuKcRSYNACHpTTTyKaQaChpHFRnOKl7c00jigaZEw44ppqbHFRstSUmRkVGR
U2KYVNZyiWmQ4ppFSlTTSKwlAZHikpxpKwlGwCUtJS5oTGOU1IKiFPU1rGQmWY3kQ8HNa1nrFzbE
fKCPrWKhGaspg+5rRWe5Db6HdaV40jjIE0ddjp3jXS2AEmRXjyYI6YqdUBHVh+NRLCxmT7Ro95h8
VaO4GJgPqauL4g0sjP2hfzrwABlxtdvzpczn/lu4rL+zk+ofWGe/HxDpa8m4XH1pp8W6LH1mB+hr
wT99jBmc/jSbG7yP+dL+zo9WH1hnuM3j7RYvunJHvWbc/FKyh/1MLE15CIhkElj+NPCqD3/OtI4G
ityHWkei3Xxau2G23t8D1JrFuvHOu3mSrKinr81cuPXA/GpUYdcc1vHDU1skZucn1Lst9f3bFp7h
zn0NNRB1LsfZqgV/8ipUfPOPzNdKSitDJ3ZYAUDAFLUatzT8g0XAWlPNJmloWmwhpFMOalNNIpWA
ixTCKmIppFD13C5CRUZFTkUwrU2KIjmmkVKRTWFMCMjikxT8UlADMUlPIpuKRQnNJgU6m0gDFIaW
kINACGkpxFJigBKWjFFABigUUAUgFpRSUvSgBcU4dKQDilHSmAopc0gpaAFooopCCiiimAhp8P8A
rl+tMp8J/fL9azq/w5ejLh8SPUvCH+pFepWH+rX6V5b4Q/1Ir1Kw/wBWv0r517non//X9+7Vj+I/
+QJe/wDXJv5VsGsbxF/yBL3/AK4t/KlLY0pfGvkfLEh/fTf9dG/maQUkh/fS/wDXRv5mlFeW3qfo
cPhQtKDTTRmjUofSg00txz1o3ADJ4FVu7LUUmoq7Hio5p44V+ZsmqtzqCxjCDJrMeRpTliTXq4XL
3P3pHg4/OIU1yU9y1NdtOcLlRUH48imZ7UuRnivoadGNNWifH1sTUrSvJkgajrTMijNa3Od67kgx
mlzzUeacDRoA7NGaTPNLkUwFzS5ppNGeKAHZoBpuaKdwH5opopSeKLiHA0ppgNOzQAvagUlGaAHE
0g60lFAxTTTS0UANPSkA4p1IaLhcbimEVLimkUikyIrimEVMRTSo9KC0yAimkVKRTCKmSKuRFaaR
UpFNIrCUSkyIikp5FIRWLiMbmnqaZinCo2AlQ81ajPNVV61Yj61rBkMuRmrSH5aqR9atJW8WYybJ
xyKdTF6U7NWZi5pRTRS00A4daXvTQeaXNO4h3anA1HmnA8UXYiVWqVGqsDUitTTFYtBuakVqrBua
lVhTETg5pwNRBqeGpkj6TFANLQgGkcU0ipDTSKYEZWmkVLimMKkdyLHNNYVKRUZFAXGFeKaVNSc0
00gIiDSAU85pvNIq4hFJilNFAJiGkpTSUhiGkpTTaAFopKKAFooFLSABSmkpaAHDoKXFIKUdKYC0
UCloEFFFFIAoopKYAadD/rl+tNp0P+uX61nV/hy9GXD4kep+EP8AUivUrD/Vr9K8t8If6kV6lYf6
tfpXzr3PRP/Q9+NY3iP/AJAt7/1wb+VbJrG8R/8AIEvf+uDfypS+E0pfGvkfKsn+uk/66N/M0A0k
n+uk/wCujfzNJmvMaWp+gwdopDs5NLznimjODzgVUudQSDhDlqujSqVNjCviadD4i5JMkKlnPPpW
Tcag8uQvC1Vkme4bc7celMyOwr6HCYCNON2fKY/OKlR8tPYlVvXk0bjUYNOBr1Fax4bTbbvuPzzS
96ZmlzTepFrD80vNMDUuaLhYdzS5pmaXNFxDweKcDxUeeKUNxVJgSA0vaow1Lup3EPHFLmmg0E0C
HUUgPFGaYCinZpgNLmmA4GlzTAaXNAD80U3NANADqM0maKBhQaDSZoAU9KbS5ooAaRTTTz0ppFIp
MjNMIqU004oKuQkUw1MVqNlrNopMZjNMIp+CDQeazlEq5HinAUYxTsVlKIXFUc1ZjqsvWrKURJZa
jq0hqsnSrCVvEykTA0uaaKdVmYop1NBpaAFzRSUtMQtKKSimIcM04HBpoozzQMlDc1IrVADUitTu
S0WA1SBqrhqkVqYrFhWp+RUCtTw1NCaJaQ0gOaWmIKY1SYpuKQEeKaRUhwKQjikBCRTDUxWmFaBk
RpuKl203GDSGRHrSVI2N1NIpDQw0mKcaSgBKTFLRSGJiilpKACiiigApcUnenUgFxSjpQKB0pgKK
WkHSloEGKKWkNABSYpaKAEp0I/fL9abT4f8AWr9azq/w5ejLh8SPUvCH+pFepWH+rX6V5b4Q/wBS
K9SsP9Wv0r517non/9H36sXxGcaJef8AXFv5VtCsXxIM6Jef9cW/lSltYuj/ABItnynIT9ol448x
v5mmNIsQLOce1Q3l6kM0i9T5jdPqax5rl52+Y8Vnh8FKcm2fUYrNKdGCjB6lu61F5MrFwPaqIznJ
OSaaMA8dKXoa92jRVNWsfLYjGVK8vfH0uaZmjNdFzkH5pQaZmjNFwsS7qXdxUQJpd1WmFiQGlzUY
alBzRcVh+aUGmZpQaLg0PBp2ajpQadxWH5pQajzS5pk2JM04Gos0op3CxLmlzUW6nCqTFYdS5pua
AadxWH0ZpuaWi4WHZoBptFFwsPzSg0zNBOadwHmjim9qM0XAXNGaSkpXAdmkNJRQMSmkU48U3rQN
MawNJjinHmkNSykyJhTCDUtIRnpUspMhxS807bRioaKuKgqxGOahUYqePrU2FJ6FmPrVlKrx1ZSq
SMZDxS0gpasgWlFJRmmAtLTc07NABThTRS0xDs0o60ylBxQA/vS5waYDzS0wJVY1IGNQBsU9Wpks
sq3FPDGoA9PDU0S0WFapAarq1SK1MViSikDUtACED0ppp5ppGaAGkcVGRUuMU0jNICEimkVMVphF
KwyIrTcYqUimOuelDAYRTcU/FIRSGMNJTiKTFBQlJS0mKTAKKKKQC0o60lAoAfQOlJmlHSmAo6Ut
IKWgQtFFFABSGlxSGgBKfD/rV+tMp8P+uX61nW/hy9GXD4kep+Ef9SK9RsP9Wv0ry7wj/qRXqNh/
q1+lfOM9E//S9971i+KOPD9//wBcH/lW3WH4p/5F7UP+uDfyqoq8gZ8ZTljdzknP71v5mo6fP/x8
z/8AXVv5mo69iCSirGUnzO7HAUGkH1oq7i33FzRmgUGgQoNLTaM079wHZpc0zNO7U+ZALmlB4plK
DTuhD80Bqbmlp3QDwaXNRZpQafMhEuaM0wGlzVcyFYfupwPFR0uaLoVh+aUNTAaXPFCkgsSZpQeK
jBpc1V0IkzShqjBpc0XQEmaM0wGlzTuhDs0A03NKDRdCsOzRmmk0Zp3XcLD80hNNzS5ouu4WFzRm
kpDRdAKTSCg0UXQwNMIpwpKTsAwUuOKDQanQq43FLiigUnYYqjmp0FRqKlQUtBMsxjipkqJOlTKK
d0ZyY8U6milp3RItIaWii6AQdadkUlJ3p3QD80A0lKKLoBaKM0CndCAdadmkop3QDs8U4Go6dRdA
Sq1SK1QA08NTTQrFhWqRWquGp4andCLAapN3FVw1SA0XRJJmimg04UXQhDSYp3ekNF0AwimEVIRS
Fad0MiIppFSEUwipbQIjNNNSMKYRSuhjDSU4im4ouhjTRSkUEUroYhpKKKNO4C0UgpaV0A4Uo6Ug
pw6UXQAKdTRS07oBaM0UUXQBmkNLSGi6AO1Oh/1y/WmU+H/XL9ayrNezl6MqHxI9T8I/6kV6jYf6
tfpXlvhD/UivUrD/AFa/SvnT0T//0/fqxfFC58PX4z1hbHHtW1Va7QSxFGGQeoxxinF2Yz4huIJh
dT5hl/1rf8sz6n2qHY/dHH1Q19Yav4X0+RmK2UIDc5CCuNvPBsDM223Qf8BrsjirKxm4ngIVv7rf
98ml2t/df/vk17d/whEX/PNfyo/4QmL/AJ5j8qf1tByHiO1v7rf98mjDf3H/AO+TXt3/AAhMX/PM
flR/whMX/PMflVfXEHIeI4b+4/8A3yaMN/cf/vk17d/whMX/ADzH5Uf8ITF/zzH5UfXUuguQ8Sw3
9x/++TS4OPuP/wB8mva/+EIi/wCeY/Kj/hCI/wDnmPyo+u+Qch4nhv7j/wDfJow391/++TXtv/CE
Rf8APMflSf8ACERf88x+VH17yDkPFMN/df8A75NLg/3X/wC+TXtX/CER/wDPMflS/wDCER/88x+V
P695ByHimD/df/vk0YbP3W/75Ne1/wDCER/88x+VH/CER/8APMflR9e8g5DxXDf3W/75NKM/3X/7
5Ne0/wDCEx/88x+VJ/whMf8AzzH5U/r/AJB7M8YGc/db/vk0uD/db/vk17N/whMf/PMflS/8ISn/
ADzH5U1j12D2Z4yM/wB1v++TTuf7rf8AfJr2X/hCY/8AnmPyo/4QqPtGPyo/tBdg9meNc/3W/wC+
TRg+jf8AfJr2T/hCk/55j8qP+EJj/uD8qf8AaK7C9meOjPo3/fJpefRv++TXsP8AwhMf9wflS/8A
CFR/88x+VH9orsJ0jx7B9G/75NLz6N+Rr1//AIQqP/nn+lH/AAhUf/PP9Kf9orsHsWeQc+jfkaXB
9G/I169/whUf/PP9KP8AhC4/+ef6Uf2iuwvYnkPPo35GjB/ut+Rr17/hC4/7n6Uf8IVH/c/Sj+0V
2D2J5Fz/AHW/I0vJ/hb8q9c/4QqP+5+lH/CFR/3B+VH9orsHsTyLDf3T+VBB/un8q9d/4QqP/nmK
P+EKj/55LR/aK7B7E8iIY/wn8qNrf3T+Veu/8IVH/wA8lo/4QqP/AJ5ij+0V2D2J5Dtb0P5UbW9D
+Vevf8IVH/zyWj/hCo/+eYH0FH9orsHsTyHaf7rfkaTafQ/lXr//AAhUf9z9KX/hCY/+eS0f2iuw
/Ys8f2N/dP5UBH/un8q9f/4QmP8A55LR/wAIUn/PJaX9oLsHsmeSIjf3T+VTojdlP5V6r/whUf8A
zzWl/wCELQf8sxR/aC7B7JnmSI2PumplRv7pr0j/AIQ0f3BR/wAId/sij+0F2J9iechG9DS7G9DX
ov8Awh/sKP8AhDvYUf2iuwewPOtreho2n0Nei/8ACHe1H/CHe1H9orsHsDzrafQ0bT6GvRf+EO9q
P+EOHpS/tFdg9gedbW9DQAfQ16L/AMIcPSj/AIQ32qv7RXYPYHne1vSl2N6V6H/whvtR/wAId7Uf
2iuwnQPPQrZ6Uu1vQ16D/wAId7Cj/hDz6Cl/aPkHsDz8Rv8A3TTtj/3TXf8A/CIH0oPhA+lP+0fI
PYHAeW/9004I/wDdrvP+EQNH/CH/AFo/tFdhfV7nDBGx0pyq3pXcf8IhR/wiJHrT/tHyD6szilVs
9KmAPpXX/wDCIN15oPhFsd6f9prsL6szkgD6VIAcdK6keEn96X/hEn9TR/aa7A8Mzlgpz0pSpPau
o/4RJ/U0f8Ik/wDeNH9prsL6szlttIRjtXVf8Ik/vR/wiT+9H9prsH1ZnJFCaZtPpXYf8Ik/vR/w
iTe9H9pLsH1ZnHFCe1MKH0rtP+ESb3pP+ERb3pf2kuw/qzOJMbelMKN6V3X/AAiLe9J/wiB75o/t
Jdh/VmcLsb0pNjf3TXd/8Igfek/4Q8+9J5kuwfVmcIUf+6aTy3/u13v/AAiB9KP+EQPpS/tFdg+r
M4EI/wDdp2xvSu8/4RA+lH/CHn0NP+0V2D6uzhNjelLtb0ruf+EPPvR/wh596P7QXYPqzOHCsO1G
D6V3H/CIexo/4RD/AGTR/aK7B9WZxGD6UYPpXcf8Ih/smj/hEP8AZNH9orsH1ZnD4PpQVPpXcf8A
CIf7Jo/4RD/ZNH9oLsL6szhtp9KmtYme6jXHU12f/CIGtGx8KBHVtnI71E8epRcbblRw7TTNLwrb
FIlz3r0uxGI1+lc1o+l+SqgjpXVW6bVArzTpP//U9/pGAIpaD0oAqS2wYVUfTI2/hrTbpTTQBk/2
RH/co/siP+5WuaSgDJ/siP8AuUf2RH/crWooAyf7Ij/uUf2RH/crWooAyf7Ij/uUf2RH/crWooAy
f7Ij/uUf2RH/AHK1qKAMn+yI/wC5R/ZKf3a1qKAMn+yU/u0f2TH/AHa1qKAMn+yI/wC5R/ZEf9yt
aigDJ/siP+5R/ZEf9ytaigDJ/siP+5R/ZEf92taigDJ/slP7tH9kR/3K1qKAMn+yI/7lH9kR/wBy
taigDJ/smP8Au0f2TH/drWooAyf7Ij/uUf2RH/crWooAyf7Ij/uUf2RH/crWooAyf7Ij/uUf2RH/
AHK1qKAMn+yI/wC5+lH9kR/3K1qKAMn+yI/7lH9kR/3P0rWooAyf7Ij/ALlH9kR/3K1qKAMn+yI/
7lH9kR/3K1qKAMn+yI/7lH9kR/3K1qKAMn+yI/7lH9kR/wBytaigDJ/siP8AuUf2RH/crWooAyf7
Ij/uUf2RH/crWooAyf7Ij/uUf2RH/crWooAyf7Ij/uUf2RH/AHK1qKAMn+yI/wC5R/ZEf9ytaigD
J/siP+5R/ZEf9ytaigDJ/siP+5R/ZEf9ytaigDJ/siP+7R/ZEf8AdrWooAyf7Ij/ALlH9kR/3K1q
KAMn+yI/7n6Uf2RH/c/StaigDJ/siP8AuUf2RH/crWooAyf7Ij/uUf2RH/drWooAyf7Ij/u0f2RH
/c/StaigDJ/siP8AuUf2RH/crWooAyf7Ij/uUf2RH/drWooAyf7Ij/uUf2RH/crWooAyf7IT+7R/
ZEf92taigDJ/siP+5R/ZEf8AcrWooAyf7Ij/ALlH9kR/3K1qKAMn+yI/7lH9kR/3K1qKAMn+yI/7
lH9kR/3a1qKAMn+yI/7tH9kR/wBytaigDJ/smP8Au0f2Qn92taigDJ/shP7tH9kR/wB2taigDJ/s
mP8AufpUsemIpBC1o0ooAgithHVlRgUlOFAH/9kKZW5kc3RyZWFtCmVuZG9iagoxNyAwIG9iagog
ICA0MDUyMwplbmRvYmoKMTkgMCBvYmoKPDwgL0xlbmd0aCAyMCAwIFIKICAgL0ZpbHRlciAvRmxh
dGVEZWNvZGUKICAgL0xlbmd0aDEgOTU4MAo+PgpzdHJlYW0KeJzdeXt4VFWW795nnV2Pc+pUnapK
pZJKKvXKO4SECiEQHjkqIAryTNOJEgkPIyZiEiNpCgwJ0hoDKIIYHmKEmOYRUTKIyCUNgWkG8I42
wxWmx9budtrYPd81ZrQv47SYnNx1TiURte3vzjd/zDe3zncee+/zWGvt3/qttXYRSggRSBMB4l+x
elnNh862zYTEXyaEu3dF/WP+pz49vI2QxGRCaEdFzYOr//j0FxcI8eI42fLgw5GK4vNnk/D6KD6T
uOqBZStt4p2HCUkqxr4Jq7DD9qq5F9tbsZ28avVja892mMuw3YXtrQ9Xr1hG6PE+QnxTsP3c6mVr
a/gD/Dpsv4Ntf82jD9TsWLy9ENt4D2skHKlQW/kK1oHSGolHsfBXiOEKNbHVHE9yLlzrG0fka33X
+nKd9oA9JWAPVPBkoA4SBj5RW43WP//pUUMGvqOcEMNedp2YiItMVOItxnprnUDqzUbqshE+xSGZ
00lIDMbKN/p6w9f67JPwN47k9IVv9IVzTxxz97g5WpaSF3bYZS6L0vw8eyg/4Cd2mQS4/Vv+9/v/
9OmWwXM9PZxKd9BO9UdqdYSOoXfSGTTrZkeE/ziiNqm71BfURjSpJgvrQlnc5MfKWGmn6HreKdbb
dtqNz5t3QL39WVbn3EHriWxxWDNMDkOMI5Yn6Q4hxAXjULywJt+1PrzQ5MNz30Cf3Nsv4yH3xPz4
6ngUNC8qn74Hhq+1c3lPD5u2eXArbW5pUSNcc4su2v5fqYGzgwNnBzt+pe5H+dwo3+9QPhupVhLM
jIqww1gnoUS8wyA4TNZ0S4ikGzhZvnahd6D3Wp/cj5L0h2/0h9FsuXR2l6V4dpe1+L7ZXXLxfSVn
iDx0Dt8q46ZMtBdMLFXcin2pvdy+jd/Gthm2GZtMTeYmoUkUyzQZA66QPSp5novWXVQfbGGXm9WV
lyL8e310jbql7+vsCAKFcEOf45zO0eV0kK3KAodPdvCMt/sYL+JuMnOCjzFeTuKAcyTZHQCczcpJ
ScBZtK5MB4j1smRmQOuhzkhwZq2SRRRMjAdOchqIU772jt2toWBKb58bje6YlDt7UYlRZp8Z2Wfu
sFE2faY3ZL2l92p9pcFQfh7FzYXqQADyXHiQ13Hhf+Xynh2csWP94JWG4zy98ocIW4LgiNBx6pUI
F+Imj2CjDnWSyFTFI5qNUM/qzBoaDOkmwWFBIJgQB9ZhmMq9muX7v+wPyxdyFXOukCvmWnIlfhQB
mi2j8w7kHDenWZvvyNfZfeoW/Fbz0MdsDvucZFCjUhQKcskBn0VM8nFev0+0iJmixR/gY+lutoGk
xe72bHA51qfVZPpFS8BrcjtcnIOYnK5xyV4nseVmyjcu9F3rRSjI/XZH1Hnk3hsXEJoX1T60YtRy
1s/w0qgfS4PHCTpSmfK0IcngMwbThXQx3ZIupVvTfen+9EB6MD1UKBSKhZZCqdBa6Cv0FwYKg4Wh
EqFELLGUSCXWEl+JvyRQEiwJVQlVYpWlSqqyVvmq/FWBqmBVqFPoFDstnVKntdPX6e8MdAY7Q2eE
M+IZyxnpjPWM74z/TOBM8EyoKDdrftb+rK4svoyUFdjzkmheeEL++NQcOpbmj08OhHm3PTSWhoIG
V0ysjyZRVwwfCCa3NXr/qefF9keOfvTBcZpGhU00YXej98KbO3et+vuP/qFbvaxe3aF+NIsuP3yw
/tF7V2YVTLx06rf/PmaMenLvtgcrypaNLxj/4fnffxomw9x0HOc8gSSTncosUTCDxeQDHow+nodM
E08SgU+sF3eFnPWuOrvE19sMRj/PIN5EYsEvhrxgtRhYPDqmPzk+Rk5PtIQcwZQRrpB75XPn7A73
JLS6Y5IdNw3S/eEwwkbtd0zStlFg4z48OTacnBOi0WbjylBrtxPhDGNpFrXruNbpj3fFGFKi5sqi
fFHpuuxf71Fd/TOWLZ56bpAg5oopTxPeHmzdtHXXrq2buPelJT9WyyP0F1vvGfxNRMPi1XP73gzs
fuaZVsT+0A20w0K0g5VsViZZpaibikmCiJ4rIjT5b5w6UwSL7rlGUgejXmu2EYNt1GtvTEGvtY+q
NuKwpmGHRR1NZg2AHhCpaBLMBtEpOa2yHJJCVr+syPNlESFBXSGKm+ZKZjwZFjYMvts/+O4z3M+3
0+dpK85b5GYHWxKJDITgNxoxUbIY/epL9CsPKVLiyXPuDSBts2+wmNdDTYLVYfGQmBSDlIDTc+0d
PXpF/UTty1Wk3MTqxDXc+vj1npcTDbSMGvjhIDMKQ84uO9DkBezLyeovVVV9Sr2LvkXXPUn9BxrT
fnnk19euffjCmSza+ceP6AH6AK2gB5Tb1O0/71Z71DdwO3fwMBnmGShHW4tkkhITZRkkGQFZJoQc
wwUt8o3e8EBveDQGKjablCsp0nypXKqRmiTjrRyT54oyzLkov3g1O3CaHQz70Q4iRpQcxUE2WAwb
HOstNXGQ4jKn2CQtmg0bAIkD+as6vjG+J/5KPPJXih5po+q6oybQj7C+5/TpnrPd3WfVZrWYvkbX
0gg9qi5aQm+ns+kcervarb6lnlK7I3QfrcTtJXUlxt1WdSXR9b4XMaai3k6yQcm2+YxGg8Eny7ZM
2UgtJqgXWJ2d1luJOd3oSJdFPEpoDtnBBWOGKbcX3ak36kBfak6khbxbnAdRZTRSUqYkKq75rlWG
Glezocn1sstoNMYaU40FxgJ5lWwoGzUeHWFpza/u7emh78GTZzmhR705sPqsZs2vfweHIwgxvmDg
9khUh5kYI9r56cRLIsoYT4xRclNoZ+4DQluCwwq0nR2Sif1uZ+Isgy3fKUszeZLvMcjcbUlRRrhx
iw79bqSAEcrOPUl8PuKjgMCb3SUUY+hOIgp+MIkkDZ3TQ/fJHN82X5cPRud+GtJlrGuYE8anajSJ
jZm7dtGvlI6GN97aPfjkxhk/qlr5RATyI61Li997d/B6JMLlNz/00qtqKIqTYvQXHvXRcJKtOEmL
xdDiaNNwMs012TzNFtaAckMHyoAGlJNyvBJfHg8aSibY5dQoN9+KEu5ozX331tYuWVKr/lE9T4to
PPXQaer54nMU1ek5r6p/W4tUZqBGmqH+Sv1KvaleH7WtaRbKkkseV4r8HqfEG7IIyMa09gyvfGAs
tKUE4mJEZmzPOBSKNZN4pzDL4p4bb8q3yAbX3HjZGZyV6ZfTk/NTbxunu9AUTJB6h2GDZtasHjU7
gkczvHsSBkdFIuGcsBIuD9eEt4U1x//Ldv1eY3QK+A/uPlr31pu7B5sbpy66f1Xj4P7GaQuX4vlp
bSqm7X/kiXaIVC67clUzP/3y0qrtTw3+6dYrbXrKFq/Q5iMH52OmIYbEkAC5U0kOuJg9LqnDFNdh
pe3QRNqtNaY2R8I0cYqTy3fZeZlMDGrI0qGl8UWvlpFqqNJBdbwohCxboGd0mqja/ISCqWkoP42J
jUYPTaNLu+nN7N01H1Omfv1xze5s1UBvLq1cXVq6unJphIXWDm5dtEC9rn6N27UFi5ojtOL0wa5P
Pjl28LQ2b5g88XNw3uLIj5QUEms3mZ2U2drt7EBsm2Rutx8ShfEmLo/IdzhMsiXfels8zg56w2gO
pfuBfEGLjw5tQnyeHE+RZ55nqafRo03ISBLwPcPPqTXMn/PYU+cHZ+5q5/jxrz7uK+Xz1F/8aNE7
b6pLdLueqa4yD+OcP40yGkkieUAJGoAIMmk3yS9LLTGmg9DiaYup8cp2Ms00yWwocoe9mlW1KBFF
PoaIXhnjtS5fsDypMenlpCtJfA/pMfQYe0w95h7hCrliuGK8YrpiviJYkGSoblovZQGXbuqCPAMf
GvETyJ97/33zuA8GUx7fXPdszMGsIfIHtU99HxMfiZqohyv5X0cO/sLxE9Mv31r32JudGAWt2J2u
vj3is6sQIxbEyBwlhRK7V+A7PEJHTFK7v0lqj6nxtNl8+V7M+q350hTjNHdYA8mN3oEpU3q/D5KT
RaHG0LGQxjzDcNDlZZqxrWh3TWQ0tluzO1SXP/RI6b2rHyqny3epxuw9Nb9XByn8vmZPNkKI/u6h
0wePffJJ18GjkeZFC7AKY+jnmQsW0YG10VyLXUX+l0k8uVsJ2ustcVrws2LwsxhccQ6b5Mox2zLt
Usisx0GP5sQX0IujJGnXq8J+LXX6RySi+Qk1CU0JMMrmYcyI+JBWucBIWqQFxoVf0VT1/T+r/V98
UfPEi3s31WjE/tmly/+q2iLcx69tf+7VUR4kOq+nYz0zLimV+ORYK0ulvnZr6gFT7MvOlriENtpu
qrGC3xriY/PcXH6SDR0wJLvFcIaeg2t+GJUVBb3Y269e1FCj99gdev6Xq4zxZRbGFLmKYovcRXFF
8ZM88zIbM4UsV05sjrvR0ig1Whttjb5Gf2OgMShqMLKPzENq/vgJk4enyBjKRw/w8zR/dL74VbtV
w8yjj7xy7OvB0+uaKuviape+U0u91Ky2Pbmi8p55C1dyzwz2RZqL5x975Y3jRRvX/3jFJ8HgtcHf
Xn/4gQdWPhzl4BL0k2y0Qwa1K3dgHmizLAj4zQJnEhf4A/6RuuQ1Fvuah7WQo2meFtdRR5temwRM
Fi/nznOhp5vmuZK984gtHK1NLozUJvbh4mQAq5U/9Ou0/BfLE0USzaIgilgKSaLVgCG9qTHr5aye
LMgwZwgZ4hjLGCnDOiE0I1RqLhVKxVJLqVRqLfWV+ksDpcHSUKW5UqgUKy2VUqW10lfprwxUBitD
m82bhc3iZstmabN1s39zYHNwc2iPeY+wR9xj2SPtse7x7wnsCe4JHTEfEY6IRyxHpCPWI/4jgSPB
I6EpZfT7FcqEqFt8r0JJLa+1tm58uO6uh3b8bOfnN++/vrHW3NL0cLWyaPvV/eqQ+sWK3/poxk8a
Zs9UZnpSMvY88doRX0C9sfqRGbdPmOZKyd+35cSrSXqdTXLUxWwmzoeFhEitkjXi61K7LYjOji7f
Zjvkf8FTk+wbT9DRpwSsut9LE5NHw4JGsnKvvlShhb0Rtx9JM5L1NCOZJA+nGYpZTilKaUw5lsJj
An5LlEgZ4d2RKBKlYy5jJFKobd8JIx2Dy3dzsx4ajhU6J3wTRdRZkeGcatzQx3CY1WIGcr/idQuy
ibTznM7MNQbuUJxstFMzk4FMxFxkSl/4nWsXNFZGeh7olS+MLnyIxZpC2ppHnK5RHIkbSZzmxS/F
7BbKnCFtjcMecAXsw5Qc9au/37uXLqdp6vtjCpVp3Avml859sA9ej9C71ZORwTVbpi++d//Glrf0
+cAchfsVcq9IXGSyEgedZkd7zCHZ0m4lsw0SZiJOW779tthoBn9ND8nhgb4Psb4Qfe4cd7l7m7vL
zWiZUwcP1nD4fToa1n5es2BedfW8BTV00+7Bai17YMULqqux85Gv1+jxbDhP0mUwk3GKw9BuauJJ
O0fziWyEfHabEP328Je174o5Yrm4TewSmbaMNvItrmj4E5GIFuKH1z+eR352kXlKhrRT3PHtdbFb
l8UyHULIoJN07DckfaM/PEzQ/SqiTu3NPWFz+9w/sCam1y0sr2VwN13f0qI++em318N2Rus5LW5v
Qvx7SFhxE3cLSPYWi7lNq+bytGpumiF8azU3cGHggqxeyD1uS8TEB4PmcMT9lp9qM89vSv30f6q9
6mU6njqqf7+mRt7w6M6GdZurNlrpnJNv0FQqagE3M1N9v3nT5X//4krTWl2eIi3/R9t7ydpo/k8x
98cKoCma/gtt307/9eyfv0PP/7WU5zv5/8A3Qfg/nP7bfyj9b+PId9J/LYNr+IH8X53EVqF9fWQM
eUwZO8YvJ4ZsNKPDSdq9JkuLkQ91xLd5D/GHnTXZ5jxjUr4/0SaTKanTjLHhbI3cb0SD3ijFXFQv
aByjh2vUS0k0CXFCulA0licmYubRu2VzjOA3+c3JglmPbzpjpuVHuXUqvTXlQMKht6Qk+fxV9bz6
m8pf19XatmzsaL41/aBfqcaR3AReHyj/6N8CAfWhipcuRW5NRJoj6t7hFOX0sP6Ldf1jkV8XKZkh
t9Hp8XcIpD2GYcLt6ZDbYg7BC0JNMj/e7TTILi6fTPFOk8LJekIVjmZUf4FdT1QjhXIj4TvP/te1
2jW4ouOHlfk6gMXCqb+iBuJEqxu28GmYWT2khGJlJlqcB0xujZYOmWpQk7hZsbyMws+U8m2yONGj
VdRaQhjNBweQVkdrBpJAh1GokapGqB4dih7iGYbiiW0JXQnct1ITHZFRdfCSv7FLNRTpIKQ3by+p
WrGRTxtYGK1BuazI4PMXq9qO0g+i/D/0AdYP76PsVtKgFApmzvRTySoZf2owWvE0x2TEb/OMA8Mc
SkmmkVhMTPM0OESsktlkNPCUmG0i983i08C3F5+0vOK7q0/pTFt9ksbwWWw2P5vdx9/HDGWBb5aa
8ETp22rzGm75RszILVvotvVqM8aEyGA5tz8SGVioWx2I9m+OhfDcXDwnYWYLqEUjGaKL6DK6lm6g
O7iL3If+VH+uv9B/NBAcGtL+ZyH76UJajuMNw+NOHJ80Ov7DP40PPqR76T7ahtv+4e0ibpep9g+R
8a8+/f/y44n27xRFz0jU26J+ZLhLqKcLzyZiQC0JRp+/9IslduTGGOLEax9K69F7E9AyVmLDmOwn
Dozz8Vi5BP/Tsv7/++MIR9drR71q+pLKpJIMr+vhyBK6HFvNeNxGyul6igGUzCVLyFTyJPkT9m/U
n/fRjbgd1d93FnvORq+w/yi+hZBiUks2kt36Ny7xS/gKfj1fgWnQFroFe36jjWElkM1n4L0bcV+P
Y8u1a1qEWwapIFglkHbs+RLHI2QvFdi7+Oa/oylkFX5nLu4dSFcmlOU6tXIV1IL31mkAQ4Sgfphp
VJI1JILPXde3z7G9kkTYdUMM9yXqNQvHDHw5+QTfXktqqUDzII/7Mz47F3taNK1oJ+GgEmFbjlua
vk0ny/E9B/GOCNnHLefy+DTtLl32qeQDclKXu4Jsx/ZC0qkfCQyQ9yCfVqD8mm3i2Xmy2Hg3DRis
NMfYiLYiBi/ZyFUQH0wndQQBftKgrXpTghGzi0u5a2WXsqDEf7k0kD3mO02/bPR3kfldUsR/amho
fgmfwEq7WGIXpJi6+JTQP//Q4D9nj5k9v8TfdXXG9OG3ziifjn2LSvBSa2E39s+Ynk10FuLuP/Vo
mvP5pbYp/0Z8Jn2y33t/7v8ZOX81f+Bj63VzBt6rDVL9BjwaN6leQmx5OF5jvT7c/80vxL9LKgyf
k3JDPClnN4jbkD/0OduP15dIM/c22uUgjuUP3TDcTxbDWbz+M1puPrmXXSUz2WJSbPoJnneTHL6A
TGZuUozXxZg5lrMcUsxvJCXaGBwn40AgM7WdvU7K+d/hfVdJkXavvl/F5w9qcUL/Tcf9H1D4GlQ6
Dvc+nL8SxMBH0Z39C0rVhZrhrBlPIWHNQbKScccxActcEZ+zJOOOjCntJMSK41Z8xvY5IfYmQhwr
CXHi/U4cc+K7Y7DPhW0XPh+Lu/swIXErtf/fdWuFODPJIofRqpz2L6vGwXwW3YRt/hTXpPReUeGX
s+FdFd4R4G0rXA7DpW642A1/dxMutMLfqnBehXM9d7JzDdBzJ5zNhTMN8HMRulU4rcL/UOGUDU4K
8KYLTqTCGwK8ofDH/8bD/sYDXcc8rCsJjnng9Zcl9noBvIan1wJwtABeFaHziJ11huGIHY408YfH
wqG9SeyQCgd/5mAHvfAzB3S8ksU6uuGVx7zslSxox1N7NxzY72EHVNjvgZclaHupm7Wp8NK+MvZS
N7zUxO97MYXtK4N9Cv8ivu3FFNi7x872JsHeU0PnlCF+jx12W2C3wu/yQqsIL7TCTgmej4cd21ey
HSpsx09sXwnPbRPZczGwTYRtCv/sMxJ7NgaekWDrFoFtDcMWATZ7oeXpBtaiwtP4xNMN8JQITybB
T7Hx0zBsesLJNqnwRK2NPeGEpkaJNanQKEGjwm/AOzao0PC4jzWo8LgP1q/rZutVWBcpY+u6YV0T
H1mbwiJlEFH4tSnwkwKoxyfqq2ANntbchMe8UKfCo/jmR1WotUFtE19TPZbVqFA9Fh5RYbUKD8tQ
NRsqBVilwoMCPKjwFQF4oAFWqqA8s6IKlnfDsgYoV+H+WCgTbaxMhfvsUFriZaXZUOKFH4dhsQjF
izysuBUWeWChBxbMj2ULUmC+VWbzY2Eenua5Ye49iWxuA9xzl8TuSYR7FH6OLZHNGQezcXh2GO7G
/rsb4C4JZt0psFkNcKcAM2dIbGYYZky3sBkSzIhOyXQL3HF7HLujFW6Pg9sUK7utAZQJZqZYQWni
i6ZmsKJumIanaWUwFT8xNQOmTI5jUxwwudDBJsdB4SSBFTpgkgATC2xsYgMU4NMFNiho4ieYYYLC
54+PY/mtMD7LzMbHQZ7Zy/JaIZwhsbAK46yQaxFZbhLkJGewnAIYGxDY2CTIHmNn2a0wBp8ZY4cx
Cp9lhsxUE8v0QoYEGQqfnmZn6a2Qhn1pdkhT+FQTpOArUroh2RlgyRkQwlNIhSC+MNgKAb+JBQQI
NPF+E/gV3oejvkxQTiTZs1lSIXgDkNgACS7whCE+DHE4HKeCOzaDuasgFluxGeBiAnMlQUwcONHI
zgA48FlHA9hRJXs2yGgdWQUbjtkSwSqDtYmXUDnpJlhEsCi8aAMBbxW6wewFk9HJTN1gdIIBX2uI
ASYAU3geHIx3A9/EA7UxcAAoPIdXnIptoFjIYxF5iq588hma9d/zR/6rBfjm5yX/F4cOhPgKZW5k
c3RyZWFtCmVuZG9iagoyMCAwIG9iagogICA2NTcyCmVuZG9iagoyMSAwIG9iago8PCAvTGVuZ3Ro
IDIyIDAgUgogICAvRmlsdGVyIC9GbGF0ZURlY29kZQo+PgpzdHJlYW0KeJxdkstugzAQRff+Ci/T
RcQjMG4kFKlKN1n0odJ+ALGHFKkxyCEL/r4e3yiVugAfxnfGd/Bk+8PzwQ+zzt7DaFuedT94F/gy
XoNlfeTT4FVRajfY+faV3vbcTSqLye1ymfl88P2omkZnH3HzModFr57ceOQHpbXO3oLjMPiTXn3t
W4Ta6zT98Jn9rHO122nHfSz30k2v3Zl1lpLXBxf3h3lZx7Q/xecysS7TdwFLdnR8mTrLofMnVk2e
73TT9zvF3v3b21RIOfb2uwuqqaoozfO4RK7BdeQa8TrFC8QLYQu2otlAs4lc5onjEuMl4qUwgUly
oa9EX23BW+Ee3AszmCMTmBJDQ6IhB3bCOIvkLAM2woReSHoh9ELSSw2ftfgk9EXSl4E3I94MNEY0
BrlGcgmeSTwT/gPJf6jQYyU9EuqQ1KFH8KOwARupiXNNOhc+jfg0qBMXubjbDckVyqzdZ8NeQ4hj
kQYyzYNMwuD5PrPTOElWen4BEIa+JAplbmRzdHJlYW0KZW5kb2JqCjIyIDAgb2JqCiAgIDM3OQpl
bmRvYmoKMjMgMCBvYmoKPDwgL1R5cGUgL0ZvbnREZXNjcmlwdG9yCiAgIC9Gb250TmFtZSAvS01T
TFJEK0RlamFWdVNlcmlmLUJvbGQKICAgL0ZvbnRGYW1pbHkgKERlamFWdSBTZXJpZikKICAgL0Zs
YWdzIDMyCiAgIC9Gb250QkJveCBbIC04MzUgLTM4OSAxODU0IDExNDUgXQogICAvSXRhbGljQW5n
bGUgMAogICAvQXNjZW50IDkzOAogICAvRGVzY2VudCAtMjM1CiAgIC9DYXBIZWlnaHQgMTE0NQog
ICAvU3RlbVYgODAKICAgL1N0ZW1IIDgwCiAgIC9Gb250RmlsZTIgMTkgMCBSCj4+CmVuZG9iago4
IDAgb2JqCjw8IC9UeXBlIC9Gb250CiAgIC9TdWJ0eXBlIC9UcnVlVHlwZQogICAvQmFzZUZvbnQg
L0tNU0xSRCtEZWphVnVTZXJpZi1Cb2xkCiAgIC9GaXJzdENoYXIgMzIKICAgL0xhc3RDaGFyIDEx
OAogICAvRm9udERlc2NyaXB0b3IgMjMgMCBSCiAgIC9FbmNvZGluZyAvV2luQW5zaUVuY29kaW5n
CiAgIC9XaWR0aHMgWyAzNDggMCAwIDAgMCAwIDAgMCAwIDAgMCAwIDAgMCAwIDAgMCAwIDAgMCAw
IDAgMCAwIDAgMCAwIDAgMCAwIDAgMCAwIDc3NSAwIDc5NSA4NjcgNzYyIDcwOSAwIDAgNDY3IDAg
MCA3MDMgMCA5MTQgODcxIDc1MSAwIDgzMSA3MjIgNzQ0IDAgNzc1IDAgMCAwIDAgMCAwIDAgMCAw
IDAgNjQ3IDY5OSA2MDggNjk5IDYzNiAwIDY5OSA3MjcgMzc5IDAgMCAzNzkgMTA1OCA3MjcgNjY2
IDY5OSA2OTkgNTI2IDU2MiA0NjEgNzI3IDU4MSBdCiAgICAvVG9Vbmljb2RlIDIxIDAgUgo+Pgpl
bmRvYmoKMjQgMCBvYmoKPDwgL0xlbmd0aCAyNSAwIFIKICAgL0ZpbHRlciAvRmxhdGVEZWNvZGUK
ICAgL0xlbmd0aDEgMTA5NDQKPj4Kc3RyZWFtCnic7Xp5eBRVuvc5daqqu3qrqt7TWbo7SaezdEjT
IUBksVhFlojAMAGNNJAESICAgEBjDOqwL2ENQSNE5KKDCgGRiYAQMaKoTGYURZQZF+LCTMw4dzIM
xqRy36pOAn4z8z33+f757h+3DydVdc6pqve86+99C4QRQjq0GhHkmb1g5qJrS/frEHLHIURNn/3I
Uk9l9ottCHlXIIR3FS+as+Db1X9tRCjJAHdtmjN/ZfGJ9yuegPOXEEpYNLdoZqG4+57jMF8NY/3n
woDZo78M17+D6+S5C5auOP+waQlcwzPRwflls2ci6uFdMKWsf2HBzBWL6HVMNkI+Ca49ix4uWrRs
JXsTrsMIMQ8hChXLVXQxcxCo1SCXZKDfRuzbWMsUUDTKarzc0hcJl1sutwQtolf0eUVvMY06lpDY
jq/lKo3p1n8+zKYh3DVFnkpdYT5CVrRAitXyHEaFzEKzkSvTzzI/YaN4ZEg2iTqtTbjc2NGsPrOl
rSUktMoXxNzcIB5Xp5uS/zqyIQlh+GvrahgoDhg47XjQjgtg0jRlXB0/5QFlRVdDdAWS1BUkJzsB
Z4f654hJOV5bkmhlkxJTXnqY5Ocvf+g7avHZC9fu2Sk/9efZM6s+ZXJLS9vP/eNaIrAdDei6Tn9G
+1EMWiYlOkTWYLRSazinMcKjGi5Mo4CD8ZMAvssUEPyGLJfQ1tLc1twxuLkvyoKDQnkICI+SrldI
d6mku5Crm/QTFbF1sZRCvE2dVul2KcvUaewVs23eHBMGclXaRas9ug3qI5x/RH4q+0DpsecP4Rkz
IqvX1tL+jhElZ0rKLl6hcks7d5/fduYVfB0p+1jSdZ0cp0eiNHRVGpaUSCV7hxr0CW4q3jNUb9BP
0Bs8XtqOn0W1TKXf/qyt1lVp3uwPp3v0Bm+81pFpix/Ka/220clUJo9GpQttjS2Xm1uEVqFVNCvb
Azk1d4CkhNabraIjNzhucr5GMH0Ppxr177TE454MjAukfL/b7/F7/Yn+pOm66frphunG6e7pnune
6Yn5SWvdaz1rvWsT1yZVuas8Vd6qxKqkQ+5DnkPeQ4mHkuKljIqMo9ajtqP2o46jzqMx56znbOfs
5xznnOdiTAWoYECPjPulZOE+OKdf/+yQ3WFL6gPMY21WuxsnYJsq+CUl9JaNjz4xY++aDas+fn3K
qdkl9PplS5dPX7djz5pv35vTOOjW8kcKpo2e2jcz8KviHYcC6d/NWTpp0oj70zOztpTteTmAVJ4O
Ap76mcXIgeZK8Q4dEoyVVlqLIixVYw07NYKIAxxoB8pyCm2gCs2X34/yCc4bBbmxW6GNitidqlY4
kbNbKyQbo2G0No1Nm6JJ0WbFVMRUxuyP0RVYknKyxWzRa+vWgwHZUc34w4EDr+Hp8qF+o8cMpzZp
t27f/ytyphSPlU+WdhasG/+LGdvXbvk1UmwY9LkE9EAPVGdIFlRpYEHShrCTuGwjORefDrSCHKPy
FFqDJzwxZTEULvCpbI3y0ZGIcvqh7BCyWRE1d9eePbt27ane+Z38DY65cQPHyN+O/lNz840bzc1/
mo2zZRmH5N/KsnxJ4VlXC/iSr8H+TWiHlEsTiirUaDW4EGEtHAQKczrOaKKQoNNxE7BWx1IElRno
WVqjjtNqCIURxzN6Xrj8PigV2Bjw1QEGFtU35ntHSCNov4925QrUToMxKpAStVhL0YSmtZwTOykn
F2eMM6VS6cZ0k1GD7diPSQEu4CjVOWBocMTF+DVc/wI+ub3zzy91tu6mPEzJT2vpCHiHKqaktBT1
8HMq8NOKYlGelEBpbRGk3ctUGpyV6GmFsXFazuZCsRhYGwesDYGLfD/K3RZBbhZazblByeyJl+Ir
4kkTasJNVJOtKZYBarDXdoeMu1muUZVZQ0/t+PbAvpVPu3cFvn/jhvw1tn/1V0xdZrevr9ghUEh7
5bOK8qN1wP0O3E++cuzU62dfQ1F65Vz6OtDrRgFULGUHEI8tQpyHpKFIfNoui3afxlBJJ+2K2WwJ
08/E12RymZqEgCeO96OcFJdmgD09U2hrVlxyCGhXvHOLqid//Eb1BY5c8AbKjjjUR+hT0aeuDw37
iDpbf7d1DsHKdqicfmbFOhU+9+iVYrp0dseNeQ35YfPa8gN7+j+/qvHHW2+ter4/nitX79y8dfv2
rZt3kjMdD3z9Y0rK53PDv2msLJyBB7S34/4zCg+VypvPvfvFH659dbGhVzabYK86lIoek7JivfoY
JBhwJGanttLi3Zq0JaEyBfZpiJioGAZ5MxONAReP/HrGlWhPT1N9XHSfio8DZWttlltvfqO6uNxc
Ud1nspBelr4itSGdjqQ24AaqgTTSjUwj22hrtDc6GpwNMQ0uoyLLnN4tWu5w6OChvFGz0iTlDAXu
2EnW9xvWrl+6ZEv9QfngkNrSY79rvYqpnWsWPiHMCL869Q/f4rwvH4mUPbEVn+n8oGTJ2NFnav/j
5L0r1xTOupKW9lnUL7UjRNqYH2DfK6Q4upBhGVLIMhMIS2OGnafFSxCnEWlE6SHINnY0ws5aQm3g
jrrtiAbjob+fltgTbPWqb9IjfY9v4jzIg7O4LB1d0BPV9GrY0itr1TVeCFRMjk/xVGBNtPwhnr8R
g+P59M0nW9ojJVE6NyFE5wGdcWiC5DVYEW9ES6lCVxEzz7hctBoNDqTDDlZr0gnYrI8HeSjwQlCY
r0rjZqvcKqheVNKP1o3WjzaMto62McDsJFHhJW2zYlaDveAxvTl4KI4yGrOLSq/OvYFN8m+dBnkd
VbasYwh+q2r1Mxsra+jFWJc7+Kvzn8lNDpirlw8uwI1VP23cc3irQm8N6FMF0JsO9GZw8UVuy1Jz
kaPIzactRUUpRWQeH87wJHDxSWk6lMSyLtZg1SEzlRHVpB7S1RjQ1gJWc0HZQGtu0KJKHiKTRolP
tBdsReyNZBk4J7vH92qS3l525aHPbh6uqX9P/la+tezzhYt0R/btPXaybkbo6NFt69btNi5iqgJ9
Xn9h3ase15UXf/95KBsnbtt17Km6V4u373hy0+rHwC7uBr7XwT4oJKL9ko8qBKeLC1WPqzOgJSbw
nUt08wilpVkkGgmv11Jmoe3yYFCWwcDvKLS5DFGsx/HSqrsFZ5vFQYw/6eE8Ro+JRJVjXJ1hygNK
lHugB5qZVV0xQ4vqiuTUYxceiO/FNEvZqVRdf2qg7h5qjE4DMR2LXI8Eo2Evm3pPpsjJzvwfOpdS
Wy/gePn6D7iduDq+kdkS7FtA2jp0pfJniryOgLxWQqxxo5clH2HjV7iKWGEpX2QtYg14OZplCHvi
RUqXgBwslyDqeMoDDhqUrFERVFRKURnJzWY1VHNTlB31bsSjbgSMoQerjaszwwpLdFK1Go+yKLrL
FJ7wNM/wLK/htXwM7+Jj+Tg+nk8w8OCE3ciNs1AWZpU9wzYVlVDi68+VQdUBkWY7p/TbNPU/sVP+
ugvN+WTxYu65nfsO/3r/9A05U5mPDspTkpPltu++l/+hSH9r1e/ePN8kjaBaFZ+4AXhSBbLXIx+a
LSUaEFvEoyKbe37CyqSi2Hm2cIpHl2AnrNlmYDnGqU8BlrT0IAJVa1s/Bu4EJR9n4IwiLTACK2hE
rcVgMQomgRcEUUwzpBnz3HmePK/5Z7iB9GwKopkoIG8vOKOofVuqq7dUVlW/NvKl+Z9jIt+40Sn/
gIdj331HHlhseGLh+bOjm86fb3rn9bc/pn4YNxZ2d13+C16JH8Lr8ZGEhJtFJfKnqk+BXIh+EmSu
RQ9L8YTACEUAAUxgMFmumYUBQRBE6xBLcYpVdoOIltsIIqrIqqxBiJwqYQ7aHRJWxlXhcsp8FMQ7
sJNQBRz4OiW58NJPdtbvpjI785aRK0xZ+3ambz1+UIlJXYPkXHycuQ78T0DzpMQEwWEgnMMeW2nh
IA7VWJ5xOzPtiLD2/rzfGDAE3RBulUQoGmw7FN38+ILwWyUiBU9mecKeRR6Ce7MHt0ov6FI3vSeW
OJY4KVRgUaFwFPta1CTizoicc2lEVp8Rw4JZIzKP4OI3Xxzz5NAZml9MeuCXzOI+I0f2yRo+XI6U
/rT44Gmv97Pw9FWPK3q0Tq7RlDEHgA8TIJMbNHzYuFH+vGQDGjcqNZkYR0W4cRE+IpFHkyMZ3KPO
SMaAPH+q2TQmlh1mQLGmOHP8EDYuIXZIXyoP5ABaJXe2hkI9kVZJ/pShwa3gHxthTBnuPgR9vaFT
gQ/ZourY/SnJim2wlM1qdthpBTU5WDopMdmfoiCNAf2TIR44wL0KiCE5dwAOxjRoZ8HRTz89WrBz
UM3hMyNHlMhNr0yvm/ruF4UzFuCMlx//IpwzX2597jfyK+WPr1m7ugJPO/8xnrl8fJ58CgBv5ZKV
69ZHHt56a9LE9osXf5w4aWtHh6/9TNmFKWu2pPgL5HX/eF7+ds7y8vHjRxcUrFlVge95vR6Prnhs
/aGaWd88KrfJFwmunFf+9NF9+48+o/AVcgq6nrUCnvSieySflxFtBCXs0jp3mXCELEYRU1i72Rzr
0udYqIBNhMw0mCiocCyk2GhWS7NqoyoWyw0er0gChzxAzRsV4zPbrJQieAAgOIq3oqxoOYbnKWDr
1q1GAFvyHjxv5+Yt27dv2byzhJFKOhcUzpDfbW+XLwLIKsHLGi5+de0PX7x7TrE3BWPFA8ZyoRzJ
hfY6Kolxj2G3WMltJuFYU6bBhawuNj0WSLz8/uXutEKRbXPweFkc0Iaj2FZAijTF3lRNESAd7/9j
nZJVuL4reqeo1Lblyd3Ve6qWb3Xhuw8fB2iLunDfrKD8w+bV337zzXePlqv2Pxawz4dAjxPtBtDP
WRiM+IiIGPtmIxcRa/Q6LZWJhIBZ6zcETMEYBcyGFPNSUFBra0i+cAGYd0HFQtJAAQmQkwhEUNyc
TbALDsGZ5ZKQhCVKIhItMSNtkl1ySE6b4miUxR7sodiC2xYZo1pkDLRuD9KzRxUFZqvViCjw+7CE
yRu3fvtHnZcO1eG5/Q9HMmfTafLN+/LO1MmukhIyZd7rZaUmZY9vdF3H76FW8CEDTxhZhAzC5Y5G
iDv355/QAfanBw8WBg+e1hedIDO5sAFYH50DF6jXROeCA+5wCG+Mzx2Qlzcgd/zcgXl5AwfkTejm
o+Yh4GMQ/Voa5nFZjDSbgYgmXlhD/JG0Gp/XadUzmkgfsjnJzqEYi26IITHg0QYMfvZux5AYvy1g
uTs1kO7xJwdSgn2jbFY8WVtLswANLBkYPnhwa6jVEVJQUAj01aEgubtDM0JloW2huhBzm4t9VS72
hdYNGSxZuix9liPL2aRr0jc5mpwNIa4AR3FUN2ejmv2vLnp5Tvty/mPh8wcPyVRtuGzV47WytvtI
KSLI3lf46CGSv2x50+87L5SUUL7nNp46roiCCuxfFz1ThFKyaJVit/JUuh74ZUBJ6BdSACMxnhjp
XS5jhE9MiHh0u6ybXWHPE3xNsjuANC7Ie0yBeAH5jcHkXvMVmm8nVKFeGz5R4avzQQaObXdYrL9n
Dz0WHd0aPthjt/U/s+gjnTeOUWPmdRvuq6WHbhu0HAuZrCpvuhXoj0eLpD4ao9VFE+xYoyMRpibW
bCI4otssIHGIJS7A8gGL33gXHXCxfhSgggndwo0KVpFqK8i0Qy0NOZQg5a5w17nvCFIJqjAToEWF
mX2nSP5JYFNUUTw3v+7QQZneH165em1tCZlU+vr8he9+rIoFvbn99CsgjGh+uw78UaWKbxwoSbKg
IgNbZJ6n1DfArXAsr79d31CqVUFfyCwKwEFKFMwOFZYARIG/1Ka91dV7lf43ABri39qwIP8wGk/E
k/EUPFGuk1+SX5brZuNqvBCX4Wp5rrxd3iHPVX3QdHyFmk4tQQQJr1KIxogW1Jz/8vtBC0DY6RSS
EbWkBtYSFY9t6aY3Cw2VEpOdpMjGFSXwRenzEsLBZKfBzPgNTCZiY20s6/fqgwpwaetJJ3o28nGr
Uk26I7CRO86jeQVEQ4iaA3oKY2D85NT+bdv2Kz1t46OrNm1a9ejG+YfPyjdv/UP++9kX9zx76+rV
W8/i6tpjx2qfPXaMPLK+unr9hurqi45L+z+4fv2D/ZccsUfXn2hqOrH+qML7j8AvfU5WqntxSzx4
H9tMngs7zSyYhVNQMgaFXIXynzkg8Y7zjyYMHDhhfG7u+AkDc8ePzx04QXVKAydMoBq7x6O5Y7jr
OjsLcF4MWij5DGyMBXFr7KKRJqiMp2bZwy6SzJiSDbyQbMbJjIi8amn2Mngg1cqa1cJRd0IWPOGO
DcdSqobeBvD/VKjdFlurFGqj9WNB4WtMzwXyepCI3eeoMedOf/316XP41lm5Xb4A7e9KpaijQ/7q
q69wAqHh/Dv5RYhpcXiyqq9gd1RYxYM2dK/kIJw5Yq0RAAoCBgT857fwATFoBxMLRcvhkKp3QCgN
Hq904NsmZVdNyg4talI/w3u9Tu9tBeYNz8oa8ecjnX+qA7PqxXc/pZYoRtVdM7nejT/uk1LstAD4
I2aX0b1LI0YsgD80YeNmyhywCcSPAygnzqVLVwCIUvRWq94/ByASh5KEpIqkuiQaF/h6Ch89xR+F
qJ+hMTq7Tq6+XfUBNFrfU/UpKTl0u9RDpZX89N687mKPiqvbEGI+A32gIK18WbofKVUPqhBTLMuY
RUooZBleHQLLVgqOglZjgq43UEZBq9VMoFhTGRIMWkKXsbN0RBR4k1Gv1cANGBktHLH0VhwHN4Pi
XG4x31lzhLSB6a06am6XIdWcONWs1L3tSpLHm3ieTmVS2VRjqikgZpjVbM/LQYqPoSlyIl6SbcNP
Uclya+eYJynrC5RtZ+eXh8o7N5cfpOKpCz/FlzCl7btLSvAYub67jjIIGDAJZAZZiWRmI9rFNIpQ
IBy/hgSYoC6qPN2qA4qjv0NxdKri6KBFFcfXqyz4oBI0IIqUlCgYsPsbAnMQfFU8GijFuhYiIlTw
hdaFhnkknCDyfEq8HzlMnC9BAXt3ZowXWoMnBHeZW7EwBZSnKKBcyf/obsSnOF8F8TEHh8sXW3e0
z1y0AO/A90awdf9i3+cX/3Lz5l+e/ySIN/3+SuHMRTj+BH4QvygNk184cxyc8G/kevnl/ft6Yhjw
IR6VSQGXVWPsjmCL/98jmOoe/tshTPzvhDD1Q40Kq6feEcMqVUDRK0/6W9hHDK6Q8h37Oa19v83O
afn9Aq/ltKb9HKe1WCmzbagg8PxQE2+32ybYeS2hAOLq6Qi72GkVCBXR15gRZghns/AGHSvaNWYR
oYBD42cCJOgS1M9UQkODORfCdDceawHdVtFH7zecqBor33GEbhWHf0p18Dgfq+j1pxotx3N2rcOu
dfEue4o2jU+zD+Rz7bmOMfxU7S/5Odo5/Bz7XMdy7Xp7FX9S66Q5jU6jZwyMkTUhE8trLXqrxm7m
LDqLXqkimE2CycbHWp02hz2VS9Wl6lNMaXymkC6mmzOsAVuaPSu2v6G/sb8pV8ix5Nrujh3NjTSM
NI40jbJM4/J1+fpf8lPFqeaplrlcsaHYOMdUxM8RZoozzbMsRdZiezh2BbdCt0IfEVaIK8yPWCK2
TZZN1g22DfbK2Cq+SniNO6U7pa+3TwHbTMPdgo06ei5qo1gjZlNjOzsOgXXghr34y5NyI961t7Ot
Wj6//ZAi2g49fqa0VL7W+QEY6qvr5A9UX/94d6yPQT5UICUjl6eIWOabVzqKeOIq4ubx4RSrzozY
JMZgi2fNdlapvijF9mj2DwoK2b+sqmVQinVjN+UmbtrNuBPcbrfH7XUnDrMMsw6zGXuyqn7dYMbb
m+ubcW+lvV8KOTviyII/yl3YcaMT8/JZ+dp9Rx5YZHxiwfmz8tmte/Zs3bqnmnpm3Fhs+O46FuV1
8gF5hTwpIeFW0XzsoxObzp//3cXX3/5Y1dmrqv+lIY55JR5pyMMcZrQ0MlA6FtKTwUrlEBTs8mA4
BrFayEsSlSIxOUz17Wyq7Wyi+jJ0Z9MB5eQA1RdFLUGp30B+g2gqD44JSIARE6qAzG8ynolX4Mfw
DuoCdc2T4gl67vK85E3s6lK+XaNaPAmHYb68e94C87m98//+p9j0NfwUrsH7oNV2twvQ3sHvqPP/
6pcKPQ4wD0KxsH8DMgKNPNAqgifywxNv/ywoUfkW/7O7qX/5TDfS/MtxHURmG8RmLZxzoEceiHcp
kHM4AamwoFkIMACNGODT//7+7Q/r0BLgez16D9qHcDYelaDFaB2qhfOv0Sp1/A1aqzQYucooaz9E
9TgN1lFKw1lIkdxZeE42zH0N64vhuhbNUufbySW1PUUuUcsRRSbC2UT1jlpUTwbRNLkU7epd76Eh
6BQ6rJwzl1AVrJuErkAbDk8fi86gq/hJdBB/hMrRFrSEVjYQj3WAdUqgAQZW2w/oQfXNylgJ8xFE
j1pUAvs8A08/GB3HaXgSCZNinA87pPBhMgZG16ASOgzNr7aR6v6ie6CoVfD+7v2iS9SDVBrtx4fh
Pco7LsHzD6MhQG8xUDoGOqXQT26gWqL8/5QY5g00VjOWNWBWU46mwOwqko2fYuNRGJWTKfCEPBjb
gvLwFXgLKPVJlqGV77sBj1BH+e4trJPuz/e8M82bGfg/Lj2CxlOHJtYZV3rqu7om5tOxzLQ6Jq6O
+LR1tC/py383+WVmYNzEfE/dxVEju586KjwSxibnw6lyBcMwPmpkZtTOqYfqLyZezZ/BD/47cmtV
vfnwat5fe44/ftJ5l/CJ9gu4VCajngH+ahbI8Qiy/x8/6VgkfPJPHiONBo5RmyD1y+mawvjRADoW
LSED0CD696iYeburhT4DRzcqpt+CowO1Q98EvQb63dCPQN8A/SVqVdcgePE6WDuIXoWKyYdoLDz3
DU0VGquMwbPHwrp11Ak0XbmHOo4+Ys+iMFWpzivvaoPzQawbLVHW0lfhHgd6nD2h+HL1N7K7A7bG
Z4BiAXojYBMYY6zQ4Zytgx2/ACyYqLgj6OAldTCmhznDQYSMsNYE+sAXIiTAPQKMieuht4AzjIN+
DWQPYzbwobYp4Lw80Dcj5IBzRzNCTsiSY6oRODfoteBgIcOOlyAUxCn/50nlbhrFoQxUjRRLFdBe
xW/Sevw3uKbrqdXSF2/L5IKFvNWYzLxVSN6S6MZk8qaRnH/Dz5wvJG/4SUMBOVdOzujJaT059ZqV
ORUir1lJfYj8RiYnZfKqTF6RyXGZHKu7hznWTuruIUdlcqScvCyTl0zkxcMG5kUrOWwgvw6RFwrJ
8wnkYIg8d6CQeU4mBwrJs1Um5lkfqV2hY2p9ZP84sk8gz/QhNesTmBqZPP2UwDwdT54SyN5qE7PX
R6phXbWJVEv0Hrhxj5XsWU1XmUiVRO/2kV2/CjK7ZLJzh4XZ6SM7thuZHRayox5LEkdv36ZjthvJ
9nqMpHvpbTqyrYGuLCtnKk+TrY/rma0i2SrRW+Bsy11k86bTzGaZbNpYwGw6TTatpjdu8DEbC8hG
id4AdG3wkfXrRGZ9Allf39UgddHrRLIGXr2mkPwqSJ60kyeqyON6srqwkFktk4r5AlMRQx4rNzGP
hUi5iTy6imcetZBVPIlUkZUiWaEjyx/xMMvbySPL4phHPGRZHFkKNy1NIEtk8rBMFi8yMotlsshI
Fkl0WTlZuGAos7CULBhK5pcamPkCmb+aLjWQUokugVeWtJN5c08z82Qyd04BM/c0mbuanlPsY+YU
kDkSXewjRbCoqJ0UFpLZNjJLJjNlEp7RhwnLZEYf8pBMCmTy4DjyQDmZLpNpI0m+TH4pk6mnyS9k
MrmQTLKS+0Nk4n08M7Gc3MeTvGHScDJeT8YWknsTtcy9VWRMiNxDBOYeCxltJqMoHTMqhowcYWFG
lpIRwwVmhIUMH6ZnhgtkmMQxw/RE4oik8HEyfXcVGUpnMkMnkCGDrcyQcWTwIB0z2EoGS/QgHbkr
18zcVUByB4pMrpkMFMkAI+kvQ3psZXJk0i/bwvSzkuyQjsm2kFBfjgnpSCgqn74cCWY5meBIktXH
xmQ5SVYD3SdBx/SxkT6r6UyukMmsIoEMKxMYRzJgExlWkiHR6UB6eiFJSw0yacNIKhCWGiR+OPhl
knIX8RmdjK+AJCeZmeTJJAluSzKTJIlO1BKvx8l4C4jHLTIeJ/E00G54mVsk7tV0go4kSHR8Eonj
SWwyccUEGddkEgNPjQkSp0wc8FKHTOwCsVmtjK2UWC0WxmolVom2WIgZ1plPExHYK8pEgIMwnPBA
P19FTDBnkokRHmB0EqNEG2Sihwu9NLCU6GCNrpxwhUSrERmtlWhEwjIhhi0nDNzHhAgND6MzCTyU
0hE8mSCZ4HpcuGYLzvgf+0P/vwn4v/4gyv0XWNE/vgplbmRzdHJlYW0KZW5kb2JqCjI1IDAgb2Jq
CiAgIDc3NTUKZW5kb2JqCjI2IDAgb2JqCjw8IC9MZW5ndGggMjcgMCBSCiAgIC9GaWx0ZXIgL0Zs
YXRlRGVjb2RlCj4+CnN0cmVhbQp4nF2Sz07DMAzG73mKHOEwtYuzFKRqEoLLDvwRgwdoE3dUYmmV
dYe9PXG+CSQOrX917M926upx97SL46KrtzT5PS96GGNIfJrOybPu+TBGtTY6jH65fpW3P3azqnLy
/nJa+LiLw6TaVlfv+fC0pIu+eQhTz7dKa129psBpjAd98/m4h2t/nudvPnJcdK22Wx14yHLP3fzS
HVlXJXm1C/l8XC6rnPYX8XGZWZvyvUZLfgp8mjvPqYsHVm1db3U7DFvFMfw7szVS+sF/dUm1RkLr
OhvV2q5wNqptNoWzyUxgErZgm9kNhbNR7cYVzib7kesk1zXgRngNXmcmMBU2YCOMWiS1CLVIahE0
STQJtUhqEfSp6KN/J/1bzGVlLgd9J/oO+q7MAn8jfsO4B5aYgJggMdBpig5inMQQ/CR+g3gj8XQH
/50w+iHpZ4P+N+VO7qFzL4wZncxocSdW7sR5+L340bOVnh30nei7HtxLLWiSaBr4s5EFuP5pWQXZ
2d8d8+eU8nqVxS57JRs1Rv7d/XmaJas8PzkzzTEKZW5kc3RyZWFtCmVuZG9iagoyNyAwIG9iagog
ICA0MDgKZW5kb2JqCjI4IDAgb2JqCjw8IC9UeXBlIC9Gb250RGVzY3JpcHRvcgogICAvRm9udE5h
bWUgL09ZSUNSVCtEZWphVnVTZXJpZgogICAvRm9udEZhbWlseSAoRGVqYVZ1IFNlcmlmKQogICAv
RmxhZ3MgMzIKICAgL0ZvbnRCQm94IFsgLTc2OSAtMzQ2IDIxMDUgMTEwOSBdCiAgIC9JdGFsaWNB
bmdsZSAwCiAgIC9Bc2NlbnQgOTI4CiAgIC9EZXNjZW50IC0yMzUKICAgL0NhcEhlaWdodCAxMTA5
CiAgIC9TdGVtViA4MAogICAvU3RlbUggODAKICAgL0ZvbnRGaWxlMiAyNCAwIFIKPj4KZW5kb2Jq
CjkgMCBvYmoKPDwgL1R5cGUgL0ZvbnQKICAgL1N1YnR5cGUgL1RydWVUeXBlCiAgIC9CYXNlRm9u
dCAvT1lJQ1JUK0RlamFWdVNlcmlmCiAgIC9GaXJzdENoYXIgMzIKICAgL0xhc3RDaGFyIDExNwog
ICAvRm9udERlc2NyaXB0b3IgMjggMCBSCiAgIC9FbmNvZGluZyAvV2luQW5zaUVuY29kaW5nCiAg
IC9XaWR0aHMgWyAzMTcgMCAwIDAgMCAwIDAgMCAwIDAgMCA4MzcgMCAzMzcgMzE3IDAgNjM2IDYz
NiA2MzYgNjM2IDYzNiA2MzYgNjM2IDYzNiA2MzYgNjM2IDMzNiAwIDAgMCAwIDAgMTAwMCA3MjIg
MCA3NjUgMCAwIDAgMCAwIDAgNDAwIDAgMCAwIDAgMCAwIDAgMCAwIDAgODQyIDcyMiAwIDAgMCAw
IDAgMCAwIDAgMCAwIDU5NiA2NDAgNTYwIDY0MCA1OTEgMCA2NDAgNjQ0IDMxOSAzMTAgNjA1IDMx
OSA5NDggNjQ0IDYwMiA2NDAgMCA0NzggNTEzIDQwMSA2NDQgXQogICAgL1RvVW5pY29kZSAyNiAw
IFIKPj4KZW5kb2JqCjEgMCBvYmoKPDwgL1R5cGUgL1BhZ2VzCiAgIC9LaWRzIFsgMiAwIFIgXQog
ICAvQ291bnQgMQo+PgplbmRvYmoKMjkgMCBvYmoKPDwgL1R5cGUgL091dGxpbmVzCiAgIC9GaXJz
dCAxOCAwIFIKICAgL0xhc3QgMTggMCBSCiAgIC9Db3VudCAtMQo+PgplbmRvYmoKMTggMCBvYmoK
PDwgL1RpdGxlIChERVRBTExFUyBERSBMQSBSRVNFUlZBQ0lPTikKICAgL1BhcmVudCAyOSAwIFIK
ICAgL0YgMAogICAvRGVzdCBbMiAwIFIgL1hZWiA3MCA3NjMgMF0KPj4KZW5kb2JqCjMwIDAgb2Jq
Cjw8IC9Qcm9kdWNlciAoY2Fpcm8gMS4xNS4xMCAoaHR0cDovL2NhaXJvZ3JhcGhpY3Mub3JnKSkK
ICAgL1RpdGxlIChSZXNlcnZhY2lvbikKICAgL0F1dGhvciAoKQogICAvS2V5d29yZHMgKCkKICAg
L0NyZWF0aW9uRGF0ZSAoRDoyMDIxMDEyODIwMjgwOVopCj4+CmVuZG9iagozMSAwIG9iago8PCAv
VHlwZSAvQ2F0YWxvZwogICAvUGFnZXMgMSAwIFIKICAgL091dGxpbmVzIDI5IDAgUgo+PgplbmRv
YmoKeHJlZgowIDMyCjAwMDAwMDAwMDAgNjU1MzUgZiAKMDAwMDA2MDA5MSAwMDAwMCBuIAowMDAw
MDAxNDYwIDAwMDAwIG4gCjAwMDAwMDAwMTUgMDAwMDAgbiAKMDAwMDAwMDAxNSAwMDAwMCBuIAow
MDAwMDAwNzMwIDAwMDAwIG4gCjAwMDAwMDAwMTUgMDAwMDAgbiAKMDAwMDAwMDcwOCAwMDAwMCBu
IAowMDAwMDUwNTAxIDAwMDAwIG4gCjAwMDAwNTk2MjMgMDAwMDAgbiAKMDAwMDAwMTcyNyAwMDAw
MCBuIAowMDAwMDAwOTIwIDAwMDAwIG4gCjAwMDAwMDExNzcgMDAwMDAgbiAKMDAwMDAwMTQyNCAw
MDAwMCBuIAowMDAwMDAyMTg2IDAwMDAwIG4gCjAwMDAwMDIxNjMgMDAwMDAgbiAKMDAwMDAwMjI4
OSAwMDAwMCBuIAowMDAwMDQzMDI1IDAwMDAwIG4gCjAwMDAwNjAyNDAgMDAwMDAgbiAKMDAwMDA0
MzA1MCAwMDAwMCBuIAowMDAwMDQ5NzE4IDAwMDAwIG4gCjAwMDAwNDk3NDIgMDAwMDAgbiAKMDAw
MDA1MDIwMCAwMDAwMCBuIAowMDAwMDUwMjIzIDAwMDAwIG4gCjAwMDAwNTA5NjQgMDAwMDAgbiAK
MDAwMDA1ODgxNiAwMDAwMCBuIAowMDAwMDU4ODQwIDAwMDAwIG4gCjAwMDAwNTkzMjcgMDAwMDAg
biAKMDAwMDA1OTM1MCAwMDAwMCBuIAowMDAwMDYwMTU2IDAwMDAwIG4gCjAwMDAwNjAzNTUgMDAw
MDAgbiAKMDAwMDA2MDUyMSAwMDAwMCBuIAp0cmFpbGVyCjw8IC9TaXplIDMyCiAgIC9Sb290IDMx
IDAgUgogICAvSW5mbyAzMCAwIFIKPj4Kc3RhcnR4cmVmCjYwNTk0CiUlRU9GCg==

--===============6664216561938906886==--

-------------------------------------------------------------------------------
