Content-Type: multipart/mixed; boundary="===============7322840127634856425=="
MIME-Version: 1.0
Subject: =?utf-8?q?Hotel_Real_-_Confirmaci=C3=B3n_de_Reservaci=C3=B3n?=
From: reservaenrealnicaragua@gmail.com
To: justo@gmail.com
Date: Thu, 28 Jan 2021 20:56:45 -0000
Message-ID: <161186740521.16243.11898647729692905642@localhost>

--===============7322840127634856425==
Content-Type: text/html; charset="utf-8"
MIME-Version: 1.0
Content-Transfer-Encoding: 7bit

Pronto nos pondremos en contacto con usted. recibimos su solicitud para RealNicaragua
--===============7322840127634856425==
Content-Type: application/pdf
MIME-Version: 1.0
Content-Transfer-Encoding: base64
Content-Disposition: attachment;
 filename="justo@gmail.com_5ku4534_2021-01-28 20:56:44.521484.pdf"

JVBERi0xLjUKJbXtrvsKNiAwIG9iago8PCAvTGVuZ3RoIDcgMCBSCiAgIC9GaWx0ZXIgL0ZsYXRl
RGVjb2RlCj4+CnN0cmVhbQp4nJ1V226bQBB936+YR1AF3iuXyrJKbFolctomRnmJ8rDFa8eOARtw
ms/vYJM6Tpo0BMQyYnfmnLOXAwOKt8OwCSSDNCMbQnffyjn0NIV5RU4SwuV+HL596lJF/YABo9QN
PMExTDLSmznUoYDxjFxbozixlbKi8TiewCiGcQSX8SS+tIWyrmw/sKLh6Y/v9k1yRhhvOXDAWi4V
IfU4MC9wOfWpeCzOHotbYCfLIziHM1cwprhAhq7invB8SKbEiiAvsl+lgalpc55VYcylnpC+D6iK
KiVEoJrMa+tsW9UFXNkht8xcw47pEeYh1WGuFFSIcJ/50+a+pSu9LsraPOa9E9dSd1uphHwp8RU4
K870YtVNnLVstH2ZN5luWmTvBmu1mbIqcl11lcZ3MJO1zqHfh16U1lu9SsxDDf2Zmc0o1XQAgwGc
jIZtqfgco3UL14Hl12brmfRW47pDnNelnurObCnHoczhITD1WXkfRJ/o1eLj4IJ2A7ciUxarRW50
xx0RZaZcpLgy0aJs8t8G9IID4NzktYHN1kBpKlPed0Ue3m7TOxjqql4ZcPbLnuwtyA1FczVOhBb0
xCZ46LtShpyF6BjMZRINQ72wiXS5zlgYiMNG/1fxy28Ye83lw2/sOsNnSa5vGp4wJYzCOWyA7bD3
LXpkSwDR0W6ohAykaIzn74cVTODiYKTH9HdjWajQ2t6g77xrKqTwXOXL/0zFJyVUQEOfh/KVOXgh
sS38RKLCKMQFPNa4IT3N8C8BvQecq1FBLkhvvMjvdmf8fHg6wnLtoW6O87M+9rTvgvwBxTx4Pwpl
bmRzdHJlYW0KZW5kb2JqCjcgMCBvYmoKICAgNjA4CmVuZG9iago1IDAgb2JqCjw8CiAgIC9FeHRH
U3RhdGUgPDwKICAgICAgL2EwIDw8IC9DQSAxIC9jYSAxID4+CiAgICAgIC9hMSA8PCAvQ0EgMC43
IC9jYSAwLjcgPj4KICAgPj4KICAgL1hPYmplY3QgPDwgL3gxMCAxMCAwIFIgPj4KICAgL0ZvbnQg
PDwKICAgICAgL2YtMC0wIDggMCBSCiAgICAgIC9mLTEtMCA5IDAgUgogICA+Pgo+PgplbmRvYmoK
MTEgMCBvYmoKPDwgL1R5cGUgL0Fubm90CiAgIC9TdWJ0eXBlIC9MaW5rCiAgIC9TdHJ1Y3RQYXJl
bnQgMAogICAvUXVhZFBvaW50cyBbIDI5NyA1MzEgNDMyIDUzMSA0MzIgNTE3IDI5NyA1MTcgXQog
ICAvUmVjdCBbIDI5NyA1MTcgNDMyIDUzMSBdCiAgIC9BIDw8CiAgICAgIC9UeXBlIC9BY3Rpb24K
ICAgICAgL1MgL1VSSQogICAgICAvVVJJIChtYWlsdG86Y2pwbTE5ODNAZ21haWwuY29tKQogICA+
PgogICAvQlMgPDwgL1cgMCA+Pj4+CmVuZG9iagoxMiAwIG9iago8PCAvVHlwZSAvQW5ub3QKICAg
L1N1YnR5cGUgL0xpbmsKICAgL1N0cnVjdFBhcmVudCAxCiAgIC9RdWFkUG9pbnRzIFsgNDM3IDUz
MSA1MjMgNTMxIDUyMyA1MTcgNDM3IDUxNyBdCiAgIC9SZWN0IFsgNDM3IDUxNyA1MjMgNTMxIF0K
ICAgL0EgPDwKICAgICAgL1R5cGUgL0FjdGlvbgogICAgICAvUyAvVVJJCiAgICAgIC9VUkkgKHRl
bDorNTM1ODA5NzI5NCkKICAgPj4KICAgL0JTIDw8IC9XIDAgPj4+PgplbmRvYmoKMTMgMCBvYmoK
WwogIDMgMCBSCiAgNCAwIFIKXQplbmRvYmoKMiAwIG9iago8PCAvVHlwZSAvUGFnZSAlIDEKICAg
L1BhcmVudCAxIDAgUgogICAvTWVkaWFCb3ggWyAwIDAgNTk1IDg0MSBdCiAgIC9Db250ZW50cyA2
IDAgUgogICAvR3JvdXAgPDwKICAgICAgL1R5cGUgL0dyb3VwCiAgICAgIC9TIC9UcmFuc3BhcmVu
Y3kKICAgICAgL0kgdHJ1ZQogICAgICAvQ1MgL0RldmljZVJHQgogICA+PgogICAvUmVzb3VyY2Vz
IDUgMCBSCiAgIC9TdHJ1Y3RQYXJlbnRzIDIKICAgL0Fubm90cyBbIDExIDAgUiAxMiAwIFIgXQo+
PgplbmRvYmoKMTAgMCBvYmoKPDwgL0xlbmd0aCAxNSAwIFIKICAgL0ZpbHRlciAvRmxhdGVEZWNv
ZGUKICAgL1R5cGUgL1hPYmplY3QKICAgL1N1YnR5cGUgL0Zvcm0KICAgL0JCb3ggWyAwIDAgNTk1
IDg0MSBdCiAgIC9Hcm91cCA8PAogICAgICAvVHlwZSAvR3JvdXAKICAgICAgL1MgL1RyYW5zcGFy
ZW5jeQogICAgICAvSSB0cnVlCiAgICAgIC9DUyAvRGV2aWNlUkdCCiAgID4+CiAgIC9SZXNvdXJj
ZXMgMTQgMCBSCj4+CnN0cmVhbQp4nEWQwRLCIAxE73zF/oBpCJDA3R/oybPTcbxUnerFz5dWSien
fSy7gcWNWJyowYtABdHwvuGC5wpJQoYPTJ4THuhEEhVNEGNKJa5XSXnVkWw7/+sJQaojFNfRXFEk
PTxBMnEoPbPr1jodRJmMzW0ZO4qUY+6ZmknY9taup2OzRuZ9d9dRf1zLPPRWW0PWT1lclRlc5xQT
abOZldSSUvCC6eGGK+P+wfD1ivPLjXV+S5xIMwplbmRzdHJlYW0KZW5kb2JqCjE1IDAgb2JqCiAg
IDE3OQplbmRvYmoKMTQgMCBvYmoKPDwKICAgL0V4dEdTdGF0ZSA8PAogICAgICAvYTAgPDwgL0NB
IDEgL2NhIDEgPj4KICAgPj4KICAgL1hPYmplY3QgPDwgL3gxNiAxNiAwIFIgPj4KPj4KZW5kb2Jq
CjE2IDAgb2JqCjw8IC9MZW5ndGggMTcgMCBSCiAgIC9UeXBlIC9YT2JqZWN0CiAgIC9TdWJ0eXBl
IC9JbWFnZQogICAvV2lkdGggODAwCiAgIC9IZWlnaHQgNjAwCiAgIC9Db2xvclNwYWNlIC9EZXZp
Y2VSR0IKICAgL0ludGVycG9sYXRlIHRydWUKICAgL0JpdHNQZXJDb21wb25lbnQgOAogICAvRmls
dGVyIC9EQ1REZWNvZGUKPj4Kc3RyZWFtCv/Y/+AAEEpGSUYAAQEAAEgASAAA/+EAjEV4aWYAAE1N
ACoAAAAIAAUBEgADAAAAAQABAAABGgAFAAAAAQAAAEoBGwAFAAAAAQAAAFIBKAADAAAAAQACAACH
aQAEAAAAAQAAAFoAAAAAAAAASAAAAAEAAABIAAAAAQADoAEAAwAAAAEAAQAAoAIABAAAAAEAAAMg
oAMABAAAAAEAAAJYAAAAAP/tADhQaG90b3Nob3AgMy4wADhCSU0EBAAAAAAAADhCSU0EJQAAAAAA
ENQdjNmPALIE6YAJmOz4Qn7/wAARCAJYAyADASIAAhEBAxEB/8QAHwAAAQUBAQEBAQEAAAAAAAAA
AAECAwQFBgcICQoL/8QAtRAAAgEDAwIEAwUFBAQAAAF9AQIDAAQRBRIhMUEGE1FhByJxFDKBkaEI
I0KxwRVS0fAkM2JyggkKFhcYGRolJicoKSo0NTY3ODk6Q0RFRkdISUpTVFVWV1hZWmNkZWZnaGlq
c3R1dnd4eXqDhIWGh4iJipKTlJWWl5iZmqKjpKWmp6ipqrKztLW2t7i5usLDxMXGx8jJytLT1NXW
19jZ2uHi4+Tl5ufo6erx8vP09fb3+Pn6/8QAHwEAAwEBAQEBAQEBAQAAAAAAAAECAwQFBgcICQoL
/8QAtREAAgECBAQDBAcFBAQAAQJ3AAECAxEEBSExBhJBUQdhcRMiMoEIFEKRobHBCSMzUvAVYnLR
ChYkNOEl8RcYGRomJygpKjU2Nzg5OkNERUZHSElKU1RVVldYWVpjZGVmZ2hpanN0dXZ3eHl6goOE
hYaHiImKkpOUlZaXmJmaoqOkpaanqKmqsrO0tba3uLm6wsPExcbHyMnK0tPU1dbX2Nna4uPk5ebn
6Onq8vP09fb3+Pn6/9sAQwAIBgYHBgUIBwcHCQkICgwUDQwLCwwZEhMPFB0aHx4dGhwcICQuJyAi
LCMcHCg3KSwwMTQ0NB8nOT04MjwuMzQy/9sAQwEJCQkMCwwYDQ0YMiEcITIyMjIyMjIyMjIyMjIy
MjIyMjIyMjIyMjIyMjIyMjIyMjIyMjIyMjIyMjIyMjIyMjIy/90ABAAy/9oADAMBAAIRAxEAPwD3
+kNLUckixozuQqqMkk9KAH8UuaxJfEmkoT/xMrXj/pqKqyeK9JXpqNsf+2gp8rA6TOaK5j/hLNL/
AOghbf8AfwUf8Jbpf/QQtv8Av4KfKwOnormP+Eu0r/oIW3/fwUf8JbpX/QRtv+/go5WB09Fcz/wl
ulf9BG2/7+Cq15450axtzPNfRlB/cO40ckmK6R19Fedj4teGSM/a5f8Av0aP+Fs+Gv8An7k/79mr
VGQudHolFeef8LZ8Nf8AP3J/37NH/C2PDf8Az9yf9+zR7Gr2DnR6HRXnv/C2PDef+PuT/v2aX/ha
3hv/AJ+5P+/Zpewq9g50eg0V5/8A8LV8Of8AP3J/3waP+FqeHD/y9v8A98Gj2FXsHOj0CiuA/wCF
p+Hf+ft/++DR/wALT8O/8/b/APfBo9hUDnR39FcB/wALT8O/8/b/APfBo/4Wl4e/5+3/AO+DT+r1
A50d/RXAf8LS8O/8/b/98Gj/AIWl4d/5+3/74NH1eoHOjv6M1wP/AAtHw9/z9v8A98GkPxS8Oj/l
7f8A74NHsKgudHf5ozXn/wDwtPw7/wA/Un/fBpf+Fp+Hf+fqT/vg0vYVOw+eJ3+aM15//wALT8O/
8/Un/fs0f8LU8Oj/AJepP+/ZqvYVOzDniegUV5//AMLV8O/8/Uv/AH7NJ/wtbw7/AM/Uv/fs0fV6
n8oe0ieg0ZNeff8AC1fDn/P1L/37NH/C1fDv/PzL/wB+zS9hU/lF7SJ6DmjNeff8LW8N/wDPzL/3
7NJ/wtbw5/z8y/8Afs0ewq/yh7SJ6Fk0ZNee/wDC1vDn/PzL/wB+zS/8LW8Of8/Uv/fs0ewqdg9p
E9BzRmvPf+FreHP+fqX/AL9mj/ha/hz/AJ+pf+/Zo9hU/lH7SJ6FmjNeff8AC1vDn/P1L/37NH/C
1vDn/P1L/wB+zR7Cp/KHtInoOaM159/wtbw5/wA/Un/fs0f8LV8Of8/Uv/fs0ewqfyh7SJ6DmjNe
ff8AC1fDv/P1J/37NL/wtPw7/wA/Uv8A37NHsKn8rD2kT0DNGa8//wCFp+Hj0uZf+/Zp4+J+gH/l
vN+ERo9hV/lYvaRO9zRmuDHxN0I9JZ/+/Rpf+Fl6Gf8Alrcf9+jT+r1f5WL2sDus0ZFcL/wsvRP+
elx/36NH/Cy9D/56XH/fo0fV6v8AKx+1gd1kUZrhP+FmaF/z0uP+/JpP+FnaEP8Alpcf9+TR9Xq/
ysPawO8zS5rgT8T9B/56XH/fk0n/AAtLQP8Anrcf9+Wo+r1f5WL2sDv80Zrz/wD4Wl4fz/rrj/vy
1J/wtTw/n/W3H/flqPq9X+Vh7WB6DmjNeff8LU8P/wDPa4/78tR/wtTw/wD89rj/AL8tR9Xq/wAr
H7SB6DmjNeff8LU8P/8APa4/78tR/wALV8P/APPW4/78tR9Xqfyh7SB6DRXn3/C1PD//AD2uP+/L
Uf8AC1PD/wDz2uP+/LUfV6v8oe0geg0V5/8A8LT8P/8APa4/78tR/wALT8P/APPa4/78tR9Xq/yh
7SB6BRXn3/C1PD//AD1uP+/LUf8AC1NA/wCetx/35aj6vU/lD2kO56DRXn//AAtTw/8A89rj/vy1
H/C09A7S3H/flqPq9X+UPaQ7noFJmuB/4WjoP/PW4/78ml/4WfoX/PS4/wC/Jo+r1f5Q9pA73NGa
4MfE7Qj/AMtLj/vyad/wszQv+etx/wB+TR9Xq/yh7WB3eaM1wn/CzNC/563H/fk0n/CzdC/563H/
AH5NH1er/Kw9rA7zNJmuD/4WdoX/AD1uP+/Jo/4WfoP/AD1uP+/Jo9hV/lYe1gd5mjNcF/ws/Qf+
etx/35NH/C0NB/563H/fk0ewq/ysPawO+orgP+Fo6B/z2uP+/Jo/4WloH/PW4/78mj2FX+UPaQO/
orz/AP4WnoH/AD1uP+/LUf8AC0/D/wDz2uP+/LUewq/yh7SB6BRXnx+Kvh8f8tbj/vw1J/wtbw9/
z2uf+/DUewq/yh7WB6FRXnv/AAtfw7/z2uf+/DUf8LY8O/8APa5/78NS9jV/lD2kT0KivPP+Fs+H
P+e1z/34ak/4Wz4c/wCe1z/34aj2NX+UPaRPRKK87/4W14b/AOe1z/34aj/hbXhv/nvc/wDgO1Hs
av8AKHtIdz0SivOz8W/Df/Pe5/8AAdqT/hbfhv8A57XP/gO1Hsav8oe0h3PRaSvO/wDhbfhv/ntc
/wDgO1H/AAtzw1/z2uf/AAHaj2NTrEPaQ7nonFHevO/+FueGv+e1z/4DtVvTvidoGp6hDZW0s5ml
JChoWUcDPU0nRmtWgVSLO6paqRXSyDKnIqyrZFZln//Q9/7VkeJH2eHtQ5x+4f8AlWvWH4pOPD2o
f9cH/lTW4HxlcTzm6uP384xK3/LQ+p96i86b/nvN/wB/D/jROf8ASbj/AK6t/M1HmuyNuXYVyTzp
v+e83/fw/wCNHnTf895v+/h/xqOiq07CJPOl/wCe03/fw/40edL/AM95v+/h/wAajoosuwEnmy/8
9pT7eYf8aDLIw2vM7D+6XYj+dNzxSU0kAc9mP5mjn+9+pooqhWQvP979TSZbPX9TRRTsFkBLZ6/q
aXLf3j+ZpKKQWQuX/vH/AL6NG5/7x/76NFFF2FkG5vU/99Gjc3qf++jSYop87DlQ4O3qf++jS+Y3
95v++jTKWqU2HKh4c/3j/wB9Gjef7x/76NMzRmnzsXKiQO394/8AfRpfMb+8f++jUWaM0/aByom3
t/eP/fRpRKR/Ef8Avo1Buo31SqtCcUWRKT3/APHjTw59f1NVQ1LvNaKtITgXA3+1+po5/vfqarrI
RT/MrVVWyOUlGezfqaduYd/1NRBqcGNXzMlofu9/1NGfQ/qab1pcU7sVhcn1/U0c+v6mkp2KLsWg
059f1NHPr+ppSKMUXY7ob83r+ppDn1/U08ikxRdhcbk/3v1NBJ/vfqadijFHMx6CDP8Ae/U1MoP9
79TUQFTR8UrsHYswg8f4mtKEdP8AGqER6VoQnGKpNmci9Dj0/WrAAA61VRqlD8Vab7mLJsimFgKj
30wvTuwSJGemb6jLZpuaV2OxIXphfJ6U0mkzRzMB2R6U0kZ6UhoouwF49KPwoApR1pXYCYHpRgel
O70oXNF2Mbj2ox7U4g9Kcqmi7JGAD0pdvtUojzTtlF2BAEyelO8r2qwqACgsBRdgQrD7VKIV7ilE
tNMtLmYx+xAOlLhR6VCZaiMpo5mFi0XUdBSeaBVTzTTGkzRzsVi55wqNpRVXfSb6XMyrFgzUzzf8
5qAtSFqXMwsWPN/zmkMtVt1G6jmY7E5l9qTzfaoN1BalzMdicy+1NMnt+tQ7qTNHMwsSl/wpN/vU
RNGaOZhYkEh9qTzPpUWaKnmZRJ5nPagt9KZRRzMQpb6UmfpSGko5mA4sPakz9KbmijmYx2R7UmaS
ik5MBcitTwzP9n8S2Uw6qx/lWTmrWnPs1CFh1BrOq/3cvRjj8SPo3RtTNxGPTFdXbvvUEeleX+FZ
2aMc16XYnMSk+leCdx//0ff6w/FP/Ivah/1wb+VbdYnigbtAvx/0wb+VK9mFrnxZP/x93A/6at/M
0zFT3ULLczsAf9a/b/aNVq6oTuglBxF6UuaSiruSGaUc0lFO4DqM03NLTTAUUUlGaq4hRQaBRTuA
UuKSlqkwCiiincAoxRS07BcTFFLSUuUVxD1oFLS0uUY2loxzS4osA2inYoxSsO4gpc0nelqrBcMm
lBNNoqk2hMlDkU4OTUIpQcVpGpYm1y0pz3p+aqbsU8SE1tGpclxLGadmoVapAa0UjNxH5o4pBSjF
UTYUim4p2aWgBuKMU7FJtp2C4gqVRmmAYqRaVgbLMfarsZxiqMZ6VcQ9KpEMuoak7VAh4qQGqRDQ
u40hz60h60maBC5xSdaDRSATFFOAyaXbzQA2gCnbKcqUANC0oHNTBeKAAKAI9tPVadxRmkAbB60o
AphbmmlqOYRLkUjOAKh3801mqXIaJjJx1phlqAtSFqVx2Ji9Rs9MJ4phNK47EhbPemlqjzS5ouFh
dxoJpmaUmlcdgzSUlGaLjDNJSZ5pM0XAWikNJmlcB2KQikzQTRcBcUYpuaM0XAXFJRmkJpXAWim5
oJpDFzRmm5ozRcB1H40wmjNK47C5opuaKdxDqTNFFK4C1PZf8fsX1qCp7L/j9i+tRUfuP0Kj8SPZ
vCP+rFeoWH+qUe1eX+Ef9WK9QsP9Wv0rw2dp/9L32sXxN/yAL7/rg38q2qxvE3/IBvv+uDfyoexU
PiR8ez/6+b/ro38zVWa2BGUq3OP9ImH/AE0b+ZqM1zRnys9ydHnSMwgqcMKM+laDxLIORzVKWF42
zjiu6nVUkeTXwzg/dI6UUnFKK3Vmcr0Ciiii9gunsKKKSjNHMAtGaTNLVJisLmikxRmquAo606m5
pc00wDvTh0popc1SYC0lL2pKtAFFFAoEKKMUdKM07AGKKKKLAHFBxRQaLAJS0lGaVgFopM0ZovYB
O9PBxTaWjmaGPDVIr1DmlBrWMyWrlkPTwarBsVKr1upIzcSYGnDmog1PDVaJcR9LigGgHNWmS0AF
SKtIBUgFMlkkY5q3HVaMc1aTNBLLCdKeCaainFShCaZLY3GaNtSbD2pwjNIVyILS7KlCGnBKAuRB
OacE5qTbRigLibaUcUE03vRcQ4tTSaaTSGpbBAWpC/FNJpO1TcYbqaWpM0maCgJ5ppPNKTSZpMBG
PFNzTj0pppAGaTNFJikMM0E0YpKAEzRmgikoAdTaWkoGIaSlNGKAEpDS0hoASiijrSGGaTNLikxS
ACaTNIaKADNBNGKQikMM0ZoxRigANJS4oxSASlFGKCMUwCiilxQAVPZf8fkX1qCp7L/j8i+tRU+B
+g4/Ej2bwj/qxXqFh/q1+leX+Ef9WK9QsP8AVr9K8Nnaf//T9+rF8TDOhX3/AFwf+VbdYniXnQ73
/ri38qT2Kh8SPkKZP9Im/wCujfzNRlKvTR5nlOP+WjfzNRmL2rh5rs+s9g7IqbKaV3fK3NW/L9qa
Y+elNTsZuh3M2e0zyn5VVIK8EYrZKc9KhmtVdTx81ddKvZ2Z5mIwLtdGXRUz27w8NyKiALdK74uM
ldHkzpyg7NCUUvPcUUWZKV9hKWjFGKACijFFVcTFoooouAoopM0uapMQvaik70tWpAFFFFUmAopa
QdaWrELRikFLTsAYpCKdQaLANxRilpcUWAbijFKRRilYBMUlOxRiiwDaBTsUYosAlOBptFNMCYNU
itUANLuraMhOJbBzTgaro9SqwraLuZSViwtSCoVNSqatMyZZj61ajGTVWIDNXYhzVEMsIpxVhENN
iHNWVWnYzY0JTwnFSKtP20hXK/l0bcdan2UhSkFyAqMU2p9lNZKAuV2603vVjZTGXnpSGQN1ppqb
Yc9KGT2qWhornrSVNs9qaye1KwyuetFSlfam49qCiI0lSkU0ilYBhppp+KTFKwDKDT8U0ilYY2kp
2DSZosAmKMUtFADaDTsUUDIzRTzSYoAaaaaeabQAhpBTiKSkMSkNLSUMBDSU6jFIBtBpaKBjaKdR
SsA2inUUWATvS0uKAKdhXExS4pcUYosFxMVNZ/8AH5F9aixU1mP9Mi+tRUXuP0Ki/eR7J4R/1Yr1
Cw/1a/SvL/CP+rFeoWH+rX6V4TO0/9T37tWN4j/5Al7/ANcW/lWyax/Ef/IEvf8Ark38qUvhNKXx
o+WZIx5sv/XRv5mojDU8jfvpf+ujfzNJmvMe5+hxgnFFZoSDUbRH0q/x3oKg0iHRTM0x47Uzy60j
FntTDBVJsylh7ozmhDDBGaz7ixZTujrdaGo/LwOfyraGIlBnn18vjUWxzTKVPzUm3vW5cWCTDKjD
Vly27xHDqfY169CvGotT5vE4CpRehWxRin7aXbXU6Zw3I8UYp+KMVHIMZRTiKMUuQBuKKdijFJxE
JmjNLSUbALSim06qTAMU7imUuatMBaM0UVaYC5pabTqpAIOTTqQdaWrEFJS0tFgExSU6kAosAlHN
OxR1osA00mKdjFFS4gNwaUZFLg+tJjFGwDgxFPQ1FTgcVpGQmi0jGp1YVRBNWIm45rdMzlE0Imq9
A3NZsTcdauxHpVpmEkacbirKyVnISKmEhwKdzNo0Q4p4cGs7zsCni44pk2NEEGl4NUFuuKcLn3oC
xd2igoDVX7R704Tj1oEWPL4pvlc0wTj1pwmX1osAGIelNaLPapBID3FL5g9qLAQ+Tx0pjQ+1WwwI
o4NKwXKBgOelMMPtWltBpDCCOtFh3Mww0wxe1aZgFJ9mFFguZbRcUzyq1Taimm1FS4juZflmm+Xz
Wr9lpptKOUfMZnl0hjrTNrTTa+1LlDmM0pSbK0Ta8dKYbajlC5QKUmyrptzTTBipsO5SKUhU1aaE
00xUWGmVyvFNxU5j5ppSiwXIKSptlN2VI7kdB4qTZSFKLBcjxmjFP20baLBcixRipdvtRt9qLDIs
UYqXb7UbaLARgcdKXHtT8UYosAzFLinY9qMU7ANxRgU7FG2iwDcVNaD/AEuL61HiprUf6VH9azqr
3JejKh8SPYPCP+rFeoWH+rX6V5d4R/1Qr1HT/wDVr9K8Bncf/9X341j+Iv8AkCXv/XJv5Vs1i+Iz
/wASS9/64t/KlL4TSl8aPllz++m/66N/M0Bqjd/30vvI38zQGrzHufoEKi5UTA07OKiB9KfnNI1T
TJAaXg9ajDc08GncvQUqDTTGvpT80oI9KdriaXUgaAH2NQS2iuuHHB71fGCelKUFVGTjsZ1MPTqL
U5m5014SWUbkqkUwa7ExjGMcVn3WlRzZaMEN9eK9fCY9fDU3Pm8dkurnTOc280hWrktq8LEMp4qB
kK9a9iKjNXPmZp05cskRFaTbUxWm4pSpEpp7EW3mgjmpdtJtqHSHcixRipMUm2odILjMUYp2KTFQ
6Y7iUUuKTmp5Wh3A0CiijUQuaUU3vSiqUgHUuabmlrSMhWHA0U3NKDWnMA7FAFJuNKDVJ3AWkpaM
CqshDTRilopWASkNOxRik0A3FL3pcUlKwDhUqMaiBp6k007Ca0LsLc1fhas2I4q9Ca3izCaNBG4p
4aoENSA1ojJokzRmm5ozQIcTSgmm5pCTQIl3HFAciosmjJphYm80inecar5NG40BYtC4OKVbk5qp
uNKCaAsXhdYpwu6z9xoyaA5TRF57077XnvWZuNG40XFymqLoetOF2PWsnefWnbzjrRcOU1xcrSi4
Q1kBznrThIR3ouKxr+ctKJFNZHnGnic4607isau5DS/KayxOfWpVuSKVwsXtq9KaY1qutxzTvPFA
WJDCKjMAp4mzTt4NFhXKzQc8VE1vxV7IppANK1xpmcYDUZgOa09gNNMQ9KOUdzM8kim+Qa0jDntS
eT7VPKVczDDSeSa0zD7Uhg9qOULmb5RFHle1aPkZ7UfZ6OULmd5XtR5VaHk+1J5Ge1LlC5nmKm+U
a0DDz0pDCPejlHcoeVR5dXWhphiNHKFyrs4puyrXlGkMWKVh3K+ymleasFDTShosFyHbzUtqMXcf
1oKU+2X/AElPrWdVfu5ejKg/eR614Q/1Ir1Gw/1a/SvLvCP+pFeo2H+rX6V88z0D/9b36sXxJxod
9/1xb+VbPWsbxN/yAr7/AK4t/KlLYun8SPk6R/8ASJf+ujfzNKsg9arysRcS/wDXRv5mmqxrznHU
+whWdkXg/vUivVESVIstTY6I1y5u9DTg1VVcetSh/ekbxqlgNTwwqvu96cr0J2N1JMnDc1IDkc1X
D1IGq73KTHke9KM9KZnmnbqL63B6jZoI5lIZQDjrWTc6c0ZLKpYe1bYPFBKlcEV3YbGzpb7Hm4zL
KWIV0tTl2h5xjmomi56V0NzYrIodOvpVNNOu52IgtWf6V9Dh8ZSqx0Z8Vi8BWwsnzLQxzHSbMVrn
RNXBP/Eum/I/4U3+wdYP/MNmz+P+FbucO5yLmexkbaQgVsf8I5rjf8w2X9f8KafDWuf9A2X9f8Kz
c4dx6mORSEYrYPhrXP8AoHS/r/hTG8O62oydOl/X/CocqfcZlYppHNaT6Lq69dPm/I/4VCdL1Net
hLj/AHT/AIVD5RlLFGKsmwvv+fKUf8ANIbO9H/LpL/3yam0QKxFIM1Y+yXn/AD6S/wDfJprW10Bz
ay/98msmkMhpc0/7Pcf8+0n/AHyaaYZx1hk/75NJOwxAc04GmlJQP9U//fJoCv3if/vk1SmIcKdm
o/nH8DflS7j3VvyrRTQh+aUGmb8fwt+VHmqO5/KtFNMViTijio/OXsT+VL569yfyrRSQEnHakpol
U+v5UvmL2J/Km2rAOxSUnmL/AHqN4PelZAOAp6imAg/xVIpH96iyC7Jo6vQ9qpx4OPmq9H0HOa0i
YyLUfWpgKjjHFSgGtUYsKKXBpOaCRaSjmloASik70tMAooopAFLSUZoAWikzRQAUc0UUBYKM0UUA
Lk0ZNJRQMdup2/io6KBEm6lD1GKXNAWJhJSiSoQaN1ArFkSmpBN71U30u+ncLFwT+9OE2e9Ug9Kr
0XFYvCUetO8z3qiHpwf3pXAuCUU7eDVISUvm1QrF3IoBFVRL704Se9AWLPBpce9VxJ70qyc9aAsT
kCk2+1M3jPWnbwe9AhfLFIYwe1G73pQfekA0w5qMw1Yz70hFAXKph9KYYjnpVvApCuaVh3KRiOel
RtHV8pTGizSaGmUNlOhX9+n1qy0eDimomJAcd6yqr93L0ZcH7yPTfCP+pFeo2H+rX6V5d4Q/1KV6
jp/+qWvnWekf/9f30dKxvE3/ACAr708hv5Vs1i+J/wDkAX3/AFwb+VJ7FU9JI+RpJF+0TevmN/M0
gwehqrMf9Kn5/wCWjfzNNDEdDXI46n0UK9kXipHvQBn2qqs7r71MLkH7wxUuJvGsmTAkU9XqNZFb
uKeRnpUNG8Zkok96lVxVTBpwYipcTaNVouh/SpFfis8Oe1SLKamzOiNUvhxTgwNU1kqQPRc1Uy2G
GKcCMVWDU8E4p3NE3e6JweuK0dI1270S4WW3SKRQclJE3ZrKVqeprSFXl+EirThWVqiue5eGfGek
a7EkctrDBP0IKjk11hhhC8W8J9D5Yr5iRnjkWSGRo3U5BU4rvPC/xIvNOdYNXkEkHRXJ5/GuqFZS
3Z81jska96lseutCgGfIhB9NgqLYv/PGH/v2KNN1Sy1W2We1lR1YZwDnFWtnUYrdS7M+flTcHyyK
LKP+eMP/AH7FMMakcwQ/9+xV3ywTUbR4NPmkTZGe9vE3W3h/79iq72Nsc5tov++BWqU9qjZPahSl
3DQxX0uxb/l0jP8AwGom0fTz1sk/Ktsxj0pjRD0NDlJdR2MCTRNOzxZpVeTRNOx/x5Ka6FocnpUD
Q/N0NLml3Cxz7aHpn/Piv51Xl0HSz/y4j866N4arvDzS55Ac03h/Ss82I/Oom0DSB/y4j/vqujaH
npVeSHmjml3CxgHQNGPWw/8AHqb/AMI/ogP/ACD8/wDAjWy8VQNH9aOeXcLFFfD2gHrpv/j5qVfD
Phxv+YZ/4+akxtPJNSLIR3p+0n3CxF/wifhtv+YaR/20NKPBfht/+XDH/bQ1aWc+tWY5uOTTVWfc
LGX/AMID4bfpbEf8DNMb4b+HX/5Zlfo5reWXnqKmWXPTiq9tPuDRyrfC3w+/RmH/AAI/41Xb4SaC
w4uZR+P/ANeu3WQU/Puaarz7iscA3wf0MjIvZ/wqB/hHpCfdv5x+FeisBj/GoJVGO1XHETDlPOZP
hrpsH3bxzj3qjP4StLbpOxr0K5U4OcVg3q8HFd9GpJ7nNUOMk02KHgMxqAxY6Cty5Tk9aoMgzXow
1Ryt6meU5ppXFXTGM0xovaqsK5UxRirDRimmM+lA7kBUUlTmM46U3y/agCLFJipdtNKnNIYw0lPK
mk2n0oAbRTsUnFABRRRQAUUUUAFFFFABRRiigAzS0lFAC0UnNHNAC5pTTRSmgBRS5ptFADs0uaZR
QFiTdRmmZoyaLiH7qcGqLJoBNAEwf3pwcjvUGTS7qALHme9PWQ461Vz70oY0CLYk96eJPeqYY0u8
0xNFwSe9SB896ohz61IHNAWLWadmqquaf5nNAiekxUYf3pd1Fh6ikc0m0Zpd1GazrL93L0ZVP40e
ieEP9Uleo2H+rWvLvCH+qSvUbD/VrXzT3PUP/9D37tWL4n/5AF9/1wb+VbXasXxP/wAgC+/64N/K
k9iofEfHM3/HzP8A9dW/maZTpj/pU/8A11b+Zpua53uexH4UKDQTSUdaC0x/0zSh3ToaZ0NOpWKj
OROtzIO1Srcg/eFU6M1LRqq0kaAljY8Gnk/3azgTUiyMvepcTohXLwY04SEVVScHrUylX6Gs3E6Y
VCdZamWXI61UIIoDYOKVrHRGrYvLIKmD5FZ4fFTLJUtG0aly4p96fkYI+UZ6k96qrJ3qQSAnpTUj
VSurM1NJ1a90SZZLGVkwckbuteteGfiNp+qCO2vW8i66crjP414rvBFKD8wdeGHQ+lawq2OHFZbR
rq63PqJSrLvXa69iGzSAA/Q14d4X8f3uiyrDdgzwHjJJ4FevaNr2n63aie0mHunfNdcKikfKYnAV
MPLVXNF4xjiojH7VYBJ4PFBweR0rTTocKtcplMdqay+1XCgNRslAtepT8vvUbJnjFXdhFNKZ60AZ
zRe1QtD7VpNHUbR8dKQGW0PtVeSD2rXMXtULw0DMaSDjpVZofatt4cjpVVocHpRYDGkg9qrGMitm
SGq0kApAZnK09ZSKneCoHjI6UAWEnqZZves3JWniUigDWSX3qwstZCT1aScUAaO+o3YGoFmBoZxV
xZLK1z0NYN33rbnfIOaxbogg16FB6nPUMO4HNUXUZq9cnmqLnmvXpvQ45bkRXmjZTqK0RJEUBpDH
UuBQRQBWKUhTipytJt4osFyvsphTmrWzjimFeeaVh3K5XFNK1OVOegprIO5ApWfQaZBtyKQrUhIH
GR+FN3p/tE/Sj1QXGbaMUuJnJ8uFm/Cnpa38g+W0aj3e47sixiira6RqspAWzap08La3IeLZhn2q
XUgt2UoyZm4pMe1ba+CNdkHMRUfSpk+HmuOOOPwqHWp/zIfJI578KPwrph8NdcPVwPwqQfDLWj1m
H5VP1ij/ADD9nI5TGe1GMV1o+GGsf89/0o/4VhrP/Pf9KPrFDuHs5HJUfhXWf8Kv1j/nv+lMb4aa
yP8Alr+lH1ih3D2cjlvwpRx2rpW+G+tgff8A0qL/AIV5rg7/AKU/bU/5hckjn8+1L+FbbeAtdXtn
8KY3gjXl/wCWefwpqrB/aDkkY5z24pOa1G8Ja4n/ACwNRnw1ra9bY0e0h/MHJIz80A1cOhawv/Lo
ajOkauvWzNUp+aCz7EGaMmpDp2qDraNTTZ6j/wA+jU+ZdxNeQ3NGTSm21D/n0ak8i+HW1ejmj3Fb
yFyaMmk8m9/59X/Kjyb3/n0elePcLPsODGnZpghvf+fR6eLW/PS0c0049x2fYUGl3mk+x6jnH2Rh
Ui6dqjdLM0nKPcLPsIJDShyeamTRNYkPy2h/KrKeFdalPEO38KXtIfzIXs5FPzOOlKJPWtaHwHrk
xH8OfatOD4Y6rJjfcbfwqZYilHeQeym9jmRMi9aVZ42cKH5Pau5tvhRJkGe8NWtS+HVnpOiXV95+
+SFNyj1rnrYqm4NJ9DWFCSabJvCH+qSvUtP/ANWteXeEBiJM+teo6f8A6ta8M7j/0ffqxfE//IAv
v+uDfyrZPasbxR/yAL7/AK4N/KlLYcd0fG8//H1P/wBdW/maYDmnzj/Sp/8Aro38zTAMVzvc9hbJ
C5pwpuKcKCri0DNApaVikgooooKCnZpveg9aLDHgn609XI5HFRg0ualouLaLSXB71Msiv35qiKcr
Y6GoaOmFVou4NLnFV0lIHNTiRWFQ0dEZJokWQipFlqHAI4NJgik0bwm0XUkzUivzVAMRUiOc8moa
NY1Gi9vU/eycdKvaXq9/pM4ms7gqR/DnisgPUgcd6qMrGkowqK0ke4eFfiDbaukdveYiuenzHrXc
Z44II7HtXy4CSyyjKyJyrg9K73wp8RJ9NMdrqcxltiAvmMN3/wCquqnW7nz2Pyhr36Z7OD68Up5q
lZ39tf2yz2k6zRHoVbOKs7uK6k09j56SadpDygIqNo6eGp3Wgm6WhXMdNKVaKg1GVpAVjGDUTxVb
K01h7UwKDQ1XeH2rUZM9qiMXB4oAx3hz0FVngz/DW00Qx0qB4OOlIDFeEY6VUlh5rbkg9qqSQHPS
kMxXi9qj2AdK1ZIOOlVWhx2oAp4NSB6GUg9KaeOlAE6SU8y4qnvIpfNzTW4rD5pMg1jXL9avTPjP
NZVy+M16FDcwqIzbg81Sc81Ncyc1TduetetTempxTi7kmaMiotx9eKcGXHLYrdbE2Y8nBwadziq5
nQHPzP8ASp7e01C7IFtaTMD/ALNJtLdiE7013ReCwrpdP8A63fgNJC8anqSMV1emfCmJcPePk+ma
554ynDcuNGctjysyoDgct9amisr+5IEELEHpwTXvFl4J0azC/uI2I7soNbUVlY24AitoRjphBmuW
eZRXwo3jhn1PBbTwTrl6BmMoD3Kmte3+E+oTBTNcSDPUDivasjHyLt/Cgs395q5pZlUlpHQ0WGSP
M7X4RWcagzzOx7gtWrbfDXQ7cfPHux6muyZSeTuIqN12LvYfKKwlia8vtGsaKMGHwjodryllE31X
mrSaRpcf3LGJffbRd61ZwttXOR2qF9RupIvNhh3Rj0rkeK1ac7tGvsraWLXkWicLaoPfbS4gHIVB
9Kp2uqxagDbSsY5egB4rH1yxvbD5kkdkJ7GuetiuSk6nxFKGvK0dC1zCp271Bp3mkrlHyPbFcizJ
LYhg8rS+grU0KBhD5k0rrjoGNFPERqSSS0Y5U0nobHnSZPzNxTVvFJwJcGlJByy8qe9c94ksTD5c
sErKzHGAa2qycIXWooxu7HR+fLjKuSPWkEsrDIc/pXLQ3d9p0EZmDywnuKhudRP2+EQTPtkOSvpX
PDFxaV9ypU2mdd5sv99qQyyjq7Vk6xJcWFvFcBjtb1pml6pNqD/d+UCtXXgqypPcnldr9DZFxIf4
jQZn7sRVSS/tYZPLaTLelMjvreRiDkD1rW8XpFpkuDXQvecw9TSeZ6hfyqFZYZAfLk3EdhTsk9qf
NF6RE0h+9D1jT8qCIj1iT8qbijNP5C0FMdt/zwj/ACpPJtT1to/yoooUh2iNNrZHrax/lTRZafjm
0j/75qSiq5pLqKy7EJ0/TT1soT9VqM6TpbHP2KH/AL5qyaKOeXcLLsVv7J0r/nxh/wC+aP7K0r/n
xh/75qzSYo559wsuxW/srS/+fGH/AL5p66dpo6WUI/4DU2KKOeXcLLsR/YtPB4tIvwWni3s16Wsf
5UtFHNLuFl2HBbcD5YIx+FKHA6IB9KZSik9R2RIJ3GcEilNxKR99qioqbICTzXbqT+NZHidyfDGo
Z6+Xx+daecVk+Jj/AMU1f/8AXP8ArTAwvCHMSZ9a9R0//VrXl3hD/VJ9a9R0/wD1a0Af/9L32sXx
R/yAL7/rg38q2qxfFH/IAvv+uDfyoew47o+O5h/pE3/XRv5mmFc1LL/x8T/9dG/maZ0rmPcUboZg
igA1IRmgLRcfINAxS9aUA07bU3KUWMxS4p2w0baVyuVjMUU7GKMZouKw2lzRtNJVMNh4PrTuKjpQ
amw0yUHinq2KhBpwPNS0bRk0WVkOfaplfIqoG4p6Maho6IVC0RTckGmCTmpAwIqWbqVx4finrJUX
ajJApWNFJllZKmRwc1RDmpFlJGCMVFrbG0ZtrVnSeHvE174euhJbs7RYIaIHg/hXsvhvxhp3iO0D
QyiO4Xho2PIr57jkxwSfwNWLS9ubKdZ7STyplOd3rW8KjRw4zAU8QrxVmfT4478HpTwa818KfEqO
8KWmqAJKBt34+8fWvRFlDxh0YFDyMV2wmmj5WvhZ4d2ki12oxUKvx1p4aqOYUrimMuakB5peKYrk
JHFMK5qwVzTClAyqYiTUbxmrjL6Uwqe4pAZ7x+1VpIa1WjzULRCgZjSQcdKqPAea3JIQaryQjFID
Akt+OlVHhIroJIAR0qnLbgDpQBhshFV3LKa2Jbfis2eHac5prcChLL1rLuHJB55q/dfLmsmUSynb
Gm5jXbSaW5hNN7FC5fD81nyXCgkDczdgtdRY+D77UW3SsY1NdhpXgPS7TbJcZlYV3fXIQRh7GT3P
LrSw1PUHCW9pIM92FdbpXw01O7YNdSRxoeoIOa9MggsbQAWtuEx681ZNw7AZ2j6CuaeYylokXHDW
1bMHS/h7pVgim4ZXYdiK6i2tbGzUCCFMD2qqJMmn+aSeea4p1Zz3ZuoQXQ0hc7hhfl+lKJCepNUB
LzUiy+9Z69GXbsXg3PWn7uKorLzUnmHtTakldhctBu1P+XGC3NV0fJYfxY4rkb/UL+LVym4gdVWu
bEYh0YptX1KjHmdrna4IGeKYYwwIboa5yDxJJC/l3kWOPWtq11a1uk+VgKmljKFX3b6lSpSWxR1b
Q4rq3ZrcASCsnSdRfTpza3a4UHFdbHNE5IjYP61iahobahfF1bYlc+JwrU1WoL3vzKhUsuWRV8RJ
ZLbi7t2Auc/Kq1Nbm5vdBc3EJ8wLwpq9BoNqjIZv3m3ua08AAKqgAdq3pUZqfNPZrYUp2OE07Tb2
GTeYsg9iKv3WlXd2VEZ8te4FdJeXS2aBio2HrTYLq2uotyHk1hToUKTdJy318x3lLVLQo2ls1pai
F+WAxmqWp6TJqe0K+Atb/kkrnHSmmEDqOvvXoOKkrPYy15row7TTnt4Rb3OHQdM1m3XhhDcieFiM
NnFdUYz9RTfLOCKylh6clZFOo9V3OZ1WxvbyBLccgVDo9pd6fG8LJ8x6NXVBCvbmmOu45I59aJYe
PtVUe4KpaPIcLLb3Npqvm3UbyITn5RXQx3FjcQhVideOela7Rq4IdQR9KrfYLVSSsbBj1+as6WGd
G7j1HKpczLCC1sp3lW4Az/Cxp0+t2qsViDM1OuvD6XLbllKH6ZpJdGih08pChab+9mtL1VothJK5
Ug8QrJciF0IYnvW0wCgPnr2rjYbO5tL5JJYiQDySa6yTUrSK3WV3AIHSsMHWqvmVV29SqkFb3SfB
xkkZ9KTDAZIx7Vyt9rs0lyrwDCk4rTGsNbQpJcnIPf0rWnjadSemwnSaNfnGePpRUNvcw3sQlhYM
D6VLkZxXRFqTvF3MwNFFJnNNagnd2Q7ikpKWgApKWkoAKKKKAF4optFADqKbRQAvFZXibH/CNX//
AFz/AK1qVleJv+Rbvv8Arn/WgDD8If6pPrXqOn/6ta8u8If6pPrXqOn/AOrWgD//0/ffSsbxR/yA
L7/rg38q2e1Y3if/AJAN9/1wb+VD2HD4kfHkv/HxP/10b+ZpB706YH7TP/10b+ZpuK5Hue9FWFxT
lFJmnCpZvFDgopQmaBTxSbNFFCbKPLzUgFOC1NzRU7kBi4puzFW9mRTfL9qOYfsSmUNN21cMVMMW
KakZSotFUDrRjFSmPBphWq5jLkaEHSlHWjpSZoFqiQNTlPNRilU0mjSLJwc05SRUQPFPDcVNjeMy
dG9aeeTUAapA1S0bxlckxxSc0A0tTY0TFVsHmpFb3qIg4oHFD2Lu1qWQQSDyCOjg8iuy8K+P7/RZ
Ft7uUTWp43P1FcNu4FSb8jnmnCbiKrSpV1aSPpjSdYs9atRNZSpKuMthuavq+PavmnStZvdFuFns
pnA7x7uDXsHhfx7p+tQpBcyeTd5xtJ6muynVT3PmsXlc6bco7HdBiakVvWqocg8lcY7dKkDnqeQf
SttOh5LXkWAaMVEj0/ec0EilM00r7VJnIoNMZAVphSrBFMK5NAFR4/aoWiyDxV5lNRlM0AZzw8dK
qywZ7VrtH7VXeI4pWAxJrf5elZk9ru6CumeEnrVSSADtQBzJ0lXbMlXLaxt7f7kQLeprRaLnpUJj
wafOwsTxzMOOFHoBVgOcdapqMVMre9G4FoNgdadv96rbqUNQBaWQ08SGqganbyO9AFvzTmpFl4qi
JDnmnCTC9eaAL4lJ4B6dKqajrUemxBg2ZD1FCSfxHqBWHbtbXOtMZzls8ZrCq1Hbdlxszb03xCNQ
cKBtf3FS63aG4hF5Fgzxdh3pqJDE4MajPqKpazqs2mLEycxv296rkl7P32Gz0GaXD/bzGW+2xGP5
StNk0q5TUBHbErB3YVn2mnXd3eC4LlIZPmwDXXxSiNFj64FclPDU6q/eK3mW6rSJrC2j0+Parlyw
5Jq+suVxkYrLWfqM9etPEw49q7oxUYqK6GN7mkHGetPDDP4VnLNU0cwPWrVr6gUfEEg8tUxnIrCi
WWFA8chAHbNXdfn3TKAegrPgnCgAnIPavCoYKOOx01UukjTEVfq9BW6mxZa3IrBJuV9a3YbiG6XK
MufSuQki2tvBAX3qP7Ulo24XCqfrXXPD4zBe9B+0h+KM6eIp1dJaM7cpjjAx7U0xj0rn9O8TwynY
0gOPQ10MNzFcAFHB9q1oY6nW208maTpNa7oYY89qjaL2q58v/wCqkIB6V1qy1RnaxSMXtUZix2q+
UppjFMDPKH0pm0r0OavtH6VGYhRcCk8ayKQ8YP4Vm3ehWt2pXBU1ttH6VGUOetS4QluPmaOaOhrb
2TKq73zwaydPsUkuHi1N38sNwD0Fdw6nOagntIrlSJAMnvXLPBwm+daJfiaKqyjbWtnp8RFvKvln
oM81KLm2xgSA1Rj8NrFctIZSUPbNYmq7bOXEIcL61U6ypx52rIle87HTi8tC20Srn61IDnn+Hsa5
fSdHkvJPtUr7IgfXrXTNPaxIIxIuxfQ0Yes6kOaordhzglpHcfRSRyxTHKOKcVK8mulSTIasJSUA
HrS0xCYoxS0UAJiinUhoASiiigArK8Tf8i3f/wDXP+tatZXib/kWr/8A65/1oAwvCH+qT616jp/+
rWvLvCH+qT616jp/+rWgD//U99xgVjeJv+QFff8AXBv5VtGsXxN/yAr7/rg38qT2Khuj5BmX/SJv
+ujfzNMK1akTNxL/ANdG/majK1xuWp9MqehBg04U8pTcGlcTi0LSgnNNJ5pwpWKTsTKakUioAakV
qlo6ISJ+vSlxTUNSioZ1RSYzZQY85wM4qULW54SsE1LXVtZBkNiiOrsFVJRbOZaL1+lRPDzW7rlg
bDXLq3K4VXIX86zmjzVXtuYxpxnG6M5ojmmFDWg0VQtF1qlIwnQKntSZ5qcw4zURTmquZOFgBp4O
KjwQaXdT0JvYlBqRTzUCtxUgapaNYTJ1NPBqBWp4apsdEJE+eOaMelMBpQcGpaN73HEYFGSOlKPm
pcVNyxN3OQKkRykiSodkinIYdRURFICaFoD1VmekeFPiTLZGO01QF4iQBJjJr1izvre/iFxayhoi
Mgd6+Y15OMcd63fD/irUfD10GglaWH+4zV0U6zSszyMZlsZ3nT3PotZBTw+a5bw54vsPEVrvEixT
dNhPU10QkZQAwxXXGSlsfOVKM6btJFtWx1p241XWTIp++qMywOaABUSvT1agBSuajIqYEGkIFAEB
Q1E0Zq0y0wrQBRkjqrJFmtN0zVd46AMl4sVXdQOa05UGKpypxQO5TPFAanMtN6UCHhqXdURPNLmg
CUNS7jUQI9aXNAEm/wBaenJLZ6DNQbqhvml+yFIPvtSb926GrENvriS6g9s4wg43YrN1rT57Sf7X
asXXrxVd9HuYo9+WLnnikh1K8tW8uZSUHUNXlzrOTca8bdmbKCjZxZctNYvYY9zx5GKktkutcud9
yNsK9BmmP4hhASIWwLNW7AdlujqoUuOlXhqTqLSpzRQpz6Wsy5G6xRLEh+VRgUqy4qru596UPzXp
W0szJu5bEpFPExqnvp2/igRdWfNSpMd1ZyyYNSrL1+lCE9nYyNZuQ15yflHWub1Lxpp2nK0aEvKO
AAueav67MXSUKcGvOrDQPPvZJpNzkvxmuDJ61ONWrXm9Ex49KShT6mq/iXXNZYiNfKi7EnFA03VL
ofvZiR/vVtxW9lpcQa5IXjpWZeeObWyJS0iDHpk1vUzyrKdsNC6KoZXWrK9rFvS9GvrB/MSYt7E1
19lqFzHgHIavLpfHOqXLfuIwB7f/AKqkj8Q+JJcMkJwPb/61ebicHjcXLncbPyPSp5e6StKa9D3K
x14jCTr26gZrbhuoZ1BRhmvndfE3iRWDGEkDqDn/AArqtD8dXJwk8IjYdzmrhHMcKv3seZeQVcFB
r3Zo9jxgZJo4rm9P8TLMq+bgit6K7hnAZXByOldtDGU62kdzgqUpU/iJduRmm7BTySRgUV1baGdi
LyajaKrIppWhBqVGjFQtHmr5TNRtHR1EUdh6HpVW6023vUCSrgeoFahjqMx4oklLSSuO5yeu29zY
W0cdlzFjnmoYbKzjs1uZZyWIyy5rrmiVxtkUMprIuvDlvcPuRiq9cVx1MOlU9ov+AaRmrWZVto7W
8tmltJCHAzg8VHpl7eSXDwzx7VU9T6VXuXh06cRWQJkHVRT2n1S7TZHD5ee+KwjiFD3Wm5eSuU4G
3hX+aNsj2pOufasextdTsJd0jlo2PORW4CkgDRtn1rvpzc1quV9LmUo2I8UYp5XBpMVo7LTqSJij
FLRQAmKMUtFACVk+J/8AkWr/AP65/wBa1qyfE/8AyLV//wBc/wCtAGD4Q/1SfWvUdP8A9WteXeEP
9Un1r1HT/wDVrQB//9X36sbxL/yA73/ri38q2axvEn/IEvf+uLfyqZ7Fw+JHyY6/v5f+ujfzNRla
sSD99L/10b+Zpu2vPvqfZKGiK+ymlKslRTGSmmQ6ZWK+1IvFTMtRkYqrnO4C04GmDinCgpEyNxUy
PyKqg81Ijc1DR0052LoIJrsfhrF5niHzcZ2Ec+lcSjY57V6N8KIczXEx6bjj8KKSfNqTj6vLh2xP
ihpP2bUxfJHhGPOBXB7OAfWvcfHen/2l4ZumQbnjjZh+FeJRjOUPBXqDVVo2YsqqqpR8yFkqF4/a
ru3POKa0eayPSdNMoGPjpULRc9K0mj4qFo6akc86KZmtH7VGyEVotH7VC8Zq1I5J0LFLBBpwNTNH
ionUirujncGhwbmpA3NQDOaeDzSaKjKxZDU8HPWq6tUgapaOmMyYH0p2aiDU8GpaN4yHigikBFOq
S9xhoDetOxmk24pbhrEnt7ieznFxbStFMvI2GvUfCnxISZY7PV2Pm8ASNXk2SDwfxpSA3Dcj1rSN
Rw0Ry4jCwrxd1qfUMcqSRh4pFkjYZ3qelSq+RgnmvAfDHja98PzqkjtLaD+A5Jr2LQ/EWn6/b+ba
TANj7j8H8q7IVVJbnzWKwEqTulodCr9vSpA1U0k/hJ59KmVu2a0RweRaDClBzUCNmpAetMCbrSYp
gbFO3fWi6Aay+1V3WrQORUTjmi4GfKvtVKRetaci9az5lPNMChKtQGrMuarP1oASjNNooAcKWm5o
zRcB4yenWgOCflbLDqBUc0git3kY4AFcraapLbXkshYshNY1sRCk7S0LjBy2OwDvxknHvWXqlzbw
uFmhQq3ViKbFr9vKfnJH4VFrk9tcWQaMgsRwKmtWUqXNTafkVGEoSvYraZYCfU/NHzW45Ge1dKW+
bA+6OlZ+jReTp4B6GrgJK1WHhGnBOKs2TOXM7ku7PejNRilzW17kEm6l3VFmlzQBMDTg2Ec57VCG
pHfEUn0pN2QJXZzGoEzTyKOazLrUrTw9Z75NrXBHC+9S6xqP9mQzT4y3QV53HHeeJNVDEllZhyeg
FfP4HBTxVSSWkep66hT/AI09kPnn1LxDenJmZWOcdq63QvBECKJL7GSOAelb+n2lnpluIY1Bkxjd
jpU8ok4O/dX2FDDUqMbQVmeXi83rT0paIZFpGn2b7Ut4iPXbWpE0EcBCRIO3AqmTvgGSFb3NOVgI
tqsC31re9/U8mc5t+87k6mFzjyU59qmeCwCbTbRFz321UjkEeSeWxR8ztu6H3p8xCnYtJFFEMJgD
0FWYbm5hbdE7ADtmqiiNOS2TTzdAcKK87F5Xh8Qrr3Zd0dNHGVqWl7o6ay8RAqEn4I7mtyC6inTM
cimvPN4fqBUkNzNbHKOcZ7V5MqONwmjXPHud0KtCs97M9F3DGAeaASPeuZsfEQG1JuPet2G7guMG
OQE+lbUcXTq+7f5F1KTpq/QtUEZqMHn7wp26uozEKUwx1LmkHNAFdkpm3FWiBSFaNwdjmr7RMXX9
owjkclfWiLVprlWSJAjKceldFt6jPB6isCbRfL1LzPO2RP6etc81Kn71JbmkfNkJg1S7yHnZYzxw
aLPSruwmJM7SIexNVNQM9lfCNbkmI4PBqpLqd6k22As61zPEUabvPWRXs5HSlTuzt4pCvGR0qvpV
xc3IPnoVq8U25UV3U6ikua1jJkGKSpStNMZqxEdGaftpNtADDWT4n/5Fq/8A+uf9a2CKyPE//ItX
/wD1z/rQBgeEP9Un1r1HT/8AVrXl3hA/uk+teo6f/q1oA//W9+rG8R/8gW9/64t/KtmsbxH/AMgS
9/64t/KlL4S6fxL5HynIv76T/ro38zRinyD99N/10b+ZpMV5j3Z93GPuoZtzTWWpcUEZpXBxKzLU
e0VaZfaoyvtVJmEqZVZeaBU7L7VEVxVJ3OeULAKVD81Mzg08c0xXsP8AMKrx3r1z4YxCHQzMwwWk
cfrXkQQyyJGnJdwPpXtegRf2fpVvBjGFBP1rSjG8jizKt+75Ds123FvLbNyJEIrwXWrQ6brs0JXh
2JFe1Wt2AwOa88+JtiIrq3voxgFyDj6GtMRHS5hk+I5KnJ3ONXgYJzTsA1EjZUE9+amBGK4kz7Bv
XQaUyKYY+Km7UYq7IHFMqNH7VC0Z9KvlKidOalozlTM946iaLmtBo+KiePHNCbRyzomeyYpmMVcd
M9qhaPHarUrnHUpNEQNPVqTZTgMVREboduqQHiou9OFSzaMiUNTwahU1JkVDR0RkSUU0GnA1Jpe4
Yppp9BoExgPzVbsNRutLulntJWRgc4B4NVcUYA9aak0yZ041FZnoUXxd1C2t1WWwErL1cEc/rT0+
N8g+9ph/Mf4153v42jp3qvNao/K4zXp4TE01aM0eFjcr0cqZ6knxwc/8w39R/jUg+N038OnfqP8A
GvHHjMR6U9XGK96nQo1FdHzdSNSneMkexj42Tn/mHD8x/jTx8a5T/wAw/wDUf4148pBqVRWqwdLs
YupJHr6/GiU/8w/9R/jUq/GF362A/Mf414+vUVbh60ng6a6AqrPW0+KDTf8ALmB+NWE8avc/8sAu
a8ytF5FdBZDGK5KtCK2KjNtnbx6wbjqoFSrNvrEtOgrUi+6K8+pGz0Nk2yznNFIOlLWRYUc84opc
4H1oAhuIBeW5iLbQwwaqpodosJjBBal1qd4LULAcOw4xWF9uvrLErsefUVx160IS5Zq5pCLezNCX
w4Sf3Tge1Zf2eSPU4rWQEjd1qQarfSSfaIwxWtTSbxNRkJljAmXuRzXGoUKtTlUWmat+7ZmuoEcK
Rr6UuaQjBxRXsbJJ7o5h2aKQdaXNABzmlFJ3pe1ADgabMcW8h9hQKjuiRauRUVHaDY47o8+8XK80
IhT7zGrnh3Rl0rTUfjznHNTTQrcTiRu3rVje52gHgUsjglRc+4ZjiZRSpR2e5JsOeeT61Isjxj5t
p7c1DvY/dFO2ORlq9rlueR7sVoch4mm1WynM6yKIT0GDWLB4n1GCRJGfK+ma63xdHNcaWEiXcwFe
cpaX7yLH9mfrivMxDqxmuU+oy2WGqYf98tT17SdR/tGwS4Iwx61oea7cYrG8O2rWulokow2Olae9
05xxXow+HU+dq8qqTtt0JcMDUisfSoBOaX7Qw6iqTMbFkFvSpVkK/wAOaqrcN6UPfJbgmVgvsafN
bdhy3LmQeq81LBc3Fq26M/rVCHUIpQORVpbhSeK8vFZbhq7572fdM6sPiq1HbX1N+x8QngTr+Nb0
N7FOgZJPwrgi4k+UcfSnRzXFucxuR+NeXOjjsGuaouePlud8K9Gppsz0MMSOaeGFcpZ69LHgT4Ir
ct72G5TcjitqGMpV9U7NdBzpzj6F/OelLmqyy44wcU5ZueK6/PqZ3tuTY5qpqtmbvT3VWKsvIIqz
vzThJng9PSpqRU1Z6D6nJWGhzXmWu2b5TtGfStuLTdP09AJCAexatTIA4GPpVDVNKTVYREZGQ+oN
csMJTpJyjqy3VeyJlWNl/d7SvqKjMXNGn20WnQ/ZjLl+xY1b2ADI59xXVCT5SLNlFouaYyVfMQPN
MMYIqhGeUppSrxiqNoqAKZSsfxQuPDN+f+mf9a6ApWJ4qXHhfUP+uX9aAOY8If6pPrXqVh/q1ry7
wf8A6pPpXqOn/wCrX6UAf//X9+NY3iMf8SS8/wCuTfyrZNY/iP8A5At5/wBcm/lUy+E0pfGj5Xcf
vZv+ujfzNA5pZP8AWzf9dG/maAK8x7s++XwoTFIBT8UmKlJspxsrsYVNMK1MR700/WjUzauyuwqN
l4qyQKYwGK1TMZJMpspzmgGpmAqJl3NsHVuBVI5pq2tzofBen/b9XaVkJijAxn1zXrG3AAHYcVy/
hLTTpekoXGHb5ifaujjfjrmuukranzeMqupUt0LEUjIwrN8ZQDUPDRcj5ozurSUA0y7i87S54DyN
lVNXizLCz9nVTPF4G/dgdxxVpDkA1UuFa31O4iPRTT0lyK81qzPuaFS8E7l1TTlquj5qVWqkzpUk
yUgYphQU7NL2pjuQlAe1MMNWaKGiXFMoSR89KgeOr0gGagdeTUrQ5KsUUimKjK1bZajZKtM5pRK+
KXNSFaaVoJsM704NTCOaKHYq5Mr08MKgzil3YqLFxmWCcUuahDZp4NFjVTJBTc0A0Umh3uJnmj6U
mMk0uKLBdpjSgkGGHNVJLdkORz9Ku5IanZPPHWu7D42pRknfQ8/FZfDEX01MxXxx0NTq/NPntVb5
l+9VZWK9RX02FxkKy8z5PGYOdCVrF1TyOc1ch61nwuM1ehOTXVJtaM4OW5s2h6V0FlyRXOW3ODXR
WJ5WuGs7o0j2OhtB0FasQ4rMs61Iq8upubRJ14FLSCisCwoA3MAelFKoO5T156U0k9wMTW5/JvIT
1VTk1W1TVk1C2jhCYK98VcvbaO71RFkfaAelPk0WzH3Jlz9a8+rTrylaDXzN4uPUZYa1ZwWohljX
IHpVfRwJtWkmjG1M8Cpn0G2dWKzqWA45p2gW01vM4kHHY0U1iFJKaWgTcbaGw3PNJStyDSV37aGA
UYopaAAUuaSigBwNV79ytm3vU9VdTOLI5rDEu1GT8i6avNHMhGc9DVnytq5LDFQRSnHHSlLsTzyK
6Mmi1hInFjJL2rRMZgvCj8aZl3kAJyPamcE49amGIlz3PFem12OVbWFl2hguAwpXSGPb+5TPXOKi
U5kz3p11cwRbQ7c4out5aBd3JphuCvH+VOSQldrY/OqyalaCKRWPO35cetee3us6imoy+WX8sHiu
erioQ2dzWFOUj00Q7jhSM/Wq15cjTojLOQqj1NcNa+I7gBd5wwPrVq+vf7YtzDJMFDDnmuWWZU7e
7f7io0H1N1fEsLjMZBHb3rH1yS91R1eAMAOwIrLTRJF4huR8g45pTb6vbj5DGQP9qvPqY6rV92+h
sqSWxYiu9VtVC+Q5A981ZTxLexH54pB+FZB8SXNqfLmgOR1KmmN4wh/jtmz7kVzRhUXw/mU4Jm9/
wmhUkEsGHqKSLx7OXMYQnNc2XuNXlza2557lcV0el+DnRBNdyqgPJxXr4OnXbu2ZSVPsOfxNeyzB
1Dbc8qK6TSvF0bEI8pib0NZE72Vupt7KIySDgsRXPz280cxDDa3+xzWmKyrD1/etaS6oKOKqU2+q
PatP8Q7lG5ty+uRW9b31vcruSQZ9K8Et7jU9NQTMAYuuCeTXTaR4s88qgV42yBwK8ipTxmD1fvx/
E7o16Nf+6z13zCvepBIOO+fSuNtPETQkCdC2e9dDZXsdxiSPoT0rpwuNo4myg9QnSlHfQ0ft1uk/
ktIA/pVjzEz98ZHvXBa80y6yDCDuPSpFtdYLKxPBHrWc8XKFRqMG7FKkrXudFr2mNqUCyW8+yROT
g9aTwzNPJbvBOSxRupNYQs9WVS4bBx61oeE5mM0ySrtkB5OetY0qkqldPlaKlFKO51RGc4pNopnm
fMafkcV6hzibAaY0QNSgijGaAK5hFYPi+LHhPUj/ANMv61023NYPjJMeD9UP/TE/zoA4bwf/AKlD
7V6lp/8Aql+leW+EP9Qtepaf/ql+lAH/0PfjWP4j/wCQLef9cm/lWxWP4i50W8/65N/Kpl8JpS+N
Hy0/+tm/66N/M0lK4/ezf9dG/maMV5ct2foMF7qEx3710fhfTNG1iQ215dvBcfh/WueCjv0pcur+
ZHIySDoy1UZWM69J1I2TPVz8KdKwG/tK5APQhV5/SmH4VaVkj7fcg9/lXn9KoeC/HzKE07VZCQOF
kavTCA8SzI2+NhkMD1rtgoSPlsTUxWHlqzgD8K9K/wCghc/98r/hUTfC3Sv+ghc/98r/AIV6DjPr
n0qNl+tV7JHJLH1t2zzqX4W6X21K6H/AU/wquvw1062uY5hf3EnltuCsq4P5CvR3jyO9VZI/amqS
F9dqyRgNbrEixrnaoxUWSDWvNCTnOMVnyxEGqSscjbeo6GTGKtREMHU/xDFZwypqaOQ596bC+tzj
NY8A315qr3Vs4EbAcGqqfDvWAxxImPpXpKSbup5p5U5GCaydKLPQhmVWCSiefR/DXWmAIlT8quR/
DDXW581MfSu8hnZCBk1qW90T/EalUUbrOsSup5unws1rvKv4CrC/CjUiRuuWH4CvUI3yo5PPvVPV
vEFro0DvPIobHAJqnTikUs2xVR2R53d/D8aZbmS6vDx2OK47UIoYGKxPu96v+JvGlzq9yyxyMkIP
TPWueMwfnexz61yza2R7WFdaSvUZGXyxFNanbec0EcVlqd1rkRFMKipMZ4pMCgzcSLbSbamIxSbc
0XJ5CuyCoWUirxQVE6ZqkyJQKoNLTmjNMKkUzNqwoNOBpmCKXr7UxXJg1OzUAp4NJo1jJEopSaZm
l61JpcU80Z4pQKQimPoIDTWhWQZPBp2004Yq6VWVOV4mNelCtHlkimYzE2e1XLZh1FPVVfhhS/Zi
rZTp6V7+EzPntCZ8zjcodO84GrZnkV0dh94VzFmdpGa6awIyK66zTV4njqLi7M6W06VqRD5ayrM5
rXi+7XmVNzREwpTRilIrBlDaVThwaWjFF11C9jD1TT57vU43hJAzyRUp0FxjM7Z781Lq13JaSRNH
0J5qufECKBwd1cdSeHi/f0NEpSWiFk8PSMD5VwwYc9al0y7k8w2Uy/OnAYd6qnxBI2fLU5PSn6Ks
s1y88qlTnPNKNWlOfLTuw5GtzZHUijFONIOldq2IYlFLSYoEFOpKKADvVPVuLKrnes/WGxbAe9c2
Mf7mRpS+NHPx9SKk5Cl/4V+9TFGScDmsPxNqrWkP2aFvnfhsV2YCapYGLZw4iPNXaNFNbs2uNiKG
A7g1Yl1O327yAB0xmuc0uyS2tNzANIR1q21vE4BZa4v7Ymm9CfYIvx69ZLJhgPzrk9U1SQ6wZkO6
LJwM9q2hp9sefLFIdPtWzmFPyrnr5n7ZJSRcKaiZ0Gt2srfvAEP1q4JtLlHOCTUEvh62kBIUAnpi
syfw5cLkxOcexrmXsqmzsatdjWax0uYHHyn1zVR9DtCf3dw2T6GsKaG8tHw5fimx3+4YdiCOxOK3
9nP7Mrjtc0bmyurH5obpmHuc1WOp6ogz5ilfcVXa8VpBHF+9kP8AD1rd0rw3eX2JLhWWL0YV008N
Ul2Icox3Zhww6hql0EVB8x5IrrdO8C2pZZr3lh2ro7HTbXTUxFEgbH3sVZYk85wa9ehhoxXvo5p1
ZdCCOO206MJZwjd7imvbz3XzTPtTuBxVlAgYt396UlSRuNdUuVavQxbd7FJLUf6u2UD1JFWYdNtY
V8yVfMlqTdzhRgewqe3sZ7hxgMB615OIziEXy0fekvuO2ngpNc09EZk9g182JSBEOgFaOnaFHgLA
hGO5FbtrpcUXMgya0l2oMIoUe1edKli8W+bES5V2R2wVOkvcWpTtdGiQ5lbJ9K1YlSH5Y+O9QB88
nrTg5BzkCuqlhKdFKESJ1Jy+Jla51uzguSssQaRemfWoX8WS7jiAKmKg1PQRqDedGSHNZ8nn6fYy
QPbb26BtpNcuIliuZ62RrGVNRsaX/CT3kq/u41wBWh4YkaV5Z3ADE5rL0O/sbbTpDdRpvIxhhzW3
pskD25lgUKOlVh6VT2ilKdwqNW2NpZfnJqUS1mrJ71MsnvXeYGgJKkV6orLx1qRZaALgbNYnjL/k
TtU/64mtNZPesjxg3/FH6n/1xP8AOgDifCH+oWvUbD/Vr9K8u8If6lR7V6jp/wDql+lAH//R9+rH
8Rf8gS9/65N/KtisbxH/AMgS8/65N/KlL4TSl8aPlxv9bN/10b+ZpRxQ3+ul/wCujfzNKK8uW7P0
KPwoMUuKDS0iiN4lkGHGSDlWFdt4P8cy6VcR2eo7ntjgBz0WuNxSFQV5HHrVQm4vQ58RhYYiOp9G
wywXVus9rKJYn53DtQy14t4U8YXXh64Ec5M1mxx16V7Jp9/batZLdWjhkbqgPIrvhVTPkMbgZ4d6
LQcV4qB1q8V465/pULLWrPPvdGbNHkVQmh61tPHyaqSwikBgvEQai5U1qTxe1UnTBNAhYnA69auR
yZArOUhTk1NE5zx0pFF/bnkVJFK0QJJ2qPvMazL3WrLSoDLdyKpA4XPWvO/EHjm81XMFmvkQjvnq
KiVSKR1YbBzqvY9B1v4g6fpMZgt38+UjGV5wa8o1fXbvVp3edyyk5APasnkuzHLMerE0q8muWVRs
+hw+EhR0aA5JqxCpIpoWpo6yWp6ainsSDpilxxSdqBQapaCbaQipKNtJkNEWM0mOal20mOaAsRFa
bUxWk2ZoBxIimRULx4q1txSEU0yJUym0ZqPYavbBUZjx0qkznlBlXpThUjRmkCUyEmmAp4FNAxTw
aVjZXJAtIVpQadmixsrDMUgFONL3qL6g0rCqMVbhzjpVYDpViM9Krmd9DKVra6mjDGpxxzWxZqQ4
zWVbY4wK27TBYZr08Pipx916nzmPwsJXktDfsjnFbEP3ax7PaOlbEA+Wtpy59Tx3HkdiyKCKUU4V
iwGYobgZpxXmkYDbihNrYLGbrFlLexRmHgA/Maqpp1gsaiWVfMHWtqRjFbSHPAWuetNKOqyzOs5V
BXDiqd5pxgm/M1pSdjTg02zc+bEwIFXlAUAIAB3xWFYO2j3zWc77ozzuPvVrUtVityFtuTW1OdKm
uZ2jLr6ikps0xyTR2pkD+bbpMepFPrda+93M7WG96WlopgJRRRQADrWbrRxbr9a0x1rK1xtsKZ9a
48e7UGzWj/ERjRsER3boBmuAvpTfeImYcqrDiu01GQ22lOxPXNcPoY83UXkbu1EqjjhIw8jmlG9a
cjqz8oC4xxTQDj271XvbsW1wiHoTUA1NEu/KJ+U85ryFCTV0IlvHmhXzYPmUdRUNvrkEvySfK3Q1
pqAwGTlWrldYs0guy0fGTmtaSU1ytBy3OnjeGQbkkB9jSXIkW3ZkZfzrjUuJYeY3LH0zWtY2+sar
+7QNGn94itVhJy+ENEZt1dyTzFDuZwemKs2vg2910oRCUXOdxrv9C8DQQIJblwz9TmuvhhhtkCRK
Fx3x1r1aFD2fxCUnPY5Tw/4CtdJhDSpG0g/iNbz2UcCFmYLjolaG4luelZmq5bCs4rrpzd7Ic48q
tu2ZMrh3JAwO1MyKa7YbAIIFPgtprhvkBWscTm1Oi+Sl70vIzpYGU3eWgwkA7utTwWVxdMCE+X1r
WtNIRPml61ortjG1BgV5jp4nGa15WXY7qapUf4av5lO00mKEAucn0rSUqi7YwBUWc0orspYelRja
MSZVJPckJ98+tAJpopc1tfmIQ7dmhpUgiaWVsIvamgfNisfxJc+XbJCM4Y84rOpUhTheTGldkL+K
2+2EwRsYV6kV0FnqMF9biUuNvcMKxYf7JXSPLH+txz0rGtLa5d2W3kIU+9cSxlWnJc7Uovsbql1N
zxGuniy3W/MrECtfR0MOlKHXbnGK5y10iaa5QSyhtvOK6pWCqI1HCjFbYeEuZ1ZRs2ZzJ1cVIHqq
G5p4f0rrMy2snNSrJVMOakVzQBeWQVleLHz4T1If9Mv61aDmsvxQxPhfUB/0y/rQBzXhD/Vp9K9S
0/8A1S/SvLvCH+qT6V6jYf6tfpQB/9L36sbxH/yBLz/rk38q2jWN4j/5Al7/ANcm/lSlsaUvjXyP
lxh++l/66N/M0oob/XS/9dG/maUCvLluz9Dj8KDGaWlAoxQUFB6ZHWlxQRzVCE+8cY49K1vD3iS+
8OXgaCUmEn5kPesrGDTD8q4Iz3pJ8r0M61ONSDjJH0Domu2uvWUc8BAcrlkz0NaBUZrgfhTp5i0+
S6dT+8JK+mK9A24AI4JNejTleOp8NjaUaVVqJCUFV5k9quMKjdeKs5DMliyOlZ80HU1tSJxVWaLI
pMZhPFgnjgc1zniHxVDoweG3O+5x8o9DXYSw4JBHBHWvHPGtg1p4ieRlJR+jHtWc20jswVKM5e8Z
V3qN3qVw0t3MXDHIX0qMHse1RD3/AApwznmuKWurPpqUVDRE33uT+lAGDSLTh1pXN0x4PapkOKgA
5qVDzSRtBk+eOlApu7inBqZsmOpRmk3UoNFgaQtIRS0VIhpoApSKAKBoaRzTSKlxSEGgUkRYpMVL
tFBWmjJoh20hjFTYpStO7IcSuUFN21Oy0zFNEvQZijFPxSEYp2EmM6UueaQ0oIHNZ8rvobXSWpKp
4qaIEVRkuEjHJ5qH7YznCniu+jgale3RHm4nMaVC9tWdHDcCPGDmtezn8xga5O1Y8c5rpdP6rxiv
VhhY0Vyvc+axOMlXd76HWWH1rcgB21g2Hat63ztrCoci7lpRxTulCjinY5rnKGkUmBj3p5FMIos3
sAbfMQxnkMMVylw01jdvBbuy7j0FdWMjkdarvaQfaftbkAqO9c+JpvERXK7NblQnynNmxurs5l3b
/U1P/YjJAWkkCvjjJrZt9Viu5WRdgVT96q2sTW15H5EU4Mh4AU81zrCYdRve/wAzT2k3sibSgwtS
kjgkdMVdIxXNWsN5o92j3JPkv0ya6cgMiyKcq3IrsoybVrWsRJdbjSMUlKeaStLMgKKKKGADrWRr
gBRFP96tb+KsjWyN6D/arhzG3sNTah8ZxPiy6ZLVIVPGKwtAT9+AOuc1b8VS7rtI/rWfp1x9jucn
pis5e/SSTOd3vJlrxBIWnCrwwbP0rJLOWyT8/Y1NqFyLu5MhB5OaSC0num+RML606UOVcqROi3JU
1i6ijCFxx7UsVvfavOMBiPpWzp2gRj5pfmf0rp7aJbaMBUVcDHAruo5e2+ZoxnXtsjI03wta24V7
ldzema6OO4S3QRxIqqPaoo45Z2+VCxNalto+wb7k7QfWvR5KdFaGKUpu7ZLYyT3QGDhRWlIyQLl2
AwO5rLudUt7QeTb4Bx1rJeae9cD5m56V5WJxtGnq3r2PRpUpv4djTvNZJBSDrWUPtN4+SWbNaNpo
x4aUbc1sRwwwDCKK4lHE4pa+7HsbqMIa7szbTRUCh5sk9hWqiJEAEUCjcfwpRXbRw1OgvcWplOrK
ejF3Z60Zz1pKUVu3cgKUGkpRQtAHZopKKaVwJI/vFjwF6muU1KeO61UK0mEAxjNbWt3gs9PZUP7x
6wNGjtQxe9YZY5ya4sVVSmqUra7m0Iu10WjokuwyxsSre9QeXfWQYhSqAda6qCaAxAQOrIOlSSos
0TRSqMMKieXUpLmhp8wWIa0aMLw55s08ly7lsDpXQFssT71WtbZLOJljHGBU2QD78V2UoOEbNmcn
zbD8808NUWeafmrJJg3FOD+9QbqcpFAFgPWZ4mfPhm/H/TP+tXd1ZviRs+G77/rn/WgDG8If6pPy
r1Gw/wBWv0ry7wh/qk+teo6f/q1oA//T9+rG8Rf8gW8/65N/KtmsbxH/AMgW8/65N/KlLY0pfGvk
fL0n+ul/66N/M0gpX/10v/XRv5mk6V5kviZ+hx+FDqcKSikUOoopcUwEpp+aRQvVuKfiruh2pvtc
toAOFYEn8aaV3YzrSUKbZ7X4Q086d4V0+FvveSufritvGfwoVBFEkI6IoAoAJbgV6MUlGx8BiKjq
VHJ7DGHNMIqcjJ/nUUjJGMyMEHYmndIyjFy2IWXg1XlTIq5gOu5TketRsv8A+umNJ7GVLGRz6V51
8S9N326XYH3Rk16hIhIbIrnvFemC/wBEnQ5z5ZxgVnUWhvg6nLUS8zwcYKhx34pvQ0sYJjX5cMDn
FBFcO+h9Vra44GpAeKgFPDUWKTJwalU1WDVKjZoNoSJgaeGqH8acDSNkyyDxTgaiQ08U1saIdTqY
DT6QwoApcUoFFi0IRSYqQrTSMUAxAKUrmgU6gzcRmyjaKkAzS7aZLiQFfSomqy4x2qBlzVETg7ER
JpMGn4AqKWQIua0jBz0icjkkm2EhCryaoTXgIwtQXN4XO1TVYHJr2sFlyj78j5/H5rOX7uJNkscm
rEQqqp5q5Ac8V67Sa00PG5n1dzTs/vCum0/qK5q0GCK6SwPIrkq6KwtDq9P6Vv233KwNP6CugtuF
FebU3LRbUU6hfSlPWudlCGkPSlNJ2o+dgG4PaobqLzrJ1X72Kn6Ug4Pseopv4XHuCk10MDRordo5
IJ38t8nmqTJHp2o74280Kc5NWdetDb3P2iMlVYAcDvRa6PJcxrLKSFPWvIqRqRapU4Xt1OhNJc0m
QX2pSaogUJjZWvod0biz8puHj45qzbaZbWwwF3HHesa/nGnayjwj92fvgVtGlUw8vbVpfETJqfwo
6Art+X+7SUiSC4hWdPutS44r0IyUlcysFFGaBSEA61i61wwPuf5VtAc1ia2MknPSuHMnbDm1D4zy
7XZPM1RuTgAVRSJ5CFQcepq9foP7SlLcgY7Voado9zfEMVMcXrW+EwUqlNSlsclaoo3KVrp6K4z8
7egro7PS5GwXG1cVdgtrDTEA4kkq4kzSryNq9q9ajhow+HU45VGxscccK4Ayaecmk4U00SZYqoJr
PE4/D4de+9exdLD1Kj90v2s62o8w9ccVFc6lcX8nyZAFOt9MnuG5JC9a24LCC2QAjca8OdbFYx+4
uVdz0oUqdBXerMi00iSb55a2YLOG3UEDJqYnsOBSDiuihgqdN8z1YSqNikkt1wKKTqOaWuptszt1
uKKM0lFGwDqKKDQAZpabTvrQADrT1wimRh8oFMHJ45rM1trx4Rb2ynJ4JFKbcQWpi6nfpcapGr58
kng1pXPh0tEktu+5WXdiq1kLaHbbalCQw6ORXUR7ViUQvlAOMVxUcPSqqTmr377o2c3T0icgDeae
/wAwKqK0tIe6v7sTSN+7XpWveW0d9bmN12seM0WVqtlAIlOQO/rRSwsqclZ3iDqprYtMRuOKTNJw
elFd1kuuhjuLmlpmaWgB9OB4qPNOHSnYB4NZniM/8U7ff9c/61oDpk1n+IUY+G71sHHl/wBaT0DY
yvCH+qH1r1Kw/wBWv0ry7weP3OTxzXqOn/6tfpQB/9T36sbxH/yBLz/rk38q2axvEf8AyBLz/rk3
8qUtjSl8a+R8vP8A66X/AK6N/M0nelf/AF0v++38zQK8yW5+hx+FC9qcKbThSKFFLSdKAc0xik4B
PpXafDDTRda3NcOMhCMHHtmuJc4j969i+GGmmz8PS3DDBmfd+mP6VrSV5Hl5rW9nRZ2jks5NJkgU
4guWxxj9ayNc8QWOgWLTXMn7zB2xD1rtckj42lGpUfKluW9S1C10uze4u3CqBkDPWvF/FXi+88Q3
JjjmaG0ThNrEZPrkc1S8Q+IrvxFeGWdj5K/6tPSsjA6g5rkq1ddD6rL8qjRXPPU9C8HePJY5IdN1
WTemdqMeO1emgq0avEQ0b8gg5r5vZQ4wa7Dwf42m0R1tL5i9m3yj2op1n1MMxypSXtKe563IvVRV
eWASwvGwyCpH6VZtp4L+2W5tJBJGw45p2ArDjr1rrupI+clzQautUfOGs2RsNbuIQMLvIAxWc64r
vPibpzWurreBeGfn8a4iRfSuCXuyPr8M/aUosqkUgqZl5qIjBpIJKzHA4FPRqizTgaY4yaLKmn1A
jVKrZqWjojK5Mh5qUGqwPNSK1GxvGRKDzUgNV91SI2aLlqzJhTwKYpp4NNGkUSKKRkzQDT88UWKa
IcYoFSGkAHeiwrABTwMUDApQaYJLdjWG6oylTkZHXpVa4uo4lwv362o0p1ZcqRy4mvRoxc5Mq3Ui
wIc9awLm9aVsA8Crd8zSIWJ5rH5ya9/D4NU1eR8XjcweKk+TREgIzmnKaiH1p6/Wu2Lsea11ZMp5
q5AeaoqauQnitLivc2LXqK6Ow6rXM2h6V02nnkVzVVoNHV6d0FdDb/dFc7p56V0Nt92vMqrUtF5O
tKetNWn1zMoaaO1KaaaADvSUtB6UAQyxR3ChZRkA8USyrbW5LHCqOBT+Oaqarbm60+TZ99RxUyk4
J8q1KitdSgPEW1n3Jx0FZkUZ1C+yz/ITyDV3So7F7WU3eBMvTNZkhaO7doDhT0968evKdozrvS+y
OmFmbR1IWN+tiDmEd62CRww+6RXMw6Vc36FiNn9a3NNhmhtvJmOcdK9DDVa1XWa5V09DGpBXLFLR
RXW9zIB1rA1053it8cNXP62TulOegrzczv7FWV9TfDt82h5w8yQ6pK7jcOOMVs28+o3+1IQYYO+R
iqdksT30sjxl2B4FdJEZWQbjgdhXrzxdChh4ucvkeZ7Kc5y5V1EgsIrYBpDvf1NT7yeB+Aqa3sZ7
g4C4HrWzbaVFCA0nLV5dTMcXi/coLlj3OyGDhT1qamRb2M90ehA9xWza6VDb4MgBNXh8q7RwKSlR
wVOm7z96Xc1lW6RWgYAwE4FKcE+tJRXfbo9WZNthRRRQAUtJRQAtFAooAM0tJRkAUALS859aRctV
W/1GKwQKrZm/hAqZThDWbshpXE1PUUsYxhhvbkCsweIbgYZVDGoreNdQu2N1HiQnhqbdaVcaXdfa
FUywnsOwrz6rrzlzwl7pvHlW4l5qo1CPbLH+89QKg0/UrvTHLSZeIngda27NtJu4zJkRkfeBq1Ha
WNwC0K5UHGaI4es5qp7S4+eNtSxa3AvLcTgbc9qlyT1pqoFUKvAFOFeiu5zN3Yo4ooopgLSim5ya
eAW4AyaW7sgQlPRGaori6tLCIyXkqrgZxmuE1/4kqpkt9LB3DjcBW0cPOo7IiVRI7jUNUstHiaW4
lXIGdu4V51rnxBl1aT7Dari2k+Vj7VxV1PcX8pmu5PMLc1JacTRqBgZ6V6CwUaVNt66HP7VuSPWv
CAJiQnvXqNh/q1+leXeEf9SK9RsP9Wv0ryjrP//V9+rG8R/8gS8/65N/KtntWN4k/wCQJef9cm/l
Sl8JpS+NfI+XWP76X/ro38zSikb/AF0v/XRv5mlFeZLc/Q4/ChacKbmlxmkUKDThjNNGKcPWmCQ6
FDNcwRAfMz4xX0LoVn9g0C1teSwXP1rxPwdYDUPFFvGwyiqWJx06V6T4y8bwaDALOyw9yEwMHpXT
SaSbPn80UsRONGKL/ijxbYeHbZw7b7k/dQHvXi+qate61dNcXjfMeVTOQBUF3d3eoXUlxdSl5HOd
pPAFQj2596zqVG2d2Cy6NCKvuAJFHXijNFYnpLQOlNIDDBAI9KdSZo8xNdTf8MeLbrw5OFcmSzzy
pYjbn09a9l03U7TW7FLq0kDqwBwOtfPeMj19jWloniG/8O3SS2kjNHuBeMnjFb0qrvZnj5jlca0e
eG56L8T9MNxoDXKjJjZcgfWvHQMopr3htWsfF3hi4EOPNaMll9xXhjQ+RLJC3BjOOaK1m7ojLJSU
HSluis61Cy1cdflFQstYJndOnYrEYpA1SOtQkYrRHM00yUGpFbFV1NSqaGVGdmWFfnpTuvtUINPU
1LOhSuSA9qmjOKrE809WqTZOzLitUoNU1aplfNNM3jIsZpwOaiBp4NVcu9ySg03NOBPUc0xt2Vww
MgfnSorySiKNC0h/hFOggkublYLYFpX7AZr2DwX4Ft9KtxfXyiW6OCNw6VdODbPOx2OhhYe9qzyi
Tw7r8y4i06QKf4jUSeBPEL8m0OfcV9LBtvAwvsBS72Pv+VetQruirQR8TisRPFSbm9D5mk8AeICO
bM/lVJ/hzrxbizb8q+pw5x94/lQHPf8ApWssbUl8RyqjbY+WB8ONd72j/lT1+G+uZ/49m/KvqXcf
84pp3d/6Uvrkg9kfMI+GevN0i2/VauQ/DLXv+mY+oNfSDEkcE1CQ1V9dlYrkPCbf4ba0gG5ovyNb
Fr4G1SHBZo/1r1h92cZNVXyc5P51m8XKQKJxdt4eu4Mbmj/OtWKyljHzYrWkHPaq747VjKbkUVwh
HWlNPPWmmswGmmnrTjSYoAbQTTsUhFADaVSAeRx3pKB1pptiaOf1vSnRhcQZIJ5WrOlaXG8C3E2f
ZTWsQG4fkelHygYAwo7CuX6vBVOdxuzXndrCeYqkDcEA6UN1znIqnqNk90FMTEfSrdvEVgCsTkdz
W/M5P3kQ7sM8+tLgjtVO+1SDT1IOGf25rHXX7lpQwHyk4qJ4iFN+/wBRqm5K6Oj6sR0Nc5rB/wBL
KkcHg10cR86EOcAkVUk01Hm82QZyc81hjqE61JRgVSmoSuzm7TSfmZooeW7mty10hFAaUkkdq0kC
RjaigClPPWs6OXQilKp7zRcq2vuAAqDCKAKTOetFFehtojFt3A80lLSU79BBRRRSsAUUUUAFFFFA
BnFLSGgUALg05ULUigMTzgCsi81G4lZ4LMZYcE1M5qPy6DsWdR1SKyUqnzv0IrN0VIbm7aa9fJ/h
B7VBp8U/2tobxNzN3NR39pLYSsCSA33SO1edWrVU/a2vHqjaCi9C8NVittWaKWIGMn5WFbE2qW1u
sQkJZJQAAe2awtIhsZo3F7y6nIbNZflyanr7xQFjDC4288VpTrSVK8dnsJwu7PQ1tW0zdcxi0QhX
PzYrdtLZbG2WJec8nPrT4v3cQVwCw707Oea6oUlGXMtzJtvcdRRRWz8xX6C59BzS8n7oyaVI2bno
PWsfW/FOn6ECrMGlx0B6mnGEp/CKTUdzZIWJDJMwRQMk1yWu+P7HT4nissTTdOTiuG1vxhqetysq
OYbf2NYIjGQxJY9ya9KhgUtZHPKrpoX9S1q+1iTdPIwXP3QeKpqqr90AetLxk8/Siu+MFBWRztt7
hUttn7VHk96jHSprYf6Sn1qaq/dy9GOHxI9Y8I/6kV6jYf6tfpXl3hH/AFIr1Gw/1a/Svnmegf/W
9+rG8Rf8ga8/64t/KtmsbxH/AMgW8/65N/KlL4TSl8a+R8uv/rZv+ujfzNKKR/8AXzD/AKaN/M0A
15ktz9Dj8KHiikzS0ihaM4INJmnAd/SgL6l/StXl0hZnt+J5ONw7VQlke4na4mcyTN1Y0o7880hJ
quYhU4qXMkJyRzRQKKl6l7O6CigUtFgEo60tGKA8hDSD2pcUmKdhJWZY0zUrnSrpZ7SZox0dB0NQ
384vLuS527S5yR703sRng009aL9zNUYK8luyM81Ewqdue1RtUicbIrOtQsoq4w4qF04zVJnNOBVx
g04NSstMxV7nM1ZkytUitVYHmpVYUmmawkWAQaXiogakBzUNG6dx4apUfFV8YpQ1I1jIvK9PBzVV
HzxUyPnPFNM2jLUnVsc9TU1tBPeXKQWcbSTMQAB2zUdla3Op3X2WziLO2BnHAr27wd4Nh8PWsUtz
iS8KgsccCuinBs4MfmEcMnrqO8GeCoNDgW5uoxJcsN2T/DXX53daazBjkmlzn2rsjFJHxtavKtNy
mxSMUg4pc0h5p69zBJCg5peKbQKNe4EgNHWkpaAsgqNsVJTTQBXkWqsi8VdkqrJzQBQlXiqzLV2R
c1VYUAQEUwjmpDTDQA00lKaTFAAelJ2paSgBDTcU/HFJQNDSKTFKaO1F2T1Kt7cSWsXmRqWI7CsS
XV7nVmNrbExsOvrXSg7e2aqjTbeGdryJcSdTisqtNyldM0TRz9vD/ZTONQRpZH+6zVHZxfatRUhR
t3fdFWdW1Q3cvkXERAX7rYq94eswkZuT90dxXnSiqmJ5Hqo6m8XywY3xGXtkjkim8vbj5fWl0zWW
usRzAk4rL1Jm1a8Zs/uUJ5HtU2jKPtXmZARfWtalearpRejJhBOm2zpDHzwMd6QqRyc81z2r6+01
8sFqCFHBYU+y1m6ZhG8LMB1Irp+s0udwW/oZKm1G5u9BjFHFVE1i0fhjtb0NTpc20v3Jlz6VtGUZ
bNEuLRJRTtuQCCDSFSDjIzVCeiuJRSlWA5/SjaeM45oAbRTivGcgVG8iQKWkYKPejpcdtbDqUcjC
1TfV7JGA80HNS3NwsNkJ16Fc8VPPHXXYOV2uWNvy4yM0mc8dxXLWerzG78xzlCemeldQrpMgljPy
nrWdGvCtrBjlBxXMyjrpuI9LMlr97PNQeFp0lseQBPk7s1rbRKjRt0Ncw839j3jhOjHNYYmfspqo
+pdNXR1AAkbbtXeO+Kqytb6lutmGWQdapN4kgFsCv+sPFT6VDiJ7hxgvW6xFOorRV0TKDTuzAWzk
ur97SMFVU4LCuosrGHT7cRxoPN7v61LGkcXzIoDNyTT+p5qaOFp0k3bVhKpKouV7AOetL7D86Tv/
AIUrFIk3zSLGg5ya6dW7IzbtuPRWbgLuqK+vrTS4TLdTRjAztJ5rkvEPj+1si1tYKZJQPvKeK83v
b+91adpryVirdtxwK7KODlPWRlOslsdb4h8f3N4GttOLogON61xjrLcSma5leV/Vz0pUAQfKMY70
vU8816lOlGmrROSTc/iAYHApcUuKK0EJilxRRmnYBRUtt/x8p9ahzUtt/wAfKfWs6v8ADl6MqHxI
9Z8I/wCpFeo2H+rX6V5d4R/1Ir1Gw/1a/SvnZbnoH//X9+7VjeI/+QLef9cm/lWz2rG8R/8AIEvP
+uTfypS2NKXxr5Hy4/8Ax8S/9dG/maUUr/66X/fb+ZpK8yW5+hx+FC06mjrTqRQClzxSHrSjpQAC
g0tFACClPSkNFAAKDS0UwEpaKTvQAUUUUAJQRS0UgGUwjmpCKYVpEsjI5qNxU5HFMK0GUolVlqEr
VtlqJlq4yOapTK/Q0ob2pWWmc1e5za3JlapAarAmpFc1LRrGpYshqcV4zUO4daeX2sPlZnPRQCc/
lUXbZ0c8bXYqsBzmtTRtLu9cvBBag7e7DoK1/D3ga71Z0nu1eK34bGAM16lpul2ei24hsoQqY5cj
mt4Um9WeZjM0VGPLT1ZL4T8MWXh20XAD3TfeY84rp1fv1571jRTEHrV6OXPeuyMVFHzdarKo+Zvc
0A+RTwarI/HWpQSe9UYk4pajVvWpAwoAKOlHJNKeetAADS5ptKDQA4UhozQTQBHJVdxVlhUDrQBS
kHWqrDmrsi81XdKAKhXmmMOasFTTClAEBFIRUpWkIoAhxQRUmKaVoAZTe9P280hHNADDR2pxUUmK
AGjOeKDjGefcU7FIaAKt5p9tfpscbSBwRWFONS0q2e3hy0J6nFdL1PuKdweHUNnjBrGpS5rqO5Sl
oc1H5UGhsw/1jKST71UsrS5u2LxnbCvUiunn0+C5Tytu1BzxWXqEV1aW/kWaHySOSvU1yVcOr+1f
RbGkZ+7YyJ0j+0eVEMsT1rqtNtYrOyUSL85XJbNc7pMaS3YD8MvY1014wSyfDDIXpTwNNqMq8tx1
ZXSijkZwJb/MZwC2Ola9xo0MNsrpOfOPOKyba3l1C4KJkN14qzZ2122rCGdmyg4LdK5aDTU5NfEy
6lkiK3uNRDum84Wp4L++uZhFHy1bWqwxwWzeWoDY+ZhXO2N09ncCZRnFbV5yoVKcFL3RRipRZcbV
rzTLrF6P3Q61LeXlzJELu2b/AEd+ntWdeSza9c+VtGCea2J7IadoyW4OcMTj61aqOcKlnothSik0
UdPubm5lMsz/ALpO1SNcf23erFGxEQPOO9Q6QNyPHngt0qCwb7BqOEPylunpWMcQ3Cmm/i3G4LmZ
qX3h+B4j5D4de+KTyp4NDaCbnaSOfpW1tJAZeV6msrVLyKW3e2T74PLZ9q9GdKMLzZjDVWMQ29um
nRyxt85UbhVrSNSa3YROMo3rVjQ9NspLYNK2845Gazr2KSPUGgt4ztP3TjNedUjOLjVpbG0Wn7sj
rVOcPGflqpdaVa3cm985qjpNlfQPvuJSY/StgnLEjp2r1NakbyjuYW5TOj0KzQ561oKAqhF+6vaj
NKu49FzTjTjTXKguw9x+VORC/OcCoru8tNNhM106rxnk1554g+IVxOWttNKonTeBXRSoTmZSqKJ2
er+JtP0OJskSS44Ga8y1rxfqWtuYlcwwegHWsSQy3DiS5maR/wDaOad+FerRwkIbnLKo2NCDdubO
71B608j1/SkpRXSZXuKBxzS4oFFABRR3opgFFOopgIBUtuP9IT60ypLf/j4T61nV/hy9GOHxI9X8
I/6kV6jYf6pfpXl3hH/UivUrD/Ur9K+dlueif//Q9+7VjeI/+QLef9cm/lWz2rG8R/8AIFvP+uTf
ypS2NKXxr5Hy65/ezf8AXRv5mgUN/rZv+ujfzNArzXufocfhQvenGm05fekUFL0peKSgAzTqSkoA
XFGKSigBaKKKACkxS0UAGKMUUUAJRR3opWADTadSd6dgGkVGalNMIqWQyMjNROuKnIphGSaFoZSj
cqsDUbAVZdcdqhddvNaKXQ5akbehARjkt+FOhDyPtjjd29FBP8q19K8MahrEisq+Xbnks3Uj2rv9
M8P2WkxgRJufGCxraFNs8uvi4U9nc5HR/Bepahh7hVgiI4YNk/lXoOieFNM0nDhEeXu+OSaljlK4
CnA9hirkM3OMD6mto00jyq2YVJ6JmzHICowAB0FPPzdefrVCOTnrVuOTitUcbk27seVI6VLHKV6m
mggimsnegk0Ip+OtW0kz3rERyp61ainOeaANZW5qQHmqUcuT1qwr80AWVNPGPWoQaeGpgSZoxTc0
6gAzikLUEZppFACk0xhmnGk7UAVXXmoXQ1cZc1EyUAUmSoylXGT2qIpQBVMdNZasshqIqaAK5FNI
qcrz0pjLQBD2ppFSlaaRQBERRinkUY4oAjxSYpxFJQA0qDig/SnUmKadgG85z0oDEE+hp1NI5pLR
3BaEAs7ZZvOCfP7VT1LTLi7k8yKTC91rTwR3pQAoyCRUSpxaaS3HfW5zNvbXum3QlWIsPao9Sv7u
6lCQQuspPWuq3vjAP503y4927b8/risFh5U1y03ZFuV9zFmme10ZYbt8zsKo6WIpC0MuAxHFdFPZ
QXMgeQZYdM1D/ZNqJRJjDDnilUw8nWUt0hxnY52Nm03UskYwe3TFdBfXtrPp/mBwWxyKfPpsNz8z
YB6c1AmiWy8ZOPSpo0J0uamvhl07A5pmLpt7FbXW91OxzxUl9pFzFP8AaIMuj8jHat0aVZgYZQQO
lWU+RNgJIFKGB9zkm7voEq3vaHOwnVDAyKH+YY5p76FPJaqEP70nLE10G4r92guQSRnNbww7j8bu
yHPsZljoy2BVi2WA5GeK0QVVtwQbvUCk4xyTk0cqcAZrWMI0o8q2E73uxSxPA5+lNGS2NtPRGc4z
sHrWVqvijTNGVlZ/MnA6A5rSMJN2iiW0tzVZUhj3zSBB71yfiDx7Zaapgs/3kp4yK4vWvF9/rUjL
HmKPPAPFYSxhecAk9Sa9GhgUtZHPKt2LWoalfavMZbmVyn8Kk8AVXAC4CgD6UcjAzS9K9BJJWjoY
SbkFFFFMkXFLigUYpgKKKKKAFxzQRzS96D1oAMUuKKKYgqS3/wCPhPrUdSW//Hwn1qKv8OXoy4fE
j1bwh/qRXqVh/ql+leW+EP8AUivUrD/Vr9K+de56B//R9+rG8R/8gS8/65N/KtmsbxH/AMgS8/65
N/KlLY0pfGvkfLz/AOul/wB9v5mkoc/vpv8Aro38zQK817s/RI/Cgp2aTFAFAxw6UopBS0ALRRS4
oASilxSYoASiiigB1IRS0lAAKKXFFACYpO9Lmg0AGKQigdaU0WAbim040lSS0NIpjDJA6j09Kkbj
qcD1PetbQfDOoeIbkJBbskB6zE8YojFvQyrVI043bMSKCS5mEFvFvkPQLya7vw98PEUJeauTv6rH
2rutC8I6b4egAihSS47ysMmtOZdxyefr2rsp0bLU+YxmZuTcIbGGbWKCMJCixoBgADtVGWP0HHrW
/LCCOgqhPDx04zW9rbHit3Mdsqakjk6c1JNHjtVYgqaBI0o5enNXopMnrWHHLz1q9DNz1pj3NeOT
mrCtmsyKWraScA0CLDIDTQdp605XDDmnEKaAHxTYPWrkc4JrPxjpSpIVNAGzHJnvUwasmOcA9auJ
MCOtAF4MKeGqqrg96lVvemBMTSE03dRmgANJS5ppIFAC9qYRTt1JzQBGy1GUqxj1ppFAFVkqIpVt
lqMrQBVKVEy81bK1GyUAVWWo9tWXXmoytAEJWmleKmK0wjmgCPHFNK1KRxTSKAIjSVJikxQAzFJT
yKQimgG0EcU6kNJAMpeaWlp9bgRnNLinYpKmN0vMBppOafSVWtg0GmkxinHpQMY5/lStfXqF7sbz
R0p4DN91SfemXMtvZJ5l1MkajsTzRyt+oPTVjkVnYAJn1PpVW+1Cy0mFpLuQbh0Ga5DX/iAkQkt9
PwT03DmuAuby91BzJdTyNntniu2jg5S+IwnWWyOs8QeP7q8LQWICx/3wa41/MuZDNcSNI575oChe
FAApwJHTivTp0o0/hOeU5MAFUfL+tFB5pK0IsLijFApafoAUUuKSgBwpaQUooAMUYpaKAFAoxS0t
AhMUYpaKYCYqSAfv0+tMqSD/AF6fWoq/w5ejLh8SPVPCH+pFepWH+rX6V5b4Q/1Ir1Kw/wBWv0r5
17noH//S9+7VjeI/+QJef9cm/lWz2rG8R/8AIEvP+uTfypS2NKXxr5Hy5J/rpv8Aro38zQKJP9dN
/wBdG/maBXmvdn6JD4UPFApBThQUKKdTQacKACiiigAooooAKQ9aKKBCilptKDQAUUUUAJS0dqKB
iUUtIWITcxo8habsTHOKWNJJX2QRmSQ8bVFaOjaHe67ciK1iYrnBYj7teu+HPAtjoUSST7Z7kjqR
0rSFFyPMxeZwoJ23OP8AC3w4nuTHfaoxjjHIgbGa9Pt7aCzhWG2QRxKMYUdastkEYwqDoBTD0yK6
4U0kfK4rF1MRLmuQuvOeMdgKgdRVoionXPartY47t7lJ0yKqSRcVpsnFVnjyaAMeaHnpVCeIjtW7
LFzVGaDOaQGKV2mpEk2nrU00OCaqMpU0DNGKer8UvHNYSSEGr0M/qaANlJBip1bPes2OUYqyknHW
mIuikK1HG/FTAjFAEYO01Ok+OtMKgioipBoA0o5watLKPSsVJCtW458nmgDVEgPSjdVJZR61OGyO
tAE26jdUW/NG7FAEoYU4NVffUgbimBPmkxTN3SnA5FACEUxl9qkoxkUAVmWmMlWSlMZaAKjJUZWr
ZWmMtAFQrTStWWSomWgCArTCBU+3nmmso9KAIcU0ipttNK80AREUhFSlcU0jigCLFBWnkcUmKAGY
pKeVpMUAJSYp2KTGOtMLXG0nFKQTjAzT3RY4/MndUX0JojFyYXsR4LDAFD7LaMtPKsSgc7jXNa14
9sdLZorZPPYDHHY151qfirVNZdsyNHGT93NdVLCVKj00RlOsuh3mveP7CwUw2BaST+8BkV55qms6
hrcpNzJhPQMaoCMdSxZ++acOK9OnhoU/U5pVGxqRInTAp2eucmkNFb3tsZinFFJSikMKWkpaACii
igQtKKMUUwFxxQKXtQKAFFLSUoFAg70tGKKACil7UAUwAVJD/rk+tMxT4R++T61FX+HL0ZcPiR6n
4Q/1Ir1Kw/1a/SvLfCH+pFepWH+rX6V869z0D//T9+7VjeI/+QJe/wDXJv5Vs1jeI/8AkCXv/XJv
5UpbGlL418j5cf8A10v/AF0b+Zoof/XS/wC+38zSV5r3Z+hx+FDqcKbThQWgFPptKDTAWiiigBaK
SlpAFJS0GgQlGaMUuKAAUGgDmjvQAUewGSelISAMmrmm6XfazceRYwO5B5YcAU4pyZE6kYK8mU94
BCgFn6bRXa+Gvh7c6tLHcagGjgHIXpmuv8L/AA+s9JiS4vlEtyecMM812u4lQoCoq8BQK6YUluz5
3G5vd8lMqafpllpNusNlEEUDGe5/GrPPt+VKBQc10bbHzs5ynLmk7iEZ60hApaCKZJGRTCKkxTSK
HqBCVzUDJg1b7VG4zSsBQkTNVJY+vFajKKrSR+1FgMWaHPOKozRZHSt6SL2qjLD7UAYrLtNOWQrV
qWHHaqjpg0AXYZiR1q7FJkdaxkYjpVuKbA60hmzG/oasK4zisqKU9jVuOQE9aYjQDZ607r1qqshz
xUyvxQA50HamglakBz1pCuaYAs2OpqzHPx1qmyU0ErSA1FmzTt+aoRyYqcSZoAs7qcHqsH96cH56
0wLgbipFbiqYepkbjrQBYBzTxUKtmpFNACmkKjFP60uBQBAVphWpytJtoAqslRslW2WoyntQBUKU
xkq2UqNloAq7KQpVgpTCtAFcpTStTlKay4oAhK8UwrU5GBTCMYz3o0BIixSbTmpxGx7cVBdXFnYq
XuZlUehNNJydkDaQhHOBzSyIkKGSZlCDnk4rj9Y+JFjZhoLEpJIPSvP9U8R6rqzsJJZI42OcK2OK
66eCnPfQxlXSPRdY8fWGmqyWxEkvTGM4rzzVfFer6y7Ay+XF2wMVkiID7x3H+8etKRxjOR7V6VPD
U4LVHPOq2RrH825iS3c561JgZBHUUgo6VuZgeuaSlNJQAUYoooASlFLRQAlLSUtABS0gpRQAtFFG
KAHUCgUoFACiloooEHenYpOM0tABSgUmKUU0AGnw/wCuX60w0+H/AFy/Woq/w5ejKh8SPUvCH+pF
epWH+rX6V5b4Q/1Ir1Kw/wBWv0r517non//U9+rG8R/8gS8/65N/KtmsbxF/yBbz/rk38qUtjSl8
a+R8uyf66b/ro38zTRSuf3s3/XRv5mkFea92focfhQ4U4UwU4UFodRSUopgOBzRSDilFABQOtLRQ
AtIaM0UIAoBoo/CkJ9xetNLL0UEn2pHYRjLEAGreieI9M0q5M13paXbIcruYgV1UcJUq/CjgxeYU
sPF3d35HSeGvAOo61Kk9xm3teuD/ABCvXNJ0Sx0O3EdnCuccsRzXmUfxvjijEUWjRKg6ASn/AApx
+OA/6BEX/f5v8K74YCpHofI4rM51paPQ9bHPQ59aMe1eSf8AC8B/0CIv+/p/wpf+F4D/AKBMX/f4
/wCFafVKq6HD7RLY9a2mkIOK8l/4XeP+gTF/3+P+FH/C7x/0CYv+/wAf8KPqlTsLnT3PWefSl5x0
ryX/AIXgv/QIi/7/ADf4Uf8AC8Bn/kERf9/m/wAKX1Sr2DnR6wR7U0j2ryg/G8f9AiL/AL/N/hSN
8bxjjSYv+/x/wp/VKnYOdHq5HtUbD2ryr/hd4x/yCYv+/wAf8KafjcP+gRF/3+b/AAo+qVA50eps
h9KhkjPpXl5+N4/6BEX/AH+b/Co2+NwP/MIi/wC/zf4U/qdQOdHpckZz0qrJESeledH41qx/5BEX
/f5v8Kif4zKf+YTF/wB/m/wpPCVB8yO8nhGelUpIOuBXEv8AGEN/zCov+/x/wqvJ8XAR/wAguMfS
Un+lQ8LUQ7nalCvakBIHSuDb4qBv+Yan/fw/4VC3xS/6hyf9/D/hUOhJDuelRSnir0cteTj4pkdN
OT/v4f8ACpU+LO3/AJhyf9/D/hSVKQrnr0chqdHryNPjBj/mGRf9/T/hUq/GTHTS4j/22P8AhWn1
eYXPXQ5xUiuTXka/GcY50qL/AL/H/Cnr8acf8wqL/v8AH/CmsNMOY9bxntTGQ56V5YPjWP8AoExf
9/j/AIVPH8ZA/wDzCov+/wAf8Kf1SoLmR6XyO1OVjXnkPxWjlODpqD/tof8ACtK38fxTn/jwQfRz
UOhNBzI7UMacG5rAtvEsVwB+4C5/2jWnFepKOEwazcWh3NEPxUqvxVRZARUqt6VIy4j1KjZNUkep
kc560AXFPvTwarq9SqTQBLijbQtO5oHYjZaYUqfGaTbQIrMlRslWiuaYyUAVClMZKtMuKTyGY4VS
aPUCmVxTSp9evarNwbW0jaS5nCADpxXKat4/0nTUKwhJ3HAO7mtI05y2RMpxR0H2cg5chR6k1m32
uaRpgc3E4Yr0ANeZav8AEHVdQZlgxDGenGa5WZ57x2luZWcn3rupZc2rzMJYhbI73WvieGVoLCE9
cBsVw9/qmo6m+Z5W29cA1XVFUcCgjnvXoU8PThsc7qSZEI1z0+b1NLzTqTmtW2Lfcac0c0vNLU2v
uGg3FIRS0U7AJikxTqSiwCYoxTqQ0AJRS0lABRRS0AJSiigUAOFBoooAcKUUlOA4oQBRR3pQKYhM
c06lxRQIXtSUtFACU+H/AFq/WmGnw/65frWdX+HL0ZcPiR6l4Q/1Ir1Kw/1a/SvLfCH+pFepWH+r
X6V869z0T//V9+rG8Rf8gW8/65N/KtntWN4j/wCQLef9cm/lSl8JpS+NfI+W3P72b/ro38zSCh/9
bN/10b+ZoFeb1P0OPwodSim07NBaHUdKQGimAtLQKD1oAXNGaSigBaUHtSUEhVyxAWqUZTlZCnOM
Y80h456VBPdJEMA/NVS4vgwKRcD1qlnccsSa9jCZZze9M+bzHO4wjy0dyWadp2+fIHpUeR2pBilr
34Uo01aKPkqtadV80mL0o60dqK1t5mVkKKM0lLRZAIaKKKWnYLsXNJnntR2o7UadguxCc0lHelo0
C7GHOaOtOIpvSh2HdjTTCtSkd6bip0GmQ7aaRipivNNZaLItSISBTCPapttNK1lKKZVyA/jTCPc1
MVphWsJ00UmRH2JoBx1zTsUhFc7jZ6DFB96XOO9NFKacZagPBp2aiBp4atlMRKrY7VahbpVJWqzF
KBxWqkJmzbt05NdJp23K8Z+tctaSLxzXTafyVzzWVSzQI7DTeoxtArprQ4A5zXL6dkAfLXS2p+Uc
V5tValo14+QKmUkVXjPA4qcE1zPcomVqlVqrAmpA1IC0G5FTI9U1bkVMrHNAF1X5qXdVVA7dF/Gp
wpUZaRF+pofkGhKPw/OnDmqkup6faKWnu4QR7isS/wDiDolip2zF3H91citI0qstlcl1ILc6YR7+
OlNJhgUtNKgA9WFeV6l8U7ifcthEwHYlMVyN9r+q6kzGadkU9ga7KWAqT30MZYlL4T2PVPGGj6UC
WlR2Hoa4XWvihcSFlsBtB6EVwPkK53SMXPqxpdgAwAtd1PL6cPi1OaWIlIlvdZ1bVGJuL2Xaeq5r
PFsgOWyx9TzmrZB7UwiutRjBe6jJtkJXjtTCD+FTFaaVo9RkOKaRzUu2mFeaQyMikxUhWmkUDGEU
U4ikxSsA2ilxRigBKSnYptAwpKWjFIBtBpcUEUANpaMUYoAKKMU4CgApRQetLQIXilHSm04dKYC0
ooFOxQAlKKSlFAgooooAKfF/rV+tRk0+E/vl+tZ1f4cvRlw+JHqXhD/UivUrD/Vr9K8t8If6kV6l
Yf6tfpXzr3PRP//W9+rG8R/8gW9/64t/KtmsbxGP+JJe/wDXFv5UpfCaUvjXyPlmQ/vpv+ujfzNL
TZP9dN/10b+ZozXm9T9Dj8KHZpRTRThRcodRmm5pQaB3HijNJSZpjWrHZOM4zRnPTg03OBycCqVx
fclI/wA66aGGnVeiOPF46lh1uXJbiOJeW+b0rNmuXmPPC+lQMxfluTSZr6LCZfGmvePjcfnFSvon
ZDs0dKbRXopJbHive46jvSClzzTEPBpM03mgZqQHg80d6aODS5qkA7ik4pKM07gOo7U2l7UgEpRS
UooACKbinEUmDQAh6U008imkGgoaRxUZzipe3NNI4oGmRMOOKaamxxUbLUlJkZFRkVNimFTWcolp
kOKaRUpU00isJQGR4pKcaSsJRsAlLSUuaExjlNSCohT1NaxkJlmN5EPBzWtZ6xc2xHygj61ioRmr
KYPua0VnuQ2+h3WleNI4yBNHXY6d410tgBJkV48mCOmKnVAR1YfjUSwsZk+0aPeYfFWjuBiYD6mr
i+INLIz9oX868AAZcbXb86XM5/5buKy/s5PqH1hnvx8Q6WvJuFx9aafFuix9Zgfoa8E/fYwZnP40
mxu8j/nS/s6PVh9YZ7jN4+0WL7pyR71m3PxSsof9TCxNeQiIZBJY/jTwqg9/zrSOBorch1pHot18
Wrthtt7fA9Saxbrxzrt5kqyop6/NXLj1wPxqVGHXHNbxw1NbJGbnJ9S7LfX92xae4c59DTUQdS7H
2aoFf/IqVHzzj8zXSkorQyd2WAFAwBS1Grc0/INFwFpTzSZpaFpsIaRTDmpTTSKVgIsUwipiKaRQ
9dwuQkVGRU5FMK1NiiI5ppFSkU1hTAjI4pMU/FJQAzFJTyKbikUJzSYFOptIAxSGlpCDQAhpKcRS
YoASloxRQAYoFFAFIBaUUlL0oAXFOHSkA4pR0pgKKXNIKWgBaKKKQgooopgIafD/AK5frTKfCf3y
/Ws6v8OXoy4fEj1Lwh/qRXqVh/q1+leW+EP9SK9SsP8AVr9K+de56J//1/fu1Y/iP/kCXv8A1yb+
VbBrG8Rf8gS9/wCuLfypS2NKXxr5HyxIf303/XRv5mkFJIf30v8A10b+ZpRXlt6n6HD4ULSg000Z
o1KH0oNNLcc9aNwAyeBVbuy1FJqKux4qOaeOFfmbJqrc6gsYwgyazHkaU5Yk16uFy9z96R4OPziF
NclPctTXbTnC5UVB+PIpme1LkZ4r6GnRjTVonx9bE1K0ryZIGo60zIozWtzneu5IMZpc81HmnA0a
AOzRmkzzS5FMBc0uaaTRnigB2aAabmincB+aKaKUnii4hwNKaYDTs0AL2oFJRmgBxNIOtJRQMU00
0tFADT0pAOKdSGi4XG4phFS4ppFIpMiK4phFTEU0qPSgtMgIppFSkUwipkirkRWmkVKRTSKwlEpM
iIpKeRSEVi4jG5p6mmYpwqNgJUPNWozzVVetWI+tawZDLkZq0h+WqkfWrSVvFmMmyccinUxelOzV
mYuaUU0UtNAOHWl700HmlzTuId2pwNR5pwPFF2IlVqlRqrA1IrU0xWLQbmpFaqwbmpVYUxE4OacD
UQanhqZI+kxQDS0IBpHFNIqQ00imBGVppFS4pjCpHcixzTWFSkVGRQFxhXimlTUnNNNICIg0gFPO
abzSKuIRSYpTRQCYhpKU0lIYhpKU02gBaKSigBaKBS0gAUppKWgBw6ClxSClHSmAtFApaBBRRRSA
KKKSmAGnQ/65frTadD/rl+tZ1f4cvRlw+JHqfhD/AFIr1Kw/1a/SvLfCH+pFepWH+rX6V869z0T/
0PfjWN4j/wCQLe/9cG/lWyaxvEf/ACBL3/rg38qUvhNKXxr5HyrJ/rpP+ujfzNANJJ/rpP8Aro38
zSZrzGlqfoMHaKQ7OTS854pozg84FVLnUEg4Q5aro0qlTYwr4mnQ+IuSTJCpZzz6Vk3GoPLkLwtV
ZJnuG3O3HpTMjsK+hwmAjTjdnymPzipUfLT2JVb15NG41GDTga9RWseG02277j880vemZpc03qRa
w/NLzTA1Lmi4WHc0uaZmlzRcQ8HinA8VHnilDcVSYEgNL2qMNS7qdxDxxS5poNBNAh1FIDxRmmAo
p2aYDS5pgOBpc0wGlzQA/NFNzQDQA6jNJmigYUGg0maAFPSm0uaKAGkU0089KaRSKTIzTCKlNNOK
CrkJFMNTFajZazaKTGYzTCKfgg0Hms5RKuR4pwFGMU7FZSiFxVHNWY6rL1qylESWWo6tIarJ0qwl
bxMpEwNLmminVZmKKdTQaWgBc0UlLTELSikopiHDNOBwaaKM80DJQ3NSK1QA1IrU7ktFgNUgaq4a
pFamKxYVqfkVArU8NTQmiWkNIDmlpiCmNUmKbikBHimkVIcCkI4pAQkUw1MVphWgZEabipdtNxg0
hkR60lSNjdTSKQ0MNJinGkoASkxS0UhiYopaSgAooooAKXFJ3p1IBcUo6UCgdKYCilpB0paBBiil
pDQAUmKWigBKdCP3y/Wm0+H/AFq/Ws6v8OXoy4fEj1Lwh/qRXqVh/q1+leW+EP8AUivUrD/Vr9K+
de56J//R9+rF8RnGiXn/AFxb+VbQrF8SDOiXn/XFv5UpbWLo/wASLZ8pyE/aJeOPMb+ZpjSLECzn
HtUN5epDNIvU+Y3T6msea5edvmPFZ4fBSnJtn1GKzSnRgowepbutReTKxcD2qiM5yTkmmjAPHSl6
Gvdo0VTVrHy2IxlSvL3x9LmmZozXRc5B+aUGmZozRcLEu6l3cVECaXdVphYkBpc1GGpQc0XFYfml
BpmaUGi4NDwadmo6UGncVh+aUGo80uaZNiTNOBqLNKKdwsS5pc1FupwqkxWHUuabmgGncVh9Gabm
louFh2aAabRRcLD80oNMzQTmncB5o4pvajNFwFzRmkpKVwHZpDSUUDEppFOPFN60DTGsDSY4px5p
DUspMiYUwg1LSEZ6VLKTIcUvNO20YqGirioKsRjmoVGKnj61NhSehZj61ZSq8dWUqkjGQ8UtIKWr
IFpRSUZpgLS03NOzQAU4U0UtMQ7NKOtMpQcUAP70ucGmA80tMCVWNSBjUAbFPVqZLLKtxTwxqAPT
w1NEtFhWqQGq6tUitTFYkopA1LQAhA9KaaeaaRmgBpHFRkVLjFNIzSAhIppFTFaYRSsMiK03GKlI
pjrnpQwGEU3FPxSEUhjDSU4ikxQUJSUtJikwCiiikAtKOtJQKAH0DpSZpR0pgKOlLSCloELRRRQA
UhpcUhoASnw/61frTKfD/rl+tZ1v4cvRlw+JHqfhH/UivUbD/Vr9K8u8I/6kV6jYf6tfpXzjPRP/
0vfe9Yvijjw/f/8AXB/5Vt1h+Kf+Re1D/rg38qqKvIGfGU5Y3c5Jz+9b+ZqOnz/8fM//AF1b+ZqO
vYgkoqxlJ8zuxwFBpB9aKu4t9xc0ZoFBoEKDS02jNO/cB2aXNMzTu1PmQC5pQeKZSg07oQ/NAam5
pad0A8GlzUWaUGnzIRLmjNMBpc1XMhWH7qcDxUdLmi6FYfmlDUwGlzxQpILEmaUHiowaXNVdCJM0
oaowaXNF0BJmjNMBpc07oQ7NANNzSg0XQrDs0ZppNGad13Cw/NITTc0uaLruFhc0ZpKQ0XQCk0go
NFF0MDTCKcKSk7AMFLjig0Gp0KuNxS4ooFJ2GKo5qdBUaipUFLQTLMY4qZKiTpUyindGcmPFOpop
ad0SLSGloougEHWnZFJSd6d0A/NANJSii6AWijNAp3QgHWnZpKKd0A7PFOBqOnUXQEqtUitUANPD
U00KxYVqkVqrhqeGp3QiwGqTdxVcNUgNF0SSZopoNOFF0IQ0mKd3pDRdAMIphFSEUhWndDIiKaRU
hFMIqW0CIzTTUjCmEUroYw0lOIpuKLoY00UpFBFK6GIaSiijTuAtFIKWldAOFKOlIKcOlF0ACnU0
UtO6AWjNFFF0AZpDS0hougDtTof9cv1plPh/1y/WsqzXs5ejKh8SPU/CP+pFeo2H+rX6V5b4Q/1I
r1Kw/wBWv0r509E//9P36sXxQufD1+M9YWxx7VtVWu0EsRRhkHqMcYpxdmM+IbiCYXU+YZf9a3/L
M+p9qh2P3Rx9UNfWGr+F9PkZitlCA3OQgrjbzwbAzNtt0H/Aa7I4qysZuJ4CFb+63/fJpdrf3X/7
5Ne3f8IRF/zzX8qP+EJi/wCeY/Kn9bQch4jtb+63/fJow39x/wDvk17d/wAITF/zzH5Uf8ITF/zz
H5VX1xByHiOG/uP/AN8mjDf3H/75Ne3f8ITF/wA8x+VH/CExf88x+VH11LoLkPEsN/cf/vk0uDj7
j/8AfJr2v/hCIv8AnmPyo/4QiP8A55j8qPrvkHIeJ4b+4/8A3yaMN/df/vk17b/whEX/ADzH5Un/
AAhEX/PMflR9e8g5DxTDf3X/AO+TS4P91/8Avk17V/whEf8AzzH5Uv8AwhEf/PMflT+veQch4pg/
3X/75NGGz91v++TXtf8AwhEf/PMflR/whEf/ADzH5UfXvIOQ8Vw391v++TSjP91/++TXtP8AwhMf
/PMflSf8ITH/AM8x+VP6/wCQezPGBnP3W/75NLg/3W/75Nezf8ITH/zzH5Uv/CEp/wA8x+VNY9dg
9meMjP8Adb/vk07n+63/AHya9l/4QmP/AJ5j8qP+EKj7Rj8qP7QXYPZnjXP91v8Avk0YPo3/AHya
9k/4QpP+eY/Kj/hCY/7g/Kn/AGiuwvZnjoz6N/3yaXn0b/vk17D/AMITH/cH5Uv/AAhUf/PMflR/
aK7CdI8ewfRv++TS8+jfka9f/wCEKj/55/pR/wAIVH/zz/Sn/aK7B7FnkHPo35GlwfRvyNevf8IV
H/zz/Sj/AIQuP/nn+lH9orsL2J5Dz6N+Rowf7rfka9e/4QuP+5+lH/CFR/3P0o/tFdg9ieRc/wB1
vyNLyf4W/KvXP+EKj/ufpR/whUf9wflR/aK7B7E8iw390/lQQf7p/KvXf+EKj/55ij/hCo/+eS0f
2iuwexPIiGP8J/Kja390/lXrv/CFR/8APJaP+EKj/wCeYo/tFdg9ieQ7W9D+VG1vQ/lXr3/CFR/8
8lo/4QqP/nmB9BR/aK7B7E8h2n+635Gk2n0P5V6//wAIVH/c/Sl/4QmP/nktH9orsP2LPH9jf3T+
VAR/7p/KvX/+EJj/AOeS0f8ACFJ/zyWl/aC7B7JnkiI390/lU6I3ZT+Veq/8IVH/AM81pf8AhC0H
/LMUf2guweyZ5kiNj7pqZUb+6a9I/wCENH9wUf8ACHf7Io/tBdifYnnIRvQ0uxvQ16L/AMIf7Cj/
AIQ72FH9orsHsDzra3oaNp9DXov/AAh3tR/wh3tR/aK7B7A862n0NG0+hr0X/hDvaj/hDh6Uv7RX
YPYHnW1vQ0AH0Nei/wDCHD0o/wCEN9qr+0V2D2B53tb0pdjeleh/8Ib7Uf8ACHe1H9orsJ0Dz0K2
elLtb0Neg/8ACHewo/4Q8+gpf2j5B7A8/Eb/AN007Y/9013/APwiB9KD4QPpT/tHyD2BwHlv/dNO
CP8A3a7z/hEDR/wh/wBaP7RXYX1e5wwRsdKcqt6V3H/CIUf8IiR60/7R8g+rM4pVbPSpgD6V1/8A
wiDdeaD4RbHen/aa7C+rM5IA+lSAHHSupHhJ/el/4RJ/U0f2muwPDM5YKc9KUqT2rqP+ESf1NH/C
JP8A3jR/aa7C+rM5bbSEY7V1X/CJP70f8Ik/vR/aa7B9WZyRQmmbT6V2H/CJP70f8Ik3vR/aS7B9
WZxxQntTCh9K7T/hEm96T/hEW96X9pLsP6sziTG3pTCjeld1/wAIi3vSf8Ige+aP7SXYf1ZnC7G9
KTY39013f/CIH3pP+EPPvSeZLsH1ZnCFH/umk8t/7td7/wAIgfSj/hED6Uv7RXYPqzOBCP8A3ads
b0rvP+EQPpR/wh59DT/tFdg+rs4TY3pS7W9K7n/hDz70f8Iefej+0F2D6szhwrDtRg+ldx/wiHsa
P+EQ/wBk0f2iuwfVmcRg+lGD6V3H/CIf7Jo/4RD/AGTR/aK7B9WZw+D6UFT6V3H/AAiH+yaP+EQ/
2TR/aC7C+rM4bafSprWJnuo1x1Ndn/wiBrRsfCgR1bZyO9RPHqUXG25UcO00zS8K2xSJc969LsRi
NfpXNaPpfkqoI6V1Vum1QK806T//1Pf6RgCKWg9KAKktsGFVH0yNv4a026U00AZP9kR/3KP7Ij/u
VrmkoAyf7Ij/ALlH9kR/3K1qKAMn+yI/7lH9kR/3K1qKAMn+yI/7lH9kR/3K1qKAMn+yI/7lH9kR
/wBytaigDJ/siP8AuUf2Sn92taigDJ/slP7tH9kx/wB2taigDJ/siP8AuUf2RH/crWooAyf7Ij/u
Uf2RH/crWooAyf7Ij/uUf2RH/drWooAyf7JT+7R/ZEf9ytaigDJ/siP+5R/ZEf8AcrWooAyf7Jj/
ALtH9kx/3a1qKAMn+yI/7lH9kR/3K1qKAMn+yI/7lH9kR/3K1qKAMn+yI/7lH9kR/wBytaigDJ/s
iP8AufpR/ZEf9ytaigDJ/siP+5R/ZEf9z9K1qKAMn+yI/wC5R/ZEf9ytaigDJ/siP+5R/ZEf9yta
igDJ/siP+5R/ZEf9ytaigDJ/siP+5R/ZEf8AcrWooAyf7Ij/ALlH9kR/3K1qKAMn+yI/7lH9kR/3
K1qKAMn+yI/7lH9kR/3K1qKAMn+yI/7lH9kR/wBytaigDJ/siP8AuUf2RH/crWooAyf7Ij/uUf2R
H/crWooAyf7Ij/uUf2RH/crWooAyf7Ij/u0f2RH/AHa1qKAMn+yI/wC5R/ZEf9ytaigDJ/siP+5+
lH9kR/3P0rWooAyf7Ij/ALlH9kR/3K1qKAMn+yI/7lH9kR/3a1qKAMn+yI/7tH9kR/3P0rWooAyf
7Ij/ALlH9kR/3K1qKAMn+yI/7lH9kR/3a1qKAMn+yI/7lH9kR/3K1qKAMn+yE/u0f2RH/drWooAy
f7Ij/uUf2RH/AHK1qKAMn+yI/wC5R/ZEf9ytaigDJ/siP+5R/ZEf9ytaigDJ/siP+5R/ZEf92tai
gDJ/siP+7R/ZEf8AcrWooAyf7Jj/ALtH9kJ/drWooAyf7IT+7R/ZEf8AdrWooAyf7Jj/ALn6VLHp
iKQQtaNKKAIIrYR1ZUYFJThQB//ZCmVuZHN0cmVhbQplbmRvYmoKMTcgMCBvYmoKICAgNDA1MjMK
ZW5kb2JqCjE5IDAgb2JqCjw8IC9MZW5ndGggMjAgMCBSCiAgIC9GaWx0ZXIgL0ZsYXRlRGVjb2Rl
CiAgIC9MZW5ndGgxIDk1ODAKPj4Kc3RyZWFtCnic3Xl7eFRVlu/eZ51dj3PqVJ2qSqWSSir1yjuE
hAohEB45KiAK8kzTiRIJDyMmYhIjaQoMCdIaAyiCGB5ihJjmEVEyiMglDYFpBvCONsMVpsfW7nba
2D3fNWa0L+O0mJzcdU4lEbXt7843f8w3t853Hnvv81hr7d/6rbV2EUoIEUgTAeJfsXpZzYfOts2E
xF8mhLt3Rf1j/qc+PbyNkMRkQmhHRc2Dq//49BcXCPHiONny4MORiuLzZ5Pw+ig+k7jqgWUrbeKd
hwlJKsa+Cauww/aquRfbW7GdvGr1Y2vPdpjLsN2F7a0PV69YRujxPkJ8U7D93Opla2v4A/w6bL+D
bX/Now/U7Fi8vRDbeA9rJBypUFv5CtaB0hqJR7HwV4jhCjWx1RxPci5c6xtH5Gt91/pynfaAPSVg
D1TwZKAOEgY+UVuN1j//6VFDBr6jnBDDXnadmIiLTFTiLcZ6a51A6s1G6rIRPsUhmdNJSAzGyjf6
esPX+uyT8DeO5PSFb/SFc08cc/e4OVqWkhd22GUui9L8PHsoP+AndpkEuP1b/vf7//TplsFzPT2c
SnfQTvVHanWEjqF30hk062ZHhP84ojapu9QX1EY0qSYL60JZ3OTHylhpp+h63inW23bajc+bd0C9
/VlW59xB64lscVgzTA5DjCOWJ+kOIcQF41C8sCbftT680OTDc99An9zbL+Mh98T8+Op4FDQvKp++
B4avtXN5Tw+btnlwK21uaVEjXHOLLtr+X6mBs4MDZwc7fqXuR/ncKN/vUD4bqVYSzIyKsMNYJ6FE
vMMgOEzWdEuIpBs4Wb52oXeg91qf3I+S9Idv9IfRbLl0dpeleHaXtfi+2V1y8X0lZ4g8dA7fKuOm
TLQXTCxV3Ip9qb3cvo3fxrYZthmbTE3mJqFJFMs0GQOukD0qeZ6L1l1UH2xhl5vVlZci/Ht9dI26
pe/r7AgChXBDn+OcztHldJCtygKHT3bwjLf7GC/ibjJzgo8xXk7igHMk2R0AnM3KSUnAWbSuTAeI
9bJkZkDroc5IcGatkkUUTIwHTnIaiFO+9o7draFgSm+fG43umJQ7e1GJUWafGdln7rBRNn2mN2S9
pfdqfaXBUH4exc2F6kAA8lx4kNdx4X/l8p4dnLFj/eCVhuM8vfKHCFuC4IjQceqVCBfiJo9gow51
kshUxSOajVDP6swaGgzpJsFhQSCYEAfWYZjKvZrl+7/sD8sXchVzrpAr5lpyJX4UAZoto/MO5Bw3
p1mb78jX2X3qFvxW89DHbA77nGRQo1IUCnLJAZ9FTPJxXr9PtIiZosUf4GPpbraBpMXu9mxwOdan
1WT6RUvAa3I7XJyDmJyuccleJ7HlZso3LvRd60UoyP12R9R55N4bFxCaF9U+tGLUctbP8NKoH0uD
xwk6UpnytCHJ4DMG04V0Md2SLqVb033p/vRAejA9VCgUioWWQqnQWugr9BcGCoOFoRKhRCyxlEgl
1hJfib8kUBIsCVUJVWKVpUqqslb5qvxVgapgVahT6BQ7LZ1Sp7XT1+nvDHQGO0NnhDPiGcsZ6Yz1
jO+M/0zgTPBMqCg3a37W/qyuLL6MlBXY85JoXnhC/vjUHDqW5o9PDoR5tz00loaCBldMrI8mUVcM
HwgmtzV6/6nnxfZHjn70wXGaRoVNNGF3o/fCmzt3rfr7j/6hW72sXt2hfjSLLj98sP7Re1dmFUy8
dOq3/z5mjHpy77YHK8qWjS8Y/+H5338aJsPcdBznPIEkk53KLFEwg8XkAx6MPp6HTBNPEoFPrBd3
hZz1rjq7xNfbDEY/zyDeRGLBL4a8YLUYWDw6pj85PkZOT7SEHMGUEa6Qe+Vz5+wO9yS0umOSHTcN
0v3hMMJG7XdM0rZRYOM+PDk2nJwTotFm48pQa7cT4QxjaRa167jW6Y93xRhSoubKonxR6brsX+9R
Xf0zli2eem6QIOaKKU8T3h5s3bR1166tm7j3pSU/Vssj9Bdb7xn8TUTD4tVz+94M7H7mmVbE/tAN
tMNCtIOVbFYmWaWom4pJgoieKyI0+W+cOlMEi+65RlIHo15rthGDbdRrb0xBr7WPqjbisKZhh0Ud
TWYNgB4QqWgSzAbRKTmtshySQla/rMjzZREhQV0hipvmSmY8GRY2DL7bP/juM9zPt9PnaSvOW+Rm
B1sSiQyE4DcaMVGyGP3qS/QrDylS4slz7g0gbbNvsJjXQ02C1WHxkJgUg5SA03PtHT16Rf1E7ctV
pNzE6sQ13Pr49Z6XEw20jBr44SAzCkPOLjvQ5AXsy8nqL1VVfUq9i75F1z1J/Qca03555NfXrn34
wpks2vnHj+gB+gCtoAeU29TtP+9We9Q3cDt38DAZ5hkoR1uLZJISE2UZJBkBWSaEHMMFLfKN3vBA
b3g0Bio2m5QrKdJ8qVyqkZok460ck+eKMsy5KL94NTtwmh0M+9EOIkaUHMVBNlgMGxzrLTVxkOIy
p9gkLZoNGwCJA/mrOr4xvif+SjzyV4oeaaPquqMm0I+wvuf06Z6z3d1n1Wa1mL5G19IIPaouWkJv
p7PpHHq72q2+pZ5SuyN0H63E7SV1JcbdVnUl0fW+FzGmot5OskHJtvmMRoPBJ8u2TNlILSaoF1id
ndZbiTnd6EiXRTxKaA7ZwQVjhim3F92pN+pAX2pOpIW8W5wHUWU0UlKmJCqu+a5VhhpXs6HJ9bLL
aDTGGlONBcYCeZVsKBs1Hh1hac2v7u3poe/Bk2c5oUe9ObD6rGbNr38HhyMIMb5g4PZIVIeZGCPa
+enESyLKGE+MUXJTaGfuA0JbgsMKtJ0dkon9bmfiLIMt3ylLM3mS7zHI3G1JUUa4cYsO/W6kgBHK
zj1JfD7io4DAm90lFGPoTiIKfjCJJA2d00P3yRzfNl+XD0bnfhrSZaxrmBPGp2o0iY2Zu3bRr5SO
hjfe2j345MYZP6pa+UQE8iOtS4vfe3fweiTC5Tc/9NKraiiKk2L0Fx710XCSrThJi8XQ4mjTcDLN
Ndk8zRbWgHJDB8qABpSTcrwSXx4PGkom2OXUKDffihLuaM1999bWLllSq/5RPU+LaDz10Gnq+eJz
FNXpOa+qf1uLVGagRpqh/kr9Sr2pXh+1rWkWypJLHleK/B6nxBuyCMjGtPYMr3xgLLSlBOJiRGZs
zzgUijWTeKcwy+KeG2/Kt8gG19x42RmclemX05PzU28bp7vQFEyQeodhg2bWrB41O4JHM7x7EgZH
RSLhnLASLg/XhLeFNcf/y3b9XmN0CvgP7j5a99abuwebG6cuun9V4+D+xmkLl+L5aW0qpu1/5Il2
iFQuu3JVMz/98tKq7U8N/unWK216yhav0OYjB+djpiGGxJAAuVNJDriYPS6pwxTXYaXt0ETarTWm
NkfCNHGKk8t32XmZTAxqyNKhpfFFr5aRaqjSQXW8KIQsW6BndJqo2vyEgqlpKD+NiY1GD02jS7vp
zezdNR9Tpn79cc3ubNVAby6tXF1aurpyaYSF1g5uXbRAva5+jdu1BYuaI7Ti9MGuTz45dvC0Nm+Y
PPFzcN7iyI+UFBJrN5mdlNna7exAbJtkbrcfEoXxJi6PyHc4TLIl33pbPM4OesNoDqX7gXxBi48O
bUJ8nhxPkWeeZ6mn0aNNyEgS8D3Dz6k1zJ/z2FPnB2fuauf48a8+7ivl89Rf/GjRO2+qS3S7nqmu
Mg/jnD+NMhpJInlACRqACDJpN8kvSy0xpoPQ4mmLqfHKdjLNNMlsKHKHvZpVtSgRRT6GiF4Z47Uu
X7A8qTHp5aQrSXwP6TH0GHtMPeYe4Qq5YrhivGK6Yr4iWJBkqG5aL2UBl27qgjwDHxrxE8ife/99
87gPBlMe31z3bMzBrCHyB7VPfR8TH4maqIcr+V9HDv7C8RPTL99a99ibnRgFrdidrr494rOrECMW
xMgcJYUSu1fgOzxCR0xSu79Jao+p8bTZfPlezPqt+dIU4zR3WAPJjd6BKVN6vw+Sk0WhxtCxkMY8
w3DQ5WWasa1od01kNLZbsztUlz/0SOm9qx8qp8t3qcbsPTW/Vwcp/L5mTzZCiP7uodMHj33ySdfB
o5HmRQuwCmPo55kLFtGBtdFci11F/pdJPLlbCdrrLXFa8LNi8LMYXHEOm+TKMdsy7VLIrMdBj+bE
F9CLoyRp16vCfi11+kckovkJNQlNCTDK5mHMiPiQVrnASFqkBcaFX9FU9f0/q/1ffFHzxIt7N9Vo
xP7Zpcv/qtoi3MevbX/u1VEeJDqvp2M9My4plfjkWCtLpb52a+oBU+zLzpa4hDbabqqxgt8a4mPz
3Fx+kg0dMCS7xXCGnoNrfhiVFQW92NuvXtRQo/fYHXr+l6uM8WUWxhS5imKL3EVxRfGTPPMyGzOF
LFdObI670dIoNVobbY2+Rn9joDEoajCyj8xDav74CZOHp8gYykcP8PM0f3S++FW7VcPMo4+8cuzr
wdPrmirr4mqXvlNLvdSstj25ovKeeQtXcs8M9kWai+cfe+WN40Ub1/94xSfB4LXB315/+IEHVj4c
5eAS9JNstEMGtSt3YB5osywI+M0CZxIX+AP+kbrkNRb7moe1kKNpnhbXUUebXpsETBYv585zoaeb
5rmSvfOILRytTS6M1Cb24eJkAKuVP/TrtPwXyxNFEs2iIIpYCkmi1YAhvakx6+WsnizIMGcIGeIY
yxgpwzohNCNUai4VSsVSS6lUai31lfpLA6XB0lCluVKoFCstlVKltdJX6a8MVAYrQ5vNm4XN4mbL
ZmmzdbN/c2BzcHNoj3mPsEfcY9kj7bHu8e8J7AnuCR0xHxGOiEcsR6Qj1iP+I4EjwSOhKWX0+xXK
hKhbfK9CSS2vtbZufLjurod2/Gzn5zfvv76x1tzS9HC1smj71f3qkPrFit/6aMZPGmbPVGZ6UjL2
PPHaEV9AvbH6kRm3T5jmSsnft+XEq0l6nU1y1MVsJs6HhYRIrZI14utSuy2Izo4u32Y75H/BU5Ps
G0/Q0acErLrfSxOTR8OCRrJyr75UoYW9EbcfSTOS9TQjmSQPpxmKWU4pSmlMOZbCYwJ+S5RIGeHd
kSgSpWMuYyRSqG3fCSMdg8t3c7MeGo4VOid8E0XUWZHhnGrc0MdwmNViBnK/4nULsom085zOzDUG
7lCcbLRTM5OBTMRcZEpf+J1rFzRWRnoe6JUvjC58iMWaQtqaR5yuURyJG0mc5sUvxewWypwhbY3D
HnAF7MOUHPWrv9+7ly6naer7YwqVadwL5pfOfbAPXo/Qu9WTkcE1W6Yvvnf/xpa39PnAHIX7FXKv
SFxkshIHnWZHe8wh2dJuJbMNEmYiTlu+/bbYaAZ/TQ/J4YG+D7G+EH3uHHe5e5u7y81omVMHD9Zw
+H06GtZ+XrNgXnX1vAU1dNPuwWote2DFC6qrsfORr9fo8Ww4T9JlMJNxisPQbmriSTtH84lshHx2
mxD99vCXte+KOWK5uE3sEpm2jDbyLa5o+BORiBbih9c/nkd+dpF5Soa0U9zx7XWxW5fFMh1CyKCT
dOw3JH2jPzxM0P0qok7tzT1hc/vcP7AmptctLK9lcDdd39KiPvnpt9fDdkbrOS1ub0L8e0hYcRN3
C0j2Fou5Tavm8rRqbpohfGs1N3Bh4IKsXsg9bkvExAeD5nDE/ZafajPPb0r99H+qveplOp46qn+/
pkbe8OjOhnWbqzZa6ZyTb9BUKmoBNzNTfb950+V//+JK01pdniIt/0fbe8naaP5PMffHCqApmv4L
bd9O//Xsn79Dz/+1lOc7+f/AN0H4P5z+238o/W/jyHfSfy2Da/iB/F+dxFahfX1kDHlMGTvGLyeG
bDSjw0navSZLi5EPdcS3eQ/xh5012eY8Y1K+P9Emkymp04yx4WyN3G9Eg94oxVxUL2gco4dr1EtJ
NAlxQrpQNJYnJmLm0btlc4zgN/nNyYJZj286Y6blR7l1Kr015UDCobekJPn8VfW8+pvKX9fV2rZs
7Gi+Nf2gX6nGkdwEXh8o/+jfAgH1oYqXLkVuTUSaI+re4RTl9LD+i3X9Y5FfFymZIbfR6fF3CKQ9
hmHC7emQ22IOwQtCTTI/3u00yC4un0zxTpPCyXpCFY5mVH+BXU9UI4VyI+E7z/7Xtdo1uKLjh5X5
OoDFwqm/ogbiRKsbtvBpmFk9pIRiZSZanAdMbo2WDplqUJO4WbG8jMLPlPJtsjjRo1XUWkIYzQcH
kFZHawaSQIdRqJGqRqgeHYoe4hmG4oltCV0J3LdSEx2RUXXwkr+xSzUU6SCkN28vqVqxkU8bWBit
QbmsyODzF6vajtIPovw/9AHWD++j7FbSoBQKZs70U8kqGX9qMFrxNMdkxG/zjAPDHEpJppFYTEzz
NDhErJLZZDTwlJhtIvfN4tPAtxeftLziu6tP6UxbfZLG8FlsNj+b3cffxwxlgW+WmvBE6dtq8xpu
+UbMyC1b6Lb1ajPGhMhgObc/EhlYqFsdiPZvjoXw3Fw8J2FmC6hFIxmii+gyupZuoDu4i9yH/lR/
rr/QfzQQHBrS/mch++lCWo7jDcPjThyfNDr+wz+NDz6ke+k+2obb/uHtIm6XqfYPkfGvPv3/8uOJ
9u8URc9I1NuifmS4S6inC88mYkAtCUafv/SLJXbkxhjixGsfSuvRexPQMlZiw5jsJw6M8/FYuQT/
07L+//vjCEfXa0e9avqSyqSSDK/r4cgSuhxbzXjcRsrpeooBlMwlS8hU8iT5E/Zv1J/30Y24HdXf
dxZ7zkavsP8ovoWQYlJLNpLd+jcu8Uv4Cn49X4Fp0Ba6BXt+o41hJZDNZ+C9G3Ffj2PLtWtahFsG
qSBYJZB27PkSxyNkLxXYu/jmv6MpZBV+Zy7uHUhXJpTlOrVyFdSC99ZpAEOEoH6YaVSSNSSCz13X
t8+xvZJE2HVDDPcl6jULxwx8OfkE315LaqlA8yCP+zM+Oxd7WjStaCfhoBJhW45bmr5NJ8vxPQfx
jgjZxy3n8vg07S5d9qnkA3JSl7uCbMf2QtKpHwkMkPcgn1ag/Jpt4tl5sth4Nw0YrDTH2Ii2IgYv
2chVEB9MJ3UEAX7SoK16U4IRs4tLuWtll7KgxH+5NJA95jtNv2z0d5H5XVLEf2poaH4Jn8BKu1hi
F6SYuviU0D//0OA/Z4+ZPb/E33V1xvTht84on459i0rwUmthN/bPmJ5NdBbi7j/1aJrz+aW2Kf9G
fCZ9st97f+7/GTl/NX/gY+t1cwbeqw1S/QY8GjepXkJseTheY70+3P/NL8S/SyoMn5NyQzwpZzeI
25A/9Dnbj9eXSDP3NtrlII7lD90w3E8Ww1m8/jNabj65l10lM9liUmz6CZ53kxy+gExmblKM18WY
OZazHFLMbyQl2hgcJ+NAIDO1nb1Oyvnf4X1XSZF2r75fxecPanFC/03H/R9Q+BpUOg73Ppy/EsTA
R9Gd/QtK1YWa4awZTyFhzUGyknHHMQHLXBGfsyTjjowp7STEiuNWfMb2OSH2JkIcKwlx4v1OHHPi
u2Owz4VtFz4fi7v7MCFxK7X/33VrhTgzySKH0aqc9i+rxsF8Ft2Ebf4U16T0XlHhl7PhXRXeEeBt
K1wOw6VuuNgNf3cTLrTC36pwXoVzPXeycw3QcyeczYUzDfBzEbpVOK3C/1DhlA1OCvCmC06kwhsC
vKHwx//Gw/7GA13HPKwrCY554PWXJfZ6AbyGp9cCcLQAXhWh84iddYbhiB2ONPGHx8KhvUnskAoH
f+ZgB73wMwd0vJLFOrrhlce87JUsaMdTezcc2O9hB1TY74GXJWh7qZu1qfDSvjL2Uje81MTvezGF
7SuDfQr/Ir7txRTYu8fO9ibB3lND55Qhfo8ddltgt8Lv8kKrCC+0wk4Jno+HHdtXsh0qbMdPbF8J
z20T2XMxsE2EbQr/7DMSezYGnpFg6xaBbQ3DFgE2e6Hl6QbWosLT+MTTDfCUCE8mwU+x8dMwbHrC
yTap8EStjT3hhKZGiTWp0ChBo8JvwDs2qNDwuI81qPC4D9av62brVVgXKWPrumFdEx9Zm8IiZRBR
+LUp8JMCqMcn6qtgDZ7W3ITHvFCnwqP45kdVqLVBbRNfUz2W1ahQPRYeUWG1Cg/LUDUbKgVYpcKD
Ajyo8BUBeKABVqqgPLOiCpZ3w7IGKFfh/lgoE22sTIX77FBa4mWl2VDihR+HYbEIxYs8rLgVFnlg
oQcWzI9lC1JgvlVm82NhHp7muWHuPYlsbgPcc5fE7kmEexR+ji2RzRkHs3F4dhjuxv67G+AuCWbd
KbBZDXCnADNnSGxmGGZMt7AZEsyITsl0C9xxexy7oxVuj4PbFCu7rQGUCWamWEFp4oumZrCibpiG
p2llMBU/MTUDpkyOY1McMLnQwSbHQeEkgRU6YJIAEwtsbGIDFODTBTYoaOInmGGCwuePj2P5rTA+
y8zGx0Ge2cvyWiGcIbGwCuOskGsRWW4S5CRnsJwCGBsQ2NgkyB5jZ9mtMAafGWOHMQqfZYbMVBPL
9EKGBBkKn55mZ+mtkIZ9aXZIU/hUE6TgK1K6IdkZYMkZEMJTSIUgvjDYCgG/iQUECDTxfhP4Fd6H
o75MUE4k2bNZUiF4A5DYAAku8IQhPgxxOByngjs2g7mrIBZbsRngYgJzJUFMHDjRyM4AOPBZRwPY
USV7NshoHVkFG47ZEsEqg7WJl1A56SZYRLAovGgDAW8VusHsBZPRyUzdYHSCAV9riAEmAFN4HhyM
dwPfxAO1MXAAKDyHV5yKbaBYyGMReYqufPIZmvXf80f+qwX45ucl/xeHDoT4CmVuZHN0cmVhbQpl
bmRvYmoKMjAgMCBvYmoKICAgNjU3MgplbmRvYmoKMjEgMCBvYmoKPDwgL0xlbmd0aCAyMiAwIFIK
ICAgL0ZpbHRlciAvRmxhdGVEZWNvZGUKPj4Kc3RyZWFtCnicXZLLboMwEEX3/gov00XEIzBuJBSp
SjdZ9KHSfgCxhxSpMcghC/6+Ht8olboAH8Z3xnfwZPvD88EPs87ew2hbnnU/eBf4Ml6DZX3k0+BV
UWo32Pn2ld723E0qi8ntcpn5fPD9qJpGZx9x8zKHRa+e3HjkB6W1zt6C4zD4k1597VuE2us0/fCZ
/axztdtpx30s99JNr92ZdZaS1wcX94d5Wce0P8XnMrEu03cBS3Z0fJk6y6HzJ1ZNnu900/c7xd79
29tUSDn29rsLqqmqKM3zuESuwXXkGvE6xQvEC2ELtqLZQLOJXOaJ4xLjJeKlMIFJcqGvRF9twVvh
HtwLM5gjE5gSQ0OiIQd2wjiL5CwDNsKEXkh6IfRC0ksNn7X4JPRF0peBNyPeDDRGNAa5RnIJnkk8
E/4DyX+o0GMlPRLqkNShR/CjsAEbqYlzTToXPo34NKgTF7m42w3JFcqs3WfDXkOIY5EGMs2DTMLg
+T6z0zhJVnp+ARCGviQKZW5kc3RyZWFtCmVuZG9iagoyMiAwIG9iagogICAzNzkKZW5kb2JqCjIz
IDAgb2JqCjw8IC9UeXBlIC9Gb250RGVzY3JpcHRvcgogICAvRm9udE5hbWUgL0tNU0xSRCtEZWph
VnVTZXJpZi1Cb2xkCiAgIC9Gb250RmFtaWx5IChEZWphVnUgU2VyaWYpCiAgIC9GbGFncyAzMgog
ICAvRm9udEJCb3ggWyAtODM1IC0zODkgMTg1NCAxMTQ1IF0KICAgL0l0YWxpY0FuZ2xlIDAKICAg
L0FzY2VudCA5MzgKICAgL0Rlc2NlbnQgLTIzNQogICAvQ2FwSGVpZ2h0IDExNDUKICAgL1N0ZW1W
IDgwCiAgIC9TdGVtSCA4MAogICAvRm9udEZpbGUyIDE5IDAgUgo+PgplbmRvYmoKOCAwIG9iago8
PCAvVHlwZSAvRm9udAogICAvU3VidHlwZSAvVHJ1ZVR5cGUKICAgL0Jhc2VGb250IC9LTVNMUkQr
RGVqYVZ1U2VyaWYtQm9sZAogICAvRmlyc3RDaGFyIDMyCiAgIC9MYXN0Q2hhciAxMTgKICAgL0Zv
bnREZXNjcmlwdG9yIDIzIDAgUgogICAvRW5jb2RpbmcgL1dpbkFuc2lFbmNvZGluZwogICAvV2lk
dGhzIFsgMzQ4IDAgMCAwIDAgMCAwIDAgMCAwIDAgMCAwIDAgMCAwIDAgMCAwIDAgMCAwIDAgMCAw
IDAgMCAwIDAgMCAwIDAgMCA3NzUgMCA3OTUgODY3IDc2MiA3MDkgMCAwIDQ2NyAwIDAgNzAzIDAg
OTE0IDg3MSA3NTEgMCA4MzEgNzIyIDc0NCAwIDc3NSAwIDAgMCAwIDAgMCAwIDAgMCAwIDY0NyA2
OTkgNjA4IDY5OSA2MzYgMCA2OTkgNzI3IDM3OSAwIDAgMzc5IDEwNTggNzI3IDY2NiA2OTkgNjk5
IDUyNiA1NjIgNDYxIDcyNyA1ODEgXQogICAgL1RvVW5pY29kZSAyMSAwIFIKPj4KZW5kb2JqCjI0
IDAgb2JqCjw8IC9MZW5ndGggMjUgMCBSCiAgIC9GaWx0ZXIgL0ZsYXRlRGVjb2RlCiAgIC9MZW5n
dGgxIDEwMzYwCj4+CnN0cmVhbQp4nO16eXgUVbr3OXXqVHf1VtV7p7N0d7bO0kmaDgEiAYpVZMkg
MkyMRgIkISRAwIBAIIIL+xLZQtAIEbnooEJAZCIgRowoKpNxBBFlRh3iwkzMOHdyGYxJ5XurOgG8
d+Z77vP9890/bp+crqpzTlW96+9939NBGCGkQ6sRQd7Z82cuvDpi7/sIRbUjxOTPfmSxtybzpU6E
POMRwjtLFs6Z/+3qv7Ug5L0Kd22aM295SUn91ulw/jLcI5UWzywy77r7GEK+UhgbVAoDFq/+I7hu
gOv40vmLlx19xPgwXMMzUN28itkzEZMF57EPwnX9/JnLFrJP0ky4vgnX3oUPFy9cspy7gVCcCyH6
EGJQiVzLltADQK0GuSUD+y7i3sVaWsCwKKPlYvsAJF5sv9getJp95gSf2VfCou5KEtn9tVyrMd38
94e5ZIR7p8nTmcv0ErKh+VKkVuAxKqILLEa+Qj/L8ridEZAh3mTWae3ixZbuNvWZ7Z3tIbFDPmfO
zg7iiY26aXlvIDuSEIZve2/zEPPgIfcfCzpwAUyapk1sFKY9oKzobQ6vQJK6gmRlxuDM0KAsc1yW
zx5ntnFxsYkvP0zy8pY+9B2z6My5q3fvkJ/+y+yZtZ/R7PLyrjf/cTUWxI4G915jP2f9KAItkWKd
Zs5gtDFreJexSkD1fCGLAk7qJwF8lykg+g0ZbrGzva2zrTunbQDKgINCeQgID5OuV0h3q6S7kbuP
9OOrIhsjGYV4uzqt0u1WlqnT2GfOtPuyTBjIVWk32xxhNphLOO+w/HTm/vKjLxzEM2ZUrV7bwPq7
R5edLqs4f5nJLu/Zdfap06/ia0jho7L3GjnGjkHJ6Io0Mi6WifcNN+hjPEy0d7jeoJ+sN3h9rAM/
hxpojd/xnL3BXWPZ7C9M8eoNvmitM80ePVzQ+u3j4pk0AY1NETtb2i+2tYsdYofZorAHemrrBk2J
HTc6zM7s4MT78jSi6Xs41ajf98ce86ZiXCDl+T1+r9/nj/XH5evy9fmGfGO+J9+b78uPzYtb61nr
XetbG7s2rtZT66311cbWxh30HPQe9B2MPRgXLaWuSj1iO2I/4jjiPOI6EvGm7U37m443nW+63oww
FaCCwf06HpiYgdNx1sBBmSGH0x6XDsLj7DaHB8dgu6r4yjJ2y8aVj8/Ys2bDik/emHZydhm7fsni
pfnrtu9e8+0Hc1qG3lz6SMH946YPSAs8WbL9YCDluzmLp04dfW9KWsaWit2vBJAq06EgUz9dhJyo
VIp26pBorLGxWlTFMfW2QpdGNOMAD9aBMlxiJ5hC28UPw3KC8xZRbukzaKOidpdqFS7k6rMKyU41
VGvX2LWJmkRtRsSqiJqIfRG6AmtcVqY50+yz99nB4MywZfxh//7Xcb58cOC48aOYTdqt2/Y9SU6X
4wnyifKegnWTfjlj29otv0aKD4M9l4Ed6IHqVMmKagwcaNpQ6CJu+xjeLaQAraDHsD7FjuBxb0RF
BIMLElSxhuXojEVZA1FmCNltiCnduXv3zp2763Z8J3+DI65fxxHyt+P+3NZ2/Xpb259n40xZxiH5
t7IsX1Bk1gvYRr8G/zeh7VI2SximSKPV4CKEtXAQGczreKOJQaJOx0/GWh3HEFRhYGdpjTpeqyEM
RrxA9YJ48UMwKvAxkKsTHCxsb/R7Z0gjar8Pd+UKzE6DMSqQYrVYy7CEZbW8C7sYFx9ljDIlMSnG
FJNRgx3Yj0kBLuAZFRwwNDjiEvw6bnoRn9jW85eXezp2MV5a9tNatgrQoZaWlZejfnlOB3naUCTK
lWIYrb0KaffQGoOrBj2jCDZKy9vdKBKDaKNAtCGAyA/D0m0X5Taxw5IdlCzeaCl6VTRpRa24lWm1
t0ZSoAb77HfouE/kGtWYNez07m/3713+jGdn4Pu3rstfY8ef/oaZi9y29au2iwzSXv58VfWRRpB+
Nx4oXz568o0zr6MwvXI2ew3o9aAAKpEyA0jAVjHKS5JRVXTyTqt2r8ZQw8btjNhsLWSfja5P49M0
MQFvlOBHWYluzWBHSprY2aZAcghoV9C5XbWTP36jYoEzG9BA4YhH6WL6qvTGdBb4CIOtv887h2GF
HSZroEXxTkXO/XaluC6b2X19bnNeoWVt9f7dg15Y0fLjzXdWvDAIl8p1OzZv3bZt6+Yd5HT3A1//
mJj4RWnhb1pqimbgwV1deNCMooPl8uY33//yD1f/dL75lm42Aa86lIQelTIiffoIJBpwVcQObY3V
tzVuS0xNIvBpqDIxERT50mKNAbeA/HrqjnWkJKsYF+ZTwTgwto42uePGNyrEZWebVT7jxZSKlGVJ
zSlsVVIzbmaaSQvbQlu4FnuLo8XZ7GqOaHYbFV1m3WLRegegA0L5wm6licsaDtJxkIzvN6xdv7hy
S9MB+cCwhvKjv+u4gpkdaxY8Ls4ofG36H77FuV89UlXx+FZ8uuf3ZZUTxp1u+LcT9yxfUzTrcnLy
52FcOgx8Lwcf86BXpATCRS9zF3PiYqHYVswZ8FI0y1DojTYzuhjk5PgYs05gvGCYEMBbgFMVoQDH
z3XIHWCfFhWi+GlK8HqgP7Z61RjlhdYXoyY2WmCFNTypIplXWRRGskSBCKxABU7QCFohQnALkUKU
EC3EGAQwPg/y4AyUgTnAbwyopghBwRUfGIz5FpyrAjKzXM+0gZum/zt2yV/3ojmfLlrEP79j76Ff
78vfkDWdXjogT4uPlzu/+17+RygTx26t/d3bZ1ul0UyHitUIsd9yNhSBV0l5zn281rHP7uC1wj5R
0PJa0z6e11ptjMU+XBQFYbhJcDjskx2CljBGvkrPVnGLXDaRMFX6egvClPB2q2DQcWaHxmJGkANo
/DRAghD9ldAvNjdbsi3ObLAaMJqcdkAoxUVCt+JiGJ2U2AgH9RL+2O8BrIRIJUZ+ptHyAu/QOh1a
t+B2JGqThWTHECHbke0cL0zX/kqYo50jzHGUOpdq1ztqhRNaF8trdBo9NVAjZ0ImTtBa9TaNw8Jb
dVa91WA1WkyiyS5E2lx2pyOJT9Il6RNNyUKamGJOsaTaAvZkR0bkIMMg4yBTtphlzbaPiBzHjzGM
MY4xjbXez+fp8vS/Eqabp1umW0v5EkOJcY6pWJgjzjTPtMyyFttKHIWRy/hlumX6KnGZeZnlEWuV
fZN1k22DfYOjJrJWqBVf50/qTuqbHNNAy8kYQpiSyKggG8djxR0yscacyUzo6T54FM/FzXvwVyfk
FrxzT09nnXx228EyKpV16/Gz5eXyVTD7MvzaOvn3qo+PAL020h/gzIz2SQlMEQQQXKRGD50BVZpA
xJW6uYTRshwyG4mg1zIWsfNiTktLd06LYu1KmnYRInJ/EGFV5YAuMnjQxQkv7zV6TaRATd8mNhoU
LzDedgWL6goWaGFXkFx67MZD8D2Y5RgHk6QbxAzR3c2M12kU+zbzGFg1+7JwOIRnMh/IDDnRk/dD
z2Jm6zkcLV/7AXcRd/c3MleGE+aTzm5dufy5Yr/14NOrgM8UNFlK5aOLPdbFlmJnsUdIXoyKE4vJ
XKEw1RvDR8cl61Acx7k5g02HLExqGMUutiuu3ZendbZ39/l3R3bQqqIOZEUaJTdif+52qaCq2/73
7pLLD31+41B90wfyt/LNJV8sWKg7vHfP0RONM0JHjjy1bt0u40JaG0h/48V1r3ndl1/66AvFC5/a
efTpxtdKtm1/YtPqRxHTO1TOxsfoNcg/YtBcKTZGdBoI73RE1lh5wOF667MeV5oDEc4xSPAbA4ag
R/GpNoV+Jdh0Kxj1yTnxtwoiB09keAu9C70E38qePao6AFP61HG80lnpYlCBVU0Fw7mfVU2i74xI
WRdGZ6SPHhnMGJ12GJe8/dL4J4bP0Pxy6gO/oovSx4xJzxg1Sq4q/2nRgVM+3+eF+SseU+xunVyv
qaD7AewmQyUzdNTIiWP9ufEGNHFsUjwxjq3iJ1YJVRJZGV+Vyq90VaUOzvUnWUzjI7mRBhRpirJE
D+OiYiKHDWByQUOgD7mnIxTqjzRK8aMM5XSAjlpgTBnuOwQTboUOJXxmAmKCgvyJ8YqOOMZuszgd
rJI1ODk2Ljben6hE2sGD4jNDrBNULCJKsu4IuNQ0dEfBkc8+O1KwY2j9odNjRpfJra/mN05//8ui
GfNx6iuPfVmYNU/ueP438qvVj61Zu3oVvv/sJ3jm0km58klI+Goql69bX/Xw1ptTp3SdP//jlKlb
u7sTuk5XnJu2Zkuiv0Be948X5G/nLK2eNGlcQcGaFavw3W804XGrHl1/sH7WNyvlTvk8wTVzq585
snffkWcVO5+AkOYhiNlB9GtppNdtNbJcKiKaaHEN8Vcl1yf4XDY91VSlk81xDh5FWHXDDLEBrzZg
8HMjnMMi/PaAdURSIMXrjw8kBgcouUpIKcjA6NtEaH2YnNMR6nCGFA9QUBlwWdKPCM0IVYSeCjWG
6G17GqDa0wBofe5tzdBl6DOcGa5WXau+1dnqag7xBTjsQ2pczzSHhfvPLhS8U5eyCVn/tuCFAwdl
pqGwYsVjDbK278gcbMSlmXuLVh4keUuWtn7Uc66sjEl4fuPJY7IbzgL71oXPyLS5b5QtXAF2CPJi
ClV/sqN7JCfhLVW2ehFcCXwI/MdvFQLmoAPkEAqX0xntEIwufhg8VuPEt/l0qHw6oIX5/Jm/3CL+
XcVNRmVkjP7L4Z4/NwKlt/zjpySgaWp5OM4yUyHO8kiSLFyVdhGLqhgcQH4NCdCgLkxIHxlAhP4O
InQqETpoYSISbr0YHzjcc/0oRIayMiUSKHbyVu81/AHqAL6HHDdyCBnEi90tkIPcm3dcB/kvm5Mj
5uTcPwAdJzP5QgPkN+E5ioleE54LDr6DybcmZQ/OzR2cPal0SG7ukMG5k5V3KPljNNiiG2VJbrTH
WUOMuw27zDX8ZlIYaUozuJHNzaVEwsMvfnixr2RS/LYteKwiSmEsnLeLSPFU860yVHFONtr/x0al
YnJ/V/xecbl9yxO76nbXLt3qxiMOHYO0HfXiARlB+YfNq7/95pvvVlared0miHW5EAOiIAb4DDYk
GNFipshdTOcal5ptRoMT6bCT05p0IrboowFXbgO/kr3eUCBfrTol/TjdOP04wzjbOLti7XFq2sXa
bZjT9EcoFVaAYMwtLL9Seh2b5N+6DPI6pmJJ9zD8Tu3qZzfW1LOLsC47509nP5dbnTDXJB+Yj1tq
f9q4+9BWBSOHytPZJpCfAcWhX0oBjMzRxMjudBurhNiYKq9up22zu9D7uFAf7wkgjRtqAVMgWkR+
YzBeVCuMECSibbeLjFBfjZEdPL4qoTEBqlLcVzWolPr7/ctitzFxaiBTM4sDOzZv2bZty+YdTWBB
Sklx82YLlBSKSTHj5zaf/9PVP3z5/mvlB4tmyO93dcnnZxTJkeXlYSwiHwP9LrQLCkjeSjESqsyI
OjZDUmiu1+u0TBoSAxat3xAwBSPCYAMSb1Gk3RGSz50Dgs+ZoVQISkNEJEJ9KxKRFaloFx2iU3Rl
uCUkYYmRiMRKdIxdckhOyWWHVzPKYi/2MlzBbQeJUB0kAlpf3t1vU/8ZX8jHZTR34vptl3ouKIAy
6FBV2mw2Wb7xi9zTjf3wUVFu6sNbtgN4jEYLpXSN0eZmCXau0ZEqWh9pMRFcpdssIvMwa1SAEwJW
v/EuNuDm/CjABGP6wDUMrAqqdgCmdqtbQk4lOHtWeRo9dwTnGJX8GGhh8jPvJPm/AOY0FQqfn9d4
8IDM7itcvnptgwIxb8xb8P4nKiyit7edehW4Cde168BXa8A3lH2NOMmKig1csWWusq8BLsdzgv72
voaySxVMCFnMIlgJYxYtzlhkVpxU+WY27amr26P0v8t/xea/d2JR/mEcnoLvw9PwFLlRfll+RW6c
jevwAlyB6+RSeZu8XS5V/bML7KUTaNChZVIUW0Q5Soo4OplwLKbcXC2uRLzGzCJGD/G9pbtFRcHO
FtU+lNRTyTyVKqB/k1OvVlJ6pO+vpHioqnAGn6FjC/p3E/WqTPXKWnWND3IbmpWgpJc4DrPyx3je
RsyWsZ+9/UR7V1VZuD7Mx5eZfKYSESS+xiAWI1ZU9yQgLFghLc1nkIyYynpVro+BXLcATxEoARVI
8cjtLSbWeZblzmKBuIt5SDsTbToL4uKowR7NWRycPjG8QRDO2EDYkLEpgVZxgkgP9jAe4mE91BPj
8Xi8Hp8ndqR1pG2k3diPlgP7FOG7lZ9Z8K3dgYGJ5Mzow/P/KPdi5/UeLMhn5Ku/OPzAQuPj88+e
kc9s3b1769bddcyzEydgw3fXsFleJ++Xl8lTY2JuFs/DCWxs69mzvzv/xrufqLxdghjyBVmu2oxH
EiBS2GcKfKHLwgFkuUSlKlBYUDD0Z8HCfMf5pclDhkyelJ09afKQ7EmTsodMVgPIkMmTmZa+8bB9
bgA51qr2mYBmS7EGxBULqNjumRezPK44cq69MNGri3EQzmI3cDx1KVJsb79tsQr8faLKMIE38Eaz
AiKcqDFrlepONImCKJrNyYZkY64n15vrs/xsv470F9VxqqH7bm2KMszeLXV1W2pq614f8/K8LzCR
r1/vkX/Ao3ACSHWR4fEFZ8+MA5G1vgciY36YOAGq62vgFsvxQ3g9PhwTc6O4TP5M4a+3EyH6Ob0E
nFrQK9K9SLF+pggzHEctZkYEPxDUIfAwZcNP1GpM0PUGxihqtZrJDGeqQKJBS9gKbpaOmEXBZNRr
NXADRkYrT6y3dvxy2qCevthuuXPPD6poemvXT3N7G1Ct45IsSk3tUDYbBJMgsEk0iUsyJpkC5lSL
uuvg46HMwZnhOpT4SKYdP83Eyx09459gbC8y9h09Xx2s7tlcfYCJZs79FF1Gy7t2QQk6Xm7q86fK
3mv0AOg2Gg2RIt0LEBFXCUW2BYa5pDDGLAiJ0X7kNPEJMUqicKdGz3UEj4ueCo8SyJRkPVFJ1hX9
sH3ZggJOSrZAD4ySz3ds75q5cD7eju+pwrZ9ixK+OP/XGzf++sKnQbzpo8tFMxfi6OP4QfySNFJ+
8fQxAKnfyE3yK/v29mM85GTRqEIKuG0aYx/CL/p/R3j1J43/NsSb/zsQr/6AoaR3PdPvwPgaNeFV
5ExUH9rSh/EZaLgUG+8ixXa+OEYoTpkbUxiMdxks1G+gaYiLtHOc36cPKuVvZ38W1A/+n3QoO+93
FEHkjvNwHQyVE1RYg/t/RABfJyf3PfXUPqUnb1y5YtOmFSs3zjt0Rr5x8x/yf5x5afdzN69cufkc
rms4erThuaNHySPr6+rWb6irO++8sO/31679ft8FZ+SR9cdbW4+vP6LYzBXVX1jgxScJSEMe5jHV
ssjA6DhIZXOU3QkQ+MUcOAaxulkQZ1bAnRxiBvS0NvS0MgMo29O6XznZzwxQ7fBl0PMT4INa9LAU
TYiSRhCM0WRIepdqZmHCYIJYHeIYXhFL3wZ6++3d87DDqPt9oEte1SWvZPK3d/mUcTUs8cp8uMZ2
YhdhCniIN8oPaz72iZ6mXUxaT+4ScplWdG2jA5qw8gujQqFCE+TqiGVy4RiDRBgxoVWQ7d6HZ+Jl
+FG8nTnHXPUmeoPeu7wv+2J7e5XfIlEDnooLYb66b94K89m35v/1R7HFq/hpXI/3Qmvoa+egvYff
U+f/2SceehSywbcbRUJNZEJG0JMHkDsOfCjmjpUi0IaQ72d3M/+CFs0/HdVBt0PXQudRLKCnAPKx
IjNEXA7sHEH2ySIKcvrfz7/8YB2qBLk3oQ+gfQxnk1AZWoTWoQY4/xqtUMffYrVKg5ErVFn7MWrC
ybCOURrOQIrmzsBzMmHua1hfAtcNaJY630UuqO1pcoFZCl41Bc6mqHc0oCYylGXJhXBX7/oADUMn
0SHlnF5AtbBuKroMbRQ8fQI6ja7gJ9ABfAlVoy2oklUYiMY68NsyaLPoJbX9gB5U36yMldFLgN4N
qAz4PA1PPxAex8l4KikkJTgPOGTwITIeRtegMrYQml9tY1T+wjwwzAp4fx+/6ALzIJPM+vEheI/y
jgvw/ENoGNBbApSOh84o9JPrqIEYgMII+haaoJnAGaBErEbTYHYFycRPc9GoEFWTafCEXBjbgnLx
ZXgLOM8JjrLK73UBr9jIJNxT1Cjdm+d9735fWuA/XXpFjbcRTWk0Lvc29fZOyWMj6f2NNKqRJGgb
2YS4r/7V5FdpgYlT8ryN58eO6Xvq2MIxMHZfHpwqVzAM42PHpIX9nHmoad1fcg0zhJz/QB6tajcf
X8n9W//xx0977hI/1X6Jwr4YRgb41syXoxFUrj9+2r1Q/PS/IEYiCxJjoDInWb3TqB8NZiNRJRmM
hrIfoRL6bm87exqOHlTCvgNHJzrMXkFD4TgCej2zoncovGydphZNYGrUPhSe9Ra7Ql27Ce4bSj5G
E+C5E+B6HfQu5jjKh+NjzDF0CY4b4B2dnAdV9q3ZwB0H+3YqsUD9jOnrkJ/h00ClCL0F4gSMUUA4
CudcI3D5IrAN87qdCOlXAkTDvBH0bipCSIAxETBR3Az9B5DFaoQsQehwbr0IuoZKwe6FDohqh/c4
foeQMweAKwrMxgW9CYAU7omcBL1B+V8VVYqJDI9SUR1SPFJEexR8ZPX473DNNjGrpS/flck5K3mn
JZ6+U0TekdiWePK2kZx9y0/PFpG3/KS5gLxZTU7rySk9Ofm6jZ4MkddtpClEfiOTEzJ5TSavyuSY
TI423k2PdpHGu8kRmRyuJq/I5GUTeemQgb5kI4cM5Nch8mIReSGGHAiR5/cX0edlsr+IPFdros8l
kIZlOtqQQPZNJHtF8mw6qV8fQ+tl8szTIn0mmjwtkj11JrongdTBujoTqZPY3XDjbhvZvZqtNZFa
id2VQHY+GaQ7ZbJju5XuSCDbtxnpdivZ3oQliWe3PaWj24xkWxNG0j3sUzryVDNbU1FNa06RrY/p
6VYz2SqxW+Bsy11k86ZTdLNMNm0soJtOkU2r2Y0bEujGArJRYjcAXRsSyPp1Zro+hqxv6m2Wetl1
ZrIGXr2miDwZJE84yOO15DE9WV1URFfLZNU8ka6KII9Wm+ijIVJtIitXCHSllawQSFUtWW4my3Rk
6SNeurSLPLIkij7iJUuiyGK4aXEMqZTJwzJZtNBIF8lkoZEslNiKarJg/nC6oJzMH07mlRvoPJHM
W82WG0i5xJbBK8u6yNzSU3SuTErnFNDSU6R0NTunJIHOKSBzJLYkgRTDouIuUlREZtvJLJnMlEnh
jHRaKJMZ6eQhmRTI5MGJ5IFqki+T+8eQPJn8SibTT5FfyuS+IjLVRu4NkSm/EOiUavILgeSOlEaR
SXoyoYjcE6ul99SS8SFyNxHp3VYyzkLGMjo6NoKMGW2lY8rJ6FEiHW0lo0bq6SiRjJR4OlJPJJ5I
ihzvY0fUkuFsGh0+mQzLsdFhE0nOUB3NsZEciR2qI3dlW+hdBSR7iJlmW8gQMxlsJINkkjXQRrNk
MjDTSgfaSGZIRzOtJDSApyEdCYX1M4AnwQwXDY4hGel2muEiGc1seoyOpttJ+mo2jS+iabUkkGqj
gYkkFZhItZFUiU0B0lOKSHJSkCaPJElAWFKQ+OHgl0niXSTB6KIJBSQ+zkLj7yNxcFuchcRJbKyW
+Lwu6isgXo+Zel3E28x64GUeM/GsZmN0JEZio+NIlEAi44k7Ikjd95EIeGpEkLhk4oSXOmXiEInd
ZqP2cmKzWqnNRmwSa7USC6yznCJmEK9ZJiIcxFFEAPqFWmKCOZNMjPAAo4sYJdYgEz1c6KUh5UQH
a3TVhC8iWo2Zam1EYyYcDVGumlC4j4YICw9j0wg8lNERfB9BMsFNuGjNFpz6P/aD/n8T8H/9QDT7
P9FMhDsKZW5kc3RyZWFtCmVuZG9iagoyNSAwIG9iagogICA3Mzk1CmVuZG9iagoyNiAwIG9iago8
PCAvTGVuZ3RoIDI3IDAgUgogICAvRmlsdGVyIC9GbGF0ZURlY29kZQo+PgpzdHJlYW0KeJxdksFu
2zAMhu96Ch27Q2FHVOUWMAIM3SWHdkWzPYAt0amBRTYU55C3H6m/6IAdEn6m+FO/JDbPhx+HPG+2
eStLPPJmpzmnwpflWiLbkU9zNjtn0xy3z6/6H8/DahoRH2+Xjc+HPC2m723zLouXrdzs3fe0jPzN
WGubnyVxmfPJ3v1+PiJ1vK7rHz5z3mxr9nubeJJ2L8P6OpzZNlV8f0iyPm+3e5H9q/h1W9m6+r2D
pbgkvqxD5DLkE5u+bfe2n6a94Zz+W6MOknGKH0MxvdPStpVgej9UlmD67qGyBGECk7IHe+EwVZZg
+odQWYLkoQ2qDR24U96Bd8KEGqo1I/Kj5tGftD9hX9J9A7wF9ebh2avnkJBPyk/gJ+UIjsKOcUbW
PHoG7UkO/Z2eCz077dkh32k+QBtUS6ghrSGchfQsDh6ceiB4IPVA8EzqmXA/pPfjofWq9fDj6xkf
sdej1oNJ2eF+XL0f3KcEfdzPV9Rn1nn8mp94LUVGpw5tnRmdljnz11yvy6qq+vsLp2bGRQplbmRz
dHJlYW0KZW5kb2JqCjI3IDAgb2JqCiAgIDQwMAplbmRvYmoKMjggMCBvYmoKPDwgL1R5cGUgL0Zv
bnREZXNjcmlwdG9yCiAgIC9Gb250TmFtZSAvWVdNSklMK0RlamFWdVNlcmlmCiAgIC9Gb250RmFt
aWx5IChEZWphVnUgU2VyaWYpCiAgIC9GbGFncyAzMgogICAvRm9udEJCb3ggWyAtNzY5IC0zNDYg
MjEwNSAxMTA5IF0KICAgL0l0YWxpY0FuZ2xlIDAKICAgL0FzY2VudCA5MjgKICAgL0Rlc2NlbnQg
LTIzNQogICAvQ2FwSGVpZ2h0IDExMDkKICAgL1N0ZW1WIDgwCiAgIC9TdGVtSCA4MAogICAvRm9u
dEZpbGUyIDI0IDAgUgo+PgplbmRvYmoKOSAwIG9iago8PCAvVHlwZSAvRm9udAogICAvU3VidHlw
ZSAvVHJ1ZVR5cGUKICAgL0Jhc2VGb250IC9ZV01KSUwrRGVqYVZ1U2VyaWYKICAgL0ZpcnN0Q2hh
ciAzMgogICAvTGFzdENoYXIgMTE3CiAgIC9Gb250RGVzY3JpcHRvciAyOCAwIFIKICAgL0VuY29k
aW5nIC9XaW5BbnNpRW5jb2RpbmcKICAgL1dpZHRocyBbIDMxNyAwIDAgMCAwIDAgMCAwIDAgMCAw
IDgzNyAwIDMzNyAzMTcgMCA2MzYgNjM2IDYzNiA2MzYgNjM2IDYzNiA2MzYgNjM2IDYzNiA2MzYg
MzM2IDAgMCAwIDAgMCAxMDAwIDcyMiAwIDc2NSAwIDAgMCAwIDAgMCA0MDAgMCAwIDAgMCAwIDAg
MCAwIDAgMCAwIDcyMiAwIDAgMCAwIDAgMCAwIDAgMCAwIDU5NiAwIDU2MCAwIDU5MSAwIDY0MCA2
NDQgMzE5IDMxMCA2MDUgMzE5IDk0OCA2NDQgNjAyIDY0MCAwIDQ3OCA1MTMgNDAxIDY0NCBdCiAg
ICAvVG9Vbmljb2RlIDI2IDAgUgo+PgplbmRvYmoKMSAwIG9iago8PCAvVHlwZSAvUGFnZXMKICAg
L0tpZHMgWyAyIDAgUiBdCiAgIC9Db3VudCAxCj4+CmVuZG9iagoyOSAwIG9iago8PCAvVHlwZSAv
T3V0bGluZXMKICAgL0ZpcnN0IDE4IDAgUgogICAvTGFzdCAxOCAwIFIKICAgL0NvdW50IC0xCj4+
CmVuZG9iagoxOCAwIG9iago8PCAvVGl0bGUgKERFVEFMTEVTIERFIExBIFJFU0VSVkFDSU9OKQog
ICAvUGFyZW50IDI5IDAgUgogICAvRiAwCiAgIC9EZXN0IFsyIDAgUiAvWFlaIDcwIDc2MyAwXQo+
PgplbmRvYmoKMzAgMCBvYmoKPDwgL1Byb2R1Y2VyIChjYWlybyAxLjE1LjEwIChodHRwOi8vY2Fp
cm9ncmFwaGljcy5vcmcpKQogICAvVGl0bGUgKFJlc2VydmFjaW9uKQogICAvQXV0aG9yICgpCiAg
IC9LZXl3b3JkcyAoKQogICAvQ3JlYXRpb25EYXRlIChEOjIwMjEwMTI4MjA1NjQ1WikKPj4KZW5k
b2JqCjMxIDAgb2JqCjw8IC9UeXBlIC9DYXRhbG9nCiAgIC9QYWdlcyAxIDAgUgogICAvT3V0bGlu
ZXMgMjkgMCBSCj4+CmVuZG9iagp4cmVmCjAgMzIKMDAwMDAwMDAwMCA2NTUzNSBmIAowMDAwMDU5
NzA5IDAwMDAwIG4gCjAwMDAwMDE0NTIgMDAwMDAgbiAKMDAwMDAwMDAxNSAwMDAwMCBuIAowMDAw
MDAwMDE1IDAwMDAwIG4gCjAwMDAwMDA3MjIgMDAwMDAgbiAKMDAwMDAwMDAxNSAwMDAwMCBuIAow
MDAwMDAwNzAwIDAwMDAwIG4gCjAwMDAwNTA0OTMgMDAwMDAgbiAKMDAwMDA1OTI0NyAwMDAwMCBu
IAowMDAwMDAxNzE5IDAwMDAwIG4gCjAwMDAwMDA5MTIgMDAwMDAgbiAKMDAwMDAwMTE2OSAwMDAw
MCBuIAowMDAwMDAxNDE2IDAwMDAwIG4gCjAwMDAwMDIxNzggMDAwMDAgbiAKMDAwMDAwMjE1NSAw
MDAwMCBuIAowMDAwMDAyMjgxIDAwMDAwIG4gCjAwMDAwNDMwMTcgMDAwMDAgbiAKMDAwMDA1OTg1
OCAwMDAwMCBuIAowMDAwMDQzMDQyIDAwMDAwIG4gCjAwMDAwNDk3MTAgMDAwMDAgbiAKMDAwMDA0
OTczNCAwMDAwMCBuIAowMDAwMDUwMTkyIDAwMDAwIG4gCjAwMDAwNTAyMTUgMDAwMDAgbiAKMDAw
MDA1MDk1NiAwMDAwMCBuIAowMDAwMDU4NDQ4IDAwMDAwIG4gCjAwMDAwNTg0NzIgMDAwMDAgbiAK
MDAwMDA1ODk1MSAwMDAwMCBuIAowMDAwMDU4OTc0IDAwMDAwIG4gCjAwMDAwNTk3NzQgMDAwMDAg
biAKMDAwMDA1OTk3MyAwMDAwMCBuIAowMDAwMDYwMTM5IDAwMDAwIG4gCnRyYWlsZXIKPDwgL1Np
emUgMzIKICAgL1Jvb3QgMzEgMCBSCiAgIC9JbmZvIDMwIDAgUgo+PgpzdGFydHhyZWYKNjAyMTIK
JSVFT0YK

--===============7322840127634856425==--

-------------------------------------------------------------------------------
