Content-Type: multipart/mixed; boundary="===============2450599264151179395=="
MIME-Version: 1.0
Subject: =?utf-8?q?Hotel_Real_-_Confirmaci=C3=B3n_de_Reservaci=C3=B3n?=
From: reservaenrealnicaragua@gmail.com
To: cjpm1983@gmail.com
Date: Tue, 04 May 2021 16:45:38 -0000
Message-ID: <162014673822.9895.9655506476959174902@localhost>

--===============2450599264151179395==
Content-Type: text/html; charset="utf-8"
MIME-Version: 1.0
Content-Transfer-Encoding: 7bit

Pronto nos pondremos en contacto con usted. recibimos su solicitud para RealNicaragua
--===============2450599264151179395==
Content-Type: application/pdf
MIME-Version: 1.0
Content-Transfer-Encoding: base64
Content-Disposition: attachment;
 filename="cjpm1983@gmail.com_1234567_2021-05-04 16:45:25.947598.pdf"

JVBERi0xLjUKJbXtrvsKNiAwIG9iago8PCAvTGVuZ3RoIDcgMCBSCiAgIC9GaWx0ZXIgL0ZsYXRl
RGVjb2RlCj4+CnN0cmVhbQp4nJ1UXU/bMBR9z6+4j6mmuP6M7QmhhTabQGUMmu0F8WBStwSatCRh
28+fnWYrrIAojuJYvtfnnGvHhwB2T0RcpziBvAzuA9zN1QsYGgyLJjjKAso3ee4rMcICS0WAYIxU
zKgbZmUwnEc4wuDG8+AyHKfZQIgwmUzSKYxTmCRwkU7TiwET4Y+BVGEyOj77OrjKTgJCew0UqBYo
xppJAYQxJDklSvXg5C94GMEguw0iopDUseAaIo643qTOXNhHH6vBiCiHGFEkaMxi2WUlUK3K69rC
zPb5WwLYQXDqEKdcYeEXX4bfBlSGpjHrVd3aroq9AMK0NMXyvby2blaVaV6gJQThmHEpwR0UFhQr
xjpO0qFP16aCgwMYJnn7YJaZ/d3CwdzO5xgbfAiHh3A0HvVQ6akbrXu6HXHRlsmrZBgTtlH52R+9
zW+M21xIq7Y2M7OvWoqpSxUR5kDoRy7eyT41y+L95IzsRx4mtl4ti8qa58/2RcLvVdHaGSRF7Vc3
b+Y7u25s/dPkxWq76q2cs9dZYrWtamGr1sL9g4XadoR7Uo1uHvI7GJmmXVrYXN802/gM0sw3bzfO
Z554gUTcX2sNTEgnhwnNd7wgv12XRCv2aeFvFMpX5XPgF1/cOPZNwi8XOnHvbXB55XXCLCAYTuEe
SMe96Z0R9gIcu0aYSyiBM28h/yaWMIXzrVs+ld/lEi3cL/SK/OhNW8FZjIQ3w1e34oNgQmEtqeYv
7MFOiT3woxIFpUi7A3xa43BSVHeda5yOjsdubW8T3iD+i5HHsfPgD6qIbJkKZW5kc3RyZWFtCmVu
ZG9iago3IDAgb2JqCiAgIDU5NwplbmRvYmoKNSAwIG9iago8PAogICAvRXh0R1N0YXRlIDw8CiAg
ICAgIC9hMCA8PCAvQ0EgMSAvY2EgMSA+PgogICA+PgogICAvRm9udCA8PAogICAgICAvZi0wLTAg
OCAwIFIKICAgICAgL2YtMS0wIDkgMCBSCiAgID4+Cj4+CmVuZG9iagoxMCAwIG9iago8PCAvVHlw
ZSAvQW5ub3QKICAgL1N1YnR5cGUgL0xpbmsKICAgL1N0cnVjdFBhcmVudCAwCiAgIC9RdWFkUG9p
bnRzIFsgMjk3IDQ5NCA0MzIgNDk0IDQzMiA0ODAgMjk3IDQ4MCBdCiAgIC9SZWN0IFsgMjk3IDQ4
MCA0MzIgNDk0IF0KICAgL0EgPDwKICAgICAgL1R5cGUgL0FjdGlvbgogICAgICAvUyAvVVJJCiAg
ICAgIC9VUkkgKG1haWx0bzpjanBtMTk4M0BnbWFpbC5jb20pCiAgID4+CiAgIC9CUyA8PCAvVyAw
ID4+Pj4KZW5kb2JqCjExIDAgb2JqCjw8IC9UeXBlIC9Bbm5vdAogICAvU3VidHlwZSAvTGluawog
ICAvU3RydWN0UGFyZW50IDEKICAgL1F1YWRQb2ludHMgWyA0MzcgNDk0IDUyMyA0OTQgNTIzIDQ4
MCA0MzcgNDgwIF0KICAgL1JlY3QgWyA0MzcgNDgwIDUyMyA0OTQgXQogICAvQSA8PAogICAgICAv
VHlwZSAvQWN0aW9uCiAgICAgIC9TIC9VUkkKICAgICAgL1VSSSAodGVsOis1MzU4MDk3Mjk0KQog
ICA+PgogICAvQlMgPDwgL1cgMCA+Pj4+CmVuZG9iagoxMiAwIG9iagpbCiAgMyAwIFIKICA0IDAg
UgpdCmVuZG9iagoyIDAgb2JqCjw8IC9UeXBlIC9QYWdlICUgMQogICAvUGFyZW50IDEgMCBSCiAg
IC9NZWRpYUJveCBbIDAgMCA1OTUgODQxIF0KICAgL0NvbnRlbnRzIDYgMCBSCiAgIC9Hcm91cCA8
PAogICAgICAvVHlwZSAvR3JvdXAKICAgICAgL1MgL1RyYW5zcGFyZW5jeQogICAgICAvSSB0cnVl
CiAgICAgIC9DUyAvRGV2aWNlUkdCCiAgID4+CiAgIC9SZXNvdXJjZXMgNSAwIFIKICAgL1N0cnVj
dFBhcmVudHMgMgogICAvQW5ub3RzIFsgMTAgMCBSIDExIDAgUiBdCj4+CmVuZG9iagoxNCAwIG9i
ago8PCAvTGVuZ3RoIDE1IDAgUgogICAvRmlsdGVyIC9GbGF0ZURlY29kZQogICAvTGVuZ3RoMSA5
NTgwCj4+CnN0cmVhbQp4nO15e3gUVbbv3rVq96Oqq7u6O51OOun0Kwl5EBI6hEBAUiogCvLMMIkS
CQ8jJmISIxkaDAkyGsNDBDEExAgxwyOi5CAilwwEznAAz9HhcIQ7x9GZ8Yxx5n7XmKNzOZ4Rk8pZ
VZ1EfM1371/3u993a39Vu/be9VjP31qrilBCiEAaCRD/itXLqj+U27YREn+ZEO6+FXWP+5/+9PB2
QhKTCaEd5dUPrf7zM19cIMSL62TLQ49EyovOn03C86N4T+KqB5ettIl3HSYkqQjnJq7CCdur5l4c
b8Vx8qrVj68922EuxXEXjrc+UrViGaHHnyPENxXHz61etraaP8Cvw/E7OPZXP/Zg9c7FOwpw3EcI
ayAcKVdb+HLWgdQaiUex8FeI4Qo1sdUcT7IvXOsbT+Rrfdf6cpz2gD0lYA+U82SgFhIGPlFbjNa/
/uUxQzo+o4wQw152nZiIi0xS4i3GOmutQOrMRuqyET7FIZnTSEgMxso3+nrD1/rsk3EbT7L7wjf6
wjknjrl73BwtTckNO+wyl0lpXq49lBfwE7tMAtz+Lf/z/X/9dMvguZ4eTqU7aaf6E7UqQsfSu+gM
mnmzI8J/HFEb1d3qC2oDilSjhXUhLW7yU2WctEt0Pe8U62y77MbnzTuhzv4sq3XupHVEtjis6SaH
IcYRy5M0hxDignFIXlij71ofnmj0Yd830Cf39st4yDkxP74qHgnNjdKn74Hhc60v6+lh0zYPbqVN
zc1qhGtq1knb/xs1cHZw4Oxgx2/U/UifG+n7A9JnI1VKgplREXYaayWkiHcYBIfJmmYJkTQDJ8vX
LvQO9F7rk/uRkv7wjf4wii2Hzu6yFM3ushbdP7tLLrq/+AyRh87hU2VsyiR7/qQSxa3Yl9rL7Nv5
7Wy7Ybux0dRobhQaRbFUozHgCtmjlOe6aO1F9aFmdrlJXXkpwr/XR9eoW/q+zoqgoRBu6HPU6Ryd
TgfZqixw+GQHz3i7j/Ei7iYzJ/gY4+UkDjhHkt0BwNmsnJQEnEWbynCAWCdLZga0DmqNBDVrlSyi
YGI8cJLTQJzytXfsbs0Kpvb2uVHojsk5sxcVG2X2mZF95g4bZdNn+kDWR/qsNlcSDOXlUmwuZAcC
kOvCg7yOC/87l/vs4Iyd6wev1B/n6ZU/RdgSNI4IHa9eiXAhbsqIbdQiTxK5TfGIZiPUsVqzZg2G
NJPgsKAhmNAOrMNmKvdqku//sj8sX8hRzDlCjphjyZH4UQvQZBnVO5Bz3JwmTd+Rr7P61C34rqah
j9kc9jlJp0alMBTkkgM+i5jk47x+n2gRM0SLP8DH0la2gYyJbfVscDnWj6nO8IuWgNfkdrg4BzE5
XeOTvU5iy8mQb1zou9aLpiD32x1R55F7b1xA07yo9qEUo5KzfoanRv1YEjxO0JFKlWcMSQafMZgm
pIlpljQpzZrmS/OnBdKCaaECoUAssBRIBdYCX4G/IFAQLAgVC8VisaVYKrYW+4r9xYHiYHGoUqgU
Ky2VUqW10lfprwxUBitDnUKn2GnplDqtnb5Of2egM9gZOiOcEc9YzkhnrGd8Z/xnAmeCZ0KFOZnz
M/dndmXypaQ0356bRHPDE/MmpGbTcTRvQnIgzLvtoXE0FDS4YmJ9NIm6YvhAMLmtwfuvPS+2P3r0
ow+O0zFU2EQTWhu8F97ctXvVP330z93qZfXqTvWjWXT54YN1j923MjN/0qVTv//PsWPVk3u3P1Re
umxC/oQPz//x0zAZxqbjqPMEkkx2KbNEwQwWkw94MPp4HjJMPEkEPrFO3B1y1rlq7RJfZzMY/TyD
eBOJBb8Y8oLVYmDx6Jj+5PgYOS3REnIEU0awQu6Vz52zO9yTUeqOyXZsmkn3h8NoNmq/Y7LWRg0b
92Hl2FA5J0SjzcaVItduJ5ozjKOZ1K7btQ5/vCvGkBIVVyblC0vWZf12j+rqn7Fs8W3nBgnaXBHl
acLbgy2btu7evXUT97605KdqWYT+auu9g7+LaLZ49dy+NwOt27a1oO0P3UA5LEQ5WMlmZbJVirqp
mCSI6Lkimib/jVNniGDRPddIamHUa802YrCNeu2Nqei19lHWRhzWNOywyKPJrBmgB0QqmgSzQXRK
Tqssh6SQ1S8r8nxZRJOgrhDFprmSGTvDwvrBd/sH393G/XIHfZ62oN4iNzvYkkhkIAS/04CJksXo
V1+iX3lIoRJPnnNvAGm7fYPFvB6qE6wOi4fEpBikBFTPtXf06BX1E7UvR5FyEqsS13Dr49d7Xk40
0FJq4IeDzKgZcnbZgSLPZ19OUX+tqurT6t30LbruKeo/0DDm10d+e+3ahy+cyaSdf/6IHqAP0nJ6
QLld3fHLbrVHfQPbuYOHyTDOQBnKWiSTlZgoyiDICIgyIcQYLmiRb/SGB3rDozFQsdmkHEmR5ktl
UrXUKBlvxZhcVxRhzkXxxavJgdPkYNiPchAxomQrDrLBYtjgWG+pjoMUlznFJmnRbFgACByIX1Xx
DfE98VfiEb9S9EgbZdcdFYF+hPU9p0/3nO3uPqs2qUX0NbqWRuhRddESegedTefQO9Ru9S31lNod
oftoBbaX1JUYd1vUlUTn+z60MRX5dpINSpbNZzQaDD5ZtmXIRmoxQZ3Aau20zkrMaUZHmiziUUJx
yA4uGDMMub3oTr1RB/pScyIt5N3iPGhVRiMlpUqi4prvWmWodjUZGl0vu4xGY6wx1ZhvzJdXyYbS
UeHREZTW/Oq+nh76Hjx1lhN61JsDq89q0vz6D3A4gibG5w/cEYnyMBNjRDs/nXhJRBnriTFKbgrt
zH1AaEtwWIG2s0Mysd/jTJxlsOU5ZWkmT/I8Bpm7PSmKCDdu4aHfjRAwAtk5J4nPR3wU0PBmdwlF
GLqTiIIvTCJJQ+f00H0y27fd1+WDUd1PQ7iMdQ1jwoRUDSZxMHP3bvqV0lH/xlutg09tnPGTypVP
RiAv0rK06L13B69HIlxe08MvvaqGonZShP7CIz+anWQpTtJsMTQ72jQ7meaaYp5mC2uGckM3lAHN
UE7K8Up8WTxoVjLRLqdGsflWK+GOVt9/X03NkiU16p/V87SQxlMPnaaeLzpHkZ2e86r69zUIZQZq
pOnqb9Sv1Jvq9VHZmmYhLTnkCaXQ73FKvCGTgGwc057ulQ+Mg7aUQFyMyIzt6YdCsWYS7xRmWdxz
4015FtngmhsvO4OzMvxyWnJe6u3jdReaiglS77DZoJg1qUfFjsajCd49GYOjIpFwdlgJl4Wrw9vD
muP/sFy/NxhVAf/BPUdr33qzdbCp4bZFD6xqGNzfMG3hUuyf0VQxbf+jT7ZDpGLZlaua+OmXl1bt
eHrwL7eeaeopXbxC00c26mOmIYbEkAC5S0kOuJg9LqnDFNdhpe3QSNqt1aY2R8I0caqTy3PZeZlM
CmqWpZuWhhe9WkaqWZVuVMcLQ4iy+XpGp5Gq6ScUTB2D9NOY2Gj00Di61EpvZrVWf0yZ+vXH1a1Z
qoHeXFqxuqRkdcXSCAutHdy6aIF6Xf0a27UFi5oitPz0wa5PPjl28LSmN0ye+DmotzjyEyWFxNpN
ZidltnY7OxDbJpnb7YdEYYKJyyXynQ6TbMmz3h6P2kFvGM2hdD+QL2jx0aEpxOfJ9hR65nmWeho8
mkJGkoDvCX5OjWH+nMefPj84c3c7x0949QlfCZ+r/uoni955U12iy/VMVaV52M7500ijkSSSB5Wg
AYggk3aT/LLUHGM6CM2etphqr2wn00yTzYZCd9irSVWLElHLxxDRK2O81ukLliU1JL2cdCWJ7yE9
hh5jj6nH3CNcIVcMV4xXTFfMVwQLggzVReulLODSRZ2fa+BDI34CeXMfuH8e98FgyhOba5+NOZg5
RP6k9qnvY+IjURP1cMX/cuTgrxw/M/36rXWPv9mJUdCK02nq2yM+uwptxII2MkdJocTuFfgOj9AR
k9Tub5TaY6o9bTZfnhezfmueNNU4zR3WjORG78DUqb3fN5KThaGG0LGQhjzD5qDTyzRhW1HuGsko
bLcmd6gqe/jRkvtWP1xGl+9WjVl7qv+oDlL4Y/WeLDQh+oeHTx889sknXQePRpoWLcAqjKGfZyxY
RAfWRnMtdhXxXybx5B4laK+zxGnBz4rBz2JwxTlskivbbMuwSyGzHgc9mhNfQC+OgqRdrwr7tdTp
vyMQzU+oTmhMgFE0D2NGxIe0ygVG0iItMC78iqaq7/9V7f/ii+onX9y7qVoD9s8uXf531RbhPn5t
x3OvjuIg0XE9DeuZ8UmpxCfHWlkq9bVbUw+YYl92NscltNF2U7UV/NYQH5vr5vKSbOiAIdkthtP1
HFzzwyitSOjF3n71omY1+ozdoed/OcpYX0ZBTKGrMLbQXRhXGD/ZMy+jIUPIdGXHZrsbLA1Sg7XB
1uBr8DcEGoKiZkb2ET2k5k2YOGVYRcZQHnqAn6d5o/riV7WqhplHH33l2NeDp9c1VtTG1Sx9p4Z6
qVlte2pFxb3zFq7ktg32RZqK5h975Y3jhRvX/3TFJ8HgtcHfX3/kwQdXPhLF4GL0kyyUQzq1K3di
HmizLAj4zQJnEhf4A/6RuuQ1FvuahzWTo2M8za6jjja9NgmYLF7OnetCTzfNcyV75xFbOFqbXBip
TezDxckAVit/6tdh+QfLE0USzaIgilgKSaLVgCG9sSHz5cyeTEg3pwvp4ljLWCndOjE0I1RiLhFK
xBJLiVRiLfGV+EsCJcGSUIW5QqgQKywVUoW1wlfhrwhUBCtCm82bhc3iZstmabN1s39zYHNwc2iP
eY+wR9xj2SPtse7x7wnsCe4JHTEfEY6IRyxHpCPWI/4jgSPBI6GppfT7FcrEqFt8r0JJLauxtmx8
pPbuh3f+YtfnNx+4vrHG3Nz4SJWyaMfV/eqQ+sWK3/to+s/qZ89UZnpS0vc8+doRX0C9sfrRGXdM
nOZKydu35cSrSXqdTbLVxWwm6sNCQqRGyRzxdandFkRnR5dvsx3yv+CpTvZNIOjoUwNW3e+lScmj
YUEDWblX/1Shhb0Rtx9JM5L1NCOZJA+nGYpZTilMaUg5lsJjAn5LlEgZwd2RKBKFYy59JFKobd8J
Ix2Dy1u5WQ8PxwodE76JIuqsyHBONX7oYzjMajADeUDxugXZRNp5TkfmagN3KE422qmZyUAmYS4y
tS/8zrULGiojPA/0yhdGP3yIRRpD2jePOJ2jOBI3kjjNi1+K2S2UOkPaNw57wBWwD0Ny1K/+ae9e
upyOUd8fW6BM414wv3Tug33weoTeo56MDK7ZMn3xffs3Nr+l6wNzFO43iL0icZEpShx0mh3tMYdk
S7uVzDZImIk4bXn222OjGfw1PSSHB/o+xPpC9Lmz3WXu7e4uN6OlTt14sIbD99PRsPbL6gXzqqrm
Laimm1oHq7TsgRUtqKrCyUe/XqPHs+E8SafBTMYrDkO7qZEn7RzNI7IR8tjtQvTdw2/W3itmi2Xi
drFLZNpntJF3cYXDr4hEtBA//P3jecRnF5mnpEu7xJ3f/i5262exDIcQMuggHfsNSN/oDw8DdL+K
Vqf25pywuX3uH/kmptctLLd5sJWub25Wn/r029/DdkXrOS1ub0L795Cw4ibuZpDszRZzm1bN5WrV
3DRD+NZqbuDCwAVZvZBz3JaIiQ8GzeGI+y0/1TTPb0r99B/VXvUynUAdVX9cUy1veGxX/brNlRut
dM7JN2gqFbWAm5Ghvt+06fJ/fnGlca1OT6GW/6PsvWRtNP+nmPtjBdAYTf+Ftm+n/3r2z9+p5/9a
yvOd/H/gmyD8f5z+238s/W/jyHfSfy2Dq/+h/J8OfYC52/v8GKz765UCwcyZfi5ZJePPDUYrdnNM
RiSBZxwY5lBKMozEYmIal3CIWCWzyWjgKTHbRO6bwn/g24W/hunfrfzTmFb5S2P5TDabn83u5+9n
htLAN2U+dpS+rTat4ZZvxGzIsoVuX682oT9GBsu4/VjsL9TitTqZrUK78JGx5HFl3Fi/nBiy0fQO
J2n3mizNRj7UEd/mPcQfdlZnmXONSXn+RJtMpqZOM8aGs7SgdCMarEeh8aJ6QcNGPc1AfSiJJiFO
SBMKx/HERMw8opJsjhH8Jr85WTDrcVlH+jF50ZhwG701VUIe6C2pVB5/VT2v/q7it7U1ti0bO5pu
TZvoV6pxJKeC1wfKPvqPQEB9uPylS5FbE6imiLp3OLU6Hc1XMC5o/MdiXFikZITcRqfH3yGQ9hiG
hYKnQ26LOQQvCNXJ/AS30yC7uDwy1TtNCifriWA4mgn+QFQ4UYXQz42kHbn2v83V7sEVHT/OzNcB
LHJO/Q020Li0emcL2l88eVgJxcpMtDgPmNwanB4yVSMncbNieRmJnynl2WRxkkf7EqAlstE8Fq0t
PFrrkAQ67D1aMNACgUd3IQ/xDLvQie0JXQnct1Iq3ZOi7OApf2O3aijUnYfevKO4csVGfszAwmjt
zGVGBp+/WNl2lH6gxy2NeiDa3xwL4bm52CdhZgvoSQ1kiC6iy+hauoHu5C5yH/pT/Tn+Av/RQHBo
SPvPQvbThbQM1+uH1524Pnl0/cc3DQ8+pHvpPtqGbf9wu4jtMtX+EBn/5t3/OxtPtL9TFC0sUR+L
+pHhLiGfLuxNxIBcEow+P7TFEjtiYwxx6nwmofC1LQElYyU2jMkB4sA4H0+C6Ln/f/uxjSMcXa8d
9arpSyqTCjL8XQ9XltDlOGrC43ZSRtdTDKBkLllCbiNPkb/g/Eb9fh/diO2o/ryzOHM2eobzR/Ep
hBSRGrKRtOrvuMQv4cv59Xw5pkFb6Bac+Z22hpVAFp+O127EfT2uLdfOaSG2dFJOsEog7TjzJa5H
yF4qsHfxyf9AU8gqfM9c3DvQ7U1Iy3Vq5cqpBa+t1QwMLQT5w0yjgqwhEbzvut4+x/FKEmHXDTHc
l8jXLFwz8GXkE3x6DamhAs2FXO6veO9cnGnWuKKdhIMKNNsybGP0Np0sx+ccxCsiZB+3nMvlx2hX
6bTfRj4gJ3W6y8kOHC8knfqRwAB5D/JoOdKvySaenSeLjffQgMFKs40NKCti8JKNXDnxwXRSS9DA
Txq0r96UYOTp4lLuXtmlLCj2Xy4JZI39ztAvG/1dZH6XFPGfGhqaX8wnsJIultgFKaYuPiX0bz+2
+G9ZY2fPL/Z3XZ0xffipM8qm49yiYjzVRjiN8zOmZxEdhbgHTj2WFTNjqW3qfxCfSVf2e+/P/V8j
/VfzBz62Xjen47XaItUvwKNxk+olxJaL69XW68Pz32wh/l1SbviclBniSRm7QdyGvKHP2X48v0Sa
uLdRLgdxLW/ohuEBshjO4vlfUXLzyX3sKpnJFpMi08+wbyXZfD6ZwtykCM+LMHMsY9mkiN9IirU1
OE7Gg0Bmajt7nZTxf8DrrpJC/uDQB9r1+n6VZA/TNB33f0biq5HpONz7UH/FaAMfRXf2P5CqLuQM
tWY8hYA1B8FKxh3XBCxzRbzPkow7Iqa0ixArrlvxHtvnhNgbCXGsJMSJ1ztxzYnPjsE5F45deH9s
KyFu3OPKtP/vurRCnJlkksMoVU77y6phMJ9JN+GYP8U1Kr1XVPj1bHhXhXcEeNsKl8NwqRsudsM/
3IQLLfD3KpxX4VzPXexcPfTcBWdz4Ew9/FKEbhVOq/DfVDhlg5MCvOmCE6nwhgBvKPzxv/Owv/NA
1zEP60qCYx54/WWJvZ4Pr2H3WgCO5sOrInQesbPOMByxw5FG/vA4OLQ3iR1S4eAvHOygF37hgI5X
MllHN7zyuJe9kgnt2LV3w4H9HnZAhf0eeFmCtpe6WZsKL+0rZS91w0uN/L4XU9i+Utin8C/i015M
gb177GxvEuw9NXROGeL32KHVAq0Kv9sLLSK80AK7JHg+HnbuWMl2qrADX7FjJTy3XWTPxcB2EbYr
/LPbJPZsDGyTYOsWgW0NwxYBNnuh+Zl61qzCM3jHM/XwtAhPJcHPcfDzMGx60sk2qfBkjY096YTG
Bok1qtAgQYPCb8ArNqhQ/4SP1avwhA/Wr+tm61VYFyll67phXSMfWZvCIqUQUfi1KfCzfKjDO+oq
YQ12a27C416oVeExfPJjKtTYoKaRr64ax6pVqBoHj6qwWoVHZKicDRUCrFLhIQEeUvjyADxYDytV
ULatqITl3bCsHspUeCAWSkUbK1XhfjuUFHtZSRYUe+GnYVgsQtEiDytqgUUeWOiBBfNj2YIUmG+V
2fxYmIfdPDfMvTeRza2He++W2L2JcK/Cz7ElsjnjYTYuzw7DPTh/Tz3cLcGsuwQ2qx7uEmDmDInN
DMOM6RY2Q4IZUZVMt8Cdd8SxO1vgjji4XbGy2+tBmWhmihWURr7wtnRW2A3TsJtWCrfhK25Lh6lT
4thUB0wpcLApcVAwWWAFDpgswKR8G5tUD/l4d74N8hv5iWaYqPB5E+JYXgtMyDSzCXGQa/ay3BYI
p0ssrMJ4K+RYRJaTBNnJ6Sw7H8YFBDYuCbLG2llWC4zFe8baYazCZ5ohI9XEMryQLkG6wqeNsbO0
FhiDc2PsMEbhU02Qgo9I6YZkZ4Alp0MIu5AKQXxgsAUCfhMLCBBo5P0m8Cu8D1d9GaCcSLJnsaQC
8AYgsR4SXOAJQ3wY4nA5TgV3bDpzV0IsjmLTwcUE5kqCmDhwopCdAXDgvY56sCNL9iyQUTqyCjZc
syWCVQZrIy8hc9JNsIhgUXjRBgJeKnSD2Qsmo5OZusHoBAM+1hADTACm8Dw4GO8GvpEHamPgAFB4
Ds84FcdAsZDHIvIUXfnUNpr5/+ZG/m8T8M3mJf8F65aD+QplbmRzdHJlYW0KZW5kb2JqCjE1IDAg
b2JqCiAgIDY1NzUKZW5kb2JqCjE2IDAgb2JqCjw8IC9MZW5ndGggMTcgMCBSCiAgIC9GaWx0ZXIg
L0ZsYXRlRGVjb2RlCj4+CnN0cmVhbQp4nF2Sy27DIBBF93wFy3QR+RF7aCQrUpVusuhDdfsBDoxT
Sw22iLPw35fhRqnUhc1huAN3YLL94fngh1ln72G0Lc+6H7wLfBmvwbI+8mnwqii1G+x8m6W/PXeT
ymJyu1xmPh98P6qm0dlHXLzMYdGrJzce+UFprbO34DgM/qRXX/sWofY6TT98Zj/rXO122nEft3vp
ptfuzDpLyeuDi+vDvKxj2p/ic5lYl2lewJIdHV+mznLo/IlVk+c73fT9TrF3/9Y2FVKOvf3ugmqq
KkrzPA6Ra3AduUa8TvEC8ULYgq1oNtBsIpd54jjEeIl4KUxgklzoK9FXW/BWuAf3wgzmyASmxNCQ
aMiBnTDOIjnLgI0woRaSWgi1kNRSw2ctPgl1kdRl4M2INwONEY1BrpFcgmcSz4R7ILmHCjVWUiNh
H5J96BH8KPtAY5LGIG4kDg8meYDnOMjD3V5InlB67d4b9hpCbIvUkKkfpBMGz/eencZJstL3CxEW
viQKZW5kc3RyZWFtCmVuZG9iagoxNyAwIG9iagogICAzNzgKZW5kb2JqCjE4IDAgb2JqCjw8IC9U
eXBlIC9Gb250RGVzY3JpcHRvcgogICAvRm9udE5hbWUgL1dESkNQWitEZWphVnVTZXJpZi1Cb2xk
CiAgIC9Gb250RmFtaWx5IChEZWphVnUgU2VyaWYpCiAgIC9GbGFncyAzMgogICAvRm9udEJCb3gg
WyAtODM1IC0zODkgMTg1NCAxMTQ1IF0KICAgL0l0YWxpY0FuZ2xlIDAKICAgL0FzY2VudCA5MzgK
ICAgL0Rlc2NlbnQgLTIzNQogICAvQ2FwSGVpZ2h0IDExNDUKICAgL1N0ZW1WIDgwCiAgIC9TdGVt
SCA4MAogICAvRm9udEZpbGUyIDE0IDAgUgo+PgplbmRvYmoKOCAwIG9iago8PCAvVHlwZSAvRm9u
dAogICAvU3VidHlwZSAvVHJ1ZVR5cGUKICAgL0Jhc2VGb250IC9XREpDUForRGVqYVZ1U2VyaWYt
Qm9sZAogICAvRmlyc3RDaGFyIDMyCiAgIC9MYXN0Q2hhciAxMTgKICAgL0ZvbnREZXNjcmlwdG9y
IDE4IDAgUgogICAvRW5jb2RpbmcgL1dpbkFuc2lFbmNvZGluZwogICAvV2lkdGhzIFsgMzQ4IDAg
MCAwIDAgMCAwIDAgMCAwIDAgMCAwIDAgMCAwIDAgMCAwIDAgMCAwIDAgMCAwIDAgMCAwIDAgMCAw
IDAgMCA3NzUgMCA3OTUgODY3IDc2MiA3MDkgMCAwIDQ2NyAwIDAgNzAzIDAgOTE0IDg3MSA3NTEg
MCA4MzEgNzIyIDc0NCAwIDc3NSAwIDAgMCAwIDAgMCAwIDAgMCAwIDY0NyA2OTkgNjA4IDY5OSA2
MzYgMCA2OTkgNzI3IDM3OSAwIDAgMzc5IDEwNTggNzI3IDY2NiA2OTkgNjk5IDUyNiA1NjIgNDYx
IDcyNyA1ODEgXQogICAgL1RvVW5pY29kZSAxNiAwIFIKPj4KZW5kb2JqCjE5IDAgb2JqCjw8IC9M
ZW5ndGggMjAgMCBSCiAgIC9GaWx0ZXIgL0ZsYXRlRGVjb2RlCiAgIC9MZW5ndGgxIDEwMTI4Cj4+
CnN0cmVhbQp4nO16e1wUR7Z/VVd3z/S8uuc9DAwzwwDDY4BxEJWIpn3G+CBGXVdJiKMBxEEFo0ZF
CSaubxSfiAlRYrxm1zxEY1yiRokhZk3WZXejMW6ym4fk4f4Im73LZg2B5p7uATX33r33fu4/v98f
vy6Lrq6u7j516nvO+Z4aEUYIadBaRJDn0UVzKz6SDnyJUJwOIarg0ceXeWqzX+xCKL4UIbynpGL+
oq/W/rUVIXcPPLV1/sJVJX1a/3Rov4RQbLi0eG6Rce99JxDybIK+IaXQYfJofwvXLXCdWLpo2cpj
Iw3lcN0O13sWlj86F+H2hxHyroTr+kVzV1bQ65hshBIEuPZUPFZcsXwV+x1cBxFiHkEUKpHq6BLm
MEirQk5RR7+D2HewmimkaJTVeqVjEBKudFzpCJqNXmOS1+gtoVHPUhLb84VUpzLc+tfH2FSEUQG+
RhVQS+EdwmsUojGihSu/lp/8ddDstXoLKCQhamkDSIBRN0Kki/kWNLRSjKOLGJYhRSwzhbA0ZtgF
arwUcSojjSitcKW1tad1EMrqCHW1GnONucFJ02ep6G9UAv3N7AQ8qUkzY9YbSItEeKkWaftahhmH
Dpstch7kwVlcloYuhDFaZUxfS3QMEpUx3hyvkclJyjZ6rdiHael9vHALpiP0H95a19FdGQExQS/D
pZl0Mz0W6ZAP/UQMYGR0ET29x6mv5BPiKz2aPZYaZ9jzFN+Q6A4gldOe4zUEXALy64OJQldHKNQe
6uoQ2kEJHR3tPR1CZ0joFDqN9tzc4MnqpKYkChdiq8WWHRqSMzjZl8D6fTle60icHTJZLZQvIdlv
zLZ6c7Lx4d0123bu3Fazu/k4XjDkhdWtt261rn5hyCu9N49TExa0XPr84z9++u5rZUeK5kjvdndL
l+YUSbFlZfK69t2gZ4L8FhSL8sV4Sm2tROr9TK3OUYueMdXownFqzupEsdjJp8XJEsMyy2sGwnYI
UrvQacoNiiaPS3RVu0gbasNtVJu1LZYpBMG9UcmHZhuwLwHlDEbZIaTKhDaromf2fHXowKpn3HsC
37x5U/oC2z7/K6ausDs3Ve8SKKS+9lF11bEmnC314MHSteOn3zj3OlJwMRFw8T7I60B7xQQ1Z2Yw
4iuNiLHV6LlKY4NWo6YykBAwqf26gCEYI3S1d4Tar3QIMkI6O0PSxYug4IsKTsRhAhKwQAlEoAVG
sAo2wS44spwiErFIiUSkRWasVbSJdtFhhU9T8mAP9lCsPLlJTVYZNDEKaGKgREGDjT5lhtbowhgH
1stG3o8w+ZM27bzae/lIEy4dcrQy41E6VfrugfyzTZIzEiEzFrxRXmaQ57i07wY5AXNMRdfFUb4E
KtE7UqeNd1Muz0itTjtFq/N4aRt+DjUytX7bc9ZGZ62pxh9O82h1XpfanmF1jeTVfuv4RCqDR+PS
hK7WjivtHQquTLlwRFcPYNf5nYw0xV4EwzfQVCl/Zyec8KRjXCjO8rv9Hr/Xn+D3FWgKtAW6An2B
u8BT4C1ImOXb4N7g2eDdkLDBV+eu89R56xLqfEfcRzxHvEcSjvhcYnp1+jHLMesx2zH7McexmPOW
89bztvP2847zMYZCVDg0JzseR2GdhTNxzuAhoCO7tV95FpsbxwPwWYD40gi9bcuap+bsX7959Qdv
zDj9aITetHzZioKNu/at/+q9+a3Db614vHD2+JmDMgI/K9l1JJD29fxl06aNeTAtI2tb+b6XA1E7
lXEeAZ1qkR2li2ZUq2NrZXg7iNM6lgNwOwDcXR1R3QidwZOemPIYsL6kAcsDmewDILZaEFW6Z9++
PXv21e/+WvoSx9y8iWOkr8b/ub395s329j8/CsiVcEj6jSRJlwdwS3fC912oQsxU6S1OmmD7eg2p
ZBpiTQaCKzU1AjKOMMcFWD5g9uvvoQNO1o8CVDA+iuGujnahXfYUWXmdnfZQj7KcsHqnstzV7iY3
uQPJeAWS8VCikMy+G4YDuIzOCS5myGjMfn5h05HDEn0wvGrthsYImVb2xsLF737QezESodBbO8+8
Cgi9o8etMA8NSkFPiFmxXm0MEnS4Mma3utbs3e7bFl+bXGMO6yoNVAyDvBkJ+oCTR34t40ywpaUq
WJS9XhSLsk22S53ffalAMReMUvYmiUJaedrKlJY0ujKlBbdQLaSVbmVa2VZrq63V3uJoiWlx6mUT
zIkuC6DIrMxKdjPJMpK80SVT+XKippf1zeYNm5Yt3dZ8WDo8orHs+G87r2Nq9/rFTwlzwq/N/ONX
OP+zxyvLn9qOz/b+PrJ04vizjf9y6v5V64vmXUtN/Sjqd7bC+uVDPIpDU0SvzoJ4PVpGFTmLmQX6
FUaLXmdHGmxn1QaNgE1aF8xTDoeCPClllt91Sp0ChCeYnna8Zrx2vG68ZbyVgUn4jLKMtNWCWRWW
V8abg0fi6AQwW1F2vfQmNki/ceikjVT58p4R+O26tc9uqW2gl2BNbt7nFz6S2uxwr1k6vAi31v2w
Zd/R7fI6bYR1qgV5Zbz7AO/FOrbYtEDGO6iMY3ntHbzLniCYFDIZBYgolFEwAc6Ngoxz+Ett3V9f
v1+uf5P+go1/68KC9O14PBVPxzPwVKlJekl6WWp6FNfjxbgc10ul0k5pl1Sq6OwVkGEVcxW50cti
EmFdK53FrLCML7YUszq8As3ThT0uI6WJR3aWizdqeMoDMoHiWmW99Ut2UVac1A64AHhzM+RQ/dCk
Jn7GQwB0jwJ0COQDvndSkwlGmKM3lYjvkQdFI34yT3iaZ3iWV/FqPoZ38rF8HO/i43U84rEbuXEW
ysIs+CZs9SqLItu5V4mxA65KAZWRZntnDN4681+xQ/qiD83/cMkS7vndB47+4mDB5pyZzNXD0ozE
RKnr62+kf4SyccL2ut++daFNHEN1yutyL+CoCdaFQkZ0UEyiijgNh4s0Gm4K1ujQUoNKYJZqFhBK
TbPIqCe8Vk2ZhK4reUBy8lplrWS19+RdyesI9RMdQWY6DDCdE1kc+OxTHs6j9xhIlNRMatLJ2tLf
UZlJUZkJSlRlokOLnXgYvh/TLGWjUjRDqGGa+6gJGpWsByM3gEiZBHmN2dR7EkVO9c76tncZtf0i
dkk3vsXdxNnzpcRGcNIi0tWjKZM+kud5te8G/oSsUvDnFnkyl7PO5bmww8QCVXII8gzkFZZtJDhU
cf5Rb2+8q311yrBhUybn5k6eMix38uTcYVNKh+XnQ9cUqrW/P2qbDYCzatBpGthmOucqdpuXmYrt
xW4+dRkqTi4mC/hwuieec/lSNcjHsk5WZ9EgE5Ue9UYDZtqPuJ5+zHXmBs1Rj2lhVXIson8MhXSc
cxcm3ll+7ZGPvjva0Pye9JV0a/kniys0rxzYf/xU05zQsWM7Nm7cq69g6gKZb/x842se57UXf/eJ
jIwde44/3fRayc5d67aufQLmEe67wc4De4lBi8UkHRtjRtx6m1FPE1TOU/NsYSdJZAyJOl5INOFE
xoi8TrCX9ivtPUpcAOHzOuyh/skET7pjw7GUEhXuGIVTMQoncvYbxckdsY2xFDghCA8+oyC70piB
C+T1ICN2n6cmnD/zxRdnzuNb56Ru6SKUvzORsrKeHunzzz/H8YSG9tfSixAF4/B0JUZArKPCzA1Y
eyu6X7QTzlRpaRAgJCDC6gM6v5kPGIM2CGuhnnY5dQDq3gOsMnii1o7vhDGbAlUblChUzXchw3yb
XL0zJitzzOisrDH/55XePzdBKGOWZI4dm5k1evQPKRE5kME7hgOf8jNLAImlosuuQYK+1kKrUSVL
NVjCDpVgxAGO8ROUBT4xT6aLv45yJGi3CpLitbFsRSCUQ1GgAzkGvIqVUTFqq8qqTlYlq7NiqmNq
Yw7GaArNPhAvajR3ceDknD8eOvQ6LpCODB4/YTS1Vb1958GfkbNleKJ0qqy3cOPkn8zZuWHbLwbi
7A3WArzcix4Qk220YCUoZo/evUdlrDQvQZWqsL6GMgWsAvHjAMqJc2rSEmSXDmLnySyho12G8kAy
IXLIJ/iqfU0+GjjNQLCkcgabZNolK5LcpjkgLp3dJNXLacT3t96W0whc0ry7ZvvOndtrdkcikETg
od3deMicIio18sN7C86/++kfP/78krz2fZCzMh8BhilwMS+LDyI5c6OKMMWyjMlICZDD8UoXRBaV
WoUFtcoAVauj9IJarZpCsZClCjo1ocvZeRpiFHiDXqtWwQMY6c0cMUOyCBOSWVA7gP1Kh6nfDTLf
2EMq5hv5n6BWXKJK6eq/AP+YYpI5rU129ryB5+kUJoVN0acYAsZ0k+L1vRyYNIYiY4t4SbYVP00l
Sp29E9ZRlp9T1t29nx2p6q2pOky5qIs/uCJMWffeSARPkJojUT80HBQwDdaMQ6JoYivVS2hUScHi
+FUkwAQ1UcD3wx3Arr0L7BoF7BooUbAn3QY4PiwncZDVRSIRRoz05wfMYfB3LjRMjHUuRkSo5oss
i3ULSDjeyPPJLj+yG7gkII7g3AZivOLXgicFd7lb9gosLWePyVQO2HmItkezFjn4y2BlDo+WLnXu
6p5bsQjvwvdXYsvBJUmfXPrLd9/95YUPg3jr764Vza3ArpP4YfyiOEr6+dkTQAJ+KTVLLx88MMB1
QQ8uVC4GnBaVvp/pLvnfM13Fpf2Pqa7xf0J151TKVBdU2jvzLq5be/pEP9fFaCjY4Ee0H/zxcjHB
bmR1egu1nnNAao8auDCNAnbwGgF8jyEg+HVZijOWza89GqQ7wBWHooIP7DD8B/dbHdsku9/+2TiV
2TjlYVE+472L1irziu4EGH3UVTzrFenp7ENlx184gucoU6H9PWMiZyPll65RuWW9ey/sOPsqvqHM
Q/YlLuDsTpQjOtF+ey3R79PtNdZyNSQca8jQOZHFyabFynD59ZX+FKhHzu6DJ8rjZJBG83eZEtrs
xtspmowU2uX/U5OcATm/Lv5VcZl127q99fvqVmx34nuPnoAkCPXhQVlB6duatV99+eXXa6oG7IT+
CvARg6vFWfaDnNp20Grj1PxBgVdzasNBjlObLZTJOlIQeH6kgbfZrFNsvJpQkOJr6Up2icMiEKpS
22BCmCGc1czrNKzRpjIZEayJys8ESBBWQ14KoaXFlAtpEmQbMp46wGcouyy3896oe5BzX6HfdcA/
eefoBB8r+4s/qNQcz9nUdpvayTttyepUPtU2jM+15don8DPVP+Xnq+fz822l9hXqTbY6/pTaQXMq
jUrL6Bg9a0AGllebtRaVzcSZNWatWWfWmwyCwcrHWhxWuy2FS9GkaJMNqXyGkGZMM6VbAtZUW1bs
EN0Q/RBDrpBjzrXeGzueG6sbqx9rGGeezc3SzNL+lJ9pnGmaaS7lSnQl+vmGYn6+MNc41zTPXGwp
sYVjV3IrNSu1lcJK40rT4+ZK61bzVstm62ZbbWwdXye8zp3WnNY222aAz0vF/QYTDfpc1PdhFTC9
ib09R8Dr4Jb9+LNTUives7+3q166sPOIbDI9WvxsWZn0MaRLEfzaRun3iu8fLuXiE0rcj0cLxIR4
wa4jnN0WW2vmIPg3mJ91OzJswAFsQ3g/8ICgW14jhQLK+189Mu//4KLwGzkzBFv3hD0Vnrts3a1Y
B/D0fus4udS+1EGhwh/xAsVI5JZ/YH/hskwQRgWzxmRAFHvrxQnrRs5R/WTaQz+9zROkyrIflhw+
4/V+FC5Y/WR/rq56BOwliH4hjvI4zXqaTUdE5RLWE39lakOS12HRMqrKTFLjs3EoxqwZoUsIeNTA
bNh77SNi/NaA+d6UQJrHnxhIDg7qd2ow037H1o/FvM4QeDeZacpotMuZ4b2hOaHy0I5QU4i5M+9B
yrwHQemn7OYsTZY2y57laNO0advsbY6WEFeI/3OX9x8ubm8E0Ek5/7L4hcNHJKoxXL76yUZJ3X+m
FC95oGjNETJr+Yq23ymOMen5LYpjjFCBgxujLXnDKlKxGiL9k+BftkE8ikFJqFBMRE5PMTEvNK2y
F/PEWcwB/U62aEyI9TE6q4s12VhtsqyUro7oyoNeYOUlxc0HxVg3dlNu4qbdjDve7XZ73F53wijz
KMsoq37AEw3uT069t9fZhAdcEtAYcm7MK4v+JPVh+81ezEvnpI8feOWhCv1Tiy6ck85t37dv+/Z9
9dSzkyZi3dc3sFHaKB2SVkrT4uNvFS/ESXRC24ULv730xjsfAKYJ2tw/NzmPyUIjxYREBym2csXx
fHHagvhwMNGhMzF+HZOB2Fgry/q92qCcVnQNpBUDCfYHnXIcuItikbva0fzCl5CYM3jI0IHNMEA0
OX1wx46Dck3dsmb11q2r12xZePSc9N2tf0h/P/fivuduXb9+6zlc33j8eONzx4+TxzfV12/aXF9/
yX754O9v3Pj9wcv22GObTra1ndx0TNkTkBpU5cwhCEJT0CJx+OhRk8b58xN1aNK4lESiH1fJTark
K0WyJrEynVvjqEwfmu9PMRkmxLKjdCjWEGdyjWDj4mNHDKLyYYpygOjtDIUGdnKEK9EuiNlCZyv0
yd39p2DS7a0ZiCCAQmWDw5+cKOdOLGW1mOw2Wg4ndpmWJMq0ZLBp6JDEbGAmoBoBMT9ip4xh+O7C
Y3/4w7HC3cMbjp4dOyYitb1a0DTz3U+L5izC6S8/+Wk4Z6HU+fwvpVernly/YW01nn3hAzx3xeR8
6TSEqtqlqzZuqnxs+61pU7svXfp+6rTtPT1J3WfLL85Yvy3ZXyht/McL0lfzV1RNnjy+sHD96mp8
3xvNeHz1E5uONMz7co3UJV0iuHZB1TPHDhw89qzC1aVc+gb4CzcKoBIxOwAM0yzEeUgqqnSl7jGr
D6h0tbRvT0yNOUw/62rI4DJU8QFPHO9HOclO1VBbWkbUHJR9sTs/Bfzpy376Dho0KRQ+U8iszmzK
BAqPf+zlRuC76TyY+N1Iy6Gze24uaJkVNm2oOrTvDqvHpVL9AKsnZ3se+uL75ORPSsO/bK29Q/CP
lEk1/fS+RYndb0Je/x7qBHsYdlLPIqQTrvS0Qnr54KyTGgqp6bw8IS9v9iB0EjL+sA4oRfQeg4lW
Fb33o3T/zcm5Q/Pzh+ZOVlL7oflT5G9cV3IIGr7hFXmkIo9xmFHTSEdpWPhcnrwTAg70Sh6cg1jJ
sXxG+ccacpQa1NvW2NtGDWLo3rZDcuMQNUiR+yXgHOsgL1Gjx0QXIfJ2PsEYTQHBVqjmYUJhgmgN
YilONt9oitHVYbydXUSTCGUPCnwyp/hkTmb6d3ae5H6F4HHy/WiMsmMHoQo57MNyTu2l1/U276Uy
evOXk2tMefdOZlAzfhhF2aYsE+gT0VQ+nOORAD0GVA0Majqei1fiJ/Au6iL1sSfZE/Tc43nJm9DX
J/9WhxrxNByG+1X9981wP/f2/X9+yLz5Y/w0bsAHoDT2l4tQfoV/peTx/9nhU55MUCQlsEICyKiX
f2ME9Mcj/q6RHsj+EXjN//4w/pN+DVTgpoiBsxeSbhOKQ7HIBnkFB+tIQy+LVMgMcef/H//0wBq0
FNayGb0H5X1oTUYRtARtRI3Q/gKtVvrfpNVygZ7rjDz2fdSMU2EcJRechWQ0nIP3ZMO9L2B8CVw3
onnK/W5yWSlPk8vUCrCqqdCaqjzRiJrJcJoml6NVeeo9NAKdRkflNnMZ1cG4aegalNHw9onoLLqO
16HD+CqqQtvQUnmJkQtrwG4jUOYxV5XyLXpY+bLcF2GuQibRiCIwz7Pw9sPRfpyKp5EwKcGzYIYU
PkomQO96FKHDUPxKGavMLzoHiloN3++fL7pMPUyl0n58FL4jf+MyvP8oGgHyloCkE6BSsvzkJmok
OpAwhnkTTVRNZHWYVVWhGXB3NcnGT7MuFEZVZAa8IR/6tqF8fA2+AoA+xTI0eBwU8AhNVNL9RU3i
g7M8v5rtzQj8u0uPoPI0oalN+lWe5r6+qbPoWGZ2ExPXRJLUTXSS77N/dvOzjMCkqbM8TZfGje1/
67jwWOibPgua8hV0Q/+4sRlI8TrUI80PU29vn8Pn/R251Qpu3r+e/9eB8/cf9t4jfKj+FC7lmzgK
LGDJiyQXmK/r+w97KoQP+/vvHEk0aIw6iQqoreDR7aibcaPh9FlUQt5HE+lYWN/foRLGD+234WxH
W6FuhPoK1HupE+gqnBvYcyhM1aKJZCgaDs+XMO/0dcH1cNaNlsrPQh1Kr0Yl9HU0nFrdN1xVB312
9CTUzSDsRvkZ+P6b7EnAtl2OA8oxFmpFtGIH1A9BCZuA8C2EONEC0orgXOBxFQxRNcG0ByPETQCX
FITagJC2CBxgAOpZhPTwDkMKQnwi1BqEBOgXukAvcM80GdYb+i0dCNnioN4Cl9gKkIG2E97vhO85
W+T/w6FoL4niUDqqR7IlCmi//Hlai/8me7tmaq346TsSuWgmb7cmMm8XkbdFujWRvKUnF970MxeK
yJt+0lJIzleRs1pyRktOv25hTofI6xbSHCK/lMgpibwmkVclckIix5vuY453k6b7yDGJvFJFXpbI
Swby4lEd86KFHNWRX4TIz4vIC/HkcIg8f6iIeV4ih4rIc3UG5rkk0rhSwzQmkYOTyAGBPJtJGjbF
Mw0SeeZpgXnGRZ4WyP56A7M/idTDuHoDqRfpffDgPgvZt5auM5A6kd6bRPb8LMjskcjuXWZmdxLZ
tVPP7DKTXc1YFDl65w4Ns1NPdjZjJN5P79CQHS10bXkVU3uGbH9Sy2w3ku0ivQ1a2+4hNVvPMDUS
2bqlkNl6hmxdS2/ZnMRsKSRbRHozyLU5iWzaaGQ2xZNNzX0tYh+90UjWw6fXF5GfBck6G3mqjjyp
JWuLipi1EqleKDDVMeSJKgPzRIhUGcia1TyzxkxW86SyjqwykpUasuJxD7Oimzy+PI553EOWx5Fl
8NCyeLJUIo9JZEmFnlkikQo9qRDp8iqyeNFIZnEZWTSSLCzTMQsFsnAtXaYjZSIdgU9GusmC0jPM
AomUzi9kSs+Q0rX0/JIkZn4hmS/SJUmkGAYVd5OiIvKolcyTyFyJhOdkMmGJzMkkj0ikUCIPTyIP
VZECicweS2ZJ5KcSmXmG/EQi04vINAt5MESmPsAzU6vIAzzJHyWOJpO1ZGIRuT9BzdxfRyaEyH1E
YO4zk/EmMo7SMONiyNgxZmZsGRkzWmDGmMnoUVpmtEBGiRwzSktEjoiyHqfT99aRkXQGM3IKGZFn
YUZMInnDNUyeheSJ9HANuSfXxNxTSHKHGZlcExlmJEP1ZIgEJN7C5EhkcLaZGWwh2SENk20moUEc
E9KQUHR9BnEkmOVggmNJVqaVyXKQrBY6M17DZFpJ5lo6gytiMupIIN3CBCaRdJhEuoWki3QaiJ5W
RFJTgkzqKJICgqUEiR9Ofokk30OS9A4mqZAk+kxM4nTig8d8JuIT6QQ18XocjLeQeNxGxuMgnhba
DR9zG4l7LR2vIfEi7fKROJ7EJhJnTJBxTicx8NaYIHFIxA4ftUvEJhCrxcJYy4jFbGYsFmIRabOZ
mGCc6QwxgnqNEhHgJIwmPMjP1xED3DNIRA8v0DuIXqR1EtHChVYcVkY0MEZTRbgiolYZGbWFqIyE
ZUIMW0UYeI4JERpeRmcQeCmlIXg6QRLBzbho/Tac/v/sgf5vC/BfHhDF/g3nbVRnCmVuZHN0cmVh
bQplbmRvYmoKMjAgMCBvYmoKICAgNzIyMgplbmRvYmoKMjEgMCBvYmoKPDwgL0xlbmd0aCAyMiAw
IFIKICAgL0ZpbHRlciAvRmxhdGVEZWNvZGUKPj4Kc3RyZWFtCnicXVLLboMwELz7K3xMDxEEE9NI
CKlKLxz6UGk/AOwlRSoGGXLg7+v1RKnUA3hYz4yH9Sbn+rl2wyqTdz+ZhlbZD856WqarNyQ7ugxO
HDJpB7PevuLbjO0skiButmWlsXb9JMpSJh9hc1n9JndPduroQUgpkzdvyQ/uIndf5wal5jrPPzSS
W2Uqqkpa6oPdSzu/tiPJJIr3tQ37w7rtg+yP8bnNJLP4fUAkM1la5taQb92FRJmmlSz7vhLk7L89
pSHpevPdelFmNlDTNCwBp8BpwOoQcVhEWaBecF0fIw5LqGeoZ4wVsGJOD07PmICJMTw1eypoFWsV
/FU8F/6K/VUOnDNugVvGOEvxWUfwj8zXJ/ifOA+0BWs1sGacI0POGbRB3XAdnnnM/4j6I/vAv4j+
4OjI6YA7xsimOZtGPzX3UyGP4jwKnoo9c/xvHvtZgF9w/9GrjHuVwT9jfwVOWPhCbzfHV8szeJ8Z
c/U+jEsc1DgnPCGDo/ssz9PMqvj8Ah/6w5wKZW5kc3RyZWFtCmVuZG9iagoyMiAwIG9iagogICAz
ODgKZW5kb2JqCjIzIDAgb2JqCjw8IC9UeXBlIC9Gb250RGVzY3JpcHRvcgogICAvRm9udE5hbWUg
L1lPR0JNWitEZWphVnVTZXJpZgogICAvRm9udEZhbWlseSAoRGVqYVZ1IFNlcmlmKQogICAvRmxh
Z3MgMzIKICAgL0ZvbnRCQm94IFsgLTc2OSAtMzQ2IDIxMDUgMTEwOSBdCiAgIC9JdGFsaWNBbmds
ZSAwCiAgIC9Bc2NlbnQgOTI4CiAgIC9EZXNjZW50IC0yMzUKICAgL0NhcEhlaWdodCAxMTA5CiAg
IC9TdGVtViA4MAogICAvU3RlbUggODAKICAgL0ZvbnRGaWxlMiAxOSAwIFIKPj4KZW5kb2JqCjkg
MCBvYmoKPDwgL1R5cGUgL0ZvbnQKICAgL1N1YnR5cGUgL1RydWVUeXBlCiAgIC9CYXNlRm9udCAv
WU9HQk1aK0RlamFWdVNlcmlmCiAgIC9GaXJzdENoYXIgMzIKICAgL0xhc3RDaGFyIDExNwogICAv
Rm9udERlc2NyaXB0b3IgMjMgMCBSCiAgIC9FbmNvZGluZyAvV2luQW5zaUVuY29kaW5nCiAgIC9X
aWR0aHMgWyAzMTcgMCAwIDAgMCAwIDAgMCAwIDAgMCA4MzcgMCAzMzcgMzE3IDAgNjM2IDYzNiA2
MzYgNjM2IDYzNiA2MzYgMCA2MzYgNjM2IDYzNiAzMzYgMCAwIDAgMCAwIDEwMDAgNzIyIDAgNzY1
IDAgMCAwIDAgMCAwIDAgMCAwIDAgMCAwIDAgMCAwIDAgMCA4NDIgMCAwIDAgMCAwIDAgMCAwIDAg
MCAwIDU5NiAwIDU2MCA2NDAgNTkxIDAgNjQwIDY0NCAzMTkgMzEwIDYwNSAzMTkgOTQ4IDY0NCA2
MDIgNjQwIDAgNDc4IDUxMyA0MDEgNjQ0IF0KICAgIC9Ub1VuaWNvZGUgMjEgMCBSCj4+CmVuZG9i
agoxIDAgb2JqCjw8IC9UeXBlIC9QYWdlcwogICAvS2lkcyBbIDIgMCBSIF0KICAgL0NvdW50IDEK
Pj4KZW5kb2JqCjI0IDAgb2JqCjw8IC9UeXBlIC9PdXRsaW5lcwogICAvRmlyc3QgMTMgMCBSCiAg
IC9MYXN0IDEzIDAgUgogICAvQ291bnQgLTEKPj4KZW5kb2JqCjEzIDAgb2JqCjw8IC9UaXRsZSAo
REVUQUxMRVMgREUgTEEgUkVTRVJWQUNJT04pCiAgIC9QYXJlbnQgMjQgMCBSCiAgIC9GIDAKICAg
L0Rlc3QgWzIgMCBSIC9YWVogNzAgNzYzIDBdCj4+CmVuZG9iagoyNSAwIG9iago8PCAvUHJvZHVj
ZXIgKGNhaXJvIDEuMTUuMTAgKGh0dHA6Ly9jYWlyb2dyYXBoaWNzLm9yZykpCiAgIC9UaXRsZSAo
UmVzZXJ2YWNpb24pCiAgIC9BdXRob3IgKCkKICAgL0tleXdvcmRzICgpCiAgIC9DcmVhdGlvbkRh
dGUgKEQ6MjAyMTA1MDQxNjQ1MzhaKQo+PgplbmRvYmoKMjYgMCBvYmoKPDwgL1R5cGUgL0NhdGFs
b2cKICAgL1BhZ2VzIDEgMCBSCiAgIC9PdXRsaW5lcyAyNCAwIFIKPj4KZW5kb2JqCnhyZWYKMCAy
NwowMDAwMDAwMDAwIDY1NTM1IGYgCjAwMDAwMTgxMjggMDAwMDAgbiAKMDAwMDAwMTM3OSAwMDAw
MCBuIAowMDAwMDAwMDE1IDAwMDAwIG4gCjAwMDAwMDAwMTUgMDAwMDAgbiAKMDAwMDAwMDcxMSAw
MDAwMCBuIAowMDAwMDAwMDE1IDAwMDAwIG4gCjAwMDAwMDA2ODkgMDAwMDAgbiAKMDAwMDAwOTA5
OSAwMDAwMCBuIAowMDAwMDE3NjY4IDAwMDAwIG4gCjAwMDAwMDA4MzkgMDAwMDAgbiAKMDAwMDAw
MTA5NiAwMDAwMCBuIAowMDAwMDAxMzQzIDAwMDAwIG4gCjAwMDAwMTgyNzcgMDAwMDAgbiAKMDAw
MDAwMTY0NiAwMDAwMCBuIAowMDAwMDA4MzE3IDAwMDAwIG4gCjAwMDAwMDgzNDEgMDAwMDAgbiAK
MDAwMDAwODc5OCAwMDAwMCBuIAowMDAwMDA4ODIxIDAwMDAwIG4gCjAwMDAwMDk1NjIgMDAwMDAg
biAKMDAwMDAxNjg4MSAwMDAwMCBuIAowMDAwMDE2OTA1IDAwMDAwIG4gCjAwMDAwMTczNzIgMDAw
MDAgbiAKMDAwMDAxNzM5NSAwMDAwMCBuIAowMDAwMDE4MTkzIDAwMDAwIG4gCjAwMDAwMTgzOTIg
MDAwMDAgbiAKMDAwMDAxODU1OCAwMDAwMCBuIAp0cmFpbGVyCjw8IC9TaXplIDI3CiAgIC9Sb290
IDI2IDAgUgogICAvSW5mbyAyNSAwIFIKPj4Kc3RhcnR4cmVmCjE4NjMxCiUlRU9GCg==

--===============2450599264151179395==--

-------------------------------------------------------------------------------
