Content-Type: multipart/mixed; boundary="===============8262233415985089964=="
MIME-Version: 1.0
Subject: =?utf-8?q?Hotel_Real_-_Confirmaci=C3=B3n_de_Reservaci=C3=B3n?=
From: reservaenrealnicaragua@gmail.com
To: cjpm1983@gmail.com
Date: Tue, 04 May 2021 16:50:24 -0000
Message-ID: <162014702464.9895.664519769498416568@localhost>

--===============8262233415985089964==
Content-Type: text/html; charset="utf-8"
MIME-Version: 1.0
Content-Transfer-Encoding: 7bit

Pronto nos pondremos en contacto con usted. recibimos su solicitud para RealNicaragua
--===============8262233415985089964==
Content-Type: application/pdf
MIME-Version: 1.0
Content-Transfer-Encoding: base64
Content-Disposition: attachment;
 filename="cjpm1983@gmail.com_1234567_2021-05-04 16:50:15.893299.pdf"

JVBERi0xLjUKJbXtrvsKNiAwIG9iago8PCAvTGVuZ3RoIDcgMCBSCiAgIC9GaWx0ZXIgL0ZsYXRl
RGVjb2RlCj4+CnN0cmVhbQp4nJ1VXW+bMBR951fcR6IJx5/YTFU1mrCpVbquDdtL1QeXOCltgARI
158/87Em69eagjDWtX3Oudf4QADb2yO2UZxAkjlrB7excgFDjWFROUexQ3k3z759iqgAgjFSPqOK
QJw5w7mHPQy2P3cu3XEUD4Rww8kkmsI4gkkIF9E0uhgw4f4aSOWGo+Oz74Or+MQhtOenwHyMKKW+
8IEwhiSnRKkenPwFdz0YxLdWoccRD7oZMxvtgxQ1iqy8xyBFElPCVbMAM98it2Mtyq5qj0rEuJCY
NSiC+syX7cwQ8iK7Lg3MTL9mK+YZSpMJ4pQr3Eq4dH8MqHR1pVdFWZs2470A3CjT6fKjvKasilxX
r9ASgrDPuJSAEcZCMKY6TtKiT1c6h4MDGIZJvdHL2DzUcDA38znGGh/C4SEcjUc9VHRqe6ue7nlp
t0yNSoYZCzqVX5vPxCQ32hYXorwu9Uzvq5ba7fWw8DAHQj9z8UH2qV6mHydnZD9yNzRlsUxzo1/e
21cJf+ZpbWYQpmWzuno339l1Zcp7naTFdtV7OWdvs/hqm9XC5LWB9cZAaVrCPalGN5vkDka6qpcG
uqMexZ0foYA1V2NL1o92fIOqAPlccaaAM3vIBZaPprTlTW5XGQkU+7JoThRKiuwl8Itvtu83l4Tf
dujEPrfO5VWjE2YOwXAKayAtd9daw+wFWHaBOOGQgT2JSJLgMbKEKZxvbfVf/d1kJcVb8r13lYJT
haRk/ynFJ8GEwoGkAX+lBs9S7IF3UhREICL9JymunaEm9pcBwwdbq3HhnDvDSZrftUZyOjoeW7je
ORrPeDJGdsfOnT/CAXk1CmVuZHN0cmVhbQplbmRvYmoKNyAwIG9iagogICA2MjUKZW5kb2JqCjUg
MCBvYmoKPDwKICAgL0V4dEdTdGF0ZSA8PAogICAgICAvYTAgPDwgL0NBIDEgL2NhIDEgPj4KICAg
ICAgL2ExIDw8IC9DQSAwLjcgL2NhIDAuNyA+PgogICA+PgogICAvWE9iamVjdCA8PCAveDEwIDEw
IDAgUiA+PgogICAvRm9udCA8PAogICAgICAvZi0wLTAgOCAwIFIKICAgICAgL2YtMS0wIDkgMCBS
CiAgID4+Cj4+CmVuZG9iagoxMSAwIG9iago8PCAvVHlwZSAvQW5ub3QKICAgL1N1YnR5cGUgL0xp
bmsKICAgL1N0cnVjdFBhcmVudCAwCiAgIC9RdWFkUG9pbnRzIFsgMjkwIDQxOCA0MjUgNDE4IDQy
NSA0MDQgMjkwIDQwNCBdCiAgIC9SZWN0IFsgMjkwIDQwNCA0MjUgNDE4IF0KICAgL0EgPDwKICAg
ICAgL1R5cGUgL0FjdGlvbgogICAgICAvUyAvVVJJCiAgICAgIC9VUkkgKG1haWx0bzpjanBtMTk4
M0BnbWFpbC5jb20pCiAgID4+CiAgIC9CUyA8PCAvVyAwID4+Pj4KZW5kb2JqCjEyIDAgb2JqCjw8
IC9UeXBlIC9Bbm5vdAogICAvU3VidHlwZSAvTGluawogICAvU3RydWN0UGFyZW50IDEKICAgL1F1
YWRQb2ludHMgWyA0MjkgNDE4IDUxNSA0MTggNTE1IDQwNCA0MjkgNDA0IF0KICAgL1JlY3QgWyA0
MjkgNDA0IDUxNSA0MTggXQogICAvQSA8PAogICAgICAvVHlwZSAvQWN0aW9uCiAgICAgIC9TIC9V
UkkKICAgICAgL1VSSSAodGVsOis1MzU4MDk3Mjk0KQogICA+PgogICAvQlMgPDwgL1cgMCA+Pj4+
CmVuZG9iagoxMyAwIG9iagpbCiAgMyAwIFIKICA0IDAgUgpdCmVuZG9iagoyIDAgb2JqCjw8IC9U
eXBlIC9QYWdlICUgMQogICAvUGFyZW50IDEgMCBSCiAgIC9NZWRpYUJveCBbIDAgMCA1OTUgODQx
IF0KICAgL0NvbnRlbnRzIDYgMCBSCiAgIC9Hcm91cCA8PAogICAgICAvVHlwZSAvR3JvdXAKICAg
ICAgL1MgL1RyYW5zcGFyZW5jeQogICAgICAvSSB0cnVlCiAgICAgIC9DUyAvRGV2aWNlUkdCCiAg
ID4+CiAgIC9SZXNvdXJjZXMgNSAwIFIKICAgL1N0cnVjdFBhcmVudHMgMgogICAvQW5ub3RzIFsg
MTEgMCBSIDEyIDAgUiBdCj4+CmVuZG9iagoxMCAwIG9iago8PCAvTGVuZ3RoIDE1IDAgUgogICAv
RmlsdGVyIC9GbGF0ZURlY29kZQogICAvVHlwZSAvWE9iamVjdAogICAvU3VidHlwZSAvRm9ybQog
ICAvQkJveCBbIDAgMCA1OTUgODQxIF0KICAgL0dyb3VwIDw8CiAgICAgIC9UeXBlIC9Hcm91cAog
ICAgICAvUyAvVHJhbnNwYXJlbmN5CiAgICAgIC9JIHRydWUKICAgICAgL0NTIC9EZXZpY2VSR0IK
ICAgPj4KICAgL1Jlc291cmNlcyAxNCAwIFIKPj4Kc3RyZWFtCnicRZAxDsIwDEV3n8IXwE2cxHH2
XqATM6oQSwsqLBwfhzaNPP1n+38nG0y4QQge2SsKY8z4vuMVnxWSJkbmRMWaK3biKedsOhG7XFcp
2kQIhULtH3rGoIl8VDjRYqgQl9CXCpNE7aan3mPnTpJQYqgejYgjkW4pkRy30CbnftcOlnY4nBvt
YYdfk/9AM6jfsYE1FZ3VJSZqU7uFz+ptcIXh5vDxweHrBccXTFY/tfBGRAplbmRzdHJlYW0KZW5k
b2JqCjE1IDAgb2JqCiAgIDE3NwplbmRvYmoKMTQgMCBvYmoKPDwKICAgL0V4dEdTdGF0ZSA8PAog
ICAgICAvYTAgPDwgL0NBIDEgL2NhIDEgPj4KICAgPj4KICAgL1hPYmplY3QgPDwgL3gxNiAxNiAw
IFIgPj4KPj4KZW5kb2JqCjE2IDAgb2JqCjw8IC9MZW5ndGggMTcgMCBSCiAgIC9UeXBlIC9YT2Jq
ZWN0CiAgIC9TdWJ0eXBlIC9JbWFnZQogICAvV2lkdGggODAwCiAgIC9IZWlnaHQgNjAwCiAgIC9D
b2xvclNwYWNlIC9EZXZpY2VSR0IKICAgL0ludGVycG9sYXRlIHRydWUKICAgL0JpdHNQZXJDb21w
b25lbnQgOAogICAvRmlsdGVyIC9EQ1REZWNvZGUKPj4Kc3RyZWFtCv/Y/+AAEEpGSUYAAQEAAEgA
SAAA/+EAjEV4aWYAAE1NACoAAAAIAAUBEgADAAAAAQABAAABGgAFAAAAAQAAAEoBGwAFAAAAAQAA
AFIBKAADAAAAAQACAACHaQAEAAAAAQAAAFoAAAAAAAAASAAAAAEAAABIAAAAAQADoAEAAwAAAAEA
AQAAoAIABAAAAAEAAAMgoAMABAAAAAEAAAJYAAAAAP/tADhQaG90b3Nob3AgMy4wADhCSU0EBAAA
AAAAADhCSU0EJQAAAAAAENQdjNmPALIE6YAJmOz4Qn7/wAARCAJYAyADASIAAhEBAxEB/8QAHwAA
AQUBAQEBAQEAAAAAAAAAAAECAwQFBgcICQoL/8QAtRAAAgEDAwIEAwUFBAQAAAF9AQIDAAQRBRIh
MUEGE1FhByJxFDKBkaEII0KxwRVS0fAkM2JyggkKFhcYGRolJicoKSo0NTY3ODk6Q0RFRkdISUpT
VFVWV1hZWmNkZWZnaGlqc3R1dnd4eXqDhIWGh4iJipKTlJWWl5iZmqKjpKWmp6ipqrKztLW2t7i5
usLDxMXGx8jJytLT1NXW19jZ2uHi4+Tl5ufo6erx8vP09fb3+Pn6/8QAHwEAAwEBAQEBAQEBAQAA
AAAAAAECAwQFBgcICQoL/8QAtREAAgECBAQDBAcFBAQAAQJ3AAECAxEEBSExBhJBUQdhcRMiMoEI
FEKRobHBCSMzUvAVYnLRChYkNOEl8RcYGRomJygpKjU2Nzg5OkNERUZHSElKU1RVVldYWVpjZGVm
Z2hpanN0dXZ3eHl6goOEhYaHiImKkpOUlZaXmJmaoqOkpaanqKmqsrO0tba3uLm6wsPExcbHyMnK
0tPU1dbX2Nna4uPk5ebn6Onq8vP09fb3+Pn6/9sAQwAIBgYHBgUIBwcHCQkICgwUDQwLCwwZEhMP
FB0aHx4dGhwcICQuJyAiLCMcHCg3KSwwMTQ0NB8nOT04MjwuMzQy/9sAQwEJCQkMCwwYDQ0YMiEc
ITIyMjIyMjIyMjIyMjIyMjIyMjIyMjIyMjIyMjIyMjIyMjIyMjIyMjIyMjIyMjIyMjIy/90ABAAy
/9oADAMBAAIRAxEAPwD3+kNLUckixozuQqqMkk9KAH8UuaxJfEmkoT/xMrXj/pqKqyeK9JXpqNsf
+2gp8rA6TOaK5j/hLNL/AOghbf8AfwUf8Jbpf/QQtv8Av4KfKwOnormP+Eu0r/oIW3/fwUf8JbpX
/QRtv+/go5WB09Fcz/wlulf9BG2/7+Cq15450axtzPNfRlB/cO40ckmK6R19Fedj4teGSM/a5f8A
v0aP+Fs+Gv8An7k/79mrVGQudHolFeef8LZ8Nf8AP3J/37NH/C2PDf8Az9yf9+zR7Gr2DnR6HRXn
v/C2PDef+PuT/v2aX/ha3hv/AJ+5P+/Zpewq9g50eg0V5/8A8LV8Of8AP3J/3waP+FqeHD/y9v8A
98Gj2FXsHOj0CiuA/wCFp+Hf+ft/++DR/wALT8O/8/b/APfBo9hUDnR39FcB/wALT8O/8/b/APfB
o/4Wl4e/5+3/AO+DT+r1A50d/RXAf8LS8O/8/b/98Gj/AIWl4d/5+3/74NH1eoHOjv6M1wP/AAtH
w9/z9v8A98GkPxS8Oj/l7f8A74NHsKgudHf5ozXn/wDwtPw7/wA/Un/fBpf+Fp+Hf+fqT/vg0vYV
Ow+eJ3+aM15//wALT8O/8/Un/fs0f8LU8Oj/AJepP+/ZqvYVOzDniegUV5//AMLV8O/8/Uv/AH7N
J/wtbw7/AM/Uv/fs0fV6n8oe0ieg0ZNeff8AC1fDn/P1L/37NH/C1fDv/PzL/wB+zS9hU/lF7SJ6
DmjNeff8LW8N/wDPzL/37NJ/wtbw5/z8y/8Afs0ewq/yh7SJ6Fk0ZNee/wDC1vDn/PzL/wB+zS/8
LW8Of8/Uv/fs0ewqdg9pE9BzRmvPf+FreHP+fqX/AL9mj/ha/hz/AJ+pf+/Zo9hU/lH7SJ6FmjNe
ff8AC1vDn/P1L/37NH/C1vDn/P1L/wB+zR7Cp/KHtInoOaM159/wtbw5/wA/Un/fs0f8LV8Of8/U
v/fs0ewqfyh7SJ6DmjNeff8AC1fDv/P1J/37NL/wtPw7/wA/Uv8A37NHsKn8rD2kT0DNGa8//wCF
p+Hj0uZf+/Zp4+J+gH/lvN+ERo9hV/lYvaRO9zRmuDHxN0I9JZ/+/Rpf+Fl6Gf8Alrcf9+jT+r1f
5WL2sDus0ZFcL/wsvRP+elx/36NH/Cy9D/56XH/fo0fV6v8AKx+1gd1kUZrhP+FmaF/z0uP+/JpP
+FnaEP8Alpcf9+TR9Xq/ysPawO8zS5rgT8T9B/56XH/fk0n/AAtLQP8Anrcf9+Wo+r1f5WL2sDv8
0Zrz/wD4Wl4fz/rrj/vy1J/wtTw/n/W3H/flqPq9X+Vh7WB6DmjNeff8LU8P/wDPa4/78tR/wtTw
/wD89rj/AL8tR9Xq/wArH7SB6DmjNeff8LU8P/8APa4/78tR/wALV8P/APPW4/78tR9Xqfyh7SB6
DRXn3/C1PD//AD2uP+/LUf8AC1PD/wDz2uP+/LUfV6v8oe0geg0V5/8A8LT8P/8APa4/78tR/wAL
T8P/APPa4/78tR9Xq/yh7SB6BRXn3/C1PD//AD1uP+/LUf8AC1NA/wCetx/35aj6vU/lD2kO56DR
Xn//AAtTw/8A89rj/vy1H/C09A7S3H/flqPq9X+UPaQ7noFJmuB/4WjoP/PW4/78ml/4WfoX/PS4
/wC/Jo+r1f5Q9pA73NGa4MfE7Qj/AMtLj/vyad/wszQv+etx/wB+TR9Xq/yh7WB3eaM1wn/CzNC/
563H/fk0n/CzdC/563H/AH5NH1er/Kw9rA7zNJmuD/4WdoX/AD1uP+/Jo/4WfoP/AD1uP+/Jo9hV
/lYe1gd5mjNcF/ws/Qf+etx/35NH/C0NB/563H/fk0ewq/ysPawO+orgP+Fo6B/z2uP+/Jo/4Wlo
H/PW4/78mj2FX+UPaQO/orz/AP4WnoH/AD1uP+/LUf8AC0/D/wDz2uP+/LUewq/yh7SB6BRXnx+K
vh8f8tbj/vw1J/wtbw9/z2uf+/DUewq/yh7WB6FRXnv/AAtfw7/z2uf+/DUf8LY8O/8APa5/78NS
9jV/lD2kT0KivPP+Fs+HP+e1z/34ak/4Wz4c/wCe1z/34aj2NX+UPaRPRKK87/4W14b/AOe1z/34
aj/hbXhv/nvc/wDgO1Hsav8AKHtIdz0SivOz8W/Df/Pe5/8AAdqT/hbfhv8A57XP/gO1Hsav8oe0
h3PRaSvO/wDhbfhv/ntc/wDgO1H/AAtzw1/z2uf/AAHaj2NTrEPaQ7nonFHevO/+FueGv+e1z/4D
tVvTvidoGp6hDZW0s5mlJChoWUcDPU0nRmtWgVSLO6paqRXSyDKnIqyrZFZln//Q9/7VkeJH2eHt
Q5x+4f8AlWvWH4pOPD2of9cH/lTW4HxlcTzm6uP384xK3/LQ+p96i86b/nvN/wB/D/jROf8ASbj/
AK6t/M1HmuyNuXYVyTzpv+e83/fw/wCNHnTf895v+/h/xqOiq07CJPOl/wCe03/fw/40edL/AM95
v+/h/wAajoosuwEnmy/89pT7eYf8aDLIw2vM7D+6XYj+dNzxSU0kAc9mP5mjn+9+pooqhWQvP979
TSZbPX9TRRTsFkBLZ6/qaXLf3j+ZpKKQWQuX/vH/AL6NG5/7x/76NFFF2FkG5vU/99Gjc3qf++jS
Yop87DlQ4O3qf++jS+Y395v++jTKWqU2HKh4c/3j/wB9Gjef7x/76NMzRmnzsXKiQO394/8AfRpf
Mb+8f++jUWaM0/aByom3t/eP/fRpRKR/Ef8Avo1Buo31SqtCcUWRKT3/APHjTw59f1NVQ1LvNaKt
ITgXA3+1+po5/vfqarrIRT/MrVVWyOUlGezfqaduYd/1NRBqcGNXzMlofu9/1NGfQ/qab1pcU7sV
hcn1/U0c+v6mkp2KLsWg059f1NHPr+ppSKMUXY7ob83r+ppDn1/U08ikxRdhcbk/3v1NBJ/vfqad
ijFHMx6CDP8Ae/U1MoP979TUQFTR8UrsHYswg8f4mtKEdP8AGqER6VoQnGKpNmci9Dj0/WrAAA61
VRqlD8Vab7mLJsimFgKj30wvTuwSJGemb6jLZpuaV2OxIXphfJ6U0mkzRzMB2R6U0kZ6UhoouwF4
9KPwoApR1pXYCYHpRgelO70oXNF2Mbj2ox7U4g9Kcqmi7JGAD0pdvtUojzTtlF2BAEyelO8r2qwq
ACgsBRdgQrD7VKIV7ilEtNMtLmYx+xAOlLhR6VCZaiMpo5mFi0XUdBSeaBVTzTTGkzRzsVi55wqN
pRVXfSb6XMyrFgzUzzf85qAtSFqXMwsWPN/zmkMtVt1G6jmY7E5l9qTzfaoN1BalzMdicy+1NMnt
+tQ7qTNHMwsSl/wpN/vURNGaOZhYkEh9qTzPpUWaKnmZRJ5nPagt9KZRRzMQpb6UmfpSGko5mA4s
Pakz9KbmijmYx2R7UmaSik5MBcitTwzP9n8S2Uw6qx/lWTmrWnPs1CFh1BrOq/3cvRjj8SPo3RtT
NxGPTFdXbvvUEeleX+FZ2aMc16XYnMSk+leCdx//0ff6w/FP/Ivah/1wb+VbdYnigbtAvx/0wb+V
K9mFrnxZP/x93A/6at/M0zFT3ULLczsAf9a/b/aNVq6oTuglBxF6UuaSiruSGaUc0lFO4DqM03NL
TTAUUUlGaq4hRQaBRTuAUuKSlqkwCiiincAoxRS07BcTFFLSUuUVxD1oFLS0uUY2loxzS4osA2in
YoxSsO4gpc0nelqrBcMmlBNNoqk2hMlDkU4OTUIpQcVpGpYm1y0pz3p+aqbsU8SE1tGpclxLGadm
oVapAa0UjNxH5o4pBSjFUTYUim4p2aWgBuKMU7FJtp2C4gqVRmmAYqRaVgbLMfarsZxiqMZ6VcQ9
KpEMuoak7VAh4qQGqRDQu40hz60h60maBC5xSdaDRSATFFOAyaXbzQA2gCnbKcqUANC0oHNTBeKA
AKAI9tPVadxRmkAbB60oAphbmmlqOYRLkUjOAKh3801mqXIaJjJx1phlqAtSFqVx2Ji9Rs9MJ4ph
NK47EhbPemlqjzS5ouFhdxoJpmaUmlcdgzSUlGaLjDNJSZ5pM0XAWikNJmlcB2KQikzQTRcBcUYp
uaM0XAXFJRmkJpXAWim5oJpDFzRmm5ozRcB1H40wmjNK47C5opuaKdxDqTNFFK4C1PZf8fsX1qCp
7L/j9i+tRUfuP0Kj8SPZvCP+rFeoWH+qUe1eX+Ef9WK9QsP9Wv0rw2dp/9L32sXxN/yAL7/rg38q
2qxvE3/IBvv+uDfyoexUPiR8ez/6+b/ro38zVWa2BGUq3OP9ImH/AE0b+ZqM1zRnys9ydHnSMwgq
cMKM+laDxLIORzVKWF42zjiu6nVUkeTXwzg/dI6UUnFKK3Vmcr0Ciiii9gunsKKKSjNHMAtGaTNL
VJisLmikxRmquAo606m5pc00wDvTh0popc1SYC0lL2pKtAFFFAoEKKMUdKM07AGKKKKLAHFBxRQa
LAJS0lGaVgFopM0ZovYBO9PBxTaWjmaGPDVIr1DmlBrWMyWrlkPTwarBsVKr1upIzcSYGnDmog1P
DVaJcR9LigGgHNWmS0AFSKtIBUgFMlkkY5q3HVaMc1aTNBLLCdKeCaainFShCaZLY3GaNtSbD2pw
jNIVyILS7KlCGnBKAuRBOacE5qTbRigLibaUcUE03vRcQ4tTSaaTSGpbBAWpC/FNJpO1TcYbqaWp
M0maCgJ5ppPNKTSZpMBGPFNzTj0pppAGaTNFJikMM0E0YpKAEzRmgikoAdTaWkoGIaSlNGKAEpDS
0hoASiijrSGGaTNLikxSACaTNIaKADNBNGKQikMM0ZoxRigANJS4oxSASlFGKCMUwCiilxQAVPZf
8fkX1qCp7L/j8i+tRU+B+g4/Ej2bwj/qxXqFh/q1+leX+Ef9WK9QsP8AVr9K8Nnaf//T9+rF8TDO
hX3/AFwf+VbdYniXnQ73/ri38qT2Kh8SPkKZP9Im/wCujfzNRlKvTR5nlOP+WjfzNRmL2rh5rs+s
9g7IqbKaV3fK3NW/L9qaY+elNTsZuh3M2e0zyn5VVIK8EYrZKc9KhmtVdTx81ddKvZ2Z5mIwLtdG
XRUz27w8NyKiALdK74uMldHkzpyg7NCUUvPcUUWZKV9hKWjFGKACijFFVcTFoooouAoopM0uapMQ
vaik70tWpAFFFFUmAopaQdaWrELRikFLTsAYpCKdQaLANxRilpcUWAbijFKRRilYBMUlOxRiiwDa
BTsUYosAlOBptFNMCYNUitUANLuraMhOJbBzTgaro9SqwraLuZSViwtSCoVNSqatMyZZj61ajGTV
WIDNXYhzVEMsIpxVhENNiHNWVWnYzY0JTwnFSKtP20hXK/l0bcdan2UhSkFyAqMU2p9lNZKAuV26
03vVjZTGXnpSGQN1ppqbYc9KGT2qWhornrSVNs9qaye1KwyuetFSlfam49qCiI0lSkU0ilYBhppp
+KTFKwDKDT8U0ilYY2kp2DSZosAmKMUtFADaDTsUUDIzRTzSYoAaaaaeabQAhpBTiKSkMSkNLSUM
BDSU6jFIBtBpaKBjaKdRSsA2inUUWATvS0uKAKdhXExS4pcUYosFxMVNZ/8AH5F9aixU1mP9Mi+t
RUXuP0Ki/eR7J4R/1Yr1Cw/1a/SvL/CP+rFeoWH+rX6V4TO0/9T37tWN4j/5Al7/ANcW/lWyax/E
f/IEvf8Ark38qUvhNKXxo+WZIx5sv/XRv5mojDU8jfvpf+ujfzNJmvMe5+hxgnFFZoSDUbRH0q/x
3oKg0iHRTM0x47Uzy60jFntTDBVJsylh7ozmhDDBGaz7ixZTujrdaGo/LwOfyraGIlBnn18vjUWx
zTKVPzUm3vW5cWCTDKjDVly27xHDqfY169CvGotT5vE4CpRehWxRin7aXbXU6Zw3I8UYp+KMVHIM
ZRTiKMUuQBuKKdijFJxEJmjNLSUbALSim06qTAMU7imUuatMBaM0UVaYC5pabTqpAIOTTqQdaWrE
FJS0tFgExSU6kAosAlHNOxR1osA00mKdjFFS4gNwaUZFLg+tJjFGwDgxFPQ1FTgcVpGQmi0jGp1Y
VRBNWIm45rdMzlE0Imq9A3NZsTcdauxHpVpmEkacbirKyVnISKmEhwKdzNo0Q4p4cGs7zsCni44p
k2NEEGl4NUFuuKcLn3oCxd2igoDVX7R704Tj1oEWPL4pvlc0wTj1pwmX1osAGIelNaLPapBID3FL
5g9qLAQ+Tx0pjQ+1WwwIo4NKwXKBgOelMMPtWltBpDCCOtFh3Mww0wxe1aZgFJ9mFFguZbRcUzyq
1Taimm1FS4juZflmm+XzWr9lpptKOUfMZnl0hjrTNrTTa+1LlDmM0pSbK0Ta8dKYbajlC5QKUmyr
ptzTTBipsO5SKUhU1aaE00xUWGmVyvFNxU5j5ppSiwXIKSptlN2VI7kdB4qTZSFKLBcjxmjFP20b
aLBcixRipdvtRt9qLDIsUYqXb7UbaLARgcdKXHtT8UYosAzFLinY9qMU7ANxRgU7FG2iwDcVNaD/
AEuL61HiprUf6VH9azqr3JejKh8SPYPCP+rFeoWH+rX6V5d4R/1Qr1HT/wDVr9K8Bncf/9X341j+
Iv8AkCXv/XJv5Vs1i+Iz/wASS9/64t/KlL4TSl8aPllz++m/66N/M0Bqjd/30vvI38zQGrzHufoE
Ki5UTA07OKiB9KfnNI1TTJAaXg9ajDc08GncvQUqDTTGvpT80oI9KdriaXUgaAH2NQS2iuuHHB71
fGCelKUFVGTjsZ1MPTqLU5m5014SWUbkqkUwa7ExjGMcVn3WlRzZaMEN9eK9fCY9fDU3Pm8dkurn
TOc280hWrktq8LEMp4qBkK9a9iKjNXPmZp05cskRFaTbUxWm4pSpEpp7EW3mgjmpdtJtqHSHcixR
ipMUm2odILjMUYp2KTFQ6Y7iUUuKTmp5Wh3A0CiijUQuaUU3vSiqUgHUuabmlrSMhWHA0U3NKDWn
MA7FAFJuNKDVJ3AWkpaMCqshDTRilopWASkNOxRik0A3FL3pcUlKwDhUqMaiBp6k007Ca0LsLc1f
has2I4q9Ca3izCaNBG4p4aoENSA1ojJokzRmm5ozQIcTSgmm5pCTQIl3HFAciosmjJphYm80inec
ar5NG40BYtC4OKVbk5qpuNKCaAsXhdYpwu6z9xoyaA5TRF57077XnvWZuNG40XFymqLoetOF2PWs
nefWnbzjrRcOU1xcrSi4Q1kBznrThIR3ouKxr+ctKJFNZHnGnic4607isau5DS/KayxOfWpVuSKV
wsXtq9KaY1qutxzTvPFAWJDCKjMAp4mzTt4NFhXKzQc8VE1vxV7IppANK1xpmcYDUZgOa09gNNMQ
9KOUdzM8kim+Qa0jDntSeT7VPKVczDDSeSa0zD7Uhg9qOULmb5RFHle1aPkZ7UfZ6OULmd5XtR5V
aHk+1J5Ge1LlC5nmKm+Ua0DDz0pDCPejlHcoeVR5dXWhphiNHKFyrs4puyrXlGkMWKVh3K+ymlea
sFDTShosFyHbzUtqMXcf1oKU+2X/AElPrWdVfu5ejKg/eR614Q/1Ir1Gw/1a/SvLvCP+pFeo2H+r
X6V88z0D/9b36sXxJxod9/1xb+VbPWsbxN/yAr7/AK4t/KlLYun8SPk6R/8ASJf+ujfzNKsg9ary
sRcS/wDXRv5mmqxrznHU+whWdkXg/vUivVESVIstTY6I1y5u9DTg1VVcetSh/ekbxqlgNTwwqvu9
6cr0J2N1JMnDc1IDkc1XD1IGq73KTHke9KM9KZnmnbqL63B6jZoI5lIZQDjrWTc6c0ZLKpYe1bYP
FBKlcEV3YbGzpb7Hm4zLKWIV0tTl2h5xjmomi56V0NzYrIodOvpVNNOu52IgtWf6V9Dh8ZSqx0Z8
Vi8BWwsnzLQxzHSbMVrnRNXBP/Eum/I/4U3+wdYP/MNmz+P+FbucO5yLmexkbaQgVsf8I5rjf8w2
X9f8KafDWuf9A2X9f8Kzc4dx6mORSEYrYPhrXP8AoHS/r/hTG8O62oydOl/X/CocqfcZlYppHNaT
6Lq69dPm/I/4VCdL1NethLj/AHT/AIVD5RlLFGKsmwvv+fKUf8ANIbO9H/LpL/3yam0QKxFIM1Y+
yXn/AD6S/wDfJprW10Bzay/98msmkMhpc0/7Pcf8+0n/AHyaaYZx1hk/75NJOwxAc04GmlJQP9U/
/fJoCv3if/vk1SmIcKdmo/nH8DflS7j3VvyrRTQh+aUGmb8fwt+VHmqO5/KtFNMViTijio/OXsT+
VL569yfyrRSQEnHakpolU+v5UvmL2J/Km2rAOxSUnmL/AHqN4PelZAOAp6imAg/xVIpH96iyC7Jo
6vQ9qpx4OPmq9H0HOa0iYyLUfWpgKjjHFSgGtUYsKKXBpOaCRaSjmloASik70tMAooopAFLSUZoA
WikzRQAUc0UUBYKM0UUALk0ZNJRQMdup2/io6KBEm6lD1GKXNAWJhJSiSoQaN1ArFkSmpBN71U30
u+ncLFwT+9OE2e9Ug9Kr0XFYvCUetO8z3qiHpwf3pXAuCUU7eDVISUvm1QrF3IoBFVRL704Se9AW
LPBpce9VxJ70qyc9aAsTkCk2+1M3jPWnbwe9AhfLFIYwe1G73pQfekA0w5qMw1Yz70hFAXKph9KY
YjnpVvApCuaVh3KRiOelRtHV8pTGizSaGmUNlOhX9+n1qy0eDimomJAcd6yqr93L0ZcH7yPTfCP+
pFeo2H+rX6V5d4Q/1KV6jp/+qWvnWekf/9f30dKxvE3/ACAr708hv5Vs1i+J/wDkAX3/AFwb+VJ7
FU9JI+RpJF+0TevmN/M0gwehqrMf9Kn5/wCWjfzNNDEdDXI46n0UK9kXipHvQBn2qqs7r71MLkH7
wxUuJvGsmTAkU9XqNZFbuKeRnpUNG8Zkok96lVxVTBpwYipcTaNVouh/SpFfis8Oe1SLKamzOiNU
vhxTgwNU1kqQPRc1Uy2GGKcCMVWDU8E4p3NE3e6JweuK0dI1270S4WW3SKRQclJE3ZrKVqeprSFX
l+EirThWVqiue5eGfGeka7EkctrDBP0IKjk11hhhC8W8J9D5Yr5iRnjkWSGRo3U5BU4rvPC/xIvN
OdYNXkEkHRXJ5/GuqFZS3Z81jska96lseutCgGfIhB9NgqLYv/PGH/v2KNN1Sy1W2We1lR1YZwDn
FWtnUYrdS7M+flTcHyyKLKP+eMP/AH7FMMakcwQ/9+xV3ywTUbR4NPmkTZGe9vE3W3h/79iq72Ns
c5tov++BWqU9qjZPahSl3DQxX0uxb/l0jP8AwGom0fTz1sk/Ktsxj0pjRD0NDlJdR2MCTRNOzxZp
VeTRNOx/x5Ka6FocnpUDQ/N0NLml3Cxz7aHpn/Piv51Xl0HSz/y4j866N4arvDzS55Ac03h/Ss82
I/Oom0DSB/y4j/vqujaHnpVeSHmjml3CxgHQNGPWw/8AHqb/AMI/ogP/ACD8/wDAjWy8VQNH9aOe
XcLFFfD2gHrpv/j5qVfDPhxv+YZ/4+akxtPJNSLIR3p+0n3CxF/wifhtv+YaR/20NKPBfht/+XDH
/bQ1aWc+tWY5uOTTVWfcLGX/AMID4bfpbEf8DNMb4b+HX/5Zlfo5reWXnqKmWXPTiq9tPuDRyrfC
3w+/RmH/AAI/41Xb4SaCw4uZR+P/ANeu3WQU/Puaarz7iscA3wf0MjIvZ/wqB/hHpCfdv5x+Feis
Bj/GoJVGO1XHETDlPOZPhrpsH3bxzj3qjP4StLbpOxr0K5U4OcVg3q8HFd9GpJ7nNUOMk02KHgMx
qAxY6Cty5Tk9aoMgzXow1Ryt6meU5ppXFXTGM0xovaqsK5UxRirDRimmM+lA7kBUUlTmM46U3y/a
gCLFJipdtNKnNIYw0lPKmk2n0oAbRTsUnFABRRRQAUUUUAFFFFABRRiigAzS0lFAC0UnNHNAC5pT
TRSmgBRS5ptFADs0uaZRQFiTdRmmZoyaLiH7qcGqLJoBNAEwf3pwcjvUGTS7qALHme9PWQ461Vz7
0oY0CLYk96eJPeqYY0u80xNFwSe9SB896ohz61IHNAWLWadmqquaf5nNAiekxUYf3pd1Fh6ikc0m
0Zpd1GazrL93L0ZVP40eieEP9Uleo2H+rWvLvCH+qSvUbD/VrXzT3PUP/9D37tWL4n/5AF9/1wb+
VbXasXxP/wAgC+/64N/Kk9iofEfHM3/HzP8A9dW/maZTpj/pU/8A11b+Zpua53uexH4UKDQTSUda
C0x/0zSh3ToaZ0NOpWKjOROtzIO1Srcg/eFU6M1LRqq0kaAljY8Gnk/3azgTUiyMvepcTohXLwY0
4SEVVScHrUylX6Gs3E6YVCdZamWXI61UIIoDYOKVrHRGrYvLIKmD5FZ4fFTLJUtG0aly4p96fkYI
+UZ6k96qrJ3qQSAnpTUjVSurM1NJ1a90SZZLGVkwckbuteteGfiNp+qCO2vW8i66crjP414rvBFK
D8wdeGHQ+lawq2OHFZbRrq63PqJSrLvXa69iGzSAA/Q14d4X8f3uiyrDdgzwHjJJ4FevaNr2n63a
ie0mHunfNdcKikfKYnAVMPLVXNF4xjiojH7VYBJ4PFBweR0rTTocKtcplMdqay+1XCgNRslAtepT
8vvUbJnjFXdhFNKZ60AZzRe1QtD7VpNHUbR8dKQGW0PtVeSD2rXMXtULw0DMaSDjpVZofatt4cjp
VVocHpRYDGkg9qrGMitmSGq0kApAZnK09ZSKneCoHjI6UAWEnqZZves3JWniUigDWSX3qwstZCT1
aScUAaO+o3YGoFmBoZxVxZLK1z0NYN33rbnfIOaxbogg16FB6nPUMO4HNUXUZq9cnmqLnmvXpvQ4
5bkRXmjZTqK0RJEUBpDHUuBQRQBWKUhTipytJt4osFyvsphTmrWzjimFeeaVh3K5XFNK1OVOegpr
IO5ApWfQaZBtyKQrUhIHGR+FN3p/tE/Sj1QXGbaMUuJnJ8uFm/Cnpa38g+W0aj3e47sixiira6Rq
spAWzap08La3IeLZhn2qXUgt2UoyZm4pMe1ba+CNdkHMRUfSpk+HmuOOOPwqHWp/zIfJI578KPwr
ph8NdcPVwPwqQfDLWj1mH5VP1ij/ADD9nI5TGe1GMV1o+GGsf89/0o/4VhrP/Pf9KPrFDuHs5HJU
fhXWf8Kv1j/nv+lMb4aayP8Alr+lH1ih3D2cjlvwpRx2rpW+G+tgff8A0qL/AIV5rg7/AKU/bU/5
hckjn8+1L+FbbeAtdXtn8KY3gjXl/wCWefwpqrB/aDkkY5z24pOa1G8Ja4n/ACwNRnw1ra9bY0e0
h/MHJIz80A1cOhawv/LoajOkauvWzNUp+aCz7EGaMmpDp2qDraNTTZ6j/wA+jU+ZdxNeQ3NGTSm2
1D/n0ak8i+HW1ejmj3FbyFyaMmk8m9/59X/Kjyb3/n0elePcLPsODGnZpghvf+fR6eLW/PS0c004
9x2fYUGl3mk+x6jnH2RhUi6dqjdLM0nKPcLPsIJDShyeamTRNYkPy2h/KrKeFdalPEO38KXtIfzI
Xs5FPzOOlKJPWtaHwHrkxH8OfatOD4Y6rJjfcbfwqZYilHeQeym9jmRMi9aVZ42cKH5Pau5tvhRJ
kGe8NWtS+HVnpOiXV95++SFNyj1rnrYqm4NJ9DWFCSabJvCH+qSvUtP/ANWteXeEBiJM+teo6f8A
6ta8M7j/0ffqxfE//IAvv+uDfyrZPasbxR/yAL7/AK4N/KlLYcd0fG8//H1P/wBdW/maYDmnzj/S
p/8Aro38zTAMVzvc9hbJC5pwpuKcKCri0DNApaVikgooooKCnZpveg9aLDHgn609XI5HFRg0ualo
uLaLSXB71Msiv35qiKcrY6GoaOmFVou4NLnFV0lIHNTiRWFQ0dEZJokWQipFlqHAI4NJgik0bwm0
XUkzUivzVAMRUiOc8moaNY1Gi9vU/eycdKvaXq9/pM4ms7gqR/DnisgPUgcd6qMrGkowqK0ke4eF
fiDbaukdveYiuenzHrXcZ44II7HtXy4CSyyjKyJyrg9K73wp8RJ9NMdrqcxltiAvmMN3/wCquqnW
7nz2Pyhr36Z7OD68Up5qlZ39tf2yz2k6zRHoVbOKs7uK6k09j56SadpDygIqNo6eGp3Wgm6WhXMd
NKVaKg1GVpAVjGDUTxVbK01h7UwKDQ1XeH2rUZM9qiMXB4oAx3hz0FVngz/DW00Qx0qB4OOlIDFe
EY6VUlh5rbkg9qqSQHPSkMxXi9qj2AdK1ZIOOlVWhx2oAp4NSB6GUg9KaeOlAE6SU8y4qnvIpfNz
TW4rD5pMg1jXL9avTPjPNZVy+M16FDcwqIzbg81Sc81Ncyc1TduetetTempxTi7kmaMiotx9eKcG
XHLYrdbE2Y8nBwadziq5nQHPzP8ASp7e01C7IFtaTMD/ALNJtLdiE7013ReCwrpdP8A63fgNJC8a
nqSMV1emfCmJcPePk+ma554ynDcuNGctjysyoDgct9amisr+5IEELEHpwTXvFl4J0azC/uI2I7so
NbUVlY24AitoRjphBmuWeZRXwo3jhn1PBbTwTrl6BmMoD3Kmte3+E+oTBTNcSDPUDivasjHyLt/C
gs395q5pZlUlpHQ0WGSPM7X4RWcagzzOx7gtWrbfDXQ7cfPHux6muyZSeTuIqN12LvYfKKwlia8v
tGsaKMGHwjodryllE31XmrSaRpcf3LGJffbRd61ZwttXOR2qF9RupIvNhh3Rj0rkeK1ac7tGvsra
WLXkWicLaoPfbS4gHIVB9Kp2uqxagDbSsY5egB4rH1yxvbD5kkdkJ7GuetiuSk6nxFKGvK0dC1zC
p271Bp3mkrlHyPbFcizJLYhg8rS+grU0KBhD5k0rrjoGNFPERqSSS0Y5U0nobHnSZPzNxTVvFJwJ
cGlJByy8qe9c94ksTD5csErKzHGAa2qycIXWooxu7HR+fLjKuSPWkEsrDIc/pXLQ3d9p0EZmDywn
uKhudRP2+EQTPtkOSvpXPDFxaV9ypU2mdd5sv99qQyyjq7Vk6xJcWFvFcBjtb1pml6pNqD/d+UCt
XXgqypPcnldr9DZFxIf4jQZn7sRVSS/tYZPLaTLelMjvreRiDkD1rW8XpFpkuDXQvecw9TSeZ6hf
yqFZYZAfLk3EdhTsk9qfNF6RE0h+9D1jT8qCIj1iT8qbijNP5C0FMdt/zwj/ACpPJtT1to/yoooU
h2iNNrZHrax/lTRZafjm0j/75qSiq5pLqKy7EJ0/TT1soT9VqM6TpbHP2KH/AL5qyaKOeXcLLsVv
7J0r/nxh/wC+aP7K0r/nxh/75qzSYo559wsuxW/srS/+fGH/AL5p66dpo6WUI/4DU2KKOeXcLLsR
/YtPB4tIvwWni3s16Wsf5UtFHNLuFl2HBbcD5YIx+FKHA6IB9KZSik9R2RIJ3GcEilNxKR99qioq
bICTzXbqT+NZHidyfDGoZ6+Xx+daecVk+Jj/AMU1f/8AXP8ArTAwvCHMSZ9a9R0//VrXl3hD/VJ9
a9R0/wD1a0Af/9L32sXxR/yAL7/rg38q2qxfFH/IAvv+uDfyoew47o+O5h/pE3/XRv5mmFc1LL/x
8T/9dG/maZ0rmPcUboZgigA1IRmgLRcfINAxS9aUA07bU3KUWMxS4p2w0baVyuVjMUU7GKMZouKw
2lzRtNJVMNh4PrTuKjpQamw0yUHinq2KhBpwPNS0bRk0WVkOfaplfIqoG4p6Maho6IVC0RTckGmC
TmpAwIqWbqVx4finrJUXajJApWNFJllZKmRwc1RDmpFlJGCMVFrbG0ZtrVnSeHvE174euhJbs7RY
IaIHg/hXsvhvxhp3iO0DQyiO4Xho2PIr57jkxwSfwNWLS9ubKdZ7STyplOd3rW8KjRw4zAU8QrxV
mfT4478HpTwa818KfEqO8KWmqAJKBt34+8fWvRFlDxh0YFDyMV2wmmj5WvhZ4d2ki12oxUKvx1p4
aqOYUrimMuakB5peKYrkJHFMK5qwVzTClAyqYiTUbxmrjL6Uwqe4pAZ7x+1VpIa1WjzULRCgZjSQ
cdKqPAea3JIQaryQjFIDAkt+OlVHhIroJIAR0qnLbgDpQBhshFV3LKa2Jbfis2eHac5prcChLL1r
LuHJB55q/dfLmsmUSynbGm5jXbSaW5hNN7FC5fD81nyXCgkDczdgtdRY+D77UW3SsY1NdhpXgPS7
TbJcZlYV3fXIQRh7GT3PLrSw1PUHCW9pIM92FdbpXw01O7YNdSRxoeoIOa9MggsbQAWtuEx681ZN
w7AZ2j6CuaeYylokXHDW1bMHS/h7pVgim4ZXYdiK6i2tbGzUCCFMD2qqJMmn+aSeea4p1Zz3ZuoQ
XQ0hc7hhfl+lKJCepNUBLzUiy+9Z69GXbsXg3PWn7uKorLzUnmHtTakldhctBu1P+XGC3NV0fJYf
xY4rkb/UL+LVym4gdVWubEYh0YptX1KjHmdrna4IGeKYYwwIboa5yDxJJC/l3kWOPWtq11a1uk+V
gKmljKFX3b6lSpSWxR1bQ4rq3ZrcASCsnSdRfTpza3a4UHFdbHNE5IjYP61iahobahfF1bYlc+Jw
rU1WoL3vzKhUsuWRV8RJZLbi7t2Auc/Kq1Nbm5vdBc3EJ8wLwpq9BoNqjIZv3m3ua08AAKqgAdq3
pUZqfNPZrYUp2OE07Tb2GTeYsg9iKv3WlXd2VEZ8te4FdJeXS2aBio2HrTYLq2uotyHk1hToUKTd
Jy318x3lLVLQo2ls1paiF+WAxmqWp6TJqe0K+Atb/kkrnHSmmEDqOvvXoOKkrPYy15row7TTnt4R
b3OHQdM1m3XhhDcieFiMNnFdUYz9RTfLOCKylh6clZFOo9V3OZ1WxvbyBLccgVDo9pd6fG8LJ8x6
NXVBCvbmmOu45I59aJYePtVUe4KpaPIcLLb3Npqvm3UbyITn5RXQx3FjcQhVideOela7Rq4IdQR9
KrfYLVSSsbBj1+as6WGdG7j1HKpczLCC1sp3lW4Az/Cxp0+t2qsViDM1OuvD6XLbllKH6ZpJdGih
08pChab+9mtL1VothJK5Ug8QrJciF0IYnvW0wCgPnr2rjYbO5tL5JJYiQDySa6yTUrSK3WV3AIHS
sMHWqvmVV29SqkFb3SfBxkkZ9KTDAZIx7Vyt9rs0lyrwDCk4rTGsNbQpJcnIPf0rWnjadSemwnSa
NfnGePpRUNvcw3sQlhYMD6VLkZxXRFqTvF3MwNFFJnNNagnd2Q7ikpKWgApKWkoAKKKKAF4optFA
DqKbRQAvFZXibH/CNX//AFz/AK1qVleJv+Rbvv8Arn/WgDD8If6pPrXqOn/6ta8u8If6pPrXqOn/
AOrWgD//0/ffSsbxR/yAL7/rg38q2e1Y3if/AJAN9/1wb+VD2HD4kfHkv/HxP/10b+ZpB706YH7T
P/10b+ZpuK5Hue9FWFxTlFJmnCpZvFDgopQmaBTxSbNFFCbKPLzUgFOC1NzRU7kBi4puzFW9mRTf
L9qOYfsSmUNN21cMVMMWKakZSotFUDrRjFSmPBphWq5jLkaEHSlHWjpSZoFqiQNTlPNRilU0mjSL
Jwc05SRUQPFPDcVNjeMydG9aeeTUAapA1S0bxlckxxSc0A0tTY0TFVsHmpFb3qIg4oHFD2Lu1qWQ
QSDyCOjg8iuy8K+P7/RZFt7uUTWp43P1FcNu4FSb8jnmnCbiKrSpV1aSPpjSdYs9atRNZSpKuMth
uavq+PavmnStZvdFuFnspnA7x7uDXsHhfx7p+tQpBcyeTd5xtJ6muynVT3PmsXlc6bco7HdBiakV
vWqocg8lcY7dKkDnqeQfSttOh5LXkWAaMVEj0/ec0EilM00r7VJnIoNMZAVphSrBFMK5NAFR4/ao
WiyDxV5lNRlM0AZzw8dKqywZ7VrtH7VXeI4pWAxJrf5elZk9ru6CumeEnrVSSADtQBzJ0lXbMlXL
axt7f7kQLeprRaLnpUJjwafOwsTxzMOOFHoBVgOcdapqMVMre9G4FoNgdadv96rbqUNQBaWQ08SG
qganbyO9AFvzTmpFl4qiJDnmnCTC9eaAL4lJ4B6dKqajrUemxBg2ZD1FCSfxHqBWHbtbXOtMZzls
8ZrCq1Hbdlxszb03xCNQcKBtf3FS63aG4hF5Fgzxdh3pqJDE4MajPqKpazqs2mLEycxv296rkl7P
32Gz0GaXD/bzGW+2xGP5StNk0q5TUBHbErB3YVn2mnXd3eC4LlIZPmwDXXxSiNFj64FclPDU6q/e
K3mW6rSJrC2j0+Parlyw5Jq+suVxkYrLWfqM9etPEw49q7oxUYqK6GN7mkHGetPDDP4VnLNU0cwP
WrVr6gUfEEg8tUxnIrCiWWFA8chAHbNXdfn3TKAegrPgnCgAnIPavCoYKOOx01UukjTEVfq9BW6m
xZa3IrBJuV9a3YbiG6XKMufSuQki2tvBAX3qP7Ulo24XCqfrXXPD4zBe9B+0h+KM6eIp1dJaM7cp
jjAx7U0xj0rn9O8TwynY0gOPQ10MNzFcAFHB9q1oY6nW208maTpNa7oYY89qjaL2q58v/wCqkIB6
V1qy1RnaxSMXtUZix2q+UppjFMDPKH0pm0r0OavtH6VGYhRcCk8ayKQ8YP4Vm3ehWt2pXBU1ttH6
VGUOetS4QluPmaOaOhrb2TKq73zwaydPsUkuHi1N38sNwD0Fdw6nOagntIrlSJAMnvXLPBwm+daJ
fiaKqyjbWtnp8RFvKvlnoM81KLm2xgSA1Rj8NrFctIZSUPbNYmq7bOXEIcL61U6ypx52rIle87HT
i8tC20Srn61IDnn+Hsa5fSdHkvJPtUr7IgfXrXTNPaxIIxIuxfQ0Yes6kOaordhzglpHcfRSRyxT
HKOKcVK8mulSTIasJSUAHrS0xCYoxS0UAJiinUhoASiiigArK8Tf8i3f/wDXP+tatZXib/kWr/8A
65/1oAwvCH+qT616jp/+rWvLvCH+qT616jp/+rWgD//U99xgVjeJv+QFff8AXBv5VtGsXxN/yAr7
/rg38qT2Khuj5BmX/SJv+ujfzNMK1akTNxL/ANdG/majK1xuWp9MqehBg04U8pTcGlcTi0LSgnNN
J5pwpWKTsTKakUioAakVqlo6ISJ+vSlxTUNSioZ1RSYzZQY85wM4qULW54SsE1LXVtZBkNiiOrsF
VJRbOZaL1+lRPDzW7rlgbDXLq3K4VXIX86zmjzVXtuYxpxnG6M5ojmmFDWg0VQtF1qlIwnQKntSZ
5qcw4zURTmquZOFgBp4OKjwQaXdT0JvYlBqRTzUCtxUgapaNYTJ1NPBqBWp4apsdEJE+eOaMelMB
pQcGpaN73HEYFGSOlKPmpcVNyxN3OQKkRykiSodkinIYdRURFICaFoD1VmekeFPiTLZGO01QF4iQ
BJjJr1izvre/iFxayhoiMgd6+Y15OMcd63fD/irUfD10GglaWH+4zV0U6zSszyMZlsZ3nT3PotZB
Tw+a5bw54vsPEVrvEixTdNhPU10QkZQAwxXXGSlsfOVKM6btJFtWx1p241XWTIp++qMywOaABUSv
T1agBSuajIqYEGkIFAEBQ1E0Zq0y0wrQBRkjqrJFmtN0zVd46AMl4sVXdQOa05UGKpypxQO5TPFA
anMtN6UCHhqXdURPNLmgCUNS7jUQI9aXNAEm/wBaenJLZ6DNQbqhvml+yFIPvtSb926GrENvriS6
g9s4wg43YrN1rT57Sf7XasXXrxVd9HuYo9+WLnnikh1K8tW8uZSUHUNXlzrOTca8bdmbKCjZxZct
NYvYY9zx5GKktkutcud9yNsK9BmmP4hhASIWwLNW7AdlujqoUuOlXhqTqLSpzRQpz6Wsy5G6xRLE
h+VRgUqy4qru596UPzXpW0szJu5bEpFPExqnvp2/igRdWfNSpMd1ZyyYNSrL1+lCE9nYyNZuQ15y
flHWub1Lxpp2nK0aEvKOAAueav67MXSUKcGvOrDQPPvZJpNzkvxmuDJ61ONWrXm9Ex49KShT6mq/
iXXNZYiNfKi7EnFA03VLofvZiR/vVtxW9lpcQa5IXjpWZeeObWyJS0iDHpk1vUzyrKdsNC6KoZXW
rK9rFvS9GvrB/MSYt7E119lqFzHgHIavLpfHOqXLfuIwB7f/AKqkj8Q+JJcMkJwPb/61ebicHjcX
LncbPyPSp5e6StKa9D3Kx14jCTr26gZrbhuoZ1BRhmvndfE3iRWDGEkDqDn/AArqtD8dXJwk8IjY
dzmrhHMcKv3seZeQVcFBr3Zo9jxgZJo4rm9P8TLMq+bgit6K7hnAZXByOldtDGU62kdzgqUpU/iJ
duRmm7BTySRgUV1baGdiLyajaKrIppWhBqVGjFQtHmr5TNRtHR1EUdh6HpVW6023vUCSrgeoFahj
qMx4oklLSSuO5yeu29zYW0cdlzFjnmoYbKzjs1uZZyWIyy5rrmiVxtkUMprIuvDlvcPuRiq9cVx1
MOlU9ov+AaRmrWZVto7W8tmltJCHAzg8VHpl7eSXDwzx7VU9T6VXuXh06cRWQJkHVRT2n1S7TZHD
5ee+KwjiFD3Wm5eSuU4G3hX+aNsj2pOufasextdTsJd0jlo2PORW4CkgDRtn1rvpzc1quV9LmUo2
I8UYp5XBpMVo7LTqSJijFLRQAmKMUtFACVk+J/8AkWr/AP65/wBa1qyfE/8AyLV//wBc/wCtAGD4
Q/1SfWvUdP8A9WteXeEP9Un1r1HT/wDVrQB//9X36sbxL/yA73/ri38q2axvEn/IEvf+uLfyqZ7F
w+JHyY6/v5f+ujfzNRlasSD99L/10b+Zpu2vPvqfZKGiK+ymlKslRTGSmmQ6ZWK+1IvFTMtRkYqr
nO4C04GmDinCgpEyNxUyPyKqg81Ijc1DR0052LoIJrsfhrF5niHzcZ2Ec+lcSjY57V6N8KIczXEx
6bjj8KKSfNqTj6vLh2xPihpP2bUxfJHhGPOBXB7OAfWvcfHen/2l4ZumQbnjjZh+FeJRjOUPBXqD
VVo2YsqqqpR8yFkqF4/aru3POKa0eayPSdNMoGPjpULRc9K0mj4qFo6akc86KZmtH7VGyEVotH7V
C8Zq1I5J0LFLBBpwNTNHionUirujncGhwbmpA3NQDOaeDzSaKjKxZDU8HPWq6tUgapaOmMyYH0p2
aiDU8GpaN4yHigikBFOqS9xhoDetOxmk24pbhrEnt7ieznFxbStFMvI2GvUfCnxISZY7PV2Pm8AS
NXk2SDwfxpSA3Dcj1rSNRw0Ry4jCwrxd1qfUMcqSRh4pFkjYZ3qelSq+RgnmvAfDHja98PzqkjtL
aD+A5Jr2LQ/EWn6/b+baTANj7j8H8q7IVVJbnzWKwEqTulodCr9vSpA1U0k/hJ59KmVu2a0RweRa
DClBzUCNmpAetMCbrSYpgbFO3fWi6Aay+1V3WrQORUTjmi4GfKvtVKRetaci9az5lPNMChKtQGrM
uarP1oASjNNooAcKWm5ozRcB4yenWgOCflbLDqBUc0git3kY4AFcraapLbXkshYshNY1sRCk7S0L
jBy2OwDvxknHvWXqlzbwuFmhQq3ViKbFr9vKfnJH4VFrk9tcWQaMgsRwKmtWUqXNTafkVGEoSvYr
aZYCfU/NHzW45Ge1dKW+bA+6OlZ+jReTp4B6GrgJK1WHhGnBOKs2TOXM7ku7PejNRilzW17kEm6l
3VFmlzQBMDTg2Ec57VCGpHfEUn0pN2QJXZzGoEzTyKOazLrUrTw9Z75NrXBHC+9S6xqP9mQzT4y3
QV53HHeeJNVDEllZhyegFfP4HBTxVSSWkep66hT/AI09kPnn1LxDenJmZWOcdq63QvBECKJL7GSO
Aelb+n2lnpluIY1BkxjdjpU8ok4O/dX2FDDUqMbQVmeXi83rT0paIZFpGn2b7Ut4iPXbWpE0EcBC
RIO3AqmTvgGSFb3NOVgItqsC31re9/U8mc5t+87k6mFzjyU59qmeCwCbTbRFz321UjkEeSeWxR8z
tu6H3p8xCnYtJFFEMJgD0FWYbm5hbdE7ADtmqiiNOS2TTzdAcKK87F5Xh8Qrr3Zd0dNHGVqWl7o6
ay8RAqEn4I7mtyC6inTMcimvPN4fqBUkNzNbHKOcZ7V5MqONwmjXPHud0KtCs97M9F3DGAeaASPe
uZsfEQG1JuPet2G7guMGOQE+lbUcXTq+7f5F1KTpq/QtUEZqMHn7wp26uozEKUwx1LmkHNAFdkpm
3FWiBSFaNwdjmr7RMXX9owjkclfWiLVprlWSJAjKceldFt6jPB6isCbRfL1LzPO2RP6etc81Kn71
JbmkfNkJg1S7yHnZYzxwaLPSruwmJM7SIexNVNQM9lfCNbkmI4PBqpLqd6k22As61zPEUabvPWRX
s5HSlTuzt4pCvGR0qvpVxc3IPnoVq8U25UV3U6ikua1jJkGKSpStNMZqxEdGaftpNtADDWT4n/5F
q/8A+uf9a2CKyPE//ItX/wD1z/rQBgeEP9Un1r1HT/8AVrXl3hA/uk+teo6f/q1oA//W9+rG8R/8
gW9/64t/KtmsbxH/AMgS9/64t/KlL4S6fxL5HynIv76T/ro38zRinyD99N/10b+ZpMV5j3Z93GPu
oZtzTWWpcUEZpXBxKzLUe0VaZfaoyvtVJmEqZVZeaBU7L7VEVxVJ3OeULAKVD81Mzg08c0xXsP8A
MKrx3r1z4YxCHQzMwwWkcfrXkQQyyJGnJdwPpXtegRf2fpVvBjGFBP1rSjG8jizKt+75Ds123FvL
bNyJEIrwXWrQ6brs0JXh2JFe1Wt2AwOa88+JtiIrq3voxgFyDj6GtMRHS5hk+I5KnJ3ONXgYJzTs
A1EjZUE9+amBGK4kz7BvXQaUyKYY+Km7UYq7IHFMqNH7VC0Z9KvlKidOalozlTM946iaLmtBo+Ki
ePHNCbRyzomeyYpmMVcdM9qhaPHarUrnHUpNEQNPVqTZTgMVREboduqQHiou9OFSzaMiUNTwahU1
JkVDR0RkSUU0GnA1Jpe4Yppp9BoExgPzVbsNRutLulntJWRgc4B4NVcUYA9aak0yZ041FZnoUXxd
1C2t1WWwErL1cEc/rT0+N8g+9ph/Mf4153v42jp3qvNao/K4zXp4TE01aM0eFjcr0cqZ6knxwc/8
w39R/jUg+N038OnfqP8AGvHHjMR6U9XGK96nQo1FdHzdSNSneMkexj42Tn/mHD8x/jTx8a5T/wAw
/wDUf4148pBqVRWqwdLsYupJHr6/GiU/8w/9R/jUq/GF362A/Mf414+vUVbh60ng6a6AqrPW0+KD
Tf8ALmB+NWE8avc/8sAua8ytF5FdBZDGK5KtCK2KjNtnbx6wbjqoFSrNvrEtOgrUi+6K8+pGz0Nk
2yznNFIOlLWRYUc84opc4H1oAhuIBeW5iLbQwwaqpodosJjBBal1qd4LULAcOw4xWF9uvrLErsef
UVx160IS5Zq5pCLezNCXw4Sf3Tge1Zf2eSPU4rWQEjd1qQarfSSfaIwxWtTSbxNRkJljAmXuRzXG
oUKtTlUWmat+7ZmuoEcKRr6UuaQjBxRXsbJJ7o5h2aKQdaXNABzmlFJ3pe1ADgabMcW8h9hQKjui
RauRUVHaDY47o8+8XK80IhT7zGrnh3Rl0rTUfjznHNTTQrcTiRu3rVje52gHgUsjglRc+4ZjiZRS
pR2e5JsOeeT61Isjxj5tp7c1DvY/dFO2ORlq9rlueR7sVoch4mm1WynM6yKIT0GDWLB4n1GCRJGf
K+ma63xdHNcaWEiXcwFecpaX7yLH9mfrivMxDqxmuU+oy2WGqYf98tT17SdR/tGwS4Iwx61oea7c
YrG8O2rWulokow2Olae905xxXow+HU+dq8qqTtt0JcMDUisfSoBOaX7Qw6iqTMbFkFvSpVkK/wAO
aqrcN6UPfJbgmVgvsafNbdhy3LmQeq81LBc3Fq26M/rVCHUIpQORVpbhSeK8vFZbhq7572fdM6sP
iq1HbX1N+x8QngTr+Nb0N7FOgZJPwrgi4k+UcfSnRzXFucxuR+NeXOjjsGuaouePlud8K9Gppsz0
MMSOaeGFcpZ69LHgT4Irct72G5TcjitqGMpV9U7NdBzpzj6F/OelLmqyy44wcU5ZueK6/PqZ3tuT
Y5qpqtmbvT3VWKsvIIqzvzThJng9PSpqRU1Z6D6nJWGhzXmWu2b5TtGfStuLTdP09AJCAexatTIA
4GPpVDVNKTVYREZGQ+oNcsMJTpJyjqy3VeyJlWNl/d7SvqKjMXNGn20WnQ/ZjLl+xY1b2ADI59xX
VCT5SLNlFouaYyVfMQPNMMYIqhGeUppSrxiqNoqAKZSsfxQuPDN+f+mf9a6ApWJ4qXHhfUP+uX9a
AOY8If6pPrXqVh/q1ry7wf8A6pPpXqOn/wCrX6UAf//X9+NY3iMf8SS8/wCuTfyrZNY/iP8A5At5
/wBcm/lUy+E0pfGj5XcfvZv+ujfzNA5pZP8AWzf9dG/maAK8x7s++XwoTFIBT8UmKlJspxsrsYVN
MK1MR700/WjUzauyuwqNl4qyQKYwGK1TMZJMpspzmgGpmAqJl3NsHVuBVI5pq2tzofBen/b9XaVk
JijAxn1zXrG3AAHYcVy/hLTTpekoXGHb5ifaujjfjrmuukranzeMqupUt0LEUjIwrN8ZQDUPDRcj
5ozurSUA0y7i87S54DyNlVNXizLCz9nVTPF4G/dgdxxVpDkA1UuFa31O4iPRTT0lyK81qzPuaFS8
E7l1TTlquj5qVWqkzpUkyUgYphQU7NL2pjuQlAe1MMNWaKGiXFMoSR89KgeOr0gGagdeTUrQ5KsU
UimKjK1bZajZKtM5pRK+KXNSFaaVoJsM704NTCOaKHYq5Mr08MKgzil3YqLFxmWCcUuahDZp4NFj
VTJBTc0A0Umh3uJnmj6UmMk0uKLBdpjSgkGGHNVJLdkORz9Ku5IanZPPHWu7D42pRknfQ8/FZfDE
X01MxXxx0NTq/NPntVb5l+9VZWK9RX02FxkKy8z5PGYOdCVrF1TyOc1ch61nwuM1ehOTXVJtaM4O
W5s2h6V0FlyRXOW3ODXRWJ5WuGs7o0j2OhtB0FasQ4rMs61Iq8upubRJ14FLSCisCwoA3MAelFKo
O5T156U0k9wMTW5/JvIT1VTk1W1TVk1C2jhCYK98VcvbaO71RFkfaAelPk0WzH3Jlz9a8+rTryla
DXzN4uPUZYa1ZwWohljXIHpVfRwJtWkmjG1M8Cpn0G2dWKzqWA45p2gW01vM4kHHY0U1iFJKaWgT
cbaGw3PNJStyDSV37aGAUYopaAAUuaSigBwNV79ytm3vU9VdTOLI5rDEu1GT8i6avNHMhGc9DVny
tq5LDFQRSnHHSlLsTzyK6Mmi1hInFjJL2rRMZgvCj8aZl3kAJyPamcE49amGIlz3PFem12OVbWFl
2hguAwpXSGPb+5TPXOKiU5kz3p11cwRbQ7c4out5aBd3JphuCvH+VOSQldrY/OqyalaCKRWPO35c
etee3us6imoy+WX8sHiuerioQ2dzWFOUj00Q7jhSM/Wq15cjTojLOQqj1NcNa+I7gBd5wwPrVq+v
f7YtzDJMFDDnmuWWZU7e7f7io0H1N1fEsLjMZBHb3rH1yS91R1eAMAOwIrLTRJF4huR8g45pTb6v
bj5DGQP9qvPqY6rV92+hsqSWxYiu9VtVC+Q5A981ZTxLexH54pB+FZB8SXNqfLmgOR1KmmN4wh/j
tmz7kVzRhUXw/mU4Jm9/wmhUkEsGHqKSLx7OXMYQnNc2XuNXlza2557lcV0el+DnRBNdyqgPJxXr
4OnXbu2ZSVPsOfxNeyzB1Dbc8qK6TSvF0bEI8pib0NZE72Vupt7KIySDgsRXPz280cxDDa3+xzWm
KyrD1/etaS6oKOKqU2+qPatP8Q7lG5ty+uRW9b31vcruSQZ9K8Et7jU9NQTMAYuuCeTXTaR4s88q
gV42yBwK8ipTxmD1fvx/E7o16Nf+6z13zCvepBIOO+fSuNtPETQkCdC2e9dDZXsdxiSPoT0rpwuN
o4myg9QnSlHfQ0ft1uk/ktIA/pVjzEz98ZHvXBa80y6yDCDuPSpFtdYLKxPBHrWc8XKFRqMG7FKk
rXudFr2mNqUCyW8+yROTg9aTwzNPJbvBOSxRupNYQs9WVS4bBx61oeE5mM0ySrtkB5OetY0qkqld
PlaKlFKO51RGc4pNopnmfMafkcV6hzibAaY0QNSgijGaAK5hFYPi+LHhPUj/ANMv61023NYPjJMe
D9UP/TE/zoA4bwf/AKlD7V6lp/8Aql+leW+EP9Qtepaf/ql+lAH/0PfjWP4j/wCQLef9cm/lWxWP
4i50W8/65N/Kpl8JpS+NHy0/+tm/66N/M0lK4/ezf9dG/maMV5ct2foMF7qEx3710fhfTNG1iQ21
5dvBcfh/WueCjv0pcur+ZHIySDoy1UZWM69J1I2TPVz8KdKwG/tK5APQhV5/SmH4VaVkj7fcg9/l
Xn9KoeC/HzKE07VZCQOFkavTCA8SzI2+NhkMD1rtgoSPlsTUxWHlqzgD8K9K/wCghc/98r/hUTfC
3Sv+ghc/98r/AIV6DjPrn0qNl+tV7JHJLH1t2zzqX4W6X21K6H/AU/wquvw1062uY5hf3EnltuCs
q4P5CvR3jyO9VZI/amqSF9dqyRgNbrEixrnaoxUWSDWvNCTnOMVnyxEGqSscjbeo6GTGKtREMHU/
xDFZwypqaOQ596bC+tzjNY8A315qr3Vs4EbAcGqqfDvWAxxImPpXpKSbup5p5U5GCaydKLPQhmVW
CSiefR/DXWmAIlT8quR/DDXW581MfSu8hnZCBk1qW90T/EalUUbrOsSup5unws1rvKv4CrC/CjUi
RuuWH4CvUI3yo5PPvVPVvEFro0DvPIobHAJqnTikUs2xVR2R53d/D8aZbmS6vDx2OK47UIoYGKxP
u96v+JvGlzq9yyxyMkIPTPWueMwfnexz61yza2R7WFdaSvUZGXyxFNanbec0EcVlqd1rkRFMKipM
Z4pMCgzcSLbSbamIxSbc0XJ5CuyCoWUirxQVE6ZqkyJQKoNLTmjNMKkUzNqwoNOBpmCKXr7UxXJg
1OzUAp4NJo1jJEopSaZml61JpcU80Z4pQKQimPoIDTWhWQZPBp2004Yq6VWVOV4mNelCtHlkimYz
E2e1XLZh1FPVVfhhS/ZirZTp6V7+EzPntCZ8zjcodO84GrZnkV0dh94VzFmdpGa6awIyK66zTV4n
jqLi7M6W06VqRD5ayrM5rXi+7XmVNzREwpTRilIrBlDaVThwaWjFF11C9jD1TT57vU43hJAzyRUp
0FxjM7Z781Lq13JaSRNH0J5qufECKBwd1cdSeHi/f0NEpSWiFk8PSMD5VwwYc9al0y7k8w2Uy/On
AYd6qnxBI2fLU5PSn6Kss1y88qlTnPNKNWlOfLTuw5GtzZHUijFONIOldq2IYlFLSYoEFOpKKADv
VPVuLKrnes/WGxbAe9c2Mf7mRpS+NHPx9SKk5Cl/4V+9TFGScDmsPxNqrWkP2aFvnfhsV2YCapYG
LZw4iPNXaNFNbs2uNiKGA7g1Yl1O327yAB0xmuc0uyS2tNzANIR1q21vE4BZa4v7Ymm9CfYIvx69
ZLJhgPzrk9U1SQ6wZkO6LJwM9q2hp9sefLFIdPtWzmFPyrnr5n7ZJSRcKaiZ0Gt2srfvAEP1q4Jt
LlHOCTUEvh62kBIUAnpisyfw5cLkxOcexrmXsqmzsatdjWax0uYHHyn1zVR9DtCf3dw2T6GsKaG8
tHw5fimx3+4YdiCOxOK39nP7Mrjtc0bmyurH5obpmHuc1WOp6ogz5ilfcVXa8VpBHF+9kP8AD1rd
0rw3eX2JLhWWL0YV008NUl2Icox3Zhww6hql0EVB8x5IrrdO8C2pZZr3lh2ro7HTbXTUxFEgbH3s
VZYk85wa9ehhoxXvo5p1ZdCCOO206MJZwjd7imvbz3XzTPtTuBxVlAgYt396UlSRuNdUuVavQxbd
7FJLUf6u2UD1JFWYdNtYV8yVfMlqTdzhRgewqe3sZ7hxgMB615OIziEXy0fekvuO2ngpNc09EZk9
g182JSBEOgFaOnaFHgLAhGO5FbtrpcUXMgya0l2oMIoUe1edKli8W+bES5V2R2wVOkvcWpTtdGiQ
5lbJ9K1YlSH5Y+O9QB88nrTg5BzkCuqlhKdFKESJ1Jy+Jla51uzguSssQaRemfWoX8WS7jiAKmKg
1PQRqDedGSHNZ8nn6fYyQPbb26BtpNcuIliuZ62RrGVNRsaX/CT3kq/u41wBWh4YkaV5Z3ADE5rL
0O/sbbTpDdRpvIxhhzW3pskD25lgUKOlVh6VT2ilKdwqNW2NpZfnJqUS1mrJ71MsnvXeYGgJKkV6
orLx1qRZaALgbNYnjL/kTtU/64mtNZPesjxg3/FH6n/1xP8AOgDifCH+oWvUbD/Vr9K8u8If6lR7
V6jp/wDql+lAH//R9+rH8Rf8gS9/65N/KtisbxH/AMgS8/65N/KlL4TSl8aPlxv9bN/10b+ZpRxQ
3+ul/wCujfzNKK8uW7P0KPwoMUuKDS0iiN4lkGHGSDlWFdt4P8cy6VcR2eo7ntjgBz0WuNxSFQV5
HHrVQm4vQ58RhYYiOp9GwywXVus9rKJYn53DtQy14t4U8YXXh64Ec5M1mxx16V7Jp9/batZLdWjh
kbqgPIrvhVTPkMbgZ4d6LQcV4qB1q8V465/pULLWrPPvdGbNHkVQmh61tPHyaqSwikBgvEQai5U1
qTxe1UnTBNAhYnA69auRyZArOUhTk1NE5zx0pFF/bnkVJFK0QJJ2qPvMazL3WrLSoDLdyKpA4XPW
vO/EHjm81XMFmvkQjvnqKiVSKR1YbBzqvY9B1v4g6fpMZgt38+UjGV5wa8o1fXbvVp3edyyk5APa
snkuzHLMerE0q8muWVRs+hw+EhR0aA5JqxCpIpoWpo6yWp6ainsSDpilxxSdqBQapaCbaQipKNtJ
kNEWM0mOal20mOaAsRFabUxWk2ZoBxIimRULx4q1txSEU0yJUym0ZqPYavbBUZjx0qkznlBlXpTh
UjRmkCUyEmmAp4FNAxTwaVjZXJAtIVpQadmixsrDMUgFONL3qL6g0rCqMVbhzjpVYDpViM9Krmd9
DKVra6mjDGpxxzWxZqQ4zWVbY4wK27TBYZr08Pipx916nzmPwsJXktDfsjnFbEP3ax7PaOlbEA+W
tpy59Tx3HkdiyKCKUU4ViwGYobgZpxXmkYDbihNrYLGbrFlLexRmHgA/Maqpp1gsaiWVfMHWtqRj
FbSHPAWuetNKOqyzOs5VBXDiqd5pxgm/M1pSdjTg02zc+bEwIFXlAUAIAB3xWFYO2j3zWc77ozzu
PvVrUtVityFtuTW1OdKmuZ2jLr6ikps0xyTR2pkD+bbpMepFPrda+93M7WG96WlopgJRRRQADrWb
rRxbr9a0x1rK1xtsKZ9a48e7UGzWj/ERjRsER3boBmuAvpTfeImYcqrDiu01GQ22lOxPXNcPoY83
UXkbu1EqjjhIw8jmlG9acjqz8oC4xxTQDj271XvbsW1wiHoTUA1NEu/KJ+U85ryFCTV0IlvHmhXz
YPmUdRUNvrkEvySfK3Q1pqAwGTlWrldYs0guy0fGTmtaSU1ytBy3OnjeGQbkkB9jSXIkW3ZkZfzr
jUuJYeY3LH0zWtY2+sar+7QNGn94itVhJy+ENEZt1dyTzFDuZwemKs2vg2910oRCUXOdxrv9C8DQ
QIJblwz9TmuvhhhtkCRKFx3x1r1aFD2fxCUnPY5Tw/4CtdJhDSpG0g/iNbz2UcCFmYLjolaG4lue
lZmq5bCs4rrpzd7Ic48qtu2ZMrh3JAwO1MyKa7YbAIIFPgtprhvkBWscTm1Oi+Sl70vIzpYGU3eW
gwkA7utTwWVxdMCE+X1rWtNIRPml61ortjG1BgV5jp4nGa15WXY7qapUf4av5lO00mKEAucn0rSU
qi7YwBUWc0orspYelRjaMSZVJPckJ98+tAJpopc1tfmIQ7dmhpUgiaWVsIvamgfNisfxJc+XbJCM
4Y84rOpUhTheTGldkL+K2+2EwRsYV6kV0FnqMF9biUuNvcMKxYf7JXSPLH+txz0rGtLa5d2W3kIU
+9cSxlWnJc7Uovsbql1NzxGuniy3W/MrECtfR0MOlKHXbnGK5y10iaa5QSyhtvOK6pWCqI1HCjFb
YeEuZ1ZRs2ZzJ1cVIHqqG5p4f0rrMy2snNSrJVMOakVzQBeWQVleLHz4T1If9Mv61aDmsvxQxPhf
UB/0y/rQBzXhD/Vp9K9S0/8A1S/SvLvCH+qT6V6jYf6tfpQB/9L36sbxH/yBLz/rk38q2jWN4j/5
Al7/ANcm/lSlsaUvjXyPlxh++l/66N/M0oob/XS/9dG/maUCvLluz9Dj8KDGaWlAoxQUFB6ZHWlx
QRzVCE+8cY49K1vD3iS+8OXgaCUmEn5kPesrGDTD8q4Iz3pJ8r0M61ONSDjJH0Domu2uvWUc8BAc
rlkz0NaBUZrgfhTp5i0+S6dT+8JK+mK9A24AI4JNejTleOp8NjaUaVVqJCUFV5k9quMKjdeKs5DM
liyOlZ80HU1tSJxVWaLIpMZhPFgnjgc1zniHxVDoweG3O+5x8o9DXYSw4JBHBHWvHPGtg1p4ieRl
JR+jHtWc20jswVKM5e8ZV3qN3qVw0t3MXDHIX0qMHse1RD3/AApwznmuKWurPpqUVDRE33uT+lAG
DSLTh1pXN0x4PapkOKgA5qVDzSRtBk+eOlApu7inBqZsmOpRmk3UoNFgaQtIRS0VIhpoApSKAKBo
aRzTSKlxSEGgUkRYpMVLtFBWmjJoh20hjFTYpStO7IcSuUFN21Oy0zFNEvQZijFPxSEYp2EmM6Uu
eaQ0oIHNZ8rvobXSWpKp4qaIEVRkuEjHJ5qH7YznCniu+jgale3RHm4nMaVC9tWdHDcCPGDmtezn
8xga5O1Y8c5rpdP6rxivVhhY0Vyvc+axOMlXd76HWWH1rcgB21g2Hat63ztrCoci7lpRxTulCjin
Y5rnKGkUmBj3p5FMIos3sAbfMQxnkMMVylw01jdvBbuy7j0FdWMjkdarvaQfaftbkAqO9c+JpvER
XK7NblQnynNmxurs5l3b/U1P/YjJAWkkCvjjJrZt9Viu5WRdgVT96q2sTW15H5EU4Mh4AU81zrCY
dRve/wAzT2k3sibSgwtSkjgkdMVdIxXNWsN5o92j3JPkv0ya6cgMiyKcq3IrsoybVrWsRJdbjSMU
lKeaStLMgKKKKGADrWRrgBRFP96tb+KsjWyN6D/arhzG3sNTah8ZxPiy6ZLVIVPGKwtAT9+AOuc1
b8VS7rtI/rWfp1x9jucnpis5e/SSTOd3vJlrxBIWnCrwwbP0rJLOWyT8/Y1NqFyLu5MhB5OaSC0n
um+RML606UOVcqROi3JU1i6ijCFxx7UsVvfavOMBiPpWzp2gRj5pfmf0rp7aJbaMBUVcDHAruo5e
2+ZoxnXtsjI03wta24V7ldzema6OO4S3QRxIqqPaoo45Z2+VCxNalto+wb7k7QfWvR5KdFaGKUpu
7ZLYyT3QGDhRWlIyQLl2AwO5rLudUt7QeTb4Bx1rJeae9cD5m56V5WJxtGnq3r2PRpUpv4djTvNZ
JBSDrWUPtN4+SWbNaNpox4aUbc1sRwwwDCKK4lHE4pa+7HsbqMIa7szbTRUCh5sk9hWqiJEAEUCj
cfwpRXbRw1OgvcWplOrKejF3Z60Zz1pKUVu3cgKUGkpRQtAHZopKKaVwJI/vFjwF6muU1KeO61UK
0mEAxjNbWt3gs9PZUP7x6wNGjtQxe9YZY5ya4sVVSmqUra7m0Iu10WjokuwyxsSre9QeXfWQYhSq
Ada6qCaAxAQOrIOlSSos0TRSqMMKieXUpLmhp8wWIa0aMLw55s08ly7lsDpXQFssT71WtbZLOJlj
HGBU2QD78V2UoOEbNmcnzbD8808NUWeafmrJJg3FOD+9QbqcpFAFgPWZ4mfPhm/H/TP+tXd1ZviR
s+G77/rn/WgDG8If6pPyr1Gw/wBWv0ry7wh/qk+teo6f/q1oA//T9+rG8Rf8gW8/65N/KtmsbxH/
AMgW8/65N/KlLY0pfGvkfL0n+ul/66N/M0gpX/10v/XRv5mk6V5kviZ+hx+FDqcKSikUOoopcUwE
pp+aRQvVuKfiruh2pvtctoAOFYEn8aaV3YzrSUKbZ7X4Q086d4V0+FvveSufritvGfwoVBFEkI6I
oAoAJbgV6MUlGx8BiKjqVHJ7DGHNMIqcjJ/nUUjJGMyMEHYmndIyjFy2IWXg1XlTIq5gOu5TketR
sv8A+umNJ7GVLGRz6V518S9N326XYH3Rk16hIhIbIrnvFemC/wBEnQ5z5ZxgVnUWhvg6nLUS8zwc
YKhx34pvQ0sYJjX5cMDnFBFcO+h9Vra44GpAeKgFPDUWKTJwalU1WDVKjZoNoSJgaeGqH8acDSNk
yyDxTgaiQ08U1saIdTqYDT6QwoApcUoFFi0IRSYqQrTSMUAxAKUrmgU6gzcRmyjaKkAzS7aZLiQF
fSomqy4x2qBlzVETg7ERJpMGn4AqKWQIua0jBz0icjkkm2EhCryaoTXgIwtQXN4XO1TVYHJr2sFl
yj78j5/H5rOX7uJNkscmrEQqqp5q5Ac8V67Sa00PG5n1dzTs/vCum0/qK5q0GCK6SwPIrkq6KwtD
q9P6Vv233KwNP6CugtuFFebU3LRbUU6hfSlPWudlCGkPSlNJ2o+dgG4PaobqLzrJ1X72Kn6Ug4Ps
eopv4XHuCk10MDRordo5IJ38t8nmqTJHp2o74280Kc5NWdetDb3P2iMlVYAcDvRa6PJcxrLKSFPW
vIqRqRapU4Xt1OhNJc0mQX2pSaogUJjZWvod0biz8puHj45qzbaZbWwwF3HHesa/nGnayjwj92fv
gVtGlUw8vbVpfETJqfwo6Art+X+7SUiSC4hWdPutS44r0IyUlcysFFGaBSEA61i61wwPuf5VtAc1
ia2MknPSuHMnbDm1D4zy7XZPM1RuTgAVRSJ5CFQcepq9foP7SlLcgY7Voado9zfEMVMcXrW+EwUq
lNSlsclaoo3KVrp6K4z87egro7PS5GwXG1cVdgtrDTEA4kkq4kzSryNq9q9ajhow+HU45VGxsccc
K4Ayaecmk4U00SZYqoJrPE4/D4de+9exdLD1Kj90v2s62o8w9ccVFc6lcX8nyZAFOt9MnuG5JC9a
24LCC2QAjca8OdbFYx+4uVdz0oUqdBXerMi00iSb55a2YLOG3UEDJqYnsOBSDiuihgqdN8z1YSqN
ikkt1wKKTqOaWuptszt1uKKM0lFGwDqKKDQAZpabTvrQADrT1wimRh8oFMHJ45rM1trx4Rb2ynJ4
JFKbcQWpi6nfpcapGr58kng1pXPh0tEktu+5WXdiq1kLaHbbalCQw6ORXUR7ViUQvlAOMVxUcPSq
qTmr377o2c3T0icgDeae/wAwKqK0tIe6v7sTSN+7XpWveW0d9bmN12seM0WVqtlAIlOQO/rRSwsq
clZ3iDqprYtMRuOKTNJwelFd1kuuhjuLmlpmaWgB9OB4qPNOHSnYB4NZniM/8U7ff9c/61oDpk1n
+IUY+G71sHHl/wBaT0DYyvCH+qH1r1Kw/wBWv0ry7weP3OTxzXqOn/6tfpQB/9T36sbxH/yBLz/r
k38q2axvEf8AyBLz/rk38qUtjSl8a+R8vP8A66X/AK6N/M0nelf/AF0v++38zQK8yW5+hx+FC9qc
KbThSKFFLSdKAc0xik4BPpXafDDTRda3NcOMhCMHHtmuJc4j969i+GGmmz8PS3DDBmfd+mP6VrSV
5Hl5rW9nRZ2jks5NJkgU4guWxxj9ayNc8QWOgWLTXMn7zB2xD1rtckj42lGpUfKluW9S1C10uze4
u3CqBkDPWvF/FXi+88Q3JjjmaG0ThNrEZPrkc1S8Q+IrvxFeGWdj5K/6tPSsjA6g5rkq1ddD6rL8
qjRXPPU9C8HePJY5IdN1WTemdqMeO1emgq0avEQ0b8gg5r5vZQ4wa7Dwf42m0R1tL5i9m3yj2op1
n1MMxypSXtKe563IvVRVeWASwvGwyCpH6VZtp4L+2W5tJBJGw45p2ArDjr1rrupI+clzQautUfOG
s2RsNbuIQMLvIAxWc64rvPibpzWurreBeGfn8a4iRfSuCXuyPr8M/aUosqkUgqZl5qIjBpIJKzHA
4FPRqizTgaY4yaLKmn1AjVKrZqWjojK5Mh5qUGqwPNSK1GxvGRKDzUgNV91SI2aLlqzJhTwKYpp4
NNGkUSKKRkzQDT88UWKaIcYoFSGkAHeiwrABTwMUDApQaYJLdjWG6oylTkZHXpVa4uo4lwv362o0
p1ZcqRy4mvRoxc5Mq3UiwIc9awLm9aVsA8Crd8zSIWJ5rH5ya9/D4NU1eR8XjcweKk+TREgIzmnK
aiH1p6/Wu2Lsea11ZMp5q5AeaoqauQnitLivc2LXqK6Ow6rXM2h6V02nnkVzVVoNHV6d0FdDb/dF
c7p56V0Nt92vMqrUtF5OtKetNWn1zMoaaO1KaaaADvSUtB6UAQyxR3ChZRkA8USyrbW5LHCqOBT+
Oaqarbm60+TZ99RxUyk4J8q1KitdSgPEW1n3Jx0FZkUZ1C+yz/ITyDV3So7F7WU3eBMvTNZkhaO7
doDhT0968evKdozrvS+yOmFmbR1IWN+tiDmEd62CRww+6RXMw6Vc36FiNn9a3NNhmhtvJmOcdK9D
DVa1XWa5V09DGpBXLFLRRXW9zIB1rA1053it8cNXP62TulOegrzczv7FWV9TfDt82h5w8yQ6pK7j
cOOMVs28+o3+1IQYYO+RiqdksT30sjxl2B4FdJEZWQbjgdhXrzxdChh4ucvkeZ7Kc5y5V1EgsIrY
BpDvf1NT7yeB+Aqa3sZ7g4C4HrWzbaVFCA0nLV5dTMcXi/coLlj3OyGDhT1qamRb2M90ehA9xWza
6VDb4MgBNXh8q7RwKSlRwVOm7z96Xc1lW6RWgYAwE4FKcE+tJRXfbo9WZNthRRRQAUtJRQAtFAoo
AM0tJRkAUALS859aRctVW/1GKwQKrZm/hAqZThDWbshpXE1PUUsYxhhvbkCsweIbgYZVDGoreNdQ
u2N1HiQnhqbdaVcaXdfaFUywnsOwrz6rrzlzwl7pvHlW4l5qo1CPbLH+89QKg0/UrvTHLSZeIngd
a27NtJu4zJkRkfeBq1HaWNwC0K5UHGaI4es5qp7S4+eNtSxa3AvLcTgbc9qlyT1pqoFUKvAFOFei
u5zN3Yo4ooopgLSim5yaeAW4AyaW7sgQlPRGaori6tLCIyXkqrgZxmuE1/4kqpkt9LB3DjcBW0cP
Oo7IiVRI7jUNUstHiaW4lXIGdu4V51rnxBl1aT7Dari2k+Vj7VxV1PcX8pmu5PMLc1JacTRqBgZ6
V6CwUaVNt66HP7VuSPWvCAJiQnvXqNh/q1+leXeEf9SK9RsP9Wv0ryjrP//V9+rG8R/8gS8/65N/
KtntWN4k/wCQJef9cm/lSl8JpS+NfI+XWP76X/ro38zSikb/AF0v/XRv5mlFeZLc/Q4/ChacKbml
xmkUKDThjNNGKcPWmCQ6FDNcwRAfMz4xX0LoVn9g0C1teSwXP1rxPwdYDUPFFvGwyiqWJx06V6T4
y8bwaDALOyw9yEwMHpXTSaSbPn80UsRONGKL/ijxbYeHbZw7b7k/dQHvXi+qate61dNcXjfMeVTO
QBUF3d3eoXUlxdSl5HOdpPAFQj2596zqVG2d2Cy6NCKvuAJFHXijNFYnpLQOlNIDDBAI9KdSZo8x
NdTf8MeLbrw5OFcmSzzypYjbn09a9l03U7TW7FLq0kDqwBwOtfPeMj19jWloniG/8O3SS2kjNHuB
eMnjFb0qrvZnj5jlca0eeG56L8T9MNxoDXKjJjZcgfWvHQMopr3htWsfF3hi4EOPNaMll9xXhjQ+
RLJC3BjOOaK1m7ojLJSUHSluis61Cy1cdflFQstYJndOnYrEYpA1SOtQkYrRHM00yUGpFbFV1NSq
aGVGdmWFfnpTuvtUINPU1LOhSuSA9qmjOKrE809WqTZOzLitUoNU1aplfNNM3jIsZpwOaiBp4NVc
u9ySg03NOBPUc0xt2VwwMgfnSorySiKNC0h/hFOggkublYLYFpX7AZr2DwX4Ft9KtxfXyiW6OCNw
6VdODbPOx2OhhYe9qzyiTw7r8y4i06QKf4jUSeBPEL8m0OfcV9LBtvAwvsBS72Pv+VetQruirQR8
TisRPFSbm9D5mk8AeICObM/lVJ/hzrxbizb8q+pw5x94/lQHPf8ApWssbUl8RyqjbY+WB8ONd72j
/lT1+G+uZ/49m/KvqXcf84pp3d/6Uvrkg9kfMI+GevN0i2/VauQ/DLXv+mY+oNfSDEkcE1CQ1V9d
lYrkPCbf4ba0gG5ovyNbFr4G1SHBZo/1r1h92cZNVXyc5P51m8XKQKJxdt4eu4Mbmj/OtWKyljHz
YrWkHPaq747VjKbkUVwhHWlNPPWmmswGmmnrTjSYoAbQTTsUhFADaVSAeRx3pKB1pptiaOf1vSnR
hcQZIJ5WrOlaXG8C3E2fZTWsQG4fkelHygYAwo7CuX6vBVOdxuzXndrCeYqkDcEA6UN1znIqnqNk
90FMTEfSrdvEVgCsTkdzW/M5P3kQ7sM8+tLgjtVO+1SDT1IOGf25rHXX7lpQwHyk4qJ4iFN+/wBR
qm5K6Oj6sR0Nc5rB/wBLKkcHg10cR86EOcAkVUk01Hm82QZyc81hjqE61JRgVSmoSuzm7TSfmZoo
eW7mty10hFAaUkkdq0kCRjaigClPPWs6OXQilKp7zRcq2vuAAqDCKAKTOetFFehtojFt3A80lLSU
79BBRRRSsAUUUUAFFFFABnFLSGgUALg05ULUigMTzgCsi81G4lZ4LMZYcE1M5qPy6DsWdR1SKyUq
nzv0IrN0VIbm7aa9fJ/hB7VBp8U/2tobxNzN3NR39pLYSsCSA33SO1edWrVU/a2vHqjaCi9C8NVi
ttWaKWIGMn5WFbE2qW1usQkJZJQAAe2awtIhsZo3F7y6nIbNZflyanr7xQFjDC4288VpTrSVK8dn
sJwu7PQ1tW0zdcxi0QhXPzYrdtLZbG2WJec8nPrT4v3cQVwCw707Oea6oUlGXMtzJtvcdRRRWz8x
X6C59BzS8n7oyaVI2bnoPWsfW/FOn6ECrMGlx0B6mnGEp/CKTUdzZIWJDJMwRQMk1yWu+P7HT4ni
ssTTdOTiuG1vxhqetysqOYbf2NYIjGQxJY9ya9KhgUtZHPKrpoX9S1q+1iTdPIwXP3QeKpqqr90A
etLxk8/Siu+MFBWRztt7hUttn7VHk96jHSprYf6Sn1qaq/dy9GOHxI9Y8I/6kV6jYf6tfpXl3hH/
AFIr1Gw/1a/Svnmegf/W9+rG8Rf8ga8/64t/KtmsbxH/AMgW8/65N/KlL4TSl8a+R8uv/rZv+ujf
zNKKR/8AXzD/AKaN/M0A15ktz9Dj8KHiikzS0ihaM4INJmnAd/SgL6l/StXl0hZnt+J5ONw7VQlk
e4na4mcyTN1Y0o7880hJquYhU4qXMkJyRzRQKKl6l7O6CigUtFgEo60tGKA8hDSD2pcUmKdhJWZY
0zUrnSrpZ7SZox0dB0NQ384vLuS527S5yR703sRng009aL9zNUYK8luyM81Ewqdue1RtUicbIrOt
Qsoq4w4qF04zVJnNOBVxg04NSstMxV7nM1ZkytUitVYHmpVYUmmawkWAQaXiogakBzUNG6dx4apU
fFV8YpQ1I1jIvK9PBzVVHzxUyPnPFNM2jLUnVsc9TU1tBPeXKQWcbSTMQAB2zUdla3Op3X2WziLO
2BnHAr27wd4Nh8PWsUtziS8KgsccCuinBs4MfmEcMnrqO8GeCoNDgW5uoxJcsN2T/DXX53daazBj
kmlzn2rsjFJHxtavKtNymxSMUg4pc0h5p69zBJCg5peKbQKNe4EgNHWkpaAsgqNsVJTTQBXkWqsi
8VdkqrJzQBQlXiqzLV2Rc1VYUAQEUwjmpDTDQA00lKaTFAAelJ2paSgBDTcU/HFJQNDSKTFKaO1F
2T1Kt7cSWsXmRqWI7CsSXV7nVmNrbExsOvrXSg7e2aqjTbeGdryJcSdTisqtNyldM0TRz9vD/ZTO
NQRpZH+6zVHZxfatRUhRt3fdFWdW1Q3cvkXERAX7rYq94eswkZuT90dxXnSiqmJ5Hqo6m8XywY3x
GXtkjkim8vbj5fWl0zWWusRzAk4rL1Jm1a8Zs/uUJ5HtU2jKPtXmZARfWtalearpRejJhBOm2zpD
HzwMd6QqRyc81z2r6+018sFqCFHBYU+y1m6ZhG8LMB1Irp+s0udwW/oZKm1G5u9BjFHFVE1i0fhj
tb0NTpc20v3Jlz6VtGUZbNEuLRJRTtuQCCDSFSDjIzVCeiuJRSlWA5/SjaeM45oAbRTivGcgVG8i
QKWkYKPejpcdtbDqUcjC1TfV7JGA80HNS3NwsNkJ16Fc8VPPHXXYOV2uWNvy4yM0mc8dxXLWerzG
78xzlCemeldQrpMgljPynrWdGvCtrBjlBxXMyjrpuI9LMlr97PNQeFp0lseQBPk7s1rbRKjRt0Nc
w839j3jhOjHNYYmfspqo+pdNXR1AAkbbtXeO+Kqytb6lutmGWQdapN4kgFsCv+sPFT6VDiJ7hxgv
W6xFOorRV0TKDTuzAWzkur97SMFVU4LCuosrGHT7cRxoPN7v61LGkcXzIoDNyTT+p5qaOFp0k3bV
hKpKouV7AOetL7D86Tv/AIUrFIk3zSLGg5ya6dW7IzbtuPRWbgLuqK+vrTS4TLdTRjAztJ5rkvEP
j+1si1tYKZJQPvKeK83vb+91adpryVirdtxwK7KODlPWRlOslsdb4h8f3N4GttOLogON61xjrLcS
ma5leV/Vz0pUAQfKMY70vU8816lOlGmrROSTc/iAYHApcUuKK0EJilxRRmnYBRUtt/x8p9ahzUtt
/wAfKfWs6v8ADl6MqHxI9Z8I/wCpFeo2H+rX6V5d4R/1Ir1Gw/1a/SvnZbnoH//X9+7VjeI/+QLe
f9cm/lWz2rG8R/8AIEvP+uTfypS2NKXxr5Hy4/8Ax8S/9dG/maUUr/66X/fb+ZpK8yW5+hx+FC06
mjrTqRQClzxSHrSjpQACg0tFACClPSkNFAAKDS0UwEpaKTvQAUUUUAJQRS0UgGUwjmpCKYVpEsjI
5qNxU5HFMK0GUolVlqErVtlqJlq4yOapTK/Q0ob2pWWmc1e5za3JlapAarAmpFc1LRrGpYshqcV4
zUO4daeX2sPlZnPRQCc/lUXbZ0c8bXYqsBzmtTRtLu9cvBBag7e7DoK1/D3ga71Z0nu1eK34bGAM
16lpul2ei24hsoQqY5cjmt4Um9WeZjM0VGPLT1ZL4T8MWXh20XAD3TfeY84rp1fv1571jRTEHrV6
OXPeuyMVFHzdarKo+Zvc0A+RTwarI/HWpQSe9UYk4pajVvWpAwoAKOlHJNKeetAADS5ptKDQA4Uh
ozQTQBHJVdxVlhUDrQBSkHWqrDmrsi81XdKAKhXmmMOasFTTClAEBFIRUpWkIoAhxQRUmKaVoAZT
e9P280hHNADDR2pxUUmKAGjOeKDjGefcU7FIaAKt5p9tfpscbSBwRWFONS0q2e3hy0J6nFdL1PuK
dweHUNnjBrGpS5rqO5Sloc1H5UGhsw/1jKST71UsrS5u2LxnbCvUiunn0+C5Tytu1BzxWXqEV1aW
/kWaHySOSvU1yVcOr+1fRbGkZ+7YyJ0j+0eVEMsT1rqtNtYrOyUSL85XJbNc7pMaS3YD8MvY1014
wSyfDDIXpTwNNqMq8tx1ZXSijkZwJb/MZwC2Ola9xo0MNsrpOfOPOKyba3l1C4KJkN14qzZ2122r
CGdmyg4LdK5aDTU5NfEy6lkiK3uNRDum84Wp4L++uZhFHy1bWqwxwWzeWoDY+ZhXO2N09ncCZRnF
bV5yoVKcFL3RRipRZcbVrzTLrF6P3Q61LeXlzJELu2b/AEd+ntWdeSza9c+VtGCea2J7IadoyW4O
cMTj61aqOcKlnothSik0UdPubm5lMsz/ALpO1SNcf23erFGxEQPOO9Q6QNyPHngt0qCwb7BqOEPy
lunpWMcQ3Cmm/i3G4LmZqX3h+B4j5D4de+KTyp4NDaCbnaSOfpW1tJAZeV6msrVLyKW3e2T74PLZ
9q9GdKMLzZjDVWMQ29umnRyxt85UbhVrSNSa3YROMo3rVjQ9NspLYNK2845Gazr2KSPUGgt4ztP3
TjNedUjOLjVpbG0Wn7sjrVOcPGflqpdaVa3cm985qjpNlfQPvuJSY/StgnLEjp2r1NakbyjuYW5T
Oj0KzQ561oKAqhF+6vajNKu49FzTjTjTXKguw9x+VORC/OcCoru8tNNhM106rxnk1554g+IVxOWt
tNKonTeBXRSoTmZSqKJ2er+JtP0OJskSS44Ga8y1rxfqWtuYlcwwegHWsSQy3DiS5maR/wDaOad+
FerRwkIbnLKo2NCDdubO71B608j1/SkpRXSZXuKBxzS4oFFABRR3opgFFOopgIBUtuP9IT60ypLf
/j4T61nV/hy9GOHxI9X8I/6kV6jYf6pfpXl3hH/UivUrD/Ur9K+dlueif//Q9+7VjeI/+QLef9cm
/lWz2rG8R/8AIFvP+uTfypS2NKXxr5Hy65/ezf8AXRv5mgUN/rZv+ujfzNArzXufocfhQvenGm05
fekUFL0peKSgAzTqSkoAXFGKSigBaKKKACkxS0UAGKMUUUAJRR3opWADTadSd6dgGkVGalNMIqWQ
yMjNROuKnIphGSaFoZSjcqsDUbAVZdcdqhddvNaKXQ5akbehARjkt+FOhDyPtjjd29FBP8q19K8M
ahrEisq+Xbnks3Uj2rv9M8P2WkxgRJufGCxraFNs8uvi4U9nc5HR/Bepahh7hVgiI4YNk/lXoOie
FNM0nDhEeXu+OSaljlK4CnA9hirkM3OMD6mto00jyq2YVJ6JmzHICowAB0FPPzdefrVCOTnrVuOT
itUcbk27seVI6VLHKV6mmggimsnegk0Ip+OtW0kz3rERyp61ainOeaANZW5qQHmqUcuT1qwr80AW
VNPGPWoQaeGpgSZoxTc06gAzikLUEZppFACk0xhmnGk7UAVXXmoXQ1cZc1EyUAUmSoylXGT2qIpQ
BVMdNZasshqIqaAK5FNIqcrz0pjLQBD2ppFSlaaRQBERRinkUY4oAjxSYpxFJQA0qDig/SnUmKad
gG85z0oDEE+hp1NI5pLR3BaEAs7ZZvOCfP7VT1LTLi7k8yKTC91rTwR3pQAoyCRUSpxaaS3HfW5z
NvbXum3QlWIsPao9Sv7u6lCQQuspPWuq3vjAP503y4927b8/risFh5U1y03ZFuV9zFmme10ZYbt8
zsKo6WIpC0MuAxHFdFPZQXMgeQZYdM1D/ZNqJRJjDDnilUw8nWUt0hxnY52Nm03UskYwe3TFdBfX
trPp/mBwWxyKfPpsNz8zYB6c1AmiWy8ZOPSpo0J0uamvhl07A5pmLpt7FbXW91OxzxUl9pFzFP8A
aIMuj8jHat0aVZgYZQQOlWU+RNgJIFKGB9zkm7voEq3vaHOwnVDAyKH+YY5p76FPJaqEP70nLE10
G4r92guQSRnNbww7j8buyHPsZljoy2BVi2WA5GeK0QVVtwQbvUCk4xyTk0cqcAZrWMI0o8q2E73u
xSxPA5+lNGS2NtPRGc4zsHrWVqvijTNGVlZ/MnA6A5rSMJN2iiW0tzVZUhj3zSBB71yfiDx7Zaap
gs/3kp4yK4vWvF9/rUjLHmKPPAPFYSxhecAk9Sa9GhgUtZHPKt2LWoalfavMZbmVyn8Kk8AVXAC4
CgD6UcjAzS9K9BJJWjoYSbkFFFFMkXFLigUYpgKKKKKAFxzQRzS96D1oAMUuKKKYgqS3/wCPhPrU
dSW//Hwn1qKv8OXoy4fEj1bwh/qRXqVh/ql+leW+EP8AUivUrD/Vr9K+de56B//R9+rG8R/8gS8/
65N/KtmsbxH/AMgS8/65N/KlLY0pfGvkfLz/AOul/wB9v5mkoc/vpv8Aro38zQK817s/RI/Cgp2a
TFAFAxw6UopBS0ALRRS4oASilxSYoASiiigB1IRS0lAAKKXFFACYpO9Lmg0AGKQigdaU0WAbim04
0lSS0NIpjDJA6j09KkbjqcD1PetbQfDOoeIbkJBbskB6zE8YojFvQyrVI043bMSKCS5mEFvFvkPQ
Lya7vw98PEUJeauTv6rH2rutC8I6b4egAihSS47ysMmtOZdxyefr2rsp0bLU+YxmZuTcIbGGbWKC
MJCixoBgADtVGWP0HHrW/LCCOgqhPDx04zW9rbHit3Mdsqakjk6c1JNHjtVYgqaBI0o5enNXopMn
rWHHLz1q9DNz1pj3NeOTmrCtmsyKWraScA0CLDIDTQdp605XDDmnEKaAHxTYPWrkc4JrPxjpSpIV
NAGzHJnvUwasmOcA9auJMCOtAF4MKeGqqrg96lVvemBMTSE03dRmgANJS5ppIFAC9qYRTt1JzQBG
y1GUqxj1ppFAFVkqIpVtlqMrQBVKVEy81bK1GyUAVWWo9tWXXmoytAEJWmleKmK0wjmgCPHFNK1K
RxTSKAIjSVJikxQAzFJTyKQimgG0EcU6kNJAMpeaWlp9bgRnNLinYpKmN0vMBppOafSVWtg0Gmkx
inHpQMY5/lStfXqF7sbzR0p4DN91SfemXMtvZJ5l1MkajsTzRyt+oPTVjkVnYAJn1PpVW+1Cy0mF
pLuQbh0Ga5DX/iAkQkt9PwT03DmuAuby91BzJdTyNntniu2jg5S+IwnWWyOs8QeP7q8LQWICx/3w
a41/MuZDNcSNI575oCheFAApwJHTivTp0o0/hOeU5MAFUfL+tFB5pK0IsLijFApafoAUUuKSgBwp
aQUooAMUYpaKAFAoxS0tAhMUYpaKYCYqSAfv0+tMqSD/AF6fWoq/w5ejLh8SPVPCH+pFepWH+rX6
V5b4Q/1Ir1Kw/wBWv0r517noH//S9+7VjeI/+QJef9cm/lWz2rG8R/8AIEvP+uTfypS2NKXxr5Hy
5J/rpv8Aro38zQKJP9dN/wBdG/maBXmvdn6JD4UPFApBThQUKKdTQacKACiiigAooooAKQ9aKKBC
ilptKDQAUUUUAJS0dqKBiUUtIWITcxo8habsTHOKWNJJX2QRmSQ8bVFaOjaHe67ciK1iYrnBYj7t
eu+HPAtjoUSST7Z7kjqR0rSFFyPMxeZwoJ23OP8AC3w4nuTHfaoxjjHIgbGa9Pt7aCzhWG2QRxKM
YUdastkEYwqDoBTD0yK64U0kfK4rF1MRLmuQuvOeMdgKgdRVoionXPartY47t7lJ0yKqSRcVpsnF
VnjyaAMeaHnpVCeIjtW7LFzVGaDOaQGKV2mpEk2nrU00OCaqMpU0DNGKer8UvHNYSSEGr0M/qaAN
lJBip1bPes2OUYqyknHWmIuikK1HG/FTAjFAEYO01Ok+OtMKgioipBoA0o5watLKPSsVJCtW458n
mgDVEgPSjdVJZR61OGyOtAE26jdUW/NG7FAEoYU4NVffUgbimBPmkxTN3SnA5FACEUxl9qkoxkUA
VmWmMlWSlMZaAKjJUZWrZWmMtAFQrTStWWSomWgCArTCBU+3nmmso9KAIcU0ipttNK80AREUhFSl
cU0jigCLFBWnkcUmKAGYpKeVpMUAJSYp2KTGOtMLXG0nFKQTjAzT3RY4/MndUX0JojFyYXsR4LDA
FD7LaMtPKsSgc7jXNa149sdLZorZPPYDHHY151qfirVNZdsyNHGT93NdVLCVKj00RlOsuh3mveP7
CwUw2BaST+8BkV55qms6hrcpNzJhPQMaoCMdSxZ++acOK9OnhoU/U5pVGxqRInTAp2eucmkNFb3t
sZinFFJSikMKWkpaACiiigQtKKMUUwFxxQKXtQKAFFLSUoFAg70tGKKACil7UAUwAVJD/rk+tMxT
4R++T61FX+HL0ZcPiR6n4Q/1Ir1Kw/1a/SvLfCH+pFepWH+rX6V869z0D//T9+7VjeI/+QJe/wDX
Jv5Vs1jeI/8AkCXv/XJv5UpbGlL418j5cf8A10v/AF0b+Zoof/XS/wC+38zSV5r3Z+hx+FDqcKbT
hQWgFPptKDTAWiiigBaKSlpAFJS0GgQlGaMUuKAAUGgDmjvQAUewGSelISAMmrmm6XfazceRYwO5
B5YcAU4pyZE6kYK8mU94BCgFn6bRXa+Gvh7c6tLHcagGjgHIXpmuv8L/AA+s9JiS4vlEtyecMM81
2u4lQoCoq8BQK6YUluz53G5vd8lMqafpllpNusNlEEUDGe5/GrPPt+VKBQc10bbHzs5ynLmk7iEZ
60hApaCKZJGRTCKkxTSKHqBCVzUDJg1b7VG4zSsBQkTNVJY+vFajKKrSR+1FgMWaHPOKozRZHSt6
SL2qjLD7UAYrLtNOWQrVqWHHaqjpg0AXYZiR1q7FJkdaxkYjpVuKbA60hmzG/oasK4zisqKU9jVu
OQE9aYjQDZ607r1qqshzxUyvxQA50HamglakBz1pCuaYAs2OpqzHPx1qmyU0ErSA1FmzTt+aoRyY
qcSZoAs7qcHqsH96cH560wLgbipFbiqYepkbjrQBYBzTxUKtmpFNACmkKjFP60uBQBAVphWpytJt
oAqslRslW2WoyntQBUKUxkq2UqNloAq7KQpVgpTCtAFcpTStTlKay4oAhK8UwrU5GBTCMYz3o0BI
ixSbTmpxGx7cVBdXFnYqXuZlUehNNJydkDaQhHOBzSyIkKGSZlCDnk4rj9Y+JFjZhoLEpJIPSvP9
U8R6rqzsJJZI42OcK2OK66eCnPfQxlXSPRdY8fWGmqyWxEkvTGM4rzzVfFer6y7Ay+XF2wMVkiID
7x3H+8etKRxjOR7V6VPDU4LVHPOq2RrH825iS3c561JgZBHUUgo6VuZgeuaSlNJQAUYoooASlFLR
QAlLSUtABS0gpRQAtFFGKAHUCgUoFACiloooEHenYpOM0tABSgUmKUU0AGnw/wCuX60w0+H/AFy/
Woq/w5ejKh8SPUvCH+pFepWH+rX6V5b4Q/1Ir1Kw/wBWv0r517non//U9+rG8R/8gS8/65N/Ktms
bxF/yBbz/rk38qUtjSl8a+R8uyf66b/ro38zTRSuf3s3/XRv5mkFea92focfhQ4U4UwU4UFodRSU
opgOBzRSDilFABQOtLRQAtIaM0UIAoBoo/CkJ9xetNLL0UEn2pHYRjLEAGreieI9M0q5M13paXbI
cruYgV1UcJUq/CjgxeYUsPF3d35HSeGvAOo61Kk9xm3teuD/ABCvXNJ0Sx0O3EdnCuccsRzXmUfx
vjijEUWjRKg6ASn/AApx+OA/6BEX/f5v8K74YCpHofI4rM51paPQ9bHPQ59aMe1eSf8AC8B/0CIv
+/p/wpf+F4D/AKBMX/f4/wCFafVKq6HD7RLY9a2mkIOK8l/4XeP+gTF/3+P+FH/C7x/0CYv+/wAf
8KPqlTsLnT3PWefSl5x0ryX/AIXgv/QIi/7/ADf4Uf8AC8Bn/kERf9/m/wAKX1Sr2DnR6wR7U0j2
ryg/G8f9AiL/AL/N/hSN8bxjjSYv+/x/wp/VKnYOdHq5HtUbD2ryr/hd4x/yCYv+/wAf8KafjcP+
gRF/3+b/AAo+qVA50epsh9KhkjPpXl5+N4/6BEX/AH+b/Co2+NwP/MIi/wC/zf4U/qdQOdHpckZz
0qrJESeledH41qx/5BEX/f5v8Kif4zKf+YTF/wB/m/wpPCVB8yO8nhGelUpIOuBXEv8AGEN/zCov
+/x/wqvJ8XAR/wAguMfSUn+lQ8LUQ7nalCvakBIHSuDb4qBv+Yan/fw/4VC3xS/6hyf9/D/hUOhJ
DuelRSnir0cteTj4pkdNOT/v4f8ACpU+LO3/AJhyf9/D/hSVKQrnr0chqdHryNPjBj/mGRf9/T/h
Uq/GTHTS4j/22P8AhWn1eYXPXQ5xUiuTXka/GcY50qL/AL/H/Cnr8acf8wqL/v8AH/CmsNMOY9bx
ntTGQ56V5YPjWP8AoExf9/j/AIVPH8ZA/wDzCov+/wAf8Kf1SoLmR6XyO1OVjXnkPxWjlODpqD/t
of8ACtK38fxTn/jwQfRzUOhNBzI7UMacG5rAtvEsVwB+4C5/2jWnFepKOEwazcWh3NEPxUqvxVRZ
ARUqt6VIy4j1KjZNUkepkc560AXFPvTwarq9SqTQBLijbQtO5oHYjZaYUqfGaTbQIrMlRslWiuaY
yUAVClMZKtMuKTyGY4VSaPUCmVxTSp9evarNwbW0jaS5nCADpxXKat4/0nTUKwhJ3HAO7mtI05y2
RMpxR0H2cg5chR6k1m32uaRpgc3E4Yr0ANeZav8AEHVdQZlgxDGenGa5WZ57x2luZWcn3rupZc2r
zMJYhbI73WvieGVoLCE9cBsVw9/qmo6m+Z5W29cA1XVFUcCgjnvXoU8PThsc7qSZEI1z0+b1NLzT
qTmtW2Lfcac0c0vNLU2vuGg3FIRS0U7AJikxTqSiwCYoxTqQ0AJRS0lABRRS0AJSiigUAOFBoooA
cKUUlOA4oQBRR3pQKYhMc06lxRQIXtSUtFACU+H/AFq/WmGnw/65frWdX+HL0ZcPiR6l4Q/1Ir1K
w/1a/SvLfCH+pFepWH+rX6V869z0T//V9+rG8Rf8gW8/65N/KtntWN4j/wCQLef9cm/lSl8JpS+N
fI+W3P72b/ro38zSCh/9bN/10b+ZoFeb1P0OPwodSim07NBaHUdKQGimAtLQKD1oAXNGaSigBaUH
tSUEhVyxAWqUZTlZCnOMY80h456VBPdJEMA/NVS4vgwKRcD1qlnccsSa9jCZZze9M+bzHO4wjy0d
yWadp2+fIHpUeR2pBilr34Uo01aKPkqtadV80mL0o60dqK1t5mVkKKM0lLRZAIaKKKWnYLsXNJnn
tR2o7UadguxCc0lHelo0C7GHOaOtOIpvSh2HdjTTCtSkd6bip0GmQ7aaRipivNNZaLItSISBTCPa
pttNK1lKKZVyA/jTCPc1MVphWsJ00UmRH2JoBx1zTsUhFc7jZ6DFB96XOO9NFKacZagPBp2aiBp4
atlMRKrY7VahbpVJWqzFKBxWqkJmzbt05NdJp23K8Z+tctaSLxzXTafyVzzWVSzQI7DTeoxtArpr
Q4A5zXL6dkAfLXS2p+UcV5tValo14+QKmUkVXjPA4qcE1zPcomVqlVqrAmpA1IC0G5FTI9U1bkVM
rHNAF1X5qXdVVA7dF/GpwpUZaRF+pofkGhKPw/OnDmqkup6faKWnu4QR7isS/wDiDolip2zF3H91
citI0qstlcl1ILc6YR7+OlNJhgUtNKgA9WFeV6l8U7ifcthEwHYlMVyN9r+q6kzGadkU9ga7KWAq
T30MZYlL4T2PVPGGj6UCWlR2Hoa4XWvihcSFlsBtB6EVwPkK53SMXPqxpdgAwAtd1PL6cPi1OaWI
lIlvdZ1bVGJuL2Xaeq5rPFsgOWyx9TzmrZB7UwiutRjBe6jJtkJXjtTCD+FTFaaVo9RkOKaRzUu2
mFeaQyMikxUhWmkUDGEUU4ikxSsA2ilxRigBKSnYptAwpKWjFIBtBpcUEUANpaMUYoAKKMU4CgAp
RQetLQIXilHSm04dKYC0ooFOxQAlKKSlFAgooooAKfF/rV+tRk0+E/vl+tZ1f4cvRlw+JHqXhD/U
ivUrD/Vr9K8t8If6kV6lYf6tfpXzr3PRP//W9+rG8R/8gW9/64t/KtmsbxGP+JJe/wDXFv5UpfCa
UvjXyPlmQ/vpv+ujfzNLTZP9dN/10b+ZozXm9T9Dj8KHZpRTRThRcodRmm5pQaB3HijNJSZpjWrH
ZOM4zRnPTg03OBycCqVxfclI/wA66aGGnVeiOPF46lh1uXJbiOJeW+b0rNmuXmPPC+lQMxfluTSZ
r6LCZfGmvePjcfnFSvonZDs0dKbRXopJbHive46jvSClzzTEPBpM03mgZqQHg80d6aODS5qkA7ik
4pKM07gOo7U2l7UgEpRSUooACKbinEUmDQAh6U008imkGgoaRxUZzipe3NNI4oGmRMOOKaamxxUb
LUlJkZFRkVNimFTWcolpkOKaRUpU00isJQGR4pKcaSsJRsAlLSUuaExjlNSCohT1NaxkJlmN5EPB
zWtZ6xc2xHygj61ioRmrKYPua0VnuQ2+h3WleNI4yBNHXY6d410tgBJkV48mCOmKnVAR1YfjUSws
Zk+0aPeYfFWjuBiYD6mri+INLIz9oX868AAZcbXb86XM5/5buKy/s5PqH1hnvx8Q6WvJuFx9aafF
uix9Zgfoa8E/fYwZnP40mxu8j/nS/s6PVh9YZ7jN4+0WL7pyR71m3PxSsof9TCxNeQiIZBJY/jTw
qg9/zrSOBorch1pHot18Wrthtt7fA9Saxbrxzrt5kqyop6/NXLj1wPxqVGHXHNbxw1NbJGbnJ9S7
LfX92xae4c59DTUQdS7H2aoFf/IqVHzzj8zXSkorQyd2WAFAwBS1Grc0/INFwFpTzSZpaFpsIaRT
DmpTTSKVgIsUwipiKaRQ9dwuQkVGRU5FMK1NiiI5ppFSkU1hTAjI4pMU/FJQAzFJTyKbikUJzSYF
OptIAxSGlpCDQAhpKcRSYoASloxRQAYoFFAFIBaUUlL0oAXFOHSkA4pR0pgKKXNIKWgBaKKKQgoo
opgIafD/AK5frTKfCf3y/Ws6v8OXoy4fEj1Lwh/qRXqVh/q1+leW+EP9SK9SsP8AVr9K+de56J//
1/fu1Y/iP/kCXv8A1yb+VbBrG8Rf8gS9/wCuLfypS2NKXxr5HyxIf303/XRv5mkFJIf30v8A10b+
ZpRXlt6n6HD4ULSg000Zo1KH0oNNLcc9aNwAyeBVbuy1FJqKux4qOaeOFfmbJqrc6gsYwgyazHka
U5Yk16uFy9z96R4OPziFNclPctTXbTnC5UVB+PIpme1LkZ4r6GnRjTVonx9bE1K0ryZIGo60zIoz
Wtzneu5IMZpc81HmnA0aAOzRmkzzS5FMBc0uaaTRnigB2aAabmincB+aKaKUnii4hwNKaYDTs0AL
2oFJRmgBxNIOtJRQMU000tFADT0pAOKdSGi4XG4phFS4ppFIpMiK4phFTEU0qPSgtMgIppFSkUwi
pkirkRWmkVKRTSKwlEpMiIpKeRSEVi4jG5p6mmYpwqNgJUPNWozzVVetWI+tawZDLkZq0h+WqkfW
rSVvFmMmyccinUxelOzVmYuaUU0UtNAOHWl700HmlzTuId2pwNR5pwPFF2IlVqlRqrA1IrU0xWLQ
bmpFaqwbmpVYUxE4OacDUQanhqZI+kxQDS0IBpHFNIqQ00imBGVppFS4pjCpHcixzTWFSkVGRQFx
hXimlTUnNNNICIg0gFPOabzSKuIRSYpTRQCYhpKU0lIYhpKU02gBaKSigBaKBS0gAUppKWgBw6Cl
xSClHSmAtFApaBBRRRSAKKKSmAGnQ/65frTadD/rl+tZ1f4cvRlw+JHqfhD/AFIr1Kw/1a/SvLfC
H+pFepWH+rX6V869z0T/0PfjWN4j/wCQLe/9cG/lWyaxvEf/ACBL3/rg38qUvhNKXxr5HyrJ/rpP
+ujfzNANJJ/rpP8Aro38zSZrzGlqfoMHaKQ7OTS854pozg84FVLnUEg4Q5aro0qlTYwr4mnQ+IuS
TJCpZzz6Vk3GoPLkLwtVZJnuG3O3HpTMjsK+hwmAjTjdnymPzipUfLT2JVb15NG41GDTga9RWseG
02277j880vemZpc03qRaw/NLzTA1Lmi4WHc0uaZmlzRcQ8HinA8VHnilDcVSYEgNL2qMNS7qdxDx
xS5poNBNAh1FIDxRmmAop2aYDS5pgOBpc0wGlzQA/NFNzQDQA6jNJmigYUGg0maAFPSm0uaKAGkU
0089KaRSKTIzTCKlNNOKCrkJFMNTFajZazaKTGYzTCKfgg0Hms5RKuR4pwFGMU7FZSiFxVHNWY6r
L1qylESWWo6tIarJ0qwlbxMpEwNLmminVZmKKdTQaWgBc0UlLTELSikopiHDNOBwaaKM80DJQ3NS
K1QA1IrU7ktFgNUgaq4apFamKxYVqfkVArU8NTQmiWkNIDmlpiCmNUmKbikBHimkVIcCkI4pAQkU
w1MVphWgZEabipdtNxg0hkR60lSNjdTSKQ0MNJinGkoASkxS0UhiYopaSgAooooAKXFJ3p1IBcUo
6UCgdKYCilpB0paBBiilpDQAUmKWigBKdCP3y/Wm0+H/AFq/Ws6v8OXoy4fEj1Lwh/qRXqVh/q1+
leW+EP8AUivUrD/Vr9K+de56J//R9+rF8RnGiXn/AFxb+VbQrF8SDOiXn/XFv5UpbWLo/wASLZ8p
yE/aJeOPMb+ZpjSLECznHtUN5epDNIvU+Y3T6msea5edvmPFZ4fBSnJtn1GKzSnRgowepbutReTK
xcD2qiM5yTkmmjAPHSl6Gvdo0VTVrHy2IxlSvL3x9LmmZozXRc5B+aUGmZozRcLEu6l3cVECaXdV
phYkBpc1GGpQc0XFYfmlBpmaUGi4NDwadmo6UGncVh+aUGo80uaZNiTNOBqLNKKdwsS5pc1Fupwq
kxWHUuabmgGncVh9GabmlouFh2aAabRRcLD80oNMzQTmncB5o4pvajNFwFzRmkpKVwHZpDSUUDEp
pFOPFN60DTGsDSY4px5pDUspMiYUwg1LSEZ6VLKTIcUvNO20YqGirioKsRjmoVGKnj61NhSehZj6
1ZSq8dWUqkjGQ8UtIKWrIFpRSUZpgLS03NOzQAU4U0UtMQ7NKOtMpQcUAP70ucGmA80tMCVWNSBj
UAbFPVqZLLKtxTwxqAPTw1NEtFhWqQGq6tUitTFYkopA1LQAhA9KaaeaaRmgBpHFRkVLjFNIzSAh
IppFTFaYRSsMiK03GKlIpjrnpQwGEU3FPxSEUhjDSU4ikxQUJSUtJikwCiiikAtKOtJQKAH0DpSZ
pR0pgKOlLSCloELRRRQAUhpcUhoASnw/61frTKfD/rl+tZ1v4cvRlw+JHqfhH/UivUbD/Vr9K8u8
I/6kV6jYf6tfpXzjPRP/0vfe9Yvijjw/f/8AXB/5Vt1h+Kf+Re1D/rg38qqKvIGfGU5Y3c5Jz+9b
+ZqOnz/8fM//AF1b+ZqOvYgkoqxlJ8zuxwFBpB9aKu4t9xc0ZoFBoEKDS02jNO/cB2aXNMzTu1Pm
QC5pQeKZSg07oQ/NAam5pad0A8GlzUWaUGnzIRLmjNMBpc1XMhWH7qcDxUdLmi6FYfmlDUwGlzxQ
pILEmaUHiowaXNVdCJM0oaowaXNF0BJmjNMBpc07oQ7NANNzSg0XQrDs0ZppNGad13Cw/NITTc0u
aLruFhc0ZpKQ0XQCk0goNFF0MDTCKcKSk7AMFLjig0Gp0KuNxS4ooFJ2GKo5qdBUaipUFLQTLMY4
qZKiTpUyindGcmPFOpopad0SLSGloougEHWnZFJSd6d0A/NANJSii6AWijNAp3QgHWnZpKKd0A7P
FOBqOnUXQEqtUitUANPDU00KxYVqkVqrhqeGp3QiwGqTdxVcNUgNF0SSZopoNOFF0IQ0mKd3pDRd
AMIphFSEUhWndDIiKaRUhFMIqW0CIzTTUjCmEUroYw0lOIpuKLoY00UpFBFK6GIaSiijTuAtFIKW
ldAOFKOlIKcOlF0ACnU0UtO6AWjNFFF0AZpDS0hougDtTof9cv1plPh/1y/WsqzXs5ejKh8SPU/C
P+pFeo2H+rX6V5b4Q/1Ir1Kw/wBWv0r509E//9P36sXxQufD1+M9YWxx7VtVWu0EsRRhkHqMcYpx
dmM+IbiCYXU+YZf9a3/LM+p9qh2P3Rx9UNfWGr+F9PkZitlCA3OQgrjbzwbAzNtt0H/Aa7I4qysZ
uJ4CFb+63/fJpdrf3X/75Ne3f8IRF/zzX8qP+EJi/wCeY/Kn9bQch4jtb+63/fJow39x/wDvk17d
/wAITF/zzH5Uf8ITF/zzH5VX1xByHiOG/uP/AN8mjDf3H/75Ne3f8ITF/wA8x+VH/CExf88x+VH1
1LoLkPEsN/cf/vk0uDj7j/8AfJr2v/hCIv8AnmPyo/4QiP8A55j8qPrvkHIeJ4b+4/8A3yaMN/df
/vk17b/whEX/ADzH5Un/AAhEX/PMflR9e8g5DxTDf3X/AO+TS4P91/8Avk17V/whEf8AzzH5Uv8A
whEf/PMflT+veQch4pg/3X/75NGGz91v++TXtf8AwhEf/PMflR/whEf/ADzH5UfXvIOQ8Vw391v+
+TSjP91/++TXtP8AwhMf/PMflSf8ITH/AM8x+VP6/wCQezPGBnP3W/75NLg/3W/75Nezf8ITH/zz
H5Uv/CEp/wA8x+VNY9dg9meMjP8Adb/vk07n+63/AHya9l/4QmP/AJ5j8qP+EKj7Rj8qP7QXYPZn
jXP91v8Avk0YPo3/AHya9k/4QpP+eY/Kj/hCY/7g/Kn/AGiuwvZnjoz6N/3yaXn0b/vk17D/AMIT
H/cH5Uv/AAhUf/PMflR/aK7CdI8ewfRv++TS8+jfka9f/wCEKj/55/pR/wAIVH/zz/Sn/aK7B7Fn
kHPo35GlwfRvyNevf8IVH/zz/Sj/AIQuP/nn+lH9orsL2J5Dz6N+Rowf7rfka9e/4QuP+5+lH/CF
R/3P0o/tFdg9ieRc/wB1vyNLyf4W/KvXP+EKj/ufpR/whUf9wflR/aK7B7E8iw390/lQQf7p/KvX
f+EKj/55ij/hCo/+eS0f2iuwexPIiGP8J/Kja390/lXrv/CFR/8APJaP+EKj/wCeYo/tFdg9ieQ7
W9D+VG1vQ/lXr3/CFR/88lo/4QqP/nmB9BR/aK7B7E8h2n+635Gk2n0P5V6//wAIVH/c/Sl/4QmP
/nktH9orsP2LPH9jf3T+VAR/7p/KvX/+EJj/AOeS0f8ACFJ/zyWl/aC7B7JnkiI390/lU6I3ZT+V
eq/8IVH/AM81pf8AhC0H/LMUf2guweyZ5kiNj7pqZUb+6a9I/wCENH9wUf8ACHf7Io/tBdifYnnI
RvQ0uxvQ16L/AMIf7Cj/AIQ72FH9orsHsDzra3oaNp9DXov/AAh3tR/wh3tR/aK7B7A862n0NG0+
hr0X/hDvaj/hDh6Uv7RXYPYHnW1vQ0AH0Nei/wDCHD0o/wCEN9qr+0V2D2B53tb0pdjeleh/8Ib7
Uf8ACHe1H9orsJ0Dz0K2elLtb0Neg/8ACHewo/4Q8+gpf2j5B7A8/Eb/AN007Y/9013/APwiB9KD
4QPpT/tHyD2BwHlv/dNOCP8A3a7z/hEDR/wh/wBaP7RXYX1e5wwRsdKcqt6V3H/CIUf8IiR60/7R
8g+rM4pVbPSpgD6V1/8AwiDdeaD4RbHen/aa7C+rM5IA+lSAHHSupHhJ/el/4RJ/U0f2muwPDM5Y
Kc9KUqT2rqP+ESf1NH/CJP8A3jR/aa7C+rM5bbSEY7V1X/CJP70f8Ik/vR/aa7B9WZyRQmmbT6V2
H/CJP70f8Ik3vR/aS7B9WZxxQntTCh9K7T/hEm96T/hEW96X9pLsP6sziTG3pTCjeld1/wAIi3vS
f8Ige+aP7SXYf1ZnC7G9KTY39013f/CIH3pP+EPPvSeZLsH1ZnCFH/umk8t/7td7/wAIgfSj/hED
6Uv7RXYPqzOBCP8A3adsb0rvP+EQPpR/wh59DT/tFdg+rs4TY3pS7W9K7n/hDz70f8Iefej+0F2D
6szhwrDtRg+ldx/wiHsaP+EQ/wBk0f2iuwfVmcRg+lGD6V3H/CIf7Jo/4RD/AGTR/aK7B9WZw+D6
UFT6V3H/AAiH+yaP+EQ/2TR/aC7C+rM4bafSprWJnuo1x1Ndn/wiBrRsfCgR1bZyO9RPHqUXG25U
cO00zS8K2xSJc969LsRiNfpXNaPpfkqoI6V1Vum1QK806T//1Pf6RgCKWg9KAKktsGFVH0yNv4a0
26U00AZP9kR/3KP7Ij/uVrmkoAyf7Ij/ALlH9kR/3K1qKAMn+yI/7lH9kR/3K1qKAMn+yI/7lH9k
R/3K1qKAMn+yI/7lH9kR/wBytaigDJ/siP8AuUf2Sn92taigDJ/slP7tH9kx/wB2taigDJ/siP8A
uUf2RH/crWooAyf7Ij/uUf2RH/crWooAyf7Ij/uUf2RH/drWooAyf7JT+7R/ZEf9ytaigDJ/siP+
5R/ZEf8AcrWooAyf7Jj/ALtH9kx/3a1qKAMn+yI/7lH9kR/3K1qKAMn+yI/7lH9kR/3K1qKAMn+y
I/7lH9kR/wBytaigDJ/siP8AufpR/ZEf9ytaigDJ/siP+5R/ZEf9z9K1qKAMn+yI/wC5R/ZEf9yt
aigDJ/siP+5R/ZEf9ytaigDJ/siP+5R/ZEf9ytaigDJ/siP+5R/ZEf8AcrWooAyf7Ij/ALlH9kR/
3K1qKAMn+yI/7lH9kR/3K1qKAMn+yI/7lH9kR/3K1qKAMn+yI/7lH9kR/wBytaigDJ/siP8AuUf2
RH/crWooAyf7Ij/uUf2RH/crWooAyf7Ij/uUf2RH/crWooAyf7Ij/u0f2RH/AHa1qKAMn+yI/wC5
R/ZEf9ytaigDJ/siP+5+lH9kR/3P0rWooAyf7Ij/ALlH9kR/3K1qKAMn+yI/7lH9kR/3a1qKAMn+
yI/7tH9kR/3P0rWooAyf7Ij/ALlH9kR/3K1qKAMn+yI/7lH9kR/3a1qKAMn+yI/7lH9kR/3K1qKA
Mn+yE/u0f2RH/drWooAyf7Ij/uUf2RH/AHK1qKAMn+yI/wC5R/ZEf9ytaigDJ/siP+5R/ZEf9yta
igDJ/siP+5R/ZEf92taigDJ/siP+7R/ZEf8AcrWooAyf7Jj/ALtH9kJ/drWooAyf7IT+7R/ZEf8A
drWooAyf7Jj/ALn6VLHpiKQQtaNKKAIIrYR1ZUYFJThQB//ZCmVuZHN0cmVhbQplbmRvYmoKMTcg
MCBvYmoKICAgNDA1MjMKZW5kb2JqCjE5IDAgb2JqCjw8IC9MZW5ndGggMjAgMCBSCiAgIC9GaWx0
ZXIgL0ZsYXRlRGVjb2RlCiAgIC9MZW5ndGgxIDk1ODAKPj4Kc3RyZWFtCnic7Xl7eBRVtu/etWr3
o6qru7o7nU466fQrCXkQEjqEQEBSKiAK8swwiRIJDyMmYhIjGRoMCTIaw0MEMQTECDHDI6LkICKX
DATOcADP0eFwhDvH0ZnxjHHmfteYo3M5nhGTyllVnUR8zXfvX/e733drf1W79t71WM/fWquKUEKI
QBoJEP+K1cuqP5TbthESf5kQ7r4VdY/7n/708HZCEpMJoR3l1Q+t/vMzX1wgxIvrZMtDj0TKi86f
TcLzo3hP4qoHl620iXcdJiSpCOcmrsIJ26vmXhxvxXHyqtWPrz3bYS7FcReOtz5StWIZocefI8Q3
FcfPrV62tpo/wK/D8Ts49lc/9mD1zsU7CnDcRwhrIBwpV1v4ctaB1BqJR7HwV4jhCjWx1RxPsi9c
6xtP5Gt91/pynPaAPSVgD5TzZKAWEgY+UVuM1r/+5TFDOj6jjBDDXnadmIiLTFLiLcY6a61A6sxG
6rIRPsUhmdNISAzGyjf6esPX+uyTcRtPsvvCN/rCOSeOuXvcHC1NyQ077DKXSWlerj2UF/ATu0wC
3P4t//P9f/10y+C5nh5OpTtpp/oTtSpCx9K76AyaebMjwn8cURvV3eoLagOKVKOFdSEtbvJTZZy0
S3Q97xTrbLvsxufNO6HO/iyrde6kdUS2OKzpJochxhHLkzSHEOKCcUheWKPvWh+eaPRh3zfQJ/f2
y3jIOTE/vioeCc2N0qfvgeFzrS/r6WHTNg9upU3NzWqEa2rWSdv/GzVwdnDg7GDHb9T9SJ8b6fsD
0mcjVUqCmVERdhprJaSIdxgEh8maZgmRNAMny9cu9A70XuuT+5GS/vCN/jCKLYfO7rIUze6yFt0/
u0suur/4DJGHzuFTZWzKJHv+pBLFrdiX2svs2/ntbLthu7HR1GhuFBpFsVSjMeAK2aOU57po7UX1
oWZ2uUldeSnCv9dH16hb+r7OiqChEG7oc9TpHJ1OB9mqLHD4ZAfPeLuP8SLuJjMn+Bjj5SQOOEeS
3QHA2ayclAScRZvKcIBYJ0tmBrQOao0ENWuVLKJgYjxwktNAnPK1d+xuzQqm9va5UeiOyTmzFxUb
ZfaZkX3mDhtl02f6QNZH+qw2VxIM5eVSbC5kBwKQ68KDvI4L/zuX++zgjJ3rB6/UH+fplT9F2BI0
jggdr16JcCFuyoht1CJPErlN8YhmI9SxWrNmDYY0k+CwoCGY0A6sw2Yq92qS7/+yPyxfyFHMOUKO
mGPJkfhRC9BkGdU7kHPcnCZN35Gvs/rULfiupqGP2Rz2OUmnRqUwFOSSAz6LmOTjvH6faBEzRIs/
wMfSVraBjIlt9WxwOdaPqc7wi5aA1+R2uDgHMTld45O9TmLLyZBvXOi71oumIPfbHVHnkXtvXEDT
vKj2oRSjkrN+hqdG/VgSPE7QkUqVZwxJBp8xmCakiWmWNCnNmuZL86cF0oJpoQKhQCywFEgF1gJf
gb8gUBAsCBULxWKxpVgqthb7iv3FgeJgcahSqBQrLZVSpbXSV+mvDFQGK0OdQqfYaemUOq2dvk5/
Z6Az2Bk6I5wRz1jOSGesZ3xn/GcCZ4JnQoU5mfMz92d2ZfKlpDTfnptEc8MT8yakZtNxNG9CciDM
u+2hcTQUNLhiYn00ibpi+EAwua3B+689L7Y/evSjD47TMVTYRBNaG7wX3ty1e9U/ffTP3epl9epO
9aNZdPnhg3WP3bcyM3/SpVO//8+xY9WTe7c/VF66bEL+hA/P//HTMBnGpuOo8wSSTHYps0TBDBaT
D3gw+ngeMkw8SQQ+sU7cHXLWuWrtEl9nMxj9PIN4E4kFvxjygtViYPHomP7k+Bg5LdEScgRTRrBC
7pXPnbM73JNR6o7JdmyaSfeHw2g2ar9jstZGDRv3YeXYUDknRKPNxpUi124nmjOMo5nUrtu1Dn+8
K8aQEhVXJuULS9Zl/XaP6uqfsWzxbecGCdpcEeVpwtuDLZu27t69dRP3vrTkp2pZhP5q672Dv4to
tnj13L43A63btrWg7Q/dQDksRDlYyWZlslWKuqmYJIjouSKaJv+NU2eIYNE910hqYdRrzTZisI16
7Y2p6LX2UdZGHNY07LDIo8msGaAHRCqaBLNBdEpOqyyHpJDVLyvyfFlEk6CuEMWmuZIZO8PC+sF3
+wff3cb9cgd9nrag3iI3O9iSSGQgBL/TgImSxehXX6JfeUihEk+ec28Aabt9g8W8HqoTrA6Lh8Sk
GKQEVM+1d/ToFfUTtS9HkXISqxLXcOvj13teTjTQUmrgh4PMqBlydtmBIs9nX05Rf62q6tPq3fQt
uu4p6j/QMObXR3577dqHL5zJpJ1//ogeoA/ScnpAuV3d8ctutUd9A9u5g4fJMM5AGcpaJJOVmCjK
IMgIiDIhxBguaJFv9IYHesOjMVCx2aQcSZHmS2VStdQoGW/FmFxXFGHORfHFq8mB0+Rg2I9yEDGi
ZCsOssFi2OBYb6mOgxSXOcUmadFsWAAIHIhfVfEN8T3xV+IRv1L0SBtl1x0VgX6E9T2nT/ec7e4+
qzapRfQ1upZG6FF10RJ6B51N59A71G71LfWU2h2h+2gFtpfUlRh3W9SVROf7PrQxFfl2kg1Kls1n
NBoMPlm2ZchGajFBncBq7bTOSsxpRkeaLOJRQnHIDi4YMwy5vehOvVEH+lJzIi3k3eI8aFVGIyWl
SqLimu9aZah2NRkaXS+7jEZjrDHVmG/Ml1fJhtJR4dERlNb86r6eHvoePHWWE3rUmwOrz2rS/PoP
cDiCJsbnD9wRifIwE2NEOz+deElEGeuJMUpuCu3MfUBoS3BYgbazQzKx3+NMnGWw5TllaSZP8jwG
mbs9KYoIN27hod+NEDAC2Tknic9HfBTQ8GZ3CUUYupOIgi9MIklD5/TQfTLbt93X5YNR3U9DuIx1
DWPChFQNJnEwc/du+pXSUf/GW62DT22c8ZPKlU9GIC/SsrTovXcHr0ciXF7Twy+9qoaidlKE/sIj
P5qdZClO0mwxNDvaNDuZ5ppinmYLa4ZyQzeUAc1QTsrxSnxZPGhWMtEup0ax+VYr4Y5W339fTc2S
JTXqn9XztJDGUw+dpp4vOkeRnZ7zqvr3NQhlBmqk6epv1K/Um+r1UdmaZiEtOeQJpdDvcUq8IZOA
bBzTnu6VD4yDtpRAXIzIjO3ph0KxZhLvFGZZ3HPjTXkW2eCaGy87g7My/HJacl7q7eN1F5qKCVLv
sNmgmDWpR8WOxqMJ3j0Zg6MikXB2WAmXhavD28Oa4/+wXL83GFUB/8E9R2vferN1sKnhtkUPrGoY
3N8wbeFS7J/RVDFt/6NPtkOkYtmVq5r46ZeXVu14evAvt55p6ildvELTRzbqY6YhhsSQALlLSQ64
mD0uqcMU12Gl7dBI2q3VpjZHwjRxqpPLc9l5mUwKapalm5aGF71aRqpZlW5UxwtDiLL5ekankarp
JxRMHYP005jYaPTQOLrUSm9mtVZ/TJn69cfVrVmqgd5cWrG6pGR1xdIIC60d3LpogXpd/RrbtQWL
miK0/PTBrk8+OXbwtKY3TJ74Oai3OPITJYXE2k1mJ2W2djs7ENsmmdvth0RhgonLJfKdDpNsybPe
Ho/aQW8YzaF0P5AvaPHRoSnE58n2FHrmeZZ6GjyaQkaSgO8Jfk6NYf6cx58+PzhzdzvHT3j1CV8J
n6v+6ieL3nlTXaLL9UxVpXnYzvnTSKORJJIHlaABiCCTdpP8stQcYzoIzZ62mGqvbCfTTJPNhkJ3
2KtJVYsSUcvHENErY7zW6QuWJTUkvZx0JYnvIT2GHmOPqcfcI1whVwxXjFdMV8xXBAuCDNVF66Us
4NJFnZ9r4EMjfgJ5cx+4fx73wWDKE5trn405mDlE/qT2qe9j4iNRE/Vwxf9y5OCvHD8z/fqtdY+/
2YlR0IrTaerbIz67Cm3EgjYyR0mhxO4V+A6P0BGT1O5vlNpjqj1tNl+eF7N+a5401TjNHdaM5Ebv
wNSpvd83kpOFoYbQsZCGPMPmoNPLNGFbUe4ayShstyZ3qCp7+NGS+1Y/XEaX71aNWXuq/6gOUvhj
9Z4sNCH6h4dPHzz2ySddB49GmhYtwCqMoZ9nLFhEB9ZGcy12FfFfJvHkHiVor7PEacHPisHPYnDF
OWySK9tsy7BLIbMeBz2aE19AL46CpF2vCvu11Om/IxDNT6hOaEyAUTQPY0bEh7TKBUbSIi0wLvyK
pqrv/1Xt/+KL6idf3LupWgP2zy5d/nfVFuE+fm3Hc6+O4iDRcT0N65nxSanEJ8daWSr1tVtTD5hi
X3Y2xyW00XZTtRX81hAfm+vm8pJs6IAh2S2G0/UcXPPDKK1I6MXefvWiZjX6jN2h5385ylhfRkFM
oaswttBdGFcYP9kzL6MhQ8h0ZcdmuxssDVKDtcHW4GvwNwQagqJmRvYRPaTmTZg4ZVhFxlAeeoCf
p3mj+uJXtaqGmUcffeXY14On1zVW1MbVLH2nhnqpWW17akXFvfMWruS2DfZFmormH3vljeOFG9f/
dMUnweC1wd9ff+TBB1c+EsXgYvSTLJRDOrUrd2IeaLMsCPjNAmcSF/gD/pG65DUW+5qHNZOjYzzN
rqOONr02CZgsXs6d60JPN81zJXvnEVs4WptcGKlN7MPFyQBWK3/q12H5B8sTRRLNoiCKWApJotWA
Ib2xIfPlzJ5MSDenC+niWMtYKd06MTQjVGIuEUrEEkuJVGIt8ZX4SwIlwZJQhblCqBArLBVShbXC
V+GvCFQEK0KbzZuFzeJmy2Zps3Wzf3Ngc3BzaI95j7BH3GPZI+2x7vHvCewJ7gkdMR8RjohHLEek
I9Yj/iOBI8Ejoaml9PsVysSoW3yvQkktq7G2bHyk9u6Hd/5i1+c3H7i+scbc3PhIlbJox9X96pD6
xYrf+2j6z+pnz1RmelLS9zz52hFfQL2x+tEZd0yc5krJ27flxKtJep1NstXFbCbqw0JCpEbJHPF1
qd0WRGdHl2+zHfK/4KlO9k0g6OhTA1bd76VJyaNhQQNZuVf/VKGFvRG3H0kzkvU0I5kkD6cZillO
KUxpSDmWwmMCfkuUSBnB3ZEoEoVjLn0kUqht3wkjHYPLW7lZDw/HCh0Tvoki6qzIcE41fuhjOMxq
MAN5QPG6BdlE2nlOR+ZqA3coTjbaqZnJQCZhLjK1L/zOtQsaKiM8D/TKF0Y/fIhFGkPaN484naM4
EjeSOM2LX4rZLZQ6Q9o3DnvAFbAPQ3LUr/5p7166nI5R3x9boEzjXjC/dO6DffB6hN6jnowMrtky
ffF9+zc2v6XrA3MU7jeIvSJxkSlKHHSaHe0xh2RLu5XMNkiYiThtefbbY6MZ/DU9JIcH+j7E+kL0
ubPdZe7t7i43o6VO3XiwhsP309Gw9svqBfOqquYtqKabWgertOyBFS2oqsLJR79eo8ez4TxJp8FM
xisOQ7upkSftHM0jshHy2O1C9N3Db9beK2aLZeJ2sUtk2me0kXdxhcOviES0ED/8/eN5xGcXmaek
S7vEnd/+LnbrZ7EMhxAy6CAd+w1I3+gPDwN0v4pWp/bmnLC5fe4f+Sam1y0st3mwla5vblaf+vTb
38N2Res5LW5vQvv3kLDiJu5mkOzNFnObVs3latXcNEP41mpu4MLABVm9kHPcloiJDwbN4Yj7LT/V
NM9vSv30H9Ve9TKdQB1Vf1xTLW94bFf9us2VG610zsk3aCoVtYCbkaG+37Tp8n9+caVxrU5PoZb/
o+y9ZG00/6eY+2MF0BhN/4W2b6f/evbP36nn/1rK8538f+CbIPx/nP7bfyz9b+PId9J/LYOr/6H8
nw59gLnb+/wYrPvrlQLBzJl+Llkl488NRit2c0xGJIFnHBjmUEoyjMRiYhqXcIhYJbPJaOApMdtE
7pvCf+Dbhb+G6d+t/NOYVvlLY/lMNpufze7n72eG0sA3ZT52lL6tNq3hlm/EbMiyhW5frzahP0YG
y7j9WOwv1OK1OpmtQrvwkbHkcWXcWL+cGLLR9A4nafeaLM1GPtQR3+Y9xB92VmeZc41Jef5Em0ym
pk4zxoaztKB0IxqsR6HxonpBw0Y9zUB9KIkmIU5IEwrH8cREzDyikmyOEfwmvzlZMOtxWUf6MXnR
mHAbvTVVQh7oLalUHn9VPa/+ruK3tTW2LRs7mm5Nm+hXqnEkp4LXB8o++o9AQH24/KVLkVsTqKaI
unc4tTodzVcwLmj8x2JcWKRkhNxGp8ffIZD2GIaFgqdDbos5BC8I1cn8BLfTILu4PDLVO00KJ+uJ
YDiaCf5AVDhRhdDPjaQdufa/zdXuwRUdP87M1wEsck79DTbQuLR6ZwvaXzx5WAnFyky0OA+Y3Bqc
HjJVIydxs2J5GYmfKeXZZHGSR/sSoCWy0TwWrS08WuuQBDrsPVow0AKBR3chD/EMu9CJ7QldCdy3
Uirdk6Ls4Cl/Y7dqKNSdh968o7hyxUZ+zMDCaO3MZUYGn79Y2XaUfqDHLY16INrfHAvhubnYJ2Fm
C+hJDWSILqLL6Fq6ge7kLnIf+lP9Of4C/9FAcGhI+89C9tOFtAzX64fXnbg+eXT9xzcNDz6ke+k+
2oZt/3C7iO0y1f4QGf/m3f87G0+0v1MULSxRH4v6keEuIZ8u7E3EgFwSjD4/tMUSO2JjDHHqfCah
8LUtASVjJTaMyQHiwDgfT4Louf9/+7GNIxxdrx31qulLKpMKMvxdD1eW0OU4asLjdlJG11MMoGQu
WUJuI0+Rv+D8Rv1+H92I7aj+vLM4czZ6hvNH8SmEFJEaspG06u+4xC/hy/n1fDmmQVvoFpz5nbaG
lUAWn47XbsR9Pa4t185pIbZ0Uk6wSiDtOPMlrkfIXiqwd/HJ/0BTyCp8z1zcO9DtTUjLdWrlyqkF
r63VDAwtBPnDTKOCrCERvO+63j7H8UoSYdcNMdyXyNcsXDPwZeQTfHoNqaECzYVc7q9471ycada4
op2Egwo02zJsY/Q2nSzH5xzEKyJkH7ecy+XHaFfptN9GPiAndbrLyQ4cLySd+pHAAHkP8mg50q/J
Jp6dJ4uN99CAwUqzjQ0oK2Lwko1cOfHBdFJL0MBPGrSv3pRg5OniUu5e2aUsKPZfLglkjf3O0C8b
/V1kfpcU8Z8aGppfzCewki6W2AUppi4+JfRvP7b4b1ljZ88v9nddnTF9+Kkzyqbj3KJiPNVGOI3z
M6ZnER2FuAdOPZYVM2Opbep/EJ9JV/Z778/9XyP9V/MHPrZeN6fjtdoi1S/Ao3GT6iXElovr1dbr
w/PfbCH+XVJu+JyUGeJJGbtB3Ia8oc/Zfjy/RJq4t1EuB3Etb+iG4QGyGM7i+V9RcvPJfewqmckW
kyLTz7BvJdl8PpnC3KQIz4swcyxj2aSI30iKtTU4TsaDQGZqO3udlPF/wOuukkL+4NAH2vX6fpVk
D9M0Hfd/RuKrkek43PtQf8VoAx9Fd/Y/kKou5Ay1ZjyFgDUHwUrGHdcELHNFvM+SjDsiprSLECuu
W/Ee2+eE2BsJcawkxInXO3HNic+OwTkXjl14f2wrIW7c48q0/++6tEKcmWSSwyhVTvvLqmEwn0k3
4Zg/xTUqvVdU+PVseFeFdwR42wqXw3CpGy52wz/chAst8PcqnFfhXM9d7Fw99NwFZ3PgTD38UoRu
FU6r8N9UOGWDkwK86YITqfCGAG8o/PG/87C/80DXMQ/rSoJjHnj9ZYm9ng+vYfdaAI7mw6sidB6x
s84wHLHDkUb+8Dg4tDeJHVLh4C8c7KAXfuGAjlcyWUc3vPK4l72SCe3YtXfDgf0edkCF/R54WYK2
l7pZmwov7StlL3XDS438vhdT2L5S2KfwL+LTXkyBvXvsbG8S7D01dE4Z4vfYodUCrQq/2wstIrzQ
ArskeD4edu5YyXaqsANfsWMlPLddZM/FwHYRtiv8s9sk9mwMbJNg6xaBbQ3DFgE2e6H5mXrWrMIz
eMcz9fC0CE8lwc9x8PMwbHrSyTap8GSNjT3phMYGiTWq0CBBg8JvwCs2qFD/hI/Vq/CED9av62br
VVgXKWXrumFdIx9Zm8IipRBR+LUp8LN8qMM76iphDXZrbsLjXqhV4TF88mMq1NigppGvrhrHqlWo
GgePqrBahUdkqJwNFQKsUuEhAR5S+PIAPFgPK1VQtq2ohOXdsKweylR4IBZKRRsrVeF+O5QUe1lJ
FhR74adhWCxC0SIPK2qBRR5Y6IEF82PZghSYb5XZ/FiYh908N8y9N5HNrYd775bYvYlwr8LPsSWy
OeNhNi7PDsM9OH9PPdwtway7BDarHu4SYOYMic0Mw4zpFjZDghlRlUy3wJ13xLE7W+COOLhdsbLb
60GZaGaKFZRGvvC2dFbYDdOwm1YKt+ErbkuHqVPi2FQHTClwsClxUDBZYAUOmCzApHwbm1QP+Xh3
vg3yG/mJZpio8HkT4lheC0zINLMJcZBr9rLcFginSyyswngr5FhElpME2cnpLDsfxgUENi4Jssba
WVYLjMV7xtphrMJnmiEj1cQyvJAuQbrCp42xs7QWGINzY+wwRuFTTZCCj0jphmRngCWnQwi7kApB
fGCwBQJ+EwsIEGjk/SbwK7wPV30ZoJxIsmexpALwBiCxHhJc4AlDfBjicDlOBXdsOnNXQiyOYtPB
xQTmSoKYOHCikJ0BcOC9jnqwI0v2LJBROrIKNlyzJYJVBmsjLyFz0k2wiGBReNEGAl4qdIPZCyaj
k5m6wegEAz7WEANMAKbwPDgY7wa+kQdqY+AAUHgOzzgVx0CxkMci8hRd+dQ2mvn/5kb+bxPwzeYl
/wXrloP5CmVuZHN0cmVhbQplbmRvYmoKMjAgMCBvYmoKICAgNjU3NQplbmRvYmoKMjEgMCBvYmoK
PDwgL0xlbmd0aCAyMiAwIFIKICAgL0ZpbHRlciAvRmxhdGVEZWNvZGUKPj4Kc3RyZWFtCnicXZLL
bsMgEEX3fAXLdBH5EXtoJCtSlW6y6EN1+wEOjFNLDbaIs/Dfl+FGqdSFzWG4A3dgsv3h+eCHWWfv
YbQtz7ofvAt8Ga/Bsj7yafCqKLUb7Hybpb89d5PKYnK7XGY+H3w/qqbR2UdcvMxh0asnNx75QWmt
s7fgOAz+pFdf+xah9jpNP3xmP+tc7XbacR+3e+mm1+7MOkvJ64OL68O8rGPan+JzmViXaV7Akh0d
X6bOcuj8iVWT5zvd9P1OsXf/1jYVUo69/e6CaqoqSvM8DpFrcB25RrxO8QLxQtiCrWg20Gwil3ni
OMR4iXgpTGCSXOgr0Vdb8Fa4B/fCDObIBKbE0JBoyIGdMM4iOcuAjTChFpJaCLWQ1FLDZy0+CXWR
1GXgzYg3A40RjUGukVyCZxLPhHsguYcKNVZSI2Efkn3oEfwo+0BjksYgbiQODyZ5gOc4yMPdXkie
UHrt3hv2GkJsi9SQqR+kEwbP956dxkmy0vcLERa+JAplbmRzdHJlYW0KZW5kb2JqCjIyIDAgb2Jq
CiAgIDM3OAplbmRvYmoKMjMgMCBvYmoKPDwgL1R5cGUgL0ZvbnREZXNjcmlwdG9yCiAgIC9Gb250
TmFtZSAvV0RKQ1BaK0RlamFWdVNlcmlmLUJvbGQKICAgL0ZvbnRGYW1pbHkgKERlamFWdSBTZXJp
ZikKICAgL0ZsYWdzIDMyCiAgIC9Gb250QkJveCBbIC04MzUgLTM4OSAxODU0IDExNDUgXQogICAv
SXRhbGljQW5nbGUgMAogICAvQXNjZW50IDkzOAogICAvRGVzY2VudCAtMjM1CiAgIC9DYXBIZWln
aHQgMTE0NQogICAvU3RlbVYgODAKICAgL1N0ZW1IIDgwCiAgIC9Gb250RmlsZTIgMTkgMCBSCj4+
CmVuZG9iago4IDAgb2JqCjw8IC9UeXBlIC9Gb250CiAgIC9TdWJ0eXBlIC9UcnVlVHlwZQogICAv
QmFzZUZvbnQgL1dESkNQWitEZWphVnVTZXJpZi1Cb2xkCiAgIC9GaXJzdENoYXIgMzIKICAgL0xh
c3RDaGFyIDExOAogICAvRm9udERlc2NyaXB0b3IgMjMgMCBSCiAgIC9FbmNvZGluZyAvV2luQW5z
aUVuY29kaW5nCiAgIC9XaWR0aHMgWyAzNDggMCAwIDAgMCAwIDAgMCAwIDAgMCAwIDAgMCAwIDAg
MCAwIDAgMCAwIDAgMCAwIDAgMCAwIDAgMCAwIDAgMCAwIDc3NSAwIDc5NSA4NjcgNzYyIDcwOSAw
IDAgNDY3IDAgMCA3MDMgMCA5MTQgODcxIDc1MSAwIDgzMSA3MjIgNzQ0IDAgNzc1IDAgMCAwIDAg
MCAwIDAgMCAwIDAgNjQ3IDY5OSA2MDggNjk5IDYzNiAwIDY5OSA3MjcgMzc5IDAgMCAzNzkgMTA1
OCA3MjcgNjY2IDY5OSA2OTkgNTI2IDU2MiA0NjEgNzI3IDU4MSBdCiAgICAvVG9Vbmljb2RlIDIx
IDAgUgo+PgplbmRvYmoKMjQgMCBvYmoKPDwgL0xlbmd0aCAyNSAwIFIKICAgL0ZpbHRlciAvRmxh
dGVEZWNvZGUKICAgL0xlbmd0aDEgMTAxMjgKPj4Kc3RyZWFtCnic7Xp7XBRHtn9VV3fP9Ly65z0M
DDPDAMNjgHEQlYimfcb4IEZdV0mIowHEQQWjRkUJJq5vFJ+ICVFivGbXPERjXKJGiSFmTdZld6Mx
brKbh+Th/gibvctmDYHmnu4BNffevfd+7j+/3x+/Louurq7uPnXqe875nhoRRghp0FpEkOfRRXMr
PpIOfIlQnA4hquDRx5d5arNf7EIovhQhvKekYv6ir9b+tRUhdw88tXX+wlUlfVr/dGi/hFBsuLR4
bpFx730nEPJsgr4hpdBh8mh/C9ctcJ1YumjZymMjDeVw3Q7XexaWPzoX4faHEfKuhOv6RXNXVtDr
mGyEEgS49lQ8VlyxfBX7HVwHEWIeQRQqkeroEuYwSKtCTlFHv4PYd7CaKaRolNV6pWMQEq50XOkI
mo1eY5LX6C2hUc9SEtvzhVSnMtz618fYVIRRAb5GFVBL4R3CaxSiMaKFK7+Wn/x10Oy1egsoJCFq
aQNIgFE3QqSL+RY0tFKMo4sYliFFLDOFsDRm2AVqvBRxKiONKK1wpbW1p3UQyuoIdbUac425wUnT
Z6nob1QC/c3sBDypSTNj1htIi0R4qRZp+1qGGYcOmy1yHuTBWVyWhi6EMVplTF9LdAwSlTHeHK+R
yUnKNnqt2Idp6X28cAumI/Qf3lrX0V0ZATFBL8OlmXQzPRbpkA/9RAxgZHQRPb3Hqa/kE+IrPZo9
lhpn2PMU35DoDiCV057jNQRcAvLrg4lCV0co1B7q6hDaQQkdHe09HUJnSOgUOo323NzgyeqkpiQK
F2KrxZYdGpIzONmXwPp9OV7rSJwdMlktlC8h2W/MtnpzsvHh3TXbdu7cVrO7+TheMOSF1a23brWu
fmHIK703j1MTFrRc+vzjP3767mtlR4rmSO92d0uX5hRJsWVl8rr23aBngvwWFIvyxXhKba1E6v1M
rc5Ri54x1ejCcWrO6kSx2MmnxckSwzLLawbCdghSu9Bpyg2KJo9LdFW7SBtqw21Um7UtlikEwb1R
yYdmG7AvAeUMRtkhpMqENquiZ/Z8dejAqmfcewLfvHlT+gLbPv8rpq6wOzdV7xIopL72UXXVsSac
LfXgwdK146ffOPc6UnAxEXDxPsjrQHvFBDVnZjDiK42IsdXouUpjg1ajpjKQEDCp/bqAIRgjdLV3
hNqvdAgyQjo7Q9LFi6DgiwpOxGECErBACUSgBUawCjbBLjiynCISsUiJRKRFZqxVtIl20WGFT1Py
YA/2UKw8uUlNVhk0MQpoYqBEQYONPmWG1ujCGAfWy0bejzD5kzbtvNp7+UgTLh1ytDLjUTpV+u6B
/LNNkjMSITMWvFFeZpDnuLTvBjkBc0xF18VRvgQq0TtSp413Uy7PSK1OO0Wr83hpG34ONTK1fttz
1kZnranGH07zaHVel9qeYXWN5NV+6/hEKoNH49KErtaOK+0dCq5MuXBEVw9g1/mdjDTFXgTDN9BU
KX9nJ5zwpGNcKM7yu/0ev9ef4PcVaAq0BboCfYG7wFPgLUiY5dvg3uDZ4N2QsMFX567z1HnrEup8
R9xHPEe8RxKO+FxienX6Mcsx6zHbMfsxx7GY85bz1vO28/bzjvMxhkJUODQnOx5HYZ2FM3HO4CGg
I7u1X3kWmxvHA/BZgPjSCL1ty5qn5uxfv3n1B2/MOP1ohN60fNmKgo279q3/6r35rcNvrXi8cPb4
mYMyAj8r2XUkkPb1/GXTpo15MC0ja1v5vpcDUTuVcR4BnWqRHaWLZlSrY2tleDuI0zqWA3A7ANxd
HVHdCJ3Bk56Y8hiwvqQBywOZ7AMgtloQVbpn3749e/bV7/5a+hLH3LyJY6Svxv+5vf3mzfb2Pz8K
yJVwSPqNJEmXB3BLd8L3XahCzFTpLU6aYPt6DalkGmJNBoIrNTUCMo4wxwVYPmD26++hA07WjwJU
MD6K4a6OdqFd9hRZeZ2d9lCPspyweqey3NXuJje5A8l4BZLxUKKQzL4bhgO4jM4JLmbIaMx+fmHT
kcMSfTC8au2GxgiZVvbGwsXvftB7MRKh0Fs7z7wKCL2jx60wDw1KQU+IWbFebQwSdLgyZre61uzd
7tsWX5tcYw7rKg1UDIO8GQn6gJNHfi3jTLClpSpYlL1eFIuyTbZLnd99qUAxF4xS9iaJQlp52sqU
ljS6MqUFt1AtpJVuZVrZVmurrdXe4miJaXHqZRPMiS4LoMiszEp2M8kykrzRJVP5cqKml/XN5g2b
li3d1nxYOjyisez4bzuvY2r3+sVPCXPCr83841c4/7PHK8uf2o7P9v4+snTi+LON/3Lq/lXri+Zd
S039KOp3tsL65UM8ikNTRK/Ogng9WkYVOYuZBfoVRoteZ0cabGfVBo2ATVoXzFMOh4I8KWWW33VK
nQKEJ5iedrxmvHa8brxlvJWBSfiMsoy01YJZFZZXxpuDR+LoBDBbUXa99CY2SL9x6KSNVPnynhH4
7bq1z26pbaCXYE1u3ucXPpLa7HCvWTq8CLfW/bBl39Ht8jpthHWqBXllvPsA78U6tti0QMY7qIxj
ee0dvMueIJgUMhkFiCiUUTABzo2CjHP4S23dX1+/X65/k/6CjX/rwoL07Xg8FU/HM/BUqUl6SXpZ
anoU1+PFuBzXS6XSTmmXVKro7BWQYRVzFbnRy2ISYV0rncWssIwvthSzOrwCzdOFPS4jpYlHdpaL
N2p4ygMygeJaZb31S3ZRVpzUDrgAeHMz5FD90KQmfsZDAHSPAnQI5AO+d1KTCUaYozeViO+RB0Uj
fjJPeJpneJZX8Wo+hnfysXwc7+LjdTzisRu5cRbKwiz4Jmz1Kosi27lXibEDrkoBlZFme2cM3jrz
X7FD+qIPzf9wyRLu+d0Hjv7iYMHmnJnM1cPSjMREqevrb6R/hLJxwva63751oU0cQ3XK63Iv4KgJ
1oVCRnRQTKKKOA2HizQabgrW6NBSg0pglmoWEEpNs8ioJ7xWTZmErit5QHLyWmWtZLX35F3J6wj1
Ex1BZjoMMJ0TWRz47FMezqP3GEiU1Exq0sna0t9RmUlRmQlKVGWiQ4udeBi+H9MsZaNSNEOoYZr7
qAkalawHIzeASJkEeY3Z1HsSRU71zvq2dxm1/SJ2STe+xd3E2fOlxEZw0iLS1aMpkz6S53m17wb+
hKxS8OcWeTKXs87lubDDxAJVcgjyDOQVlm0kOFRx/lFvb7yrfXXKsGFTJufmTp4yLHfy5NxhU0qH
5edD1xSqtb8/apsNgLNq0Gka2GY65yp2m5eZiu3Fbj51GSpOLiYL+HC6J55z+VI1yMeyTlZn0SAT
lR71RgNm2o+4nn7MdeYGzVGPaWFVciyifwyFdJxzFybeWX7tkY++O9rQ/J70lXRr+SeLKzSvHNh/
/FTTnNCxYzs2btyrr2DqAplv/Hzjax7ntRd/94mMjB17jj/d9FrJzl3rtq59AuYR7rvBzgN7iUGL
xSQdG2NG3HqbUU8TVM5T82xhJ0lkDIk6Xkg04UTGiLxOsJf2K+09SlwA4fM67KH+yQRPumPDsZQS
Fe4YhVMxCidy9hvFyR2xjbEUOCEIDz6jILvSmIEL5PUgI3afpyacP/PFF2fO41vnpG7pIpS/M5Gy
sp4e6fPPP8fxhIb219KLEAXj8HQlRkCso8LMDVh7K7pftBPOVGlpECAkIMLqAzq/mQ8YgzYIa6Ge
djl1AOreA6wyeKLWju+EMZsCVRuUKFTNdyHDfJtcvTMmK3PM6KysMf/nld4/N0EoY5Zkjh2bmTV6
9A8pETmQwTuGA5/yM0sAiaWiy65Bgr7WQqtRJUs1WMIOlWDEAY7xE5QFPjFPpou/jnIkaLcKkuK1
sWxFIJRDUaADOQa8ipVRMWqryqpOViWrs2KqY2pjDsZoCs0+EC9qNHdx4OScPx469DoukI4MHj9h
NLVVvX3nwZ+Rs2V4onSqrLdw4+SfzNm5YdsvBuLsDdYCvNyLHhCTbbRgJShmj969R2WsNC9Blaqw
voYyBawC8eMAyolzatISZJcOYufJLKGjXYbyQDIhcsgn+Kp9TT4aOM1AsKRyBptk2iUrktymOSAu
nd0k1ctpxPe33pbTCFzSvLtm+86d22t2RyKQROCh3d14yJwiKjXyw3sLzr/76R8//vySvPZ9kLMy
HwGGKXAxL4sPIjlzo4owxbKMyUgJkMPxShdEFpVahQW1ygBVq6P0glqtmkKxkKUKOjWhy9l5GmIU
eINeq1bBAxjpzRwxQ7IIE5JZUDuA/UqHqd8NMt/YQyrmG/mfoFZcokrp6r8A/5hikjmtTXb2vIHn
6RQmhU3RpxgCxnST4vW9HJg0hiJji3hJthU/TSVKnb0T1lGWn1PW3b2fHanqrak6TLmoiz+4IkxZ
995IBE+QmiNRPzQcFDAN1oxDomhiK9VLaFRJweL4VSTABDVRwPfDHcCuvQvsGgXsGihRsCfdBjg+
LCdxkNVFIhFGjPTnB8xh8HcuNEyMdS5GRKjmiyyLdQtION7I88kuP7IbuCQgjuDcBmK84teCJwV3
uVv2CiwtZ4/JVA7YeYi2R7MWOfjLYGUOj5Yude7qnluxCO/C91diy8ElSZ9c+st33/3lhQ+DeOvv
rhXNrcCuk/hh/KI4Svr52RNAAn4pNUsvHzwwwHVBDy5ULgacFpW+n+ku+d8zXcWl/Y+prvF/QnXn
VMpUF1TaO/Murlt7+kQ/18VoKNjgR7Qf/PFyMcFuZHV6C7Wec0Bqjxq4MI0CdvAaAXyPISD4dVmK
M5bNrz0apDvAFYeigg/sMPwH91sd2yS73/7ZOJXZOOVhUT7jvYvWKvOK7gQYfdRVPOsV6ensQ2XH
XziC5yhTof09YyJnI+WXrlG5Zb17L+w4+yq+ocxD9iUu4OxOlCM60X57LdHv0+011nI1JBxryNA5
kcXJpsXKcPn1lf4UqEfO7oMnyuNkkEbzd5kS2uzG2ymajBTa5f9Tk5wBOb8u/lVxmXXbur31++pW
bHfie4+egCQI9eFBWUHp25q1X3355ddrqgbshP4K8BGDq8VZ9oOc2nbQauPU/EGBV3Nqw0GOU5st
lMk6UhB4fqSBt9msU2y8mlCQ4mvpSnaJwyIQqlLbYEKYIZzVzOs0rNGmMhkRrInKzwRIEFZDXgqh
pcWUC2kSZBsynjrAZyi7LLfz3qh7kHNfod91wD955+gEHyv7iz+o1BzP2dR2m9rJO23J6lQ+1TaM
z7Xl2ifwM9U/5eer5/PzbaX2FepNtjr+lNpBcyqNSsvoGD1rQAaWV5u1FpXNxJk1Zq1ZZ9abDILB
ysdaHFa7LYVL0aRokw2pfIaQZkwzpVsC1lRbVuwQ3RD9EEOukGPOtd4bO54bqxurH2sYZ57NzdLM
0v6Un2mcaZppLuVKdCX6+YZifr4w1zjXNM9cbCmxhWNXcis1K7WVwkrjStPj5krrVvNWy2brZltt
bB1fJ7zOndac1jbbZoDPS8X9BhMN+lzU92EVML2JvT1HwOvglv34s1NSK96zv7erXrqw84hsMj1a
/GxZmfQxpEsR/NpG6feK7x8u5eITStyPRwvEhHjBriOc3RZba+Yg+DeYn3U7MmzAAWxDeD/wgKBb
XiOFAsr7Xz0y7//govAbOTMEW/eEPRWeu2zdrVgH8PR+6zi51L7UQaHCH/ECxUjkln9gf+GyTBBG
BbPGZEAUe+vFCetGzlH9ZNpDP73NE6TKsh+WHD7j9X4ULlj9ZH+urnoE7CWIfiGO8jjNeppNR0Tl
EtYTf2VqQ5LXYdEyqspMUuOzcSjGrBmhSwh41MBs2HvtI2L81oD53pRAmsefGEgODup3ajDTfsfW
j8W8zhB4N5lpymi0y5nhvaE5ofLQjlBTiLkz70HKvAdB6afs5ixNljbLnuVo07Rp2+xtjpYQV4j/
c5f3Hy5ubwTQSTn/sviFw0ckqjFcvvrJRkndf6YUL3mgaM0RMmv5irbfKY4x6fktimOMUIGDG6Mt
ecMqUrEaIv2T4F+2QTyKQUmoUExETk8xMS80rbIX88RZzAH9TrZoTIj1MTqrizXZWG2yrJSujujK
g15g5SXFzQfFWDd2U27ipt2MO97tdnvcXnfCKPMoyyirfsATDe5PTr2319mEB1wS0Bhybswri/4k
9WH7zV7MS+ekjx945aEK/VOLLpyTzm3ft2/79n311LOTJmLd1zewUdooHZJWStPi428VL8RJdELb
hQu/vfTGOx8Apgna3D83OY/JQiPFhEQHKbZyxfF8cdqC+HAw0aEzMX4dk4HYWCvL+r3aoJxWdA2k
FQMJ9gedchy4i2KRu9rR/MKXkJgzeMjQgc0wQDQ5fXDHjoNyTd2yZvXWravXbFl49Jz03a1/SH8/
9+K+525dv37rOVzfePx443PHj5PHN9XXb9pcX3/Jfvng72/c+P3By/bYY5tOtrWd3HRM2ROQGlTl
zCEIQlPQInH46FGTxvnzE3Vo0riURKIfV8lNquQrRbImsTKdW+OoTB+a708xGSbEsqN0KNYQZ3KN
YOPiY0cMovJhinKA6O0MhQZ2coQr0S6I2UJnK/TJ3f2nYNLtrRmIIIBCZYPDn5wo504sZbWY7DZa
Did2mZYkyrRksGnokMRsYCagGgExP2KnjGH47sJjf/jDscLdwxuOnh07JiK1vVrQNPPdT4vmLMLp
Lz/5aThnodT5/C+lV6ueXL9hbTWefeEDPHfF5HzpNISq2qWrNm6qfGz7rWlTuy9d+n7qtO09PUnd
Z8svzli/LdlfKG38xwvSV/NXVE2ePL6wcP3qanzfG814fPUTm440zPtyjdQlXSK4dkHVM8cOHDz2
rMLVpVz6BvgLNwqgEjE7AAzTLMR5SCqqdKXuMasPqHS1tG9PTI05TD/rasjgMlTxAU8c70c5yU7V
UFtaRtQclH2xOz8F/OnLfvoOGjQpFD5TyKzObMoECo9/7OVG4LvpPJj43UjLobN7bi5omRU2bag6
tO8Oq8elUv0Aqydnex764vvk5E9Kw79srb1D8I+USTX99L5Fid1vQl7/HuoEexh2Us8ipBOu9LRC
evngrJMaCqnpvDwhL2/2IHQSMv6wDihF9B6DiVYVvfejdP/NyblD8/OH5k5WUvuh+VPkb1xXcgga
vuEVeaQij3GYUdNIR2lY+FyevBMCDvRKHpyDWMmxfEb5xxpylBrU29bY20YNYujetkNy4xA1SJH7
JeAc6yAvUaPHRBch8nY+wRhNAcFWqOZhQmGCaA1iKU4232iK0dVhvJ1dRJMIZQ8KfDKn+GROZvp3
dp7kfoXgcfL9aIyyYwehCjnsw3JO7aXX9TbvpTJ685eTa0x5905mUDN+GEXZpiwT6BPRVD6c45EA
PQZUDQxqOp6LV+In8C7qIvWxJ9kT9Nzjecmb0Ncn/1aHGvE0HIb7Vf33zXA/9/b9f37IvPlj/DRu
wAegNPaXi1B+hX+l5PH/2eFTnkxQJCWwQgLIqJd/YwT0xyP+rpEeyP4ReM3//jD+k34NVOCmiIGz
F5JuE4pDscgGeQUH60hDL4tUyAxx5/8f//TAGrQU1rIZvQflfWhNRhG0BG1EjdD+Aq1W+t+k1XKB
nuuMPPZ91IxTYRwlF5yFZDScg/dkw70vYHwJXDeiecr9bnJZKU+Ty9QKsKqp0JqqPNGImslwmiaX
o1V56j00Ap1GR+U2cxnVwbhp6BqU0fD2iegsuo7XocP4KqpC29BSeYmRC2vAbiNQ5jFXlfItelj5
stwXYa5CJtGIIjDPs/D2w9F+nIqnkTApwbNghhQ+SiZA73oUocNQ/EoZq8wvOgeKWg3f758vukw9
TKXSfnwUviN/4zK8/ygaAfKWgKQToFKy/OQmaiQ6kDCGeRNNVE1kdZhVVaEZcHc1ycZPsy4URlVk
BrwhH/q2oXx8Db4CgD7FMjR4HBTwCE1U0v1FTeKDszy/mu3NCPy7S4+g8jShqU36VZ7mvr6ps+hY
ZnYTE9dEktRNdJLvs39287OMwKSpszxNl8aN7X/ruPBY6Js+C5ryFXRD/7ixGUjxOtQjzQ9Tb2+f
w+f9HbnVCm7ev57/14Hz9x/23iN8qP4ULuWbOAosYMmLJBeYr+v7D3sqhA/7++8cSTRojDqJCqit
4NHtqJtxo+H0WVRC3kcT6VhY39+hEsYP7bfhbEdboW6E+grUe6kT6CqcG9hzKEzVoolkKBoOz5cw
7/R1wfVw1o2Wys9CHUqvRiX0dTScWt03XFUHfXb0JNTNIOxG+Rn4/pvsScC2XY4DyjEWakW0YgfU
D0EJm4DwLYQ40QLSiuBc4HEVDFE1wbQHI8RNAJcUhNqAkLYIHGAA6lmE9PAOQwpCfCLUGoQE6Be6
QC9wzzQZ1hv6LR0I2eKg3gKX2AqQgbYT3u+E7zlb5P/DoWgvieJQOqpHsiUKaL/8eVqL/yZ7u2Zq
rfjpOxK5aCZvtyYybxeRt0W6NZG8pScX3vQzF4rIm37SUkjOV5GzWnJGS06/bmFOh8jrFtIcIr+U
yCmJvCaRVyVyQiLHm+5jjneTpvvIMYm8UkVelshLBvLiUR3zooUc1ZFfhMjPi8gL8eRwiDx/qIh5
XiKHishzdQbmuSTSuFLDNCaRg5PIAYE8m0kaNsUzDRJ55mmBecZFnhbI/noDsz+J1MO4egOpF+l9
8OA+C9m3lq4zkDqR3ptE9vwsyOyRyO5dZmZ3Etm1U8/sMpNdzVgUOXrnDg2zU092NmMk3k/v0JAd
LXRteRVTe4Zsf1LLbDeS7SK9DVrb7iE1W88wNRLZuqWQ2XqGbF1Lb9mcxGwpJFtEejPItTmJbNpo
ZDbFk03NfS1iH73RSNbDp9cXkZ8FyTobeaqOPKkla4uKmLUSqV4oMNUx5IkqA/NEiFQZyJrVPLPG
TFbzpLKOrDKSlRqy4nEPs6KbPL48jnncQ5bHkWXw0LJ4slQij0lkSYWeWSKRCj2pEOnyKrJ40Uhm
cRlZNJIsLNMxCwWycC1dpiNlIh2BT0a6yYLSM8wCiZTOL2RKz5DStfT8kiRmfiGZL9IlSaQYBhV3
k6Ii8qiVzJPIXImE52QyYYnMySSPSKRQIg9PIg9VkQKJzB5LZknkpxKZeYb8RCLTi8g0C3kwRKY+
wDNTq8gDPMkfJY4mk7VkYhG5P0HN3F9HJoTIfURg7jOT8SYyjtIw42LI2DFmZmwZGTNaYMaYyehR
Wma0QEaJHDNKS0SOiLIep9P31pGRdAYzcgoZkWdhRkwiecM1TJ6F5In0cA25J9fE3FNIcocZmVwT
GWYkQ/VkiAQk3sLkSGRwtpkZbCHZIQ2TbSahQRwT0pBQdH0GcSSY5WCCY0lWppXJcpCsFjozXsNk
WknmWjqDK2Iy6kgg3cIEJpF0mES6haSLdBqInlZEUlOCTOookgKCpQSJH05+iSTfQ5L0DiapkCT6
TEzidOKDx3wm4hPpBDXxehyMt5B43EbG4yCeFtoNH3MbiXstHa8h8SLt8pE4nsQmEmdMkHFOJzHw
1pggcUjEDh+1S8QmEKvFwljLiMVsZiwWYhFps5mYYJzpDDGCeo0SEeAkjCY8yM/XEQPcM0hEDy/Q
O4hepHUS0cKFVhxWRjQwRlNFuCKiVhkZtYWojIRlQgxbRRh4jgkRGl5GZxB4KaUheDpBEsHNuGj9
Npz+/+yB/m8L8F8eEMX+DedtVGcKZW5kc3RyZWFtCmVuZG9iagoyNSAwIG9iagogICA3MjIyCmVu
ZG9iagoyNiAwIG9iago8PCAvTGVuZ3RoIDI3IDAgUgogICAvRmlsdGVyIC9GbGF0ZURlY29kZQo+
PgpzdHJlYW0KeJxdUstugzAQvPsrfEwPEQQT00gIqUovHPpQaT8A7CVFKgYZcuDv6/VEqdQDeFjP
jIf1Juf6uXbDKpN3P5mGVtkPznpapqs3JDu6DE4cMmkHs96+4tuM7SySIG62ZaWxdv0kylImH2Fz
Wf0md0926uhBSCmTN2/JD+4id1/nBqXmOs8/NJJbZSqqSlrqg91LO7+2I8kkive1DfvDuu2D7I/x
uc0ks/h9QCQzWVrm1pBv3YVEmaaVLPu+EuTsvz2lIel68916UWY2UNM0LAGnwGnA6hBxWERZoF5w
XR8jDkuoZ6hnjBWwYk4PTs+YgIkxPDV7KmgVaxX8VTwX/or9VQ6cM26BW8Y4S/FZR/CPzNcn+J84
D7QFazWwZpwjQ84ZtEHdcB2eecz/iPoj+8C/iP7g6MjpgDvGyKY5m0Y/NfdTIY/iPAqeij1z/G8e
+1mAX3D/0auMe5XBP2N/BU5Y+EJvN8dXyzN4nxlz9T6MSxzUOCc8IYOj+yzP08yq+PwCH/rDnApl
bmRzdHJlYW0KZW5kb2JqCjI3IDAgb2JqCiAgIDM4OAplbmRvYmoKMjggMCBvYmoKPDwgL1R5cGUg
L0ZvbnREZXNjcmlwdG9yCiAgIC9Gb250TmFtZSAvWU9HQk1aK0RlamFWdVNlcmlmCiAgIC9Gb250
RmFtaWx5IChEZWphVnUgU2VyaWYpCiAgIC9GbGFncyAzMgogICAvRm9udEJCb3ggWyAtNzY5IC0z
NDYgMjEwNSAxMTA5IF0KICAgL0l0YWxpY0FuZ2xlIDAKICAgL0FzY2VudCA5MjgKICAgL0Rlc2Nl
bnQgLTIzNQogICAvQ2FwSGVpZ2h0IDExMDkKICAgL1N0ZW1WIDgwCiAgIC9TdGVtSCA4MAogICAv
Rm9udEZpbGUyIDI0IDAgUgo+PgplbmRvYmoKOSAwIG9iago8PCAvVHlwZSAvRm9udAogICAvU3Vi
dHlwZSAvVHJ1ZVR5cGUKICAgL0Jhc2VGb250IC9ZT0dCTVorRGVqYVZ1U2VyaWYKICAgL0ZpcnN0
Q2hhciAzMgogICAvTGFzdENoYXIgMTE3CiAgIC9Gb250RGVzY3JpcHRvciAyOCAwIFIKICAgL0Vu
Y29kaW5nIC9XaW5BbnNpRW5jb2RpbmcKICAgL1dpZHRocyBbIDMxNyAwIDAgMCAwIDAgMCAwIDAg
MCAwIDgzNyAwIDMzNyAzMTcgMCA2MzYgNjM2IDYzNiA2MzYgNjM2IDYzNiAwIDYzNiA2MzYgNjM2
IDMzNiAwIDAgMCAwIDAgMTAwMCA3MjIgMCA3NjUgMCAwIDAgMCAwIDAgMCAwIDAgMCAwIDAgMCAw
IDAgMCAwIDg0MiAwIDAgMCAwIDAgMCAwIDAgMCAwIDAgNTk2IDAgNTYwIDY0MCA1OTEgMCA2NDAg
NjQ0IDMxOSAzMTAgNjA1IDMxOSA5NDggNjQ0IDYwMiA2NDAgMCA0NzggNTEzIDQwMSA2NDQgXQog
ICAgL1RvVW5pY29kZSAyNiAwIFIKPj4KZW5kb2JqCjEgMCBvYmoKPDwgL1R5cGUgL1BhZ2VzCiAg
IC9LaWRzIFsgMiAwIFIgXQogICAvQ291bnQgMQo+PgplbmRvYmoKMjkgMCBvYmoKPDwgL1R5cGUg
L091dGxpbmVzCiAgIC9GaXJzdCAxOCAwIFIKICAgL0xhc3QgMTggMCBSCiAgIC9Db3VudCAtMQo+
PgplbmRvYmoKMTggMCBvYmoKPDwgL1RpdGxlIChERVRBTExFUyBERSBMQSBSRVNFUlZBQ0lPTikK
ICAgL1BhcmVudCAyOSAwIFIKICAgL0YgMAogICAvRGVzdCBbMiAwIFIgL1hZWiA2MiA3NjMgMF0K
Pj4KZW5kb2JqCjMwIDAgb2JqCjw8IC9Qcm9kdWNlciAoY2Fpcm8gMS4xNS4xMCAoaHR0cDovL2Nh
aXJvZ3JhcGhpY3Mub3JnKSkKICAgL1RpdGxlIChSZXNlcnZhY2lvbikKICAgL0F1dGhvciAoKQog
ICAvS2V5d29yZHMgKCkKICAgL0NyZWF0aW9uRGF0ZSAoRDoyMDIxMDUwNDE2NTAyNFopCj4+CmVu
ZG9iagozMSAwIG9iago8PCAvVHlwZSAvQ2F0YWxvZwogICAvUGFnZXMgMSAwIFIKICAgL091dGxp
bmVzIDI5IDAgUgo+PgplbmRvYmoKeHJlZgowIDMyCjAwMDAwMDAwMDAgNjU1MzUgZiAKMDAwMDA1
OTUzOSAwMDAwMCBuIAowMDAwMDAxNDY5IDAwMDAwIG4gCjAwMDAwMDAwMTUgMDAwMDAgbiAKMDAw
MDAwMDAxNSAwMDAwMCBuIAowMDAwMDAwNzM5IDAwMDAwIG4gCjAwMDAwMDAwMTUgMDAwMDAgbiAK
MDAwMDAwMDcxNyAwMDAwMCBuIAowMDAwMDUwNTEwIDAwMDAwIG4gCjAwMDAwNTkwNzkgMDAwMDAg
biAKMDAwMDAwMTczNiAwMDAwMCBuIAowMDAwMDAwOTI5IDAwMDAwIG4gCjAwMDAwMDExODYgMDAw
MDAgbiAKMDAwMDAwMTQzMyAwMDAwMCBuIAowMDAwMDAyMTkzIDAwMDAwIG4gCjAwMDAwMDIxNzAg
MDAwMDAgbiAKMDAwMDAwMjI5NiAwMDAwMCBuIAowMDAwMDQzMDMyIDAwMDAwIG4gCjAwMDAwNTk2
ODggMDAwMDAgbiAKMDAwMDA0MzA1NyAwMDAwMCBuIAowMDAwMDQ5NzI4IDAwMDAwIG4gCjAwMDAw
NDk3NTIgMDAwMDAgbiAKMDAwMDA1MDIwOSAwMDAwMCBuIAowMDAwMDUwMjMyIDAwMDAwIG4gCjAw
MDAwNTA5NzMgMDAwMDAgbiAKMDAwMDA1ODI5MiAwMDAwMCBuIAowMDAwMDU4MzE2IDAwMDAwIG4g
CjAwMDAwNTg3ODMgMDAwMDAgbiAKMDAwMDA1ODgwNiAwMDAwMCBuIAowMDAwMDU5NjA0IDAwMDAw
IG4gCjAwMDAwNTk4MDMgMDAwMDAgbiAKMDAwMDA1OTk2OSAwMDAwMCBuIAp0cmFpbGVyCjw8IC9T
aXplIDMyCiAgIC9Sb290IDMxIDAgUgogICAvSW5mbyAzMCAwIFIKPj4Kc3RhcnR4cmVmCjYwMDQy
CiUlRU9GCg==

--===============8262233415985089964==--

-------------------------------------------------------------------------------
