Content-Type: multipart/mixed; boundary="===============6391020524426574067=="
MIME-Version: 1.0
Subject: =?utf-8?q?Hotel_Real_-_Confirmaci=C3=B3n_de_Reservaci=C3=B3n?=
From: reservaenrealnicaragua@gmail.com
To: gsuarez@uclv.cu
Date: Thu, 15 Apr 2021 20:45:24 -0000
Message-ID: <161851952415.17341.13992989724132165774@localhost>

--===============6391020524426574067==
Content-Type: text/html; charset="utf-8"
MIME-Version: 1.0
Content-Transfer-Encoding: 7bit

Pronto nos pondremos en contacto con usted. recibimos su solicitud para RealNicaragua
--===============6391020524426574067==
Content-Type: application/pdf
MIME-Version: 1.0
Content-Transfer-Encoding: base64
Content-Disposition: attachment;
 filename="gsuarez@uclv.cu_5ku4534_2021-04-15 20:45:22.017224.pdf"

JVBERi0xLjUKJbXtrvsKNiAwIG9iago8PCAvTGVuZ3RoIDcgMCBSCiAgIC9GaWx0ZXIgL0ZsYXRl
RGVjb2RlCj4+CnN0cmVhbQp4nJ2UTXPaMBCG7/oVezQHyyvJH3KHYcYBt5MMNAXcXpgcFBDUKdhg
Q5qfX8lASemkDchjWWNJ7/PK610GaC6XmU76DKYrsiHYvKsW4CmERU1uMsL9/TrzjALKeRiEHBgi
laHgkkG2It7cRRfBjOdk4vTSrBUETtLvp2PopdBPYJSO01FLBM63ViSdpHt7/7n1kN0Rxg8eOBgt
iiJGKx5KyjFCcRRnR3EHWtnTHziXGyMSOUrjkAY8FGEE2Yw4CRTl6rHSMNOHPf9QsRaoz32Jgd08
cb60eOSoWq3LaqsbqxcJOOlK5ctrubqqy0LVb2AZoxgKP4oAKWIQCCH3TNaoj9eqgHYbvGS63all
pl+20J7r+RxRYQc6HbjpdQ9S6cCM1gfc35/2RLIuBQoR711+tPHV0+/KfFxIi22lZupStxy5Weq7
JnAs/OD7V9LHaplfD+fxZXAn0VW5zAutzmP7JuprkW/1DJK8svvqd5PuH2tdPatpXp52vfd4u6KE
wsQEVuo/wFCejrbQxVbDZqeh0g37MurkqJDZHC/XJbjgNoFJs31dobGwzZYXU1de5z5yinFkKgsY
NcqFPBWWEx1Prfl5z1RHn8w4tC2Cn2bqztxPZPJgbcKMMIQBbIA10H1vKt6eLA02piFyWIGQIUXJ
f79ZwhiGpjJ6ipmCCN6LEeqVZEi8fl78aDJt0L3tGblDatmkOptjr+eG5BejJD42CmVuZHN0cmVh
bQplbmRvYmoKNyAwIG9iagogICA1NDQKZW5kb2JqCjUgMCBvYmoKPDwKICAgL0V4dEdTdGF0ZSA8
PAogICAgICAvYTAgPDwgL0NBIDEgL2NhIDEgPj4KICAgICAgL2ExIDw8IC9DQSAwLjcgL2NhIDAu
NyA+PgogICA+PgogICAvWE9iamVjdCA8PCAveDEwIDEwIDAgUiA+PgogICAvRm9udCA8PAogICAg
ICAvZi0wLTAgOCAwIFIKICAgICAgL2YtMS0wIDkgMCBSCiAgID4+Cj4+CmVuZG9iagoxMSAwIG9i
ago8PCAvVHlwZSAvQW5ub3QKICAgL1N1YnR5cGUgL0xpbmsKICAgL1N0cnVjdFBhcmVudCAwCiAg
IC9RdWFkUG9pbnRzIFsgMjk4IDUxNCAyOTggNTE0IDI5OCA1MDAgMjk4IDUwMCBdCiAgIC9SZWN0
IFsgMjk4IDUwMCAyOTggNTE0IF0KICAgL0EgPDwKICAgICAgL1R5cGUgL0FjdGlvbgogICAgICAv
UyAvVVJJCiAgICAgIC9VUkkgKG1haWx0bzopCiAgID4+CiAgIC9CUyA8PCAvVyAwID4+Pj4KZW5k
b2JqCjEyIDAgb2JqCjw8IC9UeXBlIC9Bbm5vdAogICAvU3VidHlwZSAvTGluawogICAvU3RydWN0
UGFyZW50IDEKICAgL1F1YWRQb2ludHMgWyAzMDIgNTE0IDM4NiA1MTQgMzg2IDUwMCAzMDIgNTAw
IF0KICAgL1JlY3QgWyAzMDIgNTAwIDM4NiA1MTQgXQogICAvQSA8PAogICAgICAvVHlwZSAvQWN0
aW9uCiAgICAgIC9TIC9VUkkKICAgICAgL1VSSSAodGVsOjAwMDAwMDAwMDAwKQogICA+PgogICAv
QlMgPDwgL1cgMCA+Pj4+CmVuZG9iagoxMyAwIG9iagpbCiAgMyAwIFIKICA0IDAgUgpdCmVuZG9i
agoyIDAgb2JqCjw8IC9UeXBlIC9QYWdlICUgMQogICAvUGFyZW50IDEgMCBSCiAgIC9NZWRpYUJv
eCBbIDAgMCA1OTUgODQxIF0KICAgL0NvbnRlbnRzIDYgMCBSCiAgIC9Hcm91cCA8PAogICAgICAv
VHlwZSAvR3JvdXAKICAgICAgL1MgL1RyYW5zcGFyZW5jeQogICAgICAvSSB0cnVlCiAgICAgIC9D
UyAvRGV2aWNlUkdCCiAgID4+CiAgIC9SZXNvdXJjZXMgNSAwIFIKICAgL1N0cnVjdFBhcmVudHMg
MgogICAvQW5ub3RzIFsgMTEgMCBSIDEyIDAgUiBdCj4+CmVuZG9iagoxMCAwIG9iago8PCAvTGVu
Z3RoIDE1IDAgUgogICAvRmlsdGVyIC9GbGF0ZURlY29kZQogICAvVHlwZSAvWE9iamVjdAogICAv
U3VidHlwZSAvRm9ybQogICAvQkJveCBbIDAgMCA1OTUgODQxIF0KICAgL0dyb3VwIDw8CiAgICAg
IC9UeXBlIC9Hcm91cAogICAgICAvUyAvVHJhbnNwYXJlbmN5CiAgICAgIC9JIHRydWUKICAgICAg
L0NTIC9EZXZpY2VSR0IKICAgPj4KICAgL1Jlc291cmNlcyAxNCAwIFIKPj4Kc3RyZWFtCnicRZDB
EsIgDETvfMX+gGkIkMDdH+jJs9NxvFSd6sXPl1ZKJ6d9LLuBxY1YnKjBi0AF0fC+4YLnCklChg9M
nhMe6EQSFU0QY0olrldJedWRbDv/6wlBqiMU19FcUSQ9PEEycSg9s+vWOh1EmYzNbRk7ipRj7pma
Sdj21q6nY7NG5n1311F/XMs89FZbQ9ZPWVyVGVznFBNps5mV1JJS8ILp4YYr4/7B8PWK88uNdX5L
nEgzCmVuZHN0cmVhbQplbmRvYmoKMTUgMCBvYmoKICAgMTc5CmVuZG9iagoxNCAwIG9iago8PAog
ICAvRXh0R1N0YXRlIDw8CiAgICAgIC9hMCA8PCAvQ0EgMSAvY2EgMSA+PgogICA+PgogICAvWE9i
amVjdCA8PCAveDE2IDE2IDAgUiA+Pgo+PgplbmRvYmoKMTYgMCBvYmoKPDwgL0xlbmd0aCAxNyAw
IFIKICAgL1R5cGUgL1hPYmplY3QKICAgL1N1YnR5cGUgL0ltYWdlCiAgIC9XaWR0aCA4MDAKICAg
L0hlaWdodCA2MDAKICAgL0NvbG9yU3BhY2UgL0RldmljZVJHQgogICAvSW50ZXJwb2xhdGUgdHJ1
ZQogICAvQml0c1BlckNvbXBvbmVudCA4CiAgIC9GaWx0ZXIgL0RDVERlY29kZQo+PgpzdHJlYW0K
/9j/4AAQSkZJRgABAQAASABIAAD/4QCMRXhpZgAATU0AKgAAAAgABQESAAMAAAABAAEAAAEaAAUA
AAABAAAASgEbAAUAAAABAAAAUgEoAAMAAAABAAIAAIdpAAQAAAABAAAAWgAAAAAAAABIAAAAAQAA
AEgAAAABAAOgAQADAAAAAQABAACgAgAEAAAAAQAAAyCgAwAEAAAAAQAAAlgAAAAA/+0AOFBob3Rv
c2hvcCAzLjAAOEJJTQQEAAAAAAAAOEJJTQQlAAAAAAAQ1B2M2Y8AsgTpgAmY7PhCfv/AABEIAlgD
IAMBIgACEQEDEQH/xAAfAAABBQEBAQEBAQAAAAAAAAAAAQIDBAUGBwgJCgv/xAC1EAACAQMDAgQD
BQUEBAAAAX0BAgMABBEFEiExQQYTUWEHInEUMoGRoQgjQrHBFVLR8CQzYnKCCQoWFxgZGiUmJygp
KjQ1Njc4OTpDREVGR0hJSlNUVVZXWFlaY2RlZmdoaWpzdHV2d3h5eoOEhYaHiImKkpOUlZaXmJma
oqOkpaanqKmqsrO0tba3uLm6wsPExcbHyMnK0tPU1dbX2Nna4eLj5OXm5+jp6vHy8/T19vf4+fr/
xAAfAQADAQEBAQEBAQEBAAAAAAAAAQIDBAUGBwgJCgv/xAC1EQACAQIEBAMEBwUEBAABAncAAQID
EQQFITEGEkFRB2FxEyIygQgUQpGhscEJIzNS8BVictEKFiQ04SXxFxgZGiYnKCkqNTY3ODk6Q0RF
RkdISUpTVFVWV1hZWmNkZWZnaGlqc3R1dnd4eXqCg4SFhoeIiYqSk5SVlpeYmZqio6Slpqeoqaqy
s7S1tre4ubrCw8TFxsfIycrS09TV1tfY2dri4+Tl5ufo6ery8/T19vf4+fr/2wBDAAgGBgcGBQgH
BwcJCQgKDBQNDAsLDBkSEw8UHRofHh0aHBwgJC4nICIsIxwcKDcpLDAxNDQ0Hyc5PTgyPC4zNDL/
2wBDAQkJCQwLDBgNDRgyIRwhMjIyMjIyMjIyMjIyMjIyMjIyMjIyMjIyMjIyMjIyMjIyMjIyMjIy
MjIyMjIyMjIyMjL/3QAEADL/2gAMAwEAAhEDEQA/APf6Q0tRySLGjO5CqoyST0oAfxS5rEl8SaSh
P/EyteP+moqrJ4r0lemo2x/7aCnysDpM5ormP+Es0v8A6CFt/wB/BR/wlul/9BC2/wC/gp8rA6ei
uY/4S7Sv+ghbf9/BR/wlulf9BG2/7+CjlYHT0VzP/CW6V/0Ebb/v4KrXnjnRrG3M819GUH9w7jRy
SYrpHX0V52Pi14ZIz9rl/wC/Ro/4Wz4a/wCfuT/v2atUZC50eiUV55/wtnw1/wA/cn/fs0f8LY8N
/wDP3J/37NHsavYOdHodFee/8LY8N5/4+5P+/Zpf+FreG/8An7k/79ml7Cr2DnR6DRXn/wDwtXw5
/wA/cn/fBo/4Wp4cP/L2/wD3waPYVewc6PQKK4D/AIWn4d/5+3/74NH/AAtPw7/z9v8A98Gj2FQO
dHf0VwH/AAtPw7/z9v8A98Gj/haXh7/n7f8A74NP6vUDnR39FcB/wtLw7/z9v/3waP8AhaXh3/n7
f/vg0fV6gc6O/ozXA/8AC0fD3/P2/wD3waQ/FLw6P+Xt/wDvg0ewqC50d/mjNef/APC0/Dv/AD9S
f98Gl/4Wn4d/5+pP++DS9hU7D54nf5ozXn//AAtPw7/z9Sf9+zR/wtTw6P8Al6k/79mq9hU7MOeJ
6BRXn/8AwtXw7/z9S/8Afs0n/C1vDv8Az9S/9+zR9Xqfyh7SJ6DRk159/wALV8Of8/Uv/fs0f8LV
8O/8/Mv/AH7NL2FT+UXtInoOaM159/wtbw3/AM/Mv/fs0n/C1vDn/PzL/wB+zR7Cr/KHtInoWTRk
157/AMLW8Of8/Mv/AH7NL/wtbw5/z9S/9+zR7Cp2D2kT0HNGa89/4Wt4c/5+pf8Av2aP+Fr+HP8A
n6l/79mj2FT+UftInoWaM159/wALW8Of8/Uv/fs0f8LW8Of8/Uv/AH7NHsKn8oe0ieg5ozXn3/C1
vDn/AD9Sf9+zR/wtXw5/z9S/9+zR7Cp/KHtInoOaM159/wALV8O/8/Un/fs0v/C0/Dv/AD9S/wDf
s0ewqfysPaRPQM0Zrz//AIWn4ePS5l/79mnj4n6Af+W834RGj2FX+Vi9pE73NGa4MfE3Qj0ln/79
Gl/4WXoZ/wCWtx/36NP6vV/lYvawO6zRkVwv/Cy9E/56XH/fo0f8LL0P/npcf9+jR9Xq/wArH7WB
3WRRmuE/4WZoX/PS4/78mk/4WdoQ/wCWlx/35NH1er/Kw9rA7zNLmuBPxP0H/npcf9+TSf8AC0tA
/wCetx/35aj6vV/lYvawO/zRmvP/APhaXh/P+uuP+/LUn/C1PD+f9bcf9+Wo+r1f5WHtYHoOaM15
9/wtTw//AM9rj/vy1H/C1PD/APz2uP8Avy1H1er/ACsftIHoOaM159/wtTw//wA9rj/vy1H/AAtX
w/8A89bj/vy1H1ep/KHtIHoNFeff8LU8P/8APa4/78tR/wALU8P/APPa4/78tR9Xq/yh7SB6DRXn
/wDwtPw//wA9rj/vy1H/AAtPw/8A89rj/vy1H1er/KHtIHoFFeff8LU8P/8APW4/78tR/wALU0D/
AJ63H/flqPq9T+UPaQ7noNFef/8AC1PD/wDz2uP+/LUf8LT0DtLcf9+Wo+r1f5Q9pDuegUma4H/h
aOg/89bj/vyaX/hZ+hf89Lj/AL8mj6vV/lD2kDvc0Zrgx8TtCP8Ay0uP+/Jp3/CzNC/563H/AH5N
H1er/KHtYHd5ozXCf8LM0L/nrcf9+TSf8LN0L/nrcf8Afk0fV6v8rD2sDvM0ma4P/hZ2hf8APW4/
78mj/hZ+g/8APW4/78mj2FX+Vh7WB3maM1wX/Cz9B/563H/fk0f8LQ0H/nrcf9+TR7Cr/Kw9rA76
iuA/4WjoH/Pa4/78mj/haWgf89bj/vyaPYVf5Q9pA7+ivP8A/haegf8APW4/78tR/wALT8P/APPa
4/78tR7Cr/KHtIHoFFefH4q+Hx/y1uP+/DUn/C1vD3/Pa5/78NR7Cr/KHtYHoVFee/8AC1/Dv/Pa
5/78NR/wtjw7/wA9rn/vw1L2NX+UPaRPQqK88/4Wz4c/57XP/fhqT/hbPhz/AJ7XP/fhqPY1f5Q9
pE9Eorzv/hbXhv8A57XP/fhqP+FteG/+e9z/AOA7Uexq/wAoe0h3PRKK87Pxb8N/897n/wAB2pP+
Ft+G/wDntc/+A7Uexq/yh7SHc9FpK87/AOFt+G/+e1z/AOA7Uf8AC3PDX/Pa5/8AAdqPY1OsQ9pD
ueicUd687/4W54a/57XP/gO1W9O+J2ganqENlbSzmaUkKGhZRwM9TSdGa1aBVIs7qlqpFdLIMqci
rKtkVmWf/9D3/tWR4kfZ4e1DnH7h/wCVa9Yfik48Pah/1wf+VNbgfGVxPObq4/fzjErf8tD6n3qL
zpv+e83/AH8P+NE5/wBJuP8Arq38zUea7I25dhXJPOm/57zf9/D/AI0edN/z3m/7+H/Go6KrTsIk
86X/AJ7Tf9/D/jR50v8Az3m/7+H/ABqOiiy7ASebL/z2lPt5h/xoMsjDa8zsP7pdiP503PFJTSQB
z2Y/maOf736miiqFZC8/3v1NJls9f1NFFOwWQEtnr+ppct/eP5mkopBZC5f+8f8Avo0bn/vH/vo0
UUXYWQbm9T/30aNzep/76NJiinzsOVDg7ep/76NL5jf3m/76NMpapTYcqHhz/eP/AH0aN5/vH/vo
0zNGafOxcqJA7f3j/wB9Gl8xv7x/76NRZozT9oHKibe394/99GlEpH8R/wC+jUG6jfVKq0JxRZEp
Pf8A8eNPDn1/U1VDUu81oq0hOBcDf7X6mjn+9+pqushFP8ytVVbI5SUZ7N+pp25h3/U1EGpwY1fM
yWh+73/U0Z9D+ppvWlxTuxWFyfX9TRz6/qaSnYouxaDTn1/U0c+v6mlIoxRdjuhvzev6mkOfX9TT
yKTFF2FxuT/e/U0En+9+pp2KMUczHoIM/wB79TUyg/3v1NRAVNHxSuwdizCDx/ia0oR0/wAaoRHp
WhCcYqk2ZyL0OPT9asAADrVVGqUPxVpvuYsmyKYWAqPfTC9O7BIkZ6ZvqMtmm5pXY7EhemF8npTS
aTNHMwHZHpTSRnpSGii7AXj0o/CgClHWldgJgelGB6U7vShc0XYxuPajHtTiD0pyqaLskYAPSl2+
1SiPNO2UXYEATJ6U7yvarCoAKCwFF2BCsPtUohXuKUS00y0uZjH7EA6UuFHpUJlqIymjmYWLRdR0
FJ5oFVPNNMaTNHOxWLnnCo2lFVd9JvpczKsWDNTPN/zmoC1IWpczCxY83/OaQy1W3UbqOZjsTmX2
pPN9qg3UFqXMx2JzL7U0ye361DupM0czCxKX/Ck3+9RE0Zo5mFiQSH2pPM+lRZoqeZlEnmc9qC30
plFHMxClvpSZ+lIaSjmYDiw9qTP0puaKOZjHZHtSZpKKTkwFyK1PDM/2fxLZTDqrH+VZOatac+zU
IWHUGs6r/dy9GOPxI+jdG1M3EY9MV1du+9QR6V5f4VnZoxzXpdicxKT6V4J3H//R9/rD8U/8i9qH
/XBv5Vt1ieKBu0C/H/TBv5Ur2YWufFk//H3cD/pq38zTMVPdQstzOwB/1r9v9o1WrqhO6CUHEXpS
5pKKu5IZpRzSUU7gOozTc0tNMBRRSUZqriFFBoFFO4BS4pKWqTAKKKKdwCjFFLTsFxMUUtJS5RXE
PWgUtLS5RjaWjHNLiiwDaKdijFKw7iClzSd6WqsFwyaUE02iqTaEyUORTg5NQilBxWkalibXLSnP
en5qpuxTxITW0alyXEsZp2ahVqkBrRSM3EfmjikFKMVRNhSKbinZpaAG4oxTsUm2nYLiCpVGaYBi
pFpWBssx9quxnGKoxnpVxD0qkQy6hqTtUCHipAapENC7jSHPrSHrSZoELnFJ1oNFIBMUU4DJpdvN
ADaAKdspypQA0LSgc1MF4oAAoAj209Vp3FGaQBsHrSgCmFuaaWo5hEuRSM4AqHfzTWapchomMnHW
mGWoC1IWpXHYmL1Gz0wnimE0rjsSFs96aWqPNLmi4WF3GgmmZpSaVx2DNJSUZouMM0lJnmkzRcBa
KQ0maVwHYpCKTNBNFwFxRim5ozRcBcUlGaQmlcBaKbmgmkMXNGabmjNFwHUfjTCaM0rjsLmim5op
3EOpM0UUrgLU9l/x+xfWoKnsv+P2L61FR+4/QqPxI9m8I/6sV6hYf6pR7V5f4R/1Yr1Cw/1a/SvD
Z2n/0vfaxfE3/IAvv+uDfyrarG8Tf8gG+/64N/Kh7FQ+JHx7P/r5v+ujfzNVZrYEZSrc4/0iYf8A
TRv5mozXNGfKz3J0edIzCCpwwoz6VoPEsg5HNUpYXjbOOK7qdVSR5NfDOD90jpRScUordWZyvQKK
KKL2C6ewoopKM0cwC0ZpM0tUmKwuaKTFGaq4CjrTqbmlzTTAO9OHSmilzVJgLSUvakq0AUUUCgQo
oxR0ozTsAYoooosAcUHFFBosAlLSUZpWAWikzRmi9gE708HFNpaOZoY8NUivUOaUGtYzJauWQ9PB
qsGxUqvW6kjNxJgacOaiDU8NVolxH0uKAaAc1aZLQAVIq0gFSAUyWSRjmrcdVoxzVpM0EssJ0p4J
pqKcVKEJpktjcZo21JsPanCM0hXIgtLsqUIacEoC5EE5pwTmpNtGKAuJtpRxQTTe9FxDi1NJppNI
alsEBakL8U0mk7VNxhuppakzSZoKAnmmk80pNJmkwEY8U3NOPSmmkAZpM0UmKQwzQTRikoATNGaC
KSgB1NpaSgYhpKU0YoASkNLSGgBKKKOtIYZpM0uKTFIAJpM0hooAM0E0YpCKQwzRmjFGKAA0lLij
FIBKUUYoIxTAKKKXFABU9l/x+RfWoKnsv+PyL61FT4H6Dj8SPZvCP+rFeoWH+rX6V5f4R/1Yr1Cw
/wBWv0rw2dp//9P36sXxMM6Fff8AXB/5Vt1ieJedDvf+uLfypPYqHxI+Qpk/0ib/AK6N/M1GUq9N
HmeU4/5aN/M1GYvauHmuz6z2DsipsppXd8rc1b8v2ppj56U1Oxm6HczZ7TPKflVUgrwRitkpz0qG
a1V1PHzV10q9nZnmYjAu10ZdFTPbvDw3IqIAt0rvi4yV0eTOnKDs0JRS89xRRZkpX2EpaMUYoAKK
MUVVxMWiiii4CiikzS5qkxC9qKTvS1akAUUUVSYCilpB1pasQtGKQUtOwBikIp1BosA3FGKWlxRY
BuKMUpFGKVgExSU7FGKLANoFOxRiiwCU4Gm0U0wJg1SK1QA0u6toyE4lsHNOBquj1KrCtou5lJWL
C1IKhU1Kpq0zJlmPrVqMZNVYgM1diHNUQywinFWEQ02Ic1ZVadjNjQlPCcVIq0/bSFcr+XRtx1qf
ZSFKQXICoxTan2U1koC5XbrTe9WNlMZeelIZA3Wmmpthz0oZPapaGiuetJU2z2prJ7UrDK560VKV
9qbj2oKIjSVKRTSKVgGGmmn4pMUrAMoNPxTSKVhjaSnYNJmiwCYoxS0UANoNOxRQMjNFPNJigBpp
pp5ptACGkFOIpKQxKQ0tJQwENJTqMUgG0GlooGNop1FKwDaKdRRYBO9LS4oAp2FcTFLilxRiiwXE
xU1n/wAfkX1qLFTWY/0yL61FRe4/QqL95HsnhH/VivULD/Vr9K8v8I/6sV6hYf6tfpXhM7T/1Pfu
1Y3iP/kCXv8A1xb+VbJrH8R/8gS9/wCuTfypS+E0pfGj5ZkjHmy/9dG/maiMNTyN++l/66N/M0ma
8x7n6HGCcUVmhINRtEfSr/HegqDSIdFMzTHjtTPLrSMWe1MMFUmzKWHujOaEMMEZrPuLFlO6Ot1o
aj8vA5/KtoYiUGefXy+NRbHNMpU/NSbe9blxYJMMqMNWXLbvEcOp9jXr0K8ai1Pm8TgKlF6FbFGK
ftpdtdTpnDcjxRin4oxUcgxlFOIoxS5AG4op2KMUnEQmaM0tJRsAtKKbTqpMAxTuKZS5q0wFozRR
VpgLmlptOqkAg5NOpB1pasQUlLS0WATFJTqQCiwCUc07FHWiwDTSYp2MUVLiA3BpRkUuD60mMUbA
ODEU9DUVOBxWkZCaLSManVhVEE1Yibjmt0zOUTQiar0Dc1mxNx1q7EelWmYSRpxuKsrJWchIqYSH
Ap3M2jRDinhwazvOwKeLjimTY0QQaXg1QW64pwufegLF3aKCgNVftHvThOPWgRY8vim+VzTBOPWn
CZfWiwAYh6U1os9qkEgPcUvmD2osBD5PHSmND7VbDAijg0rBcoGA56Uww+1aW0GkMII60WHczDDT
DF7VpmAUn2YUWC5ltFxTPKrVNqKabUVLiO5l+Wab5fNav2Wmm0o5R8xmeXSGOtM2tNNr7UuUOYzS
lJsrRNrx0phtqOULlApSbKum3NNMGKmw7lIpSFTVpoTTTFRYaZXK8U3FTmPmmlKLBcgpKm2U3ZUj
uR0HipNlIUosFyPGaMU/bRtosFyLFGKl2+1G32osMixRipdvtRtosBGBx0pce1PxRiiwDMUuKdj2
oxTsA3FGBTsUbaLANxU1oP8AS4vrUeKmtR/pUf1rOqvcl6MqHxI9g8I/6sV6hYf6tfpXl3hH/VCv
UdP/ANWv0rwGdx//1ffjWP4i/wCQJe/9cm/lWzWL4jP/ABJL3/ri38qUvhNKXxo+WXP76b/ro38z
QGqN3/fS+8jfzNAavMe5+gQqLlRMDTs4qIH0p+c0jVNMkBpeD1qMNzTwady9BSoNNMa+lPzSgj0p
2uJpdSBoAfY1BLaK64ccHvV8YJ6UpQVUZOOxnUw9OotTmbnTXhJZRuSqRTBrsTGMYxxWfdaVHNlo
wQ314r18Jj18NTc+bx2S6udM5zbzSFauS2rwsQynioGQr1r2IqM1c+ZmnTlyyREVpNtTFabilKkS
mnsRbeaCOal20m2odIdyLFGKkxSbah0guMxRinYpMVDpjuJRS4pOanlaHcDQKKKNRC5pRTe9KKpS
AdS5puaWtIyFYcDRTc0oNacwDsUAUm40oNUncBaSlowKqyENNGKWilYBKQ07FGKTQDcUvelxSUrA
OFSoxqIGnqTTTsJrQuwtzV+FqzYjir0JreLMJo0EbinhqgQ1IDWiMmiTNGabmjNAhxNKCabmkJNA
iXccUByKiyaMmmFibzSKd5xqvk0bjQFi0Lg4pVuTmqm40oJoCxeF1inC7rP3GjJoDlNEXnvTvtee
9Zm40bjRcXKaouh604XY9ayd59advOOtFw5TXFytKLhDWQHOetOEhHei4rGv5y0okU1kecaeJzjr
TuKxq7kNL8prLE59alW5IpXCxe2r0ppjWq63HNO88UBYkMIqMwCnibNO3g0WFcrNBzxUTW/FXsim
kA0rXGmZxgNRmA5rT2A00xD0o5R3MzySKb5BrSMOe1J5PtU8pVzMMNJ5JrTMPtSGD2o5QuZvlEUe
V7Vo+RntR9no5QuZ3le1HlVoeT7UnkZ7UuULmeYqb5RrQMPPSkMI96OUdyh5VHl1daGmGI0coXKu
zim7KteUaQxYpWHcr7KaV5qwUNNKGiwXIdvNS2oxdx/WgpT7Zf8ASU+tZ1V+7l6MqD95HrXhD/Ui
vUbD/Vr9K8u8I/6kV6jYf6tfpXzzPQP/1vfqxfEnGh33/XFv5Vs9axvE3/ICvv8Ari38qUti6fxI
+TpH/wBIl/66N/M0qyD1qvKxFxL/ANdG/maarGvOcdT7CFZ2ReD+9SK9URJUiy1NjojXLm70NODV
VVx61KH96RvGqWA1PDCq+73pyvQnY3UkycNzUgORzVcPUgarvcpMeR70oz0pmeaduovrcHqNmgjm
UhlAOOtZNzpzRksqlh7Vtg8UEqVwRXdhsbOlvsebjMspYhXS1OXaHnGOaiaLnpXQ3Nisih06+lU0
067nYiC1Z/pX0OHxlKrHRnxWLwFbCyfMtDHMdJsxWudE1cE/8S6b8j/hTf7B1g/8w2bP4/4Vu5w7
nIuZ7GRtpCBWx/wjmuN/zDZf1/wpp8Na5/0DZf1/wrNzh3HqY5FIRitg+Gtc/wCgdL+v+FMbw7ra
jJ06X9f8Khyp9xmVimkc1pPourr10+b8j/hUJ0vU162EuP8AdP8AhUPlGUsUYqybC+/58pR/wA0h
s70f8ukv/fJqbRArEUgzVj7Jef8APpL/AN8mmtbXQHNrL/3yayaQyGlzT/s9x/z7Sf8AfJpphnHW
GT/vk0k7DEBzTgaaUlA/1T/98mgK/eJ/++TVKYhwp2aj+cfwN+VLuPdW/KtFNCH5pQaZvx/C35Ue
ao7n8q0U0xWJOKOKj85exP5Uvnr3J/KtFJAScdqSmiVT6/lS+YvYn8qbasA7FJSeYv8Aeo3g96Vk
A4CnqKYCD/FUikf3qLILsmjq9D2qnHg4+ar0fQc5rSJjItR9amAqOMcVKAa1RiwopcGk5oJFpKOa
WgBKKTvS0wCiiikAUtJRmgBaKTNFABRzRRQFgozRRQAuTRk0lFAx26nb+KjooESbqUPUYpc0BYmE
lKJKhBo3UCsWRKakE3vVTfS76dwsXBP704TZ71SD0qvRcVi8JR607zPeqIenB/elcC4JRTt4NUhJ
S+bVCsXcigEVVEvvThJ70BYs8Glx71XEnvSrJz1oCxOQKTb7UzeM9advB70CF8sUhjB7UbvelB96
QDTDmozDVjPvSEUBcqmH0phiOelW8CkK5pWHcpGI56VG0dXylMaLNJoaZQ2U6Ff36fWrLR4OKaiY
kBx3rKqv3cvRlwfvI9N8I/6kV6jYf6tfpXl3hD/UpXqOn/6pa+dZ6R//1/fR0rG8Tf8AICvvTyG/
lWzWL4n/AOQBff8AXBv5UnsVT0kj5GkkX7RN6+Y38zSDB6Gqsx/0qfn/AJaN/M00MR0NcjjqfRQr
2ReKke9AGfaqqzuvvUwuQfvDFS4m8ayZMCRT1eo1kVu4p5GelQ0bxmSiT3qVXFVMGnBiKlxNo1Wi
6H9KkV+Kzw57VIspqbM6I1S+HFODA1TWSpA9FzVTLYYYpwIxVYNTwTinc0Td7onB64rR0jXbvRLh
ZbdIpFByUkTdmspWp6mtIVeX4SKtOFZWqK57l4Z8Z6RrsSRy2sME/QgqOTXWGGELxbwn0PlivmJG
eORZIZGjdTkFTiu88L/Ei8051g1eQSQdFcnn8a6oVlLdnzWOyRr3qWx660KAZ8iEH02Coti/88Yf
+/Yo03VLLVbZZ7WVHVhnAOcVa2dRit1Lsz5+VNwfLIoso/54w/8AfsUwxqRzBD/37FXfLBNRtHg0
+aRNkZ728TdbeH/v2KrvY2xzm2i/74FapT2qNk9qFKXcNDFfS7Fv+XSM/wDAaibR9PPWyT8q2zGP
SmNEPQ0OUl1HYwJNE07PFmlV5NE07H/HkproWhyelQND83Q0uaXcLHPtoemf8+K/nVeXQdLP/LiP
zro3hqu8PNLnkBzTeH9KzzYj86ibQNIH/LiP++q6NoeelV5IeaOaXcLGAdA0Y9bD/wAepv8Awj+i
A/8AIPz/AMCNbLxVA0f1o55dwsUV8PaAeum/+PmpV8M+HG/5hn/j5qTG08k1IshHen7SfcLEX/CJ
+G2/5hpH/bQ0o8F+G3/5cMf9tDVpZz61Zjm45NNVZ9wsZf8AwgPht+lsR/wM0xvhv4df/lmV+jmt
5ZeeoqZZc9OKr20+4NHKt8LfD79GYf8AAj/jVdvhJoLDi5lH4/8A167dZBT8+5pqvPuKxwDfB/Qy
Mi9n/CoH+EekJ92/nH4V6KwGP8aglUY7VccRMOU85k+GumwfdvHOPeqM/hK0tuk7GvQrlTg5xWDe
rwcV30aknuc1Q4yTTYoeAzGoDFjoK3LlOT1qgyDNejDVHK3qZ5TmmlcVdMYzTGi9qqwrlTFGKsNG
KaYz6UDuQFRSVOYzjpTfL9qAIsUmKl200qc0hjDSU8qaTafSgBtFOxScUAFFFFABRRRQAUUUUAFF
GKKADNLSUUALRSc0c0ALmlNNFKaAFFLmm0UAOzS5plFAWJN1GaZmjJouIfupwaosmgE0ATB/enBy
O9QZNLuoAseZ709ZDjrVXPvShjQItiT3p4k96phjS7zTE0XBJ71IHz3qiHPrUgc0BYtZp2aqq5p/
mc0CJ6TFRh/el3UWHqKRzSbRml3UZrOsv3cvRlU/jR6J4Q/1SV6jYf6ta8u8If6pK9RsP9WtfNPc
9Q//0Pfu1Yvif/kAX3/XBv5VtdqxfE//ACAL7/rg38qT2Kh8R8czf8fM/wD11b+ZplOmP+lT/wDX
Vv5mm5rne57EfhQoNBNJR1oLTH/TNKHdOhpnQ06lYqM5E63Mg7VKtyD94VTozUtGqrSRoCWNjwae
T/drOBNSLIy96lxOiFcvBjThIRVVJwetTKVfoazcTphUJ1lqZZcjrVQgigNg4pWsdEati8sgqYPk
Vnh8VMslS0bRqXLin3p+Rgj5RnqT3qqsnepBICelNSNVK6szU0nVr3RJlksZWTByRu61614Z+I2n
6oI7a9byLrpyuM/jXiu8EUoPzB14YdD6VrCrY4cVltGurrc+olKsu9drr2IbNIAD9DXh3hfx/e6L
KsN2DPAeMkngV69o2vafrdqJ7SYe6d811wqKR8picBUw8tVc0XjGOKiMftVgEng8UHB5HStNOhwq
1ymUx2prL7VcKA1GyUC16lPy+9RsmeMVd2EU0pnrQBnNF7VC0PtWk0dRtHx0pAZbQ+1V5IPatcxe
1QvDQMxpIOOlVmh9q23hyOlVWhwelFgMaSD2qsYyK2ZIarSQCkBmcrT1lIqd4KgeMjpQBYSeplm9
6zclaeJSKANZJferCy1kJPVpJxQBo76jdgagWYGhnFXFksrXPQ1g3fetud8g5rFuiCDXoUHqc9Qw
7gc1RdRmr1yeaouea9em9DjluRFeaNlOorREkRQGkMdS4FBFAFYpSFOKnK0m3iiwXK+ymFOatbOO
KYV55pWHcrlcU0rU5U56Cmsg7kClZ9BpkG3IpCtSEgcZH4U3en+0T9KPVBcZtoxS4mcny4Wb8Kel
rfyD5bRqPd7juyLGKKtrpGqykBbNqnTwtrch4tmGfapdSC3ZSjJmbikx7Vtr4I12QcxFR9KmT4ea
4444/Codan/Mh8kjnvwo/CumHw11w9XA/CpB8MtaPWYflU/WKP8AMP2cjlMZ7UYxXWj4Yax/z3/S
j/hWGs/89/0o+sUO4ezkclR+FdZ/wq/WP+e/6UxvhprI/wCWv6UfWKHcPZyOW/ClHHaulb4b62B9
/wDSov8AhXmuDv8ApT9tT/mFySOfz7Uv4Vtt4C11e2fwpjeCNeX/AJZ5/CmqsH9oOSRjnPbik5rU
bwlrif8ALA1GfDWtr1tjR7SH8wckjPzQDVw6FrC/8uhqM6Rq69bM1Sn5oLPsQZoyakOnaoOto1NN
nqP/AD6NT5l3E15Dc0ZNKbbUP+fRqTyL4dbV6OaPcVvIXJoyaTyb3/n1f8qPJvf+fR6V49ws+w4M
admmCG9/59Hp4tb89LRzTTj3HZ9hQaXeaT7HqOcfZGFSLp2qN0szSco9ws+wgkNKHJ5qZNE1iQ/L
aH8qsp4V1qU8Q7fwpe0h/MhezkU/M46Uok9a1ofAeuTEfw59q04PhjqsmN9xt/CpliKUd5B7Kb2O
ZEyL1pVnjZwofk9q7m2+FEmQZ7w1a1L4dWek6JdX3n75IU3KPWuetiqbg0n0NYUJJpsm8If6pK9S
0/8A1a15d4QGIkz616jp/wDq1rwzuP/R9+rF8T/8gC+/64N/Ktk9qxvFH/IAvv8Arg38qUthx3R8
bz/8fU//AF1b+ZpgOafOP9Kn/wCujfzNMAxXO9z2FskLmnCm4pwoKuLQM0ClpWKSCiiigoKdmm96
D1osMeCfrT1cjkcVGDS5qWi4totJcHvUyyK/fmqIpytjoaho6YVWi7g0ucVXSUgc1OJFYVDR0Rkm
iRZCKkWWocAjg0mCKTRvCbRdSTNSK/NUAxFSI5zyaho1jUaL29T97Jx0q9per3+kziazuCpH8OeK
yA9SBx3qoysaSjCorSR7h4V+INtq6R295iK56fMetdxnjggjse1fLgJLLKMrInKuD0rvfCnxEn00
x2upzGW2IC+Yw3f/AKq6qdbufPY/KGvfpns4PrxSnmqVnf21/bLPaTrNEehVs4qzu4rqTT2PnpJp
2kPKAio2jp4andaCbpaFcx00pVoqDUZWkBWMYNRPFVsrTWHtTAoNDVd4fatRkz2qIxcHigDHeHPQ
VWeDP8NbTRDHSoHg46UgMV4RjpVSWHmtuSD2qpJAc9KQzFeL2qPYB0rVkg46VVaHHagCng1IHoZS
D0pp46UATpJTzLiqe8il83NNbisPmkyDWNcv1q9M+M81lXL4zXoUNzCojNuDzVJzzU1zJzVN2561
61N6anFOLuSZoyKi3H14pwZcctit1sTZjycHBp3OKrmdAc/M/wBKnt7TULsgW1pMwP8As0m0t2IT
vTXdF4LCul0/wDrd+A0kLxqepIxXV6Z8KYlw94+T6ZrnnjKcNy40Zy2PKzKgOBy31qaKyv7kgQQs
QenBNe8WXgnRrML+4jYjuyg1tRWVjbgCK2hGOmEGa5Z5lFfCjeOGfU8FtPBOuXoGYygPcqa17f4T
6hMFM1xIM9QOK9qyMfIu38KCzf3mrmlmVSWkdDRYZI8ztfhFZxqDPM7HuC1att8NdDtx88e7Hqa7
JlJ5O4io3XYu9h8orCWJry+0axoowYfCOh2vKWUTfVeatJpGlx/csYl99tF3rVnC21c5HaoX1G6k
i82GHdGPSuR4rVpzu0a+ytpYteRaJwtqg99tLiAchUH0qna6rFqANtKxjl6AHisfXLG9sPmSR2Qn
sa562K5KTqfEUoa8rR0LXMKnbvUGneaSuUfI9sVyLMktiGDytL6CtTQoGEPmTSuuOgY0U8RGpJJL
RjlTSehsedJk/M3FNW8UnAlwaUkHLLyp71z3iSxMPlywSsrMcYBrarJwhdaijG7sdH58uMq5I9aQ
SysMhz+lctDd32nQRmYPLCe4qG51E/b4RBM+2Q5K+lc8MXFpX3KlTaZ13my/32pDLKOrtWTrElxY
W8VwGO1vWmaXqk2oP935QK1deCrKk9yeV2v0NkXEh/iNBmfuxFVJL+1hk8tpMt6UyO+t5GIOQPWt
bxekWmS4NdC95zD1NJ5nqF/KoVlhkB8uTcR2FOyT2p80XpETSH70PWNPyoIiPWJPypuKM0/kLQUx
23/PCP8AKk8m1PW2j/KiihSHaI02tketrH+VNFlp+ObSP/vmpKKrmkuorLsQnT9NPWyhP1WozpOl
sc/Yof8AvmrJoo55dwsuxW/snSv+fGH/AL5o/srSv+fGH/vmrNJijnn3Cy7Fb+ytL/58Yf8Avmnr
p2mjpZQj/gNTYoo55dwsuxH9i08Hi0i/BaeLezXpax/lS0Uc0u4WXYcFtwPlgjH4UocDogH0plKK
T1HZEgncZwSKU3EpH32qKipsgJPNdupP41keJ3J8Mahnr5fH51p5xWT4mP8AxTV//wBc/wCtMDC8
IcxJn1r1HT/9WteXeEP9Un1r1HT/APVrQB//0vfaxfFH/IAvv+uDfyrarF8Uf8gC+/64N/Kh7Dju
j47mH+kTf9dG/maYVzUsv/HxP/10b+ZpnSuY9xRuhmCKADUhGaAtFx8g0DFL1pQDTttTcpRYzFLi
nbDRtpXK5WMxRTsYoxmi4rDaXNG00lUw2Hg+tO4qOlBqbDTJQeKerYqEGnA81LRtGTRZWQ59qmV8
iqgbinoxqGjohULRFNyQaYJOakDAipZupXHh+KeslRdqMkClY0UmWVkqZHBzVEOakWUkYIxUWtsb
Rm2tWdJ4e8TXvh66EluztFghogeD+Fey+G/GGneI7QNDKI7heGjY8ivnuOTHBJ/A1YtL25sp1ntJ
PKmU53etbwqNHDjMBTxCvFWZ9PjjvwelPBrzXwp8So7wpaaoAkoG3fj7x9a9EWUPGHRgUPIxXbCa
aPla+Fnh3aSLXajFQq/HWnhqo5hSuKYy5qQHml4piuQkcUwrmrBXNMKUDKpiJNRvGauMvpTCp7ik
BnvH7VWkhrVaPNQtEKBmNJBx0qo8B5rckhBqvJCMUgMCS346VUeEiugkgBHSqctuAOlAGGyEVXcs
prYlt+KzZ4dpzmmtwKEsvWsu4ckHnmr918uayZRLKdsabmNdtJpbmE03sULl8PzWfJcKCQNzN2C1
1Fj4PvtRbdKxjU12GleA9LtNslxmVhXd9chBGHsZPc8utLDU9QcJb2kgz3YV1ulfDTU7tg11JHGh
6gg5r0yCCxtABa24THrzVk3DsBnaPoK5p5jKWiRccNbVswdL+HulWCKbhldh2IrqLa1sbNQIIUwP
aqokyaf5pJ55rinVnPdm6hBdDSFzuGF+X6UokJ6k1QEvNSLL71nr0ZduxeDc9afu4qisvNSeYe1N
qSV2Fy0G7U/5cYLc1XR8lh/FjiuRv9Qv4tXKbiB1Va5sRiHRim1fUqMeZ2udrggZ4phjDAhuhrnI
PEkkL+XeRY49a2rXVrW6T5WAqaWMoVfdvqVKlJbFHVtDiurdmtwBIKydJ1F9OnNrdrhQcV1sc0Tk
iNg/rWJqGhtqF8XVtiVz4nCtTVagve/MqFSy5ZFXxElktuLu3YC5z8qrU1ubm90FzcQnzAvCmr0G
g2qMhm/ebe5rTwAAqqAB2relRmp809mthSnY4TTtNvYZN5iyD2Iq/daVd3ZURny17gV0l5dLZoGK
jYetNgura6i3IeTWFOhQpN0nLfXzHeUtUtCjaWzWlqIX5YDGapanpMmp7Qr4C1v+SSucdKaYQOo6
+9eg4qSs9jLXmujDtNOe3hFvc4dB0zWbdeGENyJ4WIw2cV1RjP1FN8s4IrKWHpyVkU6j1Xc5nVbG
9vIEtxyBUOj2l3p8bwsnzHo1dUEK9uaY67jkjn1olh4+1VR7gqlo8hwstvc2mq+bdRvIhOflFdDH
cWNxCFWJ1456VrtGrgh1BH0qt9gtVJKxsGPX5qzpYZ0buPUcqlzMsILWyneVbgDP8LGnT63aqxWI
MzU668PpctuWUofpmkl0aKHTykKFpv72a0vVWi2EkrlSDxCslyIXQhie9bTAKA+evauNhs7m0vkk
liJAPJJrrJNStIrdZXcAgdKwwdaq+ZVXb1KqQVvdJ8HGSRn0pMMBkjHtXK32uzSXKvAMKTitMaw1
tCklycg9/StaeNp1J6bCdJo1+cZ4+lFQ29zDexCWFgwPpUuRnFdEWpO8XczA0UUmc01qCd3ZDuKS
kpaACkpaSgAooooAXiim0UAOoptFAC8VleJsf8I1f/8AXP8ArWpWV4m/5Fu+/wCuf9aAMPwh/qk+
teo6f/q1ry7wh/qk+teo6f8A6taAP//T999KxvFH/IAvv+uDfyrZ7VjeJ/8AkA33/XBv5UPYcPiR
8eS/8fE//XRv5mkHvTpgftM//XRv5mm4rke570VYXFOUUmacKlm8UOCilCZoFPFJs0UUJso8vNSA
U4LU3NFTuQGLim7MVb2ZFN8v2o5h+xKZQ03bVwxUwxYpqRlKi0VQOtGMVKY8GmFarmMuRoQdKUda
OlJmgWqJA1OU81GKVTSaNIsnBzTlJFRA8U8NxU2N4zJ0b1p55NQBqkDVLRvGVyTHFJzQDS1NjRMV
WweakVveoiDigcUPYu7WpZBBIPII6ODyK7Lwr4/v9FkW3u5RNanjc/UVw27gVJvyOeacJuIqtKlX
VpI+mNJ1iz1q1E1lKkq4y2G5q+r49q+adK1m90W4WeymcDvHu4NeweF/Hun61CkFzJ5N3nG0nqa7
KdVPc+axeVzptyjsd0GJqRW9aqhyDyVxjt0qQOep5B9K206HkteRYBoxUSPT95zQSKUzTSvtUmci
g0xkBWmFKsEUwrk0AVHj9qhaLIPFXmU1GUzQBnPDx0qrLBntWu0ftVd4jilYDEmt/l6VmT2u7oK6
Z4SetVJIAO1AHMnSVdsyVctrG3t/uRAt6mtFouelQmPBp87CxPHMw44UegFWA5x1qmoxUyt70bgW
g2B1p2/3qtupQ1AFpZDTxIaqBqdvI70AW/NOakWXiqIkOeacJML15oAviUngHp0qpqOtR6bEGDZk
PUUJJ/EeoFYdu1tc60xnOWzxmsKrUdt2XGzNvTfEI1BwoG1/cVLrdobiEXkWDPF2HemokMTgxqM+
oqlrOqzaYsTJzG/b3quSXs/fYbPQZpcP9vMZb7bEY/lK02TSrlNQEdsSsHdhWfaadd3d4LguUhk+
bANdfFKI0WPrgVyU8NTqr94reZbqtImsLaPT49quXLDkmr6y5XGRistZ+oz1608TDj2rujFRioro
Y3uaQcZ608MM/hWcs1TRzA9atWvqBR8QSDy1TGcisKJZYUDxyEAds1d1+fdMoB6Cs+CcKACcg9q8
Khgo47HTVS6SNMRV+r0FbqbFlrcisEm5X1rdhuIbpcoy59K5CSLa28EBfeo/tSWjbhcKp+tdc8Pj
MF70H7SH4ozp4inV0loztymOMDHtTTGPSuf07xPDKdjSA49DXQw3MVwAUcH2rWhjqdbbTyZpOk1r
uhhjz2qNovarny//AKqQgHpXWrLVGdrFIxe1RmLHar5SmmMUwM8ofSmbSvQ5q+0fpUZiFFwKTxrI
pDxg/hWbd6Fa3alcFTW20fpUZQ561LhCW4+Zo5o6GtvZMqrvfPBrJ0+xSS4eLU3fyw3APQV3Dqc5
qCe0iuVIkAye9cs8HCb51ol+JoqrKNta2enxEW8q+WegzzUoubbGBIDVGPw2sVy0hlJQ9s1iarts
5cQhwvrVTrKnHnasiV7zsdOLy0LbRKufrUgOef4exrl9J0eS8k+1SvsiB9etdM09rEgjEi7F9DRh
6zqQ5qit2HOCWkdx9FJHLFMco4pxUrya6VJMhqwlJQAetLTEJijFLRQAmKKdSGgBKKKKACsrxN/y
Ld//ANc/61q1leJv+Rav/wDrn/WgDC8If6pPrXqOn/6ta8u8If6pPrXqOn/6taAP/9T33GBWN4m/
5AV9/wBcG/lW0axfE3/ICvv+uDfypPYqG6PkGZf9Im/66N/M0wrVqRM3Ev8A10b+ZqMrXG5an0yp
6EGDThTylNwaVxOLQtKCc00nmnClYpOxMpqRSKgBqRWqWjohIn69KXFNQ1KKhnVFJjNlBjznAzip
QtbnhKwTUtdW1kGQ2KI6uwVUlFs5lovX6VE8PNbuuWBsNcurcrhVchfzrOaPNVe25jGnGcbozmiO
aYUNaDRVC0XWqUjCdAqe1JnmpzDjNRFOaq5k4WAGng4qPBBpd1PQm9iUGpFPNQK3FSBqlo1hMnU0
8GoFanhqmx0QkT545ox6UwGlBwalo3vccRgUZI6Uo+alxU3LE3c5AqRHKSJKh2SKchh1FREUgJoW
gPVWZ6R4U+JMtkY7TVAXiJAEmMmvWLO+t7+IXFrKGiIyB3r5jXk4xx3rd8P+KtR8PXQaCVpYf7jN
XRTrNKzPIxmWxnedPc+i1kFPD5rlvDni+w8RWu8SLFN02E9TXRCRlADDFdcZKWx85Uozpu0kW1bH
WnbjVdZMin76ozLA5oAFRK9PVqAFK5qMipgQaQgUAQFDUTRmrTLTCtAFGSOqskWa03TNV3joAyXi
xVd1A5rTlQYqnKnFA7lM8UBqcy03pQIeGpd1RE80uaAJQ1LuNRAj1pc0ASb/AFp6cktnoM1BuqG+
aX7IUg++1Jv3boasQ2+uJLqD2zjCDjdis3WtPntJ/tdqxdevFV30e5ij35YueeKSHUry1by5lJQd
Q1eXOs5Nxrxt2ZsoKNnFly01i9hj3PHkYqS2S61y533I2wr0GaY/iGEBIhbAs1bsB2W6OqhS46Ve
GpOotKnNFCnPpazLkbrFEsSH5VGBSrLiqu7n3pQ/NelbSzMm7lsSkU8TGqe+nb+KBF1Z81Kkx3Vn
LJg1KsvX6UIT2djI1m5DXnJ+Uda5vUvGmnacrRoS8o4AC55q/rsxdJQpwa86sNA8+9kmk3OS/Ga4
MnrU41ateb0THj0pKFPqar+Jdc1liI18qLsScUDTdUuh+9mJH+9W3Fb2WlxBrkheOlZl545tbIlL
SIMemTW9TPKsp2w0Loqhldasr2sW9L0a+sH8xJi3sTXX2WoXMeAchq8ul8c6pct+4jAHt/8AqqSP
xD4klwyQnA9v/rV5uJweNxcudxs/I9Knl7pK0pr0PcrHXiMJOvbqBmtuG6hnUFGGa+d18TeJFYMY
SQOoOf8ACuq0Px1cnCTwiNh3OauEcxwq/ex5l5BVwUGvdmj2PGBkmjiub0/xMsyr5uCK3oruGcBl
cHI6V20MZTraR3OCpSlT+Il25GabsFPJJGBRXVtoZ2IvJqNoqsimlaEGpUaMVC0eavlM1G0dHURR
2HoelVbrTbe9QJKuB6gVqGOozHiiSUtJK47nJ67b3NhbRx2XMWOeahhsrOOzW5lnJYjLLmuuaJXG
2RQymsi68OW9w+5GKr1xXHUw6VT2i/4BpGatZlW2jtby2aW0kIcDODxUemXt5JcPDPHtVT1PpVe5
eHTpxFZAmQdVFPafVLtNkcPl574rCOIUPdabl5K5TgbeFf5o2yPak659qx7G11Owl3SOWjY85Fbg
KSANG2fWu+nNzWq5X0uZSjYjxRinlcGkxWjstOpImKMUtFACYoxS0UAJWT4n/wCRav8A/rn/AFrW
rJ8T/wDItX//AFz/AK0AYPhD/VJ9a9R0/wD1a15d4Q/1SfWvUdP/ANWtAH//1ffqxvEv/IDvf+uL
fyrZrG8Sf8gS9/64t/KpnsXD4kfJjr+/l/66N/M1GVqxIP30v/XRv5mm7a8++p9koaIr7KaUqyVF
MZKaZDplYr7Ui8VMy1GRiquc7gLTgaYOKcKCkTI3FTI/IqqDzUiNzUNHTTnYuggmux+GsXmeIfNx
nYRz6VxKNjntXo3wohzNcTHpuOPwopJ82pOPq8uHbE+KGk/ZtTF8keEY84FcHs4B9a9x8d6f/aXh
m6ZBueONmH4V4lGM5Q8FeoNVWjZiyqqqlHzIWSoXj9qu7c84prR5rI9J00ygY+OlQtFz0rSaPioW
jpqRzzopma0ftUbIRWi0ftULxmrUjknQsUsEGnA1M0eKidSKu6OdwaHBuakDc1AM5p4PNJoqMrFk
NTwc9arq1SBqlo6YzJgfSnZqINTwalo3jIeKCKQEU6pL3GGgN607GaTbiluGsSe3uJ7OcXFtK0Uy
8jYa9R8KfEhJljs9XY+bwBI1eTZIPB/GlIDcNyPWtI1HDRHLiMLCvF3Wp9QxypJGHikWSNhnep6V
Kr5GCea8B8MeNr3w/OqSO0toP4DkmvYtD8Rafr9v5tpMA2PuPwfyrshVUlufNYrASpO6Wh0Kv29K
kDVTST+Enn0qZW7ZrRHB5FoMKUHNQI2akB60wJutJimBsU7d9aLoBrL7VXdatA5FROOaLgZ8q+1U
pF61pyL1rPmU80wKEq1Aasy5qs/WgBKM02igBwpabmjNFwHjJ6daA4J+VssOoFRzSCK3eRjgAVyt
pqktteSyFiyE1jWxEKTtLQuMHLY7AO/GSce9ZeqXNvC4WaFCrdWIpsWv28p+ckfhUWuT21xZBoyC
xHAqa1ZSpc1Np+RUYShK9itplgJ9T80fNbjkZ7V0pb5sD7o6Vn6NF5OngHoauAkrVYeEacE4qzZM
5czuS7s96M1GKXNbXuQSbqXdUWaXNAEwNODYRzntUIakd8RSfSk3ZAldnMagTNPIo5rMutStPD1n
vk2tcEcL71LrGo/2ZDNPjLdBXnccd54k1UMSWVmHJ6AV8/gcFPFVJJaR6nrqFP8AjT2Q+efUvEN6
cmZlY5x2rrdC8EQIokvsZI4B6Vv6faWemW4hjUGTGN2OlTyiTg791fYUMNSoxtBWZ5eLzetPSloh
kWkafZvtS3iI9dtakTQRwEJEg7cCqZO+AZIVvc05WAi2qwLfWt739TyZzm37zuTqYXOPJTn2qZ4L
AJtNtEXPfbVSOQR5J5bFHzO27ofenzEKdi0kUUQwmAPQVZhubmFt0TsAO2aqKI05LZNPN0Bworzs
XleHxCuvdl3R00cZWpaXujprLxECoSfgjua3ILqKdMxyKa883h+oFSQ3M1sco5xntXkyo43CaNc8
e53Qq0Kz3sz0XcMYB5oBI965mx8RAbUm4963YbuC4wY5AT6VtRxdOr7t/kXUpOmr9C1QRmowefvC
nbq6jMQpTDHUuaQc0AV2SmbcVaIFIVo3B2OavtExdf2jCORyV9aItWmuVZIkCMpx6V0W3qM8HqKw
JtF8vUvM87ZE/p61zzUqfvUluaR82QmDVLvIedljPHBos9Ku7CYkztIh7E1U1Az2V8I1uSYjg8Gq
kup3qTbYCzrXM8RRpu89ZFezkdKVO7O3ikK8ZHSq+lXFzcg+ehWrxTblRXdTqKS5rWMmQYpKlK00
xmrER0Zp+2k20AMNZPif/kWr/wD65/1rYIrI8T/8i1f/APXP+tAGB4Q/1SfWvUdP/wBWteXeED+6
T616jp/+rWgD/9b36sbxH/yBb3/ri38q2axvEf8AyBL3/ri38qUvhLp/EvkfKci/vpP+ujfzNGKf
IP303/XRv5mkxXmPdn3cY+6hm3NNZalxQRmlcHErMtR7RVpl9qjK+1UmYSplVl5oFTsvtURXFUnc
55QsApUPzUzODTxzTFew/wAwqvHevXPhjEIdDMzDBaRx+teRBDLIkacl3A+le16BF/Z+lW8GMYUE
/WtKMbyOLMq37vkOzXbcW8ts3IkQivBdatDpuuzQleHYkV7Va3YDA5rzz4m2Iiure+jGAXIOPoa0
xEdLmGT4jkqcnc41eBgnNOwDUSNlQT35qYEYriTPsG9dBpTIphj4qbtRirsgcUyo0ftULRn0q+Uq
J05qWjOVMz3jqJoua0Gj4qJ48c0JtHLOiZ7JimYxVx0z2qFo8dqtSucdSk0RA09WpNlOAxVERuh2
6pAeKi704VLNoyJQ1PBqFTUmRUNHRGRJRTQacDUml7himmn0GgTGA/NVuw1G60u6We0lZGBzgHg1
VxRgD1pqTTJnTjUVmehRfF3ULa3VZbASsvVwRz+tPT43yD72mH8x/jXne/jaOneq81qj8rjNenhM
TTVozR4WNyvRypnqSfHBz/zDf1H+NSD43Tfw6d+o/wAa8ceMxHpT1cYr3qdCjUV0fN1I1Kd4yR7G
PjZOf+YcPzH+NPHxrlP/ADD/ANR/jXjykGpVFarB0uxi6kkevr8aJT/zD/1H+NSr8YXfrYD8x/jX
j69RVuHrSeDproCqs9bT4oNN/wAuYH41YTxq9z/ywC5rzK0XkV0FkMYrkq0IrYqM22dvHrBuOqgV
Ks2+sS06CtSL7orz6kbPQ2TbLOc0Ug6UtZFhRzziilzgfWgCG4gF5bmIttDDBqqmh2iwmMEFqXWp
3gtQsBw7DjFYX26+ssSux59RXHXrQhLlmrmkIt7M0JfDhJ/dOB7Vl/Z5I9TitZASN3WpBqt9JJ9o
jDFa1NJvE1GQmWMCZe5HNcahQq1OVRaZq37tma6gRwpGvpS5pCMHFFexsknujmHZopB1pc0AHOaU
Unel7UAOBpsxxbyH2FAqO6JFq5FRUdoNjjujz7xcrzQiFPvMaueHdGXStNR+POcc1NNCtxOJG7et
WN7naAeBSyOCVFz7hmOJlFKlHZ7kmw555PrUiyPGPm2ntzUO9j90U7Y5GWr2uW55HuxWhyHiabVb
KczrIohPQYNYsHifUYJEkZ8r6ZrrfF0c1xpYSJdzAV5ylpfvIsf2Z+uK8zEOrGa5T6jLZYaph/3y
1PXtJ1H+0bBLgjDHrWh5rtxisbw7ata6WiSjDY6Vp73TnHFejD4dT52ryqpO23QlwwNSKx9KgE5p
ftDDqKpMxsWQW9KlWQr/AA5qqtw3pQ98luCZWC+xp81t2HLcuZB6rzUsFzcWrboz+tUIdQilA5FW
luFJ4ry8VluGrvnvZ90zqw+KrUdtfU37HxCeBOv41vQ3sU6Bkk/CuCLiT5Rx9KdHNcW5zG5H415c
6OOwa5qi54+W53wr0ammzPQwxI5p4YVylnr0seBPgity3vYblNyOK2oYylX1Ts10HOnOPoX856Uu
arLLjjBxTlm54rr8+pne25Njmqmq2Zu9PdVYqy8girO/NOEmeD09KmpFTVnoPqclYaHNeZa7ZvlO
0Z9K24tN0/T0AkIB7Fq1MgDgY+lUNU0pNVhERkZD6g1ywwlOknKOrLdV7ImVY2X93tK+oqMxc0af
bRadD9mMuX7FjVvYAMjn3FdUJPlIs2UWi5pjJV8xA80wxgiqEZ5SmlKvGKo2ioAplKx/FC48M35/
6Z/1roClYnipceF9Q/65f1oA5jwh/qk+tepWH+rWvLvB/wDqk+leo6f/AKtfpQB//9f341jeIx/x
JLz/AK5N/Ktk1j+I/wDkC3n/AFyb+VTL4TSl8aPldx+9m/66N/M0Dmlk/wBbN/10b+ZoArzHuz75
fChMUgFPxSYqUmynGyuxhU0wrUxHvTT9aNTNq7K7Co2XirJApjAYrVMxkkymynOaAamYComXc2wd
W4FUjmmra3Oh8F6f9v1dpWQmKMDGfXNesbcAAdhxXL+EtNOl6ShcYdvmJ9q6ON+Oua66StqfN4yq
6lS3QsRSMjCs3xlANQ8NFyPmjO6tJQDTLuLztLngPI2VU1eLMsLP2dVM8Xgb92B3HFWkOQDVS4Vr
fU7iI9FNPSXIrzWrM+5oVLwTuXVNOWq6PmpVaqTOlSTJSBimFBTs0vamO5CUB7Uww1ZooaJcUyhJ
Hz0qB46vSAZqB15NStDkqxRSKYqMrVtlqNkq0zmlEr4pc1IVppWgmwzvTg1MI5oodirkyvTwwqDO
KXdiosXGZYJxS5qENmng0WNVMkFNzQDRSaHe4meaPpSYyTS4osF2mNKCQYYc1Ukt2Q5HP0q7khqd
k88da7sPjalGSd9Dz8Vl8MRfTUzFfHHQ1Or80+e1VvmX71VlYr1FfTYXGQrLzPk8Zg50JWsXVPI5
zVyHrWfC4zV6E5NdUm1ozg5bmzaHpXQWXJFc5bc4NdFYnla4azujSPY6G0HQVqxDisyzrUiry6m5
tEnXgUtIKKwLCgDcwB6UUqg7lPXnpTST3AxNbn8m8hPVVOTVbVNWTULaOEJgr3xVy9to7vVEWR9o
B6U+TRbMfcmXP1rz6tOvKVoNfM3i49RlhrVnBaiGWNcgelV9HAm1aSaMbUzwKmfQbZ1YrOpYDjmn
aBbTW8ziQcdjRTWIUkppaBNxtobDc80lK3INJXftoYBRiiloABS5pKKAHA1Xv3K2be9T1V1M4sjm
sMS7UZPyLpq80cyEZz0NWfK2rksMVBFKccdKUuxPPIroyaLWEicWMkvatExmC8KPxpmXeQAnI9qZ
wTj1qYYiXPc8V6bXY5VtYWXaGC4DCldIY9v7lM9c4qJTmTPenXVzBFtDtzii63loF3cmmG4K8f5U
5JCV2tj86rJqVoIpFY87flx6157e6zqKajL5ZfyweK56uKhDZ3NYU5SPTRDuOFIz9arXlyNOiMs5
CqPU1w1r4juAF3nDA+tWr69/ti3MMkwUMOea5ZZlTt7t/uKjQfU3V8SwuMxkEdvesfXJL3VHV4Aw
A7AistNEkXiG5HyDjmlNvq9uPkMZA/2q8+pjqtX3b6GypJbFiK71W1UL5DkD3zVlPEt7EfnikH4V
kHxJc2p8uaA5HUqaY3jCH+O2bPuRXNGFRfD+ZTgmb3/CaFSQSwYeopIvHs5cxhCc1zZe41eXNrbn
nuVxXR6X4OdEE13KqA8nFevg6ddu7ZlJU+w5/E17LMHUNtzyorpNK8XRsQjymJvQ1kTvZW6m3soj
JIOCxFc/PbzRzEMNrf7HNaYrKsPX961pLqgo4qpTb6o9q0/xDuUbm3L65Fb1vfW9yu5JBn0rwS3u
NT01BMwBi64J5NdNpHizzyqBXjbIHAryKlPGYPV+/H8TujXo1/7rPXfMK96kEg4759K4208RNCQJ
0LZ710Nlex3GJI+hPSunC42jibKD1CdKUd9DR+3W6T+S0gD+lWPMTP3xke9cFrzTLrIMIO49KkW1
1gsrE8EetZzxcoVGowbsUqSte50WvaY2pQLJbz7JE5OD1pPDM08lu8E5LFG6k1hCz1ZVLhsHHrWh
4TmYzTJKu2QHk561jSqSqV0+VoqUUo7nVEZzik2imeZ8xp+RxXqHOJsBpjRA1KCKMZoArmEVg+L4
seE9SP8A0y/rXTbc1g+Mkx4P1Q/9MT/OgDhvB/8AqUPtXqWn/wCqX6V5b4Q/1C16lp/+qX6UAf/Q
9+NY/iP/AJAt5/1yb+VbFY/iLnRbz/rk38qmXwmlL40fLT/62b/ro38zSUrj97N/10b+ZoxXly3Z
+gwXuoTHfvXR+F9M0bWJDbXl28Fx+H9a54KO/Sly6v5kcjJIOjLVRlYzr0nUjZM9XPwp0rAb+0rk
A9CFXn9KYfhVpWSPt9yD3+Vef0qh4L8fMoTTtVkJA4WRq9MIDxLMjb42GQwPWu2ChI+WxNTFYeWr
OAPwr0r/AKCFz/3yv+FRN8LdK/6CFz/3yv8AhXoOM+ufSo2X61XskcksfW3bPOpfhbpfbUrof8BT
/Cq6/DXTra5jmF/cSeW24Kyrg/kK9HePI71Vkj9qapIX12rJGA1usSLGudqjFRZINa80JOc4xWfL
EQapKxyNt6joZMYq1EQwdT/EMVnDKmpo5Dn3psL63OM1jwDfXmqvdWzgRsBwaqp8O9YDHEiY+lek
pJu6nmnlTkYJrJ0os9CGZVYJKJ59H8NdaYAiVPyq5H8MNdbnzUx9K7yGdkIGTWpb3RP8RqVRRus6
xK6nm6fCzWu8q/gKsL8KNSJG65YfgK9QjfKjk8+9U9W8QWujQO88ihscAmqdOKRSzbFVHZHnd38P
xpluZLq8PHY4rjtQihgYrE+73q/4m8aXOr3LLHIyQg9M9a54zB+d7HPrXLNrZHtYV1pK9RkZfLEU
1qdt5zQRxWWp3WuREUwqKkxnikwKDNxIttJtqYjFJtzRcnkK7IKhZSKvFBUTpmqTIlAqg0tOaM0w
qRTM2rCg04GmYIpevtTFcmDU7NQCng0mjWMkSilJpmaXrUmlxTzRnilApCKY+ggNNaFZBk8GnbTT
hirpVZU5XiY16UK0eWSKZjMTZ7VctmHUU9VV+GFL9mKtlOnpXv4TM+e0JnzONyh07zgatmeRXR2H
3hXMWZ2kZrprAjIrrrNNXieOouLszpbTpWpEPlrKszmteL7teZU3NETClNGKUisGUNpVOHBpaMUX
XUL2MPVNPnu9TjeEkDPJFSnQXGMztnvzUurXclpJE0fQnmq58QIoHB3Vx1J4eL9/Q0SlJaIWTw9I
wPlXDBhz1qXTLuTzDZTL86cBh3qqfEEjZ8tTk9KfoqyzXLzyqVOc80o1aU58tO7Dka3NkdSKMU40
g6V2rYhiUUtJigQU6kooAO9U9W4squd6z9YbFsB71zYx/uZGlL40c/H1IqTkKX/hX71MUZJwOaw/
E2qtaQ/ZoW+d+GxXZgJqlgYtnDiI81do0U1uza42IoYDuDViXU7fbvIAHTGa5zS7JLa03MA0hHWr
bW8TgFlri/tiab0J9gi/Hr1ksmGA/OuT1TVJDrBmQ7osnAz2raGn2x58sUh0+1bOYU/Kuevmftkl
JFwpqJnQa3ayt+8AQ/Wrgm0uUc4JNQS+HraQEhQCemKzJ/DlwuTE5x7GuZeyqbOxq12NZrHS5gcf
KfXNVH0O0J/d3DZPoawpoby0fDl+KbHf7hh2II7E4rf2c/syuO1zRubK6sfmhumYe5zVY6nqiDPm
KV9xVdrxWkEcX72Q/wAPWt3SvDd5fYkuFZYvRhXTTw1SXYhyjHdmHDDqGqXQRUHzHkiut07wLall
mveWHaujsdNtdNTEUSBsfexVliTznBr16GGjFe+jmnVl0II47bTowlnCN3uKa9vPdfNM+1O4HFWU
CBi3f3pSVJG411S5Vq9DFt3sUktR/q7ZQPUkVZh021hXzJV8yWpN3OFGB7Cp7exnuHGAwHrXk4jO
IRfLR96S+47aeCk1zT0RmT2DXzYlIEQ6AVo6doUeAsCEY7kVu2ulxRcyDJrSXagwihR7V50qWLxb
5sRLlXZHbBU6S9xalO10aJDmVsn0rViVIflj471AHzyetODkHOQK6qWEp0UoRInUnL4mVrnW7OC5
KyxBpF6Z9ahfxZLuOIAqYqDU9BGoN50ZIc1nyefp9jJA9tvboG2k1y4iWK5nrZGsZU1Gxpf8JPeS
r+7jXAFaHhiRpXlncAMTmsvQ7+xttOkN1Gm8jGGHNbemyQPbmWBQo6VWHpVPaKUp3Co1bY2ll+cm
pRLWasnvUyye9d5gaAkqRXqisvHWpFloAuBs1ieMv+RO1T/ria01k96yPGDf8Ufqf/XE/wA6AOJ8
If6ha9RsP9Wv0ry7wh/qVHtXqOn/AOqX6UAf/9H36sfxF/yBL3/rk38q2KxvEf8AyBLz/rk38qUv
hNKXxo+XG/1s3/XRv5mlHFDf66X/AK6N/M0ory5bs/Qo/CgxS4oNLSKI3iWQYcZIOVYV23g/xzLp
VxHZ6jue2OAHPRa43FIVBXkcetVCbi9DnxGFhiI6n0bDLBdW6z2solifncO1DLXi3hTxhdeHrgRz
kzWbHHXpXsmn39tq1kt1aOGRuqA8iu+FVM+QxuBnh3otBxXioHWrxXjrn+lQstas8+90Zs0eRVCa
HrW08fJqpLCKQGC8RBqLlTWpPF7VSdME0CFicDr1q5HJkCs5SFOTU0TnPHSkUX9ueRUkUrRAknao
+8xrMvdastKgMt3IqkDhc9a878QeObzVcwWa+RCO+eoqJVIpHVhsHOq9j0HW/iDp+kxmC3fz5SMZ
XnBryjV9du9Wnd53LKTkA9qyeS7Mcsx6sTSrya5ZVGz6HD4SFHRoDkmrEKkimhamjrJanpqKexIO
mKXHFJ2oFBqloJtpCKko20mQ0RYzSY5qXbSY5oCxEVptTFaTZmgHEiKZFQvHirW3FIRTTIlTKbRm
o9hq9sFRmPHSqTOeUGVelOFSNGaQJTISaYCngU0DFPBpWNlckC0hWlBp2aLGysMxSAU40veovqDS
sKoxVuHOOlVgOlWIz0quZ30MpWtrqaMManHHNbFmpDjNZVtjjArbtMFhmvTw+KnH3XqfOY/CwleS
0N+yOcVsQ/drHs9o6VsQD5a2nLn1PHceR2LIoIpRThWLAZihuBmnFeaRgNuKE2tgsZusWUt7FGYe
AD8xqqmnWCxqJZV8wda2pGMVtIc8Ba5600o6rLM6zlUFcOKp3mnGCb8zWlJ2NODTbNz5sTAgVeUB
QAgAHfFYVg7aPfNZzvujPO4+9WtS1WK3IW25NbU50qa5naMuvqKSmzTHJNHamQP5tukx6kU+t1r7
3cztYb3paWimAlFFFAAOtZutHFuv1rTHWsrXG2wpn1rjx7tQbNaP8RGNGwRHdugGa4C+lN94iZhy
qsOK7TUZDbaU7E9c1w+hjzdReRu7USqOOEjDyOaUb1pyOrPygLjHFNAOPbvVe9uxbXCIehNQDU0S
78on5TzmvIUJNXQiW8eaFfNg+ZR1FQ2+uQS/JJ8rdDWmoDAZOVauV1izSC7LR8ZOa1pJTXK0HLc6
eN4ZBuSQH2NJciRbdmRl/OuNS4lh5jcsfTNa1jb6xqv7tA0af3iK1WEnL4Q0Rm3V3JPMUO5nB6Yq
za+Db3XShEJRc53Gu/0LwNBAgluXDP1Oa6+GGG2QJEoXHfHWvVoUPZ/EJSc9jlPD/gK10mENKkbS
D+I1vPZRwIWZguOiVobiW56VmarlsKziuunN3shzjyq27ZkyuHckDA7UzIprthsAggU+C2muG+QF
axxObU6L5KXvS8jOlgZTd5aDCQDu61PBZXF0wIT5fWta00hE+aXrWiu2MbUGBXmOnicZrXlZdjup
qlR/hq/mU7TSYoQC5yfStJSqLtjAFRZzSiuylh6VGNoxJlUk9yQn3z60AmmilzW1+YhDt2aGlSCJ
pZWwi9qaB82Kx/Elz5dskIzhjzis6lSFOF5MaV2Qv4rb7YTBGxhXqRXQWeowX1uJS429wwrFh/sl
dI8sf63HPSsa0trl3ZbeQhT71xLGVaclztSi+xuqXU3PEa6eLLdb8ysQK19HQw6UodducYrnLXSJ
prlBLKG284rqlYKojUcKMVth4S5nVlGzZnMnVxUgeqobmnh/SuszLayc1KslUw5qRXNAF5ZBWV4s
fPhPUh/0y/rVoOay/FDE+F9QH/TL+tAHNeEP9Wn0r1LT/wDVL9K8u8If6pPpXqNh/q1+lAH/0vfq
xvEf/IEvP+uTfyraNY3iP/kCXv8A1yb+VKWxpS+NfI+XGH76X/ro38zSihv9dL/10b+ZpQK8uW7P
0OPwoMZpaUCjFBQUHpkdaXFBHNUIT7xxjj0rW8PeJL7w5eBoJSYSfmQ96ysYNMPyrgjPeknyvQzr
U41IOMkfQOia7a69ZRzwEByuWTPQ1oFRmuB+FOnmLT5Lp1P7wkr6Yr0DbgAjgk16NOV46nw2NpRp
VWokJQVXmT2q4wqN14qzkMyWLI6VnzQdTW1InFVZosikxmE8WCeOBzXOeIfFUOjB4bc77nHyj0Nd
hLDgkEcEda8c8a2DWniJ5GUlH6Me1ZzbSOzBUozl7xlXeo3epXDS3cxcMchfSowex7VEPf8ACnDO
ea4pa6s+mpRUNETfe5P6UAYNItOHWlc3THg9qmQ4qADmpUPNJG0GT546UCm7uKcGpmyY6lGaTdSg
0WBpC0hFLRUiGmgClIoAoGhpHNNIqXFIQaBSRFikxUu0UFaaMmiHbSGMVNilK07shxK5QU3bU7LT
MU0S9BmKMU/FIRinYSYzpS55pDSggc1nyu+htdJakqnipogRVGS4SMcnmoftjOcKeK76OBqV7dEe
bicxpUL21Z0cNwI8YOa17OfzGBrk7Vjxzmul0/qvGK9WGFjRXK9z5rE4yVd3vodZYfWtyAHbWDYd
q3rfO2sKhyLuWlHFO6UKOKdjmucoaRSYGPenkUwiizewBt8xDGeQwxXKXDTWN28Fu7LuPQV1YyOR
1qu9pB9p+1uQCo71z4mm8RFcrs1uVCfKc2bG6uzmXdv9TU/9iMkBaSQK+OMmtm31WK7lZF2BVP3q
raxNbXkfkRTgyHgBTzXOsJh1G97/ADNPaTeyJtKDC1KSOCR0xV0jFc1aw3mj3aPck+S/TJrpyAyL
IpyrciuyjJtWtaxEl1uNIxSUp5pK0syAooooYAOtZGuAFEU/3q1v4qyNbI3oP9quHMbew1NqHxnE
+LLpktUhU8YrC0BP34A65zVvxVLuu0j+tZ+nXH2O5yemKzl79JJM53e8mWvEEhacKvDBs/Ssks5b
JPz9jU2oXIu7kyEHk5pILSe6b5EwvrTpQ5VypE6LclTWLqKMIXHHtSxW99q84wGI+lbOnaBGPml+
Z/SuntoltowFRVwMcCu6jl7b5mjGde2yMjTfC1rbhXuV3N6Zro47hLdBHEiqo9qijjlnb5ULE1qW
2j7BvuTtB9a9Hkp0VoYpSm7tktjJPdAYOFFaUjJAuXYDA7msu51S3tB5NvgHHWsl5p71wPmbnpXl
YnG0aerevY9GlSm/h2NO81kkFIOtZQ+03j5JZs1o2mjHhpRtzWxHDDAMIoriUcTilr7sexuowhru
zNtNFQKHmyT2FaqIkQARQKNx/ClFdtHDU6C9xamU6sp6MXdnrRnPWkpRW7dyApQaSlFC0Admikop
pXAkj+8WPAXqa5TUp47rVQrSYQDGM1ta3eCz09lQ/vHrA0aO1DF71hljnJrixVVKapStrubQi7XR
aOiS7DLGxKt71B5d9ZBiFKoB1rqoJoDEBA6sg6VJKizRNFKowwqJ5dSkuaGnzBYhrRowvDnmzTyX
LuWwOldAWyxPvVa1tks4mWMcYFTZAPvxXZSg4Rs2ZyfNsPzzTw1RZ5p+askmDcU4P71BupykUAWA
9ZniZ8+Gb8f9M/61d3Vm+JGz4bvv+uf9aAMbwh/qk/KvUbD/AFa/SvLvCH+qT616jp/+rWgD/9P3
6sbxF/yBbz/rk38q2axvEf8AyBbz/rk38qUtjSl8a+R8vSf66X/ro38zSClf/XS/9dG/maTpXmS+
Jn6HH4UOpwpKKRQ6iilxTASmn5pFC9W4p+Ku6Ham+1y2gA4VgSfxppXdjOtJQptntfhDTzp3hXT4
W+95K5+uK28Z/ChUEUSQjoigCgAluBXoxSUbHwGIqOpUcnsMYc0wipyMn+dRSMkYzIwQdiad0jKM
XLYhZeDVeVMirmA67lOR61Gy/wD66Y0nsZUsZHPpXnXxL03fbpdgfdGTXqEiEhsiue8V6YL/AESd
DnPlnGBWdRaG+DqctRLzPBxgqHHfim9DSxgmNflwwOcUEVw76H1WtrjgakB4qAU8NRYpMnBqVTVY
NUqNmg2hImBp4aofxpwNI2TLIPFOBqJDTxTWxoh1OpgNPpDCgClxSgUWLQhFJipCtNIxQDEApSua
BTqDNxGbKNoqQDNLtpkuJAV9KiarLjHaoGXNURODsREmkwafgCopZAi5rSMHPSJyOSSbYSEKvJqh
NeAjC1Bc3hc7VNVgcmvawWXKPvyPn8fms5fu4k2SxyasRCqqnmrkBzxXrtJrTQ8bmfV3NOz+8K6b
T+ormrQYIrpLA8iuSrorC0Or0/pW/bfcrA0/oK6C24UV5tTctFtRTqF9KU9a52UIaQ9KU0naj52A
bg9qhuovOsnVfvYqfpSDg+x6im/hce4KTXQwNGit2jkgnfy3yeapMkenajvjbzQpzk1Z160Nvc/a
IyVVgBwO9Fro8lzGsspIU9a8ipGpFqlThe3U6E0lzSZBfalJqiBQmNla+h3RuLPym4ePjmrNtplt
bDAXccd6xr+cadrKPCP3Z++BW0aVTDy9tWl8RMmp/CjoCu35f7tJSJILiFZ0+61LjivQjJSVzKwU
UZoFIQDrWLrXDA+5/lW0BzWJrYySc9K4cydsObUPjPLtdk8zVG5OABVFInkIVBx6mr1+g/tKUtyB
jtWhp2j3N8QxUxxetb4TBSqU1KWxyVqijcpWunorjPzt6Cujs9LkbBcbVxV2C2sNMQDiSSriTNKv
I2r2r1qOGjD4dTjlUbGxxxwrgDJp5yaThTTRJliqgms8Tj8Ph17717F0sPUqP3S/azrajzD1xxUV
zqVxfyfJkAU630ye4bkkL1rbgsILZACNxrw51sVjH7i5V3PShSp0Fd6syLTSJJvnlrZgs4bdQQMm
piew4FIOK6KGCp03zPVhKo2KSS3XAopOo5pa6m2zO3W4oozSUUbAOoooNABmlptO+tAAOtPXCKZG
HygUwcnjmszW2vHhFvbKcngkUptxBamLqd+lxqkavnySeDWlc+HS0SS277lZd2KrWQtodttqUJDD
o5FdRHtWJRC+UA4xXFRw9KqpOavfvujZzdPSJyAN5p7/ADAqorS0h7q/uxNI37tela95bR31uY3X
ax4zRZWq2UAiU5A7+tFLCypyVneIOqmti0xG44pM0nB6UV3WS66GO4uaWmZpaAH04Hio804dKdgH
g1meIz/xTt9/1z/rWgOmTWf4hRj4bvWwceX/AFpPQNjK8If6ofWvUrD/AFa/SvLvB4/c5PHNeo6f
/q1+lAH/1PfqxvEf/IEvP+uTfyrZrG8R/wDIEvP+uTfypS2NKXxr5Hy8/wDrpf8Aro38zSd6V/8A
XS/77fzNArzJbn6HH4UL2pwptOFIoUUtJ0oBzTGKTgE+ldp8MNNF1rc1w4yEIwce2a4lziP3r2L4
YaabPw9LcMMGZ936Y/pWtJXkeXmtb2dFnaOSzk0mSBTiC5bHGP1rI1zxBY6BYtNcyfvMHbEPWu1y
SPjaUalR8qW5b1LULXS7N7i7cKoGQM9a8X8VeL7zxDcmOOZobROE2sRk+uRzVLxD4iu/EV4ZZ2Pk
r/q09KyMDqDmuSrV10PqsvyqNFc89T0Lwd48ljkh03VZN6Z2ox47V6aCrRq8RDRvyCDmvm9lDjBr
sPB/jabRHW0vmL2bfKPainWfUwzHKlJe0p7nrci9VFV5YBLC8bDIKkfpVm2ngv7Zbm0kEkbDjmnY
CsOOvWuu6kj5yXNBq61R84azZGw1u4hAwu8gDFZzriu8+JunNa6ut4F4Z+fxriJF9K4Je7I+vwz9
pSiyqRSCpmXmoiMGkgkrMcDgU9GqLNOBpjjJosqafUCNUqtmpaOiMrkyHmpQarA81IrUbG8ZEoPN
SA1X3VIjZouWrMmFPApimng00aRRIopGTNANPzxRYpohxigVIaQAd6LCsAFPAxQMClBpgkt2NYbq
jKVORkdelVri6jiXC/frajSnVlypHLia9GjFzkyrdSLAhz1rAub1pWwDwKt3zNIhYnmsfnJr38Pg
1TV5HxeNzB4qT5NESAjOacpqIfWnr9a7Yux5rXVkynmrkB5qipq5CeK0uK9zYteoro7DqtczaHpX
TaeeRXNVWg0dXp3QV0Nv90VzunnpXQ233a8yqtS0Xk60p601afXMyhpo7UpppoAO9JS0HpQBDLFH
cKFlGQDxRLKttbkscKo4FP45qpqtubrT5Nn31HFTKTgnyrUqK11KA8RbWfcnHQVmRRnUL7LP8hPI
NXdKjsXtZTd4Ey9M1mSFo7t2gOFPT3rx68p2jOu9L7I6YWZtHUhY362IOYR3rYJHDD7pFczDpVzf
oWI2f1rc02GaG28mY5x0r0MNVrVdZrlXT0MakFcsUtFFdb3MgHWsDXTneK3xw1c/rZO6U56CvNzO
/sVZX1N8O3zaHnDzJDqkruNw44xWzbz6jf7UhBhg75GKp2SxPfSyPGXYHgV0kRlZBuOB2FevPF0K
GHi5y+R5nspznLlXUSCwitgGkO9/U1PvJ4H4CprexnuDgLgetbNtpUUIDSctXl1MxxeL9yguWPc7
IYOFPWpqZFvYz3R6ED3FbNrpUNvgyAE1eHyrtHApKVHBU6bvP3pdzWVbpFaBgDATgUpwT60lFd9u
j1Zk22FFFFABS0lFAC0UCigAzS0lGQBQAtLzn1pFy1Vb/UYrBAqtmb+ECplOENZuyGlcTU9RSxjG
GG9uQKzB4huBhlUMait411C7Y3UeJCeGpt1pVxpd19oVTLCew7CvPquvOXPCXum8eVbiXmqjUI9s
sf7z1AqDT9Su9MctJl4ieB1rbs20m7jMmRGR94GrUdpY3ALQrlQcZojh6zmqntLj5421LFrcC8tx
OBtz2qXJPWmqgVQq8AU4V6K7nM3dijiiiimAtKKbnJp4BbgDJpbuyBCU9EZqiuLq0sIjJeSquBnG
a4TX/iSqmS30sHcONwFbRw86jsiJVEjuNQ1Sy0eJpbiVcgZ27hXnWufEGXVpPsNquLaT5WPtXFXU
9xfyma7k8wtzUlpxNGoGBnpXoLBRpU23roc/tW5I9a8IAmJCe9eo2H+rX6V5d4R/1Ir1Gw/1a/Sv
KOs//9X36sbxH/yBLz/rk38q2e1Y3iT/AJAl5/1yb+VKXwmlL418j5dY/vpf+ujfzNKKRv8AXS/9
dG/maUV5ktz9Dj8KFpwpuaXGaRQoNOGM00Ypw9aYJDoUM1zBEB8zPjFfQuhWf2DQLW15LBc/WvE/
B1gNQ8UW8bDKKpYnHTpXpPjLxvBoMAs7LD3ITAweldNJpJs+fzRSxE40Yov+KPFth4dtnDtvuT91
Ae9eL6pq17rV01xeN8x5VM5AFQXd3d6hdSXF1KXkc52k8AVCPbn3rOpUbZ3YLLo0Iq+4AkUdeKM0
ViektA6U0gMMEAj0p1JmjzE11N/wx4tuvDk4VyZLPPKliNufT1r2XTdTtNbsUurSQOrAHA61894y
PX2NaWieIb/w7dJLaSM0e4F4yeMVvSqu9mePmOVxrR54bnovxP0w3GgNcqMmNlyB9a8dAyimveG1
ax8XeGLgQ481oyWX3FeGND5EskLcGM45orWbuiMslJQdKW6KzrULLVx1+UVCy1gmd06disRikDVI
61CRitEczTTJQakVsVXU1KpoZUZ2ZYV+elO6+1Qg09TUs6FK5ID2qaM4qsTzT1apNk7MuK1Sg1TV
qmV800zeMixmnA5qIGng1Vy73JKDTc04E9RzTG3ZXDAyB+dKivJKIo0LSH+EU6CCS5uVgtgWlfsB
mvYPBfgW30q3F9fKJbo4I3DpV04Ns87HY6GFh72rPKJPDuvzLiLTpAp/iNRJ4E8QvybQ59xX0sG2
8DC+wFLvY+/5V61Cu6KtBHxOKxE8VJub0PmaTwB4gI5sz+VUn+HOvFuLNvyr6nDnH3j+VAc9/wCl
ayxtSXxHKqNtj5YHw413vaP+VPX4b65n/j2b8q+pdx/zimnd3/pS+uSD2R8wj4Z683SLb9Vq5D8M
te/6Zj6g19IMSRwTUJDVX12ViuQ8Jt/htrSAbmi/I1sWvgbVIcFmj/WvWH3Zxk1VfJzk/nWbxcpA
onF23h67gxuaP861YrKWMfNitaQc9qrvjtWMpuRRXCEdaU089aaazAaaaetONJigBtBNOxSEUANp
VIB5HHekoHWmm2Jo5/W9KdGFxBkgnlas6VpcbwLcTZ9lNaxAbh+R6UfKBgDCjsK5fq8FU53G7Ned
2sJ5iqQNwQDpQ3XOciqeo2T3QUxMR9Kt28RWAKxOR3Nb8zk/eRDuwzz60uCO1U77VINPUg4Z/bms
ddfuWlDAfKTioniIU37/AFGqbkro6PqxHQ1zmsH/AEsqRweDXRxHzoQ5wCRVSTTUebzZBnJzzWGO
oTrUlGBVKahK7ObtNJ+Zmih5bua3LXSEUBpSSR2rSQJGNqKAKU89azo5dCKUqnvNFyra+4ACoMIo
ApM560UV6G2iMW3cDzSUtJTv0EFFFFKwBRRRQAUUUUAGcUtIaBQAuDTlQtSKAxPOAKyLzUbiVngs
xlhwTUzmo/LoOxZ1HVIrJSqfO/Qis3RUhubtpr18n+EHtUGnxT/a2hvE3M3c1Hf2kthKwJIDfdI7
V51atVT9ra8eqNoKL0Lw1WK21ZopYgYyflYVsTapbW6xCQlklAAB7ZrC0iGxmjcXvLqchs1l+XJq
evvFAWMMLjbzxWlOtJUrx2ewnC7s9DW1bTN1zGLRCFc/Nit20tlsbZYl5zyc+tPi/dxBXALDvTs5
5rqhSUZcy3Mm29x1FFFbPzFfoLn0HNLyfujJpUjZueg9ax9b8U6foQKswaXHQHqacYSn8IpNR3Nk
hYkMkzBFAyTXJa74/sdPieKyxNN05OK4bW/GGp63Kyo5ht/Y1giMZDElj3Jr0qGBS1kc8qumhf1L
Wr7WJN08jBc/dB4qmqqv3QB60vGTz9KK74wUFZHO23uFS22ftUeT3qMdKmth/pKfWpqr93L0Y4fE
j1jwj/qRXqNh/q1+leXeEf8AUivUbD/Vr9K+eZ6B/9b36sbxF/yBrz/ri38q2axvEf8AyBbz/rk3
8qUvhNKXxr5Hy6/+tm/66N/M0opH/wBfMP8Apo38zQDXmS3P0OPwoeKKTNLSKFozgg0macB39KAv
qX9K1eXSFme34nk43DtVCWR7idriZzJM3VjSjvzzSEmq5iFTipcyQnJHNFAoqXqXs7oKKBS0WASj
rS0YoDyENIPalxSYp2ElZljTNSudKulntJmjHR0HQ1Dfzi8u5LnbtLnJHvTexGeDTT1ov3M1Rgry
W7IzzUTCp257VG1SJxsis61CyirjDioXTjNUmc04FXGDTg1Ky0zFXuczVmTK1SK1VgealVhSaZrC
RYBBpeKiBqQHNQ0bp3HhqlR8VXxilDUjWMi8r08HNVUfPFTI+c8U0zaMtSdWxz1NTW0E95cpBZxt
JMxAAHbNR2Vrc6ndfZbOIs7YGccCvbvB3g2Hw9axS3OJLwqCxxwK6KcGzgx+YRwyeuo7wZ4Kg0OB
bm6jElyw3ZP8Ndfnd1prMGOSaXOfauyMUkfG1q8q03KbFIxSDilzSHmnr3MEkKDml4ptAo17gSA0
daSloCyCo2xUlNNAFeRaqyLxV2SqsnNAFCVeKrMtXZFzVVhQBARTCOakNMNADTSUppMUAB6Unalp
KAENNxT8cUlA0NIpMUpo7UXZPUq3txJaxeZGpYjsKxJdXudWY2tsTGw6+tdKDt7ZqqNNt4Z2vIlx
J1OKyq03KV0zRNHP28P9lM41BGlkf7rNUdnF9q1FSFG3d90VZ1bVDdy+RcREBfutir3h6zCRm5P3
R3FedKKqYnkeqjqbxfLBjfEZe2SOSKby9uPl9aXTNZa6xHMCTisvUmbVrxmz+5Qnke1TaMo+1eZk
BF9a1qV5qulF6MmEE6bbOkMfPAx3pCpHJzzXPavr7TXywWoIUcFhT7LWbpmEbwswHUiun6zS53Bb
+hkqbUbm70GMUcVUTWLR+GO1vQ1OlzbS/cmXPpW0ZRls0S4tElFO25AIINIVIOMjNUJ6K4lFKVYD
n9KNp4zjmgBtFOK8ZyBUbyJApaRgo96Olx21sOpRyMLVN9XskYDzQc1Lc3Cw2QnXoVzxU88dddg5
Xa5Y2/LjIzSZzx3FctZ6vMbvzHOUJ6Z6V1CukyCWM/KetZ0a8K2sGOUHFczKOum4j0syWv3s81B4
WnSWx5AE+TuzWttEqNG3Q1zDzf2PeOE6Mc1hiZ+ymqj6l01dHUACRtu1d474qrK1vqW62YZZB1qk
3iSAWwK/6w8VPpUOInuHGC9brEU6itFXRMoNO7MBbOS6v3tIwVVTgsK6iysYdPtxHGg83u/rUsaR
xfMigM3JNP6nmpo4WnSTdtWEqkqi5XsA560vsPzpO/8AhSsUiTfNIsaDnJrp1bsjNu249FZuAu6o
r6+tNLhMt1NGMDO0nmuS8Q+P7WyLW1gpklA+8p4rze9v73Vp2mvJWKt23HArso4OU9ZGU6yWx1vi
Hx/c3ga204uiA43rXGOstxKZrmV5X9XPSlQBB8oxjvS9TzzXqU6UaatE5JNz+IBgcClxS4orQQmK
XFFGadgFFS23/Hyn1qHNS23/AB8p9azq/wAOXoyofEj1nwj/AKkV6jYf6tfpXl3hH/UivUbD/Vr9
K+dluegf/9f37tWN4j/5At5/1yb+VbPasbxH/wAgS8/65N/KlLY0pfGvkfLj/wDHxL/10b+ZpRSv
/rpf99v5mkrzJbn6HH4ULTqaOtOpFAKXPFIetKOlAAKDS0UAIKU9KQ0UAAoNLRTASlopO9ABRRRQ
AlBFLRSAZTCOakIphWkSyMjmo3FTkcUwrQZSiVWWoStW2WomWrjI5qlMr9DShvalZaZzV7nNrcmV
qkBqsCakVzUtGsaliyGpxXjNQ7h1p5faw+Vmc9FAJz+VRdtnRzxtdiqwHOa1NG0u71y8EFqDt7sO
grX8PeBrvVnSe7V4rfhsYAzXqWm6XZ6LbiGyhCpjlyOa3hSb1Z5mMzRUY8tPVkvhPwxZeHbRcAPd
N95jziunV+/XnvWNFMQetXo5c967IxUUfN1qsqj5m9zQD5FPBqsj8dalBJ71RiTilqNW9akDCgAo
6Uck0p560AANLmm0oNADhSGjNBNAEclV3FWWFQOtAFKQdaqsOauyLzVd0oAqFeaYw5qwVNMKUAQE
UhFSlaQigCHFBFSYppWgBlN70/bzSEc0AMNHanFRSYoAaM54oOMZ59xTsUhoAq3mn21+mxxtIHBF
YU41LSrZ7eHLQnqcV0vU+4p3B4dQ2eMGsalLmuo7lKWhzUflQaGzD/WMpJPvVSytLm7YvGdsK9SK
6efT4LlPK27UHPFZeoRXVpb+RZofJI5K9TXJVw6v7V9FsaRn7tjInSP7R5UQyxPWuq021is7JRIv
zlcls1zukxpLdgPwy9jXTXjBLJ8MMhelPA02oyry3HVldKKORnAlv8xnALY6Vr3GjQw2yuk58484
rJtreXULgomQ3XirNnbXbasIZ2bKDgt0rloNNTk18TLqWSIre41EO6bzhangv765mEUfLVtarDHB
bN5agNj5mFc7Y3T2dwJlGcVtXnKhUpwUvdFGKlFlxtWvNMusXo/dDrUt5eXMkQu7Zv8AR36e1Z15
LNr1z5W0YJ5rYnshp2jJbg5wxOPrVqo5wqWei2FKKTRR0+5ubmUyzP8Auk7VI1x/bd6sUbERA847
1DpA3I8eeC3SoLBvsGo4Q/KW6elYxxDcKab+LcbguZmpfeH4HiPkPh174pPKng0NoJudpI5+lbW0
kBl5XqaytUvIpbd7ZPvg8tn2r0Z0owvNmMNVYxDb26adHLG3zlRuFWtI1JrdhE4yjetWND02yktg
0rbzjkZrOvYpI9QaC3jO0/dOM151SM4uNWlsbRafuyOtU5w8Z+Wql1pVrdyb3zmqOk2V9A++4lJj
9K2CcsSOnavU1qRvKO5hblM6PQrNDnrWgoCqEX7q9qM0q7j0XNONONNcqC7D3H5U5EL85wKiu7y0
02EzXTqvGeTXnniD4hXE5a200qidN4FdFKhOZlKoonZ6v4m0/Q4myRJLjgZrzLWvF+pa25iVzDB6
AdaxJDLcOJLmZpH/ANo5p34V6tHCQhucsqjY0IN25s7vUHrTyPX9KSlFdJle4oHHNLigUUAFFHei
mAUU6imAgFS24/0hPrTKkt/+PhPrWdX+HL0Y4fEj1fwj/qRXqNh/ql+leXeEf9SK9SsP9Sv0r52W
56J//9D37tWN4j/5At5/1yb+VbPasbxH/wAgW8/65N/KlLY0pfGvkfLrn97N/wBdG/maBQ3+tm/6
6N/M0CvNe5+hx+FC96cabTl96RQUvSl4pKADNOpKSgBcUYpKKAFooooAKTFLRQAYoxRRQAlFHeil
YANNp1J3p2AaRUZqU0wipZDIyM1E64qcimEZJoWhlKNyqwNRsBVl1x2qF1281opdDlqRt6EBGOS3
4U6EPI+2ON3b0UE/yrX0rwxqGsSKyr5dueSzdSPau/0zw/ZaTGBEm58YLGtoU2zy6+LhT2dzkdH8
F6lqGHuFWCIjhg2T+Veg6J4U0zScOER5e745JqWOUrgKcD2GKuQzc4wPqa2jTSPKrZhUnombMcgK
jAAHQU8/N15+tUI5OetW45OK1RxuTbux5UjpUscpXqaaCCKayd6CTQin461bSTPesRHKnrVqKc55
oA1lbmpAeapRy5PWrCvzQBZU08Y9ahBp4amBJmjFNzTqADOKQtQRmmkUAKTTGGacaTtQBVdeahdD
VxlzUTJQBSZKjKVcZPaoilAFUx01lqyyGoipoArkU0ipyvPSmMtAEPamkVKVppFAERFGKeRRjigC
PFJinEUlADSoOKD9KdSYpp2AbznPSgMQT6GnU0jmktHcFoQCztlm84J8/tVPUtMuLuTzIpML3WtP
BHelACjIJFRKnFppLcd9bnM29te6bdCVYiw9qj1K/u7qUJBC6yk9a6re+MA/nTfLj3btvz+uKwWH
lTXLTdkW5X3MWaZ7XRlhu3zOwqjpYikLQy4DEcV0U9lBcyB5Blh0zUP9k2olEmMMOeKVTDydZS3S
HGdjnY2bTdSyRjB7dMV0F9e2s+n+YHBbHIp8+mw3PzNgHpzUCaJbLxk49KmjQnS5qa+GXTsDmmYu
m3sVtdb3U7HPFSX2kXMU/wBogy6PyMdq3RpVmBhlBA6VZT5E2AkgUoYH3OSbu+gSre9oc7CdUMDI
of5hjmnvoU8lqoQ/vScsTXQbiv3aC5BJGc1vDDuPxu7Ic+xmWOjLYFWLZYDkZ4rRBVW3BBu9QKTj
HJOTRypwBmtYwjSjyrYTve7FLE8Dn6U0ZLY209EZzjOwetZWq+KNM0ZWVn8ycDoDmtIwk3aKJbS3
NVlSGPfNIEHvXJ+IPHtlpqmCz/eSnjIri9a8X3+tSMseYo88A8VhLGF5wCT1Jr0aGBS1kc8q3Yta
hqV9q8xluZXKfwqTwBVcALgKAPpRyMDNL0r0EklaOhhJuQUUUUyRcUuKBRimAoooooAXHNBHNL3o
PWgAxS4oopiCpLf/AI+E+tR1Jb/8fCfWoq/w5ejLh8SPVvCH+pFepWH+qX6V5b4Q/wBSK9SsP9Wv
0r517noH/9H36sbxH/yBLz/rk38q2axvEf8AyBLz/rk38qUtjSl8a+R8vP8A66X/AH2/maShz++m
/wCujfzNArzXuz9Ej8KCnZpMUAUDHDpSikFLQAtFFLigBKKXFJigBKKKKAHUhFLSUAAopcUUAJik
70uaDQAYpCKB1pTRYBuKbTjSVJLQ0imMMkDqPT0qRuOpwPU961tB8M6h4huQkFuyQHrMTxiiMW9D
KtUjTjdsxIoJLmYQW8W+Q9AvJru/D3w8RQl5q5O/qsfau60Lwjpvh6ACKFJLjvKwya05l3HJ5+va
uynRstT5jGZm5NwhsYZtYoIwkKLGgGAAO1UZY/Qcetb8sII6CqE8PHTjNb2tseK3cx2ypqSOTpzU
k0eO1ViCpoEjSjl6c1eikyetYccvPWr0M3PWmPc145OasK2azIpatpJwDQIsMgNNB2nrTlcMOacQ
poAfFNg9auRzgms/GOlKkhU0AbMcme9TBqyY5wD1q4kwI60AXgwp4aqquD3qVW96YExNITTd1GaA
A0lLmmkgUAL2phFO3UnNAEbLUZSrGPWmkUAVWSoilW2WoytAFUpUTLzVsrUbJQBVZaj21ZdeajK0
AQlaaV4qYrTCOaAI8cU0rUpHFNIoAiNJUmKTFADMUlPIpCKaAbQRxTqQ0kAyl5paWn1uBGc0uKdi
kqY3S8wGmk5p9JVa2DQaaTGKcelAxjn+VK19eoXuxvNHSngM33VJ96Zcy29knmXUyRqOxPNHK36g
9NWORWdgAmfU+lVb7ULLSYWku5BuHQZrkNf+ICRCS30/BPTcOa4C5vL3UHMl1PI2e2eK7aODlL4j
CdZbI6zxB4/urwtBYgLH/fBrjX8y5kM1xI0jnvmgKF4UACnAkdOK9OnSjT+E55TkwAVR8v60UHmk
rQiwuKMUClp+gBRS4pKAHClpBSigAxRilooAUCjFLS0CExRilopgJipIB+/T60ypIP8AXp9air/D
l6MuHxI9U8If6kV6lYf6tfpXlvhD/UivUrD/AFa/SvnXuegf/9L37tWN4j/5Al5/1yb+VbPasbxH
/wAgS8/65N/KlLY0pfGvkfLkn+um/wCujfzNAok/103/AF0b+ZoFea92fokPhQ8UCkFOFBQop1NB
pwoAKKKKACiiigApD1oooEKKWm0oNABRRRQAlLR2ooGJRS0hYhNzGjyFpuxMc4pY0klfZBGZJDxt
UVo6Nod7rtyIrWJiucFiPu1674c8C2OhRJJPtnuSOpHStIUXI8zF5nCgnbc4/wALfDie5Md9qjGO
MciBsZr0+3toLOFYbZBHEoxhR1qy2QRjCoOgFMPTIrrhTSR8risXUxEua5C6854x2AqB1FWiKidc
9qu1jju3uUnTIqpJFxWmycVWePJoAx5oeelUJ4iO1bssXNUZoM5pAYpXaakSTaetTTQ4JqoylTQM
0Yp6vxS8c1hJIQavQz+poA2UkGKnVs96zY5RirKScdaYi6KQrUcb8VMCMUARg7TU6T460wqCKiKk
GgDSjnBq0so9KxUkK1bjnyeaANUSA9KN1UllHrU4bI60ATbqN1Rb80bsUAShhTg1V99SBuKYE+aT
FM3dKcDkUAIRTGX2qSjGRQBWZaYyVZKUxloAqMlRlatlaYy0AVCtNK1ZZKiZaAICtMIFT7eeaayj
0oAhxTSKm200rzQBERSEVKVxTSOKAIsUFaeRxSYoAZikp5WkxQAlJinYpMY60wtcbScUpBOMDNPd
Fjj8yd1RfQmiMXJhexHgsMAUPstoy08qxKBzuNc1rXj2x0tmitk89gMcdjXnWp+KtU1l2zI0cZP3
c11UsJUqPTRGU6y6Hea94/sLBTDYFpJP7wGRXnmqazqGtyk3MmE9AxqgIx1LFn75pw4r06eGhT9T
mlUbGpEidMCnZ65yaQ0Vve2xmKcUUlKKQwpaSloAKKKKBC0ooxRTAXHFApe1AoAUUtJSgUCDvS0Y
ooAKKXtQBTABUkP+uT60zFPhH75PrUVf4cvRlw+JHqfhD/UivUrD/Vr9K8t8If6kV6lYf6tfpXzr
3PQP/9P37tWN4j/5Al7/ANcm/lWzWN4j/wCQJe/9cm/lSlsaUvjXyPlx/wDXS/8AXRv5mih/9dL/
AL7fzNJXmvdn6HH4UOpwptOFBaAU+m0oNMBaKKKAFopKWkAUlLQaBCUZoxS4oABQaAOaO9ABR7AZ
J6UhIAyauabpd9rNx5FjA7kHlhwBTinJkTqRgryZT3gEKAWfptFdr4a+Htzq0sdxqAaOAchema6/
wv8AD6z0mJLi+US3J5wwzzXa7iVCgKirwFArphSW7Pncbm93yUypp+mWWk26w2UQRQMZ7n8as8+3
5UoFBzXRtsfOznKcuaTuIRnrSECloIpkkZFMIqTFNIoeoEJXNQMmDVvtUbjNKwFCRM1Ulj68VqMo
qtJH7UWAxZoc84qjNFkdK3pIvaqMsPtQBisu005ZCtWpYcdqqOmDQBdhmJHWrsUmR1rGRiOlW4ps
DrSGbMb+hqwrjOKyopT2NW45AT1piNANnrTuvWqqyHPFTK/FADnQdqaCVqQHPWkK5pgCzY6mrMc/
HWqbJTQStIDUWbNO35qhHJipxJmgCzupweqwf3pwfnrTAuBuKkVuKph6mRuOtAFgHNPFQq2akU0A
KaQqMU/rS4FAEBWmFanK0m2gCqyVGyVbZajKe1AFQpTGSrZSo2WgCrspClWClMK0AVylNK1OUprL
igCErxTCtTkYFMIxjPejQEiLFJtOanEbHtxUF1cWdipe5mVR6E00nJ2QNpCEc4HNLIiQoZJmUIOe
TiuP1j4kWNmGgsSkkg9K8/1TxHqurOwklkjjY5wrY4rrp4Kc99DGVdI9F1jx9YaarJbESS9MYziv
PNV8V6vrLsDL5cXbAxWSIgPvHcf7x60pHGM5HtXpU8NTgtUc86rZGsfzbmJLdznrUmBkEdRSCjpW
5mB65pKU0lABRiiigBKUUtFACUtJS0AFLSClFAC0UUYoAdQKBSgUAKKWiigQd6dik4zS0AFKBSYp
RTQAafD/AK5frTDT4f8AXL9air/Dl6MqHxI9S8If6kV6lYf6tfpXlvhD/UivUrD/AFa/SvnXueif
/9T36sbxH/yBLz/rk38q2axvEX/IFvP+uTfypS2NKXxr5Hy7J/rpv+ujfzNNFK5/ezf9dG/maQV5
r3Z+hx+FDhThTBThQWh1FJSimA4HNFIOKUUAFA60tFAC0hozRQgCgGij8KQn3F600svRQSfakdhG
MsQAat6J4j0zSrkzXelpdshyu5iBXVRwlSr8KODF5hSw8Xd3fkdJ4a8A6jrUqT3Gbe164P8AEK9c
0nRLHQ7cR2cK5xyxHNeZR/G+OKMRRaNEqDoBKf8ACnH44D/oERf9/m/wrvhgKkeh8jisznWlo9D1
sc9Dn1ox7V5J/wALwH/QIi/7+n/Cl/4XgP8AoExf9/j/AIVp9UqrocPtEtj1raaQg4ryX/hd4/6B
MX/f4/4Uf8LvH/QJi/7/AB/wo+qVOwudPc9Z59KXnHSvJf8AheC/9AiL/v8AN/hR/wALwGf+QRF/
3+b/AApfVKvYOdHrBHtTSPavKD8bx/0CIv8Av83+FI3xvGONJi/7/H/Cn9Uqdg50erke1RsPavKv
+F3jH/IJi/7/AB/wpp+Nw/6BEX/f5v8ACj6pUDnR6myH0qGSM+leXn43j/oERf8Af5v8Kjb43A/8
wiL/AL/N/hT+p1A50elyRnPSqskRJ6V50fjWrH/kERf9/m/wqJ/jMp/5hMX/AH+b/Ck8JUHzI7ye
EZ6VSkg64FcS/wAYQ3/MKi/7/H/Cq8nxcBH/ACC4x9JSf6VDwtRDudqUK9qQEgdK4NvioG/5hqf9
/D/hULfFL/qHJ/38P+FQ6EkO56VFKeKvRy15OPimR005P+/h/wAKlT4s7f8AmHJ/38P+FJUpCuev
RyGp0evI0+MGP+YZF/39P+FSr8ZMdNLiP/bY/wCFafV5hc9dDnFSK5NeRr8ZxjnSov8Av8f8Kevx
px/zCov+/wAf8Kaw0w5j1vGe1MZDnpXlg+NY/wCgTF/3+P8AhU8fxkD/APMKi/7/AB/wp/VKguZH
pfI7U5WNeeQ/FaOU4OmoP+2h/wAK0rfx/FOf+PBB9HNQ6E0HMjtQxpwbmsC28SxXAH7gLn/aNacV
6ko4TBrNxaHc0Q/FSq/FVFkBFSq3pUjLiPUqNk1SR6mRznrQBcU+9PBqur1KpNAEuKNtC07mgdiN
lphSp8ZpNtAisyVGyVaK5pjJQBUKUxkq0y4pPIZjhVJo9QKZXFNKn169qs3BtbSNpLmcIAOnFcpq
3j/SdNQrCEnccA7ua0jTnLZEynFHQfZyDlyFHqTWbfa5pGmBzcThivQA15lq/wAQdV1BmWDEMZ6c
ZrlZnnvHaW5lZyfeu6llzavMwliFsjvda+J4ZWgsIT1wGxXD3+qajqb5nlbb1wDVdUVRwKCOe9eh
Tw9OGxzupJkQjXPT5vU0vNOpOa1bYt9xpzRzS80tTa+4aDcUhFLRTsAmKTFOpKLAJijFOpDQAlFL
SUAFFFLQAlKKKBQA4UGiigBwpRSU4DihAFFHelApiExzTqXFFAhe1JS0UAJT4f8AWr9aYafD/rl+
tZ1f4cvRlw+JHqXhD/UivUrD/Vr9K8t8If6kV6lYf6tfpXzr3PRP/9X36sbxF/yBbz/rk38q2e1Y
3iP/AJAt5/1yb+VKXwmlL418j5bc/vZv+ujfzNIKH/1s3/XRv5mgV5vU/Q4/Ch1KKbTs0FodR0pA
aKYC0tAoPWgBc0ZpKKAFpQe1JQSFXLEBapRlOVkKc4xjzSHjnpUE90kQwD81VLi+DApFwPWqWdxy
xJr2MJlnN70z5vMc7jCPLR3JZp2nb58gelR5HakGKWvfhSjTVoo+Sq1p1XzSYvSjrR2orW3mZWQo
ozSUtFkAhooopadguxc0mee1HajtRp2C7EJzSUd6WjQLsYc5o604im9KHYd2NNMK1KR3puKnQaZD
tppGKmK801losi1IhIFMI9qm200rWUoplXID+NMI9zUxWmFawnTRSZEfYmgHHXNOxSEVzuNnoMUH
3pc4700UppxlqA8GnZqIGnhq2UxEqtjtVqFulUlarMUoHFaqQmbNu3Tk10mnbcrxn61y1pIvHNdN
p/JXPNZVLNAjsNN6jG0CumtDgDnNcvp2QB8tdLan5RxXm1VqWjXj5AqZSRVeM8DipwTXM9yiZWqV
WqsCakDUgLQbkVMj1TVuRUysc0AXVfmpd1VUDt0X8anClRlpEX6mh+QaEo/D86cOaqS6np9opae7
hBHuKxL/AOIOiWKnbMXcf3VyK0jSqy2VyXUgtzphHv46U0mGBS00qAD1YV5XqXxTuJ9y2ETAdiUx
XI32v6rqTMZp2RT2BrspYCpPfQxliUvhPY9U8YaPpQJaVHYehrhda+KFxIWWwG0HoRXA+QrndIxc
+rGl2ADAC13U8vpw+LU5pYiUiW91nVtUYm4vZdp6rms8WyA5bLH1POatkHtTCK61GMF7qMm2QleO
1MIP4VMVppWj1GQ4ppHNS7aYV5pDIyKTFSFaaRQMYRRTiKTFKwDaKXFGKAEpKdim0DCkpaMUgG0G
lxQRQA2loxRigAooxTgKAClFB60tAheKUdKbTh0pgLSigU7FACUopKUUCCiiigAp8X+tX61GTT4T
++X61nV/hy9GXD4kepeEP9SK9SsP9Wv0ry3wh/qRXqVh/q1+lfOvc9E//9b36sbxH/yBb3/ri38q
2axvEY/4kl7/ANcW/lSl8JpS+NfI+WZD++m/66N/M0tNk/103/XRv5mjNeb1P0OPwodmlFNFOFFy
h1GabmlBoHceKM0lJmmNasdk4zjNGc9ODTc4HJwKpXF9yUj/ADrpoYadV6I48XjqWHW5cluI4l5b
5vSs2a5eY88L6VAzF+W5NJmvosJl8aa94+Nx+cVK+idkOzR0ptFeiklseK97jqO9IKXPNMQ8GkzT
eaBmpAeDzR3po4NLmqQDuKTikozTuA6jtTaXtSASlFJSigAIpuKcRSYNACHpTTTyKaQaChpHFRnO
Kl7c00jigaZEw44ppqbHFRstSUmRkVGRU2KYVNZyiWmQ4ppFSlTTSKwlAZHikpxpKwlGwCUtJS5o
TGOU1IKiFPU1rGQmWY3kQ8HNa1nrFzbEfKCPrWKhGaspg+5rRWe5Db6HdaV40jjIE0ddjp3jXS2A
EmRXjyYI6YqdUBHVh+NRLCxmT7Ro95h8VaO4GJgPqauL4g0sjP2hfzrwABlxtdvzpczn/lu4rL+z
k+ofWGe/HxDpa8m4XH1pp8W6LH1mB+hrwT99jBmc/jSbG7yP+dL+zo9WH1hnuM3j7RYvunJHvWbc
/FKyh/1MLE15CIhkElj+NPCqD3/OtI4GityHWkei3Xxau2G23t8D1JrFuvHOu3mSrKinr81cuPXA
/GpUYdcc1vHDU1skZucn1Lst9f3bFp7hzn0NNRB1LsfZqgV/8ipUfPOPzNdKSitDJ3ZYAUDAFLUa
tzT8g0XAWlPNJmloWmwhpFMOalNNIpWAixTCKmIppFD13C5CRUZFTkUwrU2KIjmmkVKRTWFMCMji
kxT8UlADMUlPIpuKRQnNJgU6m0gDFIaWkINACGkpxFJigBKWjFFABigUUAUgFpRSUvSgBcU4dKQD
ilHSmAopc0gpaAFooopCCiiimAhp8P8Arl+tMp8J/fL9azq/w5ejLh8SPUvCH+pFepWH+rX6V5b4
Q/1Ir1Kw/wBWv0r517non//X9+7Vj+I/+QJe/wDXJv5VsGsbxF/yBL3/AK4t/KlLY0pfGvkfLEh/
fTf9dG/maQUkh/fS/wDXRv5mlFeW3qfocPhQtKDTTRmjUofSg00txz1o3ADJ4FVu7LUUmoq7Hio5
p44V+ZsmqtzqCxjCDJrMeRpTliTXq4XL3P3pHg4/OIU1yU9y1NdtOcLlRUH48imZ7UuRnivoadGN
NWifH1sTUrSvJkgajrTMijNa3Od67kgxmlzzUeacDRoA7NGaTPNLkUwFzS5ppNGeKAHZoBpuaKdw
H5opopSeKLiHA0ppgNOzQAvagUlGaAHE0g60lFAxTTTS0UANPSkA4p1IaLhcbimEVLimkUikyIri
mEVMRTSo9KC0yAimkVKRTCKmSKuRFaaRUpFNIrCUSkyIikp5FIRWLiMbmnqaZinCo2AlQ81ajPNV
V61Yj61rBkMuRmrSH5aqR9atJW8WYybJxyKdTF6U7NWZi5pRTRS00A4daXvTQeaXNO4h3anA1Hmn
A8UXYiVWqVGqsDUitTTFYtBuakVqrBualVhTETg5pwNRBqeGpkj6TFANLQgGkcU0ipDTSKYEZWmk
VLimMKkdyLHNNYVKRUZFAXGFeKaVNSc000gIiDSAU85pvNIq4hFJilNFAJiGkpTSUhiGkpTTaAFo
pKKAFooFLSABSmkpaAHDoKXFIKUdKYC0UCloEFFFFIAoopKYAadD/rl+tNp0P+uX61nV/hy9GXD4
kep+EP8AUivUrD/Vr9K8t8If6kV6lYf6tfpXzr3PRP/Q9+NY3iP/AJAt7/1wb+VbJrG8R/8AIEvf
+uDfypS+E0pfGvkfKsn+uk/66N/M0A0kn+uk/wCujfzNJmvMaWp+gwdopDs5NLznimjODzgVUudQ
SDhDlqujSqVNjCviadD4i5JMkKlnPPpWTcag8uQvC1Vkme4bc7celMyOwr6HCYCNON2fKY/OKlR8
tPYlVvXk0bjUYNOBr1Fax4bTbbvuPzzS96ZmlzTepFrD80vNMDUuaLhYdzS5pmaXNFxDweKcDxUe
eKUNxVJgSA0vaow1Lup3EPHFLmmg0E0CHUUgPFGaYCinZpgNLmmA4GlzTAaXNAD80U3NANADqM0m
aKBhQaDSZoAU9KbS5ooAaRTTTz0ppFIpMjNMIqU004oKuQkUw1MVqNlrNopMZjNMIp+CDQeazlEq
5HinAUYxTsVlKIXFUc1ZjqsvWrKURJZajq0hqsnSrCVvEykTA0uaaKdVmYop1NBpaAFzRSUtMQtK
KSimIcM04HBpoozzQMlDc1IrVADUitTuS0WA1SBqrhqkVqYrFhWp+RUCtTw1NCaJaQ0gOaWmIKY1
SYpuKQEeKaRUhwKQjikBCRTDUxWmFaBkRpuKl203GDSGRHrSVI2N1NIpDQw0mKcaSgBKTFLRSGJi
ilpKACiiigApcUnenUgFxSjpQKB0pgKKWkHSloEGKKWkNABSYpaKAEp0I/fL9abT4f8AWr9azq/w
5ejLh8SPUvCH+pFepWH+rX6V5b4Q/wBSK9SsP9Wv0r517non/9H36sXxGcaJef8AXFv5VtCsXxIM
6Jef9cW/lSltYuj/ABItnynIT9ol448xv5mmNIsQLOce1Q3l6kM0i9T5jdPqax5rl52+Y8Vnh8FK
cm2fUYrNKdGCjB6lu61F5MrFwPaqIznJOSaaMA8dKXoa92jRVNWsfLYjGVK8vfH0uaZmjNdFzkH5
pQaZmjNFwsS7qXdxUQJpd1WmFiQGlzUYalBzRcVh+aUGmZpQaLg0PBp2ajpQadxWH5pQajzS5pk2
JM04Gos0op3CxLmlzUW6nCqTFYdS5puaAadxWH0ZpuaWi4WHZoBptFFwsPzSg0zNBOadwHmjim9q
M0XAXNGaSkpXAdmkNJRQMSmkU48U3rQNMawNJjinHmkNSykyJhTCDUtIRnpUspMhxS807bRioaKu
KgqxGOahUYqePrU2FJ6FmPrVlKrx1ZSqSMZDxS0gpasgWlFJRmmAtLTc07NABThTRS0xDs0o60yl
BxQA/vS5waYDzS0wJVY1IGNQBsU9Wpkssq3FPDGoA9PDU0S0WFapAarq1SK1MViSikDUtACED0pp
p5ppGaAGkcVGRUuMU0jNICEimkVMVphFKwyIrTcYqUimOuelDAYRTcU/FIRSGMNJTiKTFBQlJS0m
KTAKKKKQC0o60lAoAfQOlJmlHSmAo6UtIKWgQtFFFABSGlxSGgBKfD/rV+tMp8P+uX61nW/hy9GX
D4kep+Ef9SK9RsP9Wv0ry7wj/qRXqNh/q1+lfOM9E//S9971i+KOPD9//wBcH/lW3WH4p/5F7UP+
uDfyqoq8gZ8ZTljdzknP71v5mo6fP/x8z/8AXVv5mo69iCSirGUnzO7HAUGkH1oq7i33FzRmgUGg
QoNLTaM079wHZpc0zNO7U+ZALmlB4plKDTuhD80Bqbmlp3QDwaXNRZpQafMhEuaM0wGlzVcyFYfu
pwPFR0uaLoVh+aUNTAaXPFCkgsSZpQeKjBpc1V0IkzShqjBpc0XQEmaM0wGlzTuhDs0A03NKDRdC
sOzRmmk0Zp3XcLD80hNNzS5ouu4WFzRmkpDRdAKTSCg0UXQwNMIpwpKTsAwUuOKDQanQq43FLiig
UnYYqjmp0FRqKlQUtBMsxjipkqJOlTKKd0ZyY8U6milp3RItIaWii6AQdadkUlJ3p3QD80A0lKKL
oBaKM0CndCAdadmkop3QDs8U4Go6dRdASq1SK1QA08NTTQrFhWqRWquGp4andCLAapN3FVw1SA0X
RJJmimg04UXQhDSYp3ekNF0AwimEVIRSFad0MiIppFSEUwipbQIjNNNSMKYRSuhjDSU4im4ouhjT
RSkUEUroYhpKKKNO4C0UgpaV0A4Uo6Ugpw6UXQAKdTRS07oBaM0UUXQBmkNLSGi6AO1Oh/1y/WmU
+H/XL9ayrNezl6MqHxI9T8I/6kV6jYf6tfpXlvhD/UivUrD/AFa/SvnT0T//0/fqxfFC58PX4z1h
bHHtW1Va7QSxFGGQeoxxinF2Yz4huIJhdT5hl/1rf8sz6n2qHY/dHH1Q19Yav4X0+RmK2UIDc5CC
uNvPBsDM223Qf8BrsjirKxm4ngIVv7rf98ml2t/df/vk17d/whEX/PNfyo/4QmL/AJ5j8qf1tByH
iO1v7rf98mjDf3H/AO+TXt3/AAhMX/PMflR/whMX/PMflVfXEHIeI4b+4/8A3yaMN/cf/vk17d/w
hMX/ADzH5Uf8ITF/zzH5UfXUuguQ8Sw39x/++TS4OPuP/wB8mva/+EIi/wCeY/Kj/hCI/wDnmPyo
+u+Qch4nhv7j/wDfJow391/++TXtv/CERf8APMflSf8ACERf88x+VH17yDkPFMN/df8A75NLg/3X
/wC+TXtX/CER/wDPMflS/wDCER/88x+VP695ByHimD/df/vk0YbP3W/75Ne1/wDCER/88x+VH/CE
R/8APMflR9e8g5DxXDf3W/75NKM/3X/75Ne0/wDCEx/88x+VJ/whMf8AzzH5U/r/AJB7M8YGc/db
/vk0uD/db/vk17N/whMf/PMflS/8ISn/ADzH5U1j12D2Z4yM/wB1v++TTuf7rf8AfJr2X/hCY/8A
nmPyo/4QqPtGPyo/tBdg9meNc/3W/wC+TRg+jf8AfJr2T/hCk/55j8qP+EJj/uD8qf8AaK7C9meO
jPo3/fJpefRv++TXsP8AwhMf9wflS/8ACFR/88x+VH9orsJ0jx7B9G/75NLz6N+Rr1//AIQqP/nn
+lH/AAhUf/PP9Kf9orsHsWeQc+jfkaXB9G/I169/whUf/PP9KP8AhC4/+ef6Uf2iuwvYnkPPo35G
jB/ut+Rr17/hC4/7n6Uf8IVH/c/Sj+0V2D2J5Fz/AHW/I0vJ/hb8q9c/4QqP+5+lH/CFR/3B+VH9
orsHsTyLDf3T+VBB/un8q9d/4QqP/nmKP+EKj/55LR/aK7B7E8iIY/wn8qNrf3T+Veu/8IVH/wA8
lo/4QqP/AJ5ij+0V2D2J5Dtb0P5UbW9D+Vevf8IVH/zyWj/hCo/+eYH0FH9orsHsTyHaf7rfkaTa
fQ/lXr//AAhUf9z9KX/hCY/+eS0f2iuw/Ys8f2N/dP5UBH/un8q9f/4QmP8A55LR/wAIUn/PJaX9
oLsHsmeSIjf3T+VTojdlP5V6r/whUf8AzzWl/wCELQf8sxR/aC7B7JnmSI2PumplRv7pr0j/AIQ0
f3BR/wAId/sij+0F2J9iechG9DS7G9DXov8Awh/sKP8AhDvYUf2iuwewPOtreho2n0Nei/8ACHe1
H/CHe1H9orsHsDzrafQ0bT6GvRf+EO9qP+EOHpS/tFdg9gedbW9DQAfQ16L/AMIcPSj/AIQ32qv7
RXYPYHne1vSl2N6V6H/whvtR/wAId7Uf2iuwnQPPQrZ6Uu1vQ16D/wAId7Cj/hDz6Cl/aPkHsDz8
Rv8A3TTtj/3TXf8A/CIH0oPhA+lP+0fIPYHAeW/9004I/wDdrvP+EQNH/CH/AFo/tFdhfV7nDBGx
0pyq3pXcf8IhR/wiJHrT/tHyD6szilVs9KmAPpXX/wDCIN15oPhFsd6f9prsL6szkgD6VIAcdK6k
eEn96X/hEn9TR/aa7A8Mzlgpz0pSpPauo/4RJ/U0f8Ik/wDeNH9prsL6szlttIRjtXVf8Ik/vR/w
iT+9H9prsH1ZnJFCaZtPpXYf8Ik/vR/wiTe9H9pLsH1ZnHFCe1MKH0rtP+ESb3pP+ERb3pf2kuw/
qzOJMbelMKN6V3X/AAiLe9J/wiB75o/tJdh/VmcLsb0pNjf3TXd/8Igfek/4Q8+9J5kuwfVmcIUf
+6aTy3/u13v/AAiB9KP+EQPpS/tFdg+rM4EI/wDdp2xvSu8/4RA+lH/CHn0NP+0V2D6uzhNjelLt
b0ruf+EPPvR/wh596P7QXYPqzOHCsO1GD6V3H/CIexo/4RD/AGTR/aK7B9WZxGD6UYPpXcf8Ih/s
mj/hEP8AZNH9orsH1ZnD4PpQVPpXcf8ACIf7Jo/4RD/ZNH9oLsL6szhtp9KmtYme6jXHU12f/CIG
tGx8KBHVtnI71E8epRcbblRw7TTNLwrbFIlz3r0uxGI1+lc1o+l+SqgjpXVW6bVArzTpP//U9/pG
AIpaD0oAqS2wYVUfTI2/hrTbpTTQBk/2RH/co/siP+5WuaSgDJ/siP8AuUf2RH/crWooAyf7Ij/u
Uf2RH/crWooAyf7Ij/uUf2RH/crWooAyf7Ij/uUf2RH/AHK1qKAMn+yI/wC5R/ZKf3a1qKAMn+yU
/u0f2TH/AHa1qKAMn+yI/wC5R/ZEf9ytaigDJ/siP+5R/ZEf9ytaigDJ/siP+5R/ZEf92taigDJ/
slP7tH9kR/3K1qKAMn+yI/7lH9kR/wBytaigDJ/smP8Au0f2TH/drWooAyf7Ij/uUf2RH/crWooA
yf7Ij/uUf2RH/crWooAyf7Ij/uUf2RH/AHK1qKAMn+yI/wC5+lH9kR/3K1qKAMn+yI/7lH9kR/3P
0rWooAyf7Ij/ALlH9kR/3K1qKAMn+yI/7lH9kR/3K1qKAMn+yI/7lH9kR/3K1qKAMn+yI/7lH9kR
/wBytaigDJ/siP8AuUf2RH/crWooAyf7Ij/uUf2RH/crWooAyf7Ij/uUf2RH/crWooAyf7Ij/uUf
2RH/AHK1qKAMn+yI/wC5R/ZEf9ytaigDJ/siP+5R/ZEf9ytaigDJ/siP+5R/ZEf9ytaigDJ/siP+
7R/ZEf8AdrWooAyf7Ij/ALlH9kR/3K1qKAMn+yI/7n6Uf2RH/c/StaigDJ/siP8AuUf2RH/crWoo
Ayf7Ij/uUf2RH/drWooAyf7Ij/u0f2RH/c/StaigDJ/siP8AuUf2RH/crWooAyf7Ij/uUf2RH/dr
WooAyf7Ij/uUf2RH/crWooAyf7IT+7R/ZEf92taigDJ/siP+5R/ZEf8AcrWooAyf7Ij/ALlH9kR/
3K1qKAMn+yI/7lH9kR/3K1qKAMn+yI/7lH9kR/3a1qKAMn+yI/7tH9kR/wBytaigDJ/smP8Au0f2
Qn92taigDJ/shP7tH9kR/wB2taigDJ/smP8AufpUsemIpBC1o0ooAgithHVlRgUlOFAH/9kKZW5k
c3RyZWFtCmVuZG9iagoxNyAwIG9iagogICA0MDUyMwplbmRvYmoKMTkgMCBvYmoKPDwgL0xlbmd0
aCAyMCAwIFIKICAgL0ZpbHRlciAvRmxhdGVEZWNvZGUKICAgL0xlbmd0aDEgOTU4MAo+PgpzdHJl
YW0KeJzteXt4FFW27961avejqqu7ujudTjrp9CsJeRASOoRAQFIqIAryzDCJEgkPIyZiEiMZGgwJ
MhrDQwQxBMQIMcMjouQgIpcMBM5wAM/R4XCEO8fRmfGMceZ+15ijczmeEZPKWVWdRHzNd+9f97vf
d2t/Vbv23vVYz99aq4pQQohAGgkQ/4rVy6o/lNu2ERJ/mRDuvhV1j/uf/vTwdkISkwmhHeXVD63+
8zNfXCDEi+tky0OPRMqLzp9NwvOjeE/iqgeXrbSJdx0mJKkI5yauwgnbq+ZeHG/FcfKq1Y+vPdth
LsVxF463PlK1Yhmhx58jxDcVx8+tXra2mj/Ar8PxOzj2Vz/2YPXOxTsKcNxHCGsgHClXW/hy1oHU
GolHsfBXiOEKNbHVHE+yL1zrG0/ka33X+nKc9oA9JWAPlPNkoBYSBj5RW4zWv/7lMUM6PqOMEMNe
dp2YiItMUuItxjprrUDqzEbqshE+xSGZ00hIDMbKN/p6w9f67JNxG0+y+8I3+sI5J465e9wcLU3J
DTvsMpdJaV6uPZQX8BO7TALc/i3/8/1//XTL4LmeHk6lO2mn+hO1KkLH0rvoDJp5syPCfxxRG9Xd
6gtqA4pUo4V1IS1u8lNlnLRLdD3vFOtsu+zG5807oc7+LKt17qR1RLY4rOkmhyHGEcuTNIcQ4oJx
SF5Yo+9aH55o9GHfN9An9/bLeMg5MT++Kh4JzY3Sp++B4XOtL+vpYdM2D26lTc3NaoRratZJ2/8b
NXB2cODsYMdv1P1Inxvp+wPSZyNVSoKZURF2GmslpIh3GASHyZpmCZE0AyfL1y70DvRe65P7kZL+
8I3+MIoth87ushTN7rIW3T+7Sy66v/gMkYfO4VNlbMoke/6kEsWt2Jfay+zb+e1su2G7sdHUaG4U
GkWxVKMx4ArZo5TnumjtRfWhZna5SV15KcK/10fXqFv6vs6KoKEQbuhz1OkcnU4H2aoscPhkB894
u4/xIu4mMyf4GOPlJA44R5LdAcDZrJyUBJxFm8pwgFgnS2YGtA5qjQQ1a5UsomBiPHCS00Cc8rV3
7G7NCqb29rlR6I7JObMXFRtl9pmRfeYOG2XTZ/pA1kf6rDZXEgzl5VJsLmQHApDrwoO8jgv/O5f7
7OCMnesHr9Qf5+mVP0XYEjSOCB2vXolwIW7KiG3UIk8SuU3xiGYj1LFas2YNhjST4LCgIZjQDqzD
Zir3apLv/7I/LF/IUcw5Qo6YY8mR+FEL0GQZ1TuQc9ycJk3fka+z+tQt+K6moY/ZHPY5SadGpTAU
5JIDPouY5OO8fp9oETNEiz/Ax9JWtoGMiW31bHA51o+pzvCLloDX5Ha4OAcxOV3jk71OYsvJkG9c
6LvWi6Yg99sdUeeRe29cQNO8qPahFKOSs36Gp0b9WBI8TtCRSpVnDEkGnzGYJqSJaZY0Kc2a5kvz
pwXSgmmhAqFALLAUSAXWAl+BvyBQECwIFQvFYrGlWCq2FvuK/cWB4mBxqFKoFCstlVKltdJX6a8M
VAYrQ51Cp9hp6ZQ6rZ2+Tn9noDPYGTojnBHPWM5IZ6xnfGf8ZwJngmdChTmZ8zP3Z3Zl8qWkNN+e
m0RzwxPzJqRm03E0b0JyIMy77aFxNBQ0uGJifTSJumL4QDC5rcH7rz0vtj969KMPjtMxVNhEE1ob
vBfe3LV71T999M/d6mX16k71o1l0+eGDdY/dtzIzf9KlU7//z7Fj1ZN7tz9UXrpsQv6ED8//8dMw
Gcam46jzBJJMdimzRMEMFpMPeDD6eB4yTDxJBD6xTtwdcta5au0SX2czGP08g3gTiQW/GPKC1WJg
8eiY/uT4GDkt0RJyBFNGsELulc+dszvck1Hqjsl2bJpJ94fDaDZqv2Oy1kYNG/dh5dhQOSdEo83G
lSLXbieaM4yjmdSu27UOf7wrxpASFVcm5QtL1mX9do/q6p+xbPFt5wYJ2lwR5WnC24Mtm7bu3r11
E/e+tOSnalmE/mrrvYO/i2i2ePXcvjcDrdu2taDtD91AOSxEOVjJZmWyVYq6qZgkiOi5Ipom/41T
Z4hg0T3XSGph1GvNNmKwjXrtjanotfZR1kYc1jTssMijyawZoAdEKpoEs0F0Sk6rLIekkNUvK/J8
WUSToK4Qxaa5khk7w8L6wXf7B9/dxv1yB32etqDeIjc72JJIZCAEv9OAiZLF6Fdfol95SKEST55z
bwBpu32DxbweqhOsDouHxKQYpARUz7V39OgV9RO1L0eRchKrEtdw6+PXe15ONNBSauCHg8yoGXJ2
2YEiz2dfTlF/rarq0+rd9C267inqP9Aw5tdHfnvt2ocvnMmknX/+iB6gD9JyekC5Xd3xy261R30D
27mDh8kwzkAZylokk5WYKMogyAiIMiHEGC5okW/0hgd6w6MxULHZpBxJkeZLZVK11CgZb8WYXFcU
Yc5F8cWryYHT5GDYj3IQMaJkKw6ywWLY4FhvqY6DFJc5xSZp0WxYAAgciF9V8Q3xPfFX4hG/UvRI
G2XXHRWBfoT1PadP95zt7j6rNqlF9DW6lkboUXXREnoHnU3n0DvUbvUt9ZTaHaH7aAW2l9SVGHdb
1JVE5/s+tDEV+XaSDUqWzWc0Ggw+WbZlyEZqMUGdwGrttM5KzGlGR5os4lFCccgOLhgzDLm96E69
UQf6UnMiLeTd4jxoVUYjJaVKouKa71plqHY1GRpdL7uMRmOsMdWYb8yXV8mG0lHh0RGU1vzqvp4e
+h48dZYTetSbA6vPatL8+g9wOIImxucP3BGJ8jATY0Q7P514SUQZ64kxSm4K7cx9QGhLcFiBtrND
MrHf40ycZbDlOWVpJk/yPAaZuz0pigg3buGh340QMALZOSeJz0d8FNDwZncJRRi6k4iCL0wiSUPn
9NB9Mtu33dflg1HdT0O4jHUNY8KEVA0mcTBz9276ldJR/8ZbrYNPbZzxk8qVT0YgL9KytOi9dwev
RyJcXtPDL72qhqJ2UoT+wiM/mp1kKU7SbDE0O9o0O5nmmmKeZgtrhnJDN5QBzVBOyvFKfFk8aFYy
0S6nRrH5Vivhjlbff19NzZIlNeqf1fO0kMZTD52mni86R5GdnvOq+vc1CGUGaqTp6m/Ur9Sb6vVR
2ZpmIS055Aml0O9xSrwhk4BsHNOe7pUPjIO2lEBcjMiM7emHQrFmEu8UZlncc+NNeRbZ4JobLzuD
szL8clpyXurt43UXmooJUu+w2aCYNalHxY7GownePRmDoyKRcHZYCZeFq8Pbw5rj/7BcvzcYVQH/
wT1Ha996s3WwqeG2RQ+sahjc3zBt4VLsn9FUMW3/o0+2Q6Ri2ZWrmvjpl5dW7Xh68C+3nmnqKV28
QtNHNupjpiGGxJAAuUtJDriYPS6pwxTXYaXt0EjardWmNkfCNHGqk8tz2XmZTApqlqWbloYXvVpG
qlmVblTHC0OIsvl6RqeRquknFEwdg/TTmNho9NA4utRKb2a1Vn9Mmfr1x9WtWaqB3lxasbqkZHXF
0ggLrR3cumiBel39Gtu1BYuaIrT89MGuTz45dvC0pjdMnvg5qLc48hMlhcTaTWYnZbZ2OzsQ2yaZ
2+2HRGGCicsl8p0Ok2zJs94ej9pBbxjNoXQ/kC9o8dGhKcTnyfYUeuZ5lnoaPJpCRpKA7wl+To1h
/pzHnz4/OHN3O8dPePUJXwmfq/7qJ4veeVNdosv1TFWledjO+dNIo5EkkgeVoAGIIJN2k/yy1Bxj
OgjNnraYaq9sJ9NMk82GQnfYq0lVixJRy8cQ0StjvNbpC5YlNSS9nHQlie8hPYYeY4+px9wjXCFX
DFeMV0xXzFcEC4IM1UXrpSzg0kWdn2vgQyN+AnlzH7h/HvfBYMoTm2ufjTmYOUT+pPap72PiI1ET
9XDF/3Lk4K8cPzP9+q11j7/ZiVHQitNp6tsjPrsKbcSCNjJHSaHE7hX4Do/QEZPU7m+U2mOqPW02
X54Xs35rnjTVOM0d1ozkRu/A1Km93zeSk4WhhtCxkIY8w+ag08s0YVtR7hrJKGy3JneoKnv40ZL7
Vj9cRpfvVo1Ze6r/qA5S+GP1niw0IfqHh08fPPbJJ10Hj0aaFi3AKoyhn2csWEQH1kZzLXYV8V8m
8eQeJWivs8Rpwc+Kwc9icMU5bJIr22zLsEshsx4HPZoTX0AvjoKkXa8K+7XU6b8jEM1PqE5oTIBR
NA9jRsSHtMoFRtIiLTAu/Iqmqu//Ve3/4ovqJ1/cu6laA/bPLl3+d9UW4T5+bcdzr47iINFxPQ3r
mfFJqcQnx1pZKvW1W1MPmGJfdjbHJbTRdlO1FfzWEB+b6+bykmzogCHZLYbT9Rxc88MorUjoxd5+
9aJmNfqM3aHnfznKWF9GQUyhqzC20F0YVxg/2TMvoyFDyHRlx2a7GywNUoO1wdbga/A3BBqComZG
9hE9pOZNmDhlWEXGUB56gJ+neaP64le1qoaZRx995djXg6fXNVbUxtUsfaeGeqlZbXtqRcW98xau
5LYN9kWaiuYfe+WN44Ub1/90xSfB4LXB319/5MEHVz4SxeBi9JMslEM6tSt3Yh5osywI+M0CZxIX
+AP+kbrkNRb7moc1k6NjPM2uo442vTYJmCxezp3rQk83zXMle+cRWzham1wYqU3sw8XJAFYrf+rX
YfkHyxNFEs2iIIpYCkmi1YAhvbEh8+XMnkxIN6cL6eJYy1gp3ToxNCNUYi4RSsQSS4lUYi3xlfhL
AiXBklCFuUKoECssFVKFtcJX4a8IVAQrQpvNm4XN4mbLZmmzdbN/c2BzcHNoj3mPsEfcY9kj7bHu
8e8J7AnuCR0xHxGOiEcsR6Qj1iP+I4EjwSOhqaX0+xXKxKhbfK9CSS2rsbZsfKT27od3/mLX5zcf
uL6xxtzc+EiVsmjH1f3qkPrFit/7aPrP6mfPVGZ6UtL3PPnaEV9AvbH60Rl3TJzmSsnbt+XEq0l6
nU2y1cVsJurDQkKkRskc8XWp3RZEZ0eXb7Md8r/gqU72TSDo6FMDVt3vpUnJo2FBA1m5V/9UoYW9
EbcfSTOS9TQjmSQPpxmKWU4pTGlIOZbCYwJ+S5RIGcHdkSgShWMufSRSqG3fCSMdg8tbuVkPD8cK
HRO+iSLqrMhwTjV+6GM4zGowA3lA8boF2UTaeU5H5moDdyhONtqpmclAJmEuMrUv/M61CxoqIzwP
9MoXRj98iEUaQ9o3jzidozgSN5I4zYtfitktlDpD2jcOe8AVsA9DctSv/mnvXrqcjlHfH1ugTONe
ML907oN98HqE3qOejAyu2TJ98X37Nza/pesDcxTuN4i9InGRKUocdJod7TGHZEu7lcw2SJiJOG15
9ttjoxn8NT0khwf6PsT6QvS5s91l7u3uLjejpU7deLCGw/fT0bD2y+oF86qq5i2opptaB6u07IEV
LaiqwslHv16jx7PhPEmnwUzGKw5Du6mRJ+0czSOyEfLY7UL03cNv1t4rZotl4naxS2TaZ7SRd3GF
w6+IRLQQP/z943nEZxeZp6RLu8Sd3/4udutnsQyHEDLoIB37DUjf6A8PA3S/ilan9uacsLl97h/5
JqbXLSy3ebCVrm9uVp/69Nvfw3ZF6zktbm9C+/eQsOIm7maQ7M0Wc5tWzeVq1dw0Q/jWam7gwsAF
Wb2Qc9yWiIkPBs3hiPstP9U0z29K/fQf1V71Mp1AHVV/XFMtb3hsV/26zZUbrXTOyTdoKhW1gJuR
ob7ftOnyf35xpXGtTk+hlv+j7L1kbTT/p5j7YwXQGE3/hbZvp/969s/fqef/Wsrznfx/4Jsg/H+c
/tt/LP1v48h30n8tg6v/ofyfDn2Audv7/Bis++uVAsHMmX4uWSXjzw1GK3ZzTEYkgWccGOZQSjKM
xGJiGpdwiFgls8lo4Ckx20Tum8J/4NuFv4bp363805hW+Utj+Uw2m5/N7ufvZ4bSwDdlPnaUvq02
reGWb8RsyLKFbl+vNqE/RgbLuP1Y7C/U4rU6ma1Cu/CRseRxZdxYv5wYstH0Didp95oszUY+1BHf
5j3EH3ZWZ5lzjUl5/kSbTKamTjPGhrO0oHQjGqxHofGiekHDRj3NQH0oiSYhTkgTCsfxxETMPKKS
bI4R/Ca/OVkw63FZR/oxedGYcBu9NVVCHugtqVQef1U9r/6u4re1NbYtGzuabk2b6FeqcSSngtcH
yj76j0BAfbj8pUuRWxOopoi6dzi1Oh3NVzAuaPzHYlxYpGSE3Eanx98hkPYYhoWCp0NuizkELwjV
yfwEt9Mgu7g8MtU7TQon64lgOJoJ/kBUOFGF0M+NpB259r/N1e7BFR0/zszXASxyTv0NNtC4tHpn
C9pfPHlYCcXKTLQ4D5jcGpweMlUjJ3GzYnkZiZ8p5dlkcZJH+xKgJbLRPBatLTxa65AEOuw9WjDQ
AoFHdyEP8Qy70IntCV0J3LdSKt2TouzgKX9jt2oo1J2H3ryjuHLFRn7MwMJo7cxlRgafv1jZdpR+
oMctjXog2t8cC+G5udgnYWYL6EkNZIguosvoWrqB7uQuch/6U/05/gL/0UBwaEj7z0L204W0DNfr
h9eduD55dP3HNw0PPqR76T7ahm3/cLuI7TLV/hAZ/+bd/zsbT7S/UxQtLFEfi/qR4S4hny7sTcSA
XBKMPj+0xRI7YmMMcep8JqHwtS0BJWMlNozJAeLAOB9Pgui5/3/7sY0jHF2vHfWq6Usqkwoy/F0P
V5bQ5ThqwuN2UkbXUwygZC5ZQm4jT5G/4PxG/X4f3YjtqP68szhzNnqG80fxKYQUkRqykbTq77jE
L+HL+fV8OaZBW+gWnPmdtoaVQBafjtduxH09ri3XzmkhtnRSTrBKIO048yWuR8heKrB38cn/QFPI
KnzPXNw70O1NSMt1auXKqQWvrdUMDC0E+cNMo4KsIRG877rePsfxShJh1w0x3JfI1yxcM/Bl5BN8
eg2poQLNhVzur3jvXJxp1riinYSDCjTbMmxj9DadLMfnHMQrImQft5zL5cdoV+m030Y+ICd1usvJ
DhwvJJ36kcAAeQ/yaDnSr8kmnp0ni4330IDBSrONDSgrYvCSjVw58cF0UkvQwE8atK/elGDk6eJS
7l7ZpSwo9l8uCWSN/c7QLxv9XWR+lxTxnxoaml/MJ7CSLpbYBSmmLj4l9G8/tvhvWWNnzy/2d12d
MX34qTPKpuPcomI81UY4jfMzpmcRHYW4B049lhUzY6lt6n8Qn0lX9nvvz/1fI/1X8wc+tl43p+O1
2iLVL8CjcZPqJcSWi+vV1uvD899sIf5dUm74nJQZ4kkZu0Hchryhz9l+PL9Emri3US4HcS1v6Ibh
AbIYzuL5X1Fy88l97CqZyRaTItPPsG8l2Xw+mcLcpAjPizBzLGPZpIjfSIq1NThOxoNAZmo7e52U
8X/A666SQv7g0Afa9fp+lWQP0zQd939G4quR6Tjc+1B/xWgDH0V39j+Qqi7kDLVmPIWANQfBSsYd
1wQsc0W8z5KMOyKmtIsQK65b8R7b54TYGwlxrCTEidc7cc2Jz47BOReOXXh/bCshbtzjyrT/77q0
QpyZZJLDKFVO+8uqYTCfSTfhmD/FNSq9V1T49Wx4V4V3BHjbCpfDcKkbLnbDP9yECy3w9yqcV+Fc
z13sXD303AVnc+BMPfxShG4VTqvw31Q4ZYOTArzpghOp8IYAbyj88b/zsL/zQNcxD+tKgmMeeP1l
ib2eD69h91oAjubDqyJ0HrGzzjAcscORRv7wODi0N4kdUuHgLxzsoBd+4YCOVzJZRze88riXvZIJ
7di1d8OB/R52QIX9HnhZgraXulmbCi/tK2UvdcNLjfy+F1PYvlLYp/Av4tNeTIG9e+xsbxLsPTV0
Thni99ih1QKtCr/bCy0ivNACuyR4Ph527ljJdqqwA1+xYyU8t11kz8XAdhG2K/yz2yT2bAxsk2Dr
FoFtDcMWATZ7ofmZetaswjN4xzP18LQITyXBz3Hw8zBsetLJNqnwZI2NPemExgaJNarQIEGDwm/A
KzaoUP+Ej9Wr8IQP1q/rZutVWBcpZeu6YV0jH1mbwiKlEFH4tSnws3yowzvqKmENdmtuwuNeqFXh
MXzyYyrU2KCmka+uGseqVagaB4+qsFqFR2SonA0VAqxS4SEBHlL48gA8WA8rVVC2raiE5d2wrB7K
VHggFkpFGytV4X47lBR7WUkWFHvhp2FYLELRIg8raoFFHljogQXzY9mCFJhvldn8WJiH3Tw3zL03
kc2th3vvlti9iXCvws+xJbI542E2Ls8Owz04f0893C3BrLsENqse7hJg5gyJzQzDjOkWNkOCGVGV
TLfAnXfEsTtb4I44uF2xstvrQZloZooVlEa+8LZ0VtgN07CbVgq34StuS4epU+LYVAdMKXCwKXFQ
MFlgBQ6YLMCkfBubVA/5eHe+DfIb+YlmmKjweRPiWF4LTMg0swlxkGv2stwWCKdLLKzCeCvkWESW
kwTZyeksOx/GBQQ2LgmyxtpZVguMxXvG2mGswmeaISPVxDK8kC5BusKnjbGztBYYg3Nj7DBG4VNN
kIKPSOmGZGeAJadDCLuQCkF8YLAFAn4TCwgQaOT9JvArvA9XfRmgnEiyZ7GkAvAGILEeElzgCUN8
GOJwOU4Fd2w6c1dCLI5i08HFBOZKgpg4cKKQnQFw4L2OerAjS/YskFE6sgo2XLMlglUGayMvIXPS
TbCIYFF40QYCXip0g9kLJqOTmbrB6AQDPtYQA0wApvA8OBjvBr6RB2pj4ABQeA7POBXHQLGQxyLy
FF351Daa+f/mRv5vE/DN5iX/BeuWg/kKZW5kc3RyZWFtCmVuZG9iagoyMCAwIG9iagogICA2NTc1
CmVuZG9iagoyMSAwIG9iago8PCAvTGVuZ3RoIDIyIDAgUgogICAvRmlsdGVyIC9GbGF0ZURlY29k
ZQo+PgpzdHJlYW0KeJxdkstuwyAQRfd8Bct0EfkRe2gkK1KVbrLoQ3X7AQ6MU0sNtoiz8N+X4Uap
1IXNYbgDd2Cy/eH54IdZZ+9htC3Puh+8C3wZr8GyPvJp8KootRvsfJulvz13k8picrtcZj4ffD+q
ptHZR1y8zGHRqyc3HvlBaa2zt+A4DP6kV1/7FqH2Ok0/fGY/61ztdtpxH7d76abX7sw6S8nrg4vr
w7ysY9qf4nOZWJdpXsCSHR1fps5y6PyJVZPnO930/U6xd//WNhVSjr397oJqqipK8zwOkWtwHblG
vE7xAvFC2IKtaDbQbCKXeeI4xHiJeClMYJJc6CvRV1vwVrgH98IM5sgEpsTQkGjIgZ0wziI5y4CN
MKEWkloItZDUUsNnLT4JdZHUZeDNiDcDjRGNQa6RXIJnEs+EeyC5hwo1VlIjYR+SfegR/Cj7QGOS
xiBuJA4PJnmA5zjIw91eSJ5Qeu3eG/YaQmyL1JCpH6QTBs/3np3GSbLS9wsRFr4kCmVuZHN0cmVh
bQplbmRvYmoKMjIgMCBvYmoKICAgMzc4CmVuZG9iagoyMyAwIG9iago8PCAvVHlwZSAvRm9udERl
c2NyaXB0b3IKICAgL0ZvbnROYW1lIC9XREpDUForRGVqYVZ1U2VyaWYtQm9sZAogICAvRm9udEZh
bWlseSAoRGVqYVZ1IFNlcmlmKQogICAvRmxhZ3MgMzIKICAgL0ZvbnRCQm94IFsgLTgzNSAtMzg5
IDE4NTQgMTE0NSBdCiAgIC9JdGFsaWNBbmdsZSAwCiAgIC9Bc2NlbnQgOTM4CiAgIC9EZXNjZW50
IC0yMzUKICAgL0NhcEhlaWdodCAxMTQ1CiAgIC9TdGVtViA4MAogICAvU3RlbUggODAKICAgL0Zv
bnRGaWxlMiAxOSAwIFIKPj4KZW5kb2JqCjggMCBvYmoKPDwgL1R5cGUgL0ZvbnQKICAgL1N1YnR5
cGUgL1RydWVUeXBlCiAgIC9CYXNlRm9udCAvV0RKQ1BaK0RlamFWdVNlcmlmLUJvbGQKICAgL0Zp
cnN0Q2hhciAzMgogICAvTGFzdENoYXIgMTE4CiAgIC9Gb250RGVzY3JpcHRvciAyMyAwIFIKICAg
L0VuY29kaW5nIC9XaW5BbnNpRW5jb2RpbmcKICAgL1dpZHRocyBbIDM0OCAwIDAgMCAwIDAgMCAw
IDAgMCAwIDAgMCAwIDAgMCAwIDAgMCAwIDAgMCAwIDAgMCAwIDAgMCAwIDAgMCAwIDAgNzc1IDAg
Nzk1IDg2NyA3NjIgNzA5IDAgMCA0NjcgMCAwIDcwMyAwIDkxNCA4NzEgNzUxIDAgODMxIDcyMiA3
NDQgMCA3NzUgMCAwIDAgMCAwIDAgMCAwIDAgMCA2NDcgNjk5IDYwOCA2OTkgNjM2IDAgNjk5IDcy
NyAzNzkgMCAwIDM3OSAxMDU4IDcyNyA2NjYgNjk5IDY5OSA1MjYgNTYyIDQ2MSA3MjcgNTgxIF0K
ICAgIC9Ub1VuaWNvZGUgMjEgMCBSCj4+CmVuZG9iagoyNCAwIG9iago8PCAvTGVuZ3RoIDI1IDAg
UgogICAvRmlsdGVyIC9GbGF0ZURlY29kZQogICAvTGVuZ3RoMSA4MTIwCj4+CnN0cmVhbQp4nOVZ
e3gURbav6tPV857pnkfmkcfMZDIZApMHEwIEAjYPkYcgAnoxGgmShDABAgsqBCOI8g6ElyEqQkQW
d/FBYNWNghDZiKLL4q6gsupdlfhgb8x172a9iKFzT/ckwt59fPe/e7/vdtHTVdXVVXXO+dXvnBMI
JYQYySoCJDBnwexFH+3Zk0mI8wFCuOI59y0N1Oc/20VI0oeE0J0Vi+Yu+GrVn9oI8czHrzbNnb+8
4renb/sS688R4ni3snx2mfToTUfw/WXsG1yJHfaA6U1CvHnYzqhcsHTZasl4F7ZnYHvR/Oo5swm1
DMU2zkmWLpi9bBFfw/IJ8WEfCSz6Sfmie5cL32F7JiHsbsKRCqWBr2D7cbc64pPN/JtEeJPqWQnH
k9y2cx0DiXiu41xHnkMKSuGgFKzgSfcSSO7+QmnQWS//x0+ELELJFUKgi32LUi+TU/gyJjAoE9hk
EHjKhHl6uoQYdBJPOJN4rq2tu20gye2IdbVJhVJh3qTpM3X8NzqR/+aOdDqp2Thj5mvERGSc1ERM
Pa1DpSFD75ANARKguYZcI1+CY0zamJ7WxBgia2OCBUGJFYTzpaCLhiivvEfnb6R8nP/9rx7uuFIT
R+FR1uHK7XwLP5aYSYjcJkcpkVLBwu/0WWps6Wk1AeNOZ52vNLDatjvDHyU6n7sgaI2miiRiycsQ
uzpisfZYV4fYjirp6Gjv7hA7Y2Kn2Cm5CwvzXlwZbg5ztIS6nEn5scEFgzJD6UIkVBB0jaT5MbvL
yYXSMyNSvitYkE/376jbvG3b5rodLYfpvMHPrGi7fLltxTODX7h66TA3fl7r6c8//uTTt1+qOlA2
S3n7yhXl9KwyJbmqSrVVz0X+dty/kySTKXIap3fVEP1jrN7sqSdP2OvMpSl6g8tHkqnP1j9F3TGa
7te4Xdxsh6i0i532wjzZHkiVU1emwllylp7lzrrOJrMS3HgwsfMh+VYaSicFg0h+jOhysC7o+Nu7
v9q3Z/kT/p3Rb16/pHxBkz7/E+XOCdvWr9wuckT/wUcraw8103ylmw5SPjj86mvHX1H1TclExMV7
uF8PeVRO1xscjBJbjURYUp3FUCPtNhn1XDYRo3Z9xBy15nnFrvaOWPu5DlFFSGdnTDl1ChV8SsOJ
PFQkIhU5EUReZKJLTBLdoifXJxOZypwMMi+zsS45SXbLHhcuzamDAzTACapwk5pdKmi8Gmi8WBKg
oVJIk9CVMIzUZ68keC/Opkxav+381TMHmmnl4IM12XP4LOW7W6Yca1Z88TjMmPdadZVVlXFJz0U4
gjJmkQvyqFA6lxEcaTal+bnUwEiT2TTZZA4E+ST6FGli9ZGkp1xNvnp7XaS0f8BkDqbq3dmu1JE2
fcQ1LoPLtpEb+4tdbR3n2js0XNkL8UpYD2HX+Z2KNO28iNZvsKrTfu9IPxIYQGmJPDPijwQiwUh6
JFRsLDYVm4stxf7iQHGwOH1maK1/bWBtcG362lCDvyHQEGxIbwgd8B8IHAgeSD8QSpUHrBxwyHnI
dSjpkPuQ55D3hPOE60TSCfcJzwmvtYSUDCnIT6MJWOfSHFowaDDqyO3qVZ4zyU/TEPgCQnxJnN+8
8YHVsx5bs2HF+6/NeHVOnF9/79L7i9dt37Xmq3fmtg2/fP99JXeMu31gdvSRiu0Hov2/nrt02rQx
t/bPzt1cvev5aOKcqjiPo05NxE0GyA5SbxbqVXh7wOcaa0BwexDcXR0J3YideS8GvNVePH3hvpOH
e3L3gdjlJFzlzl27du7c1bjja+VL6r10iXqVr8b9sb390qX29j/OQeQqNKb8RlGUM3245Ttx/VSy
SM7RWZw+Hqh7jRFq2O5kuxVojbFOJNIIR0pUsEUdEcswPuoTIiTK5aUlMNzV0S62q0yRW9TZ6Y51
a+ZE672c61/pb/bDNUimaZBMw5KAZP71MOzDZUImbMxQ0Zj/9PzmA/sVfm/p8lVrm+Iwreq1+Qvf
fv/qqXicI7/advQXiNBretyEchhJP/KgnJscNHmJaKY13h36ekdwS2hzWn1mnaPUXGPlvIwEs9Mt
UZ+NREzMl57UP0vDosp6CSyqZ7Jd6fzuSw2KhXgoVTbJEPtX91/Wr7U/X9OvlbZyrdDGt7E2oc3V
ltTmbvW0elt9FvUIFiTMgihyaFKpNJOpIimYMJkuVJA4ernfbFi7fumSzS37lf0jmqoOv9t5gXI7
1ixcLc4qfen2T76iUz67r6Z69RZ67Orv4ksmjjvW9NOXJyxfU3bPB1lZHyV4ZxPabwr6oxQyWQ6a
ncRmIUu5Ml85m2e5X3JazG5ipG5BbzWK1G5KRTlVFyeqQmlSftepdIronlA80zjjONM48zjnOBdD
IUKSukfe5aSCjqqWCRbQkTQhABUWVV2ovEStym88ZmUdV31v9wj6RsOqJzfW7+YXU2Nh0ecnP1LO
uvFdi7J/AW1r+GHjroNbVDutQzvV435VvIcQ7+Vmodw+T8U7qswg2EzX8K4yQV44ZpdE9CicJNoR
55Ko4hx/uU2PNTY+pt5/Vv6dSn/uoqLy7Tg6lU6nM+hUpVl5TnleaZ5DG+lCWk0blUplm7JdqdR0
Vkw/4Iq5JRgHiC9xhKeEFzXfce7XeY6gK1jMEYVwS3ZruLoB9duM++WIRPbKYa7MYDTQMqPRMJka
zWSJVSeyJcZ5wOl5gUgWsJn0nF3sOleEzr8I9Yo6bu8uOlfUEesNAEQ1AmAYARzJNSCXvRwwBCwB
KySc/aRm84w7JzVb1B/bjDvxzNi1M2PHkjgzssdEfXQonUB5gUvi+hkHc0ONN3HjjTrkLioZ+iyl
BgdBKZ97R+Hg5aszv726lNtyiqYqF7+lV8DX/aUixGl4AXR1G6sURBKQDWiXzb12ySUj5fQMD5S7
DOVptvL+89JK8zI8ZjuLmFk2EZJdghAJmvLUQ9PVh6Y+g73fiViifcyERwCuq+tU7uRD6Rl4GIb0
kSuyKby6d+vWveqdtfGBFZs2rXhg4/yDx5XvLv+n8pfjz+566vKFC5efoo1Nhw83PXX4MNy3vrFx
/YbGxtPuM3t/d/Hi7/aecScfWv/i2bMvrj+k2kyVpUGTJUzmyOlmIpTbSLnLPz9teag8eZ6rNDNg
TEsCwe4yCwbmMWUi5Dquoa5bE0N1xGGD2WCRVCcsiDpJ7zA7LKJVtImiJGWZsyxT/FMCU4L2v+Ji
UE+NSsQhDazBH50Hx+3Z3Ni4ub6h8ZWxz83/AwXl0qWryrd0NA3f8sKdi82rF548Pu7syZNn33rt
zfe5bydNVLq+vojQXk7vpuvpC2lp35XHld9rmDzfc5H+AZZrtvLLNphtcM22GUo9dgHDPY+ook2V
RLVM3pA+HSMFSdfVz08eOnTyzYWFN08eWnjzzYVDJ1cOnTIFuyZzbb39CV59qBcXXtRliZxBfIFy
cMy3L3eX28BXbphnK810Gu1ECDGzK1WwJwmqNttRl7h4Qp1tosoxmj6T/dTP+cHP+5k/ze/3B/xB
f/ooxyjnKBcS53XRmKo5DCITvthO+/CDWobjY15Y8K9KD3VfukptynHlY9TeIsvqBSePK8e37Nq1
ZcuuRu7JSROp+euLVFLWKfuUZcq0tLTL5fNpmE9HBb97GhWs8UBpz0XhHnYeZVsoh82C10EMa5Ik
Cw+k2sbdk1TqgwxmzTDbxAw7zWASCfoQKO3n2rs1f4eyFXW4YwkuxbDYn1yazGnezo4H2aEdX58W
3vuIrze8f3FrclMyh+SKbi8kiapM3r4GCQaIRP0nuPEnjn7xxdET9PJx5YpyCstfWLyqqrtb+fzz
z2ka8Fj/WnkWvXsKna7ZCH04V8ouIh5cZILsBoO9xrlbRFdHQLBEzRGHLSrlJaFZYt3tapqDKUk3
Rst5R+rd9Jp7TtKoJglLgmoc16HF8WPQ+OaY3Jwxo3Nzx/zbC1f/2Iwumi3OGTs2J3f06B/6xVUH
jXMMxzgxwhYjOivlVLeRiJZ6J68nNQK321nq0YkSjRpYBEgucn2RGgb/OhH7Yb1NVDRvRFUWxE15
NAV6iKcvP3IxHdO7dC59pi5Tn+td6a337vUaSxwh3F6C9K6L7TMLPtm37xVarBwYNG78aG6Tfsu2
vY/AsSo6UXm56mrJuptvm7Vt7eaf98UPFwUn5htBcoucmcSLLiDenRb/Tp1U41hManSlljrOHnWJ
EKFRUpDiM/ZPV10VbrtIjX462jXi6E2SZAMJiaGVoeYQj7FaXxDAFQyyq+GkqkgouI4Y+fxmpVFN
j76//IaaHtGKlh11W7Zt21K3Ix7H5IgOuXKFDp5VxmXFf3hn3om3P/3k489Pq7bvwfyafYQY5tBF
PC/fStSMlCujnCAwu8SJmJvatC70mDq9jop6nRVvk5mziHq9bjInWKsxTtIDXy3cYwRJtFktJr0O
P6DE4jCAA50iCqRGd+0I9nMd9l43xr5xx3TsG/WfqNdcmk7r6m2gf+tnV2P1JBuxUZvVZuP7sX5C
P0s/a1QaYBdUbxU0UMwQsajYgiDku+jjXIbSeXX8w5zzZ5xrx9XPDtReravdz6Vyp35IjbOqK4/G
43S80hJPxD7DUQHT0GYGIst2oUa/mCc1HBonooMoyzMmAN8LdwS76TqwGzWwG7EkwB7+EeB0v5qc
YrYaj8eZHFfXGYLY+IiPIE/cK6e7JcFscXJrDB5MpcluQylPom5Ec5QOs0bFiDlXIwkVFu0J59+B
FBFLcERfRv83tLAyuVmlhd7N+bTN+dRhidwteF0Yqe4xgXGscufpzBeUx/P3VR1+5gCdNasGo2Q+
0j0mfixeffoDrrDq6qMntx77Bb3YF+vr7sYYOY/8XB4V8DksvDCAgC5VXAORmqzd4aDHaWK6mhyo
CyUZiNdhHGFOjwb0yCDCDe4R3ogr6rihX7R/IJIRzcwb2Bv+Ixv2pgAYOas4KeqMYR6gUn4MkeNW
I8sbYrNi1bGtseYYu2aCgZqUA7H0hjaOXGOuKded6zlrPGs66z7raY0ZSujfzw7+pvFjIsGHC366
8Jn9BxSuqbR6xUNNir73yWkJxZ6yBw7AzHvvP/tbLYkIP73x1SNqmstF965L1NSEN75ohfb3okL+
IurLT6KkQs6PIpIdYkoAskhNatZOh36PzlzPh3Z6Ma/gn0zdnW3I1qVFAym2CCnI9OmGJPXPTrhC
La+49qeUf/2ylyYw07BrVJEj5qzMac5BqqCSxre9nm/wCHo9baCI10dWBXx+96V5rTNL7Wtr9+26
xh60UmnsYw841n3nF99nZv6hsvSXbfXXiORAlVLXSyOtGjacyCOjkUdsZIWcbGAmqNbdY6HVxGjT
8zbBmqE3SyRD4ETxXFt7d1u7KoGaP8S6lKK2mApsg2pTUQO2SMReYB/xS/S60FYdoVldVEcmrG7K
lUqleqlJOiGxEi16RWcY1FCOhLDuhDJhBctZoUw4Eee7LtFSpenSD2bt/Ku7BqL+BdJMeG4KPtNw
ViBWspL0YBowmy6jD9Lt3Cnu40BmIC8wLPBcML2nR/3bIGmi02gpvq/tfe/A94U/vv/Hl5q+fkwf
p7vpHixNveUUlrfoW9r7f3SZtV8TosqITwveNrytmFWIfzUu6Z+u33clI9v//cug/boIj78+vB1a
243cpSc61A6amQhobc//aJ3/pxc1kiVoqRbyDpb3sHYziZPFZB1pwvoXZIXW/zqvVwv2XGDq2PdI
C83CcZxaaC5Ro4rjOE8+vvsCx1dgu4nco72/Ame08jic4e4nHEzF2lTtiybSAsN5Hs4kbu2rd8gI
8io5qNbZGdKA46aRD7CMxtknkmPkAn2Y7KfnSS3ZTJaohiep1IhnOY4F41utfEvu0lZW++LsPHrN
JhJHOY/h7PsT/TSLToNSqKAzUUKOHoTx2LuGxPlSLBGtjNXkS8jAcStw/V55yRnuLi6Lj9CDuI66
xhmc/yAZgfutwJ2Ox5tT9w+XSBOoZ8HLXicTdRMFMxV0tWQGvl0B+fRxIZWUklqYgTNMwb7NZAr9
AFdBwL4sMB4wKokGxGYuPKGsWb51ZuCtO4LZ0f/WDIi6QDOZ2mxZHmjp6Zk6k09mdzSzlGYI65v5
cOizf/Tys+zopKkzA82nbxzbO+uNpWOxb/pMrKot7Mb+G8dmJ845d3eL9OICfpat6C/Er9dw896F
KX/qe37/4dVh4of6T7GpvkwwA/7qFiiphEip33/YvUj88G8YI4VHjXGb8Ji6yRXmJ8P5Y6QC3iMT
+WS07W9JBYtg/Q18uskmvNdxL5JifN6A9wb15o6Q8/h8SDhOSrl6MhGGkOE4TwV7s6cL28Px+yG6
BjJR67td5X3tGtt7d+Amn0Ph7iIEZEL4nbgT1Td8TIhwDnf/CIqD8ugHIdWk4P01IUZkPhO2zchk
5g+R3CqR2PCdFcfb3iVEHIry4tT2PKSjFPX/ejSpUzgDGUAaiXqCRPIYshPhTfTP2OZbuFXyp28q
cMoBb7RlsDfK4A2Zb8uAX1ng5OsRdrIMXo9AawmcqIVjJjhqgldfcbJXY/CKE1pi8EsFXlbgJQV+
ocARBQ4338QOX4Hmm+CQAi/UwvMKPGeFZw+a2bNOOGiGn8fgZ2XwTBrsj8HT+8rY0wrsK4OnGqzs
qTA0LTOypjDsnQR7RHgyB3avT2O7FXjicZE9kQqPi/BYo5U9FoZGHNdohUaZ34Uf7nLCrlV8gxUa
ZP7RMOx8JI/tVGDHdgfbEYbt2yxsuwO2t1BZNvDbthrZNgtsa6FEnsBvNcLWVr6+upbVH4UtD5nY
Fgm2yPxmrG0eBnWbjrI6BTZtLGGbjsKmVfzGDWG2sQQ2yvwG3NeGMKxfJ7H1abC+padV7uHXSbAG
l15TBo/kwcNJsLoBHjLBqrIytkqBlfNFttILD9Za2YMxqLXCAyts7AEHrLBBTQMsl2CZEe6/L8Du
vwL33ZvC7gvAvSmwFD9amgZLFPiJAosXWdhiBRZZYJHMV9fCwgUj2cIqWDAS5leZ2XwR5q/iq8xQ
JfNxXDJ+BeZVHmXzFKicW8Iqj0LlKn5uRZjNLYG5Ml8RhnIcVH4FyspgjgvuUWC2AqWzclipArNy
4G4FShS4axLcWQvFCtwxFmYq8C8K3H4UblNgehlMc8KtMZh6i41NrYVbbDBllDwabjbBxDKYkK5n
ExpgfAxuApHd5IBxdriRM7IbvTB2jIONrYIxo0U2xgGjR5nYaBFGyQY2ygSyAWRVj9P5GxpgJJ/N
Rk6GEUVONmISFA03siInFMn8cCMMK7SzYSVQOFRihXYYKsEQCwxWML1zsgIFBuU72CAn5MeMLN8B
sYEGFjNCLGGfgQbIy/WwvLGQm+NiuR7IbeVz0owsxwU5q/hsQxnLboDoACeLToIBKMQAJwyQ+f64
9f5lkNUvj2WNgn64sX55EMFHRIHMYRC2eFi4BDJCdpYxHUL4WcgOIZlP10Mw4GHBEgj4JRbwQKCV
9+Nifgn8q/g0I6TJfGoIUmyQnAE+bx7zTQcvzurNA48CblzUrUCSCC6nk7mqwOlwMKcTnDLvcIAd
x9mPgoTqlRQQ8SGOBhvu39YAVnxnVcCCE1g8YJF5swImbJjkoVVgxDHGWjCUgV4nMb0TdBIILMaE
WmD4HYsBj5Px2YCTckag04EoQFto2ZrNdMD/2Yv8b2/gn17off4LfaERCQplbmRzdHJlYW0KZW5k
b2JqCjI1IDAgb2JqCiAgIDU3NDcKZW5kb2JqCjI2IDAgb2JqCjw8IC9MZW5ndGggMjcgMCBSCiAg
IC9GaWx0ZXIgL0ZsYXRlRGVjb2RlCj4+CnN0cmVhbQp4nF2STW6DMBCF9z7FLNNFBAFiNxJCqtIN
i/6oaQ/g2OMUqRjLkAW3r8cTpVIXMB/PM48n28Wxf+79sEDxHidzwgXc4G3EebpGg3DGy+DFrgI7
mOX2ld9m1EEUafi0zguOvXeTaFsoPtLivMQVNk92OuODAIDiLVqMg7/A5ut4Yul0DeEHR/QLlKLr
wKJLdi86vOoRocjD296m9WFZt2nsr+NzDQhV/t5xJDNZnIM2GLW/oGjLsoPWuU6gt//WKsUjZ2e+
dRRtRa1lmYpo613mVESrWFeky33mVJJesV4R18w19TjuccTIjMTsKcmz5tmaZmv2r8m/spzBkt6w
3hA/Mj8SS2ZJrJk18YH5kHjPOfeUU7IuSVfsqchTMkvihrM1lE0a1g31s4/KPpxNUjapmBX9i31S
oU2+7SZtN92L+zmaa4zpCPPlyWdHpzZ4vN+vMAWays8vtGetagplbmRzdHJlYW0KZW5kb2JqCjI3
IDAgb2JqCiAgIDM0NwplbmRvYmoKMjggMCBvYmoKPDwgL1R5cGUgL0ZvbnREZXNjcmlwdG9yCiAg
IC9Gb250TmFtZSAvSkZVVU5MK0RlamFWdVNlcmlmCiAgIC9Gb250RmFtaWx5IChEZWphVnUgU2Vy
aWYpCiAgIC9GbGFncyAzMgogICAvRm9udEJCb3ggWyAtNzY5IC0zNDYgMjEwNSAxMTA5IF0KICAg
L0l0YWxpY0FuZ2xlIDAKICAgL0FzY2VudCA5MjgKICAgL0Rlc2NlbnQgLTIzNQogICAvQ2FwSGVp
Z2h0IDExMDkKICAgL1N0ZW1WIDgwCiAgIC9TdGVtSCA4MAogICAvRm9udEZpbGUyIDI0IDAgUgo+
PgplbmRvYmoKOSAwIG9iago8PCAvVHlwZSAvRm9udAogICAvU3VidHlwZSAvVHJ1ZVR5cGUKICAg
L0Jhc2VGb250IC9KRlVVTkwrRGVqYVZ1U2VyaWYKICAgL0ZpcnN0Q2hhciAzMgogICAvTGFzdENo
YXIgMTE3CiAgIC9Gb250RGVzY3JpcHRvciAyOCAwIFIKICAgL0VuY29kaW5nIC9XaW5BbnNpRW5j
b2RpbmcKICAgL1dpZHRocyBbIDMxNyAwIDAgMCAwIDAgMCAwIDAgMCAwIDAgMCAzMzcgMCAwIDYz
NiA2MzYgNjM2IDAgNjM2IDAgNjM2IDAgNjM2IDYzNiAzMzYgMCAwIDAgMCAwIDAgNzIyIDAgMCAw
IDAgMCAwIDAgMCAwIDAgMCAwIDAgMCAwIDAgMCAwIDY2NiA4NDIgMCAwIDAgMCAwIDAgMCAwIDAg
MCAwIDU5NiAwIDAgNjQwIDU5MSAwIDY0MCAwIDMxOSAwIDAgMzE5IDk0OCA2NDQgNjAyIDY0MCAw
IDQ3OCA1MTMgNDAxIDY0NCBdCiAgICAvVG9Vbmljb2RlIDI2IDAgUgo+PgplbmRvYmoKMSAwIG9i
ago8PCAvVHlwZSAvUGFnZXMKICAgL0tpZHMgWyAyIDAgUiBdCiAgIC9Db3VudCAxCj4+CmVuZG9i
agoyOSAwIG9iago8PCAvVHlwZSAvT3V0bGluZXMKICAgL0ZpcnN0IDE4IDAgUgogICAvTGFzdCAx
OCAwIFIKICAgL0NvdW50IC0xCj4+CmVuZG9iagoxOCAwIG9iago8PCAvVGl0bGUgKERFVEFMTEVT
IERFIExBIFJFU0VSVkFDSU9OKQogICAvUGFyZW50IDI5IDAgUgogICAvRiAwCiAgIC9EZXN0IFsy
IDAgUiAvWFlaIDc1IDc2MyAwXQo+PgplbmRvYmoKMzAgMCBvYmoKPDwgL1Byb2R1Y2VyIChjYWly
byAxLjE1LjEwIChodHRwOi8vY2Fpcm9ncmFwaGljcy5vcmcpKQogICAvVGl0bGUgKFJlc2VydmFj
aW9uKQogICAvQXV0aG9yICgpCiAgIC9LZXl3b3JkcyAoKQogICAvQ3JlYXRpb25EYXRlIChEOjIw
MjEwNDE1MjA0NTI0WikKPj4KZW5kb2JqCjMxIDAgb2JqCjw8IC9UeXBlIC9DYXRhbG9nCiAgIC9Q
YWdlcyAxIDAgUgogICAvT3V0bGluZXMgMjkgMCBSCj4+CmVuZG9iagp4cmVmCjAgMzIKMDAwMDAw
MDAwMCA2NTUzNSBmIAowMDAwMDU3OTA2IDAwMDAwIG4gCjAwMDAwMDEzNzAgMDAwMDAgbiAKMDAw
MDAwMDAxNSAwMDAwMCBuIAowMDAwMDAwMDE1IDAwMDAwIG4gCjAwMDAwMDA2NTggMDAwMDAgbiAK
MDAwMDAwMDAxNSAwMDAwMCBuIAowMDAwMDAwNjM2IDAwMDAwIG4gCjAwMDAwNTA0MTMgMDAwMDAg
biAKMDAwMDA1NzQ2NSAwMDAwMCBuIAowMDAwMDAxNjM3IDAwMDAwIG4gCjAwMDAwMDA4NDggMDAw
MDAgbiAKMDAwMDAwMTA4NyAwMDAwMCBuIAowMDAwMDAxMzM0IDAwMDAwIG4gCjAwMDAwMDIwOTYg
MDAwMDAgbiAKMDAwMDAwMjA3MyAwMDAwMCBuIAowMDAwMDAyMTk5IDAwMDAwIG4gCjAwMDAwNDI5
MzUgMDAwMDAgbiAKMDAwMDA1ODA1NSAwMDAwMCBuIAowMDAwMDQyOTYwIDAwMDAwIG4gCjAwMDAw
NDk2MzEgMDAwMDAgbiAKMDAwMDA0OTY1NSAwMDAwMCBuIAowMDAwMDUwMTEyIDAwMDAwIG4gCjAw
MDAwNTAxMzUgMDAwMDAgbiAKMDAwMDA1MDg3NiAwMDAwMCBuIAowMDAwMDU2NzE5IDAwMDAwIG4g
CjAwMDAwNTY3NDMgMDAwMDAgbiAKMDAwMDA1NzE2OSAwMDAwMCBuIAowMDAwMDU3MTkyIDAwMDAw
IG4gCjAwMDAwNTc5NzEgMDAwMDAgbiAKMDAwMDA1ODE3MCAwMDAwMCBuIAowMDAwMDU4MzM2IDAw
MDAwIG4gCnRyYWlsZXIKPDwgL1NpemUgMzIKICAgL1Jvb3QgMzEgMCBSCiAgIC9JbmZvIDMwIDAg
Ugo+PgpzdGFydHhyZWYKNTg0MDkKJSVFT0YK

--===============6391020524426574067==--

-------------------------------------------------------------------------------
