Content-Type: multipart/mixed; boundary="===============0454674351020859803=="
MIME-Version: 1.0
Subject: =?utf-8?q?Hotel_Real_-_Confirmaci=C3=B3n_de_Reservaci=C3=B3n?=
From: reservaenrealnicaragua@gmail.com
To: justo@becerra.com
Date: Mon, 01 Feb 2021 07:28:04 -0000
Message-ID: <161216448478.6409.16829890417906827096@localhost>

--===============0454674351020859803==
Content-Type: text/html; charset="utf-8"
MIME-Version: 1.0
Content-Transfer-Encoding: 7bit

Pronto nos pondremos en contacto con usted. recibimos su solicitud para RealNicaragua
--===============0454674351020859803==
Content-Type: application/pdf
MIME-Version: 1.0
Content-Transfer-Encoding: base64
Content-Disposition: attachment;
 filename="justo@becerra.com_1234567_2021-02-01 07:28:02.817224.pdf"

JVBERi0xLjUKJbXtrvsKNiAwIG9iago8PCAvTGVuZ3RoIDcgMCBSCiAgIC9GaWx0ZXIgL0ZsYXRl
RGVjb2RlCj4+CnN0cmVhbQp4nKVVW1ObQBR+51ecR5gOZC8sl47jiAnt6CT1EtoXx4cVlkgkkACx
/vweCFaj1UpLBljYPd9l2f1CgeDPpHjxbArxSttopHtXLWAkCSxq7TjSmL0bh3eXWEQQ16NACbE8
hzNsRittlJrEJIDtVLvSJ2FkCKEH02k4h0kI0wAuw3l4aXCh/zBcTw/GJ2ffjOvoVKOs18AAsSzC
feIwoI5nMeIS/ghOH8F1MKLlHp3JqMUpFYyjQkswhzsuRImmB1CUq5tKQaL6mhcolFrE4bbrAroi
QnDuibbySh/LKi9rOIVzwxa6zGWc4WMneI/6CcGkls0J5/4O4Nxgri5ruS6rRj3WfZBep4zbAk28
cvoGnR6uZJYP86gvt3VTHt2oWFWVtOJy9WG63p2q6rKQ9VBzrKOZr2UBBwcwCuJmK/NIPTRwkKo0
JUSSQzg8hOPJuIcKZ9ha93QDVH5p16CKbyUuAAiLppKJHKyWMBzKTIJ7xPlMyD+yz2We/R+5O4Bc
D1RV5lmh5MA18b3IGpVAkFVtdf0eH8NKx+NOV3d2U6vqvt0kT1VvcprEEq7j4XZtS++TdJEm7ztz
XNsjO4XBQhWNgs1WQaU60oEWx7fb+A7Gsm5yBeZufUW70LN83h5t9mHoPQsm5ruWbfuM+sAFGsf4
Y+JVMMXL9Yr6Hj9atLux3VF/Ar/8im2nPVz4iV2neC61q+tWJyQaJTCDDdCOe3fFVO4FIDvHO4UV
2LyNut8vcpjDxVN078vvxlJfYJi+I9/80FTY3MGvZ/9lKj4JLjziu8y335iDVxZ74GcWBWOWjx9w
3+NGG0mK/0swesC5mpTahTaaZsVdFyaz8ckE4fr0aHPjRR993neh/QIdv5RGCmVuZHN0cmVhbQpl
bmRvYmoKNyAwIG9iagogICA2NTUKZW5kb2JqCjUgMCBvYmoKPDwKICAgL0V4dEdTdGF0ZSA8PAog
ICAgICAvYTAgPDwgL0NBIDEgL2NhIDEgPj4KICAgICAgL2ExIDw8IC9DQSAwLjcgL2NhIDAuNyA+
PgogICA+PgogICAvWE9iamVjdCA8PCAveDEwIDEwIDAgUiA+PgogICAvRm9udCA8PAogICAgICAv
Zi0wLTAgOCAwIFIKICAgICAgL2YtMS0wIDkgMCBSCiAgID4+Cj4+CmVuZG9iagoxMSAwIG9iago8
PCAvVHlwZSAvQW5ub3QKICAgL1N1YnR5cGUgL0xpbmsKICAgL1N0cnVjdFBhcmVudCAwCiAgIC9R
dWFkUG9pbnRzIFsgMjk3IDUwMCA0MzIgNTAwIDQzMiA0ODYgMjk3IDQ4NiBdCiAgIC9SZWN0IFsg
Mjk3IDQ4NiA0MzIgNTAwIF0KICAgL0EgPDwKICAgICAgL1R5cGUgL0FjdGlvbgogICAgICAvUyAv
VVJJCiAgICAgIC9VUkkgKG1haWx0bzpjanBtMTk4M0BnbWFpbC5jb20pCiAgID4+CiAgIC9CUyA8
PCAvVyAwID4+Pj4KZW5kb2JqCjEyIDAgb2JqCjw8IC9UeXBlIC9Bbm5vdAogICAvU3VidHlwZSAv
TGluawogICAvU3RydWN0UGFyZW50IDEKICAgL1F1YWRQb2ludHMgWyA0MzcgNTAwIDUyMyA1MDAg
NTIzIDQ4NiA0MzcgNDg2IF0KICAgL1JlY3QgWyA0MzcgNDg2IDUyMyA1MDAgXQogICAvQSA8PAog
ICAgICAvVHlwZSAvQWN0aW9uCiAgICAgIC9TIC9VUkkKICAgICAgL1VSSSAodGVsOis1MzU4MDk3
Mjk0KQogICA+PgogICAvQlMgPDwgL1cgMCA+Pj4+CmVuZG9iagoxMyAwIG9iagpbCiAgMyAwIFIK
ICA0IDAgUgpdCmVuZG9iagoyIDAgb2JqCjw8IC9UeXBlIC9QYWdlICUgMQogICAvUGFyZW50IDEg
MCBSCiAgIC9NZWRpYUJveCBbIDAgMCA1OTUgODQxIF0KICAgL0NvbnRlbnRzIDYgMCBSCiAgIC9H
cm91cCA8PAogICAgICAvVHlwZSAvR3JvdXAKICAgICAgL1MgL1RyYW5zcGFyZW5jeQogICAgICAv
SSB0cnVlCiAgICAgIC9DUyAvRGV2aWNlUkdCCiAgID4+CiAgIC9SZXNvdXJjZXMgNSAwIFIKICAg
L1N0cnVjdFBhcmVudHMgMgogICAvQW5ub3RzIFsgMTEgMCBSIDEyIDAgUiBdCj4+CmVuZG9iagox
MCAwIG9iago8PCAvTGVuZ3RoIDE1IDAgUgogICAvRmlsdGVyIC9GbGF0ZURlY29kZQogICAvVHlw
ZSAvWE9iamVjdAogICAvU3VidHlwZSAvRm9ybQogICAvQkJveCBbIDAgMCA1OTUgODQxIF0KICAg
L0dyb3VwIDw8CiAgICAgIC9UeXBlIC9Hcm91cAogICAgICAvUyAvVHJhbnNwYXJlbmN5CiAgICAg
IC9JIHRydWUKICAgICAgL0NTIC9EZXZpY2VSR0IKICAgPj4KICAgL1Jlc291cmNlcyAxNCAwIFIK
Pj4Kc3RyZWFtCnicRZDBEsIgDETvfMX+gGkIkMDdH+jJs9NxvFSd6sXPl1ZKJ6d9LLuBxY1YnKjB
i0AF0fC+4YLnCklChg9MnhMe6EQSFU0QY0olrldJedWRbDv/6wlBqiMU19FcUSQ9PEEycSg9s+vW
Oh1EmYzNbRk7ipRj7pmaSdj21q6nY7NG5n1311F/XMs89FZbQ9ZPWVyVGVznFBNps5mV1JJS8ILp
4YYr4/7B8PWK88uNdX5LnEgzCmVuZHN0cmVhbQplbmRvYmoKMTUgMCBvYmoKICAgMTc5CmVuZG9i
agoxNCAwIG9iago8PAogICAvRXh0R1N0YXRlIDw8CiAgICAgIC9hMCA8PCAvQ0EgMSAvY2EgMSA+
PgogICA+PgogICAvWE9iamVjdCA8PCAveDE2IDE2IDAgUiA+Pgo+PgplbmRvYmoKMTYgMCBvYmoK
PDwgL0xlbmd0aCAxNyAwIFIKICAgL1R5cGUgL1hPYmplY3QKICAgL1N1YnR5cGUgL0ltYWdlCiAg
IC9XaWR0aCA4MDAKICAgL0hlaWdodCA2MDAKICAgL0NvbG9yU3BhY2UgL0RldmljZVJHQgogICAv
SW50ZXJwb2xhdGUgdHJ1ZQogICAvQml0c1BlckNvbXBvbmVudCA4CiAgIC9GaWx0ZXIgL0RDVERl
Y29kZQo+PgpzdHJlYW0K/9j/4AAQSkZJRgABAQAASABIAAD/4QCMRXhpZgAATU0AKgAAAAgABQES
AAMAAAABAAEAAAEaAAUAAAABAAAASgEbAAUAAAABAAAAUgEoAAMAAAABAAIAAIdpAAQAAAABAAAA
WgAAAAAAAABIAAAAAQAAAEgAAAABAAOgAQADAAAAAQABAACgAgAEAAAAAQAAAyCgAwAEAAAAAQAA
AlgAAAAA/+0AOFBob3Rvc2hvcCAzLjAAOEJJTQQEAAAAAAAAOEJJTQQlAAAAAAAQ1B2M2Y8AsgTp
gAmY7PhCfv/AABEIAlgDIAMBIgACEQEDEQH/xAAfAAABBQEBAQEBAQAAAAAAAAAAAQIDBAUGBwgJ
Cgv/xAC1EAACAQMDAgQDBQUEBAAAAX0BAgMABBEFEiExQQYTUWEHInEUMoGRoQgjQrHBFVLR8CQz
YnKCCQoWFxgZGiUmJygpKjQ1Njc4OTpDREVGR0hJSlNUVVZXWFlaY2RlZmdoaWpzdHV2d3h5eoOE
hYaHiImKkpOUlZaXmJmaoqOkpaanqKmqsrO0tba3uLm6wsPExcbHyMnK0tPU1dbX2Nna4eLj5OXm
5+jp6vHy8/T19vf4+fr/xAAfAQADAQEBAQEBAQEBAAAAAAAAAQIDBAUGBwgJCgv/xAC1EQACAQIE
BAMEBwUEBAABAncAAQIDEQQFITEGEkFRB2FxEyIygQgUQpGhscEJIzNS8BVictEKFiQ04SXxFxgZ
GiYnKCkqNTY3ODk6Q0RFRkdISUpTVFVWV1hZWmNkZWZnaGlqc3R1dnd4eXqCg4SFhoeIiYqSk5SV
lpeYmZqio6Slpqeoqaqys7S1tre4ubrCw8TFxsfIycrS09TV1tfY2dri4+Tl5ufo6ery8/T19vf4
+fr/2wBDAAgGBgcGBQgHBwcJCQgKDBQNDAsLDBkSEw8UHRofHh0aHBwgJC4nICIsIxwcKDcpLDAx
NDQ0Hyc5PTgyPC4zNDL/2wBDAQkJCQwLDBgNDRgyIRwhMjIyMjIyMjIyMjIyMjIyMjIyMjIyMjIy
MjIyMjIyMjIyMjIyMjIyMjIyMjIyMjIyMjL/3QAEADL/2gAMAwEAAhEDEQA/APf6Q0tRySLGjO5C
qoyST0oAfxS5rEl8SaShP/EyteP+moqrJ4r0lemo2x/7aCnysDpM5ormP+Es0v8A6CFt/wB/BR/w
lul/9BC2/wC/gp8rA6eiuY/4S7Sv+ghbf9/BR/wlulf9BG2/7+CjlYHT0VzP/CW6V/0Ebb/v4KrX
njnRrG3M819GUH9w7jRySYrpHX0V52Pi14ZIz9rl/wC/Ro/4Wz4a/wCfuT/v2atUZC50eiUV55/w
tnw1/wA/cn/fs0f8LY8N/wDP3J/37NHsavYOdHodFee/8LY8N5/4+5P+/Zpf+FreG/8An7k/79ml
7Cr2DnR6DRXn/wDwtXw5/wA/cn/fBo/4Wp4cP/L2/wD3waPYVewc6PQKK4D/AIWn4d/5+3/74NH/
AAtPw7/z9v8A98Gj2FQOdHf0VwH/AAtPw7/z9v8A98Gj/haXh7/n7f8A74NP6vUDnR39FcB/wtLw
7/z9v/3waP8AhaXh3/n7f/vg0fV6gc6O/ozXA/8AC0fD3/P2/wD3waQ/FLw6P+Xt/wDvg0ewqC50
d/mjNef/APC0/Dv/AD9Sf98Gl/4Wn4d/5+pP++DS9hU7D54nf5ozXn//AAtPw7/z9Sf9+zR/wtTw
6P8Al6k/79mq9hU7MOeJ6BRXn/8AwtXw7/z9S/8Afs0n/C1vDv8Az9S/9+zR9Xqfyh7SJ6DRk159
/wALV8Of8/Uv/fs0f8LV8O/8/Mv/AH7NL2FT+UXtInoOaM159/wtbw3/AM/Mv/fs0n/C1vDn/PzL
/wB+zR7Cr/KHtInoWTRk157/AMLW8Of8/Mv/AH7NL/wtbw5/z9S/9+zR7Cp2D2kT0HNGa89/4Wt4
c/5+pf8Av2aP+Fr+HP8An6l/79mj2FT+UftInoWaM159/wALW8Of8/Uv/fs0f8LW8Of8/Uv/AH7N
HsKn8oe0ieg5ozXn3/C1vDn/AD9Sf9+zR/wtXw5/z9S/9+zR7Cp/KHtInoOaM159/wALV8O/8/Un
/fs0v/C0/Dv/AD9S/wDfs0ewqfysPaRPQM0Zrz//AIWn4ePS5l/79mnj4n6Af+W834RGj2FX+Vi9
pE73NGa4MfE3Qj0ln/79Gl/4WXoZ/wCWtx/36NP6vV/lYvawO6zRkVwv/Cy9E/56XH/fo0f8LL0P
/npcf9+jR9Xq/wArH7WB3WRRmuE/4WZoX/PS4/78mk/4WdoQ/wCWlx/35NH1er/Kw9rA7zNLmuBP
xP0H/npcf9+TSf8AC0tA/wCetx/35aj6vV/lYvawO/zRmvP/APhaXh/P+uuP+/LUn/C1PD+f9bcf
9+Wo+r1f5WHtYHoOaM159/wtTw//AM9rj/vy1H/C1PD/APz2uP8Avy1H1er/ACsftIHoOaM159/w
tTw//wA9rj/vy1H/AAtXw/8A89bj/vy1H1ep/KHtIHoNFeff8LU8P/8APa4/78tR/wALU8P/APPa
4/78tR9Xq/yh7SB6DRXn/wDwtPw//wA9rj/vy1H/AAtPw/8A89rj/vy1H1er/KHtIHoFFeff8LU8
P/8APW4/78tR/wALU0D/AJ63H/flqPq9T+UPaQ7noNFef/8AC1PD/wDz2uP+/LUf8LT0DtLcf9+W
o+r1f5Q9pDuegUma4H/haOg/89bj/vyaX/hZ+hf89Lj/AL8mj6vV/lD2kDvc0Zrgx8TtCP8Ay0uP
+/Jp3/CzNC/563H/AH5NH1er/KHtYHd5ozXCf8LM0L/nrcf9+TSf8LN0L/nrcf8Afk0fV6v8rD2s
DvM0ma4P/hZ2hf8APW4/78mj/hZ+g/8APW4/78mj2FX+Vh7WB3maM1wX/Cz9B/563H/fk0f8LQ0H
/nrcf9+TR7Cr/Kw9rA76iuA/4WjoH/Pa4/78mj/haWgf89bj/vyaPYVf5Q9pA7+ivP8A/haegf8A
PW4/78tR/wALT8P/APPa4/78tR7Cr/KHtIHoFFefH4q+Hx/y1uP+/DUn/C1vD3/Pa5/78NR7Cr/K
HtYHoVFee/8AC1/Dv/Pa5/78NR/wtjw7/wA9rn/vw1L2NX+UPaRPQqK88/4Wz4c/57XP/fhqT/hb
Phz/AJ7XP/fhqPY1f5Q9pE9Eorzv/hbXhv8A57XP/fhqP+FteG/+e9z/AOA7Uexq/wAoe0h3PRKK
87Pxb8N/897n/wAB2pP+Ft+G/wDntc/+A7Uexq/yh7SHc9FpK87/AOFt+G/+e1z/AOA7Uf8AC3PD
X/Pa5/8AAdqPY1OsQ9pDueicUd687/4W54a/57XP/gO1W9O+J2ganqENlbSzmaUkKGhZRwM9TSdG
a1aBVIs7qlqpFdLIMqcirKtkVmWf/9D3/tWR4kfZ4e1DnH7h/wCVa9Yfik48Pah/1wf+VNbgfGVx
PObq4/fzjErf8tD6n3qLzpv+e83/AH8P+NE5/wBJuP8Arq38zUea7I25dhXJPOm/57zf9/D/AI0e
dN/z3m/7+H/Go6KrTsIk86X/AJ7Tf9/D/jR50v8Az3m/7+H/ABqOiiy7ASebL/z2lPt5h/xoMsjD
a8zsP7pdiP503PFJTSQBz2Y/maOf736miiqFZC8/3v1NJls9f1NFFOwWQEtnr+ppct/eP5mkopBZ
C5f+8f8Avo0bn/vH/vo0UUXYWQbm9T/30aNzep/76NJiinzsOVDg7ep/76NL5jf3m/76NMpapTYc
qHhz/eP/AH0aN5/vH/vo0zNGafOxcqJA7f3j/wB9Gl8xv7x/76NRZozT9oHKibe394/99GlEpH8R
/wC+jUG6jfVKq0JxRZEpPf8A8eNPDn1/U1VDUu81oq0hOBcDf7X6mjn+9+pqushFP8ytVVbI5SUZ
7N+pp25h3/U1EGpwY1fMyWh+73/U0Z9D+ppvWlxTuxWFyfX9TRz6/qaSnYouxaDTn1/U0c+v6mlI
oxRdjuhvzev6mkOfX9TTyKTFF2FxuT/e/U0En+9+pp2KMUczHoIM/wB79TUyg/3v1NRAVNHxSuwd
izCDx/ia0oR0/wAaoRHpWhCcYqk2ZyL0OPT9asAADrVVGqUPxVpvuYsmyKYWAqPfTC9O7BIkZ6Zv
qMtmm5pXY7EhemF8npTSaTNHMwHZHpTSRnpSGii7AXj0o/CgClHWldgJgelGB6U7vShc0XYxuPaj
HtTiD0pyqaLskYAPSl2+1SiPNO2UXYEATJ6U7yvarCoAKCwFF2BCsPtUohXuKUS00y0uZjH7EA6U
uFHpUJlqIymjmYWLRdR0FJ5oFVPNNMaTNHOxWLnnCo2lFVd9JvpczKsWDNTPN/zmoC1IWpczCxY8
3/OaQy1W3UbqOZjsTmX2pPN9qg3UFqXMx2JzL7U0ye361DupM0czCxKX/Ck3+9RE0Zo5mFiQSH2p
PM+lRZoqeZlEnmc9qC30plFHMxClvpSZ+lIaSjmYDiw9qTP0puaKOZjHZHtSZpKKTkwFyK1PDM/2
fxLZTDqrH+VZOatac+zUIWHUGs6r/dy9GOPxI+jdG1M3EY9MV1du+9QR6V5f4VnZoxzXpdicxKT6
V4J3H//R9/rD8U/8i9qH/XBv5Vt1ieKBu0C/H/TBv5Ur2YWufFk//H3cD/pq38zTMVPdQstzOwB/
1r9v9o1WrqhO6CUHEXpS5pKKu5IZpRzSUU7gOozTc0tNMBRRSUZqriFFBoFFO4BS4pKWqTAKKKKd
wCjFFLTsFxMUUtJS5RXEPWgUtLS5RjaWjHNLiiwDaKdijFKw7iClzSd6WqsFwyaUE02iqTaEyUOR
Tg5NQilBxWkalibXLSnPen5qpuxTxITW0alyXEsZp2ahVqkBrRSM3EfmjikFKMVRNhSKbinZpaAG
4oxTsUm2nYLiCpVGaYBipFpWBssx9quxnGKoxnpVxD0qkQy6hqTtUCHipAapENC7jSHPrSHrSZoE
LnFJ1oNFIBMUU4DJpdvNADaAKdspypQA0LSgc1MF4oAAoAj209Vp3FGaQBsHrSgCmFuaaWo5hEuR
SM4AqHfzTWapchomMnHWmGWoC1IWpXHYmL1Gz0wnimE0rjsSFs96aWqPNLmi4WF3GgmmZpSaVx2D
NJSUZouMM0lJnmkzRcBaKQ0maVwHYpCKTNBNFwFxRim5ozRcBcUlGaQmlcBaKbmgmkMXNGabmjNF
wHUfjTCaM0rjsLmim5op3EOpM0UUrgLU9l/x+xfWoKnsv+P2L61FR+4/QqPxI9m8I/6sV6hYf6pR
7V5f4R/1Yr1Cw/1a/SvDZ2n/0vfaxfE3/IAvv+uDfyrarG8Tf8gG+/64N/Kh7FQ+JHx7P/r5v+uj
fzNVZrYEZSrc4/0iYf8ATRv5mozXNGfKz3J0edIzCCpwwoz6VoPEsg5HNUpYXjbOOK7qdVSR5NfD
OD90jpRScUordWZyvQKKKKL2C6ewoopKM0cwC0ZpM0tUmKwuaKTFGaq4CjrTqbmlzTTAO9OHSmil
zVJgLSUvakq0AUUUCgQooxR0ozTsAYoooosAcUHFFBosAlLSUZpWAWikzRmi9gE708HFNpaOZoY8
NUivUOaUGtYzJauWQ9PBqsGxUqvW6kjNxJgacOaiDU8NVolxH0uKAaAc1aZLQAVIq0gFSAUyWSRj
mrcdVoxzVpM0EssJ0p4JpqKcVKEJpktjcZo21JsPanCM0hXIgtLsqUIacEoC5EE5pwTmpNtGKAuJ
tpRxQTTe9FxDi1NJppNIalsEBakL8U0mk7VNxhuppakzSZoKAnmmk80pNJmkwEY8U3NOPSmmkAZp
M0UmKQwzQTRikoATNGaCKSgB1NpaSgYhpKU0YoASkNLSGgBKKKOtIYZpM0uKTFIAJpM0hooAM0E0
YpCKQwzRmjFGKAA0lLijFIBKUUYoIxTAKKKXFABU9l/x+RfWoKnsv+PyL61FT4H6Dj8SPZvCP+rF
eoWH+rX6V5f4R/1Yr1Cw/wBWv0rw2dp//9P36sXxMM6Fff8AXB/5Vt1ieJedDvf+uLfypPYqHxI+
Qpk/0ib/AK6N/M1GUq9NHmeU4/5aN/M1GYvauHmuz6z2DsipsppXd8rc1b8v2ppj56U1Oxm6HczZ
7TPKflVUgrwRitkpz0qGa1V1PHzV10q9nZnmYjAu10ZdFTPbvDw3IqIAt0rvi4yV0eTOnKDs0JRS
89xRRZkpX2EpaMUYoAKKMUVVxMWiiii4CiikzS5qkxC9qKTvS1akAUUUVSYCilpB1pasQtGKQUtO
wBikIp1BosA3FGKWlxRYBuKMUpFGKVgExSU7FGKLANoFOxRiiwCU4Gm0U0wJg1SK1QA0u6toyE4l
sHNOBquj1KrCtou5lJWLC1IKhU1Kpq0zJlmPrVqMZNVYgM1diHNUQywinFWEQ02Ic1ZVadjNjQlP
CcVIq0/bSFcr+XRtx1qfZSFKQXICoxTan2U1koC5XbrTe9WNlMZeelIZA3Wmmpthz0oZPapaGiue
tJU2z2prJ7UrDK560VKV9qbj2oKIjSVKRTSKVgGGmmn4pMUrAMoNPxTSKVhjaSnYNJmiwCYoxS0U
ANoNOxRQMjNFPNJigBpppp5ptACGkFOIpKQxKQ0tJQwENJTqMUgG0GlooGNop1FKwDaKdRRYBO9L
S4oAp2FcTFLilxRiiwXExU1n/wAfkX1qLFTWY/0yL61FRe4/QqL95HsnhH/VivULD/Vr9K8v8I/6
sV6hYf6tfpXhM7T/1Pfu1Y3iP/kCXv8A1xb+VbJrH8R/8gS9/wCuTfypS+E0pfGj5ZkjHmy/9dG/
maiMNTyN++l/66N/M0ma8x7n6HGCcUVmhINRtEfSr/HegqDSIdFMzTHjtTPLrSMWe1MMFUmzKWHu
jOaEMMEZrPuLFlO6Ot1oaj8vA5/KtoYiUGefXy+NRbHNMpU/NSbe9blxYJMMqMNWXLbvEcOp9jXr
0K8ai1Pm8TgKlF6FbFGKftpdtdTpnDcjxRin4oxUcgxlFOIoxS5AG4op2KMUnEQmaM0tJRsAtKKb
TqpMAxTuKZS5q0wFozRRVpgLmlptOqkAg5NOpB1pasQUlLS0WATFJTqQCiwCUc07FHWiwDTSYp2M
UVLiA3BpRkUuD60mMUbAODEU9DUVOBxWkZCaLSManVhVEE1Yibjmt0zOUTQiar0Dc1mxNx1q7Eel
WmYSRpxuKsrJWchIqYSHAp3M2jRDinhwazvOwKeLjimTY0QQaXg1QW64pwufegLF3aKCgNVftHvT
hOPWgRY8vim+VzTBOPWnCZfWiwAYh6U1os9qkEgPcUvmD2osBD5PHSmND7VbDAijg0rBcoGA56Uw
w+1aW0GkMII60WHczDDTDF7VpmAUn2YUWC5ltFxTPKrVNqKabUVLiO5l+Wab5fNav2Wmm0o5R8xm
eXSGOtM2tNNr7UuUOYzSlJsrRNrx0phtqOULlApSbKum3NNMGKmw7lIpSFTVpoTTTFRYaZXK8U3F
TmPmmlKLBcgpKm2U3ZUjuR0HipNlIUosFyPGaMU/bRtosFyLFGKl2+1G32osMixRipdvtRtosBGB
x0pce1PxRiiwDMUuKdj2oxTsA3FGBTsUbaLANxU1oP8AS4vrUeKmtR/pUf1rOqvcl6MqHxI9g8I/
6sV6hYf6tfpXl3hH/VCvUdP/ANWv0rwGdx//1ffjWP4i/wCQJe/9cm/lWzWL4jP/ABJL3/ri38qU
vhNKXxo+WXP76b/ro38zQGqN3/fS+8jfzNAavMe5+gQqLlRMDTs4qIH0p+c0jVNMkBpeD1qMNzTw
ady9BSoNNMa+lPzSgj0p2uJpdSBoAfY1BLaK64ccHvV8YJ6UpQVUZOOxnUw9OotTmbnTXhJZRuSq
RTBrsTGMYxxWfdaVHNlowQ314r18Jj18NTc+bx2S6udM5zbzSFauS2rwsQynioGQr1r2IqM1c+Zm
nTlyyREVpNtTFabilKkSmnsRbeaCOal20m2odIdyLFGKkxSbah0guMxRinYpMVDpjuJRS4pOanla
HcDQKKKNRC5pRTe9KKpSAdS5puaWtIyFYcDRTc0oNacwDsUAUm40oNUncBaSlowKqyENNGKWilYB
KQ07FGKTQDcUvelxSUrAOFSoxqIGnqTTTsJrQuwtzV+FqzYjir0JreLMJo0EbinhqgQ1IDWiMmiT
NGabmjNAhxNKCabmkJNAiXccUByKiyaMmmFibzSKd5xqvk0bjQFi0Lg4pVuTmqm40oJoCxeF1inC
7rP3GjJoDlNEXnvTvtee9Zm40bjRcXKaouh604XY9ayd59advOOtFw5TXFytKLhDWQHOetOEhHei
4rGv5y0okU1kecaeJzjrTuKxq7kNL8prLE59alW5IpXCxe2r0ppjWq63HNO88UBYkMIqMwCnibNO
3g0WFcrNBzxUTW/FXsimkA0rXGmZxgNRmA5rT2A00xD0o5R3MzySKb5BrSMOe1J5PtU8pVzMMNJ5
JrTMPtSGD2o5QuZvlEUeV7Vo+RntR9no5QuZ3le1HlVoeT7UnkZ7UuULmeYqb5RrQMPPSkMI96OU
dyh5VHl1daGmGI0coXKuzim7KteUaQxYpWHcr7KaV5qwUNNKGiwXIdvNS2oxdx/WgpT7Zf8ASU+t
Z1V+7l6MqD95HrXhD/UivUbD/Vr9K8u8I/6kV6jYf6tfpXzzPQP/1vfqxfEnGh33/XFv5Vs9axvE
3/ICvv8Ari38qUti6fxI+TpH/wBIl/66N/M0qyD1qvKxFxL/ANdG/maarGvOcdT7CFZ2ReD+9SK9
URJUiy1NjojXLm70NODVVVx61KH96RvGqWA1PDCq+73pyvQnY3UkycNzUgORzVcPUgarvcpMeR70
oz0pmeaduovrcHqNmgjmUhlAOOtZNzpzRksqlh7Vtg8UEqVwRXdhsbOlvsebjMspYhXS1OXaHnGO
aiaLnpXQ3Nisih06+lU0067nYiC1Z/pX0OHxlKrHRnxWLwFbCyfMtDHMdJsxWudE1cE/8S6b8j/h
Tf7B1g/8w2bP4/4Vu5w7nIuZ7GRtpCBWx/wjmuN/zDZf1/wpp8Na5/0DZf1/wrNzh3HqY5FIRitg
+Gtc/wCgdL+v+FMbw7rajJ06X9f8Khyp9xmVimkc1pPourr10+b8j/hUJ0vU162EuP8AdP8AhUPl
GUsUYqybC+/58pR/wA0hs70f8ukv/fJqbRArEUgzVj7Jef8APpL/AN8mmtbXQHNrL/3yayaQyGlz
T/s9x/z7Sf8AfJpphnHWGT/vk0k7DEBzTgaaUlA/1T/98mgK/eJ/++TVKYhwp2aj+cfwN+VLuPdW
/KtFNCH5pQaZvx/C35Ueao7n8q0U0xWJOKOKj85exP5Uvnr3J/KtFJAScdqSmiVT6/lS+YvYn8qb
asA7FJSeYv8Aeo3g96VkA4CnqKYCD/FUikf3qLILsmjq9D2qnHg4+ar0fQc5rSJjItR9amAqOMcV
KAa1RiwopcGk5oJFpKOaWgBKKTvS0wCiiikAUtJRmgBaKTNFABRzRRQFgozRRQAuTRk0lFAx26nb
+KjooESbqUPUYpc0BYmElKJKhBo3UCsWRKakE3vVTfS76dwsXBP704TZ71SD0qvRcVi8JR607zPe
qIenB/elcC4JRTt4NUhJS+bVCsXcigEVVEvvThJ70BYs8Glx71XEnvSrJz1oCxOQKTb7UzeM9adv
B70CF8sUhjB7UbvelB96QDTDmozDVjPvSEUBcqmH0phiOelW8CkK5pWHcpGI56VG0dXylMaLNJoa
ZQ2U6Ff36fWrLR4OKaiYkBx3rKqv3cvRlwfvI9N8I/6kV6jYf6tfpXl3hD/UpXqOn/6pa+dZ6R//
1/fR0rG8Tf8AICvvTyG/lWzWL4n/AOQBff8AXBv5UnsVT0kj5GkkX7RN6+Y38zSDB6Gqsx/0qfn/
AJaN/M00MR0NcjjqfRQr2ReKke9AGfaqqzuvvUwuQfvDFS4m8ayZMCRT1eo1kVu4p5GelQ0bxmSi
T3qVXFVMGnBiKlxNo1Wi6H9KkV+Kzw57VIspqbM6I1S+HFODA1TWSpA9FzVTLYYYpwIxVYNTwTin
c0Td7onB64rR0jXbvRLhZbdIpFByUkTdmspWp6mtIVeX4SKtOFZWqK57l4Z8Z6RrsSRy2sME/Qgq
OTXWGGELxbwn0PlivmJGeORZIZGjdTkFTiu88L/Ei8051g1eQSQdFcnn8a6oVlLdnzWOyRr3qWx6
60KAZ8iEH02Coti/88Yf+/Yo03VLLVbZZ7WVHVhnAOcVa2dRit1Lsz5+VNwfLIoso/54w/8AfsUw
xqRzBD/37FXfLBNRtHg0+aRNkZ728TdbeH/v2KrvY2xzm2i/74FapT2qNk9qFKXcNDFfS7Fv+XSM
/wDAaibR9PPWyT8q2zGPSmNEPQ0OUl1HYwJNE07PFmlV5NE07H/HkproWhyelQND83Q0uaXcLHPt
oemf8+K/nVeXQdLP/LiPzro3hqu8PNLnkBzTeH9KzzYj86ibQNIH/LiP++q6NoeelV5IeaOaXcLG
AdA0Y9bD/wAepv8Awj+iA/8AIPz/AMCNbLxVA0f1o55dwsUV8PaAeum/+PmpV8M+HG/5hn/j5qTG
08k1IshHen7SfcLEX/CJ+G2/5hpH/bQ0o8F+G3/5cMf9tDVpZz61Zjm45NNVZ9wsZf8AwgPht+ls
R/wM0xvhv4df/lmV+jmt5ZeeoqZZc9OKr20+4NHKt8LfD79GYf8AAj/jVdvhJoLDi5lH4/8A167d
ZBT8+5pqvPuKxwDfB/QyMi9n/CoH+EekJ92/nH4V6KwGP8aglUY7VccRMOU85k+GumwfdvHOPeqM
/hK0tuk7GvQrlTg5xWDerwcV30aknuc1Q4yTTYoeAzGoDFjoK3LlOT1qgyDNejDVHK3qZ5TmmlcV
dMYzTGi9qqwrlTFGKsNGKaYz6UDuQFRSVOYzjpTfL9qAIsUmKl200qc0hjDSU8qaTafSgBtFOxSc
UAFFFFABRRRQAUUUUAFFGKKADNLSUUALRSc0c0ALmlNNFKaAFFLmm0UAOzS5plFAWJN1GaZmjJou
IfupwaosmgE0ATB/enByO9QZNLuoAseZ709ZDjrVXPvShjQItiT3p4k96phjS7zTE0XBJ71IHz3q
iHPrUgc0BYtZp2aqq5p/mc0CJ6TFRh/el3UWHqKRzSbRml3UZrOsv3cvRlU/jR6J4Q/1SV6jYf6t
a8u8If6pK9RsP9WtfNPc9Q//0Pfu1Yvif/kAX3/XBv5VtdqxfE//ACAL7/rg38qT2Kh8R8czf8fM
/wD11b+ZplOmP+lT/wDXVv5mm5rne57EfhQoNBNJR1oLTH/TNKHdOhpnQ06lYqM5E63Mg7VKtyD9
4VTozUtGqrSRoCWNjwaeT/drOBNSLIy96lxOiFcvBjThIRVVJwetTKVfoazcTphUJ1lqZZcjrVQg
igNg4pWsdEati8sgqYPkVnh8VMslS0bRqXLin3p+Rgj5RnqT3qqsnepBICelNSNVK6szU0nVr3RJ
lksZWTByRu61614Z+I2n6oI7a9byLrpyuM/jXiu8EUoPzB14YdD6VrCrY4cVltGurrc+olKsu9dr
r2IbNIAD9DXh3hfx/e6LKsN2DPAeMkngV69o2vafrdqJ7SYe6d811wqKR8picBUw8tVc0XjGOKiM
ftVgEng8UHB5HStNOhwq1ymUx2prL7VcKA1GyUC16lPy+9RsmeMVd2EU0pnrQBnNF7VC0PtWk0dR
tHx0pAZbQ+1V5IPatcxe1QvDQMxpIOOlVmh9q23hyOlVWhwelFgMaSD2qsYyK2ZIarSQCkBmcrT1
lIqd4KgeMjpQBYSeplm96zclaeJSKANZJferCy1kJPVpJxQBo76jdgagWYGhnFXFksrXPQ1g3fet
ud8g5rFuiCDXoUHqc9Qw7gc1RdRmr1yeaouea9em9DjluRFeaNlOorREkRQGkMdS4FBFAFYpSFOK
nK0m3iiwXK+ymFOatbOOKYV55pWHcrlcU0rU5U56Cmsg7kClZ9BpkG3IpCtSEgcZH4U3en+0T9KP
VBcZtoxS4mcny4Wb8KelrfyD5bRqPd7juyLGKKtrpGqykBbNqnTwtrch4tmGfapdSC3ZSjJmbikx
7Vtr4I12QcxFR9KmT4ea4444/Codan/Mh8kjnvwo/CumHw11w9XA/CpB8MtaPWYflU/WKP8AMP2c
jlMZ7UYxXWj4Yax/z3/Sj/hWGs/89/0o+sUO4ezkclR+FdZ/wq/WP+e/6UxvhprI/wCWv6UfWKHc
PZyOW/ClHHaulb4b62B9/wDSov8AhXmuDv8ApT9tT/mFySOfz7Uv4Vtt4C11e2fwpjeCNeX/AJZ5
/CmqsH9oOSRjnPbik5rUbwlrif8ALA1GfDWtr1tjR7SH8wckjPzQDVw6FrC/8uhqM6Rq69bM1Sn5
oLPsQZoyakOnaoOto1NNnqP/AD6NT5l3E15Dc0ZNKbbUP+fRqTyL4dbV6OaPcVvIXJoyaTyb3/n1
f8qPJvf+fR6V49ws+w4MadmmCG9/59Hp4tb89LRzTTj3HZ9hQaXeaT7HqOcfZGFSLp2qN0szSco9
ws+wgkNKHJ5qZNE1iQ/LaH8qsp4V1qU8Q7fwpe0h/MhezkU/M46Uok9a1ofAeuTEfw59q04Phjqs
mN9xt/CpliKUd5B7Kb2OZEyL1pVnjZwofk9q7m2+FEmQZ7w1a1L4dWek6JdX3n75IU3KPWuetiqb
g0n0NYUJJpsm8If6pK9S0/8A1a15d4QGIkz616jp/wDq1rwzuP/R9+rF8T/8gC+/64N/Ktk9qxvF
H/IAvv8Arg38qUthx3R8bz/8fU//AF1b+ZpgOafOP9Kn/wCujfzNMAxXO9z2FskLmnCm4pwoKuLQ
M0ClpWKSCiiigoKdmm96D1osMeCfrT1cjkcVGDS5qWi4totJcHvUyyK/fmqIpytjoaho6YVWi7g0
ucVXSUgc1OJFYVDR0RkmiRZCKkWWocAjg0mCKTRvCbRdSTNSK/NUAxFSI5zyaho1jUaL29T97Jx0
q9per3+kziazuCpH8OeKyA9SBx3qoysaSjCorSR7h4V+INtq6R295iK56fMetdxnjggjse1fLgJL
LKMrInKuD0rvfCnxEn00x2upzGW2IC+Yw3f/AKq6qdbufPY/KGvfpns4PrxSnmqVnf21/bLPaTrN
EehVs4qzu4rqTT2PnpJp2kPKAio2jp4andaCbpaFcx00pVoqDUZWkBWMYNRPFVsrTWHtTAoNDVd4
fatRkz2qIxcHigDHeHPQVWeDP8NbTRDHSoHg46UgMV4RjpVSWHmtuSD2qpJAc9KQzFeL2qPYB0rV
kg46VVaHHagCng1IHoZSD0pp46UATpJTzLiqe8il83NNbisPmkyDWNcv1q9M+M81lXL4zXoUNzCo
jNuDzVJzzU1zJzVN256161N6anFOLuSZoyKi3H14pwZcctit1sTZjycHBp3OKrmdAc/M/wBKnt7T
ULsgW1pMwP8As0m0t2ITvTXdF4LCul0/wDrd+A0kLxqepIxXV6Z8KYlw94+T6ZrnnjKcNy40Zy2P
KzKgOBy31qaKyv7kgQQsQenBNe8WXgnRrML+4jYjuyg1tRWVjbgCK2hGOmEGa5Z5lFfCjeOGfU8F
tPBOuXoGYygPcqa17f4T6hMFM1xIM9QOK9qyMfIu38KCzf3mrmlmVSWkdDRYZI8ztfhFZxqDPM7H
uC1att8NdDtx88e7Hqa7JlJ5O4io3XYu9h8orCWJry+0axoowYfCOh2vKWUTfVeatJpGlx/csYl9
9tF3rVnC21c5HaoX1G6ki82GHdGPSuR4rVpzu0a+ytpYteRaJwtqg99tLiAchUH0qna6rFqANtKx
jl6AHisfXLG9sPmSR2Qnsa562K5KTqfEUoa8rR0LXMKnbvUGneaSuUfI9sVyLMktiGDytL6CtTQo
GEPmTSuuOgY0U8RGpJJLRjlTSehsedJk/M3FNW8UnAlwaUkHLLyp71z3iSxMPlywSsrMcYBrarJw
hdaijG7sdH58uMq5I9aQSysMhz+lctDd32nQRmYPLCe4qG51E/b4RBM+2Q5K+lc8MXFpX3KlTaZ1
3my/32pDLKOrtWTrElxYW8VwGO1vWmaXqk2oP935QK1deCrKk9yeV2v0NkXEh/iNBmfuxFVJL+1h
k8tpMt6UyO+t5GIOQPWtbxekWmS4NdC95zD1NJ5nqF/KoVlhkB8uTcR2FOyT2p80XpETSH70PWNP
yoIiPWJPypuKM0/kLQUx23/PCP8AKk8m1PW2j/KiihSHaI02tketrH+VNFlp+ObSP/vmpKKrmkuo
rLsQnT9NPWyhP1WozpOlsc/Yof8AvmrJoo55dwsuxW/snSv+fGH/AL5o/srSv+fGH/vmrNJijnn3
Cy7Fb+ytL/58Yf8Avmnrp2mjpZQj/gNTYoo55dwsuxH9i08Hi0i/BaeLezXpax/lS0Uc0u4WXYcF
twPlgjH4UocDogH0plKKT1HZEgncZwSKU3EpH32qKipsgJPNdupP41keJ3J8Mahnr5fH51p5xWT4
mP8AxTV//wBc/wCtMDC8IcxJn1r1HT/9WteXeEP9Un1r1HT/APVrQB//0vfaxfFH/IAvv+uDfyra
rF8Uf8gC+/64N/Kh7Djuj47mH+kTf9dG/maYVzUsv/HxP/10b+ZpnSuY9xRuhmCKADUhGaAtFx8g
0DFL1pQDTttTcpRYzFLinbDRtpXK5WMxRTsYoxmi4rDaXNG00lUw2Hg+tO4qOlBqbDTJQeKerYqE
GnA81LRtGTRZWQ59qmV8iqgbinoxqGjohULRFNyQaYJOakDAipZupXHh+KeslRdqMkClY0UmWVkq
ZHBzVEOakWUkYIxUWtsbRm2tWdJ4e8TXvh66EluztFghogeD+Fey+G/GGneI7QNDKI7heGjY8ivn
uOTHBJ/A1YtL25sp1ntJPKmU53etbwqNHDjMBTxCvFWZ9PjjvwelPBrzXwp8So7wpaaoAkoG3fj7
x9a9EWUPGHRgUPIxXbCaaPla+Fnh3aSLXajFQq/HWnhqo5hSuKYy5qQHml4piuQkcUwrmrBXNMKU
DKpiJNRvGauMvpTCp7ikBnvH7VWkhrVaPNQtEKBmNJBx0qo8B5rckhBqvJCMUgMCS346VUeEiugk
gBHSqctuAOlAGGyEVXcsprYlt+KzZ4dpzmmtwKEsvWsu4ckHnmr918uayZRLKdsabmNdtJpbmE03
sULl8PzWfJcKCQNzN2C11Fj4PvtRbdKxjU12GleA9LtNslxmVhXd9chBGHsZPc8utLDU9QcJb2kg
z3YV1ulfDTU7tg11JHGh6gg5r0yCCxtABa24THrzVk3DsBnaPoK5p5jKWiRccNbVswdL+HulWCKb
hldh2IrqLa1sbNQIIUwPaqokyaf5pJ55rinVnPdm6hBdDSFzuGF+X6UokJ6k1QEvNSLL71nr0Zdu
xeDc9afu4qisvNSeYe1NqSV2Fy0G7U/5cYLc1XR8lh/FjiuRv9Qv4tXKbiB1Va5sRiHRim1fUqMe
Z2udrggZ4phjDAhuhrnIPEkkL+XeRY49a2rXVrW6T5WAqaWMoVfdvqVKlJbFHVtDiurdmtwBIKyd
J1F9OnNrdrhQcV1sc0TkiNg/rWJqGhtqF8XVtiVz4nCtTVagve/MqFSy5ZFXxElktuLu3YC5z8qr
U1ubm90FzcQnzAvCmr0Gg2qMhm/ebe5rTwAAqqAB2relRmp809mthSnY4TTtNvYZN5iyD2Iq/daV
d3ZURny17gV0l5dLZoGKjYetNgura6i3IeTWFOhQpN0nLfXzHeUtUtCjaWzWlqIX5YDGapanpMmp
7Qr4C1v+SSucdKaYQOo6+9eg4qSs9jLXmujDtNOe3hFvc4dB0zWbdeGENyJ4WIw2cV1RjP1FN8s4
IrKWHpyVkU6j1Xc5nVbG9vIEtxyBUOj2l3p8bwsnzHo1dUEK9uaY67jkjn1olh4+1VR7gqlo8hws
tvc2mq+bdRvIhOflFdDHcWNxCFWJ1456VrtGrgh1BH0qt9gtVJKxsGPX5qzpYZ0buPUcqlzMsILW
yneVbgDP8LGnT63aqxWIMzU668PpctuWUofpmkl0aKHTykKFpv72a0vVWi2EkrlSDxCslyIXQhie
9bTAKA+evauNhs7m0vkkliJAPJJrrJNStIrdZXcAgdKwwdaq+ZVXb1KqQVvdJ8HGSRn0pMMBkjHt
XK32uzSXKvAMKTitMaw1tCklycg9/StaeNp1J6bCdJo1+cZ4+lFQ29zDexCWFgwPpUuRnFdEWpO8
XczA0UUmc01qCd3ZDuKSkpaACkpaSgAooooAXiim0UAOoptFAC8VleJsf8I1f/8AXP8ArWpWV4m/
5Fu+/wCuf9aAMPwh/qk+teo6f/q1ry7wh/qk+teo6f8A6taAP//T999KxvFH/IAvv+uDfyrZ7Vje
J/8AkA33/XBv5UPYcPiR8eS/8fE//XRv5mkHvTpgftM//XRv5mm4rke570VYXFOUUmacKlm8UOCi
lCZoFPFJs0UUJso8vNSAU4LU3NFTuQGLim7MVb2ZFN8v2o5h+xKZQ03bVwxUwxYpqRlKi0VQOtGM
VKY8GmFarmMuRoQdKUdaOlJmgWqJA1OU81GKVTSaNIsnBzTlJFRA8U8NxU2N4zJ0b1p55NQBqkDV
LRvGVyTHFJzQDS1NjRMVWweakVveoiDigcUPYu7WpZBBIPII6ODyK7Lwr4/v9FkW3u5RNanjc/UV
w27gVJvyOeacJuIqtKlXVpI+mNJ1iz1q1E1lKkq4y2G5q+r49q+adK1m90W4WeymcDvHu4NeweF/
Hun61CkFzJ5N3nG0nqa7KdVPc+axeVzptyjsd0GJqRW9aqhyDyVxjt0qQOep5B9K206HkteRYBox
USPT95zQSKUzTSvtUmcig0xkBWmFKsEUwrk0AVHj9qhaLIPFXmU1GUzQBnPDx0qrLBntWu0ftVd4
jilYDEmt/l6VmT2u7oK6Z4SetVJIAO1AHMnSVdsyVctrG3t/uRAt6mtFouelQmPBp87CxPHMw44U
egFWA5x1qmoxUyt70bgWg2B1p2/3qtupQ1AFpZDTxIaqBqdvI70AW/NOakWXiqIkOeacJML15oAv
iUngHp0qpqOtR6bEGDZkPUUJJ/EeoFYdu1tc60xnOWzxmsKrUdt2XGzNvTfEI1BwoG1/cVLrdobi
EXkWDPF2HemokMTgxqM+oqlrOqzaYsTJzG/b3quSXs/fYbPQZpcP9vMZb7bEY/lK02TSrlNQEdsS
sHdhWfaadd3d4LguUhk+bANdfFKI0WPrgVyU8NTqr94reZbqtImsLaPT49quXLDkmr6y5XGRistZ
+oz1608TDj2rujFRioroY3uaQcZ608MM/hWcs1TRzA9atWvqBR8QSDy1TGcisKJZYUDxyEAds1d1
+fdMoB6Cs+CcKACcg9q8Khgo47HTVS6SNMRV+r0FbqbFlrcisEm5X1rdhuIbpcoy59K5CSLa28EB
feo/tSWjbhcKp+tdc8PjMF70H7SH4ozp4inV0loztymOMDHtTTGPSuf07xPDKdjSA49DXQw3MVwA
UcH2rWhjqdbbTyZpOk1ruhhjz2qNovarny//AKqQgHpXWrLVGdrFIxe1RmLHar5SmmMUwM8ofSmb
SvQ5q+0fpUZiFFwKTxrIpDxg/hWbd6Fa3alcFTW20fpUZQ561LhCW4+Zo5o6GtvZMqrvfPBrJ0+x
SS4eLU3fyw3APQV3Dqc5qCe0iuVIkAye9cs8HCb51ol+JoqrKNta2enxEW8q+WegzzUoubbGBIDV
GPw2sVy0hlJQ9s1iarts5cQhwvrVTrKnHnasiV7zsdOLy0LbRKufrUgOef4exrl9J0eS8k+1Svsi
B9etdM09rEgjEi7F9DRh6zqQ5qit2HOCWkdx9FJHLFMco4pxUrya6VJMhqwlJQAetLTEJijFLRQA
mKKdSGgBKKKKACsrxN/yLd//ANc/61q1leJv+Rav/wDrn/WgDC8If6pPrXqOn/6ta8u8If6pPrXq
On/6taAP/9T33GBWN4m/5AV9/wBcG/lW0axfE3/ICvv+uDfypPYqG6PkGZf9Im/66N/M0wrVqRM3
Ev8A10b+ZqMrXG5an0yp6EGDThTylNwaVxOLQtKCc00nmnClYpOxMpqRSKgBqRWqWjohIn69KXFN
Q1KKhnVFJjNlBjznAzipQtbnhKwTUtdW1kGQ2KI6uwVUlFs5lovX6VE8PNbuuWBsNcurcrhVchfz
rOaPNVe25jGnGcbozmiOaYUNaDRVC0XWqUjCdAqe1JnmpzDjNRFOaq5k4WAGng4qPBBpd1PQm9iU
GpFPNQK3FSBqlo1hMnU08GoFanhqmx0QkT545ox6UwGlBwalo3vccRgUZI6Uo+alxU3LE3c5AqRH
KSJKh2SKchh1FREUgJoWgPVWZ6R4U+JMtkY7TVAXiJAEmMmvWLO+t7+IXFrKGiIyB3r5jXk4xx3r
d8P+KtR8PXQaCVpYf7jNXRTrNKzPIxmWxnedPc+i1kFPD5rlvDni+w8RWu8SLFN02E9TXRCRlADD
FdcZKWx85Uozpu0kW1bHWnbjVdZMin76ozLA5oAFRK9PVqAFK5qMipgQaQgUAQFDUTRmrTLTCtAF
GSOqskWa03TNV3joAyXixVd1A5rTlQYqnKnFA7lM8UBqcy03pQIeGpd1RE80uaAJQ1LuNRAj1pc0
ASb/AFp6cktnoM1BuqG+aX7IUg++1Jv3boasQ2+uJLqD2zjCDjdis3WtPntJ/tdqxdevFV30e5ij
35YueeKSHUry1by5lJQdQ1eXOs5Nxrxt2ZsoKNnFly01i9hj3PHkYqS2S61y533I2wr0GaY/iGEB
IhbAs1bsB2W6OqhS46VeGpOotKnNFCnPpazLkbrFEsSH5VGBSrLiqu7n3pQ/NelbSzMm7lsSkU8T
Gqe+nb+KBF1Z81Kkx3VnLJg1KsvX6UIT2djI1m5DXnJ+Uda5vUvGmnacrRoS8o4AC55q/rsxdJQp
wa86sNA8+9kmk3OS/Ga4MnrU41ateb0THj0pKFPqar+Jdc1liI18qLsScUDTdUuh+9mJH+9W3Fb2
WlxBrkheOlZl545tbIlLSIMemTW9TPKsp2w0Loqhldasr2sW9L0a+sH8xJi3sTXX2WoXMeAchq8u
l8c6pct+4jAHt/8AqqSPxD4klwyQnA9v/rV5uJweNxcudxs/I9Knl7pK0pr0PcrHXiMJOvbqBmtu
G6hnUFGGa+d18TeJFYMYSQOoOf8ACuq0Px1cnCTwiNh3OauEcxwq/ex5l5BVwUGvdmj2PGBkmjiu
b0/xMsyr5uCK3oruGcBlcHI6V20MZTraR3OCpSlT+Il25GabsFPJJGBRXVtoZ2IvJqNoqsimlaEG
pUaMVC0eavlM1G0dHURR2HoelVbrTbe9QJKuB6gVqGOozHiiSUtJK47nJ67b3NhbRx2XMWOeahhs
rOOzW5lnJYjLLmuuaJXG2RQymsi68OW9w+5GKr1xXHUw6VT2i/4BpGatZlW2jtby2aW0kIcDODxU
emXt5JcPDPHtVT1PpVe5eHTpxFZAmQdVFPafVLtNkcPl574rCOIUPdabl5K5TgbeFf5o2yPak659
qx7G11Owl3SOWjY85FbgKSANG2fWu+nNzWq5X0uZSjYjxRinlcGkxWjstOpImKMUtFACYoxS0UAJ
WT4n/wCRav8A/rn/AFrWrJ8T/wDItX//AFz/AK0AYPhD/VJ9a9R0/wD1a15d4Q/1SfWvUdP/ANWt
AH//1ffqxvEv/IDvf+uLfyrZrG8Sf8gS9/64t/KpnsXD4kfJjr+/l/66N/M1GVqxIP30v/XRv5mm
7a8++p9koaIr7KaUqyVFMZKaZDplYr7Ui8VMy1GRiquc7gLTgaYOKcKCkTI3FTI/IqqDzUiNzUNH
TTnYuggmux+GsXmeIfNxnYRz6VxKNjntXo3wohzNcTHpuOPwopJ82pOPq8uHbE+KGk/ZtTF8keEY
84FcHs4B9a9x8d6f/aXhm6ZBueONmH4V4lGM5Q8FeoNVWjZiyqqqlHzIWSoXj9qu7c84prR5rI9J
00ygY+OlQtFz0rSaPioWjpqRzzopma0ftUbIRWi0ftULxmrUjknQsUsEGnA1M0eKidSKu6OdwaHB
uakDc1AM5p4PNJoqMrFkNTwc9arq1SBqlo6YzJgfSnZqINTwalo3jIeKCKQEU6pL3GGgN607GaTb
iluGsSe3uJ7OcXFtK0Uy8jYa9R8KfEhJljs9XY+bwBI1eTZIPB/GlIDcNyPWtI1HDRHLiMLCvF3W
p9QxypJGHikWSNhnep6VKr5GCea8B8MeNr3w/OqSO0toP4DkmvYtD8Rafr9v5tpMA2PuPwfyrshV
UlufNYrASpO6Wh0Kv29KkDVTST+Enn0qZW7ZrRHB5FoMKUHNQI2akB60wJutJimBsU7d9aLoBrL7
VXdatA5FROOaLgZ8q+1UpF61pyL1rPmU80wKEq1Aasy5qs/WgBKM02igBwpabmjNFwHjJ6daA4J+
VssOoFRzSCK3eRjgAVytpqktteSyFiyE1jWxEKTtLQuMHLY7AO/GSce9ZeqXNvC4WaFCrdWIpsWv
28p+ckfhUWuT21xZBoyCxHAqa1ZSpc1Np+RUYShK9itplgJ9T80fNbjkZ7V0pb5sD7o6Vn6NF5On
gHoauAkrVYeEacE4qzZM5czuS7s96M1GKXNbXuQSbqXdUWaXNAEwNODYRzntUIakd8RSfSk3ZAld
nMagTNPIo5rMutStPD1nvk2tcEcL71LrGo/2ZDNPjLdBXnccd54k1UMSWVmHJ6AV8/gcFPFVJJaR
6nrqFP8AjT2Q+efUvEN6cmZlY5x2rrdC8EQIokvsZI4B6Vv6faWemW4hjUGTGN2OlTyiTg791fYU
MNSoxtBWZ5eLzetPSlohkWkafZvtS3iI9dtakTQRwEJEg7cCqZO+AZIVvc05WAi2qwLfWt739TyZ
zm37zuTqYXOPJTn2qZ4LAJtNtEXPfbVSOQR5J5bFHzO27ofenzEKdi0kUUQwmAPQVZhubmFt0TsA
O2aqKI05LZNPN0BworzsXleHxCuvdl3R00cZWpaXujprLxECoSfgjua3ILqKdMxyKa883h+oFSQ3
M1sco5xntXkyo43CaNc8e53Qq0Kz3sz0XcMYB5oBI965mx8RAbUm4963YbuC4wY5AT6VtRxdOr7t
/kXUpOmr9C1QRmowefvCnbq6jMQpTDHUuaQc0AV2SmbcVaIFIVo3B2OavtExdf2jCORyV9aItWmu
VZIkCMpx6V0W3qM8HqKwJtF8vUvM87ZE/p61zzUqfvUluaR82QmDVLvIedljPHBos9Ku7CYkztIh
7E1U1Az2V8I1uSYjg8Gqkup3qTbYCzrXM8RRpu89ZFezkdKVO7O3ikK8ZHSq+lXFzcg+ehWrxTbl
RXdTqKS5rWMmQYpKlK00xmrER0Zp+2k20AMNZPif/kWr/wD65/1rYIrI8T/8i1f/APXP+tAGB4Q/
1SfWvUdP/wBWteXeED+6T616jp/+rWgD/9b36sbxH/yBb3/ri38q2axvEf8AyBL3/ri38qUvhLp/
EvkfKci/vpP+ujfzNGKfIP303/XRv5mkxXmPdn3cY+6hm3NNZalxQRmlcHErMtR7RVpl9qjK+1Um
YSplVl5oFTsvtURXFUnc55QsApUPzUzODTxzTFew/wAwqvHevXPhjEIdDMzDBaRx+teRBDLIkacl
3A+le16BF/Z+lW8GMYUE/WtKMbyOLMq37vkOzXbcW8ts3IkQivBdatDpuuzQleHYkV7Va3YDA5rz
z4m2Iiure+jGAXIOPoa0xEdLmGT4jkqcnc41eBgnNOwDUSNlQT35qYEYriTPsG9dBpTIphj4qbtR
irsgcUyo0ftULRn0q+UqJ05qWjOVMz3jqJoua0Gj4qJ48c0JtHLOiZ7JimYxVx0z2qFo8dqtSucd
Sk0RA09WpNlOAxVERuh26pAeKi704VLNoyJQ1PBqFTUmRUNHRGRJRTQacDUml7himmn0GgTGA/NV
uw1G60u6We0lZGBzgHg1VxRgD1pqTTJnTjUVmehRfF3ULa3VZbASsvVwRz+tPT43yD72mH8x/jXn
e/jaOneq81qj8rjNenhMTTVozR4WNyvRypnqSfHBz/zDf1H+NSD43Tfw6d+o/wAa8ceMxHpT1cYr
3qdCjUV0fN1I1Kd4yR7GPjZOf+YcPzH+NPHxrlP/ADD/ANR/jXjykGpVFarB0uxi6kkevr8aJT/z
D/1H+NSr8YXfrYD8x/jXj69RVuHrSeDproCqs9bT4oNN/wAuYH41YTxq9z/ywC5rzK0XkV0FkMYr
kq0IrYqM22dvHrBuOqgVKs2+sS06CtSL7orz6kbPQ2TbLOc0Ug6UtZFhRzziilzgfWgCG4gF5bmI
ttDDBqqmh2iwmMEFqXWp3gtQsBw7DjFYX26+ssSux59RXHXrQhLlmrmkIt7M0JfDhJ/dOB7Vl/Z5
I9TitZASN3WpBqt9JJ9ojDFa1NJvE1GQmWMCZe5HNcahQq1OVRaZq37tma6gRwpGvpS5pCMHFFex
sknujmHZopB1pc0AHOaUUnel7UAOBpsxxbyH2FAqO6JFq5FRUdoNjjujz7xcrzQiFPvMaueHdGXS
tNR+POcc1NNCtxOJG7etWN7naAeBSyOCVFz7hmOJlFKlHZ7kmw555PrUiyPGPm2ntzUO9j90U7Y5
GWr2uW55HuxWhyHiabVbKczrIohPQYNYsHifUYJEkZ8r6ZrrfF0c1xpYSJdzAV5ylpfvIsf2Z+uK
8zEOrGa5T6jLZYaph/3y1PXtJ1H+0bBLgjDHrWh5rtxisbw7ata6WiSjDY6Vp73TnHFejD4dT52r
yqpO23QlwwNSKx9KgE5pftDDqKpMxsWQW9KlWQr/AA5qqtw3pQ98luCZWC+xp81t2HLcuZB6rzUs
FzcWrboz+tUIdQilA5FWluFJ4ry8VluGrvnvZ90zqw+KrUdtfU37HxCeBOv41vQ3sU6Bkk/CuCLi
T5Rx9KdHNcW5zG5H415c6OOwa5qi54+W53wr0ammzPQwxI5p4YVylnr0seBPgity3vYblNyOK2oY
ylX1Ts10HOnOPoX856UuarLLjjBxTlm54rr8+pne25Njmqmq2Zu9PdVYqy8girO/NOEmeD09KmpF
TVnoPqclYaHNeZa7ZvlO0Z9K24tN0/T0AkIB7Fq1MgDgY+lUNU0pNVhERkZD6g1ywwlOknKOrLdV
7ImVY2X93tK+oqMxc0afbRadD9mMuX7FjVvYAMjn3FdUJPlIs2UWi5pjJV8xA80wxgiqEZ5SmlKv
GKo2ioAplKx/FC48M35/6Z/1roClYnipceF9Q/65f1oA5jwh/qk+tepWH+rWvLvB/wDqk+leo6f/
AKtfpQB//9f341jeIx/xJLz/AK5N/Ktk1j+I/wDkC3n/AFyb+VTL4TSl8aPldx+9m/66N/M0Dmlk
/wBbN/10b+ZoArzHuz75fChMUgFPxSYqUmynGyuxhU0wrUxHvTT9aNTNq7K7Co2XirJApjAYrVMx
kkymynOaAamYComXc2wdW4FUjmmra3Oh8F6f9v1dpWQmKMDGfXNesbcAAdhxXL+EtNOl6ShcYdvm
J9q6ON+Oua66StqfN4yq6lS3QsRSMjCs3xlANQ8NFyPmjO6tJQDTLuLztLngPI2VU1eLMsLP2dVM
8Xgb92B3HFWkOQDVS4VrfU7iI9FNPSXIrzWrM+5oVLwTuXVNOWq6PmpVaqTOlSTJSBimFBTs0vam
O5CUB7Uww1ZooaJcUyhJHz0qB46vSAZqB15NStDkqxRSKYqMrVtlqNkq0zmlEr4pc1IVppWgmwzv
Tg1MI5oodirkyvTwwqDOKXdiosXGZYJxS5qENmng0WNVMkFNzQDRSaHe4meaPpSYyTS4osF2mNKC
QYYc1Ukt2Q5HP0q7khqdk88da7sPjalGSd9Dz8Vl8MRfTUzFfHHQ1Or80+e1VvmX71VlYr1FfTYX
GQrLzPk8Zg50JWsXVPI5zVyHrWfC4zV6E5NdUm1ozg5bmzaHpXQWXJFc5bc4NdFYnla4azujSPY6
G0HQVqxDisyzrUiry6m5tEnXgUtIKKwLCgDcwB6UUqg7lPXnpTST3AxNbn8m8hPVVOTVbVNWTULa
OEJgr3xVy9to7vVEWR9oB6U+TRbMfcmXP1rz6tOvKVoNfM3i49RlhrVnBaiGWNcgelV9HAm1aSaM
bUzwKmfQbZ1YrOpYDjmnaBbTW8ziQcdjRTWIUkppaBNxtobDc80lK3INJXftoYBRiiloABS5pKKA
HA1Xv3K2be9T1V1M4sjmsMS7UZPyLpq80cyEZz0NWfK2rksMVBFKccdKUuxPPIroyaLWEicWMkva
tExmC8KPxpmXeQAnI9qZwTj1qYYiXPc8V6bXY5VtYWXaGC4DCldIY9v7lM9c4qJTmTPenXVzBFtD
tzii63loF3cmmG4K8f5U5JCV2tj86rJqVoIpFY87flx6157e6zqKajL5ZfyweK56uKhDZ3NYU5SP
TRDuOFIz9arXlyNOiMs5CqPU1w1r4juAF3nDA+tWr69/ti3MMkwUMOea5ZZlTt7t/uKjQfU3V8Sw
uMxkEdvesfXJL3VHV4AwA7AistNEkXiG5HyDjmlNvq9uPkMZA/2q8+pjqtX3b6GypJbFiK71W1UL
5DkD3zVlPEt7EfnikH4VkHxJc2p8uaA5HUqaY3jCH+O2bPuRXNGFRfD+ZTgmb3/CaFSQSwYeopIv
Hs5cxhCc1zZe41eXNrbnnuVxXR6X4OdEE13KqA8nFevg6ddu7ZlJU+w5/E17LMHUNtzyorpNK8XR
sQjymJvQ1kTvZW6m3sojJIOCxFc/PbzRzEMNrf7HNaYrKsPX961pLqgo4qpTb6o9q0/xDuUbm3L6
5Fb1vfW9yu5JBn0rwS3uNT01BMwBi64J5NdNpHizzyqBXjbIHAryKlPGYPV+/H8TujXo1/7rPXfM
K96kEg4759K4208RNCQJ0LZ710Nlex3GJI+hPSunC42jibKD1CdKUd9DR+3W6T+S0gD+lWPMTP3x
ke9cFrzTLrIMIO49KkW11gsrE8EetZzxcoVGowbsUqSte50WvaY2pQLJbz7JE5OD1pPDM08lu8E5
LFG6k1hCz1ZVLhsHHrWh4TmYzTJKu2QHk561jSqSqV0+VoqUUo7nVEZzik2imeZ8xp+RxXqHOJsB
pjRA1KCKMZoArmEVg+L4seE9SP8A0y/rXTbc1g+Mkx4P1Q/9MT/OgDhvB/8AqUPtXqWn/wCqX6V5
b4Q/1C16lp/+qX6UAf/Q9+NY/iP/AJAt5/1yb+VbFY/iLnRbz/rk38qmXwmlL40fLT/62b/ro38z
SUrj97N/10b+ZoxXly3Z+gwXuoTHfvXR+F9M0bWJDbXl28Fx+H9a54KO/Sly6v5kcjJIOjLVRlYz
r0nUjZM9XPwp0rAb+0rkA9CFXn9KYfhVpWSPt9yD3+Vef0qh4L8fMoTTtVkJA4WRq9MIDxLMjb42
GQwPWu2ChI+WxNTFYeWrOAPwr0r/AKCFz/3yv+FRN8LdK/6CFz/3yv8AhXoOM+ufSo2X61Xskcks
fW3bPOpfhbpfbUrof8BT/Cq6/DXTra5jmF/cSeW24Kyrg/kK9HePI71Vkj9qapIX12rJGA1usSLG
udqjFRZINa80JOc4xWfLEQapKxyNt6joZMYq1EQwdT/EMVnDKmpo5Dn3psL63OM1jwDfXmqvdWzg
RsBwaqp8O9YDHEiY+lekpJu6nmnlTkYJrJ0os9CGZVYJKJ59H8NdaYAiVPyq5H8MNdbnzUx9K7yG
dkIGTWpb3RP8RqVRRus6xK6nm6fCzWu8q/gKsL8KNSJG65YfgK9QjfKjk8+9U9W8QWujQO88ihsc
AmqdOKRSzbFVHZHnd38PxpluZLq8PHY4rjtQihgYrE+73q/4m8aXOr3LLHIyQg9M9a54zB+d7HPr
XLNrZHtYV1pK9RkZfLEU1qdt5zQRxWWp3WuREUwqKkxnikwKDNxIttJtqYjFJtzRcnkK7IKhZSKv
FBUTpmqTIlAqg0tOaM0wqRTM2rCg04GmYIpevtTFcmDU7NQCng0mjWMkSilJpmaXrUmlxTzRnilA
pCKY+ggNNaFZBk8GnbTThirpVZU5XiY16UK0eWSKZjMTZ7VctmHUU9VV+GFL9mKtlOnpXv4TM+e0
JnzONyh07zgatmeRXR2H3hXMWZ2kZrprAjIrrrNNXieOouLszpbTpWpEPlrKszmteL7teZU3NETC
lNGKUisGUNpVOHBpaMUXXUL2MPVNPnu9TjeEkDPJFSnQXGMztnvzUurXclpJE0fQnmq58QIoHB3V
x1J4eL9/Q0SlJaIWTw9IwPlXDBhz1qXTLuTzDZTL86cBh3qqfEEjZ8tTk9KfoqyzXLzyqVOc80o1
aU58tO7Dka3NkdSKMU40g6V2rYhiUUtJigQU6kooAO9U9W4squd6z9YbFsB71zYx/uZGlL40c/H1
IqTkKX/hX71MUZJwOaw/E2qtaQ/ZoW+d+GxXZgJqlgYtnDiI81do0U1uza42IoYDuDViXU7fbvIA
HTGa5zS7JLa03MA0hHWrbW8TgFlri/tiab0J9gi/Hr1ksmGA/OuT1TVJDrBmQ7osnAz2raGn2x58
sUh0+1bOYU/KuevmftklJFwpqJnQa3ayt+8AQ/Wrgm0uUc4JNQS+HraQEhQCemKzJ/DlwuTE5x7G
uZeyqbOxq12NZrHS5gcfKfXNVH0O0J/d3DZPoawpoby0fDl+KbHf7hh2II7E4rf2c/syuO1zRubK
6sfmhumYe5zVY6nqiDPmKV9xVdrxWkEcX72Q/wAPWt3SvDd5fYkuFZYvRhXTTw1SXYhyjHdmHDDq
GqXQRUHzHkiut07wLallmveWHaujsdNtdNTEUSBsfexVliTznBr16GGjFe+jmnVl0II47bTowlnC
N3uKa9vPdfNM+1O4HFWUCBi3f3pSVJG411S5Vq9DFt3sUktR/q7ZQPUkVZh021hXzJV8yWpN3OFG
B7Cp7exnuHGAwHrXk4jOIRfLR96S+47aeCk1zT0RmT2DXzYlIEQ6AVo6doUeAsCEY7kVu2ulxRcy
DJrSXagwihR7V50qWLxb5sRLlXZHbBU6S9xalO10aJDmVsn0rViVIflj471AHzyetODkHOQK6qWE
p0UoRInUnL4mVrnW7OC5KyxBpF6Z9ahfxZLuOIAqYqDU9BGoN50ZIc1nyefp9jJA9tvboG2k1y4i
WK5nrZGsZU1Gxpf8JPeSr+7jXAFaHhiRpXlncAMTmsvQ7+xttOkN1Gm8jGGHNbemyQPbmWBQo6VW
HpVPaKUp3Co1bY2ll+cmpRLWasnvUyye9d5gaAkqRXqisvHWpFloAuBs1ieMv+RO1T/ria01k96y
PGDf8Ufqf/XE/wA6AOJ8If6ha9RsP9Wv0ry7wh/qVHtXqOn/AOqX6UAf/9H36sfxF/yBL3/rk38q
2KxvEf8AyBLz/rk38qUvhNKXxo+XG/1s3/XRv5mlHFDf66X/AK6N/M0ory5bs/Qo/CgxS4oNLSKI
3iWQYcZIOVYV23g/xzLpVxHZ6jue2OAHPRa43FIVBXkcetVCbi9DnxGFhiI6n0bDLBdW6z2solif
ncO1DLXi3hTxhdeHrgRzkzWbHHXpXsmn39tq1kt1aOGRuqA8iu+FVM+QxuBnh3otBxXioHWrxXjr
n+lQstas8+90Zs0eRVCaHrW08fJqpLCKQGC8RBqLlTWpPF7VSdME0CFicDr1q5HJkCs5SFOTU0Tn
PHSkUX9ueRUkUrRAknao+8xrMvdastKgMt3IqkDhc9a878QeObzVcwWa+RCO+eoqJVIpHVhsHOq9
j0HW/iDp+kxmC3fz5SMZXnBryjV9du9Wnd53LKTkA9qyeS7Mcsx6sTSrya5ZVGz6HD4SFHRoDkmr
EKkimhamjrJanpqKexIOmKXHFJ2oFBqloJtpCKko20mQ0RYzSY5qXbSY5oCxEVptTFaTZmgHEiKZ
FQvHirW3FIRTTIlTKbRmo9hq9sFRmPHSqTOeUGVelOFSNGaQJTISaYCngU0DFPBpWNlckC0hWlBp
2aLGysMxSAU40veovqDSsKoxVuHOOlVgOlWIz0quZ30MpWtrqaMManHHNbFmpDjNZVtjjArbtMFh
mvTw+KnH3XqfOY/CwleS0N+yOcVsQ/drHs9o6VsQD5a2nLn1PHceR2LIoIpRThWLAZihuBmnFeaR
gNuKE2tgsZusWUt7FGYeAD8xqqmnWCxqJZV8wda2pGMVtIc8Ba5600o6rLM6zlUFcOKp3mnGCb8z
WlJ2NODTbNz5sTAgVeUBQAgAHfFYVg7aPfNZzvujPO4+9WtS1WK3IW25NbU50qa5naMuvqKSmzTH
JNHamQP5tukx6kU+t1r73cztYb3paWimAlFFFAAOtZutHFuv1rTHWsrXG2wpn1rjx7tQbNaP8RGN
GwRHdugGa4C+lN94iZhyqsOK7TUZDbaU7E9c1w+hjzdReRu7USqOOEjDyOaUb1pyOrPygLjHFNAO
PbvVe9uxbXCIehNQDU0S78on5TzmvIUJNXQiW8eaFfNg+ZR1FQ2+uQS/JJ8rdDWmoDAZOVauV1iz
SC7LR8ZOa1pJTXK0HLc6eN4ZBuSQH2NJciRbdmRl/OuNS4lh5jcsfTNa1jb6xqv7tA0af3iK1WEn
L4Q0Rm3V3JPMUO5nB6Yqza+Db3XShEJRc53Gu/0LwNBAgluXDP1Oa6+GGG2QJEoXHfHWvVoUPZ/E
JSc9jlPD/gK10mENKkbSD+I1vPZRwIWZguOiVobiW56VmarlsKziuunN3shzjyq27ZkyuHckDA7U
zIprthsAggU+C2muG+QFaxxObU6L5KXvS8jOlgZTd5aDCQDu61PBZXF0wIT5fWta00hE+aXrWiu2
MbUGBXmOnicZrXlZdjupqlR/hq/mU7TSYoQC5yfStJSqLtjAFRZzSiuylh6VGNoxJlUk9yQn3z60
AmmilzW1+YhDt2aGlSCJpZWwi9qaB82Kx/Elz5dskIzhjzis6lSFOF5MaV2Qv4rb7YTBGxhXqRXQ
WeowX1uJS429wwrFh/sldI8sf63HPSsa0trl3ZbeQhT71xLGVaclztSi+xuqXU3PEa6eLLdb8ysQ
K19HQw6UodducYrnLXSJprlBLKG284rqlYKojUcKMVth4S5nVlGzZnMnVxUgeqobmnh/SuszLayc
1KslUw5qRXNAF5ZBWV4sfPhPUh/0y/rVoOay/FDE+F9QH/TL+tAHNeEP9Wn0r1LT/wDVL9K8u8If
6pPpXqNh/q1+lAH/0vfqxvEf/IEvP+uTfyraNY3iP/kCXv8A1yb+VKWxpS+NfI+XGH76X/ro38zS
ihv9dL/10b+ZpQK8uW7P0OPwoMZpaUCjFBQUHpkdaXFBHNUIT7xxjj0rW8PeJL7w5eBoJSYSfmQ9
6ysYNMPyrgjPeknyvQzrU41IOMkfQOia7a69ZRzwEByuWTPQ1oFRmuB+FOnmLT5Lp1P7wkr6Yr0D
bgAjgk16NOV46nw2NpRpVWokJQVXmT2q4wqN14qzkMyWLI6VnzQdTW1InFVZosikxmE8WCeOBzXO
eIfFUOjB4bc77nHyj0NdhLDgkEcEda8c8a2DWniJ5GUlH6Me1ZzbSOzBUozl7xlXeo3epXDS3cxc
MchfSowex7VEPf8ACnDOea4pa6s+mpRUNETfe5P6UAYNItOHWlc3THg9qmQ4qADmpUPNJG0GT546
UCm7uKcGpmyY6lGaTdSg0WBpC0hFLRUiGmgClIoAoGhpHNNIqXFIQaBSRFikxUu0UFaaMmiHbSGM
VNilK07shxK5QU3bU7LTMU0S9BmKMU/FIRinYSYzpS55pDSggc1nyu+htdJakqnipogRVGS4SMcn
moftjOcKeK76OBqV7dEebicxpUL21Z0cNwI8YOa17OfzGBrk7Vjxzmul0/qvGK9WGFjRXK9z5rE4
yVd3vodZYfWtyAHbWDYdq3rfO2sKhyLuWlHFO6UKOKdjmucoaRSYGPenkUwiizewBt8xDGeQwxXK
XDTWN28Fu7LuPQV1YyOR1qu9pB9p+1uQCo71z4mm8RFcrs1uVCfKc2bG6uzmXdv9TU/9iMkBaSQK
+OMmtm31WK7lZF2BVP3qraxNbXkfkRTgyHgBTzXOsJh1G97/ADNPaTeyJtKDC1KSOCR0xV0jFc1a
w3mj3aPck+S/TJrpyAyLIpyrciuyjJtWtaxEl1uNIxSUp5pK0syAooooYAOtZGuAFEU/3q1v4qyN
bI3oP9quHMbew1NqHxnE+LLpktUhU8YrC0BP34A65zVvxVLuu0j+tZ+nXH2O5yemKzl79JJM53e8
mWvEEhacKvDBs/Ssks5bJPz9jU2oXIu7kyEHk5pILSe6b5EwvrTpQ5VypE6LclTWLqKMIXHHtSxW
99q84wGI+lbOnaBGPml+Z/SuntoltowFRVwMcCu6jl7b5mjGde2yMjTfC1rbhXuV3N6Zro47hLdB
HEiqo9qijjlnb5ULE1qW2j7BvuTtB9a9Hkp0VoYpSm7tktjJPdAYOFFaUjJAuXYDA7msu51S3tB5
NvgHHWsl5p71wPmbnpXlYnG0aerevY9GlSm/h2NO81kkFIOtZQ+03j5JZs1o2mjHhpRtzWxHDDAM
IoriUcTilr7sexuowhruzNtNFQKHmyT2FaqIkQARQKNx/ClFdtHDU6C9xamU6sp6MXdnrRnPWkpR
W7dyApQaSlFC0AdmikoppXAkj+8WPAXqa5TUp47rVQrSYQDGM1ta3eCz09lQ/vHrA0aO1DF71hlj
nJrixVVKapStrubQi7XRaOiS7DLGxKt71B5d9ZBiFKoB1rqoJoDEBA6sg6VJKizRNFKowwqJ5dSk
uaGnzBYhrRowvDnmzTyXLuWwOldAWyxPvVa1tks4mWMcYFTZAPvxXZSg4Rs2ZyfNsPzzTw1RZ5p+
askmDcU4P71BupykUAWA9ZniZ8+Gb8f9M/61d3Vm+JGz4bvv+uf9aAMbwh/qk/KvUbD/AFa/SvLv
CH+qT616jp/+rWgD/9P36sbxF/yBbz/rk38q2axvEf8AyBbz/rk38qUtjSl8a+R8vSf66X/ro38z
SClf/XS/9dG/maTpXmS+Jn6HH4UOpwpKKRQ6iilxTASmn5pFC9W4p+Ku6Ham+1y2gA4VgSfxppXd
jOtJQptntfhDTzp3hXT4W+95K5+uK28Z/ChUEUSQjoigCgAluBXoxSUbHwGIqOpUcnsMYc0wipyM
n+dRSMkYzIwQdiad0jKMXLYhZeDVeVMirmA67lOR61Gy/wD66Y0nsZUsZHPpXnXxL03fbpdgfdGT
XqEiEhsiue8V6YL/AESdDnPlnGBWdRaG+DqctRLzPBxgqHHfim9DSxgmNflwwOcUEVw76H1Wtrjg
akB4qAU8NRYpMnBqVTVYNUqNmg2hImBp4aofxpwNI2TLIPFOBqJDTxTWxoh1OpgNPpDCgClxSgUW
LQhFJipCtNIxQDEApSuaBTqDNxGbKNoqQDNLtpkuJAV9KiarLjHaoGXNURODsREmkwafgCopZAi5
rSMHPSJyOSSbYSEKvJqhNeAjC1Bc3hc7VNVgcmvawWXKPvyPn8fms5fu4k2SxyasRCqqnmrkBzxX
rtJrTQ8bmfV3NOz+8K6bT+ormrQYIrpLA8iuSrorC0Or0/pW/bfcrA0/oK6C24UV5tTctFtRTqF9
KU9a52UIaQ9KU0naj52Abg9qhuovOsnVfvYqfpSDg+x6im/hce4KTXQwNGit2jkgnfy3yeapMken
ajvjbzQpzk1Z160Nvc/aIyVVgBwO9Fro8lzGsspIU9a8ipGpFqlThe3U6E0lzSZBfalJqiBQmNla
+h3RuLPym4ePjmrNtpltbDAXccd6xr+cadrKPCP3Z++BW0aVTDy9tWl8RMmp/CjoCu35f7tJSJIL
iFZ0+61LjivQjJSVzKwUUZoFIQDrWLrXDA+5/lW0BzWJrYySc9K4cydsObUPjPLtdk8zVG5OABVF
InkIVBx6mr1+g/tKUtyBjtWhp2j3N8QxUxxetb4TBSqU1KWxyVqijcpWunorjPzt6Cujs9LkbBcb
VxV2C2sNMQDiSSriTNKvI2r2r1qOGjD4dTjlUbGxxxwrgDJp5yaThTTRJliqgms8Tj8Ph17717F0
sPUqP3S/azrajzD1xxUVzqVxfyfJkAU630ye4bkkL1rbgsILZACNxrw51sVjH7i5V3PShSp0Fd6s
yLTSJJvnlrZgs4bdQQMmpiew4FIOK6KGCp03zPVhKo2KSS3XAopOo5pa6m2zO3W4oozSUUbAOooo
NABmlptO+tAAOtPXCKZGHygUwcnjmszW2vHhFvbKcngkUptxBamLqd+lxqkavnySeDWlc+HS0SS2
77lZd2KrWQtodttqUJDDo5FdRHtWJRC+UA4xXFRw9KqpOavfvujZzdPSJyAN5p7/ADAqorS0h7q/
uxNI37tela95bR31uY3Xax4zRZWq2UAiU5A7+tFLCypyVneIOqmti0xG44pM0nB6UV3WS66GO4ua
WmZpaAH04Hio804dKdgHg1meIz/xTt9/1z/rWgOmTWf4hRj4bvWwceX/AFpPQNjK8If6ofWvUrD/
AFa/SvLvB4/c5PHNeo6f/q1+lAH/1PfqxvEf/IEvP+uTfyrZrG8R/wDIEvP+uTfypS2NKXxr5Hy8
/wDrpf8Aro38zSd6V/8AXS/77fzNArzJbn6HH4UL2pwptOFIoUUtJ0oBzTGKTgE+ldp8MNNF1rc1
w4yEIwce2a4lziP3r2L4YaabPw9LcMMGZ936Y/pWtJXkeXmtb2dFnaOSzk0mSBTiC5bHGP1rI1zx
BY6BYtNcyfvMHbEPWu1ySPjaUalR8qW5b1LULXS7N7i7cKoGQM9a8X8VeL7zxDcmOOZobROE2sRk
+uRzVLxD4iu/EV4ZZ2Pkr/q09KyMDqDmuSrV10PqsvyqNFc89T0Lwd48ljkh03VZN6Z2ox47V6aC
rRq8RDRvyCDmvm9lDjBrsPB/jabRHW0vmL2bfKPainWfUwzHKlJe0p7nrci9VFV5YBLC8bDIKkfp
Vm2ngv7Zbm0kEkbDjmnYCsOOvWuu6kj5yXNBq61R84azZGw1u4hAwu8gDFZzriu8+JunNa6ut4F4
Z+fxriJF9K4Je7I+vwz9pSiyqRSCpmXmoiMGkgkrMcDgU9GqLNOBpjjJosqafUCNUqtmpaOiMrky
HmpQarA81IrUbG8ZEoPNSA1X3VIjZouWrMmFPApimng00aRRIopGTNANPzxRYpohxigVIaQAd6LC
sAFPAxQMClBpgkt2NYbqjKVORkdelVri6jiXC/frajSnVlypHLia9GjFzkyrdSLAhz1rAub1pWwD
wKt3zNIhYnmsfnJr38Pg1TV5HxeNzB4qT5NESAjOacpqIfWnr9a7Yux5rXVkynmrkB5qipq5CeK0
uK9zYteoro7DqtczaHpXTaeeRXNVWg0dXp3QV0Nv90VzunnpXQ233a8yqtS0Xk60p601afXMyhpo
7UpppoAO9JS0HpQBDLFHcKFlGQDxRLKttbkscKo4FP45qpqtubrT5Nn31HFTKTgnyrUqK11KA8Rb
WfcnHQVmRRnUL7LP8hPINXdKjsXtZTd4Ey9M1mSFo7t2gOFPT3rx68p2jOu9L7I6YWZtHUhY362I
OYR3rYJHDD7pFczDpVzfoWI2f1rc02GaG28mY5x0r0MNVrVdZrlXT0MakFcsUtFFdb3MgHWsDXTn
eK3xw1c/rZO6U56CvNzO/sVZX1N8O3zaHnDzJDqkruNw44xWzbz6jf7UhBhg75GKp2SxPfSyPGXY
HgV0kRlZBuOB2FevPF0KGHi5y+R5nspznLlXUSCwitgGkO9/U1PvJ4H4CprexnuDgLgetbNtpUUI
DSctXl1MxxeL9yguWPc7IYOFPWpqZFvYz3R6ED3FbNrpUNvgyAE1eHyrtHApKVHBU6bvP3pdzWVb
pFaBgDATgUpwT60lFd9uj1Zk22FFFFABS0lFAC0UCigAzS0lGQBQAtLzn1pFy1Vb/UYrBAqtmb+E
CplOENZuyGlcTU9RSxjGGG9uQKzB4huBhlUMait411C7Y3UeJCeGpt1pVxpd19oVTLCew7CvPquv
OXPCXum8eVbiXmqjUI9ssf7z1AqDT9Su9MctJl4ieB1rbs20m7jMmRGR94GrUdpY3ALQrlQcZojh
6zmqntLj5421LFrcC8txOBtz2qXJPWmqgVQq8AU4V6K7nM3dijiiiimAtKKbnJp4BbgDJpbuyBCU
9EZqiuLq0sIjJeSquBnGa4TX/iSqmS30sHcONwFbRw86jsiJVEjuNQ1Sy0eJpbiVcgZ27hXnWufE
GXVpPsNquLaT5WPtXFXU9xfyma7k8wtzUlpxNGoGBnpXoLBRpU23roc/tW5I9a8IAmJCe9eo2H+r
X6V5d4R/1Ir1Gw/1a/SvKOs//9X36sbxH/yBLz/rk38q2e1Y3iT/AJAl5/1yb+VKXwmlL418j5dY
/vpf+ujfzNKKRv8AXS/9dG/maUV5ktz9Dj8KFpwpuaXGaRQoNOGM00Ypw9aYJDoUM1zBEB8zPjFf
QuhWf2DQLW15LBc/WvE/B1gNQ8UW8bDKKpYnHTpXpPjLxvBoMAs7LD3ITAweldNJpJs+fzRSxE40
Yov+KPFth4dtnDtvuT91Ae9eL6pq17rV01xeN8x5VM5AFQXd3d6hdSXF1KXkc52k8AVCPbn3rOpU
bZ3YLLo0Iq+4AkUdeKM0ViektA6U0gMMEAj0p1JmjzE11N/wx4tuvDk4VyZLPPKliNufT1r2XTdT
tNbsUurSQOrAHA61894yPX2NaWieIb/w7dJLaSM0e4F4yeMVvSqu9mePmOVxrR54bnovxP0w3GgN
cqMmNlyB9a8dAyimveG1ax8XeGLgQ481oyWX3FeGND5EskLcGM45orWbuiMslJQdKW6KzrULLVx1
+UVCy1gmd06disRikDVI61CRitEczTTJQakVsVXU1KpoZUZ2ZYV+elO6+1Qg09TUs6FK5ID2qaM4
qsTzT1apNk7MuK1Sg1TVqmV800zeMixmnA5qIGng1Vy73JKDTc04E9RzTG3ZXDAyB+dKivJKIo0L
SH+EU6CCS5uVgtgWlfsBmvYPBfgW30q3F9fKJbo4I3DpV04Ns87HY6GFh72rPKJPDuvzLiLTpAp/
iNRJ4E8QvybQ59xX0sG28DC+wFLvY+/5V61Cu6KtBHxOKxE8VJub0PmaTwB4gI5sz+VUn+HOvFuL
Nvyr6nDnH3j+VAc9/wClayxtSXxHKqNtj5YHw413vaP+VPX4b65n/j2b8q+pdx/zimnd3/pS+uSD
2R8wj4Z683SLb9Vq5D8Mte/6Zj6g19IMSRwTUJDVX12ViuQ8Jt/htrSAbmi/I1sWvgbVIcFmj/Wv
WH3Zxk1VfJzk/nWbxcpAonF23h67gxuaP861YrKWMfNitaQc9qrvjtWMpuRRXCEdaU089aaazAaa
aetONJigBtBNOxSEUANpVIB5HHekoHWmm2Jo5/W9KdGFxBkgnlas6VpcbwLcTZ9lNaxAbh+R6UfK
BgDCjsK5fq8FU53G7Ned2sJ5iqQNwQDpQ3XOciqeo2T3QUxMR9Kt28RWAKxOR3Nb8zk/eRDuwzz6
0uCO1U77VINPUg4Z/bmsddfuWlDAfKTioniIU37/AFGqbkro6PqxHQ1zmsH/AEsqRweDXRxHzoQ5
wCRVSTTUebzZBnJzzWGOoTrUlGBVKahK7ObtNJ+Zmih5bua3LXSEUBpSSR2rSQJGNqKAKU89azo5
dCKUqnvNFyra+4ACoMIoApM560UV6G2iMW3cDzSUtJTv0EFFFFKwBRRRQAUUUUAGcUtIaBQAuDTl
QtSKAxPOAKyLzUbiVngsxlhwTUzmo/LoOxZ1HVIrJSqfO/Qis3RUhubtpr18n+EHtUGnxT/a2hvE
3M3c1Hf2kthKwJIDfdI7V51atVT9ra8eqNoKL0Lw1WK21ZopYgYyflYVsTapbW6xCQlklAAB7ZrC
0iGxmjcXvLqchs1l+XJqevvFAWMMLjbzxWlOtJUrx2ewnC7s9DW1bTN1zGLRCFc/Nit20tlsbZYl
5zyc+tPi/dxBXALDvTs55rqhSUZcy3Mm29x1FFFbPzFfoLn0HNLyfujJpUjZueg9ax9b8U6foQKs
waXHQHqacYSn8IpNR3NkhYkMkzBFAyTXJa74/sdPieKyxNN05OK4bW/GGp63Kyo5ht/Y1giMZDEl
j3Jr0qGBS1kc8qumhf1LWr7WJN08jBc/dB4qmqqv3QB60vGTz9KK74wUFZHO23uFS22ftUeT3qMd
Kmth/pKfWpqr93L0Y4fEj1jwj/qRXqNh/q1+leXeEf8AUivUbD/Vr9K+eZ6B/9b36sbxF/yBrz/r
i38q2axvEf8AyBbz/rk38qUvhNKXxr5Hy6/+tm/66N/M0opH/wBfMP8Apo38zQDXmS3P0OPwoeKK
TNLSKFozgg0macB39KAvqX9K1eXSFme34nk43DtVCWR7idriZzJM3VjSjvzzSEmq5iFTipcyQnJH
NFAoqXqXs7oKKBS0WASjrS0YoDyENIPalxSYp2ElZljTNSudKulntJmjHR0HQ1Dfzi8u5LnbtLnJ
HvTexGeDTT1ov3M1RgryW7IzzUTCp257VG1SJxsis61CyirjDioXTjNUmc04FXGDTg1Ky0zFXucz
VmTK1SK1VgealVhSaZrCRYBBpeKiBqQHNQ0bp3HhqlR8VXxilDUjWMi8r08HNVUfPFTI+c8U0zaM
tSdWxz1NTW0E95cpBZxtJMxAAHbNR2Vrc6ndfZbOIs7YGccCvbvB3g2Hw9axS3OJLwqCxxwK6KcG
zgx+YRwyeuo7wZ4Kg0OBbm6jElyw3ZP8Ndfnd1prMGOSaXOfauyMUkfG1q8q03KbFIxSDilzSHmn
r3MEkKDml4ptAo17gSA0daSloCyCo2xUlNNAFeRaqyLxV2SqsnNAFCVeKrMtXZFzVVhQBARTCOak
NMNADTSUppMUAB6UnalpKAENNxT8cUlA0NIpMUpo7UXZPUq3txJaxeZGpYjsKxJdXudWY2tsTGw6
+tdKDt7ZqqNNt4Z2vIlxJ1OKyq03KV0zRNHP28P9lM41BGlkf7rNUdnF9q1FSFG3d90VZ1bVDdy+
RcREBfutir3h6zCRm5P3R3FedKKqYnkeqjqbxfLBjfEZe2SOSKby9uPl9aXTNZa6xHMCTisvUmbV
rxmz+5Qnke1TaMo+1eZkBF9a1qV5qulF6MmEE6bbOkMfPAx3pCpHJzzXPavr7TXywWoIUcFhT7LW
bpmEbwswHUiun6zS53Bb+hkqbUbm70GMUcVUTWLR+GO1vQ1OlzbS/cmXPpW0ZRls0S4tElFO25AI
INIVIOMjNUJ6K4lFKVYDn9KNp4zjmgBtFOK8ZyBUbyJApaRgo96Olx21sOpRyMLVN9XskYDzQc1L
c3Cw2QnXoVzxU88dddg5Xa5Y2/LjIzSZzx3FctZ6vMbvzHOUJ6Z6V1CukyCWM/KetZ0a8K2sGOUH
FczKOum4j0syWv3s81B4WnSWx5AE+TuzWttEqNG3Q1zDzf2PeOE6Mc1hiZ+ymqj6l01dHUACRtu1
d474qrK1vqW62YZZB1qk3iSAWwK/6w8VPpUOInuHGC9brEU6itFXRMoNO7MBbOS6v3tIwVVTgsK6
iysYdPtxHGg83u/rUsaRxfMigM3JNP6nmpo4WnSTdtWEqkqi5XsA560vsPzpO/8AhSsUiTfNIsaD
nJrp1bsjNu249FZuAu6or6+tNLhMt1NGMDO0nmuS8Q+P7WyLW1gpklA+8p4rze9v73Vp2mvJWKt2
3HArso4OU9ZGU6yWx1viHx/c3ga204uiA43rXGOstxKZrmV5X9XPSlQBB8oxjvS9TzzXqU6UaatE
5JNz+IBgcClxS4orQQmKXFFGadgFFS23/Hyn1qHNS23/AB8p9azq/wAOXoyofEj1nwj/AKkV6jYf
6tfpXl3hH/UivUbD/Vr9K+dluegf/9f37tWN4j/5At5/1yb+VbPasbxH/wAgS8/65N/KlLY0pfGv
kfLj/wDHxL/10b+ZpRSv/rpf99v5mkrzJbn6HH4ULTqaOtOpFAKXPFIetKOlAAKDS0UAIKU9KQ0U
AAoNLRTASlopO9ABRRRQAlBFLRSAZTCOakIphWkSyMjmo3FTkcUwrQZSiVWWoStW2WomWrjI5qlM
r9DShvalZaZzV7nNrcmVqkBqsCakVzUtGsaliyGpxXjNQ7h1p5faw+Vmc9FAJz+VRdtnRzxtdiqw
HOa1NG0u71y8EFqDt7sOgrX8PeBrvVnSe7V4rfhsYAzXqWm6XZ6LbiGyhCpjlyOa3hSb1Z5mMzRU
Y8tPVkvhPwxZeHbRcAPdN95jziunV+/XnvWNFMQetXo5c967IxUUfN1qsqj5m9zQD5FPBqsj8dal
BJ71RiTilqNW9akDCgAo6Uck0p560AANLmm0oNADhSGjNBNAEclV3FWWFQOtAFKQdaqsOauyLzVd
0oAqFeaYw5qwVNMKUAQEUhFSlaQigCHFBFSYppWgBlN70/bzSEc0AMNHanFRSYoAaM54oOMZ59xT
sUhoAq3mn21+mxxtIHBFYU41LSrZ7eHLQnqcV0vU+4p3B4dQ2eMGsalLmuo7lKWhzUflQaGzD/WM
pJPvVSytLm7YvGdsK9SK6efT4LlPK27UHPFZeoRXVpb+RZofJI5K9TXJVw6v7V9FsaRn7tjInSP7
R5UQyxPWuq021is7JRIvzlcls1zukxpLdgPwy9jXTXjBLJ8MMhelPA02oyry3HVldKKORnAlv8xn
ALY6Vr3GjQw2yuk58484rJtreXULgomQ3XirNnbXbasIZ2bKDgt0rloNNTk18TLqWSIre41EO6bz
hangv765mEUfLVtarDHBbN5agNj5mFc7Y3T2dwJlGcVtXnKhUpwUvdFGKlFlxtWvNMusXo/dDrUt
5eXMkQu7Zv8AR36e1Z15LNr1z5W0YJ5rYnshp2jJbg5wxOPrVqo5wqWei2FKKTRR0+5ubmUyzP8A
uk7VI1x/bd6sUbERA8471DpA3I8eeC3SoLBvsGo4Q/KW6elYxxDcKab+LcbguZmpfeH4HiPkPh17
4pPKng0NoJudpI5+lbW0kBl5XqaytUvIpbd7ZPvg8tn2r0Z0owvNmMNVYxDb26adHLG3zlRuFWtI
1JrdhE4yjetWND02yktg0rbzjkZrOvYpI9QaC3jO0/dOM151SM4uNWlsbRafuyOtU5w8Z+Wql1pV
rdyb3zmqOk2V9A++4lJj9K2CcsSOnavU1qRvKO5hblM6PQrNDnrWgoCqEX7q9qM0q7j0XNONONNc
qC7D3H5U5EL85wKiu7y002EzXTqvGeTXnniD4hXE5a200qidN4FdFKhOZlKoonZ6v4m0/Q4myRJL
jgZrzLWvF+pa25iVzDB6AdaxJDLcOJLmZpH/ANo5p34V6tHCQhucsqjY0IN25s7vUHrTyPX9KSlF
dJle4oHHNLigUUAFFHeimAUU6imAgFS24/0hPrTKkt/+PhPrWdX+HL0Y4fEj1fwj/qRXqNh/ql+l
eXeEf9SK9SsP9Sv0r52W56J//9D37tWN4j/5At5/1yb+VbPasbxH/wAgW8/65N/KlLY0pfGvkfLr
n97N/wBdG/maBQ3+tm/66N/M0CvNe5+hx+FC96cabTl96RQUvSl4pKADNOpKSgBcUYpKKAFooooA
KTFLRQAYoxRRQAlFHeilYANNp1J3p2AaRUZqU0wipZDIyM1E64qcimEZJoWhlKNyqwNRsBVl1x2q
F1281opdDlqRt6EBGOS34U6EPI+2ON3b0UE/yrX0rwxqGsSKyr5dueSzdSPau/0zw/ZaTGBEm58Y
LGtoU2zy6+LhT2dzkdH8F6lqGHuFWCIjhg2T+Veg6J4U0zScOER5e745JqWOUrgKcD2GKuQzc4wP
qa2jTSPKrZhUnombMcgKjAAHQU8/N15+tUI5OetW45OK1RxuTbux5UjpUscpXqaaCCKayd6CTQin
461bSTPesRHKnrVqKc55oA1lbmpAeapRy5PWrCvzQBZU08Y9ahBp4amBJmjFNzTqADOKQtQRmmkU
AKTTGGacaTtQBVdeahdDVxlzUTJQBSZKjKVcZPaoilAFUx01lqyyGoipoArkU0ipyvPSmMtAEPam
kVKVppFAERFGKeRRjigCPFJinEUlADSoOKD9KdSYpp2AbznPSgMQT6GnU0jmktHcFoQCztlm84J8
/tVPUtMuLuTzIpML3WtPBHelACjIJFRKnFppLcd9bnM29te6bdCVYiw9qj1K/u7qUJBC6yk9a6re
+MA/nTfLj3btvz+uKwWHlTXLTdkW5X3MWaZ7XRlhu3zOwqjpYikLQy4DEcV0U9lBcyB5Blh0zUP9
k2olEmMMOeKVTDydZS3SHGdjnY2bTdSyRjB7dMV0F9e2s+n+YHBbHIp8+mw3PzNgHpzUCaJbLxk4
9KmjQnS5qa+GXTsDmmYum3sVtdb3U7HPFSX2kXMU/wBogy6PyMdq3RpVmBhlBA6VZT5E2AkgUoYH
3OSbu+gSre9oc7CdUMDIof5hjmnvoU8lqoQ/vScsTXQbiv3aC5BJGc1vDDuPxu7Ic+xmWOjLYFWL
ZYDkZ4rRBVW3BBu9QKTjHJOTRypwBmtYwjSjyrYTve7FLE8Dn6U0ZLY209EZzjOwetZWq+KNM0ZW
Vn8ycDoDmtIwk3aKJbS3NVlSGPfNIEHvXJ+IPHtlpqmCz/eSnjIri9a8X3+tSMseYo88A8VhLGF5
wCT1Jr0aGBS1kc8q3YtahqV9q8xluZXKfwqTwBVcALgKAPpRyMDNL0r0EklaOhhJuQUUUUyRcUuK
BRimAoooooAXHNBHNL3oPWgAxS4oopiCpLf/AI+E+tR1Jb/8fCfWoq/w5ejLh8SPVvCH+pFepWH+
qX6V5b4Q/wBSK9SsP9Wv0r517noH/9H36sbxH/yBLz/rk38q2axvEf8AyBLz/rk38qUtjSl8a+R8
vP8A66X/AH2/maShz++m/wCujfzNArzXuz9Ej8KCnZpMUAUDHDpSikFLQAtFFLigBKKXFJigBKKK
KAHUhFLSUAAopcUUAJik70uaDQAYpCKB1pTRYBuKbTjSVJLQ0imMMkDqPT0qRuOpwPU961tB8M6h
4huQkFuyQHrMTxiiMW9DKtUjTjdsxIoJLmYQW8W+Q9AvJru/D3w8RQl5q5O/qsfau60Lwjpvh6AC
KFJLjvKwya05l3HJ5+vauynRstT5jGZm5NwhsYZtYoIwkKLGgGAAO1UZY/Qcetb8sII6CqE8PHTj
Nb2tseK3cx2ypqSOTpzUk0eO1ViCpoEjSjl6c1eikyetYccvPWr0M3PWmPc145OasK2azIpatpJw
DQIsMgNNB2nrTlcMOacQpoAfFNg9auRzgms/GOlKkhU0AbMcme9TBqyY5wD1q4kwI60AXgwp4aqq
uD3qVW96YExNITTd1GaAA0lLmmkgUAL2phFO3UnNAEbLUZSrGPWmkUAVWSoilW2WoytAFUpUTLzV
srUbJQBVZaj21ZdeajK0AQlaaV4qYrTCOaAI8cU0rUpHFNIoAiNJUmKTFADMUlPIpCKaAbQRxTqQ
0kAyl5paWn1uBGc0uKdikqY3S8wGmk5p9JVa2DQaaTGKcelAxjn+VK19eoXuxvNHSngM33VJ96Zc
y29knmXUyRqOxPNHK36g9NWORWdgAmfU+lVb7ULLSYWku5BuHQZrkNf+ICRCS30/BPTcOa4C5vL3
UHMl1PI2e2eK7aODlL4jCdZbI6zxB4/urwtBYgLH/fBrjX8y5kM1xI0jnvmgKF4UACnAkdOK9OnS
jT+E55TkwAVR8v60UHmkrQiwuKMUClp+gBRS4pKAHClpBSigAxRilooAUCjFLS0CExRilopgJipI
B+/T60ypIP8AXp9air/Dl6MuHxI9U8If6kV6lYf6tfpXlvhD/UivUrD/AFa/SvnXuegf/9L37tWN
4j/5Al5/1yb+VbPasbxH/wAgS8/65N/KlLY0pfGvkfLkn+um/wCujfzNAok/103/AF0b+ZoFea92
fokPhQ8UCkFOFBQop1NBpwoAKKKKACiiigApD1oooEKKWm0oNABRRRQAlLR2ooGJRS0hYhNzGjyF
puxMc4pY0klfZBGZJDxtUVo6Nod7rtyIrWJiucFiPu1674c8C2OhRJJPtnuSOpHStIUXI8zF5nCg
nbc4/wALfDie5Md9qjGOMciBsZr0+3toLOFYbZBHEoxhR1qy2QRjCoOgFMPTIrrhTSR8risXUxEu
a5C6854x2AqB1FWiKidc9qu1jju3uUnTIqpJFxWmycVWePJoAx5oeelUJ4iO1bssXNUZoM5pAYpX
aakSTaetTTQ4JqoylTQM0Yp6vxS8c1hJIQavQz+poA2UkGKnVs96zY5RirKScdaYi6KQrUcb8VMC
MUARg7TU6T460wqCKiKkGgDSjnBq0so9KxUkK1bjnyeaANUSA9KN1UllHrU4bI60ATbqN1Rb80bs
UAShhTg1V99SBuKYE+aTFM3dKcDkUAIRTGX2qSjGRQBWZaYyVZKUxloAqMlRlatlaYy0AVCtNK1Z
ZKiZaAICtMIFT7eeaayj0oAhxTSKm200rzQBERSEVKVxTSOKAIsUFaeRxSYoAZikp5WkxQAlJinY
pMY60wtcbScUpBOMDNPdFjj8yd1RfQmiMXJhexHgsMAUPstoy08qxKBzuNc1rXj2x0tmitk89gMc
djXnWp+KtU1l2zI0cZP3c11UsJUqPTRGU6y6Hea94/sLBTDYFpJP7wGRXnmqazqGtyk3MmE9Axqg
Ix1LFn75pw4r06eGhT9TmlUbGpEidMCnZ65yaQ0Vve2xmKcUUlKKQwpaSloAKKKKBC0ooxRTAXHF
Ape1AoAUUtJSgUCDvS0YooAKKXtQBTABUkP+uT60zFPhH75PrUVf4cvRlw+JHqfhD/UivUrD/Vr9
K8t8If6kV6lYf6tfpXzr3PQP/9P37tWN4j/5Al7/ANcm/lWzWN4j/wCQJe/9cm/lSlsaUvjXyPlx
/wDXS/8AXRv5mih/9dL/AL7fzNJXmvdn6HH4UOpwptOFBaAU+m0oNMBaKKKAFopKWkAUlLQaBCUZ
oxS4oABQaAOaO9ABR7AZJ6UhIAyauabpd9rNx5FjA7kHlhwBTinJkTqRgryZT3gEKAWfptFdr4a+
Htzq0sdxqAaOAchema6/wv8AD6z0mJLi+US3J5wwzzXa7iVCgKirwFArphSW7Pncbm93yUypp+mW
Wk26w2UQRQMZ7n8as8+35UoFBzXRtsfOznKcuaTuIRnrSECloIpkkZFMIqTFNIoeoEJXNQMmDVvt
UbjNKwFCRM1Ulj68VqMoqtJH7UWAxZoc84qjNFkdK3pIvaqMsPtQBisu005ZCtWpYcdqqOmDQBdh
mJHWrsUmR1rGRiOlW4psDrSGbMb+hqwrjOKyopT2NW45AT1piNANnrTuvWqqyHPFTK/FADnQdqaC
VqQHPWkK5pgCzY6mrMc/HWqbJTQStIDUWbNO35qhHJipxJmgCzupweqwf3pwfnrTAuBuKkVuKph6
mRuOtAFgHNPFQq2akU0AKaQqMU/rS4FAEBWmFanK0m2gCqyVGyVbZajKe1AFQpTGSrZSo2WgCrsp
ClWClMK0AVylNK1OUprLigCErxTCtTkYFMIxjPejQEiLFJtOanEbHtxUF1cWdipe5mVR6E00nJ2Q
NpCEc4HNLIiQoZJmUIOeTiuP1j4kWNmGgsSkkg9K8/1TxHqurOwklkjjY5wrY4rrp4Kc99DGVdI9
F1jx9YaarJbESS9MYzivPNV8V6vrLsDL5cXbAxWSIgPvHcf7x60pHGM5HtXpU8NTgtUc86rZGsfz
bmJLdznrUmBkEdRSCjpW5mB65pKU0lABRiiigBKUUtFACUtJS0AFLSClFAC0UUYoAdQKBSgUAKKW
iigQd6dik4zS0AFKBSYpRTQAafD/AK5frTDT4f8AXL9air/Dl6MqHxI9S8If6kV6lYf6tfpXlvhD
/UivUrD/AFa/SvnXueif/9T36sbxH/yBLz/rk38q2axvEX/IFvP+uTfypS2NKXxr5Hy7J/rpv+uj
fzNNFK5/ezf9dG/maQV5r3Z+hx+FDhThTBThQWh1FJSimA4HNFIOKUUAFA60tFAC0hozRQgCgGij
8KQn3F600svRQSfakdhGMsQAat6J4j0zSrkzXelpdshyu5iBXVRwlSr8KODF5hSw8Xd3fkdJ4a8A
6jrUqT3Gbe164P8AEK9c0nRLHQ7cR2cK5xyxHNeZR/G+OKMRRaNEqDoBKf8ACnH44D/oERf9/m/w
rvhgKkeh8jisznWlo9D1sc9Dn1ox7V5J/wALwH/QIi/7+n/Cl/4XgP8AoExf9/j/AIVp9UqrocPt
Etj1raaQg4ryX/hd4/6BMX/f4/4Uf8LvH/QJi/7/AB/wo+qVOwudPc9Z59KXnHSvJf8AheC/9AiL
/v8AN/hR/wALwGf+QRF/3+b/AApfVKvYOdHrBHtTSPavKD8bx/0CIv8Av83+FI3xvGONJi/7/H/C
n9Uqdg50erke1RsPavKv+F3jH/IJi/7/AB/wpp+Nw/6BEX/f5v8ACj6pUDnR6myH0qGSM+leXn43
j/oERf8Af5v8Kjb43A/8wiL/AL/N/hT+p1A50elyRnPSqskRJ6V50fjWrH/kERf9/m/wqJ/jMp/5
hMX/AH+b/Ck8JUHzI7yeEZ6VSkg64FcS/wAYQ3/MKi/7/H/Cq8nxcBH/ACC4x9JSf6VDwtRDudqU
K9qQEgdK4NvioG/5hqf9/D/hULfFL/qHJ/38P+FQ6EkO56VFKeKvRy15OPimR005P+/h/wAKlT4s
7f8AmHJ/38P+FJUpCuevRyGp0evI0+MGP+YZF/39P+FSr8ZMdNLiP/bY/wCFafV5hc9dDnFSK5Ne
Rr8ZxjnSov8Av8f8Kevxpx/zCov+/wAf8Kaw0w5j1vGe1MZDnpXlg+NY/wCgTF/3+P8AhU8fxkD/
APMKi/7/AB/wp/VKguZHpfI7U5WNeeQ/FaOU4OmoP+2h/wAK0rfx/FOf+PBB9HNQ6E0HMjtQxpwb
msC28SxXAH7gLn/aNacV6ko4TBrNxaHc0Q/FSq/FVFkBFSq3pUjLiPUqNk1SR6mRznrQBcU+9PBq
ur1KpNAEuKNtC07mgdiNlphSp8ZpNtAisyVGyVaK5pjJQBUKUxkq0y4pPIZjhVJo9QKZXFNKn169
qs3BtbSNpLmcIAOnFcpq3j/SdNQrCEnccA7ua0jTnLZEynFHQfZyDlyFHqTWbfa5pGmBzcThivQA
15lq/wAQdV1BmWDEMZ6cZrlZnnvHaW5lZyfeu6llzavMwliFsjvda+J4ZWgsIT1wGxXD3+qajqb5
nlbb1wDVdUVRwKCOe9ehTw9OGxzupJkQjXPT5vU0vNOpOa1bYt9xpzRzS80tTa+4aDcUhFLRTsAm
KTFOpKLAJijFOpDQAlFLSUAFFFLQAlKKKBQA4UGiigBwpRSU4DihAFFHelApiExzTqXFFAhe1JS0
UAJT4f8AWr9aYafD/rl+tZ1f4cvRlw+JHqXhD/UivUrD/Vr9K8t8If6kV6lYf6tfpXzr3PRP/9X3
6sbxF/yBbz/rk38q2e1Y3iP/AJAt5/1yb+VKXwmlL418j5bc/vZv+ujfzNIKH/1s3/XRv5mgV5vU
/Q4/Ch1KKbTs0FodR0pAaKYC0tAoPWgBc0ZpKKAFpQe1JQSFXLEBapRlOVkKc4xjzSHjnpUE90kQ
wD81VLi+DApFwPWqWdxyxJr2MJlnN70z5vMc7jCPLR3JZp2nb58gelR5HakGKWvfhSjTVoo+Sq1p
1XzSYvSjrR2orW3mZWQoozSUtFkAhooopadguxc0mee1HajtRp2C7EJzSUd6WjQLsYc5o604im9K
HYd2NNMK1KR3puKnQaZDtppGKmK801losi1IhIFMI9qm200rWUoplXID+NMI9zUxWmFawnTRSZEf
YmgHHXNOxSEVzuNnoMUH3pc4700UppxlqA8GnZqIGnhq2UxEqtjtVqFulUlarMUoHFaqQmbNu3Tk
10mnbcrxn61y1pIvHNdNp/JXPNZVLNAjsNN6jG0CumtDgDnNcvp2QB8tdLan5RxXm1VqWjXj5AqZ
SRVeM8DipwTXM9yiZWqVWqsCakDUgLQbkVMj1TVuRUysc0AXVfmpd1VUDt0X8anClRlpEX6mh+Qa
Eo/D86cOaqS6np9opae7hBHuKxL/AOIOiWKnbMXcf3VyK0jSqy2VyXUgtzphHv46U0mGBS00qAD1
YV5XqXxTuJ9y2ETAdiUxXI32v6rqTMZp2RT2BrspYCpPfQxliUvhPY9U8YaPpQJaVHYehrhda+KF
xIWWwG0HoRXA+QrndIxc+rGl2ADAC13U8vpw+LU5pYiUiW91nVtUYm4vZdp6rms8WyA5bLH1POat
kHtTCK61GMF7qMm2QleO1MIP4VMVppWj1GQ4ppHNS7aYV5pDIyKTFSFaaRQMYRRTiKTFKwDaKXFG
KAEpKdim0DCkpaMUgG0GlxQRQA2loxRigAooxTgKAClFB60tAheKUdKbTh0pgLSigU7FACUopKUU
CCiiigAp8X+tX61GTT4T++X61nV/hy9GXD4kepeEP9SK9SsP9Wv0ry3wh/qRXqVh/q1+lfOvc9E/
/9b36sbxH/yBb3/ri38q2axvEY/4kl7/ANcW/lSl8JpS+NfI+WZD++m/66N/M0tNk/103/XRv5mj
Neb1P0OPwodmlFNFOFFyh1GabmlBoHceKM0lJmmNasdk4zjNGc9ODTc4HJwKpXF9yUj/ADrpoYad
V6I48XjqWHW5cluI4l5b5vSs2a5eY88L6VAzF+W5NJmvosJl8aa94+Nx+cVK+idkOzR0ptFeikls
eK97jqO9IKXPNMQ8GkzTeaBmpAeDzR3po4NLmqQDuKTikozTuA6jtTaXtSASlFJSigAIpuKcRSYN
ACHpTTTyKaQaChpHFRnOKl7c00jigaZEw44ppqbHFRstSUmRkVGRU2KYVNZyiWmQ4ppFSlTTSKwl
AZHikpxpKwlGwCUtJS5oTGOU1IKiFPU1rGQmWY3kQ8HNa1nrFzbEfKCPrWKhGaspg+5rRWe5Db6H
daV40jjIE0ddjp3jXS2AEmRXjyYI6YqdUBHVh+NRLCxmT7Ro95h8VaO4GJgPqauL4g0sjP2hfzrw
ABlxtdvzpczn/lu4rL+zk+ofWGe/HxDpa8m4XH1pp8W6LH1mB+hrwT99jBmc/jSbG7yP+dL+zo9W
H1hnuM3j7RYvunJHvWbc/FKyh/1MLE15CIhkElj+NPCqD3/OtI4GityHWkei3Xxau2G23t8D1JrF
uvHOu3mSrKinr81cuPXA/GpUYdcc1vHDU1skZucn1Lst9f3bFp7hzn0NNRB1LsfZqgV/8ipUfPOP
zNdKSitDJ3ZYAUDAFLUatzT8g0XAWlPNJmloWmwhpFMOalNNIpWAixTCKmIppFD13C5CRUZFTkUw
rU2KIjmmkVKRTWFMCMjikxT8UlADMUlPIpuKRQnNJgU6m0gDFIaWkINACGkpxFJigBKWjFFABigU
UAUgFpRSUvSgBcU4dKQDilHSmAopc0gpaAFooopCCiiimAhp8P8Arl+tMp8J/fL9azq/w5ejLh8S
PUvCH+pFepWH+rX6V5b4Q/1Ir1Kw/wBWv0r517non//X9+7Vj+I/+QJe/wDXJv5VsGsbxF/yBL3/
AK4t/KlLY0pfGvkfLEh/fTf9dG/maQUkh/fS/wDXRv5mlFeW3qfocPhQtKDTTRmjUofSg00txz1o
3ADJ4FVu7LUUmoq7Hio5p44V+ZsmqtzqCxjCDJrMeRpTliTXq4XL3P3pHg4/OIU1yU9y1NdtOcLl
RUH48imZ7UuRnivoadGNNWifH1sTUrSvJkgajrTMijNa3Od67kgxmlzzUeacDRoA7NGaTPNLkUwF
zS5ppNGeKAHZoBpuaKdwH5opopSeKLiHA0ppgNOzQAvagUlGaAHE0g60lFAxTTTS0UANPSkA4p1I
aLhcbimEVLimkUikyIrimEVMRTSo9KC0yAimkVKRTCKmSKuRFaaRUpFNIrCUSkyIikp5FIRWLiMb
mnqaZinCo2AlQ81ajPNVV61Yj61rBkMuRmrSH5aqR9atJW8WYybJxyKdTF6U7NWZi5pRTRS00A4d
aXvTQeaXNO4h3anA1HmnA8UXYiVWqVGqsDUitTTFYtBuakVqrBualVhTETg5pwNRBqeGpkj6TFAN
LQgGkcU0ipDTSKYEZWmkVLimMKkdyLHNNYVKRUZFAXGFeKaVNSc000gIiDSAU85pvNIq4hFJilNF
AJiGkpTSUhiGkpTTaAFopKKAFooFLSABSmkpaAHDoKXFIKUdKYC0UCloEFFFFIAoopKYAadD/rl+
tNp0P+uX61nV/hy9GXD4kep+EP8AUivUrD/Vr9K8t8If6kV6lYf6tfpXzr3PRP/Q9+NY3iP/AJAt
7/1wb+VbJrG8R/8AIEvf+uDfypS+E0pfGvkfKsn+uk/66N/M0A0kn+uk/wCujfzNJmvMaWp+gwdo
pDs5NLznimjODzgVUudQSDhDlqujSqVNjCviadD4i5JMkKlnPPpWTcag8uQvC1Vkme4bc7celMyO
wr6HCYCNON2fKY/OKlR8tPYlVvXk0bjUYNOBr1Fax4bTbbvuPzzS96ZmlzTepFrD80vNMDUuaLhY
dzS5pmaXNFxDweKcDxUeeKUNxVJgSA0vaow1Lup3EPHFLmmg0E0CHUUgPFGaYCinZpgNLmmA4Glz
TAaXNAD80U3NANADqM0maKBhQaDSZoAU9KbS5ooAaRTTTz0ppFIpMjNMIqU004oKuQkUw1MVqNlr
NopMZjNMIp+CDQeazlEq5HinAUYxTsVlKIXFUc1ZjqsvWrKURJZajq0hqsnSrCVvEykTA0uaaKdV
mYop1NBpaAFzRSUtMQtKKSimIcM04HBpoozzQMlDc1IrVADUitTuS0WA1SBqrhqkVqYrFhWp+RUC
tTw1NCaJaQ0gOaWmIKY1SYpuKQEeKaRUhwKQjikBCRTDUxWmFaBkRpuKl203GDSGRHrSVI2N1NIp
DQw0mKcaSgBKTFLRSGJiilpKACiiigApcUnenUgFxSjpQKB0pgKKWkHSloEGKKWkNABSYpaKAEp0
I/fL9abT4f8AWr9azq/w5ejLh8SPUvCH+pFepWH+rX6V5b4Q/wBSK9SsP9Wv0r517non/9H36sXx
GcaJef8AXFv5VtCsXxIM6Jef9cW/lSltYuj/ABItnynIT9ol448xv5mmNIsQLOce1Q3l6kM0i9T5
jdPqax5rl52+Y8Vnh8FKcm2fUYrNKdGCjB6lu61F5MrFwPaqIznJOSaaMA8dKXoa92jRVNWsfLYj
GVK8vfH0uaZmjNdFzkH5pQaZmjNFwsS7qXdxUQJpd1WmFiQGlzUYalBzRcVh+aUGmZpQaLg0PBp2
ajpQadxWH5pQajzS5pk2JM04Gos0op3CxLmlzUW6nCqTFYdS5puaAadxWH0ZpuaWi4WHZoBptFFw
sPzSg0zNBOadwHmjim9qM0XAXNGaSkpXAdmkNJRQMSmkU48U3rQNMawNJjinHmkNSykyJhTCDUtI
RnpUspMhxS807bRioaKuKgqxGOahUYqePrU2FJ6FmPrVlKrx1ZSqSMZDxS0gpasgWlFJRmmAtLTc
07NABThTRS0xDs0o60ylBxQA/vS5waYDzS0wJVY1IGNQBsU9Wpkssq3FPDGoA9PDU0S0WFapAarq
1SK1MViSikDUtACED0ppp5ppGaAGkcVGRUuMU0jNICEimkVMVphFKwyIrTcYqUimOuelDAYRTcU/
FIRSGMNJTiKTFBQlJS0mKTAKKKKQC0o60lAoAfQOlJmlHSmAo6UtIKWgQtFFFABSGlxSGgBKfD/r
V+tMp8P+uX61nW/hy9GXD4kep+Ef9SK9RsP9Wv0ry7wj/qRXqNh/q1+lfOM9E//S9971i+KOPD9/
/wBcH/lW3WH4p/5F7UP+uDfyqoq8gZ8ZTljdzknP71v5mo6fP/x8z/8AXVv5mo69iCSirGUnzO7H
AUGkH1oq7i33FzRmgUGgQoNLTaM079wHZpc0zNO7U+ZALmlB4plKDTuhD80Bqbmlp3QDwaXNRZpQ
afMhEuaM0wGlzVcyFYfupwPFR0uaLoVh+aUNTAaXPFCkgsSZpQeKjBpc1V0IkzShqjBpc0XQEmaM
0wGlzTuhDs0A03NKDRdCsOzRmmk0Zp3XcLD80hNNzS5ouu4WFzRmkpDRdAKTSCg0UXQwNMIpwpKT
sAwUuOKDQanQq43FLiigUnYYqjmp0FRqKlQUtBMsxjipkqJOlTKKd0ZyY8U6milp3RItIaWii6AQ
dadkUlJ3p3QD80A0lKKLoBaKM0CndCAdadmkop3QDs8U4Go6dRdASq1SK1QA08NTTQrFhWqRWquG
p4andCLAapN3FVw1SA0XRJJmimg04UXQhDSYp3ekNF0AwimEVIRSFad0MiIppFSEUwipbQIjNNNS
MKYRSuhjDSU4im4ouhjTRSkUEUroYhpKKKNO4C0UgpaV0A4Uo6Ugpw6UXQAKdTRS07oBaM0UUXQB
mkNLSGi6AO1Oh/1y/WmU+H/XL9ayrNezl6MqHxI9T8I/6kV6jYf6tfpXlvhD/UivUrD/AFa/SvnT
0T//0/fqxfFC58PX4z1hbHHtW1Va7QSxFGGQeoxxinF2Yz4huIJhdT5hl/1rf8sz6n2qHY/dHH1Q
19Yav4X0+RmK2UIDc5CCuNvPBsDM223Qf8BrsjirKxm4ngIVv7rf98ml2t/df/vk17d/whEX/PNf
yo/4QmL/AJ5j8qf1tByHiO1v7rf98mjDf3H/AO+TXt3/AAhMX/PMflR/whMX/PMflVfXEHIeI4b+
4/8A3yaMN/cf/vk17d/whMX/ADzH5Uf8ITF/zzH5UfXUuguQ8Sw39x/++TS4OPuP/wB8mva/+EIi
/wCeY/Kj/hCI/wDnmPyo+u+Qch4nhv7j/wDfJow391/++TXtv/CERf8APMflSf8ACERf88x+VH17
yDkPFMN/df8A75NLg/3X/wC+TXtX/CER/wDPMflS/wDCER/88x+VP695ByHimD/df/vk0YbP3W/7
5Ne1/wDCER/88x+VH/CER/8APMflR9e8g5DxXDf3W/75NKM/3X/75Ne0/wDCEx/88x+VJ/whMf8A
zzH5U/r/AJB7M8YGc/db/vk0uD/db/vk17N/whMf/PMflS/8ISn/ADzH5U1j12D2Z4yM/wB1v++T
Tuf7rf8AfJr2X/hCY/8AnmPyo/4QqPtGPyo/tBdg9meNc/3W/wC+TRg+jf8AfJr2T/hCk/55j8qP
+EJj/uD8qf8AaK7C9meOjPo3/fJpefRv++TXsP8AwhMf9wflS/8ACFR/88x+VH9orsJ0jx7B9G/7
5NLz6N+Rr1//AIQqP/nn+lH/AAhUf/PP9Kf9orsHsWeQc+jfkaXB9G/I169/whUf/PP9KP8AhC4/
+ef6Uf2iuwvYnkPPo35GjB/ut+Rr17/hC4/7n6Uf8IVH/c/Sj+0V2D2J5Fz/AHW/I0vJ/hb8q9c/
4QqP+5+lH/CFR/3B+VH9orsHsTyLDf3T+VBB/un8q9d/4QqP/nmKP+EKj/55LR/aK7B7E8iIY/wn
8qNrf3T+Veu/8IVH/wA8lo/4QqP/AJ5ij+0V2D2J5Dtb0P5UbW9D+Vevf8IVH/zyWj/hCo/+eYH0
FH9orsHsTyHaf7rfkaTafQ/lXr//AAhUf9z9KX/hCY/+eS0f2iuw/Ys8f2N/dP5UBH/un8q9f/4Q
mP8A55LR/wAIUn/PJaX9oLsHsmeSIjf3T+VTojdlP5V6r/whUf8AzzWl/wCELQf8sxR/aC7B7Jnm
SI2PumplRv7pr0j/AIQ0f3BR/wAId/sij+0F2J9iechG9DS7G9DXov8Awh/sKP8AhDvYUf2iuwew
POtreho2n0Nei/8ACHe1H/CHe1H9orsHsDzrafQ0bT6GvRf+EO9qP+EOHpS/tFdg9gedbW9DQAfQ
16L/AMIcPSj/AIQ32qv7RXYPYHne1vSl2N6V6H/whvtR/wAId7Uf2iuwnQPPQrZ6Uu1vQ16D/wAI
d7Cj/hDz6Cl/aPkHsDz8Rv8A3TTtj/3TXf8A/CIH0oPhA+lP+0fIPYHAeW/9004I/wDdrvP+EQNH
/CH/AFo/tFdhfV7nDBGx0pyq3pXcf8IhR/wiJHrT/tHyD6szilVs9KmAPpXX/wDCIN15oPhFsd6f
9prsL6szkgD6VIAcdK6keEn96X/hEn9TR/aa7A8Mzlgpz0pSpPauo/4RJ/U0f8Ik/wDeNH9prsL6
szlttIRjtXVf8Ik/vR/wiT+9H9prsH1ZnJFCaZtPpXYf8Ik/vR/wiTe9H9pLsH1ZnHFCe1MKH0rt
P+ESb3pP+ERb3pf2kuw/qzOJMbelMKN6V3X/AAiLe9J/wiB75o/tJdh/VmcLsb0pNjf3TXd/8Igf
ek/4Q8+9J5kuwfVmcIUf+6aTy3/u13v/AAiB9KP+EQPpS/tFdg+rM4EI/wDdp2xvSu8/4RA+lH/C
Hn0NP+0V2D6uzhNjelLtb0ruf+EPPvR/wh596P7QXYPqzOHCsO1GD6V3H/CIexo/4RD/AGTR/aK7
B9WZxGD6UYPpXcf8Ih/smj/hEP8AZNH9orsH1ZnD4PpQVPpXcf8ACIf7Jo/4RD/ZNH9oLsL6szht
p9KmtYme6jXHU12f/CIGtGx8KBHVtnI71E8epRcbblRw7TTNLwrbFIlz3r0uxGI1+lc1o+l+Sqgj
pXVW6bVArzTpP//U9/pGAIpaD0oAqS2wYVUfTI2/hrTbpTTQBk/2RH/co/siP+5WuaSgDJ/siP8A
uUf2RH/crWooAyf7Ij/uUf2RH/crWooAyf7Ij/uUf2RH/crWooAyf7Ij/uUf2RH/AHK1qKAMn+yI
/wC5R/ZKf3a1qKAMn+yU/u0f2TH/AHa1qKAMn+yI/wC5R/ZEf9ytaigDJ/siP+5R/ZEf9ytaigDJ
/siP+5R/ZEf92taigDJ/slP7tH9kR/3K1qKAMn+yI/7lH9kR/wBytaigDJ/smP8Au0f2TH/drWoo
Ayf7Ij/uUf2RH/crWooAyf7Ij/uUf2RH/crWooAyf7Ij/uUf2RH/AHK1qKAMn+yI/wC5+lH9kR/3
K1qKAMn+yI/7lH9kR/3P0rWooAyf7Ij/ALlH9kR/3K1qKAMn+yI/7lH9kR/3K1qKAMn+yI/7lH9k
R/3K1qKAMn+yI/7lH9kR/wBytaigDJ/siP8AuUf2RH/crWooAyf7Ij/uUf2RH/crWooAyf7Ij/uU
f2RH/crWooAyf7Ij/uUf2RH/AHK1qKAMn+yI/wC5R/ZEf9ytaigDJ/siP+5R/ZEf9ytaigDJ/siP
+5R/ZEf9ytaigDJ/siP+7R/ZEf8AdrWooAyf7Ij/ALlH9kR/3K1qKAMn+yI/7n6Uf2RH/c/Staig
DJ/siP8AuUf2RH/crWooAyf7Ij/uUf2RH/drWooAyf7Ij/u0f2RH/c/StaigDJ/siP8AuUf2RH/c
rWooAyf7Ij/uUf2RH/drWooAyf7Ij/uUf2RH/crWooAyf7IT+7R/ZEf92taigDJ/siP+5R/ZEf8A
crWooAyf7Ij/ALlH9kR/3K1qKAMn+yI/7lH9kR/3K1qKAMn+yI/7lH9kR/3a1qKAMn+yI/7tH9kR
/wBytaigDJ/smP8Au0f2Qn92taigDJ/shP7tH9kR/wB2taigDJ/smP8AufpUsemIpBC1o0ooAgit
hHVlRgUlOFAH/9kKZW5kc3RyZWFtCmVuZG9iagoxNyAwIG9iagogICA0MDUyMwplbmRvYmoKMTkg
MCBvYmoKPDwgL0xlbmd0aCAyMCAwIFIKICAgL0ZpbHRlciAvRmxhdGVEZWNvZGUKICAgL0xlbmd0
aDEgOTU4MAo+PgpzdHJlYW0KeJzteXt4FFW27961avejqqu7ujudTjrp9CsJeRASOoRAQFIqIAry
zDCJEgkPIyZiEiMZGgwJMhrDQwQxBMQIMcMjouQgIpcMBM5wAM/R4XCEO8fRmfGMceZ+15ijczme
EZPKWVWdRHzNd+9f97vfd2t/Vbv23vVYz99aq4pQQohAGgkQ/4rVy6o/lNu2ERJ/mRDuvhV1j/uf
/vTwdkISkwmhHeXVD63+8zNfXCDEi+tky0OPRMqLzp9NwvOjeE/iqgeXrbSJdx0mJKkI5yauwgnb
q+ZeHG/FcfKq1Y+vPdthLsVxF463PlK1Yhmhx58jxDcVx8+tXra2mj/Ar8PxOzj2Vz/2YPXOxTsK
cNxHCGsgHClXW/hy1oHUGolHsfBXiOEKNbHVHE+yL1zrG0/ka33X+nKc9oA9JWAPlPNkoBYSBj5R
W4zWv/7lMUM6PqOMEMNedp2YiItMUuItxjprrUDqzEbqshE+xSGZ00hIDMbKN/p6w9f67JNxG0+y
+8I3+sI5J465e9wcLU3JDTvsMpdJaV6uPZQX8BO7TALc/i3/8/1//XTL4LmeHk6lO2mn+hO1KkLH
0rvoDJp5syPCfxxRG9Xd6gtqA4pUo4V1IS1u8lNlnLRLdD3vFOtsu+zG5807oc7+LKt17qR1RLY4
rOkmhyHGEcuTNIcQ4oJxSF5Yo+9aH55o9GHfN9An9/bLeMg5MT++Kh4JzY3Sp++B4XOtL+vpYdM2
D26lTc3NaoRratZJ2/8bNXB2cODsYMdv1P1Inxvp+wPSZyNVSoKZURF2GmslpIh3GASHyZpmCZE0
AyfL1y70DvRe65P7kZL+8I3+MIoth87ushTN7rIW3T+7Sy66v/gMkYfO4VNlbMoke/6kEsWt2Jfa
y+zb+e1su2G7sdHUaG4UGkWxVKMx4ArZo5TnumjtRfWhZna5SV15KcK/10fXqFv6vs6KoKEQbuhz
1OkcnU4H2aoscPhkB894u4/xIu4mMyf4GOPlJA44R5LdAcDZrJyUBJxFm8pwgFgnS2YGtA5qjQQ1
a5UsomBiPHCS00Cc8rV37G7NCqb29rlR6I7JObMXFRtl9pmRfeYOG2XTZ/pA1kf6rDZXEgzl5VJs
LmQHApDrwoO8jgv/O5f77OCMnesHr9Qf5+mVP0XYEjSOCB2vXolwIW7KiG3UIk8SuU3xiGYj1LFa
s2YNhjST4LCgIZjQDqzDZir3apLv/7I/LF/IUcw5Qo6YY8mR+FEL0GQZ1TuQc9ycJk3fka+z+tQt
+K6moY/ZHPY5SadGpTAU5JIDPouY5OO8fp9oETNEiz/Ax9JWtoGMiW31bHA51o+pzvCLloDX5Ha4
OAcxOV3jk71OYsvJkG9c6LvWi6Yg99sdUeeRe29cQNO8qPahFKOSs36Gp0b9WBI8TtCRSpVnDEkG
nzGYJqSJaZY0Kc2a5kvzpwXSgmmhAqFALLAUSAXWAl+BvyBQECwIFQvFYrGlWCq2FvuK/cWB4mBx
qFKoFCstlVKltdJX6a8MVAYrQ51Cp9hp6ZQ6rZ2+Tn9noDPYGTojnBHPWM5IZ6xnfGf8ZwJngmdC
hTmZ8zP3Z3Zl8qWkNN+em0RzwxPzJqRm03E0b0JyIMy77aFxNBQ0uGJifTSJumL4QDC5rcH7rz0v
tj969KMPjtMxVNhEE1obvBfe3LV71T999M/d6mX16k71o1l0+eGDdY/dtzIzf9KlU7//z7Fj1ZN7
tz9UXrpsQv6ED8//8dMwGcam46jzBJJMdimzRMEMFpMPeDD6eB4yTDxJBD6xTtwdcta5au0SX2cz
GP08g3gTiQW/GPKC1WJg8eiY/uT4GDkt0RJyBFNGsELulc+dszvck1Hqjsl2bJpJ94fDaDZqv2Oy
1kYNG/dh5dhQOSdEo83GlSLXbieaM4yjmdSu27UOf7wrxpASFVcm5QtL1mX9do/q6p+xbPFt5wYJ
2lwR5WnC24Mtm7bu3r11E/e+tOSnalmE/mrrvYO/i2i2ePXcvjcDrdu2taDtD91AOSxEOVjJZmWy
VYq6qZgkiOi5Ipom/41TZ4hg0T3XSGph1GvNNmKwjXrtjanotfZR1kYc1jTssMijyawZoAdEKpoE
s0F0Sk6rLIekkNUvK/J8WUSToK4Qxaa5khk7w8L6wXf7B9/dxv1yB32etqDeIjc72JJIZCAEv9OA
iZLF6Fdfol95SKEST55zbwBpu32DxbweqhOsDouHxKQYpARUz7V39OgV9RO1L0eRchKrEtdw6+PX
e15ONNBSauCHg8yoGXJ22YEiz2dfTlF/rarq0+rd9C267inqP9Aw5tdHfnvt2ocvnMmknX/+iB6g
D9JyekC5Xd3xy261R30D27mDh8kwzkAZylokk5WYKMogyAiIMiHEGC5okW/0hgd6w6MxULHZpBxJ
keZLZVK11CgZb8WYXFcUYc5F8cWryYHT5GDYj3IQMaJkKw6ywWLY4FhvqY6DFJc5xSZp0WxYAAgc
iF9V8Q3xPfFX4hG/UvRIG2XXHRWBfoT1PadP95zt7j6rNqlF9DW6lkboUXXREnoHnU3n0DvUbvUt
9ZTaHaH7aAW2l9SVGHdb1JVE5/s+tDEV+XaSDUqWzWc0Ggw+WbZlyEZqMUGdwGrttM5KzGlGR5os
4lFCccgOLhgzDLm96E69UQf6UnMiLeTd4jxoVUYjJaVKouKa71plqHY1GRpdL7uMRmOsMdWYb8yX
V8mG0lHh0RGU1vzqvp4e+h48dZYTetSbA6vPatL8+g9wOIImxucP3BGJ8jATY0Q7P514SUQZ64kx
Sm4K7cx9QGhLcFiBtrNDMrHf40ycZbDlOWVpJk/yPAaZuz0pigg3buGh340QMALZOSeJz0d8FNDw
ZncJRRi6k4iCL0wiSUPn9NB9Mtu33dflg1HdT0O4jHUNY8KEVA0mcTBz9276ldJR/8ZbrYNPbZzx
k8qVT0YgL9KytOi9dwevRyJcXtPDL72qhqJ2UoT+wiM/mp1kKU7SbDE0O9o0O5nmmmKeZgtrhnJD
N5QBzVBOyvFKfFk8aFYy0S6nRrH5Vivhjlbff19NzZIlNeqf1fO0kMZTD52mni86R5GdnvOq+vc1
CGUGaqTp6m/Ur9Sb6vVR2ZpmIS055Aml0O9xSrwhk4BsHNOe7pUPjIO2lEBcjMiM7emHQrFmEu8U
Zlncc+NNeRbZ4JobLzuDszL8clpyXurt43UXmooJUu+w2aCYNalHxY7GownePRmDoyKRcHZYCZeF
q8Pbw5rj/7BcvzcYVQH/wT1Ha996s3WwqeG2RQ+sahjc3zBt4VLsn9FUMW3/o0+2Q6Ri2ZWrmvjp
l5dW7Xh68C+3nmnqKV28QtNHNupjpiGGxJAAuUtJDriYPS6pwxTXYaXt0EjardWmNkfCNHGqk8tz
2XmZTApqlqWbloYXvVpGqlmVblTHC0OIsvl6RqeRquknFEwdg/TTmNho9NA4utRKb2a1Vn9Mmfr1
x9WtWaqB3lxasbqkZHXF0ggLrR3cumiBel39Gtu1BYuaIrT89MGuTz45dvC0pjdMnvg5qLc48hMl
hcTaTWYnZbZ2OzsQ2yaZ2+2HRGGCicsl8p0Ok2zJs94ej9pBbxjNoXQ/kC9o8dGhKcTnyfYUeuZ5
lnoaPJpCRpKA7wl+To1h/pzHnz4/OHN3O8dPePUJXwmfq/7qJ4veeVNdosv1TFWledjO+dNIo5Ek
kgeVoAGIIJN2k/yy1BxjOgjNnraYaq9sJ9NMk82GQnfYq0lVixJRy8cQ0StjvNbpC5YlNSS9nHQl
ie8hPYYeY4+px9wjXCFXDFeMV0xXzFcEC4IM1UXrpSzg0kWdn2vgQyN+AnlzH7h/HvfBYMoTm2uf
jTmYOUT+pPap72PiI1ET9XDF/3Lk4K8cPzP9+q11j7/ZiVHQitNp6tsjPrsKbcSCNjJHSaHE7hX4
Do/QEZPU7m+U2mOqPW02X54Xs35rnjTVOM0d1ozkRu/A1Km93zeSk4WhhtCxkIY8w+ag08s0YVtR
7hrJKGy3JneoKnv40ZL7Vj9cRpfvVo1Ze6r/qA5S+GP1niw0IfqHh08fPPbJJ10Hj0aaFi3AKoyh
n2csWEQH1kZzLXYV8V8m8eQeJWivs8Rpwc+Kwc9icMU5bJIr22zLsEshsx4HPZoTX0AvjoKkXa8K
+7XU6b8jEM1PqE5oTIBRNA9jRsSHtMoFRtIiLTAu/Iqmqu//Ve3/4ovqJ1/cu6laA/bPLl3+d9UW
4T5+bcdzr47iINFxPQ3rmfFJqcQnx1pZKvW1W1MPmGJfdjbHJbTRdlO1FfzWEB+b6+bykmzogCHZ
LYbT9Rxc88MorUjoxd5+9aJmNfqM3aHnfznKWF9GQUyhqzC20F0YVxg/2TMvoyFDyHRlx2a7GywN
UoO1wdbga/A3BBqComZG9hE9pOZNmDhlWEXGUB56gJ+neaP64le1qoaZRx995djXg6fXNVbUxtUs
faeGeqlZbXtqRcW98xau5LYN9kWaiuYfe+WN44Ub1/90xSfB4LXB319/5MEHVz4SxeBi9JMslEM6
tSt3Yh5osywI+M0CZxIX+AP+kbrkNRb7moc1k6NjPM2uo442vTYJmCxezp3rQk83zXMle+cRWzha
m1wYqU3sw8XJAFYrf+rXYfkHyxNFEs2iIIpYCkmi1YAhvbEh8+XMnkxIN6cL6eJYy1gp3ToxNCNU
Yi4RSsQSS4lUYi3xlfhLAiXBklCFuUKoECssFVKFtcJX4a8IVAQrQpvNm4XN4mbLZmmzdbN/c2Bz
cHNoj3mPsEfcY9kj7bHu8e8J7AnuCR0xHxGOiEcsR6Qj1iP+I4EjwSOhqaX0+xXKxKhbfK9CSS2r
sbZsfKT27od3/mLX5zcfuL6xxtzc+EiVsmjH1f3qkPrFit/7aPrP6mfPVGZ6UtL3PPnaEV9AvbH6
0Rl3TJzmSsnbt+XEq0l6nU2y1cVsJurDQkKkRskc8XWp3RZEZ0eXb7Md8r/gqU72TSDo6FMDVt3v
pUnJo2FBA1m5V/9UoYW9EbcfSTOS9TQjmSQPpxmKWU4pTGlIOZbCYwJ+S5RIGcHdkSgShWMufSRS
qG3fCSMdg8tbuVkPD8cKHRO+iSLqrMhwTjV+6GM4zGowA3lA8boF2UTaeU5H5moDdyhONtqpmclA
JmEuMrUv/M61CxoqIzwP9MoXRj98iEUaQ9o3jzidozgSN5I4zYtfitktlDpD2jcOe8AVsA9DctSv
/mnvXrqcjlHfH1ugTONeML907oN98HqE3qOejAyu2TJ98X37Nza/pesDcxTuN4i9InGRKUocdJod
7TGHZEu7lcw2SJiJOG159ttjoxn8NT0khwf6PsT6QvS5s91l7u3uLjejpU7deLCGw/fT0bD2y+oF
86qq5i2opptaB6u07IEVLaiqwslHv16jx7PhPEmnwUzGKw5Du6mRJ+0czSOyEfLY7UL03cNv1t4r
Zotl4naxS2TaZ7SRd3GFw6+IRLQQP/z943nEZxeZp6RLu8Sd3/4udutnsQyHEDLoIB37DUjf6A8P
A3S/ilan9uacsLl97h/5JqbXLSy3ebCVrm9uVp/69Nvfw3ZF6zktbm9C+/eQsOIm7maQ7M0Wc5tW
zeVq1dw0Q/jWam7gwsAFWb2Qc9yWiIkPBs3hiPstP9U0z29K/fQf1V71Mp1AHVV/XFMtb3hsV/26
zZUbrXTOyTdoKhW1gJuRob7ftOnyf35xpXGtTk+hlv+j7L1kbTT/p5j7YwXQGE3/hbZvp/969s/f
qef/Wsrznfx/4Jsg/H+c/tt/LP1v48h30n8tg6v/ofyfDn2Audv7/Bis++uVAsHMmX4uWSXjzw1G
K3ZzTEYkgWccGOZQSjKMxGJiGpdwiFgls8lo4Ckx20Tum8J/4NuFv4bp363805hW+Utj+Uw2m5/N
7ufvZ4bSwDdlPnaUvq02reGWb8RsyLKFbl+vNqE/RgbLuP1Y7C/U4rU6ma1Cu/CRseRxZdxYv5wY
stH0Didp95oszUY+1BHf5j3EH3ZWZ5lzjUl5/kSbTKamTjPGhrO0oHQjGqxHofGiekHDRj3NQH0o
iSYhTkgTCsfxxETMPKKSbI4R/Ca/OVkw63FZR/oxedGYcBu9NVVCHugtqVQef1U9r/6u4re1NbYt
Gzuabk2b6FeqcSSngtcHyj76j0BAfbj8pUuRWxOopoi6dzi1Oh3NVzAuaPzHYlxYpGSE3Eanx98h
kPYYhoWCp0NuizkELwjVyfwEt9Mgu7g8MtU7TQon64lgOJoJ/kBUOFGF0M+NpB259r/N1e7BFR0/
zszXASxyTv0NNtC4tHpnC9pfPHlYCcXKTLQ4D5jcGpweMlUjJ3GzYnkZiZ8p5dlkcZJH+xKgJbLR
PBatLTxa65AEOuw9WjDQAoFHdyEP8Qy70IntCV0J3LdSKt2TouzgKX9jt2oo1J2H3ryjuHLFRn7M
wMJo7cxlRgafv1jZdpR+oMctjXog2t8cC+G5udgnYWYL6EkNZIguosvoWrqB7uQuch/6U/05/gL/
0UBwaEj7z0L204W0DNfrh9eduD55dP3HNw0PPqR76T7ahm3/cLuI7TLV/hAZ/+bd/zsbT7S/UxQt
LFEfi/qR4S4hny7sTcSAXBKMPj+0xRI7YmMMcep8JqHwtS0BJWMlNozJAeLAOB9Pgui5/3/7sY0j
HF2vHfWq6Usqkwoy/F0PV5bQ5ThqwuN2UkbXUwygZC5ZQm4jT5G/4PxG/X4f3YjtqP68szhzNnqG
80fxKYQUkRqykbTq77jEL+HL+fV8OaZBW+gWnPmdtoaVQBafjtduxH09ri3XzmkhtnRSTrBKIO04
8yWuR8heKrB38cn/QFPIKnzPXNw70O1NSMt1auXKqQWvrdUMDC0E+cNMo4KsIRG877rePsfxShJh
1w0x3JfI1yxcM/Bl5BN8eg2poQLNhVzur3jvXJxp1riinYSDCjTbMmxj9DadLMfnHMQrImQft5zL
5cdoV+m030Y+ICd1usvJDhwvJJ36kcAAeQ/yaDnSr8kmnp0ni4330IDBSrONDSgrYvCSjVw58cF0
UkvQwE8atK/elGDk6eJS7l7ZpSwo9l8uCWSN/c7QLxv9XWR+lxTxnxoaml/MJ7CSLpbYBSmmLj4l
9G8/tvhvWWNnzy/2d12dMX34qTPKpuPcomI81UY4jfMzpmcRHYW4B049lhUzY6lt6n8Qn0lX9nvv
z/1fI/1X8wc+tl43p+O12iLVL8CjcZPqJcSWi+vV1uvD899sIf5dUm74nJQZ4kkZu0Hchryhz9l+
PL9Emri3US4HcS1v6IbhAbIYzuL5X1Fy88l97CqZyRaTItPPsG8l2Xw+mcLcpAjPizBzLGPZpIjf
SIq1NThOxoNAZmo7e52U8X/A666SQv7g0Afa9fp+lWQP0zQd939G4quR6Tjc+1B/xWgDH0V39j+Q
qi7kDLVmPIWANQfBSsYd1wQsc0W8z5KMOyKmtIsQK65b8R7b54TYGwlxrCTEidc7cc2Jz47BOReO
XXh/bCshbtzjyrT/77q0QpyZZJLDKFVO+8uqYTCfSTfhmD/FNSq9V1T49Wx4V4V3BHjbCpfDcKkb
LnbDP9yECy3w9yqcV+Fcz13sXD303AVnc+BMPfxShG4VTqvw31Q4ZYOTArzpghOp8IYAbyj88b/z
sL/zQNcxD+tKgmMeeP1lib2eD69h91oAjubDqyJ0HrGzzjAcscORRv7wODi0N4kdUuHgLxzsoBd+
4YCOVzJZRze88riXvZIJ7di1d8OB/R52QIX9HnhZgraXulmbCi/tK2UvdcNLjfy+F1PYvlLYp/Av
4tNeTIG9e+xsbxLsPTV0Thni99ih1QKtCr/bCy0ivNACuyR4Ph527ljJdqqwA1+xYyU8t11kz8XA
dhG2K/yz2yT2bAxsk2DrFoFtDcMWATZ7ofmZetaswjN4xzP18LQITyXBz3Hw8zBsetLJNqnwZI2N
PemExgaJNarQIEGDwm/AKzaoUP+Ej9Wr8IQP1q/rZutVWBcpZeu6YV0jH1mbwiKlEFH4tSnws3yo
wzvqKmENdmtuwuNeqFXhMXzyYyrU2KCmka+uGseqVagaB4+qsFqFR2SonA0VAqxS4SEBHlL48gA8
WA8rVVC2raiE5d2wrB7KVHggFkpFGytV4X47lBR7WUkWFHvhp2FYLELRIg8raoFFHljogQXzY9mC
FJhvldn8WJiH3Tw3zL03kc2th3vvlti9iXCvws+xJbI542E2Ls8Owz04f0893C3BrLsENqse7hJg
5gyJzQzDjOkWNkOCGVGVTLfAnXfEsTtb4I44uF2xstvrQZloZooVlEa+8LZ0VtgN07CbVgq34Stu
S4epU+LYVAdMKXCwKXFQMFlgBQ6YLMCkfBubVA/5eHe+DfIb+YlmmKjweRPiWF4LTMg0swlxkGv2
stwWCKdLLKzCeCvkWESWkwTZyeksOx/GBQQ2LgmyxtpZVguMxXvG2mGswmeaISPVxDK8kC5BusKn
jbGztBYYg3Nj7DBG4VNNkIKPSOmGZGeAJadDCLuQCkF8YLAFAn4TCwgQaOT9JvArvA9XfRmgnEiy
Z7GkAvAGILEeElzgCUN8GOJwOU4Fd2w6c1dCLI5i08HFBOZKgpg4cKKQnQFw4L2OerAjS/YskFE6
sgo2XLMlglUGayMvIXPSTbCIYFF40QYCXip0g9kLJqOTmbrB6AQDPtYQA0wApvA8OBjvBr6RB2pj
4ABQeA7POBXHQLGQxyLyFF351Daa+f/mRv5vE/DN5iX/BeuWg/kKZW5kc3RyZWFtCmVuZG9iagoy
MCAwIG9iagogICA2NTc1CmVuZG9iagoyMSAwIG9iago8PCAvTGVuZ3RoIDIyIDAgUgogICAvRmls
dGVyIC9GbGF0ZURlY29kZQo+PgpzdHJlYW0KeJxdkstuwyAQRfd8Bct0EfkRe2gkK1KVbrLoQ3X7
AQ6MU0sNtoiz8N+X4Uap1IXNYbgDd2Cy/eH54IdZZ+9htC3Puh+8C3wZr8GyPvJp8KootRvsfJul
vz13k8picrtcZj4ffD+qptHZR1y8zGHRqyc3HvlBaa2zt+A4DP6kV1/7FqH2Ok0/fGY/61ztdtpx
H7d76abX7sw6S8nrg4vrw7ysY9qf4nOZWJdpXsCSHR1fps5y6PyJVZPnO930/U6xd//WNhVSjr39
7oJqqipK8zwOkWtwHblGvE7xAvFC2IKtaDbQbCKXeeI4xHiJeClMYJJc6CvRV1vwVrgH98IM5sgE
psTQkGjIgZ0wziI5y4CNMKEWkloItZDUUsNnLT4JdZHUZeDNiDcDjRGNQa6RXIJnEs+EeyC5hwo1
VlIjYR+SfegR/Cj7QGOSxiBuJA4PJnmA5zjIw91eSJ5Qeu3eG/YaQmyL1JCpH6QTBs/3np3GSbLS
9wsRFr4kCmVuZHN0cmVhbQplbmRvYmoKMjIgMCBvYmoKICAgMzc4CmVuZG9iagoyMyAwIG9iago8
PCAvVHlwZSAvRm9udERlc2NyaXB0b3IKICAgL0ZvbnROYW1lIC9XREpDUForRGVqYVZ1U2VyaWYt
Qm9sZAogICAvRm9udEZhbWlseSAoRGVqYVZ1IFNlcmlmKQogICAvRmxhZ3MgMzIKICAgL0ZvbnRC
Qm94IFsgLTgzNSAtMzg5IDE4NTQgMTE0NSBdCiAgIC9JdGFsaWNBbmdsZSAwCiAgIC9Bc2NlbnQg
OTM4CiAgIC9EZXNjZW50IC0yMzUKICAgL0NhcEhlaWdodCAxMTQ1CiAgIC9TdGVtViA4MAogICAv
U3RlbUggODAKICAgL0ZvbnRGaWxlMiAxOSAwIFIKPj4KZW5kb2JqCjggMCBvYmoKPDwgL1R5cGUg
L0ZvbnQKICAgL1N1YnR5cGUgL1RydWVUeXBlCiAgIC9CYXNlRm9udCAvV0RKQ1BaK0RlamFWdVNl
cmlmLUJvbGQKICAgL0ZpcnN0Q2hhciAzMgogICAvTGFzdENoYXIgMTE4CiAgIC9Gb250RGVzY3Jp
cHRvciAyMyAwIFIKICAgL0VuY29kaW5nIC9XaW5BbnNpRW5jb2RpbmcKICAgL1dpZHRocyBbIDM0
OCAwIDAgMCAwIDAgMCAwIDAgMCAwIDAgMCAwIDAgMCAwIDAgMCAwIDAgMCAwIDAgMCAwIDAgMCAw
IDAgMCAwIDAgNzc1IDAgNzk1IDg2NyA3NjIgNzA5IDAgMCA0NjcgMCAwIDcwMyAwIDkxNCA4NzEg
NzUxIDAgODMxIDcyMiA3NDQgMCA3NzUgMCAwIDAgMCAwIDAgMCAwIDAgMCA2NDcgNjk5IDYwOCA2
OTkgNjM2IDAgNjk5IDcyNyAzNzkgMCAwIDM3OSAxMDU4IDcyNyA2NjYgNjk5IDY5OSA1MjYgNTYy
IDQ2MSA3MjcgNTgxIF0KICAgIC9Ub1VuaWNvZGUgMjEgMCBSCj4+CmVuZG9iagoyNCAwIG9iago8
PCAvTGVuZ3RoIDI1IDAgUgogICAvRmlsdGVyIC9GbGF0ZURlY29kZQogICAvTGVuZ3RoMSAxMTM1
Mgo+PgpzdHJlYW0KeJzlenl8FFW2/711q6q7equq3tNJb0k6naVDmg4BIgGLRUCWiMBgRCMNJAES
IET2QAwu7EtkC0GjichDBxUCIkZBiBhRxmEyM6K4zehIXJiHGedNhmEySeV3qjoB/M2b93mf3z+/
9/m8vlS66t5bVefc8z3nfO9pEEYI6dA6RJBv7qLZS754p8GEkO8gQtTMuSuW+WqyX+pEKAkm4T0l
S+Yt+m7dn1sRSt4DHVvnLVxdUjdn82Y4fxkh7435xbOLxL3jjiMU8EHf4PnQYfbpP4brArhOnr9o
2aoLm/g8uF6r3LOwfO5sRO29hFBKKlw3LZq9agm9mcmG60/g2rfk4eIly1ez1+H6BkLMQ4hCJXIt
XcIcBGk1yCUZ6PcQ+x7WMoUUjbJaL10biIRL1y5dC1tEvxjwi/4SGnUvJfHd38i1GtON/3iYTUMY
Le29whxkfkRuNFSKdy1GRKjmi6yLDQtI1CPyfIo7iBwmLuAROuFRncoz2zuvdV8TzneETwjeci+F
CzFLJyWmBFOoHAH5I7RDTBqAkxIpUTBnRwYPYQ6Oki907OqavWQR3oXvrsTWhorAlxf+dP36n174
JIy3/uZy0ewl2H0CP4hfkkbKL54+Lr8ivy43y680PKvo2HuF3kqPAaukokekrHi/Pg4JBlwZt1tb
Y/HvSNruqUnZZokaKk1UHIP8mYnGkItHQT3jSrSnpwmdrSB2JNIudIjm3NyBKKujXe64/q3Qcb1D
zM0Vc825YSlZSC9PX5Xakk5XprbgFqqFtNKtTCvbamu1tzpanC1xLS5jIeiZk5TI2qx20MoiZtv8
OSZQMyVn0OBsf86gFBjTJOWMwNkRO8n6YfOGTcuWbm8+KB8c3lh27Ncdn2Jq9/rFjwmzoq/N+N13
OP8PKyrLH9uBT/f8tnTphLGnG//t5N2r1xfNuZyW9jlS4IUmIEQ+BL2daK+UqOUsDEZ8pYgY+zYj
VynW63VaKhMJIbM2aAiZwnFCZ/u1SPula0KromNHRD5/XugQzougYlgaKiABC5RABFpgBJtgFxyC
M8slIQlLlEQkWmLG2CS75JCcNng1pUz2YR/FKkpPbLJNL3gLxfW2wFAcNGmoOGTo/ThmZdamrkS2
mJTjt8WU/7CUyZ+4aedHPRcPNeH5gw9XZs6l0+Tr9+SfbpJdpaVk+oK3ystMio7DwK+mslbEIUky
s5XaChpVUjiEghoSYsI60CnS3Q76XIt0Xwsfr9HjW+LoVHF00GLiBG5KgQ8e6bl67BheUFpaykil
qA9DpbCWeuRAGZIF1RjYGvM2Q9RJXLYxnItPdwK6Y9gGZAOwfXHlcQDsQGRwzLBgdEciyhmEsiPI
ZkXU/D379u3Zs69u9/fytzju6lUcJ3839o/t7Vevtrf/cS7OlmUckX8ly/JF1ZbgY+Q4vD8NfSqN
BM9I9o8w6D1eyu0boTfoJ+sNPj9tx8+hRqYmaH/O1ugC6YLRdJ/e4HdrHZk29wheG7SNTaYyeXRX
uorpdpAzhmkF1YrcnddUUDtywxOnFWgE0w9wqlH/3p943JcBaycVBL1BX9AfTAwmzdTN1M80zDTO
9M70zfTPTCxI2uDd4Nvg35C4IanWW+ur9dcm1iYd8h7yHfIfSjyU5JYyqjOOWo/ajtqPOo46j8ad
tZ61nbWfdZx1no0zFaLCITnZHjC/smBZeABWvCJid9j6QGK1e7EH26wsOMzSUnr7lrWPzdq/fvOa
j9+a/ubcUnrT8mUrZ27ctW/9dx/Max12Y+WKwvvHzhiYGXqiZNehUPr385ZNnTr63vTMrO3l+14J
qf7RO12eQV1mPkJWtEiK1/IcRkXMYrORK9fPMT9mo3hkSDaJOq1NuNTa3a7GQlihiNAhg0/khgFG
OgVGNiSBfWzI1tuiwuh42K5izDR9YhM//QFlhgo0mzJTnUH69VQRnySqKr38MCkoWPnQ91TFmfNf
jNstP/Xvc2fXfsbklpV1nf3bF4kKBisgZseBvFrwoNGSH5XbHjdoyk1zHLpyToNtPO1MQrQJFEi2
I1HvdwEiI+0RcOhvxZiNszoi18GvO8LHZ8UrjuCPgdOPY7CP0DYrneQHb8RdWLu3vn6vfENeeeYM
de4rzMpdX8nvfUfdeK5uf2NXbSmDyq683dLe87vSWKxR/MMN+HShHMmF9jtqiHGfYa9Yw20j0XhT
psGFrC42PV5JAb+81Ocm4Chye/h4eYIiixIIEUR/xeTiTZMr0Z92B3/fpHiJ6/vi94vLbNsf31u3
r3blDhe+8/BxcBTUiwdmheUft6377ttvv19bhZS1gthHRZkr4K82dLfkIJy50lovQIhHhDWGDEEL
HxLD9lh4UORRA8SlX0KIcNwWIuyq5ezQYpazqJCMYdByM1y8NzprwOhRWVmj//1Izx+bIGAxFQPG
jBmQNWrUP1IhWE0tg2d0QSzuhBypQ6ukBLqIYRlSxDKTCUtjhl2gxUsRpxFpROkBbK3drapAna1q
7FV8kf5BI9A/3J/YDzq9Cjo90veBTuJ8yIezuCwdrQivV+eowuuVueocf45fZHIC2aLfhpMwLX+I
F27BENQ+e+fxa12VfXbcihCdD3ImoMmS32BFvBEto4pcxcwC40rRajQ4kA47WK1JJ2Cz3g1xRKEH
gpIIVXxd75A7hFbFPST9WN1Y/VjDWOtYGwMrmiQqoR0QhlkNVhbOn4NH4FhsxOySsk/nX8Um+VdO
g7yRKl/ePRy/W7vumS019XQF1uXmfX3uc7nNAWPN8sFFuLX2H1v2Hd6hyFsPuKsGedNB3gzOXey1
LDMXO4q9fNoyVJxSTBbw0Qyfh3MnpelQEsu6WINVh8xURiyr94ueexsnAQU6csMWNRGBpTVKzKH9
QE7Em9EpAxymP65rkt5bfvmhz68frm/+QP5OvrH8y8VLdEee3X/sZNOsyNGjT27cuNe4hKkNDXjr
xY2v+VyXX/rNl5FsnPjknmNPNb1WsnPX41vXPQJ4vRPWvQn0oJCIGqQAVcTpOFyk03GTsc6Alpo0
ArNUt4BQWppFopHwei1lFjov5QFY8mC9Ye3bu/Mu5V2L9AFGUBDDAGKOZ3EA6JM+zmf0mUgMHBOb
DNMfmNhkVP7EQpRZxYoZWgwrklOPXXgovhvTLGWnUnWDqaG6cdR4nQbiNBa5fgsqYIKAQX0gU+Rk
T8GPPcuoHeexW77yI+4iru5vZbYUBxaRzm5dmfy5Yq8jYK/VEMO86BUpQFj3KlcxKyzji63FrAGv
RHMMUZ9bpHQe5GA5j6jjKR+EDABZq2KomJViNpLbzWoM5qYrGt1UxKcqAs7QzzEmNplhhiU2qHqN
T5kU0zKFJzzNMzzLa3gtH8e7+Hg+gXfzHgOPeOxFXpyFsjCr6AxqKpBQcvdPwaBiQKTZnumDts74
D+yUv+lF8z6pqOCe3/3s4Z83zNycM4P56KA8PTlZ7vz+B/lvivV31P76nXNt0miqQ4lVm2FNasH2
ehRAc6VEA2KLeVRs8y70rE4qjl9gi6b4dB47Yc02A8sxTn0KLMm1ztuZdMfHHQpJC3AGzigqBI0V
NKLWYrAYBZPAC4IophnSjPnefF++3/wTTkL6lYLoKyrcuz/hUtSz2+vqttfU1r0x5uWFX2IiX73a
I/+IR+HAPUceqDA8tvjcmbFt5861vf/Wex9TP06cANpdkf+EV+OH8CZ8xOO5Xlwqf6bGFNjL0I+r
eethyU2IQg8Jxmgyg8lKzRxMKEwQrUMsxSleCWwD0Nx5rR/ITB+QVVuDETnVwpzC+G5ZWOlXjcsp
42r/CQd2EqqQg1inJFk//XhP814qsyd/ObnMlHftZAY24weVXNE7TM7Fx9Vc4UELpESP4DAQzmGP
r7FwkDDqLc94nZl2yBv2wXwQckfYC2lDyRpCh0IJuhVsfnxe+JXCpMIns3xR3xIfuZVDvKq8gKU+
eU8sdSx1UqjwJ7kEskiMBgT7ucFFJamMDGeNzjyCS955afzjI2Zpfjb1gftu5ha5suwfFQdP+f2f
R2eueVRZ5yGAo8/pILCD5VKiQ2QNRiu1nnMaK3lUz0VpFHIwQRLCd5hCQtCQpdCDdlAkrz0WPBRm
E1GDYbg/g7jUJXUhV/+SVsc3xVM3NXOpmrmUaTFL+G/b0oiqSvYYzaE+wgVH5KeyD5Qde+EQnjWr
ct2GRjrYPbr0dGn5hctUblnP3nNPnn4VX1HxMgy4bpCpAKY9X3I7dEgw1lhpLapkqXpr1KkRRBzi
QBOUBZw7T9my/DLGX+G8VZBb+8iZURHRqWrgRM5+j7cxGkZr09i0KZoUbVZcdVxNXEOcrhAMkC3G
glmMdGTHtPjdgQNv4JnyoUFjx4+itmp37Gx4gpwuwxPkk2U9hRsn/WzWzg3bf6748Ea5XlPOHIDX
TQY2OWzUyIl3BfOTDWjiXanJxHhXJTexkq+UyNrkygxurbMyY0h+MNVsGh/PjjSgeFOC2T2cTfDE
Dx9I5YMPKMSopyMS6d9xKgRU6crrgNzUCn1Kd99XOHBzCwm+C1qoSTWYkqzEJZayWc0OO61o5FC2
2MnKFnuQecjgZMjFDkhtAmLIzWAA0xjTsN2FRz/77Gjh7mH1h0+PGV0qt706s2nGL74qmrUIZ7zy
6FfRnIVyx/Ovy69WPbp+w7pqfP+5j/HslZPy5TeBotUsXb1xU+XDO25MndJ14cLfp0zd0d0d6Dpd
fn76+u0pwUJ5499ekL+bt7Jq0qSxhYXr11TjcW8147HVj2w6VD/n27Vyp3yB4JoFVU8ffbbh6DPK
ugIW6GbY30HUReOkgJ8RbQR59mide0y4klSgSlNUu80c79LnWKiQTQT0hxMV3gvEt1Olde1qfBSU
XU1u+Hh1EiTDISo2lcBntlkpxekAtTiG1dhSXIO93+AX1rTeuNG65oXB8j68YPe27Tt3bt+2W9kP
9iwqmiX/oqtLvjCr6FApXt5y4esvfvfVL8727xNnAA+2oniUL3kora0SafczNQZnDXpa2TAmaDmb
C8Vj2DImKIICCflljA4rbFjoUKoJZp9bcle7SRtqw21Um60tnlG20X7bbdjs20pqVKasoWd0f3fg
2dVPe/eEfnj7qvwNtn/9Z0xdYnduqt4lUEh7+fPqqqNNQJa78SD58rE33zrzRozvvd17BX+AOiD2
DT1hZBEyCJe6WyFf3ltwQgf30Xl5Ql7e/QPRCTKbixpA4NgYhG69JjYWHnJbIHt7Uu6Q/PwhuZPm
D83PHzokf3JfHULzEKxJGP1cGulzWYw0m4GIxi2sJ8HKtPqA32nVM5rKAWRbkp1DcRbdcENiyKcF
ls7e6RgeF7SFLHemhtJ9weRQSnhgrEyhRGCIXwI08AIwdF5eR6TDEVHYWwRs7VAY6J2RWZHyyJOR
pghzKx4PVKPWQGh9VMeSpcvSZzmynG26Nn2bo83ZEuEKcYz/9VUmYqj4zy5u1izoQM6/LX7h4CGZ
aoyWr3m0Udb2fVNKCSP72aK1h0jB8pVtv+k5X1pKBZ7f8uZxpZRBhRo2xs6UokbpkjUK5uUZdDOs
lwEloZ9JIYxENzHSe1wQyBM9lT7dHus2V9T3GF+f7A0hjcuR4zeF3AIKGsPJN6EvtCu56ZpajIjc
xP+J6kBTQCm32W5De7Bfh35viKmGD/Zjvvkn3qCURqjxC/pA/1rZoVvOIMeXlcXsTXeA/G60RBqg
MVpdNMGO9TpSydTHm00EV+q2CUgcbkkIsXzIEjTeQYdcbBCFqLCnz7gxwypW7QCbdqtlCoeSXL3V
3ibvbcnVoxrTAy1mzOzbTfJPBpuumuL5hU2HDsp0Q3Q1ZCFle/bWwsW/+Fg1C3pn56lXwRhI3UNu
BF+uUXmZAyVJFlRsYIvNC5SaDwRLjuX1t2o+SuUkHIiYRYGKlS0dKp0CB4W/1Nb9dXX7leMvQJDE
v3RiQf5xLJ6Cp+HpeIrcJL8svyI3zcV1eDEux3XyfHmnvEuer/rnTHyZmkktRQQJr1GIxogW1HgB
W1ULZKuZFJIRtbRelfcj8OUvyWpVXq/Eg8faZvNc1GlmAUpOQdkdKLIqxOUnTivedv7R5KFDJ0/K
zZ00eWjupEm5Qyerjjx08mSqta8/FjeivVfYOcDp4tBiKWBg4yyIW28XjTRB5Tw1xx51kWTGlGzg
hWQzTmZEpFYj2i+B16rIbIfE7Yj0bb7CJ7zx0XhKteotsv5P5OPJ+EaFfMRqJoKC37j+C+T3IRF7
z1Ljz5765ptTZ/GNM3KXfB7aX5nSsrLubvnrr7/GHkLD+ffyS5CoEvA01B+vr/Tll3ukFDstQH6J
22P07tGIlRbIL5qocRtlDtkEEsQhlJPg0qUrCUYhTipz+mmCkTiUJCRVJzUl0bgw0M+GlJQbq2vk
+H+SbensJrlOca2/33hXcS1c0rx7246dO3dAoikFx8JDurrw4FlFVFrpPz5YcPYXX/3ui68vqJy1
EyHmc1h/CrZsr0j3IqWiQBVhimUZs0gJRSzDq12APo1WgwWtxgSH3kAZBa1WM5liTeVIMGgJXc7O
0RFR4E1GvVYDN2BktHDEAgCLEfG8djDUpWvmm2zcEdEAJVdYuVZl5hq1q+8C9pupZqVOaFc2ULyJ
5+lUJpVNNaaaQmKGWd1J+TnYPmNoinMSP8m24aeoZLmjZ/zjlPVFyra75w+Hqnq2VR2k3NT5f7hL
mbKuvaWleLzcHKtR9HZBfKmGTG9CzVKujqO0DUaTUdPAakzwNUKrAdjQDMWOUPYYGmTQMkrIIfXI
ZORARfAhjtdT/E0NuxUoirfrpyoTU8gRAZW0OkWl8azGrglqfJppmrmaFRqNVqvl4ul4xsbZdAGU
Tqcz6Vy6Lt00FIWF8WiccZzpPlRgmofmm1bQK5iV7CrtKm6VbpUxARbBH0MuF/vCuEtevRpfPYwz
cEYDrlkprwaWWdYToD4HwI7pr+VXAE4TUIWUorEjs65SixLomrgKwVBp1dabOCPOREa9JogGW3hg
QmE3kOP2CMC0b+ucBfkR0iPsVDoiCm88XuO5rdLlVgOpG1oskL4eRVFM3enBisVi5Tg3Vvf6fWkv
u49xkorZeNo986bjNPnytZ6Xm5qa3nh19IZRTNzE/Iqdm8u6j6gVsPXHTzrjVH+Tc+krkBu8KIRK
pOwQoMQiJPhIGqp0p+2xaJ/VGGropD1x2yxR+hl3fSaXqfGEfAl8EOWkuDRD7OmZSorojP0ecyvF
/f7bPhcEzcyqGw4QBlQPaBoAboh/urMajm93SVh+fJtD5tDZ3VcXtBREzRuqDuy75Zl4vlzX75nk
dPcD3/w9JeXL+dHXW2tuOemhMnlbn4u29P/+QneAzdyoXAq5rBpjXxas+H/Pgmq4/G+nQfG/kwbV
zZhKa2fclgdrVFISi/XDQI/vQI84XC0VOBo4rb3BZue0fIPAazmtqYHjtBYrZbaNEASeH2Hi7Xbb
ZDuvJZSRq9TTlWyF0yoQqlJfb0aYIZzNwht0rGjXmEUEe1JNkAmRsEtQt6JCS4s5F1J9H6e7Bp6p
Mpibv0nEvFL5XULoC0HwT6mMHueVkrb0mUbL8Zxd67BrXbzLnqJN49PsQ/lce65jPD9Dex8/TzuP
n2ef71ip3WSv5U9qnTSn0Wn0jIExsiZkYnmtRW/V2M2cRWfRKxUUs0kw2fh4q9PmsKdyqbpUfYop
jc8U0sV0c4Y1ZEuzZ8UPNgw2DjblCjmWXNud8WO5MYYxxjGmuyz3cwW6Av19/AxxhnmGZT5XYigx
zjMV8/OE2eJs8xxLsbXEHo1Xw4K+UlglrjKvsFTatlq2WjfbNttr4mv5WuEN7k3dm/pm+3TwxLS+
Sr3YHz5iTE0jZlMTeroPAU/DLfvxH07KrXjP/p7OOvnczkOKabv1+JmyMvmLnt9CIH1to/xbNfc9
CrlvO/CbOBRAhVIycvmKiWWhebWjmCeuYm4BH02x6syITWIMNjdrtrNK5UlxvljlAwAKoUVWYRmW
4r3YS3mJl/YyXo/X6/V5/d7EkZaR1pE2Y391f1AfIfLf9EYzvul5g1LImdFHFv1e7sWOqz2Yl8/I
X9xz5IElxscWnTsjn9mxb9+OHfvqqGcmTsCG769gUd4oH5BXyVM9nhvFC3GATmw7d+7XF95672PQ
jag1te193C0LjZASk52k2MYVe/ji9AWeaDjZaTAzQQOTidh4G8sG/fqwUnzq7C8J95O6jzuUasJt
EYLcdh6rDcOuGmLhkP4frIBHkTcbnnyyQTnStqxds3XrmrVbFh4+I1+/8Tf5r2de2vfcjU8/vfEc
rms8dqzxuWPHyIpNdXWbNtfVXXBcbPjtlSu/bbjoiD+66URb24lNRxX/+1TN9TTo4pd4pCEPc5jR
0shA6VjYruUpFWBwlkt58B3Gag0jSVSK/eQwNbCnrbGnjRrI0D1tB5STA9RAFPNqpQ4H+z1EU/nw
7UEC9JhQNeoFWjobr8KP4F3UeeoLX4ov7LvD97I/sbdX+T8EqBFPxVEYr+obt8B47s3xf/1R4tMX
+Clcj5+F1tjXzkN7H7+vjv9nn3RVNkgdEEUNyAgS8iCpCKwnDaVCFrn1saNEFdW3f7S3nXM3z3z/
QkICWNEBD3SiZPCIFFhvCwoiBjhoAmJhPw9hEGmQDbhi0n+p6f/qD9ahpWCFZvQBtA/hbBIqRRVo
I2qE82/QGrX/bVqrNOj5lFHmfoiacRrMo5SGs5BixzPwnGwY+wbml8B1I5qjjneRi2p7ilykViKK
TIGzKeodjaiZDKNpcjF2qHd9gIajN9Fh5Zy5iGph3lR0GdooePoEdBp9ih9HB/FHqAptR0tpRQE3
1gGvLoUG+xu1/YgeVN+s9JUyH0EmbESloOdpePrBWD9Ow1NJlJTgAtCQwofJeOhdj0rpKLSg2sao
+sV0oKg18P4+fdFF6kEqjQ7iw/Ae5R0X4fmH0XCQtwQkHQ8HpchPrqJGYgAJ45i30QTNBNaAWU0V
mg6ja0g2fop1oyiqItPhCfnQtx3l48vwFoDrSZahCTD7kE9oogJ3FzVJ9xb43r/fnxn6vy59gsbX
hKY0GVf7mnt7pxQAu72/iUloIgFtEx1I+sO/GvxDZmjilAJf04W7xvQ99a7oGOibVgCnyhV0Q/9d
YzJjfk491PyX1EUHZ/F5f0XemJN++Gn+n/u///5Jzx3CJ9qvUMyDY5EB/moWyW6ERPffP+leInzy
TxEjg4YVo7YixHrBlu+iEvIhmkDVoGH0b1AJHY+Wkpze6cwcVEGvgXk1aALjQF1wbIWjHo474TgC
x2Y4XqbW9A5jgmgIGYKGgRAbGS8857T6/Lc1tXAvXMO48oyN1Ak0kzqOPmLPoCj0lzDv9XbS63u7
qOvqvBJlHv0pzHegR5XnsyeUmK5+xvQd7aDgF7AwLRCGUuF4EYJNN8T9l0Gb8XB8AtrPh+UQ4IA5
3CaEdEsQ0j8BIbwIISNA1/hLhEx7EOJhvtAI6wReYYZHm2HcAv3W6QjZEuCAMRvMtQ9FEPDgaEbI
eQJgBe90wTPjH0QoIRkcAd7vgfd6Dyr/F01d7QyKQxmoDimeK6D9EA0Rrcd/gWu6mVonffWeTM5b
yLutycy7ReRdiW5NJu8Yybm3g8y5IvJ2kLQUkrNV5LSenNKTN9+wMm9GyBtW0hwhr8vkpExek8mr
Mjkuk2NN45hjXaRpHDkqkyNV5BWZvGwiLx02MC9ZyWED+XmEvFhEXvCQgxHy/IEi5nmZHCgiz9Wa
mOcCpHGVjmkMkIaJ5FmBPDOA1G/yMPUyefopgXnaTZ4SyP46E7M/QOpgXp2J1En0Prhxn5XsW0fX
mkitRO8NkD1PhJk9Mtm9y8LsDpBdO43MLgvZ1YwliaN3PqljdhrJzmaMpLvpJ3XkyRa6pryKqTlF
djyqZ3aIZIdEb4ez7XeQbVtPMdtksnVLIbP1FNm6jt6yOcBsKSRbJHozyLU5QDZtFJlNHrKpubdF
6qU3imQ9vHp9EXkiTB63k8dqyaN6sq6oiFknk+qFAlMdRx6pMjGPREiViaxdwzNrLWQNTypryWqR
rNKRlSt8zMousmJ5ArPCR5YnkGVw0zIPWSqTh2VSscTIVMhkiZEskejyKrJ40QhmcRlZNIIsLDMw
CwWycB1dZiBlEl0KryztIgvmn2IWyGT+vEJm/ikyfx09ryTAzCsk8yS6JECKYVJxFykqInNtZI5M
ZsskOmsAE5XJrAHkIZkUyuTBieSBKjJTJvePIQUyuU8mM06Rn8lkWhGZaiX3RsiUe3hmShW5hyf5
I6VRZJKeTCgidydqmbtryfgIGUcEZpyFjDWTuygdc1ccGTPawowpI6NHCcxoCxk1Us+MEshIiWNG
6onEEUlZx2n0nbVkBJ3JjJhMhudZmeETSd4wHZNnJXkSPUxH7sg1M3cUktyhIpNrJkNFMsRIBssk
Z5CVyZHJoGwLM8hKsiM6JttCIgM5JqIjkZh9BnIknOVkwmNI1gAbk+UkWS30AI+OGWAjA9bRmVwR
k1lLQhlWJjSRZIASGVaSIdHpIHp6EUlLDTNpI0kqCJYaJkH4Csok5Q4SMDqZQCFJTjIzydNIEtyW
ZCZJEp2oJX6fk/EXEp9XZHxO4muhvfAyr0i862iPjngk2p1EEngSn0xccWHGNY3EwVPjwsQpEwe8
1CETu0BsVitjKyNWi4WxWolVoi0WYoZ55lNEhOUVZSLAlzCK8CA/X0tMMGaSiREeYHQSo0QbZKKH
C700tIzoYI6uinBFRKsRGa2VaETCMhGGrSIM3MdECA0PozMJPJTSETyNIJngZly0fjvO+B/7Qf+/
BfgvP5D1/g+aLLZkCmVuZHN0cmVhbQplbmRvYmoKMjUgMCBvYmoKICAgODA5NAplbmRvYmoKMjYg
MCBvYmoKPDwgL0xlbmd0aCAyNyAwIFIKICAgL0ZpbHRlciAvRmxhdGVEZWNvZGUKPj4Kc3RyZWFt
CnicXZPPTsMwDMbveYoc4YDaJW0CUjUJwWUH/ojBA7SJOyqxtMq6w96e2B8CicOWX93Pnx3LrR52
j7s0rbp6zXPY06rHKcVMp/mcA+mBDlNSG6PjFNafJ/kPx35RVUneX04rHXdpnFXX6eqtvDyt+aKv
7uM80LXSWlcvOVKe0kFffTzsEdqfl+WLjpRWXavtVkcai91Tvzz3R9KVJN/sYnk/rZebkvaneL8s
pI08b9BSmCOdlj5Q7tOBVFfXW92N41ZRiv/eNQYpwxg++6w6w9K6LofqGitcDtW5jXA5VOeNcDlK
PCAemEfwyBrkes5tevj0hVv4t+zvoHHifwe+K2xRy3Iti1qWa1noLettA26YW3DL7MCO2YM9+6MH
xz146D3rPXw8+zTorZHeUNfJHaF3rDeE+RDHI+KRfZDrJRcaxxqLuOW4gd6w3qIfKzOBf8v+Dv04
6QdzaGTmuJfnezmwE8YdndzxFnzLPIAHroXZWpktNJY1Bppy8GL8bACvCO/y7+6Fc85l7WThZd94
06ZEv9/EMi+cJb9vsG7R1QplbmRzdHJlYW0KZW5kb2JqCjI3IDAgb2JqCiAgIDQxNAplbmRvYmoK
MjggMCBvYmoKPDwgL1R5cGUgL0ZvbnREZXNjcmlwdG9yCiAgIC9Gb250TmFtZSAvS0hLRVJTK0Rl
amFWdVNlcmlmCiAgIC9Gb250RmFtaWx5IChEZWphVnUgU2VyaWYpCiAgIC9GbGFncyAzMgogICAv
Rm9udEJCb3ggWyAtNzY5IC0zNDYgMjEwNSAxMTA5IF0KICAgL0l0YWxpY0FuZ2xlIDAKICAgL0Fz
Y2VudCA5MjgKICAgL0Rlc2NlbnQgLTIzNQogICAvQ2FwSGVpZ2h0IDExMDkKICAgL1N0ZW1WIDgw
CiAgIC9TdGVtSCA4MAogICAvRm9udEZpbGUyIDI0IDAgUgo+PgplbmRvYmoKOSAwIG9iago8PCAv
VHlwZSAvRm9udAogICAvU3VidHlwZSAvVHJ1ZVR5cGUKICAgL0Jhc2VGb250IC9LSEtFUlMrRGVq
YVZ1U2VyaWYKICAgL0ZpcnN0Q2hhciAzMgogICAvTGFzdENoYXIgMTE4CiAgIC9Gb250RGVzY3Jp
cHRvciAyOCAwIFIKICAgL0VuY29kaW5nIC9XaW5BbnNpRW5jb2RpbmcKICAgL1dpZHRocyBbIDMx
NyAwIDAgMCAwIDAgMCAwIDAgMCAwIDgzNyAwIDMzNyAzMTcgMCA2MzYgNjM2IDYzNiA2MzYgNjM2
IDYzNiA2MzYgNjM2IDYzNiA2MzYgMzM2IDAgMCAwIDAgMCAxMDAwIDcyMiAwIDc2NSAwIDAgMCAw
IDAgMCA0MDAgMCAwIDAgMCAwIDY3MiAwIDAgMCAwIDg0MiAwIDAgMCAwIDAgMCAwIDAgMCAwIDAg
NTk2IDY0MCA1NjAgNjQwIDU5MSAzNzAgNjQwIDY0NCAzMTkgMzEwIDYwNSAzMTkgOTQ4IDY0NCA2
MDIgNjQwIDAgNDc4IDUxMyA0MDEgNjQ0IDU2NCBdCiAgICAvVG9Vbmljb2RlIDI2IDAgUgo+Pgpl
bmRvYmoKMSAwIG9iago8PCAvVHlwZSAvUGFnZXMKICAgL0tpZHMgWyAyIDAgUiBdCiAgIC9Db3Vu
dCAxCj4+CmVuZG9iagoyOSAwIG9iago8PCAvVHlwZSAvT3V0bGluZXMKICAgL0ZpcnN0IDE4IDAg
UgogICAvTGFzdCAxOCAwIFIKICAgL0NvdW50IC0xCj4+CmVuZG9iagoxOCAwIG9iago8PCAvVGl0
bGUgKERFVEFMTEVTIERFIExBIFJFU0VSVkFDSU9OKQogICAvUGFyZW50IDI5IDAgUgogICAvRiAw
CiAgIC9EZXN0IFsyIDAgUiAvWFlaIDcwIDc2MyAwXQo+PgplbmRvYmoKMzAgMCBvYmoKPDwgL05h
bWVzIFsKICAgKGlkX09ic2VydmFjaW9uZXMpIFsyIDAgUiAvWFlaIDIwNSA1MzQgMF0KICBdCj4+
CmVuZG9iagozMSAwIG9iago8PCAvRGVzdHMgMzAgMCBSID4+CmVuZG9iagozMiAwIG9iago8PCAv
UHJvZHVjZXIgKGNhaXJvIDEuMTUuMTAgKGh0dHA6Ly9jYWlyb2dyYXBoaWNzLm9yZykpCiAgIC9U
aXRsZSAoUmVzZXJ2YWNpb24pCiAgIC9BdXRob3IgKCkKICAgL0tleXdvcmRzICgpCiAgIC9DcmVh
dGlvbkRhdGUgKEQ6MjAyMTAyMDEwNzI4MDRaKQo+PgplbmRvYmoKMzMgMCBvYmoKPDwgL1R5cGUg
L0NhdGFsb2cKICAgL1BhZ2VzIDEgMCBSCiAgIC9PdXRsaW5lcyAyOSAwIFIKICAgL05hbWVzIDMx
IDAgUgo+PgplbmRvYmoKeHJlZgowIDM0CjAwMDAwMDAwMDAgNjU1MzUgZiAKMDAwMDA2MDQ4MyAw
MDAwMCBuIAowMDAwMDAxNDk5IDAwMDAwIG4gCjAwMDAwMDAwMTUgMDAwMDAgbiAKMDAwMDAwMDAx
NSAwMDAwMCBuIAowMDAwMDAwNzY5IDAwMDAwIG4gCjAwMDAwMDAwMTUgMDAwMDAgbiAKMDAwMDAw
MDc0NyAwMDAwMCBuIAowMDAwMDUwNTQyIDAwMDAwIG4gCjAwMDAwNjAwMDkgMDAwMDAgbiAKMDAw
MDAwMTc2NiAwMDAwMCBuIAowMDAwMDAwOTU5IDAwMDAwIG4gCjAwMDAwMDEyMTYgMDAwMDAgbiAK
MDAwMDAwMTQ2MyAwMDAwMCBuIAowMDAwMDAyMjI1IDAwMDAwIG4gCjAwMDAwMDIyMDIgMDAwMDAg
biAKMDAwMDAwMjMyOCAwMDAwMCBuIAowMDAwMDQzMDY0IDAwMDAwIG4gCjAwMDAwNjA2MzIgMDAw
MDAgbiAKMDAwMDA0MzA4OSAwMDAwMCBuIAowMDAwMDQ5NzYwIDAwMDAwIG4gCjAwMDAwNDk3ODQg
MDAwMDAgbiAKMDAwMDA1MDI0MSAwMDAwMCBuIAowMDAwMDUwMjY0IDAwMDAwIG4gCjAwMDAwNTEw
MDUgMDAwMDAgbiAKMDAwMDA1OTE5NiAwMDAwMCBuIAowMDAwMDU5MjIwIDAwMDAwIG4gCjAwMDAw
NTk3MTMgMDAwMDAgbiAKMDAwMDA1OTczNiAwMDAwMCBuIAowMDAwMDYwNTQ4IDAwMDAwIG4gCjAw
MDAwNjA3NDcgMDAwMDAgbiAKMDAwMDA2MDgyNyAwMDAwMCBuIAowMDAwMDYwODYzIDAwMDAwIG4g
CjAwMDAwNjEwMjkgMDAwMDAgbiAKdHJhaWxlcgo8PCAvU2l6ZSAzNAogICAvUm9vdCAzMyAwIFIK
ICAgL0luZm8gMzIgMCBSCj4+CnN0YXJ0eHJlZgo2MTExOQolJUVPRgo=

--===============0454674351020859803==--

-------------------------------------------------------------------------------
