Content-Type: multipart/mixed; boundary="===============2802977296783765340=="
MIME-Version: 1.0
Subject: =?utf-8?q?Hotel_Real_-_Confirmaci=C3=B3n_de_Reservaci=C3=B3n?=
From: reservaenrealnicaragua@gmail.com
To: justo@becerra.com
Date: Tue, 04 May 2021 16:36:38 -0000
Message-ID: <162014619884.3470.7943559100051660723@localhost>

--===============2802977296783765340==
Content-Type: text/html; charset="utf-8"
MIME-Version: 1.0
Content-Transfer-Encoding: 7bit

Pronto nos pondremos en contacto con usted. recibimos su solicitud para RealNicaragua
--===============2802977296783765340==
Content-Type: application/pdf
MIME-Version: 1.0
Content-Transfer-Encoding: base64
Content-Disposition: attachment;
 filename="justo@becerra.com_1234567_2021-05-04 16:36:37.414938.pdf"

JVBERi0xLjUKJbXtrvsKNiAwIG9iago8PCAvTGVuZ3RoIDcgMCBSCiAgIC9GaWx0ZXIgL0ZsYXRl
RGVjb2RlCj4+CnN0cmVhbQp4nJ2UXVObQBSG7/kV55JMh83ZL1g6mUwxoR07sVZDe+N4sZJNRAOJ
gG1/fpePGh1NNcIAO/vxPu+ePRwKaG+P2pcSFNLcuXOw7StXMNQIq8o5Shwmunn2GyBBiYGiQBGJ
8jmzzSR3hksPPQTbXjoX7jROBlK60WwWz2EawyyC83genw+4dH8OAuVGk+PTb4PL5KtDWe+BQcAI
x05bWowKlRCNthtBscmvSgMLM0huGhb9x3Kh73mgN1pEMKFQQrKwZr4PWODqSm83ZW1a5kECbpzr
bP1erimrTaGrPVhKCfpcBAHY/aJkqDhvmbRVn291AaMRDKO0vtfrxPypYbQ0yyWixjGMx3A0nfRS
8YltbXvcM3PejtS4tGGmvHP5uTkok15rG1yIi7rUC32oW4bMTpUeCqDsI4bvpM/1Onsv3PeQHgZ3
I1Nu1llh9Mtnuxf4o8hqs4AoK5vV1Zt5p1eVKX/pNNvsVr2VqV/LB99vnoecaKVpJz1Ca2Hcp8h+
p77aRWZlitrA3b2B0rSmD7Q7ub5Pb2Giq3ptwOvyM+kqCwl5czUFxlaWR38/CwMiRMhoCEyFRKGS
oehLy46b3mxzGir+adX8lSTd5C+Jn3+xbb+5Avhth77a58a5uGx8wsKhCCdwB7Rld29b+noD1ggl
NGCQg+CMSPbQsYY5nO3q41P77VwaSk7/Z997UygE94kMxCuh+CC5VBgGLBR7YvBsi73woy1Kxkho
D/DpHoezrLhtM+1kcjy1a/u0ajPo6Rh9PHbm/AUW7G0bCmVuZHN0cmVhbQplbmRvYmoKNyAwIG9i
agogICA1ODYKZW5kb2JqCjUgMCBvYmoKPDwKICAgL0V4dEdTdGF0ZSA8PAogICAgICAvYTAgPDwg
L0NBIDEgL2NhIDEgPj4KICAgPj4KICAgL0ZvbnQgPDwKICAgICAgL2YtMC0wIDggMCBSCiAgICAg
IC9mLTEtMCA5IDAgUgogICAgICAvZi0xLTEgMTAgMCBSCiAgID4+Cj4+CmVuZG9iagoxMSAwIG9i
ago8PCAvVHlwZSAvQW5ub3QKICAgL1N1YnR5cGUgL0xpbmsKICAgL1N0cnVjdFBhcmVudCAwCiAg
IC9RdWFkUG9pbnRzIFsgMjk3IDU2MiA0MzIgNTYyIDQzMiA1NDggMjk3IDU0OCBdCiAgIC9SZWN0
IFsgMjk3IDU0OCA0MzIgNTYyIF0KICAgL0EgPDwKICAgICAgL1R5cGUgL0FjdGlvbgogICAgICAv
UyAvVVJJCiAgICAgIC9VUkkgKG1haWx0bzpjanBtMTk4M0BnbWFpbC5jb20pCiAgID4+CiAgIC9C
UyA8PCAvVyAwID4+Pj4KZW5kb2JqCjEyIDAgb2JqCjw8IC9UeXBlIC9Bbm5vdAogICAvU3VidHlw
ZSAvTGluawogICAvU3RydWN0UGFyZW50IDEKICAgL1F1YWRQb2ludHMgWyA0MzcgNTYyIDUyMyA1
NjIgNTIzIDU0OCA0MzcgNTQ4IF0KICAgL1JlY3QgWyA0MzcgNTQ4IDUyMyA1NjIgXQogICAvQSA8
PAogICAgICAvVHlwZSAvQWN0aW9uCiAgICAgIC9TIC9VUkkKICAgICAgL1VSSSAodGVsOis1MzU4
MDk3Mjk0KQogICA+PgogICAvQlMgPDwgL1cgMCA+Pj4+CmVuZG9iagoxMyAwIG9iagpbCiAgMyAw
IFIKICA0IDAgUgpdCmVuZG9iagoyIDAgb2JqCjw8IC9UeXBlIC9QYWdlICUgMQogICAvUGFyZW50
IDEgMCBSCiAgIC9NZWRpYUJveCBbIDAgMCA1OTUgODQxIF0KICAgL0NvbnRlbnRzIDYgMCBSCiAg
IC9Hcm91cCA8PAogICAgICAvVHlwZSAvR3JvdXAKICAgICAgL1MgL1RyYW5zcGFyZW5jeQogICAg
ICAvSSB0cnVlCiAgICAgIC9DUyAvRGV2aWNlUkdCCiAgID4+CiAgIC9SZXNvdXJjZXMgNSAwIFIK
ICAgL1N0cnVjdFBhcmVudHMgMgogICAvQW5ub3RzIFsgMTEgMCBSIDEyIDAgUiBdCj4+CmVuZG9i
agoxNSAwIG9iago8PCAvTGVuZ3RoIDE2IDAgUgogICAvRmlsdGVyIC9GbGF0ZURlY29kZQogICAv
TGVuZ3RoMSA5NTgwCj4+CnN0cmVhbQp4nO15e3gUVbbv3rVq96Oqq7u6O51OOun0Kwl5EBI6hEBA
UiogCvLMMIkSCQ8jJmISIxkaDAkyGsNDBDEExAgxwyOi5CAilwwEznAAz9HhcIQ7x9GZ8Yxx5n7X
mKNzOZ4Rk8pZVZ1EfM1371/3u993a39Vu/be9VjP31qrilBCiEAaCRD/itXLqj+U27YREn+ZEO6+
FXWP+5/+9PB2QhKTCaEd5dUPrf7zM19cIMSL62TLQ49EyovOn03C86N4T+KqB5ettIl3HSYkqQjn
Jq7CCdur5l4cb8Vx8qrVj68922EuxXEXjrc+UrViGaHHnyPENxXHz61etraaP8Cvw/E7OPZXP/Zg
9c7FOwpw3EcIayAcKVdb+HLWgdQaiUex8FeI4Qo1sdUcT7IvXOsbT+Rrfdf6cpz2gD0lYA+U82Sg
FhIGPlFbjNa//uUxQzo+o4wQw152nZiIi0xS4i3GOmutQOrMRuqyET7FIZnTSEgMxso3+nrD1/rs
k3EbT7L7wjf6wjknjrl73BwtTckNO+wyl0lpXq49lBfwE7tMAtz+Lf/z/X/9dMvguZ4eTqU7aaf6
E7UqQsfSu+gMmnmzI8J/HFEb1d3qC2oDilSjhXUhLW7yU2WctEt0Pe8U62y77MbnzTuhzv4sq3Xu
pHVEtjis6SaHIcYRy5M0hxDignFIXlij71ofnmj0Yd830Cf39st4yDkxP74qHgnNjdKn74Hhc60v
6+lh0zYPbqVNzc1qhGtq1knb/xs1cHZw4Oxgx2/U/UifG+n7A9JnI1VKgplREXYaayWkiHcYBIfJ
mmYJkTQDJ8vXLvQO9F7rk/uRkv7wjf4wii2Hzu6yFM3ushbdP7tLLrq/+AyRh87hU2VsyiR7/qQS
xa3Yl9rL7Nv57Wy7Ybux0dRobhQaRbFUozHgCtmjlOe6aO1F9aFmdrlJXXkpwr/XR9eoW/q+zoqg
oRBu6HPU6RydTgfZqixw+GQHz3i7j/Ei7iYzJ/gY4+UkDjhHkt0BwNmsnJQEnEWbynCAWCdLZga0
DmqNBDVrlSyiYGI8cJLTQJzytXfsbs0Kpvb2uVHojsk5sxcVG2X2mZF95g4bZdNn+kDWR/qsNlcS
DOXlUmwuZAcCkOvCg7yOC/87l/vs4Iyd6wev1B/n6ZU/RdgSNI4IHa9eiXAhbsqIbdQiTxK5TfGI
ZiPUsVqzZg2GNJPgsKAhmNAOrMNmKvdqku//sj8sX8hRzDlCjphjyZH4UQvQZBnVO5Bz3JwmTd+R
r7P61C34rqahj9kc9jlJp0alMBTkkgM+i5jk47x+n2gRM0SLP8DH0la2gYyJbfVscDnWj6nO8IuW
gNfkdrg4BzE5XeOTvU5iy8mQb1zou9aLpiD32x1R55F7b1xA07yo9qEUo5KzfoanRv1YEjxO0JFK
lWcMSQafMZgmpIlpljQpzZrmS/OnBdKCaaECoUAssBRIBdYCX4G/IFAQLAgVC8VisaVYKrYW+4r9
xYHiYHGoUqgUKy2VUqW10lfprwxUBitDnUKn2GnplDqtnb5Of2egM9gZOiOcEc9YzkhnrGd8Z/xn
AmeCZ0KFOZnzM/dndmXypaQ0356bRHPDE/MmpGbTcTRvQnIgzLvtoXE0FDS4YmJ9NIm6YvhAMLmt
wfuvPS+2P3r0ow+O0zFU2EQTWhu8F97ctXvVP330z93qZfXqTvWjWXT54YN1j923MjN/0qVTv//P
sWPVk3u3P1ReumxC/oQPz//x0zAZxqbjqPMEkkx2KbNEwQwWkw94MPp4HjJMPEkEPrFO3B1y1rlq
7RJfZzMY/TyDeBOJBb8Y8oLVYmDx6Jj+5PgYOS3REnIEU0awQu6Vz52zO9yTUeqOyXZsmkn3h8No
Nmq/Y7LWRg0b92Hl2FA5J0SjzcaVItduJ5ozjKOZ1K7btQ5/vCvGkBIVVyblC0vWZf12j+rqn7Fs
8W3nBgnaXBHlacLbgy2btu7evXUT97605KdqWYT+auu9g7+LaLZ49dy+NwOt27a1oO0P3UA5LEQ5
WMlmZbJVirqpmCSI6Lkimib/jVNniGDRPddIamHUa802YrCNeu2Nqei19lHWRhzWNOywyKPJrBmg
B0QqmgSzQXRKTqssh6SQ1S8r8nxZRJOgrhDFprmSGTvDwvrBd/sH393G/XIHfZ62oN4iNzvYkkhk
IAS/04CJksXoV1+iX3lIoRJPnnNvAGm7fYPFvB6qE6wOi4fEpBikBFTPtXf06BX1E7UvR5FyEqsS
13Dr49d7Xk400FJq4IeDzKgZcnbZgSLPZ19OUX+tqurT6t30LbruKeo/0DDm10d+e+3ahy+cyaSd
f/6IHqAP0nJ6QLld3fHLbrVHfQPbuYOHyTDOQBnKWiSTlZgoyiDICIgyIcQYLmiRb/SGB3rDozFQ
sdmkHEmR5ktlUrXUKBlvxZhcVxRhzkXxxavJgdPkYNiPchAxomQrDrLBYtjgWG+pjoMUlznFJmnR
bFgACByIX1XxDfE98VfiEb9S9EgbZdcdFYF+hPU9p0/3nO3uPqs2qUX0NbqWRuhRddESegedTefQ
O9Ru9S31lNodoftoBbaX1JUYd1vUlUTn+z60MRX5dpINSpbNZzQaDD5ZtmXIRmoxQZ3Aau20zkrM
aUZHmiziUUJxyA4uGDMMub3oTr1RB/pScyIt5N3iPGhVRiMlpUqi4prvWmWodjUZGl0vu4xGY6wx
1ZhvzJdXyYbSUeHREZTW/Oq+nh76Hjx1lhN61JsDq89q0vz6D3A4gibG5w/cEYnyMBNjRDs/nXhJ
RBnriTFKbgrtzH1AaEtwWIG2s0Mysd/jTJxlsOU5ZWkmT/I8Bpm7PSmKCDdu4aHfjRAwAtk5J4nP
R3wU0PBmdwlFGLqTiIIvTCJJQ+f00H0y27fd1+WDUd1PQ7iMdQ1jwoRUDSZxMHP3bvqV0lH/xlut
g09tnPGTypVPRiAv0rK06L13B69HIlxe08MvvaqGonZShP7CIz+anWQpTtJsMTQ72jQ7meaaYp5m
C2uGckM3lAHNUE7K8Up8WTxoVjLRLqdGsflWK+GOVt9/X03NkiU16p/V87SQxlMPnaaeLzpHkZ2e
86r69zUIZQZqpOnqb9Sv1Jvq9VHZmmYhLTnkCaXQ73FKvCGTgGwc057ulQ+Mg7aUQFyMyIzt6YdC
sWYS7xRmWdxz4015FtngmhsvO4OzMvxyWnJe6u3jdReaiglS77DZoJg1qUfFjsajCd49GYOjIpFw
dlgJl4Wrw9vDmuP/sFy/NxhVAf/BPUdr33qzdbCp4bZFD6xqGNzfMG3hUuyf0VQxbf+jT7ZDpGLZ
laua+OmXl1bteHrwL7eeaeopXbxC00c26mOmIYbEkAC5S0kOuJg9LqnDFNdhpe3QSNqt1aY2R8I0
caqTy3PZeZlMCmqWpZuWhhe9WkaqWZVuVMcLQ4iy+XpGp5Gq6ScUTB2D9NOY2Gj00Di61EpvZrVW
f0yZ+vXH1a1ZqoHeXFqxuqRkdcXSCAutHdy6aIF6Xf0a27UFi5oitPz0wa5PPjl28LSmN0ye+Dmo
tzjyEyWFxNpNZidltnY7OxDbJpnb7YdEYYKJyyXynQ6TbMmz3h6P2kFvGM2hdD+QL2jx0aEpxOfJ
9hR65nmWeho8mkJGkoDvCX5OjWH+nMefPj84c3c7x0949QlfCZ+r/uoni955U12iy/VMVaV52M75
00ijkSSSB5WgAYggk3aT/LLUHGM6CM2etphqr2wn00yTzYZCd9irSVWLElHLxxDRK2O81ukLliU1
JL2cdCWJ7yE9hh5jj6nH3CNcIVcMV4xXTFfMVwQLggzVReulLODSRZ2fa+BDI34CeXMfuH8e98Fg
yhOba5+NOZg5RP6k9qnvY+IjURP1cMX/cuTgrxw/M/36rXWPv9mJUdCK02nq2yM+uwptxII2MkdJ
ocTuFfgOj9ARk9Tub5TaY6o9bTZfnhezfmueNNU4zR3WjORG78DUqb3fN5KThaGG0LGQhjzD5qDT
yzRhW1HuGskobLcmd6gqe/jRkvtWP1xGl+9WjVl7qv+oDlL4Y/WeLDQh+oeHTx889sknXQePRpoW
LcAqjKGfZyxYRAfWRnMtdhXxXybx5B4laK+zxGnBz4rBz2JwxTlskivbbMuwSyGzHgc9mhNfQC+O
gqRdrwr7tdTpvyMQzU+oTmhMgFE0D2NGxIe0ygVG0iItMC78iqaq7/9V7f/ii+onX9y7qVoD9s8u
Xf531RbhPn5tx3OvjuIg0XE9DeuZ8UmpxCfHWlkq9bVbUw+YYl92NscltNF2U7UV/NYQH5vr5vKS
bOiAIdkthtP1HFzzwyitSOjF3n71omY1+ozdoed/OcpYX0ZBTKGrMLbQXRhXGD/ZMy+jIUPIdGXH
ZrsbLA1Sg7XB1uBr8DcEGoKiZkb2ET2k5k2YOGVYRcZQHnqAn6d5o/riV7WqhplHH33l2NeDp9c1
VtTG1Sx9p4Z6qVlte2pFxb3zFq7ktg32RZqK5h975Y3jhRvX/3TFJ8HgtcHfX3/kwQdXPhLF4GL0
kyyUQzq1K3diHmizLAj4zQJnEhf4A/6RuuQ1FvuahzWTo2M8za6jjja9NgmYLF7OnetCTzfNcyV7
5xFbOFqbXBipTezDxckAVit/6tdh+QfLE0USzaIgilgKSaLVgCG9sSHz5cyeTEg3pwvp4ljLWCnd
OjE0I1RiLhFKxBJLiVRiLfGV+EsCJcGSUIW5QqgQKywVUoW1wlfhrwhUBCtCm82bhc3iZstmabN1
s39zYHNwc2iPeY+wR9xj2SPtse7x7wnsCe4JHTEfEY6IRyxHpCPWI/4jgSPBI6GppfT7FcrEqFt8
r0JJLauxtmx8pPbuh3f+YtfnNx+4vrHG3Nz4SJWyaMfV/eqQ+sWK3/to+s/qZ89UZnpS0vc8+doR
X0C9sfrRGXdMnOZKydu35cSrSXqdTbLVxWwm6sNCQqRGyRzxdandFkRnR5dvsx3yv+CpTvZNIOjo
UwNW3e+lScmjYUEDWblX/1Shhb0Rtx9JM5L1NCOZJA+nGYpZTilMaUg5lsJjAn5LlEgZwd2RKBKF
Yy59JFKobd8JIx2Dy1u5WQ8PxwodE76JIuqsyHBONX7oYzjMajADeUDxugXZRNp5TkfmagN3KE42
2qmZyUAmYS4ytS/8zrULGiojPA/0yhdGP3yIRRpD2jePOJ2jOBI3kjjNi1+K2S2UOkPaNw57wBWw
D0Ny1K/+ae9eupyOUd8fW6BM414wv3Tug33weoTeo56MDK7ZMn3xffs3Nr+l6wNzFO43iL0icZEp
Shx0mh3tMYdkS7uVzDZImIk4bXn222OjGfw1PSSHB/o+xPpC9Lmz3WXu7e4uN6OlTt14sIbD99PR
sPbL6gXzqqrmLaimm1oHq7TsgRUtqKrCyUe/XqPHs+E8SafBTMYrDkO7qZEn7RzNI7IR8tjtQvTd
w2/W3itmi2XidrFLZNpntJF3cYXDr4hEtBA//P3jecRnF5mnpEu7xJ3f/i5262exDIcQMuggHfsN
SN/oDw8DdL+KVqf25pywuX3uH/kmptctLLd5sJWub25Wn/r029/DdkXrOS1ub0L795Cw4ibuZpDs
zRZzm1bN5WrV3DRD+NZqbuDCwAVZvZBz3JaIiQ8GzeGI+y0/1TTPb0r99B/VXvUynUAdVX9cUy1v
eGxX/brNlRutdM7JN2gqFbWAm5Ghvt+06fJ/fnGlca1OT6GW/6PsvWRtNP+nmPtjBdAYTf+Ftm+n
/3r2z9+p5/9ayvOd/H/gmyD8f5z+238s/W/jyHfSfy2Dq/+h/J8OfYC52/v8GKz765UCwcyZfi5Z
JePPDUYrdnNMRiSBZxwY5lBKMozEYmIal3CIWCWzyWjgKTHbRO6bwn/g24W/hunfrfzTmFb5S2P5
TDabn83u5+9nhtLAN2U+dpS+rTat4ZZvxGzIsoVuX682oT9GBsu4/VjsL9TitTqZrUK78JGx5HFl
3Fi/nBiy0fQOJ2n3mizNRj7UEd/mPcQfdlZnmXONSXn+RJtMpqZOM8aGs7SgdCMarEeh8aJ6QcNG
Pc1AfSiJJiFOSBMKx/HERMw8opJsjhH8Jr85WTDrcVlH+jF50ZhwG701VUIe6C2pVB5/VT2v/q7i
t7U1ti0bO5puTZvoV6pxJKeC1wfKPvqPQEB9uPylS5FbE6imiLp3OLU6Hc1XMC5o/MdiXFikZITc
RqfH3yGQ9hiGhYKnQ26LOQQvCNXJ/AS30yC7uDwy1TtNCifriWA4mgn+QFQ4UYXQz42kHbn2v83V
7sEVHT/OzNcBLHJO/Q020Li0emcL2l88eVgJxcpMtDgPmNwanB4yVSMncbNieRmJnynl2WRxkkf7
EqAlstE8Fq0tPFrrkAQ67D1aMNACgUd3IQ/xDLvQie0JXQnct1Iq3ZOi7OApf2O3aijUnYfevKO4
csVGfszAwmjtzGVGBp+/WNl2lH6gxy2NeiDa3xwL4bm52CdhZgvoSQ1kiC6iy+hauoHu5C5yH/pT
/Tn+Av/RQHBoSPvPQvbThbQM1+uH1524Pnl0/cc3DQ8+pHvpPtqGbf9wu4jtMtX+EBn/5t3/OxtP
tL9TFC0sUR+L+pHhLiGfLuxNxIBcEow+P7TFEjtiYwxx6nwmofC1LQElYyU2jMkB4sA4H0+C6Ln/
f/uxjSMcXa8d9arpSyqTCjL8XQ9XltDlOGrC43ZSRtdTDKBkLllCbiNPkb/g/Eb9fh/diO2o/ryz
OHM2eobzR/EphBSRGrKRtOrvuMQv4cv59Xw5pkFb6Bac+Z22hpVAFp+O127EfT2uLdfOaSG2dFJO
sEog7TjzJa5HyF4qsHfxyf9AU8gqfM9c3DvQ7U1Iy3Vq5cqpBa+t1QwMLQT5w0yjgqwhEbzvut4+
x/FKEmHXDTHcl8jXLFwz8GXkE3x6DamhAs2FXO6veO9cnGnWuKKdhIMKNNsybGP0Np0sx+ccxCsi
ZB+3nMvlx2hX6bTfRj4gJ3W6y8kOHC8knfqRwAB5D/JoOdKvySaenSeLjffQgMFKs40NKCti8JKN
XDnxwXRSS9DATxq0r96UYOTp4lLuXtmlLCj2Xy4JZI39ztAvG/1dZH6XFPGfGhqaX8wnsJIultgF
KaYuPiX0bz+2+G9ZY2fPL/Z3XZ0xffipM8qm49yiYjzVRjiN8zOmZxEdhbgHTj2WFTNjqW3qfxCf
SVf2e+/P/V8j/VfzBz62Xjen47XaItUvwKNxk+olxJaL69XW68Pz32wh/l1SbviclBniSRm7QdyG
vKHP2X48v0SauLdRLgdxLW/ohuEBshjO4vlfUXLzyX3sKpnJFpMi08+wbyXZfD6ZwtykCM+LMHMs
Y9mkiN9IirU1OE7Gg0Bmajt7nZTxf8DrrpJC/uDQB9r1+n6VZA/TNB33f0biq5HpONz7UH/FaAMf
RXf2P5CqLuQMtWY8hYA1B8FKxh3XBCxzRbzPkow7Iqa0ixArrlvxHtvnhNgbCXGsJMSJ1ztxzYnP
jsE5F45deH9sKyFu3OPKtP/vurRCnJlkksMoVU77y6phMJ9JN+GYP8U1Kr1XVPj1bHhXhXcEeNsK
l8NwqRsudsM/3IQLLfD3KpxX4VzPXexcPfTcBWdz4Ew9/FKEbhVOq/DfVDhlg5MCvOmCE6nwhgBv
KPzxv/Owv/NA1zEP60qCYx54/WWJvZ4Pr2H3WgCO5sOrInQesbPOMByxw5FG/vA4OLQ3iR1S4eAv
HOygF37hgI5XMllHN7zyuJe9kgnt2LV3w4H9HnZAhf0eeFmCtpe6WZsKL+0rZS91w0uN/L4XU9i+
Utin8C/i015Mgb177GxvEuw9NXROGeL32KHVAq0Kv9sLLSK80AK7JHg+HnbuWMl2qrADX7FjJTy3
XWTPxcB2EbYr/LPbJPZsDGyTYOsWgW0NwxYBNnuh+Zl61qzCM3jHM/XwtAhPJcHPcfDzMGx60sk2
qfBkjY096YTGBok1qtAgQYPCb8ArNqhQ/4SP1avwhA/Wr+tm61VYFyll67phXSMfWZvCIqUQUfi1
KfCzfKjDO+oqYQ12a27C416oVeExfPJjKtTYoKaRr64ax6pVqBoHj6qwWoVHZKicDRUCrFLhIQEe
UvjyADxYDytVULatqITl3bCsHspUeCAWSkUbK1XhfjuUFHtZSRYUe+GnYVgsQtEiDytqgUUeWOiB
BfNj2YIUmG+V2fxYmIfdPDfMvTeRza2He++W2L2JcK/Cz7ElsjnjYTYuzw7DPTh/Tz3cLcGsuwQ2
qx7uEmDmDInNDMOM6RY2Q4IZUZVMt8Cdd8SxO1vgjji4XbGy2+tBmWhmihWURr7wtnRW2A3TsJtW
CrfhK25Lh6lT4thUB0wpcLApcVAwWWAFDpgswKR8G5tUD/l4d74N8hv5iWaYqPB5E+JYXgtMyDSz
CXGQa/ay3BYIp0ssrMJ4K+RYRJaTBNnJ6Sw7H8YFBDYuCbLG2llWC4zFe8baYazCZ5ohI9XEMryQ
LkG6wqeNsbO0FhiDc2PsMEbhU02Qgo9I6YZkZ4Alp0MIu5AKQXxgsAUCfhMLCBBo5P0m8Cu8D1d9
GaCcSLJnsaQC8AYgsR4SXOAJQ3wY4nA5TgV3bDpzV0IsjmLTwcUE5kqCmDhwopCdAXDgvY56sCNL
9iyQUTqyCjZcsyWCVQZrIy8hc9JNsIhgUXjRBgJeKnSD2Qsmo5OZusHoBAM+1hADTACm8Dw4GO8G
vpEHamPgAFB4Ds84FcdAsZDHIvIUXfnUNpr5/+ZG/m8T8M3mJf8F65aD+QplbmRzdHJlYW0KZW5k
b2JqCjE2IDAgb2JqCiAgIDY1NzUKZW5kb2JqCjE3IDAgb2JqCjw8IC9MZW5ndGggMTggMCBSCiAg
IC9GaWx0ZXIgL0ZsYXRlRGVjb2RlCj4+CnN0cmVhbQp4nF2Sy27DIBBF93wFy3QR+RF7aCQrUpVu
suhDdfsBDoxTSw22iLPw35fhRqnUhc1huAN3YLL94fngh1ln72G0Lc+6H7wLfBmvwbI+8mnwqii1
G+x8m6W/PXeTymJyu1xmPh98P6qm0dlHXLzMYdGrJzce+UFprbO34DgM/qRXX/sWofY6TT98Zj/r
XO122nEft3vpptfuzDpLyeuDi+vDvKxj2p/ic5lYl2lewJIdHV+mznLo/IlVk+c73fT9TrF3/9Y2
FVKOvf3ugmqqKkrzPA6Ra3AduUa8TvEC8ULYgq1oNtBsIpd54jjEeIl4KUxgklzoK9FXW/BWuAf3
wgzmyASmxNCQaMiBnTDOIjnLgI0woRaSWgi1kNRSw2ctPgl1kdRl4M2INwONEY1BrpFcgmcSz4R7
ILmHCjVWUiNhH5J96BH8KPtAY5LGIG4kDg8meYDnOMjD3V5InlB67d4b9hpCbIvUkKkfpBMGz/ee
ncZJstL3CxEWviQKZW5kc3RyZWFtCmVuZG9iagoxOCAwIG9iagogICAzNzgKZW5kb2JqCjE5IDAg
b2JqCjw8IC9UeXBlIC9Gb250RGVzY3JpcHRvcgogICAvRm9udE5hbWUgL1dESkNQWitEZWphVnVT
ZXJpZi1Cb2xkCiAgIC9Gb250RmFtaWx5IChEZWphVnUgU2VyaWYpCiAgIC9GbGFncyAzMgogICAv
Rm9udEJCb3ggWyAtODM1IC0zODkgMTg1NCAxMTQ1IF0KICAgL0l0YWxpY0FuZ2xlIDAKICAgL0Fz
Y2VudCA5MzgKICAgL0Rlc2NlbnQgLTIzNQogICAvQ2FwSGVpZ2h0IDExNDUKICAgL1N0ZW1WIDgw
CiAgIC9TdGVtSCA4MAogICAvRm9udEZpbGUyIDE1IDAgUgo+PgplbmRvYmoKOCAwIG9iago8PCAv
VHlwZSAvRm9udAogICAvU3VidHlwZSAvVHJ1ZVR5cGUKICAgL0Jhc2VGb250IC9XREpDUForRGVq
YVZ1U2VyaWYtQm9sZAogICAvRmlyc3RDaGFyIDMyCiAgIC9MYXN0Q2hhciAxMTgKICAgL0ZvbnRE
ZXNjcmlwdG9yIDE5IDAgUgogICAvRW5jb2RpbmcgL1dpbkFuc2lFbmNvZGluZwogICAvV2lkdGhz
IFsgMzQ4IDAgMCAwIDAgMCAwIDAgMCAwIDAgMCAwIDAgMCAwIDAgMCAwIDAgMCAwIDAgMCAwIDAg
MCAwIDAgMCAwIDAgMCA3NzUgMCA3OTUgODY3IDc2MiA3MDkgMCAwIDQ2NyAwIDAgNzAzIDAgOTE0
IDg3MSA3NTEgMCA4MzEgNzIyIDc0NCAwIDc3NSAwIDAgMCAwIDAgMCAwIDAgMCAwIDY0NyA2OTkg
NjA4IDY5OSA2MzYgMCA2OTkgNzI3IDM3OSAwIDAgMzc5IDEwNTggNzI3IDY2NiA2OTkgNjk5IDUy
NiA1NjIgNDYxIDcyNyA1ODEgXQogICAgL1RvVW5pY29kZSAxNyAwIFIKPj4KZW5kb2JqCjIwIDAg
b2JqCjw8IC9MZW5ndGggMjEgMCBSCiAgIC9GaWx0ZXIgL0ZsYXRlRGVjb2RlCiAgIC9MZW5ndGgx
IDEwMzYwCj4+CnN0cmVhbQp4nOV6e1wUR9puVVd3z/Tcuuc+DAwzwwDDZYBxEJWIplU0xgsxalwk
IaIBxEFFo0ZFCebiHcVbEBOixPiZXZMoGuMSNUoMMTFZl81GY0yym4vk4h7CZr9lXcNC873dA2rO
fnvO/s4/5/x+p8umu6uru+utet7nfd4aEUYIadAaRJDnkQWzF30u7P0JoZgOhKiCRx5b6qnNfLkL
Ifd4hPCu0kVzF3y35i+tCHk+h6c2z52/svSv9xWkwfkr8IxYVjK72PjMPccQ8pZB3ZAyqDB5tB/C
dSNcx5ctWLri+AOGm3AN70D18ysemY0oLohQ3ENw3bBg9opF9NNMJlxDG+RZ9GjJomUr2RsI+RwI
MQ8jCpVKdXQpcwB6q0JOUUe/i9h3sZoppGiU0XqpYxASLnVc6giajV5jgtfoLaVRzxIS3fONVKcy
3PzPR9lkhFE3QqSL+RGsXiHG0MUMy5BilplMWBoz7Dw1XoI4lZFGlFa41Nra0zoIZXSEulqN2cbs
4MRp+Sr6B5VA/zAzDk9s0kzPfxNpkQgv1SJtX8sw49BhM0XOgzw4g8vQ0IXQRqu06WuJtEGi0sab
5TUyWQmZRq8V+zAtfYTnb8J0mP707ac6uivDYDzYOlyaQTfTuUiHfOgBMYCR0UX09C6nvpKPi630
aHZZapxFnif5hnh3AKmc9iyvIeASkF8fjBe6OkKh9lBXh9AOQ9LR0d7TIXSGhE6h02jPzg4er05o
SqBwIbZabJmhIVmDE31xrN+X5bWOxJkhk9VC+eIS/cZMqzcrEx/YWbNl+/YtNTubj+J5Q15a1Xrz
Zuuql4Yc7r1+lBo/r+XC15//4cv3Xy8/WDxLer+7W7owq1iKLi+X56rvGj0D+m9B0ShPjKXU1kqk
3sPU6hy16DlTja4oRs1ZnSgaO/mUGLnHMHW/ge5CZzsEqV3oNGUHRZPHJbqqXaQNteE2qs3aFs0U
Qse9kZ4PzTRgXxzKGowyQ0iVDuesip7R893+vSufc+8K/PDWdekbbPv6L5i6xG7fUL1DoJD6ymfV
VUeacKbUgwdLV46efPPMG/J4YzQBcPER9NeBnhHj1JyZwYivNCLGVqPnKo0NWo2aSkNCwKT26wKG
YJTQ1d4Rar/UIcgI6ewMSefPwwCfV3AiDhOQgAVKIAItMIJVsAl2wZHhFJGIRUokIi0yuVbRJtpF
hxU+TcmNPdhDsbJxE5usMmiiFNBEQYmABht9ioXWyMQYB+bLRj4KM3kTN2y/3HvxYBMuG3KoMu0R
Olm6cV/e6SbJGQ6T6fPerCg3yDYu6btGjoGNyeiqOMoXR8V7R+q0sW7K5Rmp1Wkna3UeL23DL6BG
ptZve8Ha6Kw11fiLUjxandeltqdZXSN5td86Lp5K49HYFKGrteNSe4eCK1M2bJHZA9h13pCRpviL
YPgBTlXK35lxxzypGBeK+X633+P3+uP8vgJNgbZAV6AvcBd4CrwFcfm+de51nnXedXHrfHXuOk+d
ty6uznfQfdBz0Hsw7qDPJaZWpx6xHLEesR2xH3EciTprOWs9aztrP+s4G2UoRIVDszJjcQTWGTgd
Zw0eAmNkt/YPnsXmxrEAfBYgviRMb9m0+slZe9ZuXPXxm9NPPhKmNyxburxg/Y7da7/7YG7r8JvL
HyucOW7GoLTA06U7DgZSvp+7dOrUMfenpGVsqdj9aiDipzLOwzCmWmRHqaIZ1erYWhneDuK05nIA
bgeAu6sjMjZCZ/C4J6oiCrwvYcDzoE/2ARBbLYgq27V7965du+t3fi99i6OuX8dR0nfj/tTefv16
e/ufHgHkSjgk/VaSpIsDuKU74fsutEhMV+ktTppg+1oNqWQaok0Ggis1NQIyjjDHBFg+YPbr76ID
TtaPAlQwNoLhro52oV1mioyczk57qEeZTpi9ExnuaneTm9yGZKwCyVgoEUhm3gnDAVxGbIKL6TIa
M1+c33TwgETvK1q5Zl1jmEwtf3P+wvc/7j0fDlPo7e2nXgOE3h7HzWCHBiWhx8WMaK82Cgk6XBm1
U11r9m71bYmtTawxF+kqDVQUg7xpcfqAk0d+LeOMs6UkK1iUWS+CRdkn26XOG98qUMwGp5TZJF5I
qUhZkdSSQlcmteAWqoW00q1MK9tqbbW12lscLVEtTr3sglmRaQEUmRWrZJpJlJHkjUyZypcVcb2M
Hzau27B0yZbmA9KBEY3lR3/XeRVTO9cufFKYVfT6jD98h/O+eqyy4smt+HTv78NLJow73fgfJ+5d
ubZ4zpXk5M8ivLMZ5i8P4lEMmix6dRbE69FSqthZwszTLzda9Do70mA7qzZoBGzSusBOOcQJslGK
lTc6pU4BwhOYpx2nGacdpxtnGWdlwAifUe4jbbVgVoXlmfFm4ZE4YgBmF5VfLbuODdJvHTppPVWx
rGcEfqduzfObahvoxViTnfP1uc+kNjvca5YOLMCtdf/YtPvQVnme1sM81UJ/Zbz7AO8lOrbENE/G
OwwZx/La23iXmSCYEDIZBYgolFEwAc6Ngoxz+Ett3lNfv0fe/yr9GRv/2oUF6cdxeAqehqfjKVKT
9Ir0qtT0CK7HC3EFrpfKpO3SDqlMGbMCfIUqoJaADhBepxCNES0osePSb4Jmr9VbQCEJUUsalLaH
ob8rmcvIjV4VEwjrWuEsYYWlfImlhNXh5WiOrsjjMlKaWGRnuVijhqc80H8Y5FZ5jPutOC8PstQO
GAJX4KbLYf3BiU389AfBKTyKU0DQH+DpiU0maGGO3FTUgUduFFEHiTzhaZ7hWV7Fq/ko3slH8zG8
i4/V8YjHbuTGGSgDs8Bj2OpVJlDmBK8SjwdoTQGgkWZ7pw/ePOM/sUP6pg/N/WTxYu7FnXsP/Wpf
wcasGczlA9L0+Hip6/sfpL+HMnHc1rrfvX2uTRxDdcpzeDdgrgnmkEJGtE9MoIo5DYeLNRpuMtbo
0BKDSmCWaOYRSk2zyKgnvFZNmYSuSzkgiHJa5VHJaO/JuZTTEeoXRYKsihhQRccyOOD3Ex7Oo/cY
SEQATWzSyaOlvz1kJmXITFAiQyY6tNiJh+F7Mc1SNipJM4QaprmHGq9RyeNg5AbQKwsmrzGT+kCi
yIne/B97l1Jbz2OXdO1H3E2cPd9KbBgnLCBdPZpy6TPZzst91/AXZKWCVbfIk9mcdTbPFTlMLMgq
hyBbIM+w7E/BoUqgiEQG4x3nlycPGzZ5Unb2pMnDsidNyh42uWxYXh5UTaZa++sj/PUE4GwLjGkU
SkCFYjxyekqIeb5ppb2EJ84Sbh5flGjRmBDrY3RWF2uysdpEmX+7QO10RmAGiJNk8gVXjnZjN+Um
btrNuGPdbrfH7XXHjTKPsoyyAkHdoXrAkWRwRGKeCQ/QFqCEnBlzeMEfpT5sv96LeemM9Pl9hx9c
pH9ywbkz0pmtu3dv3bq7nnp+4gSs+/4aNkrrpf3SCmlqbOzNkvk4gY5rO3fudxfefPdjxbaNYFud
4vMJ6BExTofYEh6VWN3zY1f6SqLnWYsSPZpYG2FNVh3LMQ7Zso6O2ywgx72PFbsSOB2nN8qiiBVU
RrVZZ9YLBoEXBKMxWZesz3PnefK8pp/FRjLgBD6FPLy3gjlF7d1SX7+ltq7+jdxX5n+BiXT9eq/0
Ix6NE8DSxbonF547Mw7MaHsPzKB+nDgBvOEaUM1K/DDegA/Hxt4oCUufKhxR1HeNnQMcEYUWigk6
NsqMuLU2o54mqIKn5tiKnCSeMcTreCHehOMZI/I6wcD2S+09StwEE3M67KEIJ4O8dkcXRVNK1LxN
BE6FCJzI2U8Ex7dFN0ZTQNIQPn1GQZ6zqIEL5PUgI3afpcafPfXNN6fO4ptnpG7pPJS/MeHy8p4e
6euvv8axhIbz76WXQSXE4GnKPIEWoIqYazBPVnSvaCecqdLSIEDIRITVB3R+Mx8wBm0Au1BPu5wu
QWrTA6o7eKzWjm+HeZvinjYoEfc03+EN5lvi890xGeljRmdkjPkfh3v/1AShnlmcnpubnjF69D+S
wnKgh3cMB73pZxaD95WJLrsGCfpaC61GlSzVYClyqAQjDnCMn6AMiBk5spz+TURDwnmrIClRDcvM
AZ1yKAPoQI4BJrUyKkZtVVnViapEdUZUdVRt1L4oTaHZB92LEMUdOUJi1h/2738DF0gHB48bP5ra
rN66fd/T5HQ5niCdKO8tXD/pgVnb12351YAOucZaIG/xovvERBstWAmK2qV371IZK82LUaWqSF9D
mQJWgfhxAGXFODUpcXLIg27nyCqqo10BfH+yJXLIJ/iqfU0+GjTfgJigsgabZFkqDyS5BXXoLp3Z
JNXLadZPN9+R0yxc2ryzZuv27VtrdobDkGThod3deMisYio5/I8P5p19/8s/fP71BXnu+yBPZz4D
DFNAq6+K9yM5s6WKMcWyjMlICZDj8koVRF6VWoUFtcoAu1ZH6QW1WjWZYg0VoLfUhK5g52iIUeAN
eq1aBQ9gpDdzxAzBFQySVWI7gP1Sh6mf+pkf7CEV84P8T1ArYUClVPVfQExIMsma3yYHON7A83QS
k8Qm6ZMMAWOqSYl0Xg5DpglFxhbxkkwrfpaKlzp7xz9FWX5JWXf2fnWwqrem6gDlos7/wxVmyruf
CYfxeKk5HNFQw2EApsKccUgUTWylejGNKimYHL+KBJigJgL4frgD2LV3gF2jgF0DJQL2hFsAxwfk
JBey3nA4zIjh/vyJOQA86ELDxGjnQkSEar7YslA3jxTFGnk+0eVHdgOXAMIaNNod7HceZL/grnDL
rMDScnadSGXJXEbbI1mdLI5ksDIHRksXOnd0z160AO/A91Ziy77FCV9c+PONG39+6ZMg3vzhleLZ
i7DrOH4IvyyOkn55+hiIpF9LzdKr+/YO5AIwDi5UIQacFpW+PxNY/H+eCSiU9m+nAsZ/JxWYVSmn
AjCkvTPuyAVqTx7rzwUwGgo++BntBz5eJsbZjaxOb6HWcg59JY8auCIaBezAGgF8lyEg+HUZChnL
7tceESYdQMWhSMcHVmD+iX6ro5tk+u23xqlY45SbRTSc9w7Zr9gViapGH3UZ5x+Wns3cX370pYN4
lmIK7e8ZEz4drrhwhcou733m3LbTr+Frih0yl7ggp3GiLNGJ9thriX637hljLVdDiqINaTonsjjZ
lGgZLr+51J8i9sirH8FjFTEySCORXpbMNrvxVgorI4V2+f/YJGeIzu9L3ispt2556pn63XXLtzrx
3YeOQZKI+vCgjKD0Y82a77799vvVVQN+Qn8H+IjC1WK+fR+ntu2z2jg1v0/g1ZzasI/j1GYLZbKO
FASeH2ngbTbrZBuvJpSeq9TSlexih0UgVKW2wYQwQzirmddpWKNNZTIimBOVnwmQIMyGPBVCS4sp
G9JIyMZkPHUAZyirULfWBSL0IK8NCP3UAf/klbVjfLTMF5+q1BzP2dR2m9rJO22J6mQ+2TaMz7Zl
28fzM9S/4Oeq5/JzbWX25eoNtjr+hNpBcyqNSsvoGD1rQAaWV5u1FpXNxJk1Zq2sNEwGwWDloy0O
q92WxCVpkrSJhmQ+TUgxpphSLQFrsi0jeohuiH6IIVvIMmdb744ex+XqcvW5hrHmmVy+Jl/7C36G
cYZphrmMK9WV6ucaSvi5wmzjbNMcc4ml1FYUvYJboVmhrRRWGFeYHjNXWjebN1s2WjfaaqPr+Drh
De6k5qS22TYdOC8Z9ztMJOhzEe7DKlC3E3p7DgLr4JY9+KsTUivetae3q146t/2g7DI9Wvx8ebn0
OaSTYfz6eun3CvcPl7LxMSXux6J5YlysYNcRzm6LrjVzEPwbzM+7HWk20AC2IbwfdEDQLc+RInvl
9cEeWXl+fF74rZw5g697ijyLPHf4ulvxDshN+r3j+BL7EgeFCn+mCxQnkc/8A+svF2WBMCqYMSYN
otjbL49/auQs1QNTH/zFLZ0gVZb/Y/GBU17vZ0UFq57oX8tQPQz+EkS/Ekd5nGY9zaYionIJa4m/
MrkhweuwaBlVZTqp8dk4FGXWjNDFBTxqUDbs3fYRUX5rwHx3UiDF448PJAYH9ZMaWNpPbP1YzOkM
AbvJUltGo13OnO8OzQpVhLaFmkLMbbsHKXYPgtKfppgzNBnaDHuGo03Tpm2ztzlaQlwh/u8p758u
bi2U0AlZ/7HwpQMHJaqxqGLVE42Suv9IKSy5t3j1QZK/bHnbhwoxJry4SSHGMBXYtz5yJi/ohRet
gux3Y3/OIec3GWikGBfvICVWriSWL0mZF1sUjHfoTIxfx6QhNtrKsn6vNigvlHQNrCAMJOkfd8pc
eYcMIXecq+T1Mgha8VmDhwwdWFCDWScn923btk/ekzetXrV586rVm+YfOiPduPl36W9nXt79ws2r
V2++gOsbjx5tfOHoUfLYhvr6DRvr6y/YL+77/bVrv9930R59ZMPxtrbjG47Ic98AtlSDLSlospjK
uUrc5qWmEnuJm09eikoSSwgkUKmeWM7lS9YgH8s6WZ1Fg0xUamTlZ2BJJPuOmCvPcHbQHJkfCxux
4+epdCq44e2c+t1lVx7+7MahhuYPpO+km8u+WLhIc3jvnqMnmmaFjhzZtn79M/pFTF0g/c1frn/d
47zy8odfyJn1tl1Hn216vXT7jqc2r3lcXh+RGlQVzH4IOJPRAnH46FETx/rz4nVo4tikeKIfW8lN
rOQrRbI6vjKVW+2oTB2a508yGcZHs6N0KNoQY3KNYGNio0cMovLAMjkY9HaGQgOrWsKlSBXEZ6Gz
Ferk6v5DMOHWMhVEC0CcstjjT4yXbWMpq8Vkt9Fy6LDLEiReliCDTUOHxGeCCoGhERDzMyXKGIbv
LDzy6adHCncObzh0OndMWGp7raBpxvtfFs9agFNffeLLoqz5UueLv5Zeq3pi7bo11XjmuY/x7OWT
8qSTEJZql6xcv6Hy0a03p07pvnDhpylTt/b0JHSfrjg/fe2WRH+htP7vL0nfzV1eNWnSuMLCtauq
8T1vNuNx1Y9vONgw59vVUpd0geDaeVXPHdm778jzii6XsulrwA1uFEClYmYA1KRZiPGQZFTpSt5l
Vu9V6Wpp366oGnMR/byrIY1LU8UGPDG8H2UlOlVDbSlpkXRbWSO8/bPIH7/tl+owgiZFrqcL6dXp
Tekg1/HPGW0EvlO6gzvf6TFZdGbP9Xkt+UWmdVX7d99W8LhMqh9Q8OR0z4Pf/JSY+EVZ0a9ba2+L
+YPlUk2/lG9R4vRbfdfwB6gT/HrYcT2LkE641NMKqeT9+cc1FFLTOTlCTs7MQeg4mc0V6UA+RO4x
mGhVkXs/W854a1L20Ly8odmTlKWLoXmT5W9cVfIFGr7hFXmkIo9ymFHTSEdpWPhcjrzSA2R5KQeO
QazkUz6j/MMVOUQN6m1r7G2jBjF0b9t++WQ/NUjp9yugL56CHESNHhVdhMg/bRCM0WTo2HLVHEwo
TBCtQSzFyV4bSSe6Ooy3MolIwqCssQH/cgr/crKqv72yJtcrYo6T70fikR07CFXIYR+W82cv/VRv
8zNUWm/eMnKFqejezgxqxvIvjHIP5T7BeCKayoNjLBKgxoCqQS1Nw7PxCvw43kGdpz73JHqCnrs8
r3jj+vrk3yJRI56Ki+B+Vf99M9zPvnX/X2+yRv4cP4sb8F4ojf3lPJT38HvK/f9ui1f66IO/WkC+
Br5vQHpkRAmAfgHxd7T0QpaOIC3+32+mf1HPwR6NrIiGYxwobjNkDzEQT2JhFlUwOgATxEI27Pw3
vvH/7YY1aAnMVDP6AMpHcDYJhdFitB41wvk3aJVS/xatlgvUXGXkth+hZpwM7Si54Awks9wZeE8m
3PsG2pfCdSOao9zvJheV8iy5SC0Hr5oCZ1OUJxpRMxlO0+RiZFee+gCNQCfRIfmcuYjqoN1UdAXK
aHj7BHQaXcVPoQP4MqpCW9ASeeKRC2vAb8NQ5jCXlfIjekj5slwXZi5D1tCIwmDnaXj7gUg9TsZT
SREpxflgIYUPkfFQuxaF6SIofqXkKvZFbKCoVfD9fnvRReohKpn240PwHfkbF+H9h9AI6G8p9HQ8
7JTcf3IdNRId9DCKeQtNUE1gdZhVVaHpcHcVycTPsi5UhKrIdHhDHtRtQXn4CnwFAHuCZWhgHBTw
CE1Uwr3FTeL9+Z73ZnrTAv/TpUdQeZrQlCb9Sk9zX9+UfDqamdnExDSRBHUTneD76l/d/CotMHFK
vqfpwtjc/reOLcqFumn5cCpfQTXUj81Ni/g59XDzvERdzCw+52/IrVZw89HVvL8MHH/6pPcu4RP1
l3Ap34wwA/xVLZBcCBldP33Ss0j45J8YI5GGEaM2g5vaUTfjRsPp06iUfIQm0NEwtx+iUsYP5+/A
0Y42w76eOo4K4HgY9rupY+gyHJ+AfSN7BhVRtWgCGYqGw3tKmXf7uuB6OOtGS+R3wD6UXoVK6ato
OLWqb7iqDurgOdgboMPr5WegH2+xxwHfdjkWKFtu/94BxkAdBUxMRIgTu6DHFtg/R4i9BFY+DWbD
a9SDgZLGI6QJwt4ABLgCqDAfIb0H9iaEDMUI8TEICcB5whoYF6g3fg/0BvfM8F4r1FthDO0C7PBu
xwGATg9CTmgTPQn2Rvn/qiijmEhxKBXVI9kjBbQH2A7RWvxXuKabqTXil+9K5LyZvNMaz7xTTN4R
6dZ48raenHvLz5wrJm/5SUshOVtFTmvJKS05+YaFORkib1hIc4j8WiInJPK6RF6TyDGJHG26hzna
TZruIUckcriKvCqRVwzk5UM65mULOaQjvwqRXxaTl2LJgRB5cX8x86JE9heTF+oMzAsJpHGFhmlM
IPsmkr0CeT6dNGyIZRok8tyzAvOcizwrkD31BmZPAqmHdvUGUi/Su+HB3Rayew1dZyB1Iv1MAtn1
dJDZJZGdO8zMzgSyY7ue2WEmO5qxKHL09m0aZruebG/GSLyX3qYh21ro2ooqpvYU2fqEltlqJFtF
egucbbmL1Gw+xdRIZPOmQmbzKbJ5Db1pYwKzqZBsEumN0K+NCWTDeiOzIZZsaO5rEfvo9UayFj69
tpg8HSRP2ciTdeQJLVlTXMyskUj1fIGpjiKPVxmYx0OkykBWr+KZ1WayiieVdWSlkazQkOWPeZjl
3eSxZTHMYx6yLIYshYeWxpIlEnlUIosX6ZnFElmkJ4tEuqKKLFwwkllYThaMJPPLdcx8gcxfQ5fr
SLlIh+GT4W4yr+wUM08iZXMLmbJTpGwNPbc0gZlbSOaKdGkCKYFGJd2kuJg8YiVzJDJbIkWz0pki
icxKJw9LpFAiD00kD1aRAonMzCX5EvmFRGacIg9IZFoxmWoh94fIlPt4ZkoVuY8neaPE0WSSlkwo
JvfGqZl768j4ELmHCMw9ZjLORMZSGmZsFMkdY2Zyy8mY0QIzxkxGj9IyowUySuSYUVoickSUx3Ea
fXcdGUmnMSMnkxE5FmbERJIzXMPkWEiOSA/XkLuyTcxdhSR7mJHJNpFhRjJUT4ZIIOYtTJZEBmea
mcEWkhnSMJlmEhrEMSENCUXmZxBHghkOJphLMtKtTIaDZLTQ6bEaJt1K0tfQaVwxk1ZHAqkWJjCR
pIIRqRaSKtIp0PWUYpKcFGSSR5Ek6FhSkPjh4JdI4l0kQe9gEgpJvM/ExE8jPnjMZyI+kY5TE6/H
wXgLicdtZDwO4mmh3fAxt5G419CxGhIr0i4fieFJdDxxRgUZ5zQSBW+NChKHROzwUbtEbAKxWiyM
tZxYzGbGYiEWkTabiQnamU4RIwyvUSICHITRhIf+83XEAPcMEtHDC/QOohdpnUS0cKEVh5UTDbTR
VBGumKhVRkZtISojYZkQw1YRBp5jQoSGl9FpBF5KaQieRpBEcDMuXrsFp/4/u6H/2x34X24Qzf4L
NCucLwplbmRzdHJlYW0KZW5kb2JqCjIxIDAgb2JqCiAgIDczOTcKZW5kb2JqCjIyIDAgb2JqCjw8
IC9MZW5ndGggMjMgMCBSCiAgIC9GaWx0ZXIgL0ZsYXRlRGVjb2RlCj4+CnN0cmVhbQp4nF1SwW6j
MBS8+yt87B4iiE1MK6FIq/aSw25Xm/YDwH6kSI1BDjnk7+vxRF1pD+BhPDM8P7/q+fByiNOqqz9p
9kdZ9TjFkOQyX5MXPchpimprdJj8ev8qb3/uF1Vl8/F2WeV8iOOsuk5Xf/PmZU03/fAzzIP8UFrr
6jUFSVM86Yf35yOp43VZPuUscdW12u91kDHH/eqX3/1ZdFXMm0PI+9N622TbP8XbbRFtyveWJfk5
yGXpvaQ+nkR1db3X3TjulcTw355taRlG/9En1RlI6zovqrPbgvOiupZ8C97tCs5L5g15A2yJLTQj
NSOwEAswMx0yLb0WXst8i3wTWEMAz39Z/Ms2xA1wT9wDPxE/ATtil/GO3h28jhoHTcucFjmO2AE3
rK1Bbc6T9+B5rqac65H8I3KY35Z8alzRDMQDMOt0qNPxXK6cizkWOZZeC2/DPjSlzy31LXrCHhr0
0DDfIN9Skxdc7v0Wcc2Yx+/58deU8uiUoS0zg2mZonzP9TIvcJXnC5SXxe0KZW5kc3RyZWFtCmVu
ZG9iagoyMyAwIG9iagogICAzOTMKZW5kb2JqCjI0IDAgb2JqCjw8IC9UeXBlIC9Gb250RGVzY3Jp
cHRvcgogICAvRm9udE5hbWUgL1ZKR1BJVStEZWphVnVTZXJpZgogICAvRm9udEZhbWlseSAoRGVq
YVZ1IFNlcmlmKQogICAvRmxhZ3MgMzIKICAgL0ZvbnRCQm94IFsgLTc2OSAtMzQ2IDIxMDUgMTEw
OSBdCiAgIC9JdGFsaWNBbmdsZSAwCiAgIC9Bc2NlbnQgOTI4CiAgIC9EZXNjZW50IC0yMzUKICAg
L0NhcEhlaWdodCAxMTA5CiAgIC9TdGVtViA4MAogICAvU3RlbUggODAKICAgL0ZvbnRGaWxlMiAy
MCAwIFIKPj4KZW5kb2JqCjkgMCBvYmoKPDwgL1R5cGUgL0ZvbnQKICAgL1N1YnR5cGUgL1RydWVU
eXBlCiAgIC9CYXNlRm9udCAvVkpHUElVK0RlamFWdVNlcmlmCiAgIC9GaXJzdENoYXIgMzIKICAg
L0xhc3RDaGFyIDExNwogICAvRm9udERlc2NyaXB0b3IgMjQgMCBSCiAgIC9FbmNvZGluZyAvV2lu
QW5zaUVuY29kaW5nCiAgIC9XaWR0aHMgWyAzMTcgMCAwIDAgMCAwIDAgMCAwIDAgMCA4MzcgMCAz
MzcgMzE3IDAgNjM2IDYzNiA2MzYgNjM2IDYzNiA2MzYgNjM2IDYzNiA2MzYgNjM2IDMzNiAwIDAg
MCAwIDAgMTAwMCA3MjIgMCA3NjUgMCAwIDAgMCAwIDAgMCAwIDAgMCAwIDAgMCAwIDAgMCAwIDg0
MiAwIDAgMCAwIDAgMCAwIDAgMCAwIDAgNTk2IDAgNTYwIDY0MCA1OTEgMCA2NDAgNjQ0IDMxOSAz
MTAgNjA1IDMxOSA5NDggNjQ0IDYwMiA2NDAgMCA0NzggNTEzIDQwMSA2NDQgXQogICAgL1RvVW5p
Y29kZSAyMiAwIFIKPj4KZW5kb2JqCjI1IDAgb2JqCjw8IC9MZW5ndGggMjYgMCBSCiAgIC9GaWx0
ZXIgL0ZsYXRlRGVjb2RlCiAgIC9MZW5ndGgxIDI1NTYKPj4Kc3RyZWFtCniczVR7UFTXGT/3/s63
u+yycJe9CKjgrrBF5LXsCvWB9opQVFJCxLbYiqKuC+ERwfdrk02j9RVUjFkfsS1JnGmLeWxsajfi
tJpqbJvhL7XR/5IZnUxnHKdp007j4KXfgp102mn/bc83957v9/ue55x7rlCEECkiKiC0dVs3e44E
z30uhHKfn+Ph3vaeT6OfXRUCUfY61N69I+zd+Oko62fY3tSxfk3I9XL9eSFkKnNVHUxkeBxvMq5l
XNDRs3m7fbeIM+5gbOvesG5NMi/jXsapPWu298o2CjLezdjTu3F975Ydlr8y5vy0SqgibMZkmM5y
d1Yx2UiV14XlumKjVlWK8qs371cI7eb9m/f9bpfX5fO6vGEpRjdhyug9M2ZN+9ufNlqKhCKWjo1Z
Zlp0USm2Gp7SCl9pQUVJeWFB1aySqcKql7qhTC50V6VQicPqr9I+r74buDtafVV7oN2svjuhueZU
CMNbnDs5VRaUK7adUwrc+Rkzso540vv8lSqsOx1TSs4Eqbz6QSDwICtg8vz76g8CGsOMrDl+xecK
Znorg678ymDlrKpgYFJWZn6Zkj/dkqt4/43I9E54491H5v1Hb8Tj8cS7Nd+vaVOXNYWXq+o/AWWG
eTvpgWFl9K3OTizr2nv+QnbO7xoa+wYO7PlS7UpaeYMVu9jEe5oQH7LcYO0J0Sn6xD4xyPo9sWuc
vyJtSWHmDiV9b4iEUsR+alKUck6jil9yniDb7rF/mPGgWDtuf4iRcTmNEXWbUNHEWtN4xKBIYJ6U
GJl4xqM+FPPFRTGU1GlExNhvmfiIpYazLxWXxB3lBXFWuSUiol9skmwWuYqdbnEvnWIt3RqXP4qV
45WTXCfd4lMeFJ28zkuc/ewErxQpy9CGsNLCK1SVISxmdq/olG0sheNSO76+iTWo6i6u/3i9YkRd
qRbJQmWI6yRrjHD+ITGf+w1zp4v5UZP94w9iEMk7kENXxFLrUkuqYrFGxHK27kJQOW3JFW0iguWc
oZG5ftGofMRVhC4uWEhCVUSJR4urviWhuPFUi+c3K7ylJf8CPZrVExdNcecOT2JsrKlFTqEVcZoa
h88Wl778T/6T8ZPSkoamFk/8t3W1j7PWtdUy19zCahIxzXxdbSl/IMmzWpXY3XNv0ur06r+Iabbk
rosbdxo/+8f8xe1Hc7Xbto+T91lMRIy/rT1mrhCu3C9uj/Zqtx/zXw5V8o7R23yuE6M2+f+YqKem
iGJxUiS/OE2c4nsupEP5M2OZUKPGx9dNfODGtasFdC2Ea4a8WoBfO/H+lUJ6P4Qrhbjcil9FcMmB
YQcuvqfTxQDe05EI4BcmLpj4uYmfmThv4p14Pb3zEPF6vG3irQjeNPFGGs4NpdI5HUOp+GkAPwnh
x3k4G8Drr4XodROvhfBqLI1e9WFwu50GffhRA36o4QdlOLM/j86YeOW0Rq/k4rSGUyfT6JQPJ9nv
ZBpOGvIEB57QcSIqY2mIGfJlH47v8dNxEy8dc9NLPhwbcNIxN44lFMNIkQNH7TTgxEBCEcYSedSO
o5flkQ0ROjKMw8876LALhw3Zz1r/XLx4aJheNHHoYCsdGsahqDx4wEcHW3HQkAe4rwM+7N/nov15
2J8Yu2yMyX0u7OXSe0PY48cLk/C9GJ53IBoKUdTEc90aPZeDZyNp9GwAkTTs3pVOu93YlY6dMexw
Ybsd27Z6aNtDbN0ylbZ6sGUqNnPQ5jxsMrHRRF+vk/pM9DrRa8gNETzTs4Ce6ULPAnR3pVK3hu6o
7EpFlyE7uWTnQzzdMUxPm+hob6WOYXREZXvYR+2taDdk2If17LT+IUIhrMvEWhNrTLStLqM2E6vL
sMpEq4mVDfhuBN8xsaIWLSa+beJbw/imieYQlul4KoCmJ9OpKYIn09G40KjBEw4sDWHJdBstiWFx
APXQqN6Nr2egTrVTXQ5qF7mptguLajRa5EbNQgfVaFhopNBCB4wUGMl9bJZfi2GBLKUF38D8ap3m
N6B6np2qdVQbcp4dc+dk0NxWzJntojkZmO3CV52oMlE5S6dKE7OCbpqlIxiwU9CNQEUKBewITJxP
RQr85dnkr0V5WSaVZ6P8sizLs1NZJsqisjQlRKUxlBTrVNKAYl5EsY5iQ87k1meGUDTDT0ULMYMb
m+FHIU+FJr4yFz5nNvlaUZCfQQXNyOew/AzkG3K6DV5PNnlb4ZnmIk82PJflNC42zYVpUZlnR54h
c/MxNR1TCjA5x0+Tm5HDWXP8yDaRxUWzTEzSkKnrlNkF3e0mXYduSLcbGeyXMQwXb6/LhMaTVoN0
7j89hjS2pZlwcgJnNpyGTDXhYOAwZnfBzj72CFJCsFldZNNhdcFCAbJEQBxHAUhOJkvBSVU7lGYI
E0pCCe3tV4r/b4f4XzfwXwf/rf8Ong1TEgplbmRzdHJlYW0KZW5kb2JqCjI2IDAgb2JqCiAgIDE4
MDYKZW5kb2JqCjI3IDAgb2JqCjw8IC9MZW5ndGggMjggMCBSCiAgIC9GaWx0ZXIgL0ZsYXRlRGVj
b2RlCj4+CnN0cmVhbQp4nF2Qz2rDMAzG734KHdtDcdNzCIzuksP+0GwP4NhyZmhkoziHvP1kN3Qw
gQ3S9/3MZ+lr/9pTyKA/OdoBM/hAjnGJK1uEEadAqrmACzbvXb3tbJLSAg/bknHuyUfVtqBvIi6Z
Nzi8uDjiUQGA/mCHHGiCw/d1eIyGNaU7zkgZzqrrwKGX595Mejczgq7wqXeih7ydBPtzfG0J4VL7
5hHJRodLMhbZ0ISqPUt10HqpTiG5f/pOjd7+GK7uprhHgYp7nxeufPIZyq7MkqduogYpEQLhc1kp
pkLV8wtTRnDHCmVuZHN0cmVhbQplbmRvYmoKMjggMCBvYmoKICAgMjIzCmVuZG9iagoyOSAwIG9i
ago8PCAvVHlwZSAvRm9udERlc2NyaXB0b3IKICAgL0ZvbnROYW1lIC9LR0lTVVMrRGVqYVZ1U2Vy
aWYKICAgL0ZvbnRGYW1pbHkgKERlamFWdSBTZXJpZikKICAgL0ZsYWdzIDQKICAgL0ZvbnRCQm94
IFsgLTc2OSAtMzQ2IDIxMDUgMTEwOSBdCiAgIC9JdGFsaWNBbmdsZSAwCiAgIC9Bc2NlbnQgOTI4
CiAgIC9EZXNjZW50IC0yMzUKICAgL0NhcEhlaWdodCAxMTA5CiAgIC9TdGVtViA4MAogICAvU3Rl
bUggODAKICAgL0ZvbnRGaWxlMiAyNSAwIFIKPj4KZW5kb2JqCjMwIDAgb2JqCjw8IC9UeXBlIC9G
b250CiAgIC9TdWJ0eXBlIC9DSURGb250VHlwZTIKICAgL0Jhc2VGb250IC9LR0lTVVMrRGVqYVZ1
U2VyaWYKICAgL0NJRFN5c3RlbUluZm8KICAgPDwgL1JlZ2lzdHJ5IChBZG9iZSkKICAgICAgL09y
ZGVyaW5nIChJZGVudGl0eSkKICAgICAgL1N1cHBsZW1lbnQgMAogICA+PgogICAvRm9udERlc2Ny
aXB0b3IgMjkgMCBSCiAgIC9XIFswIFsgNjAwIDcxMCBdXQo+PgplbmRvYmoKMTAgMCBvYmoKPDwg
L1R5cGUgL0ZvbnQKICAgL1N1YnR5cGUgL1R5cGUwCiAgIC9CYXNlRm9udCAvS0dJU1VTK0RlamFW
dVNlcmlmCiAgIC9FbmNvZGluZyAvSWRlbnRpdHktSAogICAvRGVzY2VuZGFudEZvbnRzIFsgMzAg
MCBSXQogICAvVG9Vbmljb2RlIDI3IDAgUgo+PgplbmRvYmoKMSAwIG9iago8PCAvVHlwZSAvUGFn
ZXMKICAgL0tpZHMgWyAyIDAgUiBdCiAgIC9Db3VudCAxCj4+CmVuZG9iagozMSAwIG9iago8PCAv
VHlwZSAvT3V0bGluZXMKICAgL0ZpcnN0IDE0IDAgUgogICAvTGFzdCAxNCAwIFIKICAgL0NvdW50
IC0xCj4+CmVuZG9iagoxNCAwIG9iago8PCAvVGl0bGUgKERFVEFMTEVTIERFIExBIFJFU0VSVkFD
SU9OKQogICAvUGFyZW50IDMxIDAgUgogICAvRiAwCiAgIC9EZXN0IFsyIDAgUiAvWFlaIDcwIDc2
MyAwXQo+PgplbmRvYmoKMzIgMCBvYmoKPDwgL1Byb2R1Y2VyIChjYWlybyAxLjE1LjEwIChodHRw
Oi8vY2Fpcm9ncmFwaGljcy5vcmcpKQogICAvVGl0bGUgKFJlc2VydmFjaW9uKQogICAvQXV0aG9y
ICgpCiAgIC9LZXl3b3JkcyAoKQogICAvQ3JlYXRpb25EYXRlIChEOjIwMjEwNTA0MTYzNjM4WikK
Pj4KZW5kb2JqCjMzIDAgb2JqCjw8IC9UeXBlIC9DYXRhbG9nCiAgIC9QYWdlcyAxIDAgUgogICAv
T3V0bGluZXMgMzEgMCBSCj4+CmVuZG9iagp4cmVmCjAgMzQKMDAwMDAwMDAwMCA2NTUzNSBmIAow
MDAwMDIxMjQwIDAwMDAwIG4gCjAwMDAwMDEzODggMDAwMDAgbiAKMDAwMDAwMDAxNSAwMDAwMCBu
IAowMDAwMDAwMDE1IDAwMDAwIG4gCjAwMDAwMDA3MDAgMDAwMDAgbiAKMDAwMDAwMDAxNSAwMDAw
MCBuIAowMDAwMDAwNjc4IDAwMDAwIG4gCjAwMDAwMDkxMDggMDAwMDAgbiAKMDAwMDAxNzg1NyAw
MDAwMCBuIAowMDAwMDIxMDc4IDAwMDAwIG4gCjAwMDAwMDA4NDggMDAwMDAgbiAKMDAwMDAwMTEw
NSAwMDAwMCBuIAowMDAwMDAxMzUyIDAwMDAwIG4gCjAwMDAwMjEzODkgMDAwMDAgbiAKMDAwMDAw
MTY1NSAwMDAwMCBuIAowMDAwMDA4MzI2IDAwMDAwIG4gCjAwMDAwMDgzNTAgMDAwMDAgbiAKMDAw
MDAwODgwNyAwMDAwMCBuIAowMDAwMDA4ODMwIDAwMDAwIG4gCjAwMDAwMDk1NzEgMDAwMDAgbiAK
MDAwMDAxNzA2NSAwMDAwMCBuIAowMDAwMDE3MDg5IDAwMDAwIG4gCjAwMDAwMTc1NjEgMDAwMDAg
biAKMDAwMDAxNzU4NCAwMDAwMCBuIAowMDAwMDE4MzE5IDAwMDAwIG4gCjAwMDAwMjAyMjEgMDAw
MDAgbiAKMDAwMDAyMDI0NSAwMDAwMCBuIAowMDAwMDIwNTQ3IDAwMDAwIG4gCjAwMDAwMjA1NzAg
MDAwMDAgbiAKMDAwMDAyMDg0MiAwMDAwMCBuIAowMDAwMDIxMzA1IDAwMDAwIG4gCjAwMDAwMjE1
MDQgMDAwMDAgbiAKMDAwMDAyMTY3MCAwMDAwMCBuIAp0cmFpbGVyCjw8IC9TaXplIDM0CiAgIC9S
b290IDMzIDAgUgogICAvSW5mbyAzMiAwIFIKPj4Kc3RhcnR4cmVmCjIxNzQzCiUlRU9GCg==

--===============2802977296783765340==--

-------------------------------------------------------------------------------
