Content-Type: multipart/mixed; boundary="===============2798069253822106817=="
MIME-Version: 1.0
Subject: =?utf-8?q?Hotel_Real_-_Confirmaci=C3=B3n_de_Reservaci=C3=B3n?=
From: reservaenrealnicaragua@gmail.com
To: justo@becerra.com
Date: Thu, 28 Jan 2021 19:36:17 -0000
Message-ID: <161186257784.9313.11629838523585048775@localhost>

--===============2798069253822106817==
Content-Type: text/html; charset="utf-8"
MIME-Version: 1.0
Content-Transfer-Encoding: 7bit

Pronto nos pondremos en contacto con usted. recibimos su solicitud para RealNicaragua
--===============2798069253822106817==
Content-Type: application/pdf
MIME-Version: 1.0
Content-Transfer-Encoding: base64
Content-Disposition: attachment;
 filename="justo@becerra.com_5ku4534_2021-01-28 19:36:17.218723.pdf"

JVBERi0xLjUKJbXtrvsKNiAwIG9iago8PCAvTGVuZ3RoIDcgMCBSCiAgIC9GaWx0ZXIgL0ZsYXRl
RGVjb2RlCj4+CnN0cmVhbQp4nN1UUW/aMBB+96+4x6ApztmOY0dCaBSyqRVsA6K9oD54YBgdCRDo
1p8/J6SDQlm3SX1ZojiW7/zdd6e7jwG612du0SGDSUY2BKuzYg6BQZhvyVVKeLj3c38lKeeRjDgw
RKojwTWDNCPBzEcfwe1nZOx1k7Qhpdfu9ZIRdBPotWGYjJJhQ0jvc0Npr925/vihcZveEMZrDhwc
FkURYwkeacpRoXgEZ4/gHjTSuyfhfO6IaOSoHUMqeSQiBemUeG3IV9mXwsLU1ndOUBijGIlQKUCK
KKUQWlY3z2McXH1GQ4FCxKXn2PvU4MozW7NeFTtbZfQacbwkM4vlK2dhi+0qN9sLSQSjtcmh2YSg
Pdndm2VqH3bQnNnZDNFgC1otuOp2XmCT9DvEW9eB/iN+78p2t5OvxvUaJPmuMFNziecRIFY4PNQo
n8EZmeXiX2C8ti1Wy0VuTel4ZpzbfGdhc2+hsFtbfDd/2Vb+vlLpXiloLMqnFAynFEfTzJmmDGOh
JAjhVEPog1QcQk3u1hmLtXg7LxucTlbZc+DD924flY+CH8504747Mr4tqcGUMIQ+bIBVsferk7Ka
gIse0Qg5ZCCkoEz/OljCCAYHvXtKv/JVcaT17+j7f1QKIZUDCF8oxRsppMZY8Ti8UIOzFGvgoxTD
UNBIqJMcNyQwzIk5BA+uVt0VGZCgt8i/VePS71x3HVw9H+UEnNjYsW1AfgJEQWPmCmVuZHN0cmVh
bQplbmRvYmoKNyAwIG9iagogICA1NDQKZW5kb2JqCjUgMCBvYmoKPDwKICAgL0V4dEdTdGF0ZSA8
PAogICAgICAvYTAgPDwgL0NBIDEgL2NhIDEgPj4KICAgICAgL2ExIDw8IC9DQSAwLjcgL2NhIDAu
NyA+PgogICA+PgogICAvWE9iamVjdCA8PCAveDEwIDEwIDAgUiA+PgogICAvRm9udCA8PAogICAg
ICAvZi0wLTAgOCAwIFIKICAgICAgL2YtMS0wIDkgMCBSCiAgID4+Cj4+CmVuZG9iagoxMSAwIG9i
ago8PCAvVHlwZSAvQW5ub3QKICAgL1N1YnR5cGUgL0xpbmsKICAgL1N0cnVjdFBhcmVudCAwCiAg
IC9RdWFkUG9pbnRzIFsgMjE4IDUxNyAzNTMgNTE3IDM1MyA1MDMgMjE4IDUwMyBdCiAgIC9SZWN0
IFsgMjE4IDUwMyAzNTMgNTE3IF0KICAgL0EgPDwKICAgICAgL1R5cGUgL0FjdGlvbgogICAgICAv
UyAvVVJJCiAgICAgIC9VUkkgKG1haWx0bzpjanBtMTk4M0BnbWFpbC5jb20pCiAgID4+CiAgIC9C
UyA8PCAvVyAwID4+Pj4KZW5kb2JqCjEyIDAgb2JqCjw8IC9UeXBlIC9Bbm5vdAogICAvU3VidHlw
ZSAvTGluawogICAvU3RydWN0UGFyZW50IDEKICAgL1F1YWRQb2ludHMgWyAzNTcgNTE3IDQ0MyA1
MTcgNDQzIDUwMyAzNTcgNTAzIF0KICAgL1JlY3QgWyAzNTcgNTAzIDQ0MyA1MTcgXQogICAvQSA8
PAogICAgICAvVHlwZSAvQWN0aW9uCiAgICAgIC9TIC9VUkkKICAgICAgL1VSSSAodGVsOis1MzU4
MDk3Mjk0KQogICA+PgogICAvQlMgPDwgL1cgMCA+Pj4+CmVuZG9iagoxMyAwIG9iagpbCiAgMyAw
IFIKICA0IDAgUgpdCmVuZG9iagoyIDAgb2JqCjw8IC9UeXBlIC9QYWdlICUgMQogICAvUGFyZW50
IDEgMCBSCiAgIC9NZWRpYUJveCBbIDAgMCA1OTUgODQxIF0KICAgL0NvbnRlbnRzIDYgMCBSCiAg
IC9Hcm91cCA8PAogICAgICAvVHlwZSAvR3JvdXAKICAgICAgL1MgL1RyYW5zcGFyZW5jeQogICAg
ICAvSSB0cnVlCiAgICAgIC9DUyAvRGV2aWNlUkdCCiAgID4+CiAgIC9SZXNvdXJjZXMgNSAwIFIK
ICAgL1N0cnVjdFBhcmVudHMgMgogICAvQW5ub3RzIFsgMTEgMCBSIDEyIDAgUiBdCj4+CmVuZG9i
agoxMCAwIG9iago8PCAvTGVuZ3RoIDE1IDAgUgogICAvRmlsdGVyIC9GbGF0ZURlY29kZQogICAv
VHlwZSAvWE9iamVjdAogICAvU3VidHlwZSAvRm9ybQogICAvQkJveCBbIDAgMCA1OTUgODQxIF0K
ICAgL0dyb3VwIDw8CiAgICAgIC9UeXBlIC9Hcm91cAogICAgICAvUyAvVHJhbnNwYXJlbmN5CiAg
ICAgIC9JIHRydWUKICAgICAgL0NTIC9EZXZpY2VSR0IKICAgPj4KICAgL1Jlc291cmNlcyAxNCAw
IFIKPj4Kc3RyZWFtCnicRZDBEsIgDETvfMX+gGkIkMDdH+jJs9NxvFSd6sXPl1ZKJ6d9LLuBxY1Y
nKjBi0AF0fC+4YLnCklChg9MnhMe6EQSFU0QY0olrldJedWRbDv/6wlBqiMU19FcUSQ9PEEycSg9
s+vWOh1EmYzNbRk7ipRj7pmaSdj21q6nY7NG5n1311F/XMs89FZbQ9ZPWVyVGVznFBNps5mV1JJS
8ILp4YYr4/7B8PWK88uNdX5LnEgzCmVuZHN0cmVhbQplbmRvYmoKMTUgMCBvYmoKICAgMTc5CmVu
ZG9iagoxNCAwIG9iago8PAogICAvRXh0R1N0YXRlIDw8CiAgICAgIC9hMCA8PCAvQ0EgMSAvY2Eg
MSA+PgogICA+PgogICAvWE9iamVjdCA8PCAveDE2IDE2IDAgUiA+Pgo+PgplbmRvYmoKMTYgMCBv
YmoKPDwgL0xlbmd0aCAxNyAwIFIKICAgL1R5cGUgL1hPYmplY3QKICAgL1N1YnR5cGUgL0ltYWdl
CiAgIC9XaWR0aCA4MDAKICAgL0hlaWdodCA2MDAKICAgL0NvbG9yU3BhY2UgL0RldmljZVJHQgog
ICAvSW50ZXJwb2xhdGUgdHJ1ZQogICAvQml0c1BlckNvbXBvbmVudCA4CiAgIC9GaWx0ZXIgL0RD
VERlY29kZQo+PgpzdHJlYW0K/9j/4AAQSkZJRgABAQAASABIAAD/4QCMRXhpZgAATU0AKgAAAAgA
BQESAAMAAAABAAEAAAEaAAUAAAABAAAASgEbAAUAAAABAAAAUgEoAAMAAAABAAIAAIdpAAQAAAAB
AAAAWgAAAAAAAABIAAAAAQAAAEgAAAABAAOgAQADAAAAAQABAACgAgAEAAAAAQAAAyCgAwAEAAAA
AQAAAlgAAAAA/+0AOFBob3Rvc2hvcCAzLjAAOEJJTQQEAAAAAAAAOEJJTQQlAAAAAAAQ1B2M2Y8A
sgTpgAmY7PhCfv/AABEIAlgDIAMBIgACEQEDEQH/xAAfAAABBQEBAQEBAQAAAAAAAAAAAQIDBAUG
BwgJCgv/xAC1EAACAQMDAgQDBQUEBAAAAX0BAgMABBEFEiExQQYTUWEHInEUMoGRoQgjQrHBFVLR
8CQzYnKCCQoWFxgZGiUmJygpKjQ1Njc4OTpDREVGR0hJSlNUVVZXWFlaY2RlZmdoaWpzdHV2d3h5
eoOEhYaHiImKkpOUlZaXmJmaoqOkpaanqKmqsrO0tba3uLm6wsPExcbHyMnK0tPU1dbX2Nna4eLj
5OXm5+jp6vHy8/T19vf4+fr/xAAfAQADAQEBAQEBAQEBAAAAAAAAAQIDBAUGBwgJCgv/xAC1EQAC
AQIEBAMEBwUEBAABAncAAQIDEQQFITEGEkFRB2FxEyIygQgUQpGhscEJIzNS8BVictEKFiQ04SXx
FxgZGiYnKCkqNTY3ODk6Q0RFRkdISUpTVFVWV1hZWmNkZWZnaGlqc3R1dnd4eXqCg4SFhoeIiYqS
k5SVlpeYmZqio6Slpqeoqaqys7S1tre4ubrCw8TFxsfIycrS09TV1tfY2dri4+Tl5ufo6ery8/T1
9vf4+fr/2wBDAAgGBgcGBQgHBwcJCQgKDBQNDAsLDBkSEw8UHRofHh0aHBwgJC4nICIsIxwcKDcp
LDAxNDQ0Hyc5PTgyPC4zNDL/2wBDAQkJCQwLDBgNDRgyIRwhMjIyMjIyMjIyMjIyMjIyMjIyMjIy
MjIyMjIyMjIyMjIyMjIyMjIyMjIyMjIyMjIyMjL/3QAEADL/2gAMAwEAAhEDEQA/APf6Q0tRySLG
jO5CqoyST0oAfxS5rEl8SaShP/EyteP+moqrJ4r0lemo2x/7aCnysDpM5ormP+Es0v8A6CFt/wB/
BR/wlul/9BC2/wC/gp8rA6eiuY/4S7Sv+ghbf9/BR/wlulf9BG2/7+CjlYHT0VzP/CW6V/0Ebb/v
4KrXnjnRrG3M819GUH9w7jRySYrpHX0V52Pi14ZIz9rl/wC/Ro/4Wz4a/wCfuT/v2atUZC50eiUV
55/wtnw1/wA/cn/fs0f8LY8N/wDP3J/37NHsavYOdHodFee/8LY8N5/4+5P+/Zpf+FreG/8An7k/
79ml7Cr2DnR6DRXn/wDwtXw5/wA/cn/fBo/4Wp4cP/L2/wD3waPYVewc6PQKK4D/AIWn4d/5+3/7
4NH/AAtPw7/z9v8A98Gj2FQOdHf0VwH/AAtPw7/z9v8A98Gj/haXh7/n7f8A74NP6vUDnR39FcB/
wtLw7/z9v/3waP8AhaXh3/n7f/vg0fV6gc6O/ozXA/8AC0fD3/P2/wD3waQ/FLw6P+Xt/wDvg0ew
qC50d/mjNef/APC0/Dv/AD9Sf98Gl/4Wn4d/5+pP++DS9hU7D54nf5ozXn//AAtPw7/z9Sf9+zR/
wtTw6P8Al6k/79mq9hU7MOeJ6BRXn/8AwtXw7/z9S/8Afs0n/C1vDv8Az9S/9+zR9Xqfyh7SJ6DR
k159/wALV8Of8/Uv/fs0f8LV8O/8/Mv/AH7NL2FT+UXtInoOaM159/wtbw3/AM/Mv/fs0n/C1vDn
/PzL/wB+zR7Cr/KHtInoWTRk157/AMLW8Of8/Mv/AH7NL/wtbw5/z9S/9+zR7Cp2D2kT0HNGa89/
4Wt4c/5+pf8Av2aP+Fr+HP8An6l/79mj2FT+UftInoWaM159/wALW8Of8/Uv/fs0f8LW8Of8/Uv/
AH7NHsKn8oe0ieg5ozXn3/C1vDn/AD9Sf9+zR/wtXw5/z9S/9+zR7Cp/KHtInoOaM159/wALV8O/
8/Un/fs0v/C0/Dv/AD9S/wDfs0ewqfysPaRPQM0Zrz//AIWn4ePS5l/79mnj4n6Af+W834RGj2FX
+Vi9pE73NGa4MfE3Qj0ln/79Gl/4WXoZ/wCWtx/36NP6vV/lYvawO6zRkVwv/Cy9E/56XH/fo0f8
LL0P/npcf9+jR9Xq/wArH7WB3WRRmuE/4WZoX/PS4/78mk/4WdoQ/wCWlx/35NH1er/Kw9rA7zNL
muBPxP0H/npcf9+TSf8AC0tA/wCetx/35aj6vV/lYvawO/zRmvP/APhaXh/P+uuP+/LUn/C1PD+f
9bcf9+Wo+r1f5WHtYHoOaM159/wtTw//AM9rj/vy1H/C1PD/APz2uP8Avy1H1er/ACsftIHoOaM1
59/wtTw//wA9rj/vy1H/AAtXw/8A89bj/vy1H1ep/KHtIHoNFeff8LU8P/8APa4/78tR/wALU8P/
APPa4/78tR9Xq/yh7SB6DRXn/wDwtPw//wA9rj/vy1H/AAtPw/8A89rj/vy1H1er/KHtIHoFFeff
8LU8P/8APW4/78tR/wALU0D/AJ63H/flqPq9T+UPaQ7noNFef/8AC1PD/wDz2uP+/LUf8LT0DtLc
f9+Wo+r1f5Q9pDuegUma4H/haOg/89bj/vyaX/hZ+hf89Lj/AL8mj6vV/lD2kDvc0Zrgx8TtCP8A
y0uP+/Jp3/CzNC/563H/AH5NH1er/KHtYHd5ozXCf8LM0L/nrcf9+TSf8LN0L/nrcf8Afk0fV6v8
rD2sDvM0ma4P/hZ2hf8APW4/78mj/hZ+g/8APW4/78mj2FX+Vh7WB3maM1wX/Cz9B/563H/fk0f8
LQ0H/nrcf9+TR7Cr/Kw9rA76iuA/4WjoH/Pa4/78mj/haWgf89bj/vyaPYVf5Q9pA7+ivP8A/hae
gf8APW4/78tR/wALT8P/APPa4/78tR7Cr/KHtIHoFFefH4q+Hx/y1uP+/DUn/C1vD3/Pa5/78NR7
Cr/KHtYHoVFee/8AC1/Dv/Pa5/78NR/wtjw7/wA9rn/vw1L2NX+UPaRPQqK88/4Wz4c/57XP/fhq
T/hbPhz/AJ7XP/fhqPY1f5Q9pE9Eorzv/hbXhv8A57XP/fhqP+FteG/+e9z/AOA7Uexq/wAoe0h3
PRKK87Pxb8N/897n/wAB2pP+Ft+G/wDntc/+A7Uexq/yh7SHc9FpK87/AOFt+G/+e1z/AOA7Uf8A
C3PDX/Pa5/8AAdqPY1OsQ9pDueicUd687/4W54a/57XP/gO1W9O+J2ganqENlbSzmaUkKGhZRwM9
TSdGa1aBVIs7qlqpFdLIMqcirKtkVmWf/9D3/tWR4kfZ4e1DnH7h/wCVa9Yfik48Pah/1wf+VNbg
fGVxPObq4/fzjErf8tD6n3qLzpv+e83/AH8P+NE5/wBJuP8Arq38zUea7I25dhXJPOm/57zf9/D/
AI0edN/z3m/7+H/Go6KrTsIk86X/AJ7Tf9/D/jR50v8Az3m/7+H/ABqOiiy7ASebL/z2lPt5h/xo
MsjDa8zsP7pdiP503PFJTSQBz2Y/maOf736miiqFZC8/3v1NJls9f1NFFOwWQEtnr+ppct/eP5mk
opBZC5f+8f8Avo0bn/vH/vo0UUXYWQbm9T/30aNzep/76NJiinzsOVDg7ep/76NL5jf3m/76NMpa
pTYcqHhz/eP/AH0aN5/vH/vo0zNGafOxcqJA7f3j/wB9Gl8xv7x/76NRZozT9oHKibe394/99GlE
pH8R/wC+jUG6jfVKq0JxRZEpPf8A8eNPDn1/U1VDUu81oq0hOBcDf7X6mjn+9+pqushFP8ytVVbI
5SUZ7N+pp25h3/U1EGpwY1fMyWh+73/U0Z9D+ppvWlxTuxWFyfX9TRz6/qaSnYouxaDTn1/U0c+v
6mlIoxRdjuhvzev6mkOfX9TTyKTFF2FxuT/e/U0En+9+pp2KMUczHoIM/wB79TUyg/3v1NRAVNHx
SuwdizCDx/ia0oR0/wAaoRHpWhCcYqk2ZyL0OPT9asAADrVVGqUPxVpvuYsmyKYWAqPfTC9O7BIk
Z6ZvqMtmm5pXY7EhemF8npTSaTNHMwHZHpTSRnpSGii7AXj0o/CgClHWldgJgelGB6U7vShc0XYx
uPajHtTiD0pyqaLskYAPSl2+1SiPNO2UXYEATJ6U7yvarCoAKCwFF2BCsPtUohXuKUS00y0uZjH7
EA6UuFHpUJlqIymjmYWLRdR0FJ5oFVPNNMaTNHOxWLnnCo2lFVd9JvpczKsWDNTPN/zmoC1IWpcz
CxY83/OaQy1W3UbqOZjsTmX2pPN9qg3UFqXMx2JzL7U0ye361DupM0czCxKX/Ck3+9RE0Zo5mFiQ
SH2pPM+lRZoqeZlEnmc9qC30plFHMxClvpSZ+lIaSjmYDiw9qTP0puaKOZjHZHtSZpKKTkwFyK1P
DM/2fxLZTDqrH+VZOatac+zUIWHUGs6r/dy9GOPxI+jdG1M3EY9MV1du+9QR6V5f4VnZoxzXpdic
xKT6V4J3H//R9/rD8U/8i9qH/XBv5Vt1ieKBu0C/H/TBv5Ur2YWufFk//H3cD/pq38zTMVPdQstz
OwB/1r9v9o1WrqhO6CUHEXpS5pKKu5IZpRzSUU7gOozTc0tNMBRRSUZqriFFBoFFO4BS4pKWqTAK
KKKdwCjFFLTsFxMUUtJS5RXEPWgUtLS5RjaWjHNLiiwDaKdijFKw7iClzSd6WqsFwyaUE02iqTaE
yUORTg5NQilBxWkalibXLSnPen5qpuxTxITW0alyXEsZp2ahVqkBrRSM3EfmjikFKMVRNhSKbinZ
paAG4oxTsUm2nYLiCpVGaYBipFpWBssx9quxnGKoxnpVxD0qkQy6hqTtUCHipAapENC7jSHPrSHr
SZoELnFJ1oNFIBMUU4DJpdvNADaAKdspypQA0LSgc1MF4oAAoAj209Vp3FGaQBsHrSgCmFuaaWo5
hEuRSM4AqHfzTWapchomMnHWmGWoC1IWpXHYmL1Gz0wnimE0rjsSFs96aWqPNLmi4WF3GgmmZpSa
Vx2DNJSUZouMM0lJnmkzRcBaKQ0maVwHYpCKTNBNFwFxRim5ozRcBcUlGaQmlcBaKbmgmkMXNGab
mjNFwHUfjTCaM0rjsLmim5op3EOpM0UUrgLU9l/x+xfWoKnsv+P2L61FR+4/QqPxI9m8I/6sV6hY
f6pR7V5f4R/1Yr1Cw/1a/SvDZ2n/0vfaxfE3/IAvv+uDfyrarG8Tf8gG+/64N/Kh7FQ+JHx7P/r5
v+ujfzNVZrYEZSrc4/0iYf8ATRv5mozXNGfKz3J0edIzCCpwwoz6VoPEsg5HNUpYXjbOOK7qdVSR
5NfDOD90jpRScUordWZyvQKKKKL2C6ewoopKM0cwC0ZpM0tUmKwuaKTFGaq4CjrTqbmlzTTAO9OH
SmilzVJgLSUvakq0AUUUCgQooxR0ozTsAYoooosAcUHFFBosAlLSUZpWAWikzRmi9gE708HFNpaO
ZoY8NUivUOaUGtYzJauWQ9PBqsGxUqvW6kjNxJgacOaiDU8NVolxH0uKAaAc1aZLQAVIq0gFSAUy
WSRjmrcdVoxzVpM0EssJ0p4JpqKcVKEJpktjcZo21JsPanCM0hXIgtLsqUIacEoC5EE5pwTmpNtG
KAuJtpRxQTTe9FxDi1NJppNIalsEBakL8U0mk7VNxhuppakzSZoKAnmmk80pNJmkwEY8U3NOPSmm
kAZpM0UmKQwzQTRikoATNGaCKSgB1NpaSgYhpKU0YoASkNLSGgBKKKOtIYZpM0uKTFIAJpM0hooA
M0E0YpCKQwzRmjFGKAA0lLijFIBKUUYoIxTAKKKXFABU9l/x+RfWoKnsv+PyL61FT4H6Dj8SPZvC
P+rFeoWH+rX6V5f4R/1Yr1Cw/wBWv0rw2dp//9P36sXxMM6Fff8AXB/5Vt1ieJedDvf+uLfypPYq
HxI+Qpk/0ib/AK6N/M1GUq9NHmeU4/5aN/M1GYvauHmuz6z2DsipsppXd8rc1b8v2ppj56U1Oxm6
HczZ7TPKflVUgrwRitkpz0qGa1V1PHzV10q9nZnmYjAu10ZdFTPbvDw3IqIAt0rvi4yV0eTOnKDs
0JRS89xRRZkpX2EpaMUYoAKKMUVVxMWiiii4CiikzS5qkxC9qKTvS1akAUUUVSYCilpB1pasQtGK
QUtOwBikIp1BosA3FGKWlxRYBuKMUpFGKVgExSU7FGKLANoFOxRiiwCU4Gm0U0wJg1SK1QA0u6to
yE4lsHNOBquj1KrCtou5lJWLC1IKhU1Kpq0zJlmPrVqMZNVYgM1diHNUQywinFWEQ02Ic1ZVadjN
jQlPCcVIq0/bSFcr+XRtx1qfZSFKQXICoxTan2U1koC5XbrTe9WNlMZeelIZA3Wmmpthz0oZPapa
GiuetJU2z2prJ7UrDK560VKV9qbj2oKIjSVKRTSKVgGGmmn4pMUrAMoNPxTSKVhjaSnYNJmiwCYo
xS0UANoNOxRQMjNFPNJigBpppp5ptACGkFOIpKQxKQ0tJQwENJTqMUgG0GlooGNop1FKwDaKdRRY
BO9LS4oAp2FcTFLilxRiiwXExU1n/wAfkX1qLFTWY/0yL61FRe4/QqL95HsnhH/VivULD/Vr9K8v
8I/6sV6hYf6tfpXhM7T/1Pfu1Y3iP/kCXv8A1xb+VbJrH8R/8gS9/wCuTfypS+E0pfGj5ZkjHmy/
9dG/maiMNTyN++l/66N/M0ma8x7n6HGCcUVmhINRtEfSr/HegqDSIdFMzTHjtTPLrSMWe1MMFUmz
KWHujOaEMMEZrPuLFlO6Ot1oaj8vA5/KtoYiUGefXy+NRbHNMpU/NSbe9blxYJMMqMNWXLbvEcOp
9jXr0K8ai1Pm8TgKlF6FbFGKftpdtdTpnDcjxRin4oxUcgxlFOIoxS5AG4op2KMUnEQmaM0tJRsA
tKKbTqpMAxTuKZS5q0wFozRRVpgLmlptOqkAg5NOpB1pasQUlLS0WATFJTqQCiwCUc07FHWiwDTS
Yp2MUVLiA3BpRkUuD60mMUbAODEU9DUVOBxWkZCaLSManVhVEE1Yibjmt0zOUTQiar0Dc1mxNx1q
7EelWmYSRpxuKsrJWchIqYSHAp3M2jRDinhwazvOwKeLjimTY0QQaXg1QW64pwufegLF3aKCgNVf
tHvThOPWgRY8vim+VzTBOPWnCZfWiwAYh6U1os9qkEgPcUvmD2osBD5PHSmND7VbDAijg0rBcoGA
56Uww+1aW0GkMII60WHczDDTDF7VpmAUn2YUWC5ltFxTPKrVNqKabUVLiO5l+Wab5fNav2Wmm0o5
R8xmeXSGOtM2tNNr7UuUOYzSlJsrRNrx0phtqOULlApSbKum3NNMGKmw7lIpSFTVpoTTTFRYaZXK
8U3FTmPmmlKLBcgpKm2U3ZUjuR0HipNlIUosFyPGaMU/bRtosFyLFGKl2+1G32osMixRipdvtRto
sBGBx0pce1PxRiiwDMUuKdj2oxTsA3FGBTsUbaLANxU1oP8AS4vrUeKmtR/pUf1rOqvcl6MqHxI9
g8I/6sV6hYf6tfpXl3hH/VCvUdP/ANWv0rwGdx//1ffjWP4i/wCQJe/9cm/lWzWL4jP/ABJL3/ri
38qUvhNKXxo+WXP76b/ro38zQGqN3/fS+8jfzNAavMe5+gQqLlRMDTs4qIH0p+c0jVNMkBpeD1qM
NzTwady9BSoNNMa+lPzSgj0p2uJpdSBoAfY1BLaK64ccHvV8YJ6UpQVUZOOxnUw9OotTmbnTXhJZ
RuSqRTBrsTGMYxxWfdaVHNlowQ314r18Jj18NTc+bx2S6udM5zbzSFauS2rwsQynioGQr1r2IqM1
c+ZmnTlyyREVpNtTFabilKkSmnsRbeaCOal20m2odIdyLFGKkxSbah0guMxRinYpMVDpjuJRS4pO
anlaHcDQKKKNRC5pRTe9KKpSAdS5puaWtIyFYcDRTc0oNacwDsUAUm40oNUncBaSlowKqyENNGKW
ilYBKQ07FGKTQDcUvelxSUrAOFSoxqIGnqTTTsJrQuwtzV+FqzYjir0JreLMJo0EbinhqgQ1IDWi
MmiTNGabmjNAhxNKCabmkJNAiXccUByKiyaMmmFibzSKd5xqvk0bjQFi0Lg4pVuTmqm40oJoCxeF
1inC7rP3GjJoDlNEXnvTvtee9Zm40bjRcXKaouh604XY9ayd59advOOtFw5TXFytKLhDWQHOetOE
hHei4rGv5y0okU1kecaeJzjrTuKxq7kNL8prLE59alW5IpXCxe2r0ppjWq63HNO88UBYkMIqMwCn
ibNO3g0WFcrNBzxUTW/FXsimkA0rXGmZxgNRmA5rT2A00xD0o5R3MzySKb5BrSMOe1J5PtU8pVzM
MNJ5JrTMPtSGD2o5QuZvlEUeV7Vo+RntR9no5QuZ3le1HlVoeT7UnkZ7UuULmeYqb5RrQMPPSkMI
96OUdyh5VHl1daGmGI0coXKuzim7KteUaQxYpWHcr7KaV5qwUNNKGiwXIdvNS2oxdx/WgpT7Zf8A
SU+tZ1V+7l6MqD95HrXhD/UivUbD/Vr9K8u8I/6kV6jYf6tfpXzzPQP/1vfqxfEnGh33/XFv5Vs9
axvE3/ICvv8Ari38qUti6fxI+TpH/wBIl/66N/M0qyD1qvKxFxL/ANdG/maarGvOcdT7CFZ2ReD+
9SK9URJUiy1NjojXLm70NODVVVx61KH96RvGqWA1PDCq+73pyvQnY3UkycNzUgORzVcPUgarvcpM
eR70oz0pmeaduovrcHqNmgjmUhlAOOtZNzpzRksqlh7Vtg8UEqVwRXdhsbOlvsebjMspYhXS1OXa
HnGOaiaLnpXQ3Nisih06+lU0067nYiC1Z/pX0OHxlKrHRnxWLwFbCyfMtDHMdJsxWudE1cE/8S6b
8j/hTf7B1g/8w2bP4/4Vu5w7nIuZ7GRtpCBWx/wjmuN/zDZf1/wpp8Na5/0DZf1/wrNzh3HqY5FI
Ritg+Gtc/wCgdL+v+FMbw7rajJ06X9f8Khyp9xmVimkc1pPourr10+b8j/hUJ0vU162EuP8AdP8A
hUPlGUsUYqybC+/58pR/wA0hs70f8ukv/fJqbRArEUgzVj7Jef8APpL/AN8mmtbXQHNrL/3yayaQ
yGlzT/s9x/z7Sf8AfJpphnHWGT/vk0k7DEBzTgaaUlA/1T/98mgK/eJ/++TVKYhwp2aj+cfwN+VL
uPdW/KtFNCH5pQaZvx/C35Ueao7n8q0U0xWJOKOKj85exP5Uvnr3J/KtFJAScdqSmiVT6/lS+YvY
n8qbasA7FJSeYv8Aeo3g96VkA4CnqKYCD/FUikf3qLILsmjq9D2qnHg4+ar0fQc5rSJjItR9amAq
OMcVKAa1RiwopcGk5oJFpKOaWgBKKTvS0wCiiikAUtJRmgBaKTNFABRzRRQFgozRRQAuTRk0lFAx
26nb+KjooESbqUPUYpc0BYmElKJKhBo3UCsWRKakE3vVTfS76dwsXBP704TZ71SD0qvRcVi8JR60
7zPeqIenB/elcC4JRTt4NUhJS+bVCsXcigEVVEvvThJ70BYs8Glx71XEnvSrJz1oCxOQKTb7UzeM
9advB70CF8sUhjB7UbvelB96QDTDmozDVjPvSEUBcqmH0phiOelW8CkK5pWHcpGI56VG0dXylMaL
NJoaZQ2U6Ff36fWrLR4OKaiYkBx3rKqv3cvRlwfvI9N8I/6kV6jYf6tfpXl3hD/UpXqOn/6pa+dZ
6R//1/fR0rG8Tf8AICvvTyG/lWzWL4n/AOQBff8AXBv5UnsVT0kj5GkkX7RN6+Y38zSDB6Gqsx/0
qfn/AJaN/M00MR0NcjjqfRQr2ReKke9AGfaqqzuvvUwuQfvDFS4m8ayZMCRT1eo1kVu4p5GelQ0b
xmSiT3qVXFVMGnBiKlxNo1Wi6H9KkV+Kzw57VIspqbM6I1S+HFODA1TWSpA9FzVTLYYYpwIxVYNT
wTinc0Td7onB64rR0jXbvRLhZbdIpFByUkTdmspWp6mtIVeX4SKtOFZWqK57l4Z8Z6RrsSRy2sME
/QgqOTXWGGELxbwn0PlivmJGeORZIZGjdTkFTiu88L/Ei8051g1eQSQdFcnn8a6oVlLdnzWOyRr3
qWx660KAZ8iEH02Coti/88Yf+/Yo03VLLVbZZ7WVHVhnAOcVa2dRit1Lsz5+VNwfLIoso/54w/8A
fsUwxqRzBD/37FXfLBNRtHg0+aRNkZ728TdbeH/v2KrvY2xzm2i/74FapT2qNk9qFKXcNDFfS7Fv
+XSM/wDAaibR9PPWyT8q2zGPSmNEPQ0OUl1HYwJNE07PFmlV5NE07H/HkproWhyelQND83Q0uaXc
LHPtoemf8+K/nVeXQdLP/LiPzro3hqu8PNLnkBzTeH9KzzYj86ibQNIH/LiP++q6NoeelV5IeaOa
XcLGAdA0Y9bD/wAepv8Awj+iA/8AIPz/AMCNbLxVA0f1o55dwsUV8PaAeum/+PmpV8M+HG/5hn/j
5qTG08k1IshHen7SfcLEX/CJ+G2/5hpH/bQ0o8F+G3/5cMf9tDVpZz61Zjm45NNVZ9wsZf8AwgPh
t+lsR/wM0xvhv4df/lmV+jmt5ZeeoqZZc9OKr20+4NHKt8LfD79GYf8AAj/jVdvhJoLDi5lH4/8A
167dZBT8+5pqvPuKxwDfB/QyMi9n/CoH+EekJ92/nH4V6KwGP8aglUY7VccRMOU85k+GumwfdvHO
PeqM/hK0tuk7GvQrlTg5xWDerwcV30aknuc1Q4yTTYoeAzGoDFjoK3LlOT1qgyDNejDVHK3qZ5Tm
mlcVdMYzTGi9qqwrlTFGKsNGKaYz6UDuQFRSVOYzjpTfL9qAIsUmKl200qc0hjDSU8qaTafSgBtF
OxScUAFFFFABRRRQAUUUUAFFGKKADNLSUUALRSc0c0ALmlNNFKaAFFLmm0UAOzS5plFAWJN1GaZm
jJouIfupwaosmgE0ATB/enByO9QZNLuoAseZ709ZDjrVXPvShjQItiT3p4k96phjS7zTE0XBJ71I
Hz3qiHPrUgc0BYtZp2aqq5p/mc0CJ6TFRh/el3UWHqKRzSbRml3UZrOsv3cvRlU/jR6J4Q/1SV6j
Yf6ta8u8If6pK9RsP9WtfNPc9Q//0Pfu1Yvif/kAX3/XBv5VtdqxfE//ACAL7/rg38qT2Kh8R8cz
f8fM/wD11b+ZplOmP+lT/wDXVv5mm5rne57EfhQoNBNJR1oLTH/TNKHdOhpnQ06lYqM5E63Mg7VK
tyD94VTozUtGqrSRoCWNjwaeT/drOBNSLIy96lxOiFcvBjThIRVVJwetTKVfoazcTphUJ1lqZZcj
rVQgigNg4pWsdEati8sgqYPkVnh8VMslS0bRqXLin3p+Rgj5RnqT3qqsnepBICelNSNVK6szU0nV
r3RJlksZWTByRu61614Z+I2n6oI7a9byLrpyuM/jXiu8EUoPzB14YdD6VrCrY4cVltGurrc+olKs
u9drr2IbNIAD9DXh3hfx/e6LKsN2DPAeMkngV69o2vafrdqJ7SYe6d811wqKR8picBUw8tVc0XjG
OKiMftVgEng8UHB5HStNOhwq1ymUx2prL7VcKA1GyUC16lPy+9RsmeMVd2EU0pnrQBnNF7VC0PtW
k0dRtHx0pAZbQ+1V5IPatcxe1QvDQMxpIOOlVmh9q23hyOlVWhwelFgMaSD2qsYyK2ZIarSQCkBm
crT1lIqd4KgeMjpQBYSeplm96zclaeJSKANZJferCy1kJPVpJxQBo76jdgagWYGhnFXFksrXPQ1g
3fetud8g5rFuiCDXoUHqc9Qw7gc1RdRmr1yeaouea9em9DjluRFeaNlOorREkRQGkMdS4FBFAFYp
SFOKnK0m3iiwXK+ymFOatbOOKYV55pWHcrlcU0rU5U56Cmsg7kClZ9BpkG3IpCtSEgcZH4U3en+0
T9KPVBcZtoxS4mcny4Wb8KelrfyD5bRqPd7juyLGKKtrpGqykBbNqnTwtrch4tmGfapdSC3ZSjJm
bikx7Vtr4I12QcxFR9KmT4ea4444/Codan/Mh8kjnvwo/CumHw11w9XA/CpB8MtaPWYflU/WKP8A
MP2cjlMZ7UYxXWj4Yax/z3/Sj/hWGs/89/0o+sUO4ezkclR+FdZ/wq/WP+e/6UxvhprI/wCWv6Uf
WKHcPZyOW/ClHHaulb4b62B9/wDSov8AhXmuDv8ApT9tT/mFySOfz7Uv4Vtt4C11e2fwpjeCNeX/
AJZ5/CmqsH9oOSRjnPbik5rUbwlrif8ALA1GfDWtr1tjR7SH8wckjPzQDVw6FrC/8uhqM6Rq69bM
1Sn5oLPsQZoyakOnaoOto1NNnqP/AD6NT5l3E15Dc0ZNKbbUP+fRqTyL4dbV6OaPcVvIXJoyaTyb
3/n1f8qPJvf+fR6V49ws+w4MadmmCG9/59Hp4tb89LRzTTj3HZ9hQaXeaT7HqOcfZGFSLp2qN0sz
Sco9ws+wgkNKHJ5qZNE1iQ/LaH8qsp4V1qU8Q7fwpe0h/MhezkU/M46Uok9a1ofAeuTEfw59q04P
hjqsmN9xt/CpliKUd5B7Kb2OZEyL1pVnjZwofk9q7m2+FEmQZ7w1a1L4dWek6JdX3n75IU3KPWue
tiqbg0n0NYUJJpsm8If6pK9S0/8A1a15d4QGIkz616jp/wDq1rwzuP/R9+rF8T/8gC+/64N/Ktk9
qxvFH/IAvv8Arg38qUthx3R8bz/8fU//AF1b+ZpgOafOP9Kn/wCujfzNMAxXO9z2FskLmnCm4pwo
KuLQM0ClpWKSCiiigoKdmm96D1osMeCfrT1cjkcVGDS5qWi4totJcHvUyyK/fmqIpytjoaho6YVW
i7g0ucVXSUgc1OJFYVDR0RkmiRZCKkWWocAjg0mCKTRvCbRdSTNSK/NUAxFSI5zyaho1jUaL29T9
7Jx0q9per3+kziazuCpH8OeKyA9SBx3qoysaSjCorSR7h4V+INtq6R295iK56fMetdxnjggjse1f
LgJLLKMrInKuD0rvfCnxEn00x2upzGW2IC+Yw3f/AKq6qdbufPY/KGvfpns4PrxSnmqVnf21/bLP
aTrNEehVs4qzu4rqTT2PnpJp2kPKAio2jp4andaCbpaFcx00pVoqDUZWkBWMYNRPFVsrTWHtTAoN
DVd4fatRkz2qIxcHigDHeHPQVWeDP8NbTRDHSoHg46UgMV4RjpVSWHmtuSD2qpJAc9KQzFeL2qPY
B0rVkg46VVaHHagCng1IHoZSD0pp46UATpJTzLiqe8il83NNbisPmkyDWNcv1q9M+M81lXL4zXoU
NzCojNuDzVJzzU1zJzVN256161N6anFOLuSZoyKi3H14pwZcctit1sTZjycHBp3OKrmdAc/M/wBK
nt7TULsgW1pMwP8As0m0t2ITvTXdF4LCul0/wDrd+A0kLxqepIxXV6Z8KYlw94+T6ZrnnjKcNy40
Zy2PKzKgOBy31qaKyv7kgQQsQenBNe8WXgnRrML+4jYjuyg1tRWVjbgCK2hGOmEGa5Z5lFfCjeOG
fU8FtPBOuXoGYygPcqa17f4T6hMFM1xIM9QOK9qyMfIu38KCzf3mrmlmVSWkdDRYZI8ztfhFZxqD
PM7HuC1att8NdDtx88e7Hqa7JlJ5O4io3XYu9h8orCWJry+0axoowYfCOh2vKWUTfVeatJpGlx/c
sYl99tF3rVnC21c5HaoX1G6ki82GHdGPSuR4rVpzu0a+ytpYteRaJwtqg99tLiAchUH0qna6rFqA
NtKxjl6AHisfXLG9sPmSR2Qnsa562K5KTqfEUoa8rR0LXMKnbvUGneaSuUfI9sVyLMktiGDytL6C
tTQoGEPmTSuuOgY0U8RGpJJLRjlTSehsedJk/M3FNW8UnAlwaUkHLLyp71z3iSxMPlywSsrMcYBr
arJwhdaijG7sdH58uMq5I9aQSysMhz+lctDd32nQRmYPLCe4qG51E/b4RBM+2Q5K+lc8MXFpX3Kl
TaZ13my/32pDLKOrtWTrElxYW8VwGO1vWmaXqk2oP935QK1deCrKk9yeV2v0NkXEh/iNBmfuxFVJ
L+1hk8tpMt6UyO+t5GIOQPWtbxekWmS4NdC95zD1NJ5nqF/KoVlhkB8uTcR2FOyT2p80XpETSH70
PWNPyoIiPWJPypuKM0/kLQUx23/PCP8AKk8m1PW2j/KiihSHaI02tketrH+VNFlp+ObSP/vmpKKr
mkuorLsQnT9NPWyhP1WozpOlsc/Yof8AvmrJoo55dwsuxW/snSv+fGH/AL5o/srSv+fGH/vmrNJi
jnn3Cy7Fb+ytL/58Yf8Avmnrp2mjpZQj/gNTYoo55dwsuxH9i08Hi0i/BaeLezXpax/lS0Uc0u4W
XYcFtwPlgjH4UocDogH0plKKT1HZEgncZwSKU3EpH32qKipsgJPNdupP41keJ3J8Mahnr5fH51p5
xWT4mP8AxTV//wBc/wCtMDC8IcxJn1r1HT/9WteXeEP9Un1r1HT/APVrQB//0vfaxfFH/IAvv+uD
fyrarF8Uf8gC+/64N/Kh7Djuj47mH+kTf9dG/maYVzUsv/HxP/10b+ZpnSuY9xRuhmCKADUhGaAt
Fx8g0DFL1pQDTttTcpRYzFLinbDRtpXK5WMxRTsYoxmi4rDaXNG00lUw2Hg+tO4qOlBqbDTJQeKe
rYqEGnA81LRtGTRZWQ59qmV8iqgbinoxqGjohULRFNyQaYJOakDAipZupXHh+KeslRdqMkClY0Um
WVkqZHBzVEOakWUkYIxUWtsbRm2tWdJ4e8TXvh66EluztFghogeD+Fey+G/GGneI7QNDKI7heGjY
8ivnuOTHBJ/A1YtL25sp1ntJPKmU53etbwqNHDjMBTxCvFWZ9PjjvwelPBrzXwp8So7wpaaoAkoG
3fj7x9a9EWUPGHRgUPIxXbCaaPla+Fnh3aSLXajFQq/HWnhqo5hSuKYy5qQHml4piuQkcUwrmrBX
NMKUDKpiJNRvGauMvpTCp7ikBnvH7VWkhrVaPNQtEKBmNJBx0qo8B5rckhBqvJCMUgMCS346VUeE
iugkgBHSqctuAOlAGGyEVXcsprYlt+KzZ4dpzmmtwKEsvWsu4ckHnmr918uayZRLKdsabmNdtJpb
mE03sULl8PzWfJcKCQNzN2C11Fj4PvtRbdKxjU12GleA9LtNslxmVhXd9chBGHsZPc8utLDU9QcJ
b2kgz3YV1ulfDTU7tg11JHGh6gg5r0yCCxtABa24THrzVk3DsBnaPoK5p5jKWiRccNbVswdL+Hul
WCKbhldh2IrqLa1sbNQIIUwPaqokyaf5pJ55rinVnPdm6hBdDSFzuGF+X6UokJ6k1QEvNSLL71nr
0ZduxeDc9afu4qisvNSeYe1NqSV2Fy0G7U/5cYLc1XR8lh/FjiuRv9Qv4tXKbiB1Va5sRiHRim1f
UqMeZ2udrggZ4phjDAhuhrnIPEkkL+XeRY49a2rXVrW6T5WAqaWMoVfdvqVKlJbFHVtDiurdmtwB
IKydJ1F9OnNrdrhQcV1sc0TkiNg/rWJqGhtqF8XVtiVz4nCtTVagve/MqFSy5ZFXxElktuLu3YC5
z8qrU1ubm90FzcQnzAvCmr0Gg2qMhm/ebe5rTwAAqqAB2relRmp809mthSnY4TTtNvYZN5iyD2Iq
/daVd3ZURny17gV0l5dLZoGKjYetNgura6i3IeTWFOhQpN0nLfXzHeUtUtCjaWzWlqIX5YDGapan
pMmp7Qr4C1v+SSucdKaYQOo6+9eg4qSs9jLXmujDtNOe3hFvc4dB0zWbdeGENyJ4WIw2cV1RjP1F
N8s4IrKWHpyVkU6j1Xc5nVbG9vIEtxyBUOj2l3p8bwsnzHo1dUEK9uaY67jkjn1olh4+1VR7gqlo
8hwstvc2mq+bdRvIhOflFdDHcWNxCFWJ1456VrtGrgh1BH0qt9gtVJKxsGPX5qzpYZ0buPUcqlzM
sILWyneVbgDP8LGnT63aqxWIMzU668PpctuWUofpmkl0aKHTykKFpv72a0vVWi2EkrlSDxCslyIX
Qhie9bTAKA+evauNhs7m0vkkliJAPJJrrJNStIrdZXcAgdKwwdaq+ZVXb1KqQVvdJ8HGSRn0pMMB
kjHtXK32uzSXKvAMKTitMaw1tCklycg9/StaeNp1J6bCdJo1+cZ4+lFQ29zDexCWFgwPpUuRnFdE
WpO8XczA0UUmc01qCd3ZDuKSkpaACkpaSgAooooAXiim0UAOoptFAC8VleJsf8I1f/8AXP8ArWpW
V4m/5Fu+/wCuf9aAMPwh/qk+teo6f/q1ry7wh/qk+teo6f8A6taAP//T999KxvFH/IAvv+uDfyrZ
7VjeJ/8AkA33/XBv5UPYcPiR8eS/8fE//XRv5mkHvTpgftM//XRv5mm4rke570VYXFOUUmacKlm8
UOCilCZoFPFJs0UUJso8vNSAU4LU3NFTuQGLim7MVb2ZFN8v2o5h+xKZQ03bVwxUwxYpqRlKi0VQ
OtGMVKY8GmFarmMuRoQdKUdaOlJmgWqJA1OU81GKVTSaNIsnBzTlJFRA8U8NxU2N4zJ0b1p55NQB
qkDVLRvGVyTHFJzQDS1NjRMVWweakVveoiDigcUPYu7WpZBBIPII6ODyK7Lwr4/v9FkW3u5RNanj
c/UVw27gVJvyOeacJuIqtKlXVpI+mNJ1iz1q1E1lKkq4y2G5q+r49q+adK1m90W4WeymcDvHu4Ne
weF/Hun61CkFzJ5N3nG0nqa7KdVPc+axeVzptyjsd0GJqRW9aqhyDyVxjt0qQOep5B9K206HkteR
YBoxUSPT95zQSKUzTSvtUmcig0xkBWmFKsEUwrk0AVHj9qhaLIPFXmU1GUzQBnPDx0qrLBntWu0f
tVd4jilYDEmt/l6VmT2u7oK6Z4SetVJIAO1AHMnSVdsyVctrG3t/uRAt6mtFouelQmPBp87CxPHM
w44UegFWA5x1qmoxUyt70bgWg2B1p2/3qtupQ1AFpZDTxIaqBqdvI70AW/NOakWXiqIkOeacJML1
5oAviUngHp0qpqOtR6bEGDZkPUUJJ/EeoFYdu1tc60xnOWzxmsKrUdt2XGzNvTfEI1BwoG1/cVLr
dobiEXkWDPF2HemokMTgxqM+oqlrOqzaYsTJzG/b3quSXs/fYbPQZpcP9vMZb7bEY/lK02TSrlNQ
EdsSsHdhWfaadd3d4LguUhk+bANdfFKI0WPrgVyU8NTqr94reZbqtImsLaPT49quXLDkmr6y5XGR
istZ+oz1608TDj2rujFRioroY3uaQcZ608MM/hWcs1TRzA9atWvqBR8QSDy1TGcisKJZYUDxyEAd
s1d1+fdMoB6Cs+CcKACcg9q8Khgo47HTVS6SNMRV+r0FbqbFlrcisEm5X1rdhuIbpcoy59K5CSLa
28EBfeo/tSWjbhcKp+tdc8PjMF70H7SH4ozp4inV0loztymOMDHtTTGPSuf07xPDKdjSA49DXQw3
MVwAUcH2rWhjqdbbTyZpOk1ruhhjz2qNovarny//AKqQgHpXWrLVGdrFIxe1RmLHar5SmmMUwM8o
fSmbSvQ5q+0fpUZiFFwKTxrIpDxg/hWbd6Fa3alcFTW20fpUZQ561LhCW4+Zo5o6GtvZMqrvfPBr
J0+xSS4eLU3fyw3APQV3Dqc5qCe0iuVIkAye9cs8HCb51ol+JoqrKNta2enxEW8q+WegzzUoubbG
BIDVGPw2sVy0hlJQ9s1iarts5cQhwvrVTrKnHnasiV7zsdOLy0LbRKufrUgOef4exrl9J0eS8k+1
SvsiB9etdM09rEgjEi7F9DRh6zqQ5qit2HOCWkdx9FJHLFMco4pxUrya6VJMhqwlJQAetLTEJijF
LRQAmKKdSGgBKKKKACsrxN/yLd//ANc/61q1leJv+Rav/wDrn/WgDC8If6pPrXqOn/6ta8u8If6p
PrXqOn/6taAP/9T33GBWN4m/5AV9/wBcG/lW0axfE3/ICvv+uDfypPYqG6PkGZf9Im/66N/M0wrV
qRM3Ev8A10b+ZqMrXG5an0yp6EGDThTylNwaVxOLQtKCc00nmnClYpOxMpqRSKgBqRWqWjohIn69
KXFNQ1KKhnVFJjNlBjznAzipQtbnhKwTUtdW1kGQ2KI6uwVUlFs5lovX6VE8PNbuuWBsNcurcrhV
chfzrOaPNVe25jGnGcbozmiOaYUNaDRVC0XWqUjCdAqe1JnmpzDjNRFOaq5k4WAGng4qPBBpd1PQ
m9iUGpFPNQK3FSBqlo1hMnU08GoFanhqmx0QkT545ox6UwGlBwalo3vccRgUZI6Uo+alxU3LE3c5
AqRHKSJKh2SKchh1FREUgJoWgPVWZ6R4U+JMtkY7TVAXiJAEmMmvWLO+t7+IXFrKGiIyB3r5jXk4
xx3rd8P+KtR8PXQaCVpYf7jNXRTrNKzPIxmWxnedPc+i1kFPD5rlvDni+w8RWu8SLFN02E9TXRCR
lADDFdcZKWx85Uozpu0kW1bHWnbjVdZMin76ozLA5oAFRK9PVqAFK5qMipgQaQgUAQFDUTRmrTLT
CtAFGSOqskWa03TNV3joAyXixVd1A5rTlQYqnKnFA7lM8UBqcy03pQIeGpd1RE80uaAJQ1LuNRAj
1pc0ASb/AFp6cktnoM1BuqG+aX7IUg++1Jv3boasQ2+uJLqD2zjCDjdis3WtPntJ/tdqxdevFV30
e5ij35YueeKSHUry1by5lJQdQ1eXOs5Nxrxt2ZsoKNnFly01i9hj3PHkYqS2S61y533I2wr0GaY/
iGEBIhbAs1bsB2W6OqhS46VeGpOotKnNFCnPpazLkbrFEsSH5VGBSrLiqu7n3pQ/NelbSzMm7lsS
kU8TGqe+nb+KBF1Z81Kkx3VnLJg1KsvX6UIT2djI1m5DXnJ+Uda5vUvGmnacrRoS8o4AC55q/rsx
dJQpwa86sNA8+9kmk3OS/Ga4MnrU41ateb0THj0pKFPqar+Jdc1liI18qLsScUDTdUuh+9mJH+9W
3Fb2WlxBrkheOlZl545tbIlLSIMemTW9TPKsp2w0Loqhldasr2sW9L0a+sH8xJi3sTXX2WoXMeAc
hq8ul8c6pct+4jAHt/8AqqSPxD4klwyQnA9v/rV5uJweNxcudxs/I9Knl7pK0pr0PcrHXiMJOvbq
BmtuG6hnUFGGa+d18TeJFYMYSQOoOf8ACuq0Px1cnCTwiNh3OauEcxwq/ex5l5BVwUGvdmj2PGBk
mjiub0/xMsyr5uCK3oruGcBlcHI6V20MZTraR3OCpSlT+Il25GabsFPJJGBRXVtoZ2IvJqNoqsim
laEGpUaMVC0eavlM1G0dHURR2HoelVbrTbe9QJKuB6gVqGOozHiiSUtJK47nJ67b3NhbRx2XMWOe
ahhsrOOzW5lnJYjLLmuuaJXG2RQymsi68OW9w+5GKr1xXHUw6VT2i/4BpGatZlW2jtby2aW0kIcD
ODxUemXt5JcPDPHtVT1PpVe5eHTpxFZAmQdVFPafVLtNkcPl574rCOIUPdabl5K5TgbeFf5o2yPa
k659qx7G11Owl3SOWjY85FbgKSANG2fWu+nNzWq5X0uZSjYjxRinlcGkxWjstOpImKMUtFACYoxS
0UAJWT4n/wCRav8A/rn/AFrWrJ8T/wDItX//AFz/AK0AYPhD/VJ9a9R0/wD1a15d4Q/1SfWvUdP/
ANWtAH//1ffqxvEv/IDvf+uLfyrZrG8Sf8gS9/64t/KpnsXD4kfJjr+/l/66N/M1GVqxIP30v/XR
v5mm7a8++p9koaIr7KaUqyVFMZKaZDplYr7Ui8VMy1GRiquc7gLTgaYOKcKCkTI3FTI/IqqDzUiN
zUNHTTnYuggmux+GsXmeIfNxnYRz6VxKNjntXo3wohzNcTHpuOPwopJ82pOPq8uHbE+KGk/ZtTF8
keEY84FcHs4B9a9x8d6f/aXhm6ZBueONmH4V4lGM5Q8FeoNVWjZiyqqqlHzIWSoXj9qu7c84prR5
rI9J00ygY+OlQtFz0rSaPioWjpqRzzopma0ftUbIRWi0ftULxmrUjknQsUsEGnA1M0eKidSKu6Od
waHBuakDc1AM5p4PNJoqMrFkNTwc9arq1SBqlo6YzJgfSnZqINTwalo3jIeKCKQEU6pL3GGgN607
GaTbiluGsSe3uJ7OcXFtK0Uy8jYa9R8KfEhJljs9XY+bwBI1eTZIPB/GlIDcNyPWtI1HDRHLiMLC
vF3Wp9QxypJGHikWSNhnep6VKr5GCea8B8MeNr3w/OqSO0toP4DkmvYtD8Rafr9v5tpMA2PuPwfy
rshVUlufNYrASpO6Wh0Kv29KkDVTST+Enn0qZW7ZrRHB5FoMKUHNQI2akB60wJutJimBsU7d9aLo
BrL7VXdatA5FROOaLgZ8q+1UpF61pyL1rPmU80wKEq1Aasy5qs/WgBKM02igBwpabmjNFwHjJ6da
A4J+VssOoFRzSCK3eRjgAVytpqktteSyFiyE1jWxEKTtLQuMHLY7AO/GSce9ZeqXNvC4WaFCrdWI
psWv28p+ckfhUWuT21xZBoyCxHAqa1ZSpc1Np+RUYShK9itplgJ9T80fNbjkZ7V0pb5sD7o6Vn6N
F5OngHoauAkrVYeEacE4qzZM5czuS7s96M1GKXNbXuQSbqXdUWaXNAEwNODYRzntUIakd8RSfSk3
ZAldnMagTNPIo5rMutStPD1nvk2tcEcL71LrGo/2ZDNPjLdBXnccd54k1UMSWVmHJ6AV8/gcFPFV
JJaR6nrqFP8AjT2Q+efUvEN6cmZlY5x2rrdC8EQIokvsZI4B6Vv6faWemW4hjUGTGN2OlTyiTg79
1fYUMNSoxtBWZ5eLzetPSlohkWkafZvtS3iI9dtakTQRwEJEg7cCqZO+AZIVvc05WAi2qwLfWt73
9TyZzm37zuTqYXOPJTn2qZ4LAJtNtEXPfbVSOQR5J5bFHzO27ofenzEKdi0kUUQwmAPQVZhubmFt
0TsAO2aqKI05LZNPN0BworzsXleHxCuvdl3R00cZWpaXujprLxECoSfgjua3ILqKdMxyKa883h+o
FSQ3M1sco5xntXkyo43CaNc8e53Qq0Kz3sz0XcMYB5oBI965mx8RAbUm4963YbuC4wY5AT6VtRxd
Or7t/kXUpOmr9C1QRmowefvCnbq6jMQpTDHUuaQc0AV2SmbcVaIFIVo3B2OavtExdf2jCORyV9aI
tWmuVZIkCMpx6V0W3qM8HqKwJtF8vUvM87ZE/p61zzUqfvUluaR82QmDVLvIedljPHBos9Ku7CYk
ztIh7E1U1Az2V8I1uSYjg8Gqkup3qTbYCzrXM8RRpu89ZFezkdKVO7O3ikK8ZHSq+lXFzcg+ehWr
xTblRXdTqKS5rWMmQYpKlK00xmrER0Zp+2k20AMNZPif/kWr/wD65/1rYIrI8T/8i1f/APXP+tAG
B4Q/1SfWvUdP/wBWteXeED+6T616jp/+rWgD/9b36sbxH/yBb3/ri38q2axvEf8AyBL3/ri38qUv
hLp/EvkfKci/vpP+ujfzNGKfIP303/XRv5mkxXmPdn3cY+6hm3NNZalxQRmlcHErMtR7RVpl9qjK
+1UmYSplVl5oFTsvtURXFUnc55QsApUPzUzODTxzTFew/wAwqvHevXPhjEIdDMzDBaRx+teRBDLI
kacl3A+le16BF/Z+lW8GMYUE/WtKMbyOLMq37vkOzXbcW8ts3IkQivBdatDpuuzQleHYkV7Va3YD
A5rzz4m2Iiure+jGAXIOPoa0xEdLmGT4jkqcnc41eBgnNOwDUSNlQT35qYEYriTPsG9dBpTIphj4
qbtRirsgcUyo0ftULRn0q+UqJ05qWjOVMz3jqJoua0Gj4qJ48c0JtHLOiZ7JimYxVx0z2qFo8dqt
SucdSk0RA09WpNlOAxVERuh26pAeKi704VLNoyJQ1PBqFTUmRUNHRGRJRTQacDUml7himmn0GgTG
A/NVuw1G60u6We0lZGBzgHg1VxRgD1pqTTJnTjUVmehRfF3ULa3VZbASsvVwRz+tPT43yD72mH8x
/jXne/jaOneq81qj8rjNenhMTTVozR4WNyvRypnqSfHBz/zDf1H+NSD43Tfw6d+o/wAa8ceMxHpT
1cYr3qdCjUV0fN1I1Kd4yR7GPjZOf+YcPzH+NPHxrlP/ADD/ANR/jXjykGpVFarB0uxi6kkevr8a
JT/zD/1H+NSr8YXfrYD8x/jXj69RVuHrSeDproCqs9bT4oNN/wAuYH41YTxq9z/ywC5rzK0XkV0F
kMYrkq0IrYqM22dvHrBuOqgVKs2+sS06CtSL7orz6kbPQ2TbLOc0Ug6UtZFhRzziilzgfWgCG4gF
5bmIttDDBqqmh2iwmMEFqXWp3gtQsBw7DjFYX26+ssSux59RXHXrQhLlmrmkIt7M0JfDhJ/dOB7V
l/Z5I9TitZASN3WpBqt9JJ9ojDFa1NJvE1GQmWMCZe5HNcahQq1OVRaZq37tma6gRwpGvpS5pCMH
FFexsknujmHZopB1pc0AHOaUUnel7UAOBpsxxbyH2FAqO6JFq5FRUdoNjjujz7xcrzQiFPvMaueH
dGXStNR+POcc1NNCtxOJG7etWN7naAeBSyOCVFz7hmOJlFKlHZ7kmw555PrUiyPGPm2ntzUO9j90
U7Y5GWr2uW55HuxWhyHiabVbKczrIohPQYNYsHifUYJEkZ8r6ZrrfF0c1xpYSJdzAV5ylpfvIsf2
Z+uK8zEOrGa5T6jLZYaph/3y1PXtJ1H+0bBLgjDHrWh5rtxisbw7ata6WiSjDY6Vp73TnHFejD4d
T52ryqpO23QlwwNSKx9KgE5pftDDqKpMxsWQW9KlWQr/AA5qqtw3pQ98luCZWC+xp81t2HLcuZB6
rzUsFzcWrboz+tUIdQilA5FWluFJ4ry8VluGrvnvZ90zqw+KrUdtfU37HxCeBOv41vQ3sU6Bkk/C
uCLiT5Rx9KdHNcW5zG5H415c6OOwa5qi54+W53wr0ammzPQwxI5p4YVylnr0seBPgity3vYblNyO
K2oYylX1Ts10HOnOPoX856UuarLLjjBxTlm54rr8+pne25Njmqmq2Zu9PdVYqy8girO/NOEmeD09
KmpFTVnoPqclYaHNeZa7ZvlO0Z9K24tN0/T0AkIB7Fq1MgDgY+lUNU0pNVhERkZD6g1ywwlOknKO
rLdV7ImVY2X93tK+oqMxc0afbRadD9mMuX7FjVvYAMjn3FdUJPlIs2UWi5pjJV8xA80wxgiqEZ5S
mlKvGKo2ioAplKx/FC48M35/6Z/1roClYnipceF9Q/65f1oA5jwh/qk+tepWH+rWvLvB/wDqk+le
o6f/AKtfpQB//9f341jeIx/xJLz/AK5N/Ktk1j+I/wDkC3n/AFyb+VTL4TSl8aPldx+9m/66N/M0
Dmlk/wBbN/10b+ZoArzHuz75fChMUgFPxSYqUmynGyuxhU0wrUxHvTT9aNTNq7K7Co2XirJApjAY
rVMxkkymynOaAamYComXc2wdW4FUjmmra3Oh8F6f9v1dpWQmKMDGfXNesbcAAdhxXL+EtNOl6Shc
YdvmJ9q6ON+Oua66StqfN4yq6lS3QsRSMjCs3xlANQ8NFyPmjO6tJQDTLuLztLngPI2VU1eLMsLP
2dVM8Xgb92B3HFWkOQDVS4VrfU7iI9FNPSXIrzWrM+5oVLwTuXVNOWq6PmpVaqTOlSTJSBimFBTs
0vamO5CUB7Uww1ZooaJcUyhJHz0qB46vSAZqB15NStDkqxRSKYqMrVtlqNkq0zmlEr4pc1IVppWg
mwzvTg1MI5oodirkyvTwwqDOKXdiosXGZYJxS5qENmng0WNVMkFNzQDRSaHe4meaPpSYyTS4osF2
mNKCQYYc1Ukt2Q5HP0q7khqdk88da7sPjalGSd9Dz8Vl8MRfTUzFfHHQ1Or80+e1VvmX71VlYr1F
fTYXGQrLzPk8Zg50JWsXVPI5zVyHrWfC4zV6E5NdUm1ozg5bmzaHpXQWXJFc5bc4NdFYnla4azuj
SPY6G0HQVqxDisyzrUiry6m5tEnXgUtIKKwLCgDcwB6UUqg7lPXnpTST3AxNbn8m8hPVVOTVbVNW
TULaOEJgr3xVy9to7vVEWR9oB6U+TRbMfcmXP1rz6tOvKVoNfM3i49RlhrVnBaiGWNcgelV9HAm1
aSaMbUzwKmfQbZ1YrOpYDjmnaBbTW8ziQcdjRTWIUkppaBNxtobDc80lK3INJXftoYBRiiloABS5
pKKAHA1Xv3K2be9T1V1M4sjmsMS7UZPyLpq80cyEZz0NWfK2rksMVBFKccdKUuxPPIroyaLWEicW
MkvatExmC8KPxpmXeQAnI9qZwTj1qYYiXPc8V6bXY5VtYWXaGC4DCldIY9v7lM9c4qJTmTPenXVz
BFtDtzii63loF3cmmG4K8f5U5JCV2tj86rJqVoIpFY87flx6157e6zqKajL5ZfyweK56uKhDZ3NY
U5SPTRDuOFIz9arXlyNOiMs5CqPU1w1r4juAF3nDA+tWr69/ti3MMkwUMOea5ZZlTt7t/uKjQfU3
V8SwuMxkEdvesfXJL3VHV4AwA7AistNEkXiG5HyDjmlNvq9uPkMZA/2q8+pjqtX3b6GypJbFiK71
W1UL5DkD3zVlPEt7EfnikH4VkHxJc2p8uaA5HUqaY3jCH+O2bPuRXNGFRfD+ZTgmb3/CaFSQSwYe
opIvHs5cxhCc1zZe41eXNrbnnuVxXR6X4OdEE13KqA8nFevg6ddu7ZlJU+w5/E17LMHUNtzyorpN
K8XRsQjymJvQ1kTvZW6m3sojJIOCxFc/PbzRzEMNrf7HNaYrKsPX961pLqgo4qpTb6o9q0/xDuUb
m3L65Fb1vfW9yu5JBn0rwS3uNT01BMwBi64J5NdNpHizzyqBXjbIHAryKlPGYPV+/H8TujXo1/7r
PXfMK96kEg4759K4208RNCQJ0LZ710Nlex3GJI+hPSunC42jibKD1CdKUd9DR+3W6T+S0gD+lWPM
TP3xke9cFrzTLrIMIO49KkW11gsrE8EetZzxcoVGowbsUqSte50WvaY2pQLJbz7JE5OD1pPDM08l
u8E5LFG6k1hCz1ZVLhsHHrWh4TmYzTJKu2QHk561jSqSqV0+VoqUUo7nVEZzik2imeZ8xp+RxXqH
OJsBpjRA1KCKMZoArmEVg+L4seE9SP8A0y/rXTbc1g+Mkx4P1Q/9MT/OgDhvB/8AqUPtXqWn/wCq
X6V5b4Q/1C16lp/+qX6UAf/Q9+NY/iP/AJAt5/1yb+VbFY/iLnRbz/rk38qmXwmlL40fLT/62b/r
o38zSUrj97N/10b+ZoxXly3Z+gwXuoTHfvXR+F9M0bWJDbXl28Fx+H9a54KO/Sly6v5kcjJIOjLV
RlYzr0nUjZM9XPwp0rAb+0rkA9CFXn9KYfhVpWSPt9yD3+Vef0qh4L8fMoTTtVkJA4WRq9MIDxLM
jb42GQwPWu2ChI+WxNTFYeWrOAPwr0r/AKCFz/3yv+FRN8LdK/6CFz/3yv8AhXoOM+ufSo2X61Xs
kcksfW3bPOpfhbpfbUrof8BT/Cq6/DXTra5jmF/cSeW24Kyrg/kK9HePI71Vkj9qapIX12rJGA1u
sSLGudqjFRZINa80JOc4xWfLEQapKxyNt6joZMYq1EQwdT/EMVnDKmpo5Dn3psL63OM1jwDfXmqv
dWzgRsBwaqp8O9YDHEiY+lekpJu6nmnlTkYJrJ0os9CGZVYJKJ59H8NdaYAiVPyq5H8MNdbnzUx9
K7yGdkIGTWpb3RP8RqVRRus6xK6nm6fCzWu8q/gKsL8KNSJG65YfgK9QjfKjk8+9U9W8QWujQO88
ihscAmqdOKRSzbFVHZHnd38PxpluZLq8PHY4rjtQihgYrE+73q/4m8aXOr3LLHIyQg9M9a54zB+d
7HPrXLNrZHtYV1pK9RkZfLEU1qdt5zQRxWWp3WuREUwqKkxnikwKDNxIttJtqYjFJtzRcnkK7IKh
ZSKvFBUTpmqTIlAqg0tOaM0wqRTM2rCg04GmYIpevtTFcmDU7NQCng0mjWMkSilJpmaXrUmlxTzR
nilApCKY+ggNNaFZBk8GnbTThirpVZU5XiY16UK0eWSKZjMTZ7VctmHUU9VV+GFL9mKtlOnpXv4T
M+e0JnzONyh07zgatmeRXR2H3hXMWZ2kZrprAjIrrrNNXieOouLszpbTpWpEPlrKszmteL7teZU3
NETClNGKUisGUNpVOHBpaMUXXUL2MPVNPnu9TjeEkDPJFSnQXGMztnvzUurXclpJE0fQnmq58QIo
HB3Vx1J4eL9/Q0SlJaIWTw9IwPlXDBhz1qXTLuTzDZTL86cBh3qqfEEjZ8tTk9KfoqyzXLzyqVOc
80o1aU58tO7Dka3NkdSKMU40g6V2rYhiUUtJigQU6kooAO9U9W4squd6z9YbFsB71zYx/uZGlL40
c/H1IqTkKX/hX71MUZJwOaw/E2qtaQ/ZoW+d+GxXZgJqlgYtnDiI81do0U1uza42IoYDuDViXU7f
bvIAHTGa5zS7JLa03MA0hHWrbW8TgFlri/tiab0J9gi/Hr1ksmGA/OuT1TVJDrBmQ7osnAz2raGn
2x58sUh0+1bOYU/KuevmftklJFwpqJnQa3ayt+8AQ/Wrgm0uUc4JNQS+HraQEhQCemKzJ/DlwuTE
5x7GuZeyqbOxq12NZrHS5gcfKfXNVH0O0J/d3DZPoawpoby0fDl+KbHf7hh2II7E4rf2c/syuO1z
RubK6sfmhumYe5zVY6nqiDPmKV9xVdrxWkEcX72Q/wAPWt3SvDd5fYkuFZYvRhXTTw1SXYhyjHdm
HDDqGqXQRUHzHkiut07wLallmveWHaujsdNtdNTEUSBsfexVliTznBr16GGjFe+jmnVl0II47bTo
wlnCN3uKa9vPdfNM+1O4HFWUCBi3f3pSVJG411S5Vq9DFt3sUktR/q7ZQPUkVZh021hXzJV8yWpN
3OFGB7Cp7exnuHGAwHrXk4jOIRfLR96S+47aeCk1zT0RmT2DXzYlIEQ6AVo6doUeAsCEY7kVu2ul
xRcyDJrSXagwihR7V50qWLxb5sRLlXZHbBU6S9xalO10aJDmVsn0rViVIflj471AHzyetODkHOQK
6qWEp0UoRInUnL4mVrnW7OC5KyxBpF6Z9ahfxZLuOIAqYqDU9BGoN50ZIc1nyefp9jJA9tvboG2k
1y4iWK5nrZGsZU1Gxpf8JPeSr+7jXAFaHhiRpXlncAMTmsvQ7+xttOkN1Gm8jGGHNbemyQPbmWBQ
o6VWHpVPaKUp3Co1bY2ll+cmpRLWasnvUyye9d5gaAkqRXqisvHWpFloAuBs1ieMv+RO1T/ria01
k96yPGDf8Ufqf/XE/wA6AOJ8If6ha9RsP9Wv0ry7wh/qVHtXqOn/AOqX6UAf/9H36sfxF/yBL3/r
k38q2KxvEf8AyBLz/rk38qUvhNKXxo+XG/1s3/XRv5mlHFDf66X/AK6N/M0ory5bs/Qo/CgxS4oN
LSKI3iWQYcZIOVYV23g/xzLpVxHZ6jue2OAHPRa43FIVBXkcetVCbi9DnxGFhiI6n0bDLBdW6z2s
olifncO1DLXi3hTxhdeHrgRzkzWbHHXpXsmn39tq1kt1aOGRuqA8iu+FVM+QxuBnh3otBxXioHWr
xXjrn+lQstas8+90Zs0eRVCaHrW08fJqpLCKQGC8RBqLlTWpPF7VSdME0CFicDr1q5HJkCs5SFOT
U0TnPHSkUX9ueRUkUrRAknao+8xrMvdastKgMt3IqkDhc9a878QeObzVcwWa+RCO+eoqJVIpHVhs
HOq9j0HW/iDp+kxmC3fz5SMZXnBryjV9du9Wnd53LKTkA9qyeS7Mcsx6sTSrya5ZVGz6HD4SFHRo
DkmrEKkimhamjrJanpqKexIOmKXHFJ2oFBqloJtpCKko20mQ0RYzSY5qXbSY5oCxEVptTFaTZmgH
EiKZFQvHirW3FIRTTIlTKbRmo9hq9sFRmPHSqTOeUGVelOFSNGaQJTISaYCngU0DFPBpWNlckC0h
WlBp2aLGysMxSAU40veovqDSsKoxVuHOOlVgOlWIz0quZ30MpWtrqaMManHHNbFmpDjNZVtjjArb
tMFhmvTw+KnH3XqfOY/CwleS0N+yOcVsQ/drHs9o6VsQD5a2nLn1PHceR2LIoIpRThWLAZihuBmn
FeaRgNuKE2tgsZusWUt7FGYeAD8xqqmnWCxqJZV8wda2pGMVtIc8Ba5600o6rLM6zlUFcOKp3mnG
Cb8zWlJ2NODTbNz5sTAgVeUBQAgAHfFYVg7aPfNZzvujPO4+9WtS1WK3IW25NbU50qa5naMuvqKS
mzTHJNHamQP5tukx6kU+t1r73cztYb3paWimAlFFFAAOtZutHFuv1rTHWsrXG2wpn1rjx7tQbNaP
8RGNGwRHdugGa4C+lN94iZhyqsOK7TUZDbaU7E9c1w+hjzdReRu7USqOOEjDyOaUb1pyOrPygLjH
FNAOPbvVe9uxbXCIehNQDU0S78on5TzmvIUJNXQiW8eaFfNg+ZR1FQ2+uQS/JJ8rdDWmoDAZOVau
V1izSC7LR8ZOa1pJTXK0HLc6eN4ZBuSQH2NJciRbdmRl/OuNS4lh5jcsfTNa1jb6xqv7tA0af3iK
1WEnL4Q0Rm3V3JPMUO5nB6Yqza+Db3XShEJRc53Gu/0LwNBAgluXDP1Oa6+GGG2QJEoXHfHWvVoU
PZ/EJSc9jlPD/gK10mENKkbSD+I1vPZRwIWZguOiVobiW56VmarlsKziuunN3shzjyq27ZkyuHck
DA7UzIprthsAggU+C2muG+QFaxxObU6L5KXvS8jOlgZTd5aDCQDu61PBZXF0wIT5fWta00hE+aXr
Wiu2MbUGBXmOnicZrXlZdjupqlR/hq/mU7TSYoQC5yfStJSqLtjAFRZzSiuylh6VGNoxJlUk9yQn
3z60AmmilzW1+YhDt2aGlSCJpZWwi9qaB82Kx/Elz5dskIzhjzis6lSFOF5MaV2Qv4rb7YTBGxhX
qRXQWeowX1uJS429wwrFh/sldI8sf63HPSsa0trl3ZbeQhT71xLGVaclztSi+xuqXU3PEa6eLLdb
8ysQK19HQw6UodducYrnLXSJprlBLKG284rqlYKojUcKMVth4S5nVlGzZnMnVxUgeqobmnh/Susz
Layc1KslUw5qRXNAF5ZBWV4sfPhPUh/0y/rVoOay/FDE+F9QH/TL+tAHNeEP9Wn0r1LT/wDVL9K8
u8If6pPpXqNh/q1+lAH/0vfqxvEf/IEvP+uTfyraNY3iP/kCXv8A1yb+VKWxpS+NfI+XGH76X/ro
38zSihv9dL/10b+ZpQK8uW7P0OPwoMZpaUCjFBQUHpkdaXFBHNUIT7xxjj0rW8PeJL7w5eBoJSYS
fmQ96ysYNMPyrgjPeknyvQzrU41IOMkfQOia7a69ZRzwEByuWTPQ1oFRmuB+FOnmLT5Lp1P7wkr6
Yr0DbgAjgk16NOV46nw2NpRpVWokJQVXmT2q4wqN14qzkMyWLI6VnzQdTW1InFVZosikxmE8WCeO
BzXOeIfFUOjB4bc77nHyj0NdhLDgkEcEda8c8a2DWniJ5GUlH6Me1ZzbSOzBUozl7xlXeo3epXDS
3cxcMchfSowex7VEPf8ACnDOea4pa6s+mpRUNETfe5P6UAYNItOHWlc3THg9qmQ4qADmpUPNJG0G
T546UCm7uKcGpmyY6lGaTdSg0WBpC0hFLRUiGmgClIoAoGhpHNNIqXFIQaBSRFikxUu0UFaaMmiH
bSGMVNilK07shxK5QU3bU7LTMU0S9BmKMU/FIRinYSYzpS55pDSggc1nyu+htdJakqnipogRVGS4
SMcnmoftjOcKeK76OBqV7dEebicxpUL21Z0cNwI8YOa17OfzGBrk7Vjxzmul0/qvGK9WGFjRXK9z
5rE4yVd3vodZYfWtyAHbWDYdq3rfO2sKhyLuWlHFO6UKOKdjmucoaRSYGPenkUwiizewBt8xDGeQ
wxXKXDTWN28Fu7LuPQV1YyOR1qu9pB9p+1uQCo71z4mm8RFcrs1uVCfKc2bG6uzmXdv9TU/9iMkB
aSQK+OMmtm31WK7lZF2BVP3qraxNbXkfkRTgyHgBTzXOsJh1G97/ADNPaTeyJtKDC1KSOCR0xV0j
Fc1aw3mj3aPck+S/TJrpyAyLIpyrciuyjJtWtaxEl1uNIxSUp5pK0syAooooYAOtZGuAFEU/3q1v
4qyNbI3oP9quHMbew1NqHxnE+LLpktUhU8YrC0BP34A65zVvxVLuu0j+tZ+nXH2O5yemKzl79JJM
53e8mWvEEhacKvDBs/Ssks5bJPz9jU2oXIu7kyEHk5pILSe6b5EwvrTpQ5VypE6LclTWLqKMIXHH
tSxW99q84wGI+lbOnaBGPml+Z/SuntoltowFRVwMcCu6jl7b5mjGde2yMjTfC1rbhXuV3N6Zro47
hLdBHEiqo9qijjlnb5ULE1qW2j7BvuTtB9a9Hkp0VoYpSm7tktjJPdAYOFFaUjJAuXYDA7msu51S
3tB5NvgHHWsl5p71wPmbnpXlYnG0aerevY9GlSm/h2NO81kkFIOtZQ+03j5JZs1o2mjHhpRtzWxH
DDAMIoriUcTilr7sexuowhruzNtNFQKHmyT2FaqIkQARQKNx/ClFdtHDU6C9xamU6sp6MXdnrRnP
WkpRW7dyApQaSlFC0AdmikoppXAkj+8WPAXqa5TUp47rVQrSYQDGM1ta3eCz09lQ/vHrA0aO1DF7
1hljnJrixVVKapStrubQi7XRaOiS7DLGxKt71B5d9ZBiFKoB1rqoJoDEBA6sg6VJKizRNFKowwqJ
5dSkuaGnzBYhrRowvDnmzTyXLuWwOldAWyxPvVa1tks4mWMcYFTZAPvxXZSg4Rs2ZyfNsPzzTw1R
Z5p+askmDcU4P71BupykUAWA9ZniZ8+Gb8f9M/61d3Vm+JGz4bvv+uf9aAMbwh/qk/KvUbD/AFa/
SvLvCH+qT616jp/+rWgD/9P36sbxF/yBbz/rk38q2axvEf8AyBbz/rk38qUtjSl8a+R8vSf66X/r
o38zSClf/XS/9dG/maTpXmS+Jn6HH4UOpwpKKRQ6iilxTASmn5pFC9W4p+Ku6Ham+1y2gA4VgSfx
ppXdjOtJQptntfhDTzp3hXT4W+95K5+uK28Z/ChUEUSQjoigCgAluBXoxSUbHwGIqOpUcnsMYc0w
ipyMn+dRSMkYzIwQdiad0jKMXLYhZeDVeVMirmA67lOR61Gy/wD66Y0nsZUsZHPpXnXxL03fbpdg
fdGTXqEiEhsiue8V6YL/AESdDnPlnGBWdRaG+DqctRLzPBxgqHHfim9DSxgmNflwwOcUEVw76H1W
trjgakB4qAU8NRYpMnBqVTVYNUqNmg2hImBp4aofxpwNI2TLIPFOBqJDTxTWxoh1OpgNPpDCgClx
SgUWLQhFJipCtNIxQDEApSuaBTqDNxGbKNoqQDNLtpkuJAV9KiarLjHaoGXNURODsREmkwafgCop
ZAi5rSMHPSJyOSSbYSEKvJqhNeAjC1Bc3hc7VNVgcmvawWXKPvyPn8fms5fu4k2SxyasRCqqnmrk
BzxXrtJrTQ8bmfV3NOz+8K6bT+ormrQYIrpLA8iuSrorC0Or0/pW/bfcrA0/oK6C24UV5tTctFtR
TqF9KU9a52UIaQ9KU0naj52Abg9qhuovOsnVfvYqfpSDg+x6im/hce4KTXQwNGit2jkgnfy3yeap
MkenajvjbzQpzk1Z160Nvc/aIyVVgBwO9Fro8lzGsspIU9a8ipGpFqlThe3U6E0lzSZBfalJqiBQ
mNla+h3RuLPym4ePjmrNtpltbDAXccd6xr+cadrKPCP3Z++BW0aVTDy9tWl8RMmp/CjoCu35f7tJ
SJILiFZ0+61LjivQjJSVzKwUUZoFIQDrWLrXDA+5/lW0BzWJrYySc9K4cydsObUPjPLtdk8zVG5O
ABVFInkIVBx6mr1+g/tKUtyBjtWhp2j3N8QxUxxetb4TBSqU1KWxyVqijcpWunorjPzt6Cujs9Lk
bBcbVxV2C2sNMQDiSSriTNKvI2r2r1qOGjD4dTjlUbGxxxwrgDJp5yaThTTRJliqgms8Tj8Ph177
17F0sPUqP3S/azrajzD1xxUVzqVxfyfJkAU630ye4bkkL1rbgsILZACNxrw51sVjH7i5V3PShSp0
Fd6syLTSJJvnlrZgs4bdQQMmpiew4FIOK6KGCp03zPVhKo2KSS3XAopOo5pa6m2zO3W4oozSUUbA
OoooNABmlptO+tAAOtPXCKZGHygUwcnjmszW2vHhFvbKcngkUptxBamLqd+lxqkavnySeDWlc+HS
0SS277lZd2KrWQtodttqUJDDo5FdRHtWJRC+UA4xXFRw9KqpOavfvujZzdPSJyAN5p7/ADAqorS0
h7q/uxNI37tela95bR31uY3Xax4zRZWq2UAiU5A7+tFLCypyVneIOqmti0xG44pM0nB6UV3WS66G
O4uaWmZpaAH04Hio804dKdgHg1meIz/xTt9/1z/rWgOmTWf4hRj4bvWwceX/AFpPQNjK8If6ofWv
UrD/AFa/SvLvB4/c5PHNeo6f/q1+lAH/1PfqxvEf/IEvP+uTfyrZrG8R/wDIEvP+uTfypS2NKXxr
5Hy8/wDrpf8Aro38zSd6V/8AXS/77fzNArzJbn6HH4UL2pwptOFIoUUtJ0oBzTGKTgE+ldp8MNNF
1rc1w4yEIwce2a4lziP3r2L4YaabPw9LcMMGZ936Y/pWtJXkeXmtb2dFnaOSzk0mSBTiC5bHGP1r
I1zxBY6BYtNcyfvMHbEPWu1ySPjaUalR8qW5b1LULXS7N7i7cKoGQM9a8X8VeL7zxDcmOOZobROE
2sRk+uRzVLxD4iu/EV4ZZ2Pkr/q09KyMDqDmuSrV10PqsvyqNFc89T0Lwd48ljkh03VZN6Z2ox47
V6aCrRq8RDRvyCDmvm9lDjBrsPB/jabRHW0vmL2bfKPainWfUwzHKlJe0p7nrci9VFV5YBLC8bDI
KkfpVm2ngv7Zbm0kEkbDjmnYCsOOvWuu6kj5yXNBq61R84azZGw1u4hAwu8gDFZzriu8+JunNa6u
t4F4Z+fxriJF9K4Je7I+vwz9pSiyqRSCpmXmoiMGkgkrMcDgU9GqLNOBpjjJosqafUCNUqtmpaOi
MrkyHmpQarA81IrUbG8ZEoPNSA1X3VIjZouWrMmFPApimng00aRRIopGTNANPzxRYpohxigVIaQA
d6LCsAFPAxQMClBpgkt2NYbqjKVORkdelVri6jiXC/frajSnVlypHLia9GjFzkyrdSLAhz1rAub1
pWwDwKt3zNIhYnmsfnJr38Pg1TV5HxeNzB4qT5NESAjOacpqIfWnr9a7Yux5rXVkynmrkB5qipq5
CeK0uK9zYteoro7DqtczaHpXTaeeRXNVWg0dXp3QV0Nv90VzunnpXQ233a8yqtS0Xk60p601afXM
yhpo7UpppoAO9JS0HpQBDLFHcKFlGQDxRLKttbkscKo4FP45qpqtubrT5Nn31HFTKTgnyrUqK11K
A8RbWfcnHQVmRRnUL7LP8hPINXdKjsXtZTd4Ey9M1mSFo7t2gOFPT3rx68p2jOu9L7I6YWZtHUhY
362IOYR3rYJHDD7pFczDpVzfoWI2f1rc02GaG28mY5x0r0MNVrVdZrlXT0MakFcsUtFFdb3MgHWs
DXTneK3xw1c/rZO6U56CvNzO/sVZX1N8O3zaHnDzJDqkruNw44xWzbz6jf7UhBhg75GKp2SxPfSy
PGXYHgV0kRlZBuOB2FevPF0KGHi5y+R5nspznLlXUSCwitgGkO9/U1PvJ4H4CprexnuDgLgetbNt
pUUIDSctXl1MxxeL9yguWPc7IYOFPWpqZFvYz3R6ED3FbNrpUNvgyAE1eHyrtHApKVHBU6bvP3pd
zWVbpFaBgDATgUpwT60lFd9uj1Zk22FFFFABS0lFAC0UCigAzS0lGQBQAtLzn1pFy1Vb/UYrBAqt
mb+ECplOENZuyGlcTU9RSxjGGG9uQKzB4huBhlUMait411C7Y3UeJCeGpt1pVxpd19oVTLCew7Cv
PquvOXPCXum8eVbiXmqjUI9ssf7z1AqDT9Su9MctJl4ieB1rbs20m7jMmRGR94GrUdpY3ALQrlQc
Zojh6zmqntLj5421LFrcC8txOBtz2qXJPWmqgVQq8AU4V6K7nM3dijiiiimAtKKbnJp4BbgDJpbu
yBCU9EZqiuLq0sIjJeSquBnGa4TX/iSqmS30sHcONwFbRw86jsiJVEjuNQ1Sy0eJpbiVcgZ27hXn
WufEGXVpPsNquLaT5WPtXFXU9xfyma7k8wtzUlpxNGoGBnpXoLBRpU23roc/tW5I9a8IAmJCe9eo
2H+rX6V5d4R/1Ir1Gw/1a/SvKOs//9X36sbxH/yBLz/rk38q2e1Y3iT/AJAl5/1yb+VKXwmlL418
j5dY/vpf+ujfzNKKRv8AXS/9dG/maUV5ktz9Dj8KFpwpuaXGaRQoNOGM00Ypw9aYJDoUM1zBEB8z
PjFfQuhWf2DQLW15LBc/WvE/B1gNQ8UW8bDKKpYnHTpXpPjLxvBoMAs7LD3ITAweldNJpJs+fzRS
xE40Yov+KPFth4dtnDtvuT91Ae9eL6pq17rV01xeN8x5VM5AFQXd3d6hdSXF1KXkc52k8AVCPbn3
rOpUbZ3YLLo0Iq+4AkUdeKM0ViektA6U0gMMEAj0p1JmjzE11N/wx4tuvDk4VyZLPPKliNufT1r2
XTdTtNbsUurSQOrAHA61894yPX2NaWieIb/w7dJLaSM0e4F4yeMVvSqu9mePmOVxrR54bnovxP0w
3GgNcqMmNlyB9a8dAyimveG1ax8XeGLgQ481oyWX3FeGND5EskLcGM45orWbuiMslJQdKW6KzrUL
LVx1+UVCy1gmd06disRikDVI61CRitEczTTJQakVsVXU1KpoZUZ2ZYV+elO6+1Qg09TUs6FK5ID2
qaM4qsTzT1apNk7MuK1Sg1TVqmV800zeMixmnA5qIGng1Vy73JKDTc04E9RzTG3ZXDAyB+dKivJK
Io0LSH+EU6CCS5uVgtgWlfsBmvYPBfgW30q3F9fKJbo4I3DpV04Ns87HY6GFh72rPKJPDuvzLiLT
pAp/iNRJ4E8QvybQ59xX0sG28DC+wFLvY+/5V61Cu6KtBHxOKxE8VJub0PmaTwB4gI5sz+VUn+HO
vFuLNvyr6nDnH3j+VAc9/wClayxtSXxHKqNtj5YHw413vaP+VPX4b65n/j2b8q+pdx/zimnd3/pS
+uSD2R8wj4Z683SLb9Vq5D8Mte/6Zj6g19IMSRwTUJDVX12ViuQ8Jt/htrSAbmi/I1sWvgbVIcFm
j/WvWH3Zxk1VfJzk/nWbxcpAonF23h67gxuaP861YrKWMfNitaQc9qrvjtWMpuRRXCEdaU089aaa
zAaaaetONJigBtBNOxSEUANpVIB5HHekoHWmm2Jo5/W9KdGFxBkgnlas6VpcbwLcTZ9lNaxAbh+R
6UfKBgDCjsK5fq8FU53G7Ned2sJ5iqQNwQDpQ3XOciqeo2T3QUxMR9Kt28RWAKxOR3Nb8zk/eRDu
wzz60uCO1U77VINPUg4Z/bmsddfuWlDAfKTioniIU37/AFGqbkro6PqxHQ1zmsH/AEsqRweDXRxH
zoQ5wCRVSTTUebzZBnJzzWGOoTrUlGBVKahK7ObtNJ+Zmih5bua3LXSEUBpSSR2rSQJGNqKAKU89
azo5dCKUqnvNFyra+4ACoMIoApM560UV6G2iMW3cDzSUtJTv0EFFFFKwBRRRQAUUUUAGcUtIaBQA
uDTlQtSKAxPOAKyLzUbiVngsxlhwTUzmo/LoOxZ1HVIrJSqfO/Qis3RUhubtpr18n+EHtUGnxT/a
2hvE3M3c1Hf2kthKwJIDfdI7V51atVT9ra8eqNoKL0Lw1WK21ZopYgYyflYVsTapbW6xCQlklAAB
7ZrC0iGxmjcXvLqchs1l+XJqevvFAWMMLjbzxWlOtJUrx2ewnC7s9DW1bTN1zGLRCFc/Nit20tls
bZYl5zyc+tPi/dxBXALDvTs55rqhSUZcy3Mm29x1FFFbPzFfoLn0HNLyfujJpUjZueg9ax9b8U6f
oQKswaXHQHqacYSn8IpNR3NkhYkMkzBFAyTXJa74/sdPieKyxNN05OK4bW/GGp63Kyo5ht/Y1giM
ZDElj3Jr0qGBS1kc8qumhf1LWr7WJN08jBc/dB4qmqqv3QB60vGTz9KK74wUFZHO23uFS22ftUeT
3qMdKmth/pKfWpqr93L0Y4fEj1jwj/qRXqNh/q1+leXeEf8AUivUbD/Vr9K+eZ6B/9b36sbxF/yB
rz/ri38q2axvEf8AyBbz/rk38qUvhNKXxr5Hy6/+tm/66N/M0opH/wBfMP8Apo38zQDXmS3P0OPw
oeKKTNLSKFozgg0macB39KAvqX9K1eXSFme34nk43DtVCWR7idriZzJM3VjSjvzzSEmq5iFTipcy
QnJHNFAoqXqXs7oKKBS0WASjrS0YoDyENIPalxSYp2ElZljTNSudKulntJmjHR0HQ1Dfzi8u5Lnb
tLnJHvTexGeDTT1ov3M1RgryW7IzzUTCp257VG1SJxsis61CyirjDioXTjNUmc04FXGDTg1Ky0zF
XuczVmTK1SK1VgealVhSaZrCRYBBpeKiBqQHNQ0bp3HhqlR8VXxilDUjWMi8r08HNVUfPFTI+c8U
0zaMtSdWxz1NTW0E95cpBZxtJMxAAHbNR2Vrc6ndfZbOIs7YGccCvbvB3g2Hw9axS3OJLwqCxxwK
6KcGzgx+YRwyeuo7wZ4Kg0OBbm6jElyw3ZP8Ndfnd1prMGOSaXOfauyMUkfG1q8q03KbFIxSDilz
SHmnr3MEkKDml4ptAo17gSA0daSloCyCo2xUlNNAFeRaqyLxV2SqsnNAFCVeKrMtXZFzVVhQBART
COakNMNADTSUppMUAB6UnalpKAENNxT8cUlA0NIpMUpo7UXZPUq3txJaxeZGpYjsKxJdXudWY2ts
TGw6+tdKDt7ZqqNNt4Z2vIlxJ1OKyq03KV0zRNHP28P9lM41BGlkf7rNUdnF9q1FSFG3d90VZ1bV
Ddy+RcREBfutir3h6zCRm5P3R3FedKKqYnkeqjqbxfLBjfEZe2SOSKby9uPl9aXTNZa6xHMCTisv
UmbVrxmz+5Qnke1TaMo+1eZkBF9a1qV5qulF6MmEE6bbOkMfPAx3pCpHJzzXPavr7TXywWoIUcFh
T7LWbpmEbwswHUiun6zS53Bb+hkqbUbm70GMUcVUTWLR+GO1vQ1OlzbS/cmXPpW0ZRls0S4tElFO
25AIINIVIOMjNUJ6K4lFKVYDn9KNp4zjmgBtFOK8ZyBUbyJApaRgo96Olx21sOpRyMLVN9XskYDz
Qc1Lc3Cw2QnXoVzxU88dddg5Xa5Y2/LjIzSZzx3FctZ6vMbvzHOUJ6Z6V1CukyCWM/KetZ0a8K2s
GOUHFczKOum4j0syWv3s81B4WnSWx5AE+TuzWttEqNG3Q1zDzf2PeOE6Mc1hiZ+ymqj6l01dHUAC
Rtu1d474qrK1vqW62YZZB1qk3iSAWwK/6w8VPpUOInuHGC9brEU6itFXRMoNO7MBbOS6v3tIwVVT
gsK6iysYdPtxHGg83u/rUsaRxfMigM3JNP6nmpo4WnSTdtWEqkqi5XsA560vsPzpO/8AhSsUiTfN
IsaDnJrp1bsjNu249FZuAu6or6+tNLhMt1NGMDO0nmuS8Q+P7WyLW1gpklA+8p4rze9v73Vp2mvJ
WKt23HArso4OU9ZGU6yWx1viHx/c3ga204uiA43rXGOstxKZrmV5X9XPSlQBB8oxjvS9TzzXqU6U
aatE5JNz+IBgcClxS4orQQmKXFFGadgFFS23/Hyn1qHNS23/AB8p9azq/wAOXoyofEj1nwj/AKkV
6jYf6tfpXl3hH/UivUbD/Vr9K+dluegf/9f37tWN4j/5At5/1yb+VbPasbxH/wAgS8/65N/KlLY0
pfGvkfLj/wDHxL/10b+ZpRSv/rpf99v5mkrzJbn6HH4ULTqaOtOpFAKXPFIetKOlAAKDS0UAIKU9
KQ0UAAoNLRTASlopO9ABRRRQAlBFLRSAZTCOakIphWkSyMjmo3FTkcUwrQZSiVWWoStW2WomWrjI
5qlMr9DShvalZaZzV7nNrcmVqkBqsCakVzUtGsaliyGpxXjNQ7h1p5faw+Vmc9FAJz+VRdtnRzxt
diqwHOa1NG0u71y8EFqDt7sOgrX8PeBrvVnSe7V4rfhsYAzXqWm6XZ6LbiGyhCpjlyOa3hSb1Z5m
MzRUY8tPVkvhPwxZeHbRcAPdN95jziunV+/XnvWNFMQetXo5c967IxUUfN1qsqj5m9zQD5FPBqsj
8dalBJ71RiTilqNW9akDCgAo6Uck0p560AANLmm0oNADhSGjNBNAEclV3FWWFQOtAFKQdaqsOauy
LzVd0oAqFeaYw5qwVNMKUAQEUhFSlaQigCHFBFSYppWgBlN70/bzSEc0AMNHanFRSYoAaM54oOMZ
59xTsUhoAq3mn21+mxxtIHBFYU41LSrZ7eHLQnqcV0vU+4p3B4dQ2eMGsalLmuo7lKWhzUflQaGz
D/WMpJPvVSytLm7YvGdsK9SK6efT4LlPK27UHPFZeoRXVpb+RZofJI5K9TXJVw6v7V9FsaRn7tjI
nSP7R5UQyxPWuq021is7JRIvzlcls1zukxpLdgPwy9jXTXjBLJ8MMhelPA02oyry3HVldKKORnAl
v8xnALY6Vr3GjQw2yuk58484rJtreXULgomQ3XirNnbXbasIZ2bKDgt0rloNNTk18TLqWSIre41E
O6bzhangv765mEUfLVtarDHBbN5agNj5mFc7Y3T2dwJlGcVtXnKhUpwUvdFGKlFlxtWvNMusXo/d
DrUt5eXMkQu7Zv8AR36e1Z15LNr1z5W0YJ5rYnshp2jJbg5wxOPrVqo5wqWei2FKKTRR0+5ubmUy
zP8Auk7VI1x/bd6sUbERA8471DpA3I8eeC3SoLBvsGo4Q/KW6elYxxDcKab+LcbguZmpfeH4HiPk
Ph174pPKng0NoJudpI5+lbW0kBl5XqaytUvIpbd7ZPvg8tn2r0Z0owvNmMNVYxDb26adHLG3zlRu
FWtI1JrdhE4yjetWND02yktg0rbzjkZrOvYpI9QaC3jO0/dOM151SM4uNWlsbRafuyOtU5w8Z+Wq
l1pVrdyb3zmqOk2V9A++4lJj9K2CcsSOnavU1qRvKO5hblM6PQrNDnrWgoCqEX7q9qM0q7j0XNON
ONNcqC7D3H5U5EL85wKiu7y002EzXTqvGeTXnniD4hXE5a200qidN4FdFKhOZlKoonZ6v4m0/Q4m
yRJLjgZrzLWvF+pa25iVzDB6AdaxJDLcOJLmZpH/ANo5p34V6tHCQhucsqjY0IN25s7vUHrTyPX9
KSlFdJle4oHHNLigUUAFFHeimAUU6imAgFS24/0hPrTKkt/+PhPrWdX+HL0Y4fEj1fwj/qRXqNh/
ql+leXeEf9SK9SsP9Sv0r52W56J//9D37tWN4j/5At5/1yb+VbPasbxH/wAgW8/65N/KlLY0pfGv
kfLrn97N/wBdG/maBQ3+tm/66N/M0CvNe5+hx+FC96cabTl96RQUvSl4pKADNOpKSgBcUYpKKAFo
oooAKTFLRQAYoxRRQAlFHeilYANNp1J3p2AaRUZqU0wipZDIyM1E64qcimEZJoWhlKNyqwNRsBVl
1x2qF1281opdDlqRt6EBGOS34U6EPI+2ON3b0UE/yrX0rwxqGsSKyr5dueSzdSPau/0zw/ZaTGBE
m58YLGtoU2zy6+LhT2dzkdH8F6lqGHuFWCIjhg2T+Veg6J4U0zScOER5e745JqWOUrgKcD2GKuQz
c4wPqa2jTSPKrZhUnombMcgKjAAHQU8/N15+tUI5OetW45OK1RxuTbux5UjpUscpXqaaCCKayd6C
TQin461bSTPesRHKnrVqKc55oA1lbmpAeapRy5PWrCvzQBZU08Y9ahBp4amBJmjFNzTqADOKQtQR
mmkUAKTTGGacaTtQBVdeahdDVxlzUTJQBSZKjKVcZPaoilAFUx01lqyyGoipoArkU0ipyvPSmMtA
EPamkVKVppFAERFGKeRRjigCPFJinEUlADSoOKD9KdSYpp2AbznPSgMQT6GnU0jmktHcFoQCztlm
84J8/tVPUtMuLuTzIpML3WtPBHelACjIJFRKnFppLcd9bnM29te6bdCVYiw9qj1K/u7qUJBC6yk9
a6re+MA/nTfLj3btvz+uKwWHlTXLTdkW5X3MWaZ7XRlhu3zOwqjpYikLQy4DEcV0U9lBcyB5Blh0
zUP9k2olEmMMOeKVTDydZS3SHGdjnY2bTdSyRjB7dMV0F9e2s+n+YHBbHIp8+mw3PzNgHpzUCaJb
Lxk49KmjQnS5qa+GXTsDmmYum3sVtdb3U7HPFSX2kXMU/wBogy6PyMdq3RpVmBhlBA6VZT5E2Akg
UoYH3OSbu+gSre9oc7CdUMDIof5hjmnvoU8lqoQ/vScsTXQbiv3aC5BJGc1vDDuPxu7Ic+xmWOjL
YFWLZYDkZ4rRBVW3BBu9QKTjHJOTRypwBmtYwjSjyrYTve7FLE8Dn6U0ZLY209EZzjOwetZWq+KN
M0ZWVn8ycDoDmtIwk3aKJbS3NVlSGPfNIEHvXJ+IPHtlpqmCz/eSnjIri9a8X3+tSMseYo88A8Vh
LGF5wCT1Jr0aGBS1kc8q3YtahqV9q8xluZXKfwqTwBVcALgKAPpRyMDNL0r0EklaOhhJuQUUUUyR
cUuKBRimAoooooAXHNBHNL3oPWgAxS4oopiCpLf/AI+E+tR1Jb/8fCfWoq/w5ejLh8SPVvCH+pFe
pWH+qX6V5b4Q/wBSK9SsP9Wv0r517noH/9H36sbxH/yBLz/rk38q2axvEf8AyBLz/rk38qUtjSl8
a+R8vP8A66X/AH2/maShz++m/wCujfzNArzXuz9Ej8KCnZpMUAUDHDpSikFLQAtFFLigBKKXFJig
BKKKKAHUhFLSUAAopcUUAJik70uaDQAYpCKB1pTRYBuKbTjSVJLQ0imMMkDqPT0qRuOpwPU961tB
8M6h4huQkFuyQHrMTxiiMW9DKtUjTjdsxIoJLmYQW8W+Q9AvJru/D3w8RQl5q5O/qsfau60Lwjpv
h6ACKFJLjvKwya05l3HJ5+vauynRstT5jGZm5NwhsYZtYoIwkKLGgGAAO1UZY/Qcetb8sII6CqE8
PHTjNb2tseK3cx2ypqSOTpzUk0eO1ViCpoEjSjl6c1eikyetYccvPWr0M3PWmPc145OasK2azIpa
tpJwDQIsMgNNB2nrTlcMOacQpoAfFNg9auRzgms/GOlKkhU0AbMcme9TBqyY5wD1q4kwI60AXgwp
4aqquD3qVW96YExNITTd1GaAA0lLmmkgUAL2phFO3UnNAEbLUZSrGPWmkUAVWSoilW2WoytAFUpU
TLzVsrUbJQBVZaj21ZdeajK0AQlaaV4qYrTCOaAI8cU0rUpHFNIoAiNJUmKTFADMUlPIpCKaAbQR
xTqQ0kAyl5paWn1uBGc0uKdikqY3S8wGmk5p9JVa2DQaaTGKcelAxjn+VK19eoXuxvNHSngM33VJ
96Zcy29knmXUyRqOxPNHK36g9NWORWdgAmfU+lVb7ULLSYWku5BuHQZrkNf+ICRCS30/BPTcOa4C
5vL3UHMl1PI2e2eK7aODlL4jCdZbI6zxB4/urwtBYgLH/fBrjX8y5kM1xI0jnvmgKF4UACnAkdOK
9OnSjT+E55TkwAVR8v60UHmkrQiwuKMUClp+gBRS4pKAHClpBSigAxRilooAUCjFLS0CExRilopg
JipIB+/T60ypIP8AXp9air/Dl6MuHxI9U8If6kV6lYf6tfpXlvhD/UivUrD/AFa/SvnXuegf/9L3
7tWN4j/5Al5/1yb+VbPasbxH/wAgS8/65N/KlLY0pfGvkfLkn+um/wCujfzNAok/103/AF0b+ZoF
ea92fokPhQ8UCkFOFBQop1NBpwoAKKKKACiiigApD1oooEKKWm0oNABRRRQAlLR2ooGJRS0hYhNz
GjyFpuxMc4pY0klfZBGZJDxtUVo6Nod7rtyIrWJiucFiPu1674c8C2OhRJJPtnuSOpHStIUXI8zF
5nCgnbc4/wALfDie5Md9qjGOMciBsZr0+3toLOFYbZBHEoxhR1qy2QRjCoOgFMPTIrrhTSR8risX
UxEua5C6854x2AqB1FWiKidc9qu1jju3uUnTIqpJFxWmycVWePJoAx5oeelUJ4iO1bssXNUZoM5p
AYpXaakSTaetTTQ4JqoylTQM0Yp6vxS8c1hJIQavQz+poA2UkGKnVs96zY5RirKScdaYi6KQrUcb
8VMCMUARg7TU6T460wqCKiKkGgDSjnBq0so9KxUkK1bjnyeaANUSA9KN1UllHrU4bI60ATbqN1Rb
80bsUAShhTg1V99SBuKYE+aTFM3dKcDkUAIRTGX2qSjGRQBWZaYyVZKUxloAqMlRlatlaYy0AVCt
NK1ZZKiZaAICtMIFT7eeaayj0oAhxTSKm200rzQBERSEVKVxTSOKAIsUFaeRxSYoAZikp5WkxQAl
JinYpMY60wtcbScUpBOMDNPdFjj8yd1RfQmiMXJhexHgsMAUPstoy08qxKBzuNc1rXj2x0tmitk8
9gMcdjXnWp+KtU1l2zI0cZP3c11UsJUqPTRGU6y6Hea94/sLBTDYFpJP7wGRXnmqazqGtyk3MmE9
AxqgIx1LFn75pw4r06eGhT9TmlUbGpEidMCnZ65yaQ0Vve2xmKcUUlKKQwpaSloAKKKKBC0ooxRT
AXHFApe1AoAUUtJSgUCDvS0YooAKKXtQBTABUkP+uT60zFPhH75PrUVf4cvRlw+JHqfhD/UivUrD
/Vr9K8t8If6kV6lYf6tfpXzr3PQP/9P37tWN4j/5Al7/ANcm/lWzWN4j/wCQJe/9cm/lSlsaUvjX
yPlx/wDXS/8AXRv5mih/9dL/AL7fzNJXmvdn6HH4UOpwptOFBaAU+m0oNMBaKKKAFopKWkAUlLQa
BCUZoxS4oABQaAOaO9ABR7AZJ6UhIAyauabpd9rNx5FjA7kHlhwBTinJkTqRgryZT3gEKAWfptFd
r4a+Htzq0sdxqAaOAchema6/wv8AD6z0mJLi+US3J5wwzzXa7iVCgKirwFArphSW7Pncbm93yUyp
p+mWWk26w2UQRQMZ7n8as8+35UoFBzXRtsfOznKcuaTuIRnrSECloIpkkZFMIqTFNIoeoEJXNQMm
DVvtUbjNKwFCRM1Ulj68VqMoqtJH7UWAxZoc84qjNFkdK3pIvaqMsPtQBisu005ZCtWpYcdqqOmD
QBdhmJHWrsUmR1rGRiOlW4psDrSGbMb+hqwrjOKyopT2NW45AT1piNANnrTuvWqqyHPFTK/FADnQ
dqaCVqQHPWkK5pgCzY6mrMc/HWqbJTQStIDUWbNO35qhHJipxJmgCzupweqwf3pwfnrTAuBuKkVu
Kph6mRuOtAFgHNPFQq2akU0AKaQqMU/rS4FAEBWmFanK0m2gCqyVGyVbZajKe1AFQpTGSrZSo2Wg
CrspClWClMK0AVylNK1OUprLigCErxTCtTkYFMIxjPejQEiLFJtOanEbHtxUF1cWdipe5mVR6E00
nJ2QNpCEc4HNLIiQoZJmUIOeTiuP1j4kWNmGgsSkkg9K8/1TxHqurOwklkjjY5wrY4rrp4Kc99DG
VdI9F1jx9YaarJbESS9MYzivPNV8V6vrLsDL5cXbAxWSIgPvHcf7x60pHGM5HtXpU8NTgtUc86rZ
GsfzbmJLdznrUmBkEdRSCjpW5mB65pKU0lABRiiigBKUUtFACUtJS0AFLSClFAC0UUYoAdQKBSgU
AKKWiigQd6dik4zS0AFKBSYpRTQAafD/AK5frTDT4f8AXL9air/Dl6MqHxI9S8If6kV6lYf6tfpX
lvhD/UivUrD/AFa/SvnXueif/9T36sbxH/yBLz/rk38q2axvEX/IFvP+uTfypS2NKXxr5Hy7J/rp
v+ujfzNNFK5/ezf9dG/maQV5r3Z+hx+FDhThTBThQWh1FJSimA4HNFIOKUUAFA60tFAC0hozRQgC
gGij8KQn3F600svRQSfakdhGMsQAat6J4j0zSrkzXelpdshyu5iBXVRwlSr8KODF5hSw8Xd3fkdJ
4a8A6jrUqT3Gbe164P8AEK9c0nRLHQ7cR2cK5xyxHNeZR/G+OKMRRaNEqDoBKf8ACnH44D/oERf9
/m/wrvhgKkeh8jisznWlo9D1sc9Dn1ox7V5J/wALwH/QIi/7+n/Cl/4XgP8AoExf9/j/AIVp9Uqr
ocPtEtj1raaQg4ryX/hd4/6BMX/f4/4Uf8LvH/QJi/7/AB/wo+qVOwudPc9Z59KXnHSvJf8AheC/
9AiL/v8AN/hR/wALwGf+QRF/3+b/AApfVKvYOdHrBHtTSPavKD8bx/0CIv8Av83+FI3xvGONJi/7
/H/Cn9Uqdg50erke1RsPavKv+F3jH/IJi/7/AB/wpp+Nw/6BEX/f5v8ACj6pUDnR6myH0qGSM+le
Xn43j/oERf8Af5v8Kjb43A/8wiL/AL/N/hT+p1A50elyRnPSqskRJ6V50fjWrH/kERf9/m/wqJ/j
Mp/5hMX/AH+b/Ck8JUHzI7yeEZ6VSkg64FcS/wAYQ3/MKi/7/H/Cq8nxcBH/ACC4x9JSf6VDwtRD
udqUK9qQEgdK4NvioG/5hqf9/D/hULfFL/qHJ/38P+FQ6EkO56VFKeKvRy15OPimR005P+/h/wAK
lT4s7f8AmHJ/38P+FJUpCuevRyGp0evI0+MGP+YZF/39P+FSr8ZMdNLiP/bY/wCFafV5hc9dDnFS
K5NeRr8ZxjnSov8Av8f8Kevxpx/zCov+/wAf8Kaw0w5j1vGe1MZDnpXlg+NY/wCgTF/3+P8AhU8f
xkD/APMKi/7/AB/wp/VKguZHpfI7U5WNeeQ/FaOU4OmoP+2h/wAK0rfx/FOf+PBB9HNQ6E0HMjtQ
xpwbmsC28SxXAH7gLn/aNacV6ko4TBrNxaHc0Q/FSq/FVFkBFSq3pUjLiPUqNk1SR6mRznrQBcU+
9PBqur1KpNAEuKNtC07mgdiNlphSp8ZpNtAisyVGyVaK5pjJQBUKUxkq0y4pPIZjhVJo9QKZXFNK
n169qs3BtbSNpLmcIAOnFcpq3j/SdNQrCEnccA7ua0jTnLZEynFHQfZyDlyFHqTWbfa5pGmBzcTh
ivQA15lq/wAQdV1BmWDEMZ6cZrlZnnvHaW5lZyfeu6llzavMwliFsjvda+J4ZWgsIT1wGxXD3+qa
jqb5nlbb1wDVdUVRwKCOe9ehTw9OGxzupJkQjXPT5vU0vNOpOa1bYt9xpzRzS80tTa+4aDcUhFLR
TsAmKTFOpKLAJijFOpDQAlFLSUAFFFLQAlKKKBQA4UGiigBwpRSU4DihAFFHelApiExzTqXFFAhe
1JS0UAJT4f8AWr9aYafD/rl+tZ1f4cvRlw+JHqXhD/UivUrD/Vr9K8t8If6kV6lYf6tfpXzr3PRP
/9X36sbxF/yBbz/rk38q2e1Y3iP/AJAt5/1yb+VKXwmlL418j5bc/vZv+ujfzNIKH/1s3/XRv5mg
V5vU/Q4/Ch1KKbTs0FodR0pAaKYC0tAoPWgBc0ZpKKAFpQe1JQSFXLEBapRlOVkKc4xjzSHjnpUE
90kQwD81VLi+DApFwPWqWdxyxJr2MJlnN70z5vMc7jCPLR3JZp2nb58gelR5HakGKWvfhSjTVoo+
Sq1p1XzSYvSjrR2orW3mZWQoozSUtFkAhooopadguxc0mee1HajtRp2C7EJzSUd6WjQLsYc5o604
im9KHYd2NNMK1KR3puKnQaZDtppGKmK801losi1IhIFMI9qm200rWUoplXID+NMI9zUxWmFawnTR
SZEfYmgHHXNOxSEVzuNnoMUH3pc4700UppxlqA8GnZqIGnhq2UxEqtjtVqFulUlarMUoHFaqQmbN
u3Tk10mnbcrxn61y1pIvHNdNp/JXPNZVLNAjsNN6jG0CumtDgDnNcvp2QB8tdLan5RxXm1VqWjXj
5AqZSRVeM8DipwTXM9yiZWqVWqsCakDUgLQbkVMj1TVuRUysc0AXVfmpd1VUDt0X8anClRlpEX6m
h+QaEo/D86cOaqS6np9opae7hBHuKxL/AOIOiWKnbMXcf3VyK0jSqy2VyXUgtzphHv46U0mGBS00
qAD1YV5XqXxTuJ9y2ETAdiUxXI32v6rqTMZp2RT2BrspYCpPfQxliUvhPY9U8YaPpQJaVHYehrhd
a+KFxIWWwG0HoRXA+QrndIxc+rGl2ADAC13U8vpw+LU5pYiUiW91nVtUYm4vZdp6rms8WyA5bLH1
POatkHtTCK61GMF7qMm2QleO1MIP4VMVppWj1GQ4ppHNS7aYV5pDIyKTFSFaaRQMYRRTiKTFKwDa
KXFGKAEpKdim0DCkpaMUgG0GlxQRQA2loxRigAooxTgKAClFB60tAheKUdKbTh0pgLSigU7FACUo
pKUUCCiiigAp8X+tX61GTT4T++X61nV/hy9GXD4kepeEP9SK9SsP9Wv0ry3wh/qRXqVh/q1+lfOv
c9E//9b36sbxH/yBb3/ri38q2axvEY/4kl7/ANcW/lSl8JpS+NfI+WZD++m/66N/M0tNk/103/XR
v5mjNeb1P0OPwodmlFNFOFFyh1GabmlBoHceKM0lJmmNasdk4zjNGc9ODTc4HJwKpXF9yUj/ADrp
oYadV6I48XjqWHW5cluI4l5b5vSs2a5eY88L6VAzF+W5NJmvosJl8aa94+Nx+cVK+idkOzR0ptFe
iklseK97jqO9IKXPNMQ8GkzTeaBmpAeDzR3po4NLmqQDuKTikozTuA6jtTaXtSASlFJSigAIpuKc
RSYNACHpTTTyKaQaChpHFRnOKl7c00jigaZEw44ppqbHFRstSUmRkVGRU2KYVNZyiWmQ4ppFSlTT
SKwlAZHikpxpKwlGwCUtJS5oTGOU1IKiFPU1rGQmWY3kQ8HNa1nrFzbEfKCPrWKhGaspg+5rRWe5
Db6HdaV40jjIE0ddjp3jXS2AEmRXjyYI6YqdUBHVh+NRLCxmT7Ro95h8VaO4GJgPqauL4g0sjP2h
fzrwABlxtdvzpczn/lu4rL+zk+ofWGe/HxDpa8m4XH1pp8W6LH1mB+hrwT99jBmc/jSbG7yP+dL+
zo9WH1hnuM3j7RYvunJHvWbc/FKyh/1MLE15CIhkElj+NPCqD3/OtI4GityHWkei3Xxau2G23t8D
1JrFuvHOu3mSrKinr81cuPXA/GpUYdcc1vHDU1skZucn1Lst9f3bFp7hzn0NNRB1LsfZqgV/8ipU
fPOPzNdKSitDJ3ZYAUDAFLUatzT8g0XAWlPNJmloWmwhpFMOalNNIpWAixTCKmIppFD13C5CRUZF
TkUwrU2KIjmmkVKRTWFMCMjikxT8UlADMUlPIpuKRQnNJgU6m0gDFIaWkINACGkpxFJigBKWjFFA
BigUUAUgFpRSUvSgBcU4dKQDilHSmAopc0gpaAFooopCCiiimAhp8P8Arl+tMp8J/fL9azq/w5ej
Lh8SPUvCH+pFepWH+rX6V5b4Q/1Ir1Kw/wBWv0r517non//X9+7Vj+I/+QJe/wDXJv5VsGsbxF/y
BL3/AK4t/KlLY0pfGvkfLEh/fTf9dG/maQUkh/fS/wDXRv5mlFeW3qfocPhQtKDTTRmjUofSg00t
xz1o3ADJ4FVu7LUUmoq7Hio5p44V+ZsmqtzqCxjCDJrMeRpTliTXq4XL3P3pHg4/OIU1yU9y1Ndt
OcLlRUH48imZ7UuRnivoadGNNWifH1sTUrSvJkgajrTMijNa3Od67kgxmlzzUeacDRoA7NGaTPNL
kUwFzS5ppNGeKAHZoBpuaKdwH5opopSeKLiHA0ppgNOzQAvagUlGaAHE0g60lFAxTTTS0UANPSkA
4p1IaLhcbimEVLimkUikyIrimEVMRTSo9KC0yAimkVKRTCKmSKuRFaaRUpFNIrCUSkyIikp5FIRW
LiMbmnqaZinCo2AlQ81ajPNVV61Yj61rBkMuRmrSH5aqR9atJW8WYybJxyKdTF6U7NWZi5pRTRS0
0A4daXvTQeaXNO4h3anA1HmnA8UXYiVWqVGqsDUitTTFYtBuakVqrBualVhTETg5pwNRBqeGpkj6
TFANLQgGkcU0ipDTSKYEZWmkVLimMKkdyLHNNYVKRUZFAXGFeKaVNSc000gIiDSAU85pvNIq4hFJ
ilNFAJiGkpTSUhiGkpTTaAFopKKAFooFLSABSmkpaAHDoKXFIKUdKYC0UCloEFFFFIAoopKYAadD
/rl+tNp0P+uX61nV/hy9GXD4kep+EP8AUivUrD/Vr9K8t8If6kV6lYf6tfpXzr3PRP/Q9+NY3iP/
AJAt7/1wb+VbJrG8R/8AIEvf+uDfypS+E0pfGvkfKsn+uk/66N/M0A0kn+uk/wCujfzNJmvMaWp+
gwdopDs5NLznimjODzgVUudQSDhDlqujSqVNjCviadD4i5JMkKlnPPpWTcag8uQvC1Vkme4bc7ce
lMyOwr6HCYCNON2fKY/OKlR8tPYlVvXk0bjUYNOBr1Fax4bTbbvuPzzS96ZmlzTepFrD80vNMDUu
aLhYdzS5pmaXNFxDweKcDxUeeKUNxVJgSA0vaow1Lup3EPHFLmmg0E0CHUUgPFGaYCinZpgNLmmA
4GlzTAaXNAD80U3NANADqM0maKBhQaDSZoAU9KbS5ooAaRTTTz0ppFIpMjNMIqU004oKuQkUw1MV
qNlrNopMZjNMIp+CDQeazlEq5HinAUYxTsVlKIXFUc1ZjqsvWrKURJZajq0hqsnSrCVvEykTA0ua
aKdVmYop1NBpaAFzRSUtMQtKKSimIcM04HBpoozzQMlDc1IrVADUitTuS0WA1SBqrhqkVqYrFhWp
+RUCtTw1NCaJaQ0gOaWmIKY1SYpuKQEeKaRUhwKQjikBCRTDUxWmFaBkRpuKl203GDSGRHrSVI2N
1NIpDQw0mKcaSgBKTFLRSGJiilpKACiiigApcUnenUgFxSjpQKB0pgKKWkHSloEGKKWkNABSYpaK
AEp0I/fL9abT4f8AWr9azq/w5ejLh8SPUvCH+pFepWH+rX6V5b4Q/wBSK9SsP9Wv0r517non/9H3
6sXxGcaJef8AXFv5VtCsXxIM6Jef9cW/lSltYuj/ABItnynIT9ol448xv5mmNIsQLOce1Q3l6kM0
i9T5jdPqax5rl52+Y8Vnh8FKcm2fUYrNKdGCjB6lu61F5MrFwPaqIznJOSaaMA8dKXoa92jRVNWs
fLYjGVK8vfH0uaZmjNdFzkH5pQaZmjNFwsS7qXdxUQJpd1WmFiQGlzUYalBzRcVh+aUGmZpQaLg0
PBp2ajpQadxWH5pQajzS5pk2JM04Gos0op3CxLmlzUW6nCqTFYdS5puaAadxWH0ZpuaWi4WHZoBp
tFFwsPzSg0zNBOadwHmjim9qM0XAXNGaSkpXAdmkNJRQMSmkU48U3rQNMawNJjinHmkNSykyJhTC
DUtIRnpUspMhxS807bRioaKuKgqxGOahUYqePrU2FJ6FmPrVlKrx1ZSqSMZDxS0gpasgWlFJRmmA
tLTc07NABThTRS0xDs0o60ylBxQA/vS5waYDzS0wJVY1IGNQBsU9Wpkssq3FPDGoA9PDU0S0WFap
Aarq1SK1MViSikDUtACED0ppp5ppGaAGkcVGRUuMU0jNICEimkVMVphFKwyIrTcYqUimOuelDAYR
TcU/FIRSGMNJTiKTFBQlJS0mKTAKKKKQC0o60lAoAfQOlJmlHSmAo6UtIKWgQtFFFABSGlxSGgBK
fD/rV+tMp8P+uX61nW/hy9GXD4kep+Ef9SK9RsP9Wv0ry7wj/qRXqNh/q1+lfOM9E//S9971i+KO
PD9//wBcH/lW3WH4p/5F7UP+uDfyqoq8gZ8ZTljdzknP71v5mo6fP/x8z/8AXVv5mo69iCSirGUn
zO7HAUGkH1oq7i33FzRmgUGgQoNLTaM079wHZpc0zNO7U+ZALmlB4plKDTuhD80Bqbmlp3QDwaXN
RZpQafMhEuaM0wGlzVcyFYfupwPFR0uaLoVh+aUNTAaXPFCkgsSZpQeKjBpc1V0IkzShqjBpc0XQ
EmaM0wGlzTuhDs0A03NKDRdCsOzRmmk0Zp3XcLD80hNNzS5ouu4WFzRmkpDRdAKTSCg0UXQwNMIp
wpKTsAwUuOKDQanQq43FLiigUnYYqjmp0FRqKlQUtBMsxjipkqJOlTKKd0ZyY8U6milp3RItIaWi
i6AQdadkUlJ3p3QD80A0lKKLoBaKM0CndCAdadmkop3QDs8U4Go6dRdASq1SK1QA08NTTQrFhWqR
WquGp4andCLAapN3FVw1SA0XRJJmimg04UXQhDSYp3ekNF0AwimEVIRSFad0MiIppFSEUwipbQIj
NNNSMKYRSuhjDSU4im4ouhjTRSkUEUroYhpKKKNO4C0UgpaV0A4Uo6Ugpw6UXQAKdTRS07oBaM0U
UXQBmkNLSGi6AO1Oh/1y/WmU+H/XL9ayrNezl6MqHxI9T8I/6kV6jYf6tfpXlvhD/UivUrD/AFa/
SvnT0T//0/fqxfFC58PX4z1hbHHtW1Va7QSxFGGQeoxxinF2Yz4huIJhdT5hl/1rf8sz6n2qHY/d
HH1Q19Yav4X0+RmK2UIDc5CCuNvPBsDM223Qf8BrsjirKxm4ngIVv7rf98ml2t/df/vk17d/whEX
/PNfyo/4QmL/AJ5j8qf1tByHiO1v7rf98mjDf3H/AO+TXt3/AAhMX/PMflR/whMX/PMflVfXEHIe
I4b+4/8A3yaMN/cf/vk17d/whMX/ADzH5Uf8ITF/zzH5UfXUuguQ8Sw39x/++TS4OPuP/wB8mva/
+EIi/wCeY/Kj/hCI/wDnmPyo+u+Qch4nhv7j/wDfJow391/++TXtv/CERf8APMflSf8ACERf88x+
VH17yDkPFMN/df8A75NLg/3X/wC+TXtX/CER/wDPMflS/wDCER/88x+VP695ByHimD/df/vk0YbP
3W/75Ne1/wDCER/88x+VH/CER/8APMflR9e8g5DxXDf3W/75NKM/3X/75Ne0/wDCEx/88x+VJ/wh
Mf8AzzH5U/r/AJB7M8YGc/db/vk0uD/db/vk17N/whMf/PMflS/8ISn/ADzH5U1j12D2Z4yM/wB1
v++TTuf7rf8AfJr2X/hCY/8AnmPyo/4QqPtGPyo/tBdg9meNc/3W/wC+TRg+jf8AfJr2T/hCk/55
j8qP+EJj/uD8qf8AaK7C9meOjPo3/fJpefRv++TXsP8AwhMf9wflS/8ACFR/88x+VH9orsJ0jx7B
9G/75NLz6N+Rr1//AIQqP/nn+lH/AAhUf/PP9Kf9orsHsWeQc+jfkaXB9G/I169/whUf/PP9KP8A
hC4/+ef6Uf2iuwvYnkPPo35GjB/ut+Rr17/hC4/7n6Uf8IVH/c/Sj+0V2D2J5Fz/AHW/I0vJ/hb8
q9c/4QqP+5+lH/CFR/3B+VH9orsHsTyLDf3T+VBB/un8q9d/4QqP/nmKP+EKj/55LR/aK7B7E8iI
Y/wn8qNrf3T+Veu/8IVH/wA8lo/4QqP/AJ5ij+0V2D2J5Dtb0P5UbW9D+Vevf8IVH/zyWj/hCo/+
eYH0FH9orsHsTyHaf7rfkaTafQ/lXr//AAhUf9z9KX/hCY/+eS0f2iuw/Ys8f2N/dP5UBH/un8q9
f/4QmP8A55LR/wAIUn/PJaX9oLsHsmeSIjf3T+VTojdlP5V6r/whUf8AzzWl/wCELQf8sxR/aC7B
7JnmSI2PumplRv7pr0j/AIQ0f3BR/wAId/sij+0F2J9iechG9DS7G9DXov8Awh/sKP8AhDvYUf2i
uwewPOtreho2n0Nei/8ACHe1H/CHe1H9orsHsDzrafQ0bT6GvRf+EO9qP+EOHpS/tFdg9gedbW9D
QAfQ16L/AMIcPSj/AIQ32qv7RXYPYHne1vSl2N6V6H/whvtR/wAId7Uf2iuwnQPPQrZ6Uu1vQ16D
/wAId7Cj/hDz6Cl/aPkHsDz8Rv8A3TTtj/3TXf8A/CIH0oPhA+lP+0fIPYHAeW/9004I/wDdrvP+
EQNH/CH/AFo/tFdhfV7nDBGx0pyq3pXcf8IhR/wiJHrT/tHyD6szilVs9KmAPpXX/wDCIN15oPhF
sd6f9prsL6szkgD6VIAcdK6keEn96X/hEn9TR/aa7A8Mzlgpz0pSpPauo/4RJ/U0f8Ik/wDeNH9p
rsL6szlttIRjtXVf8Ik/vR/wiT+9H9prsH1ZnJFCaZtPpXYf8Ik/vR/wiTe9H9pLsH1ZnHFCe1MK
H0rtP+ESb3pP+ERb3pf2kuw/qzOJMbelMKN6V3X/AAiLe9J/wiB75o/tJdh/VmcLsb0pNjf3TXd/
8Igfek/4Q8+9J5kuwfVmcIUf+6aTy3/u13v/AAiB9KP+EQPpS/tFdg+rM4EI/wDdp2xvSu8/4RA+
lH/CHn0NP+0V2D6uzhNjelLtb0ruf+EPPvR/wh596P7QXYPqzOHCsO1GD6V3H/CIexo/4RD/AGTR
/aK7B9WZxGD6UYPpXcf8Ih/smj/hEP8AZNH9orsH1ZnD4PpQVPpXcf8ACIf7Jo/4RD/ZNH9oLsL6
szhtp9KmtYme6jXHU12f/CIGtGx8KBHVtnI71E8epRcbblRw7TTNLwrbFIlz3r0uxGI1+lc1o+l+
SqgjpXVW6bVArzTpP//U9/pGAIpaD0oAqS2wYVUfTI2/hrTbpTTQBk/2RH/co/siP+5WuaSgDJ/s
iP8AuUf2RH/crWooAyf7Ij/uUf2RH/crWooAyf7Ij/uUf2RH/crWooAyf7Ij/uUf2RH/AHK1qKAM
n+yI/wC5R/ZKf3a1qKAMn+yU/u0f2TH/AHa1qKAMn+yI/wC5R/ZEf9ytaigDJ/siP+5R/ZEf9yta
igDJ/siP+5R/ZEf92taigDJ/slP7tH9kR/3K1qKAMn+yI/7lH9kR/wBytaigDJ/smP8Au0f2TH/d
rWooAyf7Ij/uUf2RH/crWooAyf7Ij/uUf2RH/crWooAyf7Ij/uUf2RH/AHK1qKAMn+yI/wC5+lH9
kR/3K1qKAMn+yI/7lH9kR/3P0rWooAyf7Ij/ALlH9kR/3K1qKAMn+yI/7lH9kR/3K1qKAMn+yI/7
lH9kR/3K1qKAMn+yI/7lH9kR/wBytaigDJ/siP8AuUf2RH/crWooAyf7Ij/uUf2RH/crWooAyf7I
j/uUf2RH/crWooAyf7Ij/uUf2RH/AHK1qKAMn+yI/wC5R/ZEf9ytaigDJ/siP+5R/ZEf9ytaigDJ
/siP+5R/ZEf9ytaigDJ/siP+7R/ZEf8AdrWooAyf7Ij/ALlH9kR/3K1qKAMn+yI/7n6Uf2RH/c/S
taigDJ/siP8AuUf2RH/crWooAyf7Ij/uUf2RH/drWooAyf7Ij/u0f2RH/c/StaigDJ/siP8AuUf2
RH/crWooAyf7Ij/uUf2RH/drWooAyf7Ij/uUf2RH/crWooAyf7IT+7R/ZEf92taigDJ/siP+5R/Z
Ef8AcrWooAyf7Ij/ALlH9kR/3K1qKAMn+yI/7lH9kR/3K1qKAMn+yI/7lH9kR/3a1qKAMn+yI/7t
H9kR/wBytaigDJ/smP8Au0f2Qn92taigDJ/shP7tH9kR/wB2taigDJ/smP8AufpUsemIpBC1o0oo
AgithHVlRgUlOFAH/9kKZW5kc3RyZWFtCmVuZG9iagoxNyAwIG9iagogICA0MDUyMwplbmRvYmoK
MTkgMCBvYmoKPDwgL0xlbmd0aCAyMCAwIFIKICAgL0ZpbHRlciAvRmxhdGVEZWNvZGUKICAgL0xl
bmd0aDEgOTU4MAo+PgpzdHJlYW0KeJzdeXt4VFWW795nnV2Pc+pUnapKpZJKKvXKO4SECiEQHjkq
IAryTNOJEgkPIyZiEiNpCgwJ0hoDKIIYHmKEmOYRUTKIyCUNgWkG8I42wxWmx9budtrYPd81ZrQv
47SYnNx1TiURte3vzjd/zDe3zncee+/zWGvt3/qttXYRSggRSBMB4l+xelnNh862zYTEXyaEu3dF
/WP+pz49vI2QxGRCaEdFzYOr//j0FxcI8eI42fLgw5GK4vNnk/D6KD6TuOqBZStt4p2HCUkqxr4J
q7DD9qq5F9tbsZ28avVja892mMuw3YXtrQ9Xr1hG6PE+QnxTsP3c6mVra/gD/Dpsv4Ntf82jD9Ts
WLy9ENt4D2skHKlQW/kK1oHSGolHsfBXiOEKNbHVHE9yLlzrG0fka33X+nKd9oA9JWAPVPBkoA4S
Bj5RW43WP//pUUMGvqOcEMNedp2YiItMVOItxnprnUDqzUbqshE+xSGZ00lIDMbKN/p6w9f67JPw
N47k9IVv9IVzTxxz97g5WpaSF3bYZS6L0vw8eyg/4Cd2mQS4/Vv+9/v/9OmWwXM9PZxKd9BO9Udq
dYSOoXfSGTTrZkeE/ziiNqm71BfURjSpJgvrQlnc5MfKWGmn6HreKdbbdtqNz5t3QL39WVbn3EHr
iWxxWDNMDkOMI5Yn6Q4hxAXjULywJt+1PrzQ5MNz30Cf3Nsv4yH3xPz46ngUNC8qn74Hhq+1c3lP
D5u2eXArbW5pUSNcc4su2v5fqYGzgwNnBzt+pe5H+dwo3+9QPhupVhLMjIqww1gnoUS8wyA4TNZ0
S4ikGzhZvnahd6D3Wp/cj5L0h2/0h9FsuXR2l6V4dpe1+L7ZXXLxfSVniDx0Dt8q46ZMtBdMLFXc
in2pvdy+jd/Gthm2GZtMTeYmoUkUyzQZA66QPSp5novWXVQfbGGXm9WVlyL8e310jbql7+vsCAKF
cEOf45zO0eV0kK3KAodPdvCMt/sYL+JuMnOCjzFeTuKAcyTZHQCczcpJScBZtK5MB4j1smRmQOuh
zkhwZq2SRRRMjAdOchqIU772jt2toWBKb58bje6YlDt7UYlRZp8Z2WfusFE2faY3ZL2l92p9pcFQ
fh7FzYXqQADyXHiQ13Hhf+Xynh2csWP94JWG4zy98ocIW4LgiNBx6pUIF+Imj2CjDnWSyFTFI5qN
UM/qzBoaDOkmwWFBIJgQB9ZhmMq9muX7v+wPyxdyFXOukCvmWnIlfhQBmi2j8w7kHDenWZvvyNfZ
feoW/Fbz0MdsDvucZFCjUhQKcskBn0VM8nFev0+0iJmixR/gY+lutoGkxe72bHA51qfVZPpFS8Br
cjtcnIOYnK5xyV4nseVmyjcu9F3rRSjI/XZH1Hnk3hsXEJoX1T60YtRy1s/w0qgfS4PHCTpSmfK0
IcngMwbThXQx3ZIupVvTfen+9EB6MD1UKBSKhZZCqdBa6Cv0FwYKg4WhEqFELLGUSCXWEl+JvyRQ
EiwJVQlVYpWlSqqyVvmq/FWBqmBVqFPoFDstnVKntdPX6e8MdAY7Q2eEM+IZyxnpjPWM74z/TOBM
8EyoKDdrftb+rK4svoyUFdjzkmheeEL++NQcOpbmj08OhHm3PTSWhoIGV0ysjyZRVwwfCCa3NXr/
qefF9keOfvTBcZpGhU00YXej98KbO3et+vuP/qFbvaxe3aF+NIsuP3yw/tF7V2YVTLx06rf/PmaM
enLvtgcrypaNLxj/4fnffxomw9x0HOc8gSSTncosUTCDxeQDHow+nodME08SgU+sF3eFnPWuOrvE
19sMRj/PIN5EYsEvhrxgtRhYPDqmPzk+Rk5PtIQcwZQRrpB75XPn7A73JLS6Y5IdNw3S/eEwwkbt
d0zStlFg4z48OTacnBOi0WbjylBrtxPhDGNpFrXruNbpj3fFGFKi5sqifFHpuuxf71Fd/TOWLZ56
bpAg5oopTxPeHmzdtHXXrq2buPelJT9WyyP0F1vvGfxNRMPi1XP73gzsfuaZVsT+0A20w0K0g5Vs
ViZZpaibikmCiJ4rIjT5b5w6UwSL7rlGUgejXmu2EYNt1GtvTEGvtY+qNuKwpmGHRR1NZg2AHhCp
aBLMBtEpOa2yHJJCVr+syPNlESFBXSGKm+ZKZjwZFjYMvts/+O4z3M+30+dpK85b5GYHWxKJDITg
NxoxUbIY/epL9CsPKVLiyXPuDSBts2+wmNdDTYLVYfGQmBSDlIDTc+0dPXpF/UTty1Wk3MTqxDXc
+vj1npcTDbSMGvjhIDMKQ84uO9DkBezLyeovVVV9Sr2LvkXXPUn9BxrTfnnk19euffjCmSza+ceP
6AH6AK2gB5Tb1O0/71Z71DdwO3fwMBnmGShHW4tkkhITZRkkGQFZJoQcwwUt8o3e8EBveDQGKjab
lCsp0nypXKqRmiTjrRyT54oyzLkov3g1O3CaHQz70Q4iRpQcxUE2WAwbHOstNXGQ4jKn2CQtmg0b
AIkD+as6vjG+J/5KPPJXih5po+q6oybQj7C+5/TpnrPd3WfVZrWYvkbX0gg9qi5aQm+ns+kcerva
rb6lnlK7I3QfrcTtJXUlxt1WdSXR9b4XMaai3k6yQcm2+YxGg8Eny7ZM2UgtJqgXWJ2d1luJOd3o
SJdFPEpoDtnBBWOGKbcX3ak36kBfak6khbxbnAdRZTRSUqYkKq75rlWGGlezocn1sstoNMYaU40F
xgJ5lWwoGzUeHWFpza/u7emh78GTZzmhR705sPqsZs2vfweHIwgxvmDg9khUh5kYI9r56cRLIsoY
T4xRclNoZ+4DQluCwwq0nR2Sif1uZ+Isgy3fKUszeZLvMcjcbUlRRrhxiw79bqSAEcrOPUl8PuKj
gMCb3SUUY+hOIgp+MIkkDZ3TQ/fJHN82X5cPRud+GtJlrGuYE8anajSJjZm7dtGvlI6GN97aPfjk
xhk/qlr5RATyI61Li997d/B6JMLlNz/00qtqKIqTYvQXHvXRcJKtOEmLxdDiaNNwMs012TzNFtaA
ckMHyoAGlJNyvBJfHg8aSibY5dQoN9+KEu5ozX331tYuWVKr/lE9T4toPPXQaer54nMU1ek5r6p/
W4tUZqBGmqH+Sv1KvaleH7WtaRbKkkseV4r8HqfEG7IIyMa09gyvfGAstKUE4mJEZmzPOBSKNZN4
pzDL4p4bb8q3yAbX3HjZGZyV6ZfTk/NTbxunu9AUTJB6h2GDZtasHjU7gkczvHsSBkdFIuGcsBIu
D9eEt4U1x//Ldv1eY3QK+A/uPlr31pu7B5sbpy66f1Xj4P7GaQuX4vlpbSqm7X/kiXaIVC67clUz
P/3y0qrtTw3+6dYrbXrKFq/Q5iMH52OmIYbEkAC5U0kOuJg9LqnDFNdhpe3QRNqtNaY2R8I0cYqT
y3fZeZlMDGrI0qGl8UWvlpFqqNJBdbwohCxboGd0mqja/ISCqWkoP42JjUYPTaNLu+nN7N01H1Om
fv1xze5s1UBvLq1cXVq6unJphIXWDm5dtEC9rn6N27UFi5ojtOL0wa5PPjl28LQ2b5g88XNw3uLI
j5QUEms3mZ2U2drt7EBsm2Rutx8ShfEmLo/IdzhMsiXfels8zg56w2gOpfuBfEGLjw5tQnyeHE+R
Z55nqafRo03ISBLwPcPPqTXMn/PYU+cHZ+5q5/jxrz7uK+Xz1F/8aNE7b6pLdLueqa4yD+OcP40y
GkkieUAJGoAIMmk3yS9LLTGmg9DiaYup8cp2Ms00yWwocoe9mlW1KBFFPoaIXhnjtS5fsDypMenl
pCtJfA/pMfQYe0w95h7hCrliuGK8YrpiviJYkGSoblovZQGXbuqCPAMfGvETyJ97/33zuA8GUx7f
XPdszMGsIfIHtU99HxMfiZqohyv5X0cO/sLxE9Mv31r32JudGAWt2J2uvj3is6sQIxbEyBwlhRK7
V+A7PEJHTFK7v0lqj6nxtNl8+V7M+q350hTjNHdYA8mN3oEpU3q/D5KTRaHG0LGQxjzDcNDlZZqx
rWh3TWQ0tluzO1SXP/RI6b2rHyqny3epxuw9Nb9XByn8vmZPNkKI/u6h0wePffJJ18GjkeZFC7AK
Y+jnmQsW0YG10VyLXUX+l0k8uVsJ2ustcVrws2LwsxhccQ6b5Mox2zLtUsisx0GP5sQX0IujJGnX
q8J+LXX6RySi+Qk1CU0JMMrmYcyI+JBWucBIWqQFxoVf0VT1/T+r/V98UfPEi3s31WjE/tmly/+q
2iLcx69tf+7VUR4kOq+nYz0zLimV+ORYK0ulvnZr6gFT7MvOlriENtpuqrGC3xriY/PcXH6SDR0w
JLvFcIaeg2t+GJUVBb3Y269e1FCj99gdev6Xq4zxZRbGFLmKYovcRXFF8ZM88zIbM4UsV05sjrvR
0ig1Whttjb5Gf2OgMShqMLKPzENq/vgJk4enyBjKRw/w8zR/dL74VbtVw8yjj7xy7OvB0+uaKuvi
ape+U0u91Ky2Pbmi8p55C1dyzwz2RZqL5x975Y3jRRvX/3jFJ8HgtcHfXn/4gQdWPhzl4BL0k2y0
Qwa1K3dgHmizLAj4zQJnEhf4A/6RuuQ1Fvuah7WQo2meFtdRR5temwRMFi/nznOhp5vmuZK984gt
HK1NLozUJvbh4mQAq5U/9Ou0/BfLE0USzaIgilgKSaLVgCG9qTHr5ayeLMgwZwgZ4hjLGCnDOiE0
I1RqLhVKxVJLqVRqLfWV+ksDpcHSUKW5UqgUKy2VUqW10lfprwxUBitDm82bhc3iZstmabN1s39z
YHNwc2iPeY+wR9xj2SPtse7x7wnsCe4JHTEfEY6IRyxHpCPWI/4jgSPBI6EpZfT7FcqEqFt8r0JJ
La+1tm58uO6uh3b8bOfnN++/vrHW3NL0cLWyaPvV/eqQ+sWK3/poxk8aZs9UZnpSMvY88doRX0C9
sfqRGbdPmOZKyd+35cSrSXqdTXLUxWwmzoeFhEitkjXi61K7LYjOji7fZjvkf8FTk+wbT9DRpwSs
ut9LE5NHw4JGsnKvvlShhb0Rtx9JM5L1NCOZJA+nGYpZTilKaUw5lsJjAn5LlEgZ4d2RKBKlYy5j
JFKobd8JIx2Dy3dzsx4ajhU6J3wTRdRZkeGcatzQx3CY1WIGcr/idQuyibTznM7MNQbuUJxstFMz
k4FMxFxkSl/4nWsXNFZGeh7olS+MLnyIxZpC2ppHnK5RHIkbSZzmxS/F7BbKnCFtjcMecAXsw5Qc
9au/37uXLqdp6vtjCpVp3Avml859sA9ej9C71ZORwTVbpi++d//Glrf0+cAchfsVcq9IXGSyEged
Zkd7zCHZ0m4lsw0SZiJOW779tthoBn9ND8nhgb4Psb4Qfe4cd7l7m7vLzWiZUwcP1nD4fToa1n5e
s2BedfW8BTV00+7Bai17YMULqqux85Gv1+jxbDhP0mUwk3GKw9BuauJJO0fziWyEfHabEP328Je1
74o5Yrm4TewSmbaMNvItrmj4E5GIFuKH1z+eR352kXlKhrRT3PHtdbFbl8UyHULIoJN07DckfaM/
PEzQ/SqiTu3NPWFz+9w/sCam1y0sr2VwN13f0qI++em318N2Rus5LW5vQvx7SFhxE3cLSPYWi7lN
q+bytGpumiF8azU3cGHggqxeyD1uS8TEB4PmcMT9lp9qM89vSv30f6q96mU6njqqf7+mRt7w6M6G
dZurNlrpnJNv0FQqagE3M1N9v3nT5X//4krTWl2eIi3/R9t7ydpo/k8x98cKoCma/gtt307/9eyf
v0PP/7WU5zv5/8A3Qfg/nP7bfyj9b+PId9J/LYNr+IH8X53EVqF9fWQMeUwZO8YvJ4ZsNKPDSdq9
JkuLkQ91xLd5D/GHnTXZ5jxjUr4/0SaTKanTjLHhbI3cb0SD3ijFXFQvaByjh2vUS0k0CXFCulA0
licmYubRu2VzjOA3+c3JglmPbzpjpuVHuXUqvTXlQMKht6Qk+fxV9bz6m8pf19XatmzsaL41/aBf
qcaR3AReHyj/6N8CAfWhipcuRW5NRJoj6t7hFOX0sP6Ldf1jkV8XKZkht9Hp8XcIpD2GYcLt6ZDb
Yg7BC0JNMj/e7TTILi6fTPFOk8LJekIVjmZUf4FdT1QjhXIj4TvP/te12jW4ouOHlfk6gMXCqb+i
BuJEqxu28GmYWT2khGJlJlqcB0xujZYOmWpQk7hZsbyMws+U8m2yONGjVdRaQhjNBweQVkdrBpJA
h1GokapGqB4dih7iGYbiiW0JXQnct1ITHZFRdfCSv7FLNRTpIKQ3by+pWrGRTxtYGK1BuazI4PMX
q9qO0g+i/D/0AdYP76PsVtKgFApmzvRTySoZf2owWvE0x2TEb/OMA8McSkmmkVhMTPM0OESsktlk
NPCUmG0i983i08C3F5+0vOK7q0/pTFt9ksbwWWw2P5vdx9/HDGWBb5aa8ETp22rzGm75RszILVvo
tvVqM8aEyGA5tz8SGVioWx2I9m+OhfDcXDwnYWYLqEUjGaKL6DK6lm6gO7iL3If+VH+uv9B/NBAc
GtL+ZyH76UJajuMNw+NOHJ80Ov7DP40PPqR76T7ahtv+4e0ibpep9g+R8a8+/f/y44n27xRFz0jU
26J+ZLhLqKcLzyZiQC0JRp+/9IslduTGGOLEax9K69F7E9AyVmLDmOwnDozz8Vi5BP/Tsv7/++MI
R9drR71q+pLKpJIMr+vhyBK6HFvNeNxGyul6igGUzCVLyFTyJPkT9m/Un/fRjbgd1d93FnvORq+w
/yi+hZBiUks2kt36Ny7xS/gKfj1fgWnQFroFe36jjWElkM1n4L0bcV+PY8u1a1qEWwapIFglkHbs
+RLHI2QvFdi7+Oa/oylkFX5nLu4dSFcmlOU6tXIV1IL31mkAQ4SgfphpVJI1JILPXde3z7G9kkTY
dUMM9yXqNQvHDHw5+QTfXktqqUDzII/7Mz47F3taNK1oJ+GgEmFbjluavk0ny/E9B/GOCNnHLefy
+DTtLl32qeQDclKXu4Jsx/ZC0qkfCQyQ9yCfVqD8mm3i2Xmy2Hg3DRisNMfYiLYiBi/ZyFUQH0wn
dQQBftKgrXpTghGzi0u5a2WXsqDEf7k0kD3mO02/bPR3kfldUsR/amhofgmfwEq7WGIXpJi6+JTQ
P//Q4D9nj5k9v8TfdXXG9OG3ziifjn2LSvBSa2E39s+Ynk10FuLuP/VomvP5pbYp/0Z8Jn2y33t/
7v8ZOX81f+Bj63VzBt6rDVL9BjwaN6leQmx5OF5jvT7c/80vxL9LKgyfk3JDPClnN4jbkD/0OduP
15dIM/c22uUgjuUP3TDcTxbDWbz+M1puPrmXXSUz2WJSbPoJnneTHL6ATGZuUozXxZg5lrMcUsxv
JCXaGBwn40AgM7WdvU7K+d/hfVdJkXavvl/F5w9qcUL/Tcf9H1D4GlQ6Dvc+nL8SxMBH0Z39C0rV
hZrhrBlPIWHNQbKScccxActcEZ+zJOOOjCntJMSK41Z8xvY5IfYmQhwrCXHi/U4cc+K7Y7DPhW0X
Ph+Lu/swIXErtf/fdWuFODPJIofRqpz2L6vGwXwW3YRt/hTXpPReUeGXs+FdFd4R4G0rXA7DpW64
2A1/dxMutMLfqnBehXM9d7JzDdBzJ5zNhTMN8HMRulU4rcL/UOGUDU4K8KYLTqTCGwK8ofDH/8bD
/sYDXcc8rCsJjnng9Zcl9noBvIan1wJwtABeFaHziJ11huGIHY408YfHwqG9SeyQCgd/5mAHvfAz
B3S8ksU6uuGVx7zslSxox1N7NxzY72EHVNjvgZclaHupm7Wp8NK+MvZSN7zUxO97MYXtK4N9Cv8i
vu3FFNi7x872JsHeU0PnlCF+jx12W2C3wu/yQqsIL7TCTgmej4cd21eyHSpsx09sXwnPbRPZczGw
TYRtCv/sMxJ7NgaekWDrFoFtDcMWATZ7oeXpBtaiwtP4xNMN8JQITybBT7Hx0zBsesLJNqnwRK2N
PeGEpkaJNanQKEGjwm/AOzao0PC4jzWo8LgP1q/rZutVWBcpY+u6YV0TH1mbwiJlEFH4tSnwkwKo
xyfqq2ANntbchMe8UKfCo/jmR1WotUFtE19TPZbVqFA9Fh5RYbUKD8tQNRsqBVilwoMCPKjwFQF4
oAFWqqA8s6IKlnfDsgYoV+H+WCgTbaxMhfvsUFriZaXZUOKFH4dhsQjFizysuBUWeWChBxbMj2UL
UmC+VWbzY2Eenua5Ye49iWxuA9xzl8TuSYR7FH6OLZHNGQezcXh2GO7G/rsb4C4JZt0psFkNcKcA
M2dIbGYYZky3sBkSzIhOyXQL3HF7HLujFW6Pg9sUK7utAZQJZqZYQWnii6ZmsKJumIanaWUwFT8x
NQOmTI5jUxwwudDBJsdB4SSBFTpgkgATC2xsYgMU4NMFNiho4ieYYYLC54+PY/mtMD7LzMbHQZ7Z
y/JaIZwhsbAK46yQaxFZbhLkJGewnAIYGxDY2CTIHmNn2a0wBp8ZY4cxCp9lhsxUE8v0QoYEGQqf
nmZn6a2Qhn1pdkhT+FQTpOArUroh2RlgyRkQwlNIhSC+MNgKAb+JBQQINPF+E/gV3oejvkxQTiTZ
s1lSIXgDkNgACS7whCE+DHE4HKeCOzaDuasgFluxGeBiAnMlQUwcONHIzgA48FlHA9hRJXs2yGgd
WQUbjtkSwSqDtYmXUDnpJlhEsCi8aAMBbxW6wewFk9HJTN1gdIIBX2uIASYAU3geHIx3A9/EA7Ux
cAAoPIdXnIptoFjIYxF5iq588hma9d/zR/6rBfjm5yX/F4cOhPgKZW5kc3RyZWFtCmVuZG9iagoy
MCAwIG9iagogICA2NTcyCmVuZG9iagoyMSAwIG9iago8PCAvTGVuZ3RoIDIyIDAgUgogICAvRmls
dGVyIC9GbGF0ZURlY29kZQo+PgpzdHJlYW0KeJxdkstugzAQRff+Ci/TRcQjMG4kFKlKN1n0odJ+
ALGHFKkxyCEL/r4e3yiVugAfxnfGd/Bk+8PzwQ+zzt7DaFuedT94F/gyXoNlfeTT4FVRajfY+faV
3vbcTSqLye1ymfl88P2omkZnH3HzModFr57ceOQHpbXO3oLjMPiTXn3tW4Ta6zT98Jn9rHO122nH
fSz30k2v3Zl1lpLXBxf3h3lZx7Q/xecysS7TdwFLdnR8mTrLofMnVk2e73TT9zvF3v3b21RIOfb2
uwuqqaoozfO4RK7BdeQa8TrFC8QLYQu2otlAs4lc5onjEuMl4qUwgUlyoa9EX23BW+Ee3AszmCMT
mBJDQ6IhB3bCOIvkLAM2woReSHoh9ELSSw2ftfgk9EXSl4E3I94MNEY0BrlGcgmeSTwT/gPJf6jQ
YyU9EuqQ1KFH8KOwARupiXNNOhc+jfg0qBMXubjbDckVyqzdZ8NeQ4hjkQYyzYNMwuD5PrPTOElW
en4BEIa+JAplbmRzdHJlYW0KZW5kb2JqCjIyIDAgb2JqCiAgIDM3OQplbmRvYmoKMjMgMCBvYmoK
PDwgL1R5cGUgL0ZvbnREZXNjcmlwdG9yCiAgIC9Gb250TmFtZSAvS01TTFJEK0RlamFWdVNlcmlm
LUJvbGQKICAgL0ZvbnRGYW1pbHkgKERlamFWdSBTZXJpZikKICAgL0ZsYWdzIDMyCiAgIC9Gb250
QkJveCBbIC04MzUgLTM4OSAxODU0IDExNDUgXQogICAvSXRhbGljQW5nbGUgMAogICAvQXNjZW50
IDkzOAogICAvRGVzY2VudCAtMjM1CiAgIC9DYXBIZWlnaHQgMTE0NQogICAvU3RlbVYgODAKICAg
L1N0ZW1IIDgwCiAgIC9Gb250RmlsZTIgMTkgMCBSCj4+CmVuZG9iago4IDAgb2JqCjw8IC9UeXBl
IC9Gb250CiAgIC9TdWJ0eXBlIC9UcnVlVHlwZQogICAvQmFzZUZvbnQgL0tNU0xSRCtEZWphVnVT
ZXJpZi1Cb2xkCiAgIC9GaXJzdENoYXIgMzIKICAgL0xhc3RDaGFyIDExOAogICAvRm9udERlc2Ny
aXB0b3IgMjMgMCBSCiAgIC9FbmNvZGluZyAvV2luQW5zaUVuY29kaW5nCiAgIC9XaWR0aHMgWyAz
NDggMCAwIDAgMCAwIDAgMCAwIDAgMCAwIDAgMCAwIDAgMCAwIDAgMCAwIDAgMCAwIDAgMCAwIDAg
MCAwIDAgMCAwIDc3NSAwIDc5NSA4NjcgNzYyIDcwOSAwIDAgNDY3IDAgMCA3MDMgMCA5MTQgODcx
IDc1MSAwIDgzMSA3MjIgNzQ0IDAgNzc1IDAgMCAwIDAgMCAwIDAgMCAwIDAgNjQ3IDY5OSA2MDgg
Njk5IDYzNiAwIDY5OSA3MjcgMzc5IDAgMCAzNzkgMTA1OCA3MjcgNjY2IDY5OSA2OTkgNTI2IDU2
MiA0NjEgNzI3IDU4MSBdCiAgICAvVG9Vbmljb2RlIDIxIDAgUgo+PgplbmRvYmoKMjQgMCBvYmoK
PDwgL0xlbmd0aCAyNSAwIFIKICAgL0ZpbHRlciAvRmxhdGVEZWNvZGUKICAgL0xlbmd0aDEgODEw
MAo+PgpzdHJlYW0KeJzdWXtYVNe13/uss2eYF3PmxcDwmBleIzDAOIhKRHNUNIlEYtRaJSFiBETQ
gMEnSMQYxQeCrwAmRImxpjWJjsak1CcaYmISS9uYGJs0TSuJsZdw05abGgqHu84MqL19fPf77h/3
fnf2tzn77L3P3uvx+621txJKCFGTGgLEsXDpgvJPd+3zEmIuJoTLXbhyuaMh7ZVeQkI6CKF7isoX
Lb1R80dsh87Fr7YtWrKm6PsbUVex/SohptPFhQsKDM/edxzHu7BvdDF2GB2adwgJi8D32OKly1c/
XaJZie8ivpcvKVu4gNCQ0/juw/flSxesLucrWRohtlh8d5Q/WVi+Yo3iO3zPIoQ9RjhSJDXyRewg
SqskNlHLv0MU79AglsfxJLXjSvdIIlzpvtLtMRmchjinwVnEk/4KCO//UmpUBt/605OKBFxjnDSH
b+OziJbEkB+IbkoMkaDj99h0lfroqEqHeo+5zpbveFrfEmt3E6XNmu4MdkcKxKXzxAq93V5vl7e3
W+jCrbq7u/q7hR6v0CP0GKwZGZ4T6+J8cRzNoxZzSJp3dPqo+JhohSsm3WmZQNO8RouZi4mOdxnS
LM70NHpwd932nTu31+1uO0YXj365quPWrY6ql0cfGbh5jLt/cful33/2my/ee6P0UMF86b2+PunS
/AIpvLRUtsHgdX4Oym8m4SRHjOKCLJUkaC9r0IY2kOeNddr8iCCVxUbCqU2fGCFLjCb5AMVFYbsF
qUvoMWZ4RKMjUoxcFwmdpJN2cp2WznCWh4I7A5KPSQumMdEkfRRJ8xJlCrYVSn5O/40D+9Y8b9/j
/ub8TelLGvL7P1LuimLn5nW7BI4EXf10XfVRH02T+uko6eqxk2fO/gydSCiZRgh8iPKGkmfF6CCV
iVGirzQQFlKnU1UaWjTqIC6ZCG5jkEvrDvaECb1d3d6uK91Cx0iS2tPjlS5eRANfNGQYUOyxAhGo
wAkg8AITLEKIYBVCU20iEanIiSDyIsuyiCGiVQy14NacPNlBHZxCVi7bZ5k99wwJG2zHoTAs4ljD
mLHzqCHGr6El4BjDsL9C4MMSlpO9eedHA5cP+Wjx6MOVyQv5BOm7h3JO+yRbSQnMXnymrDRY1rFi
8DocRx0TyDVxYkw0F+ucoNVE2blIxwSNVjNdo3U4+RD6ImllDa6QFy2ttgZjnSs/0aHROiODrMmW
yAn6IJdlaiyXrCdTEoXeju4rXd1+XBkz8BfwHsKu5zsZaZ7sWXOVQvA32FT6/86LPu5IojRPnOuy
uxwupyvaFZOrztXkanN1ufZcR64zN3puzCb7Jscm56boTTGN9kZHo7MxujHmkP2Q45DzUPShmEgx
aV3SUfNRy9GQo9ajoUfDzpnPWc6FnLOeCz0XFpxH8sakp0XRAKxTaQpNHzUabWS1DBnPHGKnUQh8
BUK8ooTfvnXt0/P3btxS9fGZ2ScXlvCbVyxflVu7q2njjfcXdYy7tWpl3rypc0Ymu58p2nXInfj1
ouUzZ05+ODE5dXtZ02tuGTcBnJegTTXESpJEE2nQKhpkeIeCzZKlQnCHIrh7uwO2EXo8JxxhZWHI
vrhh5qFM1mEQW8yEK97T1LRnT1Pz7q+lr2jYzZs0TLox9Q9dXTdvdnX9YSEiV6Je6eeSJF0exi3f
g/tHknIxRakz23ig1o1qqGQt4cZgoJXqOoEYxpsi3Aq92+TS3cO7bQoXcXOeqACGe7u7hC45UqRm
9vRYvf1+d6L33ky1r7P77HAHklF+SEZhCUAy7W4YDuMyoBO+zJbRmPbSEt+hgxK/P39NzabWEphZ
embJE+99PHCxpIQjb+089Toi9I4dt6EeajKCPCWmhjs1YUTQ0sqw3UENJmd9zPaohvg6U762MpgL
Y8SZHK1z2/TEpWG26JDEBD8W5agXwKLMyS6p57uv/FDMQFLK0SRWSCxLXD2iPZGvHNFO27l26OA7
WIeiw9IR0mFtD20Pa7fpZAqmB9yCKDL5tZLDTLyMJGfAZcqY9AD1Ur/Zsmnz8ortbQelg+NbS4/9
ouca5XZvfOJpYX7+G3N+c4Pm/G5lZdnT9fT0wK9KKqZNPd36ozcfWLOx4PGrCQmfBuJOLr3K5XIV
mCuENzjCU8IL/jh45QOPyWlx5nJEIlxFi3+ubKNItJGNpIs2stfaALom7bOGBlUd5IcHJ2ttxGxT
JIYj4K58cGUIcv1yNPUcL4tA4tFAvBSITAnDbUrIoZSPdH3ukxFn+7rw3cJSy/YNzzY3Na6qt9F7
Dx9H0JFBOjLVI31bV3Pjq6++Xlst+2xwnJRBj7PriP0osliMjhKsWlBZQ8IbTCr0U4vpBXtocggB
RchovUvn1nrsiLh+OWj2yHmpv7tD6Pn4ovBz2WMIN0e+o9xxF9zsfrjZsQTgdqLCWhHKkTyTn9IB
DpsQfwZ/yzXM+8uTU1MmT/SkTk4+QoveeuX+DRPmK38w85EfsmUpWVkpqZMmSZWlf1128JTT+Wl+
btX6IQ4pH0O7eshPxIkOm0nHK5IIKCOFjeCqTGiJc4aaNUxZmQJ1MSEqEmZSj9dGux1Bbq1Lca91
fJjL4jbdO8Kd6HDFuuM9I4dohZoOUQv1k9mV2eNFfknILy8GQ2SYqLnXO99b5t3h9XnZHb1H+vUe
iSWgt2hKVadqUq2poZ3qTk2ntTO03avKo/+YdX/3cpugfFz6j554+eAhiWvNL6ta3yoFDT05P1H3
Faw9BHNXrOr8pZ+ccS9tPXlcTh+ce39toCUnkpLyKpStD3NlL/sWubpajOALmIJBgYJNBwVPmWJx
EK0gKqWBJ5xGuNLR0S9nyG5vb4c/N8o5gf9GKfDfzItGhdWywhoi4qIaohlsDyischAHTVWlqnnZ
KBr/HL9RNPJc/xwn+p2lx6UZnBYaQ3npQ7pkK8VA/Ou3NnT3VQ7FlPXIl+0oZxiJI3liLLE5CsG0
xLjGWqgHW6FqsT4/3qw2EkUM01oiFcYQhSZedl5vdwCh6D9EqOwwOamH26mds4OdtzN7lN1ud9id
9uiJponmiRbdMLP8QdwgEOdtPBrpMMUwdMDZyUeWfi4NUuvNAaqXzkqfPXTkkXLd00svnJXO1jc1
1dc3NXMvZE+j2q+vU4NUKx2QVkszo6JuFS6hcXx054ULv7h05p2PUTcgW4Z0k/NOKpkgRseGQqFF
VRilL0xcHJXviQ3VGplLy5KJItyiULicGo8cJDE0dMv6ZAT0QwL2IPnocCZCOeGutlLOlXxMdCwG
vzHDyRSZByf379ixX64JW9dWbdtWtXbrksNnpe9u/UX6j7OvNL1469q1Wy/S5tZjx1pfPHYMVm5u
bt68pbn5kvXy/l9dv/6r/Zet4Uc3n+jsPLH5qMy/FtRlHeqSSKaLSarIQrtpubHQWmjXJywnhfGF
gI5KckSpImMS1CRGobAptGY1MXJJgag/pNCwShjwLvqdluExBThiVgT0cPqPtcOngySafvv0q4x5
Z8XVxz797nBL2/vSDenWit8+Ua4+sm/vsTd9871Hj+6orX1WV84a3Slnflz7hsN29ZVf/tabRqN3
7Dn2nO+Nop27NmyreQrxViu1KMvYAYTzdLJUHDdpYvYUV06slmRPGRELuimVquxKfaUIa2Mrk1Rr
QyuTxuS4RhiD7w9XTNSS8OAIY+R4RURU+PiRXA5qJgfugR6vdzijIZf8XZilhZ4O7JO7hx6euNsp
CiM7sn4C+ireFR8r66bgLGajNYSXw7xVIXvTFc+ljzKOGR2b5uWtaBqBMEi/y+0seNzuvKO//vXR
vN3jWg6fzppcInW+nuub894XBfOX0qTX1n+Rn75E6nnpp9Lr1es3bqpZR+dd+JguWPVgjnQSU0hD
xZrazZVP1t+aOaPv0qXvZ8ys7++P6ztddnH2xu3xrjyp9i8vSzcWrap+8MGpeXkbq9bR+8600anr
ntp8qOXxr9ZKvdIloA2Lq58/um//0Rf8ZwMpg7+O8dlO3KRITHMTPTUJEQ5IIJWRCXtMQfuU2gY+
Zk8Yng/4FyJbklXJyii3I0LvIunxNuWYkMTkAK3954M7V6LPvxq6E6EF5fOBiqQIKetSfCk8BuO/
zSrj/QSXreY3MAadu8yVzqf131zcPjffuKn6QJN8Sfr+1tt4SaLFUvPuuvqdO+vrdsPp/ke+/D4+
/rfF+T/taCiYT8f09dHR8wsOlUp159774jef/f5Suz9mYS7i8v051UIeEK2gMlaaWwRMp5hHMYe6
THq3wROC+njlTOoPrf2Y7j3HG6z0Tg4J8YfLECyBcPk3OfN2YnhHTpWTUlMn/9uRgT/4MAvczpF/
HVEiH9ZwjXEoz0yFmaiIKBoVlUHLeFLJUTdxKcHNPOqAIENioBCau4RQ+4VQYwkIEXd7Y3pQvkDi
jbKkpISJJXIMOD94nb5PelDvsSd0CkK0wpX+jmyf6eG5J9R4b+MzM4XMzHkjyQlYoMrX4hEnMMYo
aJSBMc+Yu5Q8/2DGmJycMRkPFo/NyRk7Jme6vMc1vJ9/ynjcwynqiRKeVFEWxBMtp1bgdpkd/Zly
rrqSiU8PxcziNMQY5EQDh7mRA52tA53cSMYPdB6QGwe4kf4z2RGMXWvYR4jN18Q4UESuthUqhOX6
QnOhQktXkce1+Y5IA6eOIlaFKsqg1nMOlL3jipxZDMNB2B+vpC7EIJpONVtOeY9k+/SzH0EjOvxG
xIQ4fA/M9hlxhikw6M+cDnlSIHPG60HP65leoVfqg/Rheps+XB+hj9RHafVIGjxL0VSSShV4T6Ko
nRwe5TvH3wZGfzw08IqB2aO2zfkTDZW+HCSLPlm2TPXS7n2Hf7I/d0v6HPbRQWl2bKzU+/U30l/k
SFjf+Iu3LnSKk7keGcO1aJOGodwUg3eiQq2i0LhYvhMhY1QKvebOnUhOQZ44r9EgcMgvg2DEu5BB
GEqj3La9zc175fpn6d+p4c+9VJC+nUpn0Fl0Np0h+aRXpdck30LaTJ+gZbRZKpZ2SrukYr9fXsV7
0Qb0SxB5UowEkK/ZQCmZjoBZpXycAkeB8Gqi4FRyFsEggJ7v7R46oQjsG7n6jygqGcoqvxdUMgvu
eEHu9ztAJY8HzqhWGgpcngrPJE4LgoffMND2LJc8kLMCrrKyvp1sZBt91C/fNpQvB20UgTnPqTUT
vY4s5wpshWyxbpXBrNNaiZpaFUHBaoEaNZEo451EJ99uvpMhg0cq+RQ5VT1VM1U71TzVIp8iY/xu
5S1mqlBSmW/OdOpPB+hXqigvvVZ8kwZLPw/VSrVc2Yr+8fTtxpoXtja08MuoOiPz9xc+lTqtONYm
HVxKOxr/urXpcL3s03tRXh/KyxED2S/GcQUqtYoWqNWq6VStJRXBaK8K9WLggngFMehArwnijEIv
kkpmlYz01K7+zCuZ3d5hE/NDJj6eqsKY8aZD5dA5giFw4Mv2aWUG6O7QwOh3gBHL0KE4VENtdCx9
gPIKLoQboR7NjVXfx92vVsrYNqiGNU/z0ziNe1/i4M2Bud8OLOfqL9JI6fq3tA9s/V9JihIatxR6
+9Wl0tCNTMYKxh/Cczn4jCIC9gSTdXgDmkUX0NX0KbqLu8h95oh3eBz3OF51Rg8Oyv8OSFrpTJqP
49VD4yYcz7g9/s9/8pX6M/ocbaH7sLQOlYtY3qXv+sf/0S8EqwpzBCGhRIc3QoGEI9sInnX1KO3d
P8O/3P2/8wsi8r++yqdOgg4gxITMJsSMNlISBSICoUHY/3iX/+c/qiYVaKs28j6WD7H1ICkhy0gt
acX2l6TK33+eD5IL9lxj8twPSRtNwHmcXDB2y0w8i+uk4diXOL8I31vJ4/7xPrjsL8/BZW4VRrsZ
2Jrh/6KVtME4nofLger/6n0ynpwkh+U2u0wacd5MchXLJFx9GjlNrtEN5CD9iFST7aSClxWIpGqM
pyVYHmcf+cu35FH/znJfCfsITwmtpAT1PI2rHwz00wQ6E/KhiM5FDTl6GO7H3o2khM/H4vKXLL9+
AR04rgr3H9KXXOYe5RJ4Fz2M+8h7XMb1D5PxKG8RSno/Vk6WH26SVtCihGHsPJmmnIaJV6GsJrNx
tArS6HOKSJJPqmE2rpCDfdtJDr2KuyCA31QwHjMBcTsEHxf3QIFPfHiu4915zmT3f3l1CEqHj8zw
6dY42gYHZ8zlw9k8H4vwQVyQj4+L+d0/G/xdsjt7xlyH79KUrKFVp+RnYd+sudiU37Ab+6dkJQd4
zj3W1v75xcb5+sz/IPYgP24+vJbzx+Hn958M3CN8EvQFCXAyEBnwr3KpFIlEj/z+k/5y4ZO/ixgR
PFqMw4zD7GQcf5oUwYdkGh+Ofv0lKWIubL+N4ydILl+Fz6rBccpGMo1ZSR/W9Vi3YG3BDWvx+yKu
gUzDOg7XO684gTi1kiNYa7G+inUb1nuH9s0KVIrwoSdQuWYMId0YLJagJKMIUbixzsX6NWrgQ5VQ
L9VmDDUFhGg8WG8RokMEB2di/YAQPX6jxzX03YGgZngGw1Es1ivy/+v4tY7gVCSJNBOZQQLZi/GJ
8Br6Z3zn27ga8Yt3JLhogrc7YtnbBfC2yHfEwls6uHDexS4UwHkXtOfBuWo4rYFTGjj5MzM76YWf
maHNCz+V4E0J3pDgdQmOS3DMdx871ge+++CoBEeq4TUJXg2GVw5r2StmOKyFn3jhxwXwchQc9MJL
BwrYSxIcKIAXG4PZi3HQulrNWuNgfzbsE+CFFGjZHMVaJHj+OYE9HwnPCbC3OZjtjYNmnNccDM0i
34QfNpmhqYZvDIZGkX82DvY842F7JNi9y8R2x8GunTq2ywS72qgoqvidO9Rspw52tlEiPsDvUMOO
dr6hrJo1nIL69RpWb4B6kd+Ore33QN22U6xOgm1b89i2U7Ctht+6JY5tzYOtIr8F5doSB5trDWxz
FGxuG2wXB/laA2zErTcWwDMe2BACTzfCeg3UFBSwGgnWLRHYujB4qjqYPeWF6mBYW6Vna01QpYfK
RlhjgNVqWLXSwVb1wcoVEWylA1ZEwHL8aHkUVEjwpATLynVsmQTlOigX+bJqeGLpBPZEKSydAEtK
tWyJAEtq+FItlIp8CW5Z0geLi0+xxRIUL8pjxaeguIZfVBTHFuXBIpEvioNCnFTYBwUFsNACj0uw
QIL8+SksX4L5KfCYBHkSPJoNj1RDrgTzsmCuBD+UYM4p+IEEswpgphke9sKMh/RsRjU8pIecieIk
eFAD0wrggegg9kAj3O+F+0Bg95lgqhGmcGo2JQyyJptYVilMniSwySaYNFHDJgkwUVSxiRoQVSDK
dpzF39sIE/hkNmE6jM80s/HZkDlOzTLNkCny49RwT4aR3ZMHGWMNLMMIYw0wRgejJbykm1m6BKPS
TGyUGdK8apZmAu9IFfOqwRvwz0gVeFJDmScLUlMsLDUUUtv5lCg1S7FASg2frCpgyY3gTjIzdzYk
oRJJZkgS+UQUPbEAEkZ4WMJEGIGCjfCACx8uCeLvgThdKIvLg9gYI4udBTH4WYwRYkQ+OgicjlDm
zAOH3cAcoeBo5+24md0A9ho+Sg1RIh8ZAxF6CI8FW5iH2WZBGK4a5oFQCay4qVWCEAEsZjOzlILZ
ZGJmM5hF3mQCI84zngIDmtcggYAPYRLoUX59IwTjWLAEOlxAFwo6kddKoMEXjTi2FNQ4R10NqgII
UhpYkBmUBlAwL1NUA8PvmBd4XIxPBlyUUwOdBUQC2kYLNm6nSf9nf+R/W4B/+cPs858n+DXoCmVu
ZHN0cmVhbQplbmRvYmoKMjUgMCBvYmoKICAgNTc5OQplbmRvYmoKMjYgMCBvYmoKPDwgL0xlbmd0
aCAyNyAwIFIKICAgL0ZpbHRlciAvRmxhdGVEZWNvZGUKPj4Kc3RyZWFtCnicXZLPboQgEMbvPAXH
7WGjgtXdxJg024uH/kltHwBhsCYVCboH374Ms9kmPSg/hvm+DDNkl+65c9PGs/ew6B42bidnAqzL
NWjgA4yTY4XgZtLbbZf+elaeZVHc7+sGc+fswpqGZx/xcN3Czg9PZhnggXHOs7dgIExu5IevS0+h
/ur9D8zgNp6ztuUGbLR7Uf5VzcCzJD52Jp5P236Msr+Mz90DF2lfUEl6MbB6pSEoNwJr8rzljbUt
A2f+nYmaJIPV3yqwRmBqnseFNTVxjVw9Jo5LjAuKC2RJLDHHUo5FBmJALoiLyMKQv8E4aaukVcQK
mXIqzJGklaiVZ+Iz8on4hEw+En1KqrlMNdfkUyOTtkJtpYk11kN1CqxTDMQDetJ9Jd5XkqdET0me
Ej0l9UFiH2RJXKYm37qJ7cZ3cZ+jvoYQR5geT5odTm1ycH9ffvGoSt8vmxWuDAplbmRzdHJlYW0K
ZW5kb2JqCjI3IDAgb2JqCiAgIDM0NQplbmRvYmoKMjggMCBvYmoKPDwgL1R5cGUgL0ZvbnREZXNj
cmlwdG9yCiAgIC9Gb250TmFtZSAvUUlDVkdFK0RlamFWdVNlcmlmCiAgIC9Gb250RmFtaWx5IChE
ZWphVnUgU2VyaWYpCiAgIC9GbGFncyAzMgogICAvRm9udEJCb3ggWyAtNzY5IC0zNDYgMjEwNSAx
MTA5IF0KICAgL0l0YWxpY0FuZ2xlIDAKICAgL0FzY2VudCA5MjgKICAgL0Rlc2NlbnQgLTIzNQog
ICAvQ2FwSGVpZ2h0IDExMDkKICAgL1N0ZW1WIDgwCiAgIC9TdGVtSCA4MAogICAvRm9udEZpbGUy
IDI0IDAgUgo+PgplbmRvYmoKOSAwIG9iago8PCAvVHlwZSAvRm9udAogICAvU3VidHlwZSAvVHJ1
ZVR5cGUKICAgL0Jhc2VGb250IC9RSUNWR0UrRGVqYVZ1U2VyaWYKICAgL0ZpcnN0Q2hhciAzMgog
ICAvTGFzdENoYXIgMTE1CiAgIC9Gb250RGVzY3JpcHRvciAyOCAwIFIKICAgL0VuY29kaW5nIC9X
aW5BbnNpRW5jb2RpbmcKICAgL1dpZHRocyBbIDMxNyAwIDAgMCAwIDAgMCAwIDAgMCAwIDgzNyAw
IDMzNyAzMTcgMCA2MzYgNjM2IDYzNiA2MzYgNjM2IDYzNiAwIDYzNiA2MzYgNjM2IDAgMCAwIDAg
MCAwIDEwMDAgMCAwIDAgMCAwIDAgMCAwIDAgMCAwIDAgMCAwIDAgMCAwIDAgMCAwIDAgMCAwIDAg
MCAwIDAgMCAwIDAgMCAwIDU5NiAwIDU2MCAwIDU5MSAwIDY0MCAwIDMxOSAzMTAgMCAzMTkgOTQ4
IDY0NCA2MDIgNjQwIDAgNDc4IDUxMyBdCiAgICAvVG9Vbmljb2RlIDI2IDAgUgo+PgplbmRvYmoK
MSAwIG9iago8PCAvVHlwZSAvUGFnZXMKICAgL0tpZHMgWyAyIDAgUiBdCiAgIC9Db3VudCAxCj4+
CmVuZG9iagoyOSAwIG9iago8PCAvVHlwZSAvT3V0bGluZXMKICAgL0ZpcnN0IDE4IDAgUgogICAv
TGFzdCAxOCAwIFIKICAgL0NvdW50IC0xCj4+CmVuZG9iagoxOCAwIG9iago8PCAvVGl0bGUgKERF
VEFMTEVTIERFIExBIFJFU0VSVkFDSU9OKQogICAvUGFyZW50IDI5IDAgUgogICAvRiAwCiAgIC9E
ZXN0IFsyIDAgUiAvWFlaIDc1IDc2MyAwXQo+PgplbmRvYmoKMzAgMCBvYmoKPDwgL05hbWVzIFsK
ICAgKGlkX0Flcm9saW5lYSkgWzIgMCBSIC9YWVogMjEwIDUyNyAwXQogICAoaWRfRW1haWwpIFsy
IDAgUiAvWFlaIDIxMCA2MDggMF0KICAgKGlkX0hvcmFFbnRyYWRhKSBbMiAwIFIgL1hZWiAyMTAg
NTU3IDBdCiAgIChpZF9Ib3JhU2FsaWRhKSBbMiAwIFIgL1hZWiAyMTAgNTQwIDBdCiAgIChpZF9O
b21icmUpIFsyIDAgUiAvWFlaIDIxMCA2NDMgMF0KICAgKGlkX1Bhc2Fwb3J0ZSkgWzIgMCBSIC9Y
WVogMjEwIDYyNSAwXQogICAoaWRfUGVyc29uYXMpIFsyIDAgUiAvWFlaIDIxMCA2MDIgMF0KICBd
Cj4+CmVuZG9iagozMSAwIG9iago8PCAvRGVzdHMgMzAgMCBSID4+CmVuZG9iagozMiAwIG9iago8
PCAvUHJvZHVjZXIgKGNhaXJvIDEuMTUuMTAgKGh0dHA6Ly9jYWlyb2dyYXBoaWNzLm9yZykpCiAg
IC9UaXRsZSAoUmVzZXJ2YWNpb24pCiAgIC9BdXRob3IgKCkKICAgL0tleXdvcmRzICgpCiAgIC9D
cmVhdGlvbkRhdGUgKEQ6MjAyMTAxMjgxOTM2MTdaKQo+PgplbmRvYmoKMzMgMCBvYmoKPDwgL1R5
cGUgL0NhdGFsb2cKICAgL1BhZ2VzIDEgMCBSCiAgIC9PdXRsaW5lcyAyOSAwIFIKICAgL05hbWVz
IDMxIDAgUgo+PgplbmRvYmoKeHJlZgowIDM0CjAwMDAwMDAwMDAgNjU1MzUgZiAKMDAwMDA1Nzk2
OSAwMDAwMCBuIAowMDAwMDAxMzg4IDAwMDAwIG4gCjAwMDAwMDAwMTUgMDAwMDAgbiAKMDAwMDAw
MDAxNSAwMDAwMCBuIAowMDAwMDAwNjU4IDAwMDAwIG4gCjAwMDAwMDAwMTUgMDAwMDAgbiAKMDAw
MDAwMDYzNiAwMDAwMCBuIAowMDAwMDUwNDI5IDAwMDAwIG4gCjAwMDAwNTc1MzEgMDAwMDAgbiAK
MDAwMDAwMTY1NSAwMDAwMCBuIAowMDAwMDAwODQ4IDAwMDAwIG4gCjAwMDAwMDExMDUgMDAwMDAg
biAKMDAwMDAwMTM1MiAwMDAwMCBuIAowMDAwMDAyMTE0IDAwMDAwIG4gCjAwMDAwMDIwOTEgMDAw
MDAgbiAKMDAwMDAwMjIxNyAwMDAwMCBuIAowMDAwMDQyOTUzIDAwMDAwIG4gCjAwMDAwNTgxMTgg
MDAwMDAgbiAKMDAwMDA0Mjk3OCAwMDAwMCBuIAowMDAwMDQ5NjQ2IDAwMDAwIG4gCjAwMDAwNDk2
NzAgMDAwMDAgbiAKMDAwMDA1MDEyOCAwMDAwMCBuIAowMDAwMDUwMTUxIDAwMDAwIG4gCjAwMDAw
NTA4OTIgMDAwMDAgbiAKMDAwMDA1Njc4NyAwMDAwMCBuIAowMDAwMDU2ODExIDAwMDAwIG4gCjAw
MDAwNTcyMzUgMDAwMDAgbiAKMDAwMDA1NzI1OCAwMDAwMCBuIAowMDAwMDU4MDM0IDAwMDAwIG4g
CjAwMDAwNTgyMzMgMDAwMDAgbiAKMDAwMDA1ODU1MCAwMDAwMCBuIAowMDAwMDU4NTg2IDAwMDAw
IG4gCjAwMDAwNTg3NTIgMDAwMDAgbiAKdHJhaWxlcgo8PCAvU2l6ZSAzNAogICAvUm9vdCAzMyAw
IFIKICAgL0luZm8gMzIgMCBSCj4+CnN0YXJ0eHJlZgo1ODg0MgolJUVPRgo=

--===============2798069253822106817==--

-------------------------------------------------------------------------------
