Content-Type: multipart/mixed; boundary="===============5303661841158116391=="
MIME-Version: 1.0
Subject: =?utf-8?q?Hotel_Real_-_Confirmaci=C3=B3n_de_Reservaci=C3=B3n?=
From: reservaenrealnicaragua@gmail.com
To: justo@becerra.com
Date: Sun, 09 May 2021 20:44:27 -0000
Message-ID: <162059306729.26762.3899017551650581308@localhost>

--===============5303661841158116391==
Content-Type: text/html; charset="utf-8"
MIME-Version: 1.0
Content-Transfer-Encoding: 7bit

Pronto nos pondremos en contacto con usted. recibimos su solicitud para RealNicaragua
--===============5303661841158116391==
Content-Type: application/pdf
MIME-Version: 1.0
Content-Transfer-Encoding: base64
Content-Disposition: attachment;
 filename="justo@becerra.com_1234567_2021-05-09 20:44:23.369642.pdf"

JVBERi0xLjUKJbXtrvsKNCAwIG9iago8PCAvTGVuZ3RoIDUgMCBSCiAgIC9GaWx0ZXIgL0ZsYXRl
RGVjb2RlCj4+CnN0cmVhbQp4nLVXXZPaxhJ951f0Qx5ElRlrZvTpNy3INikWbRDr5NaSh1lpFpQI
CUvIZfvXp1sClgV5b5Jbd7cKhKTp6T59+nQPBxP/Rxw/PItDsh18HvwCnwfSZrbngCOYsIELj0kp
wLKYcCVUGn6FYmAy1xfcdsFkvuM5gi48IW3hQ7WGt8qEdT0g67Zvt8Zx3VNr/GDVdJgtJFguWnJd
4A7zufds3aE/Mupavinw2yHr8m8a93zmmPb/xzgaZsLzT8ZdZv/Pls02Ec8v3SwHwuqSg99tOmxf
eogaouxI4XFYbgdvn0bmyAS8fho8GIswDhdD6Rifhq5rBMPflz+jQ8J1HcfHHDPuWh5iskwHRvR+
Op4Gs+HyjwG3mGWa3HIOVDj95D5eWtwy8VKYzLQcz7Vp1wfjbuhKI/gQwV20gGASzoL5cmhbRjCJ
2l25OBgTRwpZDnO5SRF0bvOj28ZYpQqSPNPFXsNOrRXoAsbNowLy7mWEP3H0w4T7eALzCBZheHsz
HHHPiGZxcDMLY2h3D5cDAkm4lo34m65nSY5YspacFoGM6J65iIFh2jBOce3naXMjns7JoZGUaNv1
5CWk4+hmEcEkhHF0O42nKynkHMLflouAlpFPxxS/3F04DprBEsLkOui3iYm2rlCClUAYj5b+SXTC
w9fRY+6/Zj/OIFFFonP1BnROeSihKEHXSFG9fSzzWj3m+vVIbKoyW3LK93+JpEPSZZ7PfVQOQrJL
ACEZIw90tc32SIREbR+zsoYUC0UnG1W/gVqvV9IVBeQK0qzelUX2mOVZqlIGrxIa92UOb2tHmJKh
rPnI7asyim5elNF4Gs3DuJ/WQvikgj7WF5ox4jIvib2bst7pVP2B6O1UhexGNhdl/e5A6BMWAoVj
JM5JFOaQlPW+pHiLRtd7XL1XVfakKBV487ImjJ+E+a4riUvrBnyFTbOSNidvYFdWmNFkoxm9aL7E
/MGYFknefNPv4OPR+Te4X62+NUiDb5DoQjGIp+Ht3SIEIrVtG13NL8LbKEbid3pzaRer4W4WjMMF
hDN8KQ6pRmYwnk3D+TKEcA7j+6HkBipIBMEMPkbxXTgJfg5ZV8znwZovS+7BmN+HMfoSw3QeL8mj
YHbIF8QhHPTQpkR6uAHe+7DCRjY/8/QZ+sk0vovm05vZdBJcY9lR63LNDJlZZCvpcLzY6qKsuiw5
oA43Ebyk3GffVcF69OzDAcdpfIz1LHs9aTKWlSqQ8dVeJbStLGi3SiflGvkPCuoGVFVljyWoHJSu
yl2jq45Ot6pQ66bl0XBw4ckVsK849oBYkOzfY+aimJI2mRLmmDvE/C6aLFbS5PRw3tLEMrrMLPr5
Ef42RAEf3y/iLm99b/WE/Q1UndWoEEmmKLp1gw8sXlP55Yj7l6wtP3ySlNtdpWoEpA37MoVbXSUq
bZXun+WHwQSFfo5NcLKS3A5I+pHf42Aet21gFsV9GRx/pM7wPlxQrP9Czv1WeCxhsVa+xLV+Lak5
9/Nkjfy8oMYb+NxoyLrqh32ZInh1Uw8HfTWiPzfZrtM1VJPXuwH3cC5qm4ElcX7sOtBlU22Kg97p
ryR16ORzi/9BDY5c5lsmN60LYIMcNirRFbUFDFNXX06xJzRinElhqh81fuzKOkNxbWNRKba+Yk9M
aIozojzbz7aEp37pYwterSGn+2mT0FeOKO4RY3wxV3WnucTLPgE5aHyNCahxDXpcFrpmsDL+Vau3
TGZhN/JcwB3wkh8mtheYhwRI3WoCDlHjjU7+zIo1FQ66/rHc65x6bAs1F0xanjTdS33YZbrC9bjg
CAtNbmlJtcxOQ9iPBh6boVsWjpc2p3mhZ0QYXhXjqB0uPCnlRctcUFrXGarvodpRCesr7ryDcItO
f1fkc4pLbGzLZYHJfu5yT1QQuqUDzh91iR2vr4L/02pM25dTPWrTi2ZU2yL7bECQ6m0nTuSgeiKH
DzNBL9OEtXnrpqy3AbRj4KTBSaibCJefuu8gw6OEwojSjDhEPO7uV3sKNmnybohStS5hXal9Vh9e
oBvt1U3Xs/pcwoRX2ZeT0TG2kvwgAgnNhSdfUiICllGO+OywoI5eUgMu6e5h10W5Ux0aW3UuNWc7
tu/dDS3bUDvM2SZbZwRckSUHL07PdHU0O96o7Y6Gw+5nWCSb5kkjkoMDJemoxU2BpYEjnMRZH49x
EnkI8nSuxcMv3WjZine7t9tCwmMULfCd9qDcHdTg7VcPJuXglx+d4q5mRseTx3n8sjLHx/S1nSvv
E4wN1WfvHInHcM8Xtteh9ytVYvY+w0a5/NTbU0/J66NZrNdNRSN130M8kG7Kqiuy64XVFwqh7xmR
I6uTrFCtuKDDpmvbeP6SePziVue6cTro4HKbebaw8ah1+eAFJucPJLNN4cu/fZ8EznfM6x0EZ1Yn
Nz1L8Aghrvfuf0CsG/wFpINVjgplbmRzdHJlYW0KZW5kb2JqCjUgMCBvYmoKICAgMTgyNgplbmRv
YmoKMyAwIG9iago8PAogICAvRXh0R1N0YXRlIDw8CiAgICAgIC9hMCA8PCAvQ0EgMSAvY2EgMSA+
PgogICA+PgogICAvWE9iamVjdCA8PCAveDggOCAwIFIgPj4KICAgL0ZvbnQgPDwKICAgICAgL2Yt
MC0wIDYgMCBSCiAgICAgIC9mLTEtMCA3IDAgUgogICA+Pgo+PgplbmRvYmoKMiAwIG9iago8PCAv
VHlwZSAvUGFnZSAlIDEKICAgL1BhcmVudCAxIDAgUgogICAvTWVkaWFCb3ggWyAwIDAgNTk1IDg0
MSBdCiAgIC9Db250ZW50cyA0IDAgUgogICAvR3JvdXAgPDwKICAgICAgL1R5cGUgL0dyb3VwCiAg
ICAgIC9TIC9UcmFuc3BhcmVuY3kKICAgICAgL0kgdHJ1ZQogICAgICAvQ1MgL0RldmljZVJHQgog
ICA+PgogICAvUmVzb3VyY2VzIDMgMCBSCj4+CmVuZG9iago4IDAgb2JqCjw8IC9MZW5ndGggOSAw
IFIKICAgL1R5cGUgL1hPYmplY3QKICAgL1N1YnR5cGUgL0ltYWdlCiAgIC9XaWR0aCA0NgogICAv
SGVpZ2h0IDQ0CiAgIC9Db2xvclNwYWNlIC9EZXZpY2VSR0IKICAgL0ludGVycG9sYXRlIHRydWUK
ICAgL0JpdHNQZXJDb21wb25lbnQgOAogICAvRmlsdGVyIC9EQ1REZWNvZGUKPj4Kc3RyZWFtCv/Y
/+AAEEpGSUYAAQEAAAEAAQAA/9sAQwAGBAUGBQQGBgUGBwcGCAoQCgoJCQoUDg8MEBcUGBgXFBYW
Gh0lHxobIxwWFiAsICMmJykqKRkfLTAtKDAlKCko/9sAQwEHBwcKCAoTCgoTKBoWGigoKCgoKCgo
KCgoKCgoKCgoKCgoKCgoKCgoKCgoKCgoKCgoKCgoKCgoKCgoKCgoKCgo/8AAEQgALAAuAwEiAAIR
AQMRAf/EAB8AAAEFAQEBAQEBAAAAAAAAAAABAgMEBQYHCAkKC//EALUQAAIBAwMCBAMFBQQEAAAB
fQECAwAEEQUSITFBBhNRYQcicRQygZGhCCNCscEVUtHwJDNicoIJChYXGBkaJSYnKCkqNDU2Nzg5
OkNERUZHSElKU1RVVldYWVpjZGVmZ2hpanN0dXZ3eHl6g4SFhoeIiYqSk5SVlpeYmZqio6Slpqeo
qaqys7S1tre4ubrCw8TFxsfIycrS09TV1tfY2drh4uPk5ebn6Onq8fLz9PX29/j5+v/EAB8BAAMB
AQEBAQEBAQEAAAAAAAABAgMEBQYHCAkKC//EALURAAIBAgQEAwQHBQQEAAECdwABAgMRBAUhMQYS
QVEHYXETIjKBCBRCkaGxwQkjM1LwFWJy0QoWJDThJfEXGBkaJicoKSo1Njc4OTpDREVGR0hJSlNU
VVZXWFlaY2RlZmdoaWpzdHV2d3h5eoKDhIWGh4iJipKTlJWWl5iZmqKjpKWmp6ipqrKztLW2t7i5
usLDxMXGx8jJytLT1NXW19jZ2uLj5OXm5+jp6vLz9PX29/j5+v/aAAwDAQACEQMRAD8AX4J/C/Rf
G/hy61LWZrn7Qs+z5GAGNoPcV3n/AAorwR/z/wA3/f5P8KZ+y9CLj4eahCWZQ9wVypwR8orTf4K2
bOzf21qfJz/rzQBn/wDCivBH/P8Azf8Af5P8K5b4pfCLw94U8LNrGl3F0ZoHVl3MpU/MPQV3C/BS
zVgf7a1Tg5/15qT42aeunfCVrASPKkQSPe5yzDcOpoAt+Ffil4Tg8P6dBe6zGLpYlWQFW+9+Vej2
F3Bf2cN1aSCS3mUOjjowPevAvFngDw5afBdtUt9PjS+Fsj+cAN2Sw74r1X4Qf8kw8M/9eMf8qAPP
f2Y7c3Xw51KASNEZLgrvXqvyjkVff4JyM7N/wmeujJzjzX/+Lql+y/E0/wAO9RiSRo2e4IDr1X5R
zVl/hJrrOzDxjqAyc4+X/wCJoAevwTkDA/8ACaa8cH/nq/8A8XVr4zaf/ZXwlFj58lx5Hlp5shyz
/MOTVJfhHroYH/hMtQ4P+z/8TV34zWcun/CUWk9w1zLD5atK/VzuHJoAPG3/ACb+/wD16R/+hCuq
+EH/ACTDwz/14x/yrlfG3/Jv7/8AXpH/AOhCuq+EH/JMPDP/AF4x/wAqAPIfAOkfFDwHpVxYafoV
nPbtJ5peSVSemP73tVvw78S/iN4hvby10rRLCae0OJlJC7T+Le9e/wA4zBID3U/yr4a8Ua7qnhvx
1rq6LfXFqGnKt5bkZHHpQB9C/wBu/F7/AKFvT/8Av6v/AMXWJ4ut/in4s0k6ZqHh+zit5HUs6SoC
ACD/AHvavCf+FjeLP+g5e/8Af5v8aP8AhY3iz/oOXv8A3+b/ABoA+pfiVZSab8ELuznx5sNuiNj1
DCug+EH/ACTDwz/14x/yr4yv/GviLVbZrO/1a7mtpSA6NKxB5+tfafwtjWH4d+Ho0ztWzQDP0oA/
/9kKZW5kc3RyZWFtCmVuZG9iago5IDAgb2JqCiAgIDEzMTUKZW5kb2JqCjE3IDAgb2JqCjw8IC9M
ZW5ndGggMTggMCBSCiAgIC9GaWx0ZXIgL0ZsYXRlRGVjb2RlCj4+CnN0cmVhbQp4nJVWbW/bNhD+
rl9xHx1spvgqUkFRoHlBui7BkFTAPiT9QFuMw8yWHElut/36HSlXdjrFTWxYJu6Ozx2fO96JAcXv
lOHDSAbzVfKUXMNTknHCFTCTEaoUSE2J1ho0UdA4+BOqhJIsfDSgRuaU439muFACmgWklsKiTQK0
ylVExm33EZlGjzujkyJhfBsFhzz6zTQROc1wVayS9H7KphQYFPfJ5LNrvvq5r4+KxyTsICyTaAhF
mUxKNyZd+FVl236HJNywnDJgROAq4Jc7TBgHmNlmTHzi69YtNo0vbTmm/9130NrKd7YZD3ftmrau
7NL/a8tocF5EgkQuCRUMVBaoEJEQgSwP1KNJFEbOek2/R9AMydYhiz25kP7Ncjirk+tXUM85J8rw
4JpRSvLM6BH+PXTeVa6FdYOnrzrbQlvPMDK3BNd2drZ0c79Ck67+FdYbVwbTunJNN0quq2BeI8q8
q8MCPtYdAt04i2gVXNnKLjY2LFG65SieguQifMJhnp9CUUGwHIWUwJhEs5FD/KKowuNqPYZ4cwFD
bX9D1Sf8PSa3X1BKoUwYhSt4AhYd9k+ke+sVXWZEYH2tQGlGOFODZAmf4fonse9ngBsyfgOkkuaF
uP8X1hYQGFYJ1xgVV4Iwzr4L9oIaiaa3pbk8EE1MyhS9SJlzDrjaJfd2UhxpM7Grmb8TilXfywHz
3G6WeC9gaWF9JyRb+MrCNzc7hqMvxaefJ1nqnIjoCJiSZKxQH7pu3R6n6Wup2kIiHl47YUIGkbxs
J3hrAjNDjByrvoe6XbvSPrp2bRs738xsVbdkXq9STlmeMpZylj6EezBt8B5MV/0lmL456di0OQ1Z
V7kmMs8GyVuPYjjpm+UPJ6n8HE+Asb2a5SE2IwnTWahIg0NlJzhckdFWSMzGizH1BckMziuuTRYq
0giRGxnbzQUS7m3oSA12FLfwTbRHBDogfPyjOL+Em/MPl1vVAH47IfDhiJlJh+3NrvDhjuHCNa5C
UPgH3NPGr+MYCVXctzotDe3HTNfYmX0M6rf4RJd7s4Fn2FXwdnGpYtsPA1lIsj8agqifDEG+3aBx
CnOD2cdo5PMBweluQPAceduDV3H2PMdXu9ETHfRbDjlgr51ABseyih375ReAO47CYZYrLBl8eQn0
Dgoacr433vcVz2bPoEBy00tf/QXv3kF6dfrbGcbz/j2cnJ0m51enP+rYAR0/oBMHdHJfd538BwcW
MoIKZW5kc3RyZWFtCmVuZG9iagoxOCAwIG9iagogICA5MjQKZW5kb2JqCjE2IDAgb2JqCjw8CiAg
IC9FeHRHU3RhdGUgPDwKICAgICAgL2EwIDw8IC9DQSAxIC9jYSAxID4+CiAgID4+CiAgIC9YT2Jq
ZWN0IDw8IC94MTkgMTkgMCBSIC94MjAgMjAgMCBSIC94MjEgMjEgMCBSID4+CiAgIC9Gb250IDw8
CiAgICAgIC9mLTEtMCA3IDAgUgogICAgICAvZi0wLTAgNiAwIFIKICAgPj4KPj4KZW5kb2JqCjIy
IDAgb2JqCjw8IC9UeXBlIC9Bbm5vdAogICAvU3VidHlwZSAvTGluawogICAvU3RydWN0UGFyZW50
IDAKICAgL1F1YWRQb2ludHMgWyA1MDQgNzM3IDU3MSA3MzcgNTcxIDcyMyA1MDQgNzIzIF0KICAg
L1JlY3QgWyA1MDQgNzIzIDU3MSA3MzcgXQogICAvQSA8PAogICAgICAvVHlwZSAvQWN0aW9uCiAg
ICAgIC9TIC9VUkkKICAgICAgL1VSSSAodGVsOjUwNTIyNzc0NTQ4KQogICA+PgogICAvQlMgPDwg
L1cgMCA+Pj4+CmVuZG9iagoyMyAwIG9iago8PCAvVHlwZSAvQW5ub3QKICAgL1N1YnR5cGUgL0xp
bmsKICAgL1N0cnVjdFBhcmVudCAxCiAgIC9RdWFkUG9pbnRzIFsgMjIzIDcyMyAyNTQgNzIzIDI1
NCA3MDkgMjIzIDcwOSBdCiAgIC9SZWN0IFsgMjIzIDcwOSAyNTQgNzIzIF0KICAgL0EgPDwKICAg
ICAgL1R5cGUgL0FjdGlvbgogICAgICAvUyAvVVJJCiAgICAgIC9VUkkgKHRlbDo1MDUyMjc3NDU0
OCkKICAgPj4KICAgL0JTIDw8IC9XIDAgPj4+PgplbmRvYmoKMjQgMCBvYmoKPDwgL1R5cGUgL0Fu
bm90CiAgIC9TdWJ0eXBlIC9MaW5rCiAgIC9TdHJ1Y3RQYXJlbnQgMgogICAvUXVhZFBvaW50cyBb
IDQ3OSA2OTcgNTIyIDY5NyA1MjIgNjgzIDQ3OSA2ODMgXQogICAvUmVjdCBbIDQ3OSA2ODMgNTIy
IDY5NyBdCiAgIC9BIDw8CiAgICAgIC9UeXBlIC9BY3Rpb24KICAgICAgL1MgL1VSSQogICAgICAv
VVJJIChodHRwczovL2hvc3BlZGFqZXNwYXJhY3ViYW5vcy5jb20vMjAxOS8xMS8yMS9ob3RlbC1y
ZWFsLW1hbmFndWEtbmljYXJhZ3VhLykKICAgPj4KICAgL0JTIDw8IC9XIDAgPj4+PgplbmRvYmoK
MjUgMCBvYmoKPDwgL1R5cGUgL0Fubm90CiAgIC9TdWJ0eXBlIC9MaW5rCiAgIC9TdHJ1Y3RQYXJl
bnQgMwogICAvUXVhZFBvaW50cyBbIDIyMyA2ODMgNTk4IDY4MyA1OTggNjY5IDIyMyA2NjkgXQog
ICAvUmVjdCBbIDIyMyA2NjkgNTk4IDY4MyBdCiAgIC9BIDw8CiAgICAgIC9UeXBlIC9BY3Rpb24K
ICAgICAgL1MgL1VSSQogICAgICAvVVJJIChodHRwczovL2hvc3BlZGFqZXNwYXJhY3ViYW5vcy5j
b20vMjAxOS8xMS8yMS9ob3RlbC1yZWFsLW1hbmFndWEtbmljYXJhZ3VhLykKICAgPj4KICAgL0JT
IDw8IC9XIDAgPj4+PgplbmRvYmoKMjYgMCBvYmoKPDwgL1R5cGUgL0Fubm90CiAgIC9TdWJ0eXBl
IC9MaW5rCiAgIC9TdHJ1Y3RQYXJlbnQgNAogICAvUXVhZFBvaW50cyBbIDIyMyA2NjkgMjg4IDY2
OSAyODggNjU1IDIyMyA2NTUgXQogICAvUmVjdCBbIDIyMyA2NTUgMjg4IDY2OSBdCiAgIC9BIDw8
CiAgICAgIC9UeXBlIC9BY3Rpb24KICAgICAgL1MgL1VSSQogICAgICAvVVJJIChodHRwczovL2hv
c3BlZGFqZXNwYXJhY3ViYW5vcy5jb20vMjAxOS8xMS8yMS9ob3RlbC1yZWFsLW1hbmFndWEtbmlj
YXJhZ3VhLykKICAgPj4KICAgL0JTIDw8IC9XIDAgPj4+PgplbmRvYmoKMjcgMCBvYmoKWwogIDEx
IDAgUgogIDEyIDAgUgogIDEzIDAgUgogIDE0IDAgUgogIDE1IDAgUgpdCmVuZG9iagoxMCAwIG9i
ago8PCAvVHlwZSAvUGFnZSAlIDIKICAgL1BhcmVudCAxIDAgUgogICAvTWVkaWFCb3ggWyAwIDAg
NTk1IDg0MSBdCiAgIC9Db250ZW50cyAxNyAwIFIKICAgL0dyb3VwIDw8CiAgICAgIC9UeXBlIC9H
cm91cAogICAgICAvUyAvVHJhbnNwYXJlbmN5CiAgICAgIC9JIHRydWUKICAgICAgL0NTIC9EZXZp
Y2VSR0IKICAgPj4KICAgL1Jlc291cmNlcyAxNiAwIFIKICAgL1N0cnVjdFBhcmVudHMgNQogICAv
QW5ub3RzIFsgMjIgMCBSIDIzIDAgUiAyNCAwIFIgMjUgMCBSIDI2IDAgUiBdCj4+CmVuZG9iagox
OSAwIG9iago8PCAvTGVuZ3RoIDI4IDAgUgogICAvVHlwZSAvWE9iamVjdAogICAvU3VidHlwZSAv
SW1hZ2UKICAgL1dpZHRoIDQzCiAgIC9IZWlnaHQgNDEKICAgL0NvbG9yU3BhY2UgL0RldmljZVJH
QgogICAvSW50ZXJwb2xhdGUgdHJ1ZQogICAvQml0c1BlckNvbXBvbmVudCA4CiAgIC9GaWx0ZXIg
L0RDVERlY29kZQo+PgpzdHJlYW0K/9j/4AAQSkZJRgABAQAAAQABAAD/2wBDAAYEBQYFBAYGBQYH
BwYIChAKCgkJChQODwwQFxQYGBcUFhYaHSUfGhsjHBYWICwgIyYnKSopGR8tMC0oMCUoKSj/2wBD
AQcHBwoIChMKChMoGhYaKCgoKCgoKCgoKCgoKCgoKCgoKCgoKCgoKCgoKCgoKCgoKCgoKCgoKCgo
KCgoKCgoKCj/wAARCAApACsDASIAAhEBAxEB/8QAHwAAAQUBAQEBAQEAAAAAAAAAAAECAwQFBgcI
CQoL/8QAtRAAAgEDAwIEAwUFBAQAAAF9AQIDAAQRBRIhMUEGE1FhByJxFDKBkaEII0KxwRVS0fAk
M2JyggkKFhcYGRolJicoKSo0NTY3ODk6Q0RFRkdISUpTVFVWV1hZWmNkZWZnaGlqc3R1dnd4eXqD
hIWGh4iJipKTlJWWl5iZmqKjpKWmp6ipqrKztLW2t7i5usLDxMXGx8jJytLT1NXW19jZ2uHi4+Tl
5ufo6erx8vP09fb3+Pn6/8QAHwEAAwEBAQEBAQEBAQAAAAAAAAECAwQFBgcICQoL/8QAtREAAgEC
BAQDBAcFBAQAAQJ3AAECAxEEBSExBhJBUQdhcRMiMoEIFEKRobHBCSMzUvAVYnLRChYkNOEl8RcY
GRomJygpKjU2Nzg5OkNERUZHSElKU1RVVldYWVpjZGVmZ2hpanN0dXZ3eHl6goOEhYaHiImKkpOU
lZaXmJmaoqOkpaanqKmqsrO0tba3uLm6wsPExcbHyMnK0tPU1dbX2Nna4uPk5ebn6Onq8vP09fb3
+Pn6/9oADAMBAAIRAxEAPwD6C8f+NNM8FaK1/qb5Y5EUQPzSN6CvPNI/aI8MXNoz6jBdWc6jIjCm
TcfqBxU/7T9rYXPgEy3E8aXltIGgQn5mJIB/SvkW3hluJ0hgRpJXO1VUZJNAHQ+PvFE/irxXd6tI
xAd8xL/cUdP5V7v8OPjrouneDraz8RPcf2hap5Y2RlvMAHHPauD0T4A+KdS01bqaS2smYblhmJLH
8sivPvGHhPV/CWomz1m1aFjyj9VceoNAH1Z4A+NWi+LddfTDA9jKxxb+a+RJ+g59q9Wr41/ZttdN
n+IcUupzRo0EZkgDnGZMjH9a+ygQRkcigD8+vFWra5qeoOfENxdSXCnlJifl+gPSuv8A2d4LOf4n
2Av9u1EZ4t3/AD0BG2vcv2ldM0NfA017eW8S6jvVbd1ADE5GR+VfJml39zpd/Be2MrQ3MLB0deoI
oA/RevFf2qYLN/AcU0237ZHOohz1wSN36Vxmh/tIXdvpqxarpIubpVwJYn2A+5BzXlvxH+IOreOr
9JdRZY7aLPlQJwq+/wBaAORt5ZYJkkt3dJVOVZDgg+1ek6b4t+JIsYRazajJAF+RyC2R9aP2erbS
Lz4h28GtwpMrxkQK/QyZGP0zX2elvDGgRIo1UDAAUcUAcb8VvAVt480IWkkrQ3UJLwSZOA3uK8o0
j9mtDaMdX1phckfKLdflB98jNfR1FAH57+LdAufDfiG70q7U+bA+0HH3h2P617N8OfgND4h8KRan
rF9cWs9yu+KONR8oxwTkVgftGf8AJUV/4D/MV9U+D/8AkVtL/wCvdf5UAeT/AA2+BUfhfxIuq6nf
pdmBt1sseRg+rcDmvcKKKAP/2QplbmRzdHJlYW0KZW5kb2JqCjI4IDAgb2JqCiAgIDEyNTIKZW5k
b2JqCjIwIDAgb2JqCjw8IC9MZW5ndGggMjkgMCBSCiAgIC9UeXBlIC9YT2JqZWN0CiAgIC9TdWJ0
eXBlIC9JbWFnZQogICAvV2lkdGggNTAKICAgL0hlaWdodCA0NgogICAvQ29sb3JTcGFjZSAvRGV2
aWNlUkdCCiAgIC9JbnRlcnBvbGF0ZSB0cnVlCiAgIC9CaXRzUGVyQ29tcG9uZW50IDgKICAgL0Zp
bHRlciAvRENURGVjb2RlCj4+CnN0cmVhbQr/2P/gABBKRklGAAEBAAABAAEAAP/bAEMABgQFBgUE
BgYFBgcHBggKEAoKCQkKFA4PDBAXFBgYFxQWFhodJR8aGyMcFhYgLCAjJicpKikZHy0wLSgwJSgp
KP/bAEMBBwcHCggKEwoKEygaFhooKCgoKCgoKCgoKCgoKCgoKCgoKCgoKCgoKCgoKCgoKCgoKCgo
KCgoKCgoKCgoKCgoKP/AABEIAC4AMgMBIgACEQEDEQH/xAAfAAABBQEBAQEBAQAAAAAAAAAAAQID
BAUGBwgJCgv/xAC1EAACAQMDAgQDBQUEBAAAAX0BAgMABBEFEiExQQYTUWEHInEUMoGRoQgjQrHB
FVLR8CQzYnKCCQoWFxgZGiUmJygpKjQ1Njc4OTpDREVGR0hJSlNUVVZXWFlaY2RlZmdoaWpzdHV2
d3h5eoOEhYaHiImKkpOUlZaXmJmaoqOkpaanqKmqsrO0tba3uLm6wsPExcbHyMnK0tPU1dbX2Nna
4eLj5OXm5+jp6vHy8/T19vf4+fr/xAAfAQADAQEBAQEBAQEBAAAAAAAAAQIDBAUGBwgJCgv/xAC1
EQACAQIEBAMEBwUEBAABAncAAQIDEQQFITEGEkFRB2FxEyIygQgUQpGhscEJIzNS8BVictEKFiQ0
4SXxFxgZGiYnKCkqNTY3ODk6Q0RFRkdISUpTVFVWV1hZWmNkZWZnaGlqc3R1dnd4eXqCg4SFhoeI
iYqSk5SVlpeYmZqio6Slpqeoqaqys7S1tre4ubrCw8TFxsfIycrS09TV1tfY2dri4+Tl5ufo6ery
8/T19vf4+fr/2gAMAwEAAhEDEQA/APZvE2peINc8dv4W8N6omiwWVkl7fX4t1nmYyMyxxRq/yjhG
JYg9gKRvB3i1Rk/EvWMf9g6z/wDjdN0tnX41eMGiXc40awKr6nfcYFbvhHVrvVY7yDVolhuYmwY8
FTtI9D/Osp1FGSj1ZSjdXOasfD3iK/WRrP4papMI22tt0+z4P/fuotK0LxNqcRkt/iVrW3qN2m2Y
yM4z/q63PCYtdM8R6xpEIK8rIhY8kYGR+Ga2tHuIFW9ZAkcaOx4GAFBP+BrnjiJPlv53+Rbglexx
dloWv3t1PbWvxU1OWeA4lRdPs8r/AOQ6h8RP4t8AWUWv3XiuTxBpMM8Ud9Z3llDE4ikkVC8bxqp3
KWBwcgjNbnw5tLGdtU1u1jZHuriRBlsgIDkfn1riPixrmqal4Q8W28tun9lQPAkUyDjcLmIY3d+/
0q6de6jzbsUqdm7dD3KiiiuozPPdD/5Lh4s/7BGn/wDodxU3j6O40u8s9csDtkQ+VLjow6jPt1H5
VDof/JcPFn/YI0//ANDuK7DxBbQ3Wj3cVyrtEYySEHzcc8e/Fc+Jp+0ptLcunLllc8Z1/wAWJY6+
mvRo6qZIgy8cFsIQc9snGar3XjuCDwlDhbhP7RhkXzMDGFlCMeDnqwHHY5rYfwxoesRtbzLrcccZ
WYnylGSrAgdOecVb1X4a+HxpNrFNJqrJY+aImQLuUlhKzdOOVGD+HevGpUJSXNJ63Z2SnFNJHP2P
ii4tvC1voekh1uriVvMkHBG5sBV9z6103xX0xNH+BmoWSdYxbbj6t9ojJP55qj4FsfD83ia0+yLq
bTx7pE+0IoTIHU4rovj2P+LS63/vW3/pRFXdl0JW55u/RGOJkm7I9Dooor0zmPPNGZY/jt4mikYL
JNotjJGp6uqyzqxHsCQPxruNUErafci2z55jYR467scVyPj7w3p/ibUbKOWKWDUrRS0F/b3MlvPC
G6hXjIOD3B4rnv8AhWV5/wBDZ4p/8H11/wDFUpK6sCdhxtPGpHW7/wC/q/41oXtt4qOhWywm5+2b
P3mJFzn86zf+FZXn/Q2+Kf8AwfXX/wAVR/wrK7/6G3xT/wCD26/+Krzv7Oj/ADs6PrD7IueB7PxZ
D4hifWxc/YgjBt7qRnHHQ1b+PrL/AMKr1SLI8yea1iiXPLubmPCgdzWP/wAKyvP+ht8U/wDg9uv/
AIqrGmeBLPR9asNS1e51LW5raUNbHUtSnuRA/QOiuSu4euMjtXXQoqjHlTuZVJ87uep0UZorcg//
2QplbmRzdHJlYW0KZW5kb2JqCjI5IDAgb2JqCiAgIDE1NzEKZW5kb2JqCjIxIDAgb2JqCjw8IC9M
ZW5ndGggMzAgMCBSCiAgIC9UeXBlIC9YT2JqZWN0CiAgIC9TdWJ0eXBlIC9JbWFnZQogICAvV2lk
dGggNDcKICAgL0hlaWdodCA0NgogICAvQ29sb3JTcGFjZSAvRGV2aWNlUkdCCiAgIC9JbnRlcnBv
bGF0ZSB0cnVlCiAgIC9CaXRzUGVyQ29tcG9uZW50IDgKICAgL0ZpbHRlciAvRENURGVjb2RlCj4+
CnN0cmVhbQr/2P/gABBKRklGAAEBAAABAAEAAP/bAEMABgQFBgUEBgYFBgcHBggKEAoKCQkKFA4P
DBAXFBgYFxQWFhodJR8aGyMcFhYgLCAjJicpKikZHy0wLSgwJSgpKP/bAEMBBwcHCggKEwoKEyga
FhooKCgoKCgoKCgoKCgoKCgoKCgoKCgoKCgoKCgoKCgoKCgoKCgoKCgoKCgoKCgoKCgoKP/AABEI
AC4ALwMBIgACEQEDEQH/xAAfAAABBQEBAQEBAQAAAAAAAAAAAQIDBAUGBwgJCgv/xAC1EAACAQMD
AgQDBQUEBAAAAX0BAgMABBEFEiExQQYTUWEHInEUMoGRoQgjQrHBFVLR8CQzYnKCCQoWFxgZGiUm
JygpKjQ1Njc4OTpDREVGR0hJSlNUVVZXWFlaY2RlZmdoaWpzdHV2d3h5eoOEhYaHiImKkpOUlZaX
mJmaoqOkpaanqKmqsrO0tba3uLm6wsPExcbHyMnK0tPU1dbX2Nna4eLj5OXm5+jp6vHy8/T19vf4
+fr/xAAfAQADAQEBAQEBAQEBAAAAAAAAAQIDBAUGBwgJCgv/xAC1EQACAQIEBAMEBwUEBAABAncA
AQIDEQQFITEGEkFRB2FxEyIygQgUQpGhscEJIzNS8BVictEKFiQ04SXxFxgZGiYnKCkqNTY3ODk6
Q0RFRkdISUpTVFVWV1hZWmNkZWZnaGlqc3R1dnd4eXqCg4SFhoeIiYqSk5SVlpeYmZqio6Slpqeo
qaqys7S1tre4ubrCw8TFxsfIycrS09TV1tfY2dri4+Tl5ufo6ery8/T19vf4+fr/2gAMAwEAAhED
EQA/APRfjF411208VW/hrw3fLpm2zW+urxYllkId2RI0DgqPuMScE9MY5rhP7b8af9Dxq3/gPbf/
AButb4tf8lmuv+wLa/8Ao6eqFisKh57nDKg+WMHBY120aUJQu0fJ5rmGJpYp06c7JWGxal47mGYv
GessPUW1vj/0VT5r7x9DnzfGOsqB1P2a2/8AjdJNd3M44LLGvRI+FX8qZFcXUPzpJIqnjPODWvsY
djz/AO1cV/O/w/yI/wC2/Gn/AEPGrf8Afi2/+N16J8GPGetaprWpeHfEl0uoXFvbJeW96Ilid4yx
RkdVAXIIGCAMg+1cLcmG6tzOgWKdT86g8NnPIFa3wV/5KzqX/YEX/wBH1jWpxjC6R6WUY/EVsT7O
pO6aZV+LP/JZrr/sC2v/AKOnrFNbXxa/5LNdf9gW1/8AR09Z9nbLdJIqMfPUblXsw71rh/4aPPzt
XxsreX5Gn4eI/srWw7sieQhJUZx84p2p7B4V04RSO6G4l5YY7LxWRBd3FtFNDGxRZBtkXHX60kl3
O9pHbM+YEJZUwOCe9aW1ucarRUOVrWxB+NdJ8Ff+Ss6j/wBgRf8A0fWMbQR2fnXBZXc4jT1Hc1s/
BT/krGo/9gRf/R9ZYn4DvyJNYtX7MrfF0GP4zSbxjzdEtymf4ts0wbH0yPzFYqsVYFTgjuK9i+Jf
h3S/FsttZanZpI9rmSK5DvHLEW4Ox0IIBwMjODgccVw3/Cn9E/5+NT/8GNx/8XWNKtyRtY9XMcq+
sV3VU7X8jDN/5qgXUEczD+Pox/GlF9DGSbezjQ84Lktitv8A4VBof/Pxqn/gxuP/AIuj/hT+if8A
Pxqn/gxuP/i60+sLscX9iy/5+L7jmJ5ZJ5DJK5Zz3JrovgkDJ8VtXdBuSLRo0cjorNOSoPuQpP4V
L/wp/Q/+fjU//Bjcf/F16F8NND0zwvbXOm6VZRwB286SYMzyTN0y7sSxPpk8dqzq1ueNrHdlmV/V
q/tXO+nY/9kKZW5kc3RyZWFtCmVuZG9iagozMCAwIG9iagogICAxMzY4CmVuZG9iagozMiAwIG9i
ago8PCAvTGVuZ3RoIDMzIDAgUgogICAvRmlsdGVyIC9GbGF0ZURlY29kZQogICAvTGVuZ3RoMSAx
MzM4MAo+PgpzdHJlYW0KeJzVegl4FFW+7zl1qqq7q7q6q3pf0unudPYQEjo0EAikVUAEZBcThmgU
RASBxkikwZAgKAbEKCqbGCBm2ESJiMiIEBwj6rsq4wjjvozGmbljJqNzuV6FdHH/p7oToqPzvu9+
733ve6mcWs6pOnX+2++/VCOMEBJQAyIoMGfRTbFP/rRrEEI53yDEzJpTe2fgvq/3NSGUPxEh3Dov
duuiP9//bQdCBTCONtx6e3xezwD2EJwfhGdGz7/lprlm8ep9CA24G/qGzIcO81OGC3B9BK4z5y+6
c3k4YvoMrt+H687bl8y5CbGxBoQKX4Lrvyy6aXmMfYFdgdDAVrgOxO64JbZp5sPD4RreydUjBs1T
N7PzuFZYrQ55okb2DOLPYD23iGFRUcfZrkFIPtt1tqvYqgSVrKASnMeinhri7flK3awzff+PO/g8
mKMaIf4wdw55USZ6NDpOFAzEqPcTluj8LEvy9SxKI2xarbglZK211ygSW2vmdQGWI249cpCAGPIR
k5Hn3KZcYyDTbZNz04whS0aWfL4r3Bk+2yV3yqdOKRZnqeIstZQqsA1CRWXd4fB33WG121JKt+IJ
0yt0Mvc32uC2yozDyIxx1RFRZzYzVTgdO60l9iAZiAuwAieREiUUCQZYu43PKgkPiQzOLsBseeWK
wg+3qfbuMTfNHHkqgdrbyQzMYu8bic1rHtiy5YE1zAfS7OvV6jh+5YFrE5/E4+yX8XdO7Xg+uHXj
xs0gTsoHrg344ETXRwdKj4r2R6xirflRRfeIYROpVR7kaqybcC2SjRZTnt7C2ywOFuVahBCT4eql
9WwXnAB5XXDs6gHSu2XYFR+Z4l7iZnBVSXLhWksRoR2r29u5UesTD+B1jY1qnFnXSNem7npPDZ5M
9JxMtL6n7oL1rbv0JTeR+wblYV20PJTBZAb9RjHdz/gCftEo5ovGQJB14K3cKpTj2OpZZbeszInl
B0Rj0Kd3WuyMBemt9kGZPisyF+fL5zu6znZ2yd1yt2IphT/QlM7zHbDk02oXSCApEBMVhs7UK5IC
EEn0fj6d9+sycoVcMdeYK+Wacv25gdxgbkZuaLgwXBxuHC4NNw33Dw8MDw7PGB6qECrECmOFVGGq
8FcEKoIVGRWhhcJCcaFxobTQtNC/MLAwuDBjYeiAcEA8YDwgHTAd8B8IHAgeyDgQOiGcEE8YT0gn
TCf8JwIngicyToTKiwumFOwqaCtgq1DVUKUkHScVoAgPxJHBmcEw61RCA3Eog7fbHH7QHLuNDWZk
Ntf73m9/vGXxwc8/OoxzsLAGe7fW+zqef3TL/H/7/HfH1dfVdzapn4/DN+/bU3vHrLkFQ4e9duzT
/xowQD26venWeVU3DR46+OOXv/g6DHpy6TzYyzTQExNaHy01SYwxnSGMmC6IBA4gEpZj9QZG8HMc
my8So4EjuFaHaohkFAU9xxLGYEa8WT77JrAVdOV8WZczrPSZgDOsk/V/SzZ6BYzXGyjjPUTEol4w
8KJVsppkOSSFTAE5Kk+RRWAFtocwbJGgPWSAAz+tLvFWd+KtjcxLD+NH8Gaw7/iFVm52PN4TIp/E
AU2YS4BZ/ESgw4ws6IHoVItftsDSFT/Hiv7LJMiUOku6YgHqzCZGSidJgvMtRKyVJY06UqNDFkU2
9VEoWXlk7aOwrBMoPNvVz8wvk8mlyNRpvbSvMiMUKcGwUTsnQVJih528ggn/nSl5MDFm08rEmbrD
LD7zpzg3+0JrPI4HqWfiTIgZATShmZe+5HeBjYhgxUVRC1pl5FdZVhpjLpJlN2SZJWqpGix2ngfl
L44alrjr3e3uM24WV2WFgQYGDEuRLc4AUmQU1PZkZfuLL7afPH78pLpOnYGfxstxHB9Up8/GV+IJ
eCK+Uj2uvqAeU4/H8Q68ALYn1LnqY+pmdS6wOYUrjwCf7WhyNA9wZdOPMaU/pOQDnPCAKkyGQz7f
Ge7oKeuUu893U0jpBrzsVgFNVMATs9Pv/AU8KbFTNClpTGzFKwFN7v36x1jyaLx3TaQa1iSi0qhN
R2q5GgOsQ+Bz9SHt9Ub6+p5ODcvCgGnFUbNZKpai0hSpWopJDZKu7+32UPKdBJ06Rd8Vv+hLvgNk
wX0HsvCg8qgbPeRcRaQmZZXRsJLEvCaL0YNsWbzkpQJ5MyUSij9qV3FUKk5bkraMWele6dmZxuMq
zLNJUVw2byoksPyh3Hcj1LdVVb1PvQa/gFfciwO763Pe3v/h2bMfP3aiAB/48+d4N74Fz8O7o1eo
D790XG1Xn4Pt1J59fbKpAT5IaGTUIxqSnKAoD5wQLEbghR7w3QSLTLoyKohucFxyB+hOsVAsFhuL
JbY/L1J4DtxgJq5L8qOwS92Q9LPcO/AuGbnR+GiGUmt00deZ4G1G3u6ymCV7kcGcr0ghgyYDz2UV
oBitUJDW1CD8h+7io1O8MW+Dl/S9OgzekA1R+ZNel0iXMe0HnK1+8L3a/e23sXse374mRpf0t9de
/7tqjjNfPv3wQ0/1yoovAVmlo9HRoFGRas2KYZUNNZFVPs9KW8wPvh1ZfEarzGc5Jb9mREl2pKTW
/Yc/dAOGHZEDUwKgmLi/iDS15NnQZQlyqwt/3/6XD3738YyHRhxhPPvUZw+pDZoAG3bhIU+w6PSz
6qvq02qb+kp2Nt6+PPHKpIm4Gc/Ht+FmKkZqV8m4ZTvwUw+WNSzqNupqTTUCqjXosN2M2CyLZMhF
IZFakiY8JenmUvp85JCznZoQxA/U6sG1pYIKbZHMrg1//eD9rzckTrW3MyrehA+o16lL4ngAvhqP
wQUAO9SoGtQtYOf1lH+zYC0qrMWKVkULzX6djuf9smzOl3XYqCe1Alej4FoTMuTqLLmyCHsJRCxb
mAxbanWdECZ1JgOj72hwBKvtHxSBF9DpMKqKpkXtU+zz+Zh9Hd9g32nX6XQOXbZuqG6oPF/mq/q0
AfdqI42XZrW343fJvScZoV290LPoJF38xc/Ivji4BHZoz5XxJE45QT8/0/zBkqjXwGGRbNLVSKCd
rIUXLHpQgRDK5RlZPtvR2dMJ4u/W9BHgiS4WT2gzzpjQZprxqwlt8oxfVZxA8qVTMKsMW3SYMnRY
ZdQZVW5UqpUmtolr4pt0DfoGQ4PQIIpV1Ga01aYQDNecVm9t5F5fp859Lc6+24WXqRu6LhZq6yTo
qHqO/TPvhGi1AIXR/OgInbsgzNrwXZztLhcawNUG/FmuZSarLGX4YyVcLm8XrGKRPm2A30XMAs8I
YNRZQYnwAl8CcZAzTFVZdZadBaQFQ6M6HT5b1tHRFZZPd4dPU8HQiEgLNkZghcYZoNQlCkSlFIty
FNYBgahOCcEQNkHA4XBaR8FN2TmvLFeeeMj0w/v/+XE89tZNcXnb3Vj6MPHX+OIv8JTr5lw3J37L
/JtuH4FD963Fjw09+eSRMzyW1P/gC3LUb+5czagPjHjtyG/e4tV/YBMzgG0UZ4wcOzMtYRKvHz++
2p+UGeQS7KtgtwIaHvWyazmeI2t5nstnCa/HtfxKZNC5WMSIILOOng6QV2fXZdVi/0ZbZUYQmM5F
aH5gx27sUt/AdwGh7jh77NhjX1xojFNbAywflPKrGeBXlxn5ZUm/6rQbnGb7T/xqVniIImdDEKbI
jv6ulHljeWXlctrUc+pv8SiI5/PxKPW3FR+C7R/59EN1nHrNh8twEyzgLvyQGlMbYVsKdO659CUT
wtXw/mFHJJ5BRvlsT8eENvPUiiMCg/RsWZlcVlY5CB0hdxhi4Ly6kmMcJqIuOVY8dPCQkjCVVCgj
e09s0uRYbPKkWMukmHZKeTkWMPAt0H83mhTNNPJWNzI4INshqNbM1DhiHpLLgQ1Y5FwLzuVCaKCH
mu5ZMIUUDtI4Tn5bgxlwDuXend5D3nYvOIdkWAasADR0915oHMHsSYLan3n37adPMvp29X31SfXX
6h9omJawq//+2R+xnfkazpF6QP0EZ+PrkliNkH4lrNOFXo2Otqbr9DpLul6vs/t5HW+j0JNvt+iI
VSC1eq7GIRshQLOakM3K61in3pyrOHPtAI1KSAQIsgMEuXshKExVvTQVs3V0OzUk6ksGuL/1akwK
kPQ2GpaOEu1me7rOZXHZcy3T7TG7nuMFPW812uy8zeq3ZfPZumzrcNtMfopnnq3as4y/S1drrbXF
PA2enR4HhK4pyDLgZChBwQBCWTibefIkMx8fwAeZW9vbE+ikOiihlmjo1XMlOUnjjDhbc/HvrHJx
YxxwoToVl1u0THZaNNdorQ096KE+Ng1QzGOzGgO8JeRjrc6QIZBlBvLTrODdsy5nb0CsknK0mpvo
6SotPurPnpIdy77sabW8U5fMLPp8rdLf6S7DCracePGP36jPqo+raw7u2f3smqb2Yy+eaKKLP/ab
e3fY7KdbP/09mVe3+p7ai76tO3c1g2gvXUrGr7qFlmzEIyTr0FCuDi8DmQtAWwnN0XFedB5hGJwO
wkbpXgTiRn6M7A6728N4/Q6HHbyZOd1mt5nSJZMdDn6zCVRENDKSH7Qk327SIRZbzUair1WEGo+D
BvAu4nXbLbLZJIk6lsHI5DSkQfie1ARQ62SO4vzFJOWXEheZashg3uRBVlM+yjJxHMMR3mSUJUVv
s2Irb5XSzV6b1yv7snGBuUAuUPIsedYCm42mNBPaxBnUq4BHkejOpLmVNM2tpMGWciu2YQiPFEca
R8gjlMHuwZ5y32SfHp43JFMIw+WsSDtoncxR9Y1jie5juFEtbGT+1IqDOP0ZRn9MbcJ/3Zhw7mHK
1eHxODOCASepzsaQZiT+kojE4zTumAFYyLKjNSwsjFpRo5FvtDRTLBxlH2EYZQ5TMDyvgSGNjIqP
yu6ou9pNaIaRgkXqI/rD4sHYr2YtXTp79lL1z+rLuBxQ2AOw+PKMUxhIbX9ZVX+7FKCSxzqcp76n
/qBeUM8l8X8sLOg93oYMaFDUwrfoG1jUwuAIqA6JcFcIyShe0+YeiKtFv1gkVotNYpvI0dCnt5LC
lG9NLNmyBf8Qj8e50PIkjeyLQKMO2HxLNIMnSJBRi17eKTXa9HtIo6fZFvPJChqlLzXw5c6wj9oQ
jeSTVIM/hajVUgrutDiaUZ1en74z/Uw6247a+XZdu77d0C6cQWf4M7oz+jOGM4IRAhc8mDLGh7kg
MIeGjSV9IWMAkcikG341mfkokXX3+poHbXsKLqE/qV3qBxBnSliPPUzF7/fvecVyl/7tF1bc+fwB
gA8TdOeqb6R4xLUALT4Ujw7w2HSSE5MWzrlbaPZaTAS3cHtlpIy3po3jzREIGsayKOLhZeaK9CQu
nO8XmwEmqn0lk+KjyO8H4wPBgqoKM0A301EUXpiO0i+d0nTzaJG/yd/mJ335wShMfVAK5TSK6cVY
yvtoa91zL2xN3Lt6zHUL594TJ5H45htnvPtW4hzoYWTdbU88pYaSeVU5pQdk7kPLk/RgoAUoakiS
IzT/mByNGvYqjR7w/p0/oaeH0vM/JEf5JXKaGfQTckCtEnU/T08F6FohyCcPK9GrTBJjNk4NBgwC
oxenBoKB3rrW05zjaQ/XiA7meBrtBy3NWm0rqDf6GGeJnSlB+sn2TN9kZA4na1sdvbUtJVXc6uns
kv/U3RvM/XN5KyqJBlEQRdEoSqKJh1C7ob5gZ0F7Ackz5Al54gDjACnPNCQ0JlRpqBQqxUpjpVRp
qvRXBiqDlRmVoQWGBcICcYFxgbTAtMC/ILAguCBjQWi9Yb2wXlxvXC+tN60PrA+uz1gf2mbYJmwT
txm3SdtM2wLbgtsytoX2G/YL+8X9xv3SftP+wP7g/oz9oTKwin+qcNEY5ucqXNnVS02bV99ec81t
m3796DcXbji3eqmhseH2JdHpD7+zS72kfjvnUz/Ou6tuwtjoWE9W3rZ7nt7vD6rnFy0ec+WQUfas
yI4NR55KT+ZVRepMbizIw4hCaGm0ACPFJ7CtHqnFnJHeEhBabc3mvYHHPLFM/2CkG+UsC5oiPojy
pWGZ1GA0i0lGRFoJFHLlPg3r1atMTa8yUWZKr6IGOas8qz7rUBZbhZPmH9G0KavXZigOQNyWk1Q1
Ju/GBYsqKxctuFFt3oovFG6NfYk59eKXsa2FrYmbtzLjbntxT9tXXx3aczC+bvpUCDUvwnZ26nR1
XDyepJFi+HywISMKoonRrF4agTggsUFqgfCk2ezX6DJFpDIgM5xBUb2zp6xMw9NOjbY+0ykP1YcO
hajpJBeeJIKjqzWBqOjyk4KLBMmS6tsWV85adFs1vnmLqivcFvtCTWDyRWxbIdCCP4O1H/rqq7bk
2iHj5AD386dOxz0pXOaQhmW56IHooPRs5JcdJi4b+1tM2bv1jp3WRpe3GbfoYyYSMIVYR4mTiaSb
WeCe7BTDeZptUCElQQwoOd3ZrZ6maJ20FotWoy+ODvDnD7eV28sd5c5yV7m71DM5vz5fKLAXOYqc
9cZ6qd5Ub6731wfqg/UZIoVvpZfWbFDSESk26EIRkF6AxZE+nrDzt6r82IOLnzx0MfHiioYFNa6l
N765FPuwQW2+d86CaydPm8tsTHTF182YcujJ5w6Xr155/ZyvMjLOJj49d/stt8y9XZPfpflqKTMS
5CcCOoH8HF5rumx0PuUlBwzeRqvB2GLaa93nd5U40ATeYZaliPEKP8BfT0cybZVBem9SkgENSjUv
dcQfKKKVC2u/LMFKIU47y4k4k2Z4eMm0SbElk6fG8gCx//zHsvuvWcqMuPKa4dyMqUtiUyYvWawe
iF+c/eRemxVSvKtvWEnxbQTkaBNBZi50XTQLORS9wYo5c4vC7XY0S4YWZa8oDNYDgslXWfSyMWK6
wp0E6r56k+Zz5A4amlJ/Kvk9RZ5yz2TPjZ56D62O9cLB5U8jST/DTlzKT5l4530vJ8ZuaWHYwU/d
7a9kS9RXrpv+5vMq5BjgYk4sWWiga6T+fg2s0YPCUSdyNhJJaTQammmlroRW6kbx4f6Vuh5IJmW1
o/iwOQ0iPHC2vcWd/thEnTi7Jvvr/6V2qq/jwdiy5ItlMXnVHY/WrVi/cLUJTzz6HOQ0InXU+fnq
B+vWvP5f355pWK75hCLQ8w1sDuRit0VDDpkTjdbdeieIFe3Vx3ALcY1zsDITQWOliFkWh2mpGDXO
pG32lEHunjLNwxAzpzwajSdpBOnR4MeDPCn4OdLkbfMyP1JhzbslgQhO2fNbVL5cc2j4wpUVC+es
ZnN6piX9M1MQTzxyemHzQfxRClvo2seCbtoAW66OZgbtnOJKb9W7Wk2w8AbUYorpmy3eUWKZlYnY
FTDNYRl9wPnP0HK4PISpH+h1t71ICEvF/ZDS/tpPgFDl8YVelNS87wP9kXBdHM9LYeSLdM0vQX49
lHRpMW0gKhvuIOY77DFyn8vCM0bkks+W0e9acpeW3fe3EaXf+UtLJlHjmLyYHmOTJi0hhZNjSydN
Wrw48Uq/PLsR7OED7hvI0iqiBUarzSpgg2izWfOtRhGZjMi9jOFWGu+V6aXDqZcsZgUJmE8DJnVo
SVqqjneeKmEHzddSackb1J3DoTIDhxQNd2iihrXqUmRopiXJKWxavuLvKwBwytu+V6uZVxovtn2C
vS81NdY+yM7FV2Zl/fvvHv16t/r3NnX8+W2vYMsLTz/fpOVmWn1Ay83sqdysTcvNBl36kuzjlgLn
boj6nIKsRy0so0XKMZ7Z65J1CjZwMkHDIC8ANr55toNGyRAu93TKHX3FM5rqCJp6ujT1dCFXb9Q1
2X2ju95NqgCPgBIlaE+p5tCSpLL+2/bt+Gaco34wYHh0FPOY4YlTH+0gz8TxePVoPLFsw+iZs3at
bnxB083efEEEGkZEXQCXlhbbXpka1gQeUFK2miPKFY5k3nC2K5U5fKzlDs4iZ7Wzydnm5H4Mk7gP
dl6KTZ28hKIjXpNKKCguLoHOxReXaXhD+ajlT/w84KNH4+Mw+rWc+ja1lJsPGORHA9Cd0YEDAnJa
yIzzWq2oxac3NurYUKu72beX3WeNFRpKdOmRQJpZRmXZo3SOcCF1bOeTjq0v9DitdlA70krntCaT
phdcQq5QPpBFemRgQVKywSYE9AFDpmDQfJgWSeVEkjHXSNzfdQOo4n6uPcK+o76sfrLgw5ql5g2r
W9f1d+P4B1XX6+PJMz3Vn/9nMKjeNu+J1+L9Hfq6uLo95epf1DDPqz4DiX055HLBqJknLCxxjWBA
HEZEkCGg1UqTPR93UIVxjsIjMWRKjM47/2bs+82pV2f8bv1M/Sfqy4tSvJyp8dIBMdz0aH7IqbN6
Aq0CarFxAEKeVrnZtpc8JsQy2cFOKy/bAUrLfKOkcKYW5ISTUc7PRHBHlkCYxvS6+xLlX3NoS2JO
6y8z5mIwHsfH/gVLEL70lVrKvgd+IA19G51tXiubUZpRYkxrEUpzuxjn2jSU5lhrd8ClY6ITHL3Z
amPsE2nl3eGTeZGYZKQTG4nXaSNyi9uyl+zzpbmcDrvVZNZ79LKPRx59Ce9RfMBgiixaCETLHhAh
aPU8NeV2Fcv/rvhBv1weRjZapL+Sk/QmYkVWAl6A2FkX63ZKslW22e12R5Y1yxaxRmxlzjJXmbvM
U+YtSxvrGuuebp1um+ma6U432+wO8EZVnGbdvaFHOU4WMLBVOzD1xffXDFp+9VJy1VVXTMmV1UE1
zC312NSzETet/mbZzQ77p/ja8VfPyWIj8XhiA7OMRr70ty2IfRf46cUl0VtopWgtrRStTVaKJvZV
iibq9TpaZVpLq0xrk1WmiX1VpokOhz1ZR9Jr5aMWF9mrFZRaFMHrdtr71ZEMlqLLVaSe/1kVia4b
sjEWmRkzEUSzKBjNRrNkNOnNnBu5OXDkyGtHftFv9EtpJsWteBRvFioQC4wFkLJluDM8Gd5SXMqU
M6WknJRKw0wROaIMcQ/xTMTXMNeQifxo82jbLHwDcwOZxVdI13uXm5fbh5lNFpRmykT5pggqNeko
QFj715DEH9WXmDMvrcHNG9VvcdnGxOzG199oUsdvxR71zF1M42pmD9bH4+q96lhQeZf6F9hvxPvi
8d4aDvcMYLIb/SY6juq4QW9aazDoL2u0JaXSZj1hIGIU2Ra+wWWTCdMi7rUggx2YL/CKA41zAtNw
RCFXQEDUQc24r5zbRflPbbkf/zV3mfoIr2mv2U7rdcWCw+xw6P0OVrSarZLNbBPtBkeawS24RZ/V
b/XZ/Dav3W/3OfzeIm+511qFqvJSn8+UJDO4JGuwTilhXk2spp4AP12Pv3pV7canahLNdeoHc+6j
UUmPG6+Ox79LvAwcWVmhfpL6JqvTap3gTwsNm5wPmkUdIbUSV+O2K7SYjWzGQsHDF+otplyHEJJZ
lOuin2nTegu5YVrKpv9akUOrY9PCDXVivim+Bt9O3yEf96OPtn0fsrVgoe+DNjNN+6ydQO2JZ5If
t1UBf6d94o4zcxM74in56ccB1haju6PlAY9VYvkCRGRdTkueT949kDRnBV02kdO15O0NOQzIbRXG
GZ2T3Hrwtrx9klu2ZozLD8i5mZHsKwZpjrcMPG9n6pOg9kGqqCxZeiqjUEzxyUnTABQuCkfD1eFY
uClM04CfL8b808Xl9OCj8QdrXnh+a2Jd/cjpN8yvT+yqHzXtRjjeT+U1atfie1pIfMFNZ96hJRv8
3WvzH74v8Y/+Z7REVTVzTsqnsy9qPj0t5dM3UN1OzGK7L+Vw3yGIfp5nEIsJC0BLf5XWAQSYkRnT
ilMRKsJ8FaKlXgh/WK2+y8KWrO/iIA6pMnaq77Vy36nfa34Bw7ykhp8H8xb2zUujqrNvFsM8hhm9
xeKfm4yZDZNtaOXnqfejZBWVaMhoRCwzCY7pSIYeE6pHl/B0fBNejlfhTcxp5uNAdqA4MDxwMJgB
FCMUQLvwNFwN43WpcSuMl/aN//Ifral9jLfjHbgZtl2p7TRsr+PXYVxK3af85LkiaDZoVmRBeT8Z
y/3RFQfRqAFoYJAO6BoM8Q79EyAeMCMeor8k1TJEgSycu/9phRkoB2VB/gLSRANhtQMgjigBi4wg
H6BtAHQ9E+K0ApSt3R1Gg/4lvf93/lw/usr/l/cO+Zm+wv+Da/n5PwYxeCXda79W+A7LaAHSfnuF
ZsLIbHwzXK2DfROqxivxVrh3EpqNRqJ70T+gf7X2vB+vhu2gNt9J6DmZPIP+g/RLIJqBlqLVaKv2
jtfY2ew8diU7D9KBDZj+5uQTOsYWwkb1ZTW0lTB2Mz3H5bDloXloNOhSC/R8B+NxtB0L3Fsw86s4
C82H90yC1grhmR7Wcg6bmHnYCPfWULUBXQD6AKkXoGUoDs+d07Zv4HouinPneBvzHdA1DsZ4thp9
BbMvRUuxgEtICfM9PDsJehopVfgAYsgCiE2qYcvRttHoZphnD9wRRzuYm5kSNofepa19JPoIHdXW
PQ/RH4NMQwe0PSI96F0SwfNg/ZQ3bu5lNFM3Hgd5Ey7S1QOvEO9Dq5l5yE9GoxpqTEd5+ns1jCDb
aGOyrpnbFp1aEXi9Mlg44CeXAVkXaENT2qR44NilS1MqWC9X2caltZEsfRubFfrjLw3+sXDAhCkV
gbZ3xoxOzTqmejT0Ta+AU3oF3dA/ZnRhMj5jbjg2rOL2d280l/0n8ifN9t0PJv1H7/GHKT1fms4Z
8uBeOqhFdHSvW6P6EDKXwHjMdC7Vf/mvlH0LzeP3oGrejaq519A6PnLpPLRv+O/RTO4ZVE1OwtgN
cL4Ljiy0c2gm8wbw6xtUrZuCZnHnkZN7GB2FdgFaNYzt4S+gsfqP0Ez+Fbgf5uEjSOBmohlEQGM5
J5rBvQPHd1A5uxpVcFtREbQZXBGawXx1aT47FI1gP9Puof1FzHn0EszbSOckh9EgbQ6Yiz4D7/LS
I7vn0lfsqwBuG9BYHdiM/q7kexACP4PwrBSto4Eh9PfZXaAPd4JOlcETMrRWoGYYtB3ArSi0g9Rv
Q+tJNgN4AwGeE85TVwBtPrS/ABhDnwR9Zug0/w4a9CkwrwXusVQAGGdCg3FbB0IOWIsT3uH8BuAJ
XJUb3umBd3jeR8j7KGQpcJ52BAzndmiQxKQXQ4Pr9DcR8kMLAKYFPgf4hf4QzJd5FqEsuC8b1pa9
C9r39HflmnRLGQPg7z7QAob+wgZwHrEFeA1cs8eYhmjnGZW8PYG8pZI3BfKGibweJq8dJ6ePk1cv
kI7N5LcqeVklp9qv5k7VkfaryclicqKOvCSS4yp5USW/UckxMzkqkOft5Eg2eU4gz0XZw896uGc9
pO2Qh2tLJ4c85JmdEvfMUPI0HJ4OkoNDyVMiObBf4Q6EyX6F7G9g9w0ke7enc3tVsufXFm6Pj/za
QlqfLOBaj5Mn7/RxTxaQFji0HCe7d3m43SrZ5SE7JdL8xHGuWSVP7KjinjhOnmhgdzyexe2oIjui
7OMw2+NZZPs2hdueTrYfu3QqeondppCtRrI1ym7xkc0ieWwzeVQij7jJpofncptU8jC84uG55KEm
kXvIRppE0hRlH9wocQ/ayEaJPLBB4B4Ikw0CWe8jjffXcY0quR+euL+O3CeSe9PJWrhYGyZr7rFy
a1Ryz1Izd4+VNNRLXINK6iVSH2VXwR2rVFJ3t5+rU8ndfrJyxXFupUpWxKu4FcfJigY2vjyLi1eR
eJRdnkXuGkpq4YnahWQZHJZdIHf6SI1K7oCZ71DJUjNZ2sDGlgzkYipZMpAsVskildwuk4UTyAKB
zFfJrQK5NcrOC5Jb6shclUQ3zllIbj5Obqoj1Sq5wUGqRDNXpZJfKaSywsdVFpIKH7k+TGaKZMZ0
DzdjM5nuIdM8ZOoUBzc1i0wxydwUB5kMh8lOMunaNG5SHbn2Gom7No1cG2UnmtO4iYPIBBieECbj
oX98HblGIuOuFrhxdeRqgYwdI3Fjw2TMaCM3RiJjkiIZbSRXXenirtpMrnSRK6Im7oo6Eh1i4KIm
Aolc+cg8rvw4GQWHUVVkJLxiZB4pG+HiyixkxHALN8JFhpcK3HALKRXIsKFmblgdGQpPDzWToQ3s
EAMZEmUjg11cZDMZXGDgBrtIicHHlWwm4TyJC6tkkIkUG0WuOJ0UZeZxRUPJwKDADUwnhQMUrnAz
GQDPDFDIgChbYCD52Xou30fyJJIXZXNzFC53M8mBvhyF5ETZbD3JgimyjpNMa5DLzCMhOIRUkgET
ZmwmwYCeCwok2MAG9CQQZf0w6s8n0SPpSiGXPpz4giStjnjtxBMm7jBxwbBLJU5HHudcSBxw5cgj
dk7g7OnE5iJWYLI1SCzwrKWOKECSUkhk4I6sEjOMmdOISSamBlYC4qQLxCgSY5QVISeGW4XjxOAj
ep2V0x8nOivhYVreRjiBcFGWJRaOdRK2gSXYzBELIVHIzs0co8I1wZBamwg+hufeuxEX/P/5h/5f
L+Dynw/9N6bnUUoKZW5kc3RyZWFtCmVuZG9iagozMyAwIG9iagogICA5Mjg3CmVuZG9iagozNCAw
IG9iago8PCAvTGVuZ3RoIDM1IDAgUgogICAvRmlsdGVyIC9GbGF0ZURlY29kZQo+PgpzdHJlYW0K
eJxdU8lu2zAUvOsreEwPgWSSfkwAwUCRXHzogrr9AImLIyCWBFo++O/L4QQp0IPN0fDNcB6X9uX4
epynTbU/8+JPcVNpmkOO1+WWfVRjPE9zs9MqTH77+Kr//jKsTVvEp/t1i5fjnJam71X7q0xet3xX
D1/DMsYvjVKq/ZFDzNN8Vg9/Xk6kTrd1fY+XOG+qaw4HFWIqdt+G9ftwiaqt4sdjKPPTdn8ssn8V
v+9rVLp+7xjJLyFe18HHPMzn2PRdd1B9SocmzuG/ub2lZEz+bchNv9eltOvK0PR2X3EZCm/IG2Ah
FtTsWLMDTsQJmDW21jwTPwPTx8LHemIPz46eHXhH3hWsyevKW/IWOBJHaMnvwWtiDWyYzSCboY+B
j6ZWVy173KNHG+gZgLkPFvsQmDnU3p9Y/1SwsF9Bv8JeBL0IPQWewrUEawm1Aq2jp4OnYzaHbML8
gvzC/IL8MhAPqGc2h2xCH6k+XNfVdVkjqDHUGmgNeVP7Ih+qJ9d1dV2el+C8Ev0T/IXnIvVc2K9G
v445HXI6ah20jv26ulcjtSP2lrytPPdcsOeR2jLgon7cSFxZvK3Pt+BvOZdnUB9gvf+4+dMcP9/o
uqxQ1d9fzMPwYgplbmRzdHJlYW0KZW5kb2JqCjM1IDAgb2JqCiAgIDQ2NgplbmRvYmoKMzYgMCBv
YmoKPDwgL1R5cGUgL0ZvbnREZXNjcmlwdG9yCiAgIC9Gb250TmFtZSAvVFRPUEtWK0RlamFWdVNl
cmlmLUJvbGQKICAgL0ZvbnRGYW1pbHkgKERlamFWdSBTZXJpZikKICAgL0ZsYWdzIDMyCiAgIC9G
b250QkJveCBbIC04MzUgLTM4OSAxODU0IDExNDUgXQogICAvSXRhbGljQW5nbGUgMAogICAvQXNj
ZW50IDkzOAogICAvRGVzY2VudCAtMjM1CiAgIC9DYXBIZWlnaHQgMTE0NQogICAvU3RlbVYgODAK
ICAgL1N0ZW1IIDgwCiAgIC9Gb250RmlsZTIgMzIgMCBSCj4+CmVuZG9iago2IDAgb2JqCjw8IC9U
eXBlIC9Gb250CiAgIC9TdWJ0eXBlIC9UcnVlVHlwZQogICAvQmFzZUZvbnQgL1RUT1BLVitEZWph
VnVTZXJpZi1Cb2xkCiAgIC9GaXJzdENoYXIgMzIKICAgL0xhc3RDaGFyIDI0MwogICAvRm9udERl
c2NyaXB0b3IgMzYgMCBSCiAgIC9FbmNvZGluZyAvV2luQW5zaUVuY29kaW5nCiAgIC9XaWR0aHMg
WyAzNDggMCAwIDAgNjk1IDAgMCAwIDAgMCAwIDAgMzQ4IDAgMzQ4IDAgNjk1IDY5NSA2OTUgMCAw
IDAgMCAwIDAgMCAzNjkgMCAwIDAgMCAwIDAgNzc1IDg0NSA3OTUgODY3IDc2MiA3MDkgODU0IDk0
NCA0NjcgMCAwIDcwMyAxMTA2IDkxNCA4NzEgNzUxIDAgODMxIDcyMiA3NDQgODcyIDc3NSAwIDc3
NSAwIDAgMCAwIDAgMCAwIDAgNjQ3IDY5OSA2MDggNjk5IDYzNiAwIDY5OSA3MjcgMzc5IDM2MSA2
OTIgMzc5IDEwNTggNzI3IDY2NiA2OTkgNjk5IDUyNiA1NjIgNDYxIDcyNyAwIDAgNTk2IDU4MSAw
IDAgMCAwIDAgMCAwIDAgMCAwIDAgMCAwIDAgMCAwIDAgMCAwIDAgMCAwIDAgMCAwIDAgMCAwIDAg
MCAwIDAgMCAwIDAgMCAwIDAgMCAwIDAgMCAwIDAgMCAwIDAgMCAwIDAgMCAwIDAgMCAwIDAgMCAw
IDAgMCAwIDAgMCAwIDAgMCAwIDAgMCAwIDAgMCAwIDAgMCAwIDAgMCAwIDAgMCAwIDAgMCAwIDAg
MCAwIDAgODcxIDAgMCAwIDAgMCAwIDg3MiAwIDAgMCAwIDAgMCAwIDAgMCAwIDAgMCAwIDAgNjM2
IDAgMCAwIDAgMCAwIDAgMCAwIDY2NiBdCiAgICAvVG9Vbmljb2RlIDM0IDAgUgo+PgplbmRvYmoK
MzcgMCBvYmoKPDwgL0xlbmd0aCAzOCAwIFIKICAgL0ZpbHRlciAvRmxhdGVEZWNvZGUKICAgL0xl
bmd0aDEgMTg3MDQKPj4Kc3RyZWFtCniczbwJeFTl2Tf+POc5+5x11sxkmZlsQ0IgISGEAMLIvouA
yCISwySQBAiRNQkIatk3EQSkVNBSahExUrQoCkgjlqqlrai12sUSF/piat9SXhqSw3c/ZyYBW/t+
7/Ve33X9/zmcOes8233fv/t3388zIIwQktFqRFBo9vwHFv6x5GAKQgNgZ6bPXro4tK3ouasIDVyO
EN5ZuXDO/C9W/7UZoagC39o0Z1595YSm8avg/AhC/RfOrXggZj4x4hg83wP3+syFG86Qw4LrX8J1
5tz5i5dvnZc8G66hTDx2Xu3sB5C0GOoaHIXrCfMfWL6QfZErQmjIY/B+aOGDFQuX1PPX4LoJIe5+
xKBKaxdbyR2E1gooEFXYtxD/Fha5mQyL8psvXumFjItXLl4pcJlhMytshitZ1L6IJLd/Zu0StOv/
+SCfgzBadPMSd5D7GqWivtHkwAJEjFV6zL1AqSJlaaauZ6dGkE+TstKMq1DUVVpmy9Ur7VeMc60F
x41gbZDBMzHPZqRnR7KZYgOFC1mfmdETZ6QzpuEsKuxTwh0cbJ1vfbztgYXz8eN4VAN276/L+sP5
v1y79pcf/qYAb/rVh7EHFuLU4/g+/Fz0TuvZ145Zz1s/sU5Yz+9/ivbx5iV2EzsUpNINPRTNTw47
/MhQcIN/h7jNFd6asSVtW/ZmV5nSoDF+DoV7pKt5AR1FHFwg3ZubY1xthmYXFrYYraaztLQXym9t
sVqvfW60Xms1S0vNUmdpQTTTyK3NXd7tTC7b0O0MPsOcIc1sM9fMN3uavc2+M0ln/GcC6kzoZ3FG
Ou9xe6FXLrPIEy7WoJvZxb37FIWLe2fDMyGjeCAuKvSS/K82rF2/eNGWEwetg3ccqHnxl60fYWbH
mgWPGLPKXpryuy/w+E+XNtQ+shW/1vHr6kWjh7924Acvj6pfEyv/MCfnYxB2ot+XeDdyozC6K5rt
ZQ0PQf6danCnYDa46lCDUKZuZpx5HoNEcB4qTgnIuekgpKst7QMGtEBHr7RQMbVCx32l0EkJZRgZ
qzKaMlg8M6uz8Uxxb5CRFyRWHCbxPsT7xxY1WXv6/LCx+R/X32z8YZ+juPLEjs1bt2/funlHdfWh
2Cxc0taG+8yKMTnVN96uOv3zP/7ukz+dh3Zju92pIK8AKo4G0JO+bUTdrTxhbpM2k7JkrYcSQO4A
n5tM1ekdW0Vb2mk7rZaCY7UpGAaZtguBJsXbRTUp0aYSNjXy+6Yvrc9x4MuKn1XUeLY8+sSe3buW
bQ3gQYeP4SIL3cS98gusrzev/uLzz79csdJuT38YzIkwjhKKRp18g1jHogYGBiwikDyuQDauthS2
28NV2H6l4Ng2B23CmCbP5KmvI/nmGShAhi3a1yzpO80etiI6Vvjg0Y7LL76Iq6qrq7loNZXXaPgo
4y4hB/KgUVEfkZwN7n0GqCUivJqnRFx6nlngjVdH+21XePEdqNJ3W5Veu0ovbPEqXaBchV6PmwdF
c3VV/9aQ/J5DBufnD/mPox1/bmrCc7m6nkOH9swfPPhGt+pqMrEmoT9TQA5ulIzGR9MY0dOAxCe5
bUrSNvRd52alLEWUPAGUjAN6bgpIoxCg4p24OKg0jFZqGc5QajR1VSq5gC7gC8wFz4VkjtpBOCGQ
oriseoOskGBLSmCntH/xzFP13w3uzPvqjcvWZ9j7p79i5iK/ff2qxw0GiR9+vGrlC00grHbc2/rw
xVdfP/UKsuUE48e2QntT0cJoT0F1B1iCfWtk0sDtS3ZqBDfImw1k3uFKyeP1PFdE7cfmBfgIymMK
AJparhQCKrUYsMHIDmht9RW2U813+koLXs4Prgo2BcmtQU6zBzkNtvggF8VH1WPbrseMD3PcGOBi
8iEY4KLvz2s6dNBi95fVr157gA7x6/MW/PyDjnPV1Qz66faTP7YC1fF+9L95iUS4OuRDc6OpPhkZ
6jY3K6IGntnnLksSDBPnSVyEoPwk4+oAaPbFd0rtUYfzZsNqBlAqgHaqtJ1JKAoFJqGkm2fsdkY9
nMCJHsEjZgvZYr5/lX+bf79fnunKgPYWmWFP2LxNLtnFv3vmmVfwdOtQ7+EjBzObxK3b93+HvFaD
R1sv13TMXDf2nlnb1275EdXd/tYU9gSMvYIy0D3RPIzMVKKyOwNqg56e1hCSd7o3B8pCj+j7MoN5
SAj4isNaXqqBImpBJtWcwpbCq1foyBtXrrRQzCnsgp3jq7KasqiLiGtMHGIinYPt9LgZ6jniQ44P
7ti8Zfv2LZt3nADLouBz/XozBR8wNWZk1Znzf/rkd3/8+Us1AD/Wz9varPOzYlZyja3rVil7Cdof
RHmoMlqUh3TsMlJCJAc1pObsdIlPCco2NmOnH/wE+73UfT2kHkJaXihFj6Di7IBQ4s3tQVXoatxP
3OrG7z9P9AM8h9OG0J5Gz1U9m3oChGLTtslIcVEadKTPHfh2OIXu4dvAtJgtar9cdWZqmXPtymd2
30JVPNfa04mq5LX2GZ/9Izv7D3PLftK87RbAHqqxNifg9YytXyVg1x+zEeRHS6LpPpNXVDezRkoC
UaF9UhmL8nygXXm4n5ZnRJT8AMinhboEahe2koF0QMfiWuagWhawtSyAAgktO74quSmZ6TKWgG0s
Afqa/RiHb3N91GziOgenzPt46lFrb9EzNS/+8BCeNasBLIWNtA+pfq269vyHTGlNxxNnH3vtx/iS
7d/ATtgTCf82IpoV5kzwb2k7xaSdGm4g4N+0MnGzMzngKHYxeR4TelyQ3qVs/+Lejq3KABQtsdtz
u2ZBS/Ftmue58g3Nsnbjqk6dozjeMf+Wah2qxksSKncaxh0X4V+RNWwY8N14SSIKjxTDxkuAcHwb
SOOi5x9a8dyRlSuPMG0rnntuxcojR+K4cAT6+xnwrBwciQ4GVckMGw7FkRZkUkOGojjGOZRQmPXi
VSjGLYh4V3ligQXOqkhZbsihhFNFn+5hdCTmeITM1BykM7k2sWmJD4CTyrOLmLVadEgKxkyaKhja
V3CaOExLP2Z0h0GKOkLdC7pP6L6w++ruHBWzc/KYJtfkGWOa3JNngMBzbX3IRbmdqLO4m5zjyFFy
1JxgTignnJPeVyqV+zn6Kf3UUq00rV+wX6hfuDS9b8YoeZRjtDJKHRkcFRoVHpU+TZ7mmKZMU6eF
poWnpVdL8+R5jnlKjVoTnBeaF56XXpXRKDc6GpVGtV5rDDaGGsON6fUZJQe6N3VnZiKQps+2LRBd
Pu6Ji3tnfpMSBHEawAobTs8+tYg7efrYybqX3/zgBaxdnXt9c5354ktP/WDF+Vfeft76s/VV482R
eDI+/P0t6+YtLul/59kfnfp1j+7W2ae2PNxY0zCg5I7X93/0SWHCD1mX8ZvoEhJRSlQhSGQlEXFO
RCTjYvMVZ6ktcVA430B8BwacFUbfP/VNcfvjbw07uSbrub9P7+Ju1YBHDvAC3aMutE3ht1GXm0QC
nqESONwkStQS5McAIh3y1/oBJbO69NTt9XU6Vo8bMXN37t69c+fuPTso+/Ffvoz91hfD/9zScvly
S8ufZ4M3tXCh9QvLst61+wCcnhyD+nPQR9E7bV0bmFC1gY5bqvY0OsBti3if9hwIQOtuqVoPT+pA
XYx4hmcyPXQ07NtVrR3ab5Pob6pap6aFbE2bGglGQpFwJD2SMV2e7piuTFenB6eHpoenp0/NWBtc
G1obXpu+NmNXcFdoV3hX+q6MQ8FDoUPhQ+mHMlKj3Vd1f8H9gucF7wu+F5Je8J92n/ac9p72nU46
7deodiSQt0s7qA36PP+kHdQkF1WzWzaueGTWk2s2NH7w+uRXZ1ez65csXjZ93eO713zx9pzm/teX
LZ05bfiUXj3yvlP5+KG83C/nLJ44ccjduT3yt9Tufj6vi5+Q92BMk9AT0XRRcnEY6Q0m4rybVanB
3OeQRaYHMvKcYkTJ0wr8cU5y8YrRTGOO1kLr3DkYwHMmhBwF0b4GMrDBGMRgDc7wGF7DZyTlB6Io
iqNMlETZKDfUE/VGfdEkD1TN0JdDOMTwM2+RGL+Ny37YErjcaRhmF02MExryXjU3fsz67e93vEuZ
TJ/DDT1msznWtbvGv9YErKWaTK56vbZGS/RRuB/6WIB+FL0zFHCpLN8dESHVWEMiDTn7ssJJbgcn
NPQkmzO8EvK75DuU9LyQCOyWH+S7wx/x5LkGdcvLDUUy87ILeiVoWUt7JzUzqfnkDxjQWgj8zGql
nshXCvoTdQwqnFVYW/hYYVMhd6uHvewe9oIt3sOoK1/Od+T78pMuyBccF3wXks4USjPxt7O2f7no
Gg82q/gHC3548JDFHCirbXz4gCUmjoxN9J6KrThEpi5ZduFXNrnL+v7GV4/RYWLy9q+Ln9EBq17Y
mNCJOvBhKagumi14kVNuANhgt/nrgPi7xX2apOIeSHUIEdQH+L/HLEgF0tdSCI64GYzJDkcLQTda
PwDlKHRSP7Yt7bZoINUegVTY4iPwkzJUhplBaRj0H8fFnYop7evsYlHCDEjdA3jSXXMm4xzrwysd
R5qaml758ZC1gzn/mPF12zfUtB+1o4Q1x15O8ndxb+hHKqqN5gXcgppg3nX/e+ZtU4z/MfU2/yfU
2yYUtpuechv33mYLBUz05s04N+IrndlIRcjg0V0j47b7xs1L+G3UCnjc97jKI+q625vB6d099bgM
MQk7YIAxYMC0Xug4eUAqUwCb4884TBxC/FlByW0+/o2xpSXjx5eUjp3bd/z4viXjx9E66hDiirj3
AfEnRnM9Lv1hc7X6sEOQVpNarhzXulY7HkKGomuizrt1L4synbLJhKkjAEZD0zQXrxRSWnMFgLW9
2WiBEKy54HiB/y7qGDqHie4JZbaPdadOsccaOybiy42Nlo851VjNoRrr+K8s5aRlnOzY9ivrOLJR
AoE/ikCw1xSdYxqMvt/tcWv7Vc0Dh4G6JoiCQ2HUgaIoEIbB+3mBR/uTkQCHgRh5vB5/gEke6PV6
xnk0AbFiwMuBWiSRfS5dIWKDKSf7PYaugaIzGClOVnL6UsBdftIM9k214gooBf3ochbcV75CwRC/
iu/xq3+9Ny0d1EaZTFWHEpMUW3dSYEvgwR9ZJGselKxloVxtBBql3YvuFaZpUz2VqFKYq8311Gv1
njVok+aWscRIRFJ5nfNzAT45gANMgPgdfiWgenS/3x/wJHcDapbH5JEsR5bSTY1o2Xq2kW3m+HMC
keRSZhBTSgaRkWgUHqEN10ckT8fTmGlkGg8Vqvdq9+hTvFP8UwJTkqtxNVNN5ghzHXOVueocrUKv
TF6OVuAVzAqygq9Xl2mL9cXGYnOxe7lnqXeJf0lgSfJatEHY7NisbFA3aOv0de61nrX+tYG1yTOo
mbsocGVI2DYNR/wgYfsmM/kP2/CTW6xLeOwmy7Puiy83WvO24Czr9Ufxx6uYDbiopsZaZpVUV+OB
1ln43IlPQbgEdmLnBmw7EeN2cn/cTkCHmROgww5UEnXLfK1YzqJaRsKZyBRIJhdW4ukLW0+BhRcW
RNUCdYJapi5UV6v7VT6RWYqDbQZuO9XxyqlTzIhTNEuCoGqo42YbxGqrQBdTMIlOw/sZrGvJKUwA
7dd1zSEz0n4NbGS/IMKlOFASMYM5nhEGglqOE1MZPYAYrwf4iirxhGlwsPuc30tlPJosiQJ4ZFFX
gL4oJBW07+IVE5wLBVnjiq19BsAs9b/ghv69FsZpjPgVcBhBoxxmus+YhqvwcswKusfI4XL4XDnX
EdEioB5T8STmHm4Cdw8/gZ8kTJGnOObiGFPGlfExYSlahpczD5GH2MXcYr5eWq4sB5q7RF9iLDWX
BpYmL03pBuLlSnBCvvEhs8OqzqASvzrcWlSPLx/G3XH3/XjbMstf2FCbP7vwfr50QMmQn75IflFT
05HFfFxTc2PyihmG/vbQ/ndQ/vk+4N0fSL3NP4NRHVDN84AulSU5IWpBScbFARRqDMpOWr8BbOZt
5++P69t33NjS0rHj+paOHVvad5wNdn3HjWOaE/e7dIbfADqTjO6P9vStlnSHQEitypX7PSbBtdJD
LuRWMuUAnyk6tUyvbBqAfUkiYF9KJ/bBh2H/6/Qg1wa0UnFBxB1KXZi6OvV0KtuFgZ4MM5w4xnWN
er86W80ITz+p0rW3nbI1rqOdYWFwEHiKRzoeonm6m/2tUnzMztOloapoeprhU4jk8yZvc0lKg7bP
9b1gUg8vIry3jx5R85SCoEEZDB0qW5GuNFM1Mn5BmTD4t1BZaGHoNv8WtDEqCFsco44v8i1KYtDM
b+Tx7KD59uxB8bs0oXdnQf6QHkdx5U+fG/nowFnCPRNn3NuV17Maam7UHTwZDn9cNr3xYTvPClzt
PIx7EnZFR7hiAOHOGOC3xwDwdhsA3eM8LqfAYpnUily511BAGBoCZuwSiE/UM01fpsc01Uwp08Fm
enSUyYRt0tpysQW4PrjzUjvxYYvEV3h1QOvt6C0YbGLnqKXoAWop6yVBdOpOv5DkDDq7OfOdOa4c
d1/nIGepq9Q9ShjpvMs52jXaPVWY6pzlnO6a7q4S5jprnVWuKvcyYZUzyPPQdJG4RLdXcItuV7aQ
KWa7st19hCKx2FXsHi4ME4e6hrvvESaL97gmu2NCTIy5ZrsXC0vExa5F7tWB/YEXAqcDmWBXCWWR
8C09wRnY1pTz+MeMwih4z1unO06cstAWC9nKcuMjNmKrCvvIjb+w5g2qLmBL1K/7YZxF8KJDomFU
63lUEWq1cp9cKwnYo7NJGYjVAI8yvch0hAOdSm18bsZjJaB41yjHKzg2K5lyu3A8yAvjeBMLWYhh
M6gS4zYsPrFv3xPWdWsZ6PPZP2Leavuj9dYXzPWn9zx5oG0XbeWlN860dPyuGnW2jS+xbS8TrY+O
dMgSUUSDsARkw5JxIotSCJtS63g0w1XrKTdVtlbnBX9GqkNkQxrLEb8XhTSe82uZSkjzu43MFMV0
hrO6utBinDlDFZ1Ok9BcqhlXh8J4h5yldLulElw89oO4y0dT1aQnwNYt8m1rf1Zn58n7wyu6ffSy
deDykIXlf3iv4yB0+O+//er5jgYc2f3YY7utj5jPXDMmWsOq8ccb7+44bjuQX57e+2L2tl27tlL9
d4NcBkPfddQYTZY4B6kVylVci2RdZHVeyxQVE2XyjAGeoKW9uYVGr7YsrloDmgtp8kui9mrYyQ4I
xxLJjmNB0zZmx2TKPCjrMGyLNuibcdbhyDfLzG3mAfO0yc20AagTkqgM1522RjVyPRutUaer2auX
cRl08YYSl9fNq9Dmj6HNDHKi56N3oxjHc0wMMzzPOU3GiPGcbt8yEAP2jA1R0Iw4NTPAtMcxvFYL
HFIkbC1fLhPTplyiAF/ASHVJxGVcfCfBuFrA31288g1HByLiulydcMv32RbczUkt2KsjHfyxrrPd
uG58N7Wblmd2d/KUhoApFRfhojj/IGECXd3LZFqtHSMfZdzPMp4dHZ8eWtmxeeVBJpU5dyO1mqtp
ewIox0jrREJXF928xKdyXwPuhlBe1IkWKPyCpCqlLEy0ZElzZoXtCcZ4Fgug/+VZ6bXpB9IJTYo4
gbLG5xN98WnG3s4SCBhCyHQz4KTJyL+3tf39WlvbtT03H1g4f/7C8va9eBh+bAGcjMd349F4DL7b
esF6yXrZeqGGTjamvPQSTl1YPtuaYn3/x9anteWzu+yJu2rbugfdEfXbdi6juJ0njJzauJcmVQsp
v4gbeIILSQW+u3yrfft99gwbtM5A4YyElcevcNurgEIl1s+tT161bXwifgS/YE2wVlXjsbgPbCPj
Vm4ttZ62DliLE3FFENqkooJowCEJNJyQVoOig0OVdQWcKfWlWqJJdhTW2gr2CdHDbR4zHiuAd2QO
2zFCzQ2zzdpE7SgGcjkE5bvQwmgPg3oPwdANfZwhYNC0WpkrN6njkDIFZ6bhyBR0Fao0dCbsTlTZ
Gfuda6V+u5Bml+NaF3cRNBnkocqlcQIu8NzlWehZ7dnv4W6BNE400sbn2PnzeBVZ9TNGOV/fPvS8
DcyVbH5NTVs9++cb36u2OUcZtLkc2uxHC6JZCu93IWmNF+CNoFqdKfeWBYCsAqbpRqYTZ3ImslEZ
HFu73VLQsDgdjAepx4PJZckMvi0T+m1J8ceSD9CkeLylBs0o+zsvEJUuDp5mRp4++dlnJ0/j66es
NuscbH/nqmtq2tutP/3pTziNABNp/9J6zvocp+BJNheebE1hPoR+uNH8aLKoS5gmf0HLah3lzkdo
wlfJ1ExZ9ACGxScNDTpJYbRa5xLTRDLFMI/dVg/ydGJYgdfujQa90e3eeGwM89A37TdIJ+9IjLxN
Ro48SKZOXXb/l0zdqXOfjNhh7f2P2Q/s+i1XCkN/+r8+SadxQzxPUAJxgwRxg4AmoB223WyAeGKX
bdtZaHY0XUF8hY4qPMF5afUZFclVnrLskJzmJbzTo/ASl+TIBnFcuXr7aoLWD1ppYixLUiTVpEkx
3hBM0aW4VEMDdTRMkyagxwfHh8aHnd/IkxKaOqBJ0ox028a6koAM89SWPXu2bNu155WhR+b9ARPr
8uUO62s8GGfddXRGnfLIgrOnhl84e/bCz15/6wPm6zGjratfXrL+guvx/Xg9PpqWdq2i2vqtrW8T
ESJXIGZRUXU0XRoIMQkzUJTEcQ6JZRr4fVIDkhiZ9ODkHoLCIY0GH81XbP2i1mhZzWCMt7lJO669
5WE0WzoabAnOWMVUSgxYh01ewh5MrXcis7fjr9WksqOSGVwzhVSewBlT2p98w3q/M56rtuM5Zzye
m2vnQ+L+RqiB+9m2vO5mL+ElUJcC95+lvAH/LTqHRvwxGvHH4hG/0RXxGxDx02xBjGYLYvFsgdGV
LbBdkp0PwHYaoNaUy+3EQG0S6cwHSDQhoLJOH5tiXLw9HXD1f5UOOKanApIcC6be7qM7TfZf0gM3
JcRrgicJeTWvJwd1E7K0bE8frdgzTBvumaLd46lGVcJsLeapRw2CV0CCnSQQBNbBKoIq6oJX9IsB
L/Jimijwqn6I/zymz+Pzev3eAIwpjgjZ4CNz9Cwjy8z0ZwbyU/ugElwilKh99VKj1CzxDEdD8Ahm
BBnGD1PH6KPcwz2jvKOS70GTIHKcRCbx9wqTxCmOKcokdYY+w32vZ5p3WnIFiuEKpoLE+ApguBWO
CiWm1ujzjHlmjbvCW+YrS6rwVwQqkstSl6MG3MA0kAa+UagXlzuWK/Vqo/aQvsJYZawwo65VZqOz
0bXSXe9Z4l3uXx5YkvwgwK70jSRC18G+yRyydrxhOY/go9bYA8yEJhzFo87gy89aS/CHBzqajjGr
Ov4DgqlFzJaaGiuIP4UQ642OQdWJ/Ju9VsfWQyauh6UoHvMDbtCYX0MnoqWyxIj7VU0V9vOCBoeB
ogByYzmGH4gxGicgRaTZJZnsQ5oKYT3PYgRRJaN3sZt4Lunf6g7oiShTjzOSB7FGhJAwSZgtLBUE
URSlZDaZ80geOQvlsrlcrgTBvNYXFRgj0Qh1hHYvmqrNQXO1pexSbhm/XFwuLZeXqykwaOFvxum4
zar/RmReT17rjMXbhybmYLifAiamoRGAiKak1urSAjdalRojCwJV7rIg0lM1xUzNNnjNlxWk7Ad4
qh1l3gaJEGOGQgWhu+wYE1AtBCwI0Sl+cOlhk2cz4sSCLrrighm/P2dZFkQNdb+YaX2BW9ZY775g
HbWq8B48bTU297K+kz+2jltN1k+so3374odrOt4bNw7/EM/C5fgH/QdYT1EZ2jkgGzNS45hBduEl
cN/mb/b9SPw+N9LGEspPaAziQcOjkW9mPV24NpH0dMuirvGdSU9vIsAAjIQOF8YnSK61WnbWs+Db
cp12hM+ea+wYiK3GRov5yzfznHaohgg6ar3HzufdiAek7oUqo6W86s5mw3rPHnm65kIVeeFQllCR
nBrIzysrTJdDPQMuIkjIkDXCh8ScvKwUgmQQB1NI57yagULb015fUbJA5VJ4cUDzFWg3NPqDc3Zs
BAiWNRCDM4oQja5x8AGHgfjHtCekSswik16AO4qY9myUYGbAI+ZY3bKlD8bmPFi10Cqfx+7Z9fmr
nzTHKk5Om69sXHrtzS/fi5X9Yqi8YNaU5UHmu0LV1AnV4Y6R2L1hM8GfRX+48cBZBSvWVbFXjtW2
eK1kDRjy/PZDP9Ot/8QaU2T7K7A3chV0T0bLoyksDSkATLhxBEyJ46tEvAhJgskixgGeqrm9OU5h
m+25KWpTncStk2A4bILhQI7OGWEphEI4X8qX2ZmdqwgcNvo66Lv2O1Q9ueIsGh0B5WWt9/C8jZit
Zn/700evtDUkYoJ1gBfbbN7gQxlREJDCVzir6DwpeHaJ1x235kntoOCboQCyTYF+Mpue3LPnSbr/
DRy4+ber2LC+Ho4n4El4Mp4ACn/Eet5qmg12sADX4j3WXGu79bg1Nz5Xa02x1454UQaaFO2eIbh8
BIV2yqjBzeEGEthpbJbLyCPufZlsns/FRzxMHipODai5mfZiu8L4arv/ZuVLIgT+79eHNHX8+ei/
Wxhyg6upwZ/92yUhMOzPWG8wW0DvVZQSVQUV8XUaj2STMBAWtDfTXF87nbPG2XTgSjy8PX7Mlr9d
v/63vWvX7rXemI8/wrNxDH80v7zaWmV93zoIIUm87O1Q9kq77OSoImAk1mkOE5w+ZTmFVzqLdhX3
oaKJFHvpYfvedev2Xr1+3XqjvBo/jO+DUXi4uny+FbH2Wd+zIijBJZm9tq+YaOPJXTdH2r7iMuDJ
dMqJcX50mKowjphhGnJMkk04GA6ZZjdERrITHDLWHTQaVvlyJ0REiulwaQAwkkdgkObKNE0OZTLA
nluAPjebTjuLYf9LRG3/Vz+ieynfQHE+LX0b2f5XHvLPZDsaE+Q+8jB5BpluVsrLyTJZFCTRQRSi
BoSAaCiGmivkivnefkI/sUTqKw9ylCqDlFJ1kDpIG6QPMoZLoxxTpGmOGcoMtcoxV6lV5qq1apl3
qbDU9vnL1W3eHOqi7CTX7V6KJiQePW0VbWa6H8VL8JJn8bEt1qDT1Yyf+QK81UHmPvjM67hYDQ2e
jj9kpjOLAEWNlxjgdIjtWt/iCnvC0xlkIWbRPlsnIHBkx4PdpqBx0bDiRrqKFjOxQAVXpS4z3ari
QzL28aImG9jpSAUspbNb8XiLgj1Afathr3SLOobLwx3DleFAjOjMb4Y9Ech63JgXbNobLsY2vIKt
YH5hzUdzL2PN+kWSYq1jape034Hf3LX6exu37WPrsFw64E9nP7Yu+ODZCevgfNy868bG3Ye3Uhsf
BO1tgvYyyET7o1kMaJOEY7IsjcOyghZpIO9FchVhRJZHpkpAqRincRXAvrl9QLOtLC3tA2jW3Lwt
tLXzJvkSKMjLISmkhjTyDVKq0o94+OW0NcIJW0Ijkhw4gPviUZjlGS/TTe7D9JVHMCNlgWZaTKmz
5/ElfUXM2xZDXu6Y+nXHYmbrOZxqXfoat5FA++cWX42z5pOr7XKN9TGVC7o5mDkGtkNQbtRkCBwh
VBnHoCqWQZjkv2Mv3bj6TkLhz9MdUL4IZzDOAx2tB7j3/zE/vlYJxutROw/yYDSVELoEgVBuxmGy
TCjHhMEEsTLiwQzBT8ZJ2dUrZum/BDm2yUh29yW6ArfTZJz2fduUJPo8Hvf4cBJhgJ5mxAMf9tGO
E08wPTrGLyEfcrVt27leJ/B9NkZcAYz4DNqnocejpSwEMDT9jWMIizRrxmAQr6ox4NephEWZh6Go
VdhyUaXTRNB64JOc4xaf/L/jgAC9nxlNF7HIsIRlRSkJJzFJUoqaonVjctVcoLHYiyMYVGCmxMSN
L8M2QlyJX8EnnsUvb+/4jyMdrU8wIa76xlq2AaLqXTQ7YPMWyqFi9nibKBMNi0bShFrJY9T6yl2o
VnrIacgCTkrL5JCqJbNa2OvMlJDpvpWovUhlEE9F2bkooxVoSWeqtTi+SKY7xrclYoX40inchrsf
P/SDl6z3rYO7dx+07KTUp3/6bP+Tp960vrQ+rN53+EffrX5o/YaV8bzUKyfWPOVM+unB3//a1hMZ
IbHIxupd0Rkk5lAcNJupwMEgDFB8bADBj0eQyI4gEXI7DMXBcjCEjGxwHDtOc4B0XLpEuFpTEcoJ
ctPIUXHIIsdSUelOHhD8nXjkeHXA/yBuvP0OyC7oja+ocE3+NnD+rcrIDk4LMEEm6AhoWUyOI1Mb
xAxwFGtjHcO1qcx9jsnafEdMe8ixWPOKGHSJSKIkCQ4IETVR90MQ7YXueli/6JfcDpeSpPo1Ghxm
M9kkh81Us7Vipjfp4+itlKij0Cg8jBlMhrPDHCOUoepIbQaagacy95IZ7FTHNGWGNkufZcwyZzln
uWa5Z3krUYUdCs5l53CVYqU0R57jqIRwsEKbq1cb1eZc9xJmEVnKLRGXSEvlJY5lymK1HsK/FWa9
ewp1CdQVdAV4CbfA+w9ah63DB636nUz4VVyCJz+Dp+NSiPl2sKduDKZaeeNF9tUbpex98Tlbe57B
b881dYsONWKmAQYGQpZjuqG7DXDMhqEbHo97nMeQCNZkOgOocOVeE9e6kKw6iNPgnT4+0yMC60xM
NAFxailsdpZ25gQK/yknkMhTd8kYJLnQnmZ6RpC8UqYUMfpIw6WRnnulacY0z1yjwWjwqLIsO2SF
V3mN13mDN5Nkj+rRPLrX9Dq9Lo87V6az+9kgk4jezegn91H7aNQDgR9SospwNaoO16LaYD1qRp1R
V9QdDUySpzqmKveo92gT9KnGVLPKUaVUwPhX6uVmmbPMVeaud6xy1CurlKXqUm2pXm/Um0Nu5TYB
x26Lr3HXVCXz6DP462c7VjHvHrZ+0DEgMVv5NlMMn+92FFUzb3b8IJ7r/MieM2CBI4ejOhLIgxLm
RBYpjMwrBrgo8FAwfhcHwLEA2w4jw44NyWGmV8eFAx0XmF4c23HhGXryDNPLLvMo8O56kGcQPR/N
Inzq8kAFbyzWK9wVvIKXoXKlLJRqMnIa8vFSminrTAiQBpx4YtGSzcbPUSdutThL43Mp1PN1ObyQ
bWUQJNyO+J38KGTDfoi+FDfBbJ3orM7pvC7oYFB6QE/WU/RUPU2h0xFBFMT5KB/bsxCe+Eohmu4L
2+vGO5cA2j++MVm+Y3LvTVP+EydZn91Ec35TVyd9f8dTh3+0f/qG4inc+wetyZmZ1tUvv7L+q7AI
p2/d9cufnr0QHcK0UgymOcwtiVgkHw2MpmcmkQqPVJGmV+RWpZUVZCYpTi6icD0Qn+zh+UjYUUCd
39VOZtMZpHzQSpn2beye3HYeh92M9EwaHXYuWgQ4Jq/uf+yx/XTP2biicdOmxhUb5x0+ZV27/l/W
3089t/vp6x99dP1pvOfAiy8eePrFF8nS9Xv2rN+wZ89537v7f33p0q/3v+tLfmH98QsXjq9/gco3
DPZ6io0ALjdHZzj2u9wueb8ku+Ew0CFTn0szLdRv7qd+c7/tN10D3S5FVQyTcQ5UVWWcS8ZENFW6
ykJn0T6H6HY5DYrLCReqc9otXG7/X+ByGcXl6E2CfdgrB1yZOE/u5irCd8ilrqF4tDzKda98vyuG
q+Qq12LcIDe4NspeHgngglWishyQaF4WqLW7XfZqShdxJRLHPtEQDckpux1JitflcmejbjhHypYz
HLlGrpnlynb3Q/3xIGYQGcQO4gbxg4B495dK5f5KX7Wvs5+r1D0cDcPDxGESxYZRykh1pDHSHOkc
6RruvhtNwBOYCWQCO4GbwE8QJogTpInyZMdU5xTXJPcEbzkqw2VMjMRYugykTCgTy6RyOeaodJW7
y7xL0HJcz6wkK8H86vl6oUGMBusBuescSxL4scxYZi5zLnYtc2+UNshnvMvthJ0rQSm60NyFyYfY
+Hovfnip1fyk1Wb9Y4f15jL86ZFW7GQj7WeZ92geiv7Wz85L9SADKQ9+OKHjfpQFdCYTBUIVxDXP
We+r0EmgQqrSy7LdshPxGZziSeWdXp5m6ukPI6505qWa6fJyw87VJwcx+EwSZINcMC0YDIaC4WD6
na473Xd61M5fcfVOBOjhrrUOTtwV9fbOJqeGHJ3/e+sm9l3uwLp1yvrkrqMzFqqPzD97yjq1dffu
rVt372G+N2Y0Vr68hE1rnfWMtdyamJZ2vWIezmLTL5w9+8vzr7/1AcU0vIFtJRP5SrDku+z4hdyK
X1AcoDQbflgbm1jYov8SwOnf/gYlyJveso4s4Sut9dS+XuZSyWi+BCWjn0WDyCloDhY7Bd3jOM06
T/uFFB1rSPDM8AozxBT7J5iJmUK68ubilcLOKJT+puROCSmy4lAUsD1N0RVDMRWn4tLdOngt3Scl
+1GKnOJIUSjXTNFTjBQzxZniCrqDnqA36PMnh2xyo8bnesY0Gd+aC0f0KQXhrlX+KTYKp9A3452M
xH+/lWGvxKSLp2/9kAi3lwbCrtwCroypnJEdzSr1pXu6F7DxK256SZJ+19h1O1LCJT5jwhg4ofLo
AHncZLlrII8JXfJopkPQXBBV/wnY6fB/u2i+/T4IxBr0ptW2hLtmXY+vX2XKAO86f+O37//Jb/yO
JX5cVx3/SZ3tOWkshJCCWGY8HNOQAXc0tArdxJPwA3g5fgg/zpxjPgllhwpC/UJHwuk3b9Lf7qID
eCIug+crE89d8Ly06/m//6NrZT/Be/E+/BRsBxLbOdh+hn8Gz9nEe6WJ4x0IDB3Gw0R3gpUPRf1R
PzQY7gxBY1BPNAyNRePB69/+l41GQC3dUAD1RcXQ0lSUh0ahHJSOclEEZcAbmdDLLNQdDUcjUSGo
zTf/GOg/B6MgIi+Miw8J1PsgHhi2BAGvAw1AbgQkEKmoNxoHFpMG3vX/5V+vf3O/z23nJf/N94v+
6TolcRyUOPaAveAbbyT9T5v2rX/6t93EMloEI3kCvQ3be3A2FlUD616HDsD5Z6jRvv8GK9IN7nzE
0XffQydwDrzH0A3TUWXQKSinCJ59Bu9XwvUBVG4/byPv2tte8i6zDKL5CXA2wf7GAXSC9GdZ8m58
t7/1NujRq+gwPefeRbvgvYnoQ9gGQ+mj0WvoI/woOojfRyvRFrTIVsFULAOfrIatnHvf3r5G99k1
03vV3Pu8G2qqhn6+BqUfjN/HOXgiKSOVeCr0kMGHyUi4uwZVs2WwRextqN2/eB8YphHqT/QXvcvc
x+SwEXwY6qF1vAvlH0Z3QHsroaUjYWdo+8lldIDQ3+f7uTfQaGE0EFxeWIkmw9NGUoT38qmoDK0k
k6GE8XBvCxqPP4RaQGlf5uMBaF7IaGKyRsWaondPDf1sWrhH3j9dhgwh1IQmNKn1oRM3b06YyiZz
05q4lCaSJTaxWRmf/ruHn/bIGzNhaqjp/LChiVKHlQ2Fe5Omwim9gttwf9jQHnZuBzH3n/jryq/u
n6UP+DsKirbevPfR+L92Hv/xm45+xm/EP8IlfYjjioWQMN9KRchM/cdv2hcav0ncv/U3iYUR44Mg
xzdRJRdElQzN7jXCcRvqD/to9jW4H0GjSQnqD8/pTq9L6Dl7AhdxjegIfGc0+ytUySajReQ9GOdd
aDRzDY2m36PvwvM3uA9RHfso8tPySA6cr7nZxhxD7/NtqI5pvNlf7AXllqM6nkd13BTk5t66eZXf
hhbxYAncBFQnIBTjT6EyUnxzsl2uD21gS9BEWi99lzuGFNoHWi4fg3ZAHfT73Bb4vg8dhb0N9nW0
/SSInoF9O+0fN/LmZeY4mg7PNsE+CNqE4HgEyrzCfYrqxFIkc9BG/jjYXbycDfxHKAzHh1kEvAOh
lxHq2EDLSozpUNhbYPA/AaHtjO8kE/bNMLKAL+w7UAPc40eCdEBWwlUQ2WsISfNgP4KQYzLse8DN
ANKocE8DS9VXI2TA+0CmkNkNdijLCUd3X9jhufs4Ql543/sdhHy9YW8HlY8hgHXY4Ty5CaANyk6F
d1OhbWnQxrTrCAXP0P9aAnYgNuG5CKVDe9JDsEO5mY/B/ixCWfvATUCbsqEt2VB+BNrQDerqBt/N
gXJy4Tu5UFcu9CH3IkJ5Y2FfDtAJ7esJ7/acCjvUlQ8eqwD6UQj1FEEbekMdxfBuHyirL2BsKdhp
KXyvH9TXX6T/h4atrZMYCbzPHkSRz0BPgodBrAP/Da7ZE8zq6B/fssg5F3mzOZN7M0bejLLNmeSn
Kjn7RoQ7GyNvRMiZmeT0SvKag5x0kFdfcXOvFpJX3OREIfmJRV62yEsW+bFFjlnkxaYR3IttpGkE
ecEiR1eS5y1yRCPPHVa459zksEJ+VEiejZEfppGDheT7z8S471vkmRh5epfGPZ1FDiyXuQNZZP8Y
8pRBvteT7Fufxu2zyHf3Gtx3U8legzy5R+OezCJ74L09GtkTZXfDF3e7ye7V7C6N7IqyT2SRnd8p
4HZaZMfjLm5HFnl8u8o97iKPn8DRqMRuf0zmtqtk+wmMoqPYx2Ty2Bl2W+1KbttJsvVhB7fVJFuj
7BY429KPbN50kttskU0bZ3KbTpJNq9mNG7K4jTPJxii7Adq1IYusX2dy69PI+hM3z0RvsutMsgaq
XhMj3ykgj3rJI7vIww6yOhbjVltk1TyDW+UnD63UuIcKyUqNrGjUuRUu0qiThl2k3iTLZbJsaYhb
1kaWLknhlobIkhSyGL60OI0sssiDFqlbqHJ1FlmokoVRtnYlWTB/ILeghswfSObVKNw8g8xbzdYo
pCbKVkOV1W2kau5Jrsoic+fM5OaeJHNXs3Mqs7g5M8mcKFuZRSrgpYo2EouR2R5SbpEHLFI2qydX
ZpFZPcn9FplpkfvGkBkryXSLTBtKplrkXotMOUnuscikGJnoJncXkgl36dyEleQunYy/MzqYjHWQ
0TEyKl3kRu0iIwvJCGJwI1xkuJMMY2RumJ8MHeLihtaQIYMNboiLDL7TwQ02yJ1RibvTQaISidJx
nMQO2kUGsj24gePIHQPc3B1jyID+MjfATQZE2f4y6Vfq5PrNJKV9Ta7USfqapEQlfSxS3NvNFVuk
d5GL6+0mRYUyV+Qihb0krlAmhXH59JJIQX4SVzCU5Pf0cPlJJP8M2zNN5np6SM/VbA8pxvXYRfK6
u7m8MaQ7dKK7m3SPsrnQ9NwYyelWwOXcSbpBw7oVkAgcIhbJ7key1CQuaybJzHBymZNIBnwtw0ky
omy6SMKhJC48k4SCJhdKIqEzbBAqC5okuJpNk0lalE3NICk6Sc4kAX8BF5hE/FCqv4AkWcQHlfos
4jWIx+3mPDXE7XJxbjdxR1mXizjhPedJYsLwmhYx4GAMJjq0X99FNHimWUSFAtQkokZZxSIOuHBE
+9YQGd6RVxIpRkTB5EQ3EUzCc4Ucv5Jw8D2ukLBQGNuDQKGMTPAkgiyCT+DYmi24+/9v/9D/1w34
b/+ANfwf7QSEsgplbmRzdHJlYW0KZW5kb2JqCjM4IDAgb2JqCiAgIDEzMDQxCmVuZG9iagozOSAw
IG9iago8PCAvTGVuZ3RoIDQwIDAgUgogICAvRmlsdGVyIC9GbGF0ZURlY29kZQo+PgpzdHJlYW0K
eJxdVE2PmzAUvPMrfNweVhD7GW8kFKnaXnLoh5r2BxDznEVqABFyyL+vx7PaSj0kHh7zhnljcP16
/HKcxs3UP9Y5nnQzaZyGVW/zfY1qznoZp2pnzTDG7f2q/Mdrv1R1bj49bptej1Oaq64z9c9887at
D/P0eZjP+qkyxtTf10HXcbqYp9+vJ5ZO92X5o1edNtNUh4MZNGW5r/3yrb+qqUvz83HI98ft8Zzb
/jF+PRY1tlzvaCnOg96WPuraTxetuqY5mC6lQ6XT8N+98MKWc4pv/Vp14jK1afJSde2u4LxkLMSS
sW0Kzkuuk98WfiSOwHviPbAn9sBKrBkHagZoBmqGohnICaizN5Rey7rNeI+6bSywpwcPD5YebPGQ
yE/QISeAE6gT0NsO5AzALXEL/EL8knHqC85L1qd/C/9CbwJvgfwAvnJ2xexCLMCBOAA7ajpoCnsF
vS3rbanTm8CbZz4e+Xj692V2ZuiRoXC/BPslnF0wu5AjhcN8BPkIZxHM4jmLxyxCDwIPiZoJmo75
OOQTyAmFw2wTso3kR/A95/IlE9YV9UCdAB3hXgv2OnLeiHkHag7QFPIFfMtZLGZx1HTFG/NxyCew
HlC39GDhwTJ/i/yVz9KSLesedcu6Rd0xZ4ecHZ/ryvvPbC2ydfTv4N/Tpy9zsVfKHpHjwZEz62fo
EFtgx/wd8nf07OA5sDeg19FnXvAhv3+x+KRx9nycFfG+rvmYKAdUOR9wMoyTfpxhy7ygq/z+Ajrp
LHkKZW5kc3RyZWFtCmVuZG9iago0MCAwIG9iagogICA1NzIKZW5kb2JqCjQxIDAgb2JqCjw8IC9U
eXBlIC9Gb250RGVzY3JpcHRvcgogICAvRm9udE5hbWUgL09OWkRXUCtEZWphVnVTZXJpZgogICAv
Rm9udEZhbWlseSAoRGVqYVZ1IFNlcmlmKQogICAvRmxhZ3MgMzIKICAgL0ZvbnRCQm94IFsgLTc2
OSAtMzQ2IDIxMDUgMTEwOSBdCiAgIC9JdGFsaWNBbmdsZSAwCiAgIC9Bc2NlbnQgOTI4CiAgIC9E
ZXNjZW50IC0yMzUKICAgL0NhcEhlaWdodCAxMTA5CiAgIC9TdGVtViA4MAogICAvU3RlbUggODAK
ICAgL0ZvbnRGaWxlMiAzNyAwIFIKPj4KZW5kb2JqCjcgMCBvYmoKPDwgL1R5cGUgL0ZvbnQKICAg
L1N1YnR5cGUgL1RydWVUeXBlCiAgIC9CYXNlRm9udCAvT05aRFdQK0RlamFWdVNlcmlmCiAgIC9G
aXJzdENoYXIgMzIKICAgL0xhc3RDaGFyIDI1MAogICAvRm9udERlc2NyaXB0b3IgNDEgMCBSCiAg
IC9FbmNvZGluZyAvV2luQW5zaUVuY29kaW5nCiAgIC9XaWR0aHMgWyAzMTcgMCAwIDAgNjM2IDAg
MCAwIDM5MCAzOTAgMCA4MzcgMzE3IDMzNyAzMTcgMzM2IDYzNiA2MzYgNjM2IDAgNjM2IDYzNiA2
MzYgNjM2IDYzNiA2MzYgMzM2IDAgMCAwIDAgMCAwIDcyMiA3MzQgNzY1IDgwMSA3MjkgNjkzIDc5
OCA4NzIgMzk1IDQwMCA3NDcgNjY0IDEwMjMgODc1IDgxOSA2NzIgMCA3NTIgNjg1IDY2NiA4NDIg
NzIyIDEwMjcgNzExIDY2MCAwIDAgMCAwIDAgMCAwIDU5NiA2NDAgNTYwIDY0MCA1OTEgMzcwIDY0
MCA2NDQgMzE5IDMxMCAwIDMxOSA5NDggNjQ0IDYwMiA2NDAgNjQwIDQ3OCA1MTMgNDAxIDY0NCA1
NjQgODU1IDU2MyA1NjQgNTI2IDAgMCAwIDAgMCAwIDAgMCAwIDAgMCAwIDAgMCAwIDAgMCAwIDAg
MCAwIDAgMCAwIDAgMCA1ODkgMCAwIDAgMCAwIDAgMCAwIDAgMCAwIDAgMCAwIDAgMCAwIDAgMCAw
IDAgMCAwIDAgMCAwIDAgMCAwIDAgMCAwIDAgMCAwIDAgMCAwIDAgMCAwIDAgMCA3MjIgMCAwIDAg
MCAwIDAgMCAwIDAgMCAwIDM5NSAwIDAgMCAwIDAgODE5IDAgMCAwIDAgMCAwIDAgMCAwIDAgMCAw
IDAgNTk2IDAgMCAwIDAgMCAwIDAgNTkxIDAgMCAwIDMxOSAwIDAgMCA2NDQgMCA2MDIgMCAwIDAg
MCAwIDAgNjQ0IF0KICAgIC9Ub1VuaWNvZGUgMzkgMCBSCj4+CmVuZG9iagoxIDAgb2JqCjw8IC9U
eXBlIC9QYWdlcwogICAvS2lkcyBbIDIgMCBSIDEwIDAgUiBdCiAgIC9Db3VudCAyCj4+CmVuZG9i
ago0MiAwIG9iago8PCAvVHlwZSAvT3V0bGluZXMKICAgL0ZpcnN0IDMxIDAgUgogICAvTGFzdCAz
MSAwIFIKICAgL0NvdW50IC0xCj4+CmVuZG9iagozMSAwIG9iago8PCAvVGl0bGUgKFJFU0VSVkEg
T0ZJQ0lBTCkKICAgL1BhcmVudCA0MiAwIFIKICAgL0YgMAogICAvRGVzdCBbMiAwIFIgL1hZWiAz
NiA3NjMgMF0KPj4KZW5kb2JqCjQzIDAgb2JqCjw8IC9Qcm9kdWNlciAoY2Fpcm8gMS4xNS4xMCAo
aHR0cDovL2NhaXJvZ3JhcGhpY3Mub3JnKSkKICAgL1RpdGxlIChSZXNlcnZhIE9maWNpYWwpCiAg
IC9BdXRob3IgKCkKICAgL0tleXdvcmRzICgpCiAgIC9DcmVhdGlvbkRhdGUgKEQ6MjAyMTA1MDky
MDQ0MjdaKQo+PgplbmRvYmoKNDQgMCBvYmoKPDwgL1R5cGUgL0NhdGFsb2cKICAgL1BhZ2VzIDEg
MCBSCiAgIC9PdXRsaW5lcyA0MiAwIFIKPj4KZW5kb2JqCnhyZWYKMCA0NQowMDAwMDAwMDAwIDY1
NTM1IGYgCjAwMDAwMzc2NjQgMDAwMDAgbiAKMDAwMDAwMjA5NyAwMDAwMCBuIAowMDAwMDAxOTQx
IDAwMDAwIG4gCjAwMDAwMDAwMTUgMDAwMDAgbiAKMDAwMDAwMTkxOCAwMDAwMCBuIAowMDAwMDIx
OTg5IDAwMDAwIG4gCjAwMDAwMzY4NTMgMDAwMDAgbiAKMDAwMDAwMjMxNSAwMDAwMCBuIAowMDAw
MDAzODM5IDAwMDAwIG4gCjAwMDAwMDY1NDggMDAwMDAgbiAKMDAwMDAwMzg2MiAwMDAwMCBuIAow
MDAwMDAzODYyIDAwMDAwIG4gCjAwMDAwMDM4NjIgMDAwMDAgbiAKMDAwMDAwMzg2MiAwMDAwMCBu
IAowMDAwMDAzODYyIDAwMDAwIG4gCjAwMDAwMDQ4ODggMDAwMDAgbiAKMDAwMDAwMzg2MiAwMDAw
MCBuIAowMDAwMDA0ODY1IDAwMDAwIG4gCjAwMDAwMDY4MzkgMDAwMDAgbiAKMDAwMDAwODMyNiAw
MDAwMCBuIAowMDAwMDEwMTMyIDAwMDAwIG4gCjAwMDAwMDUwNzEgMDAwMDAgbiAKMDAwMDAwNTMx
OCAwMDAwMCBuIAowMDAwMDA1NTY1IDAwMDAwIG4gCjAwMDAwMDU4NzEgMDAwMDAgbiAKMDAwMDAw
NjE3NyAwMDAwMCBuIAowMDAwMDA2NDgzIDAwMDAwIG4gCjAwMDAwMDgzMDIgMDAwMDAgbiAKMDAw
MDAxMDEwOCAwMDAwMCBuIAowMDAwMDExNzExIDAwMDAwIG4gCjAwMDAwMzc4MjAgMDAwMDAgbiAK
MDAwMDAxMTczNSAwMDAwMCBuIAowMDAwMDIxMTE5IDAwMDAwIG4gCjAwMDAwMjExNDMgMDAwMDAg
biAKMDAwMDAyMTY4OCAwMDAwMCBuIAowMDAwMDIxNzExIDAwMDAwIG4gCjAwMDAwMjI3NDMgMDAw
MDAgbiAKMDAwMDAzNTg4MSAwMDAwMCBuIAowMDAwMDM1OTA2IDAwMDAwIG4gCjAwMDAwMzY1NTcg
MDAwMDAgbiAKMDAwMDAzNjU4MCAwMDAwMCBuIAowMDAwMDM3NzM2IDAwMDAwIG4gCjAwMDAwMzc5
MjQgMDAwMDAgbiAKMDAwMDAzODA5NCAwMDAwMCBuIAp0cmFpbGVyCjw8IC9TaXplIDQ1CiAgIC9S
b290IDQ0IDAgUgogICAvSW5mbyA0MyAwIFIKPj4Kc3RhcnR4cmVmCjM4MTY3CiUlRU9GCg==

--===============5303661841158116391==--

-------------------------------------------------------------------------------
