Content-Type: multipart/mixed; boundary="===============2683930572424039563=="
MIME-Version: 1.0
Subject: =?utf-8?q?Hotel_Real_-_Confirmaci=C3=B3n_de_Reservaci=C3=B3n?=
From: reservaenrealnicaragua@gmail.com
To: cjpm1983@gmail.com
Date: Mon, 01 Feb 2021 08:19:28 -0000
Message-ID: <161216756894.10981.2070230531949569667@localhost>

--===============2683930572424039563==
Content-Type: text/html; charset="utf-8"
MIME-Version: 1.0
Content-Transfer-Encoding: 7bit

Pronto nos pondremos en contacto con usted. recibimos su solicitud para RealNicaragua
--===============2683930572424039563==
Content-Type: application/pdf
MIME-Version: 1.0
Content-Transfer-Encoding: base64
Content-Disposition: attachment;
 filename="cjpm1983@gmail.com_1234567_2021-02-01 08:19:27.368946.pdf"

JVBERi0xLjUKJbXtrvsKNiAwIG9iago8PCAvTGVuZ3RoIDcgMCBSCiAgIC9GaWx0ZXIgL0ZsYXRl
RGVjb2RlCj4+CnN0cmVhbQp4nJ1VW1ObQBR+319xHpfpsNkLy6XjOMWEdnRivYT2xfFhJZuIckkA
W39+F4KN0WqDMIENu+e7bA5fGFBz2sxcfIdBkqM1ot2zagkjRWFZo6MYcWezztw9Sqikns+AUUp8
V3AzjHM0WtjUpmDGC3SFJ1FsSYnD6TSawSSCaQiX0Sy6tITEPy3Px+H4+Oy7dR2fIMZ7DRwMFqEi
oC4H5vqEU4+KJ3D2BI7Biu926GzOiGBMcmEUEsld4XoQzxEOoSjzm0rDXPc1L1AYI9QVjueBcUWl
FMKXbeUVHqsqK2s4gXPLkVhlKknN107wDvUWwWbEEVSIYANwbnEPq1qtyqrRT3V70mPGhSONiVdO
36DDUa7SbJhHnNytchb44suyLSZJme/N19vTVV0Wqh7srqOZrVQBBwcwCpPmQWWxfmzgYKEXC0oV
PYTDQziajHuo6NSMVj3dAJVf2ybUya0yHQBR0VRqroaq5ZSbpdxmpkvFZxZ8kH2msvTj5NwdRo5D
XZVZWmg1sCl+FGmj5xCmVVtd7813dlPr6lf7lmyr9uUsm6p8n8j1t8aWumg0rB80VLrjHMg2vn1I
7mGs6ibTYG/aK96EHglEe7TZZ0LvWTDxwCOOE3AWgMEhXPjb1Nvyvn6h/gV++c2M3fbw4LeZOjGf
O3R13eqEOTJtdgprYB335mpSuRdg2APiUg45OKKNur8PMpjBxTa6d+V3a1kgTZi+I9/eaysc4RLp
Of/Zik9SSJ8GHg+cN/bglcUe+JlFyTkJzA+463GNRoqZ/yUYPZq9mpToAo2maXHfZcnp+Hhi4Prw
aGPjxRx7PneB/gAnKJN1CmVuZHN0cmVhbQplbmRvYmoKNyAwIG9iagogICA2MjUKZW5kb2JqCjUg
MCBvYmoKPDwKICAgL0V4dEdTdGF0ZSA8PAogICAgICAvYTAgPDwgL0NBIDEgL2NhIDEgPj4KICAg
ICAgL2ExIDw8IC9DQSAwLjcgL2NhIDAuNyA+PgogICA+PgogICAvWE9iamVjdCA8PCAveDEwIDEw
IDAgUiA+PgogICAvRm9udCA8PAogICAgICAvZi0wLTAgOCAwIFIKICAgICAgL2YtMS0wIDkgMCBS
CiAgID4+Cj4+CmVuZG9iagoxMSAwIG9iago8PCAvVHlwZSAvQW5ub3QKICAgL1N1YnR5cGUgL0xp
bmsKICAgL1N0cnVjdFBhcmVudCAwCiAgIC9RdWFkUG9pbnRzIFsgMjk3IDUxNCA0MzIgNTE0IDQz
MiA1MDAgMjk3IDUwMCBdCiAgIC9SZWN0IFsgMjk3IDUwMCA0MzIgNTE0IF0KICAgL0EgPDwKICAg
ICAgL1R5cGUgL0FjdGlvbgogICAgICAvUyAvVVJJCiAgICAgIC9VUkkgKG1haWx0bzpjanBtMTk4
M0BnbWFpbC5jb20pCiAgID4+CiAgIC9CUyA8PCAvVyAwID4+Pj4KZW5kb2JqCjEyIDAgb2JqCjw8
IC9UeXBlIC9Bbm5vdAogICAvU3VidHlwZSAvTGluawogICAvU3RydWN0UGFyZW50IDEKICAgL1F1
YWRQb2ludHMgWyA0MzcgNTE0IDUyMyA1MTQgNTIzIDUwMCA0MzcgNTAwIF0KICAgL1JlY3QgWyA0
MzcgNTAwIDUyMyA1MTQgXQogICAvQSA8PAogICAgICAvVHlwZSAvQWN0aW9uCiAgICAgIC9TIC9V
UkkKICAgICAgL1VSSSAodGVsOis1MzU4MDk3Mjk0KQogICA+PgogICAvQlMgPDwgL1cgMCA+Pj4+
CmVuZG9iagoxMyAwIG9iagpbCiAgMyAwIFIKICA0IDAgUgpdCmVuZG9iagoyIDAgb2JqCjw8IC9U
eXBlIC9QYWdlICUgMQogICAvUGFyZW50IDEgMCBSCiAgIC9NZWRpYUJveCBbIDAgMCA1OTUgODQx
IF0KICAgL0NvbnRlbnRzIDYgMCBSCiAgIC9Hcm91cCA8PAogICAgICAvVHlwZSAvR3JvdXAKICAg
ICAgL1MgL1RyYW5zcGFyZW5jeQogICAgICAvSSB0cnVlCiAgICAgIC9DUyAvRGV2aWNlUkdCCiAg
ID4+CiAgIC9SZXNvdXJjZXMgNSAwIFIKICAgL1N0cnVjdFBhcmVudHMgMgogICAvQW5ub3RzIFsg
MTEgMCBSIDEyIDAgUiBdCj4+CmVuZG9iagoxMCAwIG9iago8PCAvTGVuZ3RoIDE1IDAgUgogICAv
RmlsdGVyIC9GbGF0ZURlY29kZQogICAvVHlwZSAvWE9iamVjdAogICAvU3VidHlwZSAvRm9ybQog
ICAvQkJveCBbIDAgMCA1OTUgODQxIF0KICAgL0dyb3VwIDw8CiAgICAgIC9UeXBlIC9Hcm91cAog
ICAgICAvUyAvVHJhbnNwYXJlbmN5CiAgICAgIC9JIHRydWUKICAgICAgL0NTIC9EZXZpY2VSR0IK
ICAgPj4KICAgL1Jlc291cmNlcyAxNCAwIFIKPj4Kc3RyZWFtCnicRZDBEsIgDETvfMX+gGkIkMDd
H+jJs9NxvFSd6sXPl1ZKJ6d9LLuBxY1YnKjBi0AF0fC+4YLnCklChg9MnhMe6EQSFU0QY0olrldJ
edWRbDv/6wlBqiMU19FcUSQ9PEEycSg9s+vWOh1EmYzNbRk7ipRj7pmaSdj21q6nY7NG5n1311F/
XMs89FZbQ9ZPWVyVGVznFBNps5mV1JJS8ILp4YYr4/7B8PWK88uNdX5LnEgzCmVuZHN0cmVhbQpl
bmRvYmoKMTUgMCBvYmoKICAgMTc5CmVuZG9iagoxNCAwIG9iago8PAogICAvRXh0R1N0YXRlIDw8
CiAgICAgIC9hMCA8PCAvQ0EgMSAvY2EgMSA+PgogICA+PgogICAvWE9iamVjdCA8PCAveDE2IDE2
IDAgUiA+Pgo+PgplbmRvYmoKMTYgMCBvYmoKPDwgL0xlbmd0aCAxNyAwIFIKICAgL1R5cGUgL1hP
YmplY3QKICAgL1N1YnR5cGUgL0ltYWdlCiAgIC9XaWR0aCA4MDAKICAgL0hlaWdodCA2MDAKICAg
L0NvbG9yU3BhY2UgL0RldmljZVJHQgogICAvSW50ZXJwb2xhdGUgdHJ1ZQogICAvQml0c1BlckNv
bXBvbmVudCA4CiAgIC9GaWx0ZXIgL0RDVERlY29kZQo+PgpzdHJlYW0K/9j/4AAQSkZJRgABAQAA
SABIAAD/4QCMRXhpZgAATU0AKgAAAAgABQESAAMAAAABAAEAAAEaAAUAAAABAAAASgEbAAUAAAAB
AAAAUgEoAAMAAAABAAIAAIdpAAQAAAABAAAAWgAAAAAAAABIAAAAAQAAAEgAAAABAAOgAQADAAAA
AQABAACgAgAEAAAAAQAAAyCgAwAEAAAAAQAAAlgAAAAA/+0AOFBob3Rvc2hvcCAzLjAAOEJJTQQE
AAAAAAAAOEJJTQQlAAAAAAAQ1B2M2Y8AsgTpgAmY7PhCfv/AABEIAlgDIAMBIgACEQEDEQH/xAAf
AAABBQEBAQEBAQAAAAAAAAAAAQIDBAUGBwgJCgv/xAC1EAACAQMDAgQDBQUEBAAAAX0BAgMABBEF
EiExQQYTUWEHInEUMoGRoQgjQrHBFVLR8CQzYnKCCQoWFxgZGiUmJygpKjQ1Njc4OTpDREVGR0hJ
SlNUVVZXWFlaY2RlZmdoaWpzdHV2d3h5eoOEhYaHiImKkpOUlZaXmJmaoqOkpaanqKmqsrO0tba3
uLm6wsPExcbHyMnK0tPU1dbX2Nna4eLj5OXm5+jp6vHy8/T19vf4+fr/xAAfAQADAQEBAQEBAQEB
AAAAAAAAAQIDBAUGBwgJCgv/xAC1EQACAQIEBAMEBwUEBAABAncAAQIDEQQFITEGEkFRB2FxEyIy
gQgUQpGhscEJIzNS8BVictEKFiQ04SXxFxgZGiYnKCkqNTY3ODk6Q0RFRkdISUpTVFVWV1hZWmNk
ZWZnaGlqc3R1dnd4eXqCg4SFhoeIiYqSk5SVlpeYmZqio6Slpqeoqaqys7S1tre4ubrCw8TFxsfI
ycrS09TV1tfY2dri4+Tl5ufo6ery8/T19vf4+fr/2wBDAAgGBgcGBQgHBwcJCQgKDBQNDAsLDBkS
Ew8UHRofHh0aHBwgJC4nICIsIxwcKDcpLDAxNDQ0Hyc5PTgyPC4zNDL/2wBDAQkJCQwLDBgNDRgy
IRwhMjIyMjIyMjIyMjIyMjIyMjIyMjIyMjIyMjIyMjIyMjIyMjIyMjIyMjIyMjIyMjIyMjL/3QAE
ADL/2gAMAwEAAhEDEQA/APf6Q0tRySLGjO5CqoyST0oAfxS5rEl8SaShP/EyteP+moqrJ4r0lemo
2x/7aCnysDpM5ormP+Es0v8A6CFt/wB/BR/wlul/9BC2/wC/gp8rA6eiuY/4S7Sv+ghbf9/BR/wl
ulf9BG2/7+CjlYHT0VzP/CW6V/0Ebb/v4KrXnjnRrG3M819GUH9w7jRySYrpHX0V52Pi14ZIz9rl
/wC/Ro/4Wz4a/wCfuT/v2atUZC50eiUV55/wtnw1/wA/cn/fs0f8LY8N/wDP3J/37NHsavYOdHod
Fee/8LY8N5/4+5P+/Zpf+FreG/8An7k/79ml7Cr2DnR6DRXn/wDwtXw5/wA/cn/fBo/4Wp4cP/L2
/wD3waPYVewc6PQKK4D/AIWn4d/5+3/74NH/AAtPw7/z9v8A98Gj2FQOdHf0VwH/AAtPw7/z9v8A
98Gj/haXh7/n7f8A74NP6vUDnR39FcB/wtLw7/z9v/3waP8AhaXh3/n7f/vg0fV6gc6O/ozXA/8A
C0fD3/P2/wD3waQ/FLw6P+Xt/wDvg0ewqC50d/mjNef/APC0/Dv/AD9Sf98Gl/4Wn4d/5+pP++DS
9hU7D54nf5ozXn//AAtPw7/z9Sf9+zR/wtTw6P8Al6k/79mq9hU7MOeJ6BRXn/8AwtXw7/z9S/8A
fs0n/C1vDv8Az9S/9+zR9Xqfyh7SJ6DRk159/wALV8Of8/Uv/fs0f8LV8O/8/Mv/AH7NL2FT+UXt
InoOaM159/wtbw3/AM/Mv/fs0n/C1vDn/PzL/wB+zR7Cr/KHtInoWTRk157/AMLW8Of8/Mv/AH7N
L/wtbw5/z9S/9+zR7Cp2D2kT0HNGa89/4Wt4c/5+pf8Av2aP+Fr+HP8An6l/79mj2FT+UftInoWa
M159/wALW8Of8/Uv/fs0f8LW8Of8/Uv/AH7NHsKn8oe0ieg5ozXn3/C1vDn/AD9Sf9+zR/wtXw5/
z9S/9+zR7Cp/KHtInoOaM159/wALV8O/8/Un/fs0v/C0/Dv/AD9S/wDfs0ewqfysPaRPQM0Zrz//
AIWn4ePS5l/79mnj4n6Af+W834RGj2FX+Vi9pE73NGa4MfE3Qj0ln/79Gl/4WXoZ/wCWtx/36NP6
vV/lYvawO6zRkVwv/Cy9E/56XH/fo0f8LL0P/npcf9+jR9Xq/wArH7WB3WRRmuE/4WZoX/PS4/78
mk/4WdoQ/wCWlx/35NH1er/Kw9rA7zNLmuBPxP0H/npcf9+TSf8AC0tA/wCetx/35aj6vV/lYvaw
O/zRmvP/APhaXh/P+uuP+/LUn/C1PD+f9bcf9+Wo+r1f5WHtYHoOaM159/wtTw//AM9rj/vy1H/C
1PD/APz2uP8Avy1H1er/ACsftIHoOaM159/wtTw//wA9rj/vy1H/AAtXw/8A89bj/vy1H1ep/KHt
IHoNFeff8LU8P/8APa4/78tR/wALU8P/APPa4/78tR9Xq/yh7SB6DRXn/wDwtPw//wA9rj/vy1H/
AAtPw/8A89rj/vy1H1er/KHtIHoFFeff8LU8P/8APW4/78tR/wALU0D/AJ63H/flqPq9T+UPaQ7n
oNFef/8AC1PD/wDz2uP+/LUf8LT0DtLcf9+Wo+r1f5Q9pDuegUma4H/haOg/89bj/vyaX/hZ+hf8
9Lj/AL8mj6vV/lD2kDvc0Zrgx8TtCP8Ay0uP+/Jp3/CzNC/563H/AH5NH1er/KHtYHd5ozXCf8LM
0L/nrcf9+TSf8LN0L/nrcf8Afk0fV6v8rD2sDvM0ma4P/hZ2hf8APW4/78mj/hZ+g/8APW4/78mj
2FX+Vh7WB3maM1wX/Cz9B/563H/fk0f8LQ0H/nrcf9+TR7Cr/Kw9rA76iuA/4WjoH/Pa4/78mj/h
aWgf89bj/vyaPYVf5Q9pA7+ivP8A/haegf8APW4/78tR/wALT8P/APPa4/78tR7Cr/KHtIHoFFef
H4q+Hx/y1uP+/DUn/C1vD3/Pa5/78NR7Cr/KHtYHoVFee/8AC1/Dv/Pa5/78NR/wtjw7/wA9rn/v
w1L2NX+UPaRPQqK88/4Wz4c/57XP/fhqT/hbPhz/AJ7XP/fhqPY1f5Q9pE9Eorzv/hbXhv8A57XP
/fhqP+FteG/+e9z/AOA7Uexq/wAoe0h3PRKK87Pxb8N/897n/wAB2pP+Ft+G/wDntc/+A7Uexq/y
h7SHc9FpK87/AOFt+G/+e1z/AOA7Uf8AC3PDX/Pa5/8AAdqPY1OsQ9pDueicUd687/4W54a/57XP
/gO1W9O+J2ganqENlbSzmaUkKGhZRwM9TSdGa1aBVIs7qlqpFdLIMqcirKtkVmWf/9D3/tWR4kfZ
4e1DnH7h/wCVa9Yfik48Pah/1wf+VNbgfGVxPObq4/fzjErf8tD6n3qLzpv+e83/AH8P+NE5/wBJ
uP8Arq38zUea7I25dhXJPOm/57zf9/D/AI0edN/z3m/7+H/Go6KrTsIk86X/AJ7Tf9/D/jR50v8A
z3m/7+H/ABqOiiy7ASebL/z2lPt5h/xoMsjDa8zsP7pdiP503PFJTSQBz2Y/maOf736miiqFZC8/
3v1NJls9f1NFFOwWQEtnr+ppct/eP5mkopBZC5f+8f8Avo0bn/vH/vo0UUXYWQbm9T/30aNzep/7
6NJiinzsOVDg7ep/76NL5jf3m/76NMpapTYcqHhz/eP/AH0aN5/vH/vo0zNGafOxcqJA7f3j/wB9
Gl8xv7x/76NRZozT9oHKibe394/99GlEpH8R/wC+jUG6jfVKq0JxRZEpPf8A8eNPDn1/U1VDUu81
oq0hOBcDf7X6mjn+9+pqushFP8ytVVbI5SUZ7N+pp25h3/U1EGpwY1fMyWh+73/U0Z9D+ppvWlxT
uxWFyfX9TRz6/qaSnYouxaDTn1/U0c+v6mlIoxRdjuhvzev6mkOfX9TTyKTFF2FxuT/e/U0En+9+
pp2KMUczHoIM/wB79TUyg/3v1NRAVNHxSuwdizCDx/ia0oR0/wAaoRHpWhCcYqk2ZyL0OPT9asAA
DrVVGqUPxVpvuYsmyKYWAqPfTC9O7BIkZ6ZvqMtmm5pXY7EhemF8npTSaTNHMwHZHpTSRnpSGii7
AXj0o/CgClHWldgJgelGB6U7vShc0XYxuPajHtTiD0pyqaLskYAPSl2+1SiPNO2UXYEATJ6U7yva
rCoAKCwFF2BCsPtUohXuKUS00y0uZjH7EA6UuFHpUJlqIymjmYWLRdR0FJ5oFVPNNMaTNHOxWLnn
Co2lFVd9JvpczKsWDNTPN/zmoC1IWpczCxY83/OaQy1W3UbqOZjsTmX2pPN9qg3UFqXMx2JzL7U0
ye361DupM0czCxKX/Ck3+9RE0Zo5mFiQSH2pPM+lRZoqeZlEnmc9qC30plFHMxClvpSZ+lIaSjmY
Diw9qTP0puaKOZjHZHtSZpKKTkwFyK1PDM/2fxLZTDqrH+VZOatac+zUIWHUGs6r/dy9GOPxI+jd
G1M3EY9MV1du+9QR6V5f4VnZoxzXpdicxKT6V4J3H//R9/rD8U/8i9qH/XBv5Vt1ieKBu0C/H/TB
v5Ur2YWufFk//H3cD/pq38zTMVPdQstzOwB/1r9v9o1WrqhO6CUHEXpS5pKKu5IZpRzSUU7gOozT
c0tNMBRRSUZqriFFBoFFO4BS4pKWqTAKKKKdwCjFFLTsFxMUUtJS5RXEPWgUtLS5RjaWjHNLiiwD
aKdijFKw7iClzSd6WqsFwyaUE02iqTaEyUORTg5NQilBxWkalibXLSnPen5qpuxTxITW0alyXEsZ
p2ahVqkBrRSM3EfmjikFKMVRNhSKbinZpaAG4oxTsUm2nYLiCpVGaYBipFpWBssx9quxnGKoxnpV
xD0qkQy6hqTtUCHipAapENC7jSHPrSHrSZoELnFJ1oNFIBMUU4DJpdvNADaAKdspypQA0LSgc1MF
4oAAoAj209Vp3FGaQBsHrSgCmFuaaWo5hEuRSM4AqHfzTWapchomMnHWmGWoC1IWpXHYmL1Gz0wn
imE0rjsSFs96aWqPNLmi4WF3GgmmZpSaVx2DNJSUZouMM0lJnmkzRcBaKQ0maVwHYpCKTNBNFwFx
Rim5ozRcBcUlGaQmlcBaKbmgmkMXNGabmjNFwHUfjTCaM0rjsLmim5op3EOpM0UUrgLU9l/x+xfW
oKnsv+P2L61FR+4/QqPxI9m8I/6sV6hYf6pR7V5f4R/1Yr1Cw/1a/SvDZ2n/0vfaxfE3/IAvv+uD
fyrarG8Tf8gG+/64N/Kh7FQ+JHx7P/r5v+ujfzNVZrYEZSrc4/0iYf8ATRv5mozXNGfKz3J0edIz
CCpwwoz6VoPEsg5HNUpYXjbOOK7qdVSR5NfDOD90jpRScUordWZyvQKKKKL2C6ewoopKM0cwC0Zp
M0tUmKwuaKTFGaq4CjrTqbmlzTTAO9OHSmilzVJgLSUvakq0AUUUCgQooxR0ozTsAYoooosAcUHF
FBosAlLSUZpWAWikzRmi9gE708HFNpaOZoY8NUivUOaUGtYzJauWQ9PBqsGxUqvW6kjNxJgacOai
DU8NVolxH0uKAaAc1aZLQAVIq0gFSAUyWSRjmrcdVoxzVpM0EssJ0p4JpqKcVKEJpktjcZo21JsP
anCM0hXIgtLsqUIacEoC5EE5pwTmpNtGKAuJtpRxQTTe9FxDi1NJppNIalsEBakL8U0mk7VNxhup
pakzSZoKAnmmk80pNJmkwEY8U3NOPSmmkAZpM0UmKQwzQTRikoATNGaCKSgB1NpaSgYhpKU0YoAS
kNLSGgBKKKOtIYZpM0uKTFIAJpM0hooAM0E0YpCKQwzRmjFGKAA0lLijFIBKUUYoIxTAKKKXFABU
9l/x+RfWoKnsv+PyL61FT4H6Dj8SPZvCP+rFeoWH+rX6V5f4R/1Yr1Cw/wBWv0rw2dp//9P36sXx
MM6Fff8AXB/5Vt1ieJedDvf+uLfypPYqHxI+Qpk/0ib/AK6N/M1GUq9NHmeU4/5aN/M1GYvauHmu
z6z2DsipsppXd8rc1b8v2ppj56U1Oxm6HczZ7TPKflVUgrwRitkpz0qGa1V1PHzV10q9nZnmYjAu
10ZdFTPbvDw3IqIAt0rvi4yV0eTOnKDs0JRS89xRRZkpX2EpaMUYoAKKMUVVxMWiiii4CiikzS5q
kxC9qKTvS1akAUUUVSYCilpB1pasQtGKQUtOwBikIp1BosA3FGKWlxRYBuKMUpFGKVgExSU7FGKL
ANoFOxRiiwCU4Gm0U0wJg1SK1QA0u6toyE4lsHNOBquj1KrCtou5lJWLC1IKhU1Kpq0zJlmPrVqM
ZNVYgM1diHNUQywinFWEQ02Ic1ZVadjNjQlPCcVIq0/bSFcr+XRtx1qfZSFKQXICoxTan2U1koC5
XbrTe9WNlMZeelIZA3Wmmpthz0oZPapaGiuetJU2z2prJ7UrDK560VKV9qbj2oKIjSVKRTSKVgGG
mmn4pMUrAMoNPxTSKVhjaSnYNJmiwCYoxS0UANoNOxRQMjNFPNJigBpppp5ptACGkFOIpKQxKQ0t
JQwENJTqMUgG0GlooGNop1FKwDaKdRRYBO9LS4oAp2FcTFLilxRiiwXExU1n/wAfkX1qLFTWY/0y
L61FRe4/QqL95HsnhH/VivULD/Vr9K8v8I/6sV6hYf6tfpXhM7T/1Pfu1Y3iP/kCXv8A1xb+VbJr
H8R/8gS9/wCuTfypS+E0pfGj5ZkjHmy/9dG/maiMNTyN++l/66N/M0ma8x7n6HGCcUVmhINRtEfS
r/HegqDSIdFMzTHjtTPLrSMWe1MMFUmzKWHujOaEMMEZrPuLFlO6Ot1oaj8vA5/KtoYiUGefXy+N
RbHNMpU/NSbe9blxYJMMqMNWXLbvEcOp9jXr0K8ai1Pm8TgKlF6FbFGKftpdtdTpnDcjxRin4oxU
cgxlFOIoxS5AG4op2KMUnEQmaM0tJRsAtKKbTqpMAxTuKZS5q0wFozRRVpgLmlptOqkAg5NOpB1p
asQUlLS0WATFJTqQCiwCUc07FHWiwDTSYp2MUVLiA3BpRkUuD60mMUbAODEU9DUVOBxWkZCaLSMa
nVhVEE1Yibjmt0zOUTQiar0Dc1mxNx1q7EelWmYSRpxuKsrJWchIqYSHAp3M2jRDinhwazvOwKeL
jimTY0QQaXg1QW64pwufegLF3aKCgNVftHvThOPWgRY8vim+VzTBOPWnCZfWiwAYh6U1os9qkEgP
cUvmD2osBD5PHSmND7VbDAijg0rBcoGA56Uww+1aW0GkMII60WHczDDTDF7VpmAUn2YUWC5ltFxT
PKrVNqKabUVLiO5l+Wab5fNav2Wmm0o5R8xmeXSGOtM2tNNr7UuUOYzSlJsrRNrx0phtqOULlApS
bKum3NNMGKmw7lIpSFTVpoTTTFRYaZXK8U3FTmPmmlKLBcgpKm2U3ZUjuR0HipNlIUosFyPGaMU/
bRtosFyLFGKl2+1G32osMixRipdvtRtosBGBx0pce1PxRiiwDMUuKdj2oxTsA3FGBTsUbaLANxU1
oP8AS4vrUeKmtR/pUf1rOqvcl6MqHxI9g8I/6sV6hYf6tfpXl3hH/VCvUdP/ANWv0rwGdx//1ffj
WP4i/wCQJe/9cm/lWzWL4jP/ABJL3/ri38qUvhNKXxo+WXP76b/ro38zQGqN3/fS+8jfzNAavMe5
+gQqLlRMDTs4qIH0p+c0jVNMkBpeD1qMNzTwady9BSoNNMa+lPzSgj0p2uJpdSBoAfY1BLaK64cc
HvV8YJ6UpQVUZOOxnUw9OotTmbnTXhJZRuSqRTBrsTGMYxxWfdaVHNlowQ314r18Jj18NTc+bx2S
6udM5zbzSFauS2rwsQynioGQr1r2IqM1c+ZmnTlyyREVpNtTFabilKkSmnsRbeaCOal20m2odIdy
LFGKkxSbah0guMxRinYpMVDpjuJRS4pOanlaHcDQKKKNRC5pRTe9KKpSAdS5puaWtIyFYcDRTc0o
NacwDsUAUm40oNUncBaSlowKqyENNGKWilYBKQ07FGKTQDcUvelxSUrAOFSoxqIGnqTTTsJrQuwt
zV+FqzYjir0JreLMJo0EbinhqgQ1IDWiMmiTNGabmjNAhxNKCabmkJNAiXccUByKiyaMmmFibzSK
d5xqvk0bjQFi0Lg4pVuTmqm40oJoCxeF1inC7rP3GjJoDlNEXnvTvtee9Zm40bjRcXKaouh604XY
9ayd59advOOtFw5TXFytKLhDWQHOetOEhHei4rGv5y0okU1kecaeJzjrTuKxq7kNL8prLE59alW5
IpXCxe2r0ppjWq63HNO88UBYkMIqMwCnibNO3g0WFcrNBzxUTW/FXsimkA0rXGmZxgNRmA5rT2A0
0xD0o5R3MzySKb5BrSMOe1J5PtU8pVzMMNJ5JrTMPtSGD2o5QuZvlEUeV7Vo+RntR9no5QuZ3le1
HlVoeT7UnkZ7UuULmeYqb5RrQMPPSkMI96OUdyh5VHl1daGmGI0coXKuzim7KteUaQxYpWHcr7Ka
V5qwUNNKGiwXIdvNS2oxdx/WgpT7Zf8ASU+tZ1V+7l6MqD95HrXhD/UivUbD/Vr9K8u8I/6kV6jY
f6tfpXzzPQP/1vfqxfEnGh33/XFv5Vs9axvE3/ICvv8Ari38qUti6fxI+TpH/wBIl/66N/M0qyD1
qvKxFxL/ANdG/maarGvOcdT7CFZ2ReD+9SK9URJUiy1NjojXLm70NODVVVx61KH96RvGqWA1PDCq
+73pyvQnY3UkycNzUgORzVcPUgarvcpMeR70oz0pmeaduovrcHqNmgjmUhlAOOtZNzpzRksqlh7V
tg8UEqVwRXdhsbOlvsebjMspYhXS1OXaHnGOaiaLnpXQ3Nisih06+lU0067nYiC1Z/pX0OHxlKrH
RnxWLwFbCyfMtDHMdJsxWudE1cE/8S6b8j/hTf7B1g/8w2bP4/4Vu5w7nIuZ7GRtpCBWx/wjmuN/
zDZf1/wpp8Na5/0DZf1/wrNzh3HqY5FIRitg+Gtc/wCgdL+v+FMbw7rajJ06X9f8Khyp9xmVimkc
1pPourr10+b8j/hUJ0vU162EuP8AdP8AhUPlGUsUYqybC+/58pR/wA0hs70f8ukv/fJqbRArEUgz
Vj7Jef8APpL/AN8mmtbXQHNrL/3yayaQyGlzT/s9x/z7Sf8AfJpphnHWGT/vk0k7DEBzTgaaUlA/
1T/98mgK/eJ/++TVKYhwp2aj+cfwN+VLuPdW/KtFNCH5pQaZvx/C35Ueao7n8q0U0xWJOKOKj85e
xP5Uvnr3J/KtFJAScdqSmiVT6/lS+YvYn8qbasA7FJSeYv8Aeo3g96VkA4CnqKYCD/FUikf3qLIL
smjq9D2qnHg4+ar0fQc5rSJjItR9amAqOMcVKAa1RiwopcGk5oJFpKOaWgBKKTvS0wCiiikAUtJR
mgBaKTNFABRzRRQFgozRRQAuTRk0lFAx26nb+KjooESbqUPUYpc0BYmElKJKhBo3UCsWRKakE3vV
TfS76dwsXBP704TZ71SD0qvRcVi8JR607zPeqIenB/elcC4JRTt4NUhJS+bVCsXcigEVVEvvThJ7
0BYs8Glx71XEnvSrJz1oCxOQKTb7UzeM9advB70CF8sUhjB7UbvelB96QDTDmozDVjPvSEUBcqmH
0phiOelW8CkK5pWHcpGI56VG0dXylMaLNJoaZQ2U6Ff36fWrLR4OKaiYkBx3rKqv3cvRlwfvI9N8
I/6kV6jYf6tfpXl3hD/UpXqOn/6pa+dZ6R//1/fR0rG8Tf8AICvvTyG/lWzWL4n/AOQBff8AXBv5
UnsVT0kj5GkkX7RN6+Y38zSDB6Gqsx/0qfn/AJaN/M00MR0NcjjqfRQr2ReKke9AGfaqqzuvvUwu
QfvDFS4m8ayZMCRT1eo1kVu4p5GelQ0bxmSiT3qVXFVMGnBiKlxNo1Wi6H9KkV+Kzw57VIspqbM6
I1S+HFODA1TWSpA9FzVTLYYYpwIxVYNTwTinc0Td7onB64rR0jXbvRLhZbdIpFByUkTdmspWp6mt
IVeX4SKtOFZWqK57l4Z8Z6RrsSRy2sME/QgqOTXWGGELxbwn0PlivmJGeORZIZGjdTkFTiu88L/E
i8051g1eQSQdFcnn8a6oVlLdnzWOyRr3qWx660KAZ8iEH02Coti/88Yf+/Yo03VLLVbZZ7WVHVhn
AOcVa2dRit1Lsz5+VNwfLIoso/54w/8AfsUwxqRzBD/37FXfLBNRtHg0+aRNkZ728TdbeH/v2Krv
Y2xzm2i/74FapT2qNk9qFKXcNDFfS7Fv+XSM/wDAaibR9PPWyT8q2zGPSmNEPQ0OUl1HYwJNE07P
FmlV5NE07H/HkproWhyelQND83Q0uaXcLHPtoemf8+K/nVeXQdLP/LiPzro3hqu8PNLnkBzTeH9K
zzYj86ibQNIH/LiP++q6NoeelV5IeaOaXcLGAdA0Y9bD/wAepv8Awj+iA/8AIPz/AMCNbLxVA0f1
o55dwsUV8PaAeum/+PmpV8M+HG/5hn/j5qTG08k1IshHen7SfcLEX/CJ+G2/5hpH/bQ0o8F+G3/5
cMf9tDVpZz61Zjm45NNVZ9wsZf8AwgPht+lsR/wM0xvhv4df/lmV+jmt5ZeeoqZZc9OKr20+4NHK
t8LfD79GYf8AAj/jVdvhJoLDi5lH4/8A167dZBT8+5pqvPuKxwDfB/QyMi9n/CoH+EekJ92/nH4V
6KwGP8aglUY7VccRMOU85k+GumwfdvHOPeqM/hK0tuk7GvQrlTg5xWDerwcV30aknuc1Q4yTTYoe
AzGoDFjoK3LlOT1qgyDNejDVHK3qZ5TmmlcVdMYzTGi9qqwrlTFGKsNGKaYz6UDuQFRSVOYzjpTf
L9qAIsUmKl200qc0hjDSU8qaTafSgBtFOxScUAFFFFABRRRQAUUUUAFFGKKADNLSUUALRSc0c0AL
mlNNFKaAFFLmm0UAOzS5plFAWJN1GaZmjJouIfupwaosmgE0ATB/enByO9QZNLuoAseZ709ZDjrV
XPvShjQItiT3p4k96phjS7zTE0XBJ71IHz3qiHPrUgc0BYtZp2aqq5p/mc0CJ6TFRh/el3UWHqKR
zSbRml3UZrOsv3cvRlU/jR6J4Q/1SV6jYf6ta8u8If6pK9RsP9WtfNPc9Q//0Pfu1Yvif/kAX3/X
Bv5VtdqxfE//ACAL7/rg38qT2Kh8R8czf8fM/wD11b+ZplOmP+lT/wDXVv5mm5rne57EfhQoNBNJ
R1oLTH/TNKHdOhpnQ06lYqM5E63Mg7VKtyD94VTozUtGqrSRoCWNjwaeT/drOBNSLIy96lxOiFcv
BjThIRVVJwetTKVfoazcTphUJ1lqZZcjrVQgigNg4pWsdEati8sgqYPkVnh8VMslS0bRqXLin3p+
Rgj5RnqT3qqsnepBICelNSNVK6szU0nVr3RJlksZWTByRu61614Z+I2n6oI7a9byLrpyuM/jXiu8
EUoPzB14YdD6VrCrY4cVltGurrc+olKsu9drr2IbNIAD9DXh3hfx/e6LKsN2DPAeMkngV69o2vaf
rdqJ7SYe6d811wqKR8picBUw8tVc0XjGOKiMftVgEng8UHB5HStNOhwq1ymUx2prL7VcKA1GyUC1
6lPy+9RsmeMVd2EU0pnrQBnNF7VC0PtWk0dRtHx0pAZbQ+1V5IPatcxe1QvDQMxpIOOlVmh9q23h
yOlVWhwelFgMaSD2qsYyK2ZIarSQCkBmcrT1lIqd4KgeMjpQBYSeplm96zclaeJSKANZJferCy1k
JPVpJxQBo76jdgagWYGhnFXFksrXPQ1g3fetud8g5rFuiCDXoUHqc9Qw7gc1RdRmr1yeaouea9em
9DjluRFeaNlOorREkRQGkMdS4FBFAFYpSFOKnK0m3iiwXK+ymFOatbOOKYV55pWHcrlcU0rU5U56
Cmsg7kClZ9BpkG3IpCtSEgcZH4U3en+0T9KPVBcZtoxS4mcny4Wb8KelrfyD5bRqPd7juyLGKKtr
pGqykBbNqnTwtrch4tmGfapdSC3ZSjJmbikx7Vtr4I12QcxFR9KmT4ea4444/Codan/Mh8kjnvwo
/CumHw11w9XA/CpB8MtaPWYflU/WKP8AMP2cjlMZ7UYxXWj4Yax/z3/Sj/hWGs/89/0o+sUO4ezk
clR+FdZ/wq/WP+e/6UxvhprI/wCWv6UfWKHcPZyOW/ClHHaulb4b62B9/wDSov8AhXmuDv8ApT9t
T/mFySOfz7Uv4Vtt4C11e2fwpjeCNeX/AJZ5/CmqsH9oOSRjnPbik5rUbwlrif8ALA1GfDWtr1tj
R7SH8wckjPzQDVw6FrC/8uhqM6Rq69bM1Sn5oLPsQZoyakOnaoOto1NNnqP/AD6NT5l3E15Dc0ZN
KbbUP+fRqTyL4dbV6OaPcVvIXJoyaTyb3/n1f8qPJvf+fR6V49ws+w4MadmmCG9/59Hp4tb89LRz
TTj3HZ9hQaXeaT7HqOcfZGFSLp2qN0szSco9ws+wgkNKHJ5qZNE1iQ/LaH8qsp4V1qU8Q7fwpe0h
/MhezkU/M46Uok9a1ofAeuTEfw59q04PhjqsmN9xt/CpliKUd5B7Kb2OZEyL1pVnjZwofk9q7m2+
FEmQZ7w1a1L4dWek6JdX3n75IU3KPWuetiqbg0n0NYUJJpsm8If6pK9S0/8A1a15d4QGIkz616jp
/wDq1rwzuP/R9+rF8T/8gC+/64N/Ktk9qxvFH/IAvv8Arg38qUthx3R8bz/8fU//AF1b+ZpgOafO
P9Kn/wCujfzNMAxXO9z2FskLmnCm4pwoKuLQM0ClpWKSCiiigoKdmm96D1osMeCfrT1cjkcVGDS5
qWi4totJcHvUyyK/fmqIpytjoaho6YVWi7g0ucVXSUgc1OJFYVDR0RkmiRZCKkWWocAjg0mCKTRv
CbRdSTNSK/NUAxFSI5zyaho1jUaL29T97Jx0q9per3+kziazuCpH8OeKyA9SBx3qoysaSjCorSR7
h4V+INtq6R295iK56fMetdxnjggjse1fLgJLLKMrInKuD0rvfCnxEn00x2upzGW2IC+Yw3f/AKq6
qdbufPY/KGvfpns4PrxSnmqVnf21/bLPaTrNEehVs4qzu4rqTT2PnpJp2kPKAio2jp4andaCbpaF
cx00pVoqDUZWkBWMYNRPFVsrTWHtTAoNDVd4fatRkz2qIxcHigDHeHPQVWeDP8NbTRDHSoHg46Ug
MV4RjpVSWHmtuSD2qpJAc9KQzFeL2qPYB0rVkg46VVaHHagCng1IHoZSD0pp46UATpJTzLiqe8il
83NNbisPmkyDWNcv1q9M+M81lXL4zXoUNzCojNuDzVJzzU1zJzVN256161N6anFOLuSZoyKi3H14
pwZcctit1sTZjycHBp3OKrmdAc/M/wBKnt7TULsgW1pMwP8As0m0t2ITvTXdF4LCul0/wDrd+A0k
LxqepIxXV6Z8KYlw94+T6ZrnnjKcNy40Zy2PKzKgOBy31qaKyv7kgQQsQenBNe8WXgnRrML+4jYj
uyg1tRWVjbgCK2hGOmEGa5Z5lFfCjeOGfU8FtPBOuXoGYygPcqa17f4T6hMFM1xIM9QOK9qyMfIu
38KCzf3mrmlmVSWkdDRYZI8ztfhFZxqDPM7HuC1att8NdDtx88e7Hqa7JlJ5O4io3XYu9h8orCWJ
ry+0axoowYfCOh2vKWUTfVeatJpGlx/csYl99tF3rVnC21c5HaoX1G6ki82GHdGPSuR4rVpzu0a+
ytpYteRaJwtqg99tLiAchUH0qna6rFqANtKxjl6AHisfXLG9sPmSR2Qnsa562K5KTqfEUoa8rR0L
XMKnbvUGneaSuUfI9sVyLMktiGDytL6CtTQoGEPmTSuuOgY0U8RGpJJLRjlTSehsedJk/M3FNW8U
nAlwaUkHLLyp71z3iSxMPlywSsrMcYBrarJwhdaijG7sdH58uMq5I9aQSysMhz+lctDd32nQRmYP
LCe4qG51E/b4RBM+2Q5K+lc8MXFpX3KlTaZ13my/32pDLKOrtWTrElxYW8VwGO1vWmaXqk2oP935
QK1deCrKk9yeV2v0NkXEh/iNBmfuxFVJL+1hk8tpMt6UyO+t5GIOQPWtbxekWmS4NdC95zD1NJ5n
qF/KoVlhkB8uTcR2FOyT2p80XpETSH70PWNPyoIiPWJPypuKM0/kLQUx23/PCP8AKk8m1PW2j/Ki
ihSHaI02tketrH+VNFlp+ObSP/vmpKKrmkuorLsQnT9NPWyhP1WozpOlsc/Yof8AvmrJoo55dwsu
xW/snSv+fGH/AL5o/srSv+fGH/vmrNJijnn3Cy7Fb+ytL/58Yf8Avmnrp2mjpZQj/gNTYoo55dws
uxH9i08Hi0i/BaeLezXpax/lS0Uc0u4WXYcFtwPlgjH4UocDogH0plKKT1HZEgncZwSKU3EpH32q
KipsgJPNdupP41keJ3J8Mahnr5fH51p5xWT4mP8AxTV//wBc/wCtMDC8IcxJn1r1HT/9WteXeEP9
Un1r1HT/APVrQB//0vfaxfFH/IAvv+uDfyrarF8Uf8gC+/64N/Kh7Djuj47mH+kTf9dG/maYVzUs
v/HxP/10b+ZpnSuY9xRuhmCKADUhGaAtFx8g0DFL1pQDTttTcpRYzFLinbDRtpXK5WMxRTsYoxmi
4rDaXNG00lUw2Hg+tO4qOlBqbDTJQeKerYqEGnA81LRtGTRZWQ59qmV8iqgbinoxqGjohULRFNyQ
aYJOakDAipZupXHh+KeslRdqMkClY0UmWVkqZHBzVEOakWUkYIxUWtsbRm2tWdJ4e8TXvh66Eluz
tFghogeD+Fey+G/GGneI7QNDKI7heGjY8ivnuOTHBJ/A1YtL25sp1ntJPKmU53etbwqNHDjMBTxC
vFWZ9PjjvwelPBrzXwp8So7wpaaoAkoG3fj7x9a9EWUPGHRgUPIxXbCaaPla+Fnh3aSLXajFQq/H
Wnhqo5hSuKYy5qQHml4piuQkcUwrmrBXNMKUDKpiJNRvGauMvpTCp7ikBnvH7VWkhrVaPNQtEKBm
NJBx0qo8B5rckhBqvJCMUgMCS346VUeEiugkgBHSqctuAOlAGGyEVXcsprYlt+KzZ4dpzmmtwKEs
vWsu4ckHnmr918uayZRLKdsabmNdtJpbmE03sULl8PzWfJcKCQNzN2C11Fj4PvtRbdKxjU12GleA
9LtNslxmVhXd9chBGHsZPc8utLDU9QcJb2kgz3YV1ulfDTU7tg11JHGh6gg5r0yCCxtABa24THrz
Vk3DsBnaPoK5p5jKWiRccNbVswdL+HulWCKbhldh2IrqLa1sbNQIIUwPaqokyaf5pJ55rinVnPdm
6hBdDSFzuGF+X6UokJ6k1QEvNSLL71nr0ZduxeDc9afu4qisvNSeYe1NqSV2Fy0G7U/5cYLc1XR8
lh/FjiuRv9Qv4tXKbiB1Va5sRiHRim1fUqMeZ2udrggZ4phjDAhuhrnIPEkkL+XeRY49a2rXVrW6
T5WAqaWMoVfdvqVKlJbFHVtDiurdmtwBIKydJ1F9OnNrdrhQcV1sc0TkiNg/rWJqGhtqF8XVtiVz
4nCtTVagve/MqFSy5ZFXxElktuLu3YC5z8qrU1ubm90FzcQnzAvCmr0Gg2qMhm/ebe5rTwAAqqAB
2relRmp809mthSnY4TTtNvYZN5iyD2Iq/daVd3ZURny17gV0l5dLZoGKjYetNgura6i3IeTWFOhQ
pN0nLfXzHeUtUtCjaWzWlqIX5YDGapanpMmp7Qr4C1v+SSucdKaYQOo6+9eg4qSs9jLXmujDtNOe
3hFvc4dB0zWbdeGENyJ4WIw2cV1RjP1FN8s4IrKWHpyVkU6j1Xc5nVbG9vIEtxyBUOj2l3p8bwsn
zHo1dUEK9uaY67jkjn1olh4+1VR7gqlo8hwstvc2mq+bdRvIhOflFdDHcWNxCFWJ1456VrtGrgh1
BH0qt9gtVJKxsGPX5qzpYZ0buPUcqlzMsILWyneVbgDP8LGnT63aqxWIMzU668PpctuWUofpmkl0
aKHTykKFpv72a0vVWi2EkrlSDxCslyIXQhie9bTAKA+evauNhs7m0vkkliJAPJJrrJNStIrdZXcA
gdKwwdaq+ZVXb1KqQVvdJ8HGSRn0pMMBkjHtXK32uzSXKvAMKTitMaw1tCklycg9/StaeNp1J6bC
dJo1+cZ4+lFQ29zDexCWFgwPpUuRnFdEWpO8XczA0UUmc01qCd3ZDuKSkpaACkpaSgAooooAXiim
0UAOoptFAC8VleJsf8I1f/8AXP8ArWpWV4m/5Fu+/wCuf9aAMPwh/qk+teo6f/q1ry7wh/qk+teo
6f8A6taAP//T999KxvFH/IAvv+uDfyrZ7VjeJ/8AkA33/XBv5UPYcPiR8eS/8fE//XRv5mkHvTpg
ftM//XRv5mm4rke570VYXFOUUmacKlm8UOCilCZoFPFJs0UUJso8vNSAU4LU3NFTuQGLim7MVb2Z
FN8v2o5h+xKZQ03bVwxUwxYpqRlKi0VQOtGMVKY8GmFarmMuRoQdKUdaOlJmgWqJA1OU81GKVTSa
NIsnBzTlJFRA8U8NxU2N4zJ0b1p55NQBqkDVLRvGVyTHFJzQDS1NjRMVWweakVveoiDigcUPYu7W
pZBBIPII6ODyK7Lwr4/v9FkW3u5RNanjc/UVw27gVJvyOeacJuIqtKlXVpI+mNJ1iz1q1E1lKkq4
y2G5q+r49q+adK1m90W4WeymcDvHu4NeweF/Hun61CkFzJ5N3nG0nqa7KdVPc+axeVzptyjsd0GJ
qRW9aqhyDyVxjt0qQOep5B9K206HkteRYBoxUSPT95zQSKUzTSvtUmcig0xkBWmFKsEUwrk0AVHj
9qhaLIPFXmU1GUzQBnPDx0qrLBntWu0ftVd4jilYDEmt/l6VmT2u7oK6Z4SetVJIAO1AHMnSVdsy
VctrG3t/uRAt6mtFouelQmPBp87CxPHMw44UegFWA5x1qmoxUyt70bgWg2B1p2/3qtupQ1AFpZDT
xIaqBqdvI70AW/NOakWXiqIkOeacJML15oAviUngHp0qpqOtR6bEGDZkPUUJJ/EeoFYdu1tc60xn
OWzxmsKrUdt2XGzNvTfEI1BwoG1/cVLrdobiEXkWDPF2HemokMTgxqM+oqlrOqzaYsTJzG/b3quS
Xs/fYbPQZpcP9vMZb7bEY/lK02TSrlNQEdsSsHdhWfaadd3d4LguUhk+bANdfFKI0WPrgVyU8NTq
r94reZbqtImsLaPT49quXLDkmr6y5XGRistZ+oz1608TDj2rujFRioroY3uaQcZ608MM/hWcs1TR
zA9atWvqBR8QSDy1TGcisKJZYUDxyEAds1d1+fdMoB6Cs+CcKACcg9q8Khgo47HTVS6SNMRV+r0F
bqbFlrcisEm5X1rdhuIbpcoy59K5CSLa28EBfeo/tSWjbhcKp+tdc8PjMF70H7SH4ozp4inV0loz
tymOMDHtTTGPSuf07xPDKdjSA49DXQw3MVwAUcH2rWhjqdbbTyZpOk1ruhhjz2qNovarny//AKqQ
gHpXWrLVGdrFIxe1RmLHar5SmmMUwM8ofSmbSvQ5q+0fpUZiFFwKTxrIpDxg/hWbd6Fa3alcFTW2
0fpUZQ561LhCW4+Zo5o6GtvZMqrvfPBrJ0+xSS4eLU3fyw3APQV3Dqc5qCe0iuVIkAye9cs8HCb5
1ol+JoqrKNta2enxEW8q+WegzzUoubbGBIDVGPw2sVy0hlJQ9s1iarts5cQhwvrVTrKnHnasiV7z
sdOLy0LbRKufrUgOef4exrl9J0eS8k+1SvsiB9etdM09rEgjEi7F9DRh6zqQ5qit2HOCWkdx9FJH
LFMco4pxUrya6VJMhqwlJQAetLTEJijFLRQAmKKdSGgBKKKKACsrxN/yLd//ANc/61q1leJv+Rav
/wDrn/WgDC8If6pPrXqOn/6ta8u8If6pPrXqOn/6taAP/9T33GBWN4m/5AV9/wBcG/lW0axfE3/I
Cvv+uDfypPYqG6PkGZf9Im/66N/M0wrVqRM3Ev8A10b+ZqMrXG5an0yp6EGDThTylNwaVxOLQtKC
c00nmnClYpOxMpqRSKgBqRWqWjohIn69KXFNQ1KKhnVFJjNlBjznAzipQtbnhKwTUtdW1kGQ2KI6
uwVUlFs5lovX6VE8PNbuuWBsNcurcrhVchfzrOaPNVe25jGnGcbozmiOaYUNaDRVC0XWqUjCdAqe
1JnmpzDjNRFOaq5k4WAGng4qPBBpd1PQm9iUGpFPNQK3FSBqlo1hMnU08GoFanhqmx0QkT545ox6
UwGlBwalo3vccRgUZI6Uo+alxU3LE3c5AqRHKSJKh2SKchh1FREUgJoWgPVWZ6R4U+JMtkY7TVAX
iJAEmMmvWLO+t7+IXFrKGiIyB3r5jXk4xx3rd8P+KtR8PXQaCVpYf7jNXRTrNKzPIxmWxnedPc+i
1kFPD5rlvDni+w8RWu8SLFN02E9TXRCRlADDFdcZKWx85Uozpu0kW1bHWnbjVdZMin76ozLA5oAF
RK9PVqAFK5qMipgQaQgUAQFDUTRmrTLTCtAFGSOqskWa03TNV3joAyXixVd1A5rTlQYqnKnFA7lM
8UBqcy03pQIeGpd1RE80uaAJQ1LuNRAj1pc0ASb/AFp6cktnoM1BuqG+aX7IUg++1Jv3boasQ2+u
JLqD2zjCDjdis3WtPntJ/tdqxdevFV30e5ij35YueeKSHUry1by5lJQdQ1eXOs5Nxrxt2ZsoKNnF
ly01i9hj3PHkYqS2S61y533I2wr0GaY/iGEBIhbAs1bsB2W6OqhS46VeGpOotKnNFCnPpazLkbrF
EsSH5VGBSrLiqu7n3pQ/NelbSzMm7lsSkU8TGqe+nb+KBF1Z81Kkx3VnLJg1KsvX6UIT2djI1m5D
XnJ+Uda5vUvGmnacrRoS8o4AC55q/rsxdJQpwa86sNA8+9kmk3OS/Ga4MnrU41ateb0THj0pKFPq
ar+Jdc1liI18qLsScUDTdUuh+9mJH+9W3Fb2WlxBrkheOlZl545tbIlLSIMemTW9TPKsp2w0Loqh
ldasr2sW9L0a+sH8xJi3sTXX2WoXMeAchq8ul8c6pct+4jAHt/8AqqSPxD4klwyQnA9v/rV5uJwe
Nxcudxs/I9Knl7pK0pr0PcrHXiMJOvbqBmtuG6hnUFGGa+d18TeJFYMYSQOoOf8ACuq0Px1cnCTw
iNh3OauEcxwq/ex5l5BVwUGvdmj2PGBkmjiub0/xMsyr5uCK3oruGcBlcHI6V20MZTraR3OCpSlT
+Il25GabsFPJJGBRXVtoZ2IvJqNoqsimlaEGpUaMVC0eavlM1G0dHURR2HoelVbrTbe9QJKuB6gV
qGOozHiiSUtJK47nJ67b3NhbRx2XMWOeahhsrOOzW5lnJYjLLmuuaJXG2RQymsi68OW9w+5GKr1x
XHUw6VT2i/4BpGatZlW2jtby2aW0kIcDODxUemXt5JcPDPHtVT1PpVe5eHTpxFZAmQdVFPafVLtN
kcPl574rCOIUPdabl5K5TgbeFf5o2yPak659qx7G11Owl3SOWjY85FbgKSANG2fWu+nNzWq5X0uZ
SjYjxRinlcGkxWjstOpImKMUtFACYoxS0UAJWT4n/wCRav8A/rn/AFrWrJ8T/wDItX//AFz/AK0A
YPhD/VJ9a9R0/wD1a15d4Q/1SfWvUdP/ANWtAH//1ffqxvEv/IDvf+uLfyrZrG8Sf8gS9/64t/Kp
nsXD4kfJjr+/l/66N/M1GVqxIP30v/XRv5mm7a8++p9koaIr7KaUqyVFMZKaZDplYr7Ui8VMy1GR
iquc7gLTgaYOKcKCkTI3FTI/IqqDzUiNzUNHTTnYuggmux+GsXmeIfNxnYRz6VxKNjntXo3wohzN
cTHpuOPwopJ82pOPq8uHbE+KGk/ZtTF8keEY84FcHs4B9a9x8d6f/aXhm6ZBueONmH4V4lGM5Q8F
eoNVWjZiyqqqlHzIWSoXj9qu7c84prR5rI9J00ygY+OlQtFz0rSaPioWjpqRzzopma0ftUbIRWi0
ftULxmrUjknQsUsEGnA1M0eKidSKu6OdwaHBuakDc1AM5p4PNJoqMrFkNTwc9arq1SBqlo6YzJgf
SnZqINTwalo3jIeKCKQEU6pL3GGgN607GaTbiluGsSe3uJ7OcXFtK0Uy8jYa9R8KfEhJljs9XY+b
wBI1eTZIPB/GlIDcNyPWtI1HDRHLiMLCvF3Wp9QxypJGHikWSNhnep6VKr5GCea8B8MeNr3w/OqS
O0toP4DkmvYtD8Rafr9v5tpMA2PuPwfyrshVUlufNYrASpO6Wh0Kv29KkDVTST+Enn0qZW7ZrRHB
5FoMKUHNQI2akB60wJutJimBsU7d9aLoBrL7VXdatA5FROOaLgZ8q+1UpF61pyL1rPmU80wKEq1A
asy5qs/WgBKM02igBwpabmjNFwHjJ6daA4J+VssOoFRzSCK3eRjgAVytpqktteSyFiyE1jWxEKTt
LQuMHLY7AO/GSce9ZeqXNvC4WaFCrdWIpsWv28p+ckfhUWuT21xZBoyCxHAqa1ZSpc1Np+RUYShK
9itplgJ9T80fNbjkZ7V0pb5sD7o6Vn6NF5OngHoauAkrVYeEacE4qzZM5czuS7s96M1GKXNbXuQS
bqXdUWaXNAEwNODYRzntUIakd8RSfSk3ZAldnMagTNPIo5rMutStPD1nvk2tcEcL71LrGo/2ZDNP
jLdBXnccd54k1UMSWVmHJ6AV8/gcFPFVJJaR6nrqFP8AjT2Q+efUvEN6cmZlY5x2rrdC8EQIokvs
ZI4B6Vv6faWemW4hjUGTGN2OlTyiTg791fYUMNSoxtBWZ5eLzetPSlohkWkafZvtS3iI9dtakTQR
wEJEg7cCqZO+AZIVvc05WAi2qwLfWt739TyZzm37zuTqYXOPJTn2qZ4LAJtNtEXPfbVSOQR5J5bF
HzO27ofenzEKdi0kUUQwmAPQVZhubmFt0TsAO2aqKI05LZNPN0BworzsXleHxCuvdl3R00cZWpaX
ujprLxECoSfgjua3ILqKdMxyKa883h+oFSQ3M1sco5xntXkyo43CaNc8e53Qq0Kz3sz0XcMYB5oB
I965mx8RAbUm4963YbuC4wY5AT6VtRxdOr7t/kXUpOmr9C1QRmowefvCnbq6jMQpTDHUuaQc0AV2
SmbcVaIFIVo3B2OavtExdf2jCORyV9aItWmuVZIkCMpx6V0W3qM8HqKwJtF8vUvM87ZE/p61zzUq
fvUluaR82QmDVLvIedljPHBos9Ku7CYkztIh7E1U1Az2V8I1uSYjg8Gqkup3qTbYCzrXM8RRpu89
ZFezkdKVO7O3ikK8ZHSq+lXFzcg+ehWrxTblRXdTqKS5rWMmQYpKlK00xmrER0Zp+2k20AMNZPif
/kWr/wD65/1rYIrI8T/8i1f/APXP+tAGB4Q/1SfWvUdP/wBWteXeED+6T616jp/+rWgD/9b36sbx
H/yBb3/ri38q2axvEf8AyBL3/ri38qUvhLp/EvkfKci/vpP+ujfzNGKfIP303/XRv5mkxXmPdn3c
Y+6hm3NNZalxQRmlcHErMtR7RVpl9qjK+1UmYSplVl5oFTsvtURXFUnc55QsApUPzUzODTxzTFew
/wAwqvHevXPhjEIdDMzDBaRx+teRBDLIkacl3A+le16BF/Z+lW8GMYUE/WtKMbyOLMq37vkOzXbc
W8ts3IkQivBdatDpuuzQleHYkV7Va3YDA5rzz4m2Iiure+jGAXIOPoa0xEdLmGT4jkqcnc41eBgn
NOwDUSNlQT35qYEYriTPsG9dBpTIphj4qbtRirsgcUyo0ftULRn0q+UqJ05qWjOVMz3jqJoua0Gj
4qJ48c0JtHLOiZ7JimYxVx0z2qFo8dqtSucdSk0RA09WpNlOAxVERuh26pAeKi704VLNoyJQ1PBq
FTUmRUNHRGRJRTQacDUml7himmn0GgTGA/NVuw1G60u6We0lZGBzgHg1VxRgD1pqTTJnTjUVmehR
fF3ULa3VZbASsvVwRz+tPT43yD72mH8x/jXne/jaOneq81qj8rjNenhMTTVozR4WNyvRypnqSfHB
z/zDf1H+NSD43Tfw6d+o/wAa8ceMxHpT1cYr3qdCjUV0fN1I1Kd4yR7GPjZOf+YcPzH+NPHxrlP/
ADD/ANR/jXjykGpVFarB0uxi6kkevr8aJT/zD/1H+NSr8YXfrYD8x/jXj69RVuHrSeDproCqs9bT
4oNN/wAuYH41YTxq9z/ywC5rzK0XkV0FkMYrkq0IrYqM22dvHrBuOqgVKs2+sS06CtSL7orz6kbP
Q2TbLOc0Ug6UtZFhRzziilzgfWgCG4gF5bmIttDDBqqmh2iwmMEFqXWp3gtQsBw7DjFYX26+ssSu
x59RXHXrQhLlmrmkIt7M0JfDhJ/dOB7Vl/Z5I9TitZASN3WpBqt9JJ9ojDFa1NJvE1GQmWMCZe5H
NcahQq1OVRaZq37tma6gRwpGvpS5pCMHFFexsknujmHZopB1pc0AHOaUUnel7UAOBpsxxbyH2FAq
O6JFq5FRUdoNjjujz7xcrzQiFPvMaueHdGXStNR+POcc1NNCtxOJG7etWN7naAeBSyOCVFz7hmOJ
lFKlHZ7kmw555PrUiyPGPm2ntzUO9j90U7Y5GWr2uW55HuxWhyHiabVbKczrIohPQYNYsHifUYJE
kZ8r6ZrrfF0c1xpYSJdzAV5ylpfvIsf2Z+uK8zEOrGa5T6jLZYaph/3y1PXtJ1H+0bBLgjDHrWh5
rtxisbw7ata6WiSjDY6Vp73TnHFejD4dT52ryqpO23QlwwNSKx9KgE5pftDDqKpMxsWQW9KlWQr/
AA5qqtw3pQ98luCZWC+xp81t2HLcuZB6rzUsFzcWrboz+tUIdQilA5FWluFJ4ry8VluGrvnvZ90z
qw+KrUdtfU37HxCeBOv41vQ3sU6Bkk/CuCLiT5Rx9KdHNcW5zG5H415c6OOwa5qi54+W53wr0amm
zPQwxI5p4YVylnr0seBPgity3vYblNyOK2oYylX1Ts10HOnOPoX856UuarLLjjBxTlm54rr8+pne
25Njmqmq2Zu9PdVYqy8girO/NOEmeD09KmpFTVnoPqclYaHNeZa7ZvlO0Z9K24tN0/T0AkIB7Fq1
MgDgY+lUNU0pNVhERkZD6g1ywwlOknKOrLdV7ImVY2X93tK+oqMxc0afbRadD9mMuX7FjVvYAMjn
3FdUJPlIs2UWi5pjJV8xA80wxgiqEZ5SmlKvGKo2ioAplKx/FC48M35/6Z/1roClYnipceF9Q/65
f1oA5jwh/qk+tepWH+rWvLvB/wDqk+leo6f/AKtfpQB//9f341jeIx/xJLz/AK5N/Ktk1j+I/wDk
C3n/AFyb+VTL4TSl8aPldx+9m/66N/M0Dmlk/wBbN/10b+ZoArzHuz75fChMUgFPxSYqUmynGyux
hU0wrUxHvTT9aNTNq7K7Co2XirJApjAYrVMxkkymynOaAamYComXc2wdW4FUjmmra3Oh8F6f9v1d
pWQmKMDGfXNesbcAAdhxXL+EtNOl6ShcYdvmJ9q6ON+Oua66StqfN4yq6lS3QsRSMjCs3xlANQ8N
FyPmjO6tJQDTLuLztLngPI2VU1eLMsLP2dVM8Xgb92B3HFWkOQDVS4VrfU7iI9FNPSXIrzWrM+5o
VLwTuXVNOWq6PmpVaqTOlSTJSBimFBTs0vamO5CUB7Uww1ZooaJcUyhJHz0qB46vSAZqB15NStDk
qxRSKYqMrVtlqNkq0zmlEr4pc1IVppWgmwzvTg1MI5oodirkyvTwwqDOKXdiosXGZYJxS5qENmng
0WNVMkFNzQDRSaHe4meaPpSYyTS4osF2mNKCQYYc1Ukt2Q5HP0q7khqdk88da7sPjalGSd9Dz8Vl
8MRfTUzFfHHQ1Or80+e1VvmX71VlYr1FfTYXGQrLzPk8Zg50JWsXVPI5zVyHrWfC4zV6E5NdUm1o
zg5bmzaHpXQWXJFc5bc4NdFYnla4azujSPY6G0HQVqxDisyzrUiry6m5tEnXgUtIKKwLCgDcwB6U
Uqg7lPXnpTST3AxNbn8m8hPVVOTVbVNWTULaOEJgr3xVy9to7vVEWR9oB6U+TRbMfcmXP1rz6tOv
KVoNfM3i49RlhrVnBaiGWNcgelV9HAm1aSaMbUzwKmfQbZ1YrOpYDjmnaBbTW8ziQcdjRTWIUkpp
aBNxtobDc80lK3INJXftoYBRiiloABS5pKKAHA1Xv3K2be9T1V1M4sjmsMS7UZPyLpq80cyEZz0N
WfK2rksMVBFKccdKUuxPPIroyaLWEicWMkvatExmC8KPxpmXeQAnI9qZwTj1qYYiXPc8V6bXY5Vt
YWXaGC4DCldIY9v7lM9c4qJTmTPenXVzBFtDtzii63loF3cmmG4K8f5U5JCV2tj86rJqVoIpFY87
flx6157e6zqKajL5ZfyweK56uKhDZ3NYU5SPTRDuOFIz9arXlyNOiMs5CqPU1w1r4juAF3nDA+tW
r69/ti3MMkwUMOea5ZZlTt7t/uKjQfU3V8SwuMxkEdvesfXJL3VHV4AwA7AistNEkXiG5HyDjmlN
vq9uPkMZA/2q8+pjqtX3b6GypJbFiK71W1UL5DkD3zVlPEt7EfnikH4VkHxJc2p8uaA5HUqaY3jC
H+O2bPuRXNGFRfD+ZTgmb3/CaFSQSwYeopIvHs5cxhCc1zZe41eXNrbnnuVxXR6X4OdEE13KqA8n
Fevg6ddu7ZlJU+w5/E17LMHUNtzyorpNK8XRsQjymJvQ1kTvZW6m3sojJIOCxFc/PbzRzEMNrf7H
NaYrKsPX961pLqgo4qpTb6o9q0/xDuUbm3L65Fb1vfW9yu5JBn0rwS3uNT01BMwBi64J5NdNpHiz
zyqBXjbIHAryKlPGYPV+/H8TujXo1/7rPXfMK96kEg4759K4208RNCQJ0LZ710Nlex3GJI+hPSun
C42jibKD1CdKUd9DR+3W6T+S0gD+lWPMTP3xke9cFrzTLrIMIO49KkW11gsrE8EetZzxcoVGowbs
UqSte50WvaY2pQLJbz7JE5OD1pPDM08lu8E5LFG6k1hCz1ZVLhsHHrWh4TmYzTJKu2QHk561jSqS
qV0+VoqUUo7nVEZzik2imeZ8xp+RxXqHOJsBpjRA1KCKMZoArmEVg+L4seE9SP8A0y/rXTbc1g+M
kx4P1Q/9MT/OgDhvB/8AqUPtXqWn/wCqX6V5b4Q/1C16lp/+qX6UAf/Q9+NY/iP/AJAt5/1yb+Vb
FY/iLnRbz/rk38qmXwmlL40fLT/62b/ro38zSUrj97N/10b+ZoxXly3Z+gwXuoTHfvXR+F9M0bWJ
DbXl28Fx+H9a54KO/Sly6v5kcjJIOjLVRlYzr0nUjZM9XPwp0rAb+0rkA9CFXn9KYfhVpWSPt9yD
3+Vef0qh4L8fMoTTtVkJA4WRq9MIDxLMjb42GQwPWu2ChI+WxNTFYeWrOAPwr0r/AKCFz/3yv+FR
N8LdK/6CFz/3yv8AhXoOM+ufSo2X61XskcksfW3bPOpfhbpfbUrof8BT/Cq6/DXTra5jmF/cSeW2
4Kyrg/kK9HePI71Vkj9qapIX12rJGA1usSLGudqjFRZINa80JOc4xWfLEQapKxyNt6joZMYq1EQw
dT/EMVnDKmpo5Dn3psL63OM1jwDfXmqvdWzgRsBwaqp8O9YDHEiY+lekpJu6nmnlTkYJrJ0os9CG
ZVYJKJ59H8NdaYAiVPyq5H8MNdbnzUx9K7yGdkIGTWpb3RP8RqVRRus6xK6nm6fCzWu8q/gKsL8K
NSJG65YfgK9QjfKjk8+9U9W8QWujQO88ihscAmqdOKRSzbFVHZHnd38PxpluZLq8PHY4rjtQihgY
rE+73q/4m8aXOr3LLHIyQg9M9a54zB+d7HPrXLNrZHtYV1pK9RkZfLEU1qdt5zQRxWWp3WuREUwq
KkxnikwKDNxIttJtqYjFJtzRcnkK7IKhZSKvFBUTpmqTIlAqg0tOaM0wqRTM2rCg04GmYIpevtTF
cmDU7NQCng0mjWMkSilJpmaXrUmlxTzRnilApCKY+ggNNaFZBk8GnbTThirpVZU5XiY16UK0eWSK
ZjMTZ7VctmHUU9VV+GFL9mKtlOnpXv4TM+e0JnzONyh07zgatmeRXR2H3hXMWZ2kZrprAjIrrrNN
XieOouLszpbTpWpEPlrKszmteL7teZU3NETClNGKUisGUNpVOHBpaMUXXUL2MPVNPnu9TjeEkDPJ
FSnQXGMztnvzUurXclpJE0fQnmq58QIoHB3Vx1J4eL9/Q0SlJaIWTw9IwPlXDBhz1qXTLuTzDZTL
86cBh3qqfEEjZ8tTk9KfoqyzXLzyqVOc80o1aU58tO7Dka3NkdSKMU40g6V2rYhiUUtJigQU6koo
AO9U9W4squd6z9YbFsB71zYx/uZGlL40c/H1IqTkKX/hX71MUZJwOaw/E2qtaQ/ZoW+d+GxXZgJq
lgYtnDiI81do0U1uza42IoYDuDViXU7fbvIAHTGa5zS7JLa03MA0hHWrbW8TgFlri/tiab0J9gi/
Hr1ksmGA/OuT1TVJDrBmQ7osnAz2raGn2x58sUh0+1bOYU/KuevmftklJFwpqJnQa3ayt+8AQ/Wr
gm0uUc4JNQS+HraQEhQCemKzJ/DlwuTE5x7GuZeyqbOxq12NZrHS5gcfKfXNVH0O0J/d3DZPoawp
oby0fDl+KbHf7hh2II7E4rf2c/syuO1zRubK6sfmhumYe5zVY6nqiDPmKV9xVdrxWkEcX72Q/wAP
Wt3SvDd5fYkuFZYvRhXTTw1SXYhyjHdmHDDqGqXQRUHzHkiut07wLallmveWHaujsdNtdNTEUSBs
fexVliTznBr16GGjFe+jmnVl0II47bTowlnCN3uKa9vPdfNM+1O4HFWUCBi3f3pSVJG411S5Vq9D
Ft3sUktR/q7ZQPUkVZh021hXzJV8yWpN3OFGB7Cp7exnuHGAwHrXk4jOIRfLR96S+47aeCk1zT0R
mT2DXzYlIEQ6AVo6doUeAsCEY7kVu2ulxRcyDJrSXagwihR7V50qWLxb5sRLlXZHbBU6S9xalO10
aJDmVsn0rViVIflj471AHzyetODkHOQK6qWEp0UoRInUnL4mVrnW7OC5KyxBpF6Z9ahfxZLuOIAq
YqDU9BGoN50ZIc1nyefp9jJA9tvboG2k1y4iWK5nrZGsZU1Gxpf8JPeSr+7jXAFaHhiRpXlncAMT
msvQ7+xttOkN1Gm8jGGHNbemyQPbmWBQo6VWHpVPaKUp3Co1bY2ll+cmpRLWasnvUyye9d5gaAkq
RXqisvHWpFloAuBs1ieMv+RO1T/ria01k96yPGDf8Ufqf/XE/wA6AOJ8If6ha9RsP9Wv0ry7wh/q
VHtXqOn/AOqX6UAf/9H36sfxF/yBL3/rk38q2KxvEf8AyBLz/rk38qUvhNKXxo+XG/1s3/XRv5ml
HFDf66X/AK6N/M0ory5bs/Qo/CgxS4oNLSKI3iWQYcZIOVYV23g/xzLpVxHZ6jue2OAHPRa43FIV
BXkcetVCbi9DnxGFhiI6n0bDLBdW6z2solifncO1DLXi3hTxhdeHrgRzkzWbHHXpXsmn39tq1kt1
aOGRuqA8iu+FVM+QxuBnh3otBxXioHWrxXjrn+lQstas8+90Zs0eRVCaHrW08fJqpLCKQGC8RBqL
lTWpPF7VSdME0CFicDr1q5HJkCs5SFOTU0TnPHSkUX9ueRUkUrRAknao+8xrMvdastKgMt3IqkDh
c9a878QeObzVcwWa+RCO+eoqJVIpHVhsHOq9j0HW/iDp+kxmC3fz5SMZXnBryjV9du9Wnd53LKTk
A9qyeS7Mcsx6sTSrya5ZVGz6HD4SFHRoDkmrEKkimhamjrJanpqKexIOmKXHFJ2oFBqloJtpCKko
20mQ0RYzSY5qXbSY5oCxEVptTFaTZmgHEiKZFQvHirW3FIRTTIlTKbRmo9hq9sFRmPHSqTOeUGVe
lOFSNGaQJTISaYCngU0DFPBpWNlckC0hWlBp2aLGysMxSAU40veovqDSsKoxVuHOOlVgOlWIz0qu
Z30MpWtrqaMManHHNbFmpDjNZVtjjArbtMFhmvTw+KnH3XqfOY/CwleS0N+yOcVsQ/drHs9o6VsQ
D5a2nLn1PHceR2LIoIpRThWLAZihuBmnFeaRgNuKE2tgsZusWUt7FGYeAD8xqqmnWCxqJZV8wda2
pGMVtIc8Ba5600o6rLM6zlUFcOKp3mnGCb8zWlJ2NODTbNz5sTAgVeUBQAgAHfFYVg7aPfNZzvuj
PO4+9WtS1WK3IW25NbU50qa5naMuvqKSmzTHJNHamQP5tukx6kU+t1r73cztYb3paWimAlFFFAAO
tZutHFuv1rTHWsrXG2wpn1rjx7tQbNaP8RGNGwRHdugGa4C+lN94iZhyqsOK7TUZDbaU7E9c1w+h
jzdReRu7USqOOEjDyOaUb1pyOrPygLjHFNAOPbvVe9uxbXCIehNQDU0S78on5TzmvIUJNXQiW8ea
FfNg+ZR1FQ2+uQS/JJ8rdDWmoDAZOVauV1izSC7LR8ZOa1pJTXK0HLc6eN4ZBuSQH2NJciRbdmRl
/OuNS4lh5jcsfTNa1jb6xqv7tA0af3iK1WEnL4Q0Rm3V3JPMUO5nB6Yqza+Db3XShEJRc53Gu/0L
wNBAgluXDP1Oa6+GGG2QJEoXHfHWvVoUPZ/EJSc9jlPD/gK10mENKkbSD+I1vPZRwIWZguOiVobi
W56VmarlsKziuunN3shzjyq27ZkyuHckDA7UzIprthsAggU+C2muG+QFaxxObU6L5KXvS8jOlgZT
d5aDCQDu61PBZXF0wIT5fWta00hE+aXrWiu2MbUGBXmOnicZrXlZdjupqlR/hq/mU7TSYoQC5yfS
tJSqLtjAFRZzSiuylh6VGNoxJlUk9yQn3z60AmmilzW1+YhDt2aGlSCJpZWwi9qaB82Kx/Elz5ds
kIzhjzis6lSFOF5MaV2Qv4rb7YTBGxhXqRXQWeowX1uJS429wwrFh/sldI8sf63HPSsa0trl3Zbe
QhT71xLGVaclztSi+xuqXU3PEa6eLLdb8ysQK19HQw6UodducYrnLXSJprlBLKG284rqlYKojUcK
MVth4S5nVlGzZnMnVxUgeqobmnh/SuszLayc1KslUw5qRXNAF5ZBWV4sfPhPUh/0y/rVoOay/FDE
+F9QH/TL+tAHNeEP9Wn0r1LT/wDVL9K8u8If6pPpXqNh/q1+lAH/0vfqxvEf/IEvP+uTfyraNY3i
P/kCXv8A1yb+VKWxpS+NfI+XGH76X/ro38zSihv9dL/10b+ZpQK8uW7P0OPwoMZpaUCjFBQUHpkd
aXFBHNUIT7xxjj0rW8PeJL7w5eBoJSYSfmQ96ysYNMPyrgjPeknyvQzrU41IOMkfQOia7a69ZRzw
EByuWTPQ1oFRmuB+FOnmLT5Lp1P7wkr6Yr0DbgAjgk16NOV46nw2NpRpVWokJQVXmT2q4wqN14qz
kMyWLI6VnzQdTW1InFVZosikxmE8WCeOBzXOeIfFUOjB4bc77nHyj0NdhLDgkEcEda8c8a2DWniJ
5GUlH6Me1ZzbSOzBUozl7xlXeo3epXDS3cxcMchfSowex7VEPf8ACnDOea4pa6s+mpRUNETfe5P6
UAYNItOHWlc3THg9qmQ4qADmpUPNJG0GT546UCm7uKcGpmyY6lGaTdSg0WBpC0hFLRUiGmgClIoA
oGhpHNNIqXFIQaBSRFikxUu0UFaaMmiHbSGMVNilK07shxK5QU3bU7LTMU0S9BmKMU/FIRinYSYz
pS55pDSggc1nyu+htdJakqnipogRVGS4SMcnmoftjOcKeK76OBqV7dEebicxpUL21Z0cNwI8YOa1
7OfzGBrk7Vjxzmul0/qvGK9WGFjRXK9z5rE4yVd3vodZYfWtyAHbWDYdq3rfO2sKhyLuWlHFO6UK
OKdjmucoaRSYGPenkUwiizewBt8xDGeQwxXKXDTWN28Fu7LuPQV1YyOR1qu9pB9p+1uQCo71z4mm
8RFcrs1uVCfKc2bG6uzmXdv9TU/9iMkBaSQK+OMmtm31WK7lZF2BVP3qraxNbXkfkRTgyHgBTzXO
sJh1G97/ADNPaTeyJtKDC1KSOCR0xV0jFc1aw3mj3aPck+S/TJrpyAyLIpyrciuyjJtWtaxEl1uN
IxSUp5pK0syAooooYAOtZGuAFEU/3q1v4qyNbI3oP9quHMbew1NqHxnE+LLpktUhU8YrC0BP34A6
5zVvxVLuu0j+tZ+nXH2O5yemKzl79JJM53e8mWvEEhacKvDBs/Ssks5bJPz9jU2oXIu7kyEHk5pI
LSe6b5EwvrTpQ5VypE6LclTWLqKMIXHHtSxW99q84wGI+lbOnaBGPml+Z/SuntoltowFRVwMcCu6
jl7b5mjGde2yMjTfC1rbhXuV3N6Zro47hLdBHEiqo9qijjlnb5ULE1qW2j7BvuTtB9a9Hkp0VoYp
Sm7tktjJPdAYOFFaUjJAuXYDA7msu51S3tB5NvgHHWsl5p71wPmbnpXlYnG0aerevY9GlSm/h2NO
81kkFIOtZQ+03j5JZs1o2mjHhpRtzWxHDDAMIoriUcTilr7sexuowhruzNtNFQKHmyT2FaqIkQAR
QKNx/ClFdtHDU6C9xamU6sp6MXdnrRnPWkpRW7dyApQaSlFC0AdmikoppXAkj+8WPAXqa5TUp47r
VQrSYQDGM1ta3eCz09lQ/vHrA0aO1DF71hljnJrixVVKapStrubQi7XRaOiS7DLGxKt71B5d9ZBi
FKoB1rqoJoDEBA6sg6VJKizRNFKowwqJ5dSkuaGnzBYhrRowvDnmzTyXLuWwOldAWyxPvVa1tks4
mWMcYFTZAPvxXZSg4Rs2ZyfNsPzzTw1RZ5p+askmDcU4P71BupykUAWA9ZniZ8+Gb8f9M/61d3Vm
+JGz4bvv+uf9aAMbwh/qk/KvUbD/AFa/SvLvCH+qT616jp/+rWgD/9P36sbxF/yBbz/rk38q2axv
Ef8AyBbz/rk38qUtjSl8a+R8vSf66X/ro38zSClf/XS/9dG/maTpXmS+Jn6HH4UOpwpKKRQ6iilx
TASmn5pFC9W4p+Ku6Ham+1y2gA4VgSfxppXdjOtJQptntfhDTzp3hXT4W+95K5+uK28Z/ChUEUSQ
joigCgAluBXoxSUbHwGIqOpUcnsMYc0wipyMn+dRSMkYzIwQdiad0jKMXLYhZeDVeVMirmA67lOR
61Gy/wD66Y0nsZUsZHPpXnXxL03fbpdgfdGTXqEiEhsiue8V6YL/AESdDnPlnGBWdRaG+DqctRLz
PBxgqHHfim9DSxgmNflwwOcUEVw76H1WtrjgakB4qAU8NRYpMnBqVTVYNUqNmg2hImBp4aofxpwN
I2TLIPFOBqJDTxTWxoh1OpgNPpDCgClxSgUWLQhFJipCtNIxQDEApSuaBTqDNxGbKNoqQDNLtpku
JAV9KiarLjHaoGXNURODsREmkwafgCopZAi5rSMHPSJyOSSbYSEKvJqhNeAjC1Bc3hc7VNVgcmva
wWXKPvyPn8fms5fu4k2SxyasRCqqnmrkBzxXrtJrTQ8bmfV3NOz+8K6bT+ormrQYIrpLA8iuSror
C0Or0/pW/bfcrA0/oK6C24UV5tTctFtRTqF9KU9a52UIaQ9KU0naj52Abg9qhuovOsnVfvYqfpSD
g+x6im/hce4KTXQwNGit2jkgnfy3yeapMkenajvjbzQpzk1Z160Nvc/aIyVVgBwO9Fro8lzGsspI
U9a8ipGpFqlThe3U6E0lzSZBfalJqiBQmNla+h3RuLPym4ePjmrNtpltbDAXccd6xr+cadrKPCP3
Z++BW0aVTDy9tWl8RMmp/CjoCu35f7tJSJILiFZ0+61LjivQjJSVzKwUUZoFIQDrWLrXDA+5/lW0
BzWJrYySc9K4cydsObUPjPLtdk8zVG5OABVFInkIVBx6mr1+g/tKUtyBjtWhp2j3N8QxUxxetb4T
BSqU1KWxyVqijcpWunorjPzt6Cujs9LkbBcbVxV2C2sNMQDiSSriTNKvI2r2r1qOGjD4dTjlUbGx
xxwrgDJp5yaThTTRJliqgms8Tj8Ph17717F0sPUqP3S/azrajzD1xxUVzqVxfyfJkAU630ye4bkk
L1rbgsILZACNxrw51sVjH7i5V3PShSp0Fd6syLTSJJvnlrZgs4bdQQMmpiew4FIOK6KGCp03zPVh
Ko2KSS3XAopOo5pa6m2zO3W4oozSUUbAOoooNABmlptO+tAAOtPXCKZGHygUwcnjmszW2vHhFvbK
cngkUptxBamLqd+lxqkavnySeDWlc+HS0SS277lZd2KrWQtodttqUJDDo5FdRHtWJRC+UA4xXFRw
9KqpOavfvujZzdPSJyAN5p7/ADAqorS0h7q/uxNI37tela95bR31uY3Xax4zRZWq2UAiU5A7+tFL
CypyVneIOqmti0xG44pM0nB6UV3WS66GO4uaWmZpaAH04Hio804dKdgHg1meIz/xTt9/1z/rWgOm
TWf4hRj4bvWwceX/AFpPQNjK8If6ofWvUrD/AFa/SvLvB4/c5PHNeo6f/q1+lAH/1PfqxvEf/IEv
P+uTfyrZrG8R/wDIEvP+uTfypS2NKXxr5Hy8/wDrpf8Aro38zSd6V/8AXS/77fzNArzJbn6HH4UL
2pwptOFIoUUtJ0oBzTGKTgE+ldp8MNNF1rc1w4yEIwce2a4lziP3r2L4YaabPw9LcMMGZ936Y/pW
tJXkeXmtb2dFnaOSzk0mSBTiC5bHGP1rI1zxBY6BYtNcyfvMHbEPWu1ySPjaUalR8qW5b1LULXS7
N7i7cKoGQM9a8X8VeL7zxDcmOOZobROE2sRk+uRzVLxD4iu/EV4ZZ2Pkr/q09KyMDqDmuSrV10Pq
svyqNFc89T0Lwd48ljkh03VZN6Z2ox47V6aCrRq8RDRvyCDmvm9lDjBrsPB/jabRHW0vmL2bfKPa
inWfUwzHKlJe0p7nrci9VFV5YBLC8bDIKkfpVm2ngv7Zbm0kEkbDjmnYCsOOvWuu6kj5yXNBq61R
84azZGw1u4hAwu8gDFZzriu8+JunNa6ut4F4Z+fxriJF9K4Je7I+vwz9pSiyqRSCpmXmoiMGkgkr
McDgU9GqLNOBpjjJosqafUCNUqtmpaOiMrkyHmpQarA81IrUbG8ZEoPNSA1X3VIjZouWrMmFPApi
mng00aRRIopGTNANPzxRYpohxigVIaQAd6LCsAFPAxQMClBpgkt2NYbqjKVORkdelVri6jiXC/fr
ajSnVlypHLia9GjFzkyrdSLAhz1rAub1pWwDwKt3zNIhYnmsfnJr38Pg1TV5HxeNzB4qT5NESAjO
acpqIfWnr9a7Yux5rXVkynmrkB5qipq5CeK0uK9zYteoro7DqtczaHpXTaeeRXNVWg0dXp3QV0Nv
90VzunnpXQ233a8yqtS0Xk60p601afXMyhpo7UpppoAO9JS0HpQBDLFHcKFlGQDxRLKttbkscKo4
FP45qpqtubrT5Nn31HFTKTgnyrUqK11KA8RbWfcnHQVmRRnUL7LP8hPINXdKjsXtZTd4Ey9M1mSF
o7t2gOFPT3rx68p2jOu9L7I6YWZtHUhY362IOYR3rYJHDD7pFczDpVzfoWI2f1rc02GaG28mY5x0
r0MNVrVdZrlXT0MakFcsUtFFdb3MgHWsDXTneK3xw1c/rZO6U56CvNzO/sVZX1N8O3zaHnDzJDqk
ruNw44xWzbz6jf7UhBhg75GKp2SxPfSyPGXYHgV0kRlZBuOB2FevPF0KGHi5y+R5nspznLlXUSCw
itgGkO9/U1PvJ4H4CprexnuDgLgetbNtpUUIDSctXl1MxxeL9yguWPc7IYOFPWpqZFvYz3R6ED3F
bNrpUNvgyAE1eHyrtHApKVHBU6bvP3pdzWVbpFaBgDATgUpwT60lFd9uj1Zk22FFFFABS0lFAC0U
CigAzS0lGQBQAtLzn1pFy1Vb/UYrBAqtmb+ECplOENZuyGlcTU9RSxjGGG9uQKzB4huBhlUMait4
11C7Y3UeJCeGpt1pVxpd19oVTLCew7CvPquvOXPCXum8eVbiXmqjUI9ssf7z1AqDT9Su9MctJl4i
eB1rbs20m7jMmRGR94GrUdpY3ALQrlQcZojh6zmqntLj5421LFrcC8txOBtz2qXJPWmqgVQq8AU4
V6K7nM3dijiiiimAtKKbnJp4BbgDJpbuyBCU9EZqiuLq0sIjJeSquBnGa4TX/iSqmS30sHcONwFb
Rw86jsiJVEjuNQ1Sy0eJpbiVcgZ27hXnWufEGXVpPsNquLaT5WPtXFXU9xfyma7k8wtzUlpxNGoG
BnpXoLBRpU23roc/tW5I9a8IAmJCe9eo2H+rX6V5d4R/1Ir1Gw/1a/SvKOs//9X36sbxH/yBLz/r
k38q2e1Y3iT/AJAl5/1yb+VKXwmlL418j5dY/vpf+ujfzNKKRv8AXS/9dG/maUV5ktz9Dj8KFpwp
uaXGaRQoNOGM00Ypw9aYJDoUM1zBEB8zPjFfQuhWf2DQLW15LBc/WvE/B1gNQ8UW8bDKKpYnHTpX
pPjLxvBoMAs7LD3ITAweldNJpJs+fzRSxE40Yov+KPFth4dtnDtvuT91Ae9eL6pq17rV01xeN8x5
VM5AFQXd3d6hdSXF1KXkc52k8AVCPbn3rOpUbZ3YLLo0Iq+4AkUdeKM0ViektA6U0gMMEAj0p1Jm
jzE11N/wx4tuvDk4VyZLPPKliNufT1r2XTdTtNbsUurSQOrAHA61894yPX2NaWieIb/w7dJLaSM0
e4F4yeMVvSqu9mePmOVxrR54bnovxP0w3GgNcqMmNlyB9a8dAyimveG1ax8XeGLgQ481oyWX3FeG
ND5EskLcGM45orWbuiMslJQdKW6KzrULLVx1+UVCy1gmd06disRikDVI61CRitEczTTJQakVsVXU
1KpoZUZ2ZYV+elO6+1Qg09TUs6FK5ID2qaM4qsTzT1apNk7MuK1Sg1TVqmV800zeMixmnA5qIGng
1Vy73JKDTc04E9RzTG3ZXDAyB+dKivJKIo0LSH+EU6CCS5uVgtgWlfsBmvYPBfgW30q3F9fKJbo4
I3DpV04Ns87HY6GFh72rPKJPDuvzLiLTpAp/iNRJ4E8QvybQ59xX0sG28DC+wFLvY+/5V61Cu6Kt
BHxOKxE8VJub0PmaTwB4gI5sz+VUn+HOvFuLNvyr6nDnH3j+VAc9/wClayxtSXxHKqNtj5YHw413
vaP+VPX4b65n/j2b8q+pdx/zimnd3/pS+uSD2R8wj4Z683SLb9Vq5D8Mte/6Zj6g19IMSRwTUJDV
X12ViuQ8Jt/htrSAbmi/I1sWvgbVIcFmj/WvWH3Zxk1VfJzk/nWbxcpAonF23h67gxuaP861YrKW
MfNitaQc9qrvjtWMpuRRXCEdaU089aaazAaaaetONJigBtBNOxSEUANpVIB5HHekoHWmm2Jo5/W9
KdGFxBkgnlas6VpcbwLcTZ9lNaxAbh+R6UfKBgDCjsK5fq8FU53G7Ned2sJ5iqQNwQDpQ3XOciqe
o2T3QUxMR9Kt28RWAKxOR3Nb8zk/eRDuwzz60uCO1U77VINPUg4Z/bmsddfuWlDAfKTioniIU37/
AFGqbkro6PqxHQ1zmsH/AEsqRweDXRxHzoQ5wCRVSTTUebzZBnJzzWGOoTrUlGBVKahK7ObtNJ+Z
mih5bua3LXSEUBpSSR2rSQJGNqKAKU89azo5dCKUqnvNFyra+4ACoMIoApM560UV6G2iMW3cDzSU
tJTv0EFFFFKwBRRRQAUUUUAGcUtIaBQAuDTlQtSKAxPOAKyLzUbiVngsxlhwTUzmo/LoOxZ1HVIr
JSqfO/Qis3RUhubtpr18n+EHtUGnxT/a2hvE3M3c1Hf2kthKwJIDfdI7V51atVT9ra8eqNoKL0Lw
1WK21ZopYgYyflYVsTapbW6xCQlklAAB7ZrC0iGxmjcXvLqchs1l+XJqevvFAWMMLjbzxWlOtJUr
x2ewnC7s9DW1bTN1zGLRCFc/Nit20tlsbZYl5zyc+tPi/dxBXALDvTs55rqhSUZcy3Mm29x1FFFb
PzFfoLn0HNLyfujJpUjZueg9ax9b8U6foQKswaXHQHqacYSn8IpNR3NkhYkMkzBFAyTXJa74/sdP
ieKyxNN05OK4bW/GGp63Kyo5ht/Y1giMZDElj3Jr0qGBS1kc8qumhf1LWr7WJN08jBc/dB4qmqqv
3QB60vGTz9KK74wUFZHO23uFS22ftUeT3qMdKmth/pKfWpqr93L0Y4fEj1jwj/qRXqNh/q1+leXe
Ef8AUivUbD/Vr9K+eZ6B/9b36sbxF/yBrz/ri38q2axvEf8AyBbz/rk38qUvhNKXxr5Hy6/+tm/6
6N/M0opH/wBfMP8Apo38zQDXmS3P0OPwoeKKTNLSKFozgg0macB39KAvqX9K1eXSFme34nk43DtV
CWR7idriZzJM3VjSjvzzSEmq5iFTipcyQnJHNFAoqXqXs7oKKBS0WASjrS0YoDyENIPalxSYp2El
ZljTNSudKulntJmjHR0HQ1Dfzi8u5LnbtLnJHvTexGeDTT1ov3M1RgryW7IzzUTCp257VG1SJxsi
s61CyirjDioXTjNUmc04FXGDTg1Ky0zFXuczVmTK1SK1VgealVhSaZrCRYBBpeKiBqQHNQ0bp3Hh
qlR8VXxilDUjWMi8r08HNVUfPFTI+c8U0zaMtSdWxz1NTW0E95cpBZxtJMxAAHbNR2Vrc6ndfZbO
Is7YGccCvbvB3g2Hw9axS3OJLwqCxxwK6KcGzgx+YRwyeuo7wZ4Kg0OBbm6jElyw3ZP8Ndfnd1pr
MGOSaXOfauyMUkfG1q8q03KbFIxSDilzSHmnr3MEkKDml4ptAo17gSA0daSloCyCo2xUlNNAFeRa
qyLxV2SqsnNAFCVeKrMtXZFzVVhQBARTCOakNMNADTSUppMUAB6UnalpKAENNxT8cUlA0NIpMUpo
7UXZPUq3txJaxeZGpYjsKxJdXudWY2tsTGw6+tdKDt7ZqqNNt4Z2vIlxJ1OKyq03KV0zRNHP28P9
lM41BGlkf7rNUdnF9q1FSFG3d90VZ1bVDdy+RcREBfutir3h6zCRm5P3R3FedKKqYnkeqjqbxfLB
jfEZe2SOSKby9uPl9aXTNZa6xHMCTisvUmbVrxmz+5Qnke1TaMo+1eZkBF9a1qV5qulF6MmEE6bb
OkMfPAx3pCpHJzzXPavr7TXywWoIUcFhT7LWbpmEbwswHUiun6zS53Bb+hkqbUbm70GMUcVUTWLR
+GO1vQ1OlzbS/cmXPpW0ZRls0S4tElFO25AIINIVIOMjNUJ6K4lFKVYDn9KNp4zjmgBtFOK8ZyBU
byJApaRgo96Olx21sOpRyMLVN9XskYDzQc1Lc3Cw2QnXoVzxU88dddg5Xa5Y2/LjIzSZzx3FctZ6
vMbvzHOUJ6Z6V1CukyCWM/KetZ0a8K2sGOUHFczKOum4j0syWv3s81B4WnSWx5AE+TuzWttEqNG3
Q1zDzf2PeOE6Mc1hiZ+ymqj6l01dHUACRtu1d474qrK1vqW62YZZB1qk3iSAWwK/6w8VPpUOInuH
GC9brEU6itFXRMoNO7MBbOS6v3tIwVVTgsK6iysYdPtxHGg83u/rUsaRxfMigM3JNP6nmpo4WnST
dtWEqkqi5XsA560vsPzpO/8AhSsUiTfNIsaDnJrp1bsjNu249FZuAu6or6+tNLhMt1NGMDO0nmuS
8Q+P7WyLW1gpklA+8p4rze9v73Vp2mvJWKt23HArso4OU9ZGU6yWx1viHx/c3ga204uiA43rXGOs
txKZrmV5X9XPSlQBB8oxjvS9TzzXqU6UaatE5JNz+IBgcClxS4orQQmKXFFGadgFFS23/Hyn1qHN
S23/AB8p9azq/wAOXoyofEj1nwj/AKkV6jYf6tfpXl3hH/UivUbD/Vr9K+dluegf/9f37tWN4j/5
At5/1yb+VbPasbxH/wAgS8/65N/KlLY0pfGvkfLj/wDHxL/10b+ZpRSv/rpf99v5mkrzJbn6HH4U
LTqaOtOpFAKXPFIetKOlAAKDS0UAIKU9KQ0UAAoNLRTASlopO9ABRRRQAlBFLRSAZTCOakIphWkS
yMjmo3FTkcUwrQZSiVWWoStW2WomWrjI5qlMr9DShvalZaZzV7nNrcmVqkBqsCakVzUtGsaliyGp
xXjNQ7h1p5faw+Vmc9FAJz+VRdtnRzxtdiqwHOa1NG0u71y8EFqDt7sOgrX8PeBrvVnSe7V4rfhs
YAzXqWm6XZ6LbiGyhCpjlyOa3hSb1Z5mMzRUY8tPVkvhPwxZeHbRcAPdN95jziunV+/XnvWNFMQe
tXo5c967IxUUfN1qsqj5m9zQD5FPBqsj8dalBJ71RiTilqNW9akDCgAo6Uck0p560AANLmm0oNAD
hSGjNBNAEclV3FWWFQOtAFKQdaqsOauyLzVd0oAqFeaYw5qwVNMKUAQEUhFSlaQigCHFBFSYppWg
BlN70/bzSEc0AMNHanFRSYoAaM54oOMZ59xTsUhoAq3mn21+mxxtIHBFYU41LSrZ7eHLQnqcV0vU
+4p3B4dQ2eMGsalLmuo7lKWhzUflQaGzD/WMpJPvVSytLm7YvGdsK9SK6efT4LlPK27UHPFZeoRX
Vpb+RZofJI5K9TXJVw6v7V9FsaRn7tjInSP7R5UQyxPWuq021is7JRIvzlcls1zukxpLdgPwy9jX
TXjBLJ8MMhelPA02oyry3HVldKKORnAlv8xnALY6Vr3GjQw2yuk58484rJtreXULgomQ3XirNnbX
basIZ2bKDgt0rloNNTk18TLqWSIre41EO6bzhangv765mEUfLVtarDHBbN5agNj5mFc7Y3T2dwJl
GcVtXnKhUpwUvdFGKlFlxtWvNMusXo/dDrUt5eXMkQu7Zv8AR36e1Z15LNr1z5W0YJ5rYnshp2jJ
bg5wxOPrVqo5wqWei2FKKTRR0+5ubmUyzP8Auk7VI1x/bd6sUbERA8471DpA3I8eeC3SoLBvsGo4
Q/KW6elYxxDcKab+LcbguZmpfeH4HiPkPh174pPKng0NoJudpI5+lbW0kBl5XqaytUvIpbd7ZPvg
8tn2r0Z0owvNmMNVYxDb26adHLG3zlRuFWtI1JrdhE4yjetWND02yktg0rbzjkZrOvYpI9QaC3jO
0/dOM151SM4uNWlsbRafuyOtU5w8Z+Wql1pVrdyb3zmqOk2V9A++4lJj9K2CcsSOnavU1qRvKO5h
blM6PQrNDnrWgoCqEX7q9qM0q7j0XNONONNcqC7D3H5U5EL85wKiu7y002EzXTqvGeTXnniD4hXE
5a200qidN4FdFKhOZlKoonZ6v4m0/Q4myRJLjgZrzLWvF+pa25iVzDB6AdaxJDLcOJLmZpH/ANo5
p34V6tHCQhucsqjY0IN25s7vUHrTyPX9KSlFdJle4oHHNLigUUAFFHeimAUU6imAgFS24/0hPrTK
kt/+PhPrWdX+HL0Y4fEj1fwj/qRXqNh/ql+leXeEf9SK9SsP9Sv0r52W56J//9D37tWN4j/5At5/
1yb+VbPasbxH/wAgW8/65N/KlLY0pfGvkfLrn97N/wBdG/maBQ3+tm/66N/M0CvNe5+hx+FC96ca
bTl96RQUvSl4pKADNOpKSgBcUYpKKAFooooAKTFLRQAYoxRRQAlFHeilYANNp1J3p2AaRUZqU0wi
pZDIyM1E64qcimEZJoWhlKNyqwNRsBVl1x2qF1281opdDlqRt6EBGOS34U6EPI+2ON3b0UE/yrX0
rwxqGsSKyr5dueSzdSPau/0zw/ZaTGBEm58YLGtoU2zy6+LhT2dzkdH8F6lqGHuFWCIjhg2T+Veg
6J4U0zScOER5e745JqWOUrgKcD2GKuQzc4wPqa2jTSPKrZhUnombMcgKjAAHQU8/N15+tUI5OetW
45OK1RxuTbux5UjpUscpXqaaCCKayd6CTQin461bSTPesRHKnrVqKc55oA1lbmpAeapRy5PWrCvz
QBZU08Y9ahBp4amBJmjFNzTqADOKQtQRmmkUAKTTGGacaTtQBVdeahdDVxlzUTJQBSZKjKVcZPao
ilAFUx01lqyyGoipoArkU0ipyvPSmMtAEPamkVKVppFAERFGKeRRjigCPFJinEUlADSoOKD9KdSY
pp2AbznPSgMQT6GnU0jmktHcFoQCztlm84J8/tVPUtMuLuTzIpML3WtPBHelACjIJFRKnFppLcd9
bnM29te6bdCVYiw9qj1K/u7qUJBC6yk9a6re+MA/nTfLj3btvz+uKwWHlTXLTdkW5X3MWaZ7XRlh
u3zOwqjpYikLQy4DEcV0U9lBcyB5Blh0zUP9k2olEmMMOeKVTDydZS3SHGdjnY2bTdSyRjB7dMV0
F9e2s+n+YHBbHIp8+mw3PzNgHpzUCaJbLxk49KmjQnS5qa+GXTsDmmYum3sVtdb3U7HPFSX2kXMU
/wBogy6PyMdq3RpVmBhlBA6VZT5E2AkgUoYH3OSbu+gSre9oc7CdUMDIof5hjmnvoU8lqoQ/vScs
TXQbiv3aC5BJGc1vDDuPxu7Ic+xmWOjLYFWLZYDkZ4rRBVW3BBu9QKTjHJOTRypwBmtYwjSjyrYT
ve7FLE8Dn6U0ZLY209EZzjOwetZWq+KNM0ZWVn8ycDoDmtIwk3aKJbS3NVlSGPfNIEHvXJ+IPHtl
pqmCz/eSnjIri9a8X3+tSMseYo88A8VhLGF5wCT1Jr0aGBS1kc8q3YtahqV9q8xluZXKfwqTwBVc
ALgKAPpRyMDNL0r0EklaOhhJuQUUUUyRcUuKBRimAoooooAXHNBHNL3oPWgAxS4oopiCpLf/AI+E
+tR1Jb/8fCfWoq/w5ejLh8SPVvCH+pFepWH+qX6V5b4Q/wBSK9SsP9Wv0r517noH/9H36sbxH/yB
Lz/rk38q2axvEf8AyBLz/rk38qUtjSl8a+R8vP8A66X/AH2/maShz++m/wCujfzNArzXuz9Ej8KC
nZpMUAUDHDpSikFLQAtFFLigBKKXFJigBKKKKAHUhFLSUAAopcUUAJik70uaDQAYpCKB1pTRYBuK
bTjSVJLQ0imMMkDqPT0qRuOpwPU961tB8M6h4huQkFuyQHrMTxiiMW9DKtUjTjdsxIoJLmYQW8W+
Q9AvJru/D3w8RQl5q5O/qsfau60Lwjpvh6ACKFJLjvKwya05l3HJ5+vauynRstT5jGZm5NwhsYZt
YoIwkKLGgGAAO1UZY/Qcetb8sII6CqE8PHTjNb2tseK3cx2ypqSOTpzUk0eO1ViCpoEjSjl6c1ei
kyetYccvPWr0M3PWmPc145OasK2azIpatpJwDQIsMgNNB2nrTlcMOacQpoAfFNg9auRzgms/GOlK
khU0AbMcme9TBqyY5wD1q4kwI60AXgwp4aqquD3qVW96YExNITTd1GaAA0lLmmkgUAL2phFO3UnN
AEbLUZSrGPWmkUAVWSoilW2WoytAFUpUTLzVsrUbJQBVZaj21ZdeajK0AQlaaV4qYrTCOaAI8cU0
rUpHFNIoAiNJUmKTFADMUlPIpCKaAbQRxTqQ0kAyl5paWn1uBGc0uKdikqY3S8wGmk5p9JVa2DQa
aTGKcelAxjn+VK19eoXuxvNHSngM33VJ96Zcy29knmXUyRqOxPNHK36g9NWORWdgAmfU+lVb7ULL
SYWku5BuHQZrkNf+ICRCS30/BPTcOa4C5vL3UHMl1PI2e2eK7aODlL4jCdZbI6zxB4/urwtBYgLH
/fBrjX8y5kM1xI0jnvmgKF4UACnAkdOK9OnSjT+E55TkwAVR8v60UHmkrQiwuKMUClp+gBRS4pKA
HClpBSigAxRilooAUCjFLS0CExRilopgJipIB+/T60ypIP8AXp9air/Dl6MuHxI9U8If6kV6lYf6
tfpXlvhD/UivUrD/AFa/SvnXuegf/9L37tWN4j/5Al5/1yb+VbPasbxH/wAgS8/65N/KlLY0pfGv
kfLkn+um/wCujfzNAok/103/AF0b+ZoFea92fokPhQ8UCkFOFBQop1NBpwoAKKKKACiiigApD1oo
oEKKWm0oNABRRRQAlLR2ooGJRS0hYhNzGjyFpuxMc4pY0klfZBGZJDxtUVo6Nod7rtyIrWJiucFi
Pu1674c8C2OhRJJPtnuSOpHStIUXI8zF5nCgnbc4/wALfDie5Md9qjGOMciBsZr0+3toLOFYbZBH
EoxhR1qy2QRjCoOgFMPTIrrhTSR8risXUxEua5C6854x2AqB1FWiKidc9qu1jju3uUnTIqpJFxWm
ycVWePJoAx5oeelUJ4iO1bssXNUZoM5pAYpXaakSTaetTTQ4JqoylTQM0Yp6vxS8c1hJIQavQz+p
oA2UkGKnVs96zY5RirKScdaYi6KQrUcb8VMCMUARg7TU6T460wqCKiKkGgDSjnBq0so9KxUkK1bj
nyeaANUSA9KN1UllHrU4bI60ATbqN1Rb80bsUAShhTg1V99SBuKYE+aTFM3dKcDkUAIRTGX2qSjG
RQBWZaYyVZKUxloAqMlRlatlaYy0AVCtNK1ZZKiZaAICtMIFT7eeaayj0oAhxTSKm200rzQBERSE
VKVxTSOKAIsUFaeRxSYoAZikp5WkxQAlJinYpMY60wtcbScUpBOMDNPdFjj8yd1RfQmiMXJhexHg
sMAUPstoy08qxKBzuNc1rXj2x0tmitk89gMcdjXnWp+KtU1l2zI0cZP3c11UsJUqPTRGU6y6Hea9
4/sLBTDYFpJP7wGRXnmqazqGtyk3MmE9AxqgIx1LFn75pw4r06eGhT9TmlUbGpEidMCnZ65yaQ0V
ve2xmKcUUlKKQwpaSloAKKKKBC0ooxRTAXHFApe1AoAUUtJSgUCDvS0YooAKKXtQBTABUkP+uT60
zFPhH75PrUVf4cvRlw+JHqfhD/UivUrD/Vr9K8t8If6kV6lYf6tfpXzr3PQP/9P37tWN4j/5Al7/
ANcm/lWzWN4j/wCQJe/9cm/lSlsaUvjXyPlx/wDXS/8AXRv5mih/9dL/AL7fzNJXmvdn6HH4UOpw
ptOFBaAU+m0oNMBaKKKAFopKWkAUlLQaBCUZoxS4oABQaAOaO9ABR7AZJ6UhIAyauabpd9rNx5Fj
A7kHlhwBTinJkTqRgryZT3gEKAWfptFdr4a+Htzq0sdxqAaOAchema6/wv8AD6z0mJLi+US3J5ww
zzXa7iVCgKirwFArphSW7Pncbm93yUypp+mWWk26w2UQRQMZ7n8as8+35UoFBzXRtsfOznKcuaTu
IRnrSECloIpkkZFMIqTFNIoeoEJXNQMmDVvtUbjNKwFCRM1Ulj68VqMoqtJH7UWAxZoc84qjNFkd
K3pIvaqMsPtQBisu005ZCtWpYcdqqOmDQBdhmJHWrsUmR1rGRiOlW4psDrSGbMb+hqwrjOKyopT2
NW45AT1piNANnrTuvWqqyHPFTK/FADnQdqaCVqQHPWkK5pgCzY6mrMc/HWqbJTQStIDUWbNO35qh
HJipxJmgCzupweqwf3pwfnrTAuBuKkVuKph6mRuOtAFgHNPFQq2akU0AKaQqMU/rS4FAEBWmFanK
0m2gCqyVGyVbZajKe1AFQpTGSrZSo2WgCrspClWClMK0AVylNK1OUprLigCErxTCtTkYFMIxjPej
QEiLFJtOanEbHtxUF1cWdipe5mVR6E00nJ2QNpCEc4HNLIiQoZJmUIOeTiuP1j4kWNmGgsSkkg9K
8/1TxHqurOwklkjjY5wrY4rrp4Kc99DGVdI9F1jx9YaarJbESS9MYzivPNV8V6vrLsDL5cXbAxWS
IgPvHcf7x60pHGM5HtXpU8NTgtUc86rZGsfzbmJLdznrUmBkEdRSCjpW5mB65pKU0lABRiiigBKU
UtFACUtJS0AFLSClFAC0UUYoAdQKBSgUAKKWiigQd6dik4zS0AFKBSYpRTQAafD/AK5frTDT4f8A
XL9air/Dl6MqHxI9S8If6kV6lYf6tfpXlvhD/UivUrD/AFa/SvnXueif/9T36sbxH/yBLz/rk38q
2axvEX/IFvP+uTfypS2NKXxr5Hy7J/rpv+ujfzNNFK5/ezf9dG/maQV5r3Z+hx+FDhThTBThQWh1
FJSimA4HNFIOKUUAFA60tFAC0hozRQgCgGij8KQn3F600svRQSfakdhGMsQAat6J4j0zSrkzXelp
dshyu5iBXVRwlSr8KODF5hSw8Xd3fkdJ4a8A6jrUqT3Gbe164P8AEK9c0nRLHQ7cR2cK5xyxHNeZ
R/G+OKMRRaNEqDoBKf8ACnH44D/oERf9/m/wrvhgKkeh8jisznWlo9D1sc9Dn1ox7V5J/wALwH/Q
Ii/7+n/Cl/4XgP8AoExf9/j/AIVp9UqrocPtEtj1raaQg4ryX/hd4/6BMX/f4/4Uf8LvH/QJi/7/
AB/wo+qVOwudPc9Z59KXnHSvJf8AheC/9AiL/v8AN/hR/wALwGf+QRF/3+b/AApfVKvYOdHrBHtT
SPavKD8bx/0CIv8Av83+FI3xvGONJi/7/H/Cn9Uqdg50erke1RsPavKv+F3jH/IJi/7/AB/wpp+N
w/6BEX/f5v8ACj6pUDnR6myH0qGSM+leXn43j/oERf8Af5v8Kjb43A/8wiL/AL/N/hT+p1A50ely
RnPSqskRJ6V50fjWrH/kERf9/m/wqJ/jMp/5hMX/AH+b/Ck8JUHzI7yeEZ6VSkg64FcS/wAYQ3/M
Ki/7/H/Cq8nxcBH/ACC4x9JSf6VDwtRDudqUK9qQEgdK4NvioG/5hqf9/D/hULfFL/qHJ/38P+FQ
6EkO56VFKeKvRy15OPimR005P+/h/wAKlT4s7f8AmHJ/38P+FJUpCuevRyGp0evI0+MGP+YZF/39
P+FSr8ZMdNLiP/bY/wCFafV5hc9dDnFSK5NeRr8ZxjnSov8Av8f8Kevxpx/zCov+/wAf8Kaw0w5j
1vGe1MZDnpXlg+NY/wCgTF/3+P8AhU8fxkD/APMKi/7/AB/wp/VKguZHpfI7U5WNeeQ/FaOU4Omo
P+2h/wAK0rfx/FOf+PBB9HNQ6E0HMjtQxpwbmsC28SxXAH7gLn/aNacV6ko4TBrNxaHc0Q/FSq/F
VFkBFSq3pUjLiPUqNk1SR6mRznrQBcU+9PBqur1KpNAEuKNtC07mgdiNlphSp8ZpNtAisyVGyVaK
5pjJQBUKUxkq0y4pPIZjhVJo9QKZXFNKn169qs3BtbSNpLmcIAOnFcpq3j/SdNQrCEnccA7ua0jT
nLZEynFHQfZyDlyFHqTWbfa5pGmBzcThivQA15lq/wAQdV1BmWDEMZ6cZrlZnnvHaW5lZyfeu6ll
zavMwliFsjvda+J4ZWgsIT1wGxXD3+qajqb5nlbb1wDVdUVRwKCOe9ehTw9OGxzupJkQjXPT5vU0
vNOpOa1bYt9xpzRzS80tTa+4aDcUhFLRTsAmKTFOpKLAJijFOpDQAlFLSUAFFFLQAlKKKBQA4UGi
igBwpRSU4DihAFFHelApiExzTqXFFAhe1JS0UAJT4f8AWr9aYafD/rl+tZ1f4cvRlw+JHqXhD/Ui
vUrD/Vr9K8t8If6kV6lYf6tfpXzr3PRP/9X36sbxF/yBbz/rk38q2e1Y3iP/AJAt5/1yb+VKXwml
L418j5bc/vZv+ujfzNIKH/1s3/XRv5mgV5vU/Q4/Ch1KKbTs0FodR0pAaKYC0tAoPWgBc0ZpKKAF
pQe1JQSFXLEBapRlOVkKc4xjzSHjnpUE90kQwD81VLi+DApFwPWqWdxyxJr2MJlnN70z5vMc7jCP
LR3JZp2nb58gelR5HakGKWvfhSjTVoo+Sq1p1XzSYvSjrR2orW3mZWQoozSUtFkAhooopadguxc0
mee1HajtRp2C7EJzSUd6WjQLsYc5o604im9KHYd2NNMK1KR3puKnQaZDtppGKmK801losi1IhIFM
I9qm200rWUoplXID+NMI9zUxWmFawnTRSZEfYmgHHXNOxSEVzuNnoMUH3pc4700UppxlqA8GnZqI
Gnhq2UxEqtjtVqFulUlarMUoHFaqQmbNu3Tk10mnbcrxn61y1pIvHNdNp/JXPNZVLNAjsNN6jG0C
umtDgDnNcvp2QB8tdLan5RxXm1VqWjXj5AqZSRVeM8DipwTXM9yiZWqVWqsCakDUgLQbkVMj1TVu
RUysc0AXVfmpd1VUDt0X8anClRlpEX6mh+QaEo/D86cOaqS6np9opae7hBHuKxL/AOIOiWKnbMXc
f3VyK0jSqy2VyXUgtzphHv46U0mGBS00qAD1YV5XqXxTuJ9y2ETAdiUxXI32v6rqTMZp2RT2Brsp
YCpPfQxliUvhPY9U8YaPpQJaVHYehrhda+KFxIWWwG0HoRXA+QrndIxc+rGl2ADAC13U8vpw+LU5
pYiUiW91nVtUYm4vZdp6rms8WyA5bLH1POatkHtTCK61GMF7qMm2QleO1MIP4VMVppWj1GQ4ppHN
S7aYV5pDIyKTFSFaaRQMYRRTiKTFKwDaKXFGKAEpKdim0DCkpaMUgG0GlxQRQA2loxRigAooxTgK
AClFB60tAheKUdKbTh0pgLSigU7FACUopKUUCCiiigAp8X+tX61GTT4T++X61nV/hy9GXD4kepeE
P9SK9SsP9Wv0ry3wh/qRXqVh/q1+lfOvc9E//9b36sbxH/yBb3/ri38q2axvEY/4kl7/ANcW/lSl
8JpS+NfI+WZD++m/66N/M0tNk/103/XRv5mjNeb1P0OPwodmlFNFOFFyh1GabmlBoHceKM0lJmmN
asdk4zjNGc9ODTc4HJwKpXF9yUj/ADrpoYadV6I48XjqWHW5cluI4l5b5vSs2a5eY88L6VAzF+W5
NJmvosJl8aa94+Nx+cVK+idkOzR0ptFeiklseK97jqO9IKXPNMQ8GkzTeaBmpAeDzR3po4NLmqQD
uKTikozTuA6jtTaXtSASlFJSigAIpuKcRSYNACHpTTTyKaQaChpHFRnOKl7c00jigaZEw44ppqbH
FRstSUmRkVGRU2KYVNZyiWmQ4ppFSlTTSKwlAZHikpxpKwlGwCUtJS5oTGOU1IKiFPU1rGQmWY3k
Q8HNa1nrFzbEfKCPrWKhGaspg+5rRWe5Db6HdaV40jjIE0ddjp3jXS2AEmRXjyYI6YqdUBHVh+NR
LCxmT7Ro95h8VaO4GJgPqauL4g0sjP2hfzrwABlxtdvzpczn/lu4rL+zk+ofWGe/HxDpa8m4XH1p
p8W6LH1mB+hrwT99jBmc/jSbG7yP+dL+zo9WH1hnuM3j7RYvunJHvWbc/FKyh/1MLE15CIhkElj+
NPCqD3/OtI4GityHWkei3Xxau2G23t8D1JrFuvHOu3mSrKinr81cuPXA/GpUYdcc1vHDU1skZucn
1Lst9f3bFp7hzn0NNRB1LsfZqgV/8ipUfPOPzNdKSitDJ3ZYAUDAFLUatzT8g0XAWlPNJmloWmwh
pFMOalNNIpWAixTCKmIppFD13C5CRUZFTkUwrU2KIjmmkVKRTWFMCMjikxT8UlADMUlPIpuKRQnN
JgU6m0gDFIaWkINACGkpxFJigBKWjFFABigUUAUgFpRSUvSgBcU4dKQDilHSmAopc0gpaAFooopC
CiiimAhp8P8Arl+tMp8J/fL9azq/w5ejLh8SPUvCH+pFepWH+rX6V5b4Q/1Ir1Kw/wBWv0r517no
n//X9+7Vj+I/+QJe/wDXJv5VsGsbxF/yBL3/AK4t/KlLY0pfGvkfLEh/fTf9dG/maQUkh/fS/wDX
Rv5mlFeW3qfocPhQtKDTTRmjUofSg00txz1o3ADJ4FVu7LUUmoq7Hio5p44V+ZsmqtzqCxjCDJrM
eRpTliTXq4XL3P3pHg4/OIU1yU9y1NdtOcLlRUH48imZ7UuRnivoadGNNWifH1sTUrSvJkgajrTM
ijNa3Od67kgxmlzzUeacDRoA7NGaTPNLkUwFzS5ppNGeKAHZoBpuaKdwH5opopSeKLiHA0ppgNOz
QAvagUlGaAHE0g60lFAxTTTS0UANPSkA4p1IaLhcbimEVLimkUikyIrimEVMRTSo9KC0yAimkVKR
TCKmSKuRFaaRUpFNIrCUSkyIikp5FIRWLiMbmnqaZinCo2AlQ81ajPNVV61Yj61rBkMuRmrSH5aq
R9atJW8WYybJxyKdTF6U7NWZi5pRTRS00A4daXvTQeaXNO4h3anA1HmnA8UXYiVWqVGqsDUitTTF
YtBuakVqrBualVhTETg5pwNRBqeGpkj6TFANLQgGkcU0ipDTSKYEZWmkVLimMKkdyLHNNYVKRUZF
AXGFeKaVNSc000gIiDSAU85pvNIq4hFJilNFAJiGkpTSUhiGkpTTaAFopKKAFooFLSABSmkpaAHD
oKXFIKUdKYC0UCloEFFFFIAoopKYAadD/rl+tNp0P+uX61nV/hy9GXD4kep+EP8AUivUrD/Vr9K8
t8If6kV6lYf6tfpXzr3PRP/Q9+NY3iP/AJAt7/1wb+VbJrG8R/8AIEvf+uDfypS+E0pfGvkfKsn+
uk/66N/M0A0kn+uk/wCujfzNJmvMaWp+gwdopDs5NLznimjODzgVUudQSDhDlqujSqVNjCviadD4
i5JMkKlnPPpWTcag8uQvC1Vkme4bc7celMyOwr6HCYCNON2fKY/OKlR8tPYlVvXk0bjUYNOBr1Fa
x4bTbbvuPzzS96ZmlzTepFrD80vNMDUuaLhYdzS5pmaXNFxDweKcDxUeeKUNxVJgSA0vaow1Lup3
EPHFLmmg0E0CHUUgPFGaYCinZpgNLmmA4GlzTAaXNAD80U3NANADqM0maKBhQaDSZoAU9KbS5ooA
aRTTTz0ppFIpMjNMIqU004oKuQkUw1MVqNlrNopMZjNMIp+CDQeazlEq5HinAUYxTsVlKIXFUc1Z
jqsvWrKURJZajq0hqsnSrCVvEykTA0uaaKdVmYop1NBpaAFzRSUtMQtKKSimIcM04HBpoozzQMlD
c1IrVADUitTuS0WA1SBqrhqkVqYrFhWp+RUCtTw1NCaJaQ0gOaWmIKY1SYpuKQEeKaRUhwKQjikB
CRTDUxWmFaBkRpuKl203GDSGRHrSVI2N1NIpDQw0mKcaSgBKTFLRSGJiilpKACiiigApcUnenUgF
xSjpQKB0pgKKWkHSloEGKKWkNABSYpaKAEp0I/fL9abT4f8AWr9azq/w5ejLh8SPUvCH+pFepWH+
rX6V5b4Q/wBSK9SsP9Wv0r517non/9H36sXxGcaJef8AXFv5VtCsXxIM6Jef9cW/lSltYuj/ABIt
nynIT9ol448xv5mmNIsQLOce1Q3l6kM0i9T5jdPqax5rl52+Y8Vnh8FKcm2fUYrNKdGCjB6lu61F
5MrFwPaqIznJOSaaMA8dKXoa92jRVNWsfLYjGVK8vfH0uaZmjNdFzkH5pQaZmjNFwsS7qXdxUQJp
d1WmFiQGlzUYalBzRcVh+aUGmZpQaLg0PBp2ajpQadxWH5pQajzS5pk2JM04Gos0op3CxLmlzUW6
nCqTFYdS5puaAadxWH0ZpuaWi4WHZoBptFFwsPzSg0zNBOadwHmjim9qM0XAXNGaSkpXAdmkNJRQ
MSmkU48U3rQNMawNJjinHmkNSykyJhTCDUtIRnpUspMhxS807bRioaKuKgqxGOahUYqePrU2FJ6F
mPrVlKrx1ZSqSMZDxS0gpasgWlFJRmmAtLTc07NABThTRS0xDs0o60ylBxQA/vS5waYDzS0wJVY1
IGNQBsU9Wpkssq3FPDGoA9PDU0S0WFapAarq1SK1MViSikDUtACED0ppp5ppGaAGkcVGRUuMU0jN
ICEimkVMVphFKwyIrTcYqUimOuelDAYRTcU/FIRSGMNJTiKTFBQlJS0mKTAKKKKQC0o60lAoAfQO
lJmlHSmAo6UtIKWgQtFFFABSGlxSGgBKfD/rV+tMp8P+uX61nW/hy9GXD4kep+Ef9SK9RsP9Wv0r
y7wj/qRXqNh/q1+lfOM9E//S9971i+KOPD9//wBcH/lW3WH4p/5F7UP+uDfyqoq8gZ8ZTljdzknP
71v5mo6fP/x8z/8AXVv5mo69iCSirGUnzO7HAUGkH1oq7i33FzRmgUGgQoNLTaM079wHZpc0zNO7
U+ZALmlB4plKDTuhD80Bqbmlp3QDwaXNRZpQafMhEuaM0wGlzVcyFYfupwPFR0uaLoVh+aUNTAaX
PFCkgsSZpQeKjBpc1V0IkzShqjBpc0XQEmaM0wGlzTuhDs0A03NKDRdCsOzRmmk0Zp3XcLD80hNN
zS5ouu4WFzRmkpDRdAKTSCg0UXQwNMIpwpKTsAwUuOKDQanQq43FLiigUnYYqjmp0FRqKlQUtBMs
xjipkqJOlTKKd0ZyY8U6milp3RItIaWii6AQdadkUlJ3p3QD80A0lKKLoBaKM0CndCAdadmkop3Q
Ds8U4Go6dRdASq1SK1QA08NTTQrFhWqRWquGp4andCLAapN3FVw1SA0XRJJmimg04UXQhDSYp3ek
NF0AwimEVIRSFad0MiIppFSEUwipbQIjNNNSMKYRSuhjDSU4im4ouhjTRSkUEUroYhpKKKNO4C0U
gpaV0A4Uo6Ugpw6UXQAKdTRS07oBaM0UUXQBmkNLSGi6AO1Oh/1y/WmU+H/XL9ayrNezl6MqHxI9
T8I/6kV6jYf6tfpXlvhD/UivUrD/AFa/SvnT0T//0/fqxfFC58PX4z1hbHHtW1Va7QSxFGGQeoxx
inF2Yz4huIJhdT5hl/1rf8sz6n2qHY/dHH1Q19Yav4X0+RmK2UIDc5CCuNvPBsDM223Qf8Brsjir
Kxm4ngIVv7rf98ml2t/df/vk17d/whEX/PNfyo/4QmL/AJ5j8qf1tByHiO1v7rf98mjDf3H/AO+T
Xt3/AAhMX/PMflR/whMX/PMflVfXEHIeI4b+4/8A3yaMN/cf/vk17d/whMX/ADzH5Uf8ITF/zzH5
UfXUuguQ8Sw39x/++TS4OPuP/wB8mva/+EIi/wCeY/Kj/hCI/wDnmPyo+u+Qch4nhv7j/wDfJow3
91/++TXtv/CERf8APMflSf8ACERf88x+VH17yDkPFMN/df8A75NLg/3X/wC+TXtX/CER/wDPMflS
/wDCER/88x+VP695ByHimD/df/vk0YbP3W/75Ne1/wDCER/88x+VH/CER/8APMflR9e8g5DxXDf3
W/75NKM/3X/75Ne0/wDCEx/88x+VJ/whMf8AzzH5U/r/AJB7M8YGc/db/vk0uD/db/vk17N/whMf
/PMflS/8ISn/ADzH5U1j12D2Z4yM/wB1v++TTuf7rf8AfJr2X/hCY/8AnmPyo/4QqPtGPyo/tBdg
9meNc/3W/wC+TRg+jf8AfJr2T/hCk/55j8qP+EJj/uD8qf8AaK7C9meOjPo3/fJpefRv++TXsP8A
whMf9wflS/8ACFR/88x+VH9orsJ0jx7B9G/75NLz6N+Rr1//AIQqP/nn+lH/AAhUf/PP9Kf9orsH
sWeQc+jfkaXB9G/I169/whUf/PP9KP8AhC4/+ef6Uf2iuwvYnkPPo35GjB/ut+Rr17/hC4/7n6Uf
8IVH/c/Sj+0V2D2J5Fz/AHW/I0vJ/hb8q9c/4QqP+5+lH/CFR/3B+VH9orsHsTyLDf3T+VBB/un8
q9d/4QqP/nmKP+EKj/55LR/aK7B7E8iIY/wn8qNrf3T+Veu/8IVH/wA8lo/4QqP/AJ5ij+0V2D2J
5Dtb0P5UbW9D+Vevf8IVH/zyWj/hCo/+eYH0FH9orsHsTyHaf7rfkaTafQ/lXr//AAhUf9z9KX/h
CY/+eS0f2iuw/Ys8f2N/dP5UBH/un8q9f/4QmP8A55LR/wAIUn/PJaX9oLsHsmeSIjf3T+VTojdl
P5V6r/whUf8AzzWl/wCELQf8sxR/aC7B7JnmSI2PumplRv7pr0j/AIQ0f3BR/wAId/sij+0F2J9i
echG9DS7G9DXov8Awh/sKP8AhDvYUf2iuwewPOtreho2n0Nei/8ACHe1H/CHe1H9orsHsDzrafQ0
bT6GvRf+EO9qP+EOHpS/tFdg9gedbW9DQAfQ16L/AMIcPSj/AIQ32qv7RXYPYHne1vSl2N6V6H/w
hvtR/wAId7Uf2iuwnQPPQrZ6Uu1vQ16D/wAId7Cj/hDz6Cl/aPkHsDz8Rv8A3TTtj/3TXf8A/CIH
0oPhA+lP+0fIPYHAeW/9004I/wDdrvP+EQNH/CH/AFo/tFdhfV7nDBGx0pyq3pXcf8IhR/wiJHrT
/tHyD6szilVs9KmAPpXX/wDCIN15oPhFsd6f9prsL6szkgD6VIAcdK6keEn96X/hEn9TR/aa7A8M
zlgpz0pSpPauo/4RJ/U0f8Ik/wDeNH9prsL6szlttIRjtXVf8Ik/vR/wiT+9H9prsH1ZnJFCaZtP
pXYf8Ik/vR/wiTe9H9pLsH1ZnHFCe1MKH0rtP+ESb3pP+ERb3pf2kuw/qzOJMbelMKN6V3X/AAiL
e9J/wiB75o/tJdh/VmcLsb0pNjf3TXd/8Igfek/4Q8+9J5kuwfVmcIUf+6aTy3/u13v/AAiB9KP+
EQPpS/tFdg+rM4EI/wDdp2xvSu8/4RA+lH/CHn0NP+0V2D6uzhNjelLtb0ruf+EPPvR/wh596P7Q
XYPqzOHCsO1GD6V3H/CIexo/4RD/AGTR/aK7B9WZxGD6UYPpXcf8Ih/smj/hEP8AZNH9orsH1ZnD
4PpQVPpXcf8ACIf7Jo/4RD/ZNH9oLsL6szhtp9KmtYme6jXHU12f/CIGtGx8KBHVtnI71E8epRcb
blRw7TTNLwrbFIlz3r0uxGI1+lc1o+l+SqgjpXVW6bVArzTpP//U9/pGAIpaD0oAqS2wYVUfTI2/
hrTbpTTQBk/2RH/co/siP+5WuaSgDJ/siP8AuUf2RH/crWooAyf7Ij/uUf2RH/crWooAyf7Ij/uU
f2RH/crWooAyf7Ij/uUf2RH/AHK1qKAMn+yI/wC5R/ZKf3a1qKAMn+yU/u0f2TH/AHa1qKAMn+yI
/wC5R/ZEf9ytaigDJ/siP+5R/ZEf9ytaigDJ/siP+5R/ZEf92taigDJ/slP7tH9kR/3K1qKAMn+y
I/7lH9kR/wBytaigDJ/smP8Au0f2TH/drWooAyf7Ij/uUf2RH/crWooAyf7Ij/uUf2RH/crWooAy
f7Ij/uUf2RH/AHK1qKAMn+yI/wC5+lH9kR/3K1qKAMn+yI/7lH9kR/3P0rWooAyf7Ij/ALlH9kR/
3K1qKAMn+yI/7lH9kR/3K1qKAMn+yI/7lH9kR/3K1qKAMn+yI/7lH9kR/wBytaigDJ/siP8AuUf2
RH/crWooAyf7Ij/uUf2RH/crWooAyf7Ij/uUf2RH/crWooAyf7Ij/uUf2RH/AHK1qKAMn+yI/wC5
R/ZEf9ytaigDJ/siP+5R/ZEf9ytaigDJ/siP+5R/ZEf9ytaigDJ/siP+7R/ZEf8AdrWooAyf7Ij/
ALlH9kR/3K1qKAMn+yI/7n6Uf2RH/c/StaigDJ/siP8AuUf2RH/crWooAyf7Ij/uUf2RH/drWooA
yf7Ij/u0f2RH/c/StaigDJ/siP8AuUf2RH/crWooAyf7Ij/uUf2RH/drWooAyf7Ij/uUf2RH/crW
ooAyf7IT+7R/ZEf92taigDJ/siP+5R/ZEf8AcrWooAyf7Ij/ALlH9kR/3K1qKAMn+yI/7lH9kR/3
K1qKAMn+yI/7lH9kR/3a1qKAMn+yI/7tH9kR/wBytaigDJ/smP8Au0f2Qn92taigDJ/shP7tH9kR
/wB2taigDJ/smP8AufpUsemIpBC1o0ooAgithHVlRgUlOFAH/9kKZW5kc3RyZWFtCmVuZG9iagox
NyAwIG9iagogICA0MDUyMwplbmRvYmoKMTkgMCBvYmoKPDwgL0xlbmd0aCAyMCAwIFIKICAgL0Zp
bHRlciAvRmxhdGVEZWNvZGUKICAgL0xlbmd0aDEgOTU4MAo+PgpzdHJlYW0KeJzteXt4FFW27961
avejqqu7ujudTjrp9CsJeRASOoRAQFIqIAryzDCJEgkPIyZiEiMZGgwJMhrDQwQxBMQIMcMjouQg
IpcMBM5wAM/R4XCEO8fRmfGMceZ+15ijczmeEZPKWVWdRHzNd+9f97vfd2t/Vbv23vVYz99aq4pQ
QohAGgkQ/4rVy6o/lNu2ERJ/mRDuvhV1j/uf/vTwdkISkwmhHeXVD63+8zNfXCDEi+tky0OPRMqL
zp9NwvOjeE/iqgeXrbSJdx0mJKkI5yauwgnbq+ZeHG/FcfKq1Y+vPdthLsVxF463PlK1Yhmhx58j
xDcVx8+tXra2mj/Ar8PxOzj2Vz/2YPXOxTsKcNxHCGsgHClXW/hy1oHUGolHsfBXiOEKNbHVHE+y
L1zrG0/ka33X+nKc9oA9JWAPlPNkoBYSBj5RW4zWv/7lMUM6PqOMEMNedp2YiItMUuItxjprrUDq
zEbqshE+xSGZ00hIDMbKN/p6w9f67JNxG0+y+8I3+sI5J465e9wcLU3JDTvsMpdJaV6uPZQX8BO7
TALc/i3/8/1//XTL4LmeHk6lO2mn+hO1KkLH0rvoDJp5syPCfxxRG9Xd6gtqA4pUo4V1IS1u8lNl
nLRLdD3vFOtsu+zG5807oc7+LKt17qR1RLY4rOkmhyHGEcuTNIcQ4oJxSF5Yo+9aH55o9GHfN9An
9/bLeMg5MT++Kh4JzY3Sp++B4XOtL+vpYdM2D26lTc3NaoRratZJ2/8bNXB2cODsYMdv1P1Inxvp
+wPSZyNVSoKZURF2GmslpIh3GASHyZpmCZE0AyfL1y70DvRe65P7kZL+8I3+MIoth87ushTN7rIW
3T+7Sy66v/gMkYfO4VNlbMoke/6kEsWt2Jfay+zb+e1su2G7sdHUaG4UGkWxVKMx4ArZo5Tnumjt
RfWhZna5SV15KcK/10fXqFv6vs6KoKEQbuhz1OkcnU4H2aoscPhkB894u4/xIu4mMyf4GOPlJA44
R5LdAcDZrJyUBJxFm8pwgFgnS2YGtA5qjQQ1a5UsomBiPHCS00Cc8rV37G7NCqb29rlR6I7JObMX
FRtl9pmRfeYOG2XTZ/pA1kf6rDZXEgzl5VJsLmQHApDrwoO8jgv/O5f77OCMnesHr9Qf5+mVP0XY
EjSOCB2vXolwIW7KiG3UIk8SuU3xiGYj1LFas2YNhjST4LCgIZjQDqzDZir3apLv/7I/LF/IUcw5
Qo6YY8mR+FEL0GQZ1TuQc9ycJk3fka+z+tQt+K6moY/ZHPY5SadGpTAU5JIDPouY5OO8fp9oETNE
iz/Ax9JWtoGMiW31bHA51o+pzvCLloDX5Ha4OAcxOV3jk71OYsvJkG9c6LvWi6Yg99sdUeeRe29c
QNO8qPahFKOSs36Gp0b9WBI8TtCRSpVnDEkGnzGYJqSJaZY0Kc2a5kvzpwXSgmmhAqFALLAUSAXW
Al+BvyBQECwIFQvFYrGlWCq2FvuK/cWB4mBxqFKoFCstlVKltdJX6a8MVAYrQ51Cp9hp6ZQ6rZ2+
Tn9noDPYGTojnBHPWM5IZ6xnfGf8ZwJngmdChTmZ8zP3Z3Zl8qWkNN+em0RzwxPzJqRm03E0b0Jy
IMy77aFxNBQ0uGJifTSJumL4QDC5rcH7rz0vtj969KMPjtMxVNhEE1obvBfe3LV71T999M/d6mX1
6k71o1l0+eGDdY/dtzIzf9KlU7//z7Fj1ZN7tz9UXrpsQv6ED8//8dMwGcam46jzBJJMdimzRMEM
FpMPeDD6eB4yTDxJBD6xTtwdcta5au0SX2czGP08g3gTiQW/GPKC1WJg8eiY/uT4GDkt0RJyBFNG
sELulc+dszvck1Hqjsl2bJpJ94fDaDZqv2Oy1kYNG/dh5dhQOSdEo83GlSLXbieaM4yjmdSu27UO
f7wrxpASFVcm5QtL1mX9do/q6p+xbPFt5wYJ2lwR5WnC24Mtm7bu3r11E/e+tOSnalmE/mrrvYO/
i2i2ePXcvjcDrdu2taDtD91AOSxEOVjJZmWyVYq6qZgkiOi5Ipom/41TZ4hg0T3XSGph1GvNNmKw
jXrtjanotfZR1kYc1jTssMijyawZoAdEKpoEs0F0Sk6rLIekkNUvK/J8WUSToK4Qxaa5khk7w8L6
wXf7B9/dxv1yB32etqDeIjc72JJIZCAEv9OAiZLF6Fdfol95SKEST55zbwBpu32DxbweqhOsDouH
xKQYpARUz7V39OgV9RO1L0eRchKrEtdw6+PXe15ONNBSauCHg8yoGXJ22YEiz2dfTlF/rarq0+rd
9C267inqP9Aw5tdHfnvt2ocvnMmknX/+iB6gD9JyekC5Xd3xy261R30D27mDh8kwzkAZylokk5WY
KMogyAiIMiHEGC5okW/0hgd6w6MxULHZpBxJkeZLZVK11CgZb8WYXFcUYc5F8cWryYHT5GDYj3IQ
MaJkKw6ywWLY4FhvqY6DFJc5xSZp0WxYAAgciF9V8Q3xPfFX4hG/UvRIG2XXHRWBfoT1PadP95zt
7j6rNqlF9DW6lkboUXXREnoHnU3n0DvUbvUt9ZTaHaH7aAW2l9SVGHdb1JVE5/s+tDEV+XaSDUqW
zWc0Ggw+WbZlyEZqMUGdwGrttM5KzGlGR5os4lFCccgOLhgzDLm96E69UQf6UnMiLeTd4jxoVUYj
JaVKouKa71plqHY1GRpdL7uMRmOsMdWYb8yXV8mG0lHh0RGU1vzqvp4e+h48dZYTetSbA6vPatL8
+g9wOIImxucP3BGJ8jATY0Q7P514SUQZ64kxSm4K7cx9QGhLcFiBtrNDMrHf40ycZbDlOWVpJk/y
PAaZuz0pigg3buGh340QMALZOSeJz0d8FNDwZncJRRi6k4iCL0wiSUPn9NB9Mtu33dflg1HdT0O4
jHUNY8KEVA0mcTBz9276ldJR/8ZbrYNPbZzxk8qVT0YgL9KytOi9dwevRyJcXtPDL72qhqJ2UoT+
wiM/mp1kKU7SbDE0O9o0O5nmmmKeZgtrhnJDN5QBzVBOyvFKfFk8aFYy0S6nRrH5Vivhjlbff19N
zZIlNeqf1fO0kMZTD52mni86R5GdnvOq+vc1CGUGaqTp6m/Ur9Sb6vVR2ZpmIS055Aml0O9xSrwh
k4BsHNOe7pUPjIO2lEBcjMiM7emHQrFmEu8UZlncc+NNeRbZ4JobLzuDszL8clpyXurt43UXmooJ
Uu+w2aCYNalHxY7GownePRmDoyKRcHZYCZeFq8Pbw5rj/7BcvzcYVQH/wT1Ha996s3WwqeG2RQ+s
ahjc3zBt4VLsn9FUMW3/o0+2Q6Ri2ZWrmvjpl5dW7Xh68C+3nmnqKV28QtNHNupjpiGGxJAAuUtJ
DriYPS6pwxTXYaXt0EjardWmNkfCNHGqk8tz2XmZTApqlqWbloYXvVpGqlmVblTHC0OIsvl6RqeR
quknFEwdg/TTmNho9NA4utRKb2a1Vn9Mmfr1x9WtWaqB3lxasbqkZHXF0ggLrR3cumiBel39Gtu1
BYuaIrT89MGuTz45dvC0pjdMnvg5qLc48hMlhcTaTWYnZbZ2OzsQ2yaZ2+2HRGGCicsl8p0Ok2zJ
s94ej9pBbxjNoXQ/kC9o8dGhKcTnyfYUeuZ5lnoaPJpCRpKA7wl+To1h/pzHnz4/OHN3O8dPePUJ
Xwmfq/7qJ4veeVNdosv1TFWledjO+dNIo5EkkgeVoAGIIJN2k/yy1BxjOgjNnraYaq9sJ9NMk82G
QnfYq0lVixJRy8cQ0StjvNbpC5YlNSS9nHQlie8hPYYeY4+px9wjXCFXDFeMV0xXzFcEC4IM1UXr
pSzg0kWdn2vgQyN+AnlzH7h/HvfBYMoTm2ufjTmYOUT+pPap72PiI1ET9XDF/3Lk4K8cPzP9+q11
j7/ZiVHQitNp6tsjPrsKbcSCNjJHSaHE7hX4Do/QEZPU7m+U2mOqPW02X54Xs35rnjTVOM0d1ozk
Ru/A1Km93zeSk4WhhtCxkIY8w+ag08s0YVtR7hrJKGy3JneoKnv40ZL7Vj9cRpfvVo1Ze6r/qA5S
+GP1niw0IfqHh08fPPbJJ10Hj0aaFi3AKoyhn2csWEQH1kZzLXYV8V8m8eQeJWivs8Rpwc+Kwc9i
cMU5bJIr22zLsEshsx4HPZoTX0AvjoKkXa8K+7XU6b8jEM1PqE5oTIBRNA9jRsSHtMoFRtIiLTAu
/Iqmqu//Ve3/4ovqJ1/cu6laA/bPLl3+d9UW4T5+bcdzr47iINFxPQ3rmfFJqcQnx1pZKvW1W1MP
mGJfdjbHJbTRdlO1FfzWEB+b6+bykmzogCHZLYbT9Rxc88MorUjoxd5+9aJmNfqM3aHnfznKWF9G
QUyhqzC20F0YVxg/2TMvoyFDyHRlx2a7GywNUoO1wdbga/A3BBqComZG9hE9pOZNmDhlWEXGUB56
gJ+neaP64le1qoaZRx995djXg6fXNVbUxtUsfaeGeqlZbXtqRcW98xau5LYN9kWaiuYfe+WN44Ub
1/90xSfB4LXB319/5MEHVz4SxeBi9JMslEM6tSt3Yh5osywI+M0CZxIX+AP+kbrkNRb7moc1k6Nj
PM2uo442vTYJmCxezp3rQk83zXMle+cRWzham1wYqU3sw8XJAFYrf+rXYfkHyxNFEs2iIIpYCkmi
1YAhvbEh8+XMnkxIN6cL6eJYy1gp3ToxNCNUYi4RSsQSS4lUYi3xlfhLAiXBklCFuUKoECssFVKF
tcJX4a8IVAQrQpvNm4XN4mbLZmmzdbN/c2BzcHNoj3mPsEfcY9kj7bHu8e8J7AnuCR0xHxGOiEcs
R6Qj1iP+I4EjwSOhqaX0+xXKxKhbfK9CSS2rsbZsfKT27od3/mLX5zcfuL6xxtzc+EiVsmjH1f3q
kPrFit/7aPrP6mfPVGZ6UtL3PPnaEV9AvbH60Rl3TJzmSsnbt+XEq0l6nU2y1cVsJurDQkKkRskc
8XWp3RZEZ0eXb7Md8r/gqU72TSDo6FMDVt3vpUnJo2FBA1m5V/9UoYW9EbcfSTOS9TQjmSQPpxmK
WU4pTGlIOZbCYwJ+S5RIGcHdkSgShWMufSRSqG3fCSMdg8tbuVkPD8cKHRO+iSLqrMhwTjV+6GM4
zGowA3lA8boF2UTaeU5H5moDdyhONtqpmclAJmEuMrUv/M61CxoqIzwP9MoXRj98iEUaQ9o3jzid
ozgSN5I4zYtfitktlDpD2jcOe8AVsA9DctSv/mnvXrqcjlHfH1ugTONeML907oN98HqE3qOejAyu
2TJ98X37Nza/pesDcxTuN4i9InGRKUocdJod7TGHZEu7lcw2SJiJOG159ttjoxn8NT0khwf6PsT6
QvS5s91l7u3uLjejpU7deLCGw/fT0bD2y+oF86qq5i2opptaB6u07IEVLaiqwslHv16jx7PhPEmn
wUzGKw5Du6mRJ+0czSOyEfLY7UL03cNv1t4rZotl4naxS2TaZ7SRd3GFw6+IRLQQP/z943nEZxeZ
p6RLu8Sd3/4udutnsQyHEDLoIB37DUjf6A8PA3S/ilan9uacsLl97h/5JqbXLSy3ebCVrm9uVp/6
9Nvfw3ZF6zktbm9C+/eQsOIm7maQ7M0Wc5tWzeVq1dw0Q/jWam7gwsAFWb2Qc9yWiIkPBs3hiPst
P9U0z29K/fQf1V71Mp1AHVV/XFMtb3hsV/26zZUbrXTOyTdoKhW1gJuRob7ftOnyf35xpXGtTk+h
lv+j7L1kbTT/p5j7YwXQGE3/hbZvp/969s/fqef/Wsrznfx/4Jsg/H+c/tt/LP1v48h30n8tg6v/
ofyfDn2Audv7/Bis++uVAsHMmX4uWSXjzw1GK3ZzTEYkgWccGOZQSjKMxGJiGpdwiFgls8lo4Ckx
20Tum8J/4NuFv4bp363805hW+Utj+Uw2m5/N7ufvZ4bSwDdlPnaUvq02reGWb8RsyLKFbl+vNqE/
RgbLuP1Y7C/U4rU6ma1Cu/CRseRxZdxYv5wYstH0Didp95oszUY+1BHf5j3EH3ZWZ5lzjUl5/kSb
TKamTjPGhrO0oHQjGqxHofGiekHDRj3NQH0oiSYhTkgTCsfxxETMPKKSbI4R/Ca/OVkw63FZR/ox
edGYcBu9NVVCHugtqVQef1U9r/6u4re1NbYtGzuabk2b6FeqcSSngtcHyj76j0BAfbj8pUuRWxOo
poi6dzi1Oh3NVzAuaPzHYlxYpGSE3Eanx98hkPYYhoWCp0NuizkELwjVyfwEt9Mgu7g8MtU7TQon
64lgOJoJ/kBUOFGF0M+NpB259r/N1e7BFR0/zszXASxyTv0NNtC4tHpnC9pfPHlYCcXKTLQ4D5jc
GpweMlUjJ3GzYnkZiZ8p5dlkcZJH+xKgJbLRPBatLTxa65AEOuw9WjDQAoFHdyEP8Qy70IntCV0J
3LdSKt2TouzgKX9jt2oo1J2H3ryjuHLFRn7MwMJo7cxlRgafv1jZdpR+oMctjXog2t8cC+G5udgn
YWYL6EkNZIguosvoWrqB7uQuch/6U/05/gL/0UBwaEj7z0L204W0DNfrh9eduD55dP3HNw0PPqR7
6T7ahm3/cLuI7TLV/hAZ/+bd/zsbT7S/UxQtLFEfi/qR4S4hny7sTcSAXBKMPj+0xRI7YmMMcep8
JqHwtS0BJWMlNozJAeLAOB9Pgui5/3/7sY0jHF2vHfWq6Usqkwoy/F0PV5bQ5ThqwuN2UkbXUwyg
ZC5ZQm4jT5G/4PxG/X4f3YjtqP68szhzNnqG80fxKYQUkRqykbTq77jEL+HL+fV8OaZBW+gWnPmd
toaVQBafjtduxH09ri3XzmkhtnRSTrBKIO048yWuR8heKrB38cn/QFPIKnzPXNw70O1NSMt1auXK
qQWvrdUMDC0E+cNMo4KsIRG877rePsfxShJh1w0x3JfI1yxcM/Bl5BN8eg2poQLNhVzur3jvXJxp
1riinYSDCjTbMmxj9DadLMfnHMQrImQft5zL5cdoV+m030Y+ICd1usvJDhwvJJ36kcAAeQ/yaDnS
r8kmnp0ni4330IDBSrONDSgrYvCSjVw58cF0UkvQwE8atK/elGDk6eJS7l7ZpSwo9l8uCWSN/c7Q
Lxv9XWR+lxTxnxoaml/MJ7CSLpbYBSmmLj4l9G8/tvhvWWNnzy/2d12dMX34qTPKpuPcomI81UY4
jfMzpmcRHYW4B049lhUzY6lt6n8Qn0lX9nvvz/1fI/1X8wc+tl43p+O12iLVL8CjcZPqJcSWi+vV
1uvD899sIf5dUm74nJQZ4kkZu0Hchryhz9l+PL9Emri3US4HcS1v6IbhAbIYzuL5X1Fy88l97CqZ
yRaTItPPsG8l2Xw+mcLcpAjPizBzLGPZpIjfSIq1NThOxoNAZmo7e52U8X/A666SQv7g0Afa9fp+
lWQP0zQd939G4quR6Tjc+1B/xWgDH0V39j+Qqi7kDLVmPIWANQfBSsYd1wQsc0W8z5KMOyKmtIsQ
K65b8R7b54TYGwlxrCTEidc7cc2Jz47BOReOXXh/bCshbtzjyrT/77q0QpyZZJLDKFVO+8uqYTCf
STfhmD/FNSq9V1T49Wx4V4V3BHjbCpfDcKkbLnbDP9yECy3w9yqcV+Fcz13sXD303AVnc+BMPfxS
hG4VTqvw31Q4ZYOTArzpghOp8IYAbyj88b/zsL/zQNcxD+tKgmMeeP1lib2eD69h91oAjubDqyJ0
HrGzzjAcscORRv7wODi0N4kdUuHgLxzsoBd+4YCOVzJZRze88riXvZIJ7di1d8OB/R52QIX9HnhZ
graXulmbCi/tK2UvdcNLjfy+F1PYvlLYp/Av4tNeTIG9e+xsbxLsPTV0Thni99ih1QKtCr/bCy0i
vNACuyR4Ph527ljJdqqwA1+xYyU8t11kz8XAdhG2K/yz2yT2bAxsk2DrFoFtDcMWATZ7ofmZetas
wjN4xzP18LQITyXBz3Hw8zBsetLJNqnwZI2NPemExgaJNarQIEGDwm/AKzaoUP+Ej9Wr8IQP1q/r
ZutVWBcpZeu6YV0jH1mbwiKlEFH4tSnws3yowzvqKmENdmtuwuNeqFXhMXzyYyrU2KCmka+uGseq
VagaB4+qsFqFR2SonA0VAqxS4SEBHlL48gA8WA8rVVC2raiE5d2wrB7KVHggFkpFGytV4X47lBR7
WUkWFHvhp2FYLELRIg8raoFFHljogQXzY9mCFJhvldn8WJiH3Tw3zL03kc2th3vvlti9iXCvws+x
JbI542E2Ls8Owz04f0893C3BrLsENqse7hJg5gyJzQzDjOkWNkOCGVGVTLfAnXfEsTtb4I44uF2x
stvrQZloZooVlEa+8LZ0VtgN07CbVgq34StuS4epU+LYVAdMKXCwKXFQMFlgBQ6YLMCkfBubVA/5
eHe+DfIb+YlmmKjweRPiWF4LTMg0swlxkGv2stwWCKdLLKzCeCvkWESWkwTZyeksOx/GBQQ2Lgmy
xtpZVguMxXvG2mGswmeaISPVxDK8kC5BusKnjbGztBYYg3Nj7DBG4VNNkIKPSOmGZGeAJadDCLuQ
CkF8YLAFAn4TCwgQaOT9JvArvA9XfRmgnEiyZ7GkAvAGILEeElzgCUN8GOJwOU4Fd2w6c1dCLI5i
08HFBOZKgpg4cKKQnQFw4L2OerAjS/YskFE6sgo2XLMlglUGayMvIXPSTbCIYFF40QYCXip0g9kL
JqOTmbrB6AQDPtYQA0wApvA8OBjvBr6RB2pj4ABQeA7POBXHQLGQxyLyFF351Daa+f/mRv5vE/DN
5iX/BeuWg/kKZW5kc3RyZWFtCmVuZG9iagoyMCAwIG9iagogICA2NTc1CmVuZG9iagoyMSAwIG9i
ago8PCAvTGVuZ3RoIDIyIDAgUgogICAvRmlsdGVyIC9GbGF0ZURlY29kZQo+PgpzdHJlYW0KeJxd
kstuwyAQRfd8Bct0EfkRe2gkK1KVbrLoQ3X7AQ6MU0sNtoiz8N+X4Uap1IXNYbgDd2Cy/eH54IdZ
Z+9htC3Puh+8C3wZr8GyPvJp8KootRvsfJulvz13k8picrtcZj4ffD+qptHZR1y8zGHRqyc3HvlB
aa2zt+A4DP6kV1/7FqH2Ok0/fGY/61ztdtpxH7d76abX7sw6S8nrg4vrw7ysY9qf4nOZWJdpXsCS
HR1fps5y6PyJVZPnO930/U6xd//WNhVSjr397oJqqipK8zwOkWtwHblGvE7xAvFC2IKtaDbQbCKX
eeI4xHiJeClMYJJc6CvRV1vwVrgH98IM5sgEpsTQkGjIgZ0wziI5y4CNMKEWkloItZDUUsNnLT4J
dZHUZeDNiDcDjRGNQa6RXIJnEs+EeyC5hwo1VlIjYR+SfegR/Cj7QGOSxiBuJA4PJnmA5zjIw91e
SJ5Qeu3eG/YaQmyL1JCpH6QTBs/3np3GSbLS9wsRFr4kCmVuZHN0cmVhbQplbmRvYmoKMjIgMCBv
YmoKICAgMzc4CmVuZG9iagoyMyAwIG9iago8PCAvVHlwZSAvRm9udERlc2NyaXB0b3IKICAgL0Zv
bnROYW1lIC9XREpDUForRGVqYVZ1U2VyaWYtQm9sZAogICAvRm9udEZhbWlseSAoRGVqYVZ1IFNl
cmlmKQogICAvRmxhZ3MgMzIKICAgL0ZvbnRCQm94IFsgLTgzNSAtMzg5IDE4NTQgMTE0NSBdCiAg
IC9JdGFsaWNBbmdsZSAwCiAgIC9Bc2NlbnQgOTM4CiAgIC9EZXNjZW50IC0yMzUKICAgL0NhcEhl
aWdodCAxMTQ1CiAgIC9TdGVtViA4MAogICAvU3RlbUggODAKICAgL0ZvbnRGaWxlMiAxOSAwIFIK
Pj4KZW5kb2JqCjggMCBvYmoKPDwgL1R5cGUgL0ZvbnQKICAgL1N1YnR5cGUgL1RydWVUeXBlCiAg
IC9CYXNlRm9udCAvV0RKQ1BaK0RlamFWdVNlcmlmLUJvbGQKICAgL0ZpcnN0Q2hhciAzMgogICAv
TGFzdENoYXIgMTE4CiAgIC9Gb250RGVzY3JpcHRvciAyMyAwIFIKICAgL0VuY29kaW5nIC9XaW5B
bnNpRW5jb2RpbmcKICAgL1dpZHRocyBbIDM0OCAwIDAgMCAwIDAgMCAwIDAgMCAwIDAgMCAwIDAg
MCAwIDAgMCAwIDAgMCAwIDAgMCAwIDAgMCAwIDAgMCAwIDAgNzc1IDAgNzk1IDg2NyA3NjIgNzA5
IDAgMCA0NjcgMCAwIDcwMyAwIDkxNCA4NzEgNzUxIDAgODMxIDcyMiA3NDQgMCA3NzUgMCAwIDAg
MCAwIDAgMCAwIDAgMCA2NDcgNjk5IDYwOCA2OTkgNjM2IDAgNjk5IDcyNyAzNzkgMCAwIDM3OSAx
MDU4IDcyNyA2NjYgNjk5IDY5OSA1MjYgNTYyIDQ2MSA3MjcgNTgxIF0KICAgIC9Ub1VuaWNvZGUg
MjEgMCBSCj4+CmVuZG9iagoyNCAwIG9iago8PCAvTGVuZ3RoIDI1IDAgUgogICAvRmlsdGVyIC9G
bGF0ZURlY29kZQogICAvTGVuZ3RoMSAxMDcwOAo+PgpzdHJlYW0KeJzlent4FFW27961q6q7+lVV
/U6HTnenk3QeHdJ0CCQSsHiKPCIiw4RoJEASIAECAgKBCIq8A+EZgkaIyEEHFQIiEwEhYkRRmcwo
iiiOD6LInBidMxkGY1K5q6oTxDtnzne++88933d6U91Ve++qWmuv3/qttXZAGCGkQ6sQQd4Zc6fN
v5q3txOhmEyEqLwZjy7yVqW/2I6QdydCeGfx/Jlzr6/6axNCsYlw16aZc5YVP8/uXgDnLyHkrpxV
NK1Q3HXPMRg/Dn0DZkGH2av/EK5b4Tpu1txFS09/b3odIb8A13VzymZMQ9SQbLiuh+sDc6ctnU+v
ZdJh6iS49s5/pGj+4mXsTbhehBDzMKJQsVxNFzMHQFoNckkG+m3Evo21TD5Fo7SmS639kHCp9VJr
yCL6xHif6CumUedCEt35jVytMd36j0fYJITRwu5rzAHmR+RGmVK0ax4iwkq+0DrPMJsUxIg8n+AO
IIeJi48R2uFR7cozW9pbO1uF822h44KnzEPhfMzS/tiEQAKVISBfmHaI/r7YH0uJgjk9PGAgc2CY
fKFte8e0+XPxdnxvObbuWxD/xYUfbt784flPQnjTny4XTpuP3cfxQ/hFaaj8wulj8svy7+UG+eV9
exUdu6/Rm+gRYJVE9JiUFu3TRyHBgMujdmirLL4t/s0xVQmVlgJDuYmKYpAvNdYYdPEooGdcsfbk
JKG9CcQOh1uENtGcldUPpbW1yG03vxXabraJWVliljkrJMUJyWXJSxMbk+nyxEbcSDWSJrqJaWKb
bE32JkejszGq0WXMBz0z/LGszWoHrSxius2XYQI1EzL6D0j3ZfRPgDGNP2MITg/bSdr3G9auX7Rw
c8MB+cDgutKjf2y7gqkda+Y9IUwteHXy59dxzlePlpc9sQWf7vqgZOGYUafr/u3EvcvWFE6/nJT0
GRgb7DIGIfIh6O1Eu6RYLWdhMOLLRcTYK41cuVir12mpVCQEzdqAIWgKRQntLa3hlkutQpOiY1tY
Pn9eaBPOi6BiSMoUkIAFSiACLTCCTbALDsGZ5pKQhCVKIhItMSNskl1ySE4bvJpSJnuxl2IVpcfW
2yblvo6iuhthKAqalCkOzJyCI1ZmbepKpIv+DJ8tovyHJUzO2PXbPuq6eLAezxpwqDx1Bp0k37wv
53S97CopIZNmv15WalJ0HAR+NZG1Ig5Jkpkt1y6gUTmFgyigIUEmpAOdwp0toE9ruLM1dKxKj38R
R6eKo4MWESf+thT4wOGuG0eP4tklJSWMVIJ6MFQCa6lHDpQiWVCVga0yVxoKnMRlG8G5+GQnoDuC
bUA2ANsbVRYFwI4PD4gYFozuiEUZ/VF6GNmsiJq1c/funTt31+z4Tv4WR924gaPk66P+0tJy40ZL
y19m4HRZxmH5D7IsX1RtCT5GjsH7k9AVaSh4RpxviEEf46Hc3iF6g3683uD10Xb8LKpjqgL2Z211
LpAuUJDs1Rt8bq0j1eYewmsDtlFxVCqPRiarmG4BOSOYVlCtyN3eqoLakRUa+0CuRjB9D6ca9XtK
7DFvCqydlBvwBLwBXyA24M/T5enzDHnGPE+eN8+XF5vrX+tZ613rWxu71l/tqfZW+6pjq/0HPQe9
B30HYw/63VLKypQj1iO2I/YjjiPOI1FnrWdtZ+1nHWedZ6NM+Sh/YEZ6DJhfWbA03BcrXhG2O2w9
ILHaPTgG26wsOMzCEnrzxhVPTN2zZsPyj1+fdHJGCb1+8aIleeu2715z/b2ZTYNuLXk0f8qoyf1S
g08Wbz8YTP5u5qKJE4ffn5yatrls98tB1T+6J8mTqcvMR8iK5krRWp7DqJCZZzZyZfrp5idsFI8M
cSZRp7UJl5o6W1QuhBUKC20y+ERWCGCkU2BkQxLYx4Zs3Y0qjI6F7CrGTJPG1vOTHlRmqECzKTPV
GaRXTxXxflFV6aVHSG7ukoe/oxacOX/1nh3yU/8+Y1r1p0xWaWnH2X9cjVUwCHGBiQJ5teBBwyUf
KrOtNmjKTNMdujJOg2087fQj2gQKxNmRqPe5AJHhljA49LdixMZpbeGb4NdtoWNToxVH8EXA6cMR
2Idpm5X2+8AbcQfW7qqt3SXfkpecOUOd+xKzcseX8tvXqVvP1uyp66guYVDptTcaW7o+L4lwjeIf
bsCnC2VILrTHUUWMuw27xCqukhREm1INLmR1scnRSgh4/1KPm4CjyC2hY2V9FFkUIkTA/orJxdsm
V9ifdgf+XK94ieu7oneKSm2bV++q2V29ZIsL333oGDgK6sb90kLyj5Wrrn/77XcrKpCyVsB9VAFz
DfzVhu6VHIQzl1trBaB4RFhj0BCw8EExZI/QgyKPShCX3geKcNxBEXbVcnZoEctZVEhGMGi5TRdv
D0/rO3xYWtrwfz/c9Zd6ICxmQd8RI/qmDRv2cyKQ1cRSeEYHcHE7xEgdWir1oQsZliGFLDOesDRm
2NlavBBxGpFGlB7A1tTZpArU3qRyr+KL9Pcagf5+Smwv6PQq6PRI3wM6ifMiL07j0nS0IrxenaMK
r1fmqnN8GT6RyYhPF3027Me0/CGesxEDqX365urWjvIeO25CiM4BOfug8ZLPYEW8ES2iCl1FzGzj
EtFqNDiQDjtYrUknYLPeDTyipAeCEghVfN1sk9uEJsU9JP0o3Sj9KMMo6ygbAyvqFxVqB4RhVoOV
hfNl4CE4wo2YnV96ZdYNbJL/4DTI66iyxZ2D8VvVq57ZWFVLL8C6rOyvz30mNztgrEE+MBc3Vf+8
cfehLYq8tYC7lSBvMsibwrmLPJZF5iJHkYdPWoSKEorIbL4gxRvDuf1JOuRnWRdrsOqQmUqJRPVe
0bPuyElAgbaskEUNRGBpjcI5tA+SE/E2O6WAw/Tyusb/9uLLD39281Btw3vydfnW4i/mzdcd3rvn
6In6qeEjR7auW7fLOJ+pDvZ9/YV1r3pdl1/80xfhdBy7defRp+pfLd62ffWmVY8BXu+Gda8HPSgk
on1SPFXI6ThcqNNx47HOgBaaNAKzUDebUFqaRaKR8HotZRbaL2UDWLJhvWHtWzqzL2W3hnsAIyiI
YQAxx9I4APQJL+c1ek0kAo6x9YZJD46tNypfEYoyq1gxQ4tgRXLqsQtn4nsxzVJ2KlE3gMrU3UON
1mmAp7HI9VpQARMQBvWeTJETXbk/di2itpzHbvnaj7iDuDq/ldkSHD+XtHfqSuXPFHsdBnstAw7z
oJeleMK6l7qKWGERX2QtYg14CZpuKPC6RUoXgxwsFyPqeMoLlAEga1IMFbFSxEZyi1nlYG6SotFt
RbyqIuAMvTnG2HozzLBEBlWv8SqTIlom8ISneYZneQ2v5aN4Fx/N9+HdfIyBRzz2IA9OQ2mYVXQG
NRVIKLH712BQMSDSbNek/psm/wd2yt90o5mfLFjAPbdj76Hf7cvbkDGZ+eiAPCkuTm7/7nv5H4r1
t1T/8c1zzdJwqk3hqg2wJtVgez2KRzOkWANii3hUZPPMiVnmL4qebStI8Opi7IQ12wwsxzj1CbAk
re13ZtJtH7cpSVo8Z+CMopKgsYJG1FoMFqNgEnhBEMUkQ5Ixx5PjzfGZf5WTkF6lgH1FJffuDbgU
tXdzTc3mquqa10a8NOcLTOQbN7rkH/EwHH/f4QcXGJ6Yd+7MqOZz55rfef3tj6kfx44B7a7JP+Bl
+GG8Hh+OiblZVCJ/qnIK1DL0ajVuPSK5CVHSQ4IxGs9gskQzHRMKE0TrEEtxildCtgFobm/tBTLT
A2TV1mBETrUwp2R8v1hY6VeNyynjav9xB3YSKp8DrlOCrI9e3dWwi0rtyllMLjNlHduYfg34ISVW
dA+Ss/AxNVbEoNlSbIzgMBDOYY+usnAQMGotz3icqXaIG/YBfABiR8gDYUOJGkKbkhJ0Ktj8+Lzw
ByWTCp1I8xZ453vJLzHEo8oLWOqR9/hCx0InhfJ/FUsgikTSgEBvbnBRCSpDQ2nDUw/j4jdfHL16
yFTNbyY++NvbsUUuL/15wYFTPt9nBXnLH1dwNEieTDdADDYgP/qNFMRIdBMjvdNlLOdjY8q9up3W
SleB9wm+Ns4TRBqXI8NnCroFFDCG4pRUAXIFcK4WRadWNYkNq/mhA7Q6vjK+Pl4p0yIhOYKeQG++
brZZKb/qE0pExAd2VG7etm1z5Y4GyKAHPL+86datpuXPD1BSamr07MYLX1/9/Mt3Xy09WDhVfrej
Q74wtVCOLi2N1Cuah0H+EPqdNNTrshhpNgURjVtYQwLlSbXxPqdVz2jK+5JKv51DURbdYENs0KuF
aM7e7RgcFbAFLXcnBpO9gbhgQqhfpJxRLNXe2iJAA/sAsLKz28JtjrDC8mHQzaFEqrvDU8Nl4a3h
+jDzi936qXbrB62HEi1pujR9miPN2axr1jc7mp2NYS4fR+JETwUT8ar/7OJ2bUPHZ/zbvOcPHJSp
uoKy5Y/XydqeX0opddL3Fq44SHIXL2n+U9f5khIq/rmNJ48pJQ8V3LcucqYUPyXzl4O9Hwfe2Ay8
EQW8kS/FIZe3iFjmmJc5injiKuIg9CVYdWbE+hmDzc2a7azCHC3AGxHkwroAcpWFULgj2oM9lId4
aA/jifF4PF6PzxM71DLUOtRm7M3O1OJFYYnbODXj3jQNMEHODD88989yN3bc6MK8fEa+Ckwx3/jE
3HNn5DNbdu/esmV3DfXM2DHY8N01LMrr5P3yUnliTMytojk4no4FMvnjBSAT8EmicuJmlRMdKA0N
kWLjnKTIxhXF8EXJs2MKQnFOg5kJGJhUxEbbWDbg04cU8mjvDek9oQKIUUnVe9kO5CR3nEdiuz82
DkqNgb0FB3gkOblv69Z9ypG0ccXyTZuWr9g459AZ+eatf8h/P/Pi7mdvXbly61lcU3f0aN2zR4+S
R9fX1KzfUFNzwXFx3wfXrn2w76Ij+sj6483Nx9cfUfxynVyrKWP2Az+Nh0pj0LChY0cGcuIMaOzI
xDhiHFnOjS3nyyWyIq48hVvhLE8ZmBNINJtGR7NDDSja1MfsHsz2iYke3I/KARWVpLmrLRzu3Y1Q
ihOlK7sNDNkEfUp3z08o/vb2AvA6oFBNuAIJcUrMYimb1eyw00qK7VC2X+KU7Zf+5oED4iBPc8DS
CIghGXcsF2MatCP/yKefHsnfMaj20OkRw0vk5lfy6ie/+2Xh1Lk45eXHvyzImCO3Pfd7+ZWKx9es
XbUSTzn3MZ62ZFyOfBLS96qFy9atL39ky62JEzouXPhpwsQtnZ3xHafLzk9aszkhkC+v+8fz8vWZ
SyrGjRuVn79m+Up8z+sNeNTKx9YfrJ3+7Qq5Xb5AcNXsiqeP7N135Bm1Jpez6GvAFx4URMVSehBC
tkXo4yVJqNydtNOi3asxVNH+nVGVlgL6GXdtKpeqiQl6+/ABlJHg0gy0J6dG3EHd2/mF9v78bQ/v
wQoqezsc6iv0Xdm3vi8N5PBrlh6sOoayauoCQ2J9x3Jl0OmdN2Y35haY11bs360Q4U+33gIixLPk
mh2VW7Zt21K5g5zufPCbnxISvphV8PumqsKpeGBHBx4wtfBgqVx59t0vP7/69YVGNYa+0X0Nv4fa
wB8yjxtZhAzCpc4myGvuzz2uo5CWzs4WsrOn9EPHyTSuwAB0HhmDEKvXRMZCA+8IOG+MyxqYkzMw
a9yszJyczIE543v3OCbDelpRNMqRYiitrRxp9zBVBmcVelrZ7Oij5WwuFI1dfHIfJWJAAv1+pJRT
KjmhTVkts9ctuVe6STNqxs1Us605mlG2gHw9xVz6HUyiUas8DT258/r+vcue9uwMfv/GDfkbbP/6
r5i6xG5bv3K7ALpd/mxlxZF6KPQ6cX/58tGTr5957fb+Ft0G8rrRfKmvxmh10QQ71uhIOVMbbTYR
XK6rFJA42NInyPJBS8B4Fx10sQEUpEIxPcEhEhiUqNAGMaFT3Q5xKEHcs9JT77kjiMeowSAGWiQY
pN9J6f9E+JNUKn9uTv3BAzK9r2DZqrV1Shn4+px5736s0jp6c9upV4DMkVqrroN1r+rhOr9kQUUG
tsg8W9lbAiRxLK//ZW9JobRQfNgsClRke9Shpm0RWqY27amp2aMcf4NETPxbOxbkH0fhCfgBPAlP
kOvll+SX5foZuAbPw2W4Rp4lb5O3y7PUtczDl6k8aiEwr/AqhWiMaEG1LZTEFkjx8ygkI2phrSrv
R4DFL8gyVV6PxAPibNN4rsBpZiH1cApKFaLIqjDxr0An3nH+0fjMzPHjsrLGjc/MGjcuK3O8CsTM
8eOppp7+iI0Luq+x0yF3jELzpHgDG2VB3Bq7aKQJKuOp6fYCF4ljTHEGXogz4zhGROquR8sliPpq
JtPSnt3qCPcUeaHjnuiCaEq16i9FgUvNG13I1Zs3bo2ui6agYFX3ZgQFtVG9F8jnRSL2nKVGnz31
zTenzuJbZ+QO+Ty0vzMlpaWdnfLXX3+NYwgN59/JLwLp9cEPqHoM6r5GAswCWLFZktuhQ4Kxykpr
UTlL1VoLnBpBxEGOCRCUBrbOVrZh34/sycF5kyA39Ww4GRUsOlWBncjZW8XYGA2jtWls2gRNgjYt
amVUVdS+KF0+JJXpYqRAu8P3EjI+37//NZwnH+w/avQwapN2y7Z9T5LTpXiMfKK0K3/duN9M3bZ2
8+96+eAaawU+8KH7pAQ7LdgIitpp9OzUiOWWBahcU2CspMxBm0ACOIgy+rh0ybEKVEHsbHXTtUUt
TnqSSCBSv+Bf6a/3A5HG925+95Kn4k6/ijZ0er1c8wtrQhbc0MuaJSUHf6FKKqnk5/dm95Clms+3
I8R8BpihoJx9WbofKbstVCGmWJYxi5RQyDK82gUeo9FqsKDVmODQGyijoNVqxlOsqQwJBi2hy9jp
OiIKvMmo12rgBoyMFo5YwCkiRUp2C4DrUqv5dqXiCGugXFEqFq1atWjUrp4LqMUTzcoeql0pLnkT
z9OJTCKbaEw0BcUUs1pl+jgMGTQ0hVCIj6Tb8FNUnNzWNXo1ZX2Bsu3o+upgRVdlxQHKTZ3/2V3C
lHbsKinBo+WGkjs4EWzmRmVS0GXVGHsYccH/OyOqrvPfpkTxv0OJU8sVSmSkkq7Jd3BilZrgRvQY
CNj7jA6A3y+WYh0iazBaqTWcE0oZVMsV0CjoAG8J4rtMQSFgSFOdXoFdS2QjRNmlDUcE790N+yc3
Xxldr7h5jzYuVRuXMi1SVfru+POMqlckpot+6iOce1h+Kn1/6dHnD+Kpqip0oHN4yemSsguXqazS
rl3ntp5+BV9DPX+foK+DPaLwSinXsY/T2vfZ7JyW3yfwWk5r2sdxWouVMtuGCALPDzHxdrttvJ3X
EsrIlevpcnaB0yoQqlxfa0aYIZzNwht0rGjXmEUEa6AJMEEScgmq6kJjozkLwldPndMK2FSruNv7
+REYKnv6Qg9E4Z+yq3iMV7aDpU81Wo7n7FqHXeviXfYEbRKfZM/ks+xZjtH8ZO1v+ZnamfxM+yzH
Eu16ezV/QuukOY1Oo2cMjJE1IRPLay16q8Zu5iw6i17ZfTCbBJONj7Y6bQ57IpeoS9QnmJL4VCFZ
TDanWIO2JHta9ADDAOMAU5aQYcmy3R09ihthGGEcYRppmcLl6nL1v+Uni5PNky2zuGJDsXGmqYif
KUwTp5mnW4qsxfaC6KXcUt1SfbmwVFxqftRSbttk2WTdYNtgr4qu5quF17iTupP6Bvsk8K2knl1u
MULmXMTHsEZMp8Z0dR6EWhU37sFfnZCb8M49Xe018rltBxWIdurxM6Wl8tWuD8DRXl0nf6Da9YrK
MTTEQJ/EIw15hMOMlkYGSsdCapat7MqBES5lw28IqxzsF5UNWHKI6tfVXNfVTPVj6K7m/crJfqof
iqBe2RuB3A7RVA78xiABekxoJeqGED4NL8WP4e3UeeqqN8Eb8t7lfckX292t/F0X1eGJuADGK3rG
LTCedXv8X38U/72Kn8K1eC+0up52Hto7+B11/D/7BFTZXPDtBlmNICEPkorAtg5kh2z8l48T+dWM
4c6P9o5z7vaZ919ISJDy1/RYyEgRcEEcrLcFJSAG2VAfxEJkAvdCGohP8f+lnv/LP1iHFoIVGtB7
0D6Es3GoBC1A61AdnH+Dlqv9b9BapUHPFUaZ+yFqwEkwj1IaTkOKHc/Ac9Jh7BuYXwzXdWi6Ot5B
LqrtKXKRWoIoMgHOJqh31KEGMoimycXIod71HhqMTqJDyjlzEVXDvInoMrRh8PQx6DS6glejA/gj
VIE2o4W0ooAb6yCel0CDXFBtP6KH1DcrfSXMR8CwdagE9DwNTz8Q6cdJeCIpIMU4FzSk8CEyGnrX
oBK6AFpAbSNU/SI6UNRyeH+Pvugi9RCVRAfwIXiP8o6L8PxDaDDIWwySjoaDUuQnN1AdMYCEUcwb
aIxmDGvArKYCTYLR5SQdP8W6UQGqIJPgCTnQtxnl4MvwFgDuCZahCWQUQa9QT8XfW1gv3Z/rfWeK
LzX4f116BY23Hk2oNy7zNnR3T8ilo5kp9UyfehKvrafj/V/9q8GvUoNjJ+R66y+MHNHz1JEFI6Dv
gVw4Va6gG/pHjkiN+Dn1cMMPP7gapvLZf0eeiJN+eCXnr72/P33SdZfwifZLFPHgCDPAt2au7EZI
dP/0Sed84ZN/YoxEGlaM2oQQ6wFbvoWKyYdoDFWFBtF/QsV0NFpIMronMdPRAno5zKtCYxgH6oBj
Exy1cNwNx2E4NsDxErW8exDjQYM01eq8x5V+EGYd9CnveIM+jYqZgDq2jjqO8qhj6CP2DCogA5Fy
XzHzdne7Oh5AA+kraBB7XOFx9TOi52gBpa7CYjQC9STC8QIQTCdw/UugwWg4PgGNoWLSCnDAHG49
0NN8hPRPAm0XImQEuBrfR8hUiRB/GiGhBtYG+s1wboFnWQErVji3wXw7iG7vD0cdQg54prMPHJcA
Sn9EyAX3RRcA8DOV/wekrmoixaEUVIMUDxXQHmA9ROvx3+CabqBWSV++LZPzFvJWUxzzViF5S6Kb
4sibRnLujQBzrpC8ESCN+eRsBTmtJ6f05ORrVuZkmLxmJQ1h8nuZnJDJqzJ5RSbHZHK0/h7maAep
v4cckcnhCvKyTF4ykRcPGZgXreSQgfwuTF4oJM/HkANh8tz+QuY5mewvJM9Wm5hn40ndUh1TF0/2
jSV7BfJMX1K7PoaplcnTTwnM027ylED21JiYPfGkBubVmEiNRO+GG3dbye5VdLWJVEv0rniy88kQ
s1MmO7ZbmB3xZPs2I7PdQrY3YEni6G1bdcw2I9nWgJF0L71VR7Y20lVlFUzVKbLlcT2zRSRbJHoz
nG2+i1RuOsVUymTTxnxm0ymyaRW9cUM8szGfbJToDSDXhniyfp3IrI8h6xu6G6Vuep1I1sCr1xSS
J0NktZ08UU0e15NVhYXMKpmsnCMwK6PIYxUm5rEwqTCRFct5ZoWFLOdJeTVZJpKlOrLkUS+zpIM8
urgP86iXLO5DFsFNi2LIQpk8IpMF843MApnMN5L5El1WQebNHcLMKyVzh5A5pQZmjkDmrKJLDaRU
okvglSUdZPasU8xsmcyamc/MOkVmraJnFsczM/PJTIkujidFMKmogxQWkhk2Ml0m02RSMLUvUyCT
qX3JwzLJl8lDY8mDFSRPJlNGkFyZ/FYmk0+R38jkgUIy0UruD5MJ9/HMhApyH09yhkrDyDg9GVNI
7o3VMvdWk9Fhcg8RmHssZJSZjKR0zMgoMmK4hRlRSoYPE5jhFjJsqJ4ZJpChEscM1ROJI5Kyjg/Q
d1eTIXQqM2Q8GZxtZQaPJdmDdEy2lWRL9CAduSvLzNyVT7IyRSbLTDJFMtBIBshQ+lmZDJn0T7cw
/a0kPaxj0i0k3I9jwjoSjtinH0dCaU4mNIKk9bUxaU6S1kj3jdExfW2k7yo6lStkUqtJMMXKBMeS
FFAixUpSJDoZRE8uJEmJISZpKEkEwRJDJAA/AZkk3EXijU4mPp/E+c1M3APED7f5zcQv0bFa4vM6
GV8+8XpExusk3kbaAy/ziMSzio7RkRiJdvtJH55ExxFXVIhxPUCi4KlRIeKUiQNe6pCJXSA2q5Wx
lRKrxcJYrcQq0RYLMcM88ykiwvKKMhHgRxhGeJCfryYmGDPJxAgPMDqJUaINMtHDhV7KLCU6mKOr
IFwh0WpERmslGpGwTJhhKwgD9zFhQsPD6FQCD6V0BD9AkExwAy5csxmn/I/9oP/fAvyXH4hu/wd4
4AzmCmVuZHN0cmVhbQplbmRvYmoKMjUgMCBvYmoKICAgNzY1OQplbmRvYmoKMjYgMCBvYmoKPDwg
L0xlbmd0aCAyNyAwIFIKICAgL0ZpbHRlciAvRmxhdGVEZWNvZGUKPj4Kc3RyZWFtCnicXZJNboMw
EIX3PoWX6SKCYLAbCSFV6SaL/qhpDwD2kCI1Bhmy4Pb1+EWp1AX4Yzxv5mFPdjg+H/2wyOw9jPZE
i+wH7wLN4zVYkh2dBy92hXSDXW5f6W0v7SSyKD6t80KXo+9HUdcy+4ib8xJWuXlyY0cPQkqZvQVH
YfBnufk6nBA6Xafphy7kF5mLppGO+ljupZ1e2wvJLIm3Rxf3h2XdRtlfxuc6kSzS9w6W7OhonlpL
ofVnEnWeN7Lu+0aQd//21B6SrrffbRB1wal5HhdRlypxXEStd4njImpTJI5LjFvELXMP7jkHWsPa
skWdNnKF+hXX18jRqf4evI+s0EtxL4Veinsp5CvOVyW4ZK7AFbMGa2YDNlwfHjR7MPBgkgeHuON8
eFDJwyP4kf0jv0z5qKm5ZkE4K+I4PGj2oBHXHFfQKtYW6FWkXvCj0plAW7HW4L8M/5cGa+YSZ1Ly
mWh40+zNQGtS3w7xjnuB48KXfrtdvn6e0/tc2WsIcaTSMKdZ4ikaPN3nfRonVqXnF4MFyt8KZW5k
c3RyZWFtCmVuZG9iagoyNyAwIG9iagogICA0MDMKZW5kb2JqCjI4IDAgb2JqCjw8IC9UeXBlIC9G
b250RGVzY3JpcHRvcgogICAvRm9udE5hbWUgL0FMVEdJQStEZWphVnVTZXJpZgogICAvRm9udEZh
bWlseSAoRGVqYVZ1IFNlcmlmKQogICAvRmxhZ3MgMzIKICAgL0ZvbnRCQm94IFsgLTc2OSAtMzQ2
IDIxMDUgMTEwOSBdCiAgIC9JdGFsaWNBbmdsZSAwCiAgIC9Bc2NlbnQgOTI4CiAgIC9EZXNjZW50
IC0yMzUKICAgL0NhcEhlaWdodCAxMTA5CiAgIC9TdGVtViA4MAogICAvU3RlbUggODAKICAgL0Zv
bnRGaWxlMiAyNCAwIFIKPj4KZW5kb2JqCjkgMCBvYmoKPDwgL1R5cGUgL0ZvbnQKICAgL1N1YnR5
cGUgL1RydWVUeXBlCiAgIC9CYXNlRm9udCAvQUxUR0lBK0RlamFWdVNlcmlmCiAgIC9GaXJzdENo
YXIgMzIKICAgL0xhc3RDaGFyIDExNwogICAvRm9udERlc2NyaXB0b3IgMjggMCBSCiAgIC9FbmNv
ZGluZyAvV2luQW5zaUVuY29kaW5nCiAgIC9XaWR0aHMgWyAzMTcgMCAwIDAgMCAwIDAgMCAwIDAg
MCA4MzcgMCAzMzcgMzE3IDAgNjM2IDYzNiA2MzYgNjM2IDYzNiA2MzYgNjM2IDYzNiA2MzYgNjM2
IDMzNiAwIDAgMCAwIDAgMTAwMCA3MjIgMCA3NjUgMCAwIDAgMCAwIDAgNDAwIDAgMCAwIDAgMCA2
NzIgMCAwIDAgMCA4NDIgMCAwIDAgMCAwIDAgMCAwIDAgMCAwIDU5NiAwIDU2MCA2NDAgNTkxIDAg
NjQwIDY0NCAzMTkgMzEwIDYwNSAzMTkgOTQ4IDY0NCA2MDIgNjQwIDAgNDc4IDUxMyA0MDEgNjQ0
IF0KICAgIC9Ub1VuaWNvZGUgMjYgMCBSCj4+CmVuZG9iagoxIDAgb2JqCjw8IC9UeXBlIC9QYWdl
cwogICAvS2lkcyBbIDIgMCBSIF0KICAgL0NvdW50IDEKPj4KZW5kb2JqCjI5IDAgb2JqCjw8IC9U
eXBlIC9PdXRsaW5lcwogICAvRmlyc3QgMTggMCBSCiAgIC9MYXN0IDE4IDAgUgogICAvQ291bnQg
LTEKPj4KZW5kb2JqCjE4IDAgb2JqCjw8IC9UaXRsZSAoREVUQUxMRVMgREUgTEEgUkVTRVJWQUNJ
T04pCiAgIC9QYXJlbnQgMjkgMCBSCiAgIC9GIDAKICAgL0Rlc3QgWzIgMCBSIC9YWVogNzAgNzYz
IDBdCj4+CmVuZG9iagozMCAwIG9iago8PCAvUHJvZHVjZXIgKGNhaXJvIDEuMTUuMTAgKGh0dHA6
Ly9jYWlyb2dyYXBoaWNzLm9yZykpCiAgIC9UaXRsZSAoUmVzZXJ2YWNpb24pCiAgIC9BdXRob3Ig
KCkKICAgL0tleXdvcmRzICgpCiAgIC9DcmVhdGlvbkRhdGUgKEQ6MjAyMTAyMDEwODE5MjhaKQo+
PgplbmRvYmoKMzEgMCBvYmoKPDwgL1R5cGUgL0NhdGFsb2cKICAgL1BhZ2VzIDEgMCBSCiAgIC9P
dXRsaW5lcyAyOSAwIFIKPj4KZW5kb2JqCnhyZWYKMCAzMgowMDAwMDAwMDAwIDY1NTM1IGYgCjAw
MDAwNTk5OTkgMDAwMDAgbiAKMDAwMDAwMTQ2OSAwMDAwMCBuIAowMDAwMDAwMDE1IDAwMDAwIG4g
CjAwMDAwMDAwMTUgMDAwMDAgbiAKMDAwMDAwMDczOSAwMDAwMCBuIAowMDAwMDAwMDE1IDAwMDAw
IG4gCjAwMDAwMDA3MTcgMDAwMDAgbiAKMDAwMDA1MDUxMiAwMDAwMCBuIAowMDAwMDU5NTMzIDAw
MDAwIG4gCjAwMDAwMDE3MzYgMDAwMDAgbiAKMDAwMDAwMDkyOSAwMDAwMCBuIAowMDAwMDAxMTg2
IDAwMDAwIG4gCjAwMDAwMDE0MzMgMDAwMDAgbiAKMDAwMDAwMjE5NSAwMDAwMCBuIAowMDAwMDAy
MTcyIDAwMDAwIG4gCjAwMDAwMDIyOTggMDAwMDAgbiAKMDAwMDA0MzAzNCAwMDAwMCBuIAowMDAw
MDYwMTQ4IDAwMDAwIG4gCjAwMDAwNDMwNTkgMDAwMDAgbiAKMDAwMDA0OTczMCAwMDAwMCBuIAow
MDAwMDQ5NzU0IDAwMDAwIG4gCjAwMDAwNTAyMTEgMDAwMDAgbiAKMDAwMDA1MDIzNCAwMDAwMCBu
IAowMDAwMDUwOTc1IDAwMDAwIG4gCjAwMDAwNTg3MzEgMDAwMDAgbiAKMDAwMDA1ODc1NSAwMDAw
MCBuIAowMDAwMDU5MjM3IDAwMDAwIG4gCjAwMDAwNTkyNjAgMDAwMDAgbiAKMDAwMDA2MDA2NCAw
MDAwMCBuIAowMDAwMDYwMjYzIDAwMDAwIG4gCjAwMDAwNjA0MjkgMDAwMDAgbiAKdHJhaWxlcgo8
PCAvU2l6ZSAzMgogICAvUm9vdCAzMSAwIFIKICAgL0luZm8gMzAgMCBSCj4+CnN0YXJ0eHJlZgo2
MDUwMgolJUVPRgo=

--===============2683930572424039563==--

-------------------------------------------------------------------------------
