Content-Type: multipart/mixed; boundary="===============7594213838045564209=="
MIME-Version: 1.0
Subject: =?utf-8?q?Hotel_Real_-_Confirmaci=C3=B3n_de_Reservaci=C3=B3n?=
From: reservaenrealnicaragua@gmail.com
To: justo@becerra.com
Date: Tue, 02 Feb 2021 08:32:02 -0000
Message-ID: <161225472259.8186.6238621916919474434@localhost>

--===============7594213838045564209==
Content-Type: text/html; charset="utf-8"
MIME-Version: 1.0
Content-Transfer-Encoding: 7bit

Pronto nos pondremos en contacto con usted. recibimos su solicitud para RealNicaragua
--===============7594213838045564209==
Content-Type: application/pdf
MIME-Version: 1.0
Content-Transfer-Encoding: base64
Content-Disposition: attachment;
 filename="justo@becerra.com_1234567_2021-02-02 08:32:00.902353.pdf"

JVBERi0xLjUKJbXtrvsKNiAwIG9iago8PCAvTGVuZ3RoIDcgMCBSCiAgIC9GaWx0ZXIgL0ZsYXRl
RGVjb2RlCj4+CnN0cmVhbQp4nKVVXVObQBR951fcR5gO5O4uy4fjOGJCO3Vi/Qjti+PDSjYxkUAC
pPrzeyFYjVabtDCBDbv3nHuWew8MkE6b0SVwGaQLY2Vg+6ycQk8hTCvjJDG4u1lHdx8dlOgHDBii
E3iC0zBZGL2JjTYCjSfGtTmIE0tKMxoO4xEMYhhGcBWP4itLSPOH5Qdm1P96/s26SU4NxrscOBCW
gyJEjwPzAoejj+IJnD2Bm2Al8y06mzNHMCa5oAwdyT3h+ZCMDTOCvFjclhrGuot5hcKYg55wfR9I
FUopRCCbyGuzr8qsqOAULixXmipT6Yz+tglvUT8j2MxxBQoRbgAuLO6bqlLLoqz1U9yO9CbjwpUk
4o3Sd+jMeKFm2X4azfm6qovjW53qslROWix2puvU6bIqclXtLa6lGS1VDoeH0IvSeq2yRD/WcDjR
kwmiwiM4OoKTQb+Dis9otOzo9sjyc1ODOr1TVAAQ53WpxmrfbDlyWsptDAHFgWD/yD5S2ew/yKlH
ggPEnesh0mWRzXKt9qyJ7/ms1mOIZmUTXX3ExynSC4TXxp3fVrr82TTJc9S7nDY60vcCatcm9EHX
dJYfS/N8N8BNitFU57WG1VpDqVvWPTX279bpPfRVVWca7E2BJRvXc0LRHI35keu9cCYe+o7rhpyF
ICQpJ//j8o0zpfPlgoWBOJ427di01J/Ar77Q2GsOHx5o6pR+c+P6pskTxgZDOIMVsJZ7cyVb7hIg
dkF3BgtwReN1vx9kMILLZ+/eTr9dy0JJbvpB+vZOW+EKj16f+5et+CSFDDD0eei+swdvJHbALyRK
zp2QXuC2xpXRU4w+TNB7pL0aFMal0RvO8vvWTc76XwcE19lHYxyv5tjLuUvjF69WlN8KZW5kc3Ry
ZWFtCmVuZG9iago3IDAgb2JqCiAgIDY2MAplbmRvYmoKNSAwIG9iago8PAogICAvRXh0R1N0YXRl
IDw8CiAgICAgIC9hMCA8PCAvQ0EgMSAvY2EgMSA+PgogICAgICAvYTEgPDwgL0NBIDAuNyAvY2Eg
MC43ID4+CiAgID4+CiAgIC9YT2JqZWN0IDw8IC94MTAgMTAgMCBSID4+CiAgIC9Gb250IDw8CiAg
ICAgIC9mLTAtMCA4IDAgUgogICAgICAvZi0xLTAgOSAwIFIKICAgPj4KPj4KZW5kb2JqCjExIDAg
b2JqCjw8IC9UeXBlIC9Bbm5vdAogICAvU3VidHlwZSAvTGluawogICAvU3RydWN0UGFyZW50IDAK
ICAgL1F1YWRQb2ludHMgWyAyOTcgNTAwIDQzMiA1MDAgNDMyIDQ4NiAyOTcgNDg2IF0KICAgL1Jl
Y3QgWyAyOTcgNDg2IDQzMiA1MDAgXQogICAvQSA8PAogICAgICAvVHlwZSAvQWN0aW9uCiAgICAg
IC9TIC9VUkkKICAgICAgL1VSSSAobWFpbHRvOmNqcG0xOTgzQGdtYWlsLmNvbSkKICAgPj4KICAg
L0JTIDw8IC9XIDAgPj4+PgplbmRvYmoKMTIgMCBvYmoKPDwgL1R5cGUgL0Fubm90CiAgIC9TdWJ0
eXBlIC9MaW5rCiAgIC9TdHJ1Y3RQYXJlbnQgMQogICAvUXVhZFBvaW50cyBbIDQzNyA1MDAgNTIz
IDUwMCA1MjMgNDg2IDQzNyA0ODYgXQogICAvUmVjdCBbIDQzNyA0ODYgNTIzIDUwMCBdCiAgIC9B
IDw8CiAgICAgIC9UeXBlIC9BY3Rpb24KICAgICAgL1MgL1VSSQogICAgICAvVVJJICh0ZWw6KzUz
NTgwOTcyOTQpCiAgID4+CiAgIC9CUyA8PCAvVyAwID4+Pj4KZW5kb2JqCjEzIDAgb2JqClsKICAz
IDAgUgogIDQgMCBSCl0KZW5kb2JqCjIgMCBvYmoKPDwgL1R5cGUgL1BhZ2UgJSAxCiAgIC9QYXJl
bnQgMSAwIFIKICAgL01lZGlhQm94IFsgMCAwIDU5NSA4NDEgXQogICAvQ29udGVudHMgNiAwIFIK
ICAgL0dyb3VwIDw8CiAgICAgIC9UeXBlIC9Hcm91cAogICAgICAvUyAvVHJhbnNwYXJlbmN5CiAg
ICAgIC9JIHRydWUKICAgICAgL0NTIC9EZXZpY2VSR0IKICAgPj4KICAgL1Jlc291cmNlcyA1IDAg
UgogICAvU3RydWN0UGFyZW50cyAyCiAgIC9Bbm5vdHMgWyAxMSAwIFIgMTIgMCBSIF0KPj4KZW5k
b2JqCjEwIDAgb2JqCjw8IC9MZW5ndGggMTUgMCBSCiAgIC9GaWx0ZXIgL0ZsYXRlRGVjb2RlCiAg
IC9UeXBlIC9YT2JqZWN0CiAgIC9TdWJ0eXBlIC9Gb3JtCiAgIC9CQm94IFsgMCAwIDU5NSA4NDEg
XQogICAvR3JvdXAgPDwKICAgICAgL1R5cGUgL0dyb3VwCiAgICAgIC9TIC9UcmFuc3BhcmVuY3kK
ICAgICAgL0kgdHJ1ZQogICAgICAvQ1MgL0RldmljZVJHQgogICA+PgogICAvUmVzb3VyY2VzIDE0
IDAgUgo+PgpzdHJlYW0KeJxFkMESwiAMRO98xf6AaQiQwN0f6Mmz03G8VJ3qxc+XVkonp30su4HF
jVicqMGLQAXR8L7hgucKSUKGD0yeEx7oRBIVTRBjSiWuV0l51ZFsO//rCUGqIxTX0VxRJD08QTJx
KD2z69Y6HUSZjM1tGTuKlGPumZpJ2PbWrqdjs0bmfXfXUX9cyzz0VltD1k9ZXJUZXOcUE2mzmZXU
klLwgunhhivj/sHw9Yrzy411fkucSDMKZW5kc3RyZWFtCmVuZG9iagoxNSAwIG9iagogICAxNzkK
ZW5kb2JqCjE0IDAgb2JqCjw8CiAgIC9FeHRHU3RhdGUgPDwKICAgICAgL2EwIDw8IC9DQSAxIC9j
YSAxID4+CiAgID4+CiAgIC9YT2JqZWN0IDw8IC94MTYgMTYgMCBSID4+Cj4+CmVuZG9iagoxNiAw
IG9iago8PCAvTGVuZ3RoIDE3IDAgUgogICAvVHlwZSAvWE9iamVjdAogICAvU3VidHlwZSAvSW1h
Z2UKICAgL1dpZHRoIDgwMAogICAvSGVpZ2h0IDYwMAogICAvQ29sb3JTcGFjZSAvRGV2aWNlUkdC
CiAgIC9JbnRlcnBvbGF0ZSB0cnVlCiAgIC9CaXRzUGVyQ29tcG9uZW50IDgKICAgL0ZpbHRlciAv
RENURGVjb2RlCj4+CnN0cmVhbQr/2P/gABBKRklGAAEBAABIAEgAAP/hAIxFeGlmAABNTQAqAAAA
CAAFARIAAwAAAAEAAQAAARoABQAAAAEAAABKARsABQAAAAEAAABSASgAAwAAAAEAAgAAh2kABAAA
AAEAAABaAAAAAAAAAEgAAAABAAAASAAAAAEAA6ABAAMAAAABAAEAAKACAAQAAAABAAADIKADAAQA
AAABAAACWAAAAAD/7QA4UGhvdG9zaG9wIDMuMAA4QklNBAQAAAAAAAA4QklNBCUAAAAAABDUHYzZ
jwCyBOmACZjs+EJ+/8AAEQgCWAMgAwEiAAIRAQMRAf/EAB8AAAEFAQEBAQEBAAAAAAAAAAABAgME
BQYHCAkKC//EALUQAAIBAwMCBAMFBQQEAAABfQECAwAEEQUSITFBBhNRYQcicRQygZGhCCNCscEV
UtHwJDNicoIJChYXGBkaJSYnKCkqNDU2Nzg5OkNERUZHSElKU1RVVldYWVpjZGVmZ2hpanN0dXZ3
eHl6g4SFhoeIiYqSk5SVlpeYmZqio6Slpqeoqaqys7S1tre4ubrCw8TFxsfIycrS09TV1tfY2drh
4uPk5ebn6Onq8fLz9PX29/j5+v/EAB8BAAMBAQEBAQEBAQEAAAAAAAABAgMEBQYHCAkKC//EALUR
AAIBAgQEAwQHBQQEAAECdwABAgMRBAUhMQYSQVEHYXETIjKBCBRCkaGxwQkjM1LwFWJy0QoWJDTh
JfEXGBkaJicoKSo1Njc4OTpDREVGR0hJSlNUVVZXWFlaY2RlZmdoaWpzdHV2d3h5eoKDhIWGh4iJ
ipKTlJWWl5iZmqKjpKWmp6ipqrKztLW2t7i5usLDxMXGx8jJytLT1NXW19jZ2uLj5OXm5+jp6vLz
9PX29/j5+v/bAEMACAYGBwYFCAcHBwkJCAoMFA0MCwsMGRITDxQdGh8eHRocHCAkLicgIiwjHBwo
NyksMDE0NDQfJzk9ODI8LjM0Mv/bAEMBCQkJDAsMGA0NGDIhHCEyMjIyMjIyMjIyMjIyMjIyMjIy
MjIyMjIyMjIyMjIyMjIyMjIyMjIyMjIyMjIyMjIyMv/dAAQAMv/aAAwDAQACEQMRAD8A9/pDS1HJ
IsaM7kKqjJJPSgB/FLmsSXxJpKE/8TK14/6aiqsnivSV6ajbH/toKfKwOkzmiuY/4SzS/wDoIW3/
AH8FH/CW6X/0ELb/AL+CnysDp6K5j/hLtK/6CFt/38FH/CW6V/0Ebb/v4KOVgdPRXM/8JbpX/QRt
v+/gqteeOdGsbczzX0ZQf3DuNHJJiukdfRXnY+LXhkjP2uX/AL9Gj/hbPhr/AJ+5P+/Zq1RkLnR6
JRXnn/C2fDX/AD9yf9+zR/wtjw3/AM/cn/fs0exq9g50eh0V57/wtjw3n/j7k/79ml/4Wt4b/wCf
uT/v2aXsKvYOdHoNFef/APC1fDn/AD9yf98Gj/hanhw/8vb/APfBo9hV7Bzo9AorgP8Ahafh3/n7
f/vg0f8AC0/Dv/P2/wD3waPYVA50d/RXAf8AC0/Dv/P2/wD3waP+FpeHv+ft/wDvg0/q9QOdHf0V
wH/C0vDv/P2//fBo/wCFpeHf+ft/++DR9XqBzo7+jNcD/wALR8Pf8/b/APfBpD8UvDo/5e3/AO+D
R7CoLnR3+aM15/8A8LT8O/8AP1J/3waX/hafh3/n6k/74NL2FTsPnid/mjNef/8AC0/Dv/P1J/37
NH/C1PDo/wCXqT/v2ar2FTsw54noFFef/wDC1fDv/P1L/wB+zSf8LW8O/wDP1L/37NH1ep/KHtIn
oNGTXn3/AAtXw5/z9S/9+zR/wtXw7/z8y/8Afs0vYVP5Re0ieg5ozXn3/C1vDf8Az8y/9+zSf8LW
8Of8/Mv/AH7NHsKv8oe0iehZNGTXnv8Awtbw5/z8y/8Afs0v/C1vDn/P1L/37NHsKnYPaRPQc0Zr
z3/ha3hz/n6l/wC/Zo/4Wv4c/wCfqX/v2aPYVP5R+0iehZozXn3/AAtbw5/z9S/9+zR/wtbw5/z9
S/8Afs0ewqfyh7SJ6DmjNeff8LW8Of8AP1J/37NH/C1fDn/P1L/37NHsKn8oe0ieg5ozXn3/AAtX
w7/z9Sf9+zS/8LT8O/8AP1L/AN+zR7Cp/Kw9pE9AzRmvP/8Ahafh49LmX/v2aePifoB/5bzfhEaP
YVf5WL2kTvc0Zrgx8TdCPSWf/v0aX/hZehn/AJa3H/fo0/q9X+Vi9rA7rNGRXC/8LL0T/npcf9+j
R/wsvQ/+elx/36NH1er/ACsftYHdZFGa4T/hZmhf89Lj/vyaT/hZ2hD/AJaXH/fk0fV6v8rD2sDv
M0ua4E/E/Qf+elx/35NJ/wALS0D/AJ63H/flqPq9X+Vi9rA7/NGa8/8A+FpeH8/664/78tSf8LU8
P5/1tx/35aj6vV/lYe1geg5ozXn3/C1PD/8Az2uP+/LUf8LU8P8A/Pa4/wC/LUfV6v8AKx+0geg5
ozXn3/C1PD//AD2uP+/LUf8AC1fD/wDz1uP+/LUfV6n8oe0geg0V59/wtTw//wA9rj/vy1H/AAtT
w/8A89rj/vy1H1er/KHtIHoNFef/APC0/D//AD2uP+/LUf8AC0/D/wDz2uP+/LUfV6v8oe0gegUV
59/wtTw//wA9bj/vy1H/AAtTQP8Anrcf9+Wo+r1P5Q9pDueg0V5//wALU8P/APPa4/78tR/wtPQO
0tx/35aj6vV/lD2kO56BSZrgf+Fo6D/z1uP+/Jpf+Fn6F/z0uP8AvyaPq9X+UPaQO9zRmuDHxO0I
/wDLS4/78mnf8LM0L/nrcf8Afk0fV6v8oe1gd3mjNcJ/wszQv+etx/35NJ/ws3Qv+etx/wB+TR9X
q/ysPawO8zSZrg/+FnaF/wA9bj/vyaP+Fn6D/wA9bj/vyaPYVf5WHtYHeZozXBf8LP0H/nrcf9+T
R/wtDQf+etx/35NHsKv8rD2sDvqK4D/haOgf89rj/vyaP+FpaB/z1uP+/Jo9hV/lD2kDv6K8/wD+
Fp6B/wA9bj/vy1H/AAtPw/8A89rj/vy1HsKv8oe0gegUV58fir4fH/LW4/78NSf8LW8Pf89rn/vw
1HsKv8oe1gehUV57/wALX8O/89rn/vw1H/C2PDv/AD2uf+/DUvY1f5Q9pE9Corzz/hbPhz/ntc/9
+GpP+Fs+HP8Antc/9+Go9jV/lD2kT0SivO/+FteG/wDntc/9+Go/4W14b/573P8A4DtR7Gr/ACh7
SHc9Eorzs/Fvw3/z3uf/AAHak/4W34b/AOe1z/4DtR7Gr/KHtIdz0Wkrzv8A4W34b/57XP8A4DtR
/wALc8Nf89rn/wAB2o9jU6xD2kO56JxR3rzv/hbnhr/ntc/+A7Vb074naBqeoQ2VtLOZpSQoaFlH
Az1NJ0ZrVoFUizuqWqkV0sgypyKsq2RWZZ//0Pf+1ZHiR9nh7UOcfuH/AJVr1h+KTjw9qH/XB/5U
1uB8ZXE85urj9/OMSt/y0PqfeovOm/57zf8Afw/40Tn/AEm4/wCurfzNR5rsjbl2Fck86b/nvN/3
8P8AjR503/Peb/v4f8ajoqtOwiTzpf8AntN/38P+NHnS/wDPeb/v4f8AGo6KLLsBJ5sv/PaU+3mH
/GgyyMNrzOw/ul2I/nTc8UlNJAHPZj+Zo5/vfqaKKoVkLz/e/U0mWz1/U0UU7BZAS2ev6mly394/
maSikFkLl/7x/wC+jRuf+8f++jRRRdhZBub1P/fRo3N6n/vo0mKKfOw5UODt6n/vo0vmN/eb/vo0
ylqlNhyoeHP94/8AfRo3n+8f++jTM0Zp87FyokDt/eP/AH0aXzG/vH/vo1FmjNP2gcqJt7f3j/30
aUSkfxH/AL6NQbqN9UqrQnFFkSk9/wDx408OfX9TVUNS7zWirSE4FwN/tfqaOf736mq6yEU/zK1V
VsjlJRns36mnbmHf9TUQanBjV8zJaH7vf9TRn0P6mm9aXFO7FYXJ9f1NHPr+ppKdii7FoNOfX9TR
z6/qaUijFF2O6G/N6/qaQ59f1NPIpMUXYXG5P979TQSf736mnYoxRzMeggz/AHv1NTKD/e/U1EBU
0fFK7B2LMIPH+JrShHT/ABqhEelaEJxiqTZnIvQ49P1qwAAOtVUapQ/FWm+5iybIphYCo99ML07s
EiRnpm+oy2abmldjsSF6YXyelNJpM0czAdkelNJGelIaKLsBePSj8KAKUdaV2AmB6UYHpTu9KFzR
djG49qMe1OIPSnKpouyRgA9KXb7VKI807ZRdgQBMnpTvK9qsKgAoLAUXYEKw+1SiFe4pRLTTLS5m
MfsQDpS4UelQmWojKaOZhYtF1HQUnmgVU800xpM0c7FYuecKjaUVV30m+lzMqxYM1M83/OagLUha
lzMLFjzf85pDLVbdRuo5mOxOZfak832qDdQWpczHYnMvtTTJ7frUO6kzRzMLEpf8KTf71ETRmjmY
WJBIfak8z6VFmip5mUSeZz2oLfSmUUczEKW+lJn6UhpKOZgOLD2pM/Sm5oo5mMdke1JmkopOTAXI
rU8Mz/Z/EtlMOqsf5Vk5q1pz7NQhYdQazqv93L0Y4/Ej6N0bUzcRj0xXV2771BHpXl/hWdmjHNel
2JzEpPpXgncf/9H3+sPxT/yL2of9cG/lW3WJ4oG7QL8f9MG/lSvZha58WT/8fdwP+mrfzNMxU91C
y3M7AH/Wv2/2jVauqE7oJQcRelLmkoq7khmlHNJRTuA6jNNzS00wFFFJRmquIUUGgUU7gFLikpap
MAooop3AKMUUtOwXExRS0lLlFcQ9aBS0tLlGNpaMc0uKLANop2KMUrDuIKXNJ3paqwXDJpQTTaKp
NoTJQ5FODk1CKUHFaRqWJtctKc96fmqm7FPEhNbRqXJcSxmnZqFWqQGtFIzcR+aOKQUoxVE2FIpu
KdmloAbijFOxSbadguIKlUZpgGKkWlYGyzH2q7GcYqjGelXEPSqRDLqGpO1QIeKkBqkQ0LuNIc+t
IetJmgQucUnWg0UgExRTgMml280ANoAp2ynKlADQtKBzUwXigACgCPbT1WncUZpAGwetKAKYW5pp
ajmES5FIzgCod/NNZqlyGiYycdaYZagLUhalcdiYvUbPTCeKYTSuOxIWz3ppao80uaLhYXcaCaZm
lJpXHYM0lJRmi4wzSUmeaTNFwFopDSZpXAdikIpM0E0XAXFGKbmjNFwFxSUZpCaVwFopuaCaQxc0
ZpuaM0XAdR+NMJozSuOwuaKbmincQ6kzRRSuAtT2X/H7F9agqey/4/YvrUVH7j9Co/Ej2bwj/qxX
qFh/qlHtXl/hH/VivULD/Vr9K8Nnaf/S99rF8Tf8gC+/64N/KtqsbxN/yAb7/rg38qHsVD4kfHs/
+vm/66N/M1VmtgRlKtzj/SJh/wBNG/majNc0Z8rPcnR50jMIKnDCjPpWg8SyDkc1SlheNs44rup1
VJHk18M4P3SOlFJxSit1ZnK9AoooovYLp7CiikozRzALRmkzS1SYrC5opMUZqrgKOtOpuaXNNMA7
04dKaKXNUmAtJS9qSrQBRRQKBCijFHSjNOwBiiiiiwBxQcUUGiwCUtJRmlYBaKTNGaL2ATvTwcU2
lo5mhjw1SK9Q5pQa1jMlq5ZD08GqwbFSq9bqSM3EmBpw5qINTw1WiXEfS4oBoBzVpktABUirSAVI
BTJZJGOatx1WjHNWkzQSywnSngmmopxUoQmmS2NxmjbUmw9qcIzSFciC0uypQhpwSgLkQTmnBOak
20YoC4m2lHFBNN70XEOLU0mmk0hqWwQFqQvxTSaTtU3GG6mlqTNJmgoCeaaTzSk0maTARjxTc049
KaaQBmkzRSYpDDNBNGKSgBM0ZoIpKAHU2lpKBiGkpTRigBKQ0tIaAEooo60hhmkzS4pMUgAmkzSG
igAzQTRikIpDDNGaMUYoADSUuKMUgEpRRigjFMAoopcUAFT2X/H5F9agqey/4/IvrUVPgfoOPxI9
m8I/6sV6hYf6tfpXl/hH/VivULD/AFa/SvDZ2n//0/fqxfEwzoV9/wBcH/lW3WJ4l50O9/64t/Kk
9iofEj5CmT/SJv8Aro38zUZSr00eZ5Tj/lo38zUZi9q4ea7PrPYOyKmymld3ytzVvy/ammPnpTU7
GbodzNntM8p+VVSCvBGK2SnPSoZrVXU8fNXXSr2dmeZiMC7XRl0VM9u8PDciogC3Su+LjJXR5M6c
oOzQlFLz3FFFmSlfYSloxRigAooxRVXExaKKKLgKKKTNLmqTEL2opO9LVqQBRRRVJgKKWkHWlqxC
0YpBS07AGKQinUGiwDcUYpaXFFgG4oxSkUYpWATFJTsUYosA2gU7FGKLAJTgabRTTAmDVIrVADS7
q2jITiWwc04Gq6PUqsK2i7mUlYsLUgqFTUqmrTMmWY+tWoxk1ViAzV2Ic1RDLCKcVYRDTYhzVlVp
2M2NCU8JxUirT9tIVyv5dG3HWp9lIUpBcgKjFNqfZTWSgLldutN71Y2Uxl56UhkDdaaam2HPShk9
qloaK560lTbPamsntSsMrnrRUpX2puPagoiNJUpFNIpWAYaaafikxSsAyg0/FNIpWGNpKdg0maLA
JijFLRQA2g07FFAyM0U80mKAGmmmnmm0AIaQU4ikpDEpDS0lDAQ0lOoxSAbQaWigY2inUUrANop1
FFgE70tLigCnYVxMUuKXFGKLBcTFTWf/AB+RfWosVNZj/TIvrUVF7j9Cov3keyeEf9WK9QsP9Wv0
ry/wj/qxXqFh/q1+leEztP/U9+7VjeI/+QJe/wDXFv5VsmsfxH/yBL3/AK5N/KlL4TSl8aPlmSMe
bL/10b+ZqIw1PI376X/ro38zSZrzHufocYJxRWaEg1G0R9Kv8d6CoNIh0UzNMeO1M8utIxZ7UwwV
SbMpYe6M5oQwwRms+4sWU7o63WhqPy8Dn8q2hiJQZ59fL41Fsc0ylT81Jt71uXFgkwyow1Zctu8R
w6n2NevQrxqLU+bxOAqUXoVsUYp+2l211OmcNyPFGKfijFRyDGUU4ijFLkAbiinYoxScRCZozS0l
GwC0optOqkwDFO4plLmrTAWjNFFWmAuaWm06qQCDk06kHWlqxBSUtLRYBMUlOpAKLAJRzTsUdaLA
NNJinYxRUuIDcGlGRS4PrSYxRsA4MRT0NRU4HFaRkJotIxqdWFUQTViJuOa3TM5RNCJqvQNzWbE3
HWrsR6VaZhJGnG4qyslZyEiphIcCnczaNEOKeHBrO87Ap4uOKZNjRBBpeDVBbrinC596AsXdooKA
1V+0e9OE49aBFjy+Kb5XNME49acJl9aLABiHpTWiz2qQSA9xS+YPaiwEPk8dKY0PtVsMCKODSsFy
gYDnpTDD7VpbQaQwgjrRYdzMMNMMXtWmYBSfZhRYLmW0XFM8qtU2opptRUuI7mX5Zpvl81q/Zaab
SjlHzGZ5dIY60za002vtS5Q5jNKUmytE2vHSmG2o5QuUClJsq6bc00wYqbDuUilIVNWmhNNMVFhp
lcrxTcVOY+aaUosFyCkqbZTdlSO5HQeKk2UhSiwXI8ZoxT9tG2iwXIsUYqXb7UbfaiwyLFGKl2+1
G2iwEYHHSlx7U/FGKLAMxS4p2PajFOwDcUYFOxRtosA3FTWg/wBLi+tR4qa1H+lR/Ws6q9yXoyof
Ej2Dwj/qxXqFh/q1+leXeEf9UK9R0/8A1a/SvAZ3H//V9+NY/iL/AJAl7/1yb+VbNYviM/8AEkvf
+uLfypS+E0pfGj5Zc/vpv+ujfzNAao3f99L7yN/M0Bq8x7n6BCouVEwNOziogfSn5zSNU0yQGl4P
Wow3NPBp3L0FKg00xr6U/NKCPSna4ml1IGgB9jUEtorrhxwe9XxgnpSlBVRk47GdTD06i1OZudNe
EllG5KpFMGuxMYxjHFZ91pUc2WjBDfXivXwmPXw1Nz5vHZLq50znNvNIVq5LavCxDKeKgZCvWvYi
ozVz5madOXLJERWk21MVpuKUqRKaexFt5oI5qXbSbah0h3IsUYqTFJtqHSC4zFGKdikxUOmO4lFL
ik5qeVodwNAooo1ELmlFN70oqlIB1Lmm5pa0jIVhwNFNzSg1pzAOxQBSbjSg1SdwFpKWjAqrIQ00
YpaKVgEpDTsUYpNANxS96XFJSsA4VKjGogaepNNOwmtC7C3NX4WrNiOKvQmt4swmjQRuKeGqBDUg
NaIyaJM0ZpuaM0CHE0oJpuaQk0CJdxxQHIqLJoyaYWJvNIp3nGq+TRuNAWLQuDilW5OaqbjSgmgL
F4XWKcLus/caMmgOU0Ree9O+1571mbjRuNFxcpqi6HrThdj1rJ3n1p28460XDlNcXK0ouENZAc56
04SEd6Lisa/nLSiRTWR5xp4nOOtO4rGruQ0vymssTn1qVbkilcLF7avSmmNarrcc07zxQFiQwioz
AKeJs07eDRYVys0HPFRNb8VeyKaQDStcaZnGA1GYDmtPYDTTEPSjlHczPJIpvkGtIw57Unk+1Tyl
XMww0nkmtMw+1IYPajlC5m+URR5XtWj5Ge1H2ejlC5neV7UeVWh5PtSeRntS5QuZ5ipvlGtAw89K
Qwj3o5R3KHlUeXV1oaYYjRyhcq7OKbsq15RpDFilYdyvsppXmrBQ00oaLBch281LajF3H9aClPtl
/wBJT61nVX7uXoyoP3keteEP9SK9RsP9Wv0ry7wj/qRXqNh/q1+lfPM9A//W9+rF8ScaHff9cW/l
Wz1rG8Tf8gK+/wCuLfypS2Lp/Ej5Okf/AEiX/ro38zSrIPWq8rEXEv8A10b+Zpqsa85x1PsIVnZF
4P71Ir1RElSLLU2OiNcubvQ04NVVXHrUof3pG8apYDU8MKr7venK9CdjdSTJw3NSA5HNVw9SBqu9
ykx5HvSjPSmZ5p26i+tweo2aCOZSGUA461k3OnNGSyqWHtW2DxQSpXBFd2Gxs6W+x5uMyyliFdLU
5doecY5qJoueldDc2KyKHTr6VTTTrudiILVn+lfQ4fGUqsdGfFYvAVsLJ8y0Mcx0mzFa50TVwT/x
LpvyP+FN/sHWD/zDZs/j/hW7nDuci5nsZG2kIFbH/COa43/MNl/X/Cmnw1rn/QNl/X/Cs3OHcepj
kUhGK2D4a1z/AKB0v6/4UxvDutqMnTpf1/wqHKn3GZWKaRzWk+i6uvXT5vyP+FQnS9TXrYS4/wB0
/wCFQ+UZSxRirJsL7/nylH/ADSGzvR/y6S/98mptECsRSDNWPsl5/wA+kv8A3yaa1tdAc2sv/fJr
JpDIaXNP+z3H/PtJ/wB8mmmGcdYZP++TSTsMQHNOBppSUD/VP/3yaAr94n/75NUpiHCnZqP5x/A3
5Uu491b8q0U0IfmlBpm/H8LflR5qjufyrRTTFYk4o4qPzl7E/lS+evcn8q0UkBJx2pKaJVPr+VL5
i9ifyptqwDsUlJ5i/wB6jeD3pWQDgKeopgIP8VSKR/eosguyaOr0PaqceDj5qvR9BzmtImMi1H1q
YCo4xxUoBrVGLCilwaTmgkWko5paAEopO9LTAKKKKQBS0lGaAFopM0UAFHNFFAWCjNFFAC5NGTSU
UDHbqdv4qOigRJupQ9RilzQFiYSUokqEGjdQKxZEpqQTe9VN9Lvp3CxcE/vThNnvVIPSq9FxWLwl
HrTvM96oh6cH96VwLglFO3g1SElL5tUKxdyKARVUS+9OEnvQFizwaXHvVcSe9KsnPWgLE5ApNvtT
N4z1p28HvQIXyxSGMHtRu96UH3pANMOajMNWM+9IRQFyqYfSmGI56VbwKQrmlYdykYjnpUbR1fKU
xos0mhplDZToV/fp9astHg4pqJiQHHesqq/dy9GXB+8j03wj/qRXqNh/q1+leXeEP9Sleo6f/qlr
51npH//X99HSsbxN/wAgK+9PIb+VbNYvif8A5AF9/wBcG/lSexVPSSPkaSRftE3r5jfzNIMHoaqz
H/Sp+f8Alo38zTQxHQ1yOOp9FCvZF4qR70AZ9qqrO6+9TC5B+8MVLibxrJkwJFPV6jWRW7inkZ6V
DRvGZKJPepVcVUwacGIqXE2jVaLof0qRX4rPDntUiympszojVL4cU4MDVNZKkD0XNVMthhinAjFV
g1PBOKdzRN3uicHritHSNdu9EuFlt0ikUHJSRN2aylanqa0hV5fhIq04VlaornuXhnxnpGuxJHLa
wwT9CCo5NdYYYQvFvCfQ+WK+YkZ45FkhkaN1OQVOK7zwv8SLzTnWDV5BJB0VyefxrqhWUt2fNY7J
GvepbHrrQoBnyIQfTYKi2L/zxh/79ijTdUstVtlntZUdWGcA5xVrZ1GK3UuzPn5U3B8siiyj/njD
/wB+xTDGpHMEP/fsVd8sE1G0eDT5pE2RnvbxN1t4f+/Yqu9jbHObaL/vgVqlPao2T2oUpdw0MV9L
sW/5dIz/AMBqJtH089bJPyrbMY9KY0Q9DQ5SXUdjAk0TTs8WaVXk0TTsf8eSmuhaHJ6VA0PzdDS5
pdwsc+2h6Z/z4r+dV5dB0s/8uI/OujeGq7w80ueQHNN4f0rPNiPzqJtA0gf8uI/76ro2h56VXkh5
o5pdwsYB0DRj1sP/AB6m/wDCP6ID/wAg/P8AwI1svFUDR/Wjnl3CxRXw9oB66b/4+alXwz4cb/mG
f+PmpMbTyTUiyEd6ftJ9wsRf8In4bb/mGkf9tDSjwX4bf/lwx/20NWlnPrVmObjk01Vn3Cxl/wDC
A+G36WxH/AzTG+G/h1/+WZX6Oa3ll56ipllz04qvbT7g0cq3wt8Pv0Zh/wACP+NV2+EmgsOLmUfj
/wDXrt1kFPz7mmq8+4rHAN8H9DIyL2f8Kgf4R6Qn3b+cfhXorAY/xqCVRjtVxxEw5TzmT4a6bB92
8c496oz+ErS26Tsa9CuVODnFYN6vBxXfRqSe5zVDjJNNih4DMagMWOgrcuU5PWqDIM16MNUcrepn
lOaaVxV0xjNMaL2qrCuVMUYqw0YppjPpQO5AVFJU5jOOlN8v2oAixSYqXbTSpzSGMNJTyppNp9KA
G0U7FJxQAUUUUAFFFFABRRRQAUUYooAM0tJRQAtFJzRzQAuaU00UpoAUUuabRQA7NLmmUUBYk3UZ
pmaMmi4h+6nBqiyaATQBMH96cHI71Bk0u6gCx5nvT1kOOtVc+9KGNAi2JPeniT3qmGNLvNMTRcEn
vUgfPeqIc+tSBzQFi1mnZqqrmn+ZzQInpMVGH96XdRYeopHNJtGaXdRms6y/dy9GVT+NHonhD/VJ
XqNh/q1ry7wh/qkr1Gw/1a1809z1D//Q9+7Vi+J/+QBff9cG/lW12rF8T/8AIAvv+uDfypPYqHxH
xzN/x8z/APXVv5mmU6Y/6VP/ANdW/mabmud7nsR+FCg0E0lHWgtMf9M0od06GmdDTqViozkTrcyD
tUq3IP3hVOjNS0aqtJGgJY2PBp5P92s4E1IsjL3qXE6IVy8GNOEhFVUnB61MpV+hrNxOmFQnWWpl
lyOtVCCKA2Dilax0Rq2LyyCpg+RWeHxUyyVLRtGpcuKfen5GCPlGepPeqqyd6kEgJ6U1I1UrqzNT
SdWvdEmWSxlZMHJG7rXrXhn4jafqgjtr1vIuunK4z+NeK7wRSg/MHXhh0PpWsKtjhxWW0a6utz6i
Uqy712uvYhs0gAP0NeHeF/H97osqw3YM8B4ySeBXr2ja9p+t2ontJh7p3zXXCopHymJwFTDy1VzR
eMY4qIx+1WASeDxQcHkdK006HCrXKZTHamsvtVwoDUbJQLXqU/L71GyZ4xV3YRTSmetAGc0XtULQ
+1aTR1G0fHSkBltD7VXkg9q1zF7VC8NAzGkg46VWaH2rbeHI6VVaHB6UWAxpIPaqxjIrZkhqtJAK
QGZytPWUip3gqB4yOlAFhJ6mWb3rNyVp4lIoA1kl96sLLWQk9WknFAGjvqN2BqBZgaGcVcWSytc9
DWDd96253yDmsW6IINehQepz1DDuBzVF1GavXJ5qi55r16b0OOW5EV5o2U6itESRFAaQx1LgUEUA
VilIU4qcrSbeKLBcr7KYU5q1s44phXnmlYdyuVxTStTlTnoKayDuQKVn0GmQbcikK1ISBxkfhTd6
f7RP0o9UFxm2jFLiZyfLhZvwp6Wt/IPltGo93uO7IsYoq2ukarKQFs2qdPC2tyHi2YZ9ql1ILdlK
MmZuKTHtW2vgjXZBzEVH0qZPh5rjjjj8Kh1qf8yHySOe/Cj8K6YfDXXD1cD8KkHwy1o9Zh+VT9Yo
/wAw/ZyOUxntRjFdaPhhrH/Pf9KP+FYaz/z3/Sj6xQ7h7ORyVH4V1n/Cr9Y/57/pTG+Gmsj/AJa/
pR9Yodw9nI5b8KUcdq6VvhvrYH3/ANKi/wCFea4O/wClP21P+YXJI5/PtS/hW23gLXV7Z/CmN4I1
5f8Alnn8Kaqwf2g5JGOc9uKTmtRvCWuJ/wAsDUZ8Na2vW2NHtIfzBySM/NANXDoWsL/y6GozpGrr
1szVKfmgs+xBmjJqQ6dqg62jU02eo/8APo1PmXcTXkNzRk0pttQ/59GpPIvh1tXo5o9xW8hcmjJp
PJvf+fV/yo8m9/59HpXj3Cz7Dgxp2aYIb3/n0eni1vz0tHNNOPcdn2FBpd5pPseo5x9kYVIunao3
SzNJyj3Cz7CCQ0ocnmpk0TWJD8tofyqynhXWpTxDt/Cl7SH8yF7ORT8zjpSiT1rWh8B65MR/Dn2r
Tg+GOqyY33G38KmWIpR3kHspvY5kTIvWlWeNnCh+T2rubb4USZBnvDVrUvh1Z6Tol1fefvkhTco9
a562KpuDSfQ1hQkmmybwh/qkr1LT/wDVrXl3hAYiTPrXqOn/AOrWvDO4/9H36sXxP/yAL7/rg38q
2T2rG8Uf8gC+/wCuDfypS2HHdHxvP/x9T/8AXVv5mmA5p84/0qf/AK6N/M0wDFc73PYWyQuacKbi
nCgq4tAzQKWlYpIKKKKCgp2ab3oPWiwx4J+tPVyORxUYNLmpaLi2i0lwe9TLIr9+aoinK2OhqGjp
hVaLuDS5xVdJSBzU4kVhUNHRGSaJFkIqRZahwCODSYIpNG8JtF1JM1Ir81QDEVIjnPJqGjWNRovb
1P3snHSr2l6vf6TOJrO4Kkfw54rID1IHHeqjKxpKMKitJHuHhX4g22rpHb3mIrnp8x613GeOCCOx
7V8uAkssoysicq4PSu98KfESfTTHa6nMZbYgL5jDd/8Aqrqp1u589j8oa9+mezg+vFKeapWd/bX9
ss9pOs0R6FWzirO7iupNPY+ekmnaQ8oCKjaOnhqd1oJuloVzHTSlWioNRlaQFYxg1E8VWytNYe1M
Cg0NV3h9q1GTPaojFweKAMd4c9BVZ4M/w1tNEMdKgeDjpSAxXhGOlVJYea25IPaqkkBz0pDMV4va
o9gHStWSDjpVVocdqAKeDUgehlIPSmnjpQBOklPMuKp7yKXzc01uKw+aTINY1y/Wr0z4zzWVcvjN
ehQ3MKiM24PNUnPNTXMnNU3bnrXrU3pqcU4u5JmjIqLcfXinBlxy2K3WxNmPJwcGnc4quZ0Bz8z/
AEqe3tNQuyBbWkzA/wCzSbS3YhO9Nd0XgsK6XT/AOt34DSQvGp6kjFdXpnwpiXD3j5PpmueeMpw3
LjRnLY8rMqA4HLfWporK/uSBBCxB6cE17xZeCdGswv7iNiO7KDW1FZWNuAIraEY6YQZrlnmUV8KN
44Z9TwW08E65egZjKA9yprXt/hPqEwUzXEgz1A4r2rIx8i7fwoLN/eauaWZVJaR0NFhkjzO1+EVn
GoM8zse4LVq23w10O3Hzx7seprsmUnk7iKjddi72HyisJYmvL7RrGijBh8I6Ha8pZRN9V5q0mkaX
H9yxiX320XetWcLbVzkdqhfUbqSLzYYd0Y9K5HitWnO7Rr7K2li15FonC2qD320uIByFQfSqdrqs
WoA20rGOXoAeKx9csb2w+ZJHZCexrnrYrkpOp8RShrytHQtcwqdu9Qad5pK5R8j2xXIsyS2IYPK0
voK1NCgYQ+ZNK646BjRTxEakkktGOVNJ6Gx50mT8zcU1bxScCXBpSQcsvKnvXPeJLEw+XLBKysxx
gGtqsnCF1qKMbux0fny4yrkj1pBLKwyHP6Vy0N3fadBGZg8sJ7iobnUT9vhEEz7ZDkr6VzwxcWlf
cqVNpnXebL/fakMso6u1ZOsSXFhbxXAY7W9aZpeqTag/3flArV14KsqT3J5Xa/Q2RcSH+I0GZ+7E
VUkv7WGTy2ky3pTI763kYg5A9a1vF6RaZLg10L3nMPU0nmeoX8qhWWGQHy5NxHYU7JPanzRekRNI
fvQ9Y0/KgiI9Yk/Km4ozT+QtBTHbf88I/wAqTybU9baP8qKKFIdojTa2R62sf5U0WWn45tI/++ak
oquaS6isuxCdP009bKE/VajOk6Wxz9ih/wC+asmijnl3Cy7Fb+ydK/58Yf8Avmj+ytK/58Yf++as
0mKOefcLLsVv7K0v/nxh/wC+aeunaaOllCP+A1Niijnl3Cy7Ef2LTweLSL8Fp4t7NelrH+VLRRzS
7hZdhwW3A+WCMfhShwOiAfSmUopPUdkSCdxnBIpTcSkffaoqKmyAk8126k/jWR4ncnwxqGevl8fn
WnnFZPiY/wDFNX//AFz/AK0wMLwhzEmfWvUdP/1a15d4Q/1SfWvUdP8A9WtAH//S99rF8Uf8gC+/
64N/KtqsXxR/yAL7/rg38qHsOO6PjuYf6RN/10b+ZphXNSy/8fE//XRv5mmdK5j3FG6GYIoANSEZ
oC0XHyDQMUvWlANO21NylFjMUuKdsNG2lcrlYzFFOxijGaLisNpc0bTSVTDYeD607io6UGpsNMlB
4p6tioQacDzUtG0ZNFlZDn2qZXyKqBuKejGoaOiFQtEU3JBpgk5qQMCKlm6lceH4p6yVF2oyQKVj
RSZZWSpkcHNUQ5qRZSRgjFRa2xtGba1Z0nh7xNe+HroSW7O0WCGiB4P4V7L4b8Yad4jtA0MojuF4
aNjyK+e45McEn8DVi0vbmynWe0k8qZTnd61vCo0cOMwFPEK8VZn0+OO/B6U8GvNfCnxKjvClpqgC
Sgbd+PvH1r0RZQ8YdGBQ8jFdsJpo+Vr4WeHdpItdqMVCr8daeGqjmFK4pjLmpAeaXimK5CRxTCua
sFc0wpQMqmIk1G8Zq4y+lMKnuKQGe8ftVaSGtVo81C0QoGY0kHHSqjwHmtySEGq8kIxSAwJLfjpV
R4SK6CSAEdKpy24A6UAYbIRVdyymtiW34rNnh2nOaa3AoSy9ay7hyQeeav3Xy5rJlEsp2xpuY120
mluYTTexQuXw/NZ8lwoJA3M3YLXUWPg++1Ft0rGNTXYaV4D0u02yXGZWFd31yEEYexk9zy60sNT1
BwlvaSDPdhXW6V8NNTu2DXUkcaHqCDmvTIILG0AFrbhMevNWTcOwGdo+grmnmMpaJFxw1tWzB0v4
e6VYIpuGV2HYiuotrWxs1AghTA9qqiTJp/mknnmuKdWc92bqEF0NIXO4YX5fpSiQnqTVAS81Isvv
WevRl27F4Nz1p+7iqKy81J5h7U2pJXYXLQbtT/lxgtzVdHyWH8WOK5G/1C/i1cpuIHVVrmxGIdGK
bV9Sox5na52uCBnimGMMCG6Gucg8SSQv5d5Fjj1ratdWtbpPlYCppYyhV92+pUqUlsUdW0OK6t2a
3AEgrJ0nUX06c2t2uFBxXWxzROSI2D+tYmoaG2oXxdW2JXPicK1NVqC978yoVLLlkVfESWS24u7d
gLnPyqtTW5ub3QXNxCfMC8KavQaDaoyGb95t7mtPAACqoAHat6VGanzT2a2FKdjhNO029hk3mLIP
Yir91pV3dlRGfLXuBXSXl0tmgYqNh602C6trqLch5NYU6FCk3Sct9fMd5S1S0KNpbNaWohflgMZq
lqekyantCvgLW/5JK5x0pphA6jr716DipKz2Mtea6MO0057eEW9zh0HTNZt14YQ3InhYjDZxXVGM
/UU3yzgispYenJWRTqPVdzmdVsb28gS3HIFQ6PaXenxvCyfMejV1QQr25pjruOSOfWiWHj7VVHuC
qWjyHCy29zaar5t1G8iE5+UV0MdxY3EIVYnXjnpWu0auCHUEfSq32C1UkrGwY9fmrOlhnRu49Ryq
XMywgtbKd5VuAM/wsadPrdqrFYgzNTrrw+ly25ZSh+maSXRoodPKQoWm/vZrS9VaLYSSuVIPEKyX
IhdCGJ71tMAoD569q42GzubS+SSWIkA8kmusk1K0it1ldwCB0rDB1qr5lVdvUqpBW90nwcZJGfSk
wwGSMe1crfa7NJcq8AwpOK0xrDW0KSXJyD39K1p42nUnpsJ0mjX5xnj6UVDb3MN7EJYWDA+lS5Gc
V0Rak7xdzMDRRSZzTWoJ3dkO4pKSloAKSlpKACiiigBeKKbRQA6im0UALxWV4mx/wjV//wBc/wCt
alZXib/kW77/AK5/1oAw/CH+qT616jp/+rWvLvCH+qT616jp/wDq1oA//9P330rG8Uf8gC+/64N/
KtntWN4n/wCQDff9cG/lQ9hw+JHx5L/x8T/9dG/maQe9OmB+0z/9dG/mabiuR7nvRVhcU5RSZpwq
WbxQ4KKUJmgU8UmzRRQmyjy81IBTgtTc0VO5AYuKbsxVvZkU3y/ajmH7EplDTdtXDFTDFimpGUqL
RVA60YxUpjwaYVquYy5GhB0pR1o6UmaBaokDU5TzUYpVNJo0iycHNOUkVEDxTw3FTY3jMnRvWnnk
1AGqQNUtG8ZXJMcUnNANLU2NExVbB5qRW96iIOKBxQ9i7talkEEg8gjo4PIrsvCvj+/0WRbe7lE1
qeNz9RXDbuBUm/I55pwm4iq0qVdWkj6Y0nWLPWrUTWUqSrjLYbmr6vj2r5p0rWb3RbhZ7KZwO8e7
g17B4X8e6frUKQXMnk3ecbSeprsp1U9z5rF5XOm3KOx3QYmpFb1qqHIPJXGO3SpA56nkH0rbToeS
15FgGjFRI9P3nNBIpTNNK+1SZyKDTGQFaYUqwRTCuTQBUeP2qFosg8VeZTUZTNAGc8PHSqssGe1a
7R+1V3iOKVgMSa3+XpWZPa7ugrpnhJ61UkgA7UAcydJV2zJVy2sbe3+5EC3qa0Wi56VCY8GnzsLE
8czDjhR6AVYDnHWqajFTK3vRuBaDYHWnb/eq26lDUAWlkNPEhqoGp28jvQBb805qRZeKoiQ55pwk
wvXmgC+JSeAenSqmo61HpsQYNmQ9RQkn8R6gVh27W1zrTGc5bPGawqtR23ZcbM29N8QjUHCgbX9x
Uut2huIReRYM8XYd6aiQxODGoz6iqWs6rNpixMnMb9veq5Jez99hs9Bmlw/28xlvtsRj+UrTZNKu
U1AR2xKwd2FZ9pp13d3guC5SGT5sA118UojRY+uBXJTw1Oqv3it5luq0iawto9Pj2q5csOSavrLl
cZGKy1n6jPXrTxMOPau6MVGKiuhje5pBxnrTwwz+FZyzVNHMD1q1a+oFHxBIPLVMZyKwollhQPHI
QB2zV3X590ygHoKz4JwoAJyD2rwqGCjjsdNVLpI0xFX6vQVupsWWtyKwSblfWt2G4hulyjLn0rkJ
ItrbwQF96j+1JaNuFwqn611zw+MwXvQftIfijOniKdXSWjO3KY4wMe1NMY9K5/TvE8Mp2NIDj0Nd
DDcxXABRwfataGOp1ttPJmk6TWu6GGPPao2i9qufL/8AqpCAeldastUZ2sUjF7VGYsdqvlKaYxTA
zyh9KZtK9Dmr7R+lRmIUXApPGsikPGD+FZt3oVrdqVwVNbbR+lRlDnrUuEJbj5mjmjoa29kyqu98
8GsnT7FJLh4tTd/LDcA9BXcOpzmoJ7SK5UiQDJ71yzwcJvnWiX4miqso21rZ6fERbyr5Z6DPNSi5
tsYEgNUY/DaxXLSGUlD2zWJqu2zlxCHC+tVOsqcedqyJXvOx04vLQttEq5+tSA55/h7GuX0nR5Ly
T7VK+yIH1610zT2sSCMSLsX0NGHrOpDmqK3Yc4JaR3H0UkcsUxyjinFSvJrpUkyGrCUlAB60tMQm
KMUtFACYop1IaAEooooAKyvE3/It3/8A1z/rWrWV4m/5Fq//AOuf9aAMLwh/qk+teo6f/q1ry7wh
/qk+teo6f/q1oA//1PfcYFY3ib/kBX3/AFwb+VbRrF8Tf8gK+/64N/Kk9iobo+QZl/0ib/ro38zT
CtWpEzcS/wDXRv5moytcblqfTKnoQYNOFPKU3BpXE4tC0oJzTSeacKVik7EympFIqAGpFapaOiEi
fr0pcU1DUoqGdUUmM2UGPOcDOKlC1ueErBNS11bWQZDYojq7BVSUWzmWi9fpUTw81u65YGw1y6ty
uFVyF/Os5o81V7bmMacZxujOaI5phQ1oNFULRdapSMJ0Cp7UmeanMOM1EU5qrmThYAaeDio8EGl3
U9Cb2JQakU81ArcVIGqWjWEydTTwagVqeGqbHRCRPnjmjHpTAaUHBqWje9xxGBRkjpSj5qXFTcsT
dzkCpEcpIkqHZIpyGHUVERSAmhaA9VZnpHhT4ky2RjtNUBeIkASYya9Ys763v4hcWsoaIjIHevmN
eTjHHet3w/4q1Hw9dBoJWlh/uM1dFOs0rM8jGZbGd509z6LWQU8PmuW8OeL7DxFa7xIsU3TYT1Nd
EJGUAMMV1xkpbHzlSjOm7SRbVsdaduNV1kyKfvqjMsDmgAVEr09WoAUrmoyKmBBpCBQBAUNRNGat
MtMK0AUZI6qyRZrTdM1XeOgDJeLFV3UDmtOVBiqcqcUDuUzxQGpzLTelAh4al3VETzS5oAlDUu41
ECPWlzQBJv8AWnpyS2egzUG6ob5pfshSD77Um/duhqxDb64kuoPbOMION2Kzda0+e0n+12rF168V
XfR7mKPfli554pIdSvLVvLmUlB1DV5c6zk3GvG3Zmygo2cWXLTWL2GPc8eRipLZLrXLnfcjbCvQZ
pj+IYQEiFsCzVuwHZbo6qFLjpV4ak6i0qc0UKc+lrMuRusUSxIflUYFKsuKq7ufelD816VtLMybu
WxKRTxMap76dv4oEXVnzUqTHdWcsmDUqy9fpQhPZ2MjWbkNecn5R1rm9S8aadpytGhLyjgALnmr+
uzF0lCnBrzqw0Dz72SaTc5L8ZrgyetTjVq15vRMePSkoU+pqv4l1zWWIjXyouxJxQNN1S6H72Ykf
71bcVvZaXEGuSF46VmXnjm1siUtIgx6ZNb1M8qynbDQuiqGV1qyvaxb0vRr6wfzEmLexNdfZahcx
4ByGry6Xxzqly37iMAe3/wCqpI/EPiSXDJCcD2/+tXm4nB43Fy53Gz8j0qeXukrSmvQ9ysdeIwk6
9uoGa24bqGdQUYZr53XxN4kVgxhJA6g5/wAK6rQ/HVycJPCI2Hc5q4RzHCr97HmXkFXBQa92aPY8
YGSaOK5vT/EyzKvm4Ireiu4ZwGVwcjpXbQxlOtpHc4KlKVP4iXbkZpuwU8kkYFFdW2hnYi8mo2iq
yKaVoQalRoxULR5q+UzUbR0dRFHYeh6VVutNt71Akq4HqBWoY6jMeKJJS0krjucnrtvc2FtHHZcx
Y55qGGys47NbmWcliMsua65olcbZFDKayLrw5b3D7kYqvXFcdTDpVPaL/gGkZq1mVbaO1vLZpbSQ
hwM4PFR6Ze3klw8M8e1VPU+lV7l4dOnEVkCZB1UU9p9Uu02Rw+XnvisI4hQ91puXkrlOBt4V/mjb
I9qTrn2rHsbXU7CXdI5aNjzkVuApIA0bZ9a76c3NarlfS5lKNiPFGKeVwaTFaOy06kiYoxS0UAJi
jFLRQAlZPif/AJFq/wD+uf8AWtasnxP/AMi1f/8AXP8ArQBg+EP9Un1r1HT/APVrXl3hD/VJ9a9R
0/8A1a0Af//V9+rG8S/8gO9/64t/KtmsbxJ/yBL3/ri38qmexcPiR8mOv7+X/ro38zUZWrEg/fS/
9dG/mabtrz76n2ShoivsppSrJUUxkppkOmVivtSLxUzLUZGKq5zuAtOBpg4pwoKRMjcVMj8iqoPN
SI3NQ0dNOdi6CCa7H4axeZ4h83GdhHPpXEo2Oe1ejfCiHM1xMem44/Ciknzak4+ry4dsT4oaT9m1
MXyR4RjzgVwezgH1r3Hx3p/9peGbpkG5442YfhXiUYzlDwV6g1VaNmLKqqqUfMhZKheP2q7tzzim
tHmsj0nTTKBj46VC0XPStJo+KhaOmpHPOimZrR+1RshFaLR+1QvGatSOSdCxSwQacDUzR4qJ1Iq7
o53BocG5qQNzUAzmng80mioysWQ1PBz1qurVIGqWjpjMmB9Kdmog1PBqWjeMh4oIpARTqkvcYaA3
rTsZpNuKW4axJ7e4ns5xcW0rRTLyNhr1Hwp8SEmWOz1dj5vAEjV5Nkg8H8aUgNw3I9a0jUcNEcuI
wsK8Xdan1DHKkkYeKRZI2Gd6npUqvkYJ5rwHwx42vfD86pI7S2g/gOSa9i0PxFp+v2/m2kwDY+4/
B/KuyFVSW581isBKk7paHQq/b0qQNVNJP4SefSplbtmtEcHkWgwpQc1AjZqQHrTAm60mKYGxTt31
ougGsvtVd1q0DkVE45ouBnyr7VSkXrWnIvWs+ZTzTAoSrUBqzLmqz9aAEozTaKAHClpuaM0XAeMn
p1oDgn5Wyw6gVHNIIrd5GOABXK2mqS215LIWLITWNbEQpO0tC4wctjsA78ZJx71l6pc28LhZoUKt
1Yimxa/byn5yR+FRa5PbXFkGjILEcCprVlKlzU2n5FRhKEr2K2mWAn1PzR81uORntXSlvmwPujpW
fo0Xk6eAehq4CStVh4RpwTirNkzlzO5Luz3ozUYpc1te5BJupd1RZpc0ATA04NhHOe1QhqR3xFJ9
KTdkCV2cxqBM08ijmsy61K08PWe+Ta1wRwvvUusaj/ZkM0+Mt0Fedxx3niTVQxJZWYcnoBXz+BwU
8VUklpHqeuoU/wCNPZD559S8Q3pyZmVjnHaut0LwRAiiS+xkjgHpW/p9pZ6ZbiGNQZMY3Y6VPKJO
Dv3V9hQw1KjG0FZnl4vN609KWiGRaRp9m+1LeIj121qRNBHAQkSDtwKpk74BkhW9zTlYCLarAt9a
3vf1PJnObfvO5Ophc48lOfapngsAm020Rc99tVI5BHknlsUfM7buh96fMQp2LSRRRDCYA9BVmG5u
YW3ROwA7ZqoojTktk083QHCivOxeV4fEK692XdHTRxlalpe6OmsvEQKhJ+CO5rcguop0zHIprzze
H6gVJDczWxyjnGe1eTKjjcJo1zx7ndCrQrPezPRdwxgHmgEj3rmbHxEBtSbj3rdhu4LjBjkBPpW1
HF06vu3+RdSk6av0LVBGajB5+8KdurqMxClMMdS5pBzQBXZKZtxVogUhWjcHY5q+0TF1/aMI5HJX
1oi1aa5VkiQIynHpXRbeozweorAm0Xy9S8zztkT+nrXPNSp+9SW5pHzZCYNUu8h52WM8cGiz0q7s
JiTO0iHsTVTUDPZXwjW5JiODwaqS6nepNtgLOtczxFGm7z1kV7OR0pU7s7eKQrxkdKr6VcXNyD56
FavFNuVFd1OopLmtYyZBikqUrTTGasRHRmn7aTbQAw1k+J/+Rav/APrn/WtgisjxP/yLV/8A9c/6
0AYHhD/VJ9a9R0//AFa15d4QP7pPrXqOn/6taAP/1vfqxvEf/IFvf+uLfyrZrG8R/wDIEvf+uLfy
pS+Eun8S+R8pyL++k/66N/M0Yp8g/fTf9dG/maTFeY92fdxj7qGbc01lqXFBGaVwcSsy1HtFWmX2
qMr7VSZhKmVWXmgVOy+1RFcVSdznlCwClQ/NTM4NPHNMV7D/ADCq8d69c+GMQh0MzMMFpHH615EE
MsiRpyXcD6V7XoEX9n6VbwYxhQT9a0oxvI4syrfu+Q7Ndtxby2zciRCK8F1q0Om67NCV4diRXtVr
dgMDmvPPibYiK6t76MYBcg4+hrTER0uYZPiOSpydzjV4GCc07ANRI2VBPfmpgRiuJM+wb10GlMim
GPipu1GKuyBxTKjR+1QtGfSr5SonTmpaM5UzPeOomi5rQaPionjxzQm0cs6JnsmKZjFXHTPaoWjx
2q1K5x1KTREDT1ak2U4DFURG6HbqkB4qLvThUs2jIlDU8GoVNSZFQ0dEZElFNBpwNSaXuGKaafQa
BMYD81W7DUbrS7pZ7SVkYHOAeDVXFGAPWmpNMmdONRWZ6FF8XdQtrdVlsBKy9XBHP609PjfIPvaY
fzH+Ned7+No6d6rzWqPyuM16eExNNWjNHhY3K9HKmepJ8cHP/MN/Uf41IPjdN/Dp36j/ABrxx4zE
elPVxivep0KNRXR83UjUp3jJHsY+Nk5/5hw/Mf408fGuU/8AMP8A1H+NePKQalUVqsHS7GLqSR6+
vxolP/MP/Uf41Kvxhd+tgPzH+NePr1FW4etJ4OmugKqz1tPig03/AC5gfjVhPGr3P/LALmvMrReR
XQWQxiuSrQitiozbZ28esG46qBUqzb6xLToK1IvuivPqRs9DZNss5zRSDpS1kWFHPOKKXOB9aAIb
iAXluYi20MMGqqaHaLCYwQWpdaneC1CwHDsOMVhfbr6yxK7Hn1FcdetCEuWauaQi3szQl8OEn904
HtWX9nkj1OK1kBI3dakGq30kn2iMMVrU0m8TUZCZYwJl7kc1xqFCrU5VFpmrfu2ZrqBHCka+lLmk
IwcUV7GySe6OYdmikHWlzQAc5pRSd6XtQA4GmzHFvIfYUCo7okWrkVFR2g2OO6PPvFyvNCIU+8xq
54d0ZdK01H485xzU00K3E4kbt61Y3udoB4FLI4JUXPuGY4mUUqUdnuSbDnnk+tSLI8Y+bae3NQ72
P3RTtjkZava5bnke7FaHIeJptVspzOsiiE9Bg1iweJ9RgkSRnyvpmut8XRzXGlhIl3MBXnKWl+8i
x/Zn64rzMQ6sZrlPqMtlhqmH/fLU9e0nUf7RsEuCMMetaHmu3GKxvDtq1rpaJKMNjpWnvdOccV6M
Ph1PnavKqk7bdCXDA1IrH0qATml+0MOoqkzGxZBb0qVZCv8ADmqq3DelD3yW4JlYL7GnzW3Ycty5
kHqvNSwXNxatujP61Qh1CKUDkVaW4UnivLxWW4au+e9n3TOrD4qtR219TfsfEJ4E6/jW9DexToGS
T8K4IuJPlHH0p0c1xbnMbkfjXlzo47BrmqLnj5bnfCvRqabM9DDEjmnhhXKWevSx4E+CK3Le9huU
3I4rahjKVfVOzXQc6c4+hfznpS5qssuOMHFOWbniuvz6md7bk2OaqarZm7091VirLyCKs7804SZ4
PT0qakVNWeg+pyVhoc15lrtm+U7Rn0rbi03T9PQCQgHsWrUyAOBj6VQ1TSk1WERGRkPqDXLDCU6S
co6st1XsiZVjZf3e0r6iozFzRp9tFp0P2Yy5fsWNW9gAyOfcV1Qk+UizZRaLmmMlXzEDzTDGCKoR
nlKaUq8YqjaKgCmUrH8ULjwzfn/pn/WugKVieKlx4X1D/rl/WgDmPCH+qT616lYf6ta8u8H/AOqT
6V6jp/8Aq1+lAH//1/fjWN4jH/EkvP8Ark38q2TWP4j/AOQLef8AXJv5VMvhNKXxo+V3H72b/ro3
8zQOaWT/AFs3/XRv5mgCvMe7Pvl8KExSAU/FJipSbKcbK7GFTTCtTEe9NP1o1M2rsrsKjZeKskCm
MBitUzGSTKbKc5oBqZgKiZdzbB1bgVSOaatrc6HwXp/2/V2lZCYowMZ9c16xtwAB2HFcv4S006Xp
KFxh2+Yn2ro43465rrpK2p83jKrqVLdCxFIyMKzfGUA1Dw0XI+aM7q0lANMu4vO0ueA8jZVTV4sy
ws/Z1UzxeBv3YHccVaQ5ANVLhWt9TuIj0U09JcivNasz7mhUvBO5dU05aro+alVqpM6VJMlIGKYU
FOzS9qY7kJQHtTDDVmiholxTKEkfPSoHjq9IBmoHXk1K0OSrFFIpioytW2Wo2SrTOaUSvilzUhWm
laCbDO9ODUwjmih2KuTK9PDCoM4pd2KixcZlgnFLmoQ2aeDRY1UyQU3NANFJod7iZ5o+lJjJNLii
wXaY0oJBhhzVSS3ZDkc/SruSGp2Tzx1ruw+NqUZJ30PPxWXwxF9NTMV8cdDU6vzT57VW+ZfvVWVi
vUV9NhcZCsvM+TxmDnQlaxdU8jnNXIetZ8LjNXoTk11SbWjODlubNoeldBZckVzltzg10VieVrhr
O6NI9jobQdBWrEOKzLOtSKvLqbm0SdeBS0gorAsKANzAHpRSqDuU9eelNJPcDE1ufybyE9VU5NVt
U1ZNQto4QmCvfFXL22ju9URZH2gHpT5NFsx9yZc/WvPq068pWg18zeLj1GWGtWcFqIZY1yB6VX0c
CbVpJoxtTPAqZ9BtnVis6lgOOadoFtNbzOJBx2NFNYhSSmloE3G2hsNzzSUrcg0ld+2hgFGKKWgA
FLmkooAcDVe/crZt71PVXUziyOawxLtRk/IumrzRzIRnPQ1Z8rauSwxUEUpxx0pS7E88iujJotYS
JxYyS9q0TGYLwo/GmZd5ACcj2pnBOPWphiJc9zxXptdjlW1hZdoYLgMKV0hj2/uUz1ziolOZM96d
dXMEW0O3OKLreWgXdyaYbgrx/lTkkJXa2PzqsmpWgikVjzt+XHrXnt7rOopqMvll/LB4rnq4qENn
c1hTlI9NEO44UjP1qteXI06IyzkKo9TXDWviO4AXecMD61avr3+2LcwyTBQw55rllmVO3u3+4qNB
9TdXxLC4zGQR296x9ckvdUdXgDADsCKy00SReIbkfIOOaU2+r24+QxkD/arz6mOq1fdvobKklsWI
rvVbVQvkOQPfNWU8S3sR+eKQfhWQfElzany5oDkdSppjeMIf47Zs+5Fc0YVF8P5lOCZvf8JoVJBL
Bh6iki8ezlzGEJzXNl7jV5c2tuee5XFdHpfg50QTXcqoDycV6+Dp127tmUlT7Dn8TXsswdQ23PKi
uk0rxdGxCPKYm9DWRO9lbqbeyiMkg4LEVz89vNHMQw2t/sc1pisqw9f3rWkuqCjiqlNvqj2rT/EO
5RubcvrkVvW99b3K7kkGfSvBLe41PTUEzAGLrgnk102keLPPKoFeNsgcCvIqU8Zg9X78fxO6NejX
/us9d8wr3qQSDjvn0rjbTxE0JAnQtnvXQ2V7HcYkj6E9K6cLjaOJsoPUJ0pR30NH7dbpP5LSAP6V
Y8xM/fGR71wWvNMusgwg7j0qRbXWCysTwR61nPFyhUajBuxSpK17nRa9pjalAslvPskTk4PWk8Mz
TyW7wTksUbqTWELPVlUuGwcetaHhOZjNMkq7ZAeTnrWNKpKpXT5WipRSjudURnOKTaKZ5nzGn5HF
eoc4mwGmNEDUoIoxmgCuYRWD4vix4T1I/wDTL+tdNtzWD4yTHg/VD/0xP86AOG8H/wCpQ+1epaf/
AKpfpXlvhD/ULXqWn/6pfpQB/9D341j+I/8AkC3n/XJv5VsVj+IudFvP+uTfyqZfCaUvjR8tP/rZ
v+ujfzNJSuP3s3/XRv5mjFeXLdn6DBe6hMd+9dH4X0zRtYkNteXbwXH4f1rngo79KXLq/mRyMkg6
MtVGVjOvSdSNkz1c/CnSsBv7SuQD0IVef0ph+FWlZI+33IPf5V5/SqHgvx8yhNO1WQkDhZGr0wgP
EsyNvjYZDA9a7YKEj5bE1MVh5as4A/CvSv8AoIXP/fK/4VE3wt0r/oIXP/fK/wCFeg4z659KjZfr
VeyRySx9bds86l+Ful9tSuh/wFP8Krr8NdOtrmOYX9xJ5bbgrKuD+Qr0d48jvVWSP2pqkhfXaskY
DW6xIsa52qMVFkg1rzQk5zjFZ8sRBqkrHI23qOhkxirURDB1P8QxWcMqamjkOfemwvrc4zWPAN9e
aq91bOBGwHBqqnw71gMcSJj6V6Skm7qeaeVORgmsnSiz0IZlVgkonn0fw11pgCJU/Krkfww11ufN
TH0rvIZ2QgZNalvdE/xGpVFG6zrErqebp8LNa7yr+Aqwvwo1Ikbrlh+Ar1CN8qOTz71T1bxBa6NA
7zyKGxwCap04pFLNsVUdked3fw/GmW5kurw8djiuO1CKGBisT7ver/ibxpc6vcsscjJCD0z1rnjM
H53sc+tcs2tke1hXWkr1GRl8sRTWp23nNBHFZanda5ERTCoqTGeKTAoM3Ei20m2piMUm3NFyeQrs
gqFlIq8UFROmapMiUCqDS05ozTCpFMzasKDTgaZgil6+1MVyYNTs1AKeDSaNYyRKKUmmZpetSaXF
PNGeKUCkIpj6CA01oVkGTwadtNOGKulVlTleJjXpQrR5ZIpmMxNntVy2YdRT1VX4YUv2Yq2U6ele
/hMz57QmfM43KHTvOBq2Z5FdHYfeFcxZnaRmumsCMiuus01eJ46i4uzOltOlakQ+WsqzOa14vu15
lTc0RMKU0YpSKwZQ2lU4cGloxRddQvYw9U0+e71ON4SQM8kVKdBcYzO2e/NS6tdyWkkTR9Cearnx
AigcHdXHUnh4v39DRKUlohZPD0jA+VcMGHPWpdMu5PMNlMvzpwGHeqp8QSNny1OT0p+irLNcvPKp
U5zzSjVpTny07sORrc2R1IoxTjSDpXatiGJRS0mKBBTqSigA71T1biyq53rP1hsWwHvXNjH+5kaU
vjRz8fUipOQpf+FfvUxRknA5rD8Taq1pD9mhb534bFdmAmqWBi2cOIjzV2jRTW7NrjYihgO4NWJd
Tt9u8gAdMZrnNLsktrTcwDSEdattbxOAWWuL+2JpvQn2CL8evWSyYYD865PVNUkOsGZDuiycDPat
oafbHnyxSHT7Vs5hT8q56+Z+2SUkXCmomdBrdrK37wBD9auCbS5Rzgk1BL4etpASFAJ6YrMn8OXC
5MTnHsa5l7Kps7GrXY1msdLmBx8p9c1UfQ7Qn93cNk+hrCmhvLR8OX4psd/uGHYgjsTit/Zz+zK4
7XNG5srqx+aG6Zh7nNVjqeqIM+YpX3FV2vFaQRxfvZD/AA9a3dK8N3l9iS4Vli9GFdNPDVJdiHKM
d2YcMOoapdBFQfMeSK63TvAtqWWa95Ydq6Ox02101MRRIGx97FWWJPOcGvXoYaMV76OadWXQgjjt
tOjCWcI3e4pr289180z7U7gcVZQIGLd/elJUkbjXVLlWr0MW3exSS1H+rtlA9SRVmHTbWFfMlXzJ
ak3c4UYHsKnt7Ge4cYDAeteTiM4hF8tH3pL7jtp4KTXNPRGZPYNfNiUgRDoBWjp2hR4CwIRjuRW7
a6XFFzIMmtJdqDCKFHtXnSpYvFvmxEuVdkdsFTpL3FqU7XRokOZWyfStWJUh+WPjvUAfPJ604OQc
5ArqpYSnRShEidScviZWudbs4LkrLEGkXpn1qF/Fku44gCpioNT0Eag3nRkhzWfJ5+n2MkD229ug
baTXLiJYrmetkaxlTUbGl/wk95Kv7uNcAVoeGJGleWdwAxOay9Dv7G206Q3UabyMYYc1t6bJA9uZ
YFCjpVYelU9opSncKjVtjaWX5yalEtZqye9TLJ713mBoCSpFeqKy8dakWWgC4GzWJ4y/5E7VP+uJ
rTWT3rI8YN/xR+p/9cT/ADoA4nwh/qFr1Gw/1a/SvLvCH+pUe1eo6f8A6pfpQB//0ffqx/EX/IEv
f+uTfyrYrG8R/wDIEvP+uTfypS+E0pfGj5cb/Wzf9dG/maUcUN/rpf8Aro38zSivLluz9Cj8KDFL
ig0tIojeJZBhxkg5VhXbeD/HMulXEdnqO57Y4Ac9FrjcUhUFeRx61UJuL0OfEYWGIjqfRsMsF1br
PayiWJ+dw7UMteLeFPGF14euBHOTNZscdeleyaff22rWS3Vo4ZG6oDyK74VUz5DG4GeHei0HFeKg
davFeOuf6VCy1qzz73RmzR5FUJoetbTx8mqksIpAYLxEGouVNak8XtVJ0wTQIWJwOvWrkcmQKzlI
U5NTROc8dKRRf255FSRStECSdqj7zGsy91qy0qAy3ciqQOFz1rzvxB45vNVzBZr5EI756iolUikd
WGwc6r2PQdb+IOn6TGYLd/PlIxlecGvKNX1271ad3ncspOQD2rJ5LsxyzHqxNKvJrllUbPocPhIU
dGgOSasQqSKaFqaOslqemop7Eg6YpccUnagUGqWgm2kIqSjbSZDRFjNJjmpdtJjmgLERWm1MVpNm
aAcSIpkVC8eKtbcUhFNMiVMptGaj2Gr2wVGY8dKpM55QZV6U4VI0ZpAlMhJpgKeBTQMU8GlY2VyQ
LSFaUGnZosbKwzFIBTjS96i+oNKwqjFW4c46VWA6VYjPSq5nfQyla2upowxqccc1sWakOM1lW2OM
Ctu0wWGa9PD4qcfdep85j8LCV5LQ37I5xWxD92sez2jpWxAPlracufU8dx5HYsigilFOFYsBmKG4
GacV5pGA24oTa2Cxm6xZS3sUZh4APzGqqadYLGollXzB1rakYxW0hzwFrnrTSjqsszrOVQVw4qne
acYJvzNaUnY04NNs3PmxMCBV5QFACAAd8VhWDto981nO+6M87j71a1LVYrchbbk1tTnSprmdoy6+
opKbNMck0dqZA/m26THqRT63WvvdzO1hvelpaKYCUUUUAA61m60cW6/WtMdaytcbbCmfWuPHu1Bs
1o/xEY0bBEd26AZrgL6U33iJmHKqw4rtNRkNtpTsT1zXD6GPN1F5G7tRKo44SMPI5pRvWnI6s/KA
uMcU0A49u9V727FtcIh6E1ANTRLvyiflPOa8hQk1dCJbx5oV82D5lHUVDb65BL8knyt0NaagMBk5
Vq5XWLNILstHxk5rWklNcrQctzp43hkG5JAfY0lyJFt2ZGX8641LiWHmNyx9M1rWNvrGq/u0DRp/
eIrVYScvhDRGbdXck8xQ7mcHpirNr4NvddKEQlFznca7/QvA0ECCW5cM/U5rr4YYbZAkShcd8da9
WhQ9n8QlJz2OU8P+ArXSYQ0qRtIP4jW89lHAhZmC46JWhuJbnpWZquWwrOK66c3eyHOPKrbtmTK4
dyQMDtTMimu2GwCCBT4Laa4b5AVrHE5tTovkpe9LyM6WBlN3loMJAO7rU8FlcXTAhPl9a1rTSET5
petaK7YxtQYFeY6eJxmteVl2O6mqVH+Gr+ZTtNJihALnJ9K0lKou2MAVFnNKK7KWHpUY2jEmVST3
JCffPrQCaaKXNbX5iEO3ZoaVIImllbCL2poHzYrH8SXPl2yQjOGPOKzqVIU4XkxpXZC/itvthMEb
GFepFdBZ6jBfW4lLjb3DCsWH+yV0jyx/rcc9KxrS2uXdlt5CFPvXEsZVpyXO1KL7G6pdTc8Rrp4s
t1vzKxArX0dDDpSh125xiuctdImmuUEsobbziuqVgqiNRwoxW2HhLmdWUbNmcydXFSB6qhuaeH9K
6zMtrJzUqyVTDmpFc0AXlkFZXix8+E9SH/TL+tWg5rL8UMT4X1Af9Mv60Ac14Q/1afSvUtP/ANUv
0ry7wh/qk+leo2H+rX6UAf/S9+rG8R/8gS8/65N/Kto1jeI/+QJe/wDXJv5UpbGlL418j5cYfvpf
+ujfzNKKG/10v/XRv5mlAry5bs/Q4/CgxmlpQKMUFBQemR1pcUEc1QhPvHGOPStbw94kvvDl4Ggl
JhJ+ZD3rKxg0w/KuCM96SfK9DOtTjUg4yR9A6Jrtrr1lHPAQHK5ZM9DWgVGa4H4U6eYtPkunU/vC
SvpivQNuACOCTXo05XjqfDY2lGlVaiQlBVeZParjCo3XirOQzJYsjpWfNB1NbUicVVmiyKTGYTxY
J44HNc54h8VQ6MHhtzvucfKPQ12EsOCQRwR1rxzxrYNaeInkZSUfox7VnNtI7MFSjOXvGVd6jd6l
cNLdzFwxyF9KjB7HtUQ9/wAKcM55rilrqz6alFQ0RN97k/pQBg0i04daVzdMeD2qZDioAOalQ80k
bQZPnjpQKbu4pwambJjqUZpN1KDRYGkLSEUtFSIaaAKUigCgaGkc00ipcUhBoFJEWKTFS7RQVpoy
aIdtIYxU2KUrTuyHErlBTdtTstMxTRL0GYoxT8UhGKdhJjOlLnmkNKCBzWfK76G10lqSqeKmiBFU
ZLhIxyeah+2M5wp4rvo4GpXt0R5uJzGlQvbVnRw3Ajxg5rXs5/MYGuTtWPHOa6XT+q8Yr1YYWNFc
r3PmsTjJV3e+h1lh9a3IAdtYNh2ret87awqHIu5aUcU7pQo4p2Oa5yhpFJgY96eRTCKLN7AG3zEM
Z5DDFcpcNNY3bwW7su49BXVjI5HWq72kH2n7W5AKjvXPiabxEVyuzW5UJ8pzZsbq7OZd2/1NT/2I
yQFpJAr44ya2bfVYruVkXYFU/eqtrE1teR+RFODIeAFPNc6wmHUb3v8AM09pN7Im0oMLUpI4JHTF
XSMVzVrDeaPdo9yT5L9MmunIDIsinKtyK7KMm1a1rESXW40jFJSnmkrSzICiiihgA61ka4AURT/e
rW/irI1sjeg/2q4cxt7DU2ofGcT4sumS1SFTxisLQE/fgDrnNW/FUu67SP61n6dcfY7nJ6YrOXv0
kkznd7yZa8QSFpwq8MGz9KySzlsk/P2NTahci7uTIQeTmkgtJ7pvkTC+tOlDlXKkTotyVNYuoowh
cce1LFb32rzjAYj6Vs6doEY+aX5n9K6e2iW2jAVFXAxwK7qOXtvmaMZ17bIyNN8LWtuFe5Xc3pmu
jjuEt0EcSKqj2qKOOWdvlQsTWpbaPsG+5O0H1r0eSnRWhilKbu2S2Mk90Bg4UVpSMkC5dgMDuay7
nVLe0Hk2+AcdayXmnvXA+ZueleVicbRp6t69j0aVKb+HY07zWSQUg61lD7TePklmzWjaaMeGlG3N
bEcMMAwiiuJRxOKWvux7G6jCGu7M200VAoebJPYVqoiRABFAo3H8KUV20cNToL3FqZTqynoxd2et
Gc9aSlFbt3IClBpKUULQB2aKSimlcCSP7xY8BeprlNSnjutVCtJhAMYzW1rd4LPT2VD+8esDRo7U
MXvWGWOcmuLFVUpqlK2u5tCLtdFo6JLsMsbEq3vUHl31kGIUqgHWuqgmgMQEDqyDpUkqLNE0UqjD
Conl1KS5oafMFiGtGjC8OebNPJcu5bA6V0BbLE+9VrW2SziZYxxgVNkA+/FdlKDhGzZnJ82w/PNP
DVFnmn5qySYNxTg/vUG6nKRQBYD1meJnz4Zvx/0z/rV3dWb4kbPhu+/65/1oAxvCH+qT8q9RsP8A
Vr9K8u8If6pPrXqOn/6taAP/0/fqxvEX/IFvP+uTfyrZrG8R/wDIFvP+uTfypS2NKXxr5Hy9J/rp
f+ujfzNIKV/9dL/10b+ZpOleZL4mfocfhQ6nCkopFDqKKXFMBKafmkUL1bin4q7odqb7XLaADhWB
J/Gmld2M60lCm2e1+ENPOneFdPhb73krn64rbxn8KFQRRJCOiKAKACW4FejFJRsfAYio6lRyewxh
zTCKnIyf51FIyRjMjBB2Jp3SMoxctiFl4NV5UyKuYDruU5HrUbL/APrpjSexlSxkc+ledfEvTd9u
l2B90ZNeoSISGyK57xXpgv8ARJ0Oc+WcYFZ1Fob4Opy1EvM8HGCocd+Kb0NLGCY1+XDA5xQRXDvo
fVa2uOBqQHioBTw1FikycGpVNVg1So2aDaEiYGnhqh/GnA0jZMsg8U4GokNPFNbGiHU6mA0+kMKA
KXFKBRYtCEUmKkK00jFAMQClK5oFOoM3EZso2ipAM0u2mS4kBX0qJqsuMdqgZc1RE4OxESaTBp+A
KilkCLmtIwc9InI5JJthIQq8mqE14CMLUFzeFztU1WBya9rBZco+/I+fx+azl+7iTZLHJqxEKqqe
auQHPFeu0mtNDxuZ9Xc07P7wrptP6iuatBgiuksDyK5KuisLQ6vT+lb9t9ysDT+groLbhRXm1Ny0
W1FOoX0pT1rnZQhpD0pTSdqPnYBuD2qG6i86ydV+9ip+lIOD7HqKb+Fx7gpNdDA0aK3aOSCd/LfJ
5qkyR6dqO+NvNCnOTVnXrQ29z9ojJVWAHA70WujyXMayykhT1ryKkakWqVOF7dToTSXNJkF9qUmq
IFCY2Vr6HdG4s/Kbh4+Oas22mW1sMBdxx3rGv5xp2so8I/dn74FbRpVMPL21aXxEyan8KOgK7fl/
u0lIkguIVnT7rUuOK9CMlJXMrBRRmgUhAOtYutcMD7n+VbQHNYmtjJJz0rhzJ2w5tQ+M8u12TzNU
bk4AFUUieQhUHHqavX6D+0pS3IGO1aGnaPc3xDFTHF61vhMFKpTUpbHJWqKNyla6eiuM/O3oK6Oz
0uRsFxtXFXYLaw0xAOJJKuJM0q8javavWo4aMPh1OOVRsbHHHCuAMmnnJpOFNNEmWKqCazxOPw+H
XvvXsXSw9So/dL9rOtqPMPXHFRXOpXF/J8mQBTrfTJ7huSQvWtuCwgtkAI3GvDnWxWMfuLlXc9KF
KnQV3qzItNIkm+eWtmCzht1BAyamJ7DgUg4rooYKnTfM9WEqjYpJLdcCik6jmlrqbbM7dbiijNJR
RsA6iig0AGaWm0760AA609cIpkYfKBTByeOazNba8eEW9spyeCRSm3EFqYup36XGqRq+fJJ4NaVz
4dLRJLbvuVl3YqtZC2h222pQkMOjkV1Ee1YlEL5QDjFcVHD0qqk5q9++6NnN09InIA3mnv8AMCqi
tLSHur+7E0jfu16Vr3ltHfW5jddrHjNFlarZQCJTkDv60UsLKnJWd4g6qa2LTEbjikzScHpRXdZL
roY7i5paZmloAfTgeKjzTh0p2AeDWZ4jP/FO33/XP+taA6ZNZ/iFGPhu9bBx5f8AWk9A2Mrwh/qh
9a9SsP8AVr9K8u8Hj9zk8c16jp/+rX6UAf/U9+rG8R/8gS8/65N/KtmsbxH/AMgS8/65N/KlLY0p
fGvkfLz/AOul/wCujfzNJ3pX/wBdL/vt/M0CvMlufocfhQvanCm04UihRS0nSgHNMYpOAT6V2nww
00XWtzXDjIQjBx7ZriXOI/evYvhhpps/D0twwwZn3fpj+la0leR5ea1vZ0Wdo5LOTSZIFOILlscY
/WsjXPEFjoFi01zJ+8wdsQ9a7XJI+NpRqVHypblvUtQtdLs3uLtwqgZAz1rxfxV4vvPENyY45mht
E4TaxGT65HNUvEPiK78RXhlnY+Sv+rT0rIwOoOa5KtXXQ+qy/Ko0Vzz1PQvB3jyWOSHTdVk3pnaj
HjtXpoKtGrxENG/IIOa+b2UOMGuw8H+NptEdbS+YvZt8o9qKdZ9TDMcqUl7SnuetyL1UVXlgEsLx
sMgqR+lWbaeC/tlubSQSRsOOadgKw469a67qSPnJc0GrrVHzhrNkbDW7iEDC7yAMVnOuK7z4m6c1
rq63gXhn5/GuIkX0rgl7sj6/DP2lKLKpFIKmZeaiIwaSCSsxwOBT0aos04GmOMmiypp9QI1Sq2al
o6IyuTIealBqsDzUitRsbxkSg81IDVfdUiNmi5asyYU8CmKaeDTRpFEiikZM0A0/PFFimiHGKBUh
pAB3osKwAU8DFAwKUGmCS3Y1huqMpU5GR16VWuLqOJcL9+tqNKdWXKkcuJr0aMXOTKt1IsCHPWsC
5vWlbAPAq3fM0iFieax+cmvfw+DVNXkfF43MHipPk0RICM5pymoh9aev1rti7HmtdWTKeauQHmqK
mrkJ4rS4r3Ni16iujsOq1zNoeldNp55Fc1VaDR1endBXQ2/3RXO6eeldDbfdrzKq1LReTrSnrTVp
9czKGmjtSmmmgA70lLQelAEMsUdwoWUZAPFEsq21uSxwqjgU/jmqmq25utPk2ffUcVMpOCfKtSor
XUoDxFtZ9ycdBWZFGdQvss/yE8g1d0qOxe1lN3gTL0zWZIWju3aA4U9PevHrynaM670vsjphZm0d
SFjfrYg5hHetgkcMPukVzMOlXN+hYjZ/WtzTYZobbyZjnHSvQw1WtV1muVdPQxqQVyxS0UV1vcyA
dawNdOd4rfHDVz+tk7pTnoK83M7+xVlfU3w7fNoecPMkOqSu43DjjFbNvPqN/tSEGGDvkYqnZLE9
9LI8ZdgeBXSRGVkG44HYV688XQoYeLnL5HmeynOcuVdRILCK2AaQ739TU+8ngfgKmt7Ge4OAuB61
s22lRQgNJy1eXUzHF4v3KC5Y9zshg4U9ampkW9jPdHoQPcVs2ulQ2+DIATV4fKu0cCkpUcFTpu8/
el3NZVukVoGAMBOBSnBPrSUV326PVmTbYUUUUAFLSUUALRQKKADNLSUZAFAC0vOfWkXLVVv9RisE
Cq2Zv4QKmU4Q1m7IaVxNT1FLGMYYb25ArMHiG4GGVQxqK3jXULtjdR4kJ4am3WlXGl3X2hVMsJ7D
sK8+q685c8Je6bx5VuJeaqNQj2yx/vPUCoNP1K70xy0mXiJ4HWtuzbSbuMyZEZH3gatR2ljcAtCu
VBxmiOHrOaqe0uPnjbUsWtwLy3E4G3Papck9aaqBVCrwBThXoruczd2KOKKKKYC0opucmngFuAMm
lu7IEJT0RmqK4urSwiMl5Kq4GcZrhNf+JKqZLfSwdw43AVtHDzqOyIlUSO41DVLLR4mluJVyBnbu
Feda58QZdWk+w2q4tpPlY+1cVdT3F/KZruTzC3NSWnE0agYGelegsFGlTbeuhz+1bkj1rwgCYkJ7
16jYf6tfpXl3hH/UivUbD/Vr9K8o6z//1ffqxvEf/IEvP+uTfyrZ7VjeJP8AkCXn/XJv5UpfCaUv
jXyPl1j++l/66N/M0opG/wBdL/10b+ZpRXmS3P0OPwoWnCm5pcZpFCg04YzTRinD1pgkOhQzXMEQ
HzM+MV9C6FZ/YNAtbXksFz9a8T8HWA1DxRbxsMoqlicdOlek+MvG8GgwCzssPchMDB6V00mkmz5/
NFLETjRii/4o8W2Hh22cO2+5P3UB714vqmrXutXTXF43zHlUzkAVBd3d3qF1JcXUpeRznaTwBUI9
ufes6lRtndgsujQir7gCRR14ozRWJ6S0DpTSAwwQCPSnUmaPMTXU3/DHi268OThXJks88qWI259P
WvZdN1O01uxS6tJA6sAcDrXz3jI9fY1paJ4hv/Dt0ktpIzR7gXjJ4xW9Kq72Z4+Y5XGtHnhuei/E
/TDcaA1yoyY2XIH1rx0DKKa94bVrHxd4YuBDjzWjJZfcV4Y0PkSyQtwYzjmitZu6IyyUlB0pborO
tQstXHX5RULLWCZ3Tp2KxGKQNUjrUJGK0RzNNMlBqRWxVdTUqmhlRnZlhX56U7r7VCDT1NSzoUrk
gPapoziqxPNPVqk2Tsy4rVKDVNWqZXzTTN4yLGacDmogaeDVXLvckoNNzTgT1HNMbdlcMDIH50qK
8koijQtIf4RToIJLm5WC2BaV+wGa9g8F+BbfSrcX18olujgjcOlXTg2zzsdjoYWHvas8ok8O6/Mu
ItOkCn+I1EngTxC/JtDn3FfSwbbwML7AUu9j7/lXrUK7oq0EfE4rETxUm5vQ+ZpPAHiAjmzP5VSf
4c68W4s2/KvqcOcfeP5UBz3/AKVrLG1JfEcqo22PlgfDjXe9o/5U9fhvrmf+PZvyr6l3H/OKad3f
+lL65IPZHzCPhnrzdItv1WrkPwy17/pmPqDX0gxJHBNQkNVfXZWK5Dwm3+G2tIBuaL8jWxa+BtUh
wWaP9a9YfdnGTVV8nOT+dZvFykCicXbeHruDG5o/zrVispYx82K1pBz2qu+O1Yym5FFcIR1pTTz1
pprMBppp6040mKAG0E07FIRQA2lUgHkcd6SgdaabYmjn9b0p0YXEGSCeVqzpWlxvAtxNn2U1rEBu
H5HpR8oGAMKOwrl+rwVTncbs153awnmKpA3BAOlDdc5yKp6jZPdBTExH0q3bxFYArE5Hc1vzOT95
EO7DPPrS4I7VTvtUg09SDhn9uax11+5aUMB8pOKieIhTfv8AUapuSujo+rEdDXOawf8ASypHB4Nd
HEfOhDnAJFVJNNR5vNkGcnPNYY6hOtSUYFUpqErs5u00n5maKHlu5rctdIRQGlJJHatJAkY2ooAp
Tz1rOjl0IpSqe80XKtr7gAKgwigCkznrRRXobaIxbdwPNJS0lO/QQUUUUrAFFFFABRRRQAZxS0ho
FAC4NOVC1IoDE84ArIvNRuJWeCzGWHBNTOaj8ug7FnUdUislKp879CKzdFSG5u2mvXyf4Qe1QafF
P9raG8TczdzUd/aS2ErAkgN90jtXnVq1VP2trx6o2govQvDVYrbVmiliBjJ+VhWxNqltbrEJCWSU
AAHtmsLSIbGaNxe8upyGzWX5cmp6+8UBYwwuNvPFaU60lSvHZ7CcLuz0NbVtM3XMYtEIVz82K3bS
2WxtliXnPJz60+L93EFcAsO9OznmuqFJRlzLcybb3HUUUVs/MV+gufQc0vJ+6MmlSNm56D1rH1vx
Tp+hAqzBpcdAeppxhKfwik1Hc2SFiQyTMEUDJNclrvj+x0+J4rLE03Tk4rhtb8YanrcrKjmG39jW
CIxkMSWPcmvSoYFLWRzyq6aF/UtavtYk3TyMFz90Hiqaqq/dAHrS8ZPP0orvjBQVkc7be4VLbZ+1
R5Peox0qa2H+kp9amqv3cvRjh8SPWPCP+pFeo2H+rX6V5d4R/wBSK9RsP9Wv0r55noH/1vfqxvEX
/IGvP+uLfyrZrG8R/wDIFvP+uTfypS+E0pfGvkfLr/62b/ro38zSikf/AF8w/wCmjfzNANeZLc/Q
4/Ch4opM0tIoWjOCDSZpwHf0oC+pf0rV5dIWZ7fieTjcO1UJZHuJ2uJnMkzdWNKO/PNISarmIVOK
lzJCckc0UCipepezugooFLRYBKOtLRigPIQ0g9qXFJinYSVmWNM1K50q6We0maMdHQdDUN/OLy7k
udu0ucke9N7EZ4NNPWi/czVGCvJbsjPNRMKnbntUbVInGyKzrULKKuMOKhdOM1SZzTgVcYNODUrL
TMVe5zNWZMrVIrVWB5qVWFJpmsJFgEGl4qIGpAc1DRunceGqVHxVfGKUNSNYyLyvTwc1VR88VMj5
zxTTNoy1J1bHPU1NbQT3lykFnG0kzEAAds1HZWtzqd19ls4iztgZxwK9u8HeDYfD1rFLc4kvCoLH
HAropwbODH5hHDJ66jvBngqDQ4FubqMSXLDdk/w11+d3WmswY5Jpc59q7IxSR8bWryrTcpsUjFIO
KXNIeaevcwSQoOaXim0CjXuBIDR1pKWgLIKjbFSU00AV5FqrIvFXZKqyc0AUJV4qsy1dkXNVWFAE
BFMI5qQ0w0ANNJSmkxQAHpSdqWkoAQ03FPxxSUDQ0ikxSmjtRdk9Sre3ElrF5kaliOwrEl1e51Zj
a2xMbDr610oO3tmqo023hna8iXEnU4rKrTcpXTNE0c/bw/2UzjUEaWR/us1R2cX2rUVIUbd33RVn
VtUN3L5FxEQF+62KveHrMJGbk/dHcV50oqpieR6qOpvF8sGN8Rl7ZI5IpvL24+X1pdM1lrrEcwJO
Ky9SZtWvGbP7lCeR7VNoyj7V5mQEX1rWpXmq6UXoyYQTpts6Qx88DHekKkcnPNc9q+vtNfLBaghR
wWFPstZumYRvCzAdSK6frNLncFv6GSptRubvQYxRxVRNYtH4Y7W9DU6XNtL9yZc+lbRlGWzRLi0S
UU7bkAgg0hUg4yM1QnoriUUpVgOf0o2njOOaAG0U4rxnIFRvIkClpGCj3o6XHbWw6lHIwtU31eyR
gPNBzUtzcLDZCdehXPFTzx112Dldrljb8uMjNJnPHcVy1nq8xu/Mc5QnpnpXUK6TIJYz8p61nRrw
rawY5QcVzMo66biPSzJa/ezzUHhadJbHkAT5O7Na20So0bdDXMPN/Y944ToxzWGJn7KaqPqXTV0d
QAJG27V3jviqsrW+pbrZhlkHWqTeJIBbAr/rDxU+lQ4ie4cYL1usRTqK0VdEyg07swFs5Lq/e0jB
VVOCwrqLKxh0+3EcaDze7+tSxpHF8yKAzck0/qeamjhadJN21YSqSqLlewDnrS+w/Ok7/wCFKxSJ
N80ixoOcmunVuyM27bj0Vm4C7qivr600uEy3U0YwM7Sea5LxD4/tbItbWCmSUD7ynivN72/vdWna
a8lYq3bccCuyjg5T1kZTrJbHW+IfH9zeBrbTi6IDjetcY6y3EpmuZXlf1c9KVAEHyjGO9L1PPNep
TpRpq0Tkk3P4gGBwKXFLiitBCYpcUUZp2AUVLbf8fKfWoc1Lbf8AHyn1rOr/AA5ejKh8SPWfCP8A
qRXqNh/q1+leXeEf9SK9RsP9Wv0r52W56B//1/fu1Y3iP/kC3n/XJv5Vs9qxvEf/ACBLz/rk38qU
tjSl8a+R8uP/AMfEv/XRv5mlFK/+ul/32/maSvMlufocfhQtOpo606kUApc8Uh60o6UAAoNLRQAg
pT0pDRQACg0tFMBKWik70AFFFFACUEUtFIBlMI5qQimFaRLIyOajcVORxTCtBlKJVZahK1bZaiZa
uMjmqUyv0NKG9qVlpnNXuc2tyZWqQGqwJqRXNS0axqWLIanFeM1DuHWnl9rD5WZz0UAnP5VF22dH
PG12KrAc5rU0bS7vXLwQWoO3uw6Ctfw94Gu9WdJ7tXit+GxgDNepabpdnotuIbKEKmOXI5reFJvV
nmYzNFRjy09WS+E/DFl4dtFwA9033mPOK6dX79ee9Y0UxB61ejlz3rsjFRR83WqyqPmb3NAPkU8G
qyPx1qUEnvVGJOKWo1b1qQMKACjpRyTSnnrQAA0uabSg0AOFIaM0E0ARyVXcVZYVA60AUpB1qqw5
q7IvNV3SgCoV5pjDmrBU0wpQBARSEVKVpCKAIcUEVJimlaAGU3vT9vNIRzQAw0dqcVFJigBoznig
4xnn3FOxSGgCreafbX6bHG0gcEVhTjUtKtnt4ctCepxXS9T7incHh1DZ4waxqUua6juUpaHNR+VB
obMP9Yykk+9VLK0ubti8Z2wr1Irp59PguU8rbtQc8Vl6hFdWlv5Fmh8kjkr1NclXDq/tX0WxpGfu
2MidI/tHlRDLE9a6rTbWKzslEi/OVyWzXO6TGkt2A/DL2NdNeMEsnwwyF6U8DTajKvLcdWV0oo5G
cCW/zGcAtjpWvcaNDDbK6Tnzjzism2t5dQuCiZDdeKs2dtdtqwhnZsoOC3SuWg01OTXxMupZIit7
jUQ7pvOFqeC/vrmYRR8tW1qsMcFs3lqA2PmYVztjdPZ3AmUZxW1ecqFSnBS90UYqUWXG1a80y6xe
j90OtS3l5cyRC7tm/wBHfp7VnXks2vXPlbRgnmtieyGnaMluDnDE4+tWqjnCpZ6LYUopNFHT7m5u
ZTLM/wC6TtUjXH9t3qxRsREDzjvUOkDcjx54LdKgsG+wajhD8pbp6VjHENwppv4txuC5mal94fge
I+Q+HXvik8qeDQ2gm52kjn6VtbSQGXleprK1S8ilt3tk++Dy2favRnSjC82Yw1VjENvbpp0csbfO
VG4Va0jUmt2ETjKN61Y0PTbKS2DStvOORms69ikj1BoLeM7T904zXnVIzi41aWxtFp+7I61TnDxn
5aqXWlWt3JvfOao6TZX0D77iUmP0rYJyxI6dq9TWpG8o7mFuUzo9Cs0OetaCgKoRfur2ozSruPRc
040401yoLsPcflTkQvznAqK7vLTTYTNdOq8Z5NeeeIPiFcTlrbTSqJ03gV0UqE5mUqiidnq/ibT9
DibJEkuOBmvMta8X6lrbmJXMMHoB1rEkMtw4kuZmkf8A2jmnfhXq0cJCG5yyqNjQg3bmzu9QetPI
9f0pKUV0mV7igcc0uKBRQAUUd6KYBRTqKYCAVLbj/SE+tMqS3/4+E+tZ1f4cvRjh8SPV/CP+pFeo
2H+qX6V5d4R/1Ir1Kw/1K/SvnZbnon//0Pfu1Y3iP/kC3n/XJv5Vs9qxvEf/ACBbz/rk38qUtjSl
8a+R8uuf3s3/AF0b+ZoFDf62b/ro38zQK817n6HH4UL3pxptOX3pFBS9KXikoAM06kpKAFxRikoo
AWiiigApMUtFABijFFFACUUd6KVgA02nUnenYBpFRmpTTCKlkMjIzUTripyKYRkmhaGUo3KrA1Gw
FWXXHaoXXbzWil0OWpG3oQEY5LfhToQ8j7Y43dvRQT/KtfSvDGoaxIrKvl255LN1I9q7/TPD9lpM
YESbnxgsa2hTbPLr4uFPZ3OR0fwXqWoYe4VYIiOGDZP5V6DonhTTNJw4RHl7vjkmpY5SuApwPYYq
5DNzjA+praNNI8qtmFSeiZsxyAqMAAdBTz83Xn61Qjk561bjk4rVHG5Nu7HlSOlSxyleppoIIprJ
3oJNCKfjrVtJM96xEcqetWopznmgDWVuakB5qlHLk9asK/NAFlTTxj1qEGnhqYEmaMU3NOoAM4pC
1BGaaRQApNMYZpxpO1AFV15qF0NXGXNRMlAFJkqMpVxk9qiKUAVTHTWWrLIaiKmgCuRTSKnK89KY
y0AQ9qaRUpWmkUAREUYp5FGOKAI8UmKcRSUANKg4oP0p1JimnYBvOc9KAxBPoadTSOaS0dwWhALO
2Wbzgnz+1U9S0y4u5PMikwvda08Ed6UAKMgkVEqcWmktx31uczb217pt0JViLD2qPUr+7upQkELr
KT1rqt74wD+dN8uPdu2/P64rBYeVNctN2RblfcxZpntdGWG7fM7CqOliKQtDLgMRxXRT2UFzIHkG
WHTNQ/2TaiUSYww54pVMPJ1lLdIcZ2OdjZtN1LJGMHt0xXQX17az6f5gcFscinz6bDc/M2AenNQJ
olsvGTj0qaNCdLmpr4ZdOwOaZi6bexW11vdTsc8VJfaRcxT/AGiDLo/Ix2rdGlWYGGUEDpVlPkTY
CSBShgfc5Ju76BKt72hzsJ1QwMih/mGOae+hTyWqhD+9JyxNdBuK/doLkEkZzW8MO4/G7shz7GZY
6MtgVYtlgORnitEFVbcEG71ApOMck5NHKnAGa1jCNKPKthO97sUsTwOfpTRktjbT0RnOM7B61lar
4o0zRlZWfzJwOgOa0jCTdooltLc1WVIY980gQe9cn4g8e2WmqYLP95KeMiuL1rxff61Iyx5ijzwD
xWEsYXnAJPUmvRoYFLWRzyrdi1qGpX2rzGW5lcp/CpPAFVwAuAoA+lHIwM0vSvQSSVo6GEm5BRRR
TJFxS4oFGKYCiiiigBcc0Ec0veg9aADFLiiimIKkt/8Aj4T61HUlv/x8J9air/Dl6MuHxI9W8If6
kV6lYf6pfpXlvhD/AFIr1Kw/1a/SvnXuegf/0ffqxvEf/IEvP+uTfyrZrG8R/wDIEvP+uTfypS2N
KXxr5Hy8/wDrpf8Afb+ZpKHP76b/AK6N/M0CvNe7P0SPwoKdmkxQBQMcOlKKQUtAC0UUuKAEopcU
mKAEooooAdSEUtJQACilxRQAmKTvS5oNABikIoHWlNFgG4ptONJUktDSKYwyQOo9PSpG46nA9T3r
W0HwzqHiG5CQW7JAesxPGKIxb0Mq1SNON2zEigkuZhBbxb5D0C8mu78PfDxFCXmrk7+qx9q7rQvC
Om+HoAIoUkuO8rDJrTmXccnn69q7KdGy1PmMZmbk3CGxhm1igjCQosaAYAA7VRlj9Bx61vywgjoK
oTw8dOM1va2x4rdzHbKmpI5OnNSTR47VWIKmgSNKOXpzV6KTJ61hxy89avQzc9aY9zXjk5qwrZrM
ilq2knANAiwyA00HaetOVww5pxCmgB8U2D1q5HOCaz8Y6UqSFTQBsxyZ71MGrJjnAPWriTAjrQBe
DCnhqqq4PepVb3pgTE0hNN3UZoADSUuaaSBQAvamEU7dSc0ARstRlKsY9aaRQBVZKiKVbZajK0AV
SlRMvNWytRslAFVlqPbVl15qMrQBCVppXipitMI5oAjxxTStSkcU0igCI0lSYpMUAMxSU8ikIpoB
tBHFOpDSQDKXmlpafW4EZzS4p2KSpjdLzAaaTmn0lVrYNBppMYpx6UDGOf5UrX16he7G80dKeAzf
dUn3plzLb2SeZdTJGo7E80crfqD01Y5FZ2ACZ9T6VVvtQstJhaS7kG4dBmuQ1/4gJEJLfT8E9Nw5
rgLm8vdQcyXU8jZ7Z4rto4OUviMJ1lsjrPEHj+6vC0FiAsf98GuNfzLmQzXEjSOe+aAoXhQAKcCR
04r06dKNP4TnlOTABVHy/rRQeaStCLC4oxQKWn6AFFLikoAcKWkFKKADFGKWigBQKMUtLQITFGKW
imAmKkgH79PrTKkg/wBen1qKv8OXoy4fEj1Twh/qRXqVh/q1+leW+EP9SK9SsP8AVr9K+de56B//
0vfu1Y3iP/kCXn/XJv5Vs9qxvEf/ACBLz/rk38qUtjSl8a+R8uSf66b/AK6N/M0CiT/XTf8AXRv5
mgV5r3Z+iQ+FDxQKQU4UFCinU0GnCgAooooAKKKKACkPWiigQopabSg0AFFFFACUtHaigYlFLSFi
E3MaPIWm7ExziljSSV9kEZkkPG1RWjo2h3uu3IitYmK5wWI+7XrvhzwLY6FEkk+2e5I6kdK0hRcj
zMXmcKCdtzj/AAt8OJ7kx32qMY4xyIGxmvT7e2gs4VhtkEcSjGFHWrLZBGMKg6AUw9MiuuFNJHyu
KxdTES5rkLrznjHYCoHUVaIqJ1z2q7WOO7e5SdMiqkkXFabJxVZ48mgDHmh56VQniI7Vuyxc1Rmg
zmkBildpqRJNp61NNDgmqjKVNAzRinq/FLxzWEkhBq9DP6mgDZSQYqdWz3rNjlGKspJx1piLopCt
RxvxUwIxQBGDtNTpPjrTCoIqIqQaANKOcGrSyj0rFSQrVuOfJ5oA1RID0o3VSWUetThsjrQBNuo3
VFvzRuxQBKGFODVX31IG4pgT5pMUzd0pwORQAhFMZfapKMZFAFZlpjJVkpTGWgCoyVGVq2VpjLQB
UK00rVlkqJloAgK0wgVPt55prKPSgCHFNIqbbTSvNAERFIRUpXFNI4oAixQVp5HFJigBmKSnlaTF
ACUmKdikxjrTC1xtJxSkE4wM090WOPzJ3VF9CaIxcmF7EeCwwBQ+y2jLTyrEoHO41zWtePbHS2aK
2Tz2Axx2Nedan4q1TWXbMjRxk/dzXVSwlSo9NEZTrLod5r3j+wsFMNgWkk/vAZFeeaprOoa3KTcy
YT0DGqAjHUsWfvmnDivTp4aFP1OaVRsakSJ0wKdnrnJpDRW97bGYpxRSUopDClpKWgAooooELSij
FFMBccUCl7UCgBRS0lKBQIO9LRiigAope1AFMAFSQ/65PrTMU+Efvk+tRV/hy9GXD4kep+EP9SK9
SsP9Wv0ry3wh/qRXqVh/q1+lfOvc9A//0/fu1Y3iP/kCXv8A1yb+VbNY3iP/AJAl7/1yb+VKWxpS
+NfI+XH/ANdL/wBdG/maKH/10v8Avt/M0lea92focfhQ6nCm04UFoBT6bSg0wFooooAWikpaQBSU
tBoEJRmjFLigAFBoA5o70AFHsBknpSEgDJq5pul32s3HkWMDuQeWHAFOKcmROpGCvJlPeAQoBZ+m
0V2vhr4e3OrSx3GoBo4ByF6Zrr/C/wAPrPSYkuL5RLcnnDDPNdruJUKAqKvAUCumFJbs+dxub3fJ
TKmn6ZZaTbrDZRBFAxnufxqzz7flSgUHNdG2x87Ocpy5pO4hGetIQKWgimSRkUwipMU0ih6gQlc1
AyYNW+1RuM0rAUJEzVSWPrxWoyiq0kftRYDFmhzziqM0WR0reki9qoyw+1AGKy7TTlkK1alhx2qo
6YNAF2GYkdauxSZHWsZGI6VbimwOtIZsxv6GrCuM4rKilPY1bjkBPWmI0A2etO69aqrIc8VMr8UA
OdB2poJWpAc9aQrmmALNjqasxz8dapslNBK0gNRZs07fmqEcmKnEmaALO6nB6rB/enB+etMC4G4q
RW4qmHqZG460AWAc08VCrZqRTQAppCoxT+tLgUAQFaYVqcrSbaAKrJUbJVtlqMp7UAVClMZKtlKj
ZaAKuykKVYKUwrQBXKU0rU5SmsuKAISvFMK1ORgUwjGM96NASIsUm05qcRse3FQXVxZ2Kl7mZVHo
TTScnZA2kIRzgc0siJChkmZQg55OK4/WPiRY2YaCxKSSD0rz/VPEeq6s7CSWSONjnCtjiuungpz3
0MZV0j0XWPH1hpqslsRJL0xjOK881XxXq+suwMvlxdsDFZIiA+8dx/vHrSkcYzke1elTw1OC1Rzz
qtkax/NuYkt3OetSYGQR1FIKOlbmYHrmkpTSUAFGKKKAEpRS0UAJS0lLQAUtIKUUALRRRigB1AoF
KBQAopaKKBB3p2KTjNLQAUoFJilFNABp8P8Arl+tMNPh/wBcv1qKv8OXoyofEj1Lwh/qRXqVh/q1
+leW+EP9SK9SsP8AVr9K+de56J//1PfqxvEf/IEvP+uTfyrZrG8Rf8gW8/65N/KlLY0pfGvkfLsn
+um/66N/M00Urn97N/10b+ZpBXmvdn6HH4UOFOFMFOFBaHUUlKKYDgc0Ug4pRQAUDrS0UALSGjNF
CAKAaKPwpCfcXrTSy9FBJ9qR2EYyxABq3oniPTNKuTNd6Wl2yHK7mIFdVHCVKvwo4MXmFLDxd3d+
R0nhrwDqOtSpPcZt7Xrg/wAQr1zSdEsdDtxHZwrnHLEc15lH8b44oxFFo0SoOgEp/wAKcfjgP+gR
F/3+b/Cu+GAqR6HyOKzOdaWj0PWxz0OfWjHtXkn/AAvAf9AiL/v6f8KX/heA/wCgTF/3+P8AhWn1
Squhw+0S2PWtppCDivJf+F3j/oExf9/j/hR/wu8f9AmL/v8AH/Cj6pU7C509z1nn0pecdK8l/wCF
4L/0CIv+/wA3+FH/AAvAZ/5BEX/f5v8ACl9Uq9g50esEe1NI9q8oPxvH/QIi/wC/zf4UjfG8Y40m
L/v8f8Kf1Sp2DnR6uR7VGw9q8q/4XeMf8gmL/v8AH/Cmn43D/oERf9/m/wAKPqlQOdHqbIfSoZIz
6V5efjeP+gRF/wB/m/wqNvjcD/zCIv8Av83+FP6nUDnR6XJGc9KqyREnpXnR+Nasf+QRF/3+b/Co
n+Myn/mExf8Af5v8KTwlQfMjvJ4RnpVKSDrgVxL/ABhDf8wqL/v8f8KryfFwEf8AILjH0lJ/pUPC
1EO52pQr2pASB0rg2+Kgb/mGp/38P+FQt8Uv+ocn/fw/4VDoSQ7npUUp4q9HLXk4+KZHTTk/7+H/
AAqVPizt/wCYcn/fw/4UlSkK569HIanR68jT4wY/5hkX/f0/4VKvxkx00uI/9tj/AIVp9XmFz10O
cVIrk15GvxnGOdKi/wC/x/wp6/GnH/MKi/7/AB/wprDTDmPW8Z7UxkOeleWD41j/AKBMX/f4/wCF
Tx/GQP8A8wqL/v8AH/Cn9UqC5kel8jtTlY155D8Vo5Tg6ag/7aH/AArSt/H8U5/48EH0c1DoTQcy
O1DGnBuawLbxLFcAfuAuf9o1pxXqSjhMGs3FodzRD8VKr8VUWQEVKrelSMuI9So2TVJHqZHOetAF
xT708Gq6vUqk0AS4o20LTuaB2I2WmFKnxmk20CKzJUbJVormmMlAFQpTGSrTLik8hmOFUmj1Aplc
U0qfXr2qzcG1tI2kuZwgA6cVymreP9J01CsISdxwDu5rSNOctkTKcUdB9nIOXIUepNZt9rmkaYHN
xOGK9ADXmWr/ABB1XUGZYMQxnpxmuVmee8dpbmVnJ967qWXNq8zCWIWyO91r4nhlaCwhPXAbFcPf
6pqOpvmeVtvXANV1RVHAoI5716FPD04bHO6kmRCNc9Pm9TS806k5rVti33GnNHNLzS1Nr7hoNxSE
UtFOwCYpMU6kosAmKMU6kNACUUtJQAUUUtACUoooFADhQaKKAHClFJTgOKEAUUd6UCmITHNOpcUU
CF7UlLRQAlPh/wBav1php8P+uX61nV/hy9GXD4kepeEP9SK9SsP9Wv0ry3wh/qRXqVh/q1+lfOvc
9E//1ffqxvEX/IFvP+uTfyrZ7VjeI/8AkC3n/XJv5UpfCaUvjXyPltz+9m/66N/M0gof/Wzf9dG/
maBXm9T9Dj8KHUoptOzQWh1HSkBopgLS0Cg9aAFzRmkooAWlB7UlBIVcsQFqlGU5WQpzjGPNIeOe
lQT3SRDAPzVUuL4MCkXA9apZ3HLEmvYwmWc3vTPm8xzuMI8tHclmnadvnyB6VHkdqQYpa9+FKNNW
ij5KrWnVfNJi9KOtHaitbeZlZCijNJS0WQCGiiilp2C7FzSZ57UdqO1GnYLsQnNJR3paNAuxhzmj
rTiKb0odh3Y00wrUpHem4qdBpkO2mkYqYrzTWWiyLUiEgUwj2qbbTStZSimVcgP40wj3NTFaYVrC
dNFJkR9iaAcdc07FIRXO42egxQfelzjvTRSmnGWoDwadmogaeGrZTESq2O1WoW6VSVqsxSgcVqpC
Zs27dOTXSadtyvGfrXLWki8c102n8lc81lUs0COw03qMbQK6a0OAOc1y+nZAHy10tqflHFebVWpa
NePkCplJFV4zwOKnBNcz3KJlapVaqwJqQNSAtBuRUyPVNW5FTKxzQBdV+al3VVQO3RfxqcKVGWkR
fqaH5BoSj8Pzpw5qpLqen2ilp7uEEe4rEv8A4g6JYqdsxdx/dXIrSNKrLZXJdSC3OmEe/jpTSYYF
LTSoAPVhXlepfFO4n3LYRMB2JTFcjfa/qupMxmnZFPYGuylgKk99DGWJS+E9j1Txho+lAlpUdh6G
uF1r4oXEhZbAbQehFcD5Cud0jFz6saXYAMALXdTy+nD4tTmliJSJb3WdW1Ribi9l2nquazxbIDls
sfU85q2Qe1MIrrUYwXuoybZCV47Uwg/hUxWmlaPUZDimkc1LtphXmkMjIpMVIVppFAxhFFOIpMUr
ANopcUYoASkp2KbQMKSloxSAbQaXFBFADaWjFGKACijFOAoAKUUHrS0CF4pR0ptOHSmAtKKBTsUA
JSikpRQIKKKKACnxf61frUZNPhP75frWdX+HL0ZcPiR6l4Q/1Ir1Kw/1a/SvLfCH+pFepWH+rX6V
869z0T//1vfqxvEf/IFvf+uLfyrZrG8Rj/iSXv8A1xb+VKXwmlL418j5ZkP76b/ro38zS02T/XTf
9dG/maM15vU/Q4/Ch2aUU0U4UXKHUZpuaUGgdx4ozSUmaY1qx2TjOM0Zz04NNzgcnAqlcX3JSP8A
Oumhhp1XojjxeOpYdblyW4jiXlvm9KzZrl5jzwvpUDMX5bk0ma+iwmXxpr3j43H5xUr6J2Q7NHSm
0V6KSWx4r3uOo70gpc80xDwaTNN5oGakB4PNHemjg0uapAO4pOKSjNO4DqO1Npe1IBKUUlKKAAim
4pxFJg0AIelNNPIppBoKGkcVGc4qXtzTSOKBpkTDjimmpscVGy1JSZGRUZFTYphU1nKJaZDimkVK
VNNIrCUBkeKSnGkrCUbAJS0lLmhMY5TUgqIU9TWsZCZZjeRDwc1rWesXNsR8oI+tYqEZqymD7mtF
Z7kNvod1pXjSOMgTR12OneNdLYASZFePJgjpip1QEdWH41EsLGZPtGj3mHxVo7gYmA+pq4viDSyM
/aF/OvAAGXG12/OlzOf+W7isv7OT6h9YZ78fEOlrybhcfWmnxbosfWYH6GvBP32MGZz+NJsbvI/5
0v7Oj1YfWGe4zePtFi+6cke9Ztz8UrKH/UwsTXkIiGQSWP408KoPf860jgaK3IdaR6LdfFq7Ybbe
3wPUmsW68c67eZKsqKevzVy49cD8alRh1xzW8cNTWyRm5yfUuy31/dsWnuHOfQ01EHUux9mqBX/y
KlR884/M10pKK0MndlgBQMAUtRq3NPyDRcBaU80maWhabCGkUw5qU00ilYCLFMIqYimkUPXcLkJF
RkVORTCtTYoiOaaRUpFNYUwIyOKTFPxSUAMxSU8im4pFCc0mBTqbSAMUhpaQg0AIaSnEUmKAEpaM
UUAGKBRQBSAWlFJS9KAFxTh0pAOKUdKYCilzSCloAWiiikIKKKKYCGnw/wCuX60ynwn98v1rOr/D
l6MuHxI9S8If6kV6lYf6tfpXlvhD/UivUrD/AFa/SvnXueif/9f37tWP4j/5Al7/ANcm/lWwaxvE
X/IEvf8Ari38qUtjSl8a+R8sSH99N/10b+ZpBSSH99L/ANdG/maUV5bep+hw+FC0oNNNGaNSh9KD
TS3HPWjcAMngVW7stRSairseKjmnjhX5myaq3OoLGMIMmsx5GlOWJNerhcvc/ekeDj84hTXJT3LU
1205wuVFQfjyKZntS5GeK+hp0Y01aJ8fWxNStK8mSBqOtMyKM1rc53ruSDGaXPNR5pwNGgDs0ZpM
80uRTAXNLmmk0Z4oAdmgGm5op3AfmimilJ4ouIcDSmmA07NAC9qBSUZoAcTSDrSUUDFNNNLRQA09
KQDinUhouFxuKYRUuKaRSKTIiuKYRUxFNKj0oLTICKaRUpFMIqZIq5EVppFSkU0isJRKTIiKSnkU
hFYuIxuaeppmKcKjYCVDzVqM81VXrViPrWsGQy5GatIflqpH1q0lbxZjJsnHIp1MXpTs1ZmLmlFN
FLTQDh1pe9NB5pc07iHdqcDUeacDxRdiJVapUaqwNSK1NMVi0G5qRWqsG5qVWFMRODmnA1EGp4am
SPpMUA0tCAaRxTSKkNNIpgRlaaRUuKYwqR3Isc01hUpFRkUBcYV4ppU1JzTTSAiINIBTzmm80iri
EUmKU0UAmIaSlNJSGIaSlNNoAWikooAWigUtIAFKaSloAcOgpcUgpR0pgLRQKWgQUUUUgCiikpgB
p0P+uX602nQ/65frWdX+HL0ZcPiR6n4Q/wBSK9SsP9Wv0ry3wh/qRXqVh/q1+lfOvc9E/9D341je
I/8AkC3v/XBv5VsmsbxH/wAgS9/64N/KlL4TSl8a+R8qyf66T/ro38zQDSSf66T/AK6N/M0ma8xp
an6DB2ikOzk0vOeKaM4POBVS51BIOEOWq6NKpU2MK+Jp0PiLkkyQqWc8+lZNxqDy5C8LVWSZ7htz
tx6UzI7CvocJgI043Z8pj84qVHy09iVW9eTRuNRg04GvUVrHhtNtu+4/PNL3pmaXNN6kWsPzS80w
NS5ouFh3NLmmZpc0XEPB4pwPFR54pQ3FUmBIDS9qjDUu6ncQ8cUuaaDQTQIdRSA8UZpgKKdmmA0u
aYDgaXNMBpc0APzRTc0A0AOozSZooGFBoNJmgBT0ptLmigBpFNNPPSmkUikyM0wipTTTigq5CRTD
UxWo2Ws2ikxmM0win4INB5rOUSrkeKcBRjFOxWUohcVRzVmOqy9aspREllqOrSGqydKsJW8TKRMD
S5pop1WZiinU0GloAXNFJS0xC0opKKYhwzTgcGmijPNAyUNzUitUANSK1O5LRYDVIGquGqRWpisW
Fan5FQK1PDU0JolpDSA5paYgpjVJim4pAR4ppFSHApCOKQEJFMNTFaYVoGRGm4qXbTcYNIZEetJU
jY3U0ikNDDSYpxpKAEpMUtFIYmKKWkoAKKKKAClxSd6dSAXFKOlAoHSmAopaQdKWgQYopaQ0AFJi
looASnQj98v1ptPh/wBav1rOr/Dl6MuHxI9S8If6kV6lYf6tfpXlvhD/AFIr1Kw/1a/SvnXueif/
0ffqxfEZxol5/wBcW/lW0KxfEgzol5/1xb+VKW1i6P8AEi2fKchP2iXjjzG/maY0ixAs5x7VDeXq
QzSL1PmN0+prHmuXnb5jxWeHwUpybZ9Ris0p0YKMHqW7rUXkysXA9qojOck5JpowDx0pehr3aNFU
1ax8tiMZUry98fS5pmaM10XOQfmlBpmaM0XCxLupd3FRAml3VaYWJAaXNRhqUHNFxWH5pQaZmlBo
uDQ8GnZqOlBp3FYfmlBqPNLmmTYkzTgaizSincLEuaXNRbqcKpMVh1Lmm5oBp3FYfRmm5paLhYdm
gGm0UXCw/NKDTM0E5p3AeaOKb2ozRcBc0ZpKSlcB2aQ0lFAxKaRTjxTetA0xrA0mOKceaQ1LKTIm
FMINS0hGelSykyHFLzTttGKhoq4qCrEY5qFRip4+tTYUnoWY+tWUqvHVlKpIxkPFLSClqyBaUUlG
aYC0tNzTs0AFOFNFLTEOzSjrTKUHFAD+9LnBpgPNLTAlVjUgY1AGxT1amSyyrcU8MagD08NTRLRY
VqkBqurVIrUxWJKKQNS0AIQPSmmnmmkZoAaRxUZFS4xTSM0gISKaRUxWmEUrDIitNxipSKY656UM
BhFNxT8UhFIYw0lOIpMUFCUlLSYpMAooopALSjrSUCgB9A6UmaUdKYCjpS0gpaBC0UUUAFIaXFIa
AEp8P+tX60ynw/65frWdb+HL0ZcPiR6n4R/1Ir1Gw/1a/SvLvCP+pFeo2H+rX6V84z0T/9L33vWL
4o48P3//AFwf+VbdYfin/kXtQ/64N/KqiryBnxlOWN3OSc/vW/majp8//HzP/wBdW/majr2IJKKs
ZSfM7scBQaQfWiruLfcXNGaBQaBCg0tNozTv3AdmlzTM07tT5kAuaUHimUoNO6EPzQGpuaWndAPB
pc1FmlBp8yES5ozTAaXNVzIVh+6nA8VHS5ouhWH5pQ1MBpc8UKSCxJmlB4qMGlzVXQiTNKGqMGlz
RdASZozTAaXNO6EOzQDTc0oNF0Kw7NGaaTRmnddwsPzSE03NLmi67hYXNGaSkNF0ApNIKDRRdDA0
winCkpOwDBS44oNBqdCrjcUuKKBSdhiqOanQVGoqVBS0EyzGOKmSok6VMop3RnJjxTqaKWndEi0h
paKLoBB1p2RSUnendAPzQDSUoougFoozQKd0IB1p2aSindAOzxTgajp1F0BKrVIrVADTw1NNCsWF
apFaq4anhqd0IsBqk3cVXDVIDRdEkmaKaDThRdCENJind6Q0XQDCKYRUhFIVp3QyIimkVIRTCKlt
AiM001IwphFK6GMNJTiKbii6GNNFKRQRSuhiGkooo07gLRSClpXQDhSjpSCnDpRdAAp1NFLTugFo
zRRRdAGaQ0tIaLoA7U6H/XL9aZT4f9cv1rKs17OXoyofEj1Pwj/qRXqNh/q1+leW+EP9SK9SsP8A
Vr9K+dPRP//T9+rF8ULnw9fjPWFsce1bVVrtBLEUYZB6jHGKcXZjPiG4gmF1PmGX/Wt/yzPqfaod
j90cfVDX1hq/hfT5GYrZQgNzkIK4288GwMzbbdB/wGuyOKsrGbieAhW/ut/3yaXa391/++TXt3/C
ERf881/Kj/hCYv8AnmPyp/W0HIeI7W/ut/3yaMN/cf8A75Ne3f8ACExf88x+VH/CExf88x+VV9cQ
ch4jhv7j/wDfJow39x/++TXt3/CExf8APMflR/whMX/PMflR9dS6C5DxLDf3H/75NLg4+4//AHya
9r/4QiL/AJ5j8qP+EIj/AOeY/Kj675ByHieG/uP/AN8mjDf3X/75Ne2/8IRF/wA8x+VJ/wAIRF/z
zH5UfXvIOQ8Uw391/wDvk0uD/df/AL5Ne1f8IRH/AM8x+VL/AMIRH/zzH5U/r3kHIeKYP91/++TR
hs/db/vk17X/AMIRH/zzH5Uf8IRH/wA8x+VH17yDkPFcN/db/vk0oz/df/vk17T/AMITH/zzH5Un
/CEx/wDPMflT+v8AkHszxgZz91v++TS4P91v++TXs3/CEx/88x+VL/whKf8APMflTWPXYPZnjIz/
AHW/75NO5/ut/wB8mvZf+EJj/wCeY/Kj/hCo+0Y/Kj+0F2D2Z41z/db/AL5NGD6N/wB8mvZP+EKT
/nmPyo/4QmP+4Pyp/wBorsL2Z46M+jf98ml59G/75New/wDCEx/3B+VL/wAIVH/zzH5Uf2iuwnSP
HsH0b/vk0vPo35GvX/8AhCo/+ef6Uf8ACFR/88/0p/2iuwexZ5Bz6N+RpcH0b8jXr3/CFR/88/0o
/wCELj/55/pR/aK7C9ieQ8+jfkaMH+635GvXv+ELj/ufpR/whUf9z9KP7RXYPYnkXP8Adb8jS8n+
Fvyr1z/hCo/7n6Uf8IVH/cH5Uf2iuwexPIsN/dP5UEH+6fyr13/hCo/+eYo/4QqP/nktH9orsHsT
yIhj/Cfyo2t/dP5V67/whUf/ADyWj/hCo/8AnmKP7RXYPYnkO1vQ/lRtb0P5V69/whUf/PJaP+EK
j/55gfQUf2iuwexPIdp/ut+RpNp9D+Vev/8ACFR/3P0pf+EJj/55LR/aK7D9izx/Y390/lQEf+6f
yr1//hCY/wDnktH/AAhSf88lpf2guweyZ5IiN/dP5VOiN2U/lXqv/CFR/wDPNaX/AIQtB/yzFH9o
LsHsmeZIjY+6amVG/umvSP8AhDR/cFH/AAh3+yKP7QXYn2J5yEb0NLsb0Nei/wDCH+wo/wCEO9hR
/aK7B7A862t6GjafQ16L/wAId7Uf8Id7Uf2iuwewPOtp9DRtPoa9F/4Q72o/4Q4elL+0V2D2B51t
b0NAB9DXov8Awhw9KP8AhDfaq/tFdg9ged7W9KXY3pXof/CG+1H/AAh3tR/aK7CdA89CtnpS7W9D
XoP/AAh3sKP+EPPoKX9o+QewPPxG/wDdNO2P/dNd/wD8IgfSg+ED6U/7R8g9gcB5b/3TTgj/AN2u
8/4RA0f8If8AWj+0V2F9XucMEbHSnKreldx/wiFH/CIketP+0fIPqzOKVWz0qYA+ldf/AMIg3Xmg
+EWx3p/2muwvqzOSAPpUgBx0rqR4Sf3pf+ESf1NH9prsDwzOWCnPSlKk9q6j/hEn9TR/wiT/AN40
f2muwvqzOW20hGO1dV/wiT+9H/CJP70f2muwfVmckUJpm0+ldh/wiT+9H/CJN70f2kuwfVmccUJ7
UwofSu0/4RJvek/4RFvel/aS7D+rM4kxt6Uwo3pXdf8ACIt70n/CIHvmj+0l2H9WZwuxvSk2N/dN
d3/wiB96T/hDz70nmS7B9WZwhR/7ppPLf+7Xe/8ACIH0o/4RA+lL+0V2D6szgQj/AN2nbG9K7z/h
ED6Uf8IefQ0/7RXYPq7OE2N6Uu1vSu5/4Q8+9H/CHn3o/tBdg+rM4cKw7UYPpXcf8Ih7Gj/hEP8A
ZNH9orsH1ZnEYPpRg+ldx/wiH+yaP+EQ/wBk0f2iuwfVmcPg+lBU+ldx/wAIh/smj/hEP9k0f2gu
wvqzOG2n0qa1iZ7qNcdTXZ/8Iga0bHwoEdW2cjvUTx6lFxtuVHDtNM0vCtsUiXPevS7EYjX6VzWj
6X5KqCOldVbptUCvNOk//9T3+kYAiloPSgCpLbBhVR9Mjb+GtNulNNAGT/ZEf9yj+yI/7la5pKAM
n+yI/wC5R/ZEf9ytaigDJ/siP+5R/ZEf9ytaigDJ/siP+5R/ZEf9ytaigDJ/siP+5R/ZEf8AcrWo
oAyf7Ij/ALlH9kp/drWooAyf7JT+7R/ZMf8AdrWooAyf7Ij/ALlH9kR/3K1qKAMn+yI/7lH9kR/3
K1qKAMn+yI/7lH9kR/3a1qKAMn+yU/u0f2RH/crWooAyf7Ij/uUf2RH/AHK1qKAMn+yY/wC7R/ZM
f92taigDJ/siP+5R/ZEf9ytaigDJ/siP+5R/ZEf9ytaigDJ/siP+5R/ZEf8AcrWooAyf7Ij/ALn6
Uf2RH/crWooAyf7Ij/uUf2RH/c/StaigDJ/siP8AuUf2RH/crWooAyf7Ij/uUf2RH/crWooAyf7I
j/uUf2RH/crWooAyf7Ij/uUf2RH/AHK1qKAMn+yI/wC5R/ZEf9ytaigDJ/siP+5R/ZEf9ytaigDJ
/siP+5R/ZEf9ytaigDJ/siP+5R/ZEf8AcrWooAyf7Ij/ALlH9kR/3K1qKAMn+yI/7lH9kR/3K1qK
AMn+yI/7lH9kR/3K1qKAMn+yI/7tH9kR/wB2taigDJ/siP8AuUf2RH/crWooAyf7Ij/ufpR/ZEf9
z9K1qKAMn+yI/wC5R/ZEf9ytaigDJ/siP+5R/ZEf92taigDJ/siP+7R/ZEf9z9K1qKAMn+yI/wC5
R/ZEf9ytaigDJ/siP+5R/ZEf92taigDJ/siP+5R/ZEf9ytaigDJ/shP7tH9kR/3a1qKAMn+yI/7l
H9kR/wBytaigDJ/siP8AuUf2RH/crWooAyf7Ij/uUf2RH/crWooAyf7Ij/uUf2RH/drWooAyf7Ij
/u0f2RH/AHK1qKAMn+yY/wC7R/ZCf3a1qKAMn+yE/u0f2RH/AHa1qKAMn+yY/wC5+lSx6YikELWj
SigCCK2EdWVGBSU4UAf/2QplbmRzdHJlYW0KZW5kb2JqCjE3IDAgb2JqCiAgIDQwNTIzCmVuZG9i
agoxOSAwIG9iago8PCAvTGVuZ3RoIDIwIDAgUgogICAvRmlsdGVyIC9GbGF0ZURlY29kZQogICAv
TGVuZ3RoMSA5NTgwCj4+CnN0cmVhbQp4nO15e3gUVbbv3rVq96Oqq7u6O51OOun0Kwl5EBI6hEBA
UiogCvLMMIkSCQ8jJmISIxkaDAkyGsNDBDEExAgxwyOi5CAilwwEznAAz9HhcIQ7x9GZ8Yxx5n7X
mKNzOZ4Rk8pZVZ1EfM1371/3u993a39Vu/be9VjP31qrilBCiEAaCRD/itXLqj+U27YREn+ZEO6+
FXWP+5/+9PB2QhKTCaEd5dUPrf7zM19cIMSL62TLQ49EyovOn03C86N4T+KqB5ettIl3HSYkqQjn
Jq7CCdur5l4cb8Vx8qrVj68922EuxXEXjrc+UrViGaHHnyPENxXHz61etraaP8Cvw/E7OPZXP/Zg
9c7FOwpw3EcIayAcKVdb+HLWgdQaiUex8FeI4Qo1sdUcT7IvXOsbT+Rrfdf6cpz2gD0lYA+U82Sg
FhIGPlFbjNa//uUxQzo+o4wQw152nZiIi0xS4i3GOmutQOrMRuqyET7FIZnTSEgMxso3+nrD1/rs
k3EbT7L7wjf6wjknjrl73BwtTckNO+wyl0lpXq49lBfwE7tMAtz+Lf/z/X/9dMvguZ4eTqU7aaf6
E7UqQsfSu+gMmnmzI8J/HFEb1d3qC2oDilSjhXUhLW7yU2WctEt0Pe8U62y77MbnzTuhzv4sq3Xu
pHVEtjis6SaHIcYRy5M0hxDignFIXlij71ofnmj0Yd830Cf39st4yDkxP74qHgnNjdKn74Hhc60v
6+lh0zYPbqVNzc1qhGtq1knb/xs1cHZw4Oxgx2/U/UifG+n7A9JnI1VKgplREXYaayWkiHcYBIfJ
mmYJkTQDJ8vXLvQO9F7rk/uRkv7wjf4wii2Hzu6yFM3ushbdP7tLLrq/+AyRh87hU2VsyiR7/qQS
xa3Yl9rL7Nv57Wy7Ybux0dRobhQaRbFUozHgCtmjlOe6aO1F9aFmdrlJXXkpwr/XR9eoW/q+zoqg
oRBu6HPU6RydTgfZqixw+GQHz3i7j/Ei7iYzJ/gY4+UkDjhHkt0BwNmsnJQEnEWbynCAWCdLZga0
DmqNBDVrlSyiYGI8cJLTQJzytXfsbs0Kpvb2uVHojsk5sxcVG2X2mZF95g4bZdNn+kDWR/qsNlcS
DOXlUmwuZAcCkOvCg7yOC/87l/vs4Iyd6wev1B/n6ZU/RdgSNI4IHa9eiXAhbsqIbdQiTxK5TfGI
ZiPUsVqzZg2GNJPgsKAhmNAOrMNmKvdqku//sj8sX8hRzDlCjphjyZH4UQvQZBnVO5Bz3JwmTd+R
r7P61C34rqahj9kc9jlJp0alMBTkkgM+i5jk47x+n2gRM0SLP8DH0la2gYyJbfVscDnWj6nO8IuW
gNfkdrg4BzE5XeOTvU5iy8mQb1zou9aLpiD32x1R55F7b1xA07yo9qEUo5KzfoanRv1YEjxO0JFK
lWcMSQafMZgmpIlpljQpzZrmS/OnBdKCaaECoUAssBRIBdYCX4G/IFAQLAgVC8VisaVYKrYW+4r9
xYHiYHGoUqgUKy2VUqW10lfprwxUBitDnUKn2GnplDqtnb5Of2egM9gZOiOcEc9YzkhnrGd8Z/xn
AmeCZ0KFOZnzM/dndmXypaQ0356bRHPDE/MmpGbTcTRvQnIgzLvtoXE0FDS4YmJ9NIm6YvhAMLmt
wfuvPS+2P3r0ow+O0zFU2EQTWhu8F97ctXvVP330z93qZfXqTvWjWXT54YN1j923MjN/0qVTv//P
sWPVk3u3P1ReumxC/oQPz//x0zAZxqbjqPMEkkx2KbNEwQwWkw94MPp4HjJMPEkEPrFO3B1y1rlq
7RJfZzMY/TyDeBOJBb8Y8oLVYmDx6Jj+5PgYOS3REnIEU0awQu6Vz52zO9yTUeqOyXZsmkn3h8No
Nmq/Y7LWRg0b92Hl2FA5J0SjzcaVItduJ5ozjKOZ1K7btQ5/vCvGkBIVVyblC0vWZf12j+rqn7Fs
8W3nBgnaXBHlacLbgy2btu7evXUT97605KdqWYT+auu9g7+LaLZ49dy+NwOt27a1oO0P3UA5LEQ5
WMlmZbJVirqpmCSI6Lkimib/jVNniGDRPddIamHUa802YrCNeu2Nqei19lHWRhzWNOywyKPJrBmg
B0QqmgSzQXRKTqssh6SQ1S8r8nxZRJOgrhDFprmSGTvDwvrBd/sH393G/XIHfZ62oN4iNzvYkkhk
IAS/04CJksXoV1+iX3lIoRJPnnNvAGm7fYPFvB6qE6wOi4fEpBikBFTPtXf06BX1E7UvR5FyEqsS
13Dr49d7Xk400FJq4IeDzKgZcnbZgSLPZ19OUX+tqurT6t30LbruKeo/0DDm10d+e+3ahy+cyaSd
f/6IHqAP0nJ6QLld3fHLbrVHfQPbuYOHyTDOQBnKWiSTlZgoyiDICIgyIcQYLmiRb/SGB3rDozFQ
sdmkHEmR5ktlUrXUKBlvxZhcVxRhzkXxxavJgdPkYNiPchAxomQrDrLBYtjgWG+pjoMUlznFJmnR
bFgACByIX1XxDfE98VfiEb9S9EgbZdcdFYF+hPU9p0/3nO3uPqs2qUX0NbqWRuhRddESegedTefQ
O9Ru9S31lNodoftoBbaX1JUYd1vUlUTn+z60MRX5dpINSpbNZzQaDD5ZtmXIRmoxQZ3Aau20zkrM
aUZHmiziUUJxyA4uGDMMub3oTr1RB/pScyIt5N3iPGhVRiMlpUqi4prvWmWodjUZGl0vu4xGY6wx
1ZhvzJdXyYbSUeHREZTW/Oq+nh76Hjx1lhN61JsDq89q0vz6D3A4gibG5w/cEYnyMBNjRDs/nXhJ
RBnriTFKbgrtzH1AaEtwWIG2s0Mysd/jTJxlsOU5ZWkmT/I8Bpm7PSmKCDdu4aHfjRAwAtk5J4nP
R3wU0PBmdwlFGLqTiIIvTCJJQ+f00H0y27fd1+WDUd1PQ7iMdQ1jwoRUDSZxMHP3bvqV0lH/xlut
g09tnPGTypVPRiAv0rK06L13B69HIlxe08MvvaqGonZShP7CIz+anWQpTtJsMTQ72jQ7meaaYp5m
C2uGckM3lAHNUE7K8Up8WTxoVjLRLqdGsflWK+GOVt9/X03NkiU16p/V87SQxlMPnaaeLzpHkZ2e
86r69zUIZQZqpOnqb9Sv1Jvq9VHZmmYhLTnkCaXQ73FKvCGTgGwc057ulQ+Mg7aUQFyMyIzt6YdC
sWYS7xRmWdxz4015FtngmhsvO4OzMvxyWnJe6u3jdReaiglS77DZoJg1qUfFjsajCd49GYOjIpFw
dlgJl4Wrw9vDmuP/sFy/NxhVAf/BPUdr33qzdbCp4bZFD6xqGNzfMG3hUuyf0VQxbf+jT7ZDpGLZ
laua+OmXl1bteHrwL7eeaeopXbxC00c26mOmIYbEkAC5S0kOuJg9LqnDFNdhpe3QSNqt1aY2R8I0
caqTy3PZeZlMCmqWpZuWhhe9WkaqWZVuVMcLQ4iy+XpGp5Gq6ScUTB2D9NOY2Gj00Di61EpvZrVW
f0yZ+vXH1a1ZqoHeXFqxuqRkdcXSCAutHdy6aIF6Xf0a27UFi5oitPz0wa5PPjl28LSmN0ye+Dmo
tzjyEyWFxNpNZidltnY7OxDbJpnb7YdEYYKJyyXynQ6TbMmz3h6P2kFvGM2hdD+QL2jx0aEpxOfJ
9hR65nmWeho8mkJGkoDvCX5OjWH+nMefPj84c3c7x0949QlfCZ+r/uoni955U12iy/VMVaV52M75
00ijkSSSB5WgAYggk3aT/LLUHGM6CM2etphqr2wn00yTzYZCd9irSVWLElHLxxDRK2O81ukLliU1
JL2cdCWJ7yE9hh5jj6nH3CNcIVcMV4xXTFfMVwQLggzVReulLODSRZ2fa+BDI34CeXMfuH8e98Fg
yhOba5+NOZg5RP6k9qnvY+IjURP1cMX/cuTgrxw/M/36rXWPv9mJUdCK02nq2yM+uwptxII2MkdJ
ocTuFfgOj9ARk9Tub5TaY6o9bTZfnhezfmueNNU4zR3WjORG78DUqb3fN5KThaGG0LGQhjzD5qDT
yzRhW1HuGskobLcmd6gqe/jRkvtWP1xGl+9WjVl7qv+oDlL4Y/WeLDQh+oeHTx889sknXQePRpoW
LcAqjKGfZyxYRAfWRnMtdhXxXybx5B4laK+zxGnBz4rBz2JwxTlskivbbMuwSyGzHgc9mhNfQC+O
gqRdrwr7tdTpvyMQzU+oTmhMgFE0D2NGxIe0ygVG0iItMC78iqaq7/9V7f/ii+onX9y7qVoD9s8u
Xf531RbhPn5tx3OvjuIg0XE9DeuZ8UmpxCfHWlkq9bVbUw+YYl92NscltNF2U7UV/NYQH5vr5vKS
bOiAIdkthtP1HFzzwyitSOjF3n71omY1+ozdoed/OcpYX0ZBTKGrMLbQXRhXGD/ZMy+jIUPIdGXH
ZrsbLA1Sg7XB1uBr8DcEGoKiZkb2ET2k5k2YOGVYRcZQHnqAn6d5o/riV7WqhplHH33l2NeDp9c1
VtTG1Sx9p4Z6qVlte2pFxb3zFq7ktg32RZqK5h975Y3jhRvX/3TFJ8HgtcHfX3/kwQdXPhLF4GL0
kyyUQzq1K3diHmizLAj4zQJnEhf4A/6RuuQ1FvuahzWTo2M8za6jjja9NgmYLF7OnetCTzfNcyV7
5xFbOFqbXBipTezDxckAVit/6tdh+QfLE0USzaIgilgKSaLVgCG9sSHz5cyeTEg3pwvp4ljLWCnd
OjE0I1RiLhFKxBJLiVRiLfGV+EsCJcGSUIW5QqgQKywVUoW1wlfhrwhUBCtCm82bhc3iZstmabN1
s39zYHNwc2iPeY+wR9xj2SPtse7x7wnsCe4JHTEfEY6IRyxHpCPWI/4jgSPBI6GppfT7FcrEqFt8
r0JJLauxtmx8pPbuh3f+YtfnNx+4vrHG3Nz4SJWyaMfV/eqQ+sWK3/to+s/qZ89UZnpS0vc8+doR
X0C9sfrRGXdMnOZKydu35cSrSXqdTbLVxWwm6sNCQqRGyRzxdandFkRnR5dvsx3yv+CpTvZNIOjo
UwNW3e+lScmjYUEDWblX/1Shhb0Rtx9JM5L1NCOZJA+nGYpZTilMaUg5lsJjAn5LlEgZwd2RKBKF
Yy59JFKobd8JIx2Dy1u5WQ8PxwodE76JIuqsyHBONX7oYzjMajADeUDxugXZRNp5TkfmagN3KE42
2qmZyUAmYS4ytS/8zrULGiojPA/0yhdGP3yIRRpD2jePOJ2jOBI3kjjNi1+K2S2UOkPaNw57wBWw
D0Ny1K/+ae9eupyOUd8fW6BM414wv3Tug33weoTeo56MDK7ZMn3xffs3Nr+l6wNzFO43iL0icZEp
Shx0mh3tMYdkS7uVzDZImIk4bXn222OjGfw1PSSHB/o+xPpC9Lmz3WXu7e4uN6OlTt14sIbD99PR
sPbL6gXzqqrmLaimm1oHq7TsgRUtqKrCyUe/XqPHs+E8SafBTMYrDkO7qZEn7RzNI7IR8tjtQvTd
w2/W3itmi2XidrFLZNpntJF3cYXDr4hEtBA//P3jecRnF5mnpEu7xJ3f/i5262exDIcQMuggHfsN
SN/oDw8DdL+KVqf25pywuX3uH/kmptctLLd5sJWub25Wn/r029/DdkXrOS1ub0L795Cw4ibuZpDs
zRZzm1bN5WrV3DRD+NZqbuDCwAVZvZBz3JaIiQ8GzeGI+y0/1TTPb0r99B/VXvUynUAdVX9cUy1v
eGxX/brNlRutdM7JN2gqFbWAm5Ghvt+06fJ/fnGlca1OT6GW/6PsvWRtNP+nmPtjBdAYTf+Ftm+n
/3r2z9+p5/9ayvOd/H/gmyD8f5z+238s/W/jyHfSfy2Dq/+h/J8OfYC52/v8GKz765UCwcyZfi5Z
JePPDUYrdnNMRiSBZxwY5lBKMozEYmIal3CIWCWzyWjgKTHbRO6bwn/g24W/hunfrfzTmFb5S2P5
TDabn83u5+9nhtLAN2U+dpS+rTat4ZZvxGzIsoVuX682oT9GBsu4/VjsL9TitTqZrUK78JGx5HFl
3Fi/nBiy0fQOJ2n3mizNRj7UEd/mPcQfdlZnmXONSXn+RJtMpqZOM8aGs7SgdCMarEeh8aJ6QcNG
Pc1AfSiJJiFOSBMKx/HERMw8opJsjhH8Jr85WTDrcVlH+jF50ZhwG701VUIe6C2pVB5/VT2v/q7i
t7U1ti0bO5puTZvoV6pxJKeC1wfKPvqPQEB9uPylS5FbE6imiLp3OLU6Hc1XMC5o/MdiXFikZITc
RqfH3yGQ9hiGhYKnQ26LOQQvCNXJ/AS30yC7uDwy1TtNCifriWA4mgn+QFQ4UYXQz42kHbn2v83V
7sEVHT/OzNcBLHJO/Q020Li0emcL2l88eVgJxcpMtDgPmNwanB4yVSMncbNieRmJnynl2WRxkkf7
EqAlstE8Fq0tPFrrkAQ67D1aMNACgUd3IQ/xDLvQie0JXQnct1Iq3ZOi7OApf2O3aijUnYfevKO4
csVGfszAwmjtzGVGBp+/WNl2lH6gxy2NeiDa3xwL4bm52CdhZgvoSQ1kiC6iy+hauoHu5C5yH/pT
/Tn+Av/RQHBoSPvPQvbThbQM1+uH1524Pnl0/cc3DQ8+pHvpPtqGbf9wu4jtMtX+EBn/5t3/OxtP
tL9TFC0sUR+L+pHhLiGfLuxNxIBcEow+P7TFEjtiYwxx6nwmofC1LQElYyU2jMkB4sA4H0+C6Ln/
f/uxjSMcXa8d9arpSyqTCjL8XQ9XltDlOGrC43ZSRtdTDKBkLllCbiNPkb/g/Eb9fh/diO2o/ryz
OHM2eobzR/EphBSRGrKRtOrvuMQv4cv59Xw5pkFb6Bac+Z22hpVAFp+O127EfT2uLdfOaSG2dFJO
sEog7TjzJa5HyF4qsHfxyf9AU8gqfM9c3DvQ7U1Iy3Vq5cqpBa+t1QwMLQT5w0yjgqwhEbzvut4+
x/FKEmHXDTHcl8jXLFwz8GXkE3x6DamhAs2FXO6veO9cnGnWuKKdhIMKNNsybGP0Np0sx+ccxCsi
ZB+3nMvlx2hX6bTfRj4gJ3W6y8kOHC8knfqRwAB5D/JoOdKvySaenSeLjffQgMFKs40NKCti8JKN
XDnxwXRSS9DATxq0r96UYOTp4lLuXtmlLCj2Xy4JZI39ztAvG/1dZH6XFPGfGhqaX8wnsJIultgF
KaYuPiX0bz+2+G9ZY2fPL/Z3XZ0xffipM8qm49yiYjzVRjiN8zOmZxEdhbgHTj2WFTNjqW3qfxCf
SVf2e+/P/V8j/VfzBz62Xjen47XaItUvwKNxk+olxJaL69XW68Pz32wh/l1SbviclBniSRm7QdyG
vKHP2X48v0SauLdRLgdxLW/ohuEBshjO4vlfUXLzyX3sKpnJFpMi08+wbyXZfD6ZwtykCM+LMHMs
Y9mkiN9IirU1OE7Gg0Bmajt7nZTxf8DrrpJC/uDQB9r1+n6VZA/TNB33f0biq5HpONz7UH/FaAMf
RXf2P5CqLuQMtWY8hYA1B8FKxh3XBCxzRbzPkow7Iqa0ixArrlvxHtvnhNgbCXGsJMSJ1ztxzYnP
jsE5F45deH9sKyFu3OPKtP/vurRCnJlkksMoVU77y6phMJ9JN+GYP8U1Kr1XVPj1bHhXhXcEeNsK
l8NwqRsudsM/3IQLLfD3KpxX4VzPXexcPfTcBWdz4Ew9/FKEbhVOq/DfVDhlg5MCvOmCE6nwhgBv
KPzxv/Owv/NA1zEP60qCYx54/WWJvZ4Pr2H3WgCO5sOrInQesbPOMByxw5FG/vA4OLQ3iR1S4eAv
HOygF37hgI5XMllHN7zyuJe9kgnt2LV3w4H9HnZAhf0eeFmCtpe6WZsKL+0rZS91w0uN/L4XU9i+
Utin8C/i015Mgb177GxvEuw9NXROGeL32KHVAq0Kv9sLLSK80AK7JHg+HnbuWMl2qrADX7FjJTy3
XWTPxcB2EbYr/LPbJPZsDGyTYOsWgW0NwxYBNnuh+Zl61qzCM3jHM/XwtAhPJcHPcfDzMGx60sk2
qfBkjY096YTGBok1qtAgQYPCb8ArNqhQ/4SP1avwhA/Wr+tm61VYFyll67phXSMfWZvCIqUQUfi1
KfCzfKjDO+oqYQ12a27C416oVeExfPJjKtTYoKaRr64ax6pVqBoHj6qwWoVHZKicDRUCrFLhIQEe
UvjyADxYDytVULatqITl3bCsHspUeCAWSkUbK1XhfjuUFHtZSRYUe+GnYVgsQtEiDytqgUUeWOiB
BfNj2YIUmG+V2fxYmIfdPDfMvTeRza2He++W2L2JcK/Cz7ElsjnjYTYuzw7DPTh/Tz3cLcGsuwQ2
qx7uEmDmDInNDMOM6RY2Q4IZUZVMt8Cdd8SxO1vgjji4XbGy2+tBmWhmihWURr7wtnRW2A3TsJtW
CrfhK25Lh6lT4thUB0wpcLApcVAwWWAFDpgswKR8G5tUD/l4d74N8hv5iWaYqPB5E+JYXgtMyDSz
CXGQa/ay3BYIp0ssrMJ4K+RYRJaTBNnJ6Sw7H8YFBDYuCbLG2llWC4zFe8baYazCZ5ohI9XEMryQ
LkG6wqeNsbO0FhiDc2PsMEbhU02Qgo9I6YZkZ4Alp0MIu5AKQXxgsAUCfhMLCBBo5P0m8Cu8D1d9
GaCcSLJnsaQC8AYgsR4SXOAJQ3wY4nA5TgV3bDpzV0IsjmLTwcUE5kqCmDhwopCdAXDgvY56sCNL
9iyQUTqyCjZcsyWCVQZrIy8hc9JNsIhgUXjRBgJeKnSD2Qsmo5OZusHoBAM+1hADTACm8Dw4GO8G
vpEHamPgAFB4Ds84FcdAsZDHIvIUXfnUNpr5/+ZG/m8T8M3mJf8F65aD+QplbmRzdHJlYW0KZW5k
b2JqCjIwIDAgb2JqCiAgIDY1NzUKZW5kb2JqCjIxIDAgb2JqCjw8IC9MZW5ndGggMjIgMCBSCiAg
IC9GaWx0ZXIgL0ZsYXRlRGVjb2RlCj4+CnN0cmVhbQp4nF2Sy27DIBBF93wFy3QR+RF7aCQrUpVu
suhDdfsBDoxTSw22iLPw35fhRqnUhc1huAN3YLL94fngh1ln72G0Lc+6H7wLfBmvwbI+8mnwqii1
G+x8m6W/PXeTymJyu1xmPh98P6qm0dlHXLzMYdGrJzce+UFprbO34DgM/qRXX/sWofY6TT98Zj/r
XO122nEft3vpptfuzDpLyeuDi+vDvKxj2p/ic5lYl2lewJIdHV+mznLo/IlVk+c73fT9TrF3/9Y2
FVKOvf3ugmqqKkrzPA6Ra3AduUa8TvEC8ULYgq1oNtBsIpd54jjEeIl4KUxgklzoK9FXW/BWuAf3
wgzmyASmxNCQaMiBnTDOIjnLgI0woRaSWgi1kNRSw2ctPgl1kdRl4M2INwONEY1BrpFcgmcSz4R7
ILmHCjVWUiNhH5J96BH8KPtAY5LGIG4kDg8meYDnOMjD3V5InlB67d4b9hpCbIvUkKkfpBMGz/ee
ncZJstL3CxEWviQKZW5kc3RyZWFtCmVuZG9iagoyMiAwIG9iagogICAzNzgKZW5kb2JqCjIzIDAg
b2JqCjw8IC9UeXBlIC9Gb250RGVzY3JpcHRvcgogICAvRm9udE5hbWUgL1dESkNQWitEZWphVnVT
ZXJpZi1Cb2xkCiAgIC9Gb250RmFtaWx5IChEZWphVnUgU2VyaWYpCiAgIC9GbGFncyAzMgogICAv
Rm9udEJCb3ggWyAtODM1IC0zODkgMTg1NCAxMTQ1IF0KICAgL0l0YWxpY0FuZ2xlIDAKICAgL0Fz
Y2VudCA5MzgKICAgL0Rlc2NlbnQgLTIzNQogICAvQ2FwSGVpZ2h0IDExNDUKICAgL1N0ZW1WIDgw
CiAgIC9TdGVtSCA4MAogICAvRm9udEZpbGUyIDE5IDAgUgo+PgplbmRvYmoKOCAwIG9iago8PCAv
VHlwZSAvRm9udAogICAvU3VidHlwZSAvVHJ1ZVR5cGUKICAgL0Jhc2VGb250IC9XREpDUForRGVq
YVZ1U2VyaWYtQm9sZAogICAvRmlyc3RDaGFyIDMyCiAgIC9MYXN0Q2hhciAxMTgKICAgL0ZvbnRE
ZXNjcmlwdG9yIDIzIDAgUgogICAvRW5jb2RpbmcgL1dpbkFuc2lFbmNvZGluZwogICAvV2lkdGhz
IFsgMzQ4IDAgMCAwIDAgMCAwIDAgMCAwIDAgMCAwIDAgMCAwIDAgMCAwIDAgMCAwIDAgMCAwIDAg
MCAwIDAgMCAwIDAgMCA3NzUgMCA3OTUgODY3IDc2MiA3MDkgMCAwIDQ2NyAwIDAgNzAzIDAgOTE0
IDg3MSA3NTEgMCA4MzEgNzIyIDc0NCAwIDc3NSAwIDAgMCAwIDAgMCAwIDAgMCAwIDY0NyA2OTkg
NjA4IDY5OSA2MzYgMCA2OTkgNzI3IDM3OSAwIDAgMzc5IDEwNTggNzI3IDY2NiA2OTkgNjk5IDUy
NiA1NjIgNDYxIDcyNyA1ODEgXQogICAgL1RvVW5pY29kZSAyMSAwIFIKPj4KZW5kb2JqCjI0IDAg
b2JqCjw8IC9MZW5ndGggMjUgMCBSCiAgIC9GaWx0ZXIgL0ZsYXRlRGVjb2RlCiAgIC9MZW5ndGgx
IDExNDM2Cj4+CnN0cmVhbQp4nO16e1wU1/n3OXNmZndmLzOzszcWYXe5LeAi6yIqijoqGuOFEkMt
mhBXA6igovGCokST1HiXeENMSSDGn0lNomhNSqJRYomJTa1tY2LMpblILvZnaPortYbC8HtmFtS8
bd/P7/P+875/vHscduacMzPPc57v8zzf56wII4R4tB4R5Htw0ZwlH1c1hhDyQyc168GVy321WS90
IpR4P0J4T9mSeYu+Xv+XNoSSvoMJW+ctXF02pizvEzh/ESFf4fzSOSXS3ruOI5S8FvqGzocOm8/0
HlyfgOuk+YuWr3r7SyEGrj+A6+cXVj44B1FrFIRS1mvPWDRn1RJ6E5OFUCAI174lD5UuWbGavQHX
UxFiHkAUKlPr6DLmIEhrQB7FTL+F2LewkSmmaJTZdun6YCReun7pekiW/FKyX/KX0ah7GYnt/lKt
M1hv/tdDbBrCaFnvVeYg8x2KQ8OVWM9iRMR1Qol9sXkBicRLgpASF0AuK5ccL3bCozq1Z7Z3Xu++
Lp7rCJ0QvZVeChdjlk5MSAmkUNki8odpl5Q4CCcmUJJoywoPHcYcHKee79jVNWfJIrwL312N7Y1L
kz89/+cbN/783AchvPX3l0vmLMFxJ/D9+AVlrPr8qePqS+ov1Rb1pcanNR17r9Jb6TywSip6WMmM
9ZtikGjG1TG7jbWyf0fi9vjalG1yxFxtpWIY5M9IsAQ9AgqYGE+CMz1N7GwDscPhdrFDsuXkDEaZ
He1qx42vxI4bHVJOjpRjywkpSWJ6Zfqq1NZ0ujq1FbdSraSNbmPa2DZHm7PN1epujWn1WIpBz+zE
BNZhd4JWspTl8GdbQc2U7CFDs/zZQ1JgzJCYPRpnhZ0k89vNj29avmx7y0H14KimimO/67iCqd0b
Fj8qzo68POOTr3H+5yurKx/dgU/1/KF82eSJp5r+45W7V28omXs5Le0jMDbYZTJC5F3Q2432KglG
TmYwEqolxDi3WbhqqcHEG6kMJAZtxoA5aA3FiJ3t18Ptl66LbZqOHWH13DmxQzwngYohZbiIRCxS
IhFpkREdolN0ie5Mj4IUrFAKUWiFyXMoTsWluB3wakqb7MM+itWUntLsKCx6HcX0tsJQDDRluDRs
+EwctTLr0FciS0rM9juiyr9bzuRP2bTzvZ4Lh5rx/KGHqzMepNPUGz/KP9WsesrLSeGC1ysrrJqO
I8GvprN2xCFFsbHVxqU0qqZwEAUMJMiEeNAp3N0O+lwPd18PHa814dvi8Lo4PLSoOMm3pMAHj/Rc
O3YMLygvL2eUctSHoXJYSxNyoYGKjGrNbK1tmzniJh5HHucR0t2A7ii2AdkAbF9MZQwAOzk8NGpY
MLorAWUPQVlh5LAjav6effv27NlXv/sb9Sscc+0ajlG/nvin9vZr19rb//QgzlJVHFZ/q6rqBd2W
4GPkOLw/DV1RxoJnJPlHm03xXirON9pkNk0zmX1+2omfQU1MbcD5jKPJA9IFIuk+k9kfZ3RlOOJG
C8aAY2ISlSGgCek6pttBziimNVRrcnde10HtyglNubfIIFq/hVOD/ndmwnHfQFg7pSjgDfgC/kBC
IHEWP8s0yzzLMss7yzfLPyuhKPFx7+O+x/2PJzyeWOet89X56xLqEg95D/kO+Q8lHEqMUwauG3jU
ftRx1HnUddR9NOaM/YzjjPOM64z7TIy1GBUPy86KB/NrC5aJB2HNK8JOl6MPJHanF8djh50Fh1lW
Tm/fsvbR2fs3bF7z/uuFrz1YTm9asbxq1sZd+zZ8/c68tpE3q1YWz5w4Y3BG8Kdluw4F07+Zt3z6
9PH3pGdkbq/c91JQ94/eQnUGdZl5D9nRIiXWKHAYlTCLbRau0jTX9qiDEpA5ySrxRod4qa27XY+F
sEJhsUMFn8gJAYx4DUYOpIB9HMjR26rD6HjIqWPMWjilWSi8T5uhA82hzdRnkH49dcQnSrpKLz5E
ioqqHviGWnr63Md37Vaf/M8H59R9yORUVHSd+fvHCRoGl0LMjgF5jeBB4xU/qnQ8ZjZUWue6+ErO
gB0C7U5EtBUUSHIiyeT3ACLD7WFw6K+kqI0zO8I3wK87Qsdnx2qO4I+C04+jsA/TDjud6AdvxF3Y
uLehYa96U606fZo6+xlm1a7P1Le+pm4+U7+/qauunEEVV99obe/5pDwaazT/iAN8elC24kH7XbXE
ss+8V6rltpFIrDXD7EF2D5seq6WA31zqcxNwFLU9dLxygCaLFggRRH/N5NItk2vRn44L/LFZ8xLP
N6Vvl1Y4tj+2t35fXdUODx5z+Dg4CurFgzND6nfb1n/91VffrK3RUq0W+6gIcxX81YHuVlyEs1Xb
G0QI8YiwlqA5IAtBKeSMhgdNHj1AXPoNhAjXHSHCqVvOCS1qOVmHZBSD8q1w8db4zEHjx2Vmjv/P
Iz1/aoaAxSwdlJc3KHPcuH+kQrCaXgHP6IJY3Ak5kkerlAF0CcMypIRlphGWxgy7wIiXIc4g0Ygy
Adjautt0gTrb9Nir+SL9rUGkv52Z0A86kw46EzL1gU7hfMiHM7lMntaEN+lzdOFN2lx9jj/bLzHZ
yVmS34ETMa2+ixduwRDUPvzVY9e7qvvsuBUhOh/kHICmKX6zHQkWtJwq8ZQyCyxVkt1idiEeu1ij
lRexzRQHcUSjB6KWCHV83ehQO8Q2zT0U00R+ommieaJ9ooOBFU2UtNAOCMOsAWsL58/Go3E0NmJ2
ScWV+dewVf2t26xupCpXdI/Cb9atf2pLbQO9FPM5uV+c/Ui96IKxFvXgItxW948t+w7v0ORtANyt
A3nTQd6BXFypV15uK3WVeoW05ag0pZQsECIDffFcXGIajxJZ1sOa7TyyUQOjWb1f9Jw7OAko0JET
kvVEBJY2aDGH9gM5kW5Fp4HgMP1x3ZD41orLD3x043BDyzvq1+rNFZ8uXsIfeXr/sVeaZ4ePHn1i
48a9liVMXXDQ689vfNnnufzC7z8NZ+GEJ/Yce7L55bKdux7buv5hwOsYWPdm0INCEmpUkqkSjudw
Cc9z0zBvRsusBpFZxi8glJFmkWQhgslI2cTOS7kAllxYb1j79u7cS7nXw32AETXEMICY45kcAPoV
H+ez+KwkCo4pzebC+6Y0W7Q/0RBl07FigxbFiuI2YQ8eju/GNEs5qVR+KDWcv4uaxBsgTmOJ67eg
BiYIGNQ7KkVe6Sn6rmc5teMcjlOvfoe7iKf7K5Utx8mLSGc3X6F+pNnrCNhrNcQwL3pJSSZs3CpP
KSsuF0rtpawZV6G55ogvTqL4eORiuXiJFygfhAwAWZtmqKiVojZS2216DOYKNY1uKeLTFQFn6OcY
U5ptMEOODupe49MmRbVMEYhAC4zACgbBKMQIHiFWGCDECfFmAQnYi7w4E2ViVtMZ1NQgoeXuH4JB
x4BEsz2FQ7bO+C/sVr/sRfM+WLqUe3b304d/3jhrc/YM5r2DamFSktr5zbfq3zXr76j73a/OXlTG
Ux1arNoMa1IHtjehZPSgkmBGbKmASh3ehfGrE0tjFzgiKT4+3klYm8PMcozblAJLcr3zTibd8X6H
RtKSOTNnkTSCxooGySibZYtoFQVRlKQ0c5ol35vvy/fbfsBJSL9SEH0ljXv3J1yKenp7ff322rr6
V/NeXPgpJuq1az3qd3gcTv7RkfuWmh9dfPb0xItnz158+/W33qe+mzIZtLuq/hmvxg/gTfhIfPyN
0nL1Qz2mQC1DP6bnrYeUOEI0ekgwRtMYTKoMczGhMEE0j1iK07wS2AagufN6P5CZPiDrtgYjcrqF
OY3x3baw1q8bl9PG9f4TLuwmVDEHsU5Lsn76sZ6WvVRGT/4Kcpmp7NrJDG7B92u5onekmoOP67ki
Hi1QEuJFl5lwLmdsrcxBwmiQn/K6M5yQN5xDhQDkjpAX0oaWNcQOjRJ0a9h8/5z4W41JhV7J9EV8
S3zkdg7x6vIClvrkPbHMtcxNoeIf5BLIIlEaEOjnBhe0pDI2lDk+4wgu+9ULkx4bPdvw4+n3/eRW
blGrK/6x9OBJv/+jyKw1j2jrPAxw9BEdAHawQklwSazZYqc2cG5LtYAauAiNgi4mQIJ4hDUoBsyZ
Gj1oB0Vy26PBQ2M2YT0YhvoziEdfUg/y9C/putjmWOqWZh5dM482LWoJ/x0ljaSr5IzSHOo9XHRE
fTLrQMWx5w7h2bOr1z/eRAe6x5efKq88f5nKqejZe/aJU7/AV3W8jASuG2CWAtOer8S5eCRaau20
EVWzVIM94jaIEg5yoAnKBM6dq5Usv4nyVzhvE9W2PnJm0UR06xq4kbvf4x2MgTE6DA5jiiHFmBmz
LqY2pjGGLwYDZEnRYBYlHVlRLT45cOBVPEs9NGTipHHUVuOOnY0/Jacq8GT1lYqe4o1Tfzx75+Pb
f6758Ea1wVDJHIDXTQM2OXLc2CkTAvlJZjRlQmoSsUyo5qZUC9UKWZtUPZBb664eOCw/kGqzTopl
x5pRrHWALW4UOyA+dtRgKh98QCNGPR3hcH/FqRFQrSu3A3JTG/Rp3X1foeRbJST4LmihJ9VASpIW
l1jKYbe5nLSmkUsrsZO0EnuIbdjQJMjFLkhtImLIrWAA0xjryN3FRz/88Gjx7pENh0/ljS9XL/5i
VvOMX39WMnsRHvjSI59FsheqHc/+Uv1FzSMbHl+/Ds88+z6eUzU1X30NKFrtstUbN1U/tOPm9IKu
8+e/L5i+o7s7uetU5bnCDdtTAsXqxr8/p349r6pm6tSJxcUb1qzDd73egieue3jToYa5X61VO9Xz
BNcuqPnZ0acbjz6lrStggW6B+g6iLrpLSfYzkoOg+D1G9x4rriZLUbU1Ytxmi/WYsmUq6JAA/aEE
jfcC8e3UaV27Hh9FrarJCR1flwjJcJiOTS3w2Rx2SnM6QC2OYjW6FNeh9hv63Jq2mzfb1jw3VN2H
F+zetn3nzu3bdmv1YM+iktnqr7u61POzSw6V4xWt57/4+JPPfn2mv06cATzYjmJRvhJPGR3VyLif
qTW7a9HPtIJxgJFzeFAshpJxgCYokJDfROmwxobFDm03weaLU+LWxZGL6CK+SF10XIxltDLa77gD
m32lpEFnygZ6RvfXB55e/TPvnuC3b1xTv8TOL/6CqUvszk3rdokUMl7+aF3N0WYgy914iHr52Guv
n341yvfe6L2K30EdEPuGn7CwCJnFS91tkC/vKTrBw310bq6YmztzMDpB5nARMwgcHYPQbTJEx0LD
7ghkb0zNGZafPyxn6vzh+fnDh+VP69uHMDwAaxJCP1fG+jyyhWYHImKIEzeQQHVaQ7LfbTcxhupB
ZFuik0MxMj/KnBD0GYGls2Nco2ICjqA8JjWY7gskBVNCg6PbFFoEhvglQgMvAEPn5naEO1xhjb2F
wdYujYGOCc8OV4afCDeHmdvxeLAetQZD66M6ciafacp0Zbov8hdNF10X3a1hrhhH+V/fzkQUFf/q
4taeBZ2c/R+Lnzt4SKWaIpVrHmlSjX3flLaFkfV0ydpDpGhF1cXf95wrL6eSn93y2nFtK4MKNm6M
nmmbGuVL1miYV2fQLbBeZpSIfqwEMZLiiIXe44FAnhBf7eP32Ld5Ir5HhYYkbxAZPK5svzUYJ6KA
JZR0C/piu5abruubEeFb+D+xLrk5Wdtuc9yB9kC/Dv3eEFUNH+zHfMsPvEHbGqEmLegD/csVh247
gxpbURG1N90B8sehJcogg8XuoQl2beBJNdMQa7MSXM1vE5E0Sh4QZIWgHLCMoIMeNoCCVCi+z7hR
w2pW7QCbduvbFC4tuXrXeZu9dyTXeN2Y8dCixsy60yT/ZLBC3RTPLmw+dFClGyOrIQtp5dnrCxf/
+n3dLOhXO0/+AoyB9BpyI/hyrc7LXChRkVGpmS21LdD2fCBYcqxgur3no+2chJLDNkmkotuWLp1O
gYPCX2rr/vr6/drxVyBI0l87sah+NxEX4HtxIS5Qm9UX1ZfU5gdxPV6MK3G9Ol/dqe5S5+v+OQtf
pmZRyxBB4ssUojGiRT1eQKkqQ7aaRSEVUcsadHkfAXm3g7wxwCOLlSTk8ZUSeaFttatUIJ5SDkqh
FDtvQ2wiY3bEsTYnqzHJdtAgymRACWAymgNpXDLWi72Ul3hpL+ON93q9Pq/fmzBWHmsf67D0V+tD
+hT03+ItNtyfSABb5PT4I4v+qPZi17UeLKin1Y+BOS6xPLro7Gn19I59+3bs2FdPPTVlMjZ/cxVL
6kb1gLpKnR4ff7N0IU6mE4Bc/u48kEtdt/cgTn1KVuu28CoCRCPHHIGLuG0suIlb1CofTQWNlP0g
IEl3nL83bfjwaVNzcqZOG54zdWrO8Gl6kBo+bRrV1tev2Z3ofHx7n90z0WglIclNSh1cabxQmr4g
PhJKcpttTMDMZCA21sGyAb8ppBHXzv5ysh8Q73doTOSO5EruOI/WlZCRIXMP69/sAjnJa41PPNGo
HWlb1q7ZunXN2i0LD59Wb9z8u/q30y/se+bmlSs3n8H1TceONT1z7BhZuam+ftPm+vrzrguNf7h6
9Q+NF1yxRzeduHjxxKajGn4ivVfZucC9Y9BiJdnMxsiI2+CULDRBlQI11xnxkCTGmmQWxCQbTmIk
pO8atV+C6KpHkHYgWK5wX5EcOuGNjcRSuvfdLqr+iSQ+EdukkcTo3pao6RrTf4H8PiRh7xlq0pmT
X3558gy+eVrtUs9B+xtTXlHR3a1+8cUXOJ7QcP6N+gIQigH4XtSfV6/28YAfKSlOWgQeELPH4t1j
kKpl4AGGiGUbZQs6RBLAQZQ9wMOna0RAI7g6w/0hEVA4lCgmrktsTqRxcXI/a9WoUXT/Kdv/A1ZE
ZzWr9VoI/P7mm1oIxGUtu7ft2LlzBxCCcgiAeFhXFx46u4RKK//HOwvO/PqzTz7+4rxeW3QixHwE
609Baf2Scg/Sdn6oEkyxLGOTKLGEZQS9C6KEwWjAotFghcNkpiyi0WiYRrHWSiSajYSuZOfyRBIF
q8VkNMANGFlkjsgQCKIFU247GOrSddutqskVNkDppFVPRr2CMuhdfRczE46n2rT9XKdW6ApWQaBT
mVQ21ZJqDUoDbXrF6+cwZAFoWhAlfpLlwE9SSWpHz6THKPvzlGN3z+eHanq21Ryk4qhz/4grZyq6
9paX40lqS99ekh8h9jQwMjtuU+4zNcp2mW/keDt8jTbxWq02GqpAmlBUo6Z6I8KgsTzaLpstZlGi
bKMtFvM0mcfEKFlYQlULNGowGe2yTbSYTTxnNEDhiATG6oA1iC4BmBoW4db+9W2Fo0prV/3rcWsZ
Ik5tGXohQ2En75GTcJBPlbPwKD5HzsOT+bvln/APyCV4Ab9AXg6Zq1rewjtZZMBGygJJmTEaOJY3
mHgza5f1X0hkIvcV4C6jaBQ5G283uc1OWbanoFScxqXwiaZ0MV1KllPsI9BIPIYaQ8bQY5gx7BjD
CONILocfaR5uGW4bIefYJ6IJeIJxAqftpN1tnmSZJE6SJtkmyRPt96ACXEAVkAK6gClgCwwFxgJu
Ol9oKrLNkO+1FzjnogiOUCWkhI4wETZiiBgj3Fy+xFQmz7VHnCvQKryaqiE19GpmNbvaUG1UvKu5
lfxS0wrzSstK60qhSqySqmzL5Sr7Fm4z3+pcBYDgsKy7MU7Uamr9VMbkMha/exI/slJt2w+u/P1u
9c0q/PmLHdgG9d1Z6l1w5Dzt90Komip6Msho1M8PwJfjUKUS9NgNlj52sPT/nB3o4el/TA+k/wk9
0ItUne7PuIMf1OpkLYrvkaDH16BHDF6nFLkaOaOz0eHkjEKjKBg5o7WR44yynbI5RouiIIy2Ck6n
Y5pTMBLKwlWb6Gp2qdsuAq5NDTaEGcI5ZMHMs5LTYJMQ1OqGABMkIY+ol+hia6stByhQH9e9DjDX
md0trEfxrP1e0w9x+KftGB8XtK1+5UODkRM4p9HlNHoEjzPFmCakOYcLOc4c1yRhhvEnwjzjPGGe
c76ryrjJWSe8YnTTnAGAzZgZC2tFVlYwyia7wWnjZF42aTtLNqtodQixdrfD5UzlUvlUU4o1TcgA
aKfbBtqDjjRnZuxQ81DLUGuOmC3nOMbETuTyzHmWPOsEeSZXxBeZfiLMkGYAYOdzZeYyyzxrqTBP
nCPNsc2VS+1lzkjsKm4Vv8pULa6SVtlWytWOrfJW+2bHZmdtbJ1QJ77Kvca/ZmpxFgI00/p+wZCi
sOSiMQsbpCxqck/3IeCvuHU//vwVtQ3v2d/TWa+e3XlIM223CT9VUaF+3PMHCFwvb1T/EM01ag59
FfirFwVRmZIVhAgpiwN8JA1Vx6XtkY1PG8y1dOKemG1yhH4qriGDyzDEB30DhADKTvEYhjnTM6K0
Sv/N+DYN/+NXfekHqnabnoIGiYPWDWoeBCkI/3D3ZxS+Mx2BSneyiGw6q/vagtaiiO3xmgP7bmcl
PF+t789K5FT3fV9+n5Ly6fzIL9tqbyeoQxXqtr701Kpj+Iqen2jgOn5FQAbyEIcZI43MFM9CKZir
7S4D4C5BaG0LYX1/JFHSfkggh6nBPRebei5Sgxm65+IB7eQANRhFPUPb44NaEtFUPnzHIxF6rGgd
6gXKOwevwg/jXdQ56mNfii/kG+F70Z/Q26v9/wTUhKfjCIzX9I3LMJ5za/zffzQf/xg/iRvw09Ca
+to5aG/jt/Xxf/VJ02WLgb9xIKsFJBRAUgkytR9s77tjphMl6ci482O845y7dZbwbyQkwCV5qOfc
cJ6KUmC9ZRRADPCmAYhFsdBLIwNyAL9BwN7//+dffjCPloEVWtA70N6Fs6moHC1FG1ETnH+J1uj9
b9BGrUHPFUab+y5qwWkwj9IazkSaHU/Dc7Jg7EuYXwbXTWiuPt5FLujtSXKBqkIUKYCzAv2OJtRC
RtI0uRA99LveQaPQa+iwds5cQHUwbzq6DG0cPH0yOoWu4MfQQfweqkHb0TJaUyAO88AFy6EBJ9fb
d+h+/c1aXznzHmSTJlQOep6Cpx+M9uM0PJ1ESBkuAg0pfJhMgt4NqJyOQAvoLU/XL6oDRa2B9/fp
iy5Q91NpdAAfhvdo77gAzz+MRoG8ZSDpJDgoTX5yDTURM0gYw7yBJhsms2bMGmpQIYyuIVn4STYO
RVANKYQn5EPfdpSPL8NbAK6vsAytEbGgT2ymku8uaVbuKfK9PdOfEfxfLn2iwdeMCpotq30tvb0F
RXQsM7OZGdBMko3NdHLi5/9u8POM4JSCIl/z+Ql5fU+dEMmDvnuL4FS7gm7on5CXEfVz6oGW53Dq
i7OF3L8hb9RJ372S/5f+7+8/6BkhfmD8DEU9OBoZ4K9hkRqHkBT3/QfdS8QP/ilipNOwYtRWYLRe
sOWbqIy8iyZTtWgk/XtURseiZSS7t5CZi5bSa2BeLZrMuFAXHFvhaIBjDBxH4NgMx4vUmt6RTAAN
I8PQSBBiI+OF55zSn/+GoQ7uhWsY156xkTqBZsH3I9Rx9J52P3saRWC8jHmrt5O9gvzaPPoKzIc+
9oQWz/VPXt/RDsp9DIvSCiEoFY7nIdB0Q8x/ETSZBMcHoPl8WAoRDpjDbUKIX4KQ6acQvksQsgBs
Lb9ByLoHIQHmi02wRuARNni0DcZl6LcXIuQYAAeMOWCuE97hgjjmgjV2w3lMBCHP/QgNWA4OkIuQ
14704Oor1Fc5neLQQFSPNI8V0X6Igog24b/CNd1CrVc+e0sl52TyZlsS82YJeVOh25LIryzk7BsB
5mwJeSNAWovJmRpyykROmshrr9qZ18LkVTtpCZNfquQVlbyskl+o5LhKjjXfxRzrIs13kaMqOVJD
XlLJi1bywmEz84KdHDaTn4fJ8yXkuXhyMEyePVDCPKuSAyXkmTor80wyaVrFM03JpHEKeVokTw0i
DZvimQaV/OxJkflZHHlSJPvrrcz+ZFIP8+qtpF6h98GN++xk33q6zkrqFHpvMtnz0xCzRyW7d8nM
7mSya6eF2SWTXS1YUTh65xM8s9NCdrZgpNxNP8GTJ1rp2soapvYk2fGIidkhkR0KvR3Oto8g27ae
ZLapZOuWYmbrSbJ1Pb1lczKzpZhsUejNINfmZLJpo8RsiiebWnpblV56o0Q2wKs3lJCfhshjTvJo
HXnERNaXlDDrVbJuocisiyEP11iZh8OkxkrWrhGYtTJZI5DqOrJaIqt4UrXSx1R1kZUrBjArfWTF
ALIcbloeT5ap5CGVLF1iYZaqZImFLFHoyhqyeNFoZnEFWTSaLKwwMwtFsnA9XWEmFQpdDq8s7yIL
5p9kFqhk/rxiZv5JMn89Pa8smZlXTOYpdFkyKYVJpV2kpIQ86CBzVTJHJZHZg5iISmYPIg+opFgl
908h99WQWSqZmUeKVPITlcw4SX6skntLyHQ7uSdMCn4kMAU15EcCyR+rjCNTTWRyCbk7wcjcXUcm
hcldRGTukslEG5lA8cyEGJI3XmbyKsj4cSIzXibjxpqYcSIZq3DMWBNROKJo63gvPaaOjKYzmNHT
yKhcOzNqCskdyTO5dpKr0CN5MiLHxowoJjnDJSbHRoZLZJiFDFVJ9hA7k62SIVkyM8ROssI8kyWT
8GCOCfMkHLXPYI6EMt1MKI9kDnIwmW6S2UoPiueZQQ4yaD2dwZUwGXUkONDOBKeQgaDEQDsZqNDp
IHp6CUlLDTFpY0kqCJYaIgH4CqgkZQRJtriZ5GKSlGhjku4liXBboo0kKnSCkfh9bsZfTHxeifG5
ia+V9sLLvBLxrqfjeRKv0HGJZIBAYpOIJybEeO4lMfDUmBBxq8QFL3WpxCkSh93OOCqIXZYZu53Y
FVqWiQ3m2U4SCZZXUokIX+I4IoD8Qh2xwphVJRZ4gMVNLAptVokJLkzK8ArCwxy+hnAlxGiQGKOd
GCTCMmGGrSEM3MeECQ0PozMIPJTiCb6XIJXgFlyyYTse+P/sB/3fFuB/+4Fs998g2651CmVuZHN0
cmVhbQplbmRvYmoKMjUgMCBvYmoKICAgODE4NQplbmRvYmoKMjYgMCBvYmoKPDwgL0xlbmd0aCAy
NyAwIFIKICAgL0ZpbHRlciAvRmxhdGVEZWNvZGUKPj4Kc3RyZWFtCnicXVO7bsMwDNz1FRrbIbBj
2VIDGAGKdMnQB5r2A2yJTg00sqE4Q/6+Ii9ogQ4Jz9QdeZTpYrd/2sdx0cVbmvyBFj2MMSQ6T5fk
Sfd0HKNaVzqMfrk9yb8/dbMqsvhwPS902sdhUm2ri/d8eF7SVd89hqmne6W1Ll5ToDTGo7773B2Q
Olzm+ZtOFBddqu1WBxpyuedufulOpAsRr/Yhn4/LdZVlf4yP60y6kuc1LPkp0HnuPKUuHkm1ZbnV
7TBsFcXw76y+SfrBf3VJtRVTyzIH1dZGcA6qtWvBOajWVYJzyHmPvGc8AA/Mgdaxtu5Qp8u4Qf2G
61twrNTfAG8yNuhluJdBL8O9DPiG+aYGrhk3wA1jC2wZO2DH9eHBsgcHvmO+Qx3HdWp4q8Ub+lqZ
EXzL/IpwP8T5gHzgOtA60YJjmWOQN5yvwK+YbzCvkXnhzbA38wD8wHeFvg33tfBpxSfup5Z3gRmd
zAitZa3tgXvG4FjmVMjnwMtwe+u8Fry/v/vmLynlVZMllx3j7Roj/X4H8zSzSn4/cvbPgAplbmRz
dHJlYW0KZW5kb2JqCjI3IDAgb2JqCiAgIDQxMQplbmRvYmoKMjggMCBvYmoKPDwgL1R5cGUgL0Zv
bnREZXNjcmlwdG9yCiAgIC9Gb250TmFtZSAvRkVRUklFK0RlamFWdVNlcmlmCiAgIC9Gb250RmFt
aWx5IChEZWphVnUgU2VyaWYpCiAgIC9GbGFncyAzMgogICAvRm9udEJCb3ggWyAtNzY5IC0zNDYg
MjEwNSAxMTA5IF0KICAgL0l0YWxpY0FuZ2xlIDAKICAgL0FzY2VudCA5MjgKICAgL0Rlc2NlbnQg
LTIzNQogICAvQ2FwSGVpZ2h0IDExMDkKICAgL1N0ZW1WIDgwCiAgIC9TdGVtSCA4MAogICAvRm9u
dEZpbGUyIDI0IDAgUgo+PgplbmRvYmoKOSAwIG9iago8PCAvVHlwZSAvRm9udAogICAvU3VidHlw
ZSAvVHJ1ZVR5cGUKICAgL0Jhc2VGb250IC9GRVFSSUUrRGVqYVZ1U2VyaWYKICAgL0ZpcnN0Q2hh
ciAzMgogICAvTGFzdENoYXIgMTE5CiAgIC9Gb250RGVzY3JpcHRvciAyOCAwIFIKICAgL0VuY29k
aW5nIC9XaW5BbnNpRW5jb2RpbmcKICAgL1dpZHRocyBbIDMxNyAwIDAgMCAwIDAgMCAwIDAgMCAw
IDgzNyAwIDMzNyAzMTcgMCA2MzYgNjM2IDYzNiA2MzYgNjM2IDYzNiA2MzYgNjM2IDYzNiA2MzYg
MzM2IDAgMCAwIDAgMCAxMDAwIDcyMiAwIDc2NSAwIDAgMCAwIDAgMCA0MDAgMCAwIDAgMCAwIDY3
MiAwIDAgMCAwIDg0MiAwIDAgMCAwIDAgMCAwIDAgMCAwIDAgNTk2IDY0MCA1NjAgNjQwIDU5MSAw
IDY0MCA2NDQgMzE5IDMxMCA2MDUgMzE5IDk0OCA2NDQgNjAyIDY0MCAwIDQ3OCA1MTMgNDAxIDY0
NCAwIDg1NSBdCiAgICAvVG9Vbmljb2RlIDI2IDAgUgo+PgplbmRvYmoKMSAwIG9iago8PCAvVHlw
ZSAvUGFnZXMKICAgL0tpZHMgWyAyIDAgUiBdCiAgIC9Db3VudCAxCj4+CmVuZG9iagoyOSAwIG9i
ago8PCAvVHlwZSAvT3V0bGluZXMKICAgL0ZpcnN0IDE4IDAgUgogICAvTGFzdCAxOCAwIFIKICAg
L0NvdW50IC0xCj4+CmVuZG9iagoxOCAwIG9iago8PCAvVGl0bGUgKERFVEFMTEVTIERFIExBIFJF
U0VSVkFDSU9OKQogICAvUGFyZW50IDI5IDAgUgogICAvRiAwCiAgIC9EZXN0IFsyIDAgUiAvWFla
IDcwIDc2MyAwXQo+PgplbmRvYmoKMzAgMCBvYmoKPDwgL05hbWVzIFsKICAgKGlkX09ic2VydmFj
aW9uZXMpIFsyIDAgUiAvWFlaIDIwNSA1MzQgMF0KICBdCj4+CmVuZG9iagozMSAwIG9iago8PCAv
RGVzdHMgMzAgMCBSID4+CmVuZG9iagozMiAwIG9iago8PCAvUHJvZHVjZXIgKGNhaXJvIDEuMTUu
MTAgKGh0dHA6Ly9jYWlyb2dyYXBoaWNzLm9yZykpCiAgIC9UaXRsZSAoUmVzZXJ2YWNpb24pCiAg
IC9BdXRob3IgKCkKICAgL0tleXdvcmRzICgpCiAgIC9DcmVhdGlvbkRhdGUgKEQ6MjAyMTAyMDIw
ODMyMDJaKQo+PgplbmRvYmoKMzMgMCBvYmoKPDwgL1R5cGUgL0NhdGFsb2cKICAgL1BhZ2VzIDEg
MCBSCiAgIC9PdXRsaW5lcyAyOSAwIFIKICAgL05hbWVzIDMxIDAgUgo+PgplbmRvYmoKeHJlZgow
IDM0CjAwMDAwMDAwMDAgNjU1MzUgZiAKMDAwMDA2MDU3NiAwMDAwMCBuIAowMDAwMDAxNTA0IDAw
MDAwIG4gCjAwMDAwMDAwMTUgMDAwMDAgbiAKMDAwMDAwMDAxNSAwMDAwMCBuIAowMDAwMDAwNzc0
IDAwMDAwIG4gCjAwMDAwMDAwMTUgMDAwMDAgbiAKMDAwMDAwMDc1MiAwMDAwMCBuIAowMDAwMDUw
NTQ3IDAwMDAwIG4gCjAwMDAwNjAxMDIgMDAwMDAgbiAKMDAwMDAwMTc3MSAwMDAwMCBuIAowMDAw
MDAwOTY0IDAwMDAwIG4gCjAwMDAwMDEyMjEgMDAwMDAgbiAKMDAwMDAwMTQ2OCAwMDAwMCBuIAow
MDAwMDAyMjMwIDAwMDAwIG4gCjAwMDAwMDIyMDcgMDAwMDAgbiAKMDAwMDAwMjMzMyAwMDAwMCBu
IAowMDAwMDQzMDY5IDAwMDAwIG4gCjAwMDAwNjA3MjUgMDAwMDAgbiAKMDAwMDA0MzA5NCAwMDAw
MCBuIAowMDAwMDQ5NzY1IDAwMDAwIG4gCjAwMDAwNDk3ODkgMDAwMDAgbiAKMDAwMDA1MDI0NiAw
MDAwMCBuIAowMDAwMDUwMjY5IDAwMDAwIG4gCjAwMDAwNTEwMTAgMDAwMDAgbiAKMDAwMDA1OTI5
MiAwMDAwMCBuIAowMDAwMDU5MzE2IDAwMDAwIG4gCjAwMDAwNTk4MDYgMDAwMDAgbiAKMDAwMDA1
OTgyOSAwMDAwMCBuIAowMDAwMDYwNjQxIDAwMDAwIG4gCjAwMDAwNjA4NDAgMDAwMDAgbiAKMDAw
MDA2MDkyMCAwMDAwMCBuIAowMDAwMDYwOTU2IDAwMDAwIG4gCjAwMDAwNjExMjIgMDAwMDAgbiAK
dHJhaWxlcgo8PCAvU2l6ZSAzNAogICAvUm9vdCAzMyAwIFIKICAgL0luZm8gMzIgMCBSCj4+CnN0
YXJ0eHJlZgo2MTIxMgolJUVPRgo=

--===============7594213838045564209==--

-------------------------------------------------------------------------------
