Content-Type: multipart/mixed; boundary="===============3657460306570279436=="
MIME-Version: 1.0
Subject: =?utf-8?q?Hotel_Real_-_Confirmaci=C3=B3n_de_Reservaci=C3=B3n?=
From: reservaenrealnicaragua@gmail.com
To: lucio@gmail.com
Date: Thu, 28 Jan 2021 20:20:50 -0000
Message-ID: <161186525014.13307.17616997510750301234@localhost>

--===============3657460306570279436==
Content-Type: text/html; charset="utf-8"
MIME-Version: 1.0
Content-Transfer-Encoding: 7bit

Pronto nos pondremos en contacto con usted. recibimos su solicitud para RealNicaragua
--===============3657460306570279436==
Content-Type: application/pdf
MIME-Version: 1.0
Content-Transfer-Encoding: base64
Content-Disposition: attachment;
 filename="lucio@gmail.com_4324323_2021-01-28 20:20:49.435487.pdf"

JVBERi0xLjUKJbXtrvsKNiAwIG9iago8PCAvTGVuZ3RoIDcgMCBSCiAgIC9GaWx0ZXIgL0ZsYXRl
RGVjb2RlCj4+CnN0cmVhbQp4nJ1VXW+bMBR996+4j0QTzrWNwUxRNdqwqVWyrQ3aS9UHjzgZXYCE
JFu1Xz9D6NIm6wflw1i27znn+uPAAO3tMlsoj0GakxXBpq2aQ18jzNfkNCHc242z30BSzn3pc2CI
VPmCKwZJTvozF10EW5+Ra2cYJz0pnWg0iicwjGEUwVU8ia96QjrfeoFyorPzL597N8kFYbzVwMFi
URQh1uC+ohwDFPfg7B7cgV5y+4jO5VaIQo7KKqSS+8IPIJkSJ4KizL9XBqamjTlAYYyiL7wgAKSI
UgqhZBM51vNpZhYw2erK/Dlm3Ae6jHoChQjruGvna48Hjl7rZVltTJNfB1ZPcPuIV9M5ca6zRcfU
Fts0Kz/M60ialnnX3Ey1Lgu97poaa2gmS13AYAD9KN1s9SIxdxsYzMxshqjxBE5O4HR41kLFY1tb
tnQdVH6sN55Jf2i76hAXm0pPdVe1HLkdylxhh/vvEd/IPtGL7K3k3OUKWNiB3IlMVS6ywujDHfEk
VZSbKkvtmkRZVUeun+fy1Z5rboqNgdXWQGXWpvp1RPpClu5ukZOd3dBQ1FftOtZuHlgCZ4oyDEUg
rTswyjxrDvLIEtLbZc5CJfbb+n/gV59s3a+vAH7brgv73pLrm1oaTAlDGMMKWMO9K60ftgIsu7UW
9CAHIQVl6l+DNQm43JvmY/nN2CD0lXpOvvuqqRAyoFx4L0zFOymkwjDgoffEHByl2AI/SNHzBPVF
cJDjivQ1s38E6N/ZuRqW5JL0R1nxsznR47PzoYVrj3B9eA/62MO+S/IXr4NyhgplbmRzdHJlYW0K
ZW5kb2JqCjcgMCBvYmoKICAgNTk5CmVuZG9iago1IDAgb2JqCjw8CiAgIC9FeHRHU3RhdGUgPDwK
ICAgICAgL2EwIDw8IC9DQSAxIC9jYSAxID4+CiAgICAgIC9hMSA8PCAvQ0EgMC43IC9jYSAwLjcg
Pj4KICAgPj4KICAgL1hPYmplY3QgPDwgL3gxMCAxMCAwIFIgPj4KICAgL0ZvbnQgPDwKICAgICAg
L2YtMC0wIDggMCBSCiAgICAgIC9mLTEtMCA5IDAgUgogICA+Pgo+PgplbmRvYmoKMTEgMCBvYmoK
PDwgL1R5cGUgL0Fubm90CiAgIC9TdWJ0eXBlIC9MaW5rCiAgIC9TdHJ1Y3RQYXJlbnQgMAogICAv
UXVhZFBvaW50cyBbIDIxOCA1MzEgMzUzIDUzMSAzNTMgNTE3IDIxOCA1MTcgXQogICAvUmVjdCBb
IDIxOCA1MTcgMzUzIDUzMSBdCiAgIC9BIDw8CiAgICAgIC9UeXBlIC9BY3Rpb24KICAgICAgL1Mg
L1VSSQogICAgICAvVVJJIChtYWlsdG86Y2pwbTE5ODNAZ21haWwuY29tKQogICA+PgogICAvQlMg
PDwgL1cgMCA+Pj4+CmVuZG9iagoxMiAwIG9iago8PCAvVHlwZSAvQW5ub3QKICAgL1N1YnR5cGUg
L0xpbmsKICAgL1N0cnVjdFBhcmVudCAxCiAgIC9RdWFkUG9pbnRzIFsgMzU3IDUzMSA0NDMgNTMx
IDQ0MyA1MTcgMzU3IDUxNyBdCiAgIC9SZWN0IFsgMzU3IDUxNyA0NDMgNTMxIF0KICAgL0EgPDwK
ICAgICAgL1R5cGUgL0FjdGlvbgogICAgICAvUyAvVVJJCiAgICAgIC9VUkkgKHRlbDorNTM1ODA5
NzI5NCkKICAgPj4KICAgL0JTIDw8IC9XIDAgPj4+PgplbmRvYmoKMTMgMCBvYmoKWwogIDMgMCBS
CiAgNCAwIFIKXQplbmRvYmoKMiAwIG9iago8PCAvVHlwZSAvUGFnZSAlIDEKICAgL1BhcmVudCAx
IDAgUgogICAvTWVkaWFCb3ggWyAwIDAgNTk1IDg0MSBdCiAgIC9Db250ZW50cyA2IDAgUgogICAv
R3JvdXAgPDwKICAgICAgL1R5cGUgL0dyb3VwCiAgICAgIC9TIC9UcmFuc3BhcmVuY3kKICAgICAg
L0kgdHJ1ZQogICAgICAvQ1MgL0RldmljZVJHQgogICA+PgogICAvUmVzb3VyY2VzIDUgMCBSCiAg
IC9TdHJ1Y3RQYXJlbnRzIDIKICAgL0Fubm90cyBbIDExIDAgUiAxMiAwIFIgXQo+PgplbmRvYmoK
MTAgMCBvYmoKPDwgL0xlbmd0aCAxNSAwIFIKICAgL0ZpbHRlciAvRmxhdGVEZWNvZGUKICAgL1R5
cGUgL1hPYmplY3QKICAgL1N1YnR5cGUgL0Zvcm0KICAgL0JCb3ggWyAwIDAgNTk1IDg0MSBdCiAg
IC9Hcm91cCA8PAogICAgICAvVHlwZSAvR3JvdXAKICAgICAgL1MgL1RyYW5zcGFyZW5jeQogICAg
ICAvSSB0cnVlCiAgICAgIC9DUyAvRGV2aWNlUkdCCiAgID4+CiAgIC9SZXNvdXJjZXMgMTQgMCBS
Cj4+CnN0cmVhbQp4nEWQwRLCIAxE73zF/oBpCJDA3R/oybPTcbxUnerFz5dWSienfSy7gcWNWJyo
wYtABdHwvuGC5wpJQoYPTJ4THuhEEhVNEGNKJa5XSXnVkWw7/+sJQaojFNfRXFEkPTxBMnEoPbPr
1jodRJmMzW0ZO4qUY+6ZmknY9taup2OzRuZ9d9dRf1zLPPRWW0PWT1lclRlc5xQTabOZldSSUvCC
6eGGK+P+wfD1ivPLjXV+S5xIMwplbmRzdHJlYW0KZW5kb2JqCjE1IDAgb2JqCiAgIDE3OQplbmRv
YmoKMTQgMCBvYmoKPDwKICAgL0V4dEdTdGF0ZSA8PAogICAgICAvYTAgPDwgL0NBIDEgL2NhIDEg
Pj4KICAgPj4KICAgL1hPYmplY3QgPDwgL3gxNiAxNiAwIFIgPj4KPj4KZW5kb2JqCjE2IDAgb2Jq
Cjw8IC9MZW5ndGggMTcgMCBSCiAgIC9UeXBlIC9YT2JqZWN0CiAgIC9TdWJ0eXBlIC9JbWFnZQog
ICAvV2lkdGggODAwCiAgIC9IZWlnaHQgNjAwCiAgIC9Db2xvclNwYWNlIC9EZXZpY2VSR0IKICAg
L0ludGVycG9sYXRlIHRydWUKICAgL0JpdHNQZXJDb21wb25lbnQgOAogICAvRmlsdGVyIC9EQ1RE
ZWNvZGUKPj4Kc3RyZWFtCv/Y/+AAEEpGSUYAAQEAAEgASAAA/+EAjEV4aWYAAE1NACoAAAAIAAUB
EgADAAAAAQABAAABGgAFAAAAAQAAAEoBGwAFAAAAAQAAAFIBKAADAAAAAQACAACHaQAEAAAAAQAA
AFoAAAAAAAAASAAAAAEAAABIAAAAAQADoAEAAwAAAAEAAQAAoAIABAAAAAEAAAMgoAMABAAAAAEA
AAJYAAAAAP/tADhQaG90b3Nob3AgMy4wADhCSU0EBAAAAAAAADhCSU0EJQAAAAAAENQdjNmPALIE
6YAJmOz4Qn7/wAARCAJYAyADASIAAhEBAxEB/8QAHwAAAQUBAQEBAQEAAAAAAAAAAAECAwQFBgcI
CQoL/8QAtRAAAgEDAwIEAwUFBAQAAAF9AQIDAAQRBRIhMUEGE1FhByJxFDKBkaEII0KxwRVS0fAk
M2JyggkKFhcYGRolJicoKSo0NTY3ODk6Q0RFRkdISUpTVFVWV1hZWmNkZWZnaGlqc3R1dnd4eXqD
hIWGh4iJipKTlJWWl5iZmqKjpKWmp6ipqrKztLW2t7i5usLDxMXGx8jJytLT1NXW19jZ2uHi4+Tl
5ufo6erx8vP09fb3+Pn6/8QAHwEAAwEBAQEBAQEBAQAAAAAAAAECAwQFBgcICQoL/8QAtREAAgEC
BAQDBAcFBAQAAQJ3AAECAxEEBSExBhJBUQdhcRMiMoEIFEKRobHBCSMzUvAVYnLRChYkNOEl8RcY
GRomJygpKjU2Nzg5OkNERUZHSElKU1RVVldYWVpjZGVmZ2hpanN0dXZ3eHl6goOEhYaHiImKkpOU
lZaXmJmaoqOkpaanqKmqsrO0tba3uLm6wsPExcbHyMnK0tPU1dbX2Nna4uPk5ebn6Onq8vP09fb3
+Pn6/9sAQwAIBgYHBgUIBwcHCQkICgwUDQwLCwwZEhMPFB0aHx4dGhwcICQuJyAiLCMcHCg3KSww
MTQ0NB8nOT04MjwuMzQy/9sAQwEJCQkMCwwYDQ0YMiEcITIyMjIyMjIyMjIyMjIyMjIyMjIyMjIy
MjIyMjIyMjIyMjIyMjIyMjIyMjIyMjIyMjIy/90ABAAy/9oADAMBAAIRAxEAPwD3+kNLUckixozu
QqqMkk9KAH8UuaxJfEmkoT/xMrXj/pqKqyeK9JXpqNsf+2gp8rA6TOaK5j/hLNL/AOghbf8AfwUf
8Jbpf/QQtv8Av4KfKwOnormP+Eu0r/oIW3/fwUf8JbpX/QRtv+/go5WB09Fcz/wlulf9BG2/7+Cq
15450axtzPNfRlB/cO40ckmK6R19Fedj4teGSM/a5f8Av0aP+Fs+Gv8An7k/79mrVGQudHolFeef
8LZ8Nf8AP3J/37NH/C2PDf8Az9yf9+zR7Gr2DnR6HRXnv/C2PDef+PuT/v2aX/ha3hv/AJ+5P+/Z
pewq9g50eg0V5/8A8LV8Of8AP3J/3waP+FqeHD/y9v8A98Gj2FXsHOj0CiuA/wCFp+Hf+ft/++DR
/wALT8O/8/b/APfBo9hUDnR39FcB/wALT8O/8/b/APfBo/4Wl4e/5+3/AO+DT+r1A50d/RXAf8LS
8O/8/b/98Gj/AIWl4d/5+3/74NH1eoHOjv6M1wP/AAtHw9/z9v8A98GkPxS8Oj/l7f8A74NHsKgu
dHf5ozXn/wDwtPw7/wA/Un/fBpf+Fp+Hf+fqT/vg0vYVOw+eJ3+aM15//wALT8O/8/Un/fs0f8LU
8Oj/AJepP+/ZqvYVOzDniegUV5//AMLV8O/8/Uv/AH7NJ/wtbw7/AM/Uv/fs0fV6n8oe0ieg0ZNe
ff8AC1fDn/P1L/37NH/C1fDv/PzL/wB+zS9hU/lF7SJ6DmjNeff8LW8N/wDPzL/37NJ/wtbw5/z8
y/8Afs0ewq/yh7SJ6Fk0ZNee/wDC1vDn/PzL/wB+zS/8LW8Of8/Uv/fs0ewqdg9pE9BzRmvPf+Fr
eHP+fqX/AL9mj/ha/hz/AJ+pf+/Zo9hU/lH7SJ6FmjNeff8AC1vDn/P1L/37NH/C1vDn/P1L/wB+
zR7Cp/KHtInoOaM159/wtbw5/wA/Un/fs0f8LV8Of8/Uv/fs0ewqfyh7SJ6DmjNeff8AC1fDv/P1
J/37NL/wtPw7/wA/Uv8A37NHsKn8rD2kT0DNGa8//wCFp+Hj0uZf+/Zp4+J+gH/lvN+ERo9hV/lY
vaRO9zRmuDHxN0I9JZ/+/Rpf+Fl6Gf8Alrcf9+jT+r1f5WL2sDus0ZFcL/wsvRP+elx/36NH/Cy9
D/56XH/fo0fV6v8AKx+1gd1kUZrhP+FmaF/z0uP+/JpP+FnaEP8Alpcf9+TR9Xq/ysPawO8zS5rg
T8T9B/56XH/fk0n/AAtLQP8Anrcf9+Wo+r1f5WL2sDv80Zrz/wD4Wl4fz/rrj/vy1J/wtTw/n/W3
H/flqPq9X+Vh7WB6DmjNeff8LU8P/wDPa4/78tR/wtTw/wD89rj/AL8tR9Xq/wArH7SB6DmjNeff
8LU8P/8APa4/78tR/wALV8P/APPW4/78tR9Xqfyh7SB6DRXn3/C1PD//AD2uP+/LUf8AC1PD/wDz
2uP+/LUfV6v8oe0geg0V5/8A8LT8P/8APa4/78tR/wALT8P/APPa4/78tR9Xq/yh7SB6BRXn3/C1
PD//AD1uP+/LUf8AC1NA/wCetx/35aj6vU/lD2kO56DRXn//AAtTw/8A89rj/vy1H/C09A7S3H/f
lqPq9X+UPaQ7noFJmuB/4WjoP/PW4/78ml/4WfoX/PS4/wC/Jo+r1f5Q9pA73NGa4MfE7Qj/AMtL
j/vyad/wszQv+etx/wB+TR9Xq/yh7WB3eaM1wn/CzNC/563H/fk0n/CzdC/563H/AH5NH1er/Kw9
rA7zNJmuD/4WdoX/AD1uP+/Jo/4WfoP/AD1uP+/Jo9hV/lYe1gd5mjNcF/ws/Qf+etx/35NH/C0N
B/563H/fk0ewq/ysPawO+orgP+Fo6B/z2uP+/Jo/4WloH/PW4/78mj2FX+UPaQO/orz/AP4WnoH/
AD1uP+/LUf8AC0/D/wDz2uP+/LUewq/yh7SB6BRXnx+Kvh8f8tbj/vw1J/wtbw9/z2uf+/DUewq/
yh7WB6FRXnv/AAtfw7/z2uf+/DUf8LY8O/8APa5/78NS9jV/lD2kT0KivPP+Fs+HP+e1z/34ak/4
Wz4c/wCe1z/34aj2NX+UPaRPRKK87/4W14b/AOe1z/34aj/hbXhv/nvc/wDgO1Hsav8AKHtIdz0S
ivOz8W/Df/Pe5/8AAdqT/hbfhv8A57XP/gO1Hsav8oe0h3PRaSvO/wDhbfhv/ntc/wDgO1H/AAtz
w1/z2uf/AAHaj2NTrEPaQ7nonFHevO/+FueGv+e1z/4DtVvTvidoGp6hDZW0s5mlJChoWUcDPU0n
RmtWgVSLO6paqRXSyDKnIqyrZFZln//Q9/7VkeJH2eHtQ5x+4f8AlWvWH4pOPD2of9cH/lTW4Hxl
cTzm6uP384xK3/LQ+p96i86b/nvN/wB/D/jROf8ASbj/AK6t/M1HmuyNuXYVyTzpv+e83/fw/wCN
HnTf895v+/h/xqOiq07CJPOl/wCe03/fw/40edL/AM95v+/h/wAajoosuwEnmy/89pT7eYf8aDLI
w2vM7D+6XYj+dNzxSU0kAc9mP5mjn+9+pooqhWQvP979TSZbPX9TRRTsFkBLZ6/qaXLf3j+ZpKKQ
WQuX/vH/AL6NG5/7x/76NFFF2FkG5vU/99Gjc3qf++jSYop87DlQ4O3qf++jS+Y395v++jTKWqU2
HKh4c/3j/wB9Gjef7x/76NMzRmnzsXKiQO394/8AfRpfMb+8f++jUWaM0/aByom3t/eP/fRpRKR/
Ef8Avo1Buo31SqtCcUWRKT3/APHjTw59f1NVQ1LvNaKtITgXA3+1+po5/vfqarrIRT/MrVVWyOUl
GezfqaduYd/1NRBqcGNXzMlofu9/1NGfQ/qab1pcU7sVhcn1/U0c+v6mkp2KLsWg059f1NHPr+pp
SKMUXY7ob83r+ppDn1/U08ikxRdhcbk/3v1NBJ/vfqadijFHMx6CDP8Ae/U1MoP979TUQFTR8Urs
HYswg8f4mtKEdP8AGqER6VoQnGKpNmci9Dj0/WrAAA61VRqlD8Vab7mLJsimFgKj30wvTuwSJGem
b6jLZpuaV2OxIXphfJ6U0mkzRzMB2R6U0kZ6UhoouwF49KPwoApR1pXYCYHpRgelO70oXNF2Mbj2
ox7U4g9Kcqmi7JGAD0pdvtUojzTtlF2BAEyelO8r2qwqACgsBRdgQrD7VKIV7ilEtNMtLmYx+xAO
lLhR6VCZaiMpo5mFi0XUdBSeaBVTzTTGkzRzsVi55wqNpRVXfSb6XMyrFgzUzzf85qAtSFqXMwsW
PN/zmkMtVt1G6jmY7E5l9qTzfaoN1BalzMdicy+1NMnt+tQ7qTNHMwsSl/wpN/vURNGaOZhYkEh9
qTzPpUWaKnmZRJ5nPagt9KZRRzMQpb6UmfpSGko5mA4sPakz9KbmijmYx2R7UmaSik5MBcitTwzP
9n8S2Uw6qx/lWTmrWnPs1CFh1BrOq/3cvRjj8SPo3RtTNxGPTFdXbvvUEeleX+FZ2aMc16XYnMSk
+leCdx//0ff6w/FP/Ivah/1wb+VbdYnigbtAvx/0wb+VK9mFrnxZP/x93A/6at/M0zFT3ULLczsA
f9a/b/aNVq6oTuglBxF6UuaSiruSGaUc0lFO4DqM03NLTTAUUUlGaq4hRQaBRTuAUuKSlqkwCiii
ncAoxRS07BcTFFLSUuUVxD1oFLS0uUY2loxzS4osA2inYoxSsO4gpc0nelqrBcMmlBNNoqk2hMlD
kU4OTUIpQcVpGpYm1y0pz3p+aqbsU8SE1tGpclxLGadmoVapAa0UjNxH5o4pBSjFUTYUim4p2aWg
BuKMU7FJtp2C4gqVRmmAYqRaVgbLMfarsZxiqMZ6VcQ9KpEMuoak7VAh4qQGqRDQu40hz60h60ma
BC5xSdaDRSATFFOAyaXbzQA2gCnbKcqUANC0oHNTBeKAAKAI9tPVadxRmkAbB60oAphbmmlqOYRL
kUjOAKh3801mqXIaJjJx1phlqAtSFqVx2Ji9Rs9MJ4phNK47EhbPemlqjzS5ouFhdxoJpmaUmlcd
gzSUlGaLjDNJSZ5pM0XAWikNJmlcB2KQikzQTRcBcUYpuaM0XAXFJRmkJpXAWim5oJpDFzRmm5oz
RcB1H40wmjNK47C5opuaKdxDqTNFFK4C1PZf8fsX1qCp7L/j9i+tRUfuP0Kj8SPZvCP+rFeoWH+q
Ue1eX+Ef9WK9QsP9Wv0rw2dp/9L32sXxN/yAL7/rg38q2qxvE3/IBvv+uDfyoexUPiR8ez/6+b/r
o38zVWa2BGUq3OP9ImH/AE0b+ZqM1zRnys9ydHnSMwgqcMKM+laDxLIORzVKWF42zjiu6nVUkeTX
wzg/dI6UUnFKK3Vmcr0Ciiii9gunsKKKSjNHMAtGaTNLVJisLmikxRmquAo606m5pc00wDvTh0po
pc1SYC0lL2pKtAFFFAoEKKMUdKM07AGKKKKLAHFBxRQaLAJS0lGaVgFopM0ZovYBO9PBxTaWjmaG
PDVIr1DmlBrWMyWrlkPTwarBsVKr1upIzcSYGnDmog1PDVaJcR9LigGgHNWmS0AFSKtIBUgFMlkk
Y5q3HVaMc1aTNBLLCdKeCaainFShCaZLY3GaNtSbD2pwjNIVyILS7KlCGnBKAuRBOacE5qTbRigL
ibaUcUE03vRcQ4tTSaaTSGpbBAWpC/FNJpO1TcYbqaWpM0maCgJ5ppPNKTSZpMBGPFNzTj0pppAG
aTNFJikMM0E0YpKAEzRmgikoAdTaWkoGIaSlNGKAEpDS0hoASiijrSGGaTNLikxSACaTNIaKADNB
NGKQikMM0ZoxRigANJS4oxSASlFGKCMUwCiilxQAVPZf8fkX1qCp7L/j8i+tRU+B+g4/Ej2bwj/q
xXqFh/q1+leX+Ef9WK9QsP8AVr9K8Nnaf//T9+rF8TDOhX3/AFwf+VbdYniXnQ73/ri38qT2Kh8S
PkKZP9Im/wCujfzNRlKvTR5nlOP+WjfzNRmL2rh5rs+s9g7IqbKaV3fK3NW/L9qaY+elNTsZuh3M
2e0zyn5VVIK8EYrZKc9KhmtVdTx81ddKvZ2Z5mIwLtdGXRUz27w8NyKiALdK74uMldHkzpyg7NCU
UvPcUUWZKV9hKWjFGKACijFFVcTFoooouAoopM0uapMQvaik70tWpAFFFFUmAopaQdaWrELRikFL
TsAYpCKdQaLANxRilpcUWAbijFKRRilYBMUlOxRiiwDaBTsUYosAlOBptFNMCYNUitUANLuraMhO
JbBzTgaro9SqwraLuZSViwtSCoVNSqatMyZZj61ajGTVWIDNXYhzVEMsIpxVhENNiHNWVWnYzY0J
TwnFSKtP20hXK/l0bcdan2UhSkFyAqMU2p9lNZKAuV2603vVjZTGXnpSGQN1ppqbYc9KGT2qWhor
nrSVNs9qaye1KwyuetFSlfam49qCiI0lSkU0ilYBhppp+KTFKwDKDT8U0ilYY2kp2DSZosAmKMUt
FADaDTsUUDIzRTzSYoAaaaaeabQAhpBTiKSkMSkNLSUMBDSU6jFIBtBpaKBjaKdRSsA2inUUWATv
S0uKAKdhXExS4pcUYosFxMVNZ/8AH5F9aixU1mP9Mi+tRUXuP0Ki/eR7J4R/1Yr1Cw/1a/SvL/CP
+rFeoWH+rX6V4TO0/9T37tWN4j/5Al7/ANcW/lWyax/Ef/IEvf8Ark38qUvhNKXxo+WZIx5sv/XR
v5mojDU8jfvpf+ujfzNJmvMe5+hxgnFFZoSDUbRH0q/x3oKg0iHRTM0x47Uzy60jFntTDBVJsylh
7ozmhDDBGaz7ixZTujrdaGo/LwOfyraGIlBnn18vjUWxzTKVPzUm3vW5cWCTDKjDVly27xHDqfY1
69CvGotT5vE4CpRehWxRin7aXbXU6Zw3I8UYp+KMVHIMZRTiKMUuQBuKKdijFJxEJmjNLSUbALSi
m06qTAMU7imUuatMBaM0UVaYC5pabTqpAIOTTqQdaWrEFJS0tFgExSU6kAosAlHNOxR1osA00mKd
jFFS4gNwaUZFLg+tJjFGwDgxFPQ1FTgcVpGQmi0jGp1YVRBNWIm45rdMzlE0Imq9A3NZsTcdauxH
pVpmEkacbirKyVnISKmEhwKdzNo0Q4p4cGs7zsCni44pk2NEEGl4NUFuuKcLn3oCxd2igoDVX7R7
04Tj1oEWPL4pvlc0wTj1pwmX1osAGIelNaLPapBID3FL5g9qLAQ+Tx0pjQ+1WwwIo4NKwXKBgOel
MMPtWltBpDCCOtFh3Mww0wxe1aZgFJ9mFFguZbRcUzyq1Taimm1FS4juZflmm+XzWr9lpptKOUfM
Znl0hjrTNrTTa+1LlDmM0pSbK0Ta8dKYbajlC5QKUmyrptzTTBipsO5SKUhU1aaE00xUWGmVyvFN
xU5j5ppSiwXIKSptlN2VI7kdB4qTZSFKLBcjxmjFP20baLBcixRipdvtRt9qLDIsUYqXb7UbaLAR
gcdKXHtT8UYosAzFLinY9qMU7ANxRgU7FG2iwDcVNaD/AEuL61HiprUf6VH9azqr3JejKh8SPYPC
P+rFeoWH+rX6V5d4R/1Qr1HT/wDVr9K8Bncf/9X341j+Iv8AkCXv/XJv5Vs1i+Iz/wASS9/64t/K
lL4TSl8aPllz++m/66N/M0Bqjd/30vvI38zQGrzHufoEKi5UTA07OKiB9KfnNI1TTJAaXg9ajDc0
8GncvQUqDTTGvpT80oI9KdriaXUgaAH2NQS2iuuHHB71fGCelKUFVGTjsZ1MPTqLU5m5014SWUbk
qkUwa7ExjGMcVn3WlRzZaMEN9eK9fCY9fDU3Pm8dkurnTOc280hWrktq8LEMp4qBkK9a9iKjNXPm
Zp05cskRFaTbUxWm4pSpEpp7EW3mgjmpdtJtqHSHcixRipMUm2odILjMUYp2KTFQ6Y7iUUuKTmp5
Wh3A0CiijUQuaUU3vSiqUgHUuabmlrSMhWHA0U3NKDWnMA7FAFJuNKDVJ3AWkpaMCqshDTRilopW
ASkNOxRik0A3FL3pcUlKwDhUqMaiBp6k007Ca0LsLc1fhas2I4q9Ca3izCaNBG4p4aoENSA1ojJo
kzRmm5ozQIcTSgmm5pCTQIl3HFAciosmjJphYm80inecar5NG40BYtC4OKVbk5qpuNKCaAsXhdYp
wu6z9xoyaA5TRF57077XnvWZuNG40XFymqLoetOF2PWsnefWnbzjrRcOU1xcrSi4Q1kBznrThIR3
ouKxr+ctKJFNZHnGnic4607isau5DS/KayxOfWpVuSKVwsXtq9KaY1qutxzTvPFAWJDCKjMAp4mz
Tt4NFhXKzQc8VE1vxV7IppANK1xpmcYDUZgOa09gNNMQ9KOUdzM8kim+Qa0jDntSeT7VPKVczDDS
eSa0zD7Uhg9qOULmb5RFHle1aPkZ7UfZ6OULmd5XtR5VaHk+1J5Ge1LlC5nmKm+Ua0DDz0pDCPej
lHcoeVR5dXWhphiNHKFyrs4puyrXlGkMWKVh3K+ymleasFDTShosFyHbzUtqMXcf1oKU+2X/AElP
rWdVfu5ejKg/eR614Q/1Ir1Gw/1a/SvLvCP+pFeo2H+rX6V88z0D/9b36sXxJxod9/1xb+VbPWsb
xN/yAr7/AK4t/KlLYun8SPk6R/8ASJf+ujfzNKsg9arysRcS/wDXRv5mmqxrznHU+whWdkXg/vUi
vVESVIstTY6I1y5u9DTg1VVcetSh/ekbxqlgNTwwqvu96cr0J2N1JMnDc1IDkc1XD1IGq73KTHke
9KM9KZnmnbqL63B6jZoI5lIZQDjrWTc6c0ZLKpYe1bYPFBKlcEV3YbGzpb7Hm4zLKWIV0tTl2h5x
jmomi56V0NzYrIodOvpVNNOu52IgtWf6V9Dh8ZSqx0Z8Vi8BWwsnzLQxzHSbMVrnRNXBP/Eum/I/
4U3+wdYP/MNmz+P+FbucO5yLmexkbaQgVsf8I5rjf8w2X9f8KafDWuf9A2X9f8Kzc4dx6mORSEYr
YPhrXP8AoHS/r/hTG8O62oydOl/X/CocqfcZlYppHNaT6Lq69dPm/I/4VCdL1NethLj/AHT/AIVD
5RlLFGKsmwvv+fKUf8ANIbO9H/LpL/3yam0QKxFIM1Y+yXn/AD6S/wDfJprW10Bzay/98msmkMhp
c0/7Pcf8+0n/AHyaaYZx1hk/75NJOwxAc04GmlJQP9U//fJoCv3if/vk1SmIcKdmo/nH8DflS7j3
VvyrRTQh+aUGmb8fwt+VHmqO5/KtFNMViTijio/OXsT+VL569yfyrRSQEnHakpolU+v5UvmL2J/K
m2rAOxSUnmL/AHqN4PelZAOAp6imAg/xVIpH96iyC7Jo6vQ9qpx4OPmq9H0HOa0iYyLUfWpgKjjH
FSgGtUYsKKXBpOaCRaSjmloASik70tMAooopAFLSUZoAWikzRQAUc0UUBYKM0UUALk0ZNJRQMdup
2/io6KBEm6lD1GKXNAWJhJSiSoQaN1ArFkSmpBN71U30u+ncLFwT+9OE2e9Ug9Kr0XFYvCUetO8z
3qiHpwf3pXAuCUU7eDVISUvm1QrF3IoBFVRL704Se9AWLPBpce9VxJ70qyc9aAsTkCk2+1M3jPWn
bwe9AhfLFIYwe1G73pQfekA0w5qMw1Yz70hFAXKph9KYYjnpVvApCuaVh3KRiOelRtHV8pTGizSa
GmUNlOhX9+n1qy0eDimomJAcd6yqr93L0ZcH7yPTfCP+pFeo2H+rX6V5d4Q/1KV6jp/+qWvnWekf
/9f30dKxvE3/ACAr708hv5Vs1i+J/wDkAX3/AFwb+VJ7FU9JI+RpJF+0TevmN/M0gwehqrMf9Kn5
/wCWjfzNNDEdDXI46n0UK9kXipHvQBn2qqs7r71MLkH7wxUuJvGsmTAkU9XqNZFbuKeRnpUNG8Zk
ok96lVxVTBpwYipcTaNVouh/SpFfis8Oe1SLKamzOiNUvhxTgwNU1kqQPRc1Uy2GGKcCMVWDU8E4
p3NE3e6JweuK0dI1270S4WW3SKRQclJE3ZrKVqeprSFXl+EirThWVqiue5eGfGeka7EkctrDBP0I
Kjk11hhhC8W8J9D5Yr5iRnjkWSGRo3U5BU4rvPC/xIvNOdYNXkEkHRXJ5/GuqFZS3Z81jska96ls
eutCgGfIhB9NgqLYv/PGH/v2KNN1Sy1W2We1lR1YZwDnFWtnUYrdS7M+flTcHyyKLKP+eMP/AH7F
MMakcwQ/9+xV3ywTUbR4NPmkTZGe9vE3W3h/79iq72Nsc5tov++BWqU9qjZPahSl3DQxX0uxb/l0
jP8AwGom0fTz1sk/Ktsxj0pjRD0NDlJdR2MCTRNOzxZpVeTRNOx/x5Ka6FocnpUDQ/N0NLml3Cxz
7aHpn/Piv51Xl0HSz/y4j866N4arvDzS55Ac03h/Ss82I/Oom0DSB/y4j/vqujaHnpVeSHmjml3C
xgHQNGPWw/8AHqb/AMI/ogP/ACD8/wDAjWy8VQNH9aOeXcLFFfD2gHrpv/j5qVfDPhxv+YZ/4+ak
xtPJNSLIR3p+0n3CxF/wifhtv+YaR/20NKPBfht/+XDH/bQ1aWc+tWY5uOTTVWfcLGX/AMID4bfp
bEf8DNMb4b+HX/5Zlfo5reWXnqKmWXPTiq9tPuDRyrfC3w+/RmH/AAI/41Xb4SaCw4uZR+P/ANeu
3WQU/Puaarz7iscA3wf0MjIvZ/wqB/hHpCfdv5x+FeisBj/GoJVGO1XHETDlPOZPhrpsH3bxzj3q
jP4StLbpOxr0K5U4OcVg3q8HFd9GpJ7nNUOMk02KHgMxqAxY6Cty5Tk9aoMgzXow1Ryt6meU5ppX
FXTGM0xovaqsK5UxRirDRimmM+lA7kBUUlTmM46U3y/agCLFJipdtNKnNIYw0lPKmk2n0oAbRTsU
nFABRRRQAUUUUAFFFFABRRiigAzS0lFAC0UnNHNAC5pTTRSmgBRS5ptFADs0uaZRQFiTdRmmZoya
LiH7qcGqLJoBNAEwf3pwcjvUGTS7qALHme9PWQ461Vz70oY0CLYk96eJPeqYY0u80xNFwSe9SB89
6ohz61IHNAWLWadmqquaf5nNAiekxUYf3pd1Fh6ikc0m0Zpd1GazrL93L0ZVP40eieEP9Uleo2H+
rWvLvCH+qSvUbD/VrXzT3PUP/9D37tWL4n/5AF9/1wb+VbXasXxP/wAgC+/64N/Kk9iofEfHM3/H
zP8A9dW/maZTpj/pU/8A11b+Zpua53uexH4UKDQTSUdaC0x/0zSh3ToaZ0NOpWKjOROtzIO1Srcg
/eFU6M1LRqq0kaAljY8Gnk/3azgTUiyMvepcTohXLwY04SEVVScHrUylX6Gs3E6YVCdZamWXI61U
IIoDYOKVrHRGrYvLIKmD5FZ4fFTLJUtG0aly4p96fkYI+UZ6k96qrJ3qQSAnpTUjVSurM1NJ1a90
SZZLGVkwckbuteteGfiNp+qCO2vW8i66crjP414rvBFKD8wdeGHQ+lawq2OHFZbRrq63PqJSrLvX
a69iGzSAA/Q14d4X8f3uiyrDdgzwHjJJ4FevaNr2n63aie0mHunfNdcKikfKYnAVMPLVXNF4xjio
jH7VYBJ4PFBweR0rTTocKtcplMdqay+1XCgNRslAtepT8vvUbJnjFXdhFNKZ60AZzRe1QtD7VpNH
UbR8dKQGW0PtVeSD2rXMXtULw0DMaSDjpVZofatt4cjpVVocHpRYDGkg9qrGMitmSGq0kApAZnK0
9ZSKneCoHjI6UAWEnqZZves3JWniUigDWSX3qwstZCT1aScUAaO+o3YGoFmBoZxVxZLK1z0NYN33
rbnfIOaxbogg16FB6nPUMO4HNUXUZq9cnmqLnmvXpvQ45bkRXmjZTqK0RJEUBpDHUuBQRQBWKUhT
ipytJt4osFyvsphTmrWzjimFeeaVh3K5XFNK1OVOegprIO5ApWfQaZBtyKQrUhIHGR+FN3p/tE/S
j1QXGbaMUuJnJ8uFm/Cnpa38g+W0aj3e47sixiira6RqspAWzap08La3IeLZhn2qXUgt2UoyZm4p
Me1ba+CNdkHMRUfSpk+HmuOOOPwqHWp/zIfJI578KPwrph8NdcPVwPwqQfDLWj1mH5VP1ij/ADD9
nI5TGe1GMV1o+GGsf89/0o/4VhrP/Pf9KPrFDuHs5HJUfhXWf8Kv1j/nv+lMb4aayP8Alr+lH1ih
3D2cjlvwpRx2rpW+G+tgff8A0qL/AIV5rg7/AKU/bU/5hckjn8+1L+FbbeAtdXtn8KY3gjXl/wCW
efwpqrB/aDkkY5z24pOa1G8Ja4n/ACwNRnw1ra9bY0e0h/MHJIz80A1cOhawv/LoajOkauvWzNUp
+aCz7EGaMmpDp2qDraNTTZ6j/wA+jU+ZdxNeQ3NGTSm21D/n0ak8i+HW1ejmj3FbyFyaMmk8m9/5
9X/Kjyb3/n0elePcLPsODGnZpghvf+fR6eLW/PS0c0049x2fYUGl3mk+x6jnH2RhUi6dqjdLM0nK
PcLPsIJDShyeamTRNYkPy2h/KrKeFdalPEO38KXtIfzIXs5FPzOOlKJPWtaHwHrkxH8OfatOD4Y6
rJjfcbfwqZYilHeQeym9jmRMi9aVZ42cKH5Pau5tvhRJkGe8NWtS+HVnpOiXV95++SFNyj1rnrYq
m4NJ9DWFCSabJvCH+qSvUtP/ANWteXeEBiJM+teo6f8A6ta8M7j/0ffqxfE//IAvv+uDfyrZPasb
xR/yAL7/AK4N/KlLYcd0fG8//H1P/wBdW/maYDmnzj/Sp/8Aro38zTAMVzvc9hbJC5pwpuKcKCri
0DNApaVikgooooKCnZpveg9aLDHgn609XI5HFRg0ualouLaLSXB71Msiv35qiKcrY6GoaOmFVou4
NLnFV0lIHNTiRWFQ0dEZJokWQipFlqHAI4NJgik0bwm0XUkzUivzVAMRUiOc8moaNY1Gi9vU/eyc
dKvaXq9/pM4ms7gqR/DnisgPUgcd6qMrGkowqK0ke4eFfiDbaukdveYiuenzHrXcZ44II7HtXy4C
SyyjKyJyrg9K73wp8RJ9NMdrqcxltiAvmMN3/wCquqnW7nz2Pyhr36Z7OD68Up5qlZ39tf2yz2k6
zRHoVbOKs7uK6k09j56SadpDygIqNo6eGp3Wgm6WhXMdNKVaKg1GVpAVjGDUTxVbK01h7UwKDQ1X
eH2rUZM9qiMXB4oAx3hz0FVngz/DW00Qx0qB4OOlIDFeEY6VUlh5rbkg9qqSQHPSkMxXi9qj2AdK
1ZIOOlVWhx2oAp4NSB6GUg9KaeOlAE6SU8y4qnvIpfNzTW4rD5pMg1jXL9avTPjPNZVy+M16FDcw
qIzbg81Sc81Ncyc1TduetetTempxTi7kmaMiotx9eKcGXHLYrdbE2Y8nBwadziq5nQHPzP8ASp7e
01C7IFtaTMD/ALNJtLdiE7013ReCwrpdP8A63fgNJC8anqSMV1emfCmJcPePk+ma554ynDcuNGct
jysyoDgct9amisr+5IEELEHpwTXvFl4J0azC/uI2I7soNbUVlY24AitoRjphBmuWeZRXwo3jhn1P
BbTwTrl6BmMoD3Kmte3+E+oTBTNcSDPUDivasjHyLt/Cgs395q5pZlUlpHQ0WGSPM7X4RWcagzzO
x7gtWrbfDXQ7cfPHux6muyZSeTuIqN12LvYfKKwlia8vtGsaKMGHwjodryllE31XmrSaRpcf3LGJ
ffbRd61ZwttXOR2qF9RupIvNhh3Rj0rkeK1ac7tGvsraWLXkWicLaoPfbS4gHIVB9Kp2uqxagDbS
sY5egB4rH1yxvbD5kkdkJ7GuetiuSk6nxFKGvK0dC1zCp271Bp3mkrlHyPbFcizJLYhg8rS+grU0
KBhD5k0rrjoGNFPERqSSS0Y5U0nobHnSZPzNxTVvFJwJcGlJByy8qe9c94ksTD5csErKzHGAa2qy
cIXWooxu7HR+fLjKuSPWkEsrDIc/pXLQ3d9p0EZmDywnuKhudRP2+EQTPtkOSvpXPDFxaV9ypU2m
dd5sv99qQyyjq7Vk6xJcWFvFcBjtb1pml6pNqD/d+UCtXXgqypPcnldr9DZFxIf4jQZn7sRVSS/t
YZPLaTLelMjvreRiDkD1rW8XpFpkuDXQvecw9TSeZ6hfyqFZYZAfLk3EdhTsk9qfNF6RE0h+9D1j
T8qCIj1iT8qbijNP5C0FMdt/zwj/ACpPJtT1to/yoooUh2iNNrZHrax/lTRZafjm0j/75qSiq5pL
qKy7EJ0/TT1soT9VqM6TpbHP2KH/AL5qyaKOeXcLLsVv7J0r/nxh/wC+aP7K0r/nxh/75qzSYo55
9wsuxW/srS/+fGH/AL5p66dpo6WUI/4DU2KKOeXcLLsR/YtPB4tIvwWni3s16Wsf5UtFHNLuFl2H
BbcD5YIx+FKHA6IB9KZSik9R2RIJ3GcEilNxKR99qioqbICTzXbqT+NZHidyfDGoZ6+Xx+daecVk
+Jj/AMU1f/8AXP8ArTAwvCHMSZ9a9R0//VrXl3hD/VJ9a9R0/wD1a0Af/9L32sXxR/yAL7/rg38q
2qxfFH/IAvv+uDfyoew47o+O5h/pE3/XRv5mmFc1LL/x8T/9dG/maZ0rmPcUboZgigA1IRmgLRcf
INAxS9aUA07bU3KUWMxS4p2w0baVyuVjMUU7GKMZouKw2lzRtNJVMNh4PrTuKjpQamw0yUHinq2K
hBpwPNS0bRk0WVkOfaplfIqoG4p6Maho6IVC0RTckGmCTmpAwIqWbqVx4finrJUXajJApWNFJllZ
KmRwc1RDmpFlJGCMVFrbG0ZtrVnSeHvE174euhJbs7RYIaIHg/hXsvhvxhp3iO0DQyiO4Xho2PIr
57jkxwSfwNWLS9ubKdZ7STyplOd3rW8KjRw4zAU8QrxVmfT4478HpTwa818KfEqO8KWmqAJKBt34
+8fWvRFlDxh0YFDyMV2wmmj5WvhZ4d2ki12oxUKvx1p4aqOYUrimMuakB5peKYrkJHFMK5qwVzTC
lAyqYiTUbxmrjL6Uwqe4pAZ7x+1VpIa1WjzULRCgZjSQcdKqPAea3JIQaryQjFIDAkt+OlVHhIro
JIAR0qnLbgDpQBhshFV3LKa2Jbfis2eHac5prcChLL1rLuHJB55q/dfLmsmUSynbGm5jXbSaW5hN
N7FC5fD81nyXCgkDczdgtdRY+D77UW3SsY1NdhpXgPS7TbJcZlYV3fXIQRh7GT3PLrSw1PUHCW9p
IM92FdbpXw01O7YNdSRxoeoIOa9MggsbQAWtuEx681ZNw7AZ2j6CuaeYylokXHDW1bMHS/h7pVgi
m4ZXYdiK6i2tbGzUCCFMD2qqJMmn+aSeea4p1Zz3ZuoQXQ0hc7hhfl+lKJCepNUBLzUiy+9Z69GX
bsXg3PWn7uKorLzUnmHtTakldhctBu1P+XGC3NV0fJYfxY4rkb/UL+LVym4gdVWubEYh0YptX1Kj
Hmdrna4IGeKYYwwIboa5yDxJJC/l3kWOPWtq11a1uk+VgKmljKFX3b6lSpSWxR1bQ4rq3ZrcASCs
nSdRfTpza3a4UHFdbHNE5IjYP61iahobahfF1bYlc+JwrU1WoL3vzKhUsuWRV8RJZLbi7t2Auc/K
q1Nbm5vdBc3EJ8wLwpq9BoNqjIZv3m3ua08AAKqgAdq3pUZqfNPZrYUp2OE07Tb2GTeYsg9iKv3W
lXd2VEZ8te4FdJeXS2aBio2HrTYLq2uotyHk1hToUKTdJy318x3lLVLQo2ls1paiF+WAxmqWp6TJ
qe0K+Atb/kkrnHSmmEDqOvvXoOKkrPYy15row7TTnt4Rb3OHQdM1m3XhhDcieFiMNnFdUYz9RTfL
OCKylh6clZFOo9V3OZ1WxvbyBLccgVDo9pd6fG8LJ8x6NXVBCvbmmOu45I59aJYePtVUe4KpaPIc
LLb3Npqvm3UbyITn5RXQx3FjcQhVideOela7Rq4IdQR9KrfYLVSSsbBj1+as6WGdG7j1HKpczLCC
1sp3lW4Az/Cxp0+t2qsViDM1OuvD6XLbllKH6ZpJdGih08pChab+9mtL1VothJK5Ug8QrJciF0IY
nvW0wCgPnr2rjYbO5tL5JJYiQDySa6yTUrSK3WV3AIHSsMHWqvmVV29SqkFb3SfBxkkZ9KTDAZIx
7Vyt9rs0lyrwDCk4rTGsNbQpJcnIPf0rWnjadSemwnSaNfnGePpRUNvcw3sQlhYMD6VLkZxXRFqT
vF3MwNFFJnNNagnd2Q7ikpKWgApKWkoAKKKKAF4optFADqKbRQAvFZXibH/CNX//AFz/AK1qVleJ
v+Rbvv8Arn/WgDD8If6pPrXqOn/6ta8u8If6pPrXqOn/AOrWgD//0/ffSsbxR/yAL7/rg38q2e1Y
3if/AJAN9/1wb+VD2HD4kfHkv/HxP/10b+ZpB706YH7TP/10b+ZpuK5Hue9FWFxTlFJmnCpZvFDg
opQmaBTxSbNFFCbKPLzUgFOC1NzRU7kBi4puzFW9mRTfL9qOYfsSmUNN21cMVMMWKakZSotFUDrR
jFSmPBphWq5jLkaEHSlHWjpSZoFqiQNTlPNRilU0mjSLJwc05SRUQPFPDcVNjeMydG9aeeTUAapA
1S0bxlckxxSc0A0tTY0TFVsHmpFb3qIg4oHFD2Lu1qWQQSDyCOjg8iuy8K+P7/RZFt7uUTWp43P1
FcNu4FSb8jnmnCbiKrSpV1aSPpjSdYs9atRNZSpKuMthuavq+PavmnStZvdFuFnspnA7x7uDXsHh
fx7p+tQpBcyeTd5xtJ6muynVT3PmsXlc6bco7HdBiakVvWqocg8lcY7dKkDnqeQfSttOh5LXkWAa
MVEj0/ec0EilM00r7VJnIoNMZAVphSrBFMK5NAFR4/aoWiyDxV5lNRlM0AZzw8dKqywZ7VrtH7VX
eI4pWAxJrf5elZk9ru6CumeEnrVSSADtQBzJ0lXbMlXLaxt7f7kQLeprRaLnpUJjwafOwsTxzMOO
FHoBVgOcdapqMVMre9G4FoNgdadv96rbqUNQBaWQ08SGqganbyO9AFvzTmpFl4qiJDnmnCTC9eaA
L4lJ4B6dKqajrUemxBg2ZD1FCSfxHqBWHbtbXOtMZzls8ZrCq1Hbdlxszb03xCNQcKBtf3FS63aG
4hF5Fgzxdh3pqJDE4MajPqKpazqs2mLEycxv296rkl7P32Gz0GaXD/bzGW+2xGP5StNk0q5TUBHb
ErB3YVn2mnXd3eC4LlIZPmwDXXxSiNFj64FclPDU6q/eK3mW6rSJrC2j0+Parlyw5Jq+suVxkYrL
WfqM9etPEw49q7oxUYqK6GN7mkHGetPDDP4VnLNU0cwPWrVr6gUfEEg8tUxnIrCiWWFA8chAHbNX
dfn3TKAegrPgnCgAnIPavCoYKOOx01UukjTEVfq9BW6mxZa3IrBJuV9a3YbiG6XKMufSuQki2tvB
AX3qP7Ulo24XCqfrXXPD4zBe9B+0h+KM6eIp1dJaM7cpjjAx7U0xj0rn9O8TwynY0gOPQ10MNzFc
AFHB9q1oY6nW208maTpNa7oYY89qjaL2q58v/wCqkIB6V1qy1RnaxSMXtUZix2q+UppjFMDPKH0p
m0r0OavtH6VGYhRcCk8ayKQ8YP4Vm3ehWt2pXBU1ttH6VGUOetS4QluPmaOaOhrb2TKq73zwaydP
sUkuHi1N38sNwD0Fdw6nOagntIrlSJAMnvXLPBwm+daJfiaKqyjbWtnp8RFvKvlnoM81KLm2xgSA
1Rj8NrFctIZSUPbNYmq7bOXEIcL61U6ypx52rIle87HTi8tC20Srn61IDnn+Hsa5fSdHkvJPtUr7
IgfXrXTNPaxIIxIuxfQ0Yes6kOaordhzglpHcfRSRyxTHKOKcVK8mulSTIasJSUAHrS0xCYoxS0U
AJiinUhoASiiigArK8Tf8i3f/wDXP+tatZXib/kWr/8A65/1oAwvCH+qT616jp/+rWvLvCH+qT61
6jp/+rWgD//U99xgVjeJv+QFff8AXBv5VtGsXxN/yAr7/rg38qT2Khuj5BmX/SJv+ujfzNMK1akT
NxL/ANdG/majK1xuWp9MqehBg04U8pTcGlcTi0LSgnNNJ5pwpWKTsTKakUioAakVqlo6ISJ+vSlx
TUNSioZ1RSYzZQY85wM4qULW54SsE1LXVtZBkNiiOrsFVJRbOZaL1+lRPDzW7rlgbDXLq3K4VXIX
86zmjzVXtuYxpxnG6M5ojmmFDWg0VQtF1qlIwnQKntSZ5qcw4zURTmquZOFgBp4OKjwQaXdT0JvY
lBqRTzUCtxUgapaNYTJ1NPBqBWp4apsdEJE+eOaMelMBpQcGpaN73HEYFGSOlKPmpcVNyxN3OQKk
RykiSodkinIYdRURFICaFoD1VmekeFPiTLZGO01QF4iQBJjJr1izvre/iFxayhoiMgd6+Y15OMcd
63fD/irUfD10GglaWH+4zV0U6zSszyMZlsZ3nT3PotZBTw+a5bw54vsPEVrvEixTdNhPU10QkZQA
wxXXGSlsfOVKM6btJFtWx1p241XWTIp++qMywOaABUSvT1agBSuajIqYEGkIFAEBQ1E0Zq0y0wrQ
BRkjqrJFmtN0zVd46AMl4sVXdQOa05UGKpypxQO5TPFAanMtN6UCHhqXdURPNLmgCUNS7jUQI9aX
NAEm/wBaenJLZ6DNQbqhvml+yFIPvtSb926GrENvriS6g9s4wg43YrN1rT57Sf7XasXXrxVd9HuY
o9+WLnnikh1K8tW8uZSUHUNXlzrOTca8bdmbKCjZxZctNYvYY9zx5GKktkutcud9yNsK9BmmP4hh
ASIWwLNW7AdlujqoUuOlXhqTqLSpzRQpz6Wsy5G6xRLEh+VRgUqy4qru596UPzXpW0szJu5bEpFP
Exqnvp2/igRdWfNSpMd1ZyyYNSrL1+lCE9nYyNZuQ15yflHWub1Lxpp2nK0aEvKOAAueav67MXSU
KcGvOrDQPPvZJpNzkvxmuDJ61ONWrXm9Ex49KShT6mq/iXXNZYiNfKi7EnFA03VLofvZiR/vVtxW
9lpcQa5IXjpWZeeObWyJS0iDHpk1vUzyrKdsNC6KoZXWrK9rFvS9GvrB/MSYt7E119lqFzHgHIav
LpfHOqXLfuIwB7f/AKqkj8Q+JJcMkJwPb/61ebicHjcXLncbPyPSp5e6StKa9D3Kx14jCTr26gZr
bhuoZ1BRhmvndfE3iRWDGEkDqDn/AArqtD8dXJwk8IjYdzmrhHMcKv3seZeQVcFBr3Zo9jxgZJo4
rm9P8TLMq+bgit6K7hnAZXByOldtDGU62kdzgqUpU/iJduRmm7BTySRgUV1baGdiLyajaKrIppWh
BqVGjFQtHmr5TNRtHR1EUdh6HpVW6023vUCSrgeoFahjqMx4oklLSSuO5yeu29zYW0cdlzFjnmoY
bKzjs1uZZyWIyy5rrmiVxtkUMprIuvDlvcPuRiq9cVx1MOlU9ov+AaRmrWZVto7W8tmltJCHAzg8
VHpl7eSXDwzx7VU9T6VXuXh06cRWQJkHVRT2n1S7TZHD5ee+KwjiFD3Wm5eSuU4G3hX+aNsj2pOu
fasextdTsJd0jlo2PORW4CkgDRtn1rvpzc1quV9LmUo2I8UYp5XBpMVo7LTqSJijFLRQAmKMUtFA
CVk+J/8AkWr/AP65/wBa1qyfE/8AyLV//wBc/wCtAGD4Q/1SfWvUdP8A9WteXeEP9Un1r1HT/wDV
rQB//9X36sbxL/yA73/ri38q2axvEn/IEvf+uLfyqZ7Fw+JHyY6/v5f+ujfzNRlasSD99L/10b+Z
pu2vPvqfZKGiK+ymlKslRTGSmmQ6ZWK+1IvFTMtRkYqrnO4C04GmDinCgpEyNxUyPyKqg81Ijc1D
R0052LoIJrsfhrF5niHzcZ2Ec+lcSjY57V6N8KIczXEx6bjj8KKSfNqTj6vLh2xPihpP2bUxfJHh
GPOBXB7OAfWvcfHen/2l4ZumQbnjjZh+FeJRjOUPBXqDVVo2YsqqqpR8yFkqF4/aru3POKa0eayP
SdNMoGPjpULRc9K0mj4qFo6akc86KZmtH7VGyEVotH7VC8Zq1I5J0LFLBBpwNTNHionUirujncGh
wbmpA3NQDOaeDzSaKjKxZDU8HPWq6tUgapaOmMyYH0p2aiDU8GpaN4yHigikBFOqS9xhoDetOxmk
24pbhrEnt7ieznFxbStFMvI2GvUfCnxISZY7PV2Pm8ASNXk2SDwfxpSA3Dcj1rSNRw0Ry4jCwrxd
1qfUMcqSRh4pFkjYZ3qelSq+RgnmvAfDHja98PzqkjtLaD+A5Jr2LQ/EWn6/b+baTANj7j8H8q7I
VVJbnzWKwEqTulodCr9vSpA1U0k/hJ59KmVu2a0RweRaDClBzUCNmpAetMCbrSYpgbFO3fWi6Aay
+1V3WrQORUTjmi4GfKvtVKRetaci9az5lPNMChKtQGrMuarP1oASjNNooAcKWm5ozRcB4yenWgOC
flbLDqBUc0git3kY4AFcraapLbXkshYshNY1sRCk7S0LjBy2OwDvxknHvWXqlzbwuFmhQq3ViKbF
r9vKfnJH4VFrk9tcWQaMgsRwKmtWUqXNTafkVGEoSvYraZYCfU/NHzW45Ge1dKW+bA+6OlZ+jReT
p4B6GrgJK1WHhGnBOKs2TOXM7ku7PejNRilzW17kEm6l3VFmlzQBMDTg2Ec57VCGpHfEUn0pN2QJ
XZzGoEzTyKOazLrUrTw9Z75NrXBHC+9S6xqP9mQzT4y3QV53HHeeJNVDEllZhyegFfP4HBTxVSSW
kep66hT/AI09kPnn1LxDenJmZWOcdq63QvBECKJL7GSOAelb+n2lnpluIY1BkxjdjpU8ok4O/dX2
FDDUqMbQVmeXi83rT0paIZFpGn2b7Ut4iPXbWpE0EcBCRIO3AqmTvgGSFb3NOVgItqsC31re9/U8
mc5t+87k6mFzjyU59qmeCwCbTbRFz321UjkEeSeWxR8ztu6H3p8xCnYtJFFEMJgD0FWYbm5hbdE7
ADtmqiiNOS2TTzdAcKK87F5Xh8Qrr3Zd0dNHGVqWl7o6ay8RAqEn4I7mtyC6inTMcimvPN4fqBUk
NzNbHKOcZ7V5MqONwmjXPHud0KtCs97M9F3DGAeaASPeuZsfEQG1JuPet2G7guMGOQE+lbUcXTq+
7f5F1KTpq/QtUEZqMHn7wp26uozEKUwx1LmkHNAFdkpm3FWiBSFaNwdjmr7RMXX9owjkclfWiLVp
rlWSJAjKceldFt6jPB6isCbRfL1LzPO2RP6etc81Kn71JbmkfNkJg1S7yHnZYzxwaLPSruwmJM7S
IexNVNQM9lfCNbkmI4PBqpLqd6k22As61zPEUabvPWRXs5HSlTuzt4pCvGR0qvpVxc3IPnoVq8U2
5UV3U6ikua1jJkGKSpStNMZqxEdGaftpNtADDWT4n/5Fq/8A+uf9a2CKyPE//ItX/wD1z/rQBgeE
P9Un1r1HT/8AVrXl3hA/uk+teo6f/q1oA//W9+rG8R/8gW9/64t/KtmsbxH/AMgS9/64t/KlL4S6
fxL5HynIv76T/ro38zRinyD99N/10b+ZpMV5j3Z93GPuoZtzTWWpcUEZpXBxKzLUe0VaZfaoyvtV
JmEqZVZeaBU7L7VEVxVJ3OeULAKVD81Mzg08c0xXsP8AMKrx3r1z4YxCHQzMwwWkcfrXkQQyyJGn
JdwPpXtegRf2fpVvBjGFBP1rSjG8jizKt+75Ds123FvLbNyJEIrwXWrQ6brs0JXh2JFe1Wt2AwOa
88+JtiIrq3voxgFyDj6GtMRHS5hk+I5KnJ3ONXgYJzTsA1EjZUE9+amBGK4kz7BvXQaUyKYY+Km7
UYq7IHFMqNH7VC0Z9KvlKidOalozlTM946iaLmtBo+KiePHNCbRyzomeyYpmMVcdM9qhaPHarUrn
HUpNEQNPVqTZTgMVREboduqQHiou9OFSzaMiUNTwahU1JkVDR0RkSUU0GnA1Jpe4Yppp9BoExgPz
VbsNRutLulntJWRgc4B4NVcUYA9aak0yZ041FZnoUXxd1C2t1WWwErL1cEc/rT0+N8g+9ph/Mf41
53v42jp3qvNao/K4zXp4TE01aM0eFjcr0cqZ6knxwc/8w39R/jUg+N038OnfqP8AGvHHjMR6U9XG
K96nQo1FdHzdSNSneMkexj42Tn/mHD8x/jTx8a5T/wAw/wDUf4148pBqVRWqwdLsYupJHr6/GiU/
8w/9R/jUq/GF362A/Mf414+vUVbh60ng6a6AqrPW0+KDTf8ALmB+NWE8avc/8sAua8ytF5FdBZDG
K5KtCK2KjNtnbx6wbjqoFSrNvrEtOgrUi+6K8+pGz0Nk2yznNFIOlLWRYUc84opc4H1oAhuIBeW5
iLbQwwaqpodosJjBBal1qd4LULAcOw4xWF9uvrLErsefUVx160IS5Zq5pCLezNCXw4Sf3Tge1Zf2
eSPU4rWQEjd1qQarfSSfaIwxWtTSbxNRkJljAmXuRzXGoUKtTlUWmat+7ZmuoEcKRr6UuaQjBxRX
sbJJ7o5h2aKQdaXNABzmlFJ3pe1ADgabMcW8h9hQKjuiRauRUVHaDY47o8+8XK80IhT7zGrnh3Rl
0rTUfjznHNTTQrcTiRu3rVje52gHgUsjglRc+4ZjiZRSpR2e5JsOeeT61Isjxj5tp7c1DvY/dFO2
ORlq9rlueR7sVoch4mm1WynM6yKIT0GDWLB4n1GCRJGfK+ma63xdHNcaWEiXcwFecpaX7yLH9mfr
ivMxDqxmuU+oy2WGqYf98tT17SdR/tGwS4Iwx61oea7cYrG8O2rWulokow2Olae905xxXow+HU+d
q8qqTtt0JcMDUisfSoBOaX7Qw6iqTMbFkFvSpVkK/wAOaqrcN6UPfJbgmVgvsafNbdhy3LmQeq81
LBc3Fq26M/rVCHUIpQORVpbhSeK8vFZbhq7572fdM6sPiq1HbX1N+x8QngTr+Nb0N7FOgZJPwrgi
4k+UcfSnRzXFucxuR+NeXOjjsGuaouePlud8K9Gppsz0MMSOaeGFcpZ69LHgT4Irct72G5Tcjitq
GMpV9U7NdBzpzj6F/OelLmqyy44wcU5ZueK6/PqZ3tuTY5qpqtmbvT3VWKsvIIqzvzThJng9PSpq
RU1Z6D6nJWGhzXmWu2b5TtGfStuLTdP09AJCAexatTIA4GPpVDVNKTVYREZGQ+oNcsMJTpJyjqy3
VeyJlWNl/d7SvqKjMXNGn20WnQ/ZjLl+xY1b2ADI59xXVCT5SLNlFouaYyVfMQPNMMYIqhGeUppS
rxiqNoqAKZSsfxQuPDN+f+mf9a6ApWJ4qXHhfUP+uX9aAOY8If6pPrXqVh/q1ry7wf8A6pPpXqOn
/wCrX6UAf//X9+NY3iMf8SS8/wCuTfyrZNY/iP8A5At5/wBcm/lUy+E0pfGj5XcfvZv+ujfzNA5p
ZP8AWzf9dG/maAK8x7s++XwoTFIBT8UmKlJspxsrsYVNMK1MR700/WjUzauyuwqNl4qyQKYwGK1T
MZJMpspzmgGpmAqJl3NsHVuBVI5pq2tzofBen/b9XaVkJijAxn1zXrG3AAHYcVy/hLTTpekoXGHb
5ifaujjfjrmuukranzeMqupUt0LEUjIwrN8ZQDUPDRcj5ozurSUA0y7i87S54DyNlVNXizLCz9nV
TPF4G/dgdxxVpDkA1UuFa31O4iPRTT0lyK81qzPuaFS8E7l1TTlquj5qVWqkzpUkyUgYphQU7NL2
pjuQlAe1MMNWaKGiXFMoSR89KgeOr0gGagdeTUrQ5KsUUimKjK1bZajZKtM5pRK+KXNSFaaVoJsM
704NTCOaKHYq5Mr08MKgzil3YqLFxmWCcUuahDZp4NFjVTJBTc0A0Umh3uJnmj6UmMk0uKLBdpjS
gkGGHNVJLdkORz9Ku5IanZPPHWu7D42pRknfQ8/FZfDEX01MxXxx0NTq/NPntVb5l+9VZWK9RX02
FxkKy8z5PGYOdCVrF1TyOc1ch61nwuM1ehOTXVJtaM4OW5s2h6V0FlyRXOW3ODXRWJ5WuGs7o0j2
OhtB0FasQ4rMs61Iq8upubRJ14FLSCisCwoA3MAelFKoO5T156U0k9wMTW5/JvIT1VTk1W1TVk1C
2jhCYK98VcvbaO71RFkfaAelPk0WzH3Jlz9a8+rTrylaDXzN4uPUZYa1ZwWohljXIHpVfRwJtWkm
jG1M8Cpn0G2dWKzqWA45p2gW01vM4kHHY0U1iFJKaWgTcbaGw3PNJStyDSV37aGAUYopaAAUuaSi
gBwNV79ytm3vU9VdTOLI5rDEu1GT8i6avNHMhGc9DVnytq5LDFQRSnHHSlLsTzyK6Mmi1hInFjJL
2rRMZgvCj8aZl3kAJyPamcE49amGIlz3PFem12OVbWFl2hguAwpXSGPb+5TPXOKiU5kz3p11cwRb
Q7c4out5aBd3JphuCvH+VOSQldrY/OqyalaCKRWPO35cetee3us6imoy+WX8sHiuerioQ2dzWFOU
j00Q7jhSM/Wq15cjTojLOQqj1NcNa+I7gBd5wwPrVq+vf7YtzDJMFDDnmuWWZU7e7f7io0H1N1fE
sLjMZBHb3rH1yS91R1eAMAOwIrLTRJF4huR8g45pTb6vbj5DGQP9qvPqY6rV92+hsqSWxYiu9VtV
C+Q5A981ZTxLexH54pB+FZB8SXNqfLmgOR1KmmN4wh/jtmz7kVzRhUXw/mU4Jm9/wmhUkEsGHqKS
Lx7OXMYQnNc2XuNXlza2557lcV0el+DnRBNdyqgPJxXr4OnXbu2ZSVPsOfxNeyzB1Dbc8qK6TSvF
0bEI8pib0NZE72Vupt7KIySDgsRXPz280cxDDa3+xzWmKyrD1/etaS6oKOKqU2+qPatP8Q7lG5ty
+uRW9b31vcruSQZ9K8Et7jU9NQTMAYuuCeTXTaR4s88qgV42yBwK8ipTxmD1fvx/E7o16Nf+6z13
zCvepBIOO+fSuNtPETQkCdC2e9dDZXsdxiSPoT0rpwuNo4myg9QnSlHfQ0ft1uk/ktIA/pVjzEz9
8ZHvXBa80y6yDCDuPSpFtdYLKxPBHrWc8XKFRqMG7FKkrXudFr2mNqUCyW8+yROTg9aTwzNPJbvB
OSxRupNYQs9WVS4bBx61oeE5mM0ySrtkB5OetY0qkqldPlaKlFKO51RGc4pNopnmfMafkcV6hzib
AaY0QNSgijGaAK5hFYPi+LHhPUj/ANMv61023NYPjJMeD9UP/TE/zoA4bwf/AKlD7V6lp/8Aql+l
eW+EP9Qtepaf/ql+lAH/0PfjWP4j/wCQLef9cm/lWxWP4i50W8/65N/Kpl8JpS+NHy0/+tm/66N/
M0lK4/ezf9dG/maMV5ct2foMF7qEx3710fhfTNG1iQ215dvBcfh/WueCjv0pcur+ZHIySDoy1UZW
M69J1I2TPVz8KdKwG/tK5APQhV5/SmH4VaVkj7fcg9/lXn9KoeC/HzKE07VZCQOFkavTCA8SzI2+
NhkMD1rtgoSPlsTUxWHlqzgD8K9K/wCghc/98r/hUTfC3Sv+ghc/98r/AIV6DjPrn0qNl+tV7JHJ
LH1t2zzqX4W6X21K6H/AU/wquvw1062uY5hf3EnltuCsq4P5CvR3jyO9VZI/amqSF9dqyRgNbrEi
xrnaoxUWSDWvNCTnOMVnyxEGqSscjbeo6GTGKtREMHU/xDFZwypqaOQ596bC+tzjNY8A315qr3Vs
4EbAcGqqfDvWAxxImPpXpKSbup5p5U5GCaydKLPQhmVWCSiefR/DXWmAIlT8quR/DDXW581MfSu8
hnZCBk1qW90T/EalUUbrOsSup5unws1rvKv4CrC/CjUiRuuWH4CvUI3yo5PPvVPVvEFro0DvPIob
HAJqnTikUs2xVR2R53d/D8aZbmS6vDx2OK47UIoYGKxPu96v+JvGlzq9yyxyMkIPTPWueMwfnexz
61yza2R7WFdaSvUZGXyxFNanbec0EcVlqd1rkRFMKipMZ4pMCgzcSLbSbamIxSbc0XJ5CuyCoWUi
rxQVE6ZqkyJQKoNLTmjNMKkUzNqwoNOBpmCKXr7UxXJg1OzUAp4NJo1jJEopSaZml61JpcU80Z4p
QKQimPoIDTWhWQZPBp2004Yq6VWVOV4mNelCtHlkimYzE2e1XLZh1FPVVfhhS/ZirZTp6V7+EzPn
tCZ8zjcodO84GrZnkV0dh94VzFmdpGa6awIyK66zTV4njqLi7M6W06VqRD5ayrM5rXi+7XmVNzRE
wpTRilIrBlDaVThwaWjFF11C9jD1TT57vU43hJAzyRUp0FxjM7Z781Lq13JaSRNH0J5qufECKBwd
1cdSeHi/f0NEpSWiFk8PSMD5VwwYc9al0y7k8w2Uy/OnAYd6qnxBI2fLU5PSn6Kss1y88qlTnPNK
NWlOfLTuw5GtzZHUijFONIOldq2IYlFLSYoEFOpKKADvVPVuLKrnes/WGxbAe9c2Mf7mRpS+NHPx
9SKk5Cl/4V+9TFGScDmsPxNqrWkP2aFvnfhsV2YCapYGLZw4iPNXaNFNbs2uNiKGA7g1Yl1O327y
AB0xmuc0uyS2tNzANIR1q21vE4BZa4v7Ymm9CfYIvx69ZLJhgPzrk9U1SQ6wZkO6LJwM9q2hp9se
fLFIdPtWzmFPyrnr5n7ZJSRcKaiZ0Gt2srfvAEP1q4JtLlHOCTUEvh62kBIUAnpisyfw5cLkxOce
xrmXsqmzsatdjWax0uYHHyn1zVR9DtCf3dw2T6GsKaG8tHw5fimx3+4YdiCOxOK39nP7Mrjtc0bm
yurH5obpmHuc1WOp6ogz5ilfcVXa8VpBHF+9kP8AD1rd0rw3eX2JLhWWL0YV008NUl2Icox3Zhww
6hql0EVB8x5IrrdO8C2pZZr3lh2ro7HTbXTUxFEgbH3sVZYk85wa9ehhoxXvo5p1ZdCCOO206MJZ
wjd7imvbz3XzTPtTuBxVlAgYt396UlSRuNdUuVavQxbd7FJLUf6u2UD1JFWYdNtYV8yVfMlqTdzh
Rgewqe3sZ7hxgMB615OIziEXy0fekvuO2ngpNc09EZk9g182JSBEOgFaOnaFHgLAhGO5FbtrpcUX
Mgya0l2oMIoUe1edKli8W+bES5V2R2wVOkvcWpTtdGiQ5lbJ9K1YlSH5Y+O9QB88nrTg5BzkCuql
hKdFKESJ1Jy+Jla51uzguSssQaRemfWoX8WS7jiAKmKg1PQRqDedGSHNZ8nn6fYyQPbb26BtpNcu
IliuZ62RrGVNRsaX/CT3kq/u41wBWh4YkaV5Z3ADE5rL0O/sbbTpDdRpvIxhhzW3pskD25lgUKOl
Vh6VT2ilKdwqNW2NpZfnJqUS1mrJ71MsnvXeYGgJKkV6orLx1qRZaALgbNYnjL/kTtU/64mtNZPe
sjxg3/FH6n/1xP8AOgDifCH+oWvUbD/Vr9K8u8If6lR7V6jp/wDql+lAH//R9+rH8Rf8gS9/65N/
KtisbxH/AMgS8/65N/KlL4TSl8aPlxv9bN/10b+ZpRxQ3+ul/wCujfzNKK8uW7P0KPwoMUuKDS0i
iN4lkGHGSDlWFdt4P8cy6VcR2eo7ntjgBz0WuNxSFQV5HHrVQm4vQ58RhYYiOp9GwywXVus9rKJY
n53DtQy14t4U8YXXh64Ec5M1mxx16V7Jp9/batZLdWjhkbqgPIrvhVTPkMbgZ4d6LQcV4qB1q8V4
65/pULLWrPPvdGbNHkVQmh61tPHyaqSwikBgvEQai5U1qTxe1UnTBNAhYnA69auRyZArOUhTk1NE
5zx0pFF/bnkVJFK0QJJ2qPvMazL3WrLSoDLdyKpA4XPWvO/EHjm81XMFmvkQjvnqKiVSKR1YbBzq
vY9B1v4g6fpMZgt38+UjGV5wa8o1fXbvVp3edyyk5APasnkuzHLMerE0q8muWVRs+hw+EhR0aA5J
qxCpIpoWpo6yWp6ainsSDpilxxSdqBQapaCbaQipKNtJkNEWM0mOal20mOaAsRFabUxWk2ZoBxIi
mRULx4q1txSEU0yJUym0ZqPYavbBUZjx0qkznlBlXpThUjRmkCUyEmmAp4FNAxTwaVjZXJAtIVpQ
admixsrDMUgFONL3qL6g0rCqMVbhzjpVYDpViM9Krmd9DKVra6mjDGpxxzWxZqQ4zWVbY4wK27TB
YZr08Pipx916nzmPwsJXktDfsjnFbEP3ax7PaOlbEA+Wtpy59Tx3HkdiyKCKUU4ViwGYobgZpxXm
kYDbihNrYLGbrFlLexRmHgA/Maqpp1gsaiWVfMHWtqRjFbSHPAWuetNKOqyzOs5VBXDiqd5pxgm/
M1pSdjTg02zc+bEwIFXlAUAIAB3xWFYO2j3zWc77ozzuPvVrUtVityFtuTW1OdKmuZ2jLr6ikps0
xyTR2pkD+bbpMepFPrda+93M7WG96WlopgJRRRQADrWbrRxbr9a0x1rK1xtsKZ9a48e7UGzWj/ER
jRsER3boBmuAvpTfeImYcqrDiu01GQ22lOxPXNcPoY83UXkbu1EqjjhIw8jmlG9acjqz8oC4xxTQ
Dj271XvbsW1wiHoTUA1NEu/KJ+U85ryFCTV0IlvHmhXzYPmUdRUNvrkEvySfK3Q1pqAwGTlWrldY
s0guy0fGTmtaSU1ytBy3OnjeGQbkkB9jSXIkW3ZkZfzrjUuJYeY3LH0zWtY2+sar+7QNGn94itVh
Jy+ENEZt1dyTzFDuZwemKs2vg2910oRCUXOdxrv9C8DQQIJblwz9TmuvhhhtkCRKFx3x1r1aFD2f
xCUnPY5Tw/4CtdJhDSpG0g/iNbz2UcCFmYLjolaG4luelZmq5bCs4rrpzd7Ic48qtu2ZMrh3JAwO
1MyKa7YbAIIFPgtprhvkBWscTm1Oi+Sl70vIzpYGU3eWgwkA7utTwWVxdMCE+X1rWtNIRPml61or
tjG1BgV5jp4nGa15WXY7qapUf4av5lO00mKEAucn0rSUqi7YwBUWc0orspYelRjaMSZVJPckJ98+
tAJpopc1tfmIQ7dmhpUgiaWVsIvamgfNisfxJc+XbJCM4Y84rOpUhTheTGldkL+K2+2EwRsYV6kV
0FnqMF9biUuNvcMKxYf7JXSPLH+txz0rGtLa5d2W3kIU+9cSxlWnJc7Uovsbql1NzxGuniy3W/Mr
ECtfR0MOlKHXbnGK5y10iaa5QSyhtvOK6pWCqI1HCjFbYeEuZ1ZRs2ZzJ1cVIHqqG5p4f0rrMy2s
nNSrJVMOakVzQBeWQVleLHz4T1If9Mv61aDmsvxQxPhfUB/0y/rQBzXhD/Vp9K9S0/8A1S/SvLvC
H+qT6V6jYf6tfpQB/9L36sbxH/yBLz/rk38q2jWN4j/5Al7/ANcm/lSlsaUvjXyPlxh++l/66N/M
0oob/XS/9dG/maUCvLluz9Dj8KDGaWlAoxQUFB6ZHWlxQRzVCE+8cY49K1vD3iS+8OXgaCUmEn5k
PesrGDTD8q4Iz3pJ8r0M61ONSDjJH0Domu2uvWUc8BAcrlkz0NaBUZrgfhTp5i0+S6dT+8JK+mK9
A24AI4JNejTleOp8NjaUaVVqJCUFV5k9quMKjdeKs5DMliyOlZ80HU1tSJxVWaLIpMZhPFgnjgc1
zniHxVDoweG3O+5x8o9DXYSw4JBHBHWvHPGtg1p4ieRlJR+jHtWc20jswVKM5e8ZV3qN3qVw0t3M
XDHIX0qMHse1RD3/AApwznmuKWurPpqUVDRE33uT+lAGDSLTh1pXN0x4PapkOKgA5qVDzSRtBk+e
OlApu7inBqZsmOpRmk3UoNFgaQtIRS0VIhpoApSKAKBoaRzTSKlxSEGgUkRYpMVLtFBWmjJoh20h
jFTYpStO7IcSuUFN21Oy0zFNEvQZijFPxSEYp2EmM6UueaQ0oIHNZ8rvobXSWpKp4qaIEVRkuEjH
J5qH7YznCniu+jgale3RHm4nMaVC9tWdHDcCPGDmtezn8xga5O1Y8c5rpdP6rxivVhhY0Vyvc+ax
OMlXd76HWWH1rcgB21g2Hat63ztrCoci7lpRxTulCjinY5rnKGkUmBj3p5FMIos3sAbfMQxnkMMV
ylw01jdvBbuy7j0FdWMjkdarvaQfaftbkAqO9c+JpvERXK7NblQnynNmxurs5l3b/U1P/YjJAWkk
CvjjJrZt9Viu5WRdgVT96q2sTW15H5EU4Mh4AU81zrCYdRve/wAzT2k3sibSgwtSkjgkdMVdIxXN
WsN5o92j3JPkv0ya6cgMiyKcq3IrsoybVrWsRJdbjSMUlKeaStLMgKKKKGADrWRrgBRFP96tb+Ks
jWyN6D/arhzG3sNTah8ZxPiy6ZLVIVPGKwtAT9+AOuc1b8VS7rtI/rWfp1x9jucnpis5e/SSTOd3
vJlrxBIWnCrwwbP0rJLOWyT8/Y1NqFyLu5MhB5OaSC0num+RML606UOVcqROi3JU1i6ijCFxx7Us
VvfavOMBiPpWzp2gRj5pfmf0rp7aJbaMBUVcDHAruo5e2+ZoxnXtsjI03wta24V7ldzema6OO4S3
QRxIqqPaoo45Z2+VCxNalto+wb7k7QfWvR5KdFaGKUpu7ZLYyT3QGDhRWlIyQLl2AwO5rLudUt7Q
eTb4Bx1rJeae9cD5m56V5WJxtGnq3r2PRpUpv4djTvNZJBSDrWUPtN4+SWbNaNpox4aUbc1sRwww
DCKK4lHE4pa+7HsbqMIa7szbTRUCh5sk9hWqiJEAEUCjcfwpRXbRw1OgvcWplOrKejF3Z60Zz1pK
UVu3cgKUGkpRQtAHZopKKaVwJI/vFjwF6muU1KeO61UK0mEAxjNbWt3gs9PZUP7x6wNGjtQxe9YZ
Y5ya4sVVSmqUra7m0Iu10WjokuwyxsSre9QeXfWQYhSqAda6qCaAxAQOrIOlSSos0TRSqMMKieXU
pLmhp8wWIa0aMLw55s08ly7lsDpXQFssT71WtbZLOJljHGBU2QD78V2UoOEbNmcnzbD8808NUWea
fmrJJg3FOD+9QbqcpFAFgPWZ4mfPhm/H/TP+tXd1ZviRs+G77/rn/WgDG8If6pPyr1Gw/wBWv0ry
7wh/qk+teo6f/q1oA//T9+rG8Rf8gW8/65N/KtmsbxH/AMgW8/65N/KlLY0pfGvkfL0n+ul/66N/
M0gpX/10v/XRv5mk6V5kviZ+hx+FDqcKSikUOoopcUwEpp+aRQvVuKfiruh2pvtctoAOFYEn8aaV
3YzrSUKbZ7X4Q086d4V0+FvveSufritvGfwoVBFEkI6IoAoAJbgV6MUlGx8BiKjqVHJ7DGHNMIqc
jJ/nUUjJGMyMEHYmndIyjFy2IWXg1XlTIq5gOu5TketRsv8A+umNJ7GVLGRz6V518S9N326XYH3R
k16hIhIbIrnvFemC/wBEnQ5z5ZxgVnUWhvg6nLUS8zwcYKhx34pvQ0sYJjX5cMDnFBFcO+h9Vra4
4GpAeKgFPDUWKTJwalU1WDVKjZoNoSJgaeGqH8acDSNkyyDxTgaiQ08U1saIdTqYDT6QwoApcUoF
Fi0IRSYqQrTSMUAxAKUrmgU6gzcRmyjaKkAzS7aZLiQFfSomqy4x2qBlzVETg7ERJpMGn4AqKWQI
ua0jBz0icjkkm2EhCryaoTXgIwtQXN4XO1TVYHJr2sFlyj78j5/H5rOX7uJNkscmrEQqqp5q5Ac8
V67Sa00PG5n1dzTs/vCum0/qK5q0GCK6SwPIrkq6KwtDq9P6Vv233KwNP6CugtuFFebU3LRbUU6h
fSlPWudlCGkPSlNJ2o+dgG4PaobqLzrJ1X72Kn6Ug4Pseopv4XHuCk10MDRordo5IJ38t8nmqTJH
p2o74280Kc5NWdetDb3P2iMlVYAcDvRa6PJcxrLKSFPWvIqRqRapU4Xt1OhNJc0mQX2pSaogUJjZ
Wvod0biz8puHj45qzbaZbWwwF3HHesa/nGnayjwj92fvgVtGlUw8vbVpfETJqfwo6Art+X+7SUiS
C4hWdPutS44r0IyUlcysFFGaBSEA61i61wwPuf5VtAc1ia2MknPSuHMnbDm1D4zy7XZPM1RuTgAV
RSJ5CFQcepq9foP7SlLcgY7Voado9zfEMVMcXrW+EwUqlNSlsclaoo3KVrp6K4z87egro7PS5GwX
G1cVdgtrDTEA4kkq4kzSryNq9q9ajhow+HU45VGxscccK4Ayaecmk4U00SZYqoJrPE4/D4de+9ex
dLD1Kj90v2s62o8w9ccVFc6lcX8nyZAFOt9MnuG5JC9a24LCC2QAjca8OdbFYx+4uVdz0oUqdBXe
rMi00iSb55a2YLOG3UEDJqYnsOBSDiuihgqdN8z1YSqNikkt1wKKTqOaWuptszt1uKKM0lFGwDqK
KDQAZpabTvrQADrT1wimRh8oFMHJ45rM1trx4Rb2ynJ4JFKbcQWpi6nfpcapGr58kng1pXPh0tEk
tu+5WXdiq1kLaHbbalCQw6ORXUR7ViUQvlAOMVxUcPSqqTmr377o2c3T0icgDeae/wAwKqK0tIe6
v7sTSN+7XpWveW0d9bmN12seM0WVqtlAIlOQO/rRSwsqclZ3iDqprYtMRuOKTNJwelFd1kuuhjuL
mlpmaWgB9OB4qPNOHSnYB4NZniM/8U7ff9c/61oDpk1n+IUY+G71sHHl/wBaT0DYyvCH+qH1r1Kw
/wBWv0ry7weP3OTxzXqOn/6tfpQB/9T36sbxH/yBLz/rk38q2axvEf8AyBLz/rk38qUtjSl8a+R8
vP8A66X/AK6N/M0nelf/AF0v++38zQK8yW5+hx+FC9qcKbThSKFFLSdKAc0xik4BPpXafDDTRda3
NcOMhCMHHtmuJc4j969i+GGmmz8PS3DDBmfd+mP6VrSV5Hl5rW9nRZ2jks5NJkgU4guWxxj9ayNc
8QWOgWLTXMn7zB2xD1rtckj42lGpUfKluW9S1C10uze4u3CqBkDPWvF/FXi+88Q3JjjmaG0ThNrE
ZPrkc1S8Q+IrvxFeGWdj5K/6tPSsjA6g5rkq1ddD6rL8qjRXPPU9C8HePJY5IdN1WTemdqMeO1em
gq0avEQ0b8gg5r5vZQ4wa7Dwf42m0R1tL5i9m3yj2op1n1MMxypSXtKe563IvVRVeWASwvGwyCpH
6VZtp4L+2W5tJBJGw45p2ArDjr1rrupI+clzQautUfOGs2RsNbuIQMLvIAxWc64rvPibpzWurreB
eGfn8a4iRfSuCXuyPr8M/aUosqkUgqZl5qIjBpIJKzHA4FPRqizTgaY4yaLKmn1AjVKrZqWjojK5
Mh5qUGqwPNSK1GxvGRKDzUgNV91SI2aLlqzJhTwKYpp4NNGkUSKKRkzQDT88UWKaIcYoFSGkAHei
wrABTwMUDApQaYJLdjWG6oylTkZHXpVa4uo4lwv362o0p1ZcqRy4mvRoxc5Mq3UiwIc9awLm9aVs
A8Crd8zSIWJ5rH5ya9/D4NU1eR8XjcweKk+TREgIzmnKaiH1p6/Wu2Lsea11ZMp5q5AeaoqauQni
tLivc2LXqK6Ow6rXM2h6V02nnkVzVVoNHV6d0FdDb/dFc7p56V0Nt92vMqrUtF5OtKetNWn1zMoa
aO1KaaaADvSUtB6UAQyxR3ChZRkA8USyrbW5LHCqOBT+Oaqarbm60+TZ99RxUyk4J8q1KitdSgPE
W1n3Jx0FZkUZ1C+yz/ITyDV3So7F7WU3eBMvTNZkhaO7doDhT0968evKdozrvS+yOmFmbR1IWN+t
iDmEd62CRww+6RXMw6Vc36FiNn9a3NNhmhtvJmOcdK9DDVa1XWa5V09DGpBXLFLRRXW9zIB1rA10
53it8cNXP62TulOegrzczv7FWV9TfDt82h5w8yQ6pK7jcOOMVs28+o3+1IQYYO+RiqdksT30sjxl
2B4FdJEZWQbjgdhXrzxdChh4ucvkeZ7Kc5y5V1EgsIrYBpDvf1NT7yeB+Aqa3sZ7g4C4HrWzbaVF
CA0nLV5dTMcXi/coLlj3OyGDhT1qamRb2M90ehA9xWza6VDb4MgBNXh8q7RwKSlRwVOm7z96Xc1l
W6RWgYAwE4FKcE+tJRXfbo9WZNthRRRQAUtJRQAtFAooAM0tJRkAUALS859aRctVW/1GKwQKrZm/
hAqZThDWbshpXE1PUUsYxhhvbkCsweIbgYZVDGoreNdQu2N1HiQnhqbdaVcaXdfaFUywnsOwrz6r
rzlzwl7pvHlW4l5qo1CPbLH+89QKg0/UrvTHLSZeIngda27NtJu4zJkRkfeBq1HaWNwC0K5UHGaI
4es5qp7S4+eNtSxa3AvLcTgbc9qlyT1pqoFUKvAFOFeiu5zN3Yo4ooopgLSim5yaeAW4AyaW7sgQ
lPRGaori6tLCIyXkqrgZxmuE1/4kqpkt9LB3DjcBW0cPOo7IiVRI7jUNUstHiaW4lXIGdu4V51rn
xBl1aT7Dari2k+Vj7VxV1PcX8pmu5PMLc1JacTRqBgZ6V6CwUaVNt66HP7VuSPWvCAJiQnvXqNh/
q1+leXeEf9SK9RsP9Wv0ryjrP//V9+rG8R/8gS8/65N/KtntWN4k/wCQJef9cm/lSl8JpS+NfI+X
WP76X/ro38zSikb/AF0v/XRv5mlFeZLc/Q4/ChacKbmlxmkUKDThjNNGKcPWmCQ6FDNcwRAfMz4x
X0LoVn9g0C1teSwXP1rxPwdYDUPFFvGwyiqWJx06V6T4y8bwaDALOyw9yEwMHpXTSaSbPn80UsRO
NGKL/ijxbYeHbZw7b7k/dQHvXi+qate61dNcXjfMeVTOQBUF3d3eoXUlxdSl5HOdpPAFQj2596zq
VG2d2Cy6NCKvuAJFHXijNFYnpLQOlNIDDBAI9KdSZo8xNdTf8MeLbrw5OFcmSzzypYjbn09a9l03
U7TW7FLq0kDqwBwOtfPeMj19jWloniG/8O3SS2kjNHuBeMnjFb0qrvZnj5jlca0eeG56L8T9MNxo
DXKjJjZcgfWvHQMopr3htWsfF3hi4EOPNaMll9xXhjQ+RLJC3BjOOaK1m7ojLJSUHSluis61Cy1c
dflFQstYJndOnYrEYpA1SOtQkYrRHM00yUGpFbFV1NSqaGVGdmWFfnpTuvtUINPU1LOhSuSA9qmj
OKrE809WqTZOzLitUoNU1aplfNNM3jIsZpwOaiBp4NVcu9ySg03NOBPUc0xt2VwwMgfnSorySiKN
C0h/hFOggkublYLYFpX7AZr2DwX4Ft9KtxfXyiW6OCNw6VdODbPOx2OhhYe9qzyiTw7r8y4i06QK
f4jUSeBPEL8m0OfcV9LBtvAwvsBS72Pv+VetQruirQR8TisRPFSbm9D5mk8AeICObM/lVJ/hzrxb
izb8q+pw5x94/lQHPf8ApWssbUl8RyqjbY+WB8ONd72j/lT1+G+uZ/49m/KvqXcf84pp3d/6Uvrk
g9kfMI+GevN0i2/VauQ/DLXv+mY+oNfSDEkcE1CQ1V9dlYrkPCbf4ba0gG5ovyNbFr4G1SHBZo/1
r1h92cZNVXyc5P51m8XKQKJxdt4eu4Mbmj/OtWKyljHzYrWkHPaq747VjKbkUVwhHWlNPPWmmswG
mmnrTjSYoAbQTTsUhFADaVSAeRx3pKB1pptiaOf1vSnRhcQZIJ5WrOlaXG8C3E2fZTWsQG4fkelH
ygYAwo7CuX6vBVOdxuzXndrCeYqkDcEA6UN1znIqnqNk90FMTEfSrdvEVgCsTkdzW/M5P3kQ7sM8
+tLgjtVO+1SDT1IOGf25rHXX7lpQwHyk4qJ4iFN+/wBRqm5K6Oj6sR0Nc5rB/wBLKkcHg10cR86E
OcAkVUk01Hm82QZyc81hjqE61JRgVSmoSuzm7TSfmZooeW7mty10hFAaUkkdq0kCRjaigClPPWs6
OXQilKp7zRcq2vuAAqDCKAKTOetFFehtojFt3A80lLSU79BBRRRSsAUUUUAFFFFABnFLSGgUALg0
5ULUigMTzgCsi81G4lZ4LMZYcE1M5qPy6DsWdR1SKyUqnzv0IrN0VIbm7aa9fJ/hB7VBp8U/2tob
xNzN3NR39pLYSsCSA33SO1edWrVU/a2vHqjaCi9C8NVittWaKWIGMn5WFbE2qW1usQkJZJQAAe2a
wtIhsZo3F7y6nIbNZflyanr7xQFjDC4288VpTrSVK8dnsJwu7PQ1tW0zdcxi0QhXPzYrdtLZbG2W
Jec8nPrT4v3cQVwCw707Oea6oUlGXMtzJtvcdRRRWz8xX6C59BzS8n7oyaVI2bnoPWsfW/FOn6EC
rMGlx0B6mnGEp/CKTUdzZIWJDJMwRQMk1yWu+P7HT4nissTTdOTiuG1vxhqetysqOYbf2NYIjGQx
JY9ya9KhgUtZHPKrpoX9S1q+1iTdPIwXP3QeKpqqr90AetLxk8/Siu+MFBWRztt7hUttn7VHk96j
HSprYf6Sn1qaq/dy9GOHxI9Y8I/6kV6jYf6tfpXl3hH/AFIr1Gw/1a/Svnmegf/W9+rG8Rf8ga8/
64t/KtmsbxH/AMgW8/65N/KlL4TSl8a+R8uv/rZv+ujfzNKKR/8AXzD/AKaN/M0A15ktz9Dj8KHi
ikzS0ihaM4INJmnAd/SgL6l/StXl0hZnt+J5ONw7VQlke4na4mcyTN1Y0o7880hJquYhU4qXMkJy
RzRQKKl6l7O6CigUtFgEo60tGKA8hDSD2pcUmKdhJWZY0zUrnSrpZ7SZox0dB0NQ384vLuS527S5
yR703sRng009aL9zNUYK8luyM81Ewqdue1RtUicbIrOtQsoq4w4qF04zVJnNOBVxg04NSstMxV7n
M1ZkytUitVYHmpVYUmmawkWAQaXiogakBzUNG6dx4apUfFV8YpQ1I1jIvK9PBzVVHzxUyPnPFNM2
jLUnVsc9TU1tBPeXKQWcbSTMQAB2zUdla3Op3X2WziLO2BnHAr27wd4Nh8PWsUtziS8KgsccCuin
Bs4MfmEcMnrqO8GeCoNDgW5uoxJcsN2T/DXX53daazBjkmlzn2rsjFJHxtavKtNymxSMUg4pc0h5
p69zBJCg5peKbQKNe4EgNHWkpaAsgqNsVJTTQBXkWqsi8VdkqrJzQBQlXiqzLV2Rc1VYUAQEUwjm
pDTDQA00lKaTFAAelJ2paSgBDTcU/HFJQNDSKTFKaO1F2T1Kt7cSWsXmRqWI7CsSXV7nVmNrbExs
OvrXSg7e2aqjTbeGdryJcSdTisqtNyldM0TRz9vD/ZTONQRpZH+6zVHZxfatRUhRt3fdFWdW1Q3c
vkXERAX7rYq94eswkZuT90dxXnSiqmJ5Hqo6m8XywY3xGXtkjkim8vbj5fWl0zWWusRzAk4rL1Jm
1a8Zs/uUJ5HtU2jKPtXmZARfWtalearpRejJhBOm2zpDHzwMd6QqRyc81z2r6+018sFqCFHBYU+y
1m6ZhG8LMB1Irp+s0udwW/oZKm1G5u9BjFHFVE1i0fhjtb0NTpc20v3Jlz6VtGUZbNEuLRJRTtuQ
CCDSFSDjIzVCeiuJRSlWA5/SjaeM45oAbRTivGcgVG8iQKWkYKPejpcdtbDqUcjC1TfV7JGA80HN
S3NwsNkJ16Fc8VPPHXXYOV2uWNvy4yM0mc8dxXLWerzG78xzlCemeldQrpMgljPynrWdGvCtrBjl
BxXMyjrpuI9LMlr97PNQeFp0lseQBPk7s1rbRKjRt0Ncw839j3jhOjHNYYmfspqo+pdNXR1AAkbb
tXeO+Kqytb6lutmGWQdapN4kgFsCv+sPFT6VDiJ7hxgvW6xFOorRV0TKDTuzAWzkur97SMFVU4LC
uosrGHT7cRxoPN7v61LGkcXzIoDNyTT+p5qaOFp0k3bVhKpKouV7AOetL7D86Tv/AIUrFIk3zSLG
g5ya6dW7IzbtuPRWbgLuqK+vrTS4TLdTRjAztJ5rkvEPj+1si1tYKZJQPvKeK83vb+91adpryVir
dtxwK7KODlPWRlOslsdb4h8f3N4GttOLogON61xjrLcSma5leV/Vz0pUAQfKMY70vU8816lOlGmr
ROSTc/iAYHApcUuKK0EJilxRRmnYBRUtt/x8p9ahzUtt/wAfKfWs6v8ADl6MqHxI9Z8I/wCpFeo2
H+rX6V5d4R/1Ir1Gw/1a/SvnZbnoH//X9+7VjeI/+QLef9cm/lWz2rG8R/8AIEvP+uTfypS2NKXx
r5Hy4/8Ax8S/9dG/maUUr/66X/fb+ZpK8yW5+hx+FC06mjrTqRQClzxSHrSjpQACg0tFACClPSkN
FAAKDS0UwEpaKTvQAUUUUAJQRS0UgGUwjmpCKYVpEsjI5qNxU5HFMK0GUolVlqErVtlqJlq4yOap
TK/Q0ob2pWWmc1e5za3JlapAarAmpFc1LRrGpYshqcV4zUO4daeX2sPlZnPRQCc/lUXbZ0c8bXYq
sBzmtTRtLu9cvBBag7e7DoK1/D3ga71Z0nu1eK34bGAM16lpul2ei24hsoQqY5cjmt4Um9WeZjM0
VGPLT1ZL4T8MWXh20XAD3TfeY84rp1fv1571jRTEHrV6OXPeuyMVFHzdarKo+Zvc0A+RTwarI/HW
pQSe9UYk4pajVvWpAwoAKOlHJNKeetAADS5ptKDQA4UhozQTQBHJVdxVlhUDrQBSkHWqrDmrsi81
XdKAKhXmmMOasFTTClAEBFIRUpWkIoAhxQRUmKaVoAZTe9P280hHNADDR2pxUUmKAGjOeKDjGefc
U7FIaAKt5p9tfpscbSBwRWFONS0q2e3hy0J6nFdL1PuKdweHUNnjBrGpS5rqO5Sloc1H5UGhsw/1
jKST71UsrS5u2LxnbCvUiunn0+C5Tytu1BzxWXqEV1aW/kWaHySOSvU1yVcOr+1fRbGkZ+7YyJ0j
+0eVEMsT1rqtNtYrOyUSL85XJbNc7pMaS3YD8MvY1014wSyfDDIXpTwNNqMq8tx1ZXSijkZwJb/M
ZwC2Ola9xo0MNsrpOfOPOKyba3l1C4KJkN14qzZ2122rCGdmyg4LdK5aDTU5NfEy6lkiK3uNRDum
84Wp4L++uZhFHy1bWqwxwWzeWoDY+ZhXO2N09ncCZRnFbV5yoVKcFL3RRipRZcbVrzTLrF6P3Q61
LeXlzJELu2b/AEd+ntWdeSza9c+VtGCea2J7IadoyW4OcMTj61aqOcKlnothSik0UdPubm5lMsz/
ALpO1SNcf23erFGxEQPOO9Q6QNyPHngt0qCwb7BqOEPylunpWMcQ3Cmm/i3G4LmZqX3h+B4j5D4d
e+KTyp4NDaCbnaSOfpW1tJAZeV6msrVLyKW3e2T74PLZ9q9GdKMLzZjDVWMQ29umnRyxt85UbhVr
SNSa3YROMo3rVjQ9NspLYNK2845Gazr2KSPUGgt4ztP3TjNedUjOLjVpbG0Wn7sjrVOcPGflqpda
Va3cm985qjpNlfQPvuJSY/StgnLEjp2r1NakbyjuYW5TOj0KzQ561oKAqhF+6vajNKu49FzTjTjT
XKguw9x+VORC/OcCoru8tNNhM106rxnk1554g+IVxOWttNKonTeBXRSoTmZSqKJ2er+JtP0OJskS
S44Ga8y1rxfqWtuYlcwwegHWsSQy3DiS5maR/wDaOad+FerRwkIbnLKo2NCDdubO71B608j1/Skp
RXSZXuKBxzS4oFFABRR3opgFFOopgIBUtuP9IT60ypLf/j4T61nV/hy9GOHxI9X8I/6kV6jYf6pf
pXl3hH/UivUrD/Ur9K+dlueif//Q9+7VjeI/+QLef9cm/lWz2rG8R/8AIFvP+uTfypS2NKXxr5Hy
65/ezf8AXRv5mgUN/rZv+ujfzNArzXufocfhQvenGm05fekUFL0peKSgAzTqSkoAXFGKSigBaKKK
ACkxS0UAGKMUUUAJRR3opWADTadSd6dgGkVGalNMIqWQyMjNROuKnIphGSaFoZSjcqsDUbAVZdcd
qhddvNaKXQ5akbehARjkt+FOhDyPtjjd29FBP8q19K8MahrEisq+Xbnks3Uj2rv9M8P2WkxgRJuf
GCxraFNs8uvi4U9nc5HR/Bepahh7hVgiI4YNk/lXoOieFNM0nDhEeXu+OSaljlK4CnA9hirkM3OM
D6mto00jyq2YVJ6JmzHICowAB0FPPzdefrVCOTnrVuOTitUcbk27seVI6VLHKV6mmggimsnegk0I
p+OtW0kz3rERyp61ainOeaANZW5qQHmqUcuT1qwr80AWVNPGPWoQaeGpgSZoxTc06gAzikLUEZpp
FACk0xhmnGk7UAVXXmoXQ1cZc1EyUAUmSoylXGT2qIpQBVMdNZasshqIqaAK5FNIqcrz0pjLQBD2
ppFSlaaRQBERRinkUY4oAjxSYpxFJQA0qDig/SnUmKadgG85z0oDEE+hp1NI5pLR3BaEAs7ZZvOC
fP7VT1LTLi7k8yKTC91rTwR3pQAoyCRUSpxaaS3HfW5zNvbXum3QlWIsPao9Sv7u6lCQQuspPWuq
3vjAP503y4927b8/risFh5U1y03ZFuV9zFmme10ZYbt8zsKo6WIpC0MuAxHFdFPZQXMgeQZYdM1D
/ZNqJRJjDDnilUw8nWUt0hxnY52Nm03UskYwe3TFdBfXtrPp/mBwWxyKfPpsNz8zYB6c1AmiWy8Z
OPSpo0J0uamvhl07A5pmLpt7FbXW91OxzxUl9pFzFP8AaIMuj8jHat0aVZgYZQQOlWU+RNgJIFKG
B9zkm7voEq3vaHOwnVDAyKH+YY5p76FPJaqEP70nLE10G4r92guQSRnNbww7j8buyHPsZljoy2BV
i2WA5GeK0QVVtwQbvUCk4xyTk0cqcAZrWMI0o8q2E73uxSxPA5+lNGS2NtPRGc4zsHrWVqvijTNG
VlZ/MnA6A5rSMJN2iiW0tzVZUhj3zSBB71yfiDx7Zaapgs/3kp4yK4vWvF9/rUjLHmKPPAPFYSxh
ecAk9Sa9GhgUtZHPKt2LWoalfavMZbmVyn8Kk8AVXAC4CgD6UcjAzS9K9BJJWjoYSbkFFFFMkXFL
igUYpgKKKKKAFxzQRzS96D1oAMUuKKKYgqS3/wCPhPrUdSW//Hwn1qKv8OXoy4fEj1bwh/qRXqVh
/ql+leW+EP8AUivUrD/Vr9K+de56B//R9+rG8R/8gS8/65N/KtmsbxH/AMgS8/65N/KlLY0pfGvk
fLz/AOul/wB9v5mkoc/vpv8Aro38zQK817s/RI/Cgp2aTFAFAxw6UopBS0ALRRS4oASilxSYoASi
iigB1IRS0lAAKKXFFACYpO9Lmg0AGKQigdaU0WAbim040lSS0NIpjDJA6j09KkbjqcD1PetbQfDO
oeIbkJBbskB6zE8YojFvQyrVI043bMSKCS5mEFvFvkPQLya7vw98PEUJeauTv6rH2rutC8I6b4eg
AihSS47ysMmtOZdxyefr2rsp0bLU+YxmZuTcIbGGbWKCMJCixoBgADtVGWP0HHrW/LCCOgqhPDx0
4zW9rbHit3Mdsqakjk6c1JNHjtVYgqaBI0o5enNXopMnrWHHLz1q9DNz1pj3NeOTmrCtmsyKWraS
cA0CLDIDTQdp605XDDmnEKaAHxTYPWrkc4JrPxjpSpIVNAGzHJnvUwasmOcA9auJMCOtAF4MKeGq
qrg96lVvemBMTSE03dRmgANJS5ppIFAC9qYRTt1JzQBGy1GUqxj1ppFAFVkqIpVtlqMrQBVKVEy8
1bK1GyUAVWWo9tWXXmoytAEJWmleKmK0wjmgCPHFNK1KRxTSKAIjSVJikxQAzFJTyKQimgG0EcU6
kNJAMpeaWlp9bgRnNLinYpKmN0vMBppOafSVWtg0GmkxinHpQMY5/lStfXqF7sbzR0p4DN91Sfem
XMtvZJ5l1MkajsTzRyt+oPTVjkVnYAJn1PpVW+1Cy0mFpLuQbh0Ga5DX/iAkQkt9PwT03DmuAuby
91BzJdTyNntniu2jg5S+IwnWWyOs8QeP7q8LQWICx/3wa41/MuZDNcSNI575oCheFAApwJHTivTp
0o0/hOeU5MAFUfL+tFB5pK0IsLijFApafoAUUuKSgBwpaQUooAMUYpaKAFAoxS0tAhMUYpaKYCYq
SAfv0+tMqSD/AF6fWoq/w5ejLh8SPVPCH+pFepWH+rX6V5b4Q/1Ir1Kw/wBWv0r517noH//S9+7V
jeI/+QJef9cm/lWz2rG8R/8AIEvP+uTfypS2NKXxr5Hy5J/rpv8Aro38zQKJP9dN/wBdG/maBXmv
dn6JD4UPFApBThQUKKdTQacKACiiigAooooAKQ9aKKBCilptKDQAUUUUAJS0dqKBiUUtIWITcxo8
habsTHOKWNJJX2QRmSQ8bVFaOjaHe67ciK1iYrnBYj7teu+HPAtjoUSST7Z7kjqR0rSFFyPMxeZw
oJ23OP8AC3w4nuTHfaoxjjHIgbGa9Pt7aCzhWG2QRxKMYUdastkEYwqDoBTD0yK64U0kfK4rF1MR
LmuQuvOeMdgKgdRVoionXPartY47t7lJ0yKqSRcVpsnFVnjyaAMeaHnpVCeIjtW7LFzVGaDOaQGK
V2mpEk2nrU00OCaqMpU0DNGKer8UvHNYSSEGr0M/qaANlJBip1bPes2OUYqyknHWmIuikK1HG/FT
AjFAEYO01Ok+OtMKgioipBoA0o5watLKPSsVJCtW458nmgDVEgPSjdVJZR61OGyOtAE26jdUW/NG
7FAEoYU4NVffUgbimBPmkxTN3SnA5FACEUxl9qkoxkUAVmWmMlWSlMZaAKjJUZWrZWmMtAFQrTSt
WWSomWgCArTCBU+3nmmso9KAIcU0ipttNK80AREUhFSlcU0jigCLFBWnkcUmKAGYpKeVpMUAJSYp
2KTGOtMLXG0nFKQTjAzT3RY4/MndUX0JojFyYXsR4LDAFD7LaMtPKsSgc7jXNa149sdLZorZPPYD
HHY151qfirVNZdsyNHGT93NdVLCVKj00RlOsuh3mveP7CwUw2BaST+8BkV55qms6hrcpNzJhPQMa
oCMdSxZ++acOK9OnhoU/U5pVGxqRInTAp2eucmkNFb3tsZinFFJSikMKWkpaACiiigQtKKMUUwFx
xQKXtQKAFFLSUoFAg70tGKKACil7UAUwAVJD/rk+tMxT4R++T61FX+HL0ZcPiR6n4Q/1Ir1Kw/1a
/SvLfCH+pFepWH+rX6V869z0D//T9+7VjeI/+QJe/wDXJv5Vs1jeI/8AkCXv/XJv5UpbGlL418j5
cf8A10v/AF0b+Zoof/XS/wC+38zSV5r3Z+hx+FDqcKbThQWgFPptKDTAWiiigBaKSlpAFJS0GgQl
GaMUuKAAUGgDmjvQAUewGSelISAMmrmm6XfazceRYwO5B5YcAU4pyZE6kYK8mU94BCgFn6bRXa+G
vh7c6tLHcagGjgHIXpmuv8L/AA+s9JiS4vlEtyecMM812u4lQoCoq8BQK6YUluz53G5vd8lMqafp
llpNusNlEEUDGe5/GrPPt+VKBQc10bbHzs5ynLmk7iEZ60hApaCKZJGRTCKkxTSKHqBCVzUDJg1b
7VG4zSsBQkTNVJY+vFajKKrSR+1FgMWaHPOKozRZHSt6SL2qjLD7UAYrLtNOWQrVqWHHaqjpg0AX
YZiR1q7FJkdaxkYjpVuKbA60hmzG/oasK4zisqKU9jVuOQE9aYjQDZ607r1qqshzxUyvxQA50Ham
glakBz1pCuaYAs2OpqzHPx1qmyU0ErSA1FmzTt+aoRyYqcSZoAs7qcHqsH96cH560wLgbipFbiqY
epkbjrQBYBzTxUKtmpFNACmkKjFP60uBQBAVphWpytJtoAqslRslW2WoyntQBUKUxkq2UqNloAq7
KQpVgpTCtAFcpTStTlKay4oAhK8UwrU5GBTCMYz3o0BIixSbTmpxGx7cVBdXFnYqXuZlUehNNJyd
kDaQhHOBzSyIkKGSZlCDnk4rj9Y+JFjZhoLEpJIPSvP9U8R6rqzsJJZI42OcK2OK66eCnPfQxlXS
PRdY8fWGmqyWxEkvTGM4rzzVfFer6y7Ay+XF2wMVkiID7x3H+8etKRxjOR7V6VPDU4LVHPOq2RrH
825iS3c561JgZBHUUgo6VuZgeuaSlNJQAUYoooASlFLRQAlLSUtABS0gpRQAtFFGKAHUCgUoFACi
loooEHenYpOM0tABSgUmKUU0AGnw/wCuX60w0+H/AFy/Woq/w5ejKh8SPUvCH+pFepWH+rX6V5b4
Q/1Ir1Kw/wBWv0r517non//U9+rG8R/8gS8/65N/KtmsbxF/yBbz/rk38qUtjSl8a+R8uyf66b/r
o38zTRSuf3s3/XRv5mkFea92focfhQ4U4UwU4UFodRSUopgOBzRSDilFABQOtLRQAtIaM0UIAoBo
o/CkJ9xetNLL0UEn2pHYRjLEAGreieI9M0q5M13paXbIcruYgV1UcJUq/CjgxeYUsPF3d35HSeGv
AOo61Kk9xm3teuD/ABCvXNJ0Sx0O3EdnCuccsRzXmUfxvjijEUWjRKg6ASn/AApx+OA/6BEX/f5v
8K74YCpHofI4rM51paPQ9bHPQ59aMe1eSf8AC8B/0CIv+/p/wpf+F4D/AKBMX/f4/wCFafVKq6HD
7RLY9a2mkIOK8l/4XeP+gTF/3+P+FH/C7x/0CYv+/wAf8KPqlTsLnT3PWefSl5x0ryX/AIXgv/QI
i/7/ADf4Uf8AC8Bn/kERf9/m/wAKX1Sr2DnR6wR7U0j2ryg/G8f9AiL/AL/N/hSN8bxjjSYv+/x/
wp/VKnYOdHq5HtUbD2ryr/hd4x/yCYv+/wAf8KafjcP+gRF/3+b/AAo+qVA50epsh9KhkjPpXl5+
N4/6BEX/AH+b/Co2+NwP/MIi/wC/zf4U/qdQOdHpckZz0qrJESeledH41qx/5BEX/f5v8Kif4zKf
+YTF/wB/m/wpPCVB8yO8nhGelUpIOuBXEv8AGEN/zCov+/x/wqvJ8XAR/wAguMfSUn+lQ8LUQ7na
lCvakBIHSuDb4qBv+Yan/fw/4VC3xS/6hyf9/D/hUOhJDuelRSnir0cteTj4pkdNOT/v4f8ACpU+
LO3/AJhyf9/D/hSVKQrnr0chqdHryNPjBj/mGRf9/T/hUq/GTHTS4j/22P8AhWn1eYXPXQ5xUiuT
Xka/GcY50qL/AL/H/Cnr8acf8wqL/v8AH/CmsNMOY9bxntTGQ56V5YPjWP8AoExf9/j/AIVPH8ZA
/wDzCov+/wAf8Kf1SoLmR6XyO1OVjXnkPxWjlODpqD/tof8ACtK38fxTn/jwQfRzUOhNBzI7UMac
G5rAtvEsVwB+4C5/2jWnFepKOEwazcWh3NEPxUqvxVRZARUqt6VIy4j1KjZNUkepkc560AXFPvTw
arq9SqTQBLijbQtO5oHYjZaYUqfGaTbQIrMlRslWiuaYyUAVClMZKtMuKTyGY4VSaPUCmVxTSp9e
varNwbW0jaS5nCADpxXKat4/0nTUKwhJ3HAO7mtI05y2RMpxR0H2cg5chR6k1m32uaRpgc3E4Yr0
ANeZav8AEHVdQZlgxDGenGa5WZ57x2luZWcn3rupZc2rzMJYhbI73WvieGVoLCE9cBsVw9/qmo6m
+Z5W29cA1XVFUcCgjnvXoU8PThsc7qSZEI1z0+b1NLzTqTmtW2Lfcac0c0vNLU2vuGg3FIRS0U7A
JikxTqSiwCYoxTqQ0AJRS0lABRRS0AJSiigUAOFBoooAcKUUlOA4oQBRR3pQKYhMc06lxRQIXtSU
tFACU+H/AFq/WmGnw/65frWdX+HL0ZcPiR6l4Q/1Ir1Kw/1a/SvLfCH+pFepWH+rX6V869z0T//V
9+rG8Rf8gW8/65N/KtntWN4j/wCQLef9cm/lSl8JpS+NfI+W3P72b/ro38zSCh/9bN/10b+ZoFeb
1P0OPwodSim07NBaHUdKQGimAtLQKD1oAXNGaSigBaUHtSUEhVyxAWqUZTlZCnOMY80h456VBPdJ
EMA/NVS4vgwKRcD1qlnccsSa9jCZZze9M+bzHO4wjy0dyWadp2+fIHpUeR2pBilr34Uo01aKPkqt
adV80mL0o60dqK1t5mVkKKM0lLRZAIaKKKWnYLsXNJnntR2o7UadguxCc0lHelo0C7GHOaOtOIpv
Sh2HdjTTCtSkd6bip0GmQ7aaRipivNNZaLItSISBTCPapttNK1lKKZVyA/jTCPc1MVphWsJ00UmR
H2JoBx1zTsUhFc7jZ6DFB96XOO9NFKacZagPBp2aiBp4atlMRKrY7VahbpVJWqzFKBxWqkJmzbt0
5NdJp23K8Z+tctaSLxzXTafyVzzWVSzQI7DTeoxtArprQ4A5zXL6dkAfLXS2p+UcV5tValo14+QK
mUkVXjPA4qcE1zPcomVqlVqrAmpA1IC0G5FTI9U1bkVMrHNAF1X5qXdVVA7dF/GpwpUZaRF+pofk
GhKPw/OnDmqkup6faKWnu4QR7isS/wDiDolip2zF3H91citI0qstlcl1ILc6YR7+OlNJhgUtNKgA
9WFeV6l8U7ifcthEwHYlMVyN9r+q6kzGadkU9ga7KWAqT30MZYlL4T2PVPGGj6UCWlR2Hoa4XWvi
hcSFlsBtB6EVwPkK53SMXPqxpdgAwAtd1PL6cPi1OaWIlIlvdZ1bVGJuL2Xaeq5rPFsgOWyx9Tzm
rZB7UwiutRjBe6jJtkJXjtTCD+FTFaaVo9RkOKaRzUu2mFeaQyMikxUhWmkUDGEUU4ikxSsA2ilx
RigBKSnYptAwpKWjFIBtBpcUEUANpaMUYoAKKMU4CgApRQetLQIXilHSm04dKYC0ooFOxQAlKKSl
FAgooooAKfF/rV+tRk0+E/vl+tZ1f4cvRlw+JHqXhD/UivUrD/Vr9K8t8If6kV6lYf6tfpXzr3PR
P//W9+rG8R/8gW9/64t/KtmsbxGP+JJe/wDXFv5UpfCaUvjXyPlmQ/vpv+ujfzNLTZP9dN/10b+Z
ozXm9T9Dj8KHZpRTRThRcodRmm5pQaB3HijNJSZpjWrHZOM4zRnPTg03OBycCqVxfclI/wA66aGG
nVeiOPF46lh1uXJbiOJeW+b0rNmuXmPPC+lQMxfluTSZr6LCZfGmvePjcfnFSvonZDs0dKbRXopJ
bHive46jvSClzzTEPBpM03mgZqQHg80d6aODS5qkA7ik4pKM07gOo7U2l7UgEpRSUooACKbinEUm
DQAh6U008imkGgoaRxUZzipe3NNI4oGmRMOOKaamxxUbLUlJkZFRkVNimFTWcolpkOKaRUpU00is
JQGR4pKcaSsJRsAlLSUuaExjlNSCohT1NaxkJlmN5EPBzWtZ6xc2xHygj61ioRmrKYPua0VnuQ2+
h3WleNI4yBNHXY6d410tgBJkV48mCOmKnVAR1YfjUSwsZk+0aPeYfFWjuBiYD6mri+INLIz9oX86
8AAZcbXb86XM5/5buKy/s5PqH1hnvx8Q6WvJuFx9aafFuix9Zgfoa8E/fYwZnP40mxu8j/nS/s6P
Vh9YZ7jN4+0WL7pyR71m3PxSsof9TCxNeQiIZBJY/jTwqg9/zrSOBorch1pHot18Wrthtt7fA9Sa
xbrxzrt5kqyop6/NXLj1wPxqVGHXHNbxw1NbJGbnJ9S7LfX92xae4c59DTUQdS7H2aoFf/IqVHzz
j8zXSkorQyd2WAFAwBS1Grc0/INFwFpTzSZpaFpsIaRTDmpTTSKVgIsUwipiKaRQ9dwuQkVGRU5F
MK1NiiI5ppFSkU1hTAjI4pMU/FJQAzFJTyKbikUJzSYFOptIAxSGlpCDQAhpKcRSYoASloxRQAYo
FFAFIBaUUlL0oAXFOHSkA4pR0pgKKXNIKWgBaKKKQgooopgIafD/AK5frTKfCf3y/Ws6v8OXoy4f
Ej1Lwh/qRXqVh/q1+leW+EP9SK9SsP8AVr9K+de56J//1/fu1Y/iP/kCXv8A1yb+VbBrG8Rf8gS9
/wCuLfypS2NKXxr5HyxIf303/XRv5mkFJIf30v8A10b+ZpRXlt6n6HD4ULSg000Zo1KH0oNNLcc9
aNwAyeBVbuy1FJqKux4qOaeOFfmbJqrc6gsYwgyazHkaU5Yk16uFy9z96R4OPziFNclPctTXbTnC
5UVB+PIpme1LkZ4r6GnRjTVonx9bE1K0ryZIGo60zIozWtzneu5IMZpc81HmnA0aAOzRmkzzS5FM
Bc0uaaTRnigB2aAabmincB+aKaKUnii4hwNKaYDTs0AL2oFJRmgBxNIOtJRQMU000tFADT0pAOKd
SGi4XG4phFS4ppFIpMiK4phFTEU0qPSgtMgIppFSkUwipkirkRWmkVKRTSKwlEpMiIpKeRSEVi4j
G5p6mmYpwqNgJUPNWozzVVetWI+tawZDLkZq0h+WqkfWrSVvFmMmyccinUxelOzVmYuaUU0UtNAO
HWl700HmlzTuId2pwNR5pwPFF2IlVqlRqrA1IrU0xWLQbmpFaqwbmpVYUxE4OacDUQanhqZI+kxQ
DS0IBpHFNIqQ00imBGVppFS4pjCpHcixzTWFSkVGRQFxhXimlTUnNNNICIg0gFPOabzSKuIRSYpT
RQCYhpKU0lIYhpKU02gBaKSigBaKBS0gAUppKWgBw6ClxSClHSmAtFApaBBRRRSAKKKSmAGnQ/65
frTadD/rl+tZ1f4cvRlw+JHqfhD/AFIr1Kw/1a/SvLfCH+pFepWH+rX6V869z0T/0PfjWN4j/wCQ
Le/9cG/lWyaxvEf/ACBL3/rg38qUvhNKXxr5HyrJ/rpP+ujfzNANJJ/rpP8Aro38zSZrzGlqfoMH
aKQ7OTS854pozg84FVLnUEg4Q5aro0qlTYwr4mnQ+IuSTJCpZzz6Vk3GoPLkLwtVZJnuG3O3HpTM
jsK+hwmAjTjdnymPzipUfLT2JVb15NG41GDTga9RWseG02277j880vemZpc03qRaw/NLzTA1Lmi4
WHc0uaZmlzRcQ8HinA8VHnilDcVSYEgNL2qMNS7qdxDxxS5poNBNAh1FIDxRmmAop2aYDS5pgOBp
c0wGlzQA/NFNzQDQA6jNJmigYUGg0maAFPSm0uaKAGkU0089KaRSKTIzTCKlNNOKCrkJFMNTFajZ
azaKTGYzTCKfgg0Hms5RKuR4pwFGMU7FZSiFxVHNWY6rL1qylESWWo6tIarJ0qwlbxMpEwNLmmin
VZmKKdTQaWgBc0UlLTELSikopiHDNOBwaaKM80DJQ3NSK1QA1IrU7ktFgNUgaq4apFamKxYVqfkV
ArU8NTQmiWkNIDmlpiCmNUmKbikBHimkVIcCkI4pAQkUw1MVphWgZEabipdtNxg0hkR60lSNjdTS
KQ0MNJinGkoASkxS0UhiYopaSgAooooAKXFJ3p1IBcUo6UCgdKYCilpB0paBBiilpDQAUmKWigBK
dCP3y/Wm0+H/AFq/Ws6v8OXoy4fEj1Lwh/qRXqVh/q1+leW+EP8AUivUrD/Vr9K+de56J//R9+rF
8RnGiXn/AFxb+VbQrF8SDOiXn/XFv5UpbWLo/wASLZ8pyE/aJeOPMb+ZpjSLECznHtUN5epDNIvU
+Y3T6msea5edvmPFZ4fBSnJtn1GKzSnRgowepbutReTKxcD2qiM5yTkmmjAPHSl6Gvdo0VTVrHy2
IxlSvL3x9LmmZozXRc5B+aUGmZozRcLEu6l3cVECaXdVphYkBpc1GGpQc0XFYfmlBpmaUGi4NDwa
dmo6UGncVh+aUGo80uaZNiTNOBqLNKKdwsS5pc1FupwqkxWHUuabmgGncVh9GabmlouFh2aAabRR
cLD80oNMzQTmncB5o4pvajNFwFzRmkpKVwHZpDSUUDEppFOPFN60DTGsDSY4px5pDUspMiYUwg1L
SEZ6VLKTIcUvNO20YqGirioKsRjmoVGKnj61NhSehZj61ZSq8dWUqkjGQ8UtIKWrIFpRSUZpgLS0
3NOzQAU4U0UtMQ7NKOtMpQcUAP70ucGmA80tMCVWNSBjUAbFPVqZLLKtxTwxqAPTw1NEtFhWqQGq
6tUitTFYkopA1LQAhA9KaaeaaRmgBpHFRkVLjFNIzSAhIppFTFaYRSsMiK03GKlIpjrnpQwGEU3F
PxSEUhjDSU4ikxQUJSUtJikwCiiikAtKOtJQKAH0DpSZpR0pgKOlLSCloELRRRQAUhpcUhoASnw/
61frTKfD/rl+tZ1v4cvRlw+JHqfhH/UivUbD/Vr9K8u8I/6kV6jYf6tfpXzjPRP/0vfe9Yvijjw/
f/8AXB/5Vt1h+Kf+Re1D/rg38qqKvIGfGU5Y3c5Jz+9b+ZqOnz/8fM//AF1b+ZqOvYgkoqxlJ8zu
xwFBpB9aKu4t9xc0ZoFBoEKDS02jNO/cB2aXNMzTu1PmQC5pQeKZSg07oQ/NAam5pad0A8GlzUWa
UGnzIRLmjNMBpc1XMhWH7qcDxUdLmi6FYfmlDUwGlzxQpILEmaUHiowaXNVdCJM0oaowaXNF0BJm
jNMBpc07oQ7NANNzSg0XQrDs0ZppNGad13Cw/NITTc0uaLruFhc0ZpKQ0XQCk0goNFF0MDTCKcKS
k7AMFLjig0Gp0KuNxS4ooFJ2GKo5qdBUaipUFLQTLMY4qZKiTpUyindGcmPFOpopad0SLSGlooug
EHWnZFJSd6d0A/NANJSii6AWijNAp3QgHWnZpKKd0A7PFOBqOnUXQEqtUitUANPDU00KxYVqkVqr
hqeGp3QiwGqTdxVcNUgNF0SSZopoNOFF0IQ0mKd3pDRdAMIphFSEUhWndDIiKaRUhFMIqW0CIzTT
UjCmEUroYw0lOIpuKLoY00UpFBFK6GIaSiijTuAtFIKWldAOFKOlIKcOlF0ACnU0UtO6AWjNFFF0
AZpDS0hougDtTof9cv1plPh/1y/WsqzXs5ejKh8SPU/CP+pFeo2H+rX6V5b4Q/1Ir1Kw/wBWv0r5
09E//9P36sXxQufD1+M9YWxx7VtVWu0EsRRhkHqMcYpxdmM+IbiCYXU+YZf9a3/LM+p9qh2P3Rx9
UNfWGr+F9PkZitlCA3OQgrjbzwbAzNtt0H/Aa7I4qysZuJ4CFb+63/fJpdrf3X/75Ne3f8IRF/zz
X8qP+EJi/wCeY/Kn9bQch4jtb+63/fJow39x/wDvk17d/wAITF/zzH5Uf8ITF/zzH5VX1xByHiOG
/uP/AN8mjDf3H/75Ne3f8ITF/wA8x+VH/CExf88x+VH11LoLkPEsN/cf/vk0uDj7j/8AfJr2v/hC
Iv8AnmPyo/4QiP8A55j8qPrvkHIeJ4b+4/8A3yaMN/df/vk17b/whEX/ADzH5Un/AAhEX/PMflR9
e8g5DxTDf3X/AO+TS4P91/8Avk17V/whEf8AzzH5Uv8AwhEf/PMflT+veQch4pg/3X/75NGGz91v
++TXtf8AwhEf/PMflR/whEf/ADzH5UfXvIOQ8Vw391v++TSjP91/++TXtP8AwhMf/PMflSf8ITH/
AM8x+VP6/wCQezPGBnP3W/75NLg/3W/75Nezf8ITH/zzH5Uv/CEp/wA8x+VNY9dg9meMjP8Adb/v
k07n+63/AHya9l/4QmP/AJ5j8qP+EKj7Rj8qP7QXYPZnjXP91v8Avk0YPo3/AHya9k/4QpP+eY/K
j/hCY/7g/Kn/AGiuwvZnjoz6N/3yaXn0b/vk17D/AMITH/cH5Uv/AAhUf/PMflR/aK7CdI8ewfRv
++TS8+jfka9f/wCEKj/55/pR/wAIVH/zz/Sn/aK7B7FnkHPo35GlwfRvyNevf8IVH/zz/Sj/AIQu
P/nn+lH9orsL2J5Dz6N+Rowf7rfka9e/4QuP+5+lH/CFR/3P0o/tFdg9ieRc/wB1vyNLyf4W/KvX
P+EKj/ufpR/whUf9wflR/aK7B7E8iw390/lQQf7p/KvXf+EKj/55ij/hCo/+eS0f2iuwexPIiGP8
J/Kja390/lXrv/CFR/8APJaP+EKj/wCeYo/tFdg9ieQ7W9D+VG1vQ/lXr3/CFR/88lo/4QqP/nmB
9BR/aK7B7E8h2n+635Gk2n0P5V6//wAIVH/c/Sl/4QmP/nktH9orsP2LPH9jf3T+VAR/7p/KvX/+
EJj/AOeS0f8ACFJ/zyWl/aC7B7JnkiI390/lU6I3ZT+Veq/8IVH/AM81pf8AhC0H/LMUf2guweyZ
5kiNj7pqZUb+6a9I/wCENH9wUf8ACHf7Io/tBdifYnnIRvQ0uxvQ16L/AMIf7Cj/AIQ72FH9orsH
sDzra3oaNp9DXov/AAh3tR/wh3tR/aK7B7A862n0NG0+hr0X/hDvaj/hDh6Uv7RXYPYHnW1vQ0AH
0Nei/wDCHD0o/wCEN9qr+0V2D2B53tb0pdjeleh/8Ib7Uf8ACHe1H9orsJ0Dz0K2elLtb0Neg/8A
CHewo/4Q8+gpf2j5B7A8/Eb/AN007Y/9013/APwiB9KD4QPpT/tHyD2BwHlv/dNOCP8A3a7z/hED
R/wh/wBaP7RXYX1e5wwRsdKcqt6V3H/CIUf8IiR60/7R8g+rM4pVbPSpgD6V1/8AwiDdeaD4RbHe
n/aa7C+rM5IA+lSAHHSupHhJ/el/4RJ/U0f2muwPDM5YKc9KUqT2rqP+ESf1NH/CJP8A3jR/aa7C
+rM5bbSEY7V1X/CJP70f8Ik/vR/aa7B9WZyRQmmbT6V2H/CJP70f8Ik3vR/aS7B9WZxxQntTCh9K
7T/hEm96T/hEW96X9pLsP6sziTG3pTCjeld1/wAIi3vSf8Ige+aP7SXYf1ZnC7G9KTY39013f/CI
H3pP+EPPvSeZLsH1ZnCFH/umk8t/7td7/wAIgfSj/hED6Uv7RXYPqzOBCP8A3adsb0rvP+EQPpR/
wh59DT/tFdg+rs4TY3pS7W9K7n/hDz70f8Iefej+0F2D6szhwrDtRg+ldx/wiHsaP+EQ/wBk0f2i
uwfVmcRg+lGD6V3H/CIf7Jo/4RD/AGTR/aK7B9WZw+D6UFT6V3H/AAiH+yaP+EQ/2TR/aC7C+rM4
bafSprWJnuo1x1Ndn/wiBrRsfCgR1bZyO9RPHqUXG25UcO00zS8K2xSJc969LsRiNfpXNaPpfkqo
I6V1Vum1QK806T//1Pf6RgCKWg9KAKktsGFVH0yNv4a026U00AZP9kR/3KP7Ij/uVrmkoAyf7Ij/
ALlH9kR/3K1qKAMn+yI/7lH9kR/3K1qKAMn+yI/7lH9kR/3K1qKAMn+yI/7lH9kR/wBytaigDJ/s
iP8AuUf2Sn92taigDJ/slP7tH9kx/wB2taigDJ/siP8AuUf2RH/crWooAyf7Ij/uUf2RH/crWooA
yf7Ij/uUf2RH/drWooAyf7JT+7R/ZEf9ytaigDJ/siP+5R/ZEf8AcrWooAyf7Jj/ALtH9kx/3a1q
KAMn+yI/7lH9kR/3K1qKAMn+yI/7lH9kR/3K1qKAMn+yI/7lH9kR/wBytaigDJ/siP8AufpR/ZEf
9ytaigDJ/siP+5R/ZEf9z9K1qKAMn+yI/wC5R/ZEf9ytaigDJ/siP+5R/ZEf9ytaigDJ/siP+5R/
ZEf9ytaigDJ/siP+5R/ZEf8AcrWooAyf7Ij/ALlH9kR/3K1qKAMn+yI/7lH9kR/3K1qKAMn+yI/7
lH9kR/3K1qKAMn+yI/7lH9kR/wBytaigDJ/siP8AuUf2RH/crWooAyf7Ij/uUf2RH/crWooAyf7I
j/uUf2RH/crWooAyf7Ij/u0f2RH/AHa1qKAMn+yI/wC5R/ZEf9ytaigDJ/siP+5+lH9kR/3P0rWo
oAyf7Ij/ALlH9kR/3K1qKAMn+yI/7lH9kR/3a1qKAMn+yI/7tH9kR/3P0rWooAyf7Ij/ALlH9kR/
3K1qKAMn+yI/7lH9kR/3a1qKAMn+yI/7lH9kR/3K1qKAMn+yE/u0f2RH/drWooAyf7Ij/uUf2RH/
AHK1qKAMn+yI/wC5R/ZEf9ytaigDJ/siP+5R/ZEf9ytaigDJ/siP+5R/ZEf92taigDJ/siP+7R/Z
Ef8AcrWooAyf7Jj/ALtH9kJ/drWooAyf7IT+7R/ZEf8AdrWooAyf7Jj/ALn6VLHpiKQQtaNKKAII
rYR1ZUYFJThQB//ZCmVuZHN0cmVhbQplbmRvYmoKMTcgMCBvYmoKICAgNDA1MjMKZW5kb2JqCjE5
IDAgb2JqCjw8IC9MZW5ndGggMjAgMCBSCiAgIC9GaWx0ZXIgL0ZsYXRlRGVjb2RlCiAgIC9MZW5n
dGgxIDk1ODAKPj4Kc3RyZWFtCnic3Xl7eFRVlu/eZ51dj3PqVJ2qSqWSSir1yjuEhAohEB45KiAK
8kzTiRIJDyMmYhIjaQoMCdIaAyiCGB5ihJjmEVEyiMglDYFpBvCONsMVpsfW7nba2D3fNWa0L+O0
mJzcdU4lEbXt7843f8w3t853Hnvv81hr7d/6rbV2EUoIEUgTAeJfsXpZzYfOts2ExF8mhLt3Rf1j
/qc+PbyNkMRkQmhHRc2Dq//49BcXCPHiONny4MORiuLzZ5Pw+ig+k7jqgWUrbeKdhwlJKsa+Cauw
w/aquRfbW7GdvGr1Y2vPdpjLsN2F7a0PV69YRujxPkJ8U7D93Opla2v4A/w6bL+DbX/Now/U7Fi8
vRDbeA9rJBypUFv5CtaB0hqJR7HwV4jhCjWx1RxPci5c6xtH5Gt91/pynfaAPSVgD1TwZKAOEgY+
UVuN1j//6VFDBr6jnBDDXnadmIiLTFTiLcZ6a51A6s1G6rIRPsUhmdNJSAzGyjf6esPX+uyT8DeO
5PSFb/SFc08cc/e4OVqWkhd22GUui9L8PHsoP+AndpkEuP1b/vf7//TplsFzPT2cSnfQTvVHanWE
jqF30hk062ZHhP84ojapu9QX1EY0qSYL60JZ3OTHylhpp+h63inW23bajc+bd0C9/VlW59xB64ls
cVgzTA5DjCOWJ+kOIcQF41C8sCbftT680OTDc99An9zbL+Mh98T8+Op4FDQvKp++B4avtXN5Tw+b
tnlwK21uaVEjXHOLLtr+X6mBs4MDZwc7fqXuR/ncKN/vUD4bqVYSzIyKsMNYJ6FEvMMgOEzWdEuI
pBs4Wb52oXeg91qf3I+S9Idv9IfRbLl0dpeleHaXtfi+2V1y8X0lZ4g8dA7fKuOmTLQXTCxV3Ip9
qb3cvo3fxrYZthmbTE3mJqFJFMs0GQOukD0qeZ6L1l1UH2xhl5vVlZci/Ht9dI26pe/r7AgChXBD
n+OcztHldJCtygKHT3bwjLf7GC/ibjJzgo8xXk7igHMk2R0AnM3KSUnAWbSuTAeI9bJkZkDroc5I
cGatkkUUTIwHTnIaiFO+9o7draFgSm+fG43umJQ7e1GJUWafGdln7rBRNn2mN2S9pfdqfaXBUH4e
xc2F6kAA8lx4kNdx4X/l8p4dnLFj/eCVhuM8vfKHCFuC4IjQceqVCBfiJo9gow51kshUxSOajVDP
6swaGgzpJsFhQSCYEAfWYZjKvZrl+7/sD8sXchVzrpAr5lpyJX4UAZoto/MO5Bw3p1mb78jX2X3q
FvxW89DHbA77nGRQo1IUCnLJAZ9FTPJxXr9PtIiZosUf4GPpbraBpMXu9mxwOdan1WT6RUvAa3I7
XJyDmJyuccleJ7HlZso3LvRd60UoyP12R9R55N4bFxCaF9U+tGLUctbP8NKoH0uDxwk6UpnytCHJ
4DMG04V0Md2SLqVb033p/vRAejA9VCgUioWWQqnQWugr9BcGCoOFoRKhRCyxlEgl1hJfib8kUBIs
CVUJVWKVpUqqslb5qvxVgapgVahT6BQ7LZ1Sp7XT1+nvDHQGO0NnhDPiGcsZ6Yz1jO+M/0zgTPBM
qCg3a37W/qyuLL6MlBXY85JoXnhC/vjUHDqW5o9PDoR5tz00loaCBldMrI8mUVcMHwgmtzV6/6nn
xfZHjn70wXGaRoVNNGF3o/fCmzt3rfr7j/6hW72sXt2hfjSLLj98sP7Re1dmFUy8dOq3/z5mjHpy
77YHK8qWjS8Y/+H5338aJsPcdBznPIEkk53KLFEwg8XkAx6MPp6HTBNPEoFPrBd3hZz1rjq7xNfb
DEY/zyDeRGLBL4a8YLUYWDw6pj85PkZOT7SEHMGUEa6Qe+Vz5+wO9yS0umOSHTcN0v3hMMJG7XdM
0rZRYOM+PDk2nJwTotFm48pQa7cT4QxjaRa167jW6Y93xRhSoubKonxR6brsX+9RXf0zli2eem6Q
IOaKKU8T3h5s3bR1166tm7j3pSU/Vssj9Bdb7xn8TUTD4tVz+94M7H7mmVbE/tANtMNCtIOVbFYm
WaWom4pJgoieKyI0+W+cOlMEi+65RlIHo15rthGDbdRrb0xBr7WPqjbisKZhh0UdTWYNgB4QqWgS
zAbRKTmtshySQla/rMjzZREhQV0hipvmSmY8GRY2DL7bP/juM9zPt9PnaSvOW+RmB1sSiQyE4Dca
MVGyGP3qS/QrDylS4slz7g0gbbNvsJjXQ02C1WHxkJgUg5SA03PtHT16Rf1E7ctVpNzE6sQ13Pr4
9Z6XEw20jBr44SAzCkPOLjvQ5AXsy8nqL1VVfUq9i75F1z1J/Qca03555NfXrn34wpks2vnHj+gB
+gCtoAeU29TtP+9We9Q3cDt38DAZ5hkoR1uLZJISE2UZJBkBWSaEHMMFLfKN3vBAb3g0Bio2m5Qr
KdJ8qVyqkZok460ck+eKMsy5KL94NTtwmh0M+9EOIkaUHMVBNlgMGxzrLTVxkOIyp9gkLZoNGwCJ
A/mrOr4xvif+SjzyV4oeaaPquqMm0I+wvuf06Z6z3d1n1Wa1mL5G19IIPaouWkJvp7PpHHq72q2+
pZ5SuyN0H63E7SV1JcbdVnUl0fW+FzGmot5OskHJtvmMRoPBJ8u2TNlILSaoF1idndZbiTnd6EiX
RTxKaA7ZwQVjhim3F92pN+pAX2pOpIW8W5wHUWU0UlKmJCqu+a5VhhpXs6HJ9bLLaDTGGlONBcYC
eZVsKBs1Hh1hac2v7u3poe/Bk2c5oUe9ObD6rGbNr38HhyMIMb5g4PZIVIeZGCPa+enESyLKGE+M
UXJTaGfuA0JbgsMKtJ0dkon9bmfiLIMt3ylLM3mS7zHI3G1JUUa4cYsO/W6kgBHKzj1JfD7io4DA
m90lFGPoTiIKfjCJJA2d00P3yRzfNl+XD0bnfhrSZaxrmBPGp2o0iY2Zu3bRr5SOhjfe2j345MYZ
P6pa+UQE8iOtS4vfe3fweiTC5Tc/9NKraiiKk2L0Fx710XCSrThJi8XQ4mjTcDLNNdk8zRbWgHJD
B8qABpSTcrwSXx4PGkom2OXUKDffihLuaM1999bWLllSq/5RPU+LaDz10Gnq+eJzFNXpOa+qf1uL
VGagRpqh/kr9Sr2pXh+1rWkWypJLHleK/B6nxBuyCMjGtPYMr3xgLLSlBOJiRGZszzgUijWTeKcw
y+KeG2/Kt8gG19x42RmclemX05PzU28bp7vQFEyQeodhg2bWrB41O4JHM7x7EgZHRSLhnLASLg/X
hLeFNcf/y3b9XmN0CvgP7j5a99abuwebG6cuun9V4+D+xmkLl+L5aW0qpu1/5Il2iFQuu3JVMz/9
8tKq7U8N/unWK216yhav0OYjB+djpiGGxJAAuVNJDriYPS6pwxTXYaXt0ETarTWmNkfCNHGKk8t3
2XmZTAxqyNKhpfFFr5aRaqjSQXW8KIQsW6BndJqo2vyEgqlpKD+NiY1GD02jS7vpzezdNR9Tpn79
cc3ubNVAby6tXF1aurpyaYSF1g5uXbRAva5+jdu1BYuaI7Ti9MGuTz45dvC0Nm+YPPFzcN7iyI+U
FBJrN5mdlNna7exAbJtkbrcfEoXxJi6PyHc4TLIl33pbPM4OesNoDqX7gXxBi48ObUJ8nhxPkWee
Z6mn0aNNyEgS8D3Dz6k1zJ/z2FPnB2fuauf48a8+7ivl89Rf/GjRO2+qS3S7nqmuMg/jnD+NMhpJ
InlACRqACDJpN8kvSy0xpoPQ4mmLqfHKdjLNNMlsKHKHvZpVtSgRRT6GiF4Z47UuX7A8qTHp5aQr
SXwP6TH0GHtMPeYe4Qq5YrhivGK6Yr4iWJBkqG5aL2UBl27qgjwDHxrxE8ife/9987gPBlMe31z3
bMzBrCHyB7VPfR8TH4maqIcr+V9HDv7C8RPTL99a99ibnRgFrdidrr494rOrECMWxMgcJYUSu1fg
OzxCR0xSu79Jao+p8bTZfPlezPqt+dIU4zR3WAPJjd6BKVN6vw+Sk0WhxtCxkMY8w3DQ5WWasa1o
d01kNLZbsztUlz/0SOm9qx8qp8t3qcbsPTW/Vwcp/L5mTzZCiP7uodMHj33ySdfBo5HmRQuwCmPo
55kLFtGBtdFci11F/pdJPLlbCdrrLXFa8LNi8LMYXHEOm+TKMdsy7VLIrMdBj+bEF9CLoyRp16vC
fi11+kckovkJNQlNCTDK5mHMiPiQVrnASFqkBcaFX9FU9f0/q/1ffFHzxIt7N9VoxP7Zpcv/qtoi
3MevbX/u1VEeJDqvp2M9My4plfjkWCtLpb52a+oBU+zLzpa4hDbabqqxgt8a4mPz3Fx+kg0dMCS7
xXCGnoNrfhiVFQW92NuvXtRQo/fYHXr+l6uM8WUWxhS5imKL3EVxRfGTPPMyGzOFLFdObI670dIo
NVobbY2+Rn9joDEoajCyj8xDav74CZOHp8gYykcP8PM0f3S++FW7VcPMo4+8cuzrwdPrmirr4mqX
vlNLvdSstj25ovKeeQtXcs8M9kWai+cfe+WN40Ub1/94xSfB4LXB315/+IEHVj4c5eAS9JNstEMG
tSt3YB5osywI+M0CZxIX+AP+kbrkNRb7moe1kKNpnhbXUUebXpsETBYv585zoaeb5rmSvfOILRyt
TS6M1Cb24eJkAKuVP/TrtPwXyxNFEs2iIIpYCkmi1YAhvakx6+WsnizIMGcIGeIYyxgpwzohNCNU
ai4VSsVSS6lUai31lfpLA6XB0lCluVKoFCstlVKltdJX6a8MVAYrQ5vNm4XN4mbLZmmzdbN/c2Bz
cHNoj3mPsEfcY9kj7bHu8e8J7AnuCR0xHxGOiEcsR6Qj1iP+I4EjwSOhKWX0+xXKhKhbfK9CSS2v
tbZufLjurod2/Gzn5zfvv76x1tzS9HC1smj71f3qkPrFit/6aMZPGmbPVGZ6UjL2PPHaEV9AvbH6
kRm3T5jmSsnft+XEq0l6nU1y1MVsJs6HhYRIrZI14utSuy2Izo4u32Y75H/BU5PsG0/Q0acErLrf
SxOTR8OCRrJyr75UoYW9EbcfSTOS9TQjmSQPpxmKWU4pSmlMOZbCYwJ+S5RIGeHdkSgSpWMuYyRS
qG3fCSMdg8t3c7MeGo4VOid8E0XUWZHhnGrc0MdwmNViBnK/4nULsom085zOzDUG7lCcbLRTM5OB
TMRcZEpf+J1rFzRWRnoe6JUvjC58iMWaQtqaR5yuURyJG0mc5sUvxewWypwhbY3DHnAF7MOUHPWr
v9+7ly6naer7YwqVadwL5pfOfbAPXo/Qu9WTkcE1W6Yvvnf/xpa39PnAHIX7FXKvSFxkshIHnWZH
e8wh2dJuJbMNEmYiTlu+/bbYaAZ/TQ/J4YG+D7G+EH3uHHe5e5u7y81omVMHD9Zw+H06GtZ+XrNg
XnX1vAU1dNPuwWote2DFC6qrsfORr9fo8Ww4T9JlMJNxisPQbmriSTtH84lshHx2mxD99vCXte+K
OWK5uE3sEpm2jDbyLa5o+BORiBbih9c/nkd+dpF5Soa0U9zx7XWxW5fFMh1CyKCTdOw3JH2jPzxM
0P0qok7tzT1hc/vcP7AmptctLK9lcDdd39KiPvnpt9fDdkbrOS1ub0L8e0hYcRN3C0j2Fou5Tavm
8rRqbpohfGs1N3Bh4IKsXsg9bkvExAeD5nDE/ZafajPPb0r99H+qveplOp46qn+/pkbe8OjOhnWb
qzZa6ZyTb9BUKmoBNzNTfb950+V//+JK01pdniIt/0fbe8naaP5PMffHCqApmv4Lbd9O//Xsn79D
z/+1lOc7+f/AN0H4P5z+238o/W/jyHfSfy2Da/iB/F+dxFahfX1kDHlMGTvGLyeGbDSjw0navSZL
i5EPdcS3eQ/xh5012eY8Y1K+P9Emkymp04yx4WyN3G9Eg94oxVxUL2gco4dr1EtJNAlxQrpQNJYn
JmLm0btlc4zgN/nNyYJZj286Y6blR7l1Kr015UDCobekJPn8VfW8+pvKX9fV2rZs7Gi+Nf2gX6nG
kdwEXh8o/+jfAgH1oYqXLkVuTUSaI+re4RTl9LD+i3X9Y5FfFymZIbfR6fF3CKQ9hmHC7emQ22IO
wQtCTTI/3u00yC4un0zxTpPCyXpCFY5mVH+BXU9UI4VyI+E7z/7Xtdo1uKLjh5X5OoDFwqm/ogbi
RKsbtvBpmFk9pIRiZSZanAdMbo2WDplqUJO4WbG8jMLPlPJtsjjRo1XUWkIYzQcHkFZHawaSQIdR
qJGqRqgeHYoe4hmG4oltCV0J3LdSEx2RUXXwkr+xSzUU6SCkN28vqVqxkU8bWBitQbmsyODzF6va
jtIPovw/9AHWD++j7FbSoBQKZs70U8kqGX9qMFrxNMdkxG/zjAPDHEpJppFYTEzzNDhErJLZZDTw
lJhtIvfN4tPAtxeftLziu6tP6UxbfZLG8FlsNj+b3cffxwxlgW+WmvBE6dtq8xpu+UbMyC1b6Lb1
ajPGhMhgObc/EhlYqFsdiPZvjoXw3Fw8J2FmC6hFIxmii+gyupZuoDu4i9yH/lR/rr/QfzQQHBrS
/mch++lCWo7jDcPjThyfNDr+wz+NDz6ke+k+2obb/uHtIm6XqfYPkfGvPv3/8uOJ9u8URc9I1Nui
fmS4S6inC88mYkAtCUafv/SLJXbkxhjixGsfSuvRexPQMlZiw5jsJw6M8/FYuQT/07L+//vjCEfX
a0e9avqSyqSSDK/r4cgSuhxbzXjcRsrpeooBlMwlS8hU8iT5E/Zv1J/30Y24HdXfdxZ7zkavsP8o
voWQYlJLNpLd+jcu8Uv4Cn49X4Fp0Ba6BXt+o41hJZDNZ+C9G3Ffj2PLtWtahFsGqSBYJZB27PkS
xyNkLxXYu/jmv6MpZBV+Zy7uHUhXJpTlOrVyFdSC99ZpAEOEoH6YaVSSNSSCz13Xt8+xvZJE2HVD
DPcl6jULxwx8OfkE315LaqlA8yCP+zM+Oxd7WjStaCfhoBJhW45bmr5NJ8vxPQfxjgjZxy3n8vg0
7S5d9qnkA3JSl7uCbMf2QtKpHwkMkPcgn1ag/Jpt4tl5sth4Nw0YrDTH2Ii2IgYv2chVEB9MJ3UE
AX7SoK16U4IRs4tLuWtll7KgxH+5NJA95jtNv2z0d5H5XVLEf2poaH4Jn8BKu1hiF6SYuviU0D//
0OA/Z4+ZPb/E33V1xvTht84on459i0rwUmthN/bPmJ5NdBbi7j/1aJrz+aW2Kf9GfCZ9st97f+7/
GTl/NX/gY+t1cwbeqw1S/QY8GjepXkJseTheY70+3P/NL8S/SyoMn5NyQzwpZzeI25A/9Dnbj9eX
SDP3NtrlII7lD90w3E8Ww1m8/jNabj65l10lM9liUmz6CZ53kxy+gExmblKM18WYOZazHFLMbyQl
2hgcJ+NAIDO1nb1Oyvnf4X1XSZF2r75fxecPanFC/03H/R9Q+BpUOg73Ppy/EsTAR9Gd/QtK1YWa
4awZTyFhzUGyknHHMQHLXBGfsyTjjowp7STEiuNWfMb2OSH2JkIcKwlx4v1OHHPiu2Owz4VtFz4f
i7v7MCFxK7X/33VrhTgzySKH0aqc9i+rxsF8Ft2Ebf4U16T0XlHhl7PhXRXeEeBtK1wOw6VuuNgN
f3cTLrTC36pwXoVzPXeycw3QcyeczYUzDfBzEbpVOK3C/1DhlA1OCvCmC06kwhsCvKHwx//Gw/7G
A13HPKwrCY554PWXJfZ6AbyGp9cCcLQAXhWh84iddYbhiB2ONPGHx8KhvUnskAoHf+ZgB73wMwd0
vJLFOrrhlce87JUsaMdTezcc2O9hB1TY74GXJWh7qZu1qfDSvjL2Uje81MTvezGF7SuDfQr/Ir7t
xRTYu8fO9ibB3lND55Qhfo8ddltgt8Lv8kKrCC+0wk4Jno+HHdtXsh0qbMdPbF8Jz20T2XMxsE2E
bQr/7DMSezYGnpFg6xaBbQ3DFgE2e6Hl6QbWosLT+MTTDfCUCE8mwU+x8dMwbHrCyTap8EStjT3h
hKZGiTWp0ChBo8JvwDs2qNDwuI81qPC4D9av62brVVgXKWPrumFdEx9Zm8IiZRBR+LUp8JMCqMcn
6qtgDZ7W3ITHvFCnwqP45kdVqLVBbRNfUz2W1ahQPRYeUWG1Cg/LUDUbKgVYpcKDAjyo8BUBeKAB
VqqgPLOiCpZ3w7IGKFfh/lgoE22sTIX77FBa4mWl2VDihR+HYbEIxYs8rLgVFnlgoQcWzI9lC1Jg
vlVm82NhHp7muWHuPYlsbgPcc5fE7kmEexR+ji2RzRkHs3F4dhjuxv67G+AuCWbdKbBZDXCnADNn
SGxmGGZMt7AZEsyITsl0C9xxexy7oxVuj4PbFCu7rQGUCWamWEFp4oumZrCibpiGp2llMBU/MTUD
pkyOY1McMLnQwSbHQeEkgRU6YJIAEwtsbGIDFODTBTYoaOInmGGCwuePj2P5rTA+y8zGx0Ge2cvy
WiGcIbGwCuOskGsRWW4S5CRnsJwCGBsQ2NgkyB5jZ9mtMAafGWOHMQqfZYbMVBPL9EKGBBkKn55m
Z+mtkIZ9aXZIU/hUE6TgK1K6IdkZYMkZEMJTSIUgvjDYCgG/iQUECDTxfhP4Fd6Ho75MUE4k2bNZ
UiF4A5DYAAku8IQhPgxxOByngjs2g7mrIBZbsRngYgJzJUFMHDjRyM4AOPBZRwPYUSV7NshoHVkF
G47ZEsEqg7WJl1A56SZYRLAovGgDAW8VusHsBZPRyUzdYHSCAV9riAEmAFN4HhyMdwPfxAO1MXAA
KDyHV5yKbaBYyGMReYqufPIZmvXf80f+qwX45ucl/xeHDoT4CmVuZHN0cmVhbQplbmRvYmoKMjAg
MCBvYmoKICAgNjU3MgplbmRvYmoKMjEgMCBvYmoKPDwgL0xlbmd0aCAyMiAwIFIKICAgL0ZpbHRl
ciAvRmxhdGVEZWNvZGUKPj4Kc3RyZWFtCnicXZLLboMwEEX3/gov00XEIzBuJBSpSjdZ9KHSfgCx
hxSpMcghC/6+Ht8olboAH8Z3xnfwZPvD88EPs87ew2hbnnU/eBf4Ml6DZX3k0+BVUWo32Pn2ld72
3E0qi8ntcpn5fPD9qJpGZx9x8zKHRa+e3HjkB6W1zt6C4zD4k1597VuE2us0/fCZ/axztdtpx30s
99JNr92ZdZaS1wcX94d5Wce0P8XnMrEu03cBS3Z0fJk6y6HzJ1ZNnu900/c7xd7929tUSDn29rsL
qqmqKM3zuESuwXXkGvE6xQvEC2ELtqLZQLOJXOaJ4xLjJeKlMIFJcqGvRF9twVvhHtwLM5gjE5gS
Q0OiIQd2wjiL5CwDNsKEXkh6IfRC0ksNn7X4JPRF0peBNyPeDDRGNAa5RnIJnkk8E/4DyX+o0GMl
PRLqkNShR/CjsAEbqYlzTToXPo34NKgTF7m42w3JFcqs3WfDXkOIY5EGMs2DTMLg+T6z0zhJVnp+
ARCGviQKZW5kc3RyZWFtCmVuZG9iagoyMiAwIG9iagogICAzNzkKZW5kb2JqCjIzIDAgb2JqCjw8
IC9UeXBlIC9Gb250RGVzY3JpcHRvcgogICAvRm9udE5hbWUgL0tNU0xSRCtEZWphVnVTZXJpZi1C
b2xkCiAgIC9Gb250RmFtaWx5IChEZWphVnUgU2VyaWYpCiAgIC9GbGFncyAzMgogICAvRm9udEJC
b3ggWyAtODM1IC0zODkgMTg1NCAxMTQ1IF0KICAgL0l0YWxpY0FuZ2xlIDAKICAgL0FzY2VudCA5
MzgKICAgL0Rlc2NlbnQgLTIzNQogICAvQ2FwSGVpZ2h0IDExNDUKICAgL1N0ZW1WIDgwCiAgIC9T
dGVtSCA4MAogICAvRm9udEZpbGUyIDE5IDAgUgo+PgplbmRvYmoKOCAwIG9iago8PCAvVHlwZSAv
Rm9udAogICAvU3VidHlwZSAvVHJ1ZVR5cGUKICAgL0Jhc2VGb250IC9LTVNMUkQrRGVqYVZ1U2Vy
aWYtQm9sZAogICAvRmlyc3RDaGFyIDMyCiAgIC9MYXN0Q2hhciAxMTgKICAgL0ZvbnREZXNjcmlw
dG9yIDIzIDAgUgogICAvRW5jb2RpbmcgL1dpbkFuc2lFbmNvZGluZwogICAvV2lkdGhzIFsgMzQ4
IDAgMCAwIDAgMCAwIDAgMCAwIDAgMCAwIDAgMCAwIDAgMCAwIDAgMCAwIDAgMCAwIDAgMCAwIDAg
MCAwIDAgMCA3NzUgMCA3OTUgODY3IDc2MiA3MDkgMCAwIDQ2NyAwIDAgNzAzIDAgOTE0IDg3MSA3
NTEgMCA4MzEgNzIyIDc0NCAwIDc3NSAwIDAgMCAwIDAgMCAwIDAgMCAwIDY0NyA2OTkgNjA4IDY5
OSA2MzYgMCA2OTkgNzI3IDM3OSAwIDAgMzc5IDEwNTggNzI3IDY2NiA2OTkgNjk5IDUyNiA1NjIg
NDYxIDcyNyA1ODEgXQogICAgL1RvVW5pY29kZSAyMSAwIFIKPj4KZW5kb2JqCjI0IDAgb2JqCjw8
IC9MZW5ndGggMjUgMCBSCiAgIC9GaWx0ZXIgL0ZsYXRlRGVjb2RlCiAgIC9MZW5ndGgxIDEwMDc2
Cj4+CnN0cmVhbQp4nOVae1wU170/Z86c2ffu7ItdFmF3WWAFloeLCCia8RmfxBjjVRIi6oKyoGjQ
qCABk/oG8UEQE6IksaY1RtEYS+ILDTExqaVtNMYmbdJKHvYSbnrLTY3CcH8zC2ra3v577+dz53zO
zpxz5vF7fn+/3wGEEUJqVI0Ici1aumD5Z3TfKYQivkCIyV301EpXXdprPQhFZSOE6wuXL176dfVf
2hFy/hqe2ra4ZG3h+vYpdrg+DM8MX1KwIGB87sHjCLkeh7kRS2DC5NJ0wLgexjFLlq5cczhGfwnG
rTDeUVK6aAHCf2tGyD0ZxvVLF6xZzj5D02D8GYxdy58sWL5qLfc9jHsRok8gBhWKDWwhPQDUKpBD
0LLvIe49rKR5DItS2q90DUP8la4rXalmo9sY6za6C1nUW0Yier8UGxT6W//5JBePMCpESHGJXkV2
bBYeNAcUSoUpoFQqrDyn4Cy8QsHNsJpNCharSamSLgzjtQSX6hFntZgVxKY0xBhtMVajURejitGw
MVYDimHc4XxPZ1fnlc7OLr6T78wy2rJMWcNQSna3zd+T3e2Hceq0R+YqePqtgmcHOv12XvRxgwPj
PGGzSqE0GUzhCrvJaRpqSjHFm+MtmaYHTFnmLMsUxWTTQ6ap5qmWuYq5pvmmXHOupUixxFRqKjIX
WVYrqkxOjgPSlcSstIQpLEqLOU4Ro4wzx1lGKNKU6eZ0yyTFROUE8yTLo4rZykfNsy0BRUAZMC+y
rFSsUq40l1mqHfsdRx3nHDF5KC8tPc3oSXersNvqMaZZ3TDEHgxXK85ewm8wWkaLG98719d6VkS1
IjobpKj4znXWW3wHBYPsM3f+gzXeeToI2gNd9d9gt7ETwLqGoqeFlAi3JhzxWlwevltZZ3Zv99RG
1cXVmPO15XomnCJ3UrTO5zAgr4Y6osMS4vmedtCk39/JdxtNWZI0uzvF7u+/4ru/7zZmZRlBwqlC
DJ9QmrBmaFsCWz60DbcxbaSdbaftXLu1Pazd1mZvC29z6PJwHk73RIMCw9L8I8wyU3rsiY5LHz4i
zZ0+PA7WFJ70MTjNH0ZSvt2ycfPKstrWA+KB0c3Fx37dfR0zuzcse4afn//mnN9/jXP++FR56TPb
8em+3wbLpk463fzTk1PWbggsvBYf/ykK8S1msTeAbyfyoUIhzYcM2MwPcZF4VB4ZX29W7lNo61hP
fTjwzr4Y2ZSkSlJE+VxDDF6UHudQZIQlJEnW1BPiHSy6q6uzt4vv/gOwDrKQTEvmXYWS+eSq5JZk
FvgzWjhgyJueFgVcjBiNJf6Y9OEmYMmW7rZimcmQANLZtN6bRW1z800bK1/eM+LVivYfbr1b8eoI
vERs3F2zfefO7TW7yenex778IS7u8yX5v2ivC8zHGbdv4xHzAweLxZpzH3zx+8/+dKntro5vcBZk
QW70kBAXxvJWgsLrdc56hbHcvAKVK/J1NYzJZ+WJF/tQ+hCHOiGa7+nq6ezNzu4EpXZ1dknMyYzJ
THl4T5WnxQNMxQ4qapARyS5J+n2ssGktYuM9Do7gwtZBDoLBg/fIZuKDdz4sGiBcpnsq/OTTG0iD
rGiKYCMqU7mliQdTRITT+bRes8FnTA0DPfh7OyVYSeny93Zd+WXq8TobOCye1mKdPfcMCutvAzwJ
gyZkGjMy55nBoPxhVlkX5pDvAMnvjU9JHj8uJWX8vx/p+3NLC15CVyRPmJCcMm7cnaHBIJlVPCDH
OWAzFhSBcoQoRmktR8q9tE5rr0MvmGq0+UOUKqsDRWCHIWEIyM8PMPdLsA2wjC5eBDuRLMLkihQi
qyJJB+rAHUyHtSOCSrbvDgkrI02SJUofjtL8SJGMJatn5/R+/fK+tS84633fnr8pfonD/vQXzFzh
dm6u2sUzSHnt06rKoy04TezFw8Vrx94+c/YtycYxGgXymwV6VyFBMHHlyhUsKmdAwV4F8dFUdUhw
A2IDoWnuE5paFpoaWkhosXcFhQ8c6bt57BguCgaDVAhK3zkMcvmSfofisVcYB5YQ4+Y1Wk2Uk4l0
8VqtZoZG63KzYbgKBegyb1iVNeBYZiry5ie4NFp3pNJmsDIGpIy3KmIi45GBSZBBpTNkb+BGEqzw
nT2yBYrdd1Fa/y1cDpwAo/lECaM1rsTUxJmJyxOrE6nEi2n2tBbz7MemtVhmPwZcJSAByE1ACf1t
MlfCyqHqeE28Nl4X74x3xbvjozNVWeqRmpHakbosfVbUSOdI10h3VnSmZ4p6imaqdopusnOKa4p7
SvQ89TzNPO083TzXPPe86KCqRF2iKdEW64qdJa4Sd0l0kadCXaGp0Fbo1uornBWuCndF9FpPRnNi
SyID+J1htMkYAH6SgpNx+vCYkOvICgdLcOIobLWw7ui4s2X01Lnjp1acfPfjo1jfs+RWzQrjsTf3
/XTdpbc+fF38s/htRf9kPBsfeqV2U8nKjFFjL/z87G+TEsUL+2rXVxSXZ2eMPrP/+mf+kD1kgJ4+
Zb0oHK0Som1GTquzMBtUdl25ATWp8lnks1Ev8eGReh/v1aY4wII7JQiQTAROXX4egqSkj1SQrEay
EocsTwdyDMjzRFVESwRz14gcshE5pNvkZey+D9YlWzKGsM7oYa7iuUfE59NeLj726kE8f3559cZm
1ts7Png6WHrpGpNV3PfchR2n38A3ZD4AF8hH4Id29JwQrVSZKUaGciOiYTU6VbmxSaNWMkmI95mU
Xq1PnyqHfT8ABN8uxaduv3jxItjWRSOEp1Qhk0c85hme8CxPeSsfxtt4e4pDQAIWGIEIrEAnWIUw
wSbYrfBpRrrZhV0Ml3fPWcJlPsOhDfA5qEjjXa+xhgLXR0GaM23zzqt9lw8CxIw4VJ60iI0Xv38o
53SL6ACYmV10prRYL/E4C3jsAl3pUFCIVo3BDGbGKFXKGRoVy5RzTapypGLUJImqkxRaivT8lfYr
7eAgxlAQFsV2vv1eNiNlMbLOprVoZUfQyxTroYUoPlHEFKoYSCvkhAJCkUT2LOb5vr8ESWFfITOu
eA4pbMWeOb17z4tXJWx+ACG2BXyeQUa0X4hlAiq1CgfUatUMrNaiMj18tExdRBglyyGjjhg0SsbE
91zJbm/vzW43ZoVM6goYlXHAn+9mWykq8OSTLpVL59KTvHtkT2vRST8GmQGTzIAJWogBwa7BDpyJ
p2CWY8KYoeoRTKb6QWayWgHeho0qmSF3OoYfK1gh86HIkJN9c7/rW8lsv4gjxRvf4dvE0fuVyAVx
7FLS06suFj+V9NAEPlMFfCagGUKiKrLAaV5pKrAVOA3xK1FBXAEpMuQnuqJUkZ54NfJwnIPTWtTI
xCSGMqMrIZXcB2EXAcP47qxUs2wQEIUUg57uNaYNYkIiTg9dyEnPe6uuPfHp94eaWj8UvxZvrfp8
2XL1kX17j51sme8/enTHpk3P6ZbTBl/ymZ9tetPluPbabz73p+HoHfXHnm95s3Dnrme3VT8NfGwD
feUAH0OAD7fWggw6tJIJOApokW610aLT2pAa2zilXs1jkyYSqL9HvGRQ30tkg97AYzST1JM0k7ST
LJOsFHzAY5Q4Ya0WzCkGpTwGh2jH3PLi60tuYr34K7tW3MSUruodjd9tqH5xa10TuwKrs7L/dOFT
scMGa63igaW4veHO1j2Htktyl2JtJPi4A6ULDrTXVkd0e7TPGetUNSQ/Qp+kdSCLg0uIAIy68ku5
pIAg2ytF2dTjpUOkQBaKozz6MbBKIZaN9P6h5RvxK+z4puD9gmJr7bPPNe5pWL3dgR84dBzCKOrH
w1JSxe9qqr/+6qtv1lXezaGCQI8G2VCiYEZ1Wq5OCvl24rBOUEHAt0sJ0wAhfHfqCVd4aTgD+dGg
HuHjtsHAbrUgZkn9nj319Xsad0uUhN+8icPFryf9ubPz5s3Ozj8vAjJE7Bd/JYriZfn7m8QmRSl9
GQB3BloqjBo3dtpEb06MFk2bODSG6CaWq6aVG8oFsi6mPFG1zl6emJHjHWrST47gxmpRhH6IKXI0
NyQqYvQwJgd0Kwmqr9vvH8zaAT3kqexusM12mJOmB06psXfTcClNTTPKyvXGxUi2yTFWi8kWxkpi
tXGsJzrGGyclghkjIKCxEOOsPKI/ygapftTuvKO/+93RvN2jmg6dnjA+KHa8kdsy54MvAvOX4sTX
13+Rn14idr/yC/GNyvUbNlZX4XkXPsYLVk/PEd8GQdWVrd20ufzJ7bdmzbx96dIPM2dt7+2NvX26
9OLsDbVx3jxx099eFb9evLpy+vRJeXkbKqrwg2da8aSqpzcfbFr41TqxR7xEcF1R5QtH9+0/+uJA
LFE8AXpNRT8XxrocZh3LJSKiiOQ3EG95fFOs227RUEV5MqnxhKlQuFk9Whvtcykh++QesI0O91p9
5geG+hJc3hhfXOqwUKiBoAnO3ilVmcZQiQnlJVSZkudLZaZN8qIH/PP9pf4d/hY/vRdJhsmwNgza
AKyZU9QpmhRbir1D3aHpsHXY2/yqPBzCjoHoEhLuPxvcjTtsbPpPl7164KDINOeXVqxvFpUDZ0YK
Q2n7AusOkrmrVnf8pu9iMMjEvrL17eNSOGJ8+zeFrqTAFFxeAbSd77+BP0Td4AeZJ3QcQlr+Sm87
JFkPzz2hhlyUzc7ms7PnDUMnyAJVvhZ8IrRGMdEoQmupGfcl4OenZ2Xk5GRkTV+SmZOTmZEzQ9LJ
bYh9PYBVarRGGMIGKEdJgKMzCMdiyhUpcRlSKYwsYjRgt+297XIG29Mux3MplIRqdzniqSWhauQs
RYM0g1mfyoVcOEWVombzBjMZjSx4jXSvfI8bkhOaHiuFCyisWfEjXLIVAwD87p1nu26XB0M15Chx
DtsKtqNFHvSo4MPIGEl0bL0DEqroqHKXut5S48h3PWNoinH6kMIBNZ7eF8kjry41hpcrR39PF995
r3j03y2xTlTFtsQCeuCBalBWq3dQnyarhfHIAUNSMz6wu6Z2587amt2tkJVLhdatW+1SoQVpOjO5
qO3Snz77/RcfvFkMpZb4we3b4qX5ATGiuBjYLeu/QY4D/fHoujBWztvHDKTtYzT30vaXUDOt84a9
ZG12AOLdS9uTrJFjDEqvdVIMk2RAE/952t4LmChvBvw4bR/M2l1y1j7X6/S6vG5vtNeTq87V5Gpz
dbnOXFeuOzd6rmejc6Nro3tj9EZPg7PB1eBuiG7wHHQedB10H4w+6IkUEqsSj1qOWo+GHbUdtR8N
P2c5Zz0Xds52zn4uXC9l2ulpP860ZRiz/l2mLZliWZCt3brumfl7N2yp+PjM7LcXBdnNq1auzt20
a8+Grz9c3D7q1uqn8uZNmjMsyfeTwl0HfQnfLF45a9b4hxOSUmpL97zuQ4O5KdsNMo1Ey4Vkhc7i
YAm2bVCTctoUYdITXK6u4ZFxtHmIjzP4zF7dSNbn4LzIx6RGDYBHCDjkjSnAjF5ZnCC9kynOKmeL
k9wDiyjZZqOghWw27X6X/wdAmC27+islLQcPiOz+/LWQYUtl7ZmSZR98LLs9emfnqTfA2UO2vQni
XR34oBTvPBDvCrRcgalIincgNRVn0NyLd5KGU2P9JiMPVskYeRPEOaMUeKVfZtvexsa9Uv+r+B/Y
+NcezIvfTcIz8SNQtcwUW8TD4utiyyLciJfhUtwoLhF3irvEJbIsc/E1JpcpQwTxbzKIxYjl5Xoa
SnwzpHG5DBIRU9Yk07sF6G2Q6Y1Fi4RoLeIKDKjA6iyJWuspiCiy5se51FFhhDNZtZyK2jVxQH7X
PQ4k9/u4WyoIYlValc4oFQMcrzAqzVqzjtfzBp43GqVCMceZ48pxm34U14kkcSmoe2TG3XcNjGH2
1TY21tY1NL414XDJ55iIN2/2id/hcTj2oSOPrdA+s+zC2UkdFy50vH/mvY+Z76ZNFXu+uQFiWouf
wJvxkaio7wuC4u9k/q4C7n5O1sr6cAoGQFfrAoMq327iAH7svJRJS5xIOduPANZ43/XVGZmZM6Zn
ZU2fkZk1fXpW5gwZdDNnzGDaB+Yl3RNZlrUDuk9BY4ToGDspsKoKogwFCUVR+akxdq2JerU0CXER
Vo7zujWpkvP3DGaMg0bxcbdUK94X/Ml916G8FzIGcMmMQccEOsnb+3fs2C/1+K3rKrZtq1i3teTQ
WfH7W38T/+vsa3teunX9+q2XcGPzsWPNLx07Rp7a3Ni4eUtj4yXb5f2/vXHjt/sv2yKObj7R0XFi
81FJbusHeAkHu8gTYpDDVUDMJaa1tgIDcRSoIH2Ps6hNiPNQrTWSM4VxkmVIG3td8rYe8NHOyym7
ZBsRTuxknMTJOqkzyul0upxuZ/RY81jLWKtuMOMcPmD47rs7fSZ8d1dveBw5O/7I0j+I/dh2sw8b
xLPiZ2AJy3XPLL1wVjy7fc+e7dv3NDIvTpuKtd/cwEZxk/iyuEacFRV1q6AEx7LRYCy/vgTGItlE
fw9C9FN6Fbg0odeFh5EUKZkAZjiOmowMDzHTIE+BFyqUCswrFXroGi2j45VKxQyG05ciXqskbCm3
UE2MvEGv0ygV8ABGOrOKmMHRAKYlJOrssvmvdJnubpDb/AqoK6XSUimXbQp5amAAuD7UJOF6mAEZ
sEFvMLBD6VBuqG6o3mdMNHFSReZWQYmDoUkgRdwkzYqfZ2LE7r7JzzKWnzHW3X1/PFjZV1N5gIlk
Lt6JDNLi288Fg3iy2BrCp/5RYhY+Lu8NRqEiITqKt2mJyhYWUWdWacv1TeYXnfakMES4sBEGr86n
TXXyUlZ2JaRVcHfQ6scX+V/JGe7JFFe+a7nrPmh1ytDqhDZQH5fZyuwMyvvR3qG8gXH/jm76ZWkT
cWxqyvikI7jwndcmPztmvuLRWY/92929RLG8+M6KA6fc7k/zcyvWSxh3XdYhC3y4BQNSkCdVmCpZ
pGXUHKRW2VK1DAq4kg3nVCwXr1Cfw4fJIWZYX0dzXwczjLJ9HS9LFy8zw2TcPAI2vxbswglWEUu4
yDWOAo5faSiwFHBavBot1Oa7Io2MOgrZOFWUUW1gXACGUPC1S1Y+4LxynSp2muTNHtVsKU26W3y7
ZOlAEjW433F3o01alLMtl3RTKNuKMxADa6AGzqAwKA3hBochwjDEEGmI0krmATLGKSgFy1YB3A1C
6Y8LYrkONrJc3+zh2+b8J7aLX/ajxZ+sWKF6Zfe+Qz/fn7slfQ69ekCcHRMDCPqt+DepAt7e8Ot3
LnQI45lueY8S4vKzIBMlelKIJETayiEYoxmQmK5WLMSEwQSxasQxKgnKQmbf02XM+odNFJVkHypZ
AippZ/WeBKR5mXmVtB6yGxu2EyZPBTmkvLHCPtvX+hyT1Jezilyjpbd30mGtWPornEShRBPk04hl
cuAchXiY0aMqqEYfwQvwGvw03sVcZD5zxblSXSNdh93R/f3S399QM56F82G9cmDdDOtZd9f/50NK
HT7Dz+MmvA9a80C7CO19/L68/s8ON3SoveE3HFmRASjUoWgUARlwJLxvyH13msD+/vnB3Het+hcU
EuhQPyIFnFnoHHCLQINmZEdGFAbXUoSS/jI6eGj/Jcf/Lw+sRmUg8Vb0IbSP4Go6CqIVaBNqhusv
UYU8f55VSg1mrlPp3o9QK46H+xipgX9KOjsL70mDtS/h/kIYN6OF8vptclluz5PLzGrwqplwNVN+
ohm1klEsSy6HuvzUh2g0ehsdkq7pZdQA981C16CNg7dPRafRdfwsOoCvokpUi8okpaNIrAa/DUJb
SK/K7Tv0uPxlaS5Ir3IW+FIQ+DwNbz8QmsfxeBbJJ4V4LnDI4ENkMsxuQEE2H5pXbhNk/kI8MEwF
fH+AX3SZeZyJZ734EHxH+sZleP8hNBroLQRKJ0NnJPrJTdRMJIsLp+fRVMVUAFdOUYlmw2oFScPP
c5EoH1WS2fCGHJirRTn4GnwFnOckR1lAHORz8S1M7JRAi/DwXNf789xJvr8buniFqwXNbNGtdbX2
98+cy0bQeS10SAuJVbawsZ4//k+Lf0zyTZs519VyaeKEgbdOzJ8Ac4/MhUtpBNMwP3FCUsjPmSda
H299vGe+Ifu/kFMp281H13P+Mnj+4ZO+kfwnyi+Q5H2DyAC/iqViJIKq94dPepfzn/wDYsSwIDFm
Gzw0DBWy76JC6gx1pg5NZU/L51G0Ah2mXpRBPoK5DDSL2tAD0Jugb2Mr4LnfoEL46CZFA5oK7zoP
87fhHaPYCFQGz02F8SbmBMqF8xbmOLoqnaGvp+/19zAV/aO4E2DTNnQE+uEBuiaEOoYxcwBgZgfA
y2Ton0As3gz9O+CsEajOB3iC+1SdADG/BLCpB4CBsfYKQrrZCOnhecNnAFEC9G9ADj8D0OtFyNwO
Oob3WVYiZIX7rG0IhdUgZIOqxh4Ac4FSMbwaYLRe+n8MWWoxjAolokYkeSCP9kqIx2rwX2HMtjLV
whfvieSimbzbHkPfDZB3BbY9hryjIxfOe+mFADnvJW155FwlOa0hpzTk7bcs9G0/ectCWv3kFyI5
KZI3RfKGSI6L5FjLg/TYbdLyIDkqkiOV5HWRHNaT1w5p6WsWckhLfu4nPwuQV6PIAT955eUAfUUk
LwfISw16+lIsaV6jps2xZP80so8nLyaTps1RtEkkLzzP0xciyfM82duop3tjSSPc16gnjQK7Bx7c
YyF7qtkGPWkQ2OdiSf1PUmm9SHbvMtPdsWTXTh3dZSa7WrEgqNidO9R0p47sbMVImMLuUJMdbWxd
aSWtO0W2r9fQ7UayXWBr4ap2JKnZdorWiGTb1jy67RTZVs1u3RJLt+aRrQK7BejaEks2bzLSzVFk
c2t/m9DPbjKSDfDpDQHyk1TybBh5poGs15DqQIBWi6SqhKdV4eTpSj192k8q9WRdhYGuM5MKAylv
IGuNZI2arH7KRVffJk+tGkKfcpFVQ8hKeGhlFCkTyZMiWbFcR1eIZLmOLBfY0kqybOkYuqyYLB1D
Soq1tIQnJdVssZYUC2wQPhm8TYqWnKJFIlmyOI8uOUWWVLOLC2Pp4jyyWGALY0kB3FRwmwQCZJGV
LBTJApHkz0+m+SKZn0yeEEmeSB6fRh6rJLkimTeBzBXJv4lkzinyqEgeCZBZFvKwn8x8yEBnVpKH
DCRnrDCOTNeQqQEyJVpJpzSQyX7yIOHpg2YyyUQmMmo6MZxMGG+mE4rJ+HE8HW8m48Zq6DiejBVU
dKyGCCoiSHJ8hH2ggYxhk+iYGWR0toWOnkayR6lptoVkC+woNRmZZaIj80hWppFmmUimkWToyAiR
pA+30HSRDE8z0+EWkuZX0zQz8Q9TUb+a+EP6GaYiqSl2mjqBpCRbaYqdpLSxyVFqmmwlydVskipA
kxqIL9FCfdNIIjCRaCGJApsApCcESPzQVBo/lgwFwoamEi+cvCKJG0lidXYam0diPCYa8wjxwGMe
E/EIbLSSuF126s4jLqeRuuzE1cY64WNOI3FWs1FqEiWwkR4yxEAiYogjPJU6HiHh8NbwVGIXiQ0+
ahNJGE+sFgu1FhOL2UwtFmIRWLOZmOA+0yliBPEaRcLDiR9HDEC/oYHoYU0vEh28QGcnOoHVikQD
A42QWUzUcI+6kqgCRKkwUqWFKIyEo37KVRIKz1E/YeFlbBKBlzJqgh8hSCS4FQc21OLE/7MH+t8m
4F8eEL3+G9ruQHYKZW5kc3RyZWFtCmVuZG9iagoyNSAwIG9iagogICA3MjM5CmVuZG9iagoyNiAw
IG9iago8PCAvTGVuZ3RoIDI3IDAgUgogICAvRmlsdGVyIC9GbGF0ZURlY29kZQo+PgpzdHJlYW0K
eJxdkk1ugzAQhfc+hZfpIoLYxG4kFKlKNyz6o6Y9ANhDitQYZMgit6/HL0qlLmA+7DcPz3iKQ/Pc
hGGRxXsc3ZEW2Q/BR5rHS3QkOzoNQWyU9INbbl/57c7tJIqUfLzOC52b0I+irmXxkTbnJV7l6smP
HT0IKWXxFj3FIZzk6utwxNLxMk0/dKawyFLs99JTn+xe2um1PZMscvK68Wl/WK7rlPan+LxOJFX+
3uBIbvQ0T62j2IYTibos97Lu+72g4P/t6S1Sut59t1HUiqVlmYKoK585BVGbTeYUEluwZa7AFfMO
vGPegrfMDuwSb3XmFERtobGssQqsmFtwm1jDX7O/Rq7mXA29Zr3BuuF104N7Pj9qqbgWg1oM16II
NRL7oC7NdVnoLestPG32hN5kPTSaNQqeij21wbphxvl1Pv8j+JEZ/dHcnwr/rXI/oTesVx08O9aj
P5r7o9HzFPgSb7fF18lzd58Td4kxjUgezjwbPBVDoPv8TuPEWfn5BScJwZsKZW5kc3RyZWFtCmVu
ZG9iagoyNyAwIG9iagogICAzODYKZW5kb2JqCjI4IDAgb2JqCjw8IC9UeXBlIC9Gb250RGVzY3Jp
cHRvcgogICAvRm9udE5hbWUgL09PQ1FRTitEZWphVnVTZXJpZgogICAvRm9udEZhbWlseSAoRGVq
YVZ1IFNlcmlmKQogICAvRmxhZ3MgMzIKICAgL0ZvbnRCQm94IFsgLTc2OSAtMzQ2IDIxMDUgMTEw
OSBdCiAgIC9JdGFsaWNBbmdsZSAwCiAgIC9Bc2NlbnQgOTI4CiAgIC9EZXNjZW50IC0yMzUKICAg
L0NhcEhlaWdodCAxMTA5CiAgIC9TdGVtViA4MAogICAvU3RlbUggODAKICAgL0ZvbnRGaWxlMiAy
NCAwIFIKPj4KZW5kb2JqCjkgMCBvYmoKPDwgL1R5cGUgL0ZvbnQKICAgL1N1YnR5cGUgL1RydWVU
eXBlCiAgIC9CYXNlRm9udCAvT09DUVFOK0RlamFWdVNlcmlmCiAgIC9GaXJzdENoYXIgMzIKICAg
L0xhc3RDaGFyIDEyMgogICAvRm9udERlc2NyaXB0b3IgMjggMCBSCiAgIC9FbmNvZGluZyAvV2lu
QW5zaUVuY29kaW5nCiAgIC9XaWR0aHMgWyAzMTcgMCAwIDAgMCAwIDAgMCAwIDAgMCA4MzcgMCAz
MzcgMzE3IDAgNjM2IDYzNiA2MzYgNjM2IDYzNiA2MzYgNjM2IDYzNiA2MzYgNjM2IDMzNiAwIDAg
MCAwIDAgMTAwMCA3MjIgMCAwIDAgMCAwIDAgMCAwIDAgMCAwIDEwMjMgMCAwIDAgMCAwIDY4NSAw
IDAgMCAwIDAgMCAwIDAgMCAwIDAgMCAwIDU5NiAwIDU2MCA2NDAgNTkxIDAgNjQwIDAgMzE5IDMx
MCAwIDMxOSA5NDggNjQ0IDYwMiA2NDAgMCA0NzggNTEzIDAgNjQ0IDAgMCAwIDAgNTI2IF0KICAg
IC9Ub1VuaWNvZGUgMjYgMCBSCj4+CmVuZG9iagoxIDAgb2JqCjw8IC9UeXBlIC9QYWdlcwogICAv
S2lkcyBbIDIgMCBSIF0KICAgL0NvdW50IDEKPj4KZW5kb2JqCjI5IDAgb2JqCjw8IC9UeXBlIC9P
dXRsaW5lcwogICAvRmlyc3QgMTggMCBSCiAgIC9MYXN0IDE4IDAgUgogICAvQ291bnQgLTEKPj4K
ZW5kb2JqCjE4IDAgb2JqCjw8IC9UaXRsZSAoREVUQUxMRVMgREUgTEEgUkVTRVJWQUNJT04pCiAg
IC9QYXJlbnQgMjkgMCBSCiAgIC9GIDAKICAgL0Rlc3QgWzIgMCBSIC9YWVogNzUgNzYzIDBdCj4+
CmVuZG9iagozMCAwIG9iago8PCAvUHJvZHVjZXIgKGNhaXJvIDEuMTUuMTAgKGh0dHA6Ly9jYWly
b2dyYXBoaWNzLm9yZykpCiAgIC9UaXRsZSAoUmVzZXJ2YWNpb24pCiAgIC9BdXRob3IgKCkKICAg
L0tleXdvcmRzICgpCiAgIC9DcmVhdGlvbkRhdGUgKEQ6MjAyMTAxMjgyMDIwNTBaKQo+PgplbmRv
YmoKMzEgMCBvYmoKPDwgL1R5cGUgL0NhdGFsb2cKICAgL1BhZ2VzIDEgMCBSCiAgIC9PdXRsaW5l
cyAyOSAwIFIKPj4KZW5kb2JqCnhyZWYKMCAzMgowMDAwMDAwMDAwIDY1NTM1IGYgCjAwMDAwNTk1
MzcgMDAwMDAgbiAKMDAwMDAwMTQ0MyAwMDAwMCBuIAowMDAwMDAwMDE1IDAwMDAwIG4gCjAwMDAw
MDAwMTUgMDAwMDAgbiAKMDAwMDAwMDcxMyAwMDAwMCBuIAowMDAwMDAwMDE1IDAwMDAwIG4gCjAw
MDAwMDA2OTEgMDAwMDAgbiAKMDAwMDA1MDQ4NCAwMDAwMCBuIAowMDAwMDU5MDY4IDAwMDAwIG4g
CjAwMDAwMDE3MTAgMDAwMDAgbiAKMDAwMDAwMDkwMyAwMDAwMCBuIAowMDAwMDAxMTYwIDAwMDAw
IG4gCjAwMDAwMDE0MDcgMDAwMDAgbiAKMDAwMDAwMjE2OSAwMDAwMCBuIAowMDAwMDAyMTQ2IDAw
MDAwIG4gCjAwMDAwMDIyNzIgMDAwMDAgbiAKMDAwMDA0MzAwOCAwMDAwMCBuIAowMDAwMDU5Njg2
IDAwMDAwIG4gCjAwMDAwNDMwMzMgMDAwMDAgbiAKMDAwMDA0OTcwMSAwMDAwMCBuIAowMDAwMDQ5
NzI1IDAwMDAwIG4gCjAwMDAwNTAxODMgMDAwMDAgbiAKMDAwMDA1MDIwNiAwMDAwMCBuIAowMDAw
MDUwOTQ3IDAwMDAwIG4gCjAwMDAwNTgyODMgMDAwMDAgbiAKMDAwMDA1ODMwNyAwMDAwMCBuIAow
MDAwMDU4NzcyIDAwMDAwIG4gCjAwMDAwNTg3OTUgMDAwMDAgbiAKMDAwMDA1OTYwMiAwMDAwMCBu
IAowMDAwMDU5ODAxIDAwMDAwIG4gCjAwMDAwNTk5NjcgMDAwMDAgbiAKdHJhaWxlcgo8PCAvU2l6
ZSAzMgogICAvUm9vdCAzMSAwIFIKICAgL0luZm8gMzAgMCBSCj4+CnN0YXJ0eHJlZgo2MDA0MAol
JUVPRgo=

--===============3657460306570279436==--

-------------------------------------------------------------------------------
