Content-Type: multipart/mixed; boundary="===============7364378609026662945=="
MIME-Version: 1.0
Subject: =?utf-8?q?Hotel_Real_-_Confirmaci=C3=B3n_de_Reservaci=C3=B3n?=
From: reservaenrealnicaragua@gmail.com
To: cjpm1983@gmail.com
Date: Tue, 04 May 2021 16:54:14 -0000
Message-ID: <162014725476.9895.3167179946581473753@localhost>

--===============7364378609026662945==
Content-Type: text/html; charset="utf-8"
MIME-Version: 1.0
Content-Transfer-Encoding: 7bit

Pronto nos pondremos en contacto con usted. recibimos su solicitud para RealNicaragua
--===============7364378609026662945==
Content-Type: application/pdf
MIME-Version: 1.0
Content-Transfer-Encoding: base64
Content-Disposition: attachment;
 filename="cjpm1983@gmail.com_1234567_2021-05-04 16:54:03.013892.pdf"

JVBERi0xLjUKJbXtrvsKNiAwIG9iago8PCAvTGVuZ3RoIDcgMCBSCiAgIC9GaWx0ZXIgL0ZsYXRl
RGVjb2RlCj4+CnN0cmVhbQp4nJ2UXW+bMBiF7/0r3kuiCcef2ExVNZqwqVW6rg3bTdULlzgpbYAE
6NafPxPo0u81BQEWts9z/IIPBeJOn7qbFhTSHK0R2byrFjA0BBY1OkgQE9049wwYZhIoIVgHnGkK
SY6Gc5/4BFx7js69cZwMpPSiySSewjiGSQRn8TQ+G3Dp/Roo7UWjw5Pvg4vkCFHW8xnwkGAlGNUK
aKAxI4rwe3F6L+7BILl+hPOZwlQHWoTOHZYs4IGCZIa8CIoyv6wszGw/5w2V1gIWTGgi28nn3o8B
U56pzaqsGruxupOAF+cmW36Ua6u6LEz9CpZSTAIulAKCCZGSc90x6UZ9ujIF7O3BMEqbW7NM7F0D
e3M7nxNiyD7s78PBeNRLxceutepxz0u7JbUuOeE87Fx+bb+vTa+MKy7ERVOZmdnVLSPMDZU+EUDZ
ZyE/SJ+aZfZxuPvDdoJ7ka3KZVZY8/K3fRX4s8gaO4Moq9rZ9bt5J5e1rX6bNCu3s97LnL1NCfR2
VQtbNBbWtxYquwHuiBpd3aY3MDJ1s7Tgd/9W0gUJDnl7tHniguTBhmc6xIHQgmtwOphxvU2TLTe9
XuU01PzLot1ROC3zl8TPvrl20B4K/riuI3ddo/OL1ifMECVwDGugG3Z3d0nXG3B09yQMcnA7ESsa
/nuzhCmcbvPwsf9usFbyLfv+u0ohmMZK8f+U4pPkUpNQsVC8UoNnS+yFHyxRUompCp4scY2Ghrqs
h+Gdq9W4RKdoOMmKm02QHI8Ox06uT442M5700Yd9p+gvj/drHwplbmRzdHJlYW0KZW5kb2JqCjcg
MCBvYmoKICAgNTkwCmVuZG9iago1IDAgb2JqCjw8CiAgIC9FeHRHU3RhdGUgPDwKICAgICAgL2Ew
IDw8IC9DQSAxIC9jYSAxID4+CiAgICAgIC9hMSA8PCAvQ0EgMC43IC9jYSAwLjcgPj4KICAgPj4K
ICAgL1hPYmplY3QgPDwgL3gxMCAxMCAwIFIgPj4KICAgL0ZvbnQgPDwKICAgICAgL2YtMC0wIDgg
MCBSCiAgICAgIC9mLTEtMCA5IDAgUgogICA+Pgo+PgplbmRvYmoKMTEgMCBvYmoKPDwgL1R5cGUg
L0Fubm90CiAgIC9TdWJ0eXBlIC9MaW5rCiAgIC9TdHJ1Y3RQYXJlbnQgMAogICAvUXVhZFBvaW50
cyBbIDI5MCA1MTQgNDI1IDUxNCA0MjUgNTAwIDI5MCA1MDAgXQogICAvUmVjdCBbIDI5MCA1MDAg
NDI1IDUxNCBdCiAgIC9BIDw8CiAgICAgIC9UeXBlIC9BY3Rpb24KICAgICAgL1MgL1VSSQogICAg
ICAvVVJJIChtYWlsdG86Y2pwbTE5ODNAZ21haWwuY29tKQogICA+PgogICAvQlMgPDwgL1cgMCA+
Pj4+CmVuZG9iagoxMiAwIG9iago8PCAvVHlwZSAvQW5ub3QKICAgL1N1YnR5cGUgL0xpbmsKICAg
L1N0cnVjdFBhcmVudCAxCiAgIC9RdWFkUG9pbnRzIFsgNDI5IDUxNCA1MTUgNTE0IDUxNSA1MDAg
NDI5IDUwMCBdCiAgIC9SZWN0IFsgNDI5IDUwMCA1MTUgNTE0IF0KICAgL0EgPDwKICAgICAgL1R5
cGUgL0FjdGlvbgogICAgICAvUyAvVVJJCiAgICAgIC9VUkkgKHRlbDorNTM1ODA5NzI5NCkKICAg
Pj4KICAgL0JTIDw8IC9XIDAgPj4+PgplbmRvYmoKMTMgMCBvYmoKWwogIDMgMCBSCiAgNCAwIFIK
XQplbmRvYmoKMiAwIG9iago8PCAvVHlwZSAvUGFnZSAlIDEKICAgL1BhcmVudCAxIDAgUgogICAv
TWVkaWFCb3ggWyAwIDAgNTk1IDg0MSBdCiAgIC9Db250ZW50cyA2IDAgUgogICAvR3JvdXAgPDwK
ICAgICAgL1R5cGUgL0dyb3VwCiAgICAgIC9TIC9UcmFuc3BhcmVuY3kKICAgICAgL0kgdHJ1ZQog
ICAgICAvQ1MgL0RldmljZVJHQgogICA+PgogICAvUmVzb3VyY2VzIDUgMCBSCiAgIC9TdHJ1Y3RQ
YXJlbnRzIDIKICAgL0Fubm90cyBbIDExIDAgUiAxMiAwIFIgXQo+PgplbmRvYmoKMTAgMCBvYmoK
PDwgL0xlbmd0aCAxNSAwIFIKICAgL0ZpbHRlciAvRmxhdGVEZWNvZGUKICAgL1R5cGUgL1hPYmpl
Y3QKICAgL1N1YnR5cGUgL0Zvcm0KICAgL0JCb3ggWyAwIDAgNTk1IDg0MSBdCiAgIC9Hcm91cCA8
PAogICAgICAvVHlwZSAvR3JvdXAKICAgICAgL1MgL1RyYW5zcGFyZW5jeQogICAgICAvSSB0cnVl
CiAgICAgIC9DUyAvRGV2aWNlUkdCCiAgID4+CiAgIC9SZXNvdXJjZXMgMTQgMCBSCj4+CnN0cmVh
bQp4nCWLOQ6AMAwEe79iP0BiOyc9H0hFjRCiAhRoeD6J0FQ7q6lUUMnpaEYvEFUTOSCyySzwoS3F
vWHGSZW6BjeG/uCvNCUHidkoByeK9SC7MPYH9pWI6aLS+ABepBWuCmVuZHN0cmVhbQplbmRvYmoK
MTUgMCBvYmoKICAgOTQKZW5kb2JqCjE0IDAgb2JqCjw8CiAgIC9FeHRHU3RhdGUgPDwKICAgICAg
L2EwIDw8IC9DQSAxIC9jYSAxID4+CiAgID4+CiAgIC9YT2JqZWN0IDw8IC94MTYgMTYgMCBSID4+
Cj4+CmVuZG9iagoxNiAwIG9iago8PCAvTGVuZ3RoIDE3IDAgUgogICAvVHlwZSAvWE9iamVjdAog
ICAvU3VidHlwZSAvSW1hZ2UKICAgL1dpZHRoIDgwMAogICAvSGVpZ2h0IDYwMAogICAvQ29sb3JT
cGFjZSAvRGV2aWNlUkdCCiAgIC9JbnRlcnBvbGF0ZSB0cnVlCiAgIC9CaXRzUGVyQ29tcG9uZW50
IDgKICAgL0ZpbHRlciAvRENURGVjb2RlCj4+CnN0cmVhbQr/2P/gABBKRklGAAEBAABIAEgAAP/h
AIxFeGlmAABNTQAqAAAACAAFARIAAwAAAAEAAQAAARoABQAAAAEAAABKARsABQAAAAEAAABSASgA
AwAAAAEAAgAAh2kABAAAAAEAAABaAAAAAAAAAEgAAAABAAAASAAAAAEAA6ABAAMAAAABAAEAAKAC
AAQAAAABAAADIKADAAQAAAABAAACWAAAAAD/7QA4UGhvdG9zaG9wIDMuMAA4QklNBAQAAAAAAAA4
QklNBCUAAAAAABDUHYzZjwCyBOmACZjs+EJ+/8AAEQgCWAMgAwEiAAIRAQMRAf/EAB8AAAEFAQEB
AQEBAAAAAAAAAAABAgMEBQYHCAkKC//EALUQAAIBAwMCBAMFBQQEAAABfQECAwAEEQUSITFBBhNR
YQcicRQygZGhCCNCscEVUtHwJDNicoIJChYXGBkaJSYnKCkqNDU2Nzg5OkNERUZHSElKU1RVVldY
WVpjZGVmZ2hpanN0dXZ3eHl6g4SFhoeIiYqSk5SVlpeYmZqio6Slpqeoqaqys7S1tre4ubrCw8TF
xsfIycrS09TV1tfY2drh4uPk5ebn6Onq8fLz9PX29/j5+v/EAB8BAAMBAQEBAQEBAQEAAAAAAAAB
AgMEBQYHCAkKC//EALURAAIBAgQEAwQHBQQEAAECdwABAgMRBAUhMQYSQVEHYXETIjKBCBRCkaGx
wQkjM1LwFWJy0QoWJDThJfEXGBkaJicoKSo1Njc4OTpDREVGR0hJSlNUVVZXWFlaY2RlZmdoaWpz
dHV2d3h5eoKDhIWGh4iJipKTlJWWl5iZmqKjpKWmp6ipqrKztLW2t7i5usLDxMXGx8jJytLT1NXW
19jZ2uLj5OXm5+jp6vLz9PX29/j5+v/bAEMACAYGBwYFCAcHBwkJCAoMFA0MCwsMGRITDxQdGh8e
HRocHCAkLicgIiwjHBwoNyksMDE0NDQfJzk9ODI8LjM0Mv/bAEMBCQkJDAsMGA0NGDIhHCEyMjIy
MjIyMjIyMjIyMjIyMjIyMjIyMjIyMjIyMjIyMjIyMjIyMjIyMjIyMjIyMjIyMv/dAAQAMv/aAAwD
AQACEQMRAD8A9/pDS1HJIsaM7kKqjJJPSgB/FLmsSXxJpKE/8TK14/6aiqsnivSV6ajbH/toKfKw
OkzmiuY/4SzS/wDoIW3/AH8FH/CW6X/0ELb/AL+CnysDp6K5j/hLtK/6CFt/38FH/CW6V/0Ebb/v
4KOVgdPRXM/8JbpX/QRtv+/gqteeOdGsbczzX0ZQf3DuNHJJiukdfRXnY+LXhkjP2uX/AL9Gj/hb
Phr/AJ+5P+/Zq1RkLnR6JRXnn/C2fDX/AD9yf9+zR/wtjw3/AM/cn/fs0exq9g50eh0V57/wtjw3
n/j7k/79ml/4Wt4b/wCfuT/v2aXsKvYOdHoNFef/APC1fDn/AD9yf98Gj/hanhw/8vb/APfBo9hV
7Bzo9AorgP8Ahafh3/n7f/vg0f8AC0/Dv/P2/wD3waPYVA50d/RXAf8AC0/Dv/P2/wD3waP+FpeH
v+ft/wDvg0/q9QOdHf0VwH/C0vDv/P2//fBo/wCFpeHf+ft/++DR9XqBzo7+jNcD/wALR8Pf8/b/
APfBpD8UvDo/5e3/AO+DR7CoLnR3+aM15/8A8LT8O/8AP1J/3waX/hafh3/n6k/74NL2FTsPnid/
mjNef/8AC0/Dv/P1J/37NH/C1PDo/wCXqT/v2ar2FTsw54noFFef/wDC1fDv/P1L/wB+zSf8LW8O
/wDP1L/37NH1ep/KHtInoNGTXn3/AAtXw5/z9S/9+zR/wtXw7/z8y/8Afs0vYVP5Re0ieg5ozXn3
/C1vDf8Az8y/9+zSf8LW8Of8/Mv/AH7NHsKv8oe0iehZNGTXnv8Awtbw5/z8y/8Afs0v/C1vDn/P
1L/37NHsKnYPaRPQc0Zrz3/ha3hz/n6l/wC/Zo/4Wv4c/wCfqX/v2aPYVP5R+0iehZozXn3/AAtb
w5/z9S/9+zR/wtbw5/z9S/8Afs0ewqfyh7SJ6DmjNeff8LW8Of8AP1J/37NH/C1fDn/P1L/37NHs
Kn8oe0ieg5ozXn3/AAtXw7/z9Sf9+zS/8LT8O/8AP1L/AN+zR7Cp/Kw9pE9AzRmvP/8Ahafh49Lm
X/v2aePifoB/5bzfhEaPYVf5WL2kTvc0Zrgx8TdCPSWf/v0aX/hZehn/AJa3H/fo0/q9X+Vi9rA7
rNGRXC/8LL0T/npcf9+jR/wsvQ/+elx/36NH1er/ACsftYHdZFGa4T/hZmhf89Lj/vyaT/hZ2hD/
AJaXH/fk0fV6v8rD2sDvM0ua4E/E/Qf+elx/35NJ/wALS0D/AJ63H/flqPq9X+Vi9rA7/NGa8/8A
+FpeH8/664/78tSf8LU8P5/1tx/35aj6vV/lYe1geg5ozXn3/C1PD/8Az2uP+/LUf8LU8P8A/Pa4
/wC/LUfV6v8AKx+0geg5ozXn3/C1PD//AD2uP+/LUf8AC1fD/wDz1uP+/LUfV6n8oe0geg0V59/w
tTw//wA9rj/vy1H/AAtTw/8A89rj/vy1H1er/KHtIHoNFef/APC0/D//AD2uP+/LUf8AC0/D/wDz
2uP+/LUfV6v8oe0gegUV59/wtTw//wA9bj/vy1H/AAtTQP8Anrcf9+Wo+r1P5Q9pDueg0V5//wAL
U8P/APPa4/78tR/wtPQO0tx/35aj6vV/lD2kO56BSZrgf+Fo6D/z1uP+/Jpf+Fn6F/z0uP8AvyaP
q9X+UPaQO9zRmuDHxO0I/wDLS4/78mnf8LM0L/nrcf8Afk0fV6v8oe1gd3mjNcJ/wszQv+etx/35
NJ/ws3Qv+etx/wB+TR9Xq/ysPawO8zSZrg/+FnaF/wA9bj/vyaP+Fn6D/wA9bj/vyaPYVf5WHtYH
eZozXBf8LP0H/nrcf9+TR/wtDQf+etx/35NHsKv8rD2sDvqK4D/haOgf89rj/vyaP+FpaB/z1uP+
/Jo9hV/lD2kDv6K8/wD+Fp6B/wA9bj/vy1H/AAtPw/8A89rj/vy1HsKv8oe0gegUV58fir4fH/LW
4/78NSf8LW8Pf89rn/vw1HsKv8oe1gehUV57/wALX8O/89rn/vw1H/C2PDv/AD2uf+/DUvY1f5Q9
pE9Corzz/hbPhz/ntc/9+GpP+Fs+HP8Antc/9+Go9jV/lD2kT0SivO/+FteG/wDntc/9+Go/4W14
b/573P8A4DtR7Gr/ACh7SHc9Eorzs/Fvw3/z3uf/AAHak/4W34b/AOe1z/4DtR7Gr/KHtIdz0Wkr
zv8A4W34b/57XP8A4DtR/wALc8Nf89rn/wAB2o9jU6xD2kO56JxR3rzv/hbnhr/ntc/+A7Vb074n
aBqeoQ2VtLOZpSQoaFlHAz1NJ0ZrVoFUizuqWqkV0sgypyKsq2RWZZ//0Pf+1ZHiR9nh7UOcfuH/
AJVr1h+KTjw9qH/XB/5U1uB8ZXE85urj9/OMSt/y0PqfeovOm/57zf8Afw/40Tn/AEm4/wCurfzN
R5rsjbl2Fck86b/nvN/38P8AjR503/Peb/v4f8ajoqtOwiTzpf8AntN/38P+NHnS/wDPeb/v4f8A
Go6KLLsBJ5sv/PaU+3mH/GgyyMNrzOw/ul2I/nTc8UlNJAHPZj+Zo5/vfqaKKoVkLz/e/U0mWz1/
U0UU7BZAS2ev6mly394/maSikFkLl/7x/wC+jRuf+8f++jRRRdhZBub1P/fRo3N6n/vo0mKKfOw5
UODt6n/vo0vmN/eb/vo0ylqlNhyoeHP94/8AfRo3n+8f++jTM0Zp87FyokDt/eP/AH0aXzG/vH/v
o1FmjNP2gcqJt7f3j/30aUSkfxH/AL6NQbqN9UqrQnFFkSk9/wDx408OfX9TVUNS7zWirSE4FwN/
tfqaOf736mq6yEU/zK1VVsjlJRns36mnbmHf9TUQanBjV8zJaH7vf9TRn0P6mm9aXFO7FYXJ9f1N
HPr+ppKdii7FoNOfX9TRz6/qaUijFF2O6G/N6/qaQ59f1NPIpMUXYXG5P979TQSf736mnYoxRzMe
ggz/AHv1NTKD/e/U1EBU0fFK7B2LMIPH+JrShHT/ABqhEelaEJxiqTZnIvQ49P1qwAAOtVUapQ/F
Wm+5iybIphYCo99ML07sEiRnpm+oy2abmldjsSF6YXyelNJpM0czAdkelNJGelIaKLsBePSj8KAK
UdaV2AmB6UYHpTu9KFzRdjG49qMe1OIPSnKpouyRgA9KXb7VKI807ZRdgQBMnpTvK9qsKgAoLAUX
YEKw+1SiFe4pRLTTLS5mMfsQDpS4UelQmWojKaOZhYtF1HQUnmgVU800xpM0c7FYuecKjaUVV30m
+lzMqxYM1M83/OagLUhalzMLFjzf85pDLVbdRuo5mOxOZfak832qDdQWpczHYnMvtTTJ7frUO6kz
RzMLEpf8KTf71ETRmjmYWJBIfak8z6VFmip5mUSeZz2oLfSmUUczEKW+lJn6UhpKOZgOLD2pM/Sm
5oo5mMdke1JmkopOTAXIrU8Mz/Z/EtlMOqsf5Vk5q1pz7NQhYdQazqv93L0Y4/Ej6N0bUzcRj0xX
V2771BHpXl/hWdmjHNel2JzEpPpXgncf/9H3+sPxT/yL2of9cG/lW3WJ4oG7QL8f9MG/lSvZha58
WT/8fdwP+mrfzNMxU91Cy3M7AH/Wv2/2jVauqE7oJQcRelLmkoq7khmlHNJRTuA6jNNzS00wFFFJ
RmquIUUGgUU7gFLikpapMAooop3AKMUUtOwXExRS0lLlFcQ9aBS0tLlGNpaMc0uKLANop2KMUrDu
IKXNJ3paqwXDJpQTTaKpNoTJQ5FODk1CKUHFaRqWJtctKc96fmqm7FPEhNbRqXJcSxmnZqFWqQGt
FIzcR+aOKQUoxVE2FIpuKdmloAbijFOxSbadguIKlUZpgGKkWlYGyzH2q7GcYqjGelXEPSqRDLqG
pO1QIeKkBqkQ0LuNIc+tIetJmgQucUnWg0UgExRTgMml280ANoAp2ynKlADQtKBzUwXigACgCPbT
1WncUZpAGwetKAKYW5ppajmES5FIzgCod/NNZqlyGiYycdaYZagLUhalcdiYvUbPTCeKYTSuOxIW
z3ppao80uaLhYXcaCaZmlJpXHYM0lJRmi4wzSUmeaTNFwFopDSZpXAdikIpM0E0XAXFGKbmjNFwF
xSUZpCaVwFopuaCaQxc0ZpuaM0XAdR+NMJozSuOwuaKbmincQ6kzRRSuAtT2X/H7F9agqey/4/Yv
rUVH7j9Co/Ej2bwj/qxXqFh/qlHtXl/hH/VivULD/Vr9K8Nnaf/S99rF8Tf8gC+/64N/KtqsbxN/
yAb7/rg38qHsVD4kfHs/+vm/66N/M1VmtgRlKtzj/SJh/wBNG/majNc0Z8rPcnR50jMIKnDCjPpW
g8SyDkc1SlheNs44rup1VJHk18M4P3SOlFJxSit1ZnK9AoooovYLp7CiikozRzALRmkzS1SYrC5o
pMUZqrgKOtOpuaXNNMA704dKaKXNUmAtJS9qSrQBRRQKBCijFHSjNOwBiiiiiwBxQcUUGiwCUtJR
mlYBaKTNGaL2ATvTwcU2lo5mhjw1SK9Q5pQa1jMlq5ZD08GqwbFSq9bqSM3EmBpw5qINTw1WiXEf
S4oBoBzVpktABUirSAVIBTJZJGOatx1WjHNWkzQSywnSngmmopxUoQmmS2NxmjbUmw9qcIzSFciC
0uypQhpwSgLkQTmnBOak20YoC4m2lHFBNN70XEOLU0mmk0hqWwQFqQvxTSaTtU3GG6mlqTNJmgoC
eaaTzSk0maTARjxTc049KaaQBmkzRSYpDDNBNGKSgBM0ZoIpKAHU2lpKBiGkpTRigBKQ0tIaAEoo
o60hhmkzS4pMUgAmkzSGigAzQTRikIpDDNGaMUYoADSUuKMUgEpRRigjFMAoopcUAFT2X/H5F9ag
qey/4/IvrUVPgfoOPxI9m8I/6sV6hYf6tfpXl/hH/VivULD/AFa/SvDZ2n//0/fqxfEwzoV9/wBc
H/lW3WJ4l50O9/64t/Kk9iofEj5CmT/SJv8Aro38zUZSr00eZ5Tj/lo38zUZi9q4ea7PrPYOyKmy
mld3ytzVvy/ammPnpTU7GbodzNntM8p+VVSCvBGK2SnPSoZrVXU8fNXXSr2dmeZiMC7XRl0VM9u8
PDciogC3Su+LjJXR5M6coOzQlFLz3FFFmSlfYSloxRigAooxRVXExaKKKLgKKKTNLmqTEL2opO9L
VqQBRRRVJgKKWkHWlqxC0YpBS07AGKQinUGiwDcUYpaXFFgG4oxSkUYpWATFJTsUYosA2gU7FGKL
AJTgabRTTAmDVIrVADS7q2jITiWwc04Gq6PUqsK2i7mUlYsLUgqFTUqmrTMmWY+tWoxk1ViAzV2I
c1RDLCKcVYRDTYhzVlVp2M2NCU8JxUirT9tIVyv5dG3HWp9lIUpBcgKjFNqfZTWSgLldutN71Y2U
xl56UhkDdaaam2HPShk9qloaK560lTbPamsntSsMrnrRUpX2puPagoiNJUpFNIpWAYaaafikxSsA
yg0/FNIpWGNpKdg0maLAJijFLRQA2g07FFAyM0U80mKAGmmmnmm0AIaQU4ikpDEpDS0lDAQ0lOox
SAbQaWigY2inUUrANop1FFgE70tLigCnYVxMUuKXFGKLBcTFTWf/AB+RfWosVNZj/TIvrUVF7j9C
ov3keyeEf9WK9QsP9Wv0ry/wj/qxXqFh/q1+leEztP/U9+7VjeI/+QJe/wDXFv5VsmsfxH/yBL3/
AK5N/KlL4TSl8aPlmSMebL/10b+ZqIw1PI376X/ro38zSZrzHufocYJxRWaEg1G0R9Kv8d6CoNIh
0UzNMeO1M8utIxZ7UwwVSbMpYe6M5oQwwRms+4sWU7o63WhqPy8Dn8q2hiJQZ59fL41Fsc0ylT81
Jt71uXFgkwyow1Zctu8Rw6n2NevQrxqLU+bxOAqUXoVsUYp+2l211OmcNyPFGKfijFRyDGUU4ijF
LkAbiinYoxScRCZozS0lGwC0optOqkwDFO4plLmrTAWjNFFWmAuaWm06qQCDk06kHWlqxBSUtLRY
BMUlOpAKLAJRzTsUdaLANNJinYxRUuIDcGlGRS4PrSYxRsA4MRT0NRU4HFaRkJotIxqdWFUQTViJ
uOa3TM5RNCJqvQNzWbE3HWrsR6VaZhJGnG4qyslZyEiphIcCnczaNEOKeHBrO87Ap4uOKZNjRBBp
eDVBbrinC596AsXdooKA1V+0e9OE49aBFjy+Kb5XNME49acJl9aLABiHpTWiz2qQSA9xS+YPaiwE
Pk8dKY0PtVsMCKODSsFygYDnpTDD7VpbQaQwgjrRYdzMMNMMXtWmYBSfZhRYLmW0XFM8qtU2oppt
RUuI7mX5Zpvl81q/ZaabSjlHzGZ5dIY60za002vtS5Q5jNKUmytE2vHSmG2o5QuUClJsq6bc00wY
qbDuUilIVNWmhNNMVFhplcrxTcVOY+aaUosFyCkqbZTdlSO5HQeKk2UhSiwXI8ZoxT9tG2iwXIsU
YqXb7UbfaiwyLFGKl2+1G2iwEYHHSlx7U/FGKLAMxS4p2PajFOwDcUYFOxRtosA3FTWg/wBLi+tR
4qa1H+lR/Ws6q9yXoyofEj2Dwj/qxXqFh/q1+leXeEf9UK9R0/8A1a/SvAZ3H//V9+NY/iL/AJAl
7/1yb+VbNYviM/8AEkvf+uLfypS+E0pfGj5Zc/vpv+ujfzNAao3f99L7yN/M0Bq8x7n6BCouVEwN
OziogfSn5zSNU0yQGl4PWow3NPBp3L0FKg00xr6U/NKCPSna4ml1IGgB9jUEtorrhxwe9XxgnpSl
BVRk47GdTD06i1OZudNeEllG5KpFMGuxMYxjHFZ91pUc2WjBDfXivXwmPXw1Nz5vHZLq50znNvNI
Vq5LavCxDKeKgZCvWvYiozVz5madOXLJERWk21MVpuKUqRKaexFt5oI5qXbSbah0h3IsUYqTFJtq
HSC4zFGKdikxUOmO4lFLik5qeVodwNAooo1ELmlFN70oqlIB1Lmm5pa0jIVhwNFNzSg1pzAOxQBS
bjSg1SdwFpKWjAqrIQ00YpaKVgEpDTsUYpNANxS96XFJSsA4VKjGogaepNNOwmtC7C3NX4WrNiOK
vQmt4swmjQRuKeGqBDUgNaIyaJM0ZpuaM0CHE0oJpuaQk0CJdxxQHIqLJoyaYWJvNIp3nGq+TRuN
AWLQuDilW5OaqbjSgmgLF4XWKcLus/caMmgOU0Ree9O+1571mbjRuNFxcpqi6HrThdj1rJ3n1p28
460XDlNcXK0ouENZAc5604SEd6Lisa/nLSiRTWR5xp4nOOtO4rGruQ0vymssTn1qVbkilcLF7avS
mmNarrcc07zxQFiQwiozAKeJs07eDRYVys0HPFRNb8VeyKaQDStcaZnGA1GYDmtPYDTTEPSjlHcz
PJIpvkGtIw57Unk+1TylXMww0nkmtMw+1IYPajlC5m+URR5XtWj5Ge1H2ejlC5neV7UeVWh5PtSe
RntS5QuZ5ipvlGtAw89KQwj3o5R3KHlUeXV1oaYYjRyhcq7OKbsq15RpDFilYdyvsppXmrBQ00oa
LBch281LajF3H9aClPtl/wBJT61nVX7uXoyoP3keteEP9SK9RsP9Wv0ry7wj/qRXqNh/q1+lfPM9
A//W9+rF8ScaHff9cW/lWz1rG8Tf8gK+/wCuLfypS2Lp/Ej5Okf/AEiX/ro38zSrIPWq8rEXEv8A
10b+Zpqsa85x1PsIVnZF4P71Ir1RElSLLU2OiNcubvQ04NVVXHrUof3pG8apYDU8MKr7venK9Cdj
dSTJw3NSA5HNVw9SBqu9ykx5HvSjPSmZ5p26i+tweo2aCOZSGUA461k3OnNGSyqWHtW2DxQSpXBF
d2Gxs6W+x5uMyyliFdLU5doecY5qJoueldDc2KyKHTr6VTTTrudiILVn+lfQ4fGUqsdGfFYvAVsL
J8y0Mcx0mzFa50TVwT/xLpvyP+FN/sHWD/zDZs/j/hW7nDuci5nsZG2kIFbH/COa43/MNl/X/Cmn
w1rn/QNl/X/Cs3OHcepjkUhGK2D4a1z/AKB0v6/4UxvDutqMnTpf1/wqHKn3GZWKaRzWk+i6uvXT
5vyP+FQnS9TXrYS4/wB0/wCFQ+UZSxRirJsL7/nylH/ADSGzvR/y6S/98mptECsRSDNWPsl5/wA+
kv8A3yaa1tdAc2sv/fJrJpDIaXNP+z3H/PtJ/wB8mmmGcdYZP++TSTsMQHNOBppSUD/VP/3yaAr9
4n/75NUpiHCnZqP5x/A35Uu491b8q0U0IfmlBpm/H8LflR5qjufyrRTTFYk4o4qPzl7E/lS+evcn
8q0UkBJx2pKaJVPr+VL5i9ifyptqwDsUlJ5i/wB6jeD3pWQDgKeopgIP8VSKR/eosguyaOr0Paqc
eDj5qvR9BzmtImMi1H1qYCo4xxUoBrVGLCilwaTmgkWko5paAEopO9LTAKKKKQBS0lGaAFopM0UA
FHNFFAWCjNFFAC5NGTSUUDHbqdv4qOigRJupQ9RilzQFiYSUokqEGjdQKxZEpqQTe9VN9Lvp3Cxc
E/vThNnvVIPSq9FxWLwlHrTvM96oh6cH96VwLglFO3g1SElL5tUKxdyKARVUS+9OEnvQFizwaXHv
VcSe9KsnPWgLE5ApNvtTN4z1p28HvQIXyxSGMHtRu96UH3pANMOajMNWM+9IRQFyqYfSmGI56Vbw
KQrmlYdykYjnpUbR1fKUxos0mhplDZToV/fp9astHg4pqJiQHHesqq/dy9GXB+8j03wj/qRXqNh/
q1+leXeEP9Sleo6f/qlr51npH//X99HSsbxN/wAgK+9PIb+VbNYvif8A5AF9/wBcG/lSexVPSSPk
aSRftE3r5jfzNIMHoaqzH/Sp+f8Alo38zTQxHQ1yOOp9FCvZF4qR70AZ9qqrO6+9TC5B+8MVLibx
rJkwJFPV6jWRW7inkZ6VDRvGZKJPepVcVUwacGIqXE2jVaLof0qRX4rPDntUiympszojVL4cU4MD
VNZKkD0XNVMthhinAjFVg1PBOKdzRN3uicHritHSNdu9EuFlt0ikUHJSRN2aylanqa0hV5fhIq04
VlaornuXhnxnpGuxJHLawwT9CCo5NdYYYQvFvCfQ+WK+YkZ45FkhkaN1OQVOK7zwv8SLzTnWDV5B
JB0VyefxrqhWUt2fNY7JGvepbHrrQoBnyIQfTYKi2L/zxh/79ijTdUstVtlntZUdWGcA5xVrZ1GK
3UuzPn5U3B8siiyj/njD/wB+xTDGpHMEP/fsVd8sE1G0eDT5pE2RnvbxN1t4f+/Yqu9jbHObaL/v
gVqlPao2T2oUpdw0MV9LsW/5dIz/AMBqJtH089bJPyrbMY9KY0Q9DQ5SXUdjAk0TTs8WaVXk0TTs
f8eSmuhaHJ6VA0PzdDS5pdwsc+2h6Z/z4r+dV5dB0s/8uI/OujeGq7w80ueQHNN4f0rPNiPzqJtA
0gf8uI/76ro2h56VXkh5o5pdwsYB0DRj1sP/AB6m/wDCP6ID/wAg/P8AwI1svFUDR/Wjnl3CxRXw
9oB66b/4+alXwz4cb/mGf+PmpMbTyTUiyEd6ftJ9wsRf8In4bb/mGkf9tDSjwX4bf/lwx/20NWln
PrVmObjk01Vn3Cxl/wDCA+G36WxH/AzTG+G/h1/+WZX6Oa3ll56ipllz04qvbT7g0cq3wt8Pv0Zh
/wACP+NV2+EmgsOLmUfj/wDXrt1kFPz7mmq8+4rHAN8H9DIyL2f8Kgf4R6Qn3b+cfhXorAY/xqCV
RjtVxxEw5TzmT4a6bB928c496oz+ErS26Tsa9CuVODnFYN6vBxXfRqSe5zVDjJNNih4DMagMWOgr
cuU5PWqDIM16MNUcrepnlOaaVxV0xjNMaL2qrCuVMUYqw0YppjPpQO5AVFJU5jOOlN8v2oAixSYq
XbTSpzSGMNJTyppNp9KAG0U7FJxQAUUUUAFFFFABRRRQAUUYooAM0tJRQAtFJzRzQAuaU00UpoAU
UuabRQA7NLmmUUBYk3UZpmaMmi4h+6nBqiyaATQBMH96cHI71Bk0u6gCx5nvT1kOOtVc+9KGNAi2
JPeniT3qmGNLvNMTRcEnvUgfPeqIc+tSBzQFi1mnZqqrmn+ZzQInpMVGH96XdRYeopHNJtGaXdRm
s6y/dy9GVT+NHonhD/VJXqNh/q1ry7wh/qkr1Gw/1a1809z1D//Q9+7Vi+J/+QBff9cG/lW12rF8
T/8AIAvv+uDfypPYqHxHxzN/x8z/APXVv5mmU6Y/6VP/ANdW/mabmud7nsR+FCg0E0lHWgtMf9M0
od06GmdDTqViozkTrcyDtUq3IP3hVOjNS0aqtJGgJY2PBp5P92s4E1IsjL3qXE6IVy8GNOEhFVUn
B61MpV+hrNxOmFQnWWpllyOtVCCKA2Dilax0Rq2LyyCpg+RWeHxUyyVLRtGpcuKfen5GCPlGepPe
qqyd6kEgJ6U1I1UrqzNTSdWvdEmWSxlZMHJG7rXrXhn4jafqgjtr1vIuunK4z+NeK7wRSg/MHXhh
0PpWsKtjhxWW0a6utz6iUqy712uvYhs0gAP0NeHeF/H97osqw3YM8B4ySeBXr2ja9p+t2ontJh7p
3zXXCopHymJwFTDy1VzReMY4qIx+1WASeDxQcHkdK006HCrXKZTHamsvtVwoDUbJQLXqU/L71GyZ
4xV3YRTSmetAGc0XtULQ+1aTR1G0fHSkBltD7VXkg9q1zF7VC8NAzGkg46VWaH2rbeHI6VVaHB6U
WAxpIPaqxjIrZkhqtJAKQGZytPWUip3gqB4yOlAFhJ6mWb3rNyVp4lIoA1kl96sLLWQk9WknFAGj
vqN2BqBZgaGcVcWSytc9DWDd96253yDmsW6IINehQepz1DDuBzVF1GavXJ5qi55r16b0OOW5EV5o
2U6itESRFAaQx1LgUEUAVilIU4qcrSbeKLBcr7KYU5q1s44phXnmlYdyuVxTStTlTnoKayDuQKVn
0GmQbcikK1ISBxkfhTd6f7RP0o9UFxm2jFLiZyfLhZvwp6Wt/IPltGo93uO7IsYoq2ukarKQFs2q
dPC2tyHi2YZ9ql1ILdlKMmZuKTHtW2vgjXZBzEVH0qZPh5rjjjj8Kh1qf8yHySOe/Cj8K6YfDXXD
1cD8KkHwy1o9Zh+VT9Yo/wAw/ZyOUxntRjFdaPhhrH/Pf9KP+FYaz/z3/Sj6xQ7h7ORyVH4V1n/C
r9Y/57/pTG+Gmsj/AJa/pR9Yodw9nI5b8KUcdq6VvhvrYH3/ANKi/wCFea4O/wClP21P+YXJI5/P
tS/hW23gLXV7Z/CmN4I15f8Alnn8Kaqwf2g5JGOc9uKTmtRvCWuJ/wAsDUZ8Na2vW2NHtIfzBySM
/NANXDoWsL/y6GozpGrr1szVKfmgs+xBmjJqQ6dqg62jU02eo/8APo1PmXcTXkNzRk0pttQ/59Gp
PIvh1tXo5o9xW8hcmjJpPJvf+fV/yo8m9/59HpXj3Cz7Dgxp2aYIb3/n0eni1vz0tHNNOPcdn2FB
pd5pPseo5x9kYVIunao3SzNJyj3Cz7CCQ0ocnmpk0TWJD8tofyqynhXWpTxDt/Cl7SH8yF7ORT8z
jpSiT1rWh8B65MR/Dn2rTg+GOqyY33G38KmWIpR3kHspvY5kTIvWlWeNnCh+T2rubb4USZBnvDVr
Uvh1Z6Tol1fefvkhTco9a562KpuDSfQ1hQkmmybwh/qkr1LT/wDVrXl3hAYiTPrXqOn/AOrWvDO4
/9H36sXxP/yAL7/rg38q2T2rG8Uf8gC+/wCuDfypS2HHdHxvP/x9T/8AXVv5mmA5p84/0qf/AK6N
/M0wDFc73PYWyQuacKbinCgq4tAzQKWlYpIKKKKCgp2ab3oPWiwx4J+tPVyORxUYNLmpaLi2i0lw
e9TLIr9+aoinK2OhqGjphVaLuDS5xVdJSBzU4kVhUNHRGSaJFkIqRZahwCODSYIpNG8JtF1JM1Ir
81QDEVIjnPJqGjWNRovb1P3snHSr2l6vf6TOJrO4Kkfw54rID1IHHeqjKxpKMKitJHuHhX4g22rp
Hb3mIrnp8x613GeOCCOx7V8uAkssoysicq4PSu98KfESfTTHa6nMZbYgL5jDd/8Aqrqp1u589j8o
a9+mezg+vFKeapWd/bX9ss9pOs0R6FWzirO7iupNPY+ekmnaQ8oCKjaOnhqd1oJuloVzHTSlWioN
RlaQFYxg1E8VWytNYe1MCg0NV3h9q1GTPaojFweKAMd4c9BVZ4M/w1tNEMdKgeDjpSAxXhGOlVJY
ea25IPaqkkBz0pDMV4vao9gHStWSDjpVVocdqAKeDUgehlIPSmnjpQBOklPMuKp7yKXzc01uKw+a
TINY1y/Wr0z4zzWVcvjNehQ3MKiM24PNUnPNTXMnNU3bnrXrU3pqcU4u5JmjIqLcfXinBlxy2K3W
xNmPJwcGnc4quZ0Bz8z/AEqe3tNQuyBbWkzA/wCzSbS3YhO9Nd0XgsK6XT/AOt34DSQvGp6kjFdX
pnwpiXD3j5PpmueeMpw3LjRnLY8rMqA4HLfWporK/uSBBCxB6cE17xZeCdGswv7iNiO7KDW1FZWN
uAIraEY6YQZrlnmUV8KN44Z9TwW08E65egZjKA9yprXt/hPqEwUzXEgz1A4r2rIx8i7fwoLN/eau
aWZVJaR0NFhkjzO1+EVnGoM8zse4LVq23w10O3Hzx7seprsmUnk7iKjddi72HyisJYmvL7RrGijB
h8I6Ha8pZRN9V5q0mkaXH9yxiX320XetWcLbVzkdqhfUbqSLzYYd0Y9K5HitWnO7Rr7K2li15Fon
C2qD320uIByFQfSqdrqsWoA20rGOXoAeKx9csb2w+ZJHZCexrnrYrkpOp8RShrytHQtcwqdu9Qad
5pK5R8j2xXIsyS2IYPK0voK1NCgYQ+ZNK646BjRTxEakkktGOVNJ6Gx50mT8zcU1bxScCXBpSQcs
vKnvXPeJLEw+XLBKysxxgGtqsnCF1qKMbux0fny4yrkj1pBLKwyHP6Vy0N3fadBGZg8sJ7iobnUT
9vhEEz7ZDkr6VzwxcWlfcqVNpnXebL/fakMso6u1ZOsSXFhbxXAY7W9aZpeqTag/3flArV14KsqT
3J5Xa/Q2RcSH+I0GZ+7EVUkv7WGTy2ky3pTI763kYg5A9a1vF6RaZLg10L3nMPU0nmeoX8qhWWGQ
Hy5NxHYU7JPanzRekRNIfvQ9Y0/KgiI9Yk/Km4ozT+QtBTHbf88I/wAqTybU9baP8qKKFIdojTa2
R62sf5U0WWn45tI/++akoquaS6isuxCdP009bKE/VajOk6Wxz9ih/wC+asmijnl3Cy7Fb+ydK/58
Yf8Avmj+ytK/58Yf++as0mKOefcLLsVv7K0v/nxh/wC+aeunaaOllCP+A1Niijnl3Cy7Ef2LTweL
SL8Fp4t7NelrH+VLRRzS7hZdhwW3A+WCMfhShwOiAfSmUopPUdkSCdxnBIpTcSkffaoqKmyAk812
6k/jWR4ncnwxqGevl8fnWnnFZPiY/wDFNX//AFz/AK0wMLwhzEmfWvUdP/1a15d4Q/1SfWvUdP8A
9WtAH//S99rF8Uf8gC+/64N/KtqsXxR/yAL7/rg38qHsOO6PjuYf6RN/10b+ZphXNSy/8fE//XRv
5mmdK5j3FG6GYIoANSEZoC0XHyDQMUvWlANO21NylFjMUuKdsNG2lcrlYzFFOxijGaLisNpc0bTS
VTDYeD607io6UGpsNMlB4p6tioQacDzUtG0ZNFlZDn2qZXyKqBuKejGoaOiFQtEU3JBpgk5qQMCK
lm6lceH4p6yVF2oyQKVjRSZZWSpkcHNUQ5qRZSRgjFRa2xtGba1Z0nh7xNe+HroSW7O0WCGiB4P4
V7L4b8Yad4jtA0MojuF4aNjyK+e45McEn8DVi0vbmynWe0k8qZTnd61vCo0cOMwFPEK8VZn0+OO/
B6U8GvNfCnxKjvClpqgCSgbd+PvH1r0RZQ8YdGBQ8jFdsJpo+Vr4WeHdpItdqMVCr8daeGqjmFK4
pjLmpAeaXimK5CRxTCuasFc0wpQMqmIk1G8Zq4y+lMKnuKQGe8ftVaSGtVo81C0QoGY0kHHSqjwH
mtySEGq8kIxSAwJLfjpVR4SK6CSAEdKpy24A6UAYbIRVdyymtiW34rNnh2nOaa3AoSy9ay7hyQee
av3Xy5rJlEsp2xpuY120mluYTTexQuXw/NZ8lwoJA3M3YLXUWPg++1Ft0rGNTXYaV4D0u02yXGZW
Fd31yEEYexk9zy60sNT1BwlvaSDPdhXW6V8NNTu2DXUkcaHqCDmvTIILG0AFrbhMevNWTcOwGdo+
grmnmMpaJFxw1tWzB0v4e6VYIpuGV2HYiuotrWxs1AghTA9qqiTJp/mknnmuKdWc92bqEF0NIXO4
YX5fpSiQnqTVAS81IsvvWevRl27F4Nz1p+7iqKy81J5h7U2pJXYXLQbtT/lxgtzVdHyWH8WOK5G/
1C/i1cpuIHVVrmxGIdGKbV9Sox5na52uCBnimGMMCG6Gucg8SSQv5d5Fjj1ratdWtbpPlYCppYyh
V92+pUqUlsUdW0OK6t2a3AEgrJ0nUX06c2t2uFBxXWxzROSI2D+tYmoaG2oXxdW2JXPicK1NVqC9
78yoVLLlkVfESWS24u7dgLnPyqtTW5ub3QXNxCfMC8KavQaDaoyGb95t7mtPAACqoAHat6VGanzT
2a2FKdjhNO029hk3mLIPYir91pV3dlRGfLXuBXSXl0tmgYqNh602C6trqLch5NYU6FCk3Sct9fMd
5S1S0KNpbNaWohflgMZqlqekyantCvgLW/5JK5x0pphA6jr716DipKz2Mtea6MO0057eEW9zh0HT
NZt14YQ3InhYjDZxXVGM/UU3yzgispYenJWRTqPVdzmdVsb28gS3HIFQ6PaXenxvCyfMejV1QQr2
5pjruOSOfWiWHj7VVHuCqWjyHCy29zaar5t1G8iE5+UV0MdxY3EIVYnXjnpWu0auCHUEfSq32C1U
krGwY9fmrOlhnRu49RyqXMywgtbKd5VuAM/wsadPrdqrFYgzNTrrw+ly25ZSh+maSXRoodPKQoWm
/vZrS9VaLYSSuVIPEKyXIhdCGJ71tMAoD569q42GzubS+SSWIkA8kmusk1K0it1ldwCB0rDB1qr5
lVdvUqpBW90nwcZJGfSkwwGSMe1crfa7NJcq8AwpOK0xrDW0KSXJyD39K1p42nUnpsJ0mjX5xnj6
UVDb3MN7EJYWDA+lS5GcV0Rak7xdzMDRRSZzTWoJ3dkO4pKSloAKSlpKACiiigBeKKbRQA6im0UA
LxWV4mx/wjV//wBc/wCtalZXib/kW77/AK5/1oAw/CH+qT616jp/+rWvLvCH+qT616jp/wDq1oA/
/9P330rG8Uf8gC+/64N/KtntWN4n/wCQDff9cG/lQ9hw+JHx5L/x8T/9dG/maQe9OmB+0z/9dG/m
abiuR7nvRVhcU5RSZpwqWbxQ4KKUJmgU8UmzRRQmyjy81IBTgtTc0VO5AYuKbsxVvZkU3y/ajmH7
EplDTdtXDFTDFimpGUqLRVA60YxUpjwaYVquYy5GhB0pR1o6UmaBaokDU5TzUYpVNJo0iycHNOUk
VEDxTw3FTY3jMnRvWnnk1AGqQNUtG8ZXJMcUnNANLU2NExVbB5qRW96iIOKBxQ9i7talkEEg8gjo
4PIrsvCvj+/0WRbe7lE1qeNz9RXDbuBUm/I55pwm4iq0qVdWkj6Y0nWLPWrUTWUqSrjLYbmr6vj2
r5p0rWb3RbhZ7KZwO8e7g17B4X8e6frUKQXMnk3ecbSeprsp1U9z5rF5XOm3KOx3QYmpFb1qqHIP
JXGO3SpA56nkH0rbToeS15FgGjFRI9P3nNBIpTNNK+1SZyKDTGQFaYUqwRTCuTQBUeP2qFosg8Ve
ZTUZTNAGc8PHSqssGe1a7R+1V3iOKVgMSa3+XpWZPa7ugrpnhJ61UkgA7UAcydJV2zJVy2sbe3+5
EC3qa0Wi56VCY8GnzsLE8czDjhR6AVYDnHWqajFTK3vRuBaDYHWnb/eq26lDUAWlkNPEhqoGp28j
vQBb805qRZeKoiQ55pwkwvXmgC+JSeAenSqmo61HpsQYNmQ9RQkn8R6gVh27W1zrTGc5bPGawqtR
23ZcbM29N8QjUHCgbX9xUut2huIReRYM8XYd6aiQxODGoz6iqWs6rNpixMnMb9veq5Jez99hs9Bm
lw/28xlvtsRj+UrTZNKuU1AR2xKwd2FZ9pp13d3guC5SGT5sA118UojRY+uBXJTw1Oqv3it5luq0
iawto9Pj2q5csOSavrLlcZGKy1n6jPXrTxMOPau6MVGKiuhje5pBxnrTwwz+FZyzVNHMD1q1a+oF
HxBIPLVMZyKwollhQPHIQB2zV3X590ygHoKz4JwoAJyD2rwqGCjjsdNVLpI0xFX6vQVupsWWtyKw
SblfWt2G4hulyjLn0rkJItrbwQF96j+1JaNuFwqn611zw+MwXvQftIfijOniKdXSWjO3KY4wMe1N
MY9K5/TvE8Mp2NIDj0NdDDcxXABRwfataGOp1ttPJmk6TWu6GGPPao2i9qufL/8AqpCAeldastUZ
2sUjF7VGYsdqvlKaYxTAzyh9KZtK9Dmr7R+lRmIUXApPGsikPGD+FZt3oVrdqVwVNbbR+lRlDnrU
uEJbj5mjmjoa29kyqu988GsnT7FJLh4tTd/LDcA9BXcOpzmoJ7SK5UiQDJ71yzwcJvnWiX4miqso
21rZ6fERbyr5Z6DPNSi5tsYEgNUY/DaxXLSGUlD2zWJqu2zlxCHC+tVOsqcedqyJXvOx04vLQttE
q5+tSA55/h7GuX0nR5LyT7VK+yIH1610zT2sSCMSLsX0NGHrOpDmqK3Yc4JaR3H0UkcsUxyjinFS
vJrpUkyGrCUlAB60tMQmKMUtFACYop1IaAEooooAKyvE3/It3/8A1z/rWrWV4m/5Fq//AOuf9aAM
Lwh/qk+teo6f/q1ry7wh/qk+teo6f/q1oA//1PfcYFY3ib/kBX3/AFwb+VbRrF8Tf8gK+/64N/Kk
9iobo+QZl/0ib/ro38zTCtWpEzcS/wDXRv5moytcblqfTKnoQYNOFPKU3BpXE4tC0oJzTSeacKVi
k7EympFIqAGpFapaOiEifr0pcU1DUoqGdUUmM2UGPOcDOKlC1ueErBNS11bWQZDYojq7BVSUWzmW
i9fpUTw81u65YGw1y6tyuFVyF/Os5o81V7bmMacZxujOaI5phQ1oNFULRdapSMJ0Cp7UmeanMOM1
EU5qrmThYAaeDio8EGl3U9Cb2JQakU81ArcVIGqWjWEydTTwagVqeGqbHRCRPnjmjHpTAaUHBqWj
e9xxGBRkjpSj5qXFTcsTdzkCpEcpIkqHZIpyGHUVERSAmhaA9VZnpHhT4ky2RjtNUBeIkASYya9Y
s763v4hcWsoaIjIHevmNeTjHHet3w/4q1Hw9dBoJWlh/uM1dFOs0rM8jGZbGd509z6LWQU8PmuW8
OeL7DxFa7xIsU3TYT1NdEJGUAMMV1xkpbHzlSjOm7SRbVsdaduNV1kyKfvqjMsDmgAVEr09WoAUr
moyKmBBpCBQBAUNRNGatMtMK0AUZI6qyRZrTdM1XeOgDJeLFV3UDmtOVBiqcqcUDuUzxQGpzLTel
Ah4al3VETzS5oAlDUu41ECPWlzQBJv8AWnpyS2egzUG6ob5pfshSD77Um/duhqxDb64kuoPbOMIO
N2Kzda0+e0n+12rF168VXfR7mKPfli554pIdSvLVvLmUlB1DV5c6zk3GvG3Zmygo2cWXLTWL2GPc
8eRipLZLrXLnfcjbCvQZpj+IYQEiFsCzVuwHZbo6qFLjpV4ak6i0qc0UKc+lrMuRusUSxIflUYFK
suKq7ufelD816VtLMybuWxKRTxMap76dv4oEXVnzUqTHdWcsmDUqy9fpQhPZ2MjWbkNecn5R1rm9
S8aadpytGhLyjgALnmr+uzF0lCnBrzqw0Dz72SaTc5L8ZrgyetTjVq15vRMePSkoU+pqv4l1zWWI
jXyouxJxQNN1S6H72Ykf71bcVvZaXEGuSF46VmXnjm1siUtIgx6ZNb1M8qynbDQuiqGV1qyvaxb0
vRr6wfzEmLexNdfZahcx4ByGry6Xxzqly37iMAe3/wCqpI/EPiSXDJCcD2/+tXm4nB43Fy53Gz8j
0qeXukrSmvQ9ysdeIwk69uoGa24bqGdQUYZr53XxN4kVgxhJA6g5/wAK6rQ/HVycJPCI2Hc5q4Rz
HCr97HmXkFXBQa92aPY8YGSaOK5vT/EyzKvm4Ireiu4ZwGVwcjpXbQxlOtpHc4KlKVP4iXbkZpuw
U8kkYFFdW2hnYi8mo2iqyKaVoQalRoxULR5q+UzUbR0dRFHYeh6VVutNt71Akq4HqBWoY6jMeKJJ
S0krjucnrtvc2FtHHZcxY55qGGys47NbmWcliMsua65olcbZFDKayLrw5b3D7kYqvXFcdTDpVPaL
/gGkZq1mVbaO1vLZpbSQhwM4PFR6Ze3klw8M8e1VPU+lV7l4dOnEVkCZB1UU9p9Uu02Rw+XnvisI
4hQ91puXkrlOBt4V/mjbI9qTrn2rHsbXU7CXdI5aNjzkVuApIA0bZ9a76c3NarlfS5lKNiPFGKeV
waTFaOy06kiYoxS0UAJijFLRQAlZPif/AJFq/wD+uf8AWtasnxP/AMi1f/8AXP8ArQBg+EP9Un1r
1HT/APVrXl3hD/VJ9a9R0/8A1a0Af//V9+rG8S/8gO9/64t/KtmsbxJ/yBL3/ri38qmexcPiR8mO
v7+X/ro38zUZWrEg/fS/9dG/mabtrz76n2ShoivsppSrJUUxkppkOmVivtSLxUzLUZGKq5zuAtOB
pg4pwoKRMjcVMj8iqoPNSI3NQ0dNOdi6CCa7H4axeZ4h83GdhHPpXEo2Oe1ejfCiHM1xMem44/Ci
knzak4+ry4dsT4oaT9m1MXyR4RjzgVwezgH1r3Hx3p/9peGbpkG5442YfhXiUYzlDwV6g1VaNmLK
qqqUfMhZKheP2q7tzzimtHmsj0nTTKBj46VC0XPStJo+KhaOmpHPOimZrR+1RshFaLR+1QvGatSO
SdCxSwQacDUzR4qJ1Iq7o53BocG5qQNzUAzmng80mioysWQ1PBz1qurVIGqWjpjMmB9Kdmog1PBq
WjeMh4oIpARTqkvcYaA3rTsZpNuKW4axJ7e4ns5xcW0rRTLyNhr1Hwp8SEmWOz1dj5vAEjV5Nkg8
H8aUgNw3I9a0jUcNEcuIwsK8Xdan1DHKkkYeKRZI2Gd6npUqvkYJ5rwHwx42vfD86pI7S2g/gOSa
9i0PxFp+v2/m2kwDY+4/B/KuyFVSW581isBKk7paHQq/b0qQNVNJP4SefSplbtmtEcHkWgwpQc1A
jZqQHrTAm60mKYGxTt31ougGsvtVd1q0DkVE45ouBnyr7VSkXrWnIvWs+ZTzTAoSrUBqzLmqz9aA
EozTaKAHClpuaM0XAeMnp1oDgn5Wyw6gVHNIIrd5GOABXK2mqS215LIWLITWNbEQpO0tC4wctjsA
78ZJx71l6pc28LhZoUKt1Yimxa/byn5yR+FRa5PbXFkGjILEcCprVlKlzU2n5FRhKEr2K2mWAn1P
zR81uORntXSlvmwPujpWfo0Xk6eAehq4CStVh4RpwTirNkzlzO5Luz3ozUYpc1te5BJupd1RZpc0
ATA04NhHOe1QhqR3xFJ9KTdkCV2cxqBM08ijmsy61K08PWe+Ta1wRwvvUusaj/ZkM0+Mt0Fedxx3
niTVQxJZWYcnoBXz+BwU8VUklpHqeuoU/wCNPZD559S8Q3pyZmVjnHaut0LwRAiiS+xkjgHpW/p9
pZ6ZbiGNQZMY3Y6VPKJODv3V9hQw1KjG0FZnl4vN609KWiGRaRp9m+1LeIj121qRNBHAQkSDtwKp
k74BkhW9zTlYCLarAt9a3vf1PJnObfvO5Ophc48lOfapngsAm020Rc99tVI5BHknlsUfM7buh96f
MQp2LSRRRDCYA9BVmG5uYW3ROwA7ZqoojTktk083QHCivOxeV4fEK692XdHTRxlalpe6OmsvEQKh
J+CO5rcguop0zHIprzzeH6gVJDczWxyjnGe1eTKjjcJo1zx7ndCrQrPezPRdwxgHmgEj3rmbHxEB
tSbj3rdhu4LjBjkBPpW1HF06vu3+RdSk6av0LVBGajB5+8KdurqMxClMMdS5pBzQBXZKZtxVogUh
WjcHY5q+0TF1/aMI5HJX1oi1aa5VkiQIynHpXRbeozweorAm0Xy9S8zztkT+nrXPNSp+9SW5pHzZ
CYNUu8h52WM8cGiz0q7sJiTO0iHsTVTUDPZXwjW5JiODwaqS6nepNtgLOtczxFGm7z1kV7OR0pU7
s7eKQrxkdKr6VcXNyD56FavFNuVFd1OopLmtYyZBikqUrTTGasRHRmn7aTbQAw1k+J/+Rav/APrn
/WtgisjxP/yLV/8A9c/60AYHhD/VJ9a9R0//AFa15d4QP7pPrXqOn/6taAP/1vfqxvEf/IFvf+uL
fyrZrG8R/wDIEvf+uLfypS+Eun8S+R8pyL++k/66N/M0Yp8g/fTf9dG/maTFeY92fdxj7qGbc01l
qXFBGaVwcSsy1HtFWmX2qMr7VSZhKmVWXmgVOy+1RFcVSdznlCwClQ/NTM4NPHNMV7D/ADCq8d69
c+GMQh0MzMMFpHH615EEMsiRpyXcD6V7XoEX9n6VbwYxhQT9a0oxvI4syrfu+Q7Ndtxby2zciRCK
8F1q0Om67NCV4diRXtVrdgMDmvPPibYiK6t76MYBcg4+hrTER0uYZPiOSpydzjV4GCc07ANRI2VB
PfmpgRiuJM+wb10GlMimGPipu1GKuyBxTKjR+1QtGfSr5SonTmpaM5UzPeOomi5rQaPionjxzQm0
cs6JnsmKZjFXHTPaoWjx2q1K5x1KTREDT1ak2U4DFURG6HbqkB4qLvThUs2jIlDU8GoVNSZFQ0dE
ZElFNBpwNSaXuGKaafQaBMYD81W7DUbrS7pZ7SVkYHOAeDVXFGAPWmpNMmdONRWZ6FF8XdQtrdVl
sBKy9XBHP609PjfIPvaYfzH+Ned7+No6d6rzWqPyuM16eExNNWjNHhY3K9HKmepJ8cHP/MN/Uf41
IPjdN/Dp36j/ABrxx4zEelPVxivep0KNRXR83UjUp3jJHsY+Nk5/5hw/Mf408fGuU/8AMP8A1H+N
ePKQalUVqsHS7GLqSR6+vxolP/MP/Uf41Kvxhd+tgPzH+NePr1FW4etJ4OmugKqz1tPig03/AC5g
fjVhPGr3P/LALmvMrReRXQWQxiuSrQitiozbZ28esG46qBUqzb6xLToK1IvuivPqRs9DZNss5zRS
DpS1kWFHPOKKXOB9aAIbiAXluYi20MMGqqaHaLCYwQWpdaneC1CwHDsOMVhfbr6yxK7Hn1FcdetC
EuWauaQi3szQl8OEn904HtWX9nkj1OK1kBI3dakGq30kn2iMMVrU0m8TUZCZYwJl7kc1xqFCrU5V
Fpmrfu2ZrqBHCka+lLmkIwcUV7GySe6OYdmikHWlzQAc5pRSd6XtQA4GmzHFvIfYUCo7okWrkVFR
2g2OO6PPvFyvNCIU+8xq54d0ZdK01H485xzU00K3E4kbt61Y3udoB4FLI4JUXPuGY4mUUqUdnuSb
Dnnk+tSLI8Y+bae3NQ72P3RTtjkZava5bnke7FaHIeJptVspzOsiiE9Bg1iweJ9RgkSRnyvpmut8
XRzXGlhIl3MBXnKWl+8ix/Zn64rzMQ6sZrlPqMtlhqmH/fLU9e0nUf7RsEuCMMetaHmu3GKxvDtq
1rpaJKMNjpWnvdOccV6MPh1PnavKqk7bdCXDA1IrH0qATml+0MOoqkzGxZBb0qVZCv8ADmqq3Del
D3yW4JlYL7GnzW3Ycty5kHqvNSwXNxatujP61Qh1CKUDkVaW4UnivLxWW4au+e9n3TOrD4qtR219
TfsfEJ4E6/jW9DexToGST8K4IuJPlHH0p0c1xbnMbkfjXlzo47BrmqLnj5bnfCvRqabM9DDEjmnh
hXKWevSx4E+CK3Le9huU3I4rahjKVfVOzXQc6c4+hfznpS5qssuOMHFOWbniuvz6md7bk2OaqarZ
m7091VirLyCKs7804SZ4PT0qakVNWeg+pyVhoc15lrtm+U7Rn0rbi03T9PQCQgHsWrUyAOBj6VQ1
TSk1WERGRkPqDXLDCU6Sco6st1XsiZVjZf3e0r6iozFzRp9tFp0P2Yy5fsWNW9gAyOfcV1Qk+Uiz
ZRaLmmMlXzEDzTDGCKoRnlKaUq8YqjaKgCmUrH8ULjwzfn/pn/WugKVieKlx4X1D/rl/WgDmPCH+
qT616lYf6ta8u8H/AOqT6V6jp/8Aq1+lAH//1/fjWN4jH/EkvP8Ark38q2TWP4j/AOQLef8AXJv5
VMvhNKXxo+V3H72b/ro38zQOaWT/AFs3/XRv5mgCvMe7Pvl8KExSAU/FJipSbKcbK7GFTTCtTEe9
NP1o1M2rsrsKjZeKskCmMBitUzGSTKbKc5oBqZgKiZdzbB1bgVSOaatrc6HwXp/2/V2lZCYowMZ9
c16xtwAB2HFcv4S006XpKFxh2+Yn2ro43465rrpK2p83jKrqVLdCxFIyMKzfGUA1Dw0XI+aM7q0l
ANMu4vO0ueA8jZVTV4syws/Z1UzxeBv3YHccVaQ5ANVLhWt9TuIj0U09JcivNasz7mhUvBO5dU05
aro+alVqpM6VJMlIGKYUFOzS9qY7kJQHtTDDVmiholxTKEkfPSoHjq9IBmoHXk1K0OSrFFIpioyt
W2Wo2SrTOaUSvilzUhWmlaCbDO9ODUwjmih2KuTK9PDCoM4pd2KixcZlgnFLmoQ2aeDRY1UyQU3N
ANFJod7iZ5o+lJjJNLiiwXaY0oJBhhzVSS3ZDkc/SruSGp2Tzx1ruw+NqUZJ30PPxWXwxF9NTMV8
cdDU6vzT57VW+ZfvVWVivUV9NhcZCsvM+TxmDnQlaxdU8jnNXIetZ8LjNXoTk11SbWjODlubNoel
dBZckVzltzg10VieVrhrO6NI9jobQdBWrEOKzLOtSKvLqbm0SdeBS0gorAsKANzAHpRSqDuU9eel
NJPcDE1ufybyE9VU5NVtU1ZNQto4QmCvfFXL22ju9URZH2gHpT5NFsx9yZc/WvPq068pWg18zeLj
1GWGtWcFqIZY1yB6VX0cCbVpJoxtTPAqZ9BtnVis6lgOOadoFtNbzOJBx2NFNYhSSmloE3G2hsNz
zSUrcg0ld+2hgFGKKWgAFLmkooAcDVe/crZt71PVXUziyOawxLtRk/IumrzRzIRnPQ1Z8rauSwxU
EUpxx0pS7E88iujJotYSJxYyS9q0TGYLwo/GmZd5ACcj2pnBOPWphiJc9zxXptdjlW1hZdoYLgMK
V0hj2/uUz1ziolOZM96ddXMEW0O3OKLreWgXdyaYbgrx/lTkkJXa2PzqsmpWgikVjzt+XHrXnt7r
OopqMvll/LB4rnq4qENnc1hTlI9NEO44UjP1qteXI06IyzkKo9TXDWviO4AXecMD61avr3+2Lcwy
TBQw55rllmVO3u3+4qNB9TdXxLC4zGQR296x9ckvdUdXgDADsCKy00SReIbkfIOOaU2+r24+QxkD
/arz6mOq1fdvobKklsWIrvVbVQvkOQPfNWU8S3sR+eKQfhWQfElzany5oDkdSppjeMIf47Zs+5Fc
0YVF8P5lOCZvf8JoVJBLBh6iki8ezlzGEJzXNl7jV5c2tuee5XFdHpfg50QTXcqoDycV6+Dp127t
mUlT7Dn8TXsswdQ23PKiuk0rxdGxCPKYm9DWRO9lbqbeyiMkg4LEVz89vNHMQw2t/sc1pisqw9f3
rWkuqCjiqlNvqj2rT/EO5RubcvrkVvW99b3K7kkGfSvBLe41PTUEzAGLrgnk102keLPPKoFeNsgc
CvIqU8Zg9X78fxO6NejX/us9d8wr3qQSDjvn0rjbTxE0JAnQtnvXQ2V7HcYkj6E9K6cLjaOJsoPU
J0pR30NH7dbpP5LSAP6VY8xM/fGR71wWvNMusgwg7j0qRbXWCysTwR61nPFyhUajBuxSpK17nRa9
pjalAslvPskTk4PWk8MzTyW7wTksUbqTWELPVlUuGwcetaHhOZjNMkq7ZAeTnrWNKpKpXT5WipRS
judURnOKTaKZ5nzGn5HFeoc4mwGmNEDUoIoxmgCuYRWD4vix4T1I/wDTL+tdNtzWD4yTHg/VD/0x
P86AOG8H/wCpQ+1epaf/AKpfpXlvhD/ULXqWn/6pfpQB/9D341j+I/8AkC3n/XJv5VsVj+IudFvP
+uTfyqZfCaUvjR8tP/rZv+ujfzNJSuP3s3/XRv5mjFeXLdn6DBe6hMd+9dH4X0zRtYkNteXbwXH4
f1rngo79KXLq/mRyMkg6MtVGVjOvSdSNkz1c/CnSsBv7SuQD0IVef0ph+FWlZI+33IPf5V5/SqHg
vx8yhNO1WQkDhZGr0wgPEsyNvjYZDA9a7YKEj5bE1MVh5as4A/CvSv8AoIXP/fK/4VE3wt0r/oIX
P/fK/wCFeg4z659KjZfrVeyRySx9bds86l+Ful9tSuh/wFP8Krr8NdOtrmOYX9xJ5bbgrKuD+Qr0
d48jvVWSP2pqkhfXaskYDW6xIsa52qMVFkg1rzQk5zjFZ8sRBqkrHI23qOhkxirURDB1P8QxWcMq
amjkOfemwvrc4zWPAN9eaq91bOBGwHBqqnw71gMcSJj6V6Skm7qeaeVORgmsnSiz0IZlVgkonn0f
w11pgCJU/Krkfww11ufNTH0rvIZ2QgZNalvdE/xGpVFG6zrErqebp8LNa7yr+Aqwvwo1Ikbrlh+A
r1CN8qOTz71T1bxBa6NA7zyKGxwCap04pFLNsVUdked3fw/GmW5kurw8djiuO1CKGBisT7ver/ib
xpc6vcsscjJCD0z1rnjMH53sc+tcs2tke1hXWkr1GRl8sRTWp23nNBHFZanda5ERTCoqTGeKTAoM
3Ei20m2piMUm3NFyeQrsgqFlIq8UFROmapMiUCqDS05ozTCpFMzasKDTgaZgil6+1MVyYNTs1AKe
DSaNYyRKKUmmZpetSaXFPNGeKUCkIpj6CA01oVkGTwadtNOGKulVlTleJjXpQrR5ZIpmMxNntVy2
YdRT1VX4YUv2Yq2U6ele/hMz57QmfM43KHTvOBq2Z5FdHYfeFcxZnaRmumsCMiuus01eJ46i4uzO
ltOlakQ+WsqzOa14vu15lTc0RMKU0YpSKwZQ2lU4cGloxRddQvYw9U0+e71ON4SQM8kVKdBcYzO2
e/NS6tdyWkkTR9CearnxAigcHdXHUnh4v39DRKUlohZPD0jA+VcMGHPWpdMu5PMNlMvzpwGHeqp8
QSNny1OT0p+irLNcvPKpU5zzSjVpTny07sORrc2R1IoxTjSDpXatiGJRS0mKBBTqSigA71T1biyq
53rP1hsWwHvXNjH+5kaUvjRz8fUipOQpf+FfvUxRknA5rD8Taq1pD9mhb534bFdmAmqWBi2cOIjz
V2jRTW7NrjYihgO4NWJdTt9u8gAdMZrnNLsktrTcwDSEdattbxOAWWuL+2JpvQn2CL8evWSyYYD8
65PVNUkOsGZDuiycDPatoafbHnyxSHT7Vs5hT8q56+Z+2SUkXCmomdBrdrK37wBD9auCbS5Rzgk1
BL4etpASFAJ6YrMn8OXC5MTnHsa5l7Kps7GrXY1msdLmBx8p9c1UfQ7Qn93cNk+hrCmhvLR8OX4p
sd/uGHYgjsTit/Zz+zK47XNG5srqx+aG6Zh7nNVjqeqIM+YpX3FV2vFaQRxfvZD/AA9a3dK8N3l9
iS4Vli9GFdNPDVJdiHKMd2YcMOoapdBFQfMeSK63TvAtqWWa95Ydq6Ox02101MRRIGx97FWWJPOc
GvXoYaMV76OadWXQgjjttOjCWcI3e4pr289180z7U7gcVZQIGLd/elJUkbjXVLlWr0MW3exSS1H+
rtlA9SRVmHTbWFfMlXzJak3c4UYHsKnt7Ge4cYDAeteTiM4hF8tH3pL7jtp4KTXNPRGZPYNfNiUg
RDoBWjp2hR4CwIRjuRW7a6XFFzIMmtJdqDCKFHtXnSpYvFvmxEuVdkdsFTpL3FqU7XRokOZWyfSt
WJUh+WPjvUAfPJ604OQc5ArqpYSnRShEidScviZWudbs4LkrLEGkXpn1qF/Fku44gCpioNT0Eag3
nRkhzWfJ5+n2MkD229ugbaTXLiJYrmetkaxlTUbGl/wk95Kv7uNcAVoeGJGleWdwAxOay9Dv7G20
6Q3UabyMYYc1t6bJA9uZYFCjpVYelU9opSncKjVtjaWX5yalEtZqye9TLJ713mBoCSpFeqKy8dak
WWgC4GzWJ4y/5E7VP+uJrTWT3rI8YN/xR+p/9cT/ADoA4nwh/qFr1Gw/1a/SvLvCH+pUe1eo6f8A
6pfpQB//0ffqx/EX/IEvf+uTfyrYrG8R/wDIEvP+uTfypS+E0pfGj5cb/Wzf9dG/maUcUN/rpf8A
ro38zSivLluz9Cj8KDFLig0tIojeJZBhxkg5VhXbeD/HMulXEdnqO57Y4Ac9FrjcUhUFeRx61UJu
L0OfEYWGIjqfRsMsF1brPayiWJ+dw7UMteLeFPGF14euBHOTNZscdeleyaff22rWS3Vo4ZG6oDyK
74VUz5DG4GeHei0HFeKgdavFeOuf6VCy1qzz73RmzR5FUJoetbTx8mqksIpAYLxEGouVNak8XtVJ
0wTQIWJwOvWrkcmQKzlIU5NTROc8dKRRf255FSRStECSdqj7zGsy91qy0qAy3ciqQOFz1rzvxB45
vNVzBZr5EI756iolUikdWGwc6r2PQdb+IOn6TGYLd/PlIxlecGvKNX1271ad3ncspOQD2rJ5Lsxy
zHqxNKvJrllUbPocPhIUdGgOSasQqSKaFqaOslqemop7Eg6YpccUnagUGqWgm2kIqSjbSZDRFjNJ
jmpdtJjmgLERWm1MVpNmaAcSIpkVC8eKtbcUhFNMiVMptGaj2Gr2wVGY8dKpM55QZV6U4VI0ZpAl
MhJpgKeBTQMU8GlY2VyQLSFaUGnZosbKwzFIBTjS96i+oNKwqjFW4c46VWA6VYjPSq5nfQyla2up
owxqccc1sWakOM1lW2OMCtu0wWGa9PD4qcfdep85j8LCV5LQ37I5xWxD92sez2jpWxAPlracufU8
dx5HYsigilFOFYsBmKG4GacV5pGA24oTa2Cxm6xZS3sUZh4APzGqqadYLGollXzB1rakYxW0hzwF
rnrTSjqsszrOVQVw4qneacYJvzNaUnY04NNs3PmxMCBV5QFACAAd8VhWDto981nO+6M87j71a1LV
Yrchbbk1tTnSprmdoy6+opKbNMck0dqZA/m26THqRT63WvvdzO1hvelpaKYCUUUUAA61m60cW6/W
tMdaytcbbCmfWuPHu1Bs1o/xEY0bBEd26AZrgL6U33iJmHKqw4rtNRkNtpTsT1zXD6GPN1F5G7tR
Ko44SMPI5pRvWnI6s/KAuMcU0A49u9V727FtcIh6E1ANTRLvyiflPOa8hQk1dCJbx5oV82D5lHUV
Db65BL8knyt0NaagMBk5Vq5XWLNILstHxk5rWklNcrQctzp43hkG5JAfY0lyJFt2ZGX8641LiWHm
Nyx9M1rWNvrGq/u0DRp/eIrVYScvhDRGbdXck8xQ7mcHpirNr4NvddKEQlFznca7/QvA0ECCW5cM
/U5rr4YYbZAkShcd8da9WhQ9n8QlJz2OU8P+ArXSYQ0qRtIP4jW89lHAhZmC46JWhuJbnpWZquWw
rOK66c3eyHOPKrbtmTK4dyQMDtTMimu2GwCCBT4Laa4b5AVrHE5tTovkpe9LyM6WBlN3loMJAO7r
U8FlcXTAhPl9a1rTSET5petaK7YxtQYFeY6eJxmteVl2O6mqVH+Gr+ZTtNJihALnJ9K0lKou2MAV
FnNKK7KWHpUY2jEmVST3JCffPrQCaaKXNbX5iEO3ZoaVIImllbCL2poHzYrH8SXPl2yQjOGPOKzq
VIU4XkxpXZC/itvthMEbGFepFdBZ6jBfW4lLjb3DCsWH+yV0jyx/rcc9KxrS2uXdlt5CFPvXEsZV
pyXO1KL7G6pdTc8Rrp4st1vzKxArX0dDDpSh125xiuctdImmuUEsobbziuqVgqiNRwoxW2HhLmdW
UbNmcydXFSB6qhuaeH9K6zMtrJzUqyVTDmpFc0AXlkFZXix8+E9SH/TL+tWg5rL8UMT4X1Af9Mv6
0Ac14Q/1afSvUtP/ANUv0ry7wh/qk+leo2H+rX6UAf/S9+rG8R/8gS8/65N/Kto1jeI/+QJe/wDX
Jv5UpbGlL418j5cYfvpf+ujfzNKKG/10v/XRv5mlAry5bs/Q4/CgxmlpQKMUFBQemR1pcUEc1QhP
vHGOPStbw94kvvDl4GglJhJ+ZD3rKxg0w/KuCM96SfK9DOtTjUg4yR9A6Jrtrr1lHPAQHK5ZM9DW
gVGa4H4U6eYtPkunU/vCSvpivQNuACOCTXo05XjqfDY2lGlVaiQlBVeZParjCo3XirOQzJYsjpWf
NB1NbUicVVmiyKTGYTxYJ44HNc54h8VQ6MHhtzvucfKPQ12EsOCQRwR1rxzxrYNaeInkZSUfox7V
nNtI7MFSjOXvGVd6jd6lcNLdzFwxyF9KjB7HtUQ9/wAKcM55rilrqz6alFQ0RN97k/pQBg0i04da
VzdMeD2qZDioAOalQ80kbQZPnjpQKbu4pwambJjqUZpN1KDRYGkLSEUtFSIaaAKUigCgaGkc00ip
cUhBoFJEWKTFS7RQVpoyaIdtIYxU2KUrTuyHErlBTdtTstMxTRL0GYoxT8UhGKdhJjOlLnmkNKCB
zWfK76G10lqSqeKmiBFUZLhIxyeah+2M5wp4rvo4GpXt0R5uJzGlQvbVnRw3Ajxg5rXs5/MYGuTt
WPHOa6XT+q8Yr1YYWNFcr3PmsTjJV3e+h1lh9a3IAdtYNh2ret87awqHIu5aUcU7pQo4p2Oa5yhp
FJgY96eRTCKLN7AG3zEMZ5DDFcpcNNY3bwW7su49BXVjI5HWq72kH2n7W5AKjvXPiabxEVyuzW5U
J8pzZsbq7OZd2/1NT/2IyQFpJAr44ya2bfVYruVkXYFU/eqtrE1teR+RFODIeAFPNc6wmHUb3v8A
M09pN7Im0oMLUpI4JHTFXSMVzVrDeaPdo9yT5L9MmunIDIsinKtyK7KMm1a1rESXW40jFJSnmkrS
zICiiihgA61ka4AURT/erW/irI1sjeg/2q4cxt7DU2ofGcT4sumS1SFTxisLQE/fgDrnNW/FUu67
SP61n6dcfY7nJ6YrOXv0kkznd7yZa8QSFpwq8MGz9KySzlsk/P2NTahci7uTIQeTmkgtJ7pvkTC+
tOlDlXKkTotyVNYuoowhcce1LFb32rzjAYj6Vs6doEY+aX5n9K6e2iW2jAVFXAxwK7qOXtvmaMZ1
7bIyNN8LWtuFe5Xc3pmujjuEt0EcSKqj2qKOOWdvlQsTWpbaPsG+5O0H1r0eSnRWhilKbu2S2Mk9
0Bg4UVpSMkC5dgMDuay7nVLe0Hk2+AcdayXmnvXA+ZueleVicbRp6t69j0aVKb+HY07zWSQUg61l
D7TePklmzWjaaMeGlG3NbEcMMAwiiuJRxOKWvux7G6jCGu7M200VAoebJPYVqoiRABFAo3H8KUV2
0cNToL3FqZTqynoxd2etGc9aSlFbt3IClBpKUULQB2aKSimlcCSP7xY8BeprlNSnjutVCtJhAMYz
W1rd4LPT2VD+8esDRo7UMXvWGWOcmuLFVUpqlK2u5tCLtdFo6JLsMsbEq3vUHl31kGIUqgHWuqgm
gMQEDqyDpUkqLNE0UqjDConl1KS5oafMFiGtGjC8OebNPJcu5bA6V0BbLE+9VrW2SziZYxxgVNkA
+/FdlKDhGzZnJ82w/PNPDVFnmn5qySYNxTg/vUG6nKRQBYD1meJnz4Zvx/0z/rV3dWb4kbPhu+/6
5/1oAxvCH+qT8q9RsP8AVr9K8u8If6pPrXqOn/6taAP/0/fqxvEX/IFvP+uTfyrZrG8R/wDIFvP+
uTfypS2NKXxr5Hy9J/rpf+ujfzNIKV/9dL/10b+ZpOleZL4mfocfhQ6nCkopFDqKKXFMBKafmkUL
1bin4q7odqb7XLaADhWBJ/Gmld2M60lCm2e1+ENPOneFdPhb73krn64rbxn8KFQRRJCOiKAKACW4
FejFJRsfAYio6lRyewxhzTCKnIyf51FIyRjMjBB2Jp3SMoxctiFl4NV5UyKuYDruU5HrUbL/APrp
jSexlSxkc+ledfEvTd9ul2B90ZNeoSISGyK57xXpgv8ARJ0Oc+WcYFZ1Fob4Opy1EvM8HGCocd+K
b0NLGCY1+XDA5xQRXDvofVa2uOBqQHioBTw1FikycGpVNVg1So2aDaEiYGnhqh/GnA0jZMsg8U4G
okNPFNbGiHU6mA0+kMKAKXFKBRYtCEUmKkK00jFAMQClK5oFOoM3EZso2ipAM0u2mS4kBX0qJqsu
MdqgZc1RE4OxESaTBp+AKilkCLmtIwc9InI5JJthIQq8mqE14CMLUFzeFztU1WBya9rBZco+/I+f
x+azl+7iTZLHJqxEKqqeauQHPFeu0mtNDxuZ9Xc07P7wrptP6iuatBgiuksDyK5KuisLQ6vT+lb9
t9ysDT+groLbhRXm1Ny0W1FOoX0pT1rnZQhpD0pTSdqPnYBuD2qG6i86ydV+9ip+lIOD7HqKb+Fx
7gpNdDA0aK3aOSCd/LfJ5qkyR6dqO+NvNCnOTVnXrQ29z9ojJVWAHA70WujyXMayykhT1ryKkakW
qVOF7dToTSXNJkF9qUmqIFCY2Vr6HdG4s/Kbh4+Oas22mW1sMBdxx3rGv5xp2so8I/dn74FbRpVM
PL21aXxEyan8KOgK7fl/u0lIkguIVnT7rUuOK9CMlJXMrBRRmgUhAOtYutcMD7n+VbQHNYmtjJJz
0rhzJ2w5tQ+M8u12TzNUbk4AFUUieQhUHHqavX6D+0pS3IGO1aGnaPc3xDFTHF61vhMFKpTUpbHJ
WqKNyla6eiuM/O3oK6Oz0uRsFxtXFXYLaw0xAOJJKuJM0q8javavWo4aMPh1OOVRsbHHHCuAMmnn
JpOFNNEmWKqCazxOPw+HXvvXsXSw9So/dL9rOtqPMPXHFRXOpXF/J8mQBTrfTJ7huSQvWtuCwgtk
AI3GvDnWxWMfuLlXc9KFKnQV3qzItNIkm+eWtmCzht1BAyamJ7DgUg4rooYKnTfM9WEqjYpJLdcC
ik6jmlrqbbM7dbiijNJRRsA6iig0AGaWm0760AA609cIpkYfKBTByeOazNba8eEW9spyeCRSm3EF
qYup36XGqRq+fJJ4NaVz4dLRJLbvuVl3YqtZC2h222pQkMOjkV1Ee1YlEL5QDjFcVHD0qqk5q9++
6NnN09InIA3mnv8AMCqitLSHur+7E0jfu16Vr3ltHfW5jddrHjNFlarZQCJTkDv60UsLKnJWd4g6
qa2LTEbjikzScHpRXdZLroY7i5paZmloAfTgeKjzTh0p2AeDWZ4jP/FO33/XP+taA6ZNZ/iFGPhu
9bBx5f8AWk9A2Mrwh/qh9a9SsP8AVr9K8u8Hj9zk8c16jp/+rX6UAf/U9+rG8R/8gS8/65N/Ktms
bxH/AMgS8/65N/KlLY0pfGvkfLz/AOul/wCujfzNJ3pX/wBdL/vt/M0CvMlufocfhQvanCm04Uih
RS0nSgHNMYpOAT6V2nww00XWtzXDjIQjBx7ZriXOI/evYvhhpps/D0twwwZn3fpj+la0leR5ea1v
Z0Wdo5LOTSZIFOILlscY/WsjXPEFjoFi01zJ+8wdsQ9a7XJI+NpRqVHypblvUtQtdLs3uLtwqgZA
z1rxfxV4vvPENyY45mhtE4TaxGT65HNUvEPiK78RXhlnY+Sv+rT0rIwOoOa5KtXXQ+qy/Ko0Vzz1
PQvB3jyWOSHTdVk3pnajHjtXpoKtGrxENG/IIOa+b2UOMGuw8H+NptEdbS+YvZt8o9qKdZ9TDMcq
Ul7SnuetyL1UVXlgEsLxsMgqR+lWbaeC/tlubSQSRsOOadgKw469a67qSPnJc0GrrVHzhrNkbDW7
iEDC7yAMVnOuK7z4m6c1rq63gXhn5/GuIkX0rgl7sj6/DP2lKLKpFIKmZeaiIwaSCSsxwOBT0aos
04GmOMmiypp9QI1Sq2alo6IyuTIealBqsDzUitRsbxkSg81IDVfdUiNmi5asyYU8CmKaeDTRpFEi
ikZM0A0/PFFimiHGKBUhpAB3osKwAU8DFAwKUGmCS3Y1huqMpU5GR16VWuLqOJcL9+tqNKdWXKkc
uJr0aMXOTKt1IsCHPWsC5vWlbAPAq3fM0iFieax+cmvfw+DVNXkfF43MHipPk0RICM5pymoh9aev
1rti7HmtdWTKeauQHmqKmrkJ4rS4r3Ni16iujsOq1zNoeldNp55Fc1VaDR1endBXQ2/3RXO6eeld
DbfdrzKq1LReTrSnrTVp9czKGmjtSmmmgA70lLQelAEMsUdwoWUZAPFEsq21uSxwqjgU/jmqmq25
utPk2ffUcVMpOCfKtSorXUoDxFtZ9ycdBWZFGdQvss/yE8g1d0qOxe1lN3gTL0zWZIWju3aA4U9P
evHrynaM670vsjphZm0dSFjfrYg5hHetgkcMPukVzMOlXN+hYjZ/WtzTYZobbyZjnHSvQw1WtV1m
uVdPQxqQVyxS0UV1vcyAdawNdOd4rfHDVz+tk7pTnoK83M7+xVlfU3w7fNoecPMkOqSu43DjjFbN
vPqN/tSEGGDvkYqnZLE99LI8ZdgeBXSRGVkG44HYV688XQoYeLnL5HmeynOcuVdRILCK2AaQ739T
U+8ngfgKmt7Ge4OAuB61s22lRQgNJy1eXUzHF4v3KC5Y9zshg4U9ampkW9jPdHoQPcVs2ulQ2+DI
ATV4fKu0cCkpUcFTpu8/el3NZVukVoGAMBOBSnBPrSUV326PVmTbYUUUUAFLSUUALRQKKADNLSUZ
AFAC0vOfWkXLVVv9RisECq2Zv4QKmU4Q1m7IaVxNT1FLGMYYb25ArMHiG4GGVQxqK3jXULtjdR4k
J4am3WlXGl3X2hVMsJ7DsK8+q685c8Je6bx5VuJeaqNQj2yx/vPUCoNP1K70xy0mXiJ4HWtuzbSb
uMyZEZH3gatR2ljcAtCuVBxmiOHrOaqe0uPnjbUsWtwLy3E4G3Papck9aaqBVCrwBThXoruczd2K
OKKKKYC0opucmngFuAMmlu7IEJT0RmqK4urSwiMl5Kq4GcZrhNf+JKqZLfSwdw43AVtHDzqOyIlU
SO41DVLLR4mluJVyBnbuFeda58QZdWk+w2q4tpPlY+1cVdT3F/KZruTzC3NSWnE0agYGelegsFGl
Tbeuhz+1bkj1rwgCYkJ716jYf6tfpXl3hH/UivUbD/Vr9K8o6z//1ffqxvEf/IEvP+uTfyrZ7Vje
JP8AkCXn/XJv5UpfCaUvjXyPl1j++l/66N/M0opG/wBdL/10b+ZpRXmS3P0OPwoWnCm5pcZpFCg0
4YzTRinD1pgkOhQzXMEQHzM+MV9C6FZ/YNAtbXksFz9a8T8HWA1DxRbxsMoqlicdOlek+MvG8Ggw
CzssPchMDB6V00mkmz5/NFLETjRii/4o8W2Hh22cO2+5P3UB714vqmrXutXTXF43zHlUzkAVBd3d
3qF1JcXUpeRznaTwBUI9ufes6lRtndgsujQir7gCRR14ozRWJ6S0DpTSAwwQCPSnUmaPMTXU3/DH
i268OThXJks88qWI259PWvZdN1O01uxS6tJA6sAcDrXz3jI9fY1paJ4hv/Dt0ktpIzR7gXjJ4xW9
Kq72Z4+Y5XGtHnhuei/E/TDcaA1yoyY2XIH1rx0DKKa94bVrHxd4YuBDjzWjJZfcV4Y0PkSyQtwY
zjmitZu6IyyUlB0pborOtQstXHX5RULLWCZ3Tp2KxGKQNUjrUJGK0RzNNMlBqRWxVdTUqmhlRnZl
hX56U7r7VCDT1NSzoUrkgPapoziqxPNPVqk2Tsy4rVKDVNWqZXzTTN4yLGacDmogaeDVXLvckoNN
zTgT1HNMbdlcMDIH50qK8koijQtIf4RToIJLm5WC2BaV+wGa9g8F+BbfSrcX18olujgjcOlXTg2z
zsdjoYWHvas8ok8O6/MuItOkCn+I1EngTxC/JtDn3FfSwbbwML7AUu9j7/lXrUK7oq0EfE4rETxU
m5vQ+ZpPAHiAjmzP5VSf4c68W4s2/KvqcOcfeP5UBz3/AKVrLG1JfEcqo22PlgfDjXe9o/5U9fhv
rmf+PZvyr6l3H/OKad3f+lL65IPZHzCPhnrzdItv1WrkPwy17/pmPqDX0gxJHBNQkNVfXZWK5Dwm
3+G2tIBuaL8jWxa+BtUhwWaP9a9YfdnGTVV8nOT+dZvFykCicXbeHruDG5o/zrVispYx82K1pBz2
qu+O1Yym5FFcIR1pTTz1pprMBppp6040mKAG0E07FIRQA2lUgHkcd6SgdaabYmjn9b0p0YXEGSCe
VqzpWlxvAtxNn2U1rEBuH5HpR8oGAMKOwrl+rwVTncbs153awnmKpA3BAOlDdc5yKp6jZPdBTExH
0q3bxFYArE5Hc1vzOT95EO7DPPrS4I7VTvtUg09SDhn9uax11+5aUMB8pOKieIhTfv8AUapuSujo
+rEdDXOawf8ASypHB4NdHEfOhDnAJFVJNNR5vNkGcnPNYY6hOtSUYFUpqErs5u00n5maKHlu5rct
dIRQGlJJHatJAkY2ooApTz1rOjl0IpSqe80XKtr7gAKgwigCkznrRRXobaIxbdwPNJS0lO/QQUUU
UrAFFFFABRRRQAZxS0hoFAC4NOVC1IoDE84ArIvNRuJWeCzGWHBNTOaj8ug7FnUdUislKp879CKz
dFSG5u2mvXyf4Qe1QafFP9raG8TczdzUd/aS2ErAkgN90jtXnVq1VP2trx6o2govQvDVYrbVmili
BjJ+VhWxNqltbrEJCWSUAAHtmsLSIbGaNxe8upyGzWX5cmp6+8UBYwwuNvPFaU60lSvHZ7CcLuz0
NbVtM3XMYtEIVz82K3bS2WxtliXnPJz60+L93EFcAsO9OznmuqFJRlzLcybb3HUUUVs/MV+gufQc
0vJ+6MmlSNm56D1rH1vxTp+hAqzBpcdAeppxhKfwik1Hc2SFiQyTMEUDJNclrvj+x0+J4rLE03Tk
4rhtb8YanrcrKjmG39jWCIxkMSWPcmvSoYFLWRzyq6aF/UtavtYk3TyMFz90Hiqaqq/dAHrS8ZPP
0orvjBQVkc7be4VLbZ+1R5Peox0qa2H+kp9amqv3cvRjh8SPWPCP+pFeo2H+rX6V5d4R/wBSK9Rs
P9Wv0r55noH/1vfqxvEX/IGvP+uLfyrZrG8R/wDIFvP+uTfypS+E0pfGvkfLr/62b/ro38zSikf/
AF8w/wCmjfzNANeZLc/Q4/Ch4opM0tIoWjOCDSZpwHf0oC+pf0rV5dIWZ7fieTjcO1UJZHuJ2uJn
MkzdWNKO/PNISarmIVOKlzJCckc0UCipepezugooFLRYBKOtLRigPIQ0g9qXFJinYSVmWNM1K50q
6We0maMdHQdDUN/OLy7kudu0ucke9N7EZ4NNPWi/czVGCvJbsjPNRMKnbntUbVInGyKzrULKKuMO
KhdOM1SZzTgVcYNODUrLTMVe5zNWZMrVIrVWB5qVWFJpmsJFgEGl4qIGpAc1DRunceGqVHxVfGKU
NSNYyLyvTwc1VR88VMj5zxTTNoy1J1bHPU1NbQT3lykFnG0kzEAAds1HZWtzqd19ls4iztgZxwK9
u8HeDYfD1rFLc4kvCoLHHAropwbODH5hHDJ66jvBngqDQ4FubqMSXLDdk/w11+d3WmswY5Jpc59q
7IxSR8bWryrTcpsUjFIOKXNIeaevcwSQoOaXim0CjXuBIDR1pKWgLIKjbFSU00AV5FqrIvFXZKqy
c0AUJV4qsy1dkXNVWFAEBFMI5qQ0w0ANNJSmkxQAHpSdqWkoAQ03FPxxSUDQ0ikxSmjtRdk9Sre3
ElrF5kaliOwrEl1e51Zja2xMbDr610oO3tmqo023hna8iXEnU4rKrTcpXTNE0c/bw/2UzjUEaWR/
us1R2cX2rUVIUbd33RVnVtUN3L5FxEQF+62KveHrMJGbk/dHcV50oqpieR6qOpvF8sGN8Rl7ZI5I
pvL24+X1pdM1lrrEcwJOKy9SZtWvGbP7lCeR7VNoyj7V5mQEX1rWpXmq6UXoyYQTpts6Qx88DHek
KkcnPNc9q+vtNfLBaghRwWFPstZumYRvCzAdSK6frNLncFv6GSptRubvQYxRxVRNYtH4Y7W9DU6X
NtL9yZc+lbRlGWzRLi0SUU7bkAgg0hUg4yM1QnoriUUpVgOf0o2njOOaAG0U4rxnIFRvIkClpGCj
3o6XHbWw6lHIwtU31eyRgPNBzUtzcLDZCdehXPFTzx112Dldrljb8uMjNJnPHcVy1nq8xu/Mc5Qn
pnpXUK6TIJYz8p61nRrwrawY5QcVzMo66biPSzJa/ezzUHhadJbHkAT5O7Na20So0bdDXMPN/Y94
4ToxzWGJn7KaqPqXTV0dQAJG27V3jviqsrW+pbrZhlkHWqTeJIBbAr/rDxU+lQ4ie4cYL1usRTqK
0VdEyg07swFs5Lq/e0jBVVOCwrqLKxh0+3EcaDze7+tSxpHF8yKAzck0/qeamjhadJN21YSqSqLl
ewDnrS+w/Ok7/wCFKxSJN80ixoOcmunVuyM27bj0Vm4C7qivr600uEy3U0YwM7Sea5LxD4/tbItb
WCmSUD7ynivN72/vdWnaa8lYq3bccCuyjg5T1kZTrJbHW+IfH9zeBrbTi6IDjetcY6y3EpmuZXlf
1c9KVAEHyjGO9L1PPNepTpRpq0Tkk3P4gGBwKXFLiitBCYpcUUZp2AUVLbf8fKfWoc1Lbf8AHyn1
rOr/AA5ejKh8SPWfCP8AqRXqNh/q1+leXeEf9SK9RsP9Wv0r52W56B//1/fu1Y3iP/kC3n/XJv5V
s9qxvEf/ACBLz/rk38qUtjSl8a+R8uP/AMfEv/XRv5mlFK/+ul/32/maSvMlufocfhQtOpo606kU
Apc8Uh60o6UAAoNLRQAgpT0pDRQACg0tFMBKWik70AFFFFACUEUtFIBlMI5qQimFaRLIyOajcVOR
xTCtBlKJVZahK1bZaiZauMjmqUyv0NKG9qVlpnNXuc2tyZWqQGqwJqRXNS0axqWLIanFeM1DuHWn
l9rD5WZz0UAnP5VF22dHPG12KrAc5rU0bS7vXLwQWoO3uw6Ctfw94Gu9WdJ7tXit+GxgDNepabpd
notuIbKEKmOXI5reFJvVnmYzNFRjy09WS+E/DFl4dtFwA9033mPOK6dX79ee9Y0UxB61ejlz3rsj
FRR83WqyqPmb3NAPkU8GqyPx1qUEnvVGJOKWo1b1qQMKACjpRyTSnnrQAA0uabSg0AOFIaM0E0AR
yVXcVZYVA60AUpB1qqw5q7IvNV3SgCoV5pjDmrBU0wpQBARSEVKVpCKAIcUEVJimlaAGU3vT9vNI
RzQAw0dqcVFJigBoznig4xnn3FOxSGgCreafbX6bHG0gcEVhTjUtKtnt4ctCepxXS9T7incHh1DZ
4waxqUua6juUpaHNR+VBobMP9Yykk+9VLK0ubti8Z2wr1Irp59PguU8rbtQc8Vl6hFdWlv5Fmh8k
jkr1NclXDq/tX0WxpGfu2MidI/tHlRDLE9a6rTbWKzslEi/OVyWzXO6TGkt2A/DL2NdNeMEsnwwy
F6U8DTajKvLcdWV0oo5GcCW/zGcAtjpWvcaNDDbK6Tnzjzism2t5dQuCiZDdeKs2dtdtqwhnZsoO
C3SuWg01OTXxMupZIit7jUQ7pvOFqeC/vrmYRR8tW1qsMcFs3lqA2PmYVztjdPZ3AmUZxW1ecqFS
nBS90UYqUWXG1a80y6xej90OtS3l5cyRC7tm/wBHfp7VnXks2vXPlbRgnmtieyGnaMluDnDE4+tW
qjnCpZ6LYUopNFHT7m5uZTLM/wC6TtUjXH9t3qxRsREDzjvUOkDcjx54LdKgsG+wajhD8pbp6VjH
ENwppv4txuC5mal94fgeI+Q+HXvik8qeDQ2gm52kjn6VtbSQGXleprK1S8ilt3tk++Dy2favRnSj
C82Yw1VjENvbpp0csbfOVG4Va0jUmt2ETjKN61Y0PTbKS2DStvOORms69ikj1BoLeM7T904zXnVI
zi41aWxtFp+7I61TnDxn5aqXWlWt3JvfOao6TZX0D77iUmP0rYJyxI6dq9TWpG8o7mFuUzo9Cs0O
etaCgKoRfur2ozSruPRc040401yoLsPcflTkQvznAqK7vLTTYTNdOq8Z5NeeeIPiFcTlrbTSqJ03
gV0UqE5mUqiidnq/ibT9DibJEkuOBmvMta8X6lrbmJXMMHoB1rEkMtw4kuZmkf8A2jmnfhXq0cJC
G5yyqNjQg3bmzu9QetPI9f0pKUV0mV7igcc0uKBRQAUUd6KYBRTqKYCAVLbj/SE+tMqS3/4+E+tZ
1f4cvRjh8SPV/CP+pFeo2H+qX6V5d4R/1Ir1Kw/1K/SvnZbnon//0Pfu1Y3iP/kC3n/XJv5Vs9qx
vEf/ACBbz/rk38qUtjSl8a+R8uuf3s3/AF0b+ZoFDf62b/ro38zQK817n6HH4UL3pxptOX3pFBS9
KXikoAM06kpKAFxRikooAWiiigApMUtFABijFFFACUUd6KVgA02nUnenYBpFRmpTTCKlkMjIzUTr
ipyKYRkmhaGUo3KrA1GwFWXXHaoXXbzWil0OWpG3oQEY5LfhToQ8j7Y43dvRQT/KtfSvDGoaxIrK
vl255LN1I9q7/TPD9lpMYESbnxgsa2hTbPLr4uFPZ3OR0fwXqWoYe4VYIiOGDZP5V6DonhTTNJw4
RHl7vjkmpY5SuApwPYYq5DNzjA+praNNI8qtmFSeiZsxyAqMAAdBTz83Xn61Qjk561bjk4rVHG5N
u7HlSOlSxyleppoIIprJ3oJNCKfjrVtJM96xEcqetWopznmgDWVuakB5qlHLk9asK/NAFlTTxj1q
EGnhqYEmaMU3NOoAM4pC1BGaaRQApNMYZpxpO1AFV15qF0NXGXNRMlAFJkqMpVxk9qiKUAVTHTWW
rLIaiKmgCuRTSKnK89KYy0AQ9qaRUpWmkUAREUYp5FGOKAI8UmKcRSUANKg4oP0p1JimnYBvOc9K
AxBPoadTSOaS0dwWhALO2Wbzgnz+1U9S0y4u5PMikwvda08Ed6UAKMgkVEqcWmktx31uczb217pt
0JViLD2qPUr+7upQkELrKT1rqt74wD+dN8uPdu2/P64rBYeVNctN2RblfcxZpntdGWG7fM7CqOli
KQtDLgMRxXRT2UFzIHkGWHTNQ/2TaiUSYww54pVMPJ1lLdIcZ2OdjZtN1LJGMHt0xXQX17az6f5g
cFscinz6bDc/M2AenNQJolsvGTj0qaNCdLmpr4ZdOwOaZi6bexW11vdTsc8VJfaRcxT/AGiDLo/I
x2rdGlWYGGUEDpVlPkTYCSBShgfc5Ju76BKt72hzsJ1QwMih/mGOae+hTyWqhD+9JyxNdBuK/doL
kEkZzW8MO4/G7shz7GZY6MtgVYtlgORnitEFVbcEG71ApOMck5NHKnAGa1jCNKPKthO97sUsTwOf
pTRktjbT0RnOM7B61lar4o0zRlZWfzJwOgOa0jCTdooltLc1WVIY980gQe9cn4g8e2WmqYLP95Ke
MiuL1rxff61Iyx5ijzwDxWEsYXnAJPUmvRoYFLWRzyrdi1qGpX2rzGW5lcp/CpPAFVwAuAoA+lHI
wM0vSvQSSVo6GEm5BRRRTJFxS4oFGKYCiiiigBcc0Ec0veg9aADFLiiimIKkt/8Aj4T61HUlv/x8
J9air/Dl6MuHxI9W8If6kV6lYf6pfpXlvhD/AFIr1Kw/1a/SvnXuegf/0ffqxvEf/IEvP+uTfyrZ
rG8R/wDIEvP+uTfypS2NKXxr5Hy8/wDrpf8Afb+ZpKHP76b/AK6N/M0CvNe7P0SPwoKdmkxQBQMc
OlKKQUtAC0UUuKAEopcUmKAEooooAdSEUtJQACilxRQAmKTvS5oNABikIoHWlNFgG4ptONJUktDS
KYwyQOo9PSpG46nA9T3rW0HwzqHiG5CQW7JAesxPGKIxb0Mq1SNON2zEigkuZhBbxb5D0C8mu78P
fDxFCXmrk7+qx9q7rQvCOm+HoAIoUkuO8rDJrTmXccnn69q7KdGy1PmMZmbk3CGxhm1igjCQosaA
YAA7VRlj9Bx61vywgjoKoTw8dOM1va2x4rdzHbKmpI5OnNSTR47VWIKmgSNKOXpzV6KTJ61hxy89
avQzc9aY9zXjk5qwrZrMilq2knANAiwyA00HaetOVww5pxCmgB8U2D1q5HOCaz8Y6UqSFTQBsxyZ
71MGrJjnAPWriTAjrQBeDCnhqqq4PepVb3pgTE0hNN3UZoADSUuaaSBQAvamEU7dSc0ARstRlKsY
9aaRQBVZKiKVbZajK0AVSlRMvNWytRslAFVlqPbVl15qMrQBCVppXipitMI5oAjxxTStSkcU0igC
I0lSYpMUAMxSU8ikIpoBtBHFOpDSQDKXmlpafW4EZzS4p2KSpjdLzAaaTmn0lVrYNBppMYpx6UDG
Of5UrX16he7G80dKeAzfdUn3plzLb2SeZdTJGo7E80crfqD01Y5FZ2ACZ9T6VVvtQstJhaS7kG4d
BmuQ1/4gJEJLfT8E9Nw5rgLm8vdQcyXU8jZ7Z4rto4OUviMJ1lsjrPEHj+6vC0FiAsf98GuNfzLm
QzXEjSOe+aAoXhQAKcCR04r06dKNP4TnlOTABVHy/rRQeaStCLC4oxQKWn6AFFLikoAcKWkFKKAD
FGKWigBQKMUtLQITFGKWimAmKkgH79PrTKkg/wBen1qKv8OXoy4fEj1Twh/qRXqVh/q1+leW+EP9
SK9SsP8AVr9K+de56B//0vfu1Y3iP/kCXn/XJv5Vs9qxvEf/ACBLz/rk38qUtjSl8a+R8uSf66b/
AK6N/M0CiT/XTf8AXRv5mgV5r3Z+iQ+FDxQKQU4UFCinU0GnCgAooooAKKKKACkPWiigQopabSg0
AFFFFACUtHaigYlFLSFiE3MaPIWm7ExziljSSV9kEZkkPG1RWjo2h3uu3IitYmK5wWI+7XrvhzwL
Y6FEkk+2e5I6kdK0hRcjzMXmcKCdtzj/AAt8OJ7kx32qMY4xyIGxmvT7e2gs4VhtkEcSjGFHWrLZ
BGMKg6AUw9MiuuFNJHyuKxdTES5rkLrznjHYCoHUVaIqJ1z2q7WOO7e5SdMiqkkXFabJxVZ48mgD
Hmh56VQniI7Vuyxc1RmgzmkBildpqRJNp61NNDgmqjKVNAzRinq/FLxzWEkhBq9DP6mgDZSQYqdW
z3rNjlGKspJx1piLopCtRxvxUwIxQBGDtNTpPjrTCoIqIqQaANKOcGrSyj0rFSQrVuOfJ5oA1RID
0o3VSWUetThsjrQBNuo3VFvzRuxQBKGFODVX31IG4pgT5pMUzd0pwORQAhFMZfapKMZFAFZlpjJV
kpTGWgCoyVGVq2VpjLQBUK00rVlkqJloAgK0wgVPt55prKPSgCHFNIqbbTSvNAERFIRUpXFNI4oA
ixQVp5HFJigBmKSnlaTFACUmKdikxjrTC1xtJxSkE4wM090WOPzJ3VF9CaIxcmF7EeCwwBQ+y2jL
TyrEoHO41zWtePbHS2aK2Tz2Axx2Nedan4q1TWXbMjRxk/dzXVSwlSo9NEZTrLod5r3j+wsFMNgW
kk/vAZFeeaprOoa3KTcyYT0DGqAjHUsWfvmnDivTp4aFP1OaVRsakSJ0wKdnrnJpDRW97bGYpxRS
UopDClpKWgAooooELSijFFMBccUCl7UCgBRS0lKBQIO9LRiigAope1AFMAFSQ/65PrTMU+Efvk+t
RV/hy9GXD4kep+EP9SK9SsP9Wv0ry3wh/qRXqVh/q1+lfOvc9A//0/fu1Y3iP/kCXv8A1yb+VbNY
3iP/AJAl7/1yb+VKWxpS+NfI+XH/ANdL/wBdG/maKH/10v8Avt/M0lea92focfhQ6nCm04UFoBT6
bSg0wFooooAWikpaQBSUtBoEJRmjFLigAFBoA5o70AFHsBknpSEgDJq5pul32s3HkWMDuQeWHAFO
KcmROpGCvJlPeAQoBZ+m0V2vhr4e3OrSx3GoBo4ByF6Zrr/C/wAPrPSYkuL5RLcnnDDPNdruJUKA
qKvAUCumFJbs+dxub3fJTKmn6ZZaTbrDZRBFAxnufxqzz7flSgUHNdG2x87Ocpy5pO4hGetIQKWg
imSRkUwipMU0ih6gQlc1AyYNW+1RuM0rAUJEzVSWPrxWoyiq0kftRYDFmhzziqM0WR0reki9qoyw
+1AGKy7TTlkK1alhx2qo6YNAF2GYkdauxSZHWsZGI6VbimwOtIZsxv6GrCuM4rKilPY1bjkBPWmI
0A2etO69aqrIc8VMr8UAOdB2poJWpAc9aQrmmALNjqasxz8dapslNBK0gNRZs07fmqEcmKnEmaAL
O6nB6rB/enB+etMC4G4qRW4qmHqZG460AWAc08VCrZqRTQAppCoxT+tLgUAQFaYVqcrSbaAKrJUb
JVtlqMp7UAVClMZKtlKjZaAKuykKVYKUwrQBXKU0rU5SmsuKAISvFMK1ORgUwjGM96NASIsUm05q
cRse3FQXVxZ2Kl7mZVHoTTScnZA2kIRzgc0siJChkmZQg55OK4/WPiRY2YaCxKSSD0rz/VPEeq6s
7CSWSONjnCtjiuungpz30MZV0j0XWPH1hpqslsRJL0xjOK881XxXq+suwMvlxdsDFZIiA+8dx/vH
rSkcYzke1elTw1OC1Rzzqtkax/NuYkt3OetSYGQR1FIKOlbmYHrmkpTSUAFGKKKAEpRS0UAJS0lL
QAUtIKUUALRRRigB1AoFKBQAopaKKBB3p2KTjNLQAUoFJilFNABp8P8Arl+tMNPh/wBcv1qKv8OX
oyofEj1Lwh/qRXqVh/q1+leW+EP9SK9SsP8AVr9K+de56J//1PfqxvEf/IEvP+uTfyrZrG8Rf8gW
8/65N/KlLY0pfGvkfLsn+um/66N/M00Urn97N/10b+ZpBXmvdn6HH4UOFOFMFOFBaHUUlKKYDgc0
Ug4pRQAUDrS0UALSGjNFCAKAaKPwpCfcXrTSy9FBJ9qR2EYyxABq3oniPTNKuTNd6Wl2yHK7mIFd
VHCVKvwo4MXmFLDxd3d+R0nhrwDqOtSpPcZt7Xrg/wAQr1zSdEsdDtxHZwrnHLEc15lH8b44oxFF
o0SoOgEp/wAKcfjgP+gRF/3+b/Cu+GAqR6HyOKzOdaWj0PWxz0OfWjHtXkn/AAvAf9AiL/v6f8KX
/heA/wCgTF/3+P8AhWn1Squhw+0S2PWtppCDivJf+F3j/oExf9/j/hR/wu8f9AmL/v8AH/Cj6pU7
C509z1nn0pecdK8l/wCF4L/0CIv+/wA3+FH/AAvAZ/5BEX/f5v8ACl9Uq9g50esEe1NI9q8oPxvH
/QIi/wC/zf4UjfG8Y40mL/v8f8Kf1Sp2DnR6uR7VGw9q8q/4XeMf8gmL/v8AH/Cmn43D/oERf9/m
/wAKPqlQOdHqbIfSoZIz6V5efjeP+gRF/wB/m/wqNvjcD/zCIv8Av83+FP6nUDnR6XJGc9KqyREn
pXnR+Nasf+QRF/3+b/Con+Myn/mExf8Af5v8KTwlQfMjvJ4RnpVKSDrgVxL/ABhDf8wqL/v8f8Kr
yfFwEf8AILjH0lJ/pUPC1EO52pQr2pASB0rg2+Kgb/mGp/38P+FQt8Uv+ocn/fw/4VDoSQ7npUUp
4q9HLXk4+KZHTTk/7+H/AAqVPizt/wCYcn/fw/4UlSkK569HIanR68jT4wY/5hkX/f0/4VKvxkx0
0uI/9tj/AIVp9XmFz10OcVIrk15GvxnGOdKi/wC/x/wp6/GnH/MKi/7/AB/wprDTDmPW8Z7UxkOe
leWD41j/AKBMX/f4/wCFTx/GQP8A8wqL/v8AH/Cn9UqC5kel8jtTlY155D8Vo5Tg6ag/7aH/AArS
t/H8U5/48EH0c1DoTQcyO1DGnBuawLbxLFcAfuAuf9o1pxXqSjhMGs3FodzRD8VKr8VUWQEVKrel
SMuI9So2TVJHqZHOetAFxT708Gq6vUqk0AS4o20LTuaB2I2WmFKnxmk20CKzJUbJVormmMlAFQpT
GSrTLik8hmOFUmj1AplcU0qfXr2qzcG1tI2kuZwgA6cVymreP9J01CsISdxwDu5rSNOctkTKcUdB
9nIOXIUepNZt9rmkaYHNxOGK9ADXmWr/ABB1XUGZYMQxnpxmuVmee8dpbmVnJ967qWXNq8zCWIWy
O91r4nhlaCwhPXAbFcPf6pqOpvmeVtvXANV1RVHAoI5716FPD04bHO6kmRCNc9Pm9TS806k5rVti
33GnNHNLzS1Nr7hoNxSEUtFOwCYpMU6kosAmKMU6kNACUUtJQAUUUtACUoooFADhQaKKAHClFJTg
OKEAUUd6UCmITHNOpcUUCF7UlLRQAlPh/wBav1php8P+uX61nV/hy9GXD4kepeEP9SK9SsP9Wv0r
y3wh/qRXqVh/q1+lfOvc9E//1ffqxvEX/IFvP+uTfyrZ7VjeI/8AkC3n/XJv5UpfCaUvjXyPltz+
9m/66N/M0gof/Wzf9dG/maBXm9T9Dj8KHUoptOzQWh1HSkBopgLS0Cg9aAFzRmkooAWlB7UlBIVc
sQFqlGU5WQpzjGPNIeOelQT3SRDAPzVUuL4MCkXA9apZ3HLEmvYwmWc3vTPm8xzuMI8tHclmnadv
nyB6VHkdqQYpa9+FKNNWij5KrWnVfNJi9KOtHaitbeZlZCijNJS0WQCGiiilp2C7FzSZ57UdqO1G
nYLsQnNJR3paNAuxhzmjrTiKb0odh3Y00wrUpHem4qdBpkO2mkYqYrzTWWiyLUiEgUwj2qbbTStZ
SimVcgP40wj3NTFaYVrCdNFJkR9iaAcdc07FIRXO42egxQfelzjvTRSmnGWoDwadmogaeGrZTESq
2O1WoW6VSVqsxSgcVqpCZs27dOTXSadtyvGfrXLWki8c102n8lc81lUs0COw03qMbQK6a0OAOc1y
+nZAHy10tqflHFebVWpaNePkCplJFV4zwOKnBNcz3KJlapVaqwJqQNSAtBuRUyPVNW5FTKxzQBdV
+al3VVQO3RfxqcKVGWkRfqaH5BoSj8Pzpw5qpLqen2ilp7uEEe4rEv8A4g6JYqdsxdx/dXIrSNKr
LZXJdSC3OmEe/jpTSYYFLTSoAPVhXlepfFO4n3LYRMB2JTFcjfa/qupMxmnZFPYGuylgKk99DGWJ
S+E9j1Txho+lAlpUdh6GuF1r4oXEhZbAbQehFcD5Cud0jFz6saXYAMALXdTy+nD4tTmliJSJb3Wd
W1Ribi9l2nquazxbIDlssfU85q2Qe1MIrrUYwXuoybZCV47Uwg/hUxWmlaPUZDimkc1LtphXmkMj
IpMVIVppFAxhFFOIpMUrANopcUYoASkp2KbQMKSloxSAbQaXFBFADaWjFGKACijFOAoAKUUHrS0C
F4pR0ptOHSmAtKKBTsUAJSikpRQIKKKKACnxf61frUZNPhP75frWdX+HL0ZcPiR6l4Q/1Ir1Kw/1
a/SvLfCH+pFepWH+rX6V869z0T//1vfqxvEf/IFvf+uLfyrZrG8Rj/iSXv8A1xb+VKXwmlL418j5
ZkP76b/ro38zS02T/XTf9dG/maM15vU/Q4/Ch2aUU0U4UXKHUZpuaUGgdx4ozSUmaY1qx2TjOM0Z
z04NNzgcnAqlcX3JSP8AOumhhp1XojjxeOpYdblyW4jiXlvm9KzZrl5jzwvpUDMX5bk0ma+iwmXx
pr3j43H5xUr6J2Q7NHSm0V6KSWx4r3uOo70gpc80xDwaTNN5oGakB4PNHemjg0uapAO4pOKSjNO4
DqO1Npe1IBKUUlKKAAim4pxFJg0AIelNNPIppBoKGkcVGc4qXtzTSOKBpkTDjimmpscVGy1JSZGR
UZFTYphU1nKJaZDimkVKVNNIrCUBkeKSnGkrCUbAJS0lLmhMY5TUgqIU9TWsZCZZjeRDwc1rWesX
NsR8oI+tYqEZqymD7mtFZ7kNvod1pXjSOMgTR12OneNdLYASZFePJgjpip1QEdWH41EsLGZPtGj3
mHxVo7gYmA+pq4viDSyM/aF/OvAAGXG12/OlzOf+W7isv7OT6h9YZ78fEOlrybhcfWmnxbosfWYH
6GvBP32MGZz+NJsbvI/50v7Oj1YfWGe4zePtFi+6cke9Ztz8UrKH/UwsTXkIiGQSWP408KoPf860
jgaK3IdaR6LdfFq7Ybbe3wPUmsW68c67eZKsqKevzVy49cD8alRh1xzW8cNTWyRm5yfUuy31/dsW
nuHOfQ01EHUux9mqBX/yKlR884/M10pKK0MndlgBQMAUtRq3NPyDRcBaU80maWhabCGkUw5qU00i
lYCLFMIqYimkUPXcLkJFRkVORTCtTYoiOaaRUpFNYUwIyOKTFPxSUAMxSU8im4pFCc0mBTqbSAMU
hpaQg0AIaSnEUmKAEpaMUUAGKBRQBSAWlFJS9KAFxTh0pAOKUdKYCilzSCloAWiiikIKKKKYCGnw
/wCuX60ynwn98v1rOr/Dl6MuHxI9S8If6kV6lYf6tfpXlvhD/UivUrD/AFa/SvnXueif/9f37tWP
4j/5Al7/ANcm/lWwaxvEX/IEvf8Ari38qUtjSl8a+R8sSH99N/10b+ZpBSSH99L/ANdG/maUV5be
p+hw+FC0oNNNGaNSh9KDTS3HPWjcAMngVW7stRSairseKjmnjhX5myaq3OoLGMIMmsx5GlOWJNer
hcvc/ekeDj84hTXJT3LU1205wuVFQfjyKZntS5GeK+hp0Y01aJ8fWxNStK8mSBqOtMyKM1rc53ru
SDGaXPNR5pwNGgDs0ZpM80uRTAXNLmmk0Z4oAdmgGm5op3AfmimilJ4ouIcDSmmA07NAC9qBSUZo
AcTSDrSUUDFNNNLRQA09KQDinUhouFxuKYRUuKaRSKTIiuKYRUxFNKj0oLTICKaRUpFMIqZIq5EV
ppFSkU0isJRKTIiKSnkUhFYuIxuaeppmKcKjYCVDzVqM81VXrViPrWsGQy5GatIflqpH1q0lbxZj
JsnHIp1MXpTs1ZmLmlFNFLTQDh1pe9NB5pc07iHdqcDUeacDxRdiJVapUaqwNSK1NMVi0G5qRWqs
G5qVWFMRODmnA1EGp4amSPpMUA0tCAaRxTSKkNNIpgRlaaRUuKYwqR3Isc01hUpFRkUBcYV4ppU1
JzTTSAiINIBTzmm80iriEUmKU0UAmIaSlNJSGIaSlNNoAWikooAWigUtIAFKaSloAcOgpcUgpR0p
gLRQKWgQUUUUgCiikpgBp0P+uX602nQ/65frWdX+HL0ZcPiR6n4Q/wBSK9SsP9Wv0ry3wh/qRXqV
h/q1+lfOvc9E/9D341jeI/8AkC3v/XBv5VsmsbxH/wAgS9/64N/KlL4TSl8a+R8qyf66T/ro38zQ
DSSf66T/AK6N/M0ma8xpan6DB2ikOzk0vOeKaM4POBVS51BIOEOWq6NKpU2MK+Jp0PiLkkyQqWc8
+lZNxqDy5C8LVWSZ7htztx6UzI7CvocJgI043Z8pj84qVHy09iVW9eTRuNRg04GvUVrHhtNtu+4/
PNL3pmaXNN6kWsPzS80wNS5ouFh3NLmmZpc0XEPB4pwPFR54pQ3FUmBIDS9qjDUu6ncQ8cUuaaDQ
TQIdRSA8UZpgKKdmmA0uaYDgaXNMBpc0APzRTc0A0AOozSZooGFBoNJmgBT0ptLmigBpFNNPPSmk
UikyM0wipTTTigq5CRTDUxWo2Ws2ikxmM0win4INB5rOUSrkeKcBRjFOxWUohcVRzVmOqy9aspRE
llqOrSGqydKsJW8TKRMDS5pop1WZiinU0GloAXNFJS0xC0opKKYhwzTgcGmijPNAyUNzUitUANSK
1O5LRYDVIGquGqRWpisWFan5FQK1PDU0JolpDSA5paYgpjVJim4pAR4ppFSHApCOKQEJFMNTFaYV
oGRGm4qXbTcYNIZEetJUjY3U0ikNDDSYpxpKAEpMUtFIYmKKWkoAKKKKAClxSd6dSAXFKOlAoHSm
AopaQdKWgQYopaQ0AFJilooASnQj98v1ptPh/wBav1rOr/Dl6MuHxI9S8If6kV6lYf6tfpXlvhD/
AFIr1Kw/1a/SvnXueif/0ffqxfEZxol5/wBcW/lW0KxfEgzol5/1xb+VKW1i6P8AEi2fKchP2iXj
jzG/maY0ixAs5x7VDeXqQzSL1PmN0+prHmuXnb5jxWeHwUpybZ9Ris0p0YKMHqW7rUXkysXA9qoj
Ock5JpowDx0pehr3aNFU1ax8tiMZUry98fS5pmaM10XOQfmlBpmaM0XCxLupd3FRAml3VaYWJAaX
NRhqUHNFxWH5pQaZmlBouDQ8GnZqOlBp3FYfmlBqPNLmmTYkzTgaizSincLEuaXNRbqcKpMVh1Lm
m5oBp3FYfRmm5paLhYdmgGm0UXCw/NKDTM0E5p3AeaOKb2ozRcBc0ZpKSlcB2aQ0lFAxKaRTjxTe
tA0xrA0mOKceaQ1LKTImFMINS0hGelSykyHFLzTttGKhoq4qCrEY5qFRip4+tTYUnoWY+tWUqvHV
lKpIxkPFLSClqyBaUUlGaYC0tNzTs0AFOFNFLTEOzSjrTKUHFAD+9LnBpgPNLTAlVjUgY1AGxT1a
mSyyrcU8MagD08NTRLRYVqkBqurVIrUxWJKKQNS0AIQPSmmnmmkZoAaRxUZFS4xTSM0gISKaRUxW
mEUrDIitNxipSKY656UMBhFNxT8UhFIYw0lOIpMUFCUlLSYpMAooopALSjrSUCgB9A6UmaUdKYCj
pS0gpaBC0UUUAFIaXFIaAEp8P+tX60ynw/65frWdb+HL0ZcPiR6n4R/1Ir1Gw/1a/SvLvCP+pFeo
2H+rX6V84z0T/9L33vWL4o48P3//AFwf+VbdYfin/kXtQ/64N/KqiryBnxlOWN3OSc/vW/majp8/
/HzP/wBdW/majr2IJKKsZSfM7scBQaQfWiruLfcXNGaBQaBCg0tNozTv3AdmlzTM07tT5kAuaUHi
mUoNO6EPzQGpuaWndAPBpc1FmlBp8yES5ozTAaXNVzIVh+6nA8VHS5ouhWH5pQ1MBpc8UKSCxJml
B4qMGlzVXQiTNKGqMGlzRdASZozTAaXNO6EOzQDTc0oNF0Kw7NGaaTRmnddwsPzSE03NLmi67hYX
NGaSkNF0ApNIKDRRdDA0winCkpOwDBS44oNBqdCrjcUuKKBSdhiqOanQVGoqVBS0EyzGOKmSok6V
Mop3RnJjxTqaKWndEi0hpaKLoBB1p2RSUnendAPzQDSUoougFoozQKd0IB1p2aSindAOzxTgajp1
F0BKrVIrVADTw1NNCsWFapFaq4anhqd0IsBqk3cVXDVIDRdEkmaKaDThRdCENJind6Q0XQDCKYRU
hFIVp3QyIimkVIRTCKltAiM001IwphFK6GMNJTiKbii6GNNFKRQRSuhiGkooo07gLRSClpXQDhSj
pSCnDpRdAAp1NFLTugFozRRRdAGaQ0tIaLoA7U6H/XL9aZT4f9cv1rKs17OXoyofEj1Pwj/qRXqN
h/q1+leW+EP9SK9SsP8AVr9K+dPRP//T9+rF8ULnw9fjPWFsce1bVVrtBLEUYZB6jHGKcXZjPiG4
gmF1PmGX/Wt/yzPqfaodj90cfVDX1hq/hfT5GYrZQgNzkIK4288GwMzbbdB/wGuyOKsrGbieAhW/
ut/3yaXa391/++TXt3/CERf881/Kj/hCYv8AnmPyp/W0HIeI7W/ut/3yaMN/cf8A75Ne3f8ACExf
88x+VH/CExf88x+VV9cQch4jhv7j/wDfJow39x/++TXt3/CExf8APMflR/whMX/PMflR9dS6C5Dx
LDf3H/75NLg4+4//AHya9r/4QiL/AJ5j8qP+EIj/AOeY/Kj675ByHieG/uP/AN8mjDf3X/75Ne2/
8IRF/wA8x+VJ/wAIRF/zzH5UfXvIOQ8Uw391/wDvk0uD/df/AL5Ne1f8IRH/AM8x+VL/AMIRH/zz
H5U/r3kHIeKYP91/++TRhs/db/vk17X/AMIRH/zzH5Uf8IRH/wA8x+VH17yDkPFcN/db/vk0oz/d
f/vk17T/AMITH/zzH5Un/CEx/wDPMflT+v8AkHszxgZz91v++TS4P91v++TXs3/CEx/88x+VL/wh
Kf8APMflTWPXYPZnjIz/AHW/75NO5/ut/wB8mvZf+EJj/wCeY/Kj/hCo+0Y/Kj+0F2D2Z41z/db/
AL5NGD6N/wB8mvZP+EKT/nmPyo/4QmP+4Pyp/wBorsL2Z46M+jf98ml59G/75New/wDCEx/3B+VL
/wAIVH/zzH5Uf2iuwnSPHsH0b/vk0vPo35GvX/8AhCo/+ef6Uf8ACFR/88/0p/2iuwexZ5Bz6N+R
pcH0b8jXr3/CFR/88/0o/wCELj/55/pR/aK7C9ieQ8+jfkaMH+635GvXv+ELj/ufpR/whUf9z9KP
7RXYPYnkXP8Adb8jS8n+Fvyr1z/hCo/7n6Uf8IVH/cH5Uf2iuwexPIsN/dP5UEH+6fyr13/hCo/+
eYo/4QqP/nktH9orsHsTyIhj/Cfyo2t/dP5V67/whUf/ADyWj/hCo/8AnmKP7RXYPYnkO1vQ/lRt
b0P5V69/whUf/PJaP+EKj/55gfQUf2iuwexPIdp/ut+RpNp9D+Vev/8ACFR/3P0pf+EJj/55LR/a
K7D9izx/Y390/lQEf+6fyr1//hCY/wDnktH/AAhSf88lpf2guweyZ5IiN/dP5VOiN2U/lXqv/CFR
/wDPNaX/AIQtB/yzFH9oLsHsmeZIjY+6amVG/umvSP8AhDR/cFH/AAh3+yKP7QXYn2J5yEb0NLsb
0Nei/wDCH+wo/wCEO9hR/aK7B7A862t6GjafQ16L/wAId7Uf8Id7Uf2iuwewPOtp9DRtPoa9F/4Q
72o/4Q4elL+0V2D2B51tb0NAB9DXov8Awhw9KP8AhDfaq/tFdg9ged7W9KXY3pXof/CG+1H/AAh3
tR/aK7CdA89CtnpS7W9DXoP/AAh3sKP+EPPoKX9o+QewPPxG/wDdNO2P/dNd/wD8IgfSg+ED6U/7
R8g9gcB5b/3TTgj/AN2u8/4RA0f8If8AWj+0V2F9XucMEbHSnKreldx/wiFH/CIketP+0fIPqzOK
VWz0qYA+ldf/AMIg3Xmg+EWx3p/2muwvqzOSAPpUgBx0rqR4Sf3pf+ESf1NH9prsDwzOWCnPSlKk
9q6j/hEn9TR/wiT/AN40f2muwvqzOW20hGO1dV/wiT+9H/CJP70f2muwfVmckUJpm0+ldh/wiT+9
H/CJN70f2kuwfVmccUJ7UwofSu0/4RJvek/4RFvel/aS7D+rM4kxt6Uwo3pXdf8ACIt70n/CIHvm
j+0l2H9WZwuxvSk2N/dNd3/wiB96T/hDz70nmS7B9WZwhR/7ppPLf+7Xe/8ACIH0o/4RA+lL+0V2
D6szgQj/AN2nbG9K7z/hED6Uf8IefQ0/7RXYPq7OE2N6Uu1vSu5/4Q8+9H/CHn3o/tBdg+rM4cKw
7UYPpXcf8Ih7Gj/hEP8AZNH9orsH1ZnEYPpRg+ldx/wiH+yaP+EQ/wBk0f2iuwfVmcPg+lBU+ldx
/wAIh/smj/hEP9k0f2guwvqzOG2n0qa1iZ7qNcdTXZ/8Iga0bHwoEdW2cjvUTx6lFxtuVHDtNM0v
CtsUiXPevS7EYjX6VzWj6X5KqCOldVbptUCvNOk//9T3+kYAiloPSgCpLbBhVR9Mjb+GtNulNNAG
T/ZEf9yj+yI/7la5pKAMn+yI/wC5R/ZEf9ytaigDJ/siP+5R/ZEf9ytaigDJ/siP+5R/ZEf9ytai
gDJ/siP+5R/ZEf8AcrWooAyf7Ij/ALlH9kp/drWooAyf7JT+7R/ZMf8AdrWooAyf7Ij/ALlH9kR/
3K1qKAMn+yI/7lH9kR/3K1qKAMn+yI/7lH9kR/3a1qKAMn+yU/u0f2RH/crWooAyf7Ij/uUf2RH/
AHK1qKAMn+yY/wC7R/ZMf92taigDJ/siP+5R/ZEf9ytaigDJ/siP+5R/ZEf9ytaigDJ/siP+5R/Z
Ef8AcrWooAyf7Ij/ALn6Uf2RH/crWooAyf7Ij/uUf2RH/c/StaigDJ/siP8AuUf2RH/crWooAyf7
Ij/uUf2RH/crWooAyf7Ij/uUf2RH/crWooAyf7Ij/uUf2RH/AHK1qKAMn+yI/wC5R/ZEf9ytaigD
J/siP+5R/ZEf9ytaigDJ/siP+5R/ZEf9ytaigDJ/siP+5R/ZEf8AcrWooAyf7Ij/ALlH9kR/3K1q
KAMn+yI/7lH9kR/3K1qKAMn+yI/7lH9kR/3K1qKAMn+yI/7tH9kR/wB2taigDJ/siP8AuUf2RH/c
rWooAyf7Ij/ufpR/ZEf9z9K1qKAMn+yI/wC5R/ZEf9ytaigDJ/siP+5R/ZEf92taigDJ/siP+7R/
ZEf9z9K1qKAMn+yI/wC5R/ZEf9ytaigDJ/siP+5R/ZEf92taigDJ/siP+5R/ZEf9ytaigDJ/shP7
tH9kR/3a1qKAMn+yI/7lH9kR/wBytaigDJ/siP8AuUf2RH/crWooAyf7Ij/uUf2RH/crWooAyf7I
j/uUf2RH/drWooAyf7Ij/u0f2RH/AHK1qKAMn+yY/wC7R/ZCf3a1qKAMn+yE/u0f2RH/AHa1qKAM
n+yY/wC5+lSx6YikELWjSigCCK2EdWVGBSU4UAf/2QplbmRzdHJlYW0KZW5kb2JqCjE3IDAgb2Jq
CiAgIDQwNTIzCmVuZG9iagoxOSAwIG9iago8PCAvTGVuZ3RoIDIwIDAgUgogICAvRmlsdGVyIC9G
bGF0ZURlY29kZQogICAvTGVuZ3RoMSA5NTgwCj4+CnN0cmVhbQp4nO15e3gUVbbv3rVq96Oqq7u6
O51OOun0Kwl5EBI6hEBAUiogCvLMMIkSCQ8jJmISIxkaDAkyGsNDBDEExAgxwyOi5CAilwwEznAA
z9HhcIQ7x9GZ8Yxx5n7XmKNzOZ4Rk8pZVZ1EfM1371/3u993a39Vu/be9VjP31qrilBCiEAaCRD/
itXLqj+U27YREn+ZEO6+FXWP+5/+9PB2QhKTCaEd5dUPrf7zM19cIMSL62TLQ49EyovOn03C86N4
T+KqB5ettIl3HSYkqQjnJq7CCdur5l4cb8Vx8qrVj68922EuxXEXjrc+UrViGaHHnyPENxXHz61e
traaP8Cvw/E7OPZXP/Zg9c7FOwpw3EcIayAcKVdb+HLWgdQaiUex8FeI4Qo1sdUcT7IvXOsbT+Rr
fdf6cpz2gD0lYA+U82SgFhIGPlFbjNa//uUxQzo+o4wQw152nZiIi0xS4i3GOmutQOrMRuqyET7F
IZnTSEgMxso3+nrD1/rsk3EbT7L7wjf6wjknjrl73BwtTckNO+wyl0lpXq49lBfwE7tMAtz+Lf/z
/X/9dMvguZ4eTqU7aaf6E7UqQsfSu+gMmnmzI8J/HFEb1d3qC2oDilSjhXUhLW7yU2WctEt0Pe8U
62y77MbnzTuhzv4sq3XupHVEtjis6SaHIcYRy5M0hxDignFIXlij71ofnmj0Yd830Cf39st4yDkx
P74qHgnNjdKn74Hhc60v6+lh0zYPbqVNzc1qhGtq1knb/xs1cHZw4Oxgx2/U/UifG+n7A9JnI1VK
gplREXYaayWkiHcYBIfJmmYJkTQDJ8vXLvQO9F7rk/uRkv7wjf4wii2Hzu6yFM3ushbdP7tLLrq/
+AyRh87hU2VsyiR7/qQSxa3Yl9rL7Nv57Wy7Ybux0dRobhQaRbFUozHgCtmjlOe6aO1F9aFmdrlJ
XXkpwr/XR9eoW/q+zoqgoRBu6HPU6RydTgfZqixw+GQHz3i7j/Ei7iYzJ/gY4+UkDjhHkt0BwNms
nJQEnEWbynCAWCdLZga0DmqNBDVrlSyiYGI8cJLTQJzytXfsbs0Kpvb2uVHojsk5sxcVG2X2mZF9
5g4bZdNn+kDWR/qsNlcSDOXlUmwuZAcCkOvCg7yOC/87l/vs4Iyd6wev1B/n6ZU/RdgSNI4IHa9e
iXAhbsqIbdQiTxK5TfGIZiPUsVqzZg2GNJPgsKAhmNAOrMNmKvdqku//sj8sX8hRzDlCjphjyZH4
UQvQZBnVO5Bz3JwmTd+Rr7P61C34rqahj9kc9jlJp0alMBTkkgM+i5jk47x+n2gRM0SLP8DH0la2
gYyJbfVscDnWj6nO8IuWgNfkdrg4BzE5XeOTvU5iy8mQb1zou9aLpiD32x1R55F7b1xA07yo9qEU
o5KzfoanRv1YEjxO0JFKlWcMSQafMZgmpIlpljQpzZrmS/OnBdKCaaECoUAssBRIBdYCX4G/IFAQ
LAgVC8VisaVYKrYW+4r9xYHiYHGoUqgUKy2VUqW10lfprwxUBitDnUKn2GnplDqtnb5Of2egM9gZ
OiOcEc9YzkhnrGd8Z/xnAmeCZ0KFOZnzM/dndmXypaQ0356bRHPDE/MmpGbTcTRvQnIgzLvtoXE0
FDS4YmJ9NIm6YvhAMLmtwfuvPS+2P3r0ow+O0zFU2EQTWhu8F97ctXvVP330z93qZfXqTvWjWXT5
4YN1j923MjN/0qVTv//PsWPVk3u3P1ReumxC/oQPz//x0zAZxqbjqPMEkkx2KbNEwQwWkw94MPp4
HjJMPEkEPrFO3B1y1rlq7RJfZzMY/TyDeBOJBb8Y8oLVYmDx6Jj+5PgYOS3REnIEU0awQu6Vz52z
O9yTUeqOyXZsmkn3h8NoNmq/Y7LWRg0b92Hl2FA5J0SjzcaVItduJ5ozjKOZ1K7btQ5/vCvGkBIV
VyblC0vWZf12j+rqn7Fs8W3nBgnaXBHlacLbgy2btu7evXUT97605KdqWYT+auu9g7+LaLZ49dy+
NwOt27a1oO0P3UA5LEQ5WMlmZbJVirqpmCSI6Lkimib/jVNniGDRPddIamHUa802YrCNeu2Nqei1
9lHWRhzWNOywyKPJrBmgB0QqmgSzQXRKTqssh6SQ1S8r8nxZRJOgrhDFprmSGTvDwvrBd/sH393G
/XIHfZ62oN4iNzvYkkhkIAS/04CJksXoV1+iX3lIoRJPnnNvAGm7fYPFvB6qE6wOi4fEpBikBFTP
tXf06BX1E7UvR5FyEqsS13Dr49d7Xk400FJq4IeDzKgZcnbZgSLPZ19OUX+tqurT6t30LbruKeo/
0DDm10d+e+3ahy+cyaSdf/6IHqAP0nJ6QLld3fHLbrVHfQPbuYOHyTDOQBnKWiSTlZgoyiDICIgy
IcQYLmiRb/SGB3rDozFQsdmkHEmR5ktlUrXUKBlvxZhcVxRhzkXxxavJgdPkYNiPchAxomQrDrLB
YtjgWG+pjoMUlznFJmnRbFgACByIX1XxDfE98VfiEb9S9EgbZdcdFYF+hPU9p0/3nO3uPqs2qUX0
NbqWRuhRddESegedTefQO9Ru9S31lNodoftoBbaX1JUYd1vUlUTn+z60MRX5dpINSpbNZzQaDD5Z
tmXIRmoxQZ3Aau20zkrMaUZHmiziUUJxyA4uGDMMub3oTr1RB/pScyIt5N3iPGhVRiMlpUqi4prv
WmWodjUZGl0vu4xGY6wx1ZhvzJdXyYbSUeHREZTW/Oq+nh76Hjx1lhN61JsDq89q0vz6D3A4gibG
5w/cEYnyMBNjRDs/nXhJRBnriTFKbgrtzH1AaEtwWIG2s0Mysd/jTJxlsOU5ZWkmT/I8Bpm7PSmK
CDdu4aHfjRAwAtk5J4nPR3wU0PBmdwlFGLqTiIIvTCJJQ+f00H0y27fd1+WDUd1PQ7iMdQ1jwoRU
DSZxMHP3bvqV0lH/xlutg09tnPGTypVPRiAv0rK06L13B69HIlxe08MvvaqGonZShP7CIz+anWQp
TtJsMTQ72jQ7meaaYp5mC2uGckM3lAHNUE7K8Up8WTxoVjLRLqdGsflWK+GOVt9/X03NkiU16p/V
87SQxlMPnaaeLzpHkZ2e86r69zUIZQZqpOnqb9Sv1Jvq9VHZmmYhLTnkCaXQ73FKvCGTgGwc057u
lQ+Mg7aUQFyMyIzt6YdCsWYS7xRmWdxz4015FtngmhsvO4OzMvxyWnJe6u3jdReaiglS77DZoJg1
qUfFjsajCd49GYOjIpFwdlgJl4Wrw9vDmuP/sFy/NxhVAf/BPUdr33qzdbCp4bZFD6xqGNzfMG3h
Uuyf0VQxbf+jT7ZDpGLZlaua+OmXl1bteHrwL7eeaeopXbxC00c26mOmIYbEkAC5S0kOuJg9LqnD
FNdhpe3QSNqt1aY2R8I0caqTy3PZeZlMCmqWpZuWhhe9WkaqWZVuVMcLQ4iy+XpGp5Gq6ScUTB2D
9NOY2Gj00Di61EpvZrVWf0yZ+vXH1a1ZqoHeXFqxuqRkdcXSCAutHdy6aIF6Xf0a27UFi5oitPz0
wa5PPjl28LSmN0ye+DmotzjyEyWFxNpNZidltnY7OxDbJpnb7YdEYYKJyyXynQ6TbMmz3h6P2kFv
GM2hdD+QL2jx0aEpxOfJ9hR65nmWeho8mkJGkoDvCX5OjWH+nMefPj84c3c7x0949QlfCZ+r/uon
i955U12iy/VMVaV52M7500ijkSSSB5WgAYggk3aT/LLUHGM6CM2etphqr2wn00yTzYZCd9irSVWL
ElHLxxDRK2O81ukLliU1JL2cdCWJ7yE9hh5jj6nH3CNcIVcMV4xXTFfMVwQLggzVReulLODSRZ2f
a+BDI34CeXMfuH8e98FgyhOba5+NOZg5RP6k9qnvY+IjURP1cMX/cuTgrxw/M/36rXWPv9mJUdCK
02nq2yM+uwptxII2MkdJocTuFfgOj9ARk9Tub5TaY6o9bTZfnhezfmueNNU4zR3WjORG78DUqb3f
N5KThaGG0LGQhjzD5qDTyzRhW1HuGskobLcmd6gqe/jRkvtWP1xGl+9WjVl7qv+oDlL4Y/WeLDQh
+oeHTx889sknXQePRpoWLcAqjKGfZyxYRAfWRnMtdhXxXybx5B4laK+zxGnBz4rBz2JwxTlskivb
bMuwSyGzHgc9mhNfQC+OgqRdrwr7tdTpvyMQzU+oTmhMgFE0D2NGxIe0ygVG0iItMC78iqaq7/9V
7f/ii+onX9y7qVoD9s8uXf531RbhPn5tx3OvjuIg0XE9DeuZ8UmpxCfHWlkq9bVbUw+YYl92Nscl
tNF2U7UV/NYQH5vr5vKSbOiAIdkthtP1HFzzwyitSOjF3n71omY1+ozdoed/OcpYX0ZBTKGrMLbQ
XRhXGD/ZMy+jIUPIdGXHZrsbLA1Sg7XB1uBr8DcEGoKiZkb2ET2k5k2YOGVYRcZQHnqAn6d5o/ri
V7WqhplHH33l2NeDp9c1VtTG1Sx9p4Z6qVlte2pFxb3zFq7ktg32RZqK5h975Y3jhRvX/3TFJ8Hg
tcHfX3/kwQdXPhLF4GL0kyyUQzq1K3diHmizLAj4zQJnEhf4A/6RuuQ1FvuahzWTo2M8za6jjja9
NgmYLF7OnetCTzfNcyV75xFbOFqbXBipTezDxckAVit/6tdh+QfLE0USzaIgilgKSaLVgCG9sSHz
5cyeTEg3pwvp4ljLWCndOjE0I1RiLhFKxBJLiVRiLfGV+EsCJcGSUIW5QqgQKywVUoW1wlfhrwhU
BCtCm82bhc3iZstmabN1s39zYHNwc2iPeY+wR9xj2SPtse7x7wnsCe4JHTEfEY6IRyxHpCPWI/4j
gSPBI6GppfT7FcrEqFt8r0JJLauxtmx8pPbuh3f+YtfnNx+4vrHG3Nz4SJWyaMfV/eqQ+sWK3/to
+s/qZ89UZnpS0vc8+doRX0C9sfrRGXdMnOZKydu35cSrSXqdTbLVxWwm6sNCQqRGyRzxdandFkRn
R5dvsx3yv+CpTvZNIOjoUwNW3e+lScmjYUEDWblX/1Shhb0Rtx9JM5L1NCOZJA+nGYpZTilMaUg5
lsJjAn5LlEgZwd2RKBKFYy59JFKobd8JIx2Dy1u5WQ8PxwodE76JIuqsyHBONX7oYzjMajADeUDx
ugXZRNp5TkfmagN3KE422qmZyUAmYS4ytS/8zrULGiojPA/0yhdGP3yIRRpD2jePOJ2jOBI3kjjN
i1+K2S2UOkPaNw57wBWwD0Ny1K/+ae9eupyOUd8fW6BM414wv3Tug33weoTeo56MDK7ZMn3xffs3
Nr+l6wNzFO43iL0icZEpShx0mh3tMYdkS7uVzDZImIk4bXn222OjGfw1PSSHB/o+xPpC9Lmz3WXu
7e4uN6OlTt14sIbD99PRsPbL6gXzqqrmLaimm1oHq7TsgRUtqKrCyUe/XqPHs+E8SafBTMYrDkO7
qZEn7RzNI7IR8tjtQvTdw2/W3itmi2XidrFLZNpntJF3cYXDr4hEtBA//P3jecRnF5mnpEu7xJ3f
/i5262exDIcQMuggHfsNSN/oDw8DdL+KVqf25pywuX3uH/kmptctLLd5sJWub25Wn/r029/DdkXr
OS1ub0L795Cw4ibuZpDszRZzm1bN5WrV3DRD+NZqbuDCwAVZvZBz3JaIiQ8GzeGI+y0/1TTPb0r9
9B/VXvUynUAdVX9cUy1veGxX/brNlRutdM7JN2gqFbWAm5Ghvt+06fJ/fnGlca1OT6GW/6PsvWRt
NP+nmPtjBdAYTf+Ftm+n/3r2z9+p5/9ayvOd/H/gmyD8f5z+238s/W/jyHfSfy2Dq/+h/J8OfYC5
2/v8GKz765UCwcyZfi5ZJePPDUYrdnNMRiSBZxwY5lBKMozEYmIal3CIWCWzyWjgKTHbRO6bwn/g
24W/hunfrfzTmFb5S2P5TDabn83u5+9nhtLAN2U+dpS+rTat4ZZvxGzIsoVuX682oT9GBsu4/Vjs
L9TitTqZrUK78JGx5HFl3Fi/nBiy0fQOJ2n3mizNRj7UEd/mPcQfdlZnmXONSXn+RJtMpqZOM8aG
s7SgdCMarEeh8aJ6QcNGPc1AfSiJJiFOSBMKx/HERMw8opJsjhH8Jr85WTDrcVlH+jF50ZhwG701
VUIe6C2pVB5/VT2v/q7it7U1ti0bO5puTZvoV6pxJKeC1wfKPvqPQEB9uPylS5FbE6imiLp3OLU6
Hc1XMC5o/MdiXFikZITcRqfH3yGQ9hiGhYKnQ26LOQQvCNXJ/AS30yC7uDwy1TtNCifriWA4mgn+
QFQ4UYXQz42kHbn2v83V7sEVHT/OzNcBLHJO/Q020Li0emcL2l88eVgJxcpMtDgPmNwanB4yVSMn
cbNieRmJnynl2WRxkkf7EqAlstE8Fq0tPFrrkAQ67D1aMNACgUd3IQ/xDLvQie0JXQnct1Iq3ZOi
7OApf2O3aijUnYfevKO4csVGfszAwmjtzGVGBp+/WNl2lH6gxy2NeiDa3xwL4bm52CdhZgvoSQ1k
iC6iy+hauoHu5C5yH/pT/Tn+Av/RQHBoSPvPQvbThbQM1+uH1524Pnl0/cc3DQ8+pHvpPtqGbf9w
u4jtMtX+EBn/5t3/OxtPtL9TFC0sUR+L+pHhLiGfLuxNxIBcEow+P7TFEjtiYwxx6nwmofC1LQEl
YyU2jMkB4sA4H0+C6Ln/f/uxjSMcXa8d9arpSyqTCjL8XQ9XltDlOGrC43ZSRtdTDKBkLllCbiNP
kb/g/Eb9fh/diO2o/ryzOHM2eobzR/EphBSRGrKRtOrvuMQv4cv59Xw5pkFb6Bac+Z22hpVAFp+O
127EfT2uLdfOaSG2dFJOsEog7TjzJa5HyF4qsHfxyf9AU8gqfM9c3DvQ7U1Iy3Vq5cqpBa+t1QwM
LQT5w0yjgqwhEbzvut4+x/FKEmHXDTHcl8jXLFwz8GXkE3x6DamhAs2FXO6veO9cnGnWuKKdhIMK
NNsybGP0Np0sx+ccxCsiZB+3nMvlx2hX6bTfRj4gJ3W6y8kOHC8knfqRwAB5D/JoOdKvySaenSeL
jffQgMFKs40NKCti8JKNXDnxwXRSS9DATxq0r96UYOTp4lLuXtmlLCj2Xy4JZI39ztAvG/1dZH6X
FPGfGhqaX8wnsJIultgFKaYuPiX0bz+2+G9ZY2fPL/Z3XZ0xffipM8qm49yiYjzVRjiN8zOmZxEd
hbgHTj2WFTNjqW3qfxCfSVf2e+/P/V8j/VfzBz62Xjen47XaItUvwKNxk+olxJaL69XW68Pz32wh
/l1SbviclBniSRm7QdyGvKHP2X48v0SauLdRLgdxLW/ohuEBshjO4vlfUXLzyX3sKpnJFpMi08+w
byXZfD6ZwtykCM+LMHMsY9mkiN9IirU1OE7Gg0Bmajt7nZTxf8DrrpJC/uDQB9r1+n6VZA/TNB33
f0biq5HpONz7UH/FaAMfRXf2P5CqLuQMtWY8hYA1B8FKxh3XBCxzRbzPkow7Iqa0ixArrlvxHtvn
hNgbCXGsJMSJ1ztxzYnPjsE5F45deH9sKyFu3OPKtP/vurRCnJlkksMoVU77y6phMJ9JN+GYP8U1
Kr1XVPj1bHhXhXcEeNsKl8NwqRsudsM/3IQLLfD3KpxX4VzPXexcPfTcBWdz4Ew9/FKEbhVOq/Df
VDhlg5MCvOmCE6nwhgBvKPzxv/Owv/NA1zEP60qCYx54/WWJvZ4Pr2H3WgCO5sOrInQesbPOMByx
w5FG/vA4OLQ3iR1S4eAvHOygF37hgI5XMllHN7zyuJe9kgnt2LV3w4H9HnZAhf0eeFmCtpe6WZsK
L+0rZS91w0uN/L4XU9i+Utin8C/i015Mgb177GxvEuw9NXROGeL32KHVAq0Kv9sLLSK80AK7JHg+
HnbuWMl2qrADX7FjJTy3XWTPxcB2EbYr/LPbJPZsDGyTYOsWgW0NwxYBNnuh+Zl61qzCM3jHM/Xw
tAhPJcHPcfDzMGx60sk2qfBkjY096YTGBok1qtAgQYPCb8ArNqhQ/4SP1avwhA/Wr+tm61VYFyll
67phXSMfWZvCIqUQUfi1KfCzfKjDO+oqYQ12a27C416oVeExfPJjKtTYoKaRr64ax6pVqBoHj6qw
WoVHZKicDRUCrFLhIQEeUvjyADxYDytVULatqITl3bCsHspUeCAWSkUbK1XhfjuUFHtZSRYUe+Gn
YVgsQtEiDytqgUUeWOiBBfNj2YIUmG+V2fxYmIfdPDfMvTeRza2He++W2L2JcK/Cz7ElsjnjYTYu
zw7DPTh/Tz3cLcGsuwQ2qx7uEmDmDInNDMOM6RY2Q4IZUZVMt8Cdd8SxO1vgjji4XbGy2+tBmWhm
ihWURr7wtnRW2A3TsJtWCrfhK25Lh6lT4thUB0wpcLApcVAwWWAFDpgswKR8G5tUD/l4d74N8hv5
iWaYqPB5E+JYXgtMyDSzCXGQa/ay3BYIp0ssrMJ4K+RYRJaTBNnJ6Sw7H8YFBDYuCbLG2llWC4zF
e8baYazCZ5ohI9XEMryQLkG6wqeNsbO0FhiDc2PsMEbhU02Qgo9I6YZkZ4Alp0MIu5AKQXxgsAUC
fhMLCBBo5P0m8Cu8D1d9GaCcSLJnsaQC8AYgsR4SXOAJQ3wY4nA5TgV3bDpzV0IsjmLTwcUE5kqC
mDhwopCdAXDgvY56sCNL9iyQUTqyCjZcsyWCVQZrIy8hc9JNsIhgUXjRBgJeKnSD2Qsmo5OZusHo
BAM+1hADTACm8Dw4GO8GvpEHamPgAFB4Ds84FcdAsZDHIvIUXfnUNpr5/+ZG/m8T8M3mJf8F65aD
+QplbmRzdHJlYW0KZW5kb2JqCjIwIDAgb2JqCiAgIDY1NzUKZW5kb2JqCjIxIDAgb2JqCjw8IC9M
ZW5ndGggMjIgMCBSCiAgIC9GaWx0ZXIgL0ZsYXRlRGVjb2RlCj4+CnN0cmVhbQp4nF2Sy27DIBBF
93wFy3QR+RF7aCQrUpVusuhDdfsBDoxTSw22iLPw35fhRqnUhc1huAN3YLL94fngh1ln72G0Lc+6
H7wLfBmvwbI+8mnwqii1G+x8m6W/PXeTymJyu1xmPh98P6qm0dlHXLzMYdGrJzce+UFprbO34DgM
/qRXX/sWofY6TT98Zj/rXO122nEft3vpptfuzDpLyeuDi+vDvKxj2p/ic5lYl2lewJIdHV+mznLo
/IlVk+c73fT9TrF3/9Y2FVKOvf3ugmqqKkrzPA6Ra3AduUa8TvEC8ULYgq1oNtBsIpd54jjEeIl4
KUxgklzoK9FXW/BWuAf3wgzmyASmxNCQaMiBnTDOIjnLgI0woRaSWgi1kNRSw2ctPgl1kdRl4M2I
NwONEY1BrpFcgmcSz4R7ILmHCjVWUiNhH5J96BH8KPtAY5LGIG4kDg8meYDnOMjD3V5InlB67d4b
9hpCbIvUkKkfpBMGz/eencZJstL3CxEWviQKZW5kc3RyZWFtCmVuZG9iagoyMiAwIG9iagogICAz
NzgKZW5kb2JqCjIzIDAgb2JqCjw8IC9UeXBlIC9Gb250RGVzY3JpcHRvcgogICAvRm9udE5hbWUg
L1dESkNQWitEZWphVnVTZXJpZi1Cb2xkCiAgIC9Gb250RmFtaWx5IChEZWphVnUgU2VyaWYpCiAg
IC9GbGFncyAzMgogICAvRm9udEJCb3ggWyAtODM1IC0zODkgMTg1NCAxMTQ1IF0KICAgL0l0YWxp
Y0FuZ2xlIDAKICAgL0FzY2VudCA5MzgKICAgL0Rlc2NlbnQgLTIzNQogICAvQ2FwSGVpZ2h0IDEx
NDUKICAgL1N0ZW1WIDgwCiAgIC9TdGVtSCA4MAogICAvRm9udEZpbGUyIDE5IDAgUgo+PgplbmRv
YmoKOCAwIG9iago8PCAvVHlwZSAvRm9udAogICAvU3VidHlwZSAvVHJ1ZVR5cGUKICAgL0Jhc2VG
b250IC9XREpDUForRGVqYVZ1U2VyaWYtQm9sZAogICAvRmlyc3RDaGFyIDMyCiAgIC9MYXN0Q2hh
ciAxMTgKICAgL0ZvbnREZXNjcmlwdG9yIDIzIDAgUgogICAvRW5jb2RpbmcgL1dpbkFuc2lFbmNv
ZGluZwogICAvV2lkdGhzIFsgMzQ4IDAgMCAwIDAgMCAwIDAgMCAwIDAgMCAwIDAgMCAwIDAgMCAw
IDAgMCAwIDAgMCAwIDAgMCAwIDAgMCAwIDAgMCA3NzUgMCA3OTUgODY3IDc2MiA3MDkgMCAwIDQ2
NyAwIDAgNzAzIDAgOTE0IDg3MSA3NTEgMCA4MzEgNzIyIDc0NCAwIDc3NSAwIDAgMCAwIDAgMCAw
IDAgMCAwIDY0NyA2OTkgNjA4IDY5OSA2MzYgMCA2OTkgNzI3IDM3OSAwIDAgMzc5IDEwNTggNzI3
IDY2NiA2OTkgNjk5IDUyNiA1NjIgNDYxIDcyNyA1ODEgXQogICAgL1RvVW5pY29kZSAyMSAwIFIK
Pj4KZW5kb2JqCjI0IDAgb2JqCjw8IC9MZW5ndGggMjUgMCBSCiAgIC9GaWx0ZXIgL0ZsYXRlRGVj
b2RlCiAgIC9MZW5ndGgxIDEwMTI4Cj4+CnN0cmVhbQp4nO16eVwUV7r2OXWqqrt6q+q9aWi6mwaa
pYG2EZWIplxjXIhRx1ESIhpAbFQwatRWgolxR3ELYkKUGK+ZMYtojEPUKDHEjMk4zEw0xklmskgW
5yNM5g6TMQSK+1Y1qLkzc7/7+/6594+vjtVV59R23nOe93mf9yDCCCENWosI8jy8aG7lRzf3dyAU
p0OIKnj40WWe2uwXuxCKL0MI7ymtnL/oq7V/aUXI3QNPbZ2/cFVpn9Y/Hc5fQii2qKxkbrHxqXuO
I+TZBG1DyqDB5NH+BuotUE8sW7Rs5dGRhgqot0N9z8KKh+ci/Kc8hLwroV6/aO7KSnodk41QggB1
T+UjJZXLV7HfQT2IEPMQolCpVEeXMoegtyrkFHX0O4h9B6uZQopGWa2XOwYh4XLH5Y6g2eg1JnmN
3lIa9SwlsT1fSHUqw81/f4RNRRh1I0S6mG/B6pViHF3MsAwpZpkphKUxwy5Q46WIUxlpRGmFy62t
Pa2DUFZHqKvVmGvMDU6aPktFf6MS6G9mJ+BJTZoZs95AWiTCS7VI29cyzDh02GyR8yAPzuKyNHQh
3KNV7ulrid6DROUeb47XyOQkZRu9VuzDtPQ+XrgF02H692+t6+iOhMF4sHW4NJNupsciHfKhn4gB
jIwuoqf3OPURPiE+4tHssdQ4izxP8A2J7gBSOe05XkPAJSC/PpgodHWEQu2hrg6hHYako6O9p0Po
DAmdQqfRnpsbPFGd1JRE4UJstdiyQ0NyBif7Eli/L8drHYmzQyarhfIlJPuN2VZvTjY+tLtm286d
22p2Nx/DC4a8sLr15s3W1S8MeaX3xjFqwoKWi59//IdP332t/HDxHOnd7m7p4pxiKba8XJ6rvuv0
TOi/BcWifDGeUlsjSL2PqdU5atEzphpdUZyaszpRLHbyaXFyj2HqfgXdhc52CFK70GnKDYomj0t0
VbtIG2rDbVSbtS2WKYSOe6M9H5ptwL4ElDMYZYeQKhPOWRU9s+erg/tXPePeE/jmzRvSF9j2+V8w
dZndual6l0Ah9dWPqquONuFsqQcPlq4eO/XG2dfl8cZoIuDifeivAz0lJqg5M4MRHzEixlaj5yLG
Bq1GTWUgIWBS+3UBQzBG6GrvCLVf7hBkhHR2hqQLF2CALyg4EYcJSMACJRCBFhjBKtgEu+DIcopI
xCIlEpEWmbFW0SbaRYcVPk3JN3uwh2Jl4yY1WWXQxCigiYESBQ02+hQLrdGJMQ7Ml428H2byJ23a
eaX30uEmXDbkSCTjYTpV+u6+/DNNkjMcJjMWvFFRbpBtXNp3nRwHG1PRNXGUL4FK9I7UaePdlMsz
UqvTTtHqPF7ahp9DjUyt3/actdFZa6rxF6V5tDqvS23PsLpG8mq/dXwilcGjcWlCV2vH5fYOBVem
XNiiswew6/xORpriL4LhGzhVKb+zE4570jEuFGf53X6P3+tP8PsKNAXaAl2BvsBd4CnwFiTM8m1w
b/Bs8G5I2OCrc9d56rx1CXW+w+7DnsPewwmHfS4xvTr9qOWo9ajtqP2o42jMOcs56znbOfs5x7kY
QyEqHJqTHY+jsM7CmThn8BAYI7u1f/AsNjeOB+CzAPGlYXrbljVPzNm3fvPqD96YcerhML1p+bIV
BRt37V3/1XvzW4ffXPFo4ezxMwdlBJ4s3XU4kPb1/GXTpo25Py0ja1vF3pcDUT+VcR6GMdUiO0oX
zahWx9bK8HYQp3UsB+B2ALi7OqJjI3QGT3hiKmLA+5IGPA/6ZB8AsdWCqLI9e/fu2bO3fvfX0pc4
5sYNHCN9Nf5P7e03brS3/+lhQK6EQ9KvJUm6NIBbuhO+70KVYqZKb3HSBNvXa0iEaYg1GQiOaGoE
ZBxhjguwfMDs199FB5ysHwWoYHwUw10d7UK7zBRZeZ2d9lCPMp0weyez3NXuJje5Dcl4BZLxUKKQ
zL4ThgO4jNoElRkyGrOfX9h0+JBEHyhatXZDY5hMK39j4eJ3P+i9EA5T6K2dp18FhN4ex61ghwal
oMfErFivNgYJOhyJ2a2uNXu3+7bF1ybXmIt0EQMVwyBvRoI+4OSRX8s4E2xpqQoWZdaLYlH2yXap
87svFSjmglPKbJIopFWkrUxpSaMjKS24hWohrXQr08q2WlttrfYWR0tMi1Mvu2BOdFoARWbFKplm
kmUkeaNTpvLlRF0v65vNGzYtW7qt+ZB0aERj+bHfdF7D1O71i58Q5hS9NvMPX+H8zx6NVDyxHZ/p
/V146cTxZxr/7eS9q9YXz7uamvpRlHe2wvzlQzyKQ1NEr86CeD1aRhU7S5gF+hVGi15nRxpsZ9UG
jYBNWhfYKYc4QTZKsfK7TqlTgPAE5mnHa8Zrx+vGW8ZbGTDCZ5T7SFstmFVheWa8OXgkjhqA2cry
a2U3sEH6tUMnbaQqlveMwG/XrX12S20DvQRrcvM+P/+R1GaHa83SoUW4te6HLXuPbJfnaSPMUy30
V8a7D/BeomNLTAtkvMOQcSyvvY13mQmCSSGTUYCIQhkFE+DcKMg4h19q6776+n3y/lfpz9j41y4s
SN+Ox1PxdDwDT5WapJekl6Wmh3E9XowrcL1UJu2UdkllypgV4KtUAbUUdIDwGoVojGhBiR2XfxU0
e63eAgpJiFraoNz7CvR3FXMFudHLYhJhXSudJaywjC+xlLA6vALN0xV5XEZKE4/sLBdv1PCUB/oP
g9wqj3G/FRfkQZbaAUPgCtwMOaw/MKmJn/EAOIVHcQoI+gM8PanJBHeYoxcVdeCRb4qqg2Se8DTP
8Cyv4tV8DO/kY/k43sXH63jEYzdy4yyUhVngMWz1KhMoc4JXiccDtKYA0EizvTMGb53579ghfdGH
5n+4ZAn3/O79R35+oGBzzkzmyiFpRmKi1PX1N9LfQ9k4YXvdb9463yaOoTrlObwbMNcEc0ghIzog
JlHFnIbDxRoNNwVrdGipQSUwSzULCKWmWWTUE16rpkxC1+U8EER5rfKoZLX35F3O6wj1iyJBVkUM
qKLjWRzw+0kP59F7DCQqgCY16eTR0t8eMpMyZCYo0SETHVrsxMPwvZhmKRuVohlCDdPcQ03QqORx
MHID6JUFk9eYTb0nUeRk76xve5dR2y9gl3T9W9xNnD1fSmwYJy0iXT2acukj2c4rfdfxJ2SVglW3
yJO5nHUuzxU5TCzIKocgWyDPsOxPwaFKoIhGBuMd51emDBs2ZXJu7uQpw3InT84dNqVsWH4+NE2h
Wvvbo37cADirhjFNAz9O51wlbvMyU4m9xM2nLkMlySVkAV+U7onnXL5UDfKxrJPVWTTIRKVHmWvA
pfsR19OPuc7coDnKrhZWJcct+sdQSMc5d2DineVXH/rouyMNze9JX0k3l3+yuFLzyv59x042zQkd
Pbpj48an9JVMXSDzjZ9tfM3jvPribz+RkbFjz7Gnm14r3blr3da1j4EdRX3X2XngLzFosZikY2PM
iFtvM+ppgip4ap6tyEkSGUOijhcSTTiRMSKvE/yl/XJ7jxJDoPN5HfZQvzHBE+7YolhKiSC3ncKp
OIUTOfud4sSO2MZYCggLQonPKMi0GzNQQV4PMmL3OWrCudNffHH6HL55VuqWLkD5GxMuL+/pkT7/
/HMcT2g4/1p6ESJmHJ6uxBOIi1QRcx3m3oruFe2EM0UsDQKED0RYfUDnN/MBY9AGITDU0y6nDiDz
e0CBBo/X2vHtkGdToGqDEoWq+Q5kmG8JsXfGZGWOGZ2VNeb/vNL7pyYIe8ySzLFjM7NGj/4hJSwH
PXjHcNBefmYJILFMdNk1SNDXWmg1irBUg6XIoRKMOMAxfoKygD/zZGn5q6iegvNWQVIYHsteBJ1y
KAPoQI4BVrEyKkZtVVnVyapkdVZMdUxtzIEYTaHZB92LOs0dejk55w8HD76OC6TDg8dPGE1tVW/f
eeBJcqYcT5ROlvcWbpz8kzk7N2z7+UBMvs5aQMN70X1iso0WrATF7NG796iMEfMSFFEV6WsoU8Aq
ED8OoJw4pyYtQaZ/6HaerCg62mUoDyQeIod8gq/a1+SjQf8MBFYqZ7BJlmjyQJJbkgi6S2c3SfVy
yvH9zbfllAOXNu+u2b5z5/aa3eEwJBx4aHc3HjKnmEoN//DegnPvfvqHjz+/KM99H+SszEeAYQoo
5mXxfiRneVQxpliWMRkpAfI9XmmCKKRSq7CgVhlg1+oovaBWq6ZQLGSpgk5N6Ap2noYYBd6g16pV
8ABGejNHzBBowCBZMbUD2C93mPppkPnGHlIx38j/BLVCiSqlqb8C/JhikvWvTSZ73sDzdAqTwqbo
UwwBY7pJYX0vBy6NocjYIl6SbcVPU4lSZ++EdZTlZ5R1d+9nh6t6a6oOUS7qwg+uMFPe/VQ4jCdI
zeEoDw2HAZgGc8YhUTSxEfUSGkUomBy/igSYoCYK+H64A9i1d4Bdo4BdAyUK9qRbAMeH5IQPMsBw
OMyI4f5cgjkEfOdCw8RY52JEhGq+2LJYt4AUxRt5PtnlR3YDlwQiE8htQA8ovBY8Ibgr3DIrsLSc
aSZTOeDnIdoezXBkoSCDlTk0WrrYuat7buUivAvfG8GWA0uSPrn45++++/MLHwbx1t9eLZ5biV0n
8IP4RXGU9LMzx0Ew/EJqll4+sH9AF8M4uFCFGHBaVPp+Vbzk/10VK5T235bFxv+OLJ4TkWUxDGnv
zDt0ce2p4/26GKOh4IMf0X7g4+Vigt3I6vQWaj3n0Ed41MAV0ShgB9YI4LsMAcGvy1LIWHa/9miQ
7gAqDkU7PrAa8Q/0Wx3bJNNvvzVOxRqnfFtUz3jvkMCKXdFVA6OPuoJnvSI9nX2w/NgLh/EcxRTa
3zMmfCZccfEqlVve+9T5HWdexdcVO2QucYG+d6Ic0Yn22WuJfq/uKWMtV0OKYg0ZOieyONm0WBku
v7rcny71yCsBweMVcTJIo7m+LB9tduOtdE5GCu3y/7FJzpacX5f8sqTcum3dU/V761Zsd+K7jxyH
hAn14UFZQenbmrVfffnl12uqBvyE/grwEYOrxVn2A5zadsBq49T8AYFXc2rDAY5Tmy2UyTpSEHh+
pIG32axTbLyaUHouoqUj7BKHRSBURNtgQpghnNXM6zSs0aYyGRHMicrPBEgQZkOeCqGlxZQLKRVk
JjKeOoAzlBWZWzlylB7kPFnopw74J68yHedjZb74vUrN8ZxNbbepnbzTlqxO5VNtw/hcW659Aj9T
/VN+vno+P99WZl+h3mSr40+qHTSn0qi0jI7RswZkYHm1WWtR2UycWWPWmnVmvckgGKx8rMVhtdtS
uBRNijbZkMpnCGnGNFO6JWBNtWXFDtEN0Q8x5Ao55lzr3bHjubG6sfqxhnHm2dwszSztT/mZxpmm
meYyrlRXqp9vKOHnC3ONc03zzCWWUltR7EpupWalNiKsNK40PWqOWLeat1o2WzfbamPr+Drhde6U
5pS22TYDOC8V9ztMNOhzUe7DKlB6E3t7DgPr4JZ9+LOTUives6+3q146v/Ow7DI9Wvxsebn0MaRW
YfzaRul3CvcPl3LxcSXux6MFYkK8YNcRzm6LrTVzEPwbzM+6HRk20AC2IbwfdEDQLc+RIgHltbIe
Wfd/cEH4tZxFgq97ijyVnjt83a14B+j0fu84sdS+1EGhwh/pAsVJ5DP/wFrEJVkgjApmjcmAKPbW
ixPWjZyj+sm0B356SydIkfIflhw67fV+VFSw+vH+vF71EPhLEP1cHOVxmvU0m46IyiWsJ/5IakOS
12HRMqpIJqnx2TgUY9aM0CUEPGpQNuzd9hExfmvAfHdKIM3jTwwkBwf1kxpY2k9s/VjM6wwBu8lK
U0ajXc4i7w7NCVWEdoSaQsxtuwcpdg+C0i/ZzVmaLG2WPcvRpmnTttnbHC0hrhD/c8r7h8qtRQM6
KeffFr9w6LBENRZVrH68UVL3HymFJfcXrzlMZi1f0fZbhRiTnt+iEGOYChzYGD2TF7fClash0j8O
/LIN4lEMSkKFYiJyekqIeaFplb2EJ84SDuR3skVjQqyP0VldrMnGapPlQenqiM48jAvMvKTQfFCM
dWM35SZu2s24491ut8ftdSeMMo+yjLLqB5hocH8i6701zyY8QEkgY8jZMa8s+qPUh+03ejEvnZU+
vu+VByr1Tyw6f1Y6u33v3u3b99ZTz06aiHVfX8dGaaN0UFopTYuPv1myECfRCW3nz//m4hvvfACY
Jmhzv21yHpOFRooJiQ5SYuVK4vmStAXxRcFEh87E+HVMBmJjrSzr92qDclrRNZBWDCTjH3TKceAO
iUXuOI/mF76ExJzBQ4YOLJwBosmpAzt2HJD31C1rVm/dunrNloVHzkrf3fy79LezL+597ua1azef
w/WNx441PnfsGHl0U339ps319Rftlw787vr13x24ZI89uulEW9uJTUeV9QOpQVXBHIQgNAUtEoeP
HjVpnD8/UYcmjUtJJPpxEW5ShI+IZE1iJJ1b44ikD833p5gME2LZUToUa4gzuUawcfGxIwZR+WCi
HCB6O0OhgVUf4XK0CWK20NkKbXJz/yGYdGsZByIIoFBZDPEnJ8q5E0tZLSa7jZbDiV2WJYmyLBls
GjokMRuUCQyNgJgfqVPGMHx34dHf//5o4e7hDUfOjB0TltpeLWia+e6nxXMW4fSXH/+0KGeh1Pn8
L6RXqx5fv2FtNZ59/gM8d8XkfOkUhKrapas2boo8sv3mtKndFy9+P3Xa9p6epO4zFRdmrN+W7C+U
Nv79Bemr+SuqJk8eX1i4fnU1vueNZjy++rFNhxvmfblG6pIuEly7oOqZo/sPHH1W0epSLn0d+MKN
AqhUzA6AwjQLcR6SiiKu1D1m9X6Vrpb27YmpMRfRz7oaMrgMVXzAE8f7UU6yUzXUlpYRdQdlDe32
nw3++GW/fIcRNCkSPlPIrM5sygQJj3/MciPwnXIeXPxOpOXQ2T03FrTMKjJtqDq497aqx2VS/YCq
J2d6Hvji++TkT8qKftFae1vgHy6XavrlfYsSu9+EvP491An+MOyEnkVIJ1zuaYX08v5ZJzQUUtN5
eUJe3uxB6ARk/EU6kBTRawwmWlX02o/S/Tcn5w7Nzx+aO1lJ7YfmT5G/cU3JIWj4hlfkkYo8wmFG
TSMdpWHhc3nySggQ6OU8OAaxkmP5jPIfdsgRalBvW2NvGzWIoXvbDsonB6lBSr9fAs2xDvISNXpE
dBEiL/0TjNEU6NgK1TxMKEwQrUEsxcnuG00xujqMt7KLaBKhrEEBJ3MKJ3Oy0r+98iS3KwKPk69H
Y5QdOwhVyGEflnNqL72ut/kpKqM3fzm5ylR072QGNeMHUVRtyn2C8UQ0lQ/HeCRAiwFVg4Kajufi
lfgxvIu6QH3sSfYEPXd5XvIm9PXJf6tDjXgaLoLrVf3XzXA999b1f73Juvlj/DRuwPuhNPaXC1B+
iX+pXP9nm0/pYwL8agH5kEtDH/Xy3xgB/fGIv+NOD2T/CFjz/74Z/0U7BztoU0TD0QtJtwnFoVhk
g7xCjVQwOgATxCIzxJ3/v/3LDWvQUpipZvQelPfhbDIKoyVoI2qE8y/QaqX9TVotF2i5xsj3vo+a
cSrcR8kFZyGZ5c7Ce7Lh2hdwfynUG9E85Xo3uaSUp8klagV41VQ4m6o80YiayXCaJpeiu/LUe2gE
OoWOyOfMJVQH901DV6GMhrdPRGfQNbwOHcJXUBXahpbKE49cWAN+G4Yyj7milG/Rg8qX5bYwcwUy
iUYUBjvPwNsPRdtxKp5GikgpngUWUvgImQCt61GYLoLiV8pYxb6oDRS1Gr7fby+6RD1IpdJ+fAS+
I3/jErz/CBoB/S2Fnk6AnZL7T26gRqKDHsYwb6KJqomsDrOqKjQDrq4m2fhp1oWKUBWZAW/Ih7Zt
KB9fha8AoE+yDA2MgwIeoYlKure4Sbx/lueXs70Zgf9U9QgqTxOa2qRf5Wnu65s6i45lZjcxcU0k
Sd1EJ/k++1cXP8sITJo6y9N0cdzY/reOKxoLbdNnwalcg2ZoHzc2I+rn1EPNDxpePz+Hz/sbcqsV
3Lx/Lf8vA8fvP+y9S/hQ/SlU5YtRZoBf1SLJBe7r+v7Dnkrhw39gjCQaRozaCm5qR92MGw2nz6BS
8j6aSMfC3P4WlTJ+OH8bjna0FfaN1AlUAMdXYL+bOo6uwLGBPYuKqFo0kQxFw+Edpcw7fV1QH866
0VL5ediH0qtRKX0NDadW9w1X1UGbHT0O+2bo7Eb5GejDm+wJwLZdjgPKNrZ/7wBDoI0CFiYixIg9
0FsL7B8jxF4GC58Ek+E16sFARxMQ0gRhbwDyKwYaDMB+BiF9JUKGFIT4RNhrEBKgXeiCcYFrpskw
39Buge/Y4mC/CZTYCpCBcye817kQ9hb5/3Aoo5dEcSgd1SPZEwW0D1gO0Vr8V6jTzdRa8dN3JHLB
TN5uTWTeLiZvi3RrInlLT86/6WfOF5M3/aSlkJyrIme05LSWnHrdwpwKkdctpDlEfiGRkxJ5TSKv
SuS4RI413cMc6yZN95CjEnmlirwskZcM5MUjOuZFCzmiIz8PkZ8VkxfiyaEQef5gMfO8RA4Wk+fq
DMxzSaRxpYZpTCIHJpH9Ank2kzRsimcaJPLM0wLzjIs8LZB99QZmXxKph/vqDaRepPfCg3stZO9a
us5A6kT6qSSy58kgs0ciu3eZmd1JZNdOPbPLTHY1Y1Hk6J07NMxOPdnZjJF4L71DQ3a00LUVVUzt
abL9cS2z3Ui2i/Q2ONt2F6nZepqpkcjWLYXM1tNk61p6y+YkZksh2SLSm6Ffm5PIpo1GZlM82dTc
1yL20RuNZD18en0xeTJI1tnIE3XkcS1ZW1zMrJVI9UKBqY4hj1UZmMdCpMpA1qzmmTVmsponkTqy
ykhWasiKRz3Mim7y6PI45lEPWR5HlsFDy+LJUok8IpEllXpmiUQq9aRSpCuqyOJFI5nF5WTRSLKw
XMcsFMjCtXS5jpSLdBg+Ge4mC8pOMwskUja/kCk7TcrW0vNLk5j5hWS+SJcmkRK4qaSbFBeTh61k
nkTmSqRoTiZTJJE5meQhiRRK5MFJ5IEqUiCR2WPJLIn8VCIzT5OfSGR6MZlmIfeHyNT7eGZqFbmP
J/mjxNFkspZMLCb3JqiZe+vIhBC5hwjMPWYy3kTGURpmXAwZO8bMjC0nY0YLzBgzGT1Ky4wWyCiR
Y0ZpicgRUR7H6fTddWQkncGMnEJG5FmYEZNI3nANk2cheSI9XEPuyjUxdxWS3GFGJtdEhhnJUD0Z
IoGItzA5EhmcbWYGW0h2SMNkm0loEMeENCQUnZ9BHAlmOZjgWJKVaWWyHCSrhc6M1zCZVpK5ls7g
ipmMOhJItzCBSSQdjEi3kHSRToOupxWT1JQgkzqKpEDHUoLEDwe/RJLvIkl6B5NUSBJ9JiZxOvHB
Yz4T8Yl0gpp4PQ7GW0g8biPjcRBPC+2Gj7mNxL2WjteQeJF2+UgcT2ITiTMmyDinkxh4a0yQOCRi
h4/aJWITiNViYazlxGI2MxYLsYi02UxMcJ/pNDHC8BolIsBBGE146D9fRwxwzSARPbxA7yB6kdZJ
RAsVrTisnGjgHk0V4YqJWmVk1BaiMhKWCTFsFWHgOSZEaHgZnUHgpZSG4OkESQQ34+L123D6/9oN
/U934L/cIIr9B7AuVWYKZW5kc3RyZWFtCmVuZG9iagoyNSAwIG9iagogICA3MjIxCmVuZG9iagoy
NiAwIG9iago8PCAvTGVuZ3RoIDI3IDAgUgogICAvRmlsdGVyIC9GbGF0ZURlY29kZQo+PgpzdHJl
YW0KeJxdUsFu4yAUvPMVHLuHyA44uJWsSKv2ksNuV5v2A2x4Ti012CLOIX9fhom60h4Sxo+ZeQO8
6vnwcojTqqs/afZHWfU4xZDkMl+TFz3IaYpqa3SY/Hr/Kv/+3C+qyuLj7bLK+RDHWXWdrv7mzcua
bvrhZ5gH+aG01tVrCpKmeNIP789Hlo7XZfmUs8RV12q/10HGbPerX373Z9FVEW8OIe9P622TZf8Y
b7dFtCnfW0byc5DL0ntJfTyJ6up6r7tx3CuJ4b896ygZRv/RJ9UZUOs6L6qz24LzorqW9RZ1tys4
L7luWDfAltiCM5IzAguxANPTwdNSa6G19LfwN4EZAursZdHLNsQNcE/cA7OvRd8d+Tvw3RN7PSEb
tS20jtgBN8zTII/zrHvU6dmUszyy/ggf+rfFnxxXOAPxAMxsDtkcz+LKWZjHIo+lp4Vnw7M35W5b
8lvcA+/N4N4M/Q38LTl5wYPeXw5Pixn8nhl/TSmPSxnUMieYkCnK9ywv8wJV+X0B+NPDnAplbmRz
dHJlYW0KZW5kb2JqCjI3IDAgb2JqCiAgIDM5MQplbmRvYmoKMjggMCBvYmoKPDwgL1R5cGUgL0Zv
bnREZXNjcmlwdG9yCiAgIC9Gb250TmFtZSAvU1FKTU5ZK0RlamFWdVNlcmlmCiAgIC9Gb250RmFt
aWx5IChEZWphVnUgU2VyaWYpCiAgIC9GbGFncyAzMgogICAvRm9udEJCb3ggWyAtNzY5IC0zNDYg
MjEwNSAxMTA5IF0KICAgL0l0YWxpY0FuZ2xlIDAKICAgL0FzY2VudCA5MjgKICAgL0Rlc2NlbnQg
LTIzNQogICAvQ2FwSGVpZ2h0IDExMDkKICAgL1N0ZW1WIDgwCiAgIC9TdGVtSCA4MAogICAvRm9u
dEZpbGUyIDI0IDAgUgo+PgplbmRvYmoKOSAwIG9iago8PCAvVHlwZSAvRm9udAogICAvU3VidHlw
ZSAvVHJ1ZVR5cGUKICAgL0Jhc2VGb250IC9TUUpNTlkrRGVqYVZ1U2VyaWYKICAgL0ZpcnN0Q2hh
ciAzMgogICAvTGFzdENoYXIgMTE3CiAgIC9Gb250RGVzY3JpcHRvciAyOCAwIFIKICAgL0VuY29k
aW5nIC9XaW5BbnNpRW5jb2RpbmcKICAgL1dpZHRocyBbIDMxNyAwIDAgMCAwIDAgMCAwIDAgMCAw
IDgzNyAwIDMzNyAzMTcgMCA2MzYgNjM2IDYzNiA2MzYgNjM2IDYzNiAwIDYzNiA2MzYgNjM2IDMz
NiAwIDAgMCAwIDAgMTAwMCA3MjIgMCA3NjUgMCAwIDAgMCAwIDAgMCAwIDAgMCAwIDAgMCAwIDAg
MCAwIDg0MiAwIDAgMCAwIDAgMCAwIDAgMCAwIDAgNTk2IDAgNTYwIDY0MCA1OTEgMCA2NDAgNjQ0
IDMxOSAzMTAgNjA1IDMxOSA5NDggNjQ0IDYwMiA2NDAgMCA0NzggNTEzIDQwMSA2NDQgXQogICAg
L1RvVW5pY29kZSAyNiAwIFIKPj4KZW5kb2JqCjEgMCBvYmoKPDwgL1R5cGUgL1BhZ2VzCiAgIC9L
aWRzIFsgMiAwIFIgXQogICAvQ291bnQgMQo+PgplbmRvYmoKMjkgMCBvYmoKPDwgL1R5cGUgL091
dGxpbmVzCiAgIC9GaXJzdCAxOCAwIFIKICAgL0xhc3QgMTggMCBSCiAgIC9Db3VudCAtMQo+Pgpl
bmRvYmoKMTggMCBvYmoKPDwgL1RpdGxlIChERVRBTExFUyBERSBMQSBSRVNFUlZBQ0lPTikKICAg
L1BhcmVudCAyOSAwIFIKICAgL0YgMAogICAvRGVzdCBbMiAwIFIgL1hZWiA2MiA3NjMgMF0KPj4K
ZW5kb2JqCjMwIDAgb2JqCjw8IC9Qcm9kdWNlciAoY2Fpcm8gMS4xNS4xMCAoaHR0cDovL2NhaXJv
Z3JhcGhpY3Mub3JnKSkKICAgL1RpdGxlIChSZXNlcnZhY2lvbikKICAgL0F1dGhvciAoKQogICAv
S2V5d29yZHMgKCkKICAgL0NyZWF0aW9uRGF0ZSAoRDoyMDIxMDUwNDE2NTQxNFopCj4+CmVuZG9i
agozMSAwIG9iago8PCAvVHlwZSAvQ2F0YWxvZwogICAvUGFnZXMgMSAwIFIKICAgL091dGxpbmVz
IDI5IDAgUgo+PgplbmRvYmoKeHJlZgowIDMyCjAwMDAwMDAwMDAgNjU1MzUgZiAKMDAwMDA1OTQy
MiAwMDAwMCBuIAowMDAwMDAxNDM0IDAwMDAwIG4gCjAwMDAwMDAwMTUgMDAwMDAgbiAKMDAwMDAw
MDAxNSAwMDAwMCBuIAowMDAwMDAwNzA0IDAwMDAwIG4gCjAwMDAwMDAwMTUgMDAwMDAgbiAKMDAw
MDAwMDY4MiAwMDAwMCBuIAowMDAwMDUwMzkxIDAwMDAwIG4gCjAwMDAwNTg5NjIgMDAwMDAgbiAK
MDAwMDAwMTcwMSAwMDAwMCBuIAowMDAwMDAwODk0IDAwMDAwIG4gCjAwMDAwMDExNTEgMDAwMDAg
biAKMDAwMDAwMTM5OCAwMDAwMCBuIAowMDAwMDAyMDc0IDAwMDAwIG4gCjAwMDAwMDIwNTIgMDAw
MDAgbiAKMDAwMDAwMjE3NyAwMDAwMCBuIAowMDAwMDQyOTEzIDAwMDAwIG4gCjAwMDAwNTk1NzEg
MDAwMDAgbiAKMDAwMDA0MjkzOCAwMDAwMCBuIAowMDAwMDQ5NjA5IDAwMDAwIG4gCjAwMDAwNDk2
MzMgMDAwMDAgbiAKMDAwMDA1MDA5MCAwMDAwMCBuIAowMDAwMDUwMTEzIDAwMDAwIG4gCjAwMDAw
NTA4NTQgMDAwMDAgbiAKMDAwMDA1ODE3MiAwMDAwMCBuIAowMDAwMDU4MTk2IDAwMDAwIG4gCjAw
MDAwNTg2NjYgMDAwMDAgbiAKMDAwMDA1ODY4OSAwMDAwMCBuIAowMDAwMDU5NDg3IDAwMDAwIG4g
CjAwMDAwNTk2ODYgMDAwMDAgbiAKMDAwMDA1OTg1MiAwMDAwMCBuIAp0cmFpbGVyCjw8IC9TaXpl
IDMyCiAgIC9Sb290IDMxIDAgUgogICAvSW5mbyAzMCAwIFIKPj4Kc3RhcnR4cmVmCjU5OTI1CiUl
RU9GCg==

--===============7364378609026662945==--

-------------------------------------------------------------------------------
