Content-Type: multipart/mixed; boundary="===============1617555051059678483=="
MIME-Version: 1.0
Subject: =?utf-8?q?Hotel_Real_-_Confirmaci=C3=B3n_de_Reservaci=C3=B3n?=
From: reservaenrealnicaragua@gmail.com
To: cjpm1983@gmail.com
Date: Tue, 02 Feb 2021 08:47:53 -0000
Message-ID: <161225567347.9765.11095734429713050097@localhost>

--===============1617555051059678483==
Content-Type: text/html; charset="utf-8"
MIME-Version: 1.0
Content-Transfer-Encoding: 7bit

Pronto nos pondremos en contacto con usted. recibimos su solicitud para RealNicaragua
--===============1617555051059678483==
Content-Type: application/pdf
MIME-Version: 1.0
Content-Transfer-Encoding: base64
Content-Disposition: attachment;
 filename="cjpm1983@gmail.com_1234567_2021-02-02 08:47:52.158084.pdf"

JVBERi0xLjUKJbXtrvsKNiAwIG9iago8PCAvTGVuZ3RoIDcgMCBSCiAgIC9GaWx0ZXIgL0ZsYXRl
RGVjb2RlCj4+CnN0cmVhbQp4nJ1V2VKjQBR976+4j1BTkF5olinLGkyYKa04LqHmxfKhJZ2IsiSA
jp8/F4JLzLggSaChOefc08sJA4ofi+HJdxgkOVkT2j2rljBSFJY1OYgJdzbv4dWjNpXU8xkwSm3f
FRybcU5GC4taFLC9IBfGJIpNKY1wOo1mMIlgGsJ5NIvOTSGNP6bnG+H48OS3eRkfEcb7Gjggl01F
QF0OzPVtTj0qHsnZI7kBZnyzJWdxZgvGJBdYoS25K1wP4jkxQijK/KrSMNc95hULYzZ1heN5gK6o
lEL4skVeGGNVZWUNR3BqOtJQmUpSvO0K3pJ+ZrCY7QgqRLAhODW5Z6harcqq0Y+4T8objAtHookd
p2/IGVGu0myYRyO5WeUs8MWPZQu2kzL/tF5vT1d1Wah6qDveycxWqoC9PRiFSXOnslg/NLC30IsF
pYruw/4+HEzGPVV0jK1VLzegyp/tItTJtcIVAFHRVGquBldLOb7K8QtUfBfOF9VnKku/Lt5uwCHi
RqirMksLrQYuijDXVZrgzIRp1eLfE+QIdX3hdsCTq1pX9+02KXT9kahFbem5Pm7YFoqzCk31hHrD
nOs5Pu2LXOqi0bC+04CwVnagy/H1XXILY1U3mQZrs8TiTfDZgWiPNv8w+F6EEw8823ECzgIQEq1j
BHK5E067m+p/5Oe/sO22hwd/sesIfzfk4rKtE+aEUTiGNbBOe3PGZO4LQHWBVwY5OKKNu6cHGczg
7Dm+t8vv3mWBxEB9p3zrU0PhCBfnz/lgKL5JIX0aeDxw3hiDHYs98QuLknM7wAnc9rgmI8XwvwlG
DzhWk5KckdE0LW67PDkeH06Qrg+QNjpe9bGXfWfkH9t3lNQKZW5kc3RyZWFtCmVuZG9iago3IDAg
b2JqCiAgIDY0NQplbmRvYmoKNSAwIG9iago8PAogICAvRXh0R1N0YXRlIDw8CiAgICAgIC9hMCA8
PCAvQ0EgMSAvY2EgMSA+PgogICAgICAvYTEgPDwgL0NBIDAuNyAvY2EgMC43ID4+CiAgID4+CiAg
IC9YT2JqZWN0IDw8IC94MTAgMTAgMCBSID4+CiAgIC9Gb250IDw8CiAgICAgIC9mLTAtMCA4IDAg
UgogICAgICAvZi0xLTAgOSAwIFIKICAgPj4KPj4KZW5kb2JqCjExIDAgb2JqCjw8IC9UeXBlIC9B
bm5vdAogICAvU3VidHlwZSAvTGluawogICAvU3RydWN0UGFyZW50IDAKICAgL1F1YWRQb2ludHMg
WyAyOTcgNTAwIDQzMiA1MDAgNDMyIDQ4NiAyOTcgNDg2IF0KICAgL1JlY3QgWyAyOTcgNDg2IDQz
MiA1MDAgXQogICAvQSA8PAogICAgICAvVHlwZSAvQWN0aW9uCiAgICAgIC9TIC9VUkkKICAgICAg
L1VSSSAobWFpbHRvOmNqcG0xOTgzQGdtYWlsLmNvbSkKICAgPj4KICAgL0JTIDw8IC9XIDAgPj4+
PgplbmRvYmoKMTIgMCBvYmoKPDwgL1R5cGUgL0Fubm90CiAgIC9TdWJ0eXBlIC9MaW5rCiAgIC9T
dHJ1Y3RQYXJlbnQgMQogICAvUXVhZFBvaW50cyBbIDQzNyA1MDAgNTIzIDUwMCA1MjMgNDg2IDQz
NyA0ODYgXQogICAvUmVjdCBbIDQzNyA0ODYgNTIzIDUwMCBdCiAgIC9BIDw8CiAgICAgIC9UeXBl
IC9BY3Rpb24KICAgICAgL1MgL1VSSQogICAgICAvVVJJICh0ZWw6KzUzNTgwOTcyOTQpCiAgID4+
CiAgIC9CUyA8PCAvVyAwID4+Pj4KZW5kb2JqCjEzIDAgb2JqClsKICAzIDAgUgogIDQgMCBSCl0K
ZW5kb2JqCjIgMCBvYmoKPDwgL1R5cGUgL1BhZ2UgJSAxCiAgIC9QYXJlbnQgMSAwIFIKICAgL01l
ZGlhQm94IFsgMCAwIDU5NSA4NDEgXQogICAvQ29udGVudHMgNiAwIFIKICAgL0dyb3VwIDw8CiAg
ICAgIC9UeXBlIC9Hcm91cAogICAgICAvUyAvVHJhbnNwYXJlbmN5CiAgICAgIC9JIHRydWUKICAg
ICAgL0NTIC9EZXZpY2VSR0IKICAgPj4KICAgL1Jlc291cmNlcyA1IDAgUgogICAvU3RydWN0UGFy
ZW50cyAyCiAgIC9Bbm5vdHMgWyAxMSAwIFIgMTIgMCBSIF0KPj4KZW5kb2JqCjEwIDAgb2JqCjw8
IC9MZW5ndGggMTUgMCBSCiAgIC9GaWx0ZXIgL0ZsYXRlRGVjb2RlCiAgIC9UeXBlIC9YT2JqZWN0
CiAgIC9TdWJ0eXBlIC9Gb3JtCiAgIC9CQm94IFsgMCAwIDU5NSA4NDEgXQogICAvR3JvdXAgPDwK
ICAgICAgL1R5cGUgL0dyb3VwCiAgICAgIC9TIC9UcmFuc3BhcmVuY3kKICAgICAgL0kgdHJ1ZQog
ICAgICAvQ1MgL0RldmljZVJHQgogICA+PgogICAvUmVzb3VyY2VzIDE0IDAgUgo+PgpzdHJlYW0K
eJxFkMESwiAMRO98xf6AaQiQwN0f6Mmz03G8VJ3qxc+XVkonp30su4HFjVicqMGLQAXR8L7hgucK
SUKGD0yeEx7oRBIVTRBjSiWuV0l51ZFsO//rCUGqIxTX0VxRJD08QTJxKD2z69Y6HUSZjM1tGTuK
lGPumZpJ2PbWrqdjs0bmfXfXUX9cyzz0VltD1k9ZXJUZXOcUE2mzmZXUklLwgunhhivj/sHw9Yrz
y411fkucSDMKZW5kc3RyZWFtCmVuZG9iagoxNSAwIG9iagogICAxNzkKZW5kb2JqCjE0IDAgb2Jq
Cjw8CiAgIC9FeHRHU3RhdGUgPDwKICAgICAgL2EwIDw8IC9DQSAxIC9jYSAxID4+CiAgID4+CiAg
IC9YT2JqZWN0IDw8IC94MTYgMTYgMCBSID4+Cj4+CmVuZG9iagoxNiAwIG9iago8PCAvTGVuZ3Ro
IDE3IDAgUgogICAvVHlwZSAvWE9iamVjdAogICAvU3VidHlwZSAvSW1hZ2UKICAgL1dpZHRoIDgw
MAogICAvSGVpZ2h0IDYwMAogICAvQ29sb3JTcGFjZSAvRGV2aWNlUkdCCiAgIC9JbnRlcnBvbGF0
ZSB0cnVlCiAgIC9CaXRzUGVyQ29tcG9uZW50IDgKICAgL0ZpbHRlciAvRENURGVjb2RlCj4+CnN0
cmVhbQr/2P/gABBKRklGAAEBAABIAEgAAP/hAIxFeGlmAABNTQAqAAAACAAFARIAAwAAAAEAAQAA
ARoABQAAAAEAAABKARsABQAAAAEAAABSASgAAwAAAAEAAgAAh2kABAAAAAEAAABaAAAAAAAAAEgA
AAABAAAASAAAAAEAA6ABAAMAAAABAAEAAKACAAQAAAABAAADIKADAAQAAAABAAACWAAAAAD/7QA4
UGhvdG9zaG9wIDMuMAA4QklNBAQAAAAAAAA4QklNBCUAAAAAABDUHYzZjwCyBOmACZjs+EJ+/8AA
EQgCWAMgAwEiAAIRAQMRAf/EAB8AAAEFAQEBAQEBAAAAAAAAAAABAgMEBQYHCAkKC//EALUQAAIB
AwMCBAMFBQQEAAABfQECAwAEEQUSITFBBhNRYQcicRQygZGhCCNCscEVUtHwJDNicoIJChYXGBka
JSYnKCkqNDU2Nzg5OkNERUZHSElKU1RVVldYWVpjZGVmZ2hpanN0dXZ3eHl6g4SFhoeIiYqSk5SV
lpeYmZqio6Slpqeoqaqys7S1tre4ubrCw8TFxsfIycrS09TV1tfY2drh4uPk5ebn6Onq8fLz9PX2
9/j5+v/EAB8BAAMBAQEBAQEBAQEAAAAAAAABAgMEBQYHCAkKC//EALURAAIBAgQEAwQHBQQEAAEC
dwABAgMRBAUhMQYSQVEHYXETIjKBCBRCkaGxwQkjM1LwFWJy0QoWJDThJfEXGBkaJicoKSo1Njc4
OTpDREVGR0hJSlNUVVZXWFlaY2RlZmdoaWpzdHV2d3h5eoKDhIWGh4iJipKTlJWWl5iZmqKjpKWm
p6ipqrKztLW2t7i5usLDxMXGx8jJytLT1NXW19jZ2uLj5OXm5+jp6vLz9PX29/j5+v/bAEMACAYG
BwYFCAcHBwkJCAoMFA0MCwsMGRITDxQdGh8eHRocHCAkLicgIiwjHBwoNyksMDE0NDQfJzk9ODI8
LjM0Mv/bAEMBCQkJDAsMGA0NGDIhHCEyMjIyMjIyMjIyMjIyMjIyMjIyMjIyMjIyMjIyMjIyMjIy
MjIyMjIyMjIyMjIyMjIyMv/dAAQAMv/aAAwDAQACEQMRAD8A9/pDS1HJIsaM7kKqjJJPSgB/FLms
SXxJpKE/8TK14/6aiqsnivSV6ajbH/toKfKwOkzmiuY/4SzS/wDoIW3/AH8FH/CW6X/0ELb/AL+C
nysDp6K5j/hLtK/6CFt/38FH/CW6V/0Ebb/v4KOVgdPRXM/8JbpX/QRtv+/gqteeOdGsbczzX0ZQ
f3DuNHJJiukdfRXnY+LXhkjP2uX/AL9Gj/hbPhr/AJ+5P+/Zq1RkLnR6JRXnn/C2fDX/AD9yf9+z
R/wtjw3/AM/cn/fs0exq9g50eh0V57/wtjw3n/j7k/79ml/4Wt4b/wCfuT/v2aXsKvYOdHoNFef/
APC1fDn/AD9yf98Gj/hanhw/8vb/APfBo9hV7Bzo9AorgP8Ahafh3/n7f/vg0f8AC0/Dv/P2/wD3
waPYVA50d/RXAf8AC0/Dv/P2/wD3waP+FpeHv+ft/wDvg0/q9QOdHf0VwH/C0vDv/P2//fBo/wCF
peHf+ft/++DR9XqBzo7+jNcD/wALR8Pf8/b/APfBpD8UvDo/5e3/AO+DR7CoLnR3+aM15/8A8LT8
O/8AP1J/3waX/hafh3/n6k/74NL2FTsPnid/mjNef/8AC0/Dv/P1J/37NH/C1PDo/wCXqT/v2ar2
FTsw54noFFef/wDC1fDv/P1L/wB+zSf8LW8O/wDP1L/37NH1ep/KHtInoNGTXn3/AAtXw5/z9S/9
+zR/wtXw7/z8y/8Afs0vYVP5Re0ieg5ozXn3/C1vDf8Az8y/9+zSf8LW8Of8/Mv/AH7NHsKv8oe0
iehZNGTXnv8Awtbw5/z8y/8Afs0v/C1vDn/P1L/37NHsKnYPaRPQc0Zrz3/ha3hz/n6l/wC/Zo/4
Wv4c/wCfqX/v2aPYVP5R+0iehZozXn3/AAtbw5/z9S/9+zR/wtbw5/z9S/8Afs0ewqfyh7SJ6Dmj
Neff8LW8Of8AP1J/37NH/C1fDn/P1L/37NHsKn8oe0ieg5ozXn3/AAtXw7/z9Sf9+zS/8LT8O/8A
P1L/AN+zR7Cp/Kw9pE9AzRmvP/8Ahafh49LmX/v2aePifoB/5bzfhEaPYVf5WL2kTvc0Zrgx8TdC
PSWf/v0aX/hZehn/AJa3H/fo0/q9X+Vi9rA7rNGRXC/8LL0T/npcf9+jR/wsvQ/+elx/36NH1er/
ACsftYHdZFGa4T/hZmhf89Lj/vyaT/hZ2hD/AJaXH/fk0fV6v8rD2sDvM0ua4E/E/Qf+elx/35NJ
/wALS0D/AJ63H/flqPq9X+Vi9rA7/NGa8/8A+FpeH8/664/78tSf8LU8P5/1tx/35aj6vV/lYe1g
eg5ozXn3/C1PD/8Az2uP+/LUf8LU8P8A/Pa4/wC/LUfV6v8AKx+0geg5ozXn3/C1PD//AD2uP+/L
Uf8AC1fD/wDz1uP+/LUfV6n8oe0geg0V59/wtTw//wA9rj/vy1H/AAtTw/8A89rj/vy1H1er/KHt
IHoNFef/APC0/D//AD2uP+/LUf8AC0/D/wDz2uP+/LUfV6v8oe0gegUV59/wtTw//wA9bj/vy1H/
AAtTQP8Anrcf9+Wo+r1P5Q9pDueg0V5//wALU8P/APPa4/78tR/wtPQO0tx/35aj6vV/lD2kO56B
SZrgf+Fo6D/z1uP+/Jpf+Fn6F/z0uP8AvyaPq9X+UPaQO9zRmuDHxO0I/wDLS4/78mnf8LM0L/nr
cf8Afk0fV6v8oe1gd3mjNcJ/wszQv+etx/35NJ/ws3Qv+etx/wB+TR9Xq/ysPawO8zSZrg/+FnaF
/wA9bj/vyaP+Fn6D/wA9bj/vyaPYVf5WHtYHeZozXBf8LP0H/nrcf9+TR/wtDQf+etx/35NHsKv8
rD2sDvqK4D/haOgf89rj/vyaP+FpaB/z1uP+/Jo9hV/lD2kDv6K8/wD+Fp6B/wA9bj/vy1H/AAtP
w/8A89rj/vy1HsKv8oe0gegUV58fir4fH/LW4/78NSf8LW8Pf89rn/vw1HsKv8oe1gehUV57/wAL
X8O/89rn/vw1H/C2PDv/AD2uf+/DUvY1f5Q9pE9Corzz/hbPhz/ntc/9+GpP+Fs+HP8Antc/9+Go
9jV/lD2kT0SivO/+FteG/wDntc/9+Go/4W14b/573P8A4DtR7Gr/ACh7SHc9Eorzs/Fvw3/z3uf/
AAHak/4W34b/AOe1z/4DtR7Gr/KHtIdz0Wkrzv8A4W34b/57XP8A4DtR/wALc8Nf89rn/wAB2o9j
U6xD2kO56JxR3rzv/hbnhr/ntc/+A7Vb074naBqeoQ2VtLOZpSQoaFlHAz1NJ0ZrVoFUizuqWqkV
0sgypyKsq2RWZZ//0Pf+1ZHiR9nh7UOcfuH/AJVr1h+KTjw9qH/XB/5U1uB8ZXE85urj9/OMSt/y
0PqfeovOm/57zf8Afw/40Tn/AEm4/wCurfzNR5rsjbl2Fck86b/nvN/38P8AjR503/Peb/v4f8aj
oqtOwiTzpf8AntN/38P+NHnS/wDPeb/v4f8AGo6KLLsBJ5sv/PaU+3mH/GgyyMNrzOw/ul2I/nTc
8UlNJAHPZj+Zo5/vfqaKKoVkLz/e/U0mWz1/U0UU7BZAS2ev6mly394/maSikFkLl/7x/wC+jRuf
+8f++jRRRdhZBub1P/fRo3N6n/vo0mKKfOw5UODt6n/vo0vmN/eb/vo0ylqlNhyoeHP94/8AfRo3
n+8f++jTM0Zp87FyokDt/eP/AH0aXzG/vH/vo1FmjNP2gcqJt7f3j/30aUSkfxH/AL6NQbqN9Uqr
QnFFkSk9/wDx408OfX9TVUNS7zWirSE4FwN/tfqaOf736mq6yEU/zK1VVsjlJRns36mnbmHf9TUQ
anBjV8zJaH7vf9TRn0P6mm9aXFO7FYXJ9f1NHPr+ppKdii7FoNOfX9TRz6/qaUijFF2O6G/N6/qa
Q59f1NPIpMUXYXG5P979TQSf736mnYoxRzMeggz/AHv1NTKD/e/U1EBU0fFK7B2LMIPH+JrShHT/
ABqhEelaEJxiqTZnIvQ49P1qwAAOtVUapQ/FWm+5iybIphYCo99ML07sEiRnpm+oy2abmldjsSF6
YXyelNJpM0czAdkelNJGelIaKLsBePSj8KAKUdaV2AmB6UYHpTu9KFzRdjG49qMe1OIPSnKpouyR
gA9KXb7VKI807ZRdgQBMnpTvK9qsKgAoLAUXYEKw+1SiFe4pRLTTLS5mMfsQDpS4UelQmWojKaOZ
hYtF1HQUnmgVU800xpM0c7FYuecKjaUVV30m+lzMqxYM1M83/OagLUhalzMLFjzf85pDLVbdRuo5
mOxOZfak832qDdQWpczHYnMvtTTJ7frUO6kzRzMLEpf8KTf71ETRmjmYWJBIfak8z6VFmip5mUSe
Zz2oLfSmUUczEKW+lJn6UhpKOZgOLD2pM/Sm5oo5mMdke1JmkopOTAXIrU8Mz/Z/EtlMOqsf5Vk5
q1pz7NQhYdQazqv93L0Y4/Ej6N0bUzcRj0xXV2771BHpXl/hWdmjHNel2JzEpPpXgncf/9H3+sPx
T/yL2of9cG/lW3WJ4oG7QL8f9MG/lSvZha58WT/8fdwP+mrfzNMxU91Cy3M7AH/Wv2/2jVauqE7o
JQcRelLmkoq7khmlHNJRTuA6jNNzS00wFFFJRmquIUUGgUU7gFLikpapMAooop3AKMUUtOwXExRS
0lLlFcQ9aBS0tLlGNpaMc0uKLANop2KMUrDuIKXNJ3paqwXDJpQTTaKpNoTJQ5FODk1CKUHFaRqW
JtctKc96fmqm7FPEhNbRqXJcSxmnZqFWqQGtFIzcR+aOKQUoxVE2FIpuKdmloAbijFOxSbadguIK
lUZpgGKkWlYGyzH2q7GcYqjGelXEPSqRDLqGpO1QIeKkBqkQ0LuNIc+tIetJmgQucUnWg0UgExRT
gMml280ANoAp2ynKlADQtKBzUwXigACgCPbT1WncUZpAGwetKAKYW5ppajmES5FIzgCod/NNZqly
GiYycdaYZagLUhalcdiYvUbPTCeKYTSuOxIWz3ppao80uaLhYXcaCaZmlJpXHYM0lJRmi4wzSUme
aTNFwFopDSZpXAdikIpM0E0XAXFGKbmjNFwFxSUZpCaVwFopuaCaQxc0ZpuaM0XAdR+NMJozSuOw
uaKbmincQ6kzRRSuAtT2X/H7F9agqey/4/YvrUVH7j9Co/Ej2bwj/qxXqFh/qlHtXl/hH/VivULD
/Vr9K8Nnaf/S99rF8Tf8gC+/64N/KtqsbxN/yAb7/rg38qHsVD4kfHs/+vm/66N/M1VmtgRlKtzj
/SJh/wBNG/majNc0Z8rPcnR50jMIKnDCjPpWg8SyDkc1SlheNs44rup1VJHk18M4P3SOlFJxSit1
ZnK9AoooovYLp7CiikozRzALRmkzS1SYrC5opMUZqrgKOtOpuaXNNMA704dKaKXNUmAtJS9qSrQB
RRQKBCijFHSjNOwBiiiiiwBxQcUUGiwCUtJRmlYBaKTNGaL2ATvTwcU2lo5mhjw1SK9Q5pQa1jMl
q5ZD08GqwbFSq9bqSM3EmBpw5qINTw1WiXEfS4oBoBzVpktABUirSAVIBTJZJGOatx1WjHNWkzQS
ywnSngmmopxUoQmmS2NxmjbUmw9qcIzSFciC0uypQhpwSgLkQTmnBOak20YoC4m2lHFBNN70XEOL
U0mmk0hqWwQFqQvxTSaTtU3GG6mlqTNJmgoCeaaTzSk0maTARjxTc049KaaQBmkzRSYpDDNBNGKS
gBM0ZoIpKAHU2lpKBiGkpTRigBKQ0tIaAEooo60hhmkzS4pMUgAmkzSGigAzQTRikIpDDNGaMUYo
ADSUuKMUgEpRRigjFMAoopcUAFT2X/H5F9agqey/4/IvrUVPgfoOPxI9m8I/6sV6hYf6tfpXl/hH
/VivULD/AFa/SvDZ2n//0/fqxfEwzoV9/wBcH/lW3WJ4l50O9/64t/Kk9iofEj5CmT/SJv8Aro38
zUZSr00eZ5Tj/lo38zUZi9q4ea7PrPYOyKmymld3ytzVvy/ammPnpTU7GbodzNntM8p+VVSCvBGK
2SnPSoZrVXU8fNXXSr2dmeZiMC7XRl0VM9u8PDciogC3Su+LjJXR5M6coOzQlFLz3FFFmSlfYSlo
xRigAooxRVXExaKKKLgKKKTNLmqTEL2opO9LVqQBRRRVJgKKWkHWlqxC0YpBS07AGKQinUGiwDcU
YpaXFFgG4oxSkUYpWATFJTsUYosA2gU7FGKLAJTgabRTTAmDVIrVADS7q2jITiWwc04Gq6PUqsK2
i7mUlYsLUgqFTUqmrTMmWY+tWoxk1ViAzV2Ic1RDLCKcVYRDTYhzVlVp2M2NCU8JxUirT9tIVyv5
dG3HWp9lIUpBcgKjFNqfZTWSgLldutN71Y2Uxl56UhkDdaaam2HPShk9qloaK560lTbPamsntSsM
rnrRUpX2puPagoiNJUpFNIpWAYaaafikxSsAyg0/FNIpWGNpKdg0maLAJijFLRQA2g07FFAyM0U8
0mKAGmmmnmm0AIaQU4ikpDEpDS0lDAQ0lOoxSAbQaWigY2inUUrANop1FFgE70tLigCnYVxMUuKX
FGKLBcTFTWf/AB+RfWosVNZj/TIvrUVF7j9Cov3keyeEf9WK9QsP9Wv0ry/wj/qxXqFh/q1+leEz
tP/U9+7VjeI/+QJe/wDXFv5VsmsfxH/yBL3/AK5N/KlL4TSl8aPlmSMebL/10b+ZqIw1PI376X/r
o38zSZrzHufocYJxRWaEg1G0R9Kv8d6CoNIh0UzNMeO1M8utIxZ7UwwVSbMpYe6M5oQwwRms+4sW
U7o63WhqPy8Dn8q2hiJQZ59fL41Fsc0ylT81Jt71uXFgkwyow1Zctu8Rw6n2NevQrxqLU+bxOAqU
XoVsUYp+2l211OmcNyPFGKfijFRyDGUU4ijFLkAbiinYoxScRCZozS0lGwC0optOqkwDFO4plLmr
TAWjNFFWmAuaWm06qQCDk06kHWlqxBSUtLRYBMUlOpAKLAJRzTsUdaLANNJinYxRUuIDcGlGRS4P
rSYxRsA4MRT0NRU4HFaRkJotIxqdWFUQTViJuOa3TM5RNCJqvQNzWbE3HWrsR6VaZhJGnG4qyslZ
yEiphIcCnczaNEOKeHBrO87Ap4uOKZNjRBBpeDVBbrinC596AsXdooKA1V+0e9OE49aBFjy+Kb5X
NME49acJl9aLABiHpTWiz2qQSA9xS+YPaiwEPk8dKY0PtVsMCKODSsFygYDnpTDD7VpbQaQwgjrR
YdzMMNMMXtWmYBSfZhRYLmW0XFM8qtU2opptRUuI7mX5Zpvl81q/ZaabSjlHzGZ5dIY60za002vt
S5Q5jNKUmytE2vHSmG2o5QuUClJsq6bc00wYqbDuUilIVNWmhNNMVFhplcrxTcVOY+aaUosFyCkq
bZTdlSO5HQeKk2UhSiwXI8ZoxT9tG2iwXIsUYqXb7UbfaiwyLFGKl2+1G2iwEYHHSlx7U/FGKLAM
xS4p2PajFOwDcUYFOxRtosA3FTWg/wBLi+tR4qa1H+lR/Ws6q9yXoyofEj2Dwj/qxXqFh/q1+leX
eEf9UK9R0/8A1a/SvAZ3H//V9+NY/iL/AJAl7/1yb+VbNYviM/8AEkvf+uLfypS+E0pfGj5Zc/vp
v+ujfzNAao3f99L7yN/M0Bq8x7n6BCouVEwNOziogfSn5zSNU0yQGl4PWow3NPBp3L0FKg00xr6U
/NKCPSna4ml1IGgB9jUEtorrhxwe9XxgnpSlBVRk47GdTD06i1OZudNeEllG5KpFMGuxMYxjHFZ9
1pUc2WjBDfXivXwmPXw1Nz5vHZLq50znNvNIVq5LavCxDKeKgZCvWvYiozVz5madOXLJERWk21MV
puKUqRKaexFt5oI5qXbSbah0h3IsUYqTFJtqHSC4zFGKdikxUOmO4lFLik5qeVodwNAooo1ELmlF
N70oqlIB1Lmm5pa0jIVhwNFNzSg1pzAOxQBSbjSg1SdwFpKWjAqrIQ00YpaKVgEpDTsUYpNANxS9
6XFJSsA4VKjGogaepNNOwmtC7C3NX4WrNiOKvQmt4swmjQRuKeGqBDUgNaIyaJM0ZpuaM0CHE0oJ
puaQk0CJdxxQHIqLJoyaYWJvNIp3nGq+TRuNAWLQuDilW5OaqbjSgmgLF4XWKcLus/caMmgOU0Re
e9O+1571mbjRuNFxcpqi6HrThdj1rJ3n1p28460XDlNcXK0ouENZAc5604SEd6Lisa/nLSiRTWR5
xp4nOOtO4rGruQ0vymssTn1qVbkilcLF7avSmmNarrcc07zxQFiQwiozAKeJs07eDRYVys0HPFRN
b8VeyKaQDStcaZnGA1GYDmtPYDTTEPSjlHczPJIpvkGtIw57Unk+1TylXMww0nkmtMw+1IYPajlC
5m+URR5XtWj5Ge1H2ejlC5neV7UeVWh5PtSeRntS5QuZ5ipvlGtAw89KQwj3o5R3KHlUeXV1oaYY
jRyhcq7OKbsq15RpDFilYdyvsppXmrBQ00oaLBch281LajF3H9aClPtl/wBJT61nVX7uXoyoP3ke
teEP9SK9RsP9Wv0ry7wj/qRXqNh/q1+lfPM9A//W9+rF8ScaHff9cW/lWz1rG8Tf8gK+/wCuLfyp
S2Lp/Ej5Okf/AEiX/ro38zSrIPWq8rEXEv8A10b+Zpqsa85x1PsIVnZF4P71Ir1RElSLLU2OiNcu
bvQ04NVVXHrUof3pG8apYDU8MKr7venK9CdjdSTJw3NSA5HNVw9SBqu9ykx5HvSjPSmZ5p26i+tw
eo2aCOZSGUA461k3OnNGSyqWHtW2DxQSpXBFd2Gxs6W+x5uMyyliFdLU5doecY5qJoueldDc2KyK
HTr6VTTTrudiILVn+lfQ4fGUqsdGfFYvAVsLJ8y0Mcx0mzFa50TVwT/xLpvyP+FN/sHWD/zDZs/j
/hW7nDuci5nsZG2kIFbH/COa43/MNl/X/Cmnw1rn/QNl/X/Cs3OHcepjkUhGK2D4a1z/AKB0v6/4
UxvDutqMnTpf1/wqHKn3GZWKaRzWk+i6uvXT5vyP+FQnS9TXrYS4/wB0/wCFQ+UZSxRirJsL7/ny
lH/ADSGzvR/y6S/98mptECsRSDNWPsl5/wA+kv8A3yaa1tdAc2sv/fJrJpDIaXNP+z3H/PtJ/wB8
mmmGcdYZP++TSTsMQHNOBppSUD/VP/3yaAr94n/75NUpiHCnZqP5x/A35Uu491b8q0U0IfmlBpm/
H8LflR5qjufyrRTTFYk4o4qPzl7E/lS+evcn8q0UkBJx2pKaJVPr+VL5i9ifyptqwDsUlJ5i/wB6
jeD3pWQDgKeopgIP8VSKR/eosguyaOr0PaqceDj5qvR9BzmtImMi1H1qYCo4xxUoBrVGLCilwaTm
gkWko5paAEopO9LTAKKKKQBS0lGaAFopM0UAFHNFFAWCjNFFAC5NGTSUUDHbqdv4qOigRJupQ9Ri
lzQFiYSUokqEGjdQKxZEpqQTe9VN9Lvp3CxcE/vThNnvVIPSq9FxWLwlHrTvM96oh6cH96VwLglF
O3g1SElL5tUKxdyKARVUS+9OEnvQFizwaXHvVcSe9KsnPWgLE5ApNvtTN4z1p28HvQIXyxSGMHtR
u96UH3pANMOajMNWM+9IRQFyqYfSmGI56VbwKQrmlYdykYjnpUbR1fKUxos0mhplDZToV/fp9ast
Hg4pqJiQHHesqq/dy9GXB+8j03wj/qRXqNh/q1+leXeEP9Sleo6f/qlr51npH//X99HSsbxN/wAg
K+9PIb+VbNYvif8A5AF9/wBcG/lSexVPSSPkaSRftE3r5jfzNIMHoaqzH/Sp+f8Alo38zTQxHQ1y
OOp9FCvZF4qR70AZ9qqrO6+9TC5B+8MVLibxrJkwJFPV6jWRW7inkZ6VDRvGZKJPepVcVUwacGIq
XE2jVaLof0qRX4rPDntUiympszojVL4cU4MDVNZKkD0XNVMthhinAjFVg1PBOKdzRN3uicHritHS
Ndu9EuFlt0ikUHJSRN2aylanqa0hV5fhIq04VlaornuXhnxnpGuxJHLawwT9CCo5NdYYYQvFvCfQ
+WK+YkZ45FkhkaN1OQVOK7zwv8SLzTnWDV5BJB0VyefxrqhWUt2fNY7JGvepbHrrQoBnyIQfTYKi
2L/zxh/79ijTdUstVtlntZUdWGcA5xVrZ1GK3UuzPn5U3B8siiyj/njD/wB+xTDGpHMEP/fsVd8s
E1G0eDT5pE2RnvbxN1t4f+/Yqu9jbHObaL/vgVqlPao2T2oUpdw0MV9LsW/5dIz/AMBqJtH089bJ
PyrbMY9KY0Q9DQ5SXUdjAk0TTs8WaVXk0TTsf8eSmuhaHJ6VA0PzdDS5pdwsc+2h6Z/z4r+dV5dB
0s/8uI/OujeGq7w80ueQHNN4f0rPNiPzqJtA0gf8uI/76ro2h56VXkh5o5pdwsYB0DRj1sP/AB6m
/wDCP6ID/wAg/P8AwI1svFUDR/Wjnl3CxRXw9oB66b/4+alXwz4cb/mGf+PmpMbTyTUiyEd6ftJ9
wsRf8In4bb/mGkf9tDSjwX4bf/lwx/20NWlnPrVmObjk01Vn3Cxl/wDCA+G36WxH/AzTG+G/h1/+
WZX6Oa3ll56ipllz04qvbT7g0cq3wt8Pv0Zh/wACP+NV2+EmgsOLmUfj/wDXrt1kFPz7mmq8+4rH
AN8H9DIyL2f8Kgf4R6Qn3b+cfhXorAY/xqCVRjtVxxEw5TzmT4a6bB928c496oz+ErS26Tsa9CuV
ODnFYN6vBxXfRqSe5zVDjJNNih4DMagMWOgrcuU5PWqDIM16MNUcrepnlOaaVxV0xjNMaL2qrCuV
MUYqw0YppjPpQO5AVFJU5jOOlN8v2oAixSYqXbTSpzSGMNJTyppNp9KAG0U7FJxQAUUUUAFFFFAB
RRRQAUUYooAM0tJRQAtFJzRzQAuaU00UpoAUUuabRQA7NLmmUUBYk3UZpmaMmi4h+6nBqiyaATQB
MH96cHI71Bk0u6gCx5nvT1kOOtVc+9KGNAi2JPeniT3qmGNLvNMTRcEnvUgfPeqIc+tSBzQFi1mn
Zqqrmn+ZzQInpMVGH96XdRYeopHNJtGaXdRms6y/dy9GVT+NHonhD/VJXqNh/q1ry7wh/qkr1Gw/
1a1809z1D//Q9+7Vi+J/+QBff9cG/lW12rF8T/8AIAvv+uDfypPYqHxHxzN/x8z/APXVv5mmU6Y/
6VP/ANdW/mabmud7nsR+FCg0E0lHWgtMf9M0od06GmdDTqViozkTrcyDtUq3IP3hVOjNS0aqtJGg
JY2PBp5P92s4E1IsjL3qXE6IVy8GNOEhFVUnB61MpV+hrNxOmFQnWWpllyOtVCCKA2Dilax0Rq2L
yyCpg+RWeHxUyyVLRtGpcuKfen5GCPlGepPeqqyd6kEgJ6U1I1UrqzNTSdWvdEmWSxlZMHJG7rXr
Xhn4jafqgjtr1vIuunK4z+NeK7wRSg/MHXhh0PpWsKtjhxWW0a6utz6iUqy712uvYhs0gAP0NeHe
F/H97osqw3YM8B4ySeBXr2ja9p+t2ontJh7p3zXXCopHymJwFTDy1VzReMY4qIx+1WASeDxQcHkd
K006HCrXKZTHamsvtVwoDUbJQLXqU/L71GyZ4xV3YRTSmetAGc0XtULQ+1aTR1G0fHSkBltD7VXk
g9q1zF7VC8NAzGkg46VWaH2rbeHI6VVaHB6UWAxpIPaqxjIrZkhqtJAKQGZytPWUip3gqB4yOlAF
hJ6mWb3rNyVp4lIoA1kl96sLLWQk9WknFAGjvqN2BqBZgaGcVcWSytc9DWDd96253yDmsW6IINeh
Qepz1DDuBzVF1GavXJ5qi55r16b0OOW5EV5o2U6itESRFAaQx1LgUEUAVilIU4qcrSbeKLBcr7KY
U5q1s44phXnmlYdyuVxTStTlTnoKayDuQKVn0GmQbcikK1ISBxkfhTd6f7RP0o9UFxm2jFLiZyfL
hZvwp6Wt/IPltGo93uO7IsYoq2ukarKQFs2qdPC2tyHi2YZ9ql1ILdlKMmZuKTHtW2vgjXZBzEVH
0qZPh5rjjjj8Kh1qf8yHySOe/Cj8K6YfDXXD1cD8KkHwy1o9Zh+VT9Yo/wAw/ZyOUxntRjFdaPhh
rH/Pf9KP+FYaz/z3/Sj6xQ7h7ORyVH4V1n/Cr9Y/57/pTG+Gmsj/AJa/pR9Yodw9nI5b8KUcdq6V
vhvrYH3/ANKi/wCFea4O/wClP21P+YXJI5/PtS/hW23gLXV7Z/CmN4I15f8Alnn8Kaqwf2g5JGOc
9uKTmtRvCWuJ/wAsDUZ8Na2vW2NHtIfzBySM/NANXDoWsL/y6GozpGrr1szVKfmgs+xBmjJqQ6dq
g62jU02eo/8APo1PmXcTXkNzRk0pttQ/59GpPIvh1tXo5o9xW8hcmjJpPJvf+fV/yo8m9/59HpXj
3Cz7Dgxp2aYIb3/n0eni1vz0tHNNOPcdn2FBpd5pPseo5x9kYVIunao3SzNJyj3Cz7CCQ0ocnmpk
0TWJD8tofyqynhXWpTxDt/Cl7SH8yF7ORT8zjpSiT1rWh8B65MR/Dn2rTg+GOqyY33G38KmWIpR3
kHspvY5kTIvWlWeNnCh+T2rubb4USZBnvDVrUvh1Z6Tol1fefvkhTco9a562KpuDSfQ1hQkmmybw
h/qkr1LT/wDVrXl3hAYiTPrXqOn/AOrWvDO4/9H36sXxP/yAL7/rg38q2T2rG8Uf8gC+/wCuDfyp
S2HHdHxvP/x9T/8AXVv5mmA5p84/0qf/AK6N/M0wDFc73PYWyQuacKbinCgq4tAzQKWlYpIKKKKC
gp2ab3oPWiwx4J+tPVyORxUYNLmpaLi2i0lwe9TLIr9+aoinK2OhqGjphVaLuDS5xVdJSBzU4kVh
UNHRGSaJFkIqRZahwCODSYIpNG8JtF1JM1Ir81QDEVIjnPJqGjWNRovb1P3snHSr2l6vf6TOJrO4
Kkfw54rID1IHHeqjKxpKMKitJHuHhX4g22rpHb3mIrnp8x613GeOCCOx7V8uAkssoysicq4PSu98
KfESfTTHa6nMZbYgL5jDd/8Aqrqp1u589j8oa9+mezg+vFKeapWd/bX9ss9pOs0R6FWzirO7iupN
PY+ekmnaQ8oCKjaOnhqd1oJuloVzHTSlWioNRlaQFYxg1E8VWytNYe1MCg0NV3h9q1GTPaojFweK
AMd4c9BVZ4M/w1tNEMdKgeDjpSAxXhGOlVJYea25IPaqkkBz0pDMV4vao9gHStWSDjpVVocdqAKe
DUgehlIPSmnjpQBOklPMuKp7yKXzc01uKw+aTINY1y/Wr0z4zzWVcvjNehQ3MKiM24PNUnPNTXMn
NU3bnrXrU3pqcU4u5JmjIqLcfXinBlxy2K3WxNmPJwcGnc4quZ0Bz8z/AEqe3tNQuyBbWkzA/wCz
SbS3YhO9Nd0XgsK6XT/AOt34DSQvGp6kjFdXpnwpiXD3j5PpmueeMpw3LjRnLY8rMqA4HLfWporK
/uSBBCxB6cE17xZeCdGswv7iNiO7KDW1FZWNuAIraEY6YQZrlnmUV8KN44Z9TwW08E65egZjKA9y
prXt/hPqEwUzXEgz1A4r2rIx8i7fwoLN/eauaWZVJaR0NFhkjzO1+EVnGoM8zse4LVq23w10O3Hz
x7seprsmUnk7iKjddi72HyisJYmvL7RrGijBh8I6Ha8pZRN9V5q0mkaXH9yxiX320XetWcLbVzkd
qhfUbqSLzYYd0Y9K5HitWnO7Rr7K2li15FonC2qD320uIByFQfSqdrqsWoA20rGOXoAeKx9csb2w
+ZJHZCexrnrYrkpOp8RShrytHQtcwqdu9Qad5pK5R8j2xXIsyS2IYPK0voK1NCgYQ+ZNK646BjRT
xEakkktGOVNJ6Gx50mT8zcU1bxScCXBpSQcsvKnvXPeJLEw+XLBKysxxgGtqsnCF1qKMbux0fny4
yrkj1pBLKwyHP6Vy0N3fadBGZg8sJ7iobnUT9vhEEz7ZDkr6VzwxcWlfcqVNpnXebL/fakMso6u1
ZOsSXFhbxXAY7W9aZpeqTag/3flArV14KsqT3J5Xa/Q2RcSH+I0GZ+7EVUkv7WGTy2ky3pTI763k
Yg5A9a1vF6RaZLg10L3nMPU0nmeoX8qhWWGQHy5NxHYU7JPanzRekRNIfvQ9Y0/KgiI9Yk/Km4oz
T+QtBTHbf88I/wAqTybU9baP8qKKFIdojTa2R62sf5U0WWn45tI/++akoquaS6isuxCdP009bKE/
VajOk6Wxz9ih/wC+asmijnl3Cy7Fb+ydK/58Yf8Avmj+ytK/58Yf++as0mKOefcLLsVv7K0v/nxh
/wC+aeunaaOllCP+A1Niijnl3Cy7Ef2LTweLSL8Fp4t7NelrH+VLRRzS7hZdhwW3A+WCMfhShwOi
AfSmUopPUdkSCdxnBIpTcSkffaoqKmyAk8126k/jWR4ncnwxqGevl8fnWnnFZPiY/wDFNX//AFz/
AK0wMLwhzEmfWvUdP/1a15d4Q/1SfWvUdP8A9WtAH//S99rF8Uf8gC+/64N/KtqsXxR/yAL7/rg3
8qHsOO6PjuYf6RN/10b+ZphXNSy/8fE//XRv5mmdK5j3FG6GYIoANSEZoC0XHyDQMUvWlANO21Ny
lFjMUuKdsNG2lcrlYzFFOxijGaLisNpc0bTSVTDYeD607io6UGpsNMlB4p6tioQacDzUtG0ZNFlZ
Dn2qZXyKqBuKejGoaOiFQtEU3JBpgk5qQMCKlm6lceH4p6yVF2oyQKVjRSZZWSpkcHNUQ5qRZSRg
jFRa2xtGba1Z0nh7xNe+HroSW7O0WCGiB4P4V7L4b8Yad4jtA0MojuF4aNjyK+e45McEn8DVi0vb
mynWe0k8qZTnd61vCo0cOMwFPEK8VZn0+OO/B6U8GvNfCnxKjvClpqgCSgbd+PvH1r0RZQ8YdGBQ
8jFdsJpo+Vr4WeHdpItdqMVCr8daeGqjmFK4pjLmpAeaXimK5CRxTCuasFc0wpQMqmIk1G8Zq4y+
lMKnuKQGe8ftVaSGtVo81C0QoGY0kHHSqjwHmtySEGq8kIxSAwJLfjpVR4SK6CSAEdKpy24A6UAY
bIRVdyymtiW34rNnh2nOaa3AoSy9ay7hyQeeav3Xy5rJlEsp2xpuY120mluYTTexQuXw/NZ8lwoJ
A3M3YLXUWPg++1Ft0rGNTXYaV4D0u02yXGZWFd31yEEYexk9zy60sNT1BwlvaSDPdhXW6V8NNTu2
DXUkcaHqCDmvTIILG0AFrbhMevNWTcOwGdo+grmnmMpaJFxw1tWzB0v4e6VYIpuGV2HYiuotrWxs
1AghTA9qqiTJp/mknnmuKdWc92bqEF0NIXO4YX5fpSiQnqTVAS81IsvvWevRl27F4Nz1p+7iqKy8
1J5h7U2pJXYXLQbtT/lxgtzVdHyWH8WOK5G/1C/i1cpuIHVVrmxGIdGKbV9Sox5na52uCBnimGMM
CG6Gucg8SSQv5d5Fjj1ratdWtbpPlYCppYyhV92+pUqUlsUdW0OK6t2a3AEgrJ0nUX06c2t2uFBx
XWxzROSI2D+tYmoaG2oXxdW2JXPicK1NVqC978yoVLLlkVfESWS24u7dgLnPyqtTW5ub3QXNxCfM
C8KavQaDaoyGb95t7mtPAACqoAHat6VGanzT2a2FKdjhNO029hk3mLIPYir91pV3dlRGfLXuBXSX
l0tmgYqNh602C6trqLch5NYU6FCk3Sct9fMd5S1S0KNpbNaWohflgMZqlqekyantCvgLW/5JK5x0
pphA6jr716DipKz2Mtea6MO0057eEW9zh0HTNZt14YQ3InhYjDZxXVGM/UU3yzgispYenJWRTqPV
dzmdVsb28gS3HIFQ6PaXenxvCyfMejV1QQr25pjruOSOfWiWHj7VVHuCqWjyHCy29zaar5t1G8iE
5+UV0MdxY3EIVYnXjnpWu0auCHUEfSq32C1UkrGwY9fmrOlhnRu49RyqXMywgtbKd5VuAM/wsadP
rdqrFYgzNTrrw+ly25ZSh+maSXRoodPKQoWm/vZrS9VaLYSSuVIPEKyXIhdCGJ71tMAoD569q42G
zubS+SSWIkA8kmusk1K0it1ldwCB0rDB1qr5lVdvUqpBW90nwcZJGfSkwwGSMe1crfa7NJcq8Awp
OK0xrDW0KSXJyD39K1p42nUnpsJ0mjX5xnj6UVDb3MN7EJYWDA+lS5GcV0Rak7xdzMDRRSZzTWoJ
3dkO4pKSloAKSlpKACiiigBeKKbRQA6im0UALxWV4mx/wjV//wBc/wCtalZXib/kW77/AK5/1oAw
/CH+qT616jp/+rWvLvCH+qT616jp/wDq1oA//9P330rG8Uf8gC+/64N/KtntWN4n/wCQDff9cG/l
Q9hw+JHx5L/x8T/9dG/maQe9OmB+0z/9dG/mabiuR7nvRVhcU5RSZpwqWbxQ4KKUJmgU8UmzRRQm
yjy81IBTgtTc0VO5AYuKbsxVvZkU3y/ajmH7EplDTdtXDFTDFimpGUqLRVA60YxUpjwaYVquYy5G
hB0pR1o6UmaBaokDU5TzUYpVNJo0iycHNOUkVEDxTw3FTY3jMnRvWnnk1AGqQNUtG8ZXJMcUnNAN
LU2NExVbB5qRW96iIOKBxQ9i7talkEEg8gjo4PIrsvCvj+/0WRbe7lE1qeNz9RXDbuBUm/I55pwm
4iq0qVdWkj6Y0nWLPWrUTWUqSrjLYbmr6vj2r5p0rWb3RbhZ7KZwO8e7g17B4X8e6frUKQXMnk3e
cbSeprsp1U9z5rF5XOm3KOx3QYmpFb1qqHIPJXGO3SpA56nkH0rbToeS15FgGjFRI9P3nNBIpTNN
K+1SZyKDTGQFaYUqwRTCuTQBUeP2qFosg8VeZTUZTNAGc8PHSqssGe1a7R+1V3iOKVgMSa3+XpWZ
Pa7ugrpnhJ61UkgA7UAcydJV2zJVy2sbe3+5EC3qa0Wi56VCY8GnzsLE8czDjhR6AVYDnHWqajFT
K3vRuBaDYHWnb/eq26lDUAWlkNPEhqoGp28jvQBb805qRZeKoiQ55pwkwvXmgC+JSeAenSqmo61H
psQYNmQ9RQkn8R6gVh27W1zrTGc5bPGawqtR23ZcbM29N8QjUHCgbX9xUut2huIReRYM8XYd6aiQ
xODGoz6iqWs6rNpixMnMb9veq5Jez99hs9Bmlw/28xlvtsRj+UrTZNKuU1AR2xKwd2FZ9pp13d3g
uC5SGT5sA118UojRY+uBXJTw1Oqv3it5luq0iawto9Pj2q5csOSavrLlcZGKy1n6jPXrTxMOPau6
MVGKiuhje5pBxnrTwwz+FZyzVNHMD1q1a+oFHxBIPLVMZyKwollhQPHIQB2zV3X590ygHoKz4Jwo
AJyD2rwqGCjjsdNVLpI0xFX6vQVupsWWtyKwSblfWt2G4hulyjLn0rkJItrbwQF96j+1JaNuFwqn
611zw+MwXvQftIfijOniKdXSWjO3KY4wMe1NMY9K5/TvE8Mp2NIDj0NdDDcxXABRwfataGOp1ttP
Jmk6TWu6GGPPao2i9qufL/8AqpCAeldastUZ2sUjF7VGYsdqvlKaYxTAzyh9KZtK9Dmr7R+lRmIU
XApPGsikPGD+FZt3oVrdqVwVNbbR+lRlDnrUuEJbj5mjmjoa29kyqu988GsnT7FJLh4tTd/LDcA9
BXcOpzmoJ7SK5UiQDJ71yzwcJvnWiX4miqso21rZ6fERbyr5Z6DPNSi5tsYEgNUY/DaxXLSGUlD2
zWJqu2zlxCHC+tVOsqcedqyJXvOx04vLQttEq5+tSA55/h7GuX0nR5LyT7VK+yIH1610zT2sSCMS
LsX0NGHrOpDmqK3Yc4JaR3H0UkcsUxyjinFSvJrpUkyGrCUlAB60tMQmKMUtFACYop1IaAEooooA
KyvE3/It3/8A1z/rWrWV4m/5Fq//AOuf9aAMLwh/qk+teo6f/q1ry7wh/qk+teo6f/q1oA//1Pfc
YFY3ib/kBX3/AFwb+VbRrF8Tf8gK+/64N/Kk9iobo+QZl/0ib/ro38zTCtWpEzcS/wDXRv5moytc
blqfTKnoQYNOFPKU3BpXE4tC0oJzTSeacKVik7EympFIqAGpFapaOiEifr0pcU1DUoqGdUUmM2UG
POcDOKlC1ueErBNS11bWQZDYojq7BVSUWzmWi9fpUTw81u65YGw1y6tyuFVyF/Os5o81V7bmMacZ
xujOaI5phQ1oNFULRdapSMJ0Cp7UmeanMOM1EU5qrmThYAaeDio8EGl3U9Cb2JQakU81ArcVIGqW
jWEydTTwagVqeGqbHRCRPnjmjHpTAaUHBqWje9xxGBRkjpSj5qXFTcsTdzkCpEcpIkqHZIpyGHUV
ERSAmhaA9VZnpHhT4ky2RjtNUBeIkASYya9Ys763v4hcWsoaIjIHevmNeTjHHet3w/4q1Hw9dBoJ
Wlh/uM1dFOs0rM8jGZbGd509z6LWQU8PmuW8OeL7DxFa7xIsU3TYT1NdEJGUAMMV1xkpbHzlSjOm
7SRbVsdaduNV1kyKfvqjMsDmgAVEr09WoAUrmoyKmBBpCBQBAUNRNGatMtMK0AUZI6qyRZrTdM1X
eOgDJeLFV3UDmtOVBiqcqcUDuUzxQGpzLTelAh4al3VETzS5oAlDUu41ECPWlzQBJv8AWnpyS2eg
zUG6ob5pfshSD77Um/duhqxDb64kuoPbOMION2Kzda0+e0n+12rF168VXfR7mKPfli554pIdSvLV
vLmUlB1DV5c6zk3GvG3Zmygo2cWXLTWL2GPc8eRipLZLrXLnfcjbCvQZpj+IYQEiFsCzVuwHZbo6
qFLjpV4ak6i0qc0UKc+lrMuRusUSxIflUYFKsuKq7ufelD816VtLMybuWxKRTxMap76dv4oEXVnz
UqTHdWcsmDUqy9fpQhPZ2MjWbkNecn5R1rm9S8aadpytGhLyjgALnmr+uzF0lCnBrzqw0Dz72SaT
c5L8ZrgyetTjVq15vRMePSkoU+pqv4l1zWWIjXyouxJxQNN1S6H72Ykf71bcVvZaXEGuSF46VmXn
jm1siUtIgx6ZNb1M8qynbDQuiqGV1qyvaxb0vRr6wfzEmLexNdfZahcx4ByGry6Xxzqly37iMAe3
/wCqpI/EPiSXDJCcD2/+tXm4nB43Fy53Gz8j0qeXukrSmvQ9ysdeIwk69uoGa24bqGdQUYZr53Xx
N4kVgxhJA6g5/wAK6rQ/HVycJPCI2Hc5q4RzHCr97HmXkFXBQa92aPY8YGSaOK5vT/EyzKvm4Ire
iu4ZwGVwcjpXbQxlOtpHc4KlKVP4iXbkZpuwU8kkYFFdW2hnYi8mo2iqyKaVoQalRoxULR5q+UzU
bR0dRFHYeh6VVutNt71Akq4HqBWoY6jMeKJJS0krjucnrtvc2FtHHZcxY55qGGys47NbmWcliMsu
a65olcbZFDKayLrw5b3D7kYqvXFcdTDpVPaL/gGkZq1mVbaO1vLZpbSQhwM4PFR6Ze3klw8M8e1V
PU+lV7l4dOnEVkCZB1UU9p9Uu02Rw+XnvisI4hQ91puXkrlOBt4V/mjbI9qTrn2rHsbXU7CXdI5a
NjzkVuApIA0bZ9a76c3NarlfS5lKNiPFGKeVwaTFaOy06kiYoxS0UAJijFLRQAlZPif/AJFq/wD+
uf8AWtasnxP/AMi1f/8AXP8ArQBg+EP9Un1r1HT/APVrXl3hD/VJ9a9R0/8A1a0Af//V9+rG8S/8
gO9/64t/KtmsbxJ/yBL3/ri38qmexcPiR8mOv7+X/ro38zUZWrEg/fS/9dG/mabtrz76n2Shoivs
ppSrJUUxkppkOmVivtSLxUzLUZGKq5zuAtOBpg4pwoKRMjcVMj8iqoPNSI3NQ0dNOdi6CCa7H4ax
eZ4h83GdhHPpXEo2Oe1ejfCiHM1xMem44/Ciknzak4+ry4dsT4oaT9m1MXyR4RjzgVwezgH1r3Hx
3p/9peGbpkG5442YfhXiUYzlDwV6g1VaNmLKqqqUfMhZKheP2q7tzzimtHmsj0nTTKBj46VC0XPS
tJo+KhaOmpHPOimZrR+1RshFaLR+1QvGatSOSdCxSwQacDUzR4qJ1Iq7o53BocG5qQNzUAzmng80
mioysWQ1PBz1qurVIGqWjpjMmB9Kdmog1PBqWjeMh4oIpARTqkvcYaA3rTsZpNuKW4axJ7e4ns5x
cW0rRTLyNhr1Hwp8SEmWOz1dj5vAEjV5Nkg8H8aUgNw3I9a0jUcNEcuIwsK8Xdan1DHKkkYeKRZI
2Gd6npUqvkYJ5rwHwx42vfD86pI7S2g/gOSa9i0PxFp+v2/m2kwDY+4/B/KuyFVSW581isBKk7pa
HQq/b0qQNVNJP4SefSplbtmtEcHkWgwpQc1AjZqQHrTAm60mKYGxTt31ougGsvtVd1q0DkVE45ou
Bnyr7VSkXrWnIvWs+ZTzTAoSrUBqzLmqz9aAEozTaKAHClpuaM0XAeMnp1oDgn5Wyw6gVHNIIrd5
GOABXK2mqS215LIWLITWNbEQpO0tC4wctjsA78ZJx71l6pc28LhZoUKt1Yimxa/byn5yR+FRa5Pb
XFkGjILEcCprVlKlzU2n5FRhKEr2K2mWAn1PzR81uORntXSlvmwPujpWfo0Xk6eAehq4CStVh4Rp
wTirNkzlzO5Luz3ozUYpc1te5BJupd1RZpc0ATA04NhHOe1QhqR3xFJ9KTdkCV2cxqBM08ijmsy6
1K08PWe+Ta1wRwvvUusaj/ZkM0+Mt0Fedxx3niTVQxJZWYcnoBXz+BwU8VUklpHqeuoU/wCNPZD5
59S8Q3pyZmVjnHaut0LwRAiiS+xkjgHpW/p9pZ6ZbiGNQZMY3Y6VPKJODv3V9hQw1KjG0FZnl4vN
609KWiGRaRp9m+1LeIj121qRNBHAQkSDtwKpk74BkhW9zTlYCLarAt9a3vf1PJnObfvO5Ophc48l
OfapngsAm020Rc99tVI5BHknlsUfM7buh96fMQp2LSRRRDCYA9BVmG5uYW3ROwA7ZqoojTktk083
QHCivOxeV4fEK692XdHTRxlalpe6OmsvEQKhJ+CO5rcguop0zHIprzzeH6gVJDczWxyjnGe1eTKj
jcJo1zx7ndCrQrPezPRdwxgHmgEj3rmbHxEBtSbj3rdhu4LjBjkBPpW1HF06vu3+RdSk6av0LVBG
ajB5+8KdurqMxClMMdS5pBzQBXZKZtxVogUhWjcHY5q+0TF1/aMI5HJX1oi1aa5VkiQIynHpXRbe
ozweorAm0Xy9S8zztkT+nrXPNSp+9SW5pHzZCYNUu8h52WM8cGiz0q7sJiTO0iHsTVTUDPZXwjW5
JiODwaqS6nepNtgLOtczxFGm7z1kV7OR0pU7s7eKQrxkdKr6VcXNyD56FavFNuVFd1OopLmtYyZB
ikqUrTTGasRHRmn7aTbQAw1k+J/+Rav/APrn/WtgisjxP/yLV/8A9c/60AYHhD/VJ9a9R0//AFa1
5d4QP7pPrXqOn/6taAP/1vfqxvEf/IFvf+uLfyrZrG8R/wDIEvf+uLfypS+Eun8S+R8pyL++k/66
N/M0Yp8g/fTf9dG/maTFeY92fdxj7qGbc01lqXFBGaVwcSsy1HtFWmX2qMr7VSZhKmVWXmgVOy+1
RFcVSdznlCwClQ/NTM4NPHNMV7D/ADCq8d69c+GMQh0MzMMFpHH615EEMsiRpyXcD6V7XoEX9n6V
bwYxhQT9a0oxvI4syrfu+Q7Ndtxby2zciRCK8F1q0Om67NCV4diRXtVrdgMDmvPPibYiK6t76MYB
cg4+hrTER0uYZPiOSpydzjV4GCc07ANRI2VBPfmpgRiuJM+wb10GlMimGPipu1GKuyBxTKjR+1Qt
GfSr5SonTmpaM5UzPeOomi5rQaPionjxzQm0cs6JnsmKZjFXHTPaoWjx2q1K5x1KTREDT1ak2U4D
FURG6HbqkB4qLvThUs2jIlDU8GoVNSZFQ0dEZElFNBpwNSaXuGKaafQaBMYD81W7DUbrS7pZ7SVk
YHOAeDVXFGAPWmpNMmdONRWZ6FF8XdQtrdVlsBKy9XBHP609PjfIPvaYfzH+Ned7+No6d6rzWqPy
uM16eExNNWjNHhY3K9HKmepJ8cHP/MN/Uf41IPjdN/Dp36j/ABrxx4zEelPVxivep0KNRXR83UjU
p3jJHsY+Nk5/5hw/Mf408fGuU/8AMP8A1H+NePKQalUVqsHS7GLqSR6+vxolP/MP/Uf41Kvxhd+t
gPzH+NePr1FW4etJ4OmugKqz1tPig03/AC5gfjVhPGr3P/LALmvMrReRXQWQxiuSrQitiozbZ28e
sG46qBUqzb6xLToK1IvuivPqRs9DZNss5zRSDpS1kWFHPOKKXOB9aAIbiAXluYi20MMGqqaHaLCY
wQWpdaneC1CwHDsOMVhfbr6yxK7Hn1FcdetCEuWauaQi3szQl8OEn904HtWX9nkj1OK1kBI3dakG
q30kn2iMMVrU0m8TUZCZYwJl7kc1xqFCrU5VFpmrfu2ZrqBHCka+lLmkIwcUV7GySe6OYdmikHWl
zQAc5pRSd6XtQA4GmzHFvIfYUCo7okWrkVFR2g2OO6PPvFyvNCIU+8xq54d0ZdK01H485xzU00K3
E4kbt61Y3udoB4FLI4JUXPuGY4mUUqUdnuSbDnnk+tSLI8Y+bae3NQ72P3RTtjkZava5bnke7FaH
IeJptVspzOsiiE9Bg1iweJ9RgkSRnyvpmut8XRzXGlhIl3MBXnKWl+8ix/Zn64rzMQ6sZrlPqMtl
hqmH/fLU9e0nUf7RsEuCMMetaHmu3GKxvDtq1rpaJKMNjpWnvdOccV6MPh1PnavKqk7bdCXDA1Ir
H0qATml+0MOoqkzGxZBb0qVZCv8ADmqq3DelD3yW4JlYL7GnzW3Ycty5kHqvNSwXNxatujP61Qh1
CKUDkVaW4UnivLxWW4au+e9n3TOrD4qtR219TfsfEJ4E6/jW9DexToGST8K4IuJPlHH0p0c1xbnM
bkfjXlzo47BrmqLnj5bnfCvRqabM9DDEjmnhhXKWevSx4E+CK3Le9huU3I4rahjKVfVOzXQc6c4+
hfznpS5qssuOMHFOWbniuvz6md7bk2OaqarZm7091VirLyCKs7804SZ4PT0qakVNWeg+pyVhoc15
lrtm+U7Rn0rbi03T9PQCQgHsWrUyAOBj6VQ1TSk1WERGRkPqDXLDCU6Sco6st1XsiZVjZf3e0r6i
ozFzRp9tFp0P2Yy5fsWNW9gAyOfcV1Qk+UizZRaLmmMlXzEDzTDGCKoRnlKaUq8YqjaKgCmUrH8U
Ljwzfn/pn/WugKVieKlx4X1D/rl/WgDmPCH+qT616lYf6ta8u8H/AOqT6V6jp/8Aq1+lAH//1/fj
WN4jH/EkvP8Ark38q2TWP4j/AOQLef8AXJv5VMvhNKXxo+V3H72b/ro38zQOaWT/AFs3/XRv5mgC
vMe7Pvl8KExSAU/FJipSbKcbK7GFTTCtTEe9NP1o1M2rsrsKjZeKskCmMBitUzGSTKbKc5oBqZgK
iZdzbB1bgVSOaatrc6HwXp/2/V2lZCYowMZ9c16xtwAB2HFcv4S006XpKFxh2+Yn2ro43465rrpK
2p83jKrqVLdCxFIyMKzfGUA1Dw0XI+aM7q0lANMu4vO0ueA8jZVTV4syws/Z1UzxeBv3YHccVaQ5
ANVLhWt9TuIj0U09JcivNasz7mhUvBO5dU05aro+alVqpM6VJMlIGKYUFOzS9qY7kJQHtTDDVmih
olxTKEkfPSoHjq9IBmoHXk1K0OSrFFIpioytW2Wo2SrTOaUSvilzUhWmlaCbDO9ODUwjmih2KuTK
9PDCoM4pd2KixcZlgnFLmoQ2aeDRY1UyQU3NANFJod7iZ5o+lJjJNLiiwXaY0oJBhhzVSS3ZDkc/
SruSGp2Tzx1ruw+NqUZJ30PPxWXwxF9NTMV8cdDU6vzT57VW+ZfvVWVivUV9NhcZCsvM+TxmDnQl
axdU8jnNXIetZ8LjNXoTk11SbWjODlubNoeldBZckVzltzg10VieVrhrO6NI9jobQdBWrEOKzLOt
SKvLqbm0SdeBS0gorAsKANzAHpRSqDuU9eelNJPcDE1ufybyE9VU5NVtU1ZNQto4QmCvfFXL22ju
9URZH2gHpT5NFsx9yZc/WvPq068pWg18zeLj1GWGtWcFqIZY1yB6VX0cCbVpJoxtTPAqZ9BtnVis
6lgOOadoFtNbzOJBx2NFNYhSSmloE3G2hsNzzSUrcg0ld+2hgFGKKWgAFLmkooAcDVe/crZt71PV
XUziyOawxLtRk/IumrzRzIRnPQ1Z8rauSwxUEUpxx0pS7E88iujJotYSJxYyS9q0TGYLwo/GmZd5
ACcj2pnBOPWphiJc9zxXptdjlW1hZdoYLgMKV0hj2/uUz1ziolOZM96ddXMEW0O3OKLreWgXdyaY
bgrx/lTkkJXa2PzqsmpWgikVjzt+XHrXnt7rOopqMvll/LB4rnq4qENnc1hTlI9NEO44UjP1qteX
I06IyzkKo9TXDWviO4AXecMD61avr3+2LcwyTBQw55rllmVO3u3+4qNB9TdXxLC4zGQR296x9ckv
dUdXgDADsCKy00SReIbkfIOOaU2+r24+QxkD/arz6mOq1fdvobKklsWIrvVbVQvkOQPfNWU8S3sR
+eKQfhWQfElzany5oDkdSppjeMIf47Zs+5Fc0YVF8P5lOCZvf8JoVJBLBh6iki8ezlzGEJzXNl7j
V5c2tuee5XFdHpfg50QTXcqoDycV6+Dp127tmUlT7Dn8TXsswdQ23PKiuk0rxdGxCPKYm9DWRO9l
bqbeyiMkg4LEVz89vNHMQw2t/sc1pisqw9f3rWkuqCjiqlNvqj2rT/EO5RubcvrkVvW99b3K7kkG
fSvBLe41PTUEzAGLrgnk102keLPPKoFeNsgcCvIqU8Zg9X78fxO6NejX/us9d8wr3qQSDjvn0rjb
TxE0JAnQtnvXQ2V7HcYkj6E9K6cLjaOJsoPUJ0pR30NH7dbpP5LSAP6VY8xM/fGR71wWvNMusgwg
7j0qRbXWCysTwR61nPFyhUajBuxSpK17nRa9pjalAslvPskTk4PWk8MzTyW7wTksUbqTWELPVlUu
GwcetaHhOZjNMkq7ZAeTnrWNKpKpXT5WipRSjudURnOKTaKZ5nzGn5HFeoc4mwGmNEDUoIoxmgCu
YRWD4vix4T1I/wDTL+tdNtzWD4yTHg/VD/0xP86AOG8H/wCpQ+1epaf/AKpfpXlvhD/ULXqWn/6p
fpQB/9D341j+I/8AkC3n/XJv5VsVj+IudFvP+uTfyqZfCaUvjR8tP/rZv+ujfzNJSuP3s3/XRv5m
jFeXLdn6DBe6hMd+9dH4X0zRtYkNteXbwXH4f1rngo79KXLq/mRyMkg6MtVGVjOvSdSNkz1c/CnS
sBv7SuQD0IVef0ph+FWlZI+33IPf5V5/SqHgvx8yhNO1WQkDhZGr0wgPEsyNvjYZDA9a7YKEj5bE
1MVh5as4A/CvSv8AoIXP/fK/4VE3wt0r/oIXP/fK/wCFeg4z659KjZfrVeyRySx9bds86l+Ful9t
Suh/wFP8Krr8NdOtrmOYX9xJ5bbgrKuD+Qr0d48jvVWSP2pqkhfXaskYDW6xIsa52qMVFkg1rzQk
5zjFZ8sRBqkrHI23qOhkxirURDB1P8QxWcMqamjkOfemwvrc4zWPAN9eaq91bOBGwHBqqnw71gMc
SJj6V6Skm7qeaeVORgmsnSiz0IZlVgkonn0fw11pgCJU/Krkfww11ufNTH0rvIZ2QgZNalvdE/xG
pVFG6zrErqebp8LNa7yr+Aqwvwo1Ikbrlh+Ar1CN8qOTz71T1bxBa6NA7zyKGxwCap04pFLNsVUd
ked3fw/GmW5kurw8djiuO1CKGBisT7ver/ibxpc6vcsscjJCD0z1rnjMH53sc+tcs2tke1hXWkr1
GRl8sRTWp23nNBHFZanda5ERTCoqTGeKTAoM3Ei20m2piMUm3NFyeQrsgqFlIq8UFROmapMiUCqD
S05ozTCpFMzasKDTgaZgil6+1MVyYNTs1AKeDSaNYyRKKUmmZpetSaXFPNGeKUCkIpj6CA01oVkG
TwadtNOGKulVlTleJjXpQrR5ZIpmMxNntVy2YdRT1VX4YUv2Yq2U6ele/hMz57QmfM43KHTvOBq2
Z5FdHYfeFcxZnaRmumsCMiuus01eJ46i4uzOltOlakQ+WsqzOa14vu15lTc0RMKU0YpSKwZQ2lU4
cGloxRddQvYw9U0+e71ON4SQM8kVKdBcYzO2e/NS6tdyWkkTR9CearnxAigcHdXHUnh4v39DRKUl
ohZPD0jA+VcMGHPWpdMu5PMNlMvzpwGHeqp8QSNny1OT0p+irLNcvPKpU5zzSjVpTny07sORrc2R
1IoxTjSDpXatiGJRS0mKBBTqSigA71T1biyq53rP1hsWwHvXNjH+5kaUvjRz8fUipOQpf+FfvUxR
knA5rD8Taq1pD9mhb534bFdmAmqWBi2cOIjzV2jRTW7NrjYihgO4NWJdTt9u8gAdMZrnNLsktrTc
wDSEdattbxOAWWuL+2JpvQn2CL8evWSyYYD865PVNUkOsGZDuiycDPatoafbHnyxSHT7Vs5hT8q5
6+Z+2SUkXCmomdBrdrK37wBD9auCbS5Rzgk1BL4etpASFAJ6YrMn8OXC5MTnHsa5l7Kps7GrXY1m
sdLmBx8p9c1UfQ7Qn93cNk+hrCmhvLR8OX4psd/uGHYgjsTit/Zz+zK47XNG5srqx+aG6Zh7nNVj
qeqIM+YpX3FV2vFaQRxfvZD/AA9a3dK8N3l9iS4Vli9GFdNPDVJdiHKMd2YcMOoapdBFQfMeSK63
TvAtqWWa95Ydq6Ox02101MRRIGx97FWWJPOcGvXoYaMV76OadWXQgjjttOjCWcI3e4pr289180z7
U7gcVZQIGLd/elJUkbjXVLlWr0MW3exSS1H+rtlA9SRVmHTbWFfMlXzJak3c4UYHsKnt7Ge4cYDA
eteTiM4hF8tH3pL7jtp4KTXNPRGZPYNfNiUgRDoBWjp2hR4CwIRjuRW7a6XFFzIMmtJdqDCKFHtX
nSpYvFvmxEuVdkdsFTpL3FqU7XRokOZWyfStWJUh+WPjvUAfPJ604OQc5ArqpYSnRShEidScviZW
udbs4LkrLEGkXpn1qF/Fku44gCpioNT0Eag3nRkhzWfJ5+n2MkD229ugbaTXLiJYrmetkaxlTUbG
l/wk95Kv7uNcAVoeGJGleWdwAxOay9Dv7G206Q3UabyMYYc1t6bJA9uZYFCjpVYelU9opSncKjVt
jaWX5yalEtZqye9TLJ713mBoCSpFeqKy8dakWWgC4GzWJ4y/5E7VP+uJrTWT3rI8YN/xR+p/9cT/
ADoA4nwh/qFr1Gw/1a/SvLvCH+pUe1eo6f8A6pfpQB//0ffqx/EX/IEvf+uTfyrYrG8R/wDIEvP+
uTfypS+E0pfGj5cb/Wzf9dG/maUcUN/rpf8Aro38zSivLluz9Cj8KDFLig0tIojeJZBhxkg5VhXb
eD/HMulXEdnqO57Y4Ac9FrjcUhUFeRx61UJuL0OfEYWGIjqfRsMsF1brPayiWJ+dw7UMteLeFPGF
14euBHOTNZscdeleyaff22rWS3Vo4ZG6oDyK74VUz5DG4GeHei0HFeKgdavFeOuf6VCy1qzz73Rm
zR5FUJoetbTx8mqksIpAYLxEGouVNak8XtVJ0wTQIWJwOvWrkcmQKzlIU5NTROc8dKRRf255FSRS
tECSdqj7zGsy91qy0qAy3ciqQOFz1rzvxB45vNVzBZr5EI756iolUikdWGwc6r2PQdb+IOn6TGYL
d/PlIxlecGvKNX1271ad3ncspOQD2rJ5LsxyzHqxNKvJrllUbPocPhIUdGgOSasQqSKaFqaOslqe
mop7Eg6YpccUnagUGqWgm2kIqSjbSZDRFjNJjmpdtJjmgLERWm1MVpNmaAcSIpkVC8eKtbcUhFNM
iVMptGaj2Gr2wVGY8dKpM55QZV6U4VI0ZpAlMhJpgKeBTQMU8GlY2VyQLSFaUGnZosbKwzFIBTjS
96i+oNKwqjFW4c46VWA6VYjPSq5nfQyla2upowxqccc1sWakOM1lW2OMCtu0wWGa9PD4qcfdep85
j8LCV5LQ37I5xWxD92sez2jpWxAPlracufU8dx5HYsigilFOFYsBmKG4GacV5pGA24oTa2Cxm6xZ
S3sUZh4APzGqqadYLGollXzB1rakYxW0hzwFrnrTSjqsszrOVQVw4qneacYJvzNaUnY04NNs3Pmx
MCBV5QFACAAd8VhWDto981nO+6M87j71a1LVYrchbbk1tTnSprmdoy6+opKbNMck0dqZA/m26THq
RT63WvvdzO1hvelpaKYCUUUUAA61m60cW6/WtMdaytcbbCmfWuPHu1Bs1o/xEY0bBEd26AZrgL6U
33iJmHKqw4rtNRkNtpTsT1zXD6GPN1F5G7tRKo44SMPI5pRvWnI6s/KAuMcU0A49u9V727FtcIh6
E1ANTRLvyiflPOa8hQk1dCJbx5oV82D5lHUVDb65BL8knyt0NaagMBk5Vq5XWLNILstHxk5rWklN
crQctzp43hkG5JAfY0lyJFt2ZGX8641LiWHmNyx9M1rWNvrGq/u0DRp/eIrVYScvhDRGbdXck8xQ
7mcHpirNr4NvddKEQlFznca7/QvA0ECCW5cM/U5rr4YYbZAkShcd8da9WhQ9n8QlJz2OU8P+ArXS
YQ0qRtIP4jW89lHAhZmC46JWhuJbnpWZquWwrOK66c3eyHOPKrbtmTK4dyQMDtTMimu2GwCCBT4L
aa4b5AVrHE5tTovkpe9LyM6WBlN3loMJAO7rU8FlcXTAhPl9a1rTSET5petaK7YxtQYFeY6eJxmt
eVl2O6mqVH+Gr+ZTtNJihALnJ9K0lKou2MAVFnNKK7KWHpUY2jEmVST3JCffPrQCaaKXNbX5iEO3
ZoaVIImllbCL2poHzYrH8SXPl2yQjOGPOKzqVIU4XkxpXZC/itvthMEbGFepFdBZ6jBfW4lLjb3D
CsWH+yV0jyx/rcc9KxrS2uXdlt5CFPvXEsZVpyXO1KL7G6pdTc8Rrp4st1vzKxArX0dDDpSh125x
iuctdImmuUEsobbziuqVgqiNRwoxW2HhLmdWUbNmcydXFSB6qhuaeH9K6zMtrJzUqyVTDmpFc0AX
lkFZXix8+E9SH/TL+tWg5rL8UMT4X1Af9Mv60Ac14Q/1afSvUtP/ANUv0ry7wh/qk+leo2H+rX6U
Af/S9+rG8R/8gS8/65N/Kto1jeI/+QJe/wDXJv5UpbGlL418j5cYfvpf+ujfzNKKG/10v/XRv5ml
Ary5bs/Q4/CgxmlpQKMUFBQemR1pcUEc1QhPvHGOPStbw94kvvDl4GglJhJ+ZD3rKxg0w/KuCM96
SfK9DOtTjUg4yR9A6Jrtrr1lHPAQHK5ZM9DWgVGa4H4U6eYtPkunU/vCSvpivQNuACOCTXo05Xjq
fDY2lGlVaiQlBVeZParjCo3XirOQzJYsjpWfNB1NbUicVVmiyKTGYTxYJ44HNc54h8VQ6MHhtzvu
cfKPQ12EsOCQRwR1rxzxrYNaeInkZSUfox7VnNtI7MFSjOXvGVd6jd6lcNLdzFwxyF9KjB7HtUQ9
/wAKcM55rilrqz6alFQ0RN97k/pQBg0i04daVzdMeD2qZDioAOalQ80kbQZPnjpQKbu4pwambJjq
UZpN1KDRYGkLSEUtFSIaaAKUigCgaGkc00ipcUhBoFJEWKTFS7RQVpoyaIdtIYxU2KUrTuyHErlB
TdtTstMxTRL0GYoxT8UhGKdhJjOlLnmkNKCBzWfK76G10lqSqeKmiBFUZLhIxyeah+2M5wp4rvo4
GpXt0R5uJzGlQvbVnRw3Ajxg5rXs5/MYGuTtWPHOa6XT+q8Yr1YYWNFcr3PmsTjJV3e+h1lh9a3I
AdtYNh2ret87awqHIu5aUcU7pQo4p2Oa5yhpFJgY96eRTCKLN7AG3zEMZ5DDFcpcNNY3bwW7su49
BXVjI5HWq72kH2n7W5AKjvXPiabxEVyuzW5UJ8pzZsbq7OZd2/1NT/2IyQFpJAr44ya2bfVYruVk
XYFU/eqtrE1teR+RFODIeAFPNc6wmHUb3v8AM09pN7Im0oMLUpI4JHTFXSMVzVrDeaPdo9yT5L9M
munIDIsinKtyK7KMm1a1rESXW40jFJSnmkrSzICiiihgA61ka4AURT/erW/irI1sjeg/2q4cxt7D
U2ofGcT4sumS1SFTxisLQE/fgDrnNW/FUu67SP61n6dcfY7nJ6YrOXv0kkznd7yZa8QSFpwq8MGz
9KySzlsk/P2NTahci7uTIQeTmkgtJ7pvkTC+tOlDlXKkTotyVNYuoowhcce1LFb32rzjAYj6Vs6d
oEY+aX5n9K6e2iW2jAVFXAxwK7qOXtvmaMZ17bIyNN8LWtuFe5Xc3pmujjuEt0EcSKqj2qKOOWdv
lQsTWpbaPsG+5O0H1r0eSnRWhilKbu2S2Mk90Bg4UVpSMkC5dgMDuay7nVLe0Hk2+AcdayXmnvXA
+ZueleVicbRp6t69j0aVKb+HY07zWSQUg61lD7TePklmzWjaaMeGlG3NbEcMMAwiiuJRxOKWvux7
G6jCGu7M200VAoebJPYVqoiRABFAo3H8KUV20cNToL3FqZTqynoxd2etGc9aSlFbt3IClBpKUULQ
B2aKSimlcCSP7xY8BeprlNSnjutVCtJhAMYzW1rd4LPT2VD+8esDRo7UMXvWGWOcmuLFVUpqlK2u
5tCLtdFo6JLsMsbEq3vUHl31kGIUqgHWuqgmgMQEDqyDpUkqLNE0UqjDConl1KS5oafMFiGtGjC8
OebNPJcu5bA6V0BbLE+9VrW2SziZYxxgVNkA+/FdlKDhGzZnJ82w/PNPDVFnmn5qySYNxTg/vUG6
nKRQBYD1meJnz4Zvx/0z/rV3dWb4kbPhu+/65/1oAxvCH+qT8q9RsP8AVr9K8u8If6pPrXqOn/6t
aAP/0/fqxvEX/IFvP+uTfyrZrG8R/wDIFvP+uTfypS2NKXxr5Hy9J/rpf+ujfzNIKV/9dL/10b+Z
pOleZL4mfocfhQ6nCkopFDqKKXFMBKafmkUL1bin4q7odqb7XLaADhWBJ/Gmld2M60lCm2e1+ENP
OneFdPhb73krn64rbxn8KFQRRJCOiKAKACW4FejFJRsfAYio6lRyewxhzTCKnIyf51FIyRjMjBB2
Jp3SMoxctiFl4NV5UyKuYDruU5HrUbL/APrpjSexlSxkc+ledfEvTd9ul2B90ZNeoSISGyK57xXp
gv8ARJ0Oc+WcYFZ1Fob4Opy1EvM8HGCocd+Kb0NLGCY1+XDA5xQRXDvofVa2uOBqQHioBTw1Fiky
cGpVNVg1So2aDaEiYGnhqh/GnA0jZMsg8U4GokNPFNbGiHU6mA0+kMKAKXFKBRYtCEUmKkK00jFA
MQClK5oFOoM3EZso2ipAM0u2mS4kBX0qJqsuMdqgZc1RE4OxESaTBp+AKilkCLmtIwc9InI5JJth
IQq8mqE14CMLUFzeFztU1WBya9rBZco+/I+fx+azl+7iTZLHJqxEKqqeauQHPFeu0mtNDxuZ9Xc0
7P7wrptP6iuatBgiuksDyK5KuisLQ6vT+lb9t9ysDT+groLbhRXm1Ny0W1FOoX0pT1rnZQhpD0pT
SdqPnYBuD2qG6i86ydV+9ip+lIOD7HqKb+Fx7gpNdDA0aK3aOSCd/LfJ5qkyR6dqO+NvNCnOTVnX
rQ29z9ojJVWAHA70WujyXMayykhT1ryKkakWqVOF7dToTSXNJkF9qUmqIFCY2Vr6HdG4s/Kbh4+O
as22mW1sMBdxx3rGv5xp2so8I/dn74FbRpVMPL21aXxEyan8KOgK7fl/u0lIkguIVnT7rUuOK9CM
lJXMrBRRmgUhAOtYutcMD7n+VbQHNYmtjJJz0rhzJ2w5tQ+M8u12TzNUbk4AFUUieQhUHHqavX6D
+0pS3IGO1aGnaPc3xDFTHF61vhMFKpTUpbHJWqKNyla6eiuM/O3oK6Oz0uRsFxtXFXYLaw0xAOJJ
KuJM0q8javavWo4aMPh1OOVRsbHHHCuAMmnnJpOFNNEmWKqCazxOPw+HXvvXsXSw9So/dL9rOtqP
MPXHFRXOpXF/J8mQBTrfTJ7huSQvWtuCwgtkAI3GvDnWxWMfuLlXc9KFKnQV3qzItNIkm+eWtmCz
ht1BAyamJ7DgUg4rooYKnTfM9WEqjYpJLdcCik6jmlrqbbM7dbiijNJRRsA6iig0AGaWm0760AA6
09cIpkYfKBTByeOazNba8eEW9spyeCRSm3EFqYup36XGqRq+fJJ4NaVz4dLRJLbvuVl3YqtZC2h2
22pQkMOjkV1Ee1YlEL5QDjFcVHD0qqk5q9++6NnN09InIA3mnv8AMCqitLSHur+7E0jfu16Vr3lt
HfW5jddrHjNFlarZQCJTkDv60UsLKnJWd4g6qa2LTEbjikzScHpRXdZLroY7i5paZmloAfTgeKjz
Th0p2AeDWZ4jP/FO33/XP+taA6ZNZ/iFGPhu9bBx5f8AWk9A2Mrwh/qh9a9SsP8AVr9K8u8Hj9zk
8c16jp/+rX6UAf/U9+rG8R/8gS8/65N/KtmsbxH/AMgS8/65N/KlLY0pfGvkfLz/AOul/wCujfzN
J3pX/wBdL/vt/M0CvMlufocfhQvanCm04UihRS0nSgHNMYpOAT6V2nww00XWtzXDjIQjBx7ZriXO
I/evYvhhpps/D0twwwZn3fpj+la0leR5ea1vZ0Wdo5LOTSZIFOILlscY/WsjXPEFjoFi01zJ+8wd
sQ9a7XJI+NpRqVHypblvUtQtdLs3uLtwqgZAz1rxfxV4vvPENyY45mhtE4TaxGT65HNUvEPiK78R
XhlnY+Sv+rT0rIwOoOa5KtXXQ+qy/Ko0Vzz1PQvB3jyWOSHTdVk3pnajHjtXpoKtGrxENG/IIOa+
b2UOMGuw8H+NptEdbS+YvZt8o9qKdZ9TDMcqUl7SnuetyL1UVXlgEsLxsMgqR+lWbaeC/tlubSQS
RsOOadgKw469a67qSPnJc0GrrVHzhrNkbDW7iEDC7yAMVnOuK7z4m6c1rq63gXhn5/GuIkX0rgl7
sj6/DP2lKLKpFIKmZeaiIwaSCSsxwOBT0aos04GmOMmiypp9QI1Sq2alo6IyuTIealBqsDzUitRs
bxkSg81IDVfdUiNmi5asyYU8CmKaeDTRpFEiikZM0A0/PFFimiHGKBUhpAB3osKwAU8DFAwKUGmC
S3Y1huqMpU5GR16VWuLqOJcL9+tqNKdWXKkcuJr0aMXOTKt1IsCHPWsC5vWlbAPAq3fM0iFieax+
cmvfw+DVNXkfF43MHipPk0RICM5pymoh9aev1rti7HmtdWTKeauQHmqKmrkJ4rS4r3Ni16iujsOq
1zNoeldNp55Fc1VaDR1endBXQ2/3RXO6eeldDbfdrzKq1LReTrSnrTVp9czKGmjtSmmmgA70lLQe
lAEMsUdwoWUZAPFEsq21uSxwqjgU/jmqmq25utPk2ffUcVMpOCfKtSorXUoDxFtZ9ycdBWZFGdQv
ss/yE8g1d0qOxe1lN3gTL0zWZIWju3aA4U9PevHrynaM670vsjphZm0dSFjfrYg5hHetgkcMPukV
zMOlXN+hYjZ/WtzTYZobbyZjnHSvQw1WtV1muVdPQxqQVyxS0UV1vcyAdawNdOd4rfHDVz+tk7pT
noK83M7+xVlfU3w7fNoecPMkOqSu43DjjFbNvPqN/tSEGGDvkYqnZLE99LI8ZdgeBXSRGVkG44HY
V688XQoYeLnL5HmeynOcuVdRILCK2AaQ739TU+8ngfgKmt7Ge4OAuB61s22lRQgNJy1eXUzHF4v3
KC5Y9zshg4U9ampkW9jPdHoQPcVs2ulQ2+DIATV4fKu0cCkpUcFTpu8/el3NZVukVoGAMBOBSnBP
rSUV326PVmTbYUUUUAFLSUUALRQKKADNLSUZAFAC0vOfWkXLVVv9RisECq2Zv4QKmU4Q1m7IaVxN
T1FLGMYYb25ArMHiG4GGVQxqK3jXULtjdR4kJ4am3WlXGl3X2hVMsJ7DsK8+q685c8Je6bx5VuJe
aqNQj2yx/vPUCoNP1K70xy0mXiJ4HWtuzbSbuMyZEZH3gatR2ljcAtCuVBxmiOHrOaqe0uPnjbUs
WtwLy3E4G3Papck9aaqBVCrwBThXoruczd2KOKKKKYC0opucmngFuAMmlu7IEJT0RmqK4urSwiMl
5Kq4GcZrhNf+JKqZLfSwdw43AVtHDzqOyIlUSO41DVLLR4mluJVyBnbuFeda58QZdWk+w2q4tpPl
Y+1cVdT3F/KZruTzC3NSWnE0agYGelegsFGlTbeuhz+1bkj1rwgCYkJ716jYf6tfpXl3hH/UivUb
D/Vr9K8o6z//1ffqxvEf/IEvP+uTfyrZ7VjeJP8AkCXn/XJv5UpfCaUvjXyPl1j++l/66N/M0opG
/wBdL/10b+ZpRXmS3P0OPwoWnCm5pcZpFCg04YzTRinD1pgkOhQzXMEQHzM+MV9C6FZ/YNAtbXks
Fz9a8T8HWA1DxRbxsMoqlicdOlek+MvG8GgwCzssPchMDB6V00mkmz5/NFLETjRii/4o8W2Hh22c
O2+5P3UB714vqmrXutXTXF43zHlUzkAVBd3d3qF1JcXUpeRznaTwBUI9ufes6lRtndgsujQir7gC
RR14ozRWJ6S0DpTSAwwQCPSnUmaPMTXU3/DHi268OThXJks88qWI259PWvZdN1O01uxS6tJA6sAc
DrXz3jI9fY1paJ4hv/Dt0ktpIzR7gXjJ4xW9Kq72Z4+Y5XGtHnhuei/E/TDcaA1yoyY2XIH1rx0D
KKa94bVrHxd4YuBDjzWjJZfcV4Y0PkSyQtwYzjmitZu6IyyUlB0pborOtQstXHX5RULLWCZ3Tp2K
xGKQNUjrUJGK0RzNNMlBqRWxVdTUqmhlRnZlhX56U7r7VCDT1NSzoUrkgPapoziqxPNPVqk2Tsy4
rVKDVNWqZXzTTN4yLGacDmogaeDVXLvckoNNzTgT1HNMbdlcMDIH50qK8koijQtIf4RToIJLm5WC
2BaV+wGa9g8F+BbfSrcX18olujgjcOlXTg2zzsdjoYWHvas8ok8O6/MuItOkCn+I1EngTxC/JtDn
3FfSwbbwML7AUu9j7/lXrUK7oq0EfE4rETxUm5vQ+ZpPAHiAjmzP5VSf4c68W4s2/KvqcOcfeP5U
Bz3/AKVrLG1JfEcqo22PlgfDjXe9o/5U9fhvrmf+PZvyr6l3H/OKad3f+lL65IPZHzCPhnrzdItv
1WrkPwy17/pmPqDX0gxJHBNQkNVfXZWK5Dwm3+G2tIBuaL8jWxa+BtUhwWaP9a9YfdnGTVV8nOT+
dZvFykCicXbeHruDG5o/zrVispYx82K1pBz2qu+O1Yym5FFcIR1pTTz1pprMBppp6040mKAG0E07
FIRQA2lUgHkcd6SgdaabYmjn9b0p0YXEGSCeVqzpWlxvAtxNn2U1rEBuH5HpR8oGAMKOwrl+rwVT
ncbs153awnmKpA3BAOlDdc5yKp6jZPdBTExH0q3bxFYArE5Hc1vzOT95EO7DPPrS4I7VTvtUg09S
Dhn9uax11+5aUMB8pOKieIhTfv8AUapuSujo+rEdDXOawf8ASypHB4NdHEfOhDnAJFVJNNR5vNkG
cnPNYY6hOtSUYFUpqErs5u00n5maKHlu5rctdIRQGlJJHatJAkY2ooApTz1rOjl0IpSqe80XKtr7
gAKgwigCkznrRRXobaIxbdwPNJS0lO/QQUUUUrAFFFFABRRRQAZxS0hoFAC4NOVC1IoDE84ArIvN
RuJWeCzGWHBNTOaj8ug7FnUdUislKp879CKzdFSG5u2mvXyf4Qe1QafFP9raG8TczdzUd/aS2ErA
kgN90jtXnVq1VP2trx6o2govQvDVYrbVmiliBjJ+VhWxNqltbrEJCWSUAAHtmsLSIbGaNxe8upyG
zWX5cmp6+8UBYwwuNvPFaU60lSvHZ7CcLuz0NbVtM3XMYtEIVz82K3bS2WxtliXnPJz60+L93EFc
AsO9OznmuqFJRlzLcybb3HUUUVs/MV+gufQc0vJ+6MmlSNm56D1rH1vxTp+hAqzBpcdAeppxhKfw
ik1Hc2SFiQyTMEUDJNclrvj+x0+J4rLE03Tk4rhtb8YanrcrKjmG39jWCIxkMSWPcmvSoYFLWRzy
q6aF/UtavtYk3TyMFz90Hiqaqq/dAHrS8ZPP0orvjBQVkc7be4VLbZ+1R5Peox0qa2H+kp9amqv3
cvRjh8SPWPCP+pFeo2H+rX6V5d4R/wBSK9RsP9Wv0r55noH/1vfqxvEX/IGvP+uLfyrZrG8R/wDI
FvP+uTfypS+E0pfGvkfLr/62b/ro38zSikf/AF8w/wCmjfzNANeZLc/Q4/Ch4opM0tIoWjOCDSZp
wHf0oC+pf0rV5dIWZ7fieTjcO1UJZHuJ2uJnMkzdWNKO/PNISarmIVOKlzJCckc0UCipepezugoo
FLRYBKOtLRigPIQ0g9qXFJinYSVmWNM1K50q6We0maMdHQdDUN/OLy7kudu0ucke9N7EZ4NNPWi/
czVGCvJbsjPNRMKnbntUbVInGyKzrULKKuMOKhdOM1SZzTgVcYNODUrLTMVe5zNWZMrVIrVWB5qV
WFJpmsJFgEGl4qIGpAc1DRunceGqVHxVfGKUNSNYyLyvTwc1VR88VMj5zxTTNoy1J1bHPU1NbQT3
lykFnG0kzEAAds1HZWtzqd19ls4iztgZxwK9u8HeDYfD1rFLc4kvCoLHHAropwbODH5hHDJ66jvB
ngqDQ4FubqMSXLDdk/w11+d3WmswY5Jpc59q7IxSR8bWryrTcpsUjFIOKXNIeaevcwSQoOaXim0C
jXuBIDR1pKWgLIKjbFSU00AV5FqrIvFXZKqyc0AUJV4qsy1dkXNVWFAEBFMI5qQ0w0ANNJSmkxQA
HpSdqWkoAQ03FPxxSUDQ0ikxSmjtRdk9Sre3ElrF5kaliOwrEl1e51Zja2xMbDr610oO3tmqo023
hna8iXEnU4rKrTcpXTNE0c/bw/2UzjUEaWR/us1R2cX2rUVIUbd33RVnVtUN3L5FxEQF+62KveHr
MJGbk/dHcV50oqpieR6qOpvF8sGN8Rl7ZI5IpvL24+X1pdM1lrrEcwJOKy9SZtWvGbP7lCeR7VNo
yj7V5mQEX1rWpXmq6UXoyYQTpts6Qx88DHekKkcnPNc9q+vtNfLBaghRwWFPstZumYRvCzAdSK6f
rNLncFv6GSptRubvQYxRxVRNYtH4Y7W9DU6XNtL9yZc+lbRlGWzRLi0SUU7bkAgg0hUg4yM1Qnor
iUUpVgOf0o2njOOaAG0U4rxnIFRvIkClpGCj3o6XHbWw6lHIwtU31eyRgPNBzUtzcLDZCdehXPFT
zx112Dldrljb8uMjNJnPHcVy1nq8xu/Mc5QnpnpXUK6TIJYz8p61nRrwrawY5QcVzMo66biPSzJa
/ezzUHhadJbHkAT5O7Na20So0bdDXMPN/Y944ToxzWGJn7KaqPqXTV0dQAJG27V3jviqsrW+pbrZ
hlkHWqTeJIBbAr/rDxU+lQ4ie4cYL1usRTqK0VdEyg07swFs5Lq/e0jBVVOCwrqLKxh0+3EcaDze
7+tSxpHF8yKAzck0/qeamjhadJN21YSqSqLlewDnrS+w/Ok7/wCFKxSJN80ixoOcmunVuyM27bj0
Vm4C7qivr600uEy3U0YwM7Sea5LxD4/tbItbWCmSUD7ynivN72/vdWnaa8lYq3bccCuyjg5T1kZT
rJbHW+IfH9zeBrbTi6IDjetcY6y3EpmuZXlf1c9KVAEHyjGO9L1PPNepTpRpq0Tkk3P4gGBwKXFL
iitBCYpcUUZp2AUVLbf8fKfWoc1Lbf8AHyn1rOr/AA5ejKh8SPWfCP8AqRXqNh/q1+leXeEf9SK9
RsP9Wv0r52W56B//1/fu1Y3iP/kC3n/XJv5Vs9qxvEf/ACBLz/rk38qUtjSl8a+R8uP/AMfEv/XR
v5mlFK/+ul/32/maSvMlufocfhQtOpo606kUApc8Uh60o6UAAoNLRQAgpT0pDRQACg0tFMBKWik7
0AFFFFACUEUtFIBlMI5qQimFaRLIyOajcVORxTCtBlKJVZahK1bZaiZauMjmqUyv0NKG9qVlpnNX
uc2tyZWqQGqwJqRXNS0axqWLIanFeM1DuHWnl9rD5WZz0UAnP5VF22dHPG12KrAc5rU0bS7vXLwQ
WoO3uw6Ctfw94Gu9WdJ7tXit+GxgDNepabpdnotuIbKEKmOXI5reFJvVnmYzNFRjy09WS+E/DFl4
dtFwA9033mPOK6dX79ee9Y0UxB61ejlz3rsjFRR83WqyqPmb3NAPkU8GqyPx1qUEnvVGJOKWo1b1
qQMKACjpRyTSnnrQAA0uabSg0AOFIaM0E0ARyVXcVZYVA60AUpB1qqw5q7IvNV3SgCoV5pjDmrBU
0wpQBARSEVKVpCKAIcUEVJimlaAGU3vT9vNIRzQAw0dqcVFJigBoznig4xnn3FOxSGgCreafbX6b
HG0gcEVhTjUtKtnt4ctCepxXS9T7incHh1DZ4waxqUua6juUpaHNR+VBobMP9Yykk+9VLK0ubti8
Z2wr1Irp59PguU8rbtQc8Vl6hFdWlv5Fmh8kjkr1NclXDq/tX0WxpGfu2MidI/tHlRDLE9a6rTbW
KzslEi/OVyWzXO6TGkt2A/DL2NdNeMEsnwwyF6U8DTajKvLcdWV0oo5GcCW/zGcAtjpWvcaNDDbK
6Tnzjzism2t5dQuCiZDdeKs2dtdtqwhnZsoOC3SuWg01OTXxMupZIit7jUQ7pvOFqeC/vrmYRR8t
W1qsMcFs3lqA2PmYVztjdPZ3AmUZxW1ecqFSnBS90UYqUWXG1a80y6xej90OtS3l5cyRC7tm/wBH
fp7VnXks2vXPlbRgnmtieyGnaMluDnDE4+tWqjnCpZ6LYUopNFHT7m5uZTLM/wC6TtUjXH9t3qxR
sREDzjvUOkDcjx54LdKgsG+wajhD8pbp6VjHENwppv4txuC5mal94fgeI+Q+HXvik8qeDQ2gm52k
jn6VtbSQGXleprK1S8ilt3tk++Dy2favRnSjC82Yw1VjENvbpp0csbfOVG4Va0jUmt2ETjKN61Y0
PTbKS2DStvOORms69ikj1BoLeM7T904zXnVIzi41aWxtFp+7I61TnDxn5aqXWlWt3JvfOao6TZX0
D77iUmP0rYJyxI6dq9TWpG8o7mFuUzo9Cs0OetaCgKoRfur2ozSruPRc040401yoLsPcflTkQvzn
AqK7vLTTYTNdOq8Z5NeeeIPiFcTlrbTSqJ03gV0UqE5mUqiidnq/ibT9DibJEkuOBmvMta8X6lrb
mJXMMHoB1rEkMtw4kuZmkf8A2jmnfhXq0cJCG5yyqNjQg3bmzu9QetPI9f0pKUV0mV7igcc0uKBR
QAUUd6KYBRTqKYCAVLbj/SE+tMqS3/4+E+tZ1f4cvRjh8SPV/CP+pFeo2H+qX6V5d4R/1Ir1Kw/1
K/SvnZbnon//0Pfu1Y3iP/kC3n/XJv5Vs9qxvEf/ACBbz/rk38qUtjSl8a+R8uuf3s3/AF0b+ZoF
Df62b/ro38zQK817n6HH4UL3pxptOX3pFBS9KXikoAM06kpKAFxRikooAWiiigApMUtFABijFFFA
CUUd6KVgA02nUnenYBpFRmpTTCKlkMjIzUTripyKYRkmhaGUo3KrA1GwFWXXHaoXXbzWil0OWpG3
oQEY5LfhToQ8j7Y43dvRQT/KtfSvDGoaxIrKvl255LN1I9q7/TPD9lpMYESbnxgsa2hTbPLr4uFP
Z3OR0fwXqWoYe4VYIiOGDZP5V6DonhTTNJw4RHl7vjkmpY5SuApwPYYq5DNzjA+praNNI8qtmFSe
iZsxyAqMAAdBTz83Xn61Qjk561bjk4rVHG5Nu7HlSOlSxyleppoIIprJ3oJNCKfjrVtJM96xEcqe
tWopznmgDWVuakB5qlHLk9asK/NAFlTTxj1qEGnhqYEmaMU3NOoAM4pC1BGaaRQApNMYZpxpO1AF
V15qF0NXGXNRMlAFJkqMpVxk9qiKUAVTHTWWrLIaiKmgCuRTSKnK89KYy0AQ9qaRUpWmkUAREUYp
5FGOKAI8UmKcRSUANKg4oP0p1JimnYBvOc9KAxBPoadTSOaS0dwWhALO2Wbzgnz+1U9S0y4u5PMi
kwvda08Ed6UAKMgkVEqcWmktx31uczb217pt0JViLD2qPUr+7upQkELrKT1rqt74wD+dN8uPdu2/
P64rBYeVNctN2RblfcxZpntdGWG7fM7CqOliKQtDLgMRxXRT2UFzIHkGWHTNQ/2TaiUSYww54pVM
PJ1lLdIcZ2OdjZtN1LJGMHt0xXQX17az6f5gcFscinz6bDc/M2AenNQJolsvGTj0qaNCdLmpr4Zd
OwOaZi6bexW11vdTsc8VJfaRcxT/AGiDLo/Ix2rdGlWYGGUEDpVlPkTYCSBShgfc5Ju76BKt72hz
sJ1QwMih/mGOae+hTyWqhD+9JyxNdBuK/doLkEkZzW8MO4/G7shz7GZY6MtgVYtlgORnitEFVbcE
G71ApOMck5NHKnAGa1jCNKPKthO97sUsTwOfpTRktjbT0RnOM7B61lar4o0zRlZWfzJwOgOa0jCT
dooltLc1WVIY980gQe9cn4g8e2WmqYLP95KeMiuL1rxff61Iyx5ijzwDxWEsYXnAJPUmvRoYFLWR
zyrdi1qGpX2rzGW5lcp/CpPAFVwAuAoA+lHIwM0vSvQSSVo6GEm5BRRRTJFxS4oFGKYCiiiigBcc
0Ec0veg9aADFLiiimIKkt/8Aj4T61HUlv/x8J9air/Dl6MuHxI9W8If6kV6lYf6pfpXlvhD/AFIr
1Kw/1a/SvnXuegf/0ffqxvEf/IEvP+uTfyrZrG8R/wDIEvP+uTfypS2NKXxr5Hy8/wDrpf8Afb+Z
pKHP76b/AK6N/M0CvNe7P0SPwoKdmkxQBQMcOlKKQUtAC0UUuKAEopcUmKAEooooAdSEUtJQACil
xRQAmKTvS5oNABikIoHWlNFgG4ptONJUktDSKYwyQOo9PSpG46nA9T3rW0HwzqHiG5CQW7JAesxP
GKIxb0Mq1SNON2zEigkuZhBbxb5D0C8mu78PfDxFCXmrk7+qx9q7rQvCOm+HoAIoUkuO8rDJrTmX
ccnn69q7KdGy1PmMZmbk3CGxhm1igjCQosaAYAA7VRlj9Bx61vywgjoKoTw8dOM1va2x4rdzHbKm
pI5OnNSTR47VWIKmgSNKOXpzV6KTJ61hxy89avQzc9aY9zXjk5qwrZrMilq2knANAiwyA00HaetO
Vww5pxCmgB8U2D1q5HOCaz8Y6UqSFTQBsxyZ71MGrJjnAPWriTAjrQBeDCnhqqq4PepVb3pgTE0h
NN3UZoADSUuaaSBQAvamEU7dSc0ARstRlKsY9aaRQBVZKiKVbZajK0AVSlRMvNWytRslAFVlqPbV
l15qMrQBCVppXipitMI5oAjxxTStSkcU0igCI0lSYpMUAMxSU8ikIpoBtBHFOpDSQDKXmlpafW4E
ZzS4p2KSpjdLzAaaTmn0lVrYNBppMYpx6UDGOf5UrX16he7G80dKeAzfdUn3plzLb2SeZdTJGo7E
80crfqD01Y5FZ2ACZ9T6VVvtQstJhaS7kG4dBmuQ1/4gJEJLfT8E9Nw5rgLm8vdQcyXU8jZ7Z4rt
o4OUviMJ1lsjrPEHj+6vC0FiAsf98GuNfzLmQzXEjSOe+aAoXhQAKcCR04r06dKNP4TnlOTABVHy
/rRQeaStCLC4oxQKWn6AFFLikoAcKWkFKKADFGKWigBQKMUtLQITFGKWimAmKkgH79PrTKkg/wBe
n1qKv8OXoy4fEj1Twh/qRXqVh/q1+leW+EP9SK9SsP8AVr9K+de56B//0vfu1Y3iP/kCXn/XJv5V
s9qxvEf/ACBLz/rk38qUtjSl8a+R8uSf66b/AK6N/M0CiT/XTf8AXRv5mgV5r3Z+iQ+FDxQKQU4U
FCinU0GnCgAooooAKKKKACkPWiigQopabSg0AFFFFACUtHaigYlFLSFiE3MaPIWm7ExziljSSV9k
EZkkPG1RWjo2h3uu3IitYmK5wWI+7XrvhzwLY6FEkk+2e5I6kdK0hRcjzMXmcKCdtzj/AAt8OJ7k
x32qMY4xyIGxmvT7e2gs4VhtkEcSjGFHWrLZBGMKg6AUw9MiuuFNJHyuKxdTES5rkLrznjHYCoHU
VaIqJ1z2q7WOO7e5SdMiqkkXFabJxVZ48mgDHmh56VQniI7Vuyxc1RmgzmkBildpqRJNp61NNDgm
qjKVNAzRinq/FLxzWEkhBq9DP6mgDZSQYqdWz3rNjlGKspJx1piLopCtRxvxUwIxQBGDtNTpPjrT
CoIqIqQaANKOcGrSyj0rFSQrVuOfJ5oA1RID0o3VSWUetThsjrQBNuo3VFvzRuxQBKGFODVX31IG
4pgT5pMUzd0pwORQAhFMZfapKMZFAFZlpjJVkpTGWgCoyVGVq2VpjLQBUK00rVlkqJloAgK0wgVP
t55prKPSgCHFNIqbbTSvNAERFIRUpXFNI4oAixQVp5HFJigBmKSnlaTFACUmKdikxjrTC1xtJxSk
E4wM090WOPzJ3VF9CaIxcmF7EeCwwBQ+y2jLTyrEoHO41zWtePbHS2aK2Tz2Axx2Nedan4q1TWXb
MjRxk/dzXVSwlSo9NEZTrLod5r3j+wsFMNgWkk/vAZFeeaprOoa3KTcyYT0DGqAjHUsWfvmnDivT
p4aFP1OaVRsakSJ0wKdnrnJpDRW97bGYpxRSUopDClpKWgAooooELSijFFMBccUCl7UCgBRS0lKB
QIO9LRiigAope1AFMAFSQ/65PrTMU+Efvk+tRV/hy9GXD4kep+EP9SK9SsP9Wv0ry3wh/qRXqVh/
q1+lfOvc9A//0/fu1Y3iP/kCXv8A1yb+VbNY3iP/AJAl7/1yb+VKWxpS+NfI+XH/ANdL/wBdG/ma
KH/10v8Avt/M0lea92focfhQ6nCm04UFoBT6bSg0wFooooAWikpaQBSUtBoEJRmjFLigAFBoA5o7
0AFHsBknpSEgDJq5pul32s3HkWMDuQeWHAFOKcmROpGCvJlPeAQoBZ+m0V2vhr4e3OrSx3GoBo4B
yF6Zrr/C/wAPrPSYkuL5RLcnnDDPNdruJUKAqKvAUCumFJbs+dxub3fJTKmn6ZZaTbrDZRBFAxnu
fxqzz7flSgUHNdG2x87Ocpy5pO4hGetIQKWgimSRkUwipMU0ih6gQlc1AyYNW+1RuM0rAUJEzVSW
PrxWoyiq0kftRYDFmhzziqM0WR0reki9qoyw+1AGKy7TTlkK1alhx2qo6YNAF2GYkdauxSZHWsZG
I6VbimwOtIZsxv6GrCuM4rKilPY1bjkBPWmI0A2etO69aqrIc8VMr8UAOdB2poJWpAc9aQrmmALN
jqasxz8dapslNBK0gNRZs07fmqEcmKnEmaALO6nB6rB/enB+etMC4G4qRW4qmHqZG460AWAc08VC
rZqRTQAppCoxT+tLgUAQFaYVqcrSbaAKrJUbJVtlqMp7UAVClMZKtlKjZaAKuykKVYKUwrQBXKU0
rU5SmsuKAISvFMK1ORgUwjGM96NASIsUm05qcRse3FQXVxZ2Kl7mZVHoTTScnZA2kIRzgc0siJCh
kmZQg55OK4/WPiRY2YaCxKSSD0rz/VPEeq6s7CSWSONjnCtjiuungpz30MZV0j0XWPH1hpqslsRJ
L0xjOK881XxXq+suwMvlxdsDFZIiA+8dx/vHrSkcYzke1elTw1OC1Rzzqtkax/NuYkt3OetSYGQR
1FIKOlbmYHrmkpTSUAFGKKKAEpRS0UAJS0lLQAUtIKUUALRRRigB1AoFKBQAopaKKBB3p2KTjNLQ
AUoFJilFNABp8P8Arl+tMNPh/wBcv1qKv8OXoyofEj1Lwh/qRXqVh/q1+leW+EP9SK9SsP8AVr9K
+de56J//1PfqxvEf/IEvP+uTfyrZrG8Rf8gW8/65N/KlLY0pfGvkfLsn+um/66N/M00Urn97N/10
b+ZpBXmvdn6HH4UOFOFMFOFBaHUUlKKYDgc0Ug4pRQAUDrS0UALSGjNFCAKAaKPwpCfcXrTSy9FB
J9qR2EYyxABq3oniPTNKuTNd6Wl2yHK7mIFdVHCVKvwo4MXmFLDxd3d+R0nhrwDqOtSpPcZt7Xrg
/wAQr1zSdEsdDtxHZwrnHLEc15lH8b44oxFFo0SoOgEp/wAKcfjgP+gRF/3+b/Cu+GAqR6HyOKzO
daWj0PWxz0OfWjHtXkn/AAvAf9AiL/v6f8KX/heA/wCgTF/3+P8AhWn1Squhw+0S2PWtppCDivJf
+F3j/oExf9/j/hR/wu8f9AmL/v8AH/Cj6pU7C509z1nn0pecdK8l/wCF4L/0CIv+/wA3+FH/AAvA
Z/5BEX/f5v8ACl9Uq9g50esEe1NI9q8oPxvH/QIi/wC/zf4UjfG8Y40mL/v8f8Kf1Sp2DnR6uR7V
Gw9q8q/4XeMf8gmL/v8AH/Cmn43D/oERf9/m/wAKPqlQOdHqbIfSoZIz6V5efjeP+gRF/wB/m/wq
NvjcD/zCIv8Av83+FP6nUDnR6XJGc9KqyREnpXnR+Nasf+QRF/3+b/Con+Myn/mExf8Af5v8KTwl
QfMjvJ4RnpVKSDrgVxL/ABhDf8wqL/v8f8KryfFwEf8AILjH0lJ/pUPC1EO52pQr2pASB0rg2+Kg
b/mGp/38P+FQt8Uv+ocn/fw/4VDoSQ7npUUp4q9HLXk4+KZHTTk/7+H/AAqVPizt/wCYcn/fw/4U
lSkK569HIanR68jT4wY/5hkX/f0/4VKvxkx00uI/9tj/AIVp9XmFz10OcVIrk15GvxnGOdKi/wC/
x/wp6/GnH/MKi/7/AB/wprDTDmPW8Z7UxkOeleWD41j/AKBMX/f4/wCFTx/GQP8A8wqL/v8AH/Cn
9UqC5kel8jtTlY155D8Vo5Tg6ag/7aH/AArSt/H8U5/48EH0c1DoTQcyO1DGnBuawLbxLFcAfuAu
f9o1pxXqSjhMGs3FodzRD8VKr8VUWQEVKrelSMuI9So2TVJHqZHOetAFxT708Gq6vUqk0AS4o20L
TuaB2I2WmFKnxmk20CKzJUbJVormmMlAFQpTGSrTLik8hmOFUmj1AplcU0qfXr2qzcG1tI2kuZwg
A6cVymreP9J01CsISdxwDu5rSNOctkTKcUdB9nIOXIUepNZt9rmkaYHNxOGK9ADXmWr/ABB1XUGZ
YMQxnpxmuVmee8dpbmVnJ967qWXNq8zCWIWyO91r4nhlaCwhPXAbFcPf6pqOpvmeVtvXANV1RVHA
oI5716FPD04bHO6kmRCNc9Pm9TS806k5rVti33GnNHNLzS1Nr7hoNxSEUtFOwCYpMU6kosAmKMU6
kNACUUtJQAUUUtACUoooFADhQaKKAHClFJTgOKEAUUd6UCmITHNOpcUUCF7UlLRQAlPh/wBav1ph
p8P+uX61nV/hy9GXD4kepeEP9SK9SsP9Wv0ry3wh/qRXqVh/q1+lfOvc9E//1ffqxvEX/IFvP+uT
fyrZ7VjeI/8AkC3n/XJv5UpfCaUvjXyPltz+9m/66N/M0gof/Wzf9dG/maBXm9T9Dj8KHUoptOzQ
Wh1HSkBopgLS0Cg9aAFzRmkooAWlB7UlBIVcsQFqlGU5WQpzjGPNIeOelQT3SRDAPzVUuL4MCkXA
9apZ3HLEmvYwmWc3vTPm8xzuMI8tHclmnadvnyB6VHkdqQYpa9+FKNNWij5KrWnVfNJi9KOtHait
beZlZCijNJS0WQCGiiilp2C7FzSZ57UdqO1GnYLsQnNJR3paNAuxhzmjrTiKb0odh3Y00wrUpHem
4qdBpkO2mkYqYrzTWWiyLUiEgUwj2qbbTStZSimVcgP40wj3NTFaYVrCdNFJkR9iaAcdc07FIRXO
42egxQfelzjvTRSmnGWoDwadmogaeGrZTESq2O1WoW6VSVqsxSgcVqpCZs27dOTXSadtyvGfrXLW
ki8c102n8lc81lUs0COw03qMbQK6a0OAOc1y+nZAHy10tqflHFebVWpaNePkCplJFV4zwOKnBNcz
3KJlapVaqwJqQNSAtBuRUyPVNW5FTKxzQBdV+al3VVQO3RfxqcKVGWkRfqaH5BoSj8Pzpw5qpLqe
n2ilp7uEEe4rEv8A4g6JYqdsxdx/dXIrSNKrLZXJdSC3OmEe/jpTSYYFLTSoAPVhXlepfFO4n3LY
RMB2JTFcjfa/qupMxmnZFPYGuylgKk99DGWJS+E9j1Txho+lAlpUdh6GuF1r4oXEhZbAbQehFcD5
Cud0jFz6saXYAMALXdTy+nD4tTmliJSJb3WdW1Ribi9l2nquazxbIDlssfU85q2Qe1MIrrUYwXuo
ybZCV47Uwg/hUxWmlaPUZDimkc1LtphXmkMjIpMVIVppFAxhFFOIpMUrANopcUYoASkp2KbQMKSl
oxSAbQaXFBFADaWjFGKACijFOAoAKUUHrS0CF4pR0ptOHSmAtKKBTsUAJSikpRQIKKKKACnxf61f
rUZNPhP75frWdX+HL0ZcPiR6l4Q/1Ir1Kw/1a/SvLfCH+pFepWH+rX6V869z0T//1vfqxvEf/IFv
f+uLfyrZrG8Rj/iSXv8A1xb+VKXwmlL418j5ZkP76b/ro38zS02T/XTf9dG/maM15vU/Q4/Ch2aU
U0U4UXKHUZpuaUGgdx4ozSUmaY1qx2TjOM0Zz04NNzgcnAqlcX3JSP8AOumhhp1XojjxeOpYdbly
W4jiXlvm9KzZrl5jzwvpUDMX5bk0ma+iwmXxpr3j43H5xUr6J2Q7NHSm0V6KSWx4r3uOo70gpc80
xDwaTNN5oGakB4PNHemjg0uapAO4pOKSjNO4DqO1Npe1IBKUUlKKAAim4pxFJg0AIelNNPIppBoK
GkcVGc4qXtzTSOKBpkTDjimmpscVGy1JSZGRUZFTYphU1nKJaZDimkVKVNNIrCUBkeKSnGkrCUbA
JS0lLmhMY5TUgqIU9TWsZCZZjeRDwc1rWesXNsR8oI+tYqEZqymD7mtFZ7kNvod1pXjSOMgTR12O
neNdLYASZFePJgjpip1QEdWH41EsLGZPtGj3mHxVo7gYmA+pq4viDSyM/aF/OvAAGXG12/OlzOf+
W7isv7OT6h9YZ78fEOlrybhcfWmnxbosfWYH6GvBP32MGZz+NJsbvI/50v7Oj1YfWGe4zePtFi+6
cke9Ztz8UrKH/UwsTXkIiGQSWP408KoPf860jgaK3IdaR6LdfFq7Ybbe3wPUmsW68c67eZKsqKev
zVy49cD8alRh1xzW8cNTWyRm5yfUuy31/dsWnuHOfQ01EHUux9mqBX/yKlR884/M10pKK0MndlgB
QMAUtRq3NPyDRcBaU80maWhabCGkUw5qU00ilYCLFMIqYimkUPXcLkJFRkVORTCtTYoiOaaRUpFN
YUwIyOKTFPxSUAMxSU8im4pFCc0mBTqbSAMUhpaQg0AIaSnEUmKAEpaMUUAGKBRQBSAWlFJS9KAF
xTh0pAOKUdKYCilzSCloAWiiikIKKKKYCGnw/wCuX60ynwn98v1rOr/Dl6MuHxI9S8If6kV6lYf6
tfpXlvhD/UivUrD/AFa/SvnXueif/9f37tWP4j/5Al7/ANcm/lWwaxvEX/IEvf8Ari38qUtjSl8a
+R8sSH99N/10b+ZpBSSH99L/ANdG/maUV5bep+hw+FC0oNNNGaNSh9KDTS3HPWjcAMngVW7stRSa
irseKjmnjhX5myaq3OoLGMIMmsx5GlOWJNerhcvc/ekeDj84hTXJT3LU1205wuVFQfjyKZntS5Ge
K+hp0Y01aJ8fWxNStK8mSBqOtMyKM1rc53ruSDGaXPNR5pwNGgDs0ZpM80uRTAXNLmmk0Z4oAdmg
Gm5op3AfmimilJ4ouIcDSmmA07NAC9qBSUZoAcTSDrSUUDFNNNLRQA09KQDinUhouFxuKYRUuKaR
SKTIiuKYRUxFNKj0oLTICKaRUpFMIqZIq5EVppFSkU0isJRKTIiKSnkUhFYuIxuaeppmKcKjYCVD
zVqM81VXrViPrWsGQy5GatIflqpH1q0lbxZjJsnHIp1MXpTs1ZmLmlFNFLTQDh1pe9NB5pc07iHd
qcDUeacDxRdiJVapUaqwNSK1NMVi0G5qRWqsG5qVWFMRODmnA1EGp4amSPpMUA0tCAaRxTSKkNNI
pgRlaaRUuKYwqR3Isc01hUpFRkUBcYV4ppU1JzTTSAiINIBTzmm80iriEUmKU0UAmIaSlNJSGIaS
lNNoAWikooAWigUtIAFKaSloAcOgpcUgpR0pgLRQKWgQUUUUgCiikpgBp0P+uX602nQ/65frWdX+
HL0ZcPiR6n4Q/wBSK9SsP9Wv0ry3wh/qRXqVh/q1+lfOvc9E/9D341jeI/8AkC3v/XBv5VsmsbxH
/wAgS9/64N/KlL4TSl8a+R8qyf66T/ro38zQDSSf66T/AK6N/M0ma8xpan6DB2ikOzk0vOeKaM4P
OBVS51BIOEOWq6NKpU2MK+Jp0PiLkkyQqWc8+lZNxqDy5C8LVWSZ7htztx6UzI7CvocJgI043Z8p
j84qVHy09iVW9eTRuNRg04GvUVrHhtNtu+4/PNL3pmaXNN6kWsPzS80wNS5ouFh3NLmmZpc0XEPB
4pwPFR54pQ3FUmBIDS9qjDUu6ncQ8cUuaaDQTQIdRSA8UZpgKKdmmA0uaYDgaXNMBpc0APzRTc0A
0AOozSZooGFBoNJmgBT0ptLmigBpFNNPPSmkUikyM0wipTTTigq5CRTDUxWo2Ws2ikxmM0win4IN
B5rOUSrkeKcBRjFOxWUohcVRzVmOqy9aspREllqOrSGqydKsJW8TKRMDS5pop1WZiinU0GloAXNF
JS0xC0opKKYhwzTgcGmijPNAyUNzUitUANSK1O5LRYDVIGquGqRWpisWFan5FQK1PDU0JolpDSA5
paYgpjVJim4pAR4ppFSHApCOKQEJFMNTFaYVoGRGm4qXbTcYNIZEetJUjY3U0ikNDDSYpxpKAEpM
UtFIYmKKWkoAKKKKAClxSd6dSAXFKOlAoHSmAopaQdKWgQYopaQ0AFJilooASnQj98v1ptPh/wBa
v1rOr/Dl6MuHxI9S8If6kV6lYf6tfpXlvhD/AFIr1Kw/1a/SvnXueif/0ffqxfEZxol5/wBcW/lW
0KxfEgzol5/1xb+VKW1i6P8AEi2fKchP2iXjjzG/maY0ixAs5x7VDeXqQzSL1PmN0+prHmuXnb5j
xWeHwUpybZ9Ris0p0YKMHqW7rUXkysXA9qojOck5JpowDx0pehr3aNFU1ax8tiMZUry98fS5pmaM
10XOQfmlBpmaM0XCxLupd3FRAml3VaYWJAaXNRhqUHNFxWH5pQaZmlBouDQ8GnZqOlBp3FYfmlBq
PNLmmTYkzTgaizSincLEuaXNRbqcKpMVh1Lmm5oBp3FYfRmm5paLhYdmgGm0UXCw/NKDTM0E5p3A
eaOKb2ozRcBc0ZpKSlcB2aQ0lFAxKaRTjxTetA0xrA0mOKceaQ1LKTImFMINS0hGelSykyHFLzTt
tGKhoq4qCrEY5qFRip4+tTYUnoWY+tWUqvHVlKpIxkPFLSClqyBaUUlGaYC0tNzTs0AFOFNFLTEO
zSjrTKUHFAD+9LnBpgPNLTAlVjUgY1AGxT1amSyyrcU8MagD08NTRLRYVqkBqurVIrUxWJKKQNS0
AIQPSmmnmmkZoAaRxUZFS4xTSM0gISKaRUxWmEUrDIitNxipSKY656UMBhFNxT8UhFIYw0lOIpMU
FCUlLSYpMAooopALSjrSUCgB9A6UmaUdKYCjpS0gpaBC0UUUAFIaXFIaAEp8P+tX60ynw/65frWd
b+HL0ZcPiR6n4R/1Ir1Gw/1a/SvLvCP+pFeo2H+rX6V84z0T/9L33vWL4o48P3//AFwf+VbdYfin
/kXtQ/64N/KqiryBnxlOWN3OSc/vW/majp8//HzP/wBdW/majr2IJKKsZSfM7scBQaQfWiruLfcX
NGaBQaBCg0tNozTv3AdmlzTM07tT5kAuaUHimUoNO6EPzQGpuaWndAPBpc1FmlBp8yES5ozTAaXN
VzIVh+6nA8VHS5ouhWH5pQ1MBpc8UKSCxJmlB4qMGlzVXQiTNKGqMGlzRdASZozTAaXNO6EOzQDT
c0oNF0Kw7NGaaTRmnddwsPzSE03NLmi67hYXNGaSkNF0ApNIKDRRdDA0winCkpOwDBS44oNBqdCr
jcUuKKBSdhiqOanQVGoqVBS0EyzGOKmSok6VMop3RnJjxTqaKWndEi0hpaKLoBB1p2RSUnendAPz
QDSUoougFoozQKd0IB1p2aSindAOzxTgajp1F0BKrVIrVADTw1NNCsWFapFaq4anhqd0IsBqk3cV
XDVIDRdEkmaKaDThRdCENJind6Q0XQDCKYRUhFIVp3QyIimkVIRTCKltAiM001IwphFK6GMNJTiK
bii6GNNFKRQRSuhiGkooo07gLRSClpXQDhSjpSCnDpRdAAp1NFLTugFozRRRdAGaQ0tIaLoA7U6H
/XL9aZT4f9cv1rKs17OXoyofEj1Pwj/qRXqNh/q1+leW+EP9SK9SsP8AVr9K+dPRP//T9+rF8ULn
w9fjPWFsce1bVVrtBLEUYZB6jHGKcXZjPiG4gmF1PmGX/Wt/yzPqfaodj90cfVDX1hq/hfT5GYrZ
QgNzkIK4288GwMzbbdB/wGuyOKsrGbieAhW/ut/3yaXa391/++TXt3/CERf881/Kj/hCYv8AnmPy
p/W0HIeI7W/ut/3yaMN/cf8A75Ne3f8ACExf88x+VH/CExf88x+VV9cQch4jhv7j/wDfJow39x/+
+TXt3/CExf8APMflR/whMX/PMflR9dS6C5DxLDf3H/75NLg4+4//AHya9r/4QiL/AJ5j8qP+EIj/
AOeY/Kj675ByHieG/uP/AN8mjDf3X/75Ne2/8IRF/wA8x+VJ/wAIRF/zzH5UfXvIOQ8Uw391/wDv
k0uD/df/AL5Ne1f8IRH/AM8x+VL/AMIRH/zzH5U/r3kHIeKYP91/++TRhs/db/vk17X/AMIRH/zz
H5Uf8IRH/wA8x+VH17yDkPFcN/db/vk0oz/df/vk17T/AMITH/zzH5Un/CEx/wDPMflT+v8AkHsz
xgZz91v++TS4P91v++TXs3/CEx/88x+VL/whKf8APMflTWPXYPZnjIz/AHW/75NO5/ut/wB8mvZf
+EJj/wCeY/Kj/hCo+0Y/Kj+0F2D2Z41z/db/AL5NGD6N/wB8mvZP+EKT/nmPyo/4QmP+4Pyp/wBo
rsL2Z46M+jf98ml59G/75New/wDCEx/3B+VL/wAIVH/zzH5Uf2iuwnSPHsH0b/vk0vPo35GvX/8A
hCo/+ef6Uf8ACFR/88/0p/2iuwexZ5Bz6N+RpcH0b8jXr3/CFR/88/0o/wCELj/55/pR/aK7C9ie
Q8+jfkaMH+635GvXv+ELj/ufpR/whUf9z9KP7RXYPYnkXP8Adb8jS8n+Fvyr1z/hCo/7n6Uf8IVH
/cH5Uf2iuwexPIsN/dP5UEH+6fyr13/hCo/+eYo/4QqP/nktH9orsHsTyIhj/Cfyo2t/dP5V67/w
hUf/ADyWj/hCo/8AnmKP7RXYPYnkO1vQ/lRtb0P5V69/whUf/PJaP+EKj/55gfQUf2iuwexPIdp/
ut+RpNp9D+Vev/8ACFR/3P0pf+EJj/55LR/aK7D9izx/Y390/lQEf+6fyr1//hCY/wDnktH/AAhS
f88lpf2guweyZ5IiN/dP5VOiN2U/lXqv/CFR/wDPNaX/AIQtB/yzFH9oLsHsmeZIjY+6amVG/umv
SP8AhDR/cFH/AAh3+yKP7QXYn2J5yEb0NLsb0Nei/wDCH+wo/wCEO9hR/aK7B7A862t6GjafQ16L
/wAId7Uf8Id7Uf2iuwewPOtp9DRtPoa9F/4Q72o/4Q4elL+0V2D2B51tb0NAB9DXov8Awhw9KP8A
hDfaq/tFdg9ged7W9KXY3pXof/CG+1H/AAh3tR/aK7CdA89CtnpS7W9DXoP/AAh3sKP+EPPoKX9o
+QewPPxG/wDdNO2P/dNd/wD8IgfSg+ED6U/7R8g9gcB5b/3TTgj/AN2u8/4RA0f8If8AWj+0V2F9
XucMEbHSnKreldx/wiFH/CIketP+0fIPqzOKVWz0qYA+ldf/AMIg3Xmg+EWx3p/2muwvqzOSAPpU
gBx0rqR4Sf3pf+ESf1NH9prsDwzOWCnPSlKk9q6j/hEn9TR/wiT/AN40f2muwvqzOW20hGO1dV/w
iT+9H/CJP70f2muwfVmckUJpm0+ldh/wiT+9H/CJN70f2kuwfVmccUJ7UwofSu0/4RJvek/4RFve
l/aS7D+rM4kxt6Uwo3pXdf8ACIt70n/CIHvmj+0l2H9WZwuxvSk2N/dNd3/wiB96T/hDz70nmS7B
9WZwhR/7ppPLf+7Xe/8ACIH0o/4RA+lL+0V2D6szgQj/AN2nbG9K7z/hED6Uf8IefQ0/7RXYPq7O
E2N6Uu1vSu5/4Q8+9H/CHn3o/tBdg+rM4cKw7UYPpXcf8Ih7Gj/hEP8AZNH9orsH1ZnEYPpRg+ld
x/wiH+yaP+EQ/wBk0f2iuwfVmcPg+lBU+ldx/wAIh/smj/hEP9k0f2guwvqzOG2n0qa1iZ7qNcdT
XZ/8Iga0bHwoEdW2cjvUTx6lFxtuVHDtNM0vCtsUiXPevS7EYjX6VzWj6X5KqCOldVbptUCvNOk/
/9T3+kYAiloPSgCpLbBhVR9Mjb+GtNulNNAGT/ZEf9yj+yI/7la5pKAMn+yI/wC5R/ZEf9ytaigD
J/siP+5R/ZEf9ytaigDJ/siP+5R/ZEf9ytaigDJ/siP+5R/ZEf8AcrWooAyf7Ij/ALlH9kp/drWo
oAyf7JT+7R/ZMf8AdrWooAyf7Ij/ALlH9kR/3K1qKAMn+yI/7lH9kR/3K1qKAMn+yI/7lH9kR/3a
1qKAMn+yU/u0f2RH/crWooAyf7Ij/uUf2RH/AHK1qKAMn+yY/wC7R/ZMf92taigDJ/siP+5R/ZEf
9ytaigDJ/siP+5R/ZEf9ytaigDJ/siP+5R/ZEf8AcrWooAyf7Ij/ALn6Uf2RH/crWooAyf7Ij/uU
f2RH/c/StaigDJ/siP8AuUf2RH/crWooAyf7Ij/uUf2RH/crWooAyf7Ij/uUf2RH/crWooAyf7Ij
/uUf2RH/AHK1qKAMn+yI/wC5R/ZEf9ytaigDJ/siP+5R/ZEf9ytaigDJ/siP+5R/ZEf9ytaigDJ/
siP+5R/ZEf8AcrWooAyf7Ij/ALlH9kR/3K1qKAMn+yI/7lH9kR/3K1qKAMn+yI/7lH9kR/3K1qKA
Mn+yI/7tH9kR/wB2taigDJ/siP8AuUf2RH/crWooAyf7Ij/ufpR/ZEf9z9K1qKAMn+yI/wC5R/ZE
f9ytaigDJ/siP+5R/ZEf92taigDJ/siP+7R/ZEf9z9K1qKAMn+yI/wC5R/ZEf9ytaigDJ/siP+5R
/ZEf92taigDJ/siP+5R/ZEf9ytaigDJ/shP7tH9kR/3a1qKAMn+yI/7lH9kR/wBytaigDJ/siP8A
uUf2RH/crWooAyf7Ij/uUf2RH/crWooAyf7Ij/uUf2RH/drWooAyf7Ij/u0f2RH/AHK1qKAMn+yY
/wC7R/ZCf3a1qKAMn+yE/u0f2RH/AHa1qKAMn+yY/wC5+lSx6YikELWjSigCCK2EdWVGBSU4UAf/
2QplbmRzdHJlYW0KZW5kb2JqCjE3IDAgb2JqCiAgIDQwNTIzCmVuZG9iagoxOSAwIG9iago8PCAv
TGVuZ3RoIDIwIDAgUgogICAvRmlsdGVyIC9GbGF0ZURlY29kZQogICAvTGVuZ3RoMSA5NTgwCj4+
CnN0cmVhbQp4nO15e3gUVbbv3rVq96Oqq7u6O51OOun0Kwl5EBI6hEBAUiogCvLMMIkSCQ8jJmIS
IxkaDAkyGsNDBDEExAgxwyOi5CAilwwEznAAz9HhcIQ7x9GZ8Yxx5n7XmKNzOZ4Rk8pZVZ1EfM13
71/3u993a39Vu/be9VjP31qrilBCiEAaCRD/itXLqj+U27YREn+ZEO6+FXWP+5/+9PB2QhKTCaEd
5dUPrf7zM19cIMSL62TLQ49EyovOn03C86N4T+KqB5ettIl3HSYkqQjnJq7CCdur5l4cb8Vx8qrV
j68922EuxXEXjrc+UrViGaHHnyPENxXHz61etraaP8Cvw/E7OPZXP/Zg9c7FOwpw3EcIayAcKVdb
+HLWgdQaiUex8FeI4Qo1sdUcT7IvXOsbT+Rrfdf6cpz2gD0lYA+U82SgFhIGPlFbjNa//uUxQzo+
o4wQw152nZiIi0xS4i3GOmutQOrMRuqyET7FIZnTSEgMxso3+nrD1/rsk3EbT7L7wjf6wjknjrl7
3BwtTckNO+wyl0lpXq49lBfwE7tMAtz+Lf/z/X/9dMvguZ4eTqU7aaf6E7UqQsfSu+gMmnmzI8J/
HFEb1d3qC2oDilSjhXUhLW7yU2WctEt0Pe8U62y77MbnzTuhzv4sq3XupHVEtjis6SaHIcYRy5M0
hxDignFIXlij71ofnmj0Yd830Cf39st4yDkxP74qHgnNjdKn74Hhc60v6+lh0zYPbqVNzc1qhGtq
1knb/xs1cHZw4Oxgx2/U/UifG+n7A9JnI1VKgplREXYaayWkiHcYBIfJmmYJkTQDJ8vXLvQO9F7r
k/uRkv7wjf4wii2Hzu6yFM3ushbdP7tLLrq/+AyRh87hU2VsyiR7/qQSxa3Yl9rL7Nv57Wy7Ybux
0dRobhQaRbFUozHgCtmjlOe6aO1F9aFmdrlJXXkpwr/XR9eoW/q+zoqgoRBu6HPU6RydTgfZqixw
+GQHz3i7j/Ei7iYzJ/gY4+UkDjhHkt0BwNmsnJQEnEWbynCAWCdLZga0DmqNBDVrlSyiYGI8cJLT
QJzytXfsbs0Kpvb2uVHojsk5sxcVG2X2mZF95g4bZdNn+kDWR/qsNlcSDOXlUmwuZAcCkOvCg7yO
C/87l/vs4Iyd6wev1B/n6ZU/RdgSNI4IHa9eiXAhbsqIbdQiTxK5TfGIZiPUsVqzZg2GNJPgsKAh
mNAOrMNmKvdqku//sj8sX8hRzDlCjphjyZH4UQvQZBnVO5Bz3JwmTd+Rr7P61C34rqahj9kc9jlJ
p0alMBTkkgM+i5jk47x+n2gRM0SLP8DH0la2gYyJbfVscDnWj6nO8IuWgNfkdrg4BzE5XeOTvU5i
y8mQb1zou9aLpiD32x1R55F7b1xA07yo9qEUo5KzfoanRv1YEjxO0JFKlWcMSQafMZgmpIlpljQp
zZrmS/OnBdKCaaECoUAssBRIBdYCX4G/IFAQLAgVC8VisaVYKrYW+4r9xYHiYHGoUqgUKy2VUqW1
0lfprwxUBitDnUKn2GnplDqtnb5Of2egM9gZOiOcEc9YzkhnrGd8Z/xnAmeCZ0KFOZnzM/dndmXy
paQ0356bRHPDE/MmpGbTcTRvQnIgzLvtoXE0FDS4YmJ9NIm6YvhAMLmtwfuvPS+2P3r0ow+O0zFU
2EQTWhu8F97ctXvVP330z93qZfXqTvWjWXT54YN1j923MjN/0qVTv//PsWPVk3u3P1ReumxC/oQP
z//x0zAZxqbjqPMEkkx2KbNEwQwWkw94MPp4HjJMPEkEPrFO3B1y1rlq7RJfZzMY/TyDeBOJBb8Y
8oLVYmDx6Jj+5PgYOS3REnIEU0awQu6Vz52zO9yTUeqOyXZsmkn3h8NoNmq/Y7LWRg0b92Hl2FA5
J0SjzcaVItduJ5ozjKOZ1K7btQ5/vCvGkBIVVyblC0vWZf12j+rqn7Fs8W3nBgnaXBHlacLbgy2b
tu7evXUT97605KdqWYT+auu9g7+LaLZ49dy+NwOt27a1oO0P3UA5LEQ5WMlmZbJVirqpmCSI6Lki
mib/jVNniGDRPddIamHUa802YrCNeu2Nqei19lHWRhzWNOywyKPJrBmgB0QqmgSzQXRKTqssh6SQ
1S8r8nxZRJOgrhDFprmSGTvDwvrBd/sH393G/XIHfZ62oN4iNzvYkkhkIAS/04CJksXoV1+iX3lI
oRJPnnNvAGm7fYPFvB6qE6wOi4fEpBikBFTPtXf06BX1E7UvR5FyEqsS13Dr49d7Xk400FJq4IeD
zKgZcnbZgSLPZ19OUX+tqurT6t30LbruKeo/0DDm10d+e+3ahy+cyaSdf/6IHqAP0nJ6QLld3fHL
brVHfQPbuYOHyTDOQBnKWiSTlZgoyiDICIgyIcQYLmiRb/SGB3rDozFQsdmkHEmR5ktlUrXUKBlv
xZhcVxRhzkXxxavJgdPkYNiPchAxomQrDrLBYtjgWG+pjoMUlznFJmnRbFgACByIX1XxDfE98Vfi
Eb9S9EgbZdcdFYF+hPU9p0/3nO3uPqs2qUX0NbqWRuhRddESegedTefQO9Ru9S31lNodoftoBbaX
1JUYd1vUlUTn+z60MRX5dpINSpbNZzQaDD5ZtmXIRmoxQZ3Aau20zkrMaUZHmiziUUJxyA4uGDMM
ub3oTr1RB/pScyIt5N3iPGhVRiMlpUqi4prvWmWodjUZGl0vu4xGY6wx1ZhvzJdXyYbSUeHREZTW
/Oq+nh76Hjx1lhN61JsDq89q0vz6D3A4gibG5w/cEYnyMBNjRDs/nXhJRBnriTFKbgrtzH1AaEtw
WIG2s0Mysd/jTJxlsOU5ZWkmT/I8Bpm7PSmKCDdu4aHfjRAwAtk5J4nPR3wU0PBmdwlFGLqTiIIv
TCJJQ+f00H0y27fd1+WDUd1PQ7iMdQ1jwoRUDSZxMHP3bvqV0lH/xlutg09tnPGTypVPRiAv0rK0
6L13B69HIlxe08MvvaqGonZShP7CIz+anWQpTtJsMTQ72jQ7meaaYp5mC2uGckM3lAHNUE7K8Up8
WTxoVjLRLqdGsflWK+GOVt9/X03NkiU16p/V87SQxlMPnaaeLzpHkZ2e86r69zUIZQZqpOnqb9Sv
1Jvq9VHZmmYhLTnkCaXQ73FKvCGTgGwc057ulQ+Mg7aUQFyMyIzt6YdCsWYS7xRmWdxz4015Ftng
mhsvO4OzMvxyWnJe6u3jdReaiglS77DZoJg1qUfFjsajCd49GYOjIpFwdlgJl4Wrw9vDmuP/sFy/
NxhVAf/BPUdr33qzdbCp4bZFD6xqGNzfMG3hUuyf0VQxbf+jT7ZDpGLZlaua+OmXl1bteHrwL7ee
aeopXbxC00c26mOmIYbEkAC5S0kOuJg9LqnDFNdhpe3QSNqt1aY2R8I0caqTy3PZeZlMCmqWpZuW
hhe9WkaqWZVuVMcLQ4iy+XpGp5Gq6ScUTB2D9NOY2Gj00Di61EpvZrVWf0yZ+vXH1a1ZqoHeXFqx
uqRkdcXSCAutHdy6aIF6Xf0a27UFi5oitPz0wa5PPjl28LSmN0ye+DmotzjyEyWFxNpNZidltnY7
OxDbJpnb7YdEYYKJyyXynQ6TbMmz3h6P2kFvGM2hdD+QL2jx0aEpxOfJ9hR65nmWeho8mkJGkoDv
CX5OjWH+nMefPj84c3c7x0949QlfCZ+r/uoni955U12iy/VMVaV52M7500ijkSSSB5WgAYggk3aT
/LLUHGM6CM2etphqr2wn00yTzYZCd9irSVWLElHLxxDRK2O81ukLliU1JL2cdCWJ7yE9hh5jj6nH
3CNcIVcMV4xXTFfMVwQLggzVReulLODSRZ2fa+BDI34CeXMfuH8e98FgyhOba5+NOZg5RP6k9qnv
Y+IjURP1cMX/cuTgrxw/M/36rXWPv9mJUdCK02nq2yM+uwptxII2MkdJocTuFfgOj9ARk9Tub5Ta
Y6o9bTZfnhezfmueNNU4zR3WjORG78DUqb3fN5KThaGG0LGQhjzD5qDTyzRhW1HuGskobLcmd6gq
e/jRkvtWP1xGl+9WjVl7qv+oDlL4Y/WeLDQh+oeHTx889sknXQePRpoWLcAqjKGfZyxYRAfWRnMt
dhXxXybx5B4laK+zxGnBz4rBz2JwxTlskivbbMuwSyGzHgc9mhNfQC+OgqRdrwr7tdTpvyMQzU+o
TmhMgFE0D2NGxIe0ygVG0iItMC78iqaq7/9V7f/ii+onX9y7qVoD9s8uXf531RbhPn5tx3OvjuIg
0XE9DeuZ8UmpxCfHWlkq9bVbUw+YYl92NscltNF2U7UV/NYQH5vr5vKSbOiAIdkthtP1HFzzwyit
SOjF3n71omY1+ozdoed/OcpYX0ZBTKGrMLbQXRhXGD/ZMy+jIUPIdGXHZrsbLA1Sg7XB1uBr8DcE
GoKiZkb2ET2k5k2YOGVYRcZQHnqAn6d5o/riV7WqhplHH33l2NeDp9c1VtTG1Sx9p4Z6qVlte2pF
xb3zFq7ktg32RZqK5h975Y3jhRvX/3TFJ8HgtcHfX3/kwQdXPhLF4GL0kyyUQzq1K3diHmizLAj4
zQJnEhf4A/6RuuQ1FvuahzWTo2M8za6jjja9NgmYLF7OnetCTzfNcyV75xFbOFqbXBipTezDxckA
Vit/6tdh+QfLE0USzaIgilgKSaLVgCG9sSHz5cyeTEg3pwvp4ljLWCndOjE0I1RiLhFKxBJLiVRi
LfGV+EsCJcGSUIW5QqgQKywVUoW1wlfhrwhUBCtCm82bhc3iZstmabN1s39zYHNwc2iPeY+wR9xj
2SPtse7x7wnsCe4JHTEfEY6IRyxHpCPWI/4jgSPBI6GppfT7FcrEqFt8r0JJLauxtmx8pPbuh3f+
YtfnNx+4vrHG3Nz4SJWyaMfV/eqQ+sWK3/to+s/qZ89UZnpS0vc8+doRX0C9sfrRGXdMnOZKydu3
5cSrSXqdTbLVxWwm6sNCQqRGyRzxdandFkRnR5dvsx3yv+CpTvZNIOjoUwNW3e+lScmjYUEDWblX
/1Shhb0Rtx9JM5L1NCOZJA+nGYpZTilMaUg5lsJjAn5LlEgZwd2RKBKFYy59JFKobd8JIx2Dy1u5
WQ8PxwodE76JIuqsyHBONX7oYzjMajADeUDxugXZRNp5TkfmagN3KE422qmZyUAmYS4ytS/8zrUL
GiojPA/0yhdGP3yIRRpD2jePOJ2jOBI3kjjNi1+K2S2UOkPaNw57wBWwD0Ny1K/+ae9eupyOUd8f
W6BM414wv3Tug33weoTeo56MDK7ZMn3xffs3Nr+l6wNzFO43iL0icZEpShx0mh3tMYdkS7uVzDZI
mIk4bXn222OjGfw1PSSHB/o+xPpC9Lmz3WXu7e4uN6OlTt14sIbD99PRsPbL6gXzqqrmLaimm1oH
q7TsgRUtqKrCyUe/XqPHs+E8SafBTMYrDkO7qZEn7RzNI7IR8tjtQvTdw2/W3itmi2XidrFLZNpn
tJF3cYXDr4hEtBA//P3jecRnF5mnpEu7xJ3f/i5262exDIcQMuggHfsNSN/oDw8DdL+KVqf25pyw
uX3uH/kmptctLLd5sJWub25Wn/r029/DdkXrOS1ub0L795Cw4ibuZpDszRZzm1bN5WrV3DRD+NZq
buDCwAVZvZBz3JaIiQ8GzeGI+y0/1TTPb0r99B/VXvUynUAdVX9cUy1veGxX/brNlRutdM7JN2gq
FbWAm5Ghvt+06fJ/fnGlca1OT6GW/6PsvWRtNP+nmPtjBdAYTf+Ftm+n/3r2z9+p5/9ayvOd/H/g
myD8f5z+238s/W/jyHfSfy2Dq/+h/J8OfYC52/v8GKz765UCwcyZfi5ZJePPDUYrdnNMRiSBZxwY
5lBKMozEYmIal3CIWCWzyWjgKTHbRO6bwn/g24W/hunfrfzTmFb5S2P5TDabn83u5+9nhtLAN2U+
dpS+rTat4ZZvxGzIsoVuX682oT9GBsu4/VjsL9TitTqZrUK78JGx5HFl3Fi/nBiy0fQOJ2n3mizN
Rj7UEd/mPcQfdlZnmXONSXn+RJtMpqZOM8aGs7SgdCMarEeh8aJ6QcNGPc1AfSiJJiFOSBMKx/HE
RMw8opJsjhH8Jr85WTDrcVlH+jF50ZhwG701VUIe6C2pVB5/VT2v/q7it7U1ti0bO5puTZvoV6px
JKeC1wfKPvqPQEB9uPylS5FbE6imiLp3OLU6Hc1XMC5o/MdiXFikZITcRqfH3yGQ9hiGhYKnQ26L
OQQvCNXJ/AS30yC7uDwy1TtNCifriWA4mgn+QFQ4UYXQz42kHbn2v83V7sEVHT/OzNcBLHJO/Q02
0Li0emcL2l88eVgJxcpMtDgPmNwanB4yVSMncbNieRmJnynl2WRxkkf7EqAlstE8Fq0tPFrrkAQ6
7D1aMNACgUd3IQ/xDLvQie0JXQnct1Iq3ZOi7OApf2O3aijUnYfevKO4csVGfszAwmjtzGVGBp+/
WNl2lH6gxy2NeiDa3xwL4bm52CdhZgvoSQ1kiC6iy+hauoHu5C5yH/pT/Tn+Av/RQHBoSPvPQvbT
hbQM1+uH1524Pnl0/cc3DQ8+pHvpPtqGbf9wu4jtMtX+EBn/5t3/OxtPtL9TFC0sUR+L+pHhLiGf
LuxNxIBcEow+P7TFEjtiYwxx6nwmofC1LQElYyU2jMkB4sA4H0+C6Ln/f/uxjSMcXa8d9arpSyqT
CjL8XQ9XltDlOGrC43ZSRtdTDKBkLllCbiNPkb/g/Eb9fh/diO2o/ryzOHM2eobzR/EphBSRGrKR
tOrvuMQv4cv59Xw5pkFb6Bac+Z22hpVAFp+O127EfT2uLdfOaSG2dFJOsEog7TjzJa5HyF4qsHfx
yf9AU8gqfM9c3DvQ7U1Iy3Vq5cqpBa+t1QwMLQT5w0yjgqwhEbzvut4+x/FKEmHXDTHcl8jXLFwz
8GXkE3x6DamhAs2FXO6veO9cnGnWuKKdhIMKNNsybGP0Np0sx+ccxCsiZB+3nMvlx2hX6bTfRj4g
J3W6y8kOHC8knfqRwAB5D/JoOdKvySaenSeLjffQgMFKs40NKCti8JKNXDnxwXRSS9DATxq0r96U
YOTp4lLuXtmlLCj2Xy4JZI39ztAvG/1dZH6XFPGfGhqaX8wnsJIultgFKaYuPiX0bz+2+G9ZY2fP
L/Z3XZ0xffipM8qm49yiYjzVRjiN8zOmZxEdhbgHTj2WFTNjqW3qfxCfSVf2e+/P/V8j/VfzBz62
Xjen47XaItUvwKNxk+olxJaL69XW68Pz32wh/l1SbviclBniSRm7QdyGvKHP2X48v0SauLdRLgdx
LW/ohuEBshjO4vlfUXLzyX3sKpnJFpMi08+wbyXZfD6ZwtykCM+LMHMsY9mkiN9IirU1OE7Gg0Bm
ajt7nZTxf8DrrpJC/uDQB9r1+n6VZA/TNB33f0biq5HpONz7UH/FaAMfRXf2P5CqLuQMtWY8hYA1
B8FKxh3XBCxzRbzPkow7Iqa0ixArrlvxHtvnhNgbCXGsJMSJ1ztxzYnPjsE5F45deH9sKyFu3OPK
tP/vurRCnJlkksMoVU77y6phMJ9JN+GYP8U1Kr1XVPj1bHhXhXcEeNsKl8NwqRsudsM/3IQLLfD3
KpxX4VzPXexcPfTcBWdz4Ew9/FKEbhVOq/DfVDhlg5MCvOmCE6nwhgBvKPzxv/Owv/NA1zEP60qC
Yx54/WWJvZ4Pr2H3WgCO5sOrInQesbPOMByxw5FG/vA4OLQ3iR1S4eAvHOygF37hgI5XMllHN7zy
uJe9kgnt2LV3w4H9HnZAhf0eeFmCtpe6WZsKL+0rZS91w0uN/L4XU9i+Utin8C/i015Mgb177Gxv
Euw9NXROGeL32KHVAq0Kv9sLLSK80AK7JHg+HnbuWMl2qrADX7FjJTy3XWTPxcB2EbYr/LPbJPZs
DGyTYOsWgW0NwxYBNnuh+Zl61qzCM3jHM/XwtAhPJcHPcfDzMGx60sk2qfBkjY096YTGBok1qtAg
QYPCb8ArNqhQ/4SP1avwhA/Wr+tm61VYFyll67phXSMfWZvCIqUQUfi1KfCzfKjDO+oqYQ12a27C
416oVeExfPJjKtTYoKaRr64ax6pVqBoHj6qwWoVHZKicDRUCrFLhIQEeUvjyADxYDytVULatqITl
3bCsHspUeCAWSkUbK1XhfjuUFHtZSRYUe+GnYVgsQtEiDytqgUUeWOiBBfNj2YIUmG+V2fxYmIfd
PDfMvTeRza2He++W2L2JcK/Cz7ElsjnjYTYuzw7DPTh/Tz3cLcGsuwQ2qx7uEmDmDInNDMOM6RY2
Q4IZUZVMt8Cdd8SxO1vgjji4XbGy2+tBmWhmihWURr7wtnRW2A3TsJtWCrfhK25Lh6lT4thUB0wp
cLApcVAwWWAFDpgswKR8G5tUD/l4d74N8hv5iWaYqPB5E+JYXgtMyDSzCXGQa/ay3BYIp0ssrMJ4
K+RYRJaTBNnJ6Sw7H8YFBDYuCbLG2llWC4zFe8baYazCZ5ohI9XEMryQLkG6wqeNsbO0FhiDc2Ps
MEbhU02Qgo9I6YZkZ4Alp0MIu5AKQXxgsAUCfhMLCBBo5P0m8Cu8D1d9GaCcSLJnsaQC8AYgsR4S
XOAJQ3wY4nA5TgV3bDpzV0IsjmLTwcUE5kqCmDhwopCdAXDgvY56sCNL9iyQUTqyCjZcsyWCVQZr
Iy8hc9JNsIhgUXjRBgJeKnSD2Qsmo5OZusHoBAM+1hADTACm8Dw4GO8GvpEHamPgAFB4Ds84FcdA
sZDHIvIUXfnUNpr5/+ZG/m8T8M3mJf8F65aD+QplbmRzdHJlYW0KZW5kb2JqCjIwIDAgb2JqCiAg
IDY1NzUKZW5kb2JqCjIxIDAgb2JqCjw8IC9MZW5ndGggMjIgMCBSCiAgIC9GaWx0ZXIgL0ZsYXRl
RGVjb2RlCj4+CnN0cmVhbQp4nF2Sy27DIBBF93wFy3QR+RF7aCQrUpVusuhDdfsBDoxTSw22iLPw
35fhRqnUhc1huAN3YLL94fngh1ln72G0Lc+6H7wLfBmvwbI+8mnwqii1G+x8m6W/PXeTymJyu1xm
Ph98P6qm0dlHXLzMYdGrJzce+UFprbO34DgM/qRXX/sWofY6TT98Zj/rXO122nEft3vpptfuzDpL
yeuDi+vDvKxj2p/ic5lYl2lewJIdHV+mznLo/IlVk+c73fT9TrF3/9Y2FVKOvf3ugmqqKkrzPA6R
a3AduUa8TvEC8ULYgq1oNtBsIpd54jjEeIl4KUxgklzoK9FXW/BWuAf3wgzmyASmxNCQaMiBnTDO
IjnLgI0woRaSWgi1kNRSw2ctPgl1kdRl4M2INwONEY1BrpFcgmcSz4R7ILmHCjVWUiNhH5J96BH8
KPtAY5LGIG4kDg8meYDnOMjD3V5InlB67d4b9hpCbIvUkKkfpBMGz/eencZJstL3CxEWviQKZW5k
c3RyZWFtCmVuZG9iagoyMiAwIG9iagogICAzNzgKZW5kb2JqCjIzIDAgb2JqCjw8IC9UeXBlIC9G
b250RGVzY3JpcHRvcgogICAvRm9udE5hbWUgL1dESkNQWitEZWphVnVTZXJpZi1Cb2xkCiAgIC9G
b250RmFtaWx5IChEZWphVnUgU2VyaWYpCiAgIC9GbGFncyAzMgogICAvRm9udEJCb3ggWyAtODM1
IC0zODkgMTg1NCAxMTQ1IF0KICAgL0l0YWxpY0FuZ2xlIDAKICAgL0FzY2VudCA5MzgKICAgL0Rl
c2NlbnQgLTIzNQogICAvQ2FwSGVpZ2h0IDExNDUKICAgL1N0ZW1WIDgwCiAgIC9TdGVtSCA4MAog
ICAvRm9udEZpbGUyIDE5IDAgUgo+PgplbmRvYmoKOCAwIG9iago8PCAvVHlwZSAvRm9udAogICAv
U3VidHlwZSAvVHJ1ZVR5cGUKICAgL0Jhc2VGb250IC9XREpDUForRGVqYVZ1U2VyaWYtQm9sZAog
ICAvRmlyc3RDaGFyIDMyCiAgIC9MYXN0Q2hhciAxMTgKICAgL0ZvbnREZXNjcmlwdG9yIDIzIDAg
UgogICAvRW5jb2RpbmcgL1dpbkFuc2lFbmNvZGluZwogICAvV2lkdGhzIFsgMzQ4IDAgMCAwIDAg
MCAwIDAgMCAwIDAgMCAwIDAgMCAwIDAgMCAwIDAgMCAwIDAgMCAwIDAgMCAwIDAgMCAwIDAgMCA3
NzUgMCA3OTUgODY3IDc2MiA3MDkgMCAwIDQ2NyAwIDAgNzAzIDAgOTE0IDg3MSA3NTEgMCA4MzEg
NzIyIDc0NCAwIDc3NSAwIDAgMCAwIDAgMCAwIDAgMCAwIDY0NyA2OTkgNjA4IDY5OSA2MzYgMCA2
OTkgNzI3IDM3OSAwIDAgMzc5IDEwNTggNzI3IDY2NiA2OTkgNjk5IDUyNiA1NjIgNDYxIDcyNyA1
ODEgXQogICAgL1RvVW5pY29kZSAyMSAwIFIKPj4KZW5kb2JqCjI0IDAgb2JqCjw8IC9MZW5ndGgg
MjUgMCBSCiAgIC9GaWx0ZXIgL0ZsYXRlRGVjb2RlCiAgIC9MZW5ndGgxIDEwMzA4Cj4+CnN0cmVh
bQp4nO16e3gURbp3VVdXz/Tcuuc+mTCZmdwmlwkZJgSIBGwgIHLJIrJsiEYCJAESIEFAIBBBkfsl
XEPQCBE56KJCQGQjIEaMKCqbVUFEcdUliuzBrHs2B9ls0vne7kkQv3P2POf5/vnOH6eLmqmuqul+
r7/3fSsgjBDSoZWIIN+MudMqrg7Y+wlCfRoRYvJnPLbQV53xUjtCXhtCeGdJxcy511f+tRkh34vw
q40z5ywtWbykbTyMX4bfGGYVTysy77rvGEL+/jA3YBZMWHz6j+B+DtzHz5q7cMlR0fgT3G+F+9o5
5TOmIYaDYWwSfNTNnbakgn2KZsA9vAP5Kh4trli0lLsF960I0UcQg0rkGraEHgBqNcgtGdh3Efcu
1tIChkXpzRdv9kPixZsXb4asZr85wW/2l7CocwGJ7vxWrtGYbv/bo1wywmhB9zV6gP6IPGiQFO2e
h4i4QiiyzTPMJoUxZkFI9ASQ08QnxIjt8Kh25Zmt7Tc7b4rn2kLHRW+5l8EFmGPjYhMDiUymiPxh
1mmO64vjYhmzaMkIDxhIDwyXz7dt75hWMRdvx/dXYtu++Qlfnf/LrVt/eeGzEN740eWiaRXYcxw/
jF+Shskvnj4mvyL/Tm6UX9m3V+Gx+xq7kc0BrSShx6X0aL8+CokGXBm1Q1tt9W+J2xxTnbjJWmio
NDFRFPnTYo1Bt4ACeuqOdaQki+3NQHY43Cq2mS1ZWf1Qelur3HbrO7HtVps5K8ucZckKSfFiSnnK
kqSmFLYyqQk3MU2kmW2mzVyzvdnR7GxyNUU1uY0FwGdmXCxntzmAK6s5w+7PNAGbiZn9B2T4M/sn
wpomLnMozgg7SPoP69esW7hgc+MB+cCQ+rKjf2i7gpkdq+c9KU4tfG3yl9dx7jePVZY/uQWf7vq4
dMGYUafr/+XE/UtXF02/nJz8BSgb9DIGIfIJ8O1Cu6RYLW+lGAmVZkQdm4x8pblOr9MyaUgMWrQB
Q9AUihLbW2+GWy/eFJsVHtvC8rlzYpt4zgwshqRBIhKxyIhEZEUq2kWH6BRd6W4JSVhiJCKxEs2x
Sw7JKbns8GpG2ezDPoZTmB7bYJ+U9waK6m6CpSho0iDzwEFTcETLnF2VRIY5LtNvjzD/SSnNHbtu
26WuCwcb8KwBhyrTZrDJ8q1f5Z5ukN2lpWTS7DfKy0wKj4PBryZyNsQjSbJwldr5LKpkcBAFNCRI
QzrgKdzZCvzcDHfeDB2r1uOfydGp5OigRchJuEMFPnC468bRo3h2aWkplUpRjw2Vgiz1yIlSJSuq
NnDVlk2GQhdx23N4t5DiAuuO2DZYNhi2L6o8Cgw7ITwgolhQujMWZfZHGWFktyFm1s7du3fu3F27
43v5Oxx14waOkq+P+nNr640bra1/noEzZBmH5d/LsnxB1SX4GDkG709GV6Rh4Bnx/qEGfYyX8fiG
6g368XqDz8868HOonlYHHM/Z691AXaAwxac3+D1aZ5rdM1TQBuyj4pk0AY1MUW26FeiM2LRi1Qrd
7TdVo3ZmhcY+mKcRTT/AUKN+Tok95ksF2Ul5AW/AF/AHYgNx+bp8fb4h35jvzffl+/Nj8+LWeNf4
1vjXxK6Jq/HW+Gr8NbE1cQe9B30H/QdjD8Z5pNQVqUdsR+xHHEecR1xHot60vWl/0/Gm803Xm1Gm
AlQwMDMjBtSvCCwd98WKV4QdTnuPkdgcXhyD7TYOHGZBKbt5w/Inp+5ZvX7Zp29MOjmjlF23aOHi
/LXbd6++/sHM5sG3Fz9WMGXU5H5pwadKth8Mpnw/c+HEiSMeSElL31y++5Wg6h/dk+TJzGV6CdnQ
XClaK/AYFdF5FiNfrp9uedLOCMgQbzLrtHbxYnNnq4qFIKGw2CaDT2SFwIx0ihnZkQT6sSN7d5Nq
RsdCDtXGTJPGNgiTHlJ2qIZmV3aqO0gvn6rFx5lVll5+lOTlLX7ke2b+mXNX79shP/2vM6bVfE6z
yso63vzpaqxig/MBs6OAXi140AjJj8rtqwyactN0p66c12C7wLriEGsCBuIdyKz3u8Eiw61hcOjv
zBEdp7eFb4Fft4WOTY1WHMEfMU4/jph9mLXb2Dg/eCPuwNpddXW75Nvy4jNnmLNfY07u+Fp+9zpz
+7naPfUdNaUUlV17q6m168vSCNYo/uEB+3SjTMmN9jiriXG3YZe5mt9ECqNNaQY3srm5lGglBHx4
scdNwFHk1tCx8j4KLQoQIkB/ReXmOypX0J/1BP7YoHiJ+/vi94rL7JtX7ardXbN4ixvfe+gYOArq
xv3SQ/KPm1Ze/+6775dXIUVWgH1MIb0G/mpH90tOwlsqbXUiQDwinDFoCFiFoDnkiMCDQo8KEBc/
BIhw3gURDlVzDmgRzVlVk4zYoPUOXLw7Ir3viOHp6SP+9XDXnxsAsOj8vjk5fdOHD/9HEoDVxDJ4
RgdgcTvESB1aIvVhiyhHSRFHxxOOxZSbrcULEK8xs4jRg7E1dzarBLU3q9ir+CL7g0Zkf5gS22t0
etXo9EjfY3QS70M+nM6n61iFeL26RyVer+xV9/gz/WaamZBh9ttxHGblT/CcDRhA7fO3V93sqOzR
40aE2Fygsw8aL/kNNiQY0UKmyF1MZxsXm21GgxPpsJPTmnQitug9gCNKeiAqgVC1r1ttcpvYrLiH
pB+lG6UfZRhlG2WnINE4swLtYGGY02BFcP5MPBRHsBFzFWVXZt3AJvn3LoO8lilf1DkEv1Oz8tkN
1XXsfKzLyv7T2S/kFiesNcoH5uLmmn9s2H1oi0JvHdjdCqA3BehN5T3FXutCS7Gz2CskL0TFicVk
tlCY6ovhPXHJOhTHcW7OYNMhC5Maieq9pGfdlZMAA21ZIasaiEDTGgVzWD8kJ+Y76JQKDtOL65q4
dxddfuSLW4fqGj+Qr8u3F301r0J3eO+eoycapoaPHNm6du0uYwWtCfZ948W1r/ncl1/66KtwBo7d
uvPo0w2vlWzbvmrjysfBXu8FuTcAHwwyo31SAlPE63hcpNPx47HOgBaYNCJdoJtNGC3LIbORCHot
YxHbL2aDsWSDvEH2rZ3ZF7NvhnsMRlQshoLFHEvnwaBP+Hif0WciEeMY22CY9NDYBqPyEYEoi2or
FmgRW5FceuzGg/D9mOUYB5OkG8AM0t3HjNZpAKexme/VoGJMABjMBzJDTnTl/di1kNlyDnvkaz/i
DuLu/E7mSnHCXNLeqSuTv1D0dRj0tRQwzItekRII51niLubEhUKxrZgz4MVouqHQ5zEzuhjk5PgY
s05gfAAZYGTNiqIiWoroSG61qBjMT1I4usOIT2UEnKE3xxjbYIEd1sii6jU+ZVOEy0SBCKxABU7Q
CFohSnAL0UIfwSPEGAQkYC/y4nSUjjmFZ2BTMQkldv/SGFQbMLNc16T+Gyf/G3bJ33ajmZ/Nn88/
v2Pvod/uy1+fOZleOiBPio+X27//Qf5J0f6Wmj+8fbZFGsG0KVi1HmRSA7rXowQ0Q4o1IK5YQMV2
75yYpXHF0bPthYk+XYyDcBa7geOpS58IIrnZfncm3fZpm5KkJfAG3mhWEjRO1Ji1VoPVKJpEQRTN
5mRDsjHXm+vL9Vt+kZOQXqYAfc1K7t0bcBlm7+ba2s3VNbWv57w85ytM5Bs3uuQf8XCc8KvDD803
PDnv7JlRLWfPtrz3xrufMj+OHQPcXZP/gpfiR/A6fDgm5lZxqfy5iilQy7Cr1Lj1qOQhREkPCcZo
PMVksWY6JgwmiNUhjuEVr4RsA6y5/WavIdMeQ1Z1DUrkVQ3zSsb3s4aVeVW5vLKuzh93YhdhCnjA
OiXI+tlVXY27mLSu3EXkMi3v2Eb7NeKHlVjRPVjOwsfUWBGDZkuxMaLTQHinI7raykPAqLM+63Wl
OSBuOAYIAYgdIS+EDSVqiG1KStCp2Oan58TfK5lU6ES6r9BX4SM/xxCvSi/YUg+9xxc4F7gYVPCL
WAJRJJIGBHpzgwtKUBkWSh+RdhiXvP3S6FVDp2p+PfGh39yJLXJl2T/mHzjl939RmL/sCcWOBsuT
2UaIwQYUh34tBTEye4iR3ek2VgqxMZU+3U7bJneh70mhLt4bRBq3M9NvCnpEFDCG4pVUAXIFcK5W
haebahIbVvNDJ3B1fEVCQ4JSpkVCcsR6Ar35usVuY+JUn1AiIj6wY9Pmbds2b9rRCBn0gBeWNd++
3bzshQFKSs2Mnt10/k9Xv/z6/dfKDhZNld/v6JDPTy2So8vKIvWK5hGgP4R+Kw3zua1GlktFROMR
V5NAZXJdgt9l01NNZV+yKc7BoyirboghNujTQjTn7nUOiQrYg9Z7k4IpvkB8MDHUL1LOKJpqv9kq
QgP9gGFlZ7eF25xhBeXDwJtTiVT3hqeGy8Nbww1h+rPe+ql66wetBxKt6bp0fboz3dWia9G3OFtc
TWG+AEfiRE8FE/Gq/+zmTm3DJmT+y7wXDhyUmfrC8mVP1Mvanm9GKXUy9hYtP0jyFi1u+ajrXGkp
k/D8hpPHlJKHCe5bGxkpxU9pxTLQ9xOAG5sBN6IANwqkeOT2FRPrHMtSZ7FA3MU8hL5Em86CuDhq
sHs4i4NTkKMVcCNiuSAXsFxFEAp2RHuxl/ESL+ul3hiv1+vz+r2xw6zDbMPsxt7sTC1eFJS4Y6cW
3JumgU2QMyMOz/2j3I2dN7qwIJ+RrwJSVBifnHv2jHxmy+7dW7bsrmWeHTsGG76/hs3yWnm/vESe
GBNzu3gOTmBjAUz+cB7ABHySqJi4WcVEJ0pHQ6XYeBcptvPFMUJxyuyYwlC8y2ChAQNNQ1y0neMC
fn1IAY/23pDeEyoAGJVUvRftgE5y1zgS2+Ni46HUGNhbcIBHkpP7tm7dp/TkDcuXbdy4bPmGOYfO
yLdu/yT/+5mXdj93+8qV28/h2vqjR+ufO3qUPLautnbd+tra884L+z6+du3jfRec0UfWHW9pOb7u
iOKXa+U6TTndD/g0HiqNwcOHjR0ZyI03oLEjk+KJcWQlP7ZSqJTI8vjKVH65qzJ1YG4gyWIaHc0N
M6BoUx+LZwjXJyZ6SD8mF1hUkuautnC49zRCKU6Uqew2UGQzzCnTPV+hhDvHC4DrYIVqwhVIjFdi
FsfYbRang1VSbKdy/BKvHL/0twwcEA95mhNEIyJKMu8SFzUN3lFw5PPPjxTsGFx36HTOiFK55dX8
hsnvf100dS5OfeWJrwsz58htz/9OfrXqidVrVq7AU85+iqctHpcrn4T0vXrB0rXrKh/dcnvihI7z
5/8+YeKWzs6EjtPl5yat3pwYKJDX/vSCfH3m4qpx40YVFKxetgLf90YjHrXi8XUH66Z/t1xul88T
XD276pkje/cdeVatyeUs9hrghRcFUYmUEYSQbRX7+EgyqvQk77Rq92oM1WzczqhN1kL2WU9dGp+m
iQn6+ggBlJno1gx0pKRF3EE92/kZ9v74XQ/ugQSVsx0e9RX7rujb0JcFcPglSg9RHUORmipgSKzv
Elcmm9F5Y3ZTXqFlTdX+3QoQ/v32OwCEeJZcu2PTlm3btmzaQU53PvTt3xMTv5pV+Lvm6qKpeGBH
Bx4wtehgmbzpzfe//vLqn843qTH0re5r+APUBv4w6LiRQ8ggXuxshrzmgbzjOgZp2exsMTt7Sj90
nEzjCw0A55E1CLF6TWQtNPCugPPWuKyBubkDs8bNGpSbO2hg7vjeM47JIE8bika5UgyjtVci7R5a
bXBVo2eUw44+Wt7uRtHYLaT0USIGJNAfRko5pZIT2xRpWXweybPCQ1pQC25hWuwt0VQ5AvL3FHMZ
dyGJRq3yNOzkzuv79y59xrsz+MNbN+RvseNPf8XMRW7buhXbReDt8hcrqo40QKHXifvLl4+efOPM
63fOt9g2oNeDKqS+GqPNzRLsXK0jlbQu2mIiuFK3SUTmIdY+QU4IWgPGe9igmwugIBOK6QkOkcCg
RIU2iAmd6nGIUwni3hXeBu9dQTxGDQYx0CLBIONuSP8PgD9JhfLn5zQcPCCz+wqXrlxTr5SBb8yZ
9/6nKqyjt7edehXAHKm16lqQe3UP1sVJVlRs4Iots5WzJbAknhP0P58tKZAWSghbzCITOR51qmlb
BJaZjXtqa/co/W+QiJn/1o5F+cdReAJ+EE/CE+QG+WX5FblhBq7F83A5rpVnydvk7fIsVZb5+DKT
zywA5BVfYxCLESuquoWS2Aopfj6DZMQsqFPpvQS2+BVZqtLrlQSwOPs0gS90WThIPVyiUoUotCpI
/AujM981vjR+0KDx47Kyxo0flDVuXNag8aohDho/nmnumVdl092OEP0CckcGSpNXpAeQUjkzRZjh
OGoxMyLU0II6BdxrtBosajUm6HoDYxS1Ws14hjOVI9GgJWw5N11HzKJgMuq1GvgBRkYrT6zAYCTh
zG696QSDttzJOp1hDaSeSvapVTNQjTrVcwN1VZJFOQ9zKIWCYBIENokmcUnGJFPQnGpRKwY/D2Ui
hqYYB/GTDDt+momX27pGr2JsLzL2HV3fHKzq2lR1gPEw5/7hKaVlHbtKS/FoubGnFh/cfY0E6HyQ
8izJ49Qh0VhtY7WokmPqbIUujWjGQZ4GCEoH+8hWjm4/jJzjwbhZlJt7DqmMiv261OTYhVy9lY+d
aqjWrrFrEzWJ2vSoFVHVUfuidAWQiGaYI0XdXf6amPnl/v2v43z5YP9Ro4czG7Vbtu17ipwuw2Pk
E2VdBWvH/XrqtjWbf3vHJzkb+GS5FHTbNMYej5z//+6RSn3+33dJ83/HJadWKi5JpdKuyXf5ZLWa
YEVkPxB88gs2ALnVIinWaeYMRhuzmndBKo3q+EIWBZ0g+SC+xxQUA4Z05ahNSTWzWyOFuHJKGI4Q
3nsa41Y14Ebu3vJkRXRDNHOHG7fKjVvZFqlq/Hf9eUDlKxJTzHHMJZx3WH46Y3/Z0RcO4qkqK2yg
c0Tp6dLy85eZrLKuXWe3nn4VX0M95+PsddBHFF4h5Tn38VrHPruD1wr7REHLa037eF5rtTEW+1BR
FIShJsHhsI93CFrCGPlKPVvJzXfZRMJU6ussCFPC262CQceZHRqLGYEMNAEaJCG3qLIuNjVZsgA+
e/Lsm+BPahVx5zw54jrKmbLY41bwTznVOiYox5HS5xotL/AOrdOhdQtuR6I2WUh2DBKyHFnO0cJk
7W+EmdqZwkzHLOdi7TpHjXBC62J5jU6jpwZq5EzIxAlaq96mcVh4q86qV6pfi0k02YVom8vudCTx
SbokfaIpWUgTU8wpllRb0J7sSI8eYBhgHGDKEjOtWfZ7o0fxOYYcY45ppHUKn6fL0/9GmGyebJls
ncWXGEqMM03FwkxxmnmaZbq12FbiKIxewi/RLdFXikvMSyyPWSvtG60bbevt6x3V0TVCjfg6f1J3
Ut/omAR4kNxzymrG6qkvH8EFrDFnMGO6Og9CrYSb9uBvTsjNeOeervZa+ey2g4qJdurxs2Vl8tWu
jwEcXlsrf6zq9YqKiyxgsF8SkIY8ymOqZZGB0XGQGmQrp0KghIvZ8B3Cqj9DCQwvJ4eYfl0t9V0t
TD/KdrXsVwb7mX4oYvVKbQ65BWKZXPiOQSLMmNAK1A0hZBpegh/H25lzzFVfoi/ku8f3sj+2u1v5
uyKqxxNxIaxX9axbYT3rzvo/vxT/vYqfxnV4L7T6nnYO2nv4PXX9P7sSVNrc8OkBWo1AoQCUmiFC
OJEDssGfLxfQpkSsuy/tXWP+v6ROuQhS/pqLICNCgAWxIG8rikcU2VEfxEGmBO6FNMgPFff/Xv/0
wjq0ALTQiD6A9gmMxqFSNB+tRfUw/hYtU+ffYrVKg5krVNn7CWrEybCPURpOR4oez8BzMmDtW9hf
Avf1aLq63kEuqO1pcoFZjBgyAUYT1F/Uo0YymGXJhUhXf/UBGoJOokPKmF5ANbBvIroMbTg8fQw6
ja7gVegAvoSq0Ga0gFUY8GAd5CCl0KbTS2r7ET2svlmZK6WXAGHrUSnweRqefiAyj5PxRFJISnAe
cMjgQ2Q0zK5GpWwhtIDaclT+IjwwzDJ4fw+/6ALzMJPMBvAheI/yjgvw/ENoCNBbApSOhs4o9JMb
qJ4YgMIo+hYaoxnDGTCnqUKTYHUZycBPcx5UiKrIJHhCLsxtRrn4MrwFDPcER1kCWVDQJzYwCfcX
NUgP5Pnem+JPC/5ftz5R42tAExqMS32N3d0T8thoOqWB9mkgCdoGNiHum3+2+E1acOyEPF/D+ZE5
PU8dWZgDcw/mwVC5g2mYH5mTFvFz5pHGmWLb9qlC9r8jb8RJP7mS+9fe779/1nWP+Jn2axTx4Agy
wKdmruxByOz5+2edFeJn/wExElmQGLMRIc4LunwHlZBP0BimGg1mP0IlbDRaQDK7J9HpaD67DPZV
ozHUiTqgb4ReB/1e6Iehr4f+MrOsezD1osGaGnXfE8o8ELMW5pR3vMWeRiU0oK6tZY6jfOYYukTf
7W4nA9FgdT6ABrJX0GDuuILf6pXT01uBmasghCaAnCToLwKwdALGvwyUj4b+GXAKmbpWhA57+HUA
SxUI6Z8CuC5CyAhmavwQIdMmhITTCIm1IBOYt8DYCs+ygY3YYGyH/Q4g2dEfej1CTsjoXeApUS7o
INvoRuX/nahSTGR4lIpqkeKRItoDKIdYPf4b3LONzErp63dlcs5K3mmOp+8UkXcktjmevG0kZ98K
0LNF5K0AaSogb1aR03pySk9Ovm6jJ8PkdRtpDJPfyeSETF6TyasyOSaTow330aMdpOE+ckQmh6vI
KzJ52UReOmSgL9nIIQP5bZi8WEReiCEHwuT5/UX0eZnsLyLP1ZjocwmkfomO1ieQfWPJXpE825fU
rYuhdTJ55mmRPuMhT4tkT62J7kkgtbCv1kRqJXY3/HC3jexeydaYSI3E7kogO58K0Z0y2bHdSnck
kO3bjHS7lWxvxJLEs9u26ug2I9nWiJF0P7tVR7Y2sdXlVbT6FNnyhJ5uMZMtErsZRpvvIZs2nqKb
ZLJxQwHdeIpsXMluWJ9ANxSQDRK7Huhan0DWrTXTdTFkXWN3k9TNrjWT1fDq1UXkqRBZ5SBP1pAn
9GRlURFdKZMVc0S6Ioo8XmWij4dJlYksXybQ5VayTCCVNWSpmSzRkcWP+ejiDvLYoj70MR9Z1Ics
hB8tjCELZPKoTOZXGOl8mVQYSYXElleReXOH0nllZO5QMqfMQOeIZM5KtsxAyiS2FF5Z2kFmzzpF
Z8tk1swCOusUmbWSnVmSQGcWkJkSW5JAimFTcQcpKiIz7GS6TKbJpHBqX1ook6l9ySMyKZDJw2PJ
Q1UkXyZTckieTH4jk8mnyK9l8mARmWgjD4TJhF8JdEIV+ZVAcodJw8k4PRlTRO6P1dL7a8joMLmP
iPQ+KxllISMZHR0ZRXJGWGlOGRkxXKQjrGT4MD0dLpJhEk+H6YnEE0mR44PsvTVkKJtGh44nQ7Jt
dMhYkj1YR7NtJFtiB+vIPVkWek8ByRpkplkWMshMBhrJAJlk9rfRTJn0z7DS/jaSEdbRDCsJ9+Np
WEfCEf3040ko3UVDOSS9r52mu0h6E9s3Rkf72knflWwaX0TTakgw1UaDY0kqMJFqI6kSmwKkpxSR
5KQQTR5GkoCwpBAJwFdAJon3kASjiyYUkPg4C41/kMTBz+IsJE5iY7XE73NRfwHxec3U5yK+JtYL
L/OaiXclG6MjMRLriSN9BBIdT9xRIep+kETBU6NCxCUTJ7zUKROHSOw2G7WXEZvVSm02YpNYq5VY
YJ/lFDGDeM0yEeFLHE4EoF+oISZYM8nECA8wuohRYg0y0cONXhpURnSwR1dF+CKi1Zip1kY0ZsLR
MOWqCIXf0TBh4WFsGoGHMjqCHyRIJrgRF63ejFP/x17o/zcB/+UF0ez/APbaizcKZW5kc3RyZWFt
CmVuZG9iagoyNSAwIG9iagogICA3Mzk4CmVuZG9iagoyNiAwIG9iago8PCAvTGVuZ3RoIDI3IDAg
UgogICAvRmlsdGVyIC9GbGF0ZURlY29kZQo+PgpzdHJlYW0KeJxdUstuwyAQvPMVHNNDZMfY0Ego
UpVecuhDTfsBNqxTSw22iHPw35dlolTqwd5hmZ0dYIv94fkQhlkW73F0R5plPwQf6TJeoyPZ0WkI
YlNJP7j5tsp/d24nUaTi43KZ6XwI/SislcVH2rzMcZGrJz929CCklMVb9BSHcJKrr/0RqeN1mn7o
TGGWpdjtpKc+yb2002t7Jlnk4vXBp/1hXtap7I/xuUwkq7zewJIbPV2m1lFsw4mELcudtH2/ExT8
vz1lUNL17ruNwlZMLcsUhK1VxikIqzcZpyCsqTJOIeUd8o5xD9wzB7WGa+sWOm3CDfQb1tfg6Ky/
Bd4mrNBLcS+FXop7KfAV81UNXDNugBvGGlgzNsCG9eFBswcDDyZ78Mh75sODyh4egR/ZP/h15kNT
s2ZFuCviPDxo9qCR15xXqFVcW6FXlXvBj2I/Nc5b57vFuQyfS8ODZg8G+ibrd8h3rAmcAj/u7RX5
mXke7/PjrjGm0clDm2eGp2UIdJ/raZy4Kn+/2gHGOQplbmRzdHJlYW0KZW5kb2JqCjI3IDAgb2Jq
CiAgIDM5NAplbmRvYmoKMjggMCBvYmoKPDwgL1R5cGUgL0ZvbnREZXNjcmlwdG9yCiAgIC9Gb250
TmFtZSAvTlRQQVREK0RlamFWdVNlcmlmCiAgIC9Gb250RmFtaWx5IChEZWphVnUgU2VyaWYpCiAg
IC9GbGFncyAzMgogICAvRm9udEJCb3ggWyAtNzY5IC0zNDYgMjEwNSAxMTA5IF0KICAgL0l0YWxp
Y0FuZ2xlIDAKICAgL0FzY2VudCA5MjgKICAgL0Rlc2NlbnQgLTIzNQogICAvQ2FwSGVpZ2h0IDEx
MDkKICAgL1N0ZW1WIDgwCiAgIC9TdGVtSCA4MAogICAvRm9udEZpbGUyIDI0IDAgUgo+PgplbmRv
YmoKOSAwIG9iago8PCAvVHlwZSAvRm9udAogICAvU3VidHlwZSAvVHJ1ZVR5cGUKICAgL0Jhc2VG
b250IC9OVFBBVEQrRGVqYVZ1U2VyaWYKICAgL0ZpcnN0Q2hhciAzMgogICAvTGFzdENoYXIgMTE3
CiAgIC9Gb250RGVzY3JpcHRvciAyOCAwIFIKICAgL0VuY29kaW5nIC9XaW5BbnNpRW5jb2RpbmcK
ICAgL1dpZHRocyBbIDMxNyAwIDAgMCAwIDAgMCAwIDAgMCAwIDgzNyAwIDMzNyAzMTcgMCA2MzYg
NjM2IDYzNiA2MzYgNjM2IDYzNiA2MzYgNjM2IDYzNiA2MzYgMzM2IDAgMCAwIDAgMCAxMDAwIDcy
MiAwIDc2NSAwIDAgMCAwIDAgMCA0MDAgMCAwIDAgMCAwIDY3MiAwIDAgMCAwIDAgMCAwIDAgMCAw
IDAgMCAwIDAgMCAwIDU5NiAwIDU2MCAwIDU5MSAwIDY0MCA2NDQgMzE5IDMxMCA2MDUgMzE5IDk0
OCA2NDQgNjAyIDY0MCAwIDQ3OCA1MTMgNDAxIDY0NCBdCiAgICAvVG9Vbmljb2RlIDI2IDAgUgo+
PgplbmRvYmoKMSAwIG9iago8PCAvVHlwZSAvUGFnZXMKICAgL0tpZHMgWyAyIDAgUiBdCiAgIC9D
b3VudCAxCj4+CmVuZG9iagoyOSAwIG9iago8PCAvVHlwZSAvT3V0bGluZXMKICAgL0ZpcnN0IDE4
IDAgUgogICAvTGFzdCAxOCAwIFIKICAgL0NvdW50IC0xCj4+CmVuZG9iagoxOCAwIG9iago8PCAv
VGl0bGUgKERFVEFMTEVTIERFIExBIFJFU0VSVkFDSU9OKQogICAvUGFyZW50IDI5IDAgUgogICAv
RiAwCiAgIC9EZXN0IFsyIDAgUiAvWFlaIDcwIDc2MyAwXQo+PgplbmRvYmoKMzAgMCBvYmoKPDwg
L05hbWVzIFsKICAgKGlkX09ic2VydmFjaW9uZXMpIFsyIDAgUiAvWFlaIDIwNSA1MzQgMF0KICBd
Cj4+CmVuZG9iagozMSAwIG9iago8PCAvRGVzdHMgMzAgMCBSID4+CmVuZG9iagozMiAwIG9iago8
PCAvUHJvZHVjZXIgKGNhaXJvIDEuMTUuMTAgKGh0dHA6Ly9jYWlyb2dyYXBoaWNzLm9yZykpCiAg
IC9UaXRsZSAoUmVzZXJ2YWNpb24pCiAgIC9BdXRob3IgKCkKICAgL0tleXdvcmRzICgpCiAgIC9D
cmVhdGlvbkRhdGUgKEQ6MjAyMTAyMDIwODQ3NTNaKQo+PgplbmRvYmoKMzMgMCBvYmoKPDwgL1R5
cGUgL0NhdGFsb2cKICAgL1BhZ2VzIDEgMCBSCiAgIC9PdXRsaW5lcyAyOSAwIFIKICAgL05hbWVz
IDMxIDAgUgo+PgplbmRvYmoKeHJlZgowIDM0CjAwMDAwMDAwMDAgNjU1MzUgZiAKMDAwMDA1OTc0
NSAwMDAwMCBuIAowMDAwMDAxNDg5IDAwMDAwIG4gCjAwMDAwMDAwMTUgMDAwMDAgbiAKMDAwMDAw
MDAxNSAwMDAwMCBuIAowMDAwMDAwNzU5IDAwMDAwIG4gCjAwMDAwMDAwMTUgMDAwMDAgbiAKMDAw
MDAwMDczNyAwMDAwMCBuIAowMDAwMDUwNTMyIDAwMDAwIG4gCjAwMDAwNTkyODMgMDAwMDAgbiAK
MDAwMDAwMTc1NiAwMDAwMCBuIAowMDAwMDAwOTQ5IDAwMDAwIG4gCjAwMDAwMDEyMDYgMDAwMDAg
biAKMDAwMDAwMTQ1MyAwMDAwMCBuIAowMDAwMDAyMjE1IDAwMDAwIG4gCjAwMDAwMDIxOTIgMDAw
MDAgbiAKMDAwMDAwMjMxOCAwMDAwMCBuIAowMDAwMDQzMDU0IDAwMDAwIG4gCjAwMDAwNTk4OTQg
MDAwMDAgbiAKMDAwMDA0MzA3OSAwMDAwMCBuIAowMDAwMDQ5NzUwIDAwMDAwIG4gCjAwMDAwNDk3
NzQgMDAwMDAgbiAKMDAwMDA1MDIzMSAwMDAwMCBuIAowMDAwMDUwMjU0IDAwMDAwIG4gCjAwMDAw
NTA5OTUgMDAwMDAgbiAKMDAwMDA1ODQ5MCAwMDAwMCBuIAowMDAwMDU4NTE0IDAwMDAwIG4gCjAw
MDAwNTg5ODcgMDAwMDAgbiAKMDAwMDA1OTAxMCAwMDAwMCBuIAowMDAwMDU5ODEwIDAwMDAwIG4g
CjAwMDAwNjAwMDkgMDAwMDAgbiAKMDAwMDA2MDA4OSAwMDAwMCBuIAowMDAwMDYwMTI1IDAwMDAw
IG4gCjAwMDAwNjAyOTEgMDAwMDAgbiAKdHJhaWxlcgo8PCAvU2l6ZSAzNAogICAvUm9vdCAzMyAw
IFIKICAgL0luZm8gMzIgMCBSCj4+CnN0YXJ0eHJlZgo2MDM4MQolJUVPRgo=

--===============1617555051059678483==--

-------------------------------------------------------------------------------
