Content-Type: multipart/mixed; boundary="===============3210865425011342571=="
MIME-Version: 1.0
Subject: =?utf-8?q?Hotel_Real_-_Confirmaci=C3=B3n_de_Reservaci=C3=B3n?=
From: reservaenrealnicaragua@gmail.com
To: justo@becerra.com
Date: Tue, 02 Feb 2021 10:32:02 -0000
Message-ID: <161226192259.17172.10822084109524758175@localhost>

--===============3210865425011342571==
Content-Type: text/html; charset="utf-8"
MIME-Version: 1.0
Content-Transfer-Encoding: 7bit

Pronto nos pondremos en contacto con usted. recibimos su solicitud para RealNicaragua
--===============3210865425011342571==
Content-Type: application/pdf
MIME-Version: 1.0
Content-Transfer-Encoding: base64
Content-Disposition: attachment;
 filename="justo@becerra.com_1234567_2021-02-02 10:32:00.280412.pdf"

JVBERi0xLjUKJbXtrvsKNiAwIG9iago8PCAvTGVuZ3RoIDcgMCBSCiAgIC9GaWx0ZXIgL0ZsYXRl
RGVjb2RlCj4+CnN0cmVhbQp4nKVVW1ObQBR+51ecR5gOm72wXDqOIya0UyfWS2hfHB9WsolELgmQ
1p/fA8FqtFppyQALu+e7LLtfGFD82QwvvsMgyY2NQbt31RJGisKyNo5jgzu7cXj3KKGSej4DRinx
XcGxGefGaGFTmwK2F8aVOYliS0oznE6jGUwimIZwGc2iS0tI87vl+WY4/nL21bqOTwzGew0cEItQ
EVCXA3N9wqlHxQM4ewA3wYpXe3Q2Z0QwJrlAhURyV7gexHPDDKEo85tKw1z3Nc9QGCPUFY7nAbqi
Ugrhy7byyhyrKitrOIFzy5GmylSS4mMneI/6EcFmxBFUiGAHcG5xz1S1WpdVox/q3klvMi4ciSZe
OH2FzoxylWbDPJqrbd2URzc60VWlSFLm76br3emqLgtVDzXHO5rZWhVwcACjMGm2Kov1fQMHC71Y
UKroIRwewvFk3ENFp9ha93QDVH5q16BObhUuAIiKplJzNVgt5TiUIwlQ+VGwf2SfqSz9D3J/GLkZ
6qrM0kKrgWviW5E2eg5hWrXV9Vt8HCtdX7hd3dlNrasf7SZ5rHqV06ZEeq6P27UtFbBUTfkmFSOu
5/h0JzFc6qLRsNlqqHTHOtDj+Hab3MFY1U2mwd4tsHiXeiQQ7dGGH6bek2TigUccJ+AsACHROeYf
ly+SKVmtcxb44mjZbsd2S/0J/PIztt328OAndp3guTKurludMDcYhVPYAOu4d1eM5V4Asgu8M8jB
EW3W/X6RwQwuHrN7X343lgUS0/QN+fa7psIRLn4+5y9T8UEK6dPA44Hzyhy8sNgDP7EoOScBfsB9
jxtjpBj+McHoHudqUhoXxmiaFnddmpyOv0wQro+PNjie9bGnfRfGL1cvlFQKZW5kc3RyZWFtCmVu
ZG9iago3IDAgb2JqCiAgIDY1NAplbmRvYmoKNSAwIG9iago8PAogICAvRXh0R1N0YXRlIDw8CiAg
ICAgIC9hMCA8PCAvQ0EgMSAvY2EgMSA+PgogICAgICAvYTEgPDwgL0NBIDAuNyAvY2EgMC43ID4+
CiAgID4+CiAgIC9YT2JqZWN0IDw8IC94MTAgMTAgMCBSID4+CiAgIC9Gb250IDw8CiAgICAgIC9m
LTAtMCA4IDAgUgogICAgICAvZi0xLTAgOSAwIFIKICAgPj4KPj4KZW5kb2JqCjExIDAgb2JqCjw8
IC9UeXBlIC9Bbm5vdAogICAvU3VidHlwZSAvTGluawogICAvU3RydWN0UGFyZW50IDAKICAgL1F1
YWRQb2ludHMgWyAyOTcgNTAwIDQzMiA1MDAgNDMyIDQ4NiAyOTcgNDg2IF0KICAgL1JlY3QgWyAy
OTcgNDg2IDQzMiA1MDAgXQogICAvQSA8PAogICAgICAvVHlwZSAvQWN0aW9uCiAgICAgIC9TIC9V
UkkKICAgICAgL1VSSSAobWFpbHRvOmNqcG0xOTgzQGdtYWlsLmNvbSkKICAgPj4KICAgL0JTIDw8
IC9XIDAgPj4+PgplbmRvYmoKMTIgMCBvYmoKPDwgL1R5cGUgL0Fubm90CiAgIC9TdWJ0eXBlIC9M
aW5rCiAgIC9TdHJ1Y3RQYXJlbnQgMQogICAvUXVhZFBvaW50cyBbIDQzNyA1MDAgNTIzIDUwMCA1
MjMgNDg2IDQzNyA0ODYgXQogICAvUmVjdCBbIDQzNyA0ODYgNTIzIDUwMCBdCiAgIC9BIDw8CiAg
ICAgIC9UeXBlIC9BY3Rpb24KICAgICAgL1MgL1VSSQogICAgICAvVVJJICh0ZWw6KzUzNTgwOTcy
OTQpCiAgID4+CiAgIC9CUyA8PCAvVyAwID4+Pj4KZW5kb2JqCjEzIDAgb2JqClsKICAzIDAgUgog
IDQgMCBSCl0KZW5kb2JqCjIgMCBvYmoKPDwgL1R5cGUgL1BhZ2UgJSAxCiAgIC9QYXJlbnQgMSAw
IFIKICAgL01lZGlhQm94IFsgMCAwIDU5NSA4NDEgXQogICAvQ29udGVudHMgNiAwIFIKICAgL0dy
b3VwIDw8CiAgICAgIC9UeXBlIC9Hcm91cAogICAgICAvUyAvVHJhbnNwYXJlbmN5CiAgICAgIC9J
IHRydWUKICAgICAgL0NTIC9EZXZpY2VSR0IKICAgPj4KICAgL1Jlc291cmNlcyA1IDAgUgogICAv
U3RydWN0UGFyZW50cyAyCiAgIC9Bbm5vdHMgWyAxMSAwIFIgMTIgMCBSIF0KPj4KZW5kb2JqCjEw
IDAgb2JqCjw8IC9MZW5ndGggMTUgMCBSCiAgIC9GaWx0ZXIgL0ZsYXRlRGVjb2RlCiAgIC9UeXBl
IC9YT2JqZWN0CiAgIC9TdWJ0eXBlIC9Gb3JtCiAgIC9CQm94IFsgMCAwIDU5NSA4NDEgXQogICAv
R3JvdXAgPDwKICAgICAgL1R5cGUgL0dyb3VwCiAgICAgIC9TIC9UcmFuc3BhcmVuY3kKICAgICAg
L0kgdHJ1ZQogICAgICAvQ1MgL0RldmljZVJHQgogICA+PgogICAvUmVzb3VyY2VzIDE0IDAgUgo+
PgpzdHJlYW0KeJxFkMESwiAMRO98xf6AaQiQwN0f6Mmz03G8VJ3qxc+XVkonp30su4HFjVicqMGL
QAXR8L7hgucKSUKGD0yeEx7oRBIVTRBjSiWuV0l51ZFsO//rCUGqIxTX0VxRJD08QTJxKD2z69Y6
HUSZjM1tGTuKlGPumZpJ2PbWrqdjs0bmfXfXUX9cyzz0VltD1k9ZXJUZXOcUE2mzmZXUklLwgunh
hivj/sHw9Yrzy411fkucSDMKZW5kc3RyZWFtCmVuZG9iagoxNSAwIG9iagogICAxNzkKZW5kb2Jq
CjE0IDAgb2JqCjw8CiAgIC9FeHRHU3RhdGUgPDwKICAgICAgL2EwIDw8IC9DQSAxIC9jYSAxID4+
CiAgID4+CiAgIC9YT2JqZWN0IDw8IC94MTYgMTYgMCBSID4+Cj4+CmVuZG9iagoxNiAwIG9iago8
PCAvTGVuZ3RoIDE3IDAgUgogICAvVHlwZSAvWE9iamVjdAogICAvU3VidHlwZSAvSW1hZ2UKICAg
L1dpZHRoIDgwMAogICAvSGVpZ2h0IDYwMAogICAvQ29sb3JTcGFjZSAvRGV2aWNlUkdCCiAgIC9J
bnRlcnBvbGF0ZSB0cnVlCiAgIC9CaXRzUGVyQ29tcG9uZW50IDgKICAgL0ZpbHRlciAvRENURGVj
b2RlCj4+CnN0cmVhbQr/2P/gABBKRklGAAEBAABIAEgAAP/hAIxFeGlmAABNTQAqAAAACAAFARIA
AwAAAAEAAQAAARoABQAAAAEAAABKARsABQAAAAEAAABSASgAAwAAAAEAAgAAh2kABAAAAAEAAABa
AAAAAAAAAEgAAAABAAAASAAAAAEAA6ABAAMAAAABAAEAAKACAAQAAAABAAADIKADAAQAAAABAAAC
WAAAAAD/7QA4UGhvdG9zaG9wIDMuMAA4QklNBAQAAAAAAAA4QklNBCUAAAAAABDUHYzZjwCyBOmA
CZjs+EJ+/8AAEQgCWAMgAwEiAAIRAQMRAf/EAB8AAAEFAQEBAQEBAAAAAAAAAAABAgMEBQYHCAkK
C//EALUQAAIBAwMCBAMFBQQEAAABfQECAwAEEQUSITFBBhNRYQcicRQygZGhCCNCscEVUtHwJDNi
coIJChYXGBkaJSYnKCkqNDU2Nzg5OkNERUZHSElKU1RVVldYWVpjZGVmZ2hpanN0dXZ3eHl6g4SF
hoeIiYqSk5SVlpeYmZqio6Slpqeoqaqys7S1tre4ubrCw8TFxsfIycrS09TV1tfY2drh4uPk5ebn
6Onq8fLz9PX29/j5+v/EAB8BAAMBAQEBAQEBAQEAAAAAAAABAgMEBQYHCAkKC//EALURAAIBAgQE
AwQHBQQEAAECdwABAgMRBAUhMQYSQVEHYXETIjKBCBRCkaGxwQkjM1LwFWJy0QoWJDThJfEXGBka
JicoKSo1Njc4OTpDREVGR0hJSlNUVVZXWFlaY2RlZmdoaWpzdHV2d3h5eoKDhIWGh4iJipKTlJWW
l5iZmqKjpKWmp6ipqrKztLW2t7i5usLDxMXGx8jJytLT1NXW19jZ2uLj5OXm5+jp6vLz9PX29/j5
+v/bAEMACAYGBwYFCAcHBwkJCAoMFA0MCwsMGRITDxQdGh8eHRocHCAkLicgIiwjHBwoNyksMDE0
NDQfJzk9ODI8LjM0Mv/bAEMBCQkJDAsMGA0NGDIhHCEyMjIyMjIyMjIyMjIyMjIyMjIyMjIyMjIy
MjIyMjIyMjIyMjIyMjIyMjIyMjIyMjIyMv/dAAQAMv/aAAwDAQACEQMRAD8A9/pDS1HJIsaM7kKq
jJJPSgB/FLmsSXxJpKE/8TK14/6aiqsnivSV6ajbH/toKfKwOkzmiuY/4SzS/wDoIW3/AH8FH/CW
6X/0ELb/AL+CnysDp6K5j/hLtK/6CFt/38FH/CW6V/0Ebb/v4KOVgdPRXM/8JbpX/QRtv+/gqtee
OdGsbczzX0ZQf3DuNHJJiukdfRXnY+LXhkjP2uX/AL9Gj/hbPhr/AJ+5P+/Zq1RkLnR6JRXnn/C2
fDX/AD9yf9+zR/wtjw3/AM/cn/fs0exq9g50eh0V57/wtjw3n/j7k/79ml/4Wt4b/wCfuT/v2aXs
KvYOdHoNFef/APC1fDn/AD9yf98Gj/hanhw/8vb/APfBo9hV7Bzo9AorgP8Ahafh3/n7f/vg0f8A
C0/Dv/P2/wD3waPYVA50d/RXAf8AC0/Dv/P2/wD3waP+FpeHv+ft/wDvg0/q9QOdHf0VwH/C0vDv
/P2//fBo/wCFpeHf+ft/++DR9XqBzo7+jNcD/wALR8Pf8/b/APfBpD8UvDo/5e3/AO+DR7CoLnR3
+aM15/8A8LT8O/8AP1J/3waX/hafh3/n6k/74NL2FTsPnid/mjNef/8AC0/Dv/P1J/37NH/C1PDo
/wCXqT/v2ar2FTsw54noFFef/wDC1fDv/P1L/wB+zSf8LW8O/wDP1L/37NH1ep/KHtInoNGTXn3/
AAtXw5/z9S/9+zR/wtXw7/z8y/8Afs0vYVP5Re0ieg5ozXn3/C1vDf8Az8y/9+zSf8LW8Of8/Mv/
AH7NHsKv8oe0iehZNGTXnv8Awtbw5/z8y/8Afs0v/C1vDn/P1L/37NHsKnYPaRPQc0Zrz3/ha3hz
/n6l/wC/Zo/4Wv4c/wCfqX/v2aPYVP5R+0iehZozXn3/AAtbw5/z9S/9+zR/wtbw5/z9S/8Afs0e
wqfyh7SJ6DmjNeff8LW8Of8AP1J/37NH/C1fDn/P1L/37NHsKn8oe0ieg5ozXn3/AAtXw7/z9Sf9
+zS/8LT8O/8AP1L/AN+zR7Cp/Kw9pE9AzRmvP/8Ahafh49LmX/v2aePifoB/5bzfhEaPYVf5WL2k
Tvc0Zrgx8TdCPSWf/v0aX/hZehn/AJa3H/fo0/q9X+Vi9rA7rNGRXC/8LL0T/npcf9+jR/wsvQ/+
elx/36NH1er/ACsftYHdZFGa4T/hZmhf89Lj/vyaT/hZ2hD/AJaXH/fk0fV6v8rD2sDvM0ua4E/E
/Qf+elx/35NJ/wALS0D/AJ63H/flqPq9X+Vi9rA7/NGa8/8A+FpeH8/664/78tSf8LU8P5/1tx/3
5aj6vV/lYe1geg5ozXn3/C1PD/8Az2uP+/LUf8LU8P8A/Pa4/wC/LUfV6v8AKx+0geg5ozXn3/C1
PD//AD2uP+/LUf8AC1fD/wDz1uP+/LUfV6n8oe0geg0V59/wtTw//wA9rj/vy1H/AAtTw/8A89rj
/vy1H1er/KHtIHoNFef/APC0/D//AD2uP+/LUf8AC0/D/wDz2uP+/LUfV6v8oe0gegUV59/wtTw/
/wA9bj/vy1H/AAtTQP8Anrcf9+Wo+r1P5Q9pDueg0V5//wALU8P/APPa4/78tR/wtPQO0tx/35aj
6vV/lD2kO56BSZrgf+Fo6D/z1uP+/Jpf+Fn6F/z0uP8AvyaPq9X+UPaQO9zRmuDHxO0I/wDLS4/7
8mnf8LM0L/nrcf8Afk0fV6v8oe1gd3mjNcJ/wszQv+etx/35NJ/ws3Qv+etx/wB+TR9Xq/ysPawO
8zSZrg/+FnaF/wA9bj/vyaP+Fn6D/wA9bj/vyaPYVf5WHtYHeZozXBf8LP0H/nrcf9+TR/wtDQf+
etx/35NHsKv8rD2sDvqK4D/haOgf89rj/vyaP+FpaB/z1uP+/Jo9hV/lD2kDv6K8/wD+Fp6B/wA9
bj/vy1H/AAtPw/8A89rj/vy1HsKv8oe0gegUV58fir4fH/LW4/78NSf8LW8Pf89rn/vw1HsKv8oe
1gehUV57/wALX8O/89rn/vw1H/C2PDv/AD2uf+/DUvY1f5Q9pE9Corzz/hbPhz/ntc/9+GpP+Fs+
HP8Antc/9+Go9jV/lD2kT0SivO/+FteG/wDntc/9+Go/4W14b/573P8A4DtR7Gr/ACh7SHc9Eorz
s/Fvw3/z3uf/AAHak/4W34b/AOe1z/4DtR7Gr/KHtIdz0Wkrzv8A4W34b/57XP8A4DtR/wALc8Nf
89rn/wAB2o9jU6xD2kO56JxR3rzv/hbnhr/ntc/+A7Vb074naBqeoQ2VtLOZpSQoaFlHAz1NJ0Zr
VoFUizuqWqkV0sgypyKsq2RWZZ//0Pf+1ZHiR9nh7UOcfuH/AJVr1h+KTjw9qH/XB/5U1uB8ZXE8
5urj9/OMSt/y0PqfeovOm/57zf8Afw/40Tn/AEm4/wCurfzNR5rsjbl2Fck86b/nvN/38P8AjR50
3/Peb/v4f8ajoqtOwiTzpf8AntN/38P+NHnS/wDPeb/v4f8AGo6KLLsBJ5sv/PaU+3mH/GgyyMNr
zOw/ul2I/nTc8UlNJAHPZj+Zo5/vfqaKKoVkLz/e/U0mWz1/U0UU7BZAS2ev6mly394/maSikFkL
l/7x/wC+jRuf+8f++jRRRdhZBub1P/fRo3N6n/vo0mKKfOw5UODt6n/vo0vmN/eb/vo0ylqlNhyo
eHP94/8AfRo3n+8f++jTM0Zp87FyokDt/eP/AH0aXzG/vH/vo1FmjNP2gcqJt7f3j/30aUSkfxH/
AL6NQbqN9UqrQnFFkSk9/wDx408OfX9TVUNS7zWirSE4FwN/tfqaOf736mq6yEU/zK1VVsjlJRns
36mnbmHf9TUQanBjV8zJaH7vf9TRn0P6mm9aXFO7FYXJ9f1NHPr+ppKdii7FoNOfX9TRz6/qaUij
FF2O6G/N6/qaQ59f1NPIpMUXYXG5P979TQSf736mnYoxRzMeggz/AHv1NTKD/e/U1EBU0fFK7B2L
MIPH+JrShHT/ABqhEelaEJxiqTZnIvQ49P1qwAAOtVUapQ/FWm+5iybIphYCo99ML07sEiRnpm+o
y2abmldjsSF6YXyelNJpM0czAdkelNJGelIaKLsBePSj8KAKUdaV2AmB6UYHpTu9KFzRdjG49qMe
1OIPSnKpouyRgA9KXb7VKI807ZRdgQBMnpTvK9qsKgAoLAUXYEKw+1SiFe4pRLTTLS5mMfsQDpS4
UelQmWojKaOZhYtF1HQUnmgVU800xpM0c7FYuecKjaUVV30m+lzMqxYM1M83/OagLUhalzMLFjzf
85pDLVbdRuo5mOxOZfak832qDdQWpczHYnMvtTTJ7frUO6kzRzMLEpf8KTf71ETRmjmYWJBIfak8
z6VFmip5mUSeZz2oLfSmUUczEKW+lJn6UhpKOZgOLD2pM/Sm5oo5mMdke1JmkopOTAXIrU8Mz/Z/
EtlMOqsf5Vk5q1pz7NQhYdQazqv93L0Y4/Ej6N0bUzcRj0xXV2771BHpXl/hWdmjHNel2JzEpPpX
gncf/9H3+sPxT/yL2of9cG/lW3WJ4oG7QL8f9MG/lSvZha58WT/8fdwP+mrfzNMxU91Cy3M7AH/W
v2/2jVauqE7oJQcRelLmkoq7khmlHNJRTuA6jNNzS00wFFFJRmquIUUGgUU7gFLikpapMAooop3A
KMUUtOwXExRS0lLlFcQ9aBS0tLlGNpaMc0uKLANop2KMUrDuIKXNJ3paqwXDJpQTTaKpNoTJQ5FO
Dk1CKUHFaRqWJtctKc96fmqm7FPEhNbRqXJcSxmnZqFWqQGtFIzcR+aOKQUoxVE2FIpuKdmloAbi
jFOxSbadguIKlUZpgGKkWlYGyzH2q7GcYqjGelXEPSqRDLqGpO1QIeKkBqkQ0LuNIc+tIetJmgQu
cUnWg0UgExRTgMml280ANoAp2ynKlADQtKBzUwXigACgCPbT1WncUZpAGwetKAKYW5ppajmES5FI
zgCod/NNZqlyGiYycdaYZagLUhalcdiYvUbPTCeKYTSuOxIWz3ppao80uaLhYXcaCaZmlJpXHYM0
lJRmi4wzSUmeaTNFwFopDSZpXAdikIpM0E0XAXFGKbmjNFwFxSUZpCaVwFopuaCaQxc0ZpuaM0XA
dR+NMJozSuOwuaKbmincQ6kzRRSuAtT2X/H7F9agqey/4/YvrUVH7j9Co/Ej2bwj/qxXqFh/qlHt
Xl/hH/VivULD/Vr9K8Nnaf/S99rF8Tf8gC+/64N/KtqsbxN/yAb7/rg38qHsVD4kfHs/+vm/66N/
M1VmtgRlKtzj/SJh/wBNG/majNc0Z8rPcnR50jMIKnDCjPpWg8SyDkc1SlheNs44rup1VJHk18M4
P3SOlFJxSit1ZnK9AoooovYLp7CiikozRzALRmkzS1SYrC5opMUZqrgKOtOpuaXNNMA704dKaKXN
UmAtJS9qSrQBRRQKBCijFHSjNOwBiiiiiwBxQcUUGiwCUtJRmlYBaKTNGaL2ATvTwcU2lo5mhjw1
SK9Q5pQa1jMlq5ZD08GqwbFSq9bqSM3EmBpw5qINTw1WiXEfS4oBoBzVpktABUirSAVIBTJZJGOa
tx1WjHNWkzQSywnSngmmopxUoQmmS2NxmjbUmw9qcIzSFciC0uypQhpwSgLkQTmnBOak20YoC4m2
lHFBNN70XEOLU0mmk0hqWwQFqQvxTSaTtU3GG6mlqTNJmgoCeaaTzSk0maTARjxTc049KaaQBmkz
RSYpDDNBNGKSgBM0ZoIpKAHU2lpKBiGkpTRigBKQ0tIaAEooo60hhmkzS4pMUgAmkzSGigAzQTRi
kIpDDNGaMUYoADSUuKMUgEpRRigjFMAoopcUAFT2X/H5F9agqey/4/IvrUVPgfoOPxI9m8I/6sV6
hYf6tfpXl/hH/VivULD/AFa/SvDZ2n//0/fqxfEwzoV9/wBcH/lW3WJ4l50O9/64t/Kk9iofEj5C
mT/SJv8Aro38zUZSr00eZ5Tj/lo38zUZi9q4ea7PrPYOyKmymld3ytzVvy/ammPnpTU7GbodzNnt
M8p+VVSCvBGK2SnPSoZrVXU8fNXXSr2dmeZiMC7XRl0VM9u8PDciogC3Su+LjJXR5M6coOzQlFLz
3FFFmSlfYSloxRigAooxRVXExaKKKLgKKKTNLmqTEL2opO9LVqQBRRRVJgKKWkHWlqxC0YpBS07A
GKQinUGiwDcUYpaXFFgG4oxSkUYpWATFJTsUYosA2gU7FGKLAJTgabRTTAmDVIrVADS7q2jITiWw
c04Gq6PUqsK2i7mUlYsLUgqFTUqmrTMmWY+tWoxk1ViAzV2Ic1RDLCKcVYRDTYhzVlVp2M2NCU8J
xUirT9tIVyv5dG3HWp9lIUpBcgKjFNqfZTWSgLldutN71Y2Uxl56UhkDdaaam2HPShk9qloaK560
lTbPamsntSsMrnrRUpX2puPagoiNJUpFNIpWAYaaafikxSsAyg0/FNIpWGNpKdg0maLAJijFLRQA
2g07FFAyM0U80mKAGmmmnmm0AIaQU4ikpDEpDS0lDAQ0lOoxSAbQaWigY2inUUrANop1FFgE70tL
igCnYVxMUuKXFGKLBcTFTWf/AB+RfWosVNZj/TIvrUVF7j9Cov3keyeEf9WK9QsP9Wv0ry/wj/qx
XqFh/q1+leEztP/U9+7VjeI/+QJe/wDXFv5VsmsfxH/yBL3/AK5N/KlL4TSl8aPlmSMebL/10b+Z
qIw1PI376X/ro38zSZrzHufocYJxRWaEg1G0R9Kv8d6CoNIh0UzNMeO1M8utIxZ7UwwVSbMpYe6M
5oQwwRms+4sWU7o63WhqPy8Dn8q2hiJQZ59fL41Fsc0ylT81Jt71uXFgkwyow1Zctu8Rw6n2NevQ
rxqLU+bxOAqUXoVsUYp+2l211OmcNyPFGKfijFRyDGUU4ijFLkAbiinYoxScRCZozS0lGwC0optO
qkwDFO4plLmrTAWjNFFWmAuaWm06qQCDk06kHWlqxBSUtLRYBMUlOpAKLAJRzTsUdaLANNJinYxR
UuIDcGlGRS4PrSYxRsA4MRT0NRU4HFaRkJotIxqdWFUQTViJuOa3TM5RNCJqvQNzWbE3HWrsR6Va
ZhJGnG4qyslZyEiphIcCnczaNEOKeHBrO87Ap4uOKZNjRBBpeDVBbrinC596AsXdooKA1V+0e9OE
49aBFjy+Kb5XNME49acJl9aLABiHpTWiz2qQSA9xS+YPaiwEPk8dKY0PtVsMCKODSsFygYDnpTDD
7VpbQaQwgjrRYdzMMNMMXtWmYBSfZhRYLmW0XFM8qtU2opptRUuI7mX5Zpvl81q/ZaabSjlHzGZ5
dIY60za002vtS5Q5jNKUmytE2vHSmG2o5QuUClJsq6bc00wYqbDuUilIVNWmhNNMVFhplcrxTcVO
Y+aaUosFyCkqbZTdlSO5HQeKk2UhSiwXI8ZoxT9tG2iwXIsUYqXb7UbfaiwyLFGKl2+1G2iwEYHH
Slx7U/FGKLAMxS4p2PajFOwDcUYFOxRtosA3FTWg/wBLi+tR4qa1H+lR/Ws6q9yXoyofEj2Dwj/q
xXqFh/q1+leXeEf9UK9R0/8A1a/SvAZ3H//V9+NY/iL/AJAl7/1yb+VbNYviM/8AEkvf+uLfypS+
E0pfGj5Zc/vpv+ujfzNAao3f99L7yN/M0Bq8x7n6BCouVEwNOziogfSn5zSNU0yQGl4PWow3NPBp
3L0FKg00xr6U/NKCPSna4ml1IGgB9jUEtorrhxwe9XxgnpSlBVRk47GdTD06i1OZudNeEllG5KpF
MGuxMYxjHFZ91pUc2WjBDfXivXwmPXw1Nz5vHZLq50znNvNIVq5LavCxDKeKgZCvWvYiozVz5mad
OXLJERWk21MVpuKUqRKaexFt5oI5qXbSbah0h3IsUYqTFJtqHSC4zFGKdikxUOmO4lFLik5qeVod
wNAooo1ELmlFN70oqlIB1Lmm5pa0jIVhwNFNzSg1pzAOxQBSbjSg1SdwFpKWjAqrIQ00YpaKVgEp
DTsUYpNANxS96XFJSsA4VKjGogaepNNOwmtC7C3NX4WrNiOKvQmt4swmjQRuKeGqBDUgNaIyaJM0
ZpuaM0CHE0oJpuaQk0CJdxxQHIqLJoyaYWJvNIp3nGq+TRuNAWLQuDilW5OaqbjSgmgLF4XWKcLu
s/caMmgOU0Ree9O+1571mbjRuNFxcpqi6HrThdj1rJ3n1p28460XDlNcXK0ouENZAc5604SEd6Li
sa/nLSiRTWR5xp4nOOtO4rGruQ0vymssTn1qVbkilcLF7avSmmNarrcc07zxQFiQwiozAKeJs07e
DRYVys0HPFRNb8VeyKaQDStcaZnGA1GYDmtPYDTTEPSjlHczPJIpvkGtIw57Unk+1TylXMww0nkm
tMw+1IYPajlC5m+URR5XtWj5Ge1H2ejlC5neV7UeVWh5PtSeRntS5QuZ5ipvlGtAw89KQwj3o5R3
KHlUeXV1oaYYjRyhcq7OKbsq15RpDFilYdyvsppXmrBQ00oaLBch281LajF3H9aClPtl/wBJT61n
VX7uXoyoP3keteEP9SK9RsP9Wv0ry7wj/qRXqNh/q1+lfPM9A//W9+rF8ScaHff9cW/lWz1rG8Tf
8gK+/wCuLfypS2Lp/Ej5Okf/AEiX/ro38zSrIPWq8rEXEv8A10b+Zpqsa85x1PsIVnZF4P71Ir1R
ElSLLU2OiNcubvQ04NVVXHrUof3pG8apYDU8MKr7venK9CdjdSTJw3NSA5HNVw9SBqu9ykx5HvSj
PSmZ5p26i+tweo2aCOZSGUA461k3OnNGSyqWHtW2DxQSpXBFd2Gxs6W+x5uMyyliFdLU5doecY5q
JoueldDc2KyKHTr6VTTTrudiILVn+lfQ4fGUqsdGfFYvAVsLJ8y0Mcx0mzFa50TVwT/xLpvyP+FN
/sHWD/zDZs/j/hW7nDuci5nsZG2kIFbH/COa43/MNl/X/Cmnw1rn/QNl/X/Cs3OHcepjkUhGK2D4
a1z/AKB0v6/4UxvDutqMnTpf1/wqHKn3GZWKaRzWk+i6uvXT5vyP+FQnS9TXrYS4/wB0/wCFQ+UZ
SxRirJsL7/nylH/ADSGzvR/y6S/98mptECsRSDNWPsl5/wA+kv8A3yaa1tdAc2sv/fJrJpDIaXNP
+z3H/PtJ/wB8mmmGcdYZP++TSTsMQHNOBppSUD/VP/3yaAr94n/75NUpiHCnZqP5x/A35Uu491b8
q0U0IfmlBpm/H8LflR5qjufyrRTTFYk4o4qPzl7E/lS+evcn8q0UkBJx2pKaJVPr+VL5i9ifyptq
wDsUlJ5i/wB6jeD3pWQDgKeopgIP8VSKR/eosguyaOr0PaqceDj5qvR9BzmtImMi1H1qYCo4xxUo
BrVGLCilwaTmgkWko5paAEopO9LTAKKKKQBS0lGaAFopM0UAFHNFFAWCjNFFAC5NGTSUUDHbqdv4
qOigRJupQ9RilzQFiYSUokqEGjdQKxZEpqQTe9VN9Lvp3CxcE/vThNnvVIPSq9FxWLwlHrTvM96o
h6cH96VwLglFO3g1SElL5tUKxdyKARVUS+9OEnvQFizwaXHvVcSe9KsnPWgLE5ApNvtTN4z1p28H
vQIXyxSGMHtRu96UH3pANMOajMNWM+9IRQFyqYfSmGI56VbwKQrmlYdykYjnpUbR1fKUxos0mhpl
DZToV/fp9astHg4pqJiQHHesqq/dy9GXB+8j03wj/qRXqNh/q1+leXeEP9Sleo6f/qlr51npH//X
99HSsbxN/wAgK+9PIb+VbNYvif8A5AF9/wBcG/lSexVPSSPkaSRftE3r5jfzNIMHoaqzH/Sp+f8A
lo38zTQxHQ1yOOp9FCvZF4qR70AZ9qqrO6+9TC5B+8MVLibxrJkwJFPV6jWRW7inkZ6VDRvGZKJP
epVcVUwacGIqXE2jVaLof0qRX4rPDntUiympszojVL4cU4MDVNZKkD0XNVMthhinAjFVg1PBOKdz
RN3uicHritHSNdu9EuFlt0ikUHJSRN2aylanqa0hV5fhIq04VlaornuXhnxnpGuxJHLawwT9CCo5
NdYYYQvFvCfQ+WK+YkZ45FkhkaN1OQVOK7zwv8SLzTnWDV5BJB0VyefxrqhWUt2fNY7JGvepbHrr
QoBnyIQfTYKi2L/zxh/79ijTdUstVtlntZUdWGcA5xVrZ1GK3UuzPn5U3B8siiyj/njD/wB+xTDG
pHMEP/fsVd8sE1G0eDT5pE2RnvbxN1t4f+/Yqu9jbHObaL/vgVqlPao2T2oUpdw0MV9LsW/5dIz/
AMBqJtH089bJPyrbMY9KY0Q9DQ5SXUdjAk0TTs8WaVXk0TTsf8eSmuhaHJ6VA0PzdDS5pdwsc+2h
6Z/z4r+dV5dB0s/8uI/OujeGq7w80ueQHNN4f0rPNiPzqJtA0gf8uI/76ro2h56VXkh5o5pdwsYB
0DRj1sP/AB6m/wDCP6ID/wAg/P8AwI1svFUDR/Wjnl3CxRXw9oB66b/4+alXwz4cb/mGf+PmpMbT
yTUiyEd6ftJ9wsRf8In4bb/mGkf9tDSjwX4bf/lwx/20NWlnPrVmObjk01Vn3Cxl/wDCA+G36WxH
/AzTG+G/h1/+WZX6Oa3ll56ipllz04qvbT7g0cq3wt8Pv0Zh/wACP+NV2+EmgsOLmUfj/wDXrt1k
FPz7mmq8+4rHAN8H9DIyL2f8Kgf4R6Qn3b+cfhXorAY/xqCVRjtVxxEw5TzmT4a6bB928c496oz+
ErS26Tsa9CuVODnFYN6vBxXfRqSe5zVDjJNNih4DMagMWOgrcuU5PWqDIM16MNUcrepnlOaaVxV0
xjNMaL2qrCuVMUYqw0YppjPpQO5AVFJU5jOOlN8v2oAixSYqXbTSpzSGMNJTyppNp9KAG0U7FJxQ
AUUUUAFFFFABRRRQAUUYooAM0tJRQAtFJzRzQAuaU00UpoAUUuabRQA7NLmmUUBYk3UZpmaMmi4h
+6nBqiyaATQBMH96cHI71Bk0u6gCx5nvT1kOOtVc+9KGNAi2JPeniT3qmGNLvNMTRcEnvUgfPeqI
c+tSBzQFi1mnZqqrmn+ZzQInpMVGH96XdRYeopHNJtGaXdRms6y/dy9GVT+NHonhD/VJXqNh/q1r
y7wh/qkr1Gw/1a1809z1D//Q9+7Vi+J/+QBff9cG/lW12rF8T/8AIAvv+uDfypPYqHxHxzN/x8z/
APXVv5mmU6Y/6VP/ANdW/mabmud7nsR+FCg0E0lHWgtMf9M0od06GmdDTqViozkTrcyDtUq3IP3h
VOjNS0aqtJGgJY2PBp5P92s4E1IsjL3qXE6IVy8GNOEhFVUnB61MpV+hrNxOmFQnWWpllyOtVCCK
A2Dilax0Rq2LyyCpg+RWeHxUyyVLRtGpcuKfen5GCPlGepPeqqyd6kEgJ6U1I1UrqzNTSdWvdEmW
SxlZMHJG7rXrXhn4jafqgjtr1vIuunK4z+NeK7wRSg/MHXhh0PpWsKtjhxWW0a6utz6iUqy712uv
Yhs0gAP0NeHeF/H97osqw3YM8B4ySeBXr2ja9p+t2ontJh7p3zXXCopHymJwFTDy1VzReMY4qIx+
1WASeDxQcHkdK006HCrXKZTHamsvtVwoDUbJQLXqU/L71GyZ4xV3YRTSmetAGc0XtULQ+1aTR1G0
fHSkBltD7VXkg9q1zF7VC8NAzGkg46VWaH2rbeHI6VVaHB6UWAxpIPaqxjIrZkhqtJAKQGZytPWU
ip3gqB4yOlAFhJ6mWb3rNyVp4lIoA1kl96sLLWQk9WknFAGjvqN2BqBZgaGcVcWSytc9DWDd9625
3yDmsW6IINehQepz1DDuBzVF1GavXJ5qi55r16b0OOW5EV5o2U6itESRFAaQx1LgUEUAVilIU4qc
rSbeKLBcr7KYU5q1s44phXnmlYdyuVxTStTlTnoKayDuQKVn0GmQbcikK1ISBxkfhTd6f7RP0o9U
Fxm2jFLiZyfLhZvwp6Wt/IPltGo93uO7IsYoq2ukarKQFs2qdPC2tyHi2YZ9ql1ILdlKMmZuKTHt
W2vgjXZBzEVH0qZPh5rjjjj8Kh1qf8yHySOe/Cj8K6YfDXXD1cD8KkHwy1o9Zh+VT9Yo/wAw/ZyO
UxntRjFdaPhhrH/Pf9KP+FYaz/z3/Sj6xQ7h7ORyVH4V1n/Cr9Y/57/pTG+Gmsj/AJa/pR9Yodw9
nI5b8KUcdq6VvhvrYH3/ANKi/wCFea4O/wClP21P+YXJI5/PtS/hW23gLXV7Z/CmN4I15f8Alnn8
Kaqwf2g5JGOc9uKTmtRvCWuJ/wAsDUZ8Na2vW2NHtIfzBySM/NANXDoWsL/y6GozpGrr1szVKfmg
s+xBmjJqQ6dqg62jU02eo/8APo1PmXcTXkNzRk0pttQ/59GpPIvh1tXo5o9xW8hcmjJpPJvf+fV/
yo8m9/59HpXj3Cz7Dgxp2aYIb3/n0eni1vz0tHNNOPcdn2FBpd5pPseo5x9kYVIunao3SzNJyj3C
z7CCQ0ocnmpk0TWJD8tofyqynhXWpTxDt/Cl7SH8yF7ORT8zjpSiT1rWh8B65MR/Dn2rTg+GOqyY
33G38KmWIpR3kHspvY5kTIvWlWeNnCh+T2rubb4USZBnvDVrUvh1Z6Tol1fefvkhTco9a562KpuD
SfQ1hQkmmybwh/qkr1LT/wDVrXl3hAYiTPrXqOn/AOrWvDO4/9H36sXxP/yAL7/rg38q2T2rG8Uf
8gC+/wCuDfypS2HHdHxvP/x9T/8AXVv5mmA5p84/0qf/AK6N/M0wDFc73PYWyQuacKbinCgq4tAz
QKWlYpIKKKKCgp2ab3oPWiwx4J+tPVyORxUYNLmpaLi2i0lwe9TLIr9+aoinK2OhqGjphVaLuDS5
xVdJSBzU4kVhUNHRGSaJFkIqRZahwCODSYIpNG8JtF1JM1Ir81QDEVIjnPJqGjWNRovb1P3snHSr
2l6vf6TOJrO4Kkfw54rID1IHHeqjKxpKMKitJHuHhX4g22rpHb3mIrnp8x613GeOCCOx7V8uAkss
oysicq4PSu98KfESfTTHa6nMZbYgL5jDd/8Aqrqp1u589j8oa9+mezg+vFKeapWd/bX9ss9pOs0R
6FWzirO7iupNPY+ekmnaQ8oCKjaOnhqd1oJuloVzHTSlWioNRlaQFYxg1E8VWytNYe1MCg0NV3h9
q1GTPaojFweKAMd4c9BVZ4M/w1tNEMdKgeDjpSAxXhGOlVJYea25IPaqkkBz0pDMV4vao9gHStWS
DjpVVocdqAKeDUgehlIPSmnjpQBOklPMuKp7yKXzc01uKw+aTINY1y/Wr0z4zzWVcvjNehQ3MKiM
24PNUnPNTXMnNU3bnrXrU3pqcU4u5JmjIqLcfXinBlxy2K3WxNmPJwcGnc4quZ0Bz8z/AEqe3tNQ
uyBbWkzA/wCzSbS3YhO9Nd0XgsK6XT/AOt34DSQvGp6kjFdXpnwpiXD3j5PpmueeMpw3LjRnLY8r
MqA4HLfWporK/uSBBCxB6cE17xZeCdGswv7iNiO7KDW1FZWNuAIraEY6YQZrlnmUV8KN44Z9TwW0
8E65egZjKA9yprXt/hPqEwUzXEgz1A4r2rIx8i7fwoLN/eauaWZVJaR0NFhkjzO1+EVnGoM8zse4
LVq23w10O3Hzx7seprsmUnk7iKjddi72HyisJYmvL7RrGijBh8I6Ha8pZRN9V5q0mkaXH9yxiX32
0XetWcLbVzkdqhfUbqSLzYYd0Y9K5HitWnO7Rr7K2li15FonC2qD320uIByFQfSqdrqsWoA20rGO
XoAeKx9csb2w+ZJHZCexrnrYrkpOp8RShrytHQtcwqdu9Qad5pK5R8j2xXIsyS2IYPK0voK1NCgY
Q+ZNK646BjRTxEakkktGOVNJ6Gx50mT8zcU1bxScCXBpSQcsvKnvXPeJLEw+XLBKysxxgGtqsnCF
1qKMbux0fny4yrkj1pBLKwyHP6Vy0N3fadBGZg8sJ7iobnUT9vhEEz7ZDkr6VzwxcWlfcqVNpnXe
bL/fakMso6u1ZOsSXFhbxXAY7W9aZpeqTag/3flArV14KsqT3J5Xa/Q2RcSH+I0GZ+7EVUkv7WGT
y2ky3pTI763kYg5A9a1vF6RaZLg10L3nMPU0nmeoX8qhWWGQHy5NxHYU7JPanzRekRNIfvQ9Y0/K
giI9Yk/Km4ozT+QtBTHbf88I/wAqTybU9baP8qKKFIdojTa2R62sf5U0WWn45tI/++akoquaS6is
uxCdP009bKE/VajOk6Wxz9ih/wC+asmijnl3Cy7Fb+ydK/58Yf8Avmj+ytK/58Yf++as0mKOefcL
LsVv7K0v/nxh/wC+aeunaaOllCP+A1Niijnl3Cy7Ef2LTweLSL8Fp4t7NelrH+VLRRzS7hZdhwW3
A+WCMfhShwOiAfSmUopPUdkSCdxnBIpTcSkffaoqKmyAk8126k/jWR4ncnwxqGevl8fnWnnFZPiY
/wDFNX//AFz/AK0wMLwhzEmfWvUdP/1a15d4Q/1SfWvUdP8A9WtAH//S99rF8Uf8gC+/64N/Ktqs
XxR/yAL7/rg38qHsOO6PjuYf6RN/10b+ZphXNSy/8fE//XRv5mmdK5j3FG6GYIoANSEZoC0XHyDQ
MUvWlANO21NylFjMUuKdsNG2lcrlYzFFOxijGaLisNpc0bTSVTDYeD607io6UGpsNMlB4p6tioQa
cDzUtG0ZNFlZDn2qZXyKqBuKejGoaOiFQtEU3JBpgk5qQMCKlm6lceH4p6yVF2oyQKVjRSZZWSpk
cHNUQ5qRZSRgjFRa2xtGba1Z0nh7xNe+HroSW7O0WCGiB4P4V7L4b8Yad4jtA0MojuF4aNjyK+e4
5McEn8DVi0vbmynWe0k8qZTnd61vCo0cOMwFPEK8VZn0+OO/B6U8GvNfCnxKjvClpqgCSgbd+PvH
1r0RZQ8YdGBQ8jFdsJpo+Vr4WeHdpItdqMVCr8daeGqjmFK4pjLmpAeaXimK5CRxTCuasFc0wpQM
qmIk1G8Zq4y+lMKnuKQGe8ftVaSGtVo81C0QoGY0kHHSqjwHmtySEGq8kIxSAwJLfjpVR4SK6CSA
EdKpy24A6UAYbIRVdyymtiW34rNnh2nOaa3AoSy9ay7hyQeeav3Xy5rJlEsp2xpuY120mluYTTex
QuXw/NZ8lwoJA3M3YLXUWPg++1Ft0rGNTXYaV4D0u02yXGZWFd31yEEYexk9zy60sNT1BwlvaSDP
dhXW6V8NNTu2DXUkcaHqCDmvTIILG0AFrbhMevNWTcOwGdo+grmnmMpaJFxw1tWzB0v4e6VYIpuG
V2HYiuotrWxs1AghTA9qqiTJp/mknnmuKdWc92bqEF0NIXO4YX5fpSiQnqTVAS81IsvvWevRl27F
4Nz1p+7iqKy81J5h7U2pJXYXLQbtT/lxgtzVdHyWH8WOK5G/1C/i1cpuIHVVrmxGIdGKbV9Sox5n
a52uCBnimGMMCG6Gucg8SSQv5d5Fjj1ratdWtbpPlYCppYyhV92+pUqUlsUdW0OK6t2a3AEgrJ0n
UX06c2t2uFBxXWxzROSI2D+tYmoaG2oXxdW2JXPicK1NVqC978yoVLLlkVfESWS24u7dgLnPyqtT
W5ub3QXNxCfMC8KavQaDaoyGb95t7mtPAACqoAHat6VGanzT2a2FKdjhNO029hk3mLIPYir91pV3
dlRGfLXuBXSXl0tmgYqNh602C6trqLch5NYU6FCk3Sct9fMd5S1S0KNpbNaWohflgMZqlqekyant
CvgLW/5JK5x0pphA6jr716DipKz2Mtea6MO0057eEW9zh0HTNZt14YQ3InhYjDZxXVGM/UU3yzgi
spYenJWRTqPVdzmdVsb28gS3HIFQ6PaXenxvCyfMejV1QQr25pjruOSOfWiWHj7VVHuCqWjyHCy2
9zaar5t1G8iE5+UV0MdxY3EIVYnXjnpWu0auCHUEfSq32C1UkrGwY9fmrOlhnRu49RyqXMywgtbK
d5VuAM/wsadPrdqrFYgzNTrrw+ly25ZSh+maSXRoodPKQoWm/vZrS9VaLYSSuVIPEKyXIhdCGJ71
tMAoD569q42GzubS+SSWIkA8kmusk1K0it1ldwCB0rDB1qr5lVdvUqpBW90nwcZJGfSkwwGSMe1c
rfa7NJcq8AwpOK0xrDW0KSXJyD39K1p42nUnpsJ0mjX5xnj6UVDb3MN7EJYWDA+lS5GcV0Rak7xd
zMDRRSZzTWoJ3dkO4pKSloAKSlpKACiiigBeKKbRQA6im0UALxWV4mx/wjV//wBc/wCtalZXib/k
W77/AK5/1oAw/CH+qT616jp/+rWvLvCH+qT616jp/wDq1oA//9P330rG8Uf8gC+/64N/KtntWN4n
/wCQDff9cG/lQ9hw+JHx5L/x8T/9dG/maQe9OmB+0z/9dG/mabiuR7nvRVhcU5RSZpwqWbxQ4KKU
JmgU8UmzRRQmyjy81IBTgtTc0VO5AYuKbsxVvZkU3y/ajmH7EplDTdtXDFTDFimpGUqLRVA60YxU
pjwaYVquYy5GhB0pR1o6UmaBaokDU5TzUYpVNJo0iycHNOUkVEDxTw3FTY3jMnRvWnnk1AGqQNUt
G8ZXJMcUnNANLU2NExVbB5qRW96iIOKBxQ9i7talkEEg8gjo4PIrsvCvj+/0WRbe7lE1qeNz9RXD
buBUm/I55pwm4iq0qVdWkj6Y0nWLPWrUTWUqSrjLYbmr6vj2r5p0rWb3RbhZ7KZwO8e7g17B4X8e
6frUKQXMnk3ecbSeprsp1U9z5rF5XOm3KOx3QYmpFb1qqHIPJXGO3SpA56nkH0rbToeS15FgGjFR
I9P3nNBIpTNNK+1SZyKDTGQFaYUqwRTCuTQBUeP2qFosg8VeZTUZTNAGc8PHSqssGe1a7R+1V3iO
KVgMSa3+XpWZPa7ugrpnhJ61UkgA7UAcydJV2zJVy2sbe3+5EC3qa0Wi56VCY8GnzsLE8czDjhR6
AVYDnHWqajFTK3vRuBaDYHWnb/eq26lDUAWlkNPEhqoGp28jvQBb805qRZeKoiQ55pwkwvXmgC+J
SeAenSqmo61HpsQYNmQ9RQkn8R6gVh27W1zrTGc5bPGawqtR23ZcbM29N8QjUHCgbX9xUut2huIR
eRYM8XYd6aiQxODGoz6iqWs6rNpixMnMb9veq5Jez99hs9Bmlw/28xlvtsRj+UrTZNKuU1AR2xKw
d2FZ9pp13d3guC5SGT5sA118UojRY+uBXJTw1Oqv3it5luq0iawto9Pj2q5csOSavrLlcZGKy1n6
jPXrTxMOPau6MVGKiuhje5pBxnrTwwz+FZyzVNHMD1q1a+oFHxBIPLVMZyKwollhQPHIQB2zV3X5
90ygHoKz4JwoAJyD2rwqGCjjsdNVLpI0xFX6vQVupsWWtyKwSblfWt2G4hulyjLn0rkJItrbwQF9
6j+1JaNuFwqn611zw+MwXvQftIfijOniKdXSWjO3KY4wMe1NMY9K5/TvE8Mp2NIDj0NdDDcxXABR
wfataGOp1ttPJmk6TWu6GGPPao2i9qufL/8AqpCAeldastUZ2sUjF7VGYsdqvlKaYxTAzyh9KZtK
9Dmr7R+lRmIUXApPGsikPGD+FZt3oVrdqVwVNbbR+lRlDnrUuEJbj5mjmjoa29kyqu988GsnT7FJ
Lh4tTd/LDcA9BXcOpzmoJ7SK5UiQDJ71yzwcJvnWiX4miqso21rZ6fERbyr5Z6DPNSi5tsYEgNUY
/DaxXLSGUlD2zWJqu2zlxCHC+tVOsqcedqyJXvOx04vLQttEq5+tSA55/h7GuX0nR5LyT7VK+yIH
1610zT2sSCMSLsX0NGHrOpDmqK3Yc4JaR3H0UkcsUxyjinFSvJrpUkyGrCUlAB60tMQmKMUtFACY
op1IaAEooooAKyvE3/It3/8A1z/rWrWV4m/5Fq//AOuf9aAMLwh/qk+teo6f/q1ry7wh/qk+teo6
f/q1oA//1PfcYFY3ib/kBX3/AFwb+VbRrF8Tf8gK+/64N/Kk9iobo+QZl/0ib/ro38zTCtWpEzcS
/wDXRv5moytcblqfTKnoQYNOFPKU3BpXE4tC0oJzTSeacKVik7EympFIqAGpFapaOiEifr0pcU1D
UoqGdUUmM2UGPOcDOKlC1ueErBNS11bWQZDYojq7BVSUWzmWi9fpUTw81u65YGw1y6tyuFVyF/Os
5o81V7bmMacZxujOaI5phQ1oNFULRdapSMJ0Cp7UmeanMOM1EU5qrmThYAaeDio8EGl3U9Cb2JQa
kU81ArcVIGqWjWEydTTwagVqeGqbHRCRPnjmjHpTAaUHBqWje9xxGBRkjpSj5qXFTcsTdzkCpEcp
IkqHZIpyGHUVERSAmhaA9VZnpHhT4ky2RjtNUBeIkASYya9Ys763v4hcWsoaIjIHevmNeTjHHet3
w/4q1Hw9dBoJWlh/uM1dFOs0rM8jGZbGd509z6LWQU8PmuW8OeL7DxFa7xIsU3TYT1NdEJGUAMMV
1xkpbHzlSjOm7SRbVsdaduNV1kyKfvqjMsDmgAVEr09WoAUrmoyKmBBpCBQBAUNRNGatMtMK0AUZ
I6qyRZrTdM1XeOgDJeLFV3UDmtOVBiqcqcUDuUzxQGpzLTelAh4al3VETzS5oAlDUu41ECPWlzQB
Jv8AWnpyS2egzUG6ob5pfshSD77Um/duhqxDb64kuoPbOMION2Kzda0+e0n+12rF168VXfR7mKPf
li554pIdSvLVvLmUlB1DV5c6zk3GvG3Zmygo2cWXLTWL2GPc8eRipLZLrXLnfcjbCvQZpj+IYQEi
FsCzVuwHZbo6qFLjpV4ak6i0qc0UKc+lrMuRusUSxIflUYFKsuKq7ufelD816VtLMybuWxKRTxMa
p76dv4oEXVnzUqTHdWcsmDUqy9fpQhPZ2MjWbkNecn5R1rm9S8aadpytGhLyjgALnmr+uzF0lCnB
rzqw0Dz72SaTc5L8ZrgyetTjVq15vRMePSkoU+pqv4l1zWWIjXyouxJxQNN1S6H72Ykf71bcVvZa
XEGuSF46VmXnjm1siUtIgx6ZNb1M8qynbDQuiqGV1qyvaxb0vRr6wfzEmLexNdfZahcx4ByGry6X
xzqly37iMAe3/wCqpI/EPiSXDJCcD2/+tXm4nB43Fy53Gz8j0qeXukrSmvQ9ysdeIwk69uoGa24b
qGdQUYZr53XxN4kVgxhJA6g5/wAK6rQ/HVycJPCI2Hc5q4RzHCr97HmXkFXBQa92aPY8YGSaOK5v
T/EyzKvm4Ireiu4ZwGVwcjpXbQxlOtpHc4KlKVP4iXbkZpuwU8kkYFFdW2hnYi8mo2iqyKaVoQal
RoxULR5q+UzUbR0dRFHYeh6VVutNt71Akq4HqBWoY6jMeKJJS0krjucnrtvc2FtHHZcxY55qGGys
47NbmWcliMsua65olcbZFDKayLrw5b3D7kYqvXFcdTDpVPaL/gGkZq1mVbaO1vLZpbSQhwM4PFR6
Ze3klw8M8e1VPU+lV7l4dOnEVkCZB1UU9p9Uu02Rw+XnvisI4hQ91puXkrlOBt4V/mjbI9qTrn2r
HsbXU7CXdI5aNjzkVuApIA0bZ9a76c3NarlfS5lKNiPFGKeVwaTFaOy06kiYoxS0UAJijFLRQAlZ
Pif/AJFq/wD+uf8AWtasnxP/AMi1f/8AXP8ArQBg+EP9Un1r1HT/APVrXl3hD/VJ9a9R0/8A1a0A
f//V9+rG8S/8gO9/64t/KtmsbxJ/yBL3/ri38qmexcPiR8mOv7+X/ro38zUZWrEg/fS/9dG/mabt
rz76n2ShoivsppSrJUUxkppkOmVivtSLxUzLUZGKq5zuAtOBpg4pwoKRMjcVMj8iqoPNSI3NQ0dN
Odi6CCa7H4axeZ4h83GdhHPpXEo2Oe1ejfCiHM1xMem44/Ciknzak4+ry4dsT4oaT9m1MXyR4Rjz
gVwezgH1r3Hx3p/9peGbpkG5442YfhXiUYzlDwV6g1VaNmLKqqqUfMhZKheP2q7tzzimtHmsj0nT
TKBj46VC0XPStJo+KhaOmpHPOimZrR+1RshFaLR+1QvGatSOSdCxSwQacDUzR4qJ1Iq7o53BocG5
qQNzUAzmng80mioysWQ1PBz1qurVIGqWjpjMmB9Kdmog1PBqWjeMh4oIpARTqkvcYaA3rTsZpNuK
W4axJ7e4ns5xcW0rRTLyNhr1Hwp8SEmWOz1dj5vAEjV5Nkg8H8aUgNw3I9a0jUcNEcuIwsK8Xdan
1DHKkkYeKRZI2Gd6npUqvkYJ5rwHwx42vfD86pI7S2g/gOSa9i0PxFp+v2/m2kwDY+4/B/KuyFVS
W581isBKk7paHQq/b0qQNVNJP4SefSplbtmtEcHkWgwpQc1AjZqQHrTAm60mKYGxTt31ougGsvtV
d1q0DkVE45ouBnyr7VSkXrWnIvWs+ZTzTAoSrUBqzLmqz9aAEozTaKAHClpuaM0XAeMnp1oDgn5W
yw6gVHNIIrd5GOABXK2mqS215LIWLITWNbEQpO0tC4wctjsA78ZJx71l6pc28LhZoUKt1Yimxa/b
yn5yR+FRa5PbXFkGjILEcCprVlKlzU2n5FRhKEr2K2mWAn1PzR81uORntXSlvmwPujpWfo0Xk6eA
ehq4CStVh4RpwTirNkzlzO5Luz3ozUYpc1te5BJupd1RZpc0ATA04NhHOe1QhqR3xFJ9KTdkCV2c
xqBM08ijmsy61K08PWe+Ta1wRwvvUusaj/ZkM0+Mt0Fedxx3niTVQxJZWYcnoBXz+BwU8VUklpHq
euoU/wCNPZD559S8Q3pyZmVjnHaut0LwRAiiS+xkjgHpW/p9pZ6ZbiGNQZMY3Y6VPKJODv3V9hQw
1KjG0FZnl4vN609KWiGRaRp9m+1LeIj121qRNBHAQkSDtwKpk74BkhW9zTlYCLarAt9a3vf1PJnO
bfvO5Ophc48lOfapngsAm020Rc99tVI5BHknlsUfM7buh96fMQp2LSRRRDCYA9BVmG5uYW3ROwA7
ZqoojTktk083QHCivOxeV4fEK692XdHTRxlalpe6OmsvEQKhJ+CO5rcguop0zHIprzzeH6gVJDcz
WxyjnGe1eTKjjcJo1zx7ndCrQrPezPRdwxgHmgEj3rmbHxEBtSbj3rdhu4LjBjkBPpW1HF06vu3+
RdSk6av0LVBGajB5+8KdurqMxClMMdS5pBzQBXZKZtxVogUhWjcHY5q+0TF1/aMI5HJX1oi1aa5V
kiQIynHpXRbeozweorAm0Xy9S8zztkT+nrXPNSp+9SW5pHzZCYNUu8h52WM8cGiz0q7sJiTO0iHs
TVTUDPZXwjW5JiODwaqS6nepNtgLOtczxFGm7z1kV7OR0pU7s7eKQrxkdKr6VcXNyD56FavFNuVF
d1OopLmtYyZBikqUrTTGasRHRmn7aTbQAw1k+J/+Rav/APrn/WtgisjxP/yLV/8A9c/60AYHhD/V
J9a9R0//AFa15d4QP7pPrXqOn/6taAP/1vfqxvEf/IFvf+uLfyrZrG8R/wDIEvf+uLfypS+Eun8S
+R8pyL++k/66N/M0Yp8g/fTf9dG/maTFeY92fdxj7qGbc01lqXFBGaVwcSsy1HtFWmX2qMr7VSZh
KmVWXmgVOy+1RFcVSdznlCwClQ/NTM4NPHNMV7D/ADCq8d69c+GMQh0MzMMFpHH615EEMsiRpyXc
D6V7XoEX9n6VbwYxhQT9a0oxvI4syrfu+Q7Ndtxby2zciRCK8F1q0Om67NCV4diRXtVrdgMDmvPP
ibYiK6t76MYBcg4+hrTER0uYZPiOSpydzjV4GCc07ANRI2VBPfmpgRiuJM+wb10GlMimGPipu1GK
uyBxTKjR+1QtGfSr5SonTmpaM5UzPeOomi5rQaPionjxzQm0cs6JnsmKZjFXHTPaoWjx2q1K5x1K
TREDT1ak2U4DFURG6HbqkB4qLvThUs2jIlDU8GoVNSZFQ0dEZElFNBpwNSaXuGKaafQaBMYD81W7
DUbrS7pZ7SVkYHOAeDVXFGAPWmpNMmdONRWZ6FF8XdQtrdVlsBKy9XBHP609PjfIPvaYfzH+Ned7
+No6d6rzWqPyuM16eExNNWjNHhY3K9HKmepJ8cHP/MN/Uf41IPjdN/Dp36j/ABrxx4zEelPVxive
p0KNRXR83UjUp3jJHsY+Nk5/5hw/Mf408fGuU/8AMP8A1H+NePKQalUVqsHS7GLqSR6+vxolP/MP
/Uf41Kvxhd+tgPzH+NePr1FW4etJ4OmugKqz1tPig03/AC5gfjVhPGr3P/LALmvMrReRXQWQxiuS
rQitiozbZ28esG46qBUqzb6xLToK1IvuivPqRs9DZNss5zRSDpS1kWFHPOKKXOB9aAIbiAXluYi2
0MMGqqaHaLCYwQWpdaneC1CwHDsOMVhfbr6yxK7Hn1FcdetCEuWauaQi3szQl8OEn904HtWX9nkj
1OK1kBI3dakGq30kn2iMMVrU0m8TUZCZYwJl7kc1xqFCrU5VFpmrfu2ZrqBHCka+lLmkIwcUV7Gy
Se6OYdmikHWlzQAc5pRSd6XtQA4GmzHFvIfYUCo7okWrkVFR2g2OO6PPvFyvNCIU+8xq54d0ZdK0
1H485xzU00K3E4kbt61Y3udoB4FLI4JUXPuGY4mUUqUdnuSbDnnk+tSLI8Y+bae3NQ72P3RTtjkZ
ava5bnke7FaHIeJptVspzOsiiE9Bg1iweJ9RgkSRnyvpmut8XRzXGlhIl3MBXnKWl+8ix/Zn64rz
MQ6sZrlPqMtlhqmH/fLU9e0nUf7RsEuCMMetaHmu3GKxvDtq1rpaJKMNjpWnvdOccV6MPh1PnavK
qk7bdCXDA1IrH0qATml+0MOoqkzGxZBb0qVZCv8ADmqq3DelD3yW4JlYL7GnzW3Ycty5kHqvNSwX
NxatujP61Qh1CKUDkVaW4UnivLxWW4au+e9n3TOrD4qtR219TfsfEJ4E6/jW9DexToGST8K4IuJP
lHH0p0c1xbnMbkfjXlzo47BrmqLnj5bnfCvRqabM9DDEjmnhhXKWevSx4E+CK3Le9huU3I4rahjK
VfVOzXQc6c4+hfznpS5qssuOMHFOWbniuvz6md7bk2OaqarZm7091VirLyCKs7804SZ4PT0qakVN
Weg+pyVhoc15lrtm+U7Rn0rbi03T9PQCQgHsWrUyAOBj6VQ1TSk1WERGRkPqDXLDCU6Sco6st1Xs
iZVjZf3e0r6iozFzRp9tFp0P2Yy5fsWNW9gAyOfcV1Qk+UizZRaLmmMlXzEDzTDGCKoRnlKaUq8Y
qjaKgCmUrH8ULjwzfn/pn/WugKVieKlx4X1D/rl/WgDmPCH+qT616lYf6ta8u8H/AOqT6V6jp/8A
q1+lAH//1/fjWN4jH/EkvP8Ark38q2TWP4j/AOQLef8AXJv5VMvhNKXxo+V3H72b/ro38zQOaWT/
AFs3/XRv5mgCvMe7Pvl8KExSAU/FJipSbKcbK7GFTTCtTEe9NP1o1M2rsrsKjZeKskCmMBitUzGS
TKbKc5oBqZgKiZdzbB1bgVSOaatrc6HwXp/2/V2lZCYowMZ9c16xtwAB2HFcv4S006XpKFxh2+Yn
2ro43465rrpK2p83jKrqVLdCxFIyMKzfGUA1Dw0XI+aM7q0lANMu4vO0ueA8jZVTV4syws/Z1Uzx
eBv3YHccVaQ5ANVLhWt9TuIj0U09JcivNasz7mhUvBO5dU05aro+alVqpM6VJMlIGKYUFOzS9qY7
kJQHtTDDVmiholxTKEkfPSoHjq9IBmoHXk1K0OSrFFIpioytW2Wo2SrTOaUSvilzUhWmlaCbDO9O
DUwjmih2KuTK9PDCoM4pd2KixcZlgnFLmoQ2aeDRY1UyQU3NANFJod7iZ5o+lJjJNLiiwXaY0oJB
hhzVSS3ZDkc/SruSGp2Tzx1ruw+NqUZJ30PPxWXwxF9NTMV8cdDU6vzT57VW+ZfvVWVivUV9NhcZ
CsvM+TxmDnQlaxdU8jnNXIetZ8LjNXoTk11SbWjODlubNoeldBZckVzltzg10VieVrhrO6NI9job
QdBWrEOKzLOtSKvLqbm0SdeBS0gorAsKANzAHpRSqDuU9eelNJPcDE1ufybyE9VU5NVtU1ZNQto4
QmCvfFXL22ju9URZH2gHpT5NFsx9yZc/WvPq068pWg18zeLj1GWGtWcFqIZY1yB6VX0cCbVpJoxt
TPAqZ9BtnVis6lgOOadoFtNbzOJBx2NFNYhSSmloE3G2hsNzzSUrcg0ld+2hgFGKKWgAFLmkooAc
DVe/crZt71PVXUziyOawxLtRk/IumrzRzIRnPQ1Z8rauSwxUEUpxx0pS7E88iujJotYSJxYyS9q0
TGYLwo/GmZd5ACcj2pnBOPWphiJc9zxXptdjlW1hZdoYLgMKV0hj2/uUz1ziolOZM96ddXMEW0O3
OKLreWgXdyaYbgrx/lTkkJXa2PzqsmpWgikVjzt+XHrXnt7rOopqMvll/LB4rnq4qENnc1hTlI9N
EO44UjP1qteXI06IyzkKo9TXDWviO4AXecMD61avr3+2LcwyTBQw55rllmVO3u3+4qNB9TdXxLC4
zGQR296x9ckvdUdXgDADsCKy00SReIbkfIOOaU2+r24+QxkD/arz6mOq1fdvobKklsWIrvVbVQvk
OQPfNWU8S3sR+eKQfhWQfElzany5oDkdSppjeMIf47Zs+5Fc0YVF8P5lOCZvf8JoVJBLBh6iki8e
zlzGEJzXNl7jV5c2tuee5XFdHpfg50QTXcqoDycV6+Dp127tmUlT7Dn8TXsswdQ23PKiuk0rxdGx
CPKYm9DWRO9lbqbeyiMkg4LEVz89vNHMQw2t/sc1pisqw9f3rWkuqCjiqlNvqj2rT/EO5Rubcvrk
VvW99b3K7kkGfSvBLe41PTUEzAGLrgnk102keLPPKoFeNsgcCvIqU8Zg9X78fxO6NejX/us9d8wr
3qQSDjvn0rjbTxE0JAnQtnvXQ2V7HcYkj6E9K6cLjaOJsoPUJ0pR30NH7dbpP5LSAP6VY8xM/fGR
71wWvNMusgwg7j0qRbXWCysTwR61nPFyhUajBuxSpK17nRa9pjalAslvPskTk4PWk8MzTyW7wTks
UbqTWELPVlUuGwcetaHhOZjNMkq7ZAeTnrWNKpKpXT5WipRSjudURnOKTaKZ5nzGn5HFeoc4mwGm
NEDUoIoxmgCuYRWD4vix4T1I/wDTL+tdNtzWD4yTHg/VD/0xP86AOG8H/wCpQ+1epaf/AKpfpXlv
hD/ULXqWn/6pfpQB/9D341j+I/8AkC3n/XJv5VsVj+IudFvP+uTfyqZfCaUvjR8tP/rZv+ujfzNJ
SuP3s3/XRv5mjFeXLdn6DBe6hMd+9dH4X0zRtYkNteXbwXH4f1rngo79KXLq/mRyMkg6MtVGVjOv
SdSNkz1c/CnSsBv7SuQD0IVef0ph+FWlZI+33IPf5V5/SqHgvx8yhNO1WQkDhZGr0wgPEsyNvjYZ
DA9a7YKEj5bE1MVh5as4A/CvSv8AoIXP/fK/4VE3wt0r/oIXP/fK/wCFeg4z659KjZfrVeyRySx9
bds86l+Ful9tSuh/wFP8Krr8NdOtrmOYX9xJ5bbgrKuD+Qr0d48jvVWSP2pqkhfXaskYDW6xIsa5
2qMVFkg1rzQk5zjFZ8sRBqkrHI23qOhkxirURDB1P8QxWcMqamjkOfemwvrc4zWPAN9eaq91bOBG
wHBqqnw71gMcSJj6V6Skm7qeaeVORgmsnSiz0IZlVgkonn0fw11pgCJU/Krkfww11ufNTH0rvIZ2
QgZNalvdE/xGpVFG6zrErqebp8LNa7yr+Aqwvwo1Ikbrlh+Ar1CN8qOTz71T1bxBa6NA7zyKGxwC
ap04pFLNsVUdked3fw/GmW5kurw8djiuO1CKGBisT7ver/ibxpc6vcsscjJCD0z1rnjMH53sc+tc
s2tke1hXWkr1GRl8sRTWp23nNBHFZanda5ERTCoqTGeKTAoM3Ei20m2piMUm3NFyeQrsgqFlIq8U
FROmapMiUCqDS05ozTCpFMzasKDTgaZgil6+1MVyYNTs1AKeDSaNYyRKKUmmZpetSaXFPNGeKUCk
Ipj6CA01oVkGTwadtNOGKulVlTleJjXpQrR5ZIpmMxNntVy2YdRT1VX4YUv2Yq2U6ele/hMz57Qm
fM43KHTvOBq2Z5FdHYfeFcxZnaRmumsCMiuus01eJ46i4uzOltOlakQ+WsqzOa14vu15lTc0RMKU
0YpSKwZQ2lU4cGloxRddQvYw9U0+e71ON4SQM8kVKdBcYzO2e/NS6tdyWkkTR9CearnxAigcHdXH
Unh4v39DRKUlohZPD0jA+VcMGHPWpdMu5PMNlMvzpwGHeqp8QSNny1OT0p+irLNcvPKpU5zzSjVp
Tny07sORrc2R1IoxTjSDpXatiGJRS0mKBBTqSigA71T1biyq53rP1hsWwHvXNjH+5kaUvjRz8fUi
pOQpf+FfvUxRknA5rD8Taq1pD9mhb534bFdmAmqWBi2cOIjzV2jRTW7NrjYihgO4NWJdTt9u8gAd
MZrnNLsktrTcwDSEdattbxOAWWuL+2JpvQn2CL8evWSyYYD865PVNUkOsGZDuiycDPatoafbHnyx
SHT7Vs5hT8q56+Z+2SUkXCmomdBrdrK37wBD9auCbS5Rzgk1BL4etpASFAJ6YrMn8OXC5MTnHsa5
l7Kps7GrXY1msdLmBx8p9c1UfQ7Qn93cNk+hrCmhvLR8OX4psd/uGHYgjsTit/Zz+zK47XNG5srq
x+aG6Zh7nNVjqeqIM+YpX3FV2vFaQRxfvZD/AA9a3dK8N3l9iS4Vli9GFdNPDVJdiHKMd2YcMOoa
pdBFQfMeSK63TvAtqWWa95Ydq6Ox02101MRRIGx97FWWJPOcGvXoYaMV76OadWXQgjjttOjCWcI3
e4pr289180z7U7gcVZQIGLd/elJUkbjXVLlWr0MW3exSS1H+rtlA9SRVmHTbWFfMlXzJak3c4UYH
sKnt7Ge4cYDAeteTiM4hF8tH3pL7jtp4KTXNPRGZPYNfNiUgRDoBWjp2hR4CwIRjuRW7a6XFFzIM
mtJdqDCKFHtXnSpYvFvmxEuVdkdsFTpL3FqU7XRokOZWyfStWJUh+WPjvUAfPJ604OQc5ArqpYSn
RShEidScviZWudbs4LkrLEGkXpn1qF/Fku44gCpioNT0Eag3nRkhzWfJ5+n2MkD229ugbaTXLiJY
rmetkaxlTUbGl/wk95Kv7uNcAVoeGJGleWdwAxOay9Dv7G206Q3UabyMYYc1t6bJA9uZYFCjpVYe
lU9opSncKjVtjaWX5yalEtZqye9TLJ713mBoCSpFeqKy8dakWWgC4GzWJ4y/5E7VP+uJrTWT3rI8
YN/xR+p/9cT/ADoA4nwh/qFr1Gw/1a/SvLvCH+pUe1eo6f8A6pfpQB//0ffqx/EX/IEvf+uTfyrY
rG8R/wDIEvP+uTfypS+E0pfGj5cb/Wzf9dG/maUcUN/rpf8Aro38zSivLluz9Cj8KDFLig0tIoje
JZBhxkg5VhXbeD/HMulXEdnqO57Y4Ac9FrjcUhUFeRx61UJuL0OfEYWGIjqfRsMsF1brPayiWJ+d
w7UMteLeFPGF14euBHOTNZscdeleyaff22rWS3Vo4ZG6oDyK74VUz5DG4GeHei0HFeKgdavFeOuf
6VCy1qzz73RmzR5FUJoetbTx8mqksIpAYLxEGouVNak8XtVJ0wTQIWJwOvWrkcmQKzlIU5NTROc8
dKRRf255FSRStECSdqj7zGsy91qy0qAy3ciqQOFz1rzvxB45vNVzBZr5EI756iolUikdWGwc6r2P
Qdb+IOn6TGYLd/PlIxlecGvKNX1271ad3ncspOQD2rJ5LsxyzHqxNKvJrllUbPocPhIUdGgOSasQ
qSKaFqaOslqemop7Eg6YpccUnagUGqWgm2kIqSjbSZDRFjNJjmpdtJjmgLERWm1MVpNmaAcSIpkV
C8eKtbcUhFNMiVMptGaj2Gr2wVGY8dKpM55QZV6U4VI0ZpAlMhJpgKeBTQMU8GlY2VyQLSFaUGnZ
osbKwzFIBTjS96i+oNKwqjFW4c46VWA6VYjPSq5nfQyla2upowxqccc1sWakOM1lW2OMCtu0wWGa
9PD4qcfdep85j8LCV5LQ37I5xWxD92sez2jpWxAPlracufU8dx5HYsigilFOFYsBmKG4GacV5pGA
24oTa2Cxm6xZS3sUZh4APzGqqadYLGollXzB1rakYxW0hzwFrnrTSjqsszrOVQVw4qneacYJvzNa
UnY04NNs3PmxMCBV5QFACAAd8VhWDto981nO+6M87j71a1LVYrchbbk1tTnSprmdoy6+opKbNMck
0dqZA/m26THqRT63WvvdzO1hvelpaKYCUUUUAA61m60cW6/WtMdaytcbbCmfWuPHu1Bs1o/xEY0b
BEd26AZrgL6U33iJmHKqw4rtNRkNtpTsT1zXD6GPN1F5G7tRKo44SMPI5pRvWnI6s/KAuMcU0A49
u9V727FtcIh6E1ANTRLvyiflPOa8hQk1dCJbx5oV82D5lHUVDb65BL8knyt0NaagMBk5Vq5XWLNI
LstHxk5rWklNcrQctzp43hkG5JAfY0lyJFt2ZGX8641LiWHmNyx9M1rWNvrGq/u0DRp/eIrVYScv
hDRGbdXck8xQ7mcHpirNr4NvddKEQlFznca7/QvA0ECCW5cM/U5rr4YYbZAkShcd8da9WhQ9n8Ql
Jz2OU8P+ArXSYQ0qRtIP4jW89lHAhZmC46JWhuJbnpWZquWwrOK66c3eyHOPKrbtmTK4dyQMDtTM
imu2GwCCBT4Laa4b5AVrHE5tTovkpe9LyM6WBlN3loMJAO7rU8FlcXTAhPl9a1rTSET5petaK7Yx
tQYFeY6eJxmteVl2O6mqVH+Gr+ZTtNJihALnJ9K0lKou2MAVFnNKK7KWHpUY2jEmVST3JCffPrQC
aaKXNbX5iEO3ZoaVIImllbCL2poHzYrH8SXPl2yQjOGPOKzqVIU4XkxpXZC/itvthMEbGFepFdBZ
6jBfW4lLjb3DCsWH+yV0jyx/rcc9KxrS2uXdlt5CFPvXEsZVpyXO1KL7G6pdTc8Rrp4st1vzKxAr
X0dDDpSh125xiuctdImmuUEsobbziuqVgqiNRwoxW2HhLmdWUbNmcydXFSB6qhuaeH9K6zMtrJzU
qyVTDmpFc0AXlkFZXix8+E9SH/TL+tWg5rL8UMT4X1Af9Mv60Ac14Q/1afSvUtP/ANUv0ry7wh/q
k+leo2H+rX6UAf/S9+rG8R/8gS8/65N/Kto1jeI/+QJe/wDXJv5UpbGlL418j5cYfvpf+ujfzNKK
G/10v/XRv5mlAry5bs/Q4/CgxmlpQKMUFBQemR1pcUEc1QhPvHGOPStbw94kvvDl4GglJhJ+ZD3r
Kxg0w/KuCM96SfK9DOtTjUg4yR9A6Jrtrr1lHPAQHK5ZM9DWgVGa4H4U6eYtPkunU/vCSvpivQNu
ACOCTXo05XjqfDY2lGlVaiQlBVeZParjCo3XirOQzJYsjpWfNB1NbUicVVmiyKTGYTxYJ44HNc54
h8VQ6MHhtzvucfKPQ12EsOCQRwR1rxzxrYNaeInkZSUfox7VnNtI7MFSjOXvGVd6jd6lcNLdzFwx
yF9KjB7HtUQ9/wAKcM55rilrqz6alFQ0RN97k/pQBg0i04daVzdMeD2qZDioAOalQ80kbQZPnjpQ
Kbu4pwambJjqUZpN1KDRYGkLSEUtFSIaaAKUigCgaGkc00ipcUhBoFJEWKTFS7RQVpoyaIdtIYxU
2KUrTuyHErlBTdtTstMxTRL0GYoxT8UhGKdhJjOlLnmkNKCBzWfK76G10lqSqeKmiBFUZLhIxyea
h+2M5wp4rvo4GpXt0R5uJzGlQvbVnRw3Ajxg5rXs5/MYGuTtWPHOa6XT+q8Yr1YYWNFcr3PmsTjJ
V3e+h1lh9a3IAdtYNh2ret87awqHIu5aUcU7pQo4p2Oa5yhpFJgY96eRTCKLN7AG3zEMZ5DDFcpc
NNY3bwW7su49BXVjI5HWq72kH2n7W5AKjvXPiabxEVyuzW5UJ8pzZsbq7OZd2/1NT/2IyQFpJAr4
4ya2bfVYruVkXYFU/eqtrE1teR+RFODIeAFPNc6wmHUb3v8AM09pN7Im0oMLUpI4JHTFXSMVzVrD
eaPdo9yT5L9MmunIDIsinKtyK7KMm1a1rESXW40jFJSnmkrSzICiiihgA61ka4AURT/erW/irI1s
jeg/2q4cxt7DU2ofGcT4sumS1SFTxisLQE/fgDrnNW/FUu67SP61n6dcfY7nJ6YrOXv0kkznd7yZ
a8QSFpwq8MGz9KySzlsk/P2NTahci7uTIQeTmkgtJ7pvkTC+tOlDlXKkTotyVNYuoowhcce1LFb3
2rzjAYj6Vs6doEY+aX5n9K6e2iW2jAVFXAxwK7qOXtvmaMZ17bIyNN8LWtuFe5Xc3pmujjuEt0Ec
SKqj2qKOOWdvlQsTWpbaPsG+5O0H1r0eSnRWhilKbu2S2Mk90Bg4UVpSMkC5dgMDuay7nVLe0Hk2
+AcdayXmnvXA+ZueleVicbRp6t69j0aVKb+HY07zWSQUg61lD7TePklmzWjaaMeGlG3NbEcMMAwi
iuJRxOKWvux7G6jCGu7M200VAoebJPYVqoiRABFAo3H8KUV20cNToL3FqZTqynoxd2etGc9aSlFb
t3IClBpKUULQB2aKSimlcCSP7xY8BeprlNSnjutVCtJhAMYzW1rd4LPT2VD+8esDRo7UMXvWGWOc
muLFVUpqlK2u5tCLtdFo6JLsMsbEq3vUHl31kGIUqgHWuqgmgMQEDqyDpUkqLNE0UqjDConl1KS5
oafMFiGtGjC8OebNPJcu5bA6V0BbLE+9VrW2SziZYxxgVNkA+/FdlKDhGzZnJ82w/PNPDVFnmn5q
ySYNxTg/vUG6nKRQBYD1meJnz4Zvx/0z/rV3dWb4kbPhu+/65/1oAxvCH+qT8q9RsP8AVr9K8u8I
f6pPrXqOn/6taAP/0/fqxvEX/IFvP+uTfyrZrG8R/wDIFvP+uTfypS2NKXxr5Hy9J/rpf+ujfzNI
KV/9dL/10b+ZpOleZL4mfocfhQ6nCkopFDqKKXFMBKafmkUL1bin4q7odqb7XLaADhWBJ/Gmld2M
60lCm2e1+ENPOneFdPhb73krn64rbxn8KFQRRJCOiKAKACW4FejFJRsfAYio6lRyewxhzTCKnIyf
51FIyRjMjBB2Jp3SMoxctiFl4NV5UyKuYDruU5HrUbL/APrpjSexlSxkc+ledfEvTd9ul2B90ZNe
oSISGyK57xXpgv8ARJ0Oc+WcYFZ1Fob4Opy1EvM8HGCocd+Kb0NLGCY1+XDA5xQRXDvofVa2uOBq
QHioBTw1FikycGpVNVg1So2aDaEiYGnhqh/GnA0jZMsg8U4GokNPFNbGiHU6mA0+kMKAKXFKBRYt
CEUmKkK00jFAMQClK5oFOoM3EZso2ipAM0u2mS4kBX0qJqsuMdqgZc1RE4OxESaTBp+AKilkCLmt
Iwc9InI5JJthIQq8mqE14CMLUFzeFztU1WBya9rBZco+/I+fx+azl+7iTZLHJqxEKqqeauQHPFeu
0mtNDxuZ9Xc07P7wrptP6iuatBgiuksDyK5KuisLQ6vT+lb9t9ysDT+groLbhRXm1Ny0W1FOoX0p
T1rnZQhpD0pTSdqPnYBuD2qG6i86ydV+9ip+lIOD7HqKb+Fx7gpNdDA0aK3aOSCd/LfJ5qkyR6dq
O+NvNCnOTVnXrQ29z9ojJVWAHA70WujyXMayykhT1ryKkakWqVOF7dToTSXNJkF9qUmqIFCY2Vr6
HdG4s/Kbh4+Oas22mW1sMBdxx3rGv5xp2so8I/dn74FbRpVMPL21aXxEyan8KOgK7fl/u0lIkguI
VnT7rUuOK9CMlJXMrBRRmgUhAOtYutcMD7n+VbQHNYmtjJJz0rhzJ2w5tQ+M8u12TzNUbk4AFUUi
eQhUHHqavX6D+0pS3IGO1aGnaPc3xDFTHF61vhMFKpTUpbHJWqKNyla6eiuM/O3oK6Oz0uRsFxtX
FXYLaw0xAOJJKuJM0q8javavWo4aMPh1OOVRsbHHHCuAMmnnJpOFNNEmWKqCazxOPw+HXvvXsXSw
9So/dL9rOtqPMPXHFRXOpXF/J8mQBTrfTJ7huSQvWtuCwgtkAI3GvDnWxWMfuLlXc9KFKnQV3qzI
tNIkm+eWtmCzht1BAyamJ7DgUg4rooYKnTfM9WEqjYpJLdcCik6jmlrqbbM7dbiijNJRRsA6iig0
AGaWm0760AA609cIpkYfKBTByeOazNba8eEW9spyeCRSm3EFqYup36XGqRq+fJJ4NaVz4dLRJLbv
uVl3YqtZC2h222pQkMOjkV1Ee1YlEL5QDjFcVHD0qqk5q9++6NnN09InIA3mnv8AMCqitLSHur+7
E0jfu16Vr3ltHfW5jddrHjNFlarZQCJTkDv60UsLKnJWd4g6qa2LTEbjikzScHpRXdZLroY7i5pa
ZmloAfTgeKjzTh0p2AeDWZ4jP/FO33/XP+taA6ZNZ/iFGPhu9bBx5f8AWk9A2Mrwh/qh9a9SsP8A
Vr9K8u8Hj9zk8c16jp/+rX6UAf/U9+rG8R/8gS8/65N/KtmsbxH/AMgS8/65N/KlLY0pfGvkfLz/
AOul/wCujfzNJ3pX/wBdL/vt/M0CvMlufocfhQvanCm04UihRS0nSgHNMYpOAT6V2nww00XWtzXD
jIQjBx7ZriXOI/evYvhhpps/D0twwwZn3fpj+la0leR5ea1vZ0Wdo5LOTSZIFOILlscY/WsjXPEF
joFi01zJ+8wdsQ9a7XJI+NpRqVHypblvUtQtdLs3uLtwqgZAz1rxfxV4vvPENyY45mhtE4TaxGT6
5HNUvEPiK78RXhlnY+Sv+rT0rIwOoOa5KtXXQ+qy/Ko0Vzz1PQvB3jyWOSHTdVk3pnajHjtXpoKt
GrxENG/IIOa+b2UOMGuw8H+NptEdbS+YvZt8o9qKdZ9TDMcqUl7SnuetyL1UVXlgEsLxsMgqR+lW
baeC/tlubSQSRsOOadgKw469a67qSPnJc0GrrVHzhrNkbDW7iEDC7yAMVnOuK7z4m6c1rq63gXhn
5/GuIkX0rgl7sj6/DP2lKLKpFIKmZeaiIwaSCSsxwOBT0aos04GmOMmiypp9QI1Sq2alo6IyuTIe
alBqsDzUitRsbxkSg81IDVfdUiNmi5asyYU8CmKaeDTRpFEiikZM0A0/PFFimiHGKBUhpAB3osKw
AU8DFAwKUGmCS3Y1huqMpU5GR16VWuLqOJcL9+tqNKdWXKkcuJr0aMXOTKt1IsCHPWsC5vWlbAPA
q3fM0iFieax+cmvfw+DVNXkfF43MHipPk0RICM5pymoh9aev1rti7HmtdWTKeauQHmqKmrkJ4rS4
r3Ni16iujsOq1zNoeldNp55Fc1VaDR1endBXQ2/3RXO6eeldDbfdrzKq1LReTrSnrTVp9czKGmjt
SmmmgA70lLQelAEMsUdwoWUZAPFEsq21uSxwqjgU/jmqmq25utPk2ffUcVMpOCfKtSorXUoDxFtZ
9ycdBWZFGdQvss/yE8g1d0qOxe1lN3gTL0zWZIWju3aA4U9PevHrynaM670vsjphZm0dSFjfrYg5
hHetgkcMPukVzMOlXN+hYjZ/WtzTYZobbyZjnHSvQw1WtV1muVdPQxqQVyxS0UV1vcyAdawNdOd4
rfHDVz+tk7pTnoK83M7+xVlfU3w7fNoecPMkOqSu43DjjFbNvPqN/tSEGGDvkYqnZLE99LI8Zdge
BXSRGVkG44HYV688XQoYeLnL5HmeynOcuVdRILCK2AaQ739TU+8ngfgKmt7Ge4OAuB61s22lRQgN
Jy1eXUzHF4v3KC5Y9zshg4U9ampkW9jPdHoQPcVs2ulQ2+DIATV4fKu0cCkpUcFTpu8/el3NZVuk
VoGAMBOBSnBPrSUV326PVmTbYUUUUAFLSUUALRQKKADNLSUZAFAC0vOfWkXLVVv9RisECq2Zv4QK
mU4Q1m7IaVxNT1FLGMYYb25ArMHiG4GGVQxqK3jXULtjdR4kJ4am3WlXGl3X2hVMsJ7DsK8+q685
c8Je6bx5VuJeaqNQj2yx/vPUCoNP1K70xy0mXiJ4HWtuzbSbuMyZEZH3gatR2ljcAtCuVBxmiOHr
Oaqe0uPnjbUsWtwLy3E4G3Papck9aaqBVCrwBThXoruczd2KOKKKKYC0opucmngFuAMmlu7IEJT0
RmqK4urSwiMl5Kq4GcZrhNf+JKqZLfSwdw43AVtHDzqOyIlUSO41DVLLR4mluJVyBnbuFeda58QZ
dWk+w2q4tpPlY+1cVdT3F/KZruTzC3NSWnE0agYGelegsFGlTbeuhz+1bkj1rwgCYkJ716jYf6tf
pXl3hH/UivUbD/Vr9K8o6z//1ffqxvEf/IEvP+uTfyrZ7VjeJP8AkCXn/XJv5UpfCaUvjXyPl1j+
+l/66N/M0opG/wBdL/10b+ZpRXmS3P0OPwoWnCm5pcZpFCg04YzTRinD1pgkOhQzXMEQHzM+MV9C
6FZ/YNAtbXksFz9a8T8HWA1DxRbxsMoqlicdOlek+MvG8GgwCzssPchMDB6V00mkmz5/NFLETjRi
i/4o8W2Hh22cO2+5P3UB714vqmrXutXTXF43zHlUzkAVBd3d3qF1JcXUpeRznaTwBUI9ufes6lRt
ndgsujQir7gCRR14ozRWJ6S0DpTSAwwQCPSnUmaPMTXU3/DHi268OThXJks88qWI259PWvZdN1O0
1uxS6tJA6sAcDrXz3jI9fY1paJ4hv/Dt0ktpIzR7gXjJ4xW9Kq72Z4+Y5XGtHnhuei/E/TDcaA1y
oyY2XIH1rx0DKKa94bVrHxd4YuBDjzWjJZfcV4Y0PkSyQtwYzjmitZu6IyyUlB0pborOtQstXHX5
RULLWCZ3Tp2KxGKQNUjrUJGK0RzNNMlBqRWxVdTUqmhlRnZlhX56U7r7VCDT1NSzoUrkgPapoziq
xPNPVqk2Tsy4rVKDVNWqZXzTTN4yLGacDmogaeDVXLvckoNNzTgT1HNMbdlcMDIH50qK8koijQtI
f4RToIJLm5WC2BaV+wGa9g8F+BbfSrcX18olujgjcOlXTg2zzsdjoYWHvas8ok8O6/MuItOkCn+I
1EngTxC/JtDn3FfSwbbwML7AUu9j7/lXrUK7oq0EfE4rETxUm5vQ+ZpPAHiAjmzP5VSf4c68W4s2
/KvqcOcfeP5UBz3/AKVrLG1JfEcqo22PlgfDjXe9o/5U9fhvrmf+PZvyr6l3H/OKad3f+lL65IPZ
HzCPhnrzdItv1WrkPwy17/pmPqDX0gxJHBNQkNVfXZWK5Dwm3+G2tIBuaL8jWxa+BtUhwWaP9a9Y
fdnGTVV8nOT+dZvFykCicXbeHruDG5o/zrVispYx82K1pBz2qu+O1Yym5FFcIR1pTTz1pprMBppp
6040mKAG0E07FIRQA2lUgHkcd6SgdaabYmjn9b0p0YXEGSCeVqzpWlxvAtxNn2U1rEBuH5HpR8oG
AMKOwrl+rwVTncbs153awnmKpA3BAOlDdc5yKp6jZPdBTExH0q3bxFYArE5Hc1vzOT95EO7DPPrS
4I7VTvtUg09SDhn9uax11+5aUMB8pOKieIhTfv8AUapuSujo+rEdDXOawf8ASypHB4NdHEfOhDnA
JFVJNNR5vNkGcnPNYY6hOtSUYFUpqErs5u00n5maKHlu5rctdIRQGlJJHatJAkY2ooApTz1rOjl0
IpSqe80XKtr7gAKgwigCkznrRRXobaIxbdwPNJS0lO/QQUUUUrAFFFFABRRRQAZxS0hoFAC4NOVC
1IoDE84ArIvNRuJWeCzGWHBNTOaj8ug7FnUdUislKp879CKzdFSG5u2mvXyf4Qe1QafFP9raG8Tc
zdzUd/aS2ErAkgN90jtXnVq1VP2trx6o2govQvDVYrbVmiliBjJ+VhWxNqltbrEJCWSUAAHtmsLS
IbGaNxe8upyGzWX5cmp6+8UBYwwuNvPFaU60lSvHZ7CcLuz0NbVtM3XMYtEIVz82K3bS2WxtliXn
PJz60+L93EFcAsO9OznmuqFJRlzLcybb3HUUUVs/MV+gufQc0vJ+6MmlSNm56D1rH1vxTp+hAqzB
pcdAeppxhKfwik1Hc2SFiQyTMEUDJNclrvj+x0+J4rLE03Tk4rhtb8YanrcrKjmG39jWCIxkMSWP
cmvSoYFLWRzyq6aF/UtavtYk3TyMFz90Hiqaqq/dAHrS8ZPP0orvjBQVkc7be4VLbZ+1R5Peox0q
a2H+kp9amqv3cvRjh8SPWPCP+pFeo2H+rX6V5d4R/wBSK9RsP9Wv0r55noH/1vfqxvEX/IGvP+uL
fyrZrG8R/wDIFvP+uTfypS+E0pfGvkfLr/62b/ro38zSikf/AF8w/wCmjfzNANeZLc/Q4/Ch4opM
0tIoWjOCDSZpwHf0oC+pf0rV5dIWZ7fieTjcO1UJZHuJ2uJnMkzdWNKO/PNISarmIVOKlzJCckc0
UCipepezugooFLRYBKOtLRigPIQ0g9qXFJinYSVmWNM1K50q6We0maMdHQdDUN/OLy7kudu0ucke
9N7EZ4NNPWi/czVGCvJbsjPNRMKnbntUbVInGyKzrULKKuMOKhdOM1SZzTgVcYNODUrLTMVe5zNW
ZMrVIrVWB5qVWFJpmsJFgEGl4qIGpAc1DRunceGqVHxVfGKUNSNYyLyvTwc1VR88VMj5zxTTNoy1
J1bHPU1NbQT3lykFnG0kzEAAds1HZWtzqd19ls4iztgZxwK9u8HeDYfD1rFLc4kvCoLHHAropwbO
DH5hHDJ66jvBngqDQ4FubqMSXLDdk/w11+d3WmswY5Jpc59q7IxSR8bWryrTcpsUjFIOKXNIeaev
cwSQoOaXim0CjXuBIDR1pKWgLIKjbFSU00AV5FqrIvFXZKqyc0AUJV4qsy1dkXNVWFAEBFMI5qQ0
w0ANNJSmkxQAHpSdqWkoAQ03FPxxSUDQ0ikxSmjtRdk9Sre3ElrF5kaliOwrEl1e51Zja2xMbDr6
10oO3tmqo023hna8iXEnU4rKrTcpXTNE0c/bw/2UzjUEaWR/us1R2cX2rUVIUbd33RVnVtUN3L5F
xEQF+62KveHrMJGbk/dHcV50oqpieR6qOpvF8sGN8Rl7ZI5IpvL24+X1pdM1lrrEcwJOKy9SZtWv
GbP7lCeR7VNoyj7V5mQEX1rWpXmq6UXoyYQTpts6Qx88DHekKkcnPNc9q+vtNfLBaghRwWFPstZu
mYRvCzAdSK6frNLncFv6GSptRubvQYxRxVRNYtH4Y7W9DU6XNtL9yZc+lbRlGWzRLi0SUU7bkAgg
0hUg4yM1QnoriUUpVgOf0o2njOOaAG0U4rxnIFRvIkClpGCj3o6XHbWw6lHIwtU31eyRgPNBzUtz
cLDZCdehXPFTzx112Dldrljb8uMjNJnPHcVy1nq8xu/Mc5QnpnpXUK6TIJYz8p61nRrwrawY5QcV
zMo66biPSzJa/ezzUHhadJbHkAT5O7Na20So0bdDXMPN/Y944ToxzWGJn7KaqPqXTV0dQAJG27V3
jviqsrW+pbrZhlkHWqTeJIBbAr/rDxU+lQ4ie4cYL1usRTqK0VdEyg07swFs5Lq/e0jBVVOCwrqL
Kxh0+3EcaDze7+tSxpHF8yKAzck0/qeamjhadJN21YSqSqLlewDnrS+w/Ok7/wCFKxSJN80ixoOc
munVuyM27bj0Vm4C7qivr600uEy3U0YwM7Sea5LxD4/tbItbWCmSUD7ynivN72/vdWnaa8lYq3bc
cCuyjg5T1kZTrJbHW+IfH9zeBrbTi6IDjetcY6y3EpmuZXlf1c9KVAEHyjGO9L1PPNepTpRpq0Tk
k3P4gGBwKXFLiitBCYpcUUZp2AUVLbf8fKfWoc1Lbf8AHyn1rOr/AA5ejKh8SPWfCP8AqRXqNh/q
1+leXeEf9SK9RsP9Wv0r52W56B//1/fu1Y3iP/kC3n/XJv5Vs9qxvEf/ACBLz/rk38qUtjSl8a+R
8uP/AMfEv/XRv5mlFK/+ul/32/maSvMlufocfhQtOpo606kUApc8Uh60o6UAAoNLRQAgpT0pDRQA
Cg0tFMBKWik70AFFFFACUEUtFIBlMI5qQimFaRLIyOajcVORxTCtBlKJVZahK1bZaiZauMjmqUyv
0NKG9qVlpnNXuc2tyZWqQGqwJqRXNS0axqWLIanFeM1DuHWnl9rD5WZz0UAnP5VF22dHPG12KrAc
5rU0bS7vXLwQWoO3uw6Ctfw94Gu9WdJ7tXit+GxgDNepabpdnotuIbKEKmOXI5reFJvVnmYzNFRj
y09WS+E/DFl4dtFwA9033mPOK6dX79ee9Y0UxB61ejlz3rsjFRR83WqyqPmb3NAPkU8GqyPx1qUE
nvVGJOKWo1b1qQMKACjpRyTSnnrQAA0uabSg0AOFIaM0E0ARyVXcVZYVA60AUpB1qqw5q7IvNV3S
gCoV5pjDmrBU0wpQBARSEVKVpCKAIcUEVJimlaAGU3vT9vNIRzQAw0dqcVFJigBoznig4xnn3FOx
SGgCreafbX6bHG0gcEVhTjUtKtnt4ctCepxXS9T7incHh1DZ4waxqUua6juUpaHNR+VBobMP9Yyk
k+9VLK0ubti8Z2wr1Irp59PguU8rbtQc8Vl6hFdWlv5Fmh8kjkr1NclXDq/tX0WxpGfu2MidI/tH
lRDLE9a6rTbWKzslEi/OVyWzXO6TGkt2A/DL2NdNeMEsnwwyF6U8DTajKvLcdWV0oo5GcCW/zGcA
tjpWvcaNDDbK6Tnzjzism2t5dQuCiZDdeKs2dtdtqwhnZsoOC3SuWg01OTXxMupZIit7jUQ7pvOF
qeC/vrmYRR8tW1qsMcFs3lqA2PmYVztjdPZ3AmUZxW1ecqFSnBS90UYqUWXG1a80y6xej90OtS3l
5cyRC7tm/wBHfp7VnXks2vXPlbRgnmtieyGnaMluDnDE4+tWqjnCpZ6LYUopNFHT7m5uZTLM/wC6
TtUjXH9t3qxRsREDzjvUOkDcjx54LdKgsG+wajhD8pbp6VjHENwppv4txuC5mal94fgeI+Q+HXvi
k8qeDQ2gm52kjn6VtbSQGXleprK1S8ilt3tk++Dy2favRnSjC82Yw1VjENvbpp0csbfOVG4Va0jU
mt2ETjKN61Y0PTbKS2DStvOORms69ikj1BoLeM7T904zXnVIzi41aWxtFp+7I61TnDxn5aqXWlWt
3JvfOao6TZX0D77iUmP0rYJyxI6dq9TWpG8o7mFuUzo9Cs0OetaCgKoRfur2ozSruPRc040401yo
LsPcflTkQvznAqK7vLTTYTNdOq8Z5NeeeIPiFcTlrbTSqJ03gV0UqE5mUqiidnq/ibT9DibJEkuO
BmvMta8X6lrbmJXMMHoB1rEkMtw4kuZmkf8A2jmnfhXq0cJCG5yyqNjQg3bmzu9QetPI9f0pKUV0
mV7igcc0uKBRQAUUd6KYBRTqKYCAVLbj/SE+tMqS3/4+E+tZ1f4cvRjh8SPV/CP+pFeo2H+qX6V5
d4R/1Ir1Kw/1K/SvnZbnon//0Pfu1Y3iP/kC3n/XJv5Vs9qxvEf/ACBbz/rk38qUtjSl8a+R8uuf
3s3/AF0b+ZoFDf62b/ro38zQK817n6HH4UL3pxptOX3pFBS9KXikoAM06kpKAFxRikooAWiiigAp
MUtFABijFFFACUUd6KVgA02nUnenYBpFRmpTTCKlkMjIzUTripyKYRkmhaGUo3KrA1GwFWXXHaoX
XbzWil0OWpG3oQEY5LfhToQ8j7Y43dvRQT/KtfSvDGoaxIrKvl255LN1I9q7/TPD9lpMYESbnxgs
a2hTbPLr4uFPZ3OR0fwXqWoYe4VYIiOGDZP5V6DonhTTNJw4RHl7vjkmpY5SuApwPYYq5DNzjA+p
raNNI8qtmFSeiZsxyAqMAAdBTz83Xn61Qjk561bjk4rVHG5Nu7HlSOlSxyleppoIIprJ3oJNCKfj
rVtJM96xEcqetWopznmgDWVuakB5qlHLk9asK/NAFlTTxj1qEGnhqYEmaMU3NOoAM4pC1BGaaRQA
pNMYZpxpO1AFV15qF0NXGXNRMlAFJkqMpVxk9qiKUAVTHTWWrLIaiKmgCuRTSKnK89KYy0AQ9qaR
UpWmkUAREUYp5FGOKAI8UmKcRSUANKg4oP0p1JimnYBvOc9KAxBPoadTSOaS0dwWhALO2Wbzgnz+
1U9S0y4u5PMikwvda08Ed6UAKMgkVEqcWmktx31uczb217pt0JViLD2qPUr+7upQkELrKT1rqt74
wD+dN8uPdu2/P64rBYeVNctN2RblfcxZpntdGWG7fM7CqOliKQtDLgMRxXRT2UFzIHkGWHTNQ/2T
aiUSYww54pVMPJ1lLdIcZ2OdjZtN1LJGMHt0xXQX17az6f5gcFscinz6bDc/M2AenNQJolsvGTj0
qaNCdLmpr4ZdOwOaZi6bexW11vdTsc8VJfaRcxT/AGiDLo/Ix2rdGlWYGGUEDpVlPkTYCSBShgfc
5Ju76BKt72hzsJ1QwMih/mGOae+hTyWqhD+9JyxNdBuK/doLkEkZzW8MO4/G7shz7GZY6MtgVYtl
gORnitEFVbcEG71ApOMck5NHKnAGa1jCNKPKthO97sUsTwOfpTRktjbT0RnOM7B61lar4o0zRlZW
fzJwOgOa0jCTdooltLc1WVIY980gQe9cn4g8e2WmqYLP95KeMiuL1rxff61Iyx5ijzwDxWEsYXnA
JPUmvRoYFLWRzyrdi1qGpX2rzGW5lcp/CpPAFVwAuAoA+lHIwM0vSvQSSVo6GEm5BRRRTJFxS4oF
GKYCiiiigBcc0Ec0veg9aADFLiiimIKkt/8Aj4T61HUlv/x8J9air/Dl6MuHxI9W8If6kV6lYf6p
fpXlvhD/AFIr1Kw/1a/SvnXuegf/0ffqxvEf/IEvP+uTfyrZrG8R/wDIEvP+uTfypS2NKXxr5Hy8
/wDrpf8Afb+ZpKHP76b/AK6N/M0CvNe7P0SPwoKdmkxQBQMcOlKKQUtAC0UUuKAEopcUmKAEoooo
AdSEUtJQACilxRQAmKTvS5oNABikIoHWlNFgG4ptONJUktDSKYwyQOo9PSpG46nA9T3rW0HwzqHi
G5CQW7JAesxPGKIxb0Mq1SNON2zEigkuZhBbxb5D0C8mu78PfDxFCXmrk7+qx9q7rQvCOm+HoAIo
UkuO8rDJrTmXccnn69q7KdGy1PmMZmbk3CGxhm1igjCQosaAYAA7VRlj9Bx61vywgjoKoTw8dOM1
va2x4rdzHbKmpI5OnNSTR47VWIKmgSNKOXpzV6KTJ61hxy89avQzc9aY9zXjk5qwrZrMilq2knAN
AiwyA00HaetOVww5pxCmgB8U2D1q5HOCaz8Y6UqSFTQBsxyZ71MGrJjnAPWriTAjrQBeDCnhqqq4
PepVb3pgTE0hNN3UZoADSUuaaSBQAvamEU7dSc0ARstRlKsY9aaRQBVZKiKVbZajK0AVSlRMvNWy
tRslAFVlqPbVl15qMrQBCVppXipitMI5oAjxxTStSkcU0igCI0lSYpMUAMxSU8ikIpoBtBHFOpDS
QDKXmlpafW4EZzS4p2KSpjdLzAaaTmn0lVrYNBppMYpx6UDGOf5UrX16he7G80dKeAzfdUn3plzL
b2SeZdTJGo7E80crfqD01Y5FZ2ACZ9T6VVvtQstJhaS7kG4dBmuQ1/4gJEJLfT8E9Nw5rgLm8vdQ
cyXU8jZ7Z4rto4OUviMJ1lsjrPEHj+6vC0FiAsf98GuNfzLmQzXEjSOe+aAoXhQAKcCR04r06dKN
P4TnlOTABVHy/rRQeaStCLC4oxQKWn6AFFLikoAcKWkFKKADFGKWigBQKMUtLQITFGKWimAmKkgH
79PrTKkg/wBen1qKv8OXoy4fEj1Twh/qRXqVh/q1+leW+EP9SK9SsP8AVr9K+de56B//0vfu1Y3i
P/kCXn/XJv5Vs9qxvEf/ACBLz/rk38qUtjSl8a+R8uSf66b/AK6N/M0CiT/XTf8AXRv5mgV5r3Z+
iQ+FDxQKQU4UFCinU0GnCgAooooAKKKKACkPWiigQopabSg0AFFFFACUtHaigYlFLSFiE3MaPIWm
7ExziljSSV9kEZkkPG1RWjo2h3uu3IitYmK5wWI+7XrvhzwLY6FEkk+2e5I6kdK0hRcjzMXmcKCd
tzj/AAt8OJ7kx32qMY4xyIGxmvT7e2gs4VhtkEcSjGFHWrLZBGMKg6AUw9MiuuFNJHyuKxdTES5r
kLrznjHYCoHUVaIqJ1z2q7WOO7e5SdMiqkkXFabJxVZ48mgDHmh56VQniI7Vuyxc1RmgzmkBildp
qRJNp61NNDgmqjKVNAzRinq/FLxzWEkhBq9DP6mgDZSQYqdWz3rNjlGKspJx1piLopCtRxvxUwIx
QBGDtNTpPjrTCoIqIqQaANKOcGrSyj0rFSQrVuOfJ5oA1RID0o3VSWUetThsjrQBNuo3VFvzRuxQ
BKGFODVX31IG4pgT5pMUzd0pwORQAhFMZfapKMZFAFZlpjJVkpTGWgCoyVGVq2VpjLQBUK00rVlk
qJloAgK0wgVPt55prKPSgCHFNIqbbTSvNAERFIRUpXFNI4oAixQVp5HFJigBmKSnlaTFACUmKdik
xjrTC1xtJxSkE4wM090WOPzJ3VF9CaIxcmF7EeCwwBQ+y2jLTyrEoHO41zWtePbHS2aK2Tz2Axx2
Nedan4q1TWXbMjRxk/dzXVSwlSo9NEZTrLod5r3j+wsFMNgWkk/vAZFeeaprOoa3KTcyYT0DGqAj
HUsWfvmnDivTp4aFP1OaVRsakSJ0wKdnrnJpDRW97bGYpxRSUopDClpKWgAooooELSijFFMBccUC
l7UCgBRS0lKBQIO9LRiigAope1AFMAFSQ/65PrTMU+Efvk+tRV/hy9GXD4kep+EP9SK9SsP9Wv0r
y3wh/qRXqVh/q1+lfOvc9A//0/fu1Y3iP/kCXv8A1yb+VbNY3iP/AJAl7/1yb+VKWxpS+NfI+XH/
ANdL/wBdG/maKH/10v8Avt/M0lea92focfhQ6nCm04UFoBT6bSg0wFooooAWikpaQBSUtBoEJRmj
FLigAFBoA5o70AFHsBknpSEgDJq5pul32s3HkWMDuQeWHAFOKcmROpGCvJlPeAQoBZ+m0V2vhr4e
3OrSx3GoBo4ByF6Zrr/C/wAPrPSYkuL5RLcnnDDPNdruJUKAqKvAUCumFJbs+dxub3fJTKmn6ZZa
TbrDZRBFAxnufxqzz7flSgUHNdG2x87Ocpy5pO4hGetIQKWgimSRkUwipMU0ih6gQlc1AyYNW+1R
uM0rAUJEzVSWPrxWoyiq0kftRYDFmhzziqM0WR0reki9qoyw+1AGKy7TTlkK1alhx2qo6YNAF2GY
kdauxSZHWsZGI6VbimwOtIZsxv6GrCuM4rKilPY1bjkBPWmI0A2etO69aqrIc8VMr8UAOdB2poJW
pAc9aQrmmALNjqasxz8dapslNBK0gNRZs07fmqEcmKnEmaALO6nB6rB/enB+etMC4G4qRW4qmHqZ
G460AWAc08VCrZqRTQAppCoxT+tLgUAQFaYVqcrSbaAKrJUbJVtlqMp7UAVClMZKtlKjZaAKuykK
VYKUwrQBXKU0rU5SmsuKAISvFMK1ORgUwjGM96NASIsUm05qcRse3FQXVxZ2Kl7mZVHoTTScnZA2
kIRzgc0siJChkmZQg55OK4/WPiRY2YaCxKSSD0rz/VPEeq6s7CSWSONjnCtjiuungpz30MZV0j0X
WPH1hpqslsRJL0xjOK881XxXq+suwMvlxdsDFZIiA+8dx/vHrSkcYzke1elTw1OC1Rzzqtkax/Nu
Ykt3OetSYGQR1FIKOlbmYHrmkpTSUAFGKKKAEpRS0UAJS0lLQAUtIKUUALRRRigB1AoFKBQAopaK
KBB3p2KTjNLQAUoFJilFNABp8P8Arl+tMNPh/wBcv1qKv8OXoyofEj1Lwh/qRXqVh/q1+leW+EP9
SK9SsP8AVr9K+de56J//1PfqxvEf/IEvP+uTfyrZrG8Rf8gW8/65N/KlLY0pfGvkfLsn+um/66N/
M00Urn97N/10b+ZpBXmvdn6HH4UOFOFMFOFBaHUUlKKYDgc0Ug4pRQAUDrS0UALSGjNFCAKAaKPw
pCfcXrTSy9FBJ9qR2EYyxABq3oniPTNKuTNd6Wl2yHK7mIFdVHCVKvwo4MXmFLDxd3d+R0nhrwDq
OtSpPcZt7Xrg/wAQr1zSdEsdDtxHZwrnHLEc15lH8b44oxFFo0SoOgEp/wAKcfjgP+gRF/3+b/Cu
+GAqR6HyOKzOdaWj0PWxz0OfWjHtXkn/AAvAf9AiL/v6f8KX/heA/wCgTF/3+P8AhWn1Squhw+0S
2PWtppCDivJf+F3j/oExf9/j/hR/wu8f9AmL/v8AH/Cj6pU7C509z1nn0pecdK8l/wCF4L/0CIv+
/wA3+FH/AAvAZ/5BEX/f5v8ACl9Uq9g50esEe1NI9q8oPxvH/QIi/wC/zf4UjfG8Y40mL/v8f8Kf
1Sp2DnR6uR7VGw9q8q/4XeMf8gmL/v8AH/Cmn43D/oERf9/m/wAKPqlQOdHqbIfSoZIz6V5efjeP
+gRF/wB/m/wqNvjcD/zCIv8Av83+FP6nUDnR6XJGc9KqyREnpXnR+Nasf+QRF/3+b/Con+Myn/mE
xf8Af5v8KTwlQfMjvJ4RnpVKSDrgVxL/ABhDf8wqL/v8f8KryfFwEf8AILjH0lJ/pUPC1EO52pQr
2pASB0rg2+Kgb/mGp/38P+FQt8Uv+ocn/fw/4VDoSQ7npUUp4q9HLXk4+KZHTTk/7+H/AAqVPizt
/wCYcn/fw/4UlSkK569HIanR68jT4wY/5hkX/f0/4VKvxkx00uI/9tj/AIVp9XmFz10OcVIrk15G
vxnGOdKi/wC/x/wp6/GnH/MKi/7/AB/wprDTDmPW8Z7UxkOeleWD41j/AKBMX/f4/wCFTx/GQP8A
8wqL/v8AH/Cn9UqC5kel8jtTlY155D8Vo5Tg6ag/7aH/AArSt/H8U5/48EH0c1DoTQcyO1DGnBua
wLbxLFcAfuAuf9o1pxXqSjhMGs3FodzRD8VKr8VUWQEVKrelSMuI9So2TVJHqZHOetAFxT708Gq6
vUqk0AS4o20LTuaB2I2WmFKnxmk20CKzJUbJVormmMlAFQpTGSrTLik8hmOFUmj1AplcU0qfXr2q
zcG1tI2kuZwgA6cVymreP9J01CsISdxwDu5rSNOctkTKcUdB9nIOXIUepNZt9rmkaYHNxOGK9ADX
mWr/ABB1XUGZYMQxnpxmuVmee8dpbmVnJ967qWXNq8zCWIWyO91r4nhlaCwhPXAbFcPf6pqOpvme
VtvXANV1RVHAoI5716FPD04bHO6kmRCNc9Pm9TS806k5rVti33GnNHNLzS1Nr7hoNxSEUtFOwCYp
MU6kosAmKMU6kNACUUtJQAUUUtACUoooFADhQaKKAHClFJTgOKEAUUd6UCmITHNOpcUUCF7UlLRQ
AlPh/wBav1php8P+uX61nV/hy9GXD4kepeEP9SK9SsP9Wv0ry3wh/qRXqVh/q1+lfOvc9E//1ffq
xvEX/IFvP+uTfyrZ7VjeI/8AkC3n/XJv5UpfCaUvjXyPltz+9m/66N/M0gof/Wzf9dG/maBXm9T9
Dj8KHUoptOzQWh1HSkBopgLS0Cg9aAFzRmkooAWlB7UlBIVcsQFqlGU5WQpzjGPNIeOelQT3SRDA
PzVUuL4MCkXA9apZ3HLEmvYwmWc3vTPm8xzuMI8tHclmnadvnyB6VHkdqQYpa9+FKNNWij5KrWnV
fNJi9KOtHaitbeZlZCijNJS0WQCGiiilp2C7FzSZ57UdqO1GnYLsQnNJR3paNAuxhzmjrTiKb0od
h3Y00wrUpHem4qdBpkO2mkYqYrzTWWiyLUiEgUwj2qbbTStZSimVcgP40wj3NTFaYVrCdNFJkR9i
aAcdc07FIRXO42egxQfelzjvTRSmnGWoDwadmogaeGrZTESq2O1WoW6VSVqsxSgcVqpCZs27dOTX
SadtyvGfrXLWki8c102n8lc81lUs0COw03qMbQK6a0OAOc1y+nZAHy10tqflHFebVWpaNePkCplJ
FV4zwOKnBNcz3KJlapVaqwJqQNSAtBuRUyPVNW5FTKxzQBdV+al3VVQO3RfxqcKVGWkRfqaH5BoS
j8Pzpw5qpLqen2ilp7uEEe4rEv8A4g6JYqdsxdx/dXIrSNKrLZXJdSC3OmEe/jpTSYYFLTSoAPVh
XlepfFO4n3LYRMB2JTFcjfa/qupMxmnZFPYGuylgKk99DGWJS+E9j1Txho+lAlpUdh6GuF1r4oXE
hZbAbQehFcD5Cud0jFz6saXYAMALXdTy+nD4tTmliJSJb3WdW1Ribi9l2nquazxbIDlssfU85q2Q
e1MIrrUYwXuoybZCV47Uwg/hUxWmlaPUZDimkc1LtphXmkMjIpMVIVppFAxhFFOIpMUrANopcUYo
ASkp2KbQMKSloxSAbQaXFBFADaWjFGKACijFOAoAKUUHrS0CF4pR0ptOHSmAtKKBTsUAJSikpRQI
KKKKACnxf61frUZNPhP75frWdX+HL0ZcPiR6l4Q/1Ir1Kw/1a/SvLfCH+pFepWH+rX6V869z0T//
1vfqxvEf/IFvf+uLfyrZrG8Rj/iSXv8A1xb+VKXwmlL418j5ZkP76b/ro38zS02T/XTf9dG/maM1
5vU/Q4/Ch2aUU0U4UXKHUZpuaUGgdx4ozSUmaY1qx2TjOM0Zz04NNzgcnAqlcX3JSP8AOumhhp1X
ojjxeOpYdblyW4jiXlvm9KzZrl5jzwvpUDMX5bk0ma+iwmXxpr3j43H5xUr6J2Q7NHSm0V6KSWx4
r3uOo70gpc80xDwaTNN5oGakB4PNHemjg0uapAO4pOKSjNO4DqO1Npe1IBKUUlKKAAim4pxFJg0A
IelNNPIppBoKGkcVGc4qXtzTSOKBpkTDjimmpscVGy1JSZGRUZFTYphU1nKJaZDimkVKVNNIrCUB
keKSnGkrCUbAJS0lLmhMY5TUgqIU9TWsZCZZjeRDwc1rWesXNsR8oI+tYqEZqymD7mtFZ7kNvod1
pXjSOMgTR12OneNdLYASZFePJgjpip1QEdWH41EsLGZPtGj3mHxVo7gYmA+pq4viDSyM/aF/OvAA
GXG12/OlzOf+W7isv7OT6h9YZ78fEOlrybhcfWmnxbosfWYH6GvBP32MGZz+NJsbvI/50v7Oj1Yf
WGe4zePtFi+6cke9Ztz8UrKH/UwsTXkIiGQSWP408KoPf860jgaK3IdaR6LdfFq7Ybbe3wPUmsW6
8c67eZKsqKevzVy49cD8alRh1xzW8cNTWyRm5yfUuy31/dsWnuHOfQ01EHUux9mqBX/yKlR884/M
10pKK0MndlgBQMAUtRq3NPyDRcBaU80maWhabCGkUw5qU00ilYCLFMIqYimkUPXcLkJFRkVORTCt
TYoiOaaRUpFNYUwIyOKTFPxSUAMxSU8im4pFCc0mBTqbSAMUhpaQg0AIaSnEUmKAEpaMUUAGKBRQ
BSAWlFJS9KAFxTh0pAOKUdKYCilzSCloAWiiikIKKKKYCGnw/wCuX60ynwn98v1rOr/Dl6MuHxI9
S8If6kV6lYf6tfpXlvhD/UivUrD/AFa/SvnXueif/9f37tWP4j/5Al7/ANcm/lWwaxvEX/IEvf8A
ri38qUtjSl8a+R8sSH99N/10b+ZpBSSH99L/ANdG/maUV5bep+hw+FC0oNNNGaNSh9KDTS3HPWjc
AMngVW7stRSairseKjmnjhX5myaq3OoLGMIMmsx5GlOWJNerhcvc/ekeDj84hTXJT3LU1205wuVF
QfjyKZntS5GeK+hp0Y01aJ8fWxNStK8mSBqOtMyKM1rc53ruSDGaXPNR5pwNGgDs0ZpM80uRTAXN
Lmmk0Z4oAdmgGm5op3AfmimilJ4ouIcDSmmA07NAC9qBSUZoAcTSDrSUUDFNNNLRQA09KQDinUho
uFxuKYRUuKaRSKTIiuKYRUxFNKj0oLTICKaRUpFMIqZIq5EVppFSkU0isJRKTIiKSnkUhFYuIxua
eppmKcKjYCVDzVqM81VXrViPrWsGQy5GatIflqpH1q0lbxZjJsnHIp1MXpTs1ZmLmlFNFLTQDh1p
e9NB5pc07iHdqcDUeacDxRdiJVapUaqwNSK1NMVi0G5qRWqsG5qVWFMRODmnA1EGp4amSPpMUA0t
CAaRxTSKkNNIpgRlaaRUuKYwqR3Isc01hUpFRkUBcYV4ppU1JzTTSAiINIBTzmm80iriEUmKU0UA
mIaSlNJSGIaSlNNoAWikooAWigUtIAFKaSloAcOgpcUgpR0pgLRQKWgQUUUUgCiikpgBp0P+uX60
2nQ/65frWdX+HL0ZcPiR6n4Q/wBSK9SsP9Wv0ry3wh/qRXqVh/q1+lfOvc9E/9D341jeI/8AkC3v
/XBv5VsmsbxH/wAgS9/64N/KlL4TSl8a+R8qyf66T/ro38zQDSSf66T/AK6N/M0ma8xpan6DB2ik
Ozk0vOeKaM4POBVS51BIOEOWq6NKpU2MK+Jp0PiLkkyQqWc8+lZNxqDy5C8LVWSZ7htztx6UzI7C
vocJgI043Z8pj84qVHy09iVW9eTRuNRg04GvUVrHhtNtu+4/PNL3pmaXNN6kWsPzS80wNS5ouFh3
NLmmZpc0XEPB4pwPFR54pQ3FUmBIDS9qjDUu6ncQ8cUuaaDQTQIdRSA8UZpgKKdmmA0uaYDgaXNM
Bpc0APzRTc0A0AOozSZooGFBoNJmgBT0ptLmigBpFNNPPSmkUikyM0wipTTTigq5CRTDUxWo2Ws2
ikxmM0win4INB5rOUSrkeKcBRjFOxWUohcVRzVmOqy9aspREllqOrSGqydKsJW8TKRMDS5pop1WZ
iinU0GloAXNFJS0xC0opKKYhwzTgcGmijPNAyUNzUitUANSK1O5LRYDVIGquGqRWpisWFan5FQK1
PDU0JolpDSA5paYgpjVJim4pAR4ppFSHApCOKQEJFMNTFaYVoGRGm4qXbTcYNIZEetJUjY3U0ikN
DDSYpxpKAEpMUtFIYmKKWkoAKKKKAClxSd6dSAXFKOlAoHSmAopaQdKWgQYopaQ0AFJilooASnQj
98v1ptPh/wBav1rOr/Dl6MuHxI9S8If6kV6lYf6tfpXlvhD/AFIr1Kw/1a/SvnXueif/0ffqxfEZ
xol5/wBcW/lW0KxfEgzol5/1xb+VKW1i6P8AEi2fKchP2iXjjzG/maY0ixAs5x7VDeXqQzSL1PmN
0+prHmuXnb5jxWeHwUpybZ9Ris0p0YKMHqW7rUXkysXA9qojOck5JpowDx0pehr3aNFU1ax8tiMZ
Ury98fS5pmaM10XOQfmlBpmaM0XCxLupd3FRAml3VaYWJAaXNRhqUHNFxWH5pQaZmlBouDQ8GnZq
OlBp3FYfmlBqPNLmmTYkzTgaizSincLEuaXNRbqcKpMVh1Lmm5oBp3FYfRmm5paLhYdmgGm0UXCw
/NKDTM0E5p3AeaOKb2ozRcBc0ZpKSlcB2aQ0lFAxKaRTjxTetA0xrA0mOKceaQ1LKTImFMINS0hG
elSykyHFLzTttGKhoq4qCrEY5qFRip4+tTYUnoWY+tWUqvHVlKpIxkPFLSClqyBaUUlGaYC0tNzT
s0AFOFNFLTEOzSjrTKUHFAD+9LnBpgPNLTAlVjUgY1AGxT1amSyyrcU8MagD08NTRLRYVqkBqurV
IrUxWJKKQNS0AIQPSmmnmmkZoAaRxUZFS4xTSM0gISKaRUxWmEUrDIitNxipSKY656UMBhFNxT8U
hFIYw0lOIpMUFCUlLSYpMAooopALSjrSUCgB9A6UmaUdKYCjpS0gpaBC0UUUAFIaXFIaAEp8P+tX
60ynw/65frWdb+HL0ZcPiR6n4R/1Ir1Gw/1a/SvLvCP+pFeo2H+rX6V84z0T/9L33vWL4o48P3//
AFwf+VbdYfin/kXtQ/64N/KqiryBnxlOWN3OSc/vW/majp8//HzP/wBdW/majr2IJKKsZSfM7scB
QaQfWiruLfcXNGaBQaBCg0tNozTv3AdmlzTM07tT5kAuaUHimUoNO6EPzQGpuaWndAPBpc1FmlBp
8yES5ozTAaXNVzIVh+6nA8VHS5ouhWH5pQ1MBpc8UKSCxJmlB4qMGlzVXQiTNKGqMGlzRdASZozT
AaXNO6EOzQDTc0oNF0Kw7NGaaTRmnddwsPzSE03NLmi67hYXNGaSkNF0ApNIKDRRdDA0winCkpOw
DBS44oNBqdCrjcUuKKBSdhiqOanQVGoqVBS0EyzGOKmSok6VMop3RnJjxTqaKWndEi0hpaKLoBB1
p2RSUnendAPzQDSUoougFoozQKd0IB1p2aSindAOzxTgajp1F0BKrVIrVADTw1NNCsWFapFaq4an
hqd0IsBqk3cVXDVIDRdEkmaKaDThRdCENJind6Q0XQDCKYRUhFIVp3QyIimkVIRTCKltAiM001Iw
phFK6GMNJTiKbii6GNNFKRQRSuhiGkooo07gLRSClpXQDhSjpSCnDpRdAAp1NFLTugFozRRRdAGa
Q0tIaLoA7U6H/XL9aZT4f9cv1rKs17OXoyofEj1Pwj/qRXqNh/q1+leW+EP9SK9SsP8AVr9K+dPR
P//T9+rF8ULnw9fjPWFsce1bVVrtBLEUYZB6jHGKcXZjPiG4gmF1PmGX/Wt/yzPqfaodj90cfVDX
1hq/hfT5GYrZQgNzkIK4288GwMzbbdB/wGuyOKsrGbieAhW/ut/3yaXa391/++TXt3/CERf881/K
j/hCYv8AnmPyp/W0HIeI7W/ut/3yaMN/cf8A75Ne3f8ACExf88x+VH/CExf88x+VV9cQch4jhv7j
/wDfJow39x/++TXt3/CExf8APMflR/whMX/PMflR9dS6C5DxLDf3H/75NLg4+4//AHya9r/4QiL/
AJ5j8qP+EIj/AOeY/Kj675ByHieG/uP/AN8mjDf3X/75Ne2/8IRF/wA8x+VJ/wAIRF/zzH5UfXvI
OQ8Uw391/wDvk0uD/df/AL5Ne1f8IRH/AM8x+VL/AMIRH/zzH5U/r3kHIeKYP91/++TRhs/db/vk
17X/AMIRH/zzH5Uf8IRH/wA8x+VH17yDkPFcN/db/vk0oz/df/vk17T/AMITH/zzH5Un/CEx/wDP
MflT+v8AkHszxgZz91v++TS4P91v++TXs3/CEx/88x+VL/whKf8APMflTWPXYPZnjIz/AHW/75NO
5/ut/wB8mvZf+EJj/wCeY/Kj/hCo+0Y/Kj+0F2D2Z41z/db/AL5NGD6N/wB8mvZP+EKT/nmPyo/4
QmP+4Pyp/wBorsL2Z46M+jf98ml59G/75New/wDCEx/3B+VL/wAIVH/zzH5Uf2iuwnSPHsH0b/vk
0vPo35GvX/8AhCo/+ef6Uf8ACFR/88/0p/2iuwexZ5Bz6N+RpcH0b8jXr3/CFR/88/0o/wCELj/5
5/pR/aK7C9ieQ8+jfkaMH+635GvXv+ELj/ufpR/whUf9z9KP7RXYPYnkXP8Adb8jS8n+Fvyr1z/h
Co/7n6Uf8IVH/cH5Uf2iuwexPIsN/dP5UEH+6fyr13/hCo/+eYo/4QqP/nktH9orsHsTyIhj/Cfy
o2t/dP5V67/whUf/ADyWj/hCo/8AnmKP7RXYPYnkO1vQ/lRtb0P5V69/whUf/PJaP+EKj/55gfQU
f2iuwexPIdp/ut+RpNp9D+Vev/8ACFR/3P0pf+EJj/55LR/aK7D9izx/Y390/lQEf+6fyr1//hCY
/wDnktH/AAhSf88lpf2guweyZ5IiN/dP5VOiN2U/lXqv/CFR/wDPNaX/AIQtB/yzFH9oLsHsmeZI
jY+6amVG/umvSP8AhDR/cFH/AAh3+yKP7QXYn2J5yEb0NLsb0Nei/wDCH+wo/wCEO9hR/aK7B7A8
62t6GjafQ16L/wAId7Uf8Id7Uf2iuwewPOtp9DRtPoa9F/4Q72o/4Q4elL+0V2D2B51tb0NAB9DX
ov8Awhw9KP8AhDfaq/tFdg9ged7W9KXY3pXof/CG+1H/AAh3tR/aK7CdA89CtnpS7W9DXoP/AAh3
sKP+EPPoKX9o+QewPPxG/wDdNO2P/dNd/wD8IgfSg+ED6U/7R8g9gcB5b/3TTgj/AN2u8/4RA0f8
If8AWj+0V2F9XucMEbHSnKreldx/wiFH/CIketP+0fIPqzOKVWz0qYA+ldf/AMIg3Xmg+EWx3p/2
muwvqzOSAPpUgBx0rqR4Sf3pf+ESf1NH9prsDwzOWCnPSlKk9q6j/hEn9TR/wiT/AN40f2muwvqz
OW20hGO1dV/wiT+9H/CJP70f2muwfVmckUJpm0+ldh/wiT+9H/CJN70f2kuwfVmccUJ7UwofSu0/
4RJvek/4RFvel/aS7D+rM4kxt6Uwo3pXdf8ACIt70n/CIHvmj+0l2H9WZwuxvSk2N/dNd3/wiB96
T/hDz70nmS7B9WZwhR/7ppPLf+7Xe/8ACIH0o/4RA+lL+0V2D6szgQj/AN2nbG9K7z/hED6Uf8Ie
fQ0/7RXYPq7OE2N6Uu1vSu5/4Q8+9H/CHn3o/tBdg+rM4cKw7UYPpXcf8Ih7Gj/hEP8AZNH9orsH
1ZnEYPpRg+ldx/wiH+yaP+EQ/wBk0f2iuwfVmcPg+lBU+ldx/wAIh/smj/hEP9k0f2guwvqzOG2n
0qa1iZ7qNcdTXZ/8Iga0bHwoEdW2cjvUTx6lFxtuVHDtNM0vCtsUiXPevS7EYjX6VzWj6X5KqCOl
dVbptUCvNOk//9T3+kYAiloPSgCpLbBhVR9Mjb+GtNulNNAGT/ZEf9yj+yI/7la5pKAMn+yI/wC5
R/ZEf9ytaigDJ/siP+5R/ZEf9ytaigDJ/siP+5R/ZEf9ytaigDJ/siP+5R/ZEf8AcrWooAyf7Ij/
ALlH9kp/drWooAyf7JT+7R/ZMf8AdrWooAyf7Ij/ALlH9kR/3K1qKAMn+yI/7lH9kR/3K1qKAMn+
yI/7lH9kR/3a1qKAMn+yU/u0f2RH/crWooAyf7Ij/uUf2RH/AHK1qKAMn+yY/wC7R/ZMf92taigD
J/siP+5R/ZEf9ytaigDJ/siP+5R/ZEf9ytaigDJ/siP+5R/ZEf8AcrWooAyf7Ij/ALn6Uf2RH/cr
WooAyf7Ij/uUf2RH/c/StaigDJ/siP8AuUf2RH/crWooAyf7Ij/uUf2RH/crWooAyf7Ij/uUf2RH
/crWooAyf7Ij/uUf2RH/AHK1qKAMn+yI/wC5R/ZEf9ytaigDJ/siP+5R/ZEf9ytaigDJ/siP+5R/
ZEf9ytaigDJ/siP+5R/ZEf8AcrWooAyf7Ij/ALlH9kR/3K1qKAMn+yI/7lH9kR/3K1qKAMn+yI/7
lH9kR/3K1qKAMn+yI/7tH9kR/wB2taigDJ/siP8AuUf2RH/crWooAyf7Ij/ufpR/ZEf9z9K1qKAM
n+yI/wC5R/ZEf9ytaigDJ/siP+5R/ZEf92taigDJ/siP+7R/ZEf9z9K1qKAMn+yI/wC5R/ZEf9yt
aigDJ/siP+5R/ZEf92taigDJ/siP+5R/ZEf9ytaigDJ/shP7tH9kR/3a1qKAMn+yI/7lH9kR/wBy
taigDJ/siP8AuUf2RH/crWooAyf7Ij/uUf2RH/crWooAyf7Ij/uUf2RH/drWooAyf7Ij/u0f2RH/
AHK1qKAMn+yY/wC7R/ZCf3a1qKAMn+yE/u0f2RH/AHa1qKAMn+yY/wC5+lSx6YikELWjSigCCK2E
dWVGBSU4UAf/2QplbmRzdHJlYW0KZW5kb2JqCjE3IDAgb2JqCiAgIDQwNTIzCmVuZG9iagoxOSAw
IG9iago8PCAvTGVuZ3RoIDIwIDAgUgogICAvRmlsdGVyIC9GbGF0ZURlY29kZQogICAvTGVuZ3Ro
MSA5NTgwCj4+CnN0cmVhbQp4nO15e3gUVbbv3rVq96Oqq7u6O51OOun0Kwl5EBI6hEBAUiogCvLM
MIkSCQ8jJmISIxkaDAkyGsNDBDEExAgxwyOi5CAilwwEznAAz9HhcIQ7x9GZ8Yxx5n7XmKNzOZ4R
k8pZVZ1EfM1371/3u993a39Vu/be9VjP31qrilBCiEAaCRD/itXLqj+U27YREn+ZEO6+FXWP+5/+
9PB2QhKTCaEd5dUPrf7zM19cIMSL62TLQ49EyovOn03C86N4T+KqB5ettIl3HSYkqQjnJq7CCdur
5l4cb8Vx8qrVj68922EuxXEXjrc+UrViGaHHnyPENxXHz61etraaP8Cvw/E7OPZXP/Zg9c7FOwpw
3EcIayAcKVdb+HLWgdQaiUex8FeI4Qo1sdUcT7IvXOsbT+Rrfdf6cpz2gD0lYA+U82SgFhIGPlFb
jNa//uUxQzo+o4wQw152nZiIi0xS4i3GOmutQOrMRuqyET7FIZnTSEgMxso3+nrD1/rsk3EbT7L7
wjf6wjknjrl73BwtTckNO+wyl0lpXq49lBfwE7tMAtz+Lf/z/X/9dMvguZ4eTqU7aaf6E7UqQsfS
u+gMmnmzI8J/HFEb1d3qC2oDilSjhXUhLW7yU2WctEt0Pe8U62y77MbnzTuhzv4sq3XupHVEtjis
6SaHIcYRy5M0hxDignFIXlij71ofnmj0Yd830Cf39st4yDkxP74qHgnNjdKn74Hhc60v6+lh0zYP
bqVNzc1qhGtq1knb/xs1cHZw4Oxgx2/U/UifG+n7A9JnI1VKgplREXYaayWkiHcYBIfJmmYJkTQD
J8vXLvQO9F7rk/uRkv7wjf4wii2Hzu6yFM3ushbdP7tLLrq/+AyRh87hU2VsyiR7/qQSxa3Yl9rL
7Nv57Wy7Ybux0dRobhQaRbFUozHgCtmjlOe6aO1F9aFmdrlJXXkpwr/XR9eoW/q+zoqgoRBu6HPU
6RydTgfZqixw+GQHz3i7j/Ei7iYzJ/gY4+UkDjhHkt0BwNmsnJQEnEWbynCAWCdLZga0DmqNBDVr
lSyiYGI8cJLTQJzytXfsbs0Kpvb2uVHojsk5sxcVG2X2mZF95g4bZdNn+kDWR/qsNlcSDOXlUmwu
ZAcCkOvCg7yOC/87l/vs4Iyd6wev1B/n6ZU/RdgSNI4IHa9eiXAhbsqIbdQiTxK5TfGIZiPUsVqz
Zg2GNJPgsKAhmNAOrMNmKvdqku//sj8sX8hRzDlCjphjyZH4UQvQZBnVO5Bz3JwmTd+Rr7P61C34
rqahj9kc9jlJp0alMBTkkgM+i5jk47x+n2gRM0SLP8DH0la2gYyJbfVscDnWj6nO8IuWgNfkdrg4
BzE5XeOTvU5iy8mQb1zou9aLpiD32x1R55F7b1xA07yo9qEUo5KzfoanRv1YEjxO0JFKlWcMSQaf
MZgmpIlpljQpzZrmS/OnBdKCaaECoUAssBRIBdYCX4G/IFAQLAgVC8VisaVYKrYW+4r9xYHiYHGo
UqgUKy2VUqW10lfprwxUBitDnUKn2GnplDqtnb5Of2egM9gZOiOcEc9YzkhnrGd8Z/xnAmeCZ0KF
OZnzM/dndmXypaQ0356bRHPDE/MmpGbTcTRvQnIgzLvtoXE0FDS4YmJ9NIm6YvhAMLmtwfuvPS+2
P3r0ow+O0zFU2EQTWhu8F97ctXvVP330z93qZfXqTvWjWXT54YN1j923MjN/0qVTv//PsWPVk3u3
P1ReumxC/oQPz//x0zAZxqbjqPMEkkx2KbNEwQwWkw94MPp4HjJMPEkEPrFO3B1y1rlq7RJfZzMY
/TyDeBOJBb8Y8oLVYmDx6Jj+5PgYOS3REnIEU0awQu6Vz52zO9yTUeqOyXZsmkn3h8NoNmq/Y7LW
Rg0b92Hl2FA5J0SjzcaVItduJ5ozjKOZ1K7btQ5/vCvGkBIVVyblC0vWZf12j+rqn7Fs8W3nBgna
XBHlacLbgy2btu7evXUT97605KdqWYT+auu9g7+LaLZ49dy+NwOt27a1oO0P3UA5LEQ5WMlmZbJV
irqpmCSI6Lkimib/jVNniGDRPddIamHUa802YrCNeu2Nqei19lHWRhzWNOywyKPJrBmgB0QqmgSz
QXRKTqssh6SQ1S8r8nxZRJOgrhDFprmSGTvDwvrBd/sH393G/XIHfZ62oN4iNzvYkkhkIAS/04CJ
ksXoV1+iX3lIoRJPnnNvAGm7fYPFvB6qE6wOi4fEpBikBFTPtXf06BX1E7UvR5FyEqsS13Dr49d7
Xk400FJq4IeDzKgZcnbZgSLPZ19OUX+tqurT6t30LbruKeo/0DDm10d+e+3ahy+cyaSdf/6IHqAP
0nJ6QLld3fHLbrVHfQPbuYOHyTDOQBnKWiSTlZgoyiDICIgyIcQYLmiRb/SGB3rDozFQsdmkHEmR
5ktlUrXUKBlvxZhcVxRhzkXxxavJgdPkYNiPchAxomQrDrLBYtjgWG+pjoMUlznFJmnRbFgACByI
X1XxDfE98VfiEb9S9EgbZdcdFYF+hPU9p0/3nO3uPqs2qUX0NbqWRuhRddESegedTefQO9Ru9S31
lNodoftoBbaX1JUYd1vUlUTn+z60MRX5dpINSpbNZzQaDD5ZtmXIRmoxQZ3Aau20zkrMaUZHmizi
UUJxyA4uGDMMub3oTr1RB/pScyIt5N3iPGhVRiMlpUqi4prvWmWodjUZGl0vu4xGY6wx1ZhvzJdX
yYbSUeHREZTW/Oq+nh76Hjx1lhN61JsDq89q0vz6D3A4gibG5w/cEYnyMBNjRDs/nXhJRBnriTFK
bgrtzH1AaEtwWIG2s0Mysd/jTJxlsOU5ZWkmT/I8Bpm7PSmKCDdu4aHfjRAwAtk5J4nPR3wU0PBm
dwlFGLqTiIIvTCJJQ+f00H0y27fd1+WDUd1PQ7iMdQ1jwoRUDSZxMHP3bvqV0lH/xlutg09tnPGT
ypVPRiAv0rK06L13B69HIlxe08MvvaqGonZShP7CIz+anWQpTtJsMTQ72jQ7meaaYp5mC2uGckM3
lAHNUE7K8Up8WTxoVjLRLqdGsflWK+GOVt9/X03NkiU16p/V87SQxlMPnaaeLzpHkZ2e86r69zUI
ZQZqpOnqb9Sv1Jvq9VHZmmYhLTnkCaXQ73FKvCGTgGwc057ulQ+Mg7aUQFyMyIzt6YdCsWYS7xRm
Wdxz4015FtngmhsvO4OzMvxyWnJe6u3jdReaiglS77DZoJg1qUfFjsajCd49GYOjIpFwdlgJl4Wr
w9vDmuP/sFy/NxhVAf/BPUdr33qzdbCp4bZFD6xqGNzfMG3hUuyf0VQxbf+jT7ZDpGLZlaua+OmX
l1bteHrwL7eeaeopXbxC00c26mOmIYbEkAC5S0kOuJg9LqnDFNdhpe3QSNqt1aY2R8I0caqTy3PZ
eZlMCmqWpZuWhhe9WkaqWZVuVMcLQ4iy+XpGp5Gq6ScUTB2D9NOY2Gj00Di61EpvZrVWf0yZ+vXH
1a1ZqoHeXFqxuqRkdcXSCAutHdy6aIF6Xf0a27UFi5oitPz0wa5PPjl28LSmN0ye+DmotzjyEyWF
xNpNZidltnY7OxDbJpnb7YdEYYKJyyXynQ6TbMmz3h6P2kFvGM2hdD+QL2jx0aEpxOfJ9hR65nmW
eho8mkJGkoDvCX5OjWH+nMefPj84c3c7x0949QlfCZ+r/uoni955U12iy/VMVaV52M7500ijkSSS
B5WgAYggk3aT/LLUHGM6CM2etphqr2wn00yTzYZCd9irSVWLElHLxxDRK2O81ukLliU1JL2cdCWJ
7yE9hh5jj6nH3CNcIVcMV4xXTFfMVwQLggzVReulLODSRZ2fa+BDI34CeXMfuH8e98FgyhOba5+N
OZg5RP6k9qnvY+IjURP1cMX/cuTgrxw/M/36rXWPv9mJUdCK02nq2yM+uwptxII2MkdJocTuFfgO
j9ARk9Tub5TaY6o9bTZfnhezfmueNNU4zR3WjORG78DUqb3fN5KThaGG0LGQhjzD5qDTyzRhW1Hu
GskobLcmd6gqe/jRkvtWP1xGl+9WjVl7qv+oDlL4Y/WeLDQh+oeHTx889sknXQePRpoWLcAqjKGf
ZyxYRAfWRnMtdhXxXybx5B4laK+zxGnBz4rBz2JwxTlskivbbMuwSyGzHgc9mhNfQC+OgqRdrwr7
tdTpvyMQzU+oTmhMgFE0D2NGxIe0ygVG0iItMC78iqaq7/9V7f/ii+onX9y7qVoD9s8uXf531Rbh
Pn5tx3OvjuIg0XE9DeuZ8UmpxCfHWlkq9bVbUw+YYl92NscltNF2U7UV/NYQH5vr5vKSbOiAIdkt
htP1HFzzwyitSOjF3n71omY1+ozdoed/OcpYX0ZBTKGrMLbQXRhXGD/ZMy+jIUPIdGXHZrsbLA1S
g7XB1uBr8DcEGoKiZkb2ET2k5k2YOGVYRcZQHnqAn6d5o/riV7WqhplHH33l2NeDp9c1VtTG1Sx9
p4Z6qVlte2pFxb3zFq7ktg32RZqK5h975Y3jhRvX/3TFJ8HgtcHfX3/kwQdXPhLF4GL0kyyUQzq1
K3diHmizLAj4zQJnEhf4A/6RuuQ1FvuahzWTo2M8za6jjja9NgmYLF7OnetCTzfNcyV75xFbOFqb
XBipTezDxckAVit/6tdh+QfLE0USzaIgilgKSaLVgCG9sSHz5cyeTEg3pwvp4ljLWCndOjE0I1Ri
LhFKxBJLiVRiLfGV+EsCJcGSUIW5QqgQKywVUoW1wlfhrwhUBCtCm82bhc3iZstmabN1s39zYHNw
c2iPeY+wR9xj2SPtse7x7wnsCe4JHTEfEY6IRyxHpCPWI/4jgSPBI6GppfT7FcrEqFt8r0JJLaux
tmx8pPbuh3f+YtfnNx+4vrHG3Nz4SJWyaMfV/eqQ+sWK3/to+s/qZ89UZnpS0vc8+doRX0C9sfrR
GXdMnOZKydu35cSrSXqdTbLVxWwm6sNCQqRGyRzxdandFkRnR5dvsx3yv+CpTvZNIOjoUwNW3e+l
ScmjYUEDWblX/1Shhb0Rtx9JM5L1NCOZJA+nGYpZTilMaUg5lsJjAn5LlEgZwd2RKBKFYy59JFKo
bd8JIx2Dy1u5WQ8PxwodE76JIuqsyHBONX7oYzjMajADeUDxugXZRNp5TkfmagN3KE422qmZyUAm
YS4ytS/8zrULGiojPA/0yhdGP3yIRRpD2jePOJ2jOBI3kjjNi1+K2S2UOkPaNw57wBWwD0Ny1K/+
ae9eupyOUd8fW6BM414wv3Tug33weoTeo56MDK7ZMn3xffs3Nr+l6wNzFO43iL0icZEpShx0mh3t
MYdkS7uVzDZImIk4bXn222OjGfw1PSSHB/o+xPpC9Lmz3WXu7e4uN6OlTt14sIbD99PRsPbL6gXz
qqrmLaimm1oHq7TsgRUtqKrCyUe/XqPHs+E8SafBTMYrDkO7qZEn7RzNI7IR8tjtQvTdw2/W3itm
i2XidrFLZNpntJF3cYXDr4hEtBA//P3jecRnF5mnpEu7xJ3f/i5262exDIcQMuggHfsNSN/oDw8D
dL+KVqf25pywuX3uH/kmptctLLd5sJWub25Wn/r029/DdkXrOS1ub0L795Cw4ibuZpDszRZzm1bN
5WrV3DRD+NZqbuDCwAVZvZBz3JaIiQ8GzeGI+y0/1TTPb0r99B/VXvUynUAdVX9cUy1veGxX/brN
lRutdM7JN2gqFbWAm5Ghvt+06fJ/fnGlca1OT6GW/6PsvWRtNP+nmPtjBdAYTf+Ftm+n/3r2z9+p
5/9ayvOd/H/gmyD8f5z+238s/W/jyHfSfy2Dq/+h/J8OfYC52/v8GKz765UCwcyZfi5ZJePPDUYr
dnNMRiSBZxwY5lBKMozEYmIal3CIWCWzyWjgKTHbRO6bwn/g24W/hunfrfzTmFb5S2P5TDabn83u
5+9nhtLAN2U+dpS+rTat4ZZvxGzIsoVuX682oT9GBsu4/VjsL9TitTqZrUK78JGx5HFl3Fi/nBiy
0fQOJ2n3mizNRj7UEd/mPcQfdlZnmXONSXn+RJtMpqZOM8aGs7SgdCMarEeh8aJ6QcNGPc1AfSiJ
JiFOSBMKx/HERMw8opJsjhH8Jr85WTDrcVlH+jF50ZhwG701VUIe6C2pVB5/VT2v/q7it7U1ti0b
O5puTZvoV6pxJKeC1wfKPvqPQEB9uPylS5FbE6imiLp3OLU6Hc1XMC5o/MdiXFikZITcRqfH3yGQ
9hiGhYKnQ26LOQQvCNXJ/AS30yC7uDwy1TtNCifriWA4mgn+QFQ4UYXQz42kHbn2v83V7sEVHT/O
zNcBLHJO/Q020Li0emcL2l88eVgJxcpMtDgPmNwanB4yVSMncbNieRmJnynl2WRxkkf7EqAlstE8
Fq0tPFrrkAQ67D1aMNACgUd3IQ/xDLvQie0JXQnct1Iq3ZOi7OApf2O3aijUnYfevKO4csVGfszA
wmjtzGVGBp+/WNl2lH6gxy2NeiDa3xwL4bm52CdhZgvoSQ1kiC6iy+hauoHu5C5yH/pT/Tn+Av/R
QHBoSPvPQvbThbQM1+uH1524Pnl0/cc3DQ8+pHvpPtqGbf9wu4jtMtX+EBn/5t3/OxtPtL9TFC0s
UR+L+pHhLiGfLuxNxIBcEow+P7TFEjtiYwxx6nwmofC1LQElYyU2jMkB4sA4H0+C6Ln/f/uxjSMc
Xa8d9arpSyqTCjL8XQ9XltDlOGrC43ZSRtdTDKBkLllCbiNPkb/g/Eb9fh/diO2o/ryzOHM2eobz
R/EphBSRGrKRtOrvuMQv4cv59Xw5pkFb6Bac+Z22hpVAFp+O127EfT2uLdfOaSG2dFJOsEog7Tjz
Ja5HyF4qsHfxyf9AU8gqfM9c3DvQ7U1Iy3Vq5cqpBa+t1QwMLQT5w0yjgqwhEbzvut4+x/FKEmHX
DTHcl8jXLFwz8GXkE3x6DamhAs2FXO6veO9cnGnWuKKdhIMKNNsybGP0Np0sx+ccxCsiZB+3nMvl
x2hX6bTfRj4gJ3W6y8kOHC8knfqRwAB5D/JoOdKvySaenSeLjffQgMFKs40NKCti8JKNXDnxwXRS
S9DATxq0r96UYOTp4lLuXtmlLCj2Xy4JZI39ztAvG/1dZH6XFPGfGhqaX8wnsJIultgFKaYuPiX0
bz+2+G9ZY2fPL/Z3XZ0xffipM8qm49yiYjzVRjiN8zOmZxEdhbgHTj2WFTNjqW3qfxCfSVf2e+/P
/V8j/VfzBz62Xjen47XaItUvwKNxk+olxJaL69XW68Pz32wh/l1SbviclBniSRm7QdyGvKHP2X48
v0SauLdRLgdxLW/ohuEBshjO4vlfUXLzyX3sKpnJFpMi08+wbyXZfD6ZwtykCM+LMHMsY9mkiN9I
irU1OE7Gg0Bmajt7nZTxf8DrrpJC/uDQB9r1+n6VZA/TNB33f0biq5HpONz7UH/FaAMfRXf2P5Cq
LuQMtWY8hYA1B8FKxh3XBCxzRbzPkow7Iqa0ixArrlvxHtvnhNgbCXGsJMSJ1ztxzYnPjsE5F45d
eH9sKyFu3OPKtP/vurRCnJlkksMoVU77y6phMJ9JN+GYP8U1Kr1XVPj1bHhXhXcEeNsKl8NwqRsu
dsM/3IQLLfD3KpxX4VzPXexcPfTcBWdz4Ew9/FKEbhVOq/DfVDhlg5MCvOmCE6nwhgBvKPzxv/Ow
v/NA1zEP60qCYx54/WWJvZ4Pr2H3WgCO5sOrInQesbPOMByxw5FG/vA4OLQ3iR1S4eAvHOygF37h
gI5XMllHN7zyuJe9kgnt2LV3w4H9HnZAhf0eeFmCtpe6WZsKL+0rZS91w0uN/L4XU9i+Utin8C/i
015Mgb177GxvEuw9NXROGeL32KHVAq0Kv9sLLSK80AK7JHg+HnbuWMl2qrADX7FjJTy3XWTPxcB2
EbYr/LPbJPZsDGyTYOsWgW0NwxYBNnuh+Zl61qzCM3jHM/XwtAhPJcHPcfDzMGx60sk2qfBkjY09
6YTGBok1qtAgQYPCb8ArNqhQ/4SP1avwhA/Wr+tm61VYFyll67phXSMfWZvCIqUQUfi1KfCzfKjD
O+oqYQ12a27C416oVeExfPJjKtTYoKaRr64ax6pVqBoHj6qwWoVHZKicDRUCrFLhIQEeUvjyADxY
DytVULatqITl3bCsHspUeCAWSkUbK1XhfjuUFHtZSRYUe+GnYVgsQtEiDytqgUUeWOiBBfNj2YIU
mG+V2fxYmIfdPDfMvTeRza2He++W2L2JcK/Cz7ElsjnjYTYuzw7DPTh/Tz3cLcGsuwQ2qx7uEmDm
DInNDMOM6RY2Q4IZUZVMt8Cdd8SxO1vgjji4XbGy2+tBmWhmihWURr7wtnRW2A3TsJtWCrfhK25L
h6lT4thUB0wpcLApcVAwWWAFDpgswKR8G5tUD/l4d74N8hv5iWaYqPB5E+JYXgtMyDSzCXGQa/ay
3BYIp0ssrMJ4K+RYRJaTBNnJ6Sw7H8YFBDYuCbLG2llWC4zFe8baYazCZ5ohI9XEMryQLkG6wqeN
sbO0FhiDc2PsMEbhU02Qgo9I6YZkZ4Alp0MIu5AKQXxgsAUCfhMLCBBo5P0m8Cu8D1d9GaCcSLJn
saQC8AYgsR4SXOAJQ3wY4nA5TgV3bDpzV0IsjmLTwcUE5kqCmDhwopCdAXDgvY56sCNL9iyQUTqy
CjZcsyWCVQZrIy8hc9JNsIhgUXjRBgJeKnSD2Qsmo5OZusHoBAM+1hADTACm8Dw4GO8GvpEHamPg
AFB4Ds84FcdAsZDHIvIUXfnUNpr5/+ZG/m8T8M3mJf8F65aD+QplbmRzdHJlYW0KZW5kb2JqCjIw
IDAgb2JqCiAgIDY1NzUKZW5kb2JqCjIxIDAgb2JqCjw8IC9MZW5ndGggMjIgMCBSCiAgIC9GaWx0
ZXIgL0ZsYXRlRGVjb2RlCj4+CnN0cmVhbQp4nF2Sy27DIBBF93wFy3QR+RF7aCQrUpVusuhDdfsB
DoxTSw22iLPw35fhRqnUhc1huAN3YLL94fngh1ln72G0Lc+6H7wLfBmvwbI+8mnwqii1G+x8m6W/
PXeTymJyu1xmPh98P6qm0dlHXLzMYdGrJzce+UFprbO34DgM/qRXX/sWofY6TT98Zj/rXO122nEf
t3vpptfuzDpLyeuDi+vDvKxj2p/ic5lYl2lewJIdHV+mznLo/IlVk+c73fT9TrF3/9Y2FVKOvf3u
gmqqKkrzPA6Ra3AduUa8TvEC8ULYgq1oNtBsIpd54jjEeIl4KUxgklzoK9FXW/BWuAf3wgzmyASm
xNCQaMiBnTDOIjnLgI0woRaSWgi1kNRSw2ctPgl1kdRl4M2INwONEY1BrpFcgmcSz4R7ILmHCjVW
UiNhH5J96BH8KPtAY5LGIG4kDg8meYDnOMjD3V5InlB67d4b9hpCbIvUkKkfpBMGz/eencZJstL3
CxEWviQKZW5kc3RyZWFtCmVuZG9iagoyMiAwIG9iagogICAzNzgKZW5kb2JqCjIzIDAgb2JqCjw8
IC9UeXBlIC9Gb250RGVzY3JpcHRvcgogICAvRm9udE5hbWUgL1dESkNQWitEZWphVnVTZXJpZi1C
b2xkCiAgIC9Gb250RmFtaWx5IChEZWphVnUgU2VyaWYpCiAgIC9GbGFncyAzMgogICAvRm9udEJC
b3ggWyAtODM1IC0zODkgMTg1NCAxMTQ1IF0KICAgL0l0YWxpY0FuZ2xlIDAKICAgL0FzY2VudCA5
MzgKICAgL0Rlc2NlbnQgLTIzNQogICAvQ2FwSGVpZ2h0IDExNDUKICAgL1N0ZW1WIDgwCiAgIC9T
dGVtSCA4MAogICAvRm9udEZpbGUyIDE5IDAgUgo+PgplbmRvYmoKOCAwIG9iago8PCAvVHlwZSAv
Rm9udAogICAvU3VidHlwZSAvVHJ1ZVR5cGUKICAgL0Jhc2VGb250IC9XREpDUForRGVqYVZ1U2Vy
aWYtQm9sZAogICAvRmlyc3RDaGFyIDMyCiAgIC9MYXN0Q2hhciAxMTgKICAgL0ZvbnREZXNjcmlw
dG9yIDIzIDAgUgogICAvRW5jb2RpbmcgL1dpbkFuc2lFbmNvZGluZwogICAvV2lkdGhzIFsgMzQ4
IDAgMCAwIDAgMCAwIDAgMCAwIDAgMCAwIDAgMCAwIDAgMCAwIDAgMCAwIDAgMCAwIDAgMCAwIDAg
MCAwIDAgMCA3NzUgMCA3OTUgODY3IDc2MiA3MDkgMCAwIDQ2NyAwIDAgNzAzIDAgOTE0IDg3MSA3
NTEgMCA4MzEgNzIyIDc0NCAwIDc3NSAwIDAgMCAwIDAgMCAwIDAgMCAwIDY0NyA2OTkgNjA4IDY5
OSA2MzYgMCA2OTkgNzI3IDM3OSAwIDAgMzc5IDEwNTggNzI3IDY2NiA2OTkgNjk5IDUyNiA1NjIg
NDYxIDcyNyA1ODEgXQogICAgL1RvVW5pY29kZSAyMSAwIFIKPj4KZW5kb2JqCjI0IDAgb2JqCjw8
IC9MZW5ndGggMjUgMCBSCiAgIC9GaWx0ZXIgL0ZsYXRlRGVjb2RlCiAgIC9MZW5ndGgxIDEwODky
Cj4+CnN0cmVhbQp4nO16a1gUV7b23rWrqrv6VlV9p5G+AE2DNNI2ohDRlIrGeCFGHQdNiKiACioa
NSpKMDGKd7wiJkSJ8ZiMSRSNcYgaJYaYmMRhJjExJmZykUSdY5jMGcYxDBRnVTWo+ebM95zn+/Od
H6e31V21966qtfZ617vW2ogwQkiHViKCvDPmTpt/ZeFePULu6whRU2Y8schblfZKG0K+bITwjqL5
M+deW/mXJoRiP4e7Nsycs6zo3Ze/Xgbnr8I9WbMKpxWIOx84ilBcAfT1nwUdZq/+IlzXwnX8rLmL
lp41mG7DdSNc759TOmMaoibRMKTMf3nutKXz6UomDSG/Aa698x8vnL94GXsLroMIMY8hChXJ1XQR
sx+k1SCXZKDfQ+x7WMvkUTRKbbp4sy8SLt68eDNkEX2i3yf6imjUsZBEd3wvV2tMt//jcTYJYbSw
6yqzn/kJxaAMKdo1DxGhgi+wzjPMJvlukecTYgLIYeL8bqENHtWmPLOl7WbHTeFca+iY4Cn1UDgP
s3RcbEIggUoXkC9MO8S4PjgulhIFc1q4/wBm/1D5fOu29mnz5+Jt+MEybN27wP/1+T/fuvXnlz4P
4Q1/uFQwbT6OOYYfxa9IQ+SXTx2VX5N/KzfIr+3do+jYdZXeQGeDVRLRk1JqtE8fhQQDLovarq2y
+DbHbXJXJWy05BvKTFQUg3wpscagi0cBPeOKtfdOEtqaQOxwuEVoFc2ZmX1RamuL3HrrB6H1VquY
mSlmmjNDUrzQu7T30sTG3nRZYiNupBpJE93ENLFNtiZ7k6PR2RjV6DLmgZ7pcbGszWoHrSxims2X
bgI1E9L79U/zpfdLgDFNXPpgnBa2k9Qf161Zu2jhpob98v5BdSVHft96GVPbV897Wpia/8akr67h
nG+fKCt9ejM+1flx8cJRI07V/dvxB5etLph+KSnpSzA22GUUQuQT0NuJdkqxWs7CYMSXiYixbzRy
ZWKtXqelUpAQNGsDhqApFCW0tdwMt1y8KTQpOraG5XPnhFbhnAgqhqQMAQlYoAQi0AIj2AS74BCc
qS4JSViiJCLREpNtk+ySQ3La4NWUMtmLvRSrKD263jYx9y0U1dUIQ1HQpAxxQMZkHLEya1NXIk2M
S/fZIsp/UszkjF679dPOCwfq8az+B8tSZtBJ8q2Hck7Vy67iYjJx9lulJSZFx4HgV+NZK+KQJJnZ
Mu0CGpVROIgCGhJkQjrQKdzRAvrcDHfcDB2t0uO74uhUcXTQIuL470iB9x/qvHHkCJ5dXFzMSMWo
G0PFsJZ65EDJkgVVGdgq80ZDvpO4bNmci+/tBHRHsA3IBmB7o0qjANj+cP+IYcHojliU3g+lhZHN
iqhZO3bt2rFjV8326/IPOOrGDRwlXxvxp5aWGzdaWv40A6fJMg7Lv5Nl+YJqS/AxchTen4QuS0PA
M+J9gw16t4eK8Q7WG/Rj9Qavj7bjF1AdUxWwv2Crc4F0gfzeXr3BF6N1pNhiBvPagG1EPJXCo+G9
VUy3gJwRTCuoVuRuu6mC2pEZGj0hVyOYfoRTjfo9OfaoNxnWTsoNeALegC8QG4ibopuin2KYYpzi
meKd4psSmxu3xrPGu8a3JnZNXLWn2lvtq46tjjvgOeA94DsQeyAuRkquSD5sPWw7bD/sOOw8HHXG
esZ2xn7GccZ5JsqUh/IGpKe5wfzKgqXiPljxirDdYesGidXuwW5ss7LgMAuL6U3rVzw9dffqdcs/
e2viiRnF9NrFi5ZMqdy2a/W1D2c2Dby95Im8ySMm9U0JPlO07UCw9/WZi8aPH/Zw75TUTaW7Xguq
/tE1UZ5EXWI+RVY0V4rW8hxGBcw8s5Er1U83P22jeGSIN4k6rU242NTRonIhrFBYaJXBJzJDACOd
AiMbksA+NmTralRhdDRkVzFmmji6np/4iDJDBZpNmanOID16qoiPE1WVXn2c5OYueew6teD0uSsP
bJef/fcZ06q/YDJLStrP/P1KrILBBcDZUSCvFjxomORDpbZVBk2pabpDV8ppsI2nnXGINoEC8XYk
6n0uQGS4JQwO/YMYsXFqa/gW+HVr6OjUaMURfBFw+nAE9mHaZqXjfOCNuB1rd9bW7pRvy0tOn6bO
foNZuf0b+b1r1O0XanbXtVcXM6jk6tuNLZ1fFUe4RvGPGMCnC6VLLrTbUUWMuww7xSpuI8mPNqUY
XMjqYntHKyHgo4vdbgKOIreEjpb2UmRRiBAB+ysmF++YXGF/Oibwx3rFS1zXC98vLLFtWrWzZlf1
ks0ufP/Bo+AoqAv3TQ3JP21cee2HH66vKEfKWgH3UfnMVfBXG3pQchDOXGatFYDiEWGNQUPAwgfF
kD1CD4o8KkFc/AgownEPRdhVy9mhRSxnUSEZwaDlDl28Nyy1z7ChqanD/v1Q55/qgbCYBX2ys/uk
Dh36j0Qgq/El8Ix24OI2iJE6tFTqRRcwLEMKWGYsYWnMsLO1eCHiNCKNKD2AramjSRWorUnlXsUX
6R81Av3j5Nge0OlV0OmRvht0EudFXpzKpepoRXi9OkcVXq/MVef40n0ik+5PE302HIdp+RM8Zz0G
UvvinVU328u67bgBIToH5OyFxko+gxXxRrSIKnAVMrONS0Sr0eBAOuxgtSadgM36GOARJT0QlECo
4utWq9wqNCnuIelH6EboRxhGWEfYGFjROFGhdkAYZjVYWThfOh6MI9yI2fkll2fdwCb5d06DXEmV
Lu4YhN+tXvn8+qpaegHWZWZ9d/ZLudkBYw3y/rm4qfof63cd3KzIWwu4qwB5e4O8yVxMoceyyFzo
KPTwSYtQYUIhmc3nJ3vdXExckg7FsayLNVh1yEwlR6J6j+iZ9+QkoEBrZsiiBiKwtEbhHNoHyYl4
h52SwWF6eF0T997iS499eetgbcOH8jX59uKv583XHdqz+8jx+qnhw4e3VFbuNM5nqoN93nq58g2v
69Irf/g6nIZjt+w48mz9G0Vbt63asPJJwOv9sO71oAeFRLRX8lMFnI7DBTodNxbrDGihSSMwC3Wz
CaWlWSQaCa/XUmah7WIWgCUL1hvWvqUj62LWzXA3YAQFMQwg5mgqB4A+7uW8Rq+JRMAxut4w8ZHR
9UblK0JRZhUrZmgRrEhOPXbhDPwgplnKTiXq+lMZugeokToN8DQWuR4LKmACwqA+lClyvDP3p85F
1OZzOEa++hNuJ66OH2S2GPvnkrYOXYn8pWKvQ2CvZcBhHvSa5CdszFJXISss4guthawBL0HTDfne
GJHSuZGD5dyijqe8QBkAsibFUBErRWwkt5hVDuYmKhrdUcSrKgLO0JNjjK43wwxLZFD1Gq8yKaJl
Ak94mmd4ltfwWj6Kd/HRfC8+hncbeMRjD/LgVJSKWUVnUFOBhBK7fwkGFQMizXZO7Ldh0n9gp/x9
F5r5+YIF3Ivb9xz8zd4p69InMZ/ulyfGx8tt13+U/65Yf3P179852ywNo1oVrloHa1INttcjP5oh
xRoQW8ijQptnjntZXGH0bFt+glfnthPWbDOwHOPUJ8CS3Gy7N5Nu/axVSdL8nIEzikqCxgoaUWsx
WIyCSeAFQRSTDEnGHE+ON8dn/kVOQnqUAvYVldy7J+BS1J5NNTWbqqpr3sx+dc7XmMg3bnTKP+Gh
2P/QoUcWGJ6ed/b0iOazZ5vff+u9z6ifRo8C7a7Kf8bL8GN4LT7kdt8qLJa/UDkFahl6lRq3Hpdi
CFHSQ4IxGstgskQzHRMKE0TrEEtxildCtgFobrvZA2SmG8iqrcGInGphTsn47lpY6VeNyynjav8x
B3YSKo8DrlOCrI9e1dmwk0rpzFlMLjGl7VuZvg34USVWdA2UM/FRNVa40Wwp1i04DIRz2KOrLBwE
jFrL8x5nih3ihr0/H4DYEfJA2FCihtCqpAQdCjY/Oyf8TsmkQsdTvfne+V5yN4Z4VHkBS93yHlvo
WOikUN4vYglEkUgaEOjJDS4oQWVIKHVYyiFc9M4rI1cNnqr51fhHfn0ntshlJf9YsP+kz/dl/pTl
TynrPABw9CUdgOxgsRTrEFmD0Uqt5pzGMh7Vcvk0CjqYAAni+0xBIWBIVdKDFlAkqyVCHkpmE1bJ
MNQTQVzqkrqQq2dJK6Lro6k7mrlUzVzKtIglfPeUNKKqkj2S5lCf4txD8rNp+0qOvHQAT51atnJN
HR3oGFZ8qrj0/CUqs6Rz59ktp17HV1W8DIRcN8AsgEx7lhTj0CHBWGWltaiMpWqt+U6NIOIgB5qg
VMi5s5SS5aNI/grnTYLc1J2cGRURnaoGTuTs8Xgbo2G0No1Nm6BJ0KZGVURVRe2N0uWBAdLECJlF
ko60iBZf7dv3Jp4iH+g3YuRQaoN289a9z5BTJXiUfLykM69yzK+mbl2z6TeKD1fKtZpSZh+8bixk
kwOHDhk9PJATb0CjhyfGE+PwMm50GV8mkRXxZcncCmdZ8oCcQKLZNDKaHWJA0aZe5phBbC939KC+
VA74gJIYdbaGwz0Vp5KAKl1ZrRCbmqBP6e7+CfnvlJDgu6CFGlQDCfEKL7GUzWp22GlFI4dSYscr
JXY/84D+8RCLHRDaBMSQO2QA0xjTwO15h7/44nDe9oG1B09lDyuWm1+fUj/pg28Kps7Fya899U1+
+hy59cXfyq+XP7V6zcoKPPnsZ3jakjE58glI0aoWLqtcW/b45tvjx7WfP//zuPGbOzr87adKz01c
vSkhkCdX/v0l+drMJeVjxozIy1u9vAI/8FYDHlHx5NoDtdN/WCG3yecJrppd/tzhPXsPP6+sK2CB
boD6DlgXPSD5fYxoI8i9Q+vcYcJlZAEqM+VrN5qjXfp0CxW0iYD+UKyS90Li26amdS0qPwpKVZMZ
OloRB8FwgIpNhfjMNiulOB2gFkewGlmKm1D79X9pedPt203LX+ov78Kzt2/ctHXrpo3blXqwc27B
VPmD9nb5/NSCA8V4ceP576589c0HZ3rqxEmQB1tRNMqR3JTWVoa0u5kqg7MKPacUjL20nM2FojGU
jL0UQSEJ+SiSDivZsNCq7CaYvTFSTEUMaUbNuJlqtjVHM0oZ7bPdg83uUlKjZsoaelLHtX17lj3n
2RH88e0b8vfY/t1fMHWR3bq2YptAIe2lLyvKD9dDstyB+8mXjpx46/SbkXzv7a6r+EPUCtyXcczI
ImQQLnY0Qbx8OPeYDu6js7KErKzJfdExMo3LN4DAkTGgbr0mMhYacA+RvT0mc0BOzoDMMbMycnIy
BuSM7d6H0DwGaxJCv5GGeF0WI80mI6KJEVaTQFlSrd/ntOoZTVkfsjHOzqEoi26QITbo1UKWzt7v
GBQVsAUt9ycGe3sD8cGEUN/INoXCwMBfAjTwAjB0VlZruNURVrK3MNjaoWSg94enhkvDW8L1YeYu
H/dVWasvtO5Ux5KqS9WnOlKdzbpmfbOj2dkY5vJwJP/r3pmIoOK/urizZ0H70/9t3kv7D8hUXX7p
8qfqZG33L6VsYaTtKVhxgOQuXtL8h85zxcWU/8X1J44qWxlUcG9l5EzZ1Ciev1zBvDyJboD1MqA4
9CspiJEYQ4z0DhcQeay7zKvbYd3oyvc+zdfGe4JI43Kk+0zBGAEFjKH4O9AXWpTYdFPdjAjfwf+x
Cn+9X9lus92D9kCPDj3eEFEN7+/BfMMvvEHZGqFGzu4G/RslB+46gxxdUhKxN90K8seg+VIfjdHq
ogl2rNaRMqY22mwiuEy3UUDiIEuvIMsHLQHjfXTQxQZQkAq5u40bMaxi1VawaYe6TeFQgqunwlPv
uSe4ulVjuqFFjJl2r0n+yWATVVO8OKf+wH6Z3pu/DKKQUp69NWfeB5+pZkHvbD35OhgDqTVkJfhy
lZqXOVCcZEGFBrbQPFvZ8wGy5Fhef3fPR9k5CfnDZlGgItuWDjWdAgeFb2rD7pqa3crxV0iQxL+2
YUH+aQQehyfgiXicXC+/Kr8m18/ANXgeLsU18ix5q7xNnqX65xR8iZpCLUQECW9QiMaIFlS+gFLV
AtFqCoVkRC2sVeX9FHz5a7JMldcj8eCxtmk8l+80swAlp6BUB4qsSuLyC6cV7zn/dGxGxtgxmZlj
xmZkjhmTmTFWdeSMsWOppu5+ZW2ImrNu6l6bVDRYio13kkIbV+jmC3vPdueH4p0GMxMwMCmIjbax
bMCnDynJXVtPydWzaJ+1KtH6ngBE7jmP1F4QtSC6DejZEAI5yYm9W7bsVY6k9SuWb9iwfMX6OQdP
y7du/13+2+lXdr1w+/Ll2y/gmrojR+peOHKEPLG2pmbtupqa844Lez++evXjvRcc0YfXHmtuPrb2
sLLG+V1X2emQn0aheZLfwEZZELfaLhppgkp5aro930XiGVO8gRfizTieEZG6s9JyERhI9bIWSEIc
4e5CMnTME50fTakIvVt4/FMitSW6TkmkIvs/gqJrVM8F8nmRiD1nqJFnTn7//ckz+PZpuV0+B+1v
THFJSUeH/N1332E3oeH8uvwKBN1eeALqiT1Xu2PlQ1KCnRYgVkbtMHp2aMQyC8RKTb5xI2UO2gQS
wEGU3sul660ESyUJVLPAXwZLiUNxQlxFXH0cjfP8PZmdkj5E9mjSfb/IHOi0erlGoYmfb7+r0AQu
ati+cfPWrZshaBYDSeAB7e24/9QCKqn4Hx/OPvPBN19d+e68mn+3IcR8CetPQfn5mvQwUnZHqAJM
sSxjFimhgGV4tQs8SaPVYEGrMcGhN1BGQavVjKVYUykSDFpCl7LTdUQUeJNRr9XADRgZLRyxgLNE
ioqsFjDUxZvmO5WFI6yB8kKpMLRqlaFRu7ovoHZONCt7nnalGORNPE8nMolsojHRFBSTzWpV6OMw
MCU0hWiIj6TZ8LNUvNzaOXIVZX2Zsm3v/PZAeefG8v1UDHXuHzHFTEn7zuJiPFJu6OaYIjmTvgpc
6UFBVCSlBeFNFqGXlyShspikHRbtHo2hio7bEbXRkk8/H1ObwqVo3EFvLz6A0hNcmgH23ikKZbZF
/j5xl/L/+EO3GSFDNKum7CP0qehT3wdMiX9ZaQzC95oVMHivN6bTaR03Zjfm5pvXlO/bdde6eJZc
02Ndcqrjke9/Tkj4elb+b5uq7hr6QIm8sdvMjT1/j6BbAZ8xqFQKuqwaY3dUWPD/HhVUl/tvhwXx
vxMW1OJETfMm3RMXqtQgHcmZBoIe10CPKFwh5Tr2clr7Xpud0/J7BV7LaU17OU5rsVJm22BB4PnB
Jt5ut42181pCGbkyPV3GLnBaBUKV6WvNCDOEs1l4g44V7RqziKBG0wSYIAm5BLU0ExobzZkQ+rpz
nJuAXzWi39mjj0BV2acXumEM/5SdwqO8ssUrfaHRcjxn1zrsWhfvsidok/gkewafac90jOQnaX/N
z9TO5GfaZzmWaNfaq/njWifNaXQaPWNgjKwJmVhea9FbNXYzZ9FZ9MqOgtkkmGx8tNVpc9gTuURd
oj7BlMSnCL3F3uZka9CWZE+N7m/ob+xvyhTSLZm2+6NHcNmGbGO2abhlMpery9X/mp8kTjJPsszi
igxFxpmmQn6mME2cZp5uKbQW2fOjl3JLdUv1ZcJScan5CUuZbYNlg3WdbZ29Krqarxbe5E7oTugb
7BPB/5K6d67FCHlyET/EGjGNGtXZcQDyFty4G397XG7CO3Z3ttXIZ7ceUEzbocfPl5TIVzo/Bmd8
o1L+WPXFp7pjWhTyozwpHrm8hcQyx7zMUcgTVyE3m89PsOrMiI1jDLYY1mxnlZ0YxfkiOwEA0CZB
3T5U9mKiPdhDeYiH9jAet8fj8Xp8ntghliHWITZjz253v+4EwXfHG834juf1SyCnhx2a+0e5Cztu
dGJePi1feejQI/ONT889e1o+vXnXrs2bd9VQz48ehQ3Xr2JRrpT3yUvl8W737cI52E/HNp89+/vz
b733mYrZyyrH0hCvfRKPNORxDjNaGhkoHQspf5ayiwgAu5gFvyGs1sFxorJhTA5SfTub6zqbqb4M
3dm8TznZR/VFEU9Q9nKgZkA0lQO/biRAjwlVoC5IbabhpfhJvI06R13xJnhD3vu8r/piu7qUv0Oj
Ojwe58N4efe4BcYz74z/64/i01fws7gW74FW193OQXsfv6+O/1efRFW2KPiOAVmNICEPkooQbbwo
AMx792OHjFtBwr0f7T3n3J0z37+QkEA+pEOxyAnn8YAjPbKgBMRA7O+FWKgJgTqQBtkgRv/v519+
sA4tBCs0oA+hfQJnY1AxWoAqUR2cf4+Wq/1v01qlQc9lRpn7CWrASTCPUhpORYodT8Nz0mDse5hf
BNd1aLo63k4uqO1ZcoFagigyDs7GqXfUoQYykKbJhcih3vUhGoROoIPKOXMBVcO88egStKHw9FHo
FLqMV6H9+FNUjjahhbSiQAzWQT5TDA3ySrX9hB5V36z0FTOfQvSoQ8Wg5yl4+v5IP07C40k+KcK5
oCGFD5KR0LsaFdP50AJqy1b1i+hAUcvh/d36ogvUo1QSHcAH4T3KOy7A8w+iQSBvEUg6Eg5KkZ/c
QHVE+b8gUczbaJRmFGvArKYcTYTR5SQNP8vGoHxUTibCE3KgbxPKwZfgLQDX4yxDE8iogl6hnvI/
WFAvPZzrfX+yLyX4f1x6BY23Ho2rNy7zNnR1jculo5nJ9UyveuLX1tP+uG//1eC3KcHR43K99eeH
Z3c/dXh+NvRNyIVT5Qq6oX94dkrEz6nHGl7OmLBmKp/1N+SJOOknl3P+0vP78+ed9wmfa79BEQ+O
MAN8a+bKMQgq6p8/75gvfP5PjJFEw4pRGxBiPWDLd1ER+QSNoqrQQPoPqIiORgtJetdEZjpaQC+H
eVVoFONA7XBsgKMWjvvhOATHOjhepZZ3DWQCaAAZgAaCEJWMB55zSn3+25pquBeuYVx5RiV1DE2h
jqJPlXvZ0ygfxoqY97ra1F+YQ1+GuQ70FHtM4XL1k919tIBiV2BBGoF+gOvIy0AyHcD3r4IWI+H4
HLSGalIrwAFzuLUI6eYjpH8GqLsAISNA1vgRQqYdCPEwX6iD9QFvMMOjzTBugX7rRIRsveCAMRvM
tWcg5ID7HHDuhOdErUTINQeh6H4AfsBXzHXl/y+pq5tEcSgZ1SDFUwW0G9gP0Xr8V7imG6iV0jfv
yeSchbzbFM+8W0DeleimePKOkZx9O8CcLSBvB0hjHjlTTk7pyUk9OfGmlTkRJm9aSUOY/FYmx2Xy
hkxel8lRmRypf4A50k7qHyCHZXKonLwmk1dN5JWDBuYVKzloIL8Jk5cLyEtusj9MXtxXwLwok30F
5IVqE/OCn9Qt1TF1frJ3NNkjkOf7kNq1bqZWJs89KzDPxZBnBbK7xsTs9pMamFdjIjUSvQtu3GUl
u1bS1SZSLdE7/WTHMyFmh0y2b7Mw2/1k21Yjs81CtjVgSeLorVt0zFYj2dqAkfQgvUVHtjTSVaXl
TNVJsvkpPbNZJJslehOcbbqPbNxwktkokw3r85gNJ8mGlfT6dX5mfR5ZL9HrQK51frK2UmTWusna
hq5GqYuuFMlqePXqAvJMiKyyk6eryVN6srKggFkpk4o5AlMRRZ4sNzFPhkm5iaxYzjMrLGQ5T8qq
yTKRLNWRJU94mSXt5InFvZgnvGRxL7IIblrkJgtl8rhMFsw3MgtkMt9I5kt0aTmZN3cwM6+EzB1M
5pQYmDkCmbOSLjGQEokuhlcWt5PZs04ys2Uya2YeM+skmbWSnlnkZ2bmkZkSXeQnhTCpsJ0UFJAZ
NjJdJtNkkj+1D5Mvk6l9yGMyyZPJo6PJI+VkikwmZ5NcmfxaJpNOkl/JZEIBGW8lD4fJuId4Zlw5
eYgnOUOkoWSMnowqIA/GapkHq8nIMHmACMwDFjLCTIZTOmZ4FMkeZmGyS8iwoQIzzEKGDtEzQwUy
ROKYIXoicURS1nECfX81GUynMIPHkkFZVmbQaJI1UMdkWUmWRA/Ukfsyzcx9eSQzQ2QyzSRDJAOM
pL8MJbCVSZdJvzQL089K0sI6Js1Cwn05Jqwj4Yh9+nIklOpkQtkktY+NSXWS1Ea6j1vH9LGRPivp
FK6ASakmwWQrExxNkkGJZCtJlujeIHrvApKUGGKShpBEECwxRALwE5BJwn3Eb3Qy/jwSH2dm4ieQ
OLgtzkziJDpWS3xeJ+PLI16PyHidxNtIe+BlHpF4VtJuHXFLdEwc6cWT6HjiigoxrgkkCp4aFSJO
mTjgpQ6Z2AVis1oZWwmxWiyM1UqsEm2xEDPMM58kIiyvKBMBfoShhAf5+WpigjGTTIzwAKOTGCXa
IBM9XOiljBKigzm6csIVEK1GZLRWohEJy4QZtpwwcB8TJjQ8jE4h8FBKR/AEgmSCG3DB6k04+X/s
B/3/FuD/+oEo95+1+Ue5CmVuZHN0cmVhbQplbmRvYmoKMjUgMCBvYmoKICAgNzc1NgplbmRvYmoK
MjYgMCBvYmoKPDwgL0xlbmd0aCAyNyAwIFIKICAgL0ZpbHRlciAvRmxhdGVEZWNvZGUKPj4Kc3Ry
ZWFtCnicXVJBbtswELzzFTwmh0CyKJEJIBgIkosPSYu6fYBErhwBMSXQ8sG/L4cTpEAP0o6WM7PL
1VYvh9dDnDdd/UyLP8qmpzmGJJflmrzoUU5zVLtGh9lvX1/l7c/DqqosPt4um5wPcVpU3+vqVz68
bOmm757DMsq90lpXP1KQNMeTvvvzcmTqeF3XTzlL3HSt9nsdZMp2b8P6PpxFV0X8cAj5fN5uD1n2
j/H7topuyveOLfklyGUdvKQhnkT1db3X/TTtlcTw31lbUzJO/mNIqm9ArescVN+agnNQvd0VnIPq
XVNwDjnvmffAE/EEDrUO2nagz5BxR/8O/pYcW/yfiJ8yNqxlUMuwlkEtQ74B37TELXBH3AFbYgvs
iB382YNFD458B76jj4NPy97a0hvr2nJH8i34jXA+gnxgPsCHWle05FhwDPMG+Yb8BnzDfgz6MY/E
j5gPa3WoZdmbLb1xJi1mYnkvW+5FrYXWjsQjPDlPg3k2zOeABfj601gF7Oz3jvlrSnm9ymKXvcJG
zVG+d39dVqjK8xdY9c0lCmVuZHN0cmVhbQplbmRvYmoKMjcgMCBvYmoKICAgNDEwCmVuZG9iagoy
OCAwIG9iago8PCAvVHlwZSAvRm9udERlc2NyaXB0b3IKICAgL0ZvbnROYW1lIC9ZVURKRFArRGVq
YVZ1U2VyaWYKICAgL0ZvbnRGYW1pbHkgKERlamFWdSBTZXJpZikKICAgL0ZsYWdzIDMyCiAgIC9G
b250QkJveCBbIC03NjkgLTM0NiAyMTA1IDExMDkgXQogICAvSXRhbGljQW5nbGUgMAogICAvQXNj
ZW50IDkyOAogICAvRGVzY2VudCAtMjM1CiAgIC9DYXBIZWlnaHQgMTEwOQogICAvU3RlbVYgODAK
ICAgL1N0ZW1IIDgwCiAgIC9Gb250RmlsZTIgMjQgMCBSCj4+CmVuZG9iago5IDAgb2JqCjw8IC9U
eXBlIC9Gb250CiAgIC9TdWJ0eXBlIC9UcnVlVHlwZQogICAvQmFzZUZvbnQgL1lVREpEUCtEZWph
VnVTZXJpZgogICAvRmlyc3RDaGFyIDMyCiAgIC9MYXN0Q2hhciAxMTcKICAgL0ZvbnREZXNjcmlw
dG9yIDI4IDAgUgogICAvRW5jb2RpbmcgL1dpbkFuc2lFbmNvZGluZwogICAvV2lkdGhzIFsgMzE3
IDAgMCAwIDAgMCAwIDAgMCAwIDAgODM3IDAgMzM3IDMxNyAwIDYzNiA2MzYgNjM2IDYzNiA2MzYg
NjM2IDYzNiA2MzYgNjM2IDYzNiAzMzYgMCAwIDAgMCAwIDEwMDAgNzIyIDAgNzY1IDAgMCAwIDAg
MCAwIDQwMCAwIDAgMCAwIDAgNjcyIDAgMCAwIDAgODQyIDAgMCAwIDAgMCAwIDAgMCAwIDAgMCA1
OTYgNjQwIDU2MCA2NDAgNTkxIDAgNjQwIDY0NCAzMTkgMzEwIDYwNSAzMTkgOTQ4IDY0NCA2MDIg
NjQwIDAgNDc4IDUxMyA0MDEgNjQ0IF0KICAgIC9Ub1VuaWNvZGUgMjYgMCBSCj4+CmVuZG9iagox
IDAgb2JqCjw8IC9UeXBlIC9QYWdlcwogICAvS2lkcyBbIDIgMCBSIF0KICAgL0NvdW50IDEKPj4K
ZW5kb2JqCjI5IDAgb2JqCjw8IC9UeXBlIC9PdXRsaW5lcwogICAvRmlyc3QgMTggMCBSCiAgIC9M
YXN0IDE4IDAgUgogICAvQ291bnQgLTEKPj4KZW5kb2JqCjE4IDAgb2JqCjw8IC9UaXRsZSAoREVU
QUxMRVMgREUgTEEgUkVTRVJWQUNJT04pCiAgIC9QYXJlbnQgMjkgMCBSCiAgIC9GIDAKICAgL0Rl
c3QgWzIgMCBSIC9YWVogNzAgNzYzIDBdCj4+CmVuZG9iagozMCAwIG9iago8PCAvTmFtZXMgWwog
ICAoaWRfT2JzZXJ2YWNpb25lcykgWzIgMCBSIC9YWVogMjA1IDUzNCAwXQogIF0KPj4KZW5kb2Jq
CjMxIDAgb2JqCjw8IC9EZXN0cyAzMCAwIFIgPj4KZW5kb2JqCjMyIDAgb2JqCjw8IC9Qcm9kdWNl
ciAoY2Fpcm8gMS4xNS4xMCAoaHR0cDovL2NhaXJvZ3JhcGhpY3Mub3JnKSkKICAgL1RpdGxlIChS
ZXNlcnZhY2lvbikKICAgL0F1dGhvciAoKQogICAvS2V5d29yZHMgKCkKICAgL0NyZWF0aW9uRGF0
ZSAoRDoyMDIxMDIwMjEwMzIwMlopCj4+CmVuZG9iagozMyAwIG9iago8PCAvVHlwZSAvQ2F0YWxv
ZwogICAvUGFnZXMgMSAwIFIKICAgL091dGxpbmVzIDI5IDAgUgogICAvTmFtZXMgMzEgMCBSCj4+
CmVuZG9iagp4cmVmCjAgMzQKMDAwMDAwMDAwMCA2NTUzNSBmIAowMDAwMDYwMTM0IDAwMDAwIG4g
CjAwMDAwMDE0OTggMDAwMDAgbiAKMDAwMDAwMDAxNSAwMDAwMCBuIAowMDAwMDAwMDE1IDAwMDAw
IG4gCjAwMDAwMDA3NjggMDAwMDAgbiAKMDAwMDAwMDAxNSAwMDAwMCBuIAowMDAwMDAwNzQ2IDAw
MDAwIG4gCjAwMDAwNTA1NDEgMDAwMDAgbiAKMDAwMDA1OTY2NiAwMDAwMCBuIAowMDAwMDAxNzY1
IDAwMDAwIG4gCjAwMDAwMDA5NTggMDAwMDAgbiAKMDAwMDAwMTIxNSAwMDAwMCBuIAowMDAwMDAx
NDYyIDAwMDAwIG4gCjAwMDAwMDIyMjQgMDAwMDAgbiAKMDAwMDAwMjIwMSAwMDAwMCBuIAowMDAw
MDAyMzI3IDAwMDAwIG4gCjAwMDAwNDMwNjMgMDAwMDAgbiAKMDAwMDA2MDI4MyAwMDAwMCBuIAow
MDAwMDQzMDg4IDAwMDAwIG4gCjAwMDAwNDk3NTkgMDAwMDAgbiAKMDAwMDA0OTc4MyAwMDAwMCBu
IAowMDAwMDUwMjQwIDAwMDAwIG4gCjAwMDAwNTAyNjMgMDAwMDAgbiAKMDAwMDA1MTAwNCAwMDAw
MCBuIAowMDAwMDU4ODU3IDAwMDAwIG4gCjAwMDAwNTg4ODEgMDAwMDAgbiAKMDAwMDA1OTM3MCAw
MDAwMCBuIAowMDAwMDU5MzkzIDAwMDAwIG4gCjAwMDAwNjAxOTkgMDAwMDAgbiAKMDAwMDA2MDM5
OCAwMDAwMCBuIAowMDAwMDYwNDc4IDAwMDAwIG4gCjAwMDAwNjA1MTQgMDAwMDAgbiAKMDAwMDA2
MDY4MCAwMDAwMCBuIAp0cmFpbGVyCjw8IC9TaXplIDM0CiAgIC9Sb290IDMzIDAgUgogICAvSW5m
byAzMiAwIFIKPj4Kc3RhcnR4cmVmCjYwNzcwCiUlRU9GCg==

--===============3210865425011342571==--

-------------------------------------------------------------------------------
