Content-Type: multipart/mixed; boundary="===============2094304147720622332=="
MIME-Version: 1.0
Subject: =?utf-8?q?Hotel_Real_-_Confirmaci=C3=B3n_de_Reservaci=C3=B3n?=
From: reservaenrealnicaragua@gmail.com
To: lucio@gmail.com
Date: Tue, 02 Feb 2021 13:47:02 -0000
Message-ID: <161227362288.26984.15696803189020069749@localhost>

--===============2094304147720622332==
Content-Type: text/html; charset="utf-8"
MIME-Version: 1.0
Content-Transfer-Encoding: 7bit

Pronto nos pondremos en contacto con usted. recibimos su solicitud para RealNicaragua
--===============2094304147720622332==
Content-Type: application/pdf
MIME-Version: 1.0
Content-Transfer-Encoding: base64
Content-Disposition: attachment;
 filename="lucio@gmail.com_5ku4534_2021-02-02 13:47:00.391996.pdf"

JVBERi0xLjUKJbXtrvsKNiAwIG9iago8PCAvTGVuZ3RoIDcgMCBSCiAgIC9GaWx0ZXIgL0ZsYXRl
RGVjb2RlCj4+CnN0cmVhbQp4nJ1U21LbMBB911fsozOdKLpYttxhmJrE7cCEUojbF4YH4SjBENuJ
bSif31ViGiiXEnyRNZL2nKNd+XBgePc5NtrnkBVkRdh6rJ7DwDCYN+QgJcLfrMNvyChTLNQcOGNU
B1JgNy3IYNZnfQbYn5Fzb5SkPaW8eDxOJjBKYBzDWTJJznpSeb96ofbi4eHJ995FekS46DQIQCzK
ZMQCATzQVLCQyQdw/gDuQS+9fkLXF5xKzpWQqJAqEcgghHRKvBjKqrisLUxtF/MGipNAfeFrplzw
ufejJ0LPNGZZ1a1dS90JwEsKky8+ymvrpipN8wot55QF0g9DwGowpaTUG065Rp8sTQl7ezCIs/bW
LFJ738LezM5mjBm2D/v7cDAadlDJMfaWHd3z1G6ZnErJpIw2Kr+6+trsymByISnb2kzNrmoFE7hU
4ANMf/b9D7JPzCL/ODnXu5F7sa2rRV5a83JtXyX8WeatnUKc1y66eTffyWVj6zuT5dU26r2ck6qE
trYNdBWevs0a6O0u57ZsLaxuLWC8E7Aj9fDqNruBoWnahYX+5qylG3OhkXSX8xg0l0cGIKKQ+n4k
eASIQ4XUW3fZ8mbXy4JHWn6Zuz+MZlXxEvjZN+wH7grhN04d4XtNzi+cTpgSzuAYVsDX3JsW3a8T
gOwRDfBYFuBLZyl/BxYwgdOtRT6Vv17LI4Wm9Yb8/rtS4cuAqtD/Tyo+Kak0i0IR+a/k4NkWO+BH
W1RC0AgL+HSPKzIwHP0fBveYq1FFTslgnJc3a2M5Hh6OEK5zEuch/8zxx3On5A9goXHfCmVuZHN0
cmVhbQplbmRvYmoKNyAwIG9iagogICA2MDQKZW5kb2JqCjUgMCBvYmoKPDwKICAgL0V4dEdTdGF0
ZSA8PAogICAgICAvYTAgPDwgL0NBIDEgL2NhIDEgPj4KICAgICAgL2ExIDw8IC9DQSAwLjcgL2Nh
IDAuNyA+PgogICA+PgogICAvWE9iamVjdCA8PCAveDEwIDEwIDAgUiA+PgogICAvRm9udCA8PAog
ICAgICAvZi0wLTAgOCAwIFIKICAgICAgL2YtMS0wIDkgMCBSCiAgID4+Cj4+CmVuZG9iagoxMSAw
IG9iago8PCAvVHlwZSAvQW5ub3QKICAgL1N1YnR5cGUgL0xpbmsKICAgL1N0cnVjdFBhcmVudCAw
CiAgIC9RdWFkUG9pbnRzIFsgMjk3IDUxNCA0MzIgNTE0IDQzMiA1MDAgMjk3IDUwMCBdCiAgIC9S
ZWN0IFsgMjk3IDUwMCA0MzIgNTE0IF0KICAgL0EgPDwKICAgICAgL1R5cGUgL0FjdGlvbgogICAg
ICAvUyAvVVJJCiAgICAgIC9VUkkgKG1haWx0bzpjanBtMTk4M0BnbWFpbC5jb20pCiAgID4+CiAg
IC9CUyA8PCAvVyAwID4+Pj4KZW5kb2JqCjEyIDAgb2JqCjw8IC9UeXBlIC9Bbm5vdAogICAvU3Vi
dHlwZSAvTGluawogICAvU3RydWN0UGFyZW50IDEKICAgL1F1YWRQb2ludHMgWyA0MzcgNTE0IDUy
MyA1MTQgNTIzIDUwMCA0MzcgNTAwIF0KICAgL1JlY3QgWyA0MzcgNTAwIDUyMyA1MTQgXQogICAv
QSA8PAogICAgICAvVHlwZSAvQWN0aW9uCiAgICAgIC9TIC9VUkkKICAgICAgL1VSSSAodGVsOis1
MzU4MDk3Mjk0KQogICA+PgogICAvQlMgPDwgL1cgMCA+Pj4+CmVuZG9iagoxMyAwIG9iagpbCiAg
MyAwIFIKICA0IDAgUgpdCmVuZG9iagoyIDAgb2JqCjw8IC9UeXBlIC9QYWdlICUgMQogICAvUGFy
ZW50IDEgMCBSCiAgIC9NZWRpYUJveCBbIDAgMCA1OTUgODQxIF0KICAgL0NvbnRlbnRzIDYgMCBS
CiAgIC9Hcm91cCA8PAogICAgICAvVHlwZSAvR3JvdXAKICAgICAgL1MgL1RyYW5zcGFyZW5jeQog
ICAgICAvSSB0cnVlCiAgICAgIC9DUyAvRGV2aWNlUkdCCiAgID4+CiAgIC9SZXNvdXJjZXMgNSAw
IFIKICAgL1N0cnVjdFBhcmVudHMgMgogICAvQW5ub3RzIFsgMTEgMCBSIDEyIDAgUiBdCj4+CmVu
ZG9iagoxMCAwIG9iago8PCAvTGVuZ3RoIDE1IDAgUgogICAvRmlsdGVyIC9GbGF0ZURlY29kZQog
ICAvVHlwZSAvWE9iamVjdAogICAvU3VidHlwZSAvRm9ybQogICAvQkJveCBbIDAgMCA1OTUgODQx
IF0KICAgL0dyb3VwIDw8CiAgICAgIC9UeXBlIC9Hcm91cAogICAgICAvUyAvVHJhbnNwYXJlbmN5
CiAgICAgIC9JIHRydWUKICAgICAgL0NTIC9EZXZpY2VSR0IKICAgPj4KICAgL1Jlc291cmNlcyAx
NCAwIFIKPj4Kc3RyZWFtCnicRZDBEsIgDETvfMX+gGkIkMDdH+jJs9NxvFSd6sXPl1ZKJ6d9LLuB
xY1YnKjBi0AF0fC+4YLnCklChg9MnhMe6EQSFU0QY0olrldJedWRbDv/6wlBqiMU19FcUSQ9PEEy
cSg9s+vWOh1EmYzNbRk7ipRj7pmaSdj21q6nY7NG5n1311F/XMs89FZbQ9ZPWVyVGVznFBNps5mV
1JJS8ILp4YYr4/7B8PWK88uNdX5LnEgzCmVuZHN0cmVhbQplbmRvYmoKMTUgMCBvYmoKICAgMTc5
CmVuZG9iagoxNCAwIG9iago8PAogICAvRXh0R1N0YXRlIDw8CiAgICAgIC9hMCA8PCAvQ0EgMSAv
Y2EgMSA+PgogICA+PgogICAvWE9iamVjdCA8PCAveDE2IDE2IDAgUiA+Pgo+PgplbmRvYmoKMTYg
MCBvYmoKPDwgL0xlbmd0aCAxNyAwIFIKICAgL1R5cGUgL1hPYmplY3QKICAgL1N1YnR5cGUgL0lt
YWdlCiAgIC9XaWR0aCA4MDAKICAgL0hlaWdodCA2MDAKICAgL0NvbG9yU3BhY2UgL0RldmljZVJH
QgogICAvSW50ZXJwb2xhdGUgdHJ1ZQogICAvQml0c1BlckNvbXBvbmVudCA4CiAgIC9GaWx0ZXIg
L0RDVERlY29kZQo+PgpzdHJlYW0K/9j/4AAQSkZJRgABAQAASABIAAD/4QCMRXhpZgAATU0AKgAA
AAgABQESAAMAAAABAAEAAAEaAAUAAAABAAAASgEbAAUAAAABAAAAUgEoAAMAAAABAAIAAIdpAAQA
AAABAAAAWgAAAAAAAABIAAAAAQAAAEgAAAABAAOgAQADAAAAAQABAACgAgAEAAAAAQAAAyCgAwAE
AAAAAQAAAlgAAAAA/+0AOFBob3Rvc2hvcCAzLjAAOEJJTQQEAAAAAAAAOEJJTQQlAAAAAAAQ1B2M
2Y8AsgTpgAmY7PhCfv/AABEIAlgDIAMBIgACEQEDEQH/xAAfAAABBQEBAQEBAQAAAAAAAAAAAQID
BAUGBwgJCgv/xAC1EAACAQMDAgQDBQUEBAAAAX0BAgMABBEFEiExQQYTUWEHInEUMoGRoQgjQrHB
FVLR8CQzYnKCCQoWFxgZGiUmJygpKjQ1Njc4OTpDREVGR0hJSlNUVVZXWFlaY2RlZmdoaWpzdHV2
d3h5eoOEhYaHiImKkpOUlZaXmJmaoqOkpaanqKmqsrO0tba3uLm6wsPExcbHyMnK0tPU1dbX2Nna
4eLj5OXm5+jp6vHy8/T19vf4+fr/xAAfAQADAQEBAQEBAQEBAAAAAAAAAQIDBAUGBwgJCgv/xAC1
EQACAQIEBAMEBwUEBAABAncAAQIDEQQFITEGEkFRB2FxEyIygQgUQpGhscEJIzNS8BVictEKFiQ0
4SXxFxgZGiYnKCkqNTY3ODk6Q0RFRkdISUpTVFVWV1hZWmNkZWZnaGlqc3R1dnd4eXqCg4SFhoeI
iYqSk5SVlpeYmZqio6Slpqeoqaqys7S1tre4ubrCw8TFxsfIycrS09TV1tfY2dri4+Tl5ufo6ery
8/T19vf4+fr/2wBDAAgGBgcGBQgHBwcJCQgKDBQNDAsLDBkSEw8UHRofHh0aHBwgJC4nICIsIxwc
KDcpLDAxNDQ0Hyc5PTgyPC4zNDL/2wBDAQkJCQwLDBgNDRgyIRwhMjIyMjIyMjIyMjIyMjIyMjIy
MjIyMjIyMjIyMjIyMjIyMjIyMjIyMjIyMjIyMjIyMjL/3QAEADL/2gAMAwEAAhEDEQA/APf6Q0tR
ySLGjO5CqoyST0oAfxS5rEl8SaShP/EyteP+moqrJ4r0lemo2x/7aCnysDpM5ormP+Es0v8A6CFt
/wB/BR/wlul/9BC2/wC/gp8rA6eiuY/4S7Sv+ghbf9/BR/wlulf9BG2/7+CjlYHT0VzP/CW6V/0E
bb/v4KrXnjnRrG3M819GUH9w7jRySYrpHX0V52Pi14ZIz9rl/wC/Ro/4Wz4a/wCfuT/v2atUZC50
eiUV55/wtnw1/wA/cn/fs0f8LY8N/wDP3J/37NHsavYOdHodFee/8LY8N5/4+5P+/Zpf+FreG/8A
n7k/79ml7Cr2DnR6DRXn/wDwtXw5/wA/cn/fBo/4Wp4cP/L2/wD3waPYVewc6PQKK4D/AIWn4d/5
+3/74NH/AAtPw7/z9v8A98Gj2FQOdHf0VwH/AAtPw7/z9v8A98Gj/haXh7/n7f8A74NP6vUDnR39
FcB/wtLw7/z9v/3waP8AhaXh3/n7f/vg0fV6gc6O/ozXA/8AC0fD3/P2/wD3waQ/FLw6P+Xt/wDv
g0ewqC50d/mjNef/APC0/Dv/AD9Sf98Gl/4Wn4d/5+pP++DS9hU7D54nf5ozXn//AAtPw7/z9Sf9
+zR/wtTw6P8Al6k/79mq9hU7MOeJ6BRXn/8AwtXw7/z9S/8Afs0n/C1vDv8Az9S/9+zR9Xqfyh7S
J6DRk159/wALV8Of8/Uv/fs0f8LV8O/8/Mv/AH7NL2FT+UXtInoOaM159/wtbw3/AM/Mv/fs0n/C
1vDn/PzL/wB+zR7Cr/KHtInoWTRk157/AMLW8Of8/Mv/AH7NL/wtbw5/z9S/9+zR7Cp2D2kT0HNG
a89/4Wt4c/5+pf8Av2aP+Fr+HP8An6l/79mj2FT+UftInoWaM159/wALW8Of8/Uv/fs0f8LW8Of8
/Uv/AH7NHsKn8oe0ieg5ozXn3/C1vDn/AD9Sf9+zR/wtXw5/z9S/9+zR7Cp/KHtInoOaM159/wAL
V8O/8/Un/fs0v/C0/Dv/AD9S/wDfs0ewqfysPaRPQM0Zrz//AIWn4ePS5l/79mnj4n6Af+W834RG
j2FX+Vi9pE73NGa4MfE3Qj0ln/79Gl/4WXoZ/wCWtx/36NP6vV/lYvawO6zRkVwv/Cy9E/56XH/f
o0f8LL0P/npcf9+jR9Xq/wArH7WB3WRRmuE/4WZoX/PS4/78mk/4WdoQ/wCWlx/35NH1er/Kw9rA
7zNLmuBPxP0H/npcf9+TSf8AC0tA/wCetx/35aj6vV/lYvawO/zRmvP/APhaXh/P+uuP+/LUn/C1
PD+f9bcf9+Wo+r1f5WHtYHoOaM159/wtTw//AM9rj/vy1H/C1PD/APz2uP8Avy1H1er/ACsftIHo
OaM159/wtTw//wA9rj/vy1H/AAtXw/8A89bj/vy1H1ep/KHtIHoNFeff8LU8P/8APa4/78tR/wAL
U8P/APPa4/78tR9Xq/yh7SB6DRXn/wDwtPw//wA9rj/vy1H/AAtPw/8A89rj/vy1H1er/KHtIHoF
Feff8LU8P/8APW4/78tR/wALU0D/AJ63H/flqPq9T+UPaQ7noNFef/8AC1PD/wDz2uP+/LUf8LT0
DtLcf9+Wo+r1f5Q9pDuegUma4H/haOg/89bj/vyaX/hZ+hf89Lj/AL8mj6vV/lD2kDvc0Zrgx8Tt
CP8Ay0uP+/Jp3/CzNC/563H/AH5NH1er/KHtYHd5ozXCf8LM0L/nrcf9+TSf8LN0L/nrcf8Afk0f
V6v8rD2sDvM0ma4P/hZ2hf8APW4/78mj/hZ+g/8APW4/78mj2FX+Vh7WB3maM1wX/Cz9B/563H/f
k0f8LQ0H/nrcf9+TR7Cr/Kw9rA76iuA/4WjoH/Pa4/78mj/haWgf89bj/vyaPYVf5Q9pA7+ivP8A
/haegf8APW4/78tR/wALT8P/APPa4/78tR7Cr/KHtIHoFFefH4q+Hx/y1uP+/DUn/C1vD3/Pa5/7
8NR7Cr/KHtYHoVFee/8AC1/Dv/Pa5/78NR/wtjw7/wA9rn/vw1L2NX+UPaRPQqK88/4Wz4c/57XP
/fhqT/hbPhz/AJ7XP/fhqPY1f5Q9pE9Eorzv/hbXhv8A57XP/fhqP+FteG/+e9z/AOA7Uexq/wAo
e0h3PRKK87Pxb8N/897n/wAB2pP+Ft+G/wDntc/+A7Uexq/yh7SHc9FpK87/AOFt+G/+e1z/AOA7
Uf8AC3PDX/Pa5/8AAdqPY1OsQ9pDueicUd687/4W54a/57XP/gO1W9O+J2ganqENlbSzmaUkKGhZ
RwM9TSdGa1aBVIs7qlqpFdLIMqcirKtkVmWf/9D3/tWR4kfZ4e1DnH7h/wCVa9Yfik48Pah/1wf+
VNbgfGVxPObq4/fzjErf8tD6n3qLzpv+e83/AH8P+NE5/wBJuP8Arq38zUea7I25dhXJPOm/57zf
9/D/AI0edN/z3m/7+H/Go6KrTsIk86X/AJ7Tf9/D/jR50v8Az3m/7+H/ABqOiiy7ASebL/z2lPt5
h/xoMsjDa8zsP7pdiP503PFJTSQBz2Y/maOf736miiqFZC8/3v1NJls9f1NFFOwWQEtnr+ppct/e
P5mkopBZC5f+8f8Avo0bn/vH/vo0UUXYWQbm9T/30aNzep/76NJiinzsOVDg7ep/76NL5jf3m/76
NMpapTYcqHhz/eP/AH0aN5/vH/vo0zNGafOxcqJA7f3j/wB9Gl8xv7x/76NRZozT9oHKibe394/9
9GlEpH8R/wC+jUG6jfVKq0JxRZEpPf8A8eNPDn1/U1VDUu81oq0hOBcDf7X6mjn+9+pqushFP8yt
VVbI5SUZ7N+pp25h3/U1EGpwY1fMyWh+73/U0Z9D+ppvWlxTuxWFyfX9TRz6/qaSnYouxaDTn1/U
0c+v6mlIoxRdjuhvzev6mkOfX9TTyKTFF2FxuT/e/U0En+9+pp2KMUczHoIM/wB79TUyg/3v1NRA
VNHxSuwdizCDx/ia0oR0/wAaoRHpWhCcYqk2ZyL0OPT9asAADrVVGqUPxVpvuYsmyKYWAqPfTC9O
7BIkZ6ZvqMtmm5pXY7EhemF8npTSaTNHMwHZHpTSRnpSGii7AXj0o/CgClHWldgJgelGB6U7vShc
0XYxuPajHtTiD0pyqaLskYAPSl2+1SiPNO2UXYEATJ6U7yvarCoAKCwFF2BCsPtUohXuKUS00y0u
ZjH7EA6UuFHpUJlqIymjmYWLRdR0FJ5oFVPNNMaTNHOxWLnnCo2lFVd9JvpczKsWDNTPN/zmoC1I
WpczCxY83/OaQy1W3UbqOZjsTmX2pPN9qg3UFqXMx2JzL7U0ye361DupM0czCxKX/Ck3+9RE0Zo5
mFiQSH2pPM+lRZoqeZlEnmc9qC30plFHMxClvpSZ+lIaSjmYDiw9qTP0puaKOZjHZHtSZpKKTkwF
yK1PDM/2fxLZTDqrH+VZOatac+zUIWHUGs6r/dy9GOPxI+jdG1M3EY9MV1du+9QR6V5f4VnZoxzX
pdicxKT6V4J3H//R9/rD8U/8i9qH/XBv5Vt1ieKBu0C/H/TBv5Ur2YWufFk//H3cD/pq38zTMVPd
QstzOwB/1r9v9o1WrqhO6CUHEXpS5pKKu5IZpRzSUU7gOozTc0tNMBRRSUZqriFFBoFFO4BS4pKW
qTAKKKKdwCjFFLTsFxMUUtJS5RXEPWgUtLS5RjaWjHNLiiwDaKdijFKw7iClzSd6WqsFwyaUE02i
qTaEyUORTg5NQilBxWkalibXLSnPen5qpuxTxITW0alyXEsZp2ahVqkBrRSM3EfmjikFKMVRNhSK
binZpaAG4oxTsUm2nYLiCpVGaYBipFpWBssx9quxnGKoxnpVxD0qkQy6hqTtUCHipAapENC7jSHP
rSHrSZoELnFJ1oNFIBMUU4DJpdvNADaAKdspypQA0LSgc1MF4oAAoAj209Vp3FGaQBsHrSgCmFua
aWo5hEuRSM4AqHfzTWapchomMnHWmGWoC1IWpXHYmL1Gz0wnimE0rjsSFs96aWqPNLmi4WF3Ggmm
ZpSaVx2DNJSUZouMM0lJnmkzRcBaKQ0maVwHYpCKTNBNFwFxRim5ozRcBcUlGaQmlcBaKbmgmkMX
NGabmjNFwHUfjTCaM0rjsLmim5op3EOpM0UUrgLU9l/x+xfWoKnsv+P2L61FR+4/QqPxI9m8I/6s
V6hYf6pR7V5f4R/1Yr1Cw/1a/SvDZ2n/0vfaxfE3/IAvv+uDfyrarG8Tf8gG+/64N/Kh7FQ+JHx7
P/r5v+ujfzNVZrYEZSrc4/0iYf8ATRv5mozXNGfKz3J0edIzCCpwwoz6VoPEsg5HNUpYXjbOOK7q
dVSR5NfDOD90jpRScUordWZyvQKKKKL2C6ewoopKM0cwC0ZpM0tUmKwuaKTFGaq4CjrTqbmlzTTA
O9OHSmilzVJgLSUvakq0AUUUCgQooxR0ozTsAYoooosAcUHFFBosAlLSUZpWAWikzRmi9gE708HF
NpaOZoY8NUivUOaUGtYzJauWQ9PBqsGxUqvW6kjNxJgacOaiDU8NVolxH0uKAaAc1aZLQAVIq0gF
SAUyWSRjmrcdVoxzVpM0EssJ0p4JpqKcVKEJpktjcZo21JsPanCM0hXIgtLsqUIacEoC5EE5pwTm
pNtGKAuJtpRxQTTe9FxDi1NJppNIalsEBakL8U0mk7VNxhuppakzSZoKAnmmk80pNJmkwEY8U3NO
PSmmkAZpM0UmKQwzQTRikoATNGaCKSgB1NpaSgYhpKU0YoASkNLSGgBKKKOtIYZpM0uKTFIAJpM0
hooAM0E0YpCKQwzRmjFGKAA0lLijFIBKUUYoIxTAKKKXFABU9l/x+RfWoKnsv+PyL61FT4H6Dj8S
PZvCP+rFeoWH+rX6V5f4R/1Yr1Cw/wBWv0rw2dp//9P36sXxMM6Fff8AXB/5Vt1ieJedDvf+uLfy
pPYqHxI+Qpk/0ib/AK6N/M1GUq9NHmeU4/5aN/M1GYvauHmuz6z2DsipsppXd8rc1b8v2ppj56U1
Oxm6HczZ7TPKflVUgrwRitkpz0qGa1V1PHzV10q9nZnmYjAu10ZdFTPbvDw3IqIAt0rvi4yV0eTO
nKDs0JRS89xRRZkpX2EpaMUYoAKKMUVVxMWiiii4CiikzS5qkxC9qKTvS1akAUUUVSYCilpB1pas
QtGKQUtOwBikIp1BosA3FGKWlxRYBuKMUpFGKVgExSU7FGKLANoFOxRiiwCU4Gm0U0wJg1SK1QA0
u6toyE4lsHNOBquj1KrCtou5lJWLC1IKhU1Kpq0zJlmPrVqMZNVYgM1diHNUQywinFWEQ02Ic1ZV
adjNjQlPCcVIq0/bSFcr+XRtx1qfZSFKQXICoxTan2U1koC5XbrTe9WNlMZeelIZA3Wmmpthz0oZ
PapaGiuetJU2z2prJ7UrDK560VKV9qbj2oKIjSVKRTSKVgGGmmn4pMUrAMoNPxTSKVhjaSnYNJmi
wCYoxS0UANoNOxRQMjNFPNJigBpppp5ptACGkFOIpKQxKQ0tJQwENJTqMUgG0GlooGNop1FKwDaK
dRRYBO9LS4oAp2FcTFLilxRiiwXExU1n/wAfkX1qLFTWY/0yL61FRe4/QqL95HsnhH/VivULD/Vr
9K8v8I/6sV6hYf6tfpXhM7T/1Pfu1Y3iP/kCXv8A1xb+VbJrH8R/8gS9/wCuTfypS+E0pfGj5Zkj
Hmy/9dG/maiMNTyN++l/66N/M0ma8x7n6HGCcUVmhINRtEfSr/HegqDSIdFMzTHjtTPLrSMWe1MM
FUmzKWHujOaEMMEZrPuLFlO6Ot1oaj8vA5/KtoYiUGefXy+NRbHNMpU/NSbe9blxYJMMqMNWXLbv
EcOp9jXr0K8ai1Pm8TgKlF6FbFGKftpdtdTpnDcjxRin4oxUcgxlFOIoxS5AG4op2KMUnEQmaM0t
JRsAtKKbTqpMAxTuKZS5q0wFozRRVpgLmlptOqkAg5NOpB1pasQUlLS0WATFJTqQCiwCUc07FHWi
wDTSYp2MUVLiA3BpRkUuD60mMUbAODEU9DUVOBxWkZCaLSManVhVEE1Yibjmt0zOUTQiar0Dc1mx
Nx1q7EelWmYSRpxuKsrJWchIqYSHAp3M2jRDinhwazvOwKeLjimTY0QQaXg1QW64pwufegLF3aKC
gNVftHvThOPWgRY8vim+VzTBOPWnCZfWiwAYh6U1os9qkEgPcUvmD2osBD5PHSmND7VbDAijg0rB
coGA56Uww+1aW0GkMII60WHczDDTDF7VpmAUn2YUWC5ltFxTPKrVNqKabUVLiO5l+Wab5fNav2Wm
m0o5R8xmeXSGOtM2tNNr7UuUOYzSlJsrRNrx0phtqOULlApSbKum3NNMGKmw7lIpSFTVpoTTTFRY
aZXK8U3FTmPmmlKLBcgpKm2U3ZUjuR0HipNlIUosFyPGaMU/bRtosFyLFGKl2+1G32osMixRipdv
tRtosBGBx0pce1PxRiiwDMUuKdj2oxTsA3FGBTsUbaLANxU1oP8AS4vrUeKmtR/pUf1rOqvcl6Mq
HxI9g8I/6sV6hYf6tfpXl3hH/VCvUdP/ANWv0rwGdx//1ffjWP4i/wCQJe/9cm/lWzWL4jP/ABJL
3/ri38qUvhNKXxo+WXP76b/ro38zQGqN3/fS+8jfzNAavMe5+gQqLlRMDTs4qIH0p+c0jVNMkBpe
D1qMNzTwady9BSoNNMa+lPzSgj0p2uJpdSBoAfY1BLaK64ccHvV8YJ6UpQVUZOOxnUw9OotTmbnT
XhJZRuSqRTBrsTGMYxxWfdaVHNlowQ314r18Jj18NTc+bx2S6udM5zbzSFauS2rwsQynioGQr1r2
IqM1c+ZmnTlyyREVpNtTFabilKkSmnsRbeaCOal20m2odIdyLFGKkxSbah0guMxRinYpMVDpjuJR
S4pOanlaHcDQKKKNRC5pRTe9KKpSAdS5puaWtIyFYcDRTc0oNacwDsUAUm40oNUncBaSlowKqyEN
NGKWilYBKQ07FGKTQDcUvelxSUrAOFSoxqIGnqTTTsJrQuwtzV+FqzYjir0JreLMJo0EbinhqgQ1
IDWiMmiTNGabmjNAhxNKCabmkJNAiXccUByKiyaMmmFibzSKd5xqvk0bjQFi0Lg4pVuTmqm40oJo
CxeF1inC7rP3GjJoDlNEXnvTvtee9Zm40bjRcXKaouh604XY9ayd59advOOtFw5TXFytKLhDWQHO
etOEhHei4rGv5y0okU1kecaeJzjrTuKxq7kNL8prLE59alW5IpXCxe2r0ppjWq63HNO88UBYkMIq
MwCnibNO3g0WFcrNBzxUTW/FXsimkA0rXGmZxgNRmA5rT2A00xD0o5R3MzySKb5BrSMOe1J5PtU8
pVzMMNJ5JrTMPtSGD2o5QuZvlEUeV7Vo+RntR9no5QuZ3le1HlVoeT7UnkZ7UuULmeYqb5RrQMPP
SkMI96OUdyh5VHl1daGmGI0coXKuzim7KteUaQxYpWHcr7KaV5qwUNNKGiwXIdvNS2oxdx/WgpT7
Zf8ASU+tZ1V+7l6MqD95HrXhD/UivUbD/Vr9K8u8I/6kV6jYf6tfpXzzPQP/1vfqxfEnGh33/XFv
5Vs9axvE3/ICvv8Ari38qUti6fxI+TpH/wBIl/66N/M0qyD1qvKxFxL/ANdG/maarGvOcdT7CFZ2
ReD+9SK9URJUiy1NjojXLm70NODVVVx61KH96RvGqWA1PDCq+73pyvQnY3UkycNzUgORzVcPUgar
vcpMeR70oz0pmeaduovrcHqNmgjmUhlAOOtZNzpzRksqlh7Vtg8UEqVwRXdhsbOlvsebjMspYhXS
1OXaHnGOaiaLnpXQ3Nisih06+lU0067nYiC1Z/pX0OHxlKrHRnxWLwFbCyfMtDHMdJsxWudE1cE/
8S6b8j/hTf7B1g/8w2bP4/4Vu5w7nIuZ7GRtpCBWx/wjmuN/zDZf1/wpp8Na5/0DZf1/wrNzh3Hq
Y5FIRitg+Gtc/wCgdL+v+FMbw7rajJ06X9f8Khyp9xmVimkc1pPourr10+b8j/hUJ0vU162EuP8A
dP8AhUPlGUsUYqybC+/58pR/wA0hs70f8ukv/fJqbRArEUgzVj7Jef8APpL/AN8mmtbXQHNrL/3y
ayaQyGlzT/s9x/z7Sf8AfJpphnHWGT/vk0k7DEBzTgaaUlA/1T/98mgK/eJ/++TVKYhwp2aj+cfw
N+VLuPdW/KtFNCH5pQaZvx/C35Ueao7n8q0U0xWJOKOKj85exP5Uvnr3J/KtFJAScdqSmiVT6/lS
+YvYn8qbasA7FJSeYv8Aeo3g96VkA4CnqKYCD/FUikf3qLILsmjq9D2qnHg4+ar0fQc5rSJjItR9
amAqOMcVKAa1RiwopcGk5oJFpKOaWgBKKTvS0wCiiikAUtJRmgBaKTNFABRzRRQFgozRRQAuTRk0
lFAx26nb+KjooESbqUPUYpc0BYmElKJKhBo3UCsWRKakE3vVTfS76dwsXBP704TZ71SD0qvRcVi8
JR607zPeqIenB/elcC4JRTt4NUhJS+bVCsXcigEVVEvvThJ70BYs8Glx71XEnvSrJz1oCxOQKTb7
UzeM9advB70CF8sUhjB7UbvelB96QDTDmozDVjPvSEUBcqmH0phiOelW8CkK5pWHcpGI56VG0dXy
lMaLNJoaZQ2U6Ff36fWrLR4OKaiYkBx3rKqv3cvRlwfvI9N8I/6kV6jYf6tfpXl3hD/UpXqOn/6p
a+dZ6R//1/fR0rG8Tf8AICvvTyG/lWzWL4n/AOQBff8AXBv5UnsVT0kj5GkkX7RN6+Y38zSDB6Gq
sx/0qfn/AJaN/M00MR0NcjjqfRQr2ReKke9AGfaqqzuvvUwuQfvDFS4m8ayZMCRT1eo1kVu4p5Ge
lQ0bxmSiT3qVXFVMGnBiKlxNo1Wi6H9KkV+Kzw57VIspqbM6I1S+HFODA1TWSpA9FzVTLYYYpwIx
VYNTwTinc0Td7onB64rR0jXbvRLhZbdIpFByUkTdmspWp6mtIVeX4SKtOFZWqK57l4Z8Z6RrsSRy
2sME/QgqOTXWGGELxbwn0PlivmJGeORZIZGjdTkFTiu88L/Ei8051g1eQSQdFcnn8a6oVlLdnzWO
yRr3qWx660KAZ8iEH02Coti/88Yf+/Yo03VLLVbZZ7WVHVhnAOcVa2dRit1Lsz5+VNwfLIoso/54
w/8AfsUwxqRzBD/37FXfLBNRtHg0+aRNkZ728TdbeH/v2KrvY2xzm2i/74FapT2qNk9qFKXcNDFf
S7Fv+XSM/wDAaibR9PPWyT8q2zGPSmNEPQ0OUl1HYwJNE07PFmlV5NE07H/HkproWhyelQND83Q0
uaXcLHPtoemf8+K/nVeXQdLP/LiPzro3hqu8PNLnkBzTeH9KzzYj86ibQNIH/LiP++q6NoeelV5I
eaOaXcLGAdA0Y9bD/wAepv8Awj+iA/8AIPz/AMCNbLxVA0f1o55dwsUV8PaAeum/+PmpV8M+HG/5
hn/j5qTG08k1IshHen7SfcLEX/CJ+G2/5hpH/bQ0o8F+G3/5cMf9tDVpZz61Zjm45NNVZ9wsZf8A
wgPht+lsR/wM0xvhv4df/lmV+jmt5ZeeoqZZc9OKr20+4NHKt8LfD79GYf8AAj/jVdvhJoLDi5lH
4/8A167dZBT8+5pqvPuKxwDfB/QyMi9n/CoH+EekJ92/nH4V6KwGP8aglUY7VccRMOU85k+Gumwf
dvHOPeqM/hK0tuk7GvQrlTg5xWDerwcV30aknuc1Q4yTTYoeAzGoDFjoK3LlOT1qgyDNejDVHK3q
Z5TmmlcVdMYzTGi9qqwrlTFGKsNGKaYz6UDuQFRSVOYzjpTfL9qAIsUmKl200qc0hjDSU8qaTafS
gBtFOxScUAFFFFABRRRQAUUUUAFFGKKADNLSUUALRSc0c0ALmlNNFKaAFFLmm0UAOzS5plFAWJN1
GaZmjJouIfupwaosmgE0ATB/enByO9QZNLuoAseZ709ZDjrVXPvShjQItiT3p4k96phjS7zTE0XB
J71IHz3qiHPrUgc0BYtZp2aqq5p/mc0CJ6TFRh/el3UWHqKRzSbRml3UZrOsv3cvRlU/jR6J4Q/1
SV6jYf6ta8u8If6pK9RsP9WtfNPc9Q//0Pfu1Yvif/kAX3/XBv5VtdqxfE//ACAL7/rg38qT2Kh8
R8czf8fM/wD11b+ZplOmP+lT/wDXVv5mm5rne57EfhQoNBNJR1oLTH/TNKHdOhpnQ06lYqM5E63M
g7VKtyD94VTozUtGqrSRoCWNjwaeT/drOBNSLIy96lxOiFcvBjThIRVVJwetTKVfoazcTphUJ1lq
ZZcjrVQgigNg4pWsdEati8sgqYPkVnh8VMslS0bRqXLin3p+Rgj5RnqT3qqsnepBICelNSNVK6sz
U0nVr3RJlksZWTByRu61614Z+I2n6oI7a9byLrpyuM/jXiu8EUoPzB14YdD6VrCrY4cVltGurrc+
olKsu9drr2IbNIAD9DXh3hfx/e6LKsN2DPAeMkngV69o2vafrdqJ7SYe6d811wqKR8picBUw8tVc
0XjGOKiMftVgEng8UHB5HStNOhwq1ymUx2prL7VcKA1GyUC16lPy+9RsmeMVd2EU0pnrQBnNF7VC
0PtWk0dRtHx0pAZbQ+1V5IPatcxe1QvDQMxpIOOlVmh9q23hyOlVWhwelFgMaSD2qsYyK2ZIarSQ
CkBmcrT1lIqd4KgeMjpQBYSeplm96zclaeJSKANZJferCy1kJPVpJxQBo76jdgagWYGhnFXFksrX
PQ1g3fetud8g5rFuiCDXoUHqc9Qw7gc1RdRmr1yeaouea9em9DjluRFeaNlOorREkRQGkMdS4FBF
AFYpSFOKnK0m3iiwXK+ymFOatbOOKYV55pWHcrlcU0rU5U56Cmsg7kClZ9BpkG3IpCtSEgcZH4U3
en+0T9KPVBcZtoxS4mcny4Wb8KelrfyD5bRqPd7juyLGKKtrpGqykBbNqnTwtrch4tmGfapdSC3Z
SjJmbikx7Vtr4I12QcxFR9KmT4ea4444/Codan/Mh8kjnvwo/CumHw11w9XA/CpB8MtaPWYflU/W
KP8AMP2cjlMZ7UYxXWj4Yax/z3/Sj/hWGs/89/0o+sUO4ezkclR+FdZ/wq/WP+e/6UxvhprI/wCW
v6UfWKHcPZyOW/ClHHaulb4b62B9/wDSov8AhXmuDv8ApT9tT/mFySOfz7Uv4Vtt4C11e2fwpjeC
NeX/AJZ5/CmqsH9oOSRjnPbik5rUbwlrif8ALA1GfDWtr1tjR7SH8wckjPzQDVw6FrC/8uhqM6Rq
69bM1Sn5oLPsQZoyakOnaoOto1NNnqP/AD6NT5l3E15Dc0ZNKbbUP+fRqTyL4dbV6OaPcVvIXJoy
aTyb3/n1f8qPJvf+fR6V49ws+w4MadmmCG9/59Hp4tb89LRzTTj3HZ9hQaXeaT7HqOcfZGFSLp2q
N0szSco9ws+wgkNKHJ5qZNE1iQ/LaH8qsp4V1qU8Q7fwpe0h/MhezkU/M46Uok9a1ofAeuTEfw59
q04PhjqsmN9xt/CpliKUd5B7Kb2OZEyL1pVnjZwofk9q7m2+FEmQZ7w1a1L4dWek6JdX3n75IU3K
PWuetiqbg0n0NYUJJpsm8If6pK9S0/8A1a15d4QGIkz616jp/wDq1rwzuP/R9+rF8T/8gC+/64N/
Ktk9qxvFH/IAvv8Arg38qUthx3R8bz/8fU//AF1b+ZpgOafOP9Kn/wCujfzNMAxXO9z2FskLmnCm
4pwoKuLQM0ClpWKSCiiigoKdmm96D1osMeCfrT1cjkcVGDS5qWi4totJcHvUyyK/fmqIpytjoaho
6YVWi7g0ucVXSUgc1OJFYVDR0RkmiRZCKkWWocAjg0mCKTRvCbRdSTNSK/NUAxFSI5zyaho1jUaL
29T97Jx0q9per3+kziazuCpH8OeKyA9SBx3qoysaSjCorSR7h4V+INtq6R295iK56fMetdxnjggj
se1fLgJLLKMrInKuD0rvfCnxEn00x2upzGW2IC+Yw3f/AKq6qdbufPY/KGvfpns4PrxSnmqVnf21
/bLPaTrNEehVs4qzu4rqTT2PnpJp2kPKAio2jp4andaCbpaFcx00pVoqDUZWkBWMYNRPFVsrTWHt
TAoNDVd4fatRkz2qIxcHigDHeHPQVWeDP8NbTRDHSoHg46UgMV4RjpVSWHmtuSD2qpJAc9KQzFeL
2qPYB0rVkg46VVaHHagCng1IHoZSD0pp46UATpJTzLiqe8il83NNbisPmkyDWNcv1q9M+M81lXL4
zXoUNzCojNuDzVJzzU1zJzVN256161N6anFOLuSZoyKi3H14pwZcctit1sTZjycHBp3OKrmdAc/M
/wBKnt7TULsgW1pMwP8As0m0t2ITvTXdF4LCul0/wDrd+A0kLxqepIxXV6Z8KYlw94+T6ZrnnjKc
Ny40Zy2PKzKgOBy31qaKyv7kgQQsQenBNe8WXgnRrML+4jYjuyg1tRWVjbgCK2hGOmEGa5Z5lFfC
jeOGfU8FtPBOuXoGYygPcqa17f4T6hMFM1xIM9QOK9qyMfIu38KCzf3mrmlmVSWkdDRYZI8ztfhF
ZxqDPM7HuC1att8NdDtx88e7Hqa7JlJ5O4io3XYu9h8orCWJry+0axoowYfCOh2vKWUTfVeatJpG
lx/csYl99tF3rVnC21c5HaoX1G6ki82GHdGPSuR4rVpzu0a+ytpYteRaJwtqg99tLiAchUH0qna6
rFqANtKxjl6AHisfXLG9sPmSR2Qnsa562K5KTqfEUoa8rR0LXMKnbvUGneaSuUfI9sVyLMktiGDy
tL6CtTQoGEPmTSuuOgY0U8RGpJJLRjlTSehsedJk/M3FNW8UnAlwaUkHLLyp71z3iSxMPlywSsrM
cYBrarJwhdaijG7sdH58uMq5I9aQSysMhz+lctDd32nQRmYPLCe4qG51E/b4RBM+2Q5K+lc8MXFp
X3KlTaZ13my/32pDLKOrtWTrElxYW8VwGO1vWmaXqk2oP935QK1deCrKk9yeV2v0NkXEh/iNBmfu
xFVJL+1hk8tpMt6UyO+t5GIOQPWtbxekWmS4NdC95zD1NJ5nqF/KoVlhkB8uTcR2FOyT2p80XpET
SH70PWNPyoIiPWJPypuKM0/kLQUx23/PCP8AKk8m1PW2j/KiihSHaI02tketrH+VNFlp+ObSP/vm
pKKrmkuorLsQnT9NPWyhP1WozpOlsc/Yof8AvmrJoo55dwsuxW/snSv+fGH/AL5o/srSv+fGH/vm
rNJijnn3Cy7Fb+ytL/58Yf8Avmnrp2mjpZQj/gNTYoo55dwsuxH9i08Hi0i/BaeLezXpax/lS0Uc
0u4WXYcFtwPlgjH4UocDogH0plKKT1HZEgncZwSKU3EpH32qKipsgJPNdupP41keJ3J8Mahnr5fH
51p5xWT4mP8AxTV//wBc/wCtMDC8IcxJn1r1HT/9WteXeEP9Un1r1HT/APVrQB//0vfaxfFH/IAv
v+uDfyrarF8Uf8gC+/64N/Kh7Djuj47mH+kTf9dG/maYVzUsv/HxP/10b+ZpnSuY9xRuhmCKADUh
GaAtFx8g0DFL1pQDTttTcpRYzFLinbDRtpXK5WMxRTsYoxmi4rDaXNG00lUw2Hg+tO4qOlBqbDTJ
QeKerYqEGnA81LRtGTRZWQ59qmV8iqgbinoxqGjohULRFNyQaYJOakDAipZupXHh+KeslRdqMkCl
Y0UmWVkqZHBzVEOakWUkYIxUWtsbRm2tWdJ4e8TXvh66EluztFghogeD+Fey+G/GGneI7QNDKI7h
eGjY8ivnuOTHBJ/A1YtL25sp1ntJPKmU53etbwqNHDjMBTxCvFWZ9PjjvwelPBrzXwp8So7wpaao
AkoG3fj7x9a9EWUPGHRgUPIxXbCaaPla+Fnh3aSLXajFQq/HWnhqo5hSuKYy5qQHml4piuQkcUwr
mrBXNMKUDKpiJNRvGauMvpTCp7ikBnvH7VWkhrVaPNQtEKBmNJBx0qo8B5rckhBqvJCMUgMCS346
VUeEiugkgBHSqctuAOlAGGyEVXcsprYlt+KzZ4dpzmmtwKEsvWsu4ckHnmr918uayZRLKdsabmNd
tJpbmE03sULl8PzWfJcKCQNzN2C11Fj4PvtRbdKxjU12GleA9LtNslxmVhXd9chBGHsZPc8utLDU
9QcJb2kgz3YV1ulfDTU7tg11JHGh6gg5r0yCCxtABa24THrzVk3DsBnaPoK5p5jKWiRccNbVswdL
+HulWCKbhldh2IrqLa1sbNQIIUwPaqokyaf5pJ55rinVnPdm6hBdDSFzuGF+X6UokJ6k1QEvNSLL
71nr0ZduxeDc9afu4qisvNSeYe1NqSV2Fy0G7U/5cYLc1XR8lh/FjiuRv9Qv4tXKbiB1Va5sRiHR
im1fUqMeZ2udrggZ4phjDAhuhrnIPEkkL+XeRY49a2rXVrW6T5WAqaWMoVfdvqVKlJbFHVtDiurd
mtwBIKydJ1F9OnNrdrhQcV1sc0TkiNg/rWJqGhtqF8XVtiVz4nCtTVagve/MqFSy5ZFXxElktuLu
3YC5z8qrU1ubm90FzcQnzAvCmr0Gg2qMhm/ebe5rTwAAqqAB2relRmp809mthSnY4TTtNvYZN5iy
D2Iq/daVd3ZURny17gV0l5dLZoGKjYetNgura6i3IeTWFOhQpN0nLfXzHeUtUtCjaWzWlqIX5YDG
apanpMmp7Qr4C1v+SSucdKaYQOo6+9eg4qSs9jLXmujDtNOe3hFvc4dB0zWbdeGENyJ4WIw2cV1R
jP1FN8s4IrKWHpyVkU6j1Xc5nVbG9vIEtxyBUOj2l3p8bwsnzHo1dUEK9uaY67jkjn1olh4+1VR7
gqlo8hwstvc2mq+bdRvIhOflFdDHcWNxCFWJ1456VrtGrgh1BH0qt9gtVJKxsGPX5qzpYZ0buPUc
qlzMsILWyneVbgDP8LGnT63aqxWIMzU668PpctuWUofpmkl0aKHTykKFpv72a0vVWi2EkrlSDxCs
lyIXQhie9bTAKA+evauNhs7m0vkkliJAPJJrrJNStIrdZXcAgdKwwdaq+ZVXb1KqQVvdJ8HGSRn0
pMMBkjHtXK32uzSXKvAMKTitMaw1tCklycg9/StaeNp1J6bCdJo1+cZ4+lFQ29zDexCWFgwPpUuR
nFdEWpO8XczA0UUmc01qCd3ZDuKSkpaACkpaSgAooooAXiim0UAOoptFAC8VleJsf8I1f/8AXP8A
rWpWV4m/5Fu+/wCuf9aAMPwh/qk+teo6f/q1ry7wh/qk+teo6f8A6taAP//T999KxvFH/IAvv+uD
fyrZ7VjeJ/8AkA33/XBv5UPYcPiR8eS/8fE//XRv5mkHvTpgftM//XRv5mm4rke570VYXFOUUmac
Klm8UOCilCZoFPFJs0UUJso8vNSAU4LU3NFTuQGLim7MVb2ZFN8v2o5h+xKZQ03bVwxUwxYpqRlK
i0VQOtGMVKY8GmFarmMuRoQdKUdaOlJmgWqJA1OU81GKVTSaNIsnBzTlJFRA8U8NxU2N4zJ0b1p5
5NQBqkDVLRvGVyTHFJzQDS1NjRMVWweakVveoiDigcUPYu7WpZBBIPII6ODyK7Lwr4/v9FkW3u5R
Nanjc/UVw27gVJvyOeacJuIqtKlXVpI+mNJ1iz1q1E1lKkq4y2G5q+r49q+adK1m90W4WeymcDvH
u4NeweF/Hun61CkFzJ5N3nG0nqa7KdVPc+axeVzptyjsd0GJqRW9aqhyDyVxjt0qQOep5B9K206H
kteRYBoxUSPT95zQSKUzTSvtUmcig0xkBWmFKsEUwrk0AVHj9qhaLIPFXmU1GUzQBnPDx0qrLBnt
Wu0ftVd4jilYDEmt/l6VmT2u7oK6Z4SetVJIAO1AHMnSVdsyVctrG3t/uRAt6mtFouelQmPBp87C
xPHMw44UegFWA5x1qmoxUyt70bgWg2B1p2/3qtupQ1AFpZDTxIaqBqdvI70AW/NOakWXiqIkOeac
JML15oAviUngHp0qpqOtR6bEGDZkPUUJJ/EeoFYdu1tc60xnOWzxmsKrUdt2XGzNvTfEI1BwoG1/
cVLrdobiEXkWDPF2HemokMTgxqM+oqlrOqzaYsTJzG/b3quSXs/fYbPQZpcP9vMZb7bEY/lK02TS
rlNQEdsSsHdhWfaadd3d4LguUhk+bANdfFKI0WPrgVyU8NTqr94reZbqtImsLaPT49quXLDkmr6y
5XGRistZ+oz1608TDj2rujFRioroY3uaQcZ608MM/hWcs1TRzA9atWvqBR8QSDy1TGcisKJZYUDx
yEAds1d1+fdMoB6Cs+CcKACcg9q8Khgo47HTVS6SNMRV+r0FbqbFlrcisEm5X1rdhuIbpcoy59K5
CSLa28EBfeo/tSWjbhcKp+tdc8PjMF70H7SH4ozp4inV0loztymOMDHtTTGPSuf07xPDKdjSA49D
XQw3MVwAUcH2rWhjqdbbTyZpOk1ruhhjz2qNovarny//AKqQgHpXWrLVGdrFIxe1RmLHar5SmmMU
wM8ofSmbSvQ5q+0fpUZiFFwKTxrIpDxg/hWbd6Fa3alcFTW20fpUZQ561LhCW4+Zo5o6GtvZMqrv
fPBrJ0+xSS4eLU3fyw3APQV3Dqc5qCe0iuVIkAye9cs8HCb51ol+JoqrKNta2enxEW8q+WegzzUo
ubbGBIDVGPw2sVy0hlJQ9s1iarts5cQhwvrVTrKnHnasiV7zsdOLy0LbRKufrUgOef4exrl9J0eS
8k+1SvsiB9etdM09rEgjEi7F9DRh6zqQ5qit2HOCWkdx9FJHLFMco4pxUrya6VJMhqwlJQAetLTE
JijFLRQAmKKdSGgBKKKKACsrxN/yLd//ANc/61q1leJv+Rav/wDrn/WgDC8If6pPrXqOn/6ta8u8
If6pPrXqOn/6taAP/9T33GBWN4m/5AV9/wBcG/lW0axfE3/ICvv+uDfypPYqG6PkGZf9Im/66N/M
0wrVqRM3Ev8A10b+ZqMrXG5an0yp6EGDThTylNwaVxOLQtKCc00nmnClYpOxMpqRSKgBqRWqWjoh
In69KXFNQ1KKhnVFJjNlBjznAzipQtbnhKwTUtdW1kGQ2KI6uwVUlFs5lovX6VE8PNbuuWBsNcur
crhVchfzrOaPNVe25jGnGcbozmiOaYUNaDRVC0XWqUjCdAqe1JnmpzDjNRFOaq5k4WAGng4qPBBp
d1PQm9iUGpFPNQK3FSBqlo1hMnU08GoFanhqmx0QkT545ox6UwGlBwalo3vccRgUZI6Uo+alxU3L
E3c5AqRHKSJKh2SKchh1FREUgJoWgPVWZ6R4U+JMtkY7TVAXiJAEmMmvWLO+t7+IXFrKGiIyB3r5
jXk4xx3rd8P+KtR8PXQaCVpYf7jNXRTrNKzPIxmWxnedPc+i1kFPD5rlvDni+w8RWu8SLFN02E9T
XRCRlADDFdcZKWx85Uozpu0kW1bHWnbjVdZMin76ozLA5oAFRK9PVqAFK5qMipgQaQgUAQFDUTRm
rTLTCtAFGSOqskWa03TNV3joAyXixVd1A5rTlQYqnKnFA7lM8UBqcy03pQIeGpd1RE80uaAJQ1Lu
NRAj1pc0ASb/AFp6cktnoM1BuqG+aX7IUg++1Jv3boasQ2+uJLqD2zjCDjdis3WtPntJ/tdqxdev
FV30e5ij35YueeKSHUry1by5lJQdQ1eXOs5Nxrxt2ZsoKNnFly01i9hj3PHkYqS2S61y533I2wr0
GaY/iGEBIhbAs1bsB2W6OqhS46VeGpOotKnNFCnPpazLkbrFEsSH5VGBSrLiqu7n3pQ/NelbSzMm
7lsSkU8TGqe+nb+KBF1Z81Kkx3VnLJg1KsvX6UIT2djI1m5DXnJ+Uda5vUvGmnacrRoS8o4AC55q
/rsxdJQpwa86sNA8+9kmk3OS/Ga4MnrU41ateb0THj0pKFPqar+Jdc1liI18qLsScUDTdUuh+9mJ
H+9W3Fb2WlxBrkheOlZl545tbIlLSIMemTW9TPKsp2w0Loqhldasr2sW9L0a+sH8xJi3sTXX2WoX
MeAchq8ul8c6pct+4jAHt/8AqqSPxD4klwyQnA9v/rV5uJweNxcudxs/I9Knl7pK0pr0PcrHXiMJ
OvbqBmtuG6hnUFGGa+d18TeJFYMYSQOoOf8ACuq0Px1cnCTwiNh3OauEcxwq/ex5l5BVwUGvdmj2
PGBkmjiub0/xMsyr5uCK3oruGcBlcHI6V20MZTraR3OCpSlT+Il25GabsFPJJGBRXVtoZ2IvJqNo
qsimlaEGpUaMVC0eavlM1G0dHURR2HoelVbrTbe9QJKuB6gVqGOozHiiSUtJK47nJ67b3NhbRx2X
MWOeahhsrOOzW5lnJYjLLmuuaJXG2RQymsi68OW9w+5GKr1xXHUw6VT2i/4BpGatZlW2jtby2aW0
kIcDODxUemXt5JcPDPHtVT1PpVe5eHTpxFZAmQdVFPafVLtNkcPl574rCOIUPdabl5K5TgbeFf5o
2yPak659qx7G11Owl3SOWjY85FbgKSANG2fWu+nNzWq5X0uZSjYjxRinlcGkxWjstOpImKMUtFAC
YoxS0UAJWT4n/wCRav8A/rn/AFrWrJ8T/wDItX//AFz/AK0AYPhD/VJ9a9R0/wD1a15d4Q/1SfWv
UdP/ANWtAH//1ffqxvEv/IDvf+uLfyrZrG8Sf8gS9/64t/KpnsXD4kfJjr+/l/66N/M1GVqxIP30
v/XRv5mm7a8++p9koaIr7KaUqyVFMZKaZDplYr7Ui8VMy1GRiquc7gLTgaYOKcKCkTI3FTI/IqqD
zUiNzUNHTTnYuggmux+GsXmeIfNxnYRz6VxKNjntXo3wohzNcTHpuOPwopJ82pOPq8uHbE+KGk/Z
tTF8keEY84FcHs4B9a9x8d6f/aXhm6ZBueONmH4V4lGM5Q8FeoNVWjZiyqqqlHzIWSoXj9qu7c84
prR5rI9J00ygY+OlQtFz0rSaPioWjpqRzzopma0ftUbIRWi0ftULxmrUjknQsUsEGnA1M0eKidSK
u6OdwaHBuakDc1AM5p4PNJoqMrFkNTwc9arq1SBqlo6YzJgfSnZqINTwalo3jIeKCKQEU6pL3GGg
N607GaTbiluGsSe3uJ7OcXFtK0Uy8jYa9R8KfEhJljs9XY+bwBI1eTZIPB/GlIDcNyPWtI1HDRHL
iMLCvF3Wp9QxypJGHikWSNhnep6VKr5GCea8B8MeNr3w/OqSO0toP4DkmvYtD8Rafr9v5tpMA2Pu
PwfyrshVUlufNYrASpO6Wh0Kv29KkDVTST+Enn0qZW7ZrRHB5FoMKUHNQI2akB60wJutJimBsU7d
9aLoBrL7VXdatA5FROOaLgZ8q+1UpF61pyL1rPmU80wKEq1Aasy5qs/WgBKM02igBwpabmjNFwHj
J6daA4J+VssOoFRzSCK3eRjgAVytpqktteSyFiyE1jWxEKTtLQuMHLY7AO/GSce9ZeqXNvC4WaFC
rdWIpsWv28p+ckfhUWuT21xZBoyCxHAqa1ZSpc1Np+RUYShK9itplgJ9T80fNbjkZ7V0pb5sD7o6
Vn6NF5OngHoauAkrVYeEacE4qzZM5czuS7s96M1GKXNbXuQSbqXdUWaXNAEwNODYRzntUIakd8RS
fSk3ZAldnMagTNPIo5rMutStPD1nvk2tcEcL71LrGo/2ZDNPjLdBXnccd54k1UMSWVmHJ6AV8/gc
FPFVJJaR6nrqFP8AjT2Q+efUvEN6cmZlY5x2rrdC8EQIokvsZI4B6Vv6faWemW4hjUGTGN2OlTyi
Tg791fYUMNSoxtBWZ5eLzetPSlohkWkafZvtS3iI9dtakTQRwEJEg7cCqZO+AZIVvc05WAi2qwLf
Wt739TyZzm37zuTqYXOPJTn2qZ4LAJtNtEXPfbVSOQR5J5bFHzO27ofenzEKdi0kUUQwmAPQVZhu
bmFt0TsAO2aqKI05LZNPN0BworzsXleHxCuvdl3R00cZWpaXujprLxECoSfgjua3ILqKdMxyKa88
3h+oFSQ3M1sco5xntXkyo43CaNc8e53Qq0Kz3sz0XcMYB5oBI965mx8RAbUm4963YbuC4wY5AT6V
tRxdOr7t/kXUpOmr9C1QRmowefvCnbq6jMQpTDHUuaQc0AV2SmbcVaIFIVo3B2OavtExdf2jCORy
V9aItWmuVZIkCMpx6V0W3qM8HqKwJtF8vUvM87ZE/p61zzUqfvUluaR82QmDVLvIedljPHBos9Ku
7CYkztIh7E1U1Az2V8I1uSYjg8Gqkup3qTbYCzrXM8RRpu89ZFezkdKVO7O3ikK8ZHSq+lXFzcg+
ehWrxTblRXdTqKS5rWMmQYpKlK00xmrER0Zp+2k20AMNZPif/kWr/wD65/1rYIrI8T/8i1f/APXP
+tAGB4Q/1SfWvUdP/wBWteXeED+6T616jp/+rWgD/9b36sbxH/yBb3/ri38q2axvEf8AyBL3/ri3
8qUvhLp/EvkfKci/vpP+ujfzNGKfIP303/XRv5mkxXmPdn3cY+6hm3NNZalxQRmlcHErMtR7RVpl
9qjK+1UmYSplVl5oFTsvtURXFUnc55QsApUPzUzODTxzTFew/wAwqvHevXPhjEIdDMzDBaRx+teR
BDLIkacl3A+le16BF/Z+lW8GMYUE/WtKMbyOLMq37vkOzXbcW8ts3IkQivBdatDpuuzQleHYkV7V
a3YDA5rzz4m2Iiure+jGAXIOPoa0xEdLmGT4jkqcnc41eBgnNOwDUSNlQT35qYEYriTPsG9dBpTI
phj4qbtRirsgcUyo0ftULRn0q+UqJ05qWjOVMz3jqJoua0Gj4qJ48c0JtHLOiZ7JimYxVx0z2qFo
8dqtSucdSk0RA09WpNlOAxVERuh26pAeKi704VLNoyJQ1PBqFTUmRUNHRGRJRTQacDUml7himmn0
GgTGA/NVuw1G60u6We0lZGBzgHg1VxRgD1pqTTJnTjUVmehRfF3ULa3VZbASsvVwRz+tPT43yD72
mH8x/jXne/jaOneq81qj8rjNenhMTTVozR4WNyvRypnqSfHBz/zDf1H+NSD43Tfw6d+o/wAa8ceM
xHpT1cYr3qdCjUV0fN1I1Kd4yR7GPjZOf+YcPzH+NPHxrlP/ADD/ANR/jXjykGpVFarB0uxi6kke
vr8aJT/zD/1H+NSr8YXfrYD8x/jXj69RVuHrSeDproCqs9bT4oNN/wAuYH41YTxq9z/ywC5rzK0X
kV0FkMYrkq0IrYqM22dvHrBuOqgVKs2+sS06CtSL7orz6kbPQ2TbLOc0Ug6UtZFhRzziilzgfWgC
G4gF5bmIttDDBqqmh2iwmMEFqXWp3gtQsBw7DjFYX26+ssSux59RXHXrQhLlmrmkIt7M0JfDhJ/d
OB7Vl/Z5I9TitZASN3WpBqt9JJ9ojDFa1NJvE1GQmWMCZe5HNcahQq1OVRaZq37tma6gRwpGvpS5
pCMHFFexsknujmHZopB1pc0AHOaUUnel7UAOBpsxxbyH2FAqO6JFq5FRUdoNjjujz7xcrzQiFPvM
aueHdGXStNR+POcc1NNCtxOJG7etWN7naAeBSyOCVFz7hmOJlFKlHZ7kmw555PrUiyPGPm2ntzUO
9j90U7Y5GWr2uW55HuxWhyHiabVbKczrIohPQYNYsHifUYJEkZ8r6ZrrfF0c1xpYSJdzAV5ylpfv
Isf2Z+uK8zEOrGa5T6jLZYaph/3y1PXtJ1H+0bBLgjDHrWh5rtxisbw7ata6WiSjDY6Vp73TnHFe
jD4dT52ryqpO23QlwwNSKx9KgE5pftDDqKpMxsWQW9KlWQr/AA5qqtw3pQ98luCZWC+xp81t2HLc
uZB6rzUsFzcWrboz+tUIdQilA5FWluFJ4ry8VluGrvnvZ90zqw+KrUdtfU37HxCeBOv41vQ3sU6B
kk/CuCLiT5Rx9KdHNcW5zG5H415c6OOwa5qi54+W53wr0ammzPQwxI5p4YVylnr0seBPgity3vYb
lNyOK2oYylX1Ts10HOnOPoX856UuarLLjjBxTlm54rr8+pne25Njmqmq2Zu9PdVYqy8girO/NOEm
eD09KmpFTVnoPqclYaHNeZa7ZvlO0Z9K24tN0/T0AkIB7Fq1MgDgY+lUNU0pNVhERkZD6g1ywwlO
knKOrLdV7ImVY2X93tK+oqMxc0afbRadD9mMuX7FjVvYAMjn3FdUJPlIs2UWi5pjJV8xA80wxgiq
EZ5SmlKvGKo2ioAplKx/FC48M35/6Z/1roClYnipceF9Q/65f1oA5jwh/qk+tepWH+rWvLvB/wDq
k+leo6f/AKtfpQB//9f341jeIx/xJLz/AK5N/Ktk1j+I/wDkC3n/AFyb+VTL4TSl8aPldx+9m/66
N/M0Dmlk/wBbN/10b+ZoArzHuz75fChMUgFPxSYqUmynGyuxhU0wrUxHvTT9aNTNq7K7Co2XirJA
pjAYrVMxkkymynOaAamYComXc2wdW4FUjmmra3Oh8F6f9v1dpWQmKMDGfXNesbcAAdhxXL+EtNOl
6ShcYdvmJ9q6ON+Oua66StqfN4yq6lS3QsRSMjCs3xlANQ8NFyPmjO6tJQDTLuLztLngPI2VU1eL
MsLP2dVM8Xgb92B3HFWkOQDVS4VrfU7iI9FNPSXIrzWrM+5oVLwTuXVNOWq6PmpVaqTOlSTJSBim
FBTs0vamO5CUB7Uww1ZooaJcUyhJHz0qB46vSAZqB15NStDkqxRSKYqMrVtlqNkq0zmlEr4pc1IV
ppWgmwzvTg1MI5oodirkyvTwwqDOKXdiosXGZYJxS5qENmng0WNVMkFNzQDRSaHe4meaPpSYyTS4
osF2mNKCQYYc1Ukt2Q5HP0q7khqdk88da7sPjalGSd9Dz8Vl8MRfTUzFfHHQ1Or80+e1VvmX71Vl
Yr1FfTYXGQrLzPk8Zg50JWsXVPI5zVyHrWfC4zV6E5NdUm1ozg5bmzaHpXQWXJFc5bc4NdFYnla4
azujSPY6G0HQVqxDisyzrUiry6m5tEnXgUtIKKwLCgDcwB6UUqg7lPXnpTST3AxNbn8m8hPVVOTV
bVNWTULaOEJgr3xVy9to7vVEWR9oB6U+TRbMfcmXP1rz6tOvKVoNfM3i49RlhrVnBaiGWNcgelV9
HAm1aSaMbUzwKmfQbZ1YrOpYDjmnaBbTW8ziQcdjRTWIUkppaBNxtobDc80lK3INJXftoYBRiilo
ABS5pKKAHA1Xv3K2be9T1V1M4sjmsMS7UZPyLpq80cyEZz0NWfK2rksMVBFKccdKUuxPPIroyaLW
EicWMkvatExmC8KPxpmXeQAnI9qZwTj1qYYiXPc8V6bXY5VtYWXaGC4DCldIY9v7lM9c4qJTmTPe
nXVzBFtDtzii63loF3cmmG4K8f5U5JCV2tj86rJqVoIpFY87flx6157e6zqKajL5ZfyweK56uKhD
Z3NYU5SPTRDuOFIz9arXlyNOiMs5CqPU1w1r4juAF3nDA+tWr69/ti3MMkwUMOea5ZZlTt7t/uKj
QfU3V8SwuMxkEdvesfXJL3VHV4AwA7AistNEkXiG5HyDjmlNvq9uPkMZA/2q8+pjqtX3b6GypJbF
iK71W1UL5DkD3zVlPEt7EfnikH4VkHxJc2p8uaA5HUqaY3jCH+O2bPuRXNGFRfD+ZTgmb3/CaFSQ
SwYeopIvHs5cxhCc1zZe41eXNrbnnuVxXR6X4OdEE13KqA8nFevg6ddu7ZlJU+w5/E17LMHUNtzy
orpNK8XRsQjymJvQ1kTvZW6m3sojJIOCxFc/PbzRzEMNrf7HNaYrKsPX961pLqgo4qpTb6o9q0/x
DuUbm3L65Fb1vfW9yu5JBn0rwS3uNT01BMwBi64J5NdNpHizzyqBXjbIHAryKlPGYPV+/H8TujXo
1/7rPXfMK96kEg4759K4208RNCQJ0LZ710Nlex3GJI+hPSunC42jibKD1CdKUd9DR+3W6T+S0gD+
lWPMTP3xke9cFrzTLrIMIO49KkW11gsrE8EetZzxcoVGowbsUqSte50WvaY2pQLJbz7JE5OD1pPD
M08lu8E5LFG6k1hCz1ZVLhsHHrWh4TmYzTJKu2QHk561jSqSqV0+VoqUUo7nVEZzik2imeZ8xp+R
xXqHOJsBpjRA1KCKMZoArmEVg+L4seE9SP8A0y/rXTbc1g+Mkx4P1Q/9MT/OgDhvB/8AqUPtXqWn
/wCqX6V5b4Q/1C16lp/+qX6UAf/Q9+NY/iP/AJAt5/1yb+VbFY/iLnRbz/rk38qmXwmlL40fLT/6
2b/ro38zSUrj97N/10b+ZoxXly3Z+gwXuoTHfvXR+F9M0bWJDbXl28Fx+H9a54KO/Sly6v5kcjJI
OjLVRlYzr0nUjZM9XPwp0rAb+0rkA9CFXn9KYfhVpWSPt9yD3+Vef0qh4L8fMoTTtVkJA4WRq9MI
DxLMjb42GQwPWu2ChI+WxNTFYeWrOAPwr0r/AKCFz/3yv+FRN8LdK/6CFz/3yv8AhXoOM+ufSo2X
61XskcksfW3bPOpfhbpfbUrof8BT/Cq6/DXTra5jmF/cSeW24Kyrg/kK9HePI71Vkj9qapIX12rJ
GA1usSLGudqjFRZINa80JOc4xWfLEQapKxyNt6joZMYq1EQwdT/EMVnDKmpo5Dn3psL63OM1jwDf
XmqvdWzgRsBwaqp8O9YDHEiY+lekpJu6nmnlTkYJrJ0os9CGZVYJKJ59H8NdaYAiVPyq5H8MNdbn
zUx9K7yGdkIGTWpb3RP8RqVRRus6xK6nm6fCzWu8q/gKsL8KNSJG65YfgK9QjfKjk8+9U9W8QWuj
QO88ihscAmqdOKRSzbFVHZHnd38PxpluZLq8PHY4rjtQihgYrE+73q/4m8aXOr3LLHIyQg9M9a54
zB+d7HPrXLNrZHtYV1pK9RkZfLEU1qdt5zQRxWWp3WuREUwqKkxnikwKDNxIttJtqYjFJtzRcnkK
7IKhZSKvFBUTpmqTIlAqg0tOaM0wqRTM2rCg04GmYIpevtTFcmDU7NQCng0mjWMkSilJpmaXrUml
xTzRnilApCKY+ggNNaFZBk8GnbTThirpVZU5XiY16UK0eWSKZjMTZ7VctmHUU9VV+GFL9mKtlOnp
Xv4TM+e0JnzONyh07zgatmeRXR2H3hXMWZ2kZrprAjIrrrNNXieOouLszpbTpWpEPlrKszmteL7t
eZU3NETClNGKUisGUNpVOHBpaMUXXUL2MPVNPnu9TjeEkDPJFSnQXGMztnvzUurXclpJE0fQnmq5
8QIoHB3Vx1J4eL9/Q0SlJaIWTw9IwPlXDBhz1qXTLuTzDZTL86cBh3qqfEEjZ8tTk9KfoqyzXLzy
qVOc80o1aU58tO7Dka3NkdSKMU40g6V2rYhiUUtJigQU6kooAO9U9W4squd6z9YbFsB71zYx/uZG
lL40c/H1IqTkKX/hX71MUZJwOaw/E2qtaQ/ZoW+d+GxXZgJqlgYtnDiI81do0U1uza42IoYDuDVi
XU7fbvIAHTGa5zS7JLa03MA0hHWrbW8TgFlri/tiab0J9gi/Hr1ksmGA/OuT1TVJDrBmQ7osnAz2
raGn2x58sUh0+1bOYU/KuevmftklJFwpqJnQa3ayt+8AQ/Wrgm0uUc4JNQS+HraQEhQCemKzJ/Dl
wuTE5x7GuZeyqbOxq12NZrHS5gcfKfXNVH0O0J/d3DZPoawpoby0fDl+KbHf7hh2II7E4rf2c/sy
uO1zRubK6sfmhumYe5zVY6nqiDPmKV9xVdrxWkEcX72Q/wAPWt3SvDd5fYkuFZYvRhXTTw1SXYhy
jHdmHDDqGqXQRUHzHkiut07wLallmveWHaujsdNtdNTEUSBsfexVliTznBr16GGjFe+jmnVl0II4
7bTowlnCN3uKa9vPdfNM+1O4HFWUCBi3f3pSVJG411S5Vq9DFt3sUktR/q7ZQPUkVZh021hXzJV8
yWpN3OFGB7Cp7exnuHGAwHrXk4jOIRfLR96S+47aeCk1zT0RmT2DXzYlIEQ6AVo6doUeAsCEY7kV
u2ulxRcyDJrSXagwihR7V50qWLxb5sRLlXZHbBU6S9xalO10aJDmVsn0rViVIflj471AHzyetODk
HOQK6qWEp0UoRInUnL4mVrnW7OC5KyxBpF6Z9ahfxZLuOIAqYqDU9BGoN50ZIc1nyefp9jJA9tvb
oG2k1y4iWK5nrZGsZU1Gxpf8JPeSr+7jXAFaHhiRpXlncAMTmsvQ7+xttOkN1Gm8jGGHNbemyQPb
mWBQo6VWHpVPaKUp3Co1bY2ll+cmpRLWasnvUyye9d5gaAkqRXqisvHWpFloAuBs1ieMv+RO1T/r
ia01k96yPGDf8Ufqf/XE/wA6AOJ8If6ha9RsP9Wv0ry7wh/qVHtXqOn/AOqX6UAf/9H36sfxF/yB
L3/rk38q2KxvEf8AyBLz/rk38qUvhNKXxo+XG/1s3/XRv5mlHFDf66X/AK6N/M0ory5bs/Qo/Cgx
S4oNLSKI3iWQYcZIOVYV23g/xzLpVxHZ6jue2OAHPRa43FIVBXkcetVCbi9DnxGFhiI6n0bDLBdW
6z2solifncO1DLXi3hTxhdeHrgRzkzWbHHXpXsmn39tq1kt1aOGRuqA8iu+FVM+QxuBnh3otBxXi
oHWrxXjrn+lQstas8+90Zs0eRVCaHrW08fJqpLCKQGC8RBqLlTWpPF7VSdME0CFicDr1q5HJkCs5
SFOTU0TnPHSkUX9ueRUkUrRAknao+8xrMvdastKgMt3IqkDhc9a878QeObzVcwWa+RCO+eoqJVIp
HVhsHOq9j0HW/iDp+kxmC3fz5SMZXnBryjV9du9Wnd53LKTkA9qyeS7Mcsx6sTSrya5ZVGz6HD4S
FHRoDkmrEKkimhamjrJanpqKexIOmKXHFJ2oFBqloJtpCKko20mQ0RYzSY5qXbSY5oCxEVptTFaT
ZmgHEiKZFQvHirW3FIRTTIlTKbRmo9hq9sFRmPHSqTOeUGVelOFSNGaQJTISaYCngU0DFPBpWNlc
kC0hWlBp2aLGysMxSAU40veovqDSsKoxVuHOOlVgOlWIz0quZ30MpWtrqaMManHHNbFmpDjNZVtj
jArbtMFhmvTw+KnH3XqfOY/CwleS0N+yOcVsQ/drHs9o6VsQD5a2nLn1PHceR2LIoIpRThWLAZih
uBmnFeaRgNuKE2tgsZusWUt7FGYeAD8xqqmnWCxqJZV8wda2pGMVtIc8Ba5600o6rLM6zlUFcOKp
3mnGCb8zWlJ2NODTbNz5sTAgVeUBQAgAHfFYVg7aPfNZzvujPO4+9WtS1WK3IW25NbU50qa5naMu
vqKSmzTHJNHamQP5tukx6kU+t1r73cztYb3paWimAlFFFAAOtZutHFuv1rTHWsrXG2wpn1rjx7tQ
bNaP8RGNGwRHdugGa4C+lN94iZhyqsOK7TUZDbaU7E9c1w+hjzdReRu7USqOOEjDyOaUb1pyOrPy
gLjHFNAOPbvVe9uxbXCIehNQDU0S78on5TzmvIUJNXQiW8eaFfNg+ZR1FQ2+uQS/JJ8rdDWmoDAZ
OVauV1izSC7LR8ZOa1pJTXK0HLc6eN4ZBuSQH2NJciRbdmRl/OuNS4lh5jcsfTNa1jb6xqv7tA0a
f3iK1WEnL4Q0Rm3V3JPMUO5nB6Yqza+Db3XShEJRc53Gu/0LwNBAgluXDP1Oa6+GGG2QJEoXHfHW
vVoUPZ/EJSc9jlPD/gK10mENKkbSD+I1vPZRwIWZguOiVobiW56VmarlsKziuunN3shzjyq27Zky
uHckDA7UzIprthsAggU+C2muG+QFaxxObU6L5KXvS8jOlgZTd5aDCQDu61PBZXF0wIT5fWta00hE
+aXrWiu2MbUGBXmOnicZrXlZdjupqlR/hq/mU7TSYoQC5yfStJSqLtjAFRZzSiuylh6VGNoxJlUk
9yQn3z60AmmilzW1+YhDt2aGlSCJpZWwi9qaB82Kx/Elz5dskIzhjzis6lSFOF5MaV2Qv4rb7YTB
GxhXqRXQWeowX1uJS429wwrFh/sldI8sf63HPSsa0trl3ZbeQhT71xLGVaclztSi+xuqXU3PEa6e
LLdb8ysQK19HQw6UodducYrnLXSJprlBLKG284rqlYKojUcKMVth4S5nVlGzZnMnVxUgeqobmnh/
SuszLayc1KslUw5qRXNAF5ZBWV4sfPhPUh/0y/rVoOay/FDE+F9QH/TL+tAHNeEP9Wn0r1LT/wDV
L9K8u8If6pPpXqNh/q1+lAH/0vfqxvEf/IEvP+uTfyraNY3iP/kCXv8A1yb+VKWxpS+NfI+XGH76
X/ro38zSihv9dL/10b+ZpQK8uW7P0OPwoMZpaUCjFBQUHpkdaXFBHNUIT7xxjj0rW8PeJL7w5eBo
JSYSfmQ96ysYNMPyrgjPeknyvQzrU41IOMkfQOia7a69ZRzwEByuWTPQ1oFRmuB+FOnmLT5Lp1P7
wkr6Yr0DbgAjgk16NOV46nw2NpRpVWokJQVXmT2q4wqN14qzkMyWLI6VnzQdTW1InFVZosikxmE8
WCeOBzXOeIfFUOjB4bc77nHyj0NdhLDgkEcEda8c8a2DWniJ5GUlH6Me1ZzbSOzBUozl7xlXeo3e
pXDS3cxcMchfSowex7VEPf8ACnDOea4pa6s+mpRUNETfe5P6UAYNItOHWlc3THg9qmQ4qADmpUPN
JG0GT546UCm7uKcGpmyY6lGaTdSg0WBpC0hFLRUiGmgClIoAoGhpHNNIqXFIQaBSRFikxUu0UFaa
MmiHbSGMVNilK07shxK5QU3bU7LTMU0S9BmKMU/FIRinYSYzpS55pDSggc1nyu+htdJakqnipogR
VGS4SMcnmoftjOcKeK76OBqV7dEebicxpUL21Z0cNwI8YOa17OfzGBrk7Vjxzmul0/qvGK9WGFjR
XK9z5rE4yVd3vodZYfWtyAHbWDYdq3rfO2sKhyLuWlHFO6UKOKdjmucoaRSYGPenkUwiizewBt8x
DGeQwxXKXDTWN28Fu7LuPQV1YyOR1qu9pB9p+1uQCo71z4mm8RFcrs1uVCfKc2bG6uzmXdv9TU/9
iMkBaSQK+OMmtm31WK7lZF2BVP3qraxNbXkfkRTgyHgBTzXOsJh1G97/ADNPaTeyJtKDC1KSOCR0
xV0jFc1aw3mj3aPck+S/TJrpyAyLIpyrciuyjJtWtaxEl1uNIxSUp5pK0syAooooYAOtZGuAFEU/
3q1v4qyNbI3oP9quHMbew1NqHxnE+LLpktUhU8YrC0BP34A65zVvxVLuu0j+tZ+nXH2O5yemKzl7
9JJM53e8mWvEEhacKvDBs/Ssks5bJPz9jU2oXIu7kyEHk5pILSe6b5EwvrTpQ5VypE6LclTWLqKM
IXHHtSxW99q84wGI+lbOnaBGPml+Z/SuntoltowFRVwMcCu6jl7b5mjGde2yMjTfC1rbhXuV3N6Z
ro47hLdBHEiqo9qijjlnb5ULE1qW2j7BvuTtB9a9Hkp0VoYpSm7tktjJPdAYOFFaUjJAuXYDA7ms
u51S3tB5NvgHHWsl5p71wPmbnpXlYnG0aerevY9GlSm/h2NO81kkFIOtZQ+03j5JZs1o2mjHhpRt
zWxHDDAMIoriUcTilr7sexuowhruzNtNFQKHmyT2FaqIkQARQKNx/ClFdtHDU6C9xamU6sp6MXdn
rRnPWkpRW7dyApQaSlFC0AdmikoppXAkj+8WPAXqa5TUp47rVQrSYQDGM1ta3eCz09lQ/vHrA0aO
1DF71hljnJrixVVKapStrubQi7XRaOiS7DLGxKt71B5d9ZBiFKoB1rqoJoDEBA6sg6VJKizRNFKo
wwqJ5dSkuaGnzBYhrRowvDnmzTyXLuWwOldAWyxPvVa1tks4mWMcYFTZAPvxXZSg4Rs2ZyfNsPzz
Tw1RZ5p+askmDcU4P71BupykUAWA9ZniZ8+Gb8f9M/61d3Vm+JGz4bvv+uf9aAMbwh/qk/KvUbD/
AFa/SvLvCH+qT616jp/+rWgD/9P36sbxF/yBbz/rk38q2axvEf8AyBbz/rk38qUtjSl8a+R8vSf6
6X/ro38zSClf/XS/9dG/maTpXmS+Jn6HH4UOpwpKKRQ6iilxTASmn5pFC9W4p+Ku6Ham+1y2gA4V
gSfxppXdjOtJQptntfhDTzp3hXT4W+95K5+uK28Z/ChUEUSQjoigCgAluBXoxSUbHwGIqOpUcnsM
Yc0wipyMn+dRSMkYzIwQdiad0jKMXLYhZeDVeVMirmA67lOR61Gy/wD66Y0nsZUsZHPpXnXxL03f
bpdgfdGTXqEiEhsiue8V6YL/AESdDnPlnGBWdRaG+DqctRLzPBxgqHHfim9DSxgmNflwwOcUEVw7
6H1WtrjgakB4qAU8NRYpMnBqVTVYNUqNmg2hImBp4aofxpwNI2TLIPFOBqJDTxTWxoh1OpgNPpDC
gClxSgUWLQhFJipCtNIxQDEApSuaBTqDNxGbKNoqQDNLtpkuJAV9KiarLjHaoGXNURODsREmkwaf
gCopZAi5rSMHPSJyOSSbYSEKvJqhNeAjC1Bc3hc7VNVgcmvawWXKPvyPn8fms5fu4k2SxyasRCqq
nmrkBzxXrtJrTQ8bmfV3NOz+8K6bT+ormrQYIrpLA8iuSrorC0Or0/pW/bfcrA0/oK6C24UV5tTc
tFtRTqF9KU9a52UIaQ9KU0naj52Abg9qhuovOsnVfvYqfpSDg+x6im/hce4KTXQwNGit2jkgnfy3
yeapMkenajvjbzQpzk1Z160Nvc/aIyVVgBwO9Fro8lzGsspIU9a8ipGpFqlThe3U6E0lzSZBfalJ
qiBQmNla+h3RuLPym4ePjmrNtpltbDAXccd6xr+cadrKPCP3Z++BW0aVTDy9tWl8RMmp/CjoCu35
f7tJSJILiFZ0+61LjivQjJSVzKwUUZoFIQDrWLrXDA+5/lW0BzWJrYySc9K4cydsObUPjPLtdk8z
VG5OABVFInkIVBx6mr1+g/tKUtyBjtWhp2j3N8QxUxxetb4TBSqU1KWxyVqijcpWunorjPzt6Cuj
s9LkbBcbVxV2C2sNMQDiSSriTNKvI2r2r1qOGjD4dTjlUbGxxxwrgDJp5yaThTTRJliqgms8Tj8P
h17717F0sPUqP3S/azrajzD1xxUVzqVxfyfJkAU630ye4bkkL1rbgsILZACNxrw51sVjH7i5V3PS
hSp0Fd6syLTSJJvnlrZgs4bdQQMmpiew4FIOK6KGCp03zPVhKo2KSS3XAopOo5pa6m2zO3W4oozS
UUbAOoooNABmlptO+tAAOtPXCKZGHygUwcnjmszW2vHhFvbKcngkUptxBamLqd+lxqkavnySeDWl
c+HS0SS277lZd2KrWQtodttqUJDDo5FdRHtWJRC+UA4xXFRw9KqpOavfvujZzdPSJyAN5p7/ADAq
orS0h7q/uxNI37tela95bR31uY3Xax4zRZWq2UAiU5A7+tFLCypyVneIOqmti0xG44pM0nB6UV3W
S66GO4uaWmZpaAH04Hio804dKdgHg1meIz/xTt9/1z/rWgOmTWf4hRj4bvWwceX/AFpPQNjK8If6
ofWvUrD/AFa/SvLvB4/c5PHNeo6f/q1+lAH/1PfqxvEf/IEvP+uTfyrZrG8R/wDIEvP+uTfypS2N
KXxr5Hy8/wDrpf8Aro38zSd6V/8AXS/77fzNArzJbn6HH4UL2pwptOFIoUUtJ0oBzTGKTgE+ldp8
MNNF1rc1w4yEIwce2a4lziP3r2L4YaabPw9LcMMGZ936Y/pWtJXkeXmtb2dFnaOSzk0mSBTiC5bH
GP1rI1zxBY6BYtNcyfvMHbEPWu1ySPjaUalR8qW5b1LULXS7N7i7cKoGQM9a8X8VeL7zxDcmOOZo
bROE2sRk+uRzVLxD4iu/EV4ZZ2Pkr/q09KyMDqDmuSrV10PqsvyqNFc89T0Lwd48ljkh03VZN6Z2
ox47V6aCrRq8RDRvyCDmvm9lDjBrsPB/jabRHW0vmL2bfKPainWfUwzHKlJe0p7nrci9VFV5YBLC
8bDIKkfpVm2ngv7Zbm0kEkbDjmnYCsOOvWuu6kj5yXNBq61R84azZGw1u4hAwu8gDFZzriu8+Jun
Na6ut4F4Z+fxriJF9K4Je7I+vwz9pSiyqRSCpmXmoiMGkgkrMcDgU9GqLNOBpjjJosqafUCNUqtm
paOiMrkyHmpQarA81IrUbG8ZEoPNSA1X3VIjZouWrMmFPApimng00aRRIopGTNANPzxRYpohxigV
IaQAd6LCsAFPAxQMClBpgkt2NYbqjKVORkdelVri6jiXC/frajSnVlypHLia9GjFzkyrdSLAhz1r
Aub1pWwDwKt3zNIhYnmsfnJr38Pg1TV5HxeNzB4qT5NESAjOacpqIfWnr9a7Yux5rXVkynmrkB5q
ipq5CeK0uK9zYteoro7DqtczaHpXTaeeRXNVWg0dXp3QV0Nv90VzunnpXQ233a8yqtS0Xk60p601
afXMyhpo7UpppoAO9JS0HpQBDLFHcKFlGQDxRLKttbkscKo4FP45qpqtubrT5Nn31HFTKTgnyrUq
K11KA8RbWfcnHQVmRRnUL7LP8hPINXdKjsXtZTd4Ey9M1mSFo7t2gOFPT3rx68p2jOu9L7I6YWZt
HUhY362IOYR3rYJHDD7pFczDpVzfoWI2f1rc02GaG28mY5x0r0MNVrVdZrlXT0MakFcsUtFFdb3M
gHWsDXTneK3xw1c/rZO6U56CvNzO/sVZX1N8O3zaHnDzJDqkruNw44xWzbz6jf7UhBhg75GKp2Sx
PfSyPGXYHgV0kRlZBuOB2FevPF0KGHi5y+R5nspznLlXUSCwitgGkO9/U1PvJ4H4CprexnuDgLge
tbNtpUUIDSctXl1MxxeL9yguWPc7IYOFPWpqZFvYz3R6ED3FbNrpUNvgyAE1eHyrtHApKVHBU6bv
P3pdzWVbpFaBgDATgUpwT60lFd9uj1Zk22FFFFABS0lFAC0UCigAzS0lGQBQAtLzn1pFy1Vb/UYr
BAqtmb+ECplOENZuyGlcTU9RSxjGGG9uQKzB4huBhlUMait411C7Y3UeJCeGpt1pVxpd19oVTLCe
w7CvPquvOXPCXum8eVbiXmqjUI9ssf7z1AqDT9Su9MctJl4ieB1rbs20m7jMmRGR94GrUdpY3ALQ
rlQcZojh6zmqntLj5421LFrcC8txOBtz2qXJPWmqgVQq8AU4V6K7nM3dijiiiimAtKKbnJp4BbgD
JpbuyBCU9EZqiuLq0sIjJeSquBnGa4TX/iSqmS30sHcONwFbRw86jsiJVEjuNQ1Sy0eJpbiVcgZ2
7hXnWufEGXVpPsNquLaT5WPtXFXU9xfyma7k8wtzUlpxNGoGBnpXoLBRpU23roc/tW5I9a8IAmJC
e9eo2H+rX6V5d4R/1Ir1Gw/1a/SvKOs//9X36sbxH/yBLz/rk38q2e1Y3iT/AJAl5/1yb+VKXwml
L418j5dY/vpf+ujfzNKKRv8AXS/9dG/maUV5ktz9Dj8KFpwpuaXGaRQoNOGM00Ypw9aYJDoUM1zB
EB8zPjFfQuhWf2DQLW15LBc/WvE/B1gNQ8UW8bDKKpYnHTpXpPjLxvBoMAs7LD3ITAweldNJpJs+
fzRSxE40Yov+KPFth4dtnDtvuT91Ae9eL6pq17rV01xeN8x5VM5AFQXd3d6hdSXF1KXkc52k8AVC
Pbn3rOpUbZ3YLLo0Iq+4AkUdeKM0ViektA6U0gMMEAj0p1JmjzE11N/wx4tuvDk4VyZLPPKliNuf
T1r2XTdTtNbsUurSQOrAHA61894yPX2NaWieIb/w7dJLaSM0e4F4yeMVvSqu9mePmOVxrR54bnov
xP0w3GgNcqMmNlyB9a8dAyimveG1ax8XeGLgQ481oyWX3FeGND5EskLcGM45orWbuiMslJQdKW6K
zrULLVx1+UVCy1gmd06disRikDVI61CRitEczTTJQakVsVXU1KpoZUZ2ZYV+elO6+1Qg09TUs6FK
5ID2qaM4qsTzT1apNk7MuK1Sg1TVqmV800zeMixmnA5qIGng1Vy73JKDTc04E9RzTG3ZXDAyB+dK
ivJKIo0LSH+EU6CCS5uVgtgWlfsBmvYPBfgW30q3F9fKJbo4I3DpV04Ns87HY6GFh72rPKJPDuvz
LiLTpAp/iNRJ4E8QvybQ59xX0sG28DC+wFLvY+/5V61Cu6KtBHxOKxE8VJub0PmaTwB4gI5sz+VU
n+HOvFuLNvyr6nDnH3j+VAc9/wClayxtSXxHKqNtj5YHw413vaP+VPX4b65n/j2b8q+pdx/zimnd
3/pS+uSD2R8wj4Z683SLb9Vq5D8Mte/6Zj6g19IMSRwTUJDVX12ViuQ8Jt/htrSAbmi/I1sWvgbV
IcFmj/WvWH3Zxk1VfJzk/nWbxcpAonF23h67gxuaP861YrKWMfNitaQc9qrvjtWMpuRRXCEdaU08
9aaazAaaaetONJigBtBNOxSEUANpVIB5HHekoHWmm2Jo5/W9KdGFxBkgnlas6VpcbwLcTZ9lNaxA
bh+R6UfKBgDCjsK5fq8FU53G7Ned2sJ5iqQNwQDpQ3XOciqeo2T3QUxMR9Kt28RWAKxOR3Nb8zk/
eRDuwzz60uCO1U77VINPUg4Z/bmsddfuWlDAfKTioniIU37/AFGqbkro6PqxHQ1zmsH/AEsqRweD
XRxHzoQ5wCRVSTTUebzZBnJzzWGOoTrUlGBVKahK7ObtNJ+Zmih5bua3LXSEUBpSSR2rSQJGNqKA
KU89azo5dCKUqnvNFyra+4ACoMIoApM560UV6G2iMW3cDzSUtJTv0EFFFFKwBRRRQAUUUUAGcUtI
aBQAuDTlQtSKAxPOAKyLzUbiVngsxlhwTUzmo/LoOxZ1HVIrJSqfO/Qis3RUhubtpr18n+EHtUGn
xT/a2hvE3M3c1Hf2kthKwJIDfdI7V51atVT9ra8eqNoKL0Lw1WK21ZopYgYyflYVsTapbW6xCQlk
lAAB7ZrC0iGxmjcXvLqchs1l+XJqevvFAWMMLjbzxWlOtJUrx2ewnC7s9DW1bTN1zGLRCFc/Nit2
0tlsbZYl5zyc+tPi/dxBXALDvTs55rqhSUZcy3Mm29x1FFFbPzFfoLn0HNLyfujJpUjZueg9ax9b
8U6foQKswaXHQHqacYSn8IpNR3NkhYkMkzBFAyTXJa74/sdPieKyxNN05OK4bW/GGp63Kyo5ht/Y
1giMZDElj3Jr0qGBS1kc8qumhf1LWr7WJN08jBc/dB4qmqqv3QB60vGTz9KK74wUFZHO23uFS22f
tUeT3qMdKmth/pKfWpqr93L0Y4fEj1jwj/qRXqNh/q1+leXeEf8AUivUbD/Vr9K+eZ6B/9b36sbx
F/yBrz/ri38q2axvEf8AyBbz/rk38qUvhNKXxr5Hy6/+tm/66N/M0opH/wBfMP8Apo38zQDXmS3P
0OPwoeKKTNLSKFozgg0macB39KAvqX9K1eXSFme34nk43DtVCWR7idriZzJM3VjSjvzzSEmq5iFT
ipcyQnJHNFAoqXqXs7oKKBS0WASjrS0YoDyENIPalxSYp2ElZljTNSudKulntJmjHR0HQ1Dfzi8u
5LnbtLnJHvTexGeDTT1ov3M1RgryW7IzzUTCp257VG1SJxsis61CyirjDioXTjNUmc04FXGDTg1K
y0zFXuczVmTK1SK1VgealVhSaZrCRYBBpeKiBqQHNQ0bp3HhqlR8VXxilDUjWMi8r08HNVUfPFTI
+c8U0zaMtSdWxz1NTW0E95cpBZxtJMxAAHbNR2Vrc6ndfZbOIs7YGccCvbvB3g2Hw9axS3OJLwqC
xxwK6KcGzgx+YRwyeuo7wZ4Kg0OBbm6jElyw3ZP8Ndfnd1prMGOSaXOfauyMUkfG1q8q03KbFIxS
DilzSHmnr3MEkKDml4ptAo17gSA0daSloCyCo2xUlNNAFeRaqyLxV2SqsnNAFCVeKrMtXZFzVVhQ
BARTCOakNMNADTSUppMUAB6UnalpKAENNxT8cUlA0NIpMUpo7UXZPUq3txJaxeZGpYjsKxJdXudW
Y2tsTGw6+tdKDt7ZqqNNt4Z2vIlxJ1OKyq03KV0zRNHP28P9lM41BGlkf7rNUdnF9q1FSFG3d90V
Z1bVDdy+RcREBfutir3h6zCRm5P3R3FedKKqYnkeqjqbxfLBjfEZe2SOSKby9uPl9aXTNZa6xHMC
TisvUmbVrxmz+5Qnke1TaMo+1eZkBF9a1qV5qulF6MmEE6bbOkMfPAx3pCpHJzzXPavr7TXywWoI
UcFhT7LWbpmEbwswHUiun6zS53Bb+hkqbUbm70GMUcVUTWLR+GO1vQ1OlzbS/cmXPpW0ZRls0S4t
ElFO25AIINIVIOMjNUJ6K4lFKVYDn9KNp4zjmgBtFOK8ZyBUbyJApaRgo96Olx21sOpRyMLVN9Xs
kYDzQc1Lc3Cw2QnXoVzxU88dddg5Xa5Y2/LjIzSZzx3FctZ6vMbvzHOUJ6Z6V1CukyCWM/KetZ0a
8K2sGOUHFczKOum4j0syWv3s81B4WnSWx5AE+TuzWttEqNG3Q1zDzf2PeOE6Mc1hiZ+ymqj6l01d
HUACRtu1d474qrK1vqW62YZZB1qk3iSAWwK/6w8VPpUOInuHGC9brEU6itFXRMoNO7MBbOS6v3tI
wVVTgsK6iysYdPtxHGg83u/rUsaRxfMigM3JNP6nmpo4WnSTdtWEqkqi5XsA560vsPzpO/8AhSsU
iTfNIsaDnJrp1bsjNu249FZuAu6or6+tNLhMt1NGMDO0nmuS8Q+P7WyLW1gpklA+8p4rze9v73Vp
2mvJWKt23HArso4OU9ZGU6yWx1viHx/c3ga204uiA43rXGOstxKZrmV5X9XPSlQBB8oxjvS9TzzX
qU6UaatE5JNz+IBgcClxS4orQQmKXFFGadgFFS23/Hyn1qHNS23/AB8p9azq/wAOXoyofEj1nwj/
AKkV6jYf6tfpXl3hH/UivUbD/Vr9K+dluegf/9f37tWN4j/5At5/1yb+VbPasbxH/wAgS8/65N/K
lLY0pfGvkfLj/wDHxL/10b+ZpRSv/rpf99v5mkrzJbn6HH4ULTqaOtOpFAKXPFIetKOlAAKDS0UA
IKU9KQ0UAAoNLRTASlopO9ABRRRQAlBFLRSAZTCOakIphWkSyMjmo3FTkcUwrQZSiVWWoStW2Wom
WrjI5qlMr9DShvalZaZzV7nNrcmVqkBqsCakVzUtGsaliyGpxXjNQ7h1p5faw+Vmc9FAJz+VRdtn
RzxtdiqwHOa1NG0u71y8EFqDt7sOgrX8PeBrvVnSe7V4rfhsYAzXqWm6XZ6LbiGyhCpjlyOa3hSb
1Z5mMzRUY8tPVkvhPwxZeHbRcAPdN95jziunV+/XnvWNFMQetXo5c967IxUUfN1qsqj5m9zQD5FP
Bqsj8dalBJ71RiTilqNW9akDCgAo6Uck0p560AANLmm0oNADhSGjNBNAEclV3FWWFQOtAFKQdaqs
OauyLzVd0oAqFeaYw5qwVNMKUAQEUhFSlaQigCHFBFSYppWgBlN70/bzSEc0AMNHanFRSYoAaM54
oOMZ59xTsUhoAq3mn21+mxxtIHBFYU41LSrZ7eHLQnqcV0vU+4p3B4dQ2eMGsalLmuo7lKWhzUfl
QaGzD/WMpJPvVSytLm7YvGdsK9SK6efT4LlPK27UHPFZeoRXVpb+RZofJI5K9TXJVw6v7V9FsaRn
7tjInSP7R5UQyxPWuq021is7JRIvzlcls1zukxpLdgPwy9jXTXjBLJ8MMhelPA02oyry3HVldKKO
RnAlv8xnALY6Vr3GjQw2yuk58484rJtreXULgomQ3XirNnbXbasIZ2bKDgt0rloNNTk18TLqWSIr
e41EO6bzhangv765mEUfLVtarDHBbN5agNj5mFc7Y3T2dwJlGcVtXnKhUpwUvdFGKlFlxtWvNMus
Xo/dDrUt5eXMkQu7Zv8AR36e1Z15LNr1z5W0YJ5rYnshp2jJbg5wxOPrVqo5wqWei2FKKTRR0+5u
bmUyzP8Auk7VI1x/bd6sUbERA8471DpA3I8eeC3SoLBvsGo4Q/KW6elYxxDcKab+LcbguZmpfeH4
HiPkPh174pPKng0NoJudpI5+lbW0kBl5XqaytUvIpbd7ZPvg8tn2r0Z0owvNmMNVYxDb26adHLG3
zlRuFWtI1JrdhE4yjetWND02yktg0rbzjkZrOvYpI9QaC3jO0/dOM151SM4uNWlsbRafuyOtU5w8
Z+Wql1pVrdyb3zmqOk2V9A++4lJj9K2CcsSOnavU1qRvKO5hblM6PQrNDnrWgoCqEX7q9qM0q7j0
XNONONNcqC7D3H5U5EL85wKiu7y002EzXTqvGeTXnniD4hXE5a200qidN4FdFKhOZlKoonZ6v4m0
/Q4myRJLjgZrzLWvF+pa25iVzDB6AdaxJDLcOJLmZpH/ANo5p34V6tHCQhucsqjY0IN25s7vUHrT
yPX9KSlFdJle4oHHNLigUUAFFHeimAUU6imAgFS24/0hPrTKkt/+PhPrWdX+HL0Y4fEj1fwj/qRX
qNh/ql+leXeEf9SK9SsP9Sv0r52W56J//9D37tWN4j/5At5/1yb+VbPasbxH/wAgW8/65N/KlLY0
pfGvkfLrn97N/wBdG/maBQ3+tm/66N/M0CvNe5+hx+FC96cabTl96RQUvSl4pKADNOpKSgBcUYpK
KAFooooAKTFLRQAYoxRRQAlFHeilYANNp1J3p2AaRUZqU0wipZDIyM1E64qcimEZJoWhlKNyqwNR
sBVl1x2qF1281opdDlqRt6EBGOS34U6EPI+2ON3b0UE/yrX0rwxqGsSKyr5dueSzdSPau/0zw/Za
TGBEm58YLGtoU2zy6+LhT2dzkdH8F6lqGHuFWCIjhg2T+Veg6J4U0zScOER5e745JqWOUrgKcD2G
KuQzc4wPqa2jTSPKrZhUnombMcgKjAAHQU8/N15+tUI5OetW45OK1RxuTbux5UjpUscpXqaaCCKa
yd6CTQin461bSTPesRHKnrVqKc55oA1lbmpAeapRy5PWrCvzQBZU08Y9ahBp4amBJmjFNzTqADOK
QtQRmmkUAKTTGGacaTtQBVdeahdDVxlzUTJQBSZKjKVcZPaoilAFUx01lqyyGoipoArkU0ipyvPS
mMtAEPamkVKVppFAERFGKeRRjigCPFJinEUlADSoOKD9KdSYpp2AbznPSgMQT6GnU0jmktHcFoQC
ztlm84J8/tVPUtMuLuTzIpML3WtPBHelACjIJFRKnFppLcd9bnM29te6bdCVYiw9qj1K/u7qUJBC
6yk9a6re+MA/nTfLj3btvz+uKwWHlTXLTdkW5X3MWaZ7XRlhu3zOwqjpYikLQy4DEcV0U9lBcyB5
Blh0zUP9k2olEmMMOeKVTDydZS3SHGdjnY2bTdSyRjB7dMV0F9e2s+n+YHBbHIp8+mw3PzNgHpzU
CaJbLxk49KmjQnS5qa+GXTsDmmYum3sVtdb3U7HPFSX2kXMU/wBogy6PyMdq3RpVmBhlBA6VZT5E
2AkgUoYH3OSbu+gSre9oc7CdUMDIof5hjmnvoU8lqoQ/vScsTXQbiv3aC5BJGc1vDDuPxu7Ic+xm
WOjLYFWLZYDkZ4rRBVW3BBu9QKTjHJOTRypwBmtYwjSjyrYTve7FLE8Dn6U0ZLY209EZzjOwetZW
q+KNM0ZWVn8ycDoDmtIwk3aKJbS3NVlSGPfNIEHvXJ+IPHtlpqmCz/eSnjIri9a8X3+tSMseYo88
A8VhLGF5wCT1Jr0aGBS1kc8q3YtahqV9q8xluZXKfwqTwBVcALgKAPpRyMDNL0r0EklaOhhJuQUU
UUyRcUuKBRimAoooooAXHNBHNL3oPWgAxS4oopiCpLf/AI+E+tR1Jb/8fCfWoq/w5ejLh8SPVvCH
+pFepWH+qX6V5b4Q/wBSK9SsP9Wv0r517noH/9H36sbxH/yBLz/rk38q2axvEf8AyBLz/rk38qUt
jSl8a+R8vP8A66X/AH2/maShz++m/wCujfzNArzXuz9Ej8KCnZpMUAUDHDpSikFLQAtFFLigBKKX
FJigBKKKKAHUhFLSUAAopcUUAJik70uaDQAYpCKB1pTRYBuKbTjSVJLQ0imMMkDqPT0qRuOpwPU9
61tB8M6h4huQkFuyQHrMTxiiMW9DKtUjTjdsxIoJLmYQW8W+Q9AvJru/D3w8RQl5q5O/qsfau60L
wjpvh6ACKFJLjvKwya05l3HJ5+vauynRstT5jGZm5NwhsYZtYoIwkKLGgGAAO1UZY/Qcetb8sII6
CqE8PHTjNb2tseK3cx2ypqSOTpzUk0eO1ViCpoEjSjl6c1eikyetYccvPWr0M3PWmPc145OasK2a
zIpatpJwDQIsMgNNB2nrTlcMOacQpoAfFNg9auRzgms/GOlKkhU0AbMcme9TBqyY5wD1q4kwI60A
Xgwp4aqquD3qVW96YExNITTd1GaAA0lLmmkgUAL2phFO3UnNAEbLUZSrGPWmkUAVWSoilW2WoytA
FUpUTLzVsrUbJQBVZaj21ZdeajK0AQlaaV4qYrTCOaAI8cU0rUpHFNIoAiNJUmKTFADMUlPIpCKa
AbQRxTqQ0kAyl5paWn1uBGc0uKdikqY3S8wGmk5p9JVa2DQaaTGKcelAxjn+VK19eoXuxvNHSngM
33VJ96Zcy29knmXUyRqOxPNHK36g9NWORWdgAmfU+lVb7ULLSYWku5BuHQZrkNf+ICRCS30/BPTc
Oa4C5vL3UHMl1PI2e2eK7aODlL4jCdZbI6zxB4/urwtBYgLH/fBrjX8y5kM1xI0jnvmgKF4UACnA
kdOK9OnSjT+E55TkwAVR8v60UHmkrQiwuKMUClp+gBRS4pKAHClpBSigAxRilooAUCjFLS0CExRi
lopgJipIB+/T60ypIP8AXp9air/Dl6MuHxI9U8If6kV6lYf6tfpXlvhD/UivUrD/AFa/SvnXuegf
/9L37tWN4j/5Al5/1yb+VbPasbxH/wAgS8/65N/KlLY0pfGvkfLkn+um/wCujfzNAok/103/AF0b
+ZoFea92fokPhQ8UCkFOFBQop1NBpwoAKKKKACiiigApD1oooEKKWm0oNABRRRQAlLR2ooGJRS0h
YhNzGjyFpuxMc4pY0klfZBGZJDxtUVo6Nod7rtyIrWJiucFiPu1674c8C2OhRJJPtnuSOpHStIUX
I8zF5nCgnbc4/wALfDie5Md9qjGOMciBsZr0+3toLOFYbZBHEoxhR1qy2QRjCoOgFMPTIrrhTSR8
risXUxEua5C6854x2AqB1FWiKidc9qu1jju3uUnTIqpJFxWmycVWePJoAx5oeelUJ4iO1bssXNUZ
oM5pAYpXaakSTaetTTQ4JqoylTQM0Yp6vxS8c1hJIQavQz+poA2UkGKnVs96zY5RirKScdaYi6KQ
rUcb8VMCMUARg7TU6T460wqCKiKkGgDSjnBq0so9KxUkK1bjnyeaANUSA9KN1UllHrU4bI60ATbq
N1Rb80bsUAShhTg1V99SBuKYE+aTFM3dKcDkUAIRTGX2qSjGRQBWZaYyVZKUxloAqMlRlatlaYy0
AVCtNK1ZZKiZaAICtMIFT7eeaayj0oAhxTSKm200rzQBERSEVKVxTSOKAIsUFaeRxSYoAZikp5Wk
xQAlJinYpMY60wtcbScUpBOMDNPdFjj8yd1RfQmiMXJhexHgsMAUPstoy08qxKBzuNc1rXj2x0tm
itk89gMcdjXnWp+KtU1l2zI0cZP3c11UsJUqPTRGU6y6Hea94/sLBTDYFpJP7wGRXnmqazqGtyk3
MmE9AxqgIx1LFn75pw4r06eGhT9TmlUbGpEidMCnZ65yaQ0Vve2xmKcUUlKKQwpaSloAKKKKBC0o
oxRTAXHFApe1AoAUUtJSgUCDvS0YooAKKXtQBTABUkP+uT60zFPhH75PrUVf4cvRlw+JHqfhD/Ui
vUrD/Vr9K8t8If6kV6lYf6tfpXzr3PQP/9P37tWN4j/5Al7/ANcm/lWzWN4j/wCQJe/9cm/lSlsa
UvjXyPlx/wDXS/8AXRv5mih/9dL/AL7fzNJXmvdn6HH4UOpwptOFBaAU+m0oNMBaKKKAFopKWkAU
lLQaBCUZoxS4oABQaAOaO9ABR7AZJ6UhIAyauabpd9rNx5FjA7kHlhwBTinJkTqRgryZT3gEKAWf
ptFdr4a+Htzq0sdxqAaOAchema6/wv8AD6z0mJLi+US3J5wwzzXa7iVCgKirwFArphSW7Pncbm93
yUypp+mWWk26w2UQRQMZ7n8as8+35UoFBzXRtsfOznKcuaTuIRnrSECloIpkkZFMIqTFNIoeoEJX
NQMmDVvtUbjNKwFCRM1Ulj68VqMoqtJH7UWAxZoc84qjNFkdK3pIvaqMsPtQBisu005ZCtWpYcdq
qOmDQBdhmJHWrsUmR1rGRiOlW4psDrSGbMb+hqwrjOKyopT2NW45AT1piNANnrTuvWqqyHPFTK/F
ADnQdqaCVqQHPWkK5pgCzY6mrMc/HWqbJTQStIDUWbNO35qhHJipxJmgCzupweqwf3pwfnrTAuBu
KkVuKph6mRuOtAFgHNPFQq2akU0AKaQqMU/rS4FAEBWmFanK0m2gCqyVGyVbZajKe1AFQpTGSrZS
o2WgCrspClWClMK0AVylNK1OUprLigCErxTCtTkYFMIxjPejQEiLFJtOanEbHtxUF1cWdipe5mVR
6E00nJ2QNpCEc4HNLIiQoZJmUIOeTiuP1j4kWNmGgsSkkg9K8/1TxHqurOwklkjjY5wrY4rrp4Kc
99DGVdI9F1jx9YaarJbESS9MYzivPNV8V6vrLsDL5cXbAxWSIgPvHcf7x60pHGM5HtXpU8NTgtUc
86rZGsfzbmJLdznrUmBkEdRSCjpW5mB65pKU0lABRiiigBKUUtFACUtJS0AFLSClFAC0UUYoAdQK
BSgUAKKWiigQd6dik4zS0AFKBSYpRTQAafD/AK5frTDT4f8AXL9air/Dl6MqHxI9S8If6kV6lYf6
tfpXlvhD/UivUrD/AFa/SvnXueif/9T36sbxH/yBLz/rk38q2axvEX/IFvP+uTfypS2NKXxr5Hy7
J/rpv+ujfzNNFK5/ezf9dG/maQV5r3Z+hx+FDhThTBThQWh1FJSimA4HNFIOKUUAFA60tFAC0hoz
RQgCgGij8KQn3F600svRQSfakdhGMsQAat6J4j0zSrkzXelpdshyu5iBXVRwlSr8KODF5hSw8Xd3
fkdJ4a8A6jrUqT3Gbe164P8AEK9c0nRLHQ7cR2cK5xyxHNeZR/G+OKMRRaNEqDoBKf8ACnH44D/o
ERf9/m/wrvhgKkeh8jisznWlo9D1sc9Dn1ox7V5J/wALwH/QIi/7+n/Cl/4XgP8AoExf9/j/AIVp
9UqrocPtEtj1raaQg4ryX/hd4/6BMX/f4/4Uf8LvH/QJi/7/AB/wo+qVOwudPc9Z59KXnHSvJf8A
heC/9AiL/v8AN/hR/wALwGf+QRF/3+b/AApfVKvYOdHrBHtTSPavKD8bx/0CIv8Av83+FI3xvGON
Ji/7/H/Cn9Uqdg50erke1RsPavKv+F3jH/IJi/7/AB/wpp+Nw/6BEX/f5v8ACj6pUDnR6myH0qGS
M+leXn43j/oERf8Af5v8Kjb43A/8wiL/AL/N/hT+p1A50elyRnPSqskRJ6V50fjWrH/kERf9/m/w
qJ/jMp/5hMX/AH+b/Ck8JUHzI7yeEZ6VSkg64FcS/wAYQ3/MKi/7/H/Cq8nxcBH/ACC4x9JSf6VD
wtRDudqUK9qQEgdK4NvioG/5hqf9/D/hULfFL/qHJ/38P+FQ6EkO56VFKeKvRy15OPimR005P+/h
/wAKlT4s7f8AmHJ/38P+FJUpCuevRyGp0evI0+MGP+YZF/39P+FSr8ZMdNLiP/bY/wCFafV5hc9d
DnFSK5NeRr8ZxjnSov8Av8f8Kevxpx/zCov+/wAf8Kaw0w5j1vGe1MZDnpXlg+NY/wCgTF/3+P8A
hU8fxkD/APMKi/7/AB/wp/VKguZHpfI7U5WNeeQ/FaOU4OmoP+2h/wAK0rfx/FOf+PBB9HNQ6E0H
MjtQxpwbmsC28SxXAH7gLn/aNacV6ko4TBrNxaHc0Q/FSq/FVFkBFSq3pUjLiPUqNk1SR6mRznrQ
BcU+9PBqur1KpNAEuKNtC07mgdiNlphSp8ZpNtAisyVGyVaK5pjJQBUKUxkq0y4pPIZjhVJo9QKZ
XFNKn169qs3BtbSNpLmcIAOnFcpq3j/SdNQrCEnccA7ua0jTnLZEynFHQfZyDlyFHqTWbfa5pGmB
zcThivQA15lq/wAQdV1BmWDEMZ6cZrlZnnvHaW5lZyfeu6llzavMwliFsjvda+J4ZWgsIT1wGxXD
3+qajqb5nlbb1wDVdUVRwKCOe9ehTw9OGxzupJkQjXPT5vU0vNOpOa1bYt9xpzRzS80tTa+4aDcU
hFLRTsAmKTFOpKLAJijFOpDQAlFLSUAFFFLQAlKKKBQA4UGiigBwpRSU4DihAFFHelApiExzTqXF
FAhe1JS0UAJT4f8AWr9aYafD/rl+tZ1f4cvRlw+JHqXhD/UivUrD/Vr9K8t8If6kV6lYf6tfpXzr
3PRP/9X36sbxF/yBbz/rk38q2e1Y3iP/AJAt5/1yb+VKXwmlL418j5bc/vZv+ujfzNIKH/1s3/XR
v5mgV5vU/Q4/Ch1KKbTs0FodR0pAaKYC0tAoPWgBc0ZpKKAFpQe1JQSFXLEBapRlOVkKc4xjzSHj
npUE90kQwD81VLi+DApFwPWqWdxyxJr2MJlnN70z5vMc7jCPLR3JZp2nb58gelR5HakGKWvfhSjT
Voo+Sq1p1XzSYvSjrR2orW3mZWQoozSUtFkAhooopadguxc0mee1HajtRp2C7EJzSUd6WjQLsYc5
o604im9KHYd2NNMK1KR3puKnQaZDtppGKmK801losi1IhIFMI9qm200rWUoplXID+NMI9zUxWmFa
wnTRSZEfYmgHHXNOxSEVzuNnoMUH3pc4700UppxlqA8GnZqIGnhq2UxEqtjtVqFulUlarMUoHFaq
QmbNu3Tk10mnbcrxn61y1pIvHNdNp/JXPNZVLNAjsNN6jG0CumtDgDnNcvp2QB8tdLan5RxXm1Vq
WjXj5AqZSRVeM8DipwTXM9yiZWqVWqsCakDUgLQbkVMj1TVuRUysc0AXVfmpd1VUDt0X8anClRlp
EX6mh+QaEo/D86cOaqS6np9opae7hBHuKxL/AOIOiWKnbMXcf3VyK0jSqy2VyXUgtzphHv46U0mG
BS00qAD1YV5XqXxTuJ9y2ETAdiUxXI32v6rqTMZp2RT2BrspYCpPfQxliUvhPY9U8YaPpQJaVHYe
hrhda+KFxIWWwG0HoRXA+QrndIxc+rGl2ADAC13U8vpw+LU5pYiUiW91nVtUYm4vZdp6rms8WyA5
bLH1POatkHtTCK61GMF7qMm2QleO1MIP4VMVppWj1GQ4ppHNS7aYV5pDIyKTFSFaaRQMYRRTiKTF
KwDaKXFGKAEpKdim0DCkpaMUgG0GlxQRQA2loxRigAooxTgKAClFB60tAheKUdKbTh0pgLSigU7F
ACUopKUUCCiiigAp8X+tX61GTT4T++X61nV/hy9GXD4kepeEP9SK9SsP9Wv0ry3wh/qRXqVh/q1+
lfOvc9E//9b36sbxH/yBb3/ri38q2axvEY/4kl7/ANcW/lSl8JpS+NfI+WZD++m/66N/M0tNk/10
3/XRv5mjNeb1P0OPwodmlFNFOFFyh1GabmlBoHceKM0lJmmNasdk4zjNGc9ODTc4HJwKpXF9yUj/
ADrpoYadV6I48XjqWHW5cluI4l5b5vSs2a5eY88L6VAzF+W5NJmvosJl8aa94+Nx+cVK+idkOzR0
ptFeiklseK97jqO9IKXPNMQ8GkzTeaBmpAeDzR3po4NLmqQDuKTikozTuA6jtTaXtSASlFJSigAI
puKcRSYNACHpTTTyKaQaChpHFRnOKl7c00jigaZEw44ppqbHFRstSUmRkVGRU2KYVNZyiWmQ4ppF
SlTTSKwlAZHikpxpKwlGwCUtJS5oTGOU1IKiFPU1rGQmWY3kQ8HNa1nrFzbEfKCPrWKhGaspg+5r
RWe5Db6HdaV40jjIE0ddjp3jXS2AEmRXjyYI6YqdUBHVh+NRLCxmT7Ro95h8VaO4GJgPqauL4g0s
jP2hfzrwABlxtdvzpczn/lu4rL+zk+ofWGe/HxDpa8m4XH1pp8W6LH1mB+hrwT99jBmc/jSbG7yP
+dL+zo9WH1hnuM3j7RYvunJHvWbc/FKyh/1MLE15CIhkElj+NPCqD3/OtI4GityHWkei3Xxau2G2
3t8D1JrFuvHOu3mSrKinr81cuPXA/GpUYdcc1vHDU1skZucn1Lst9f3bFp7hzn0NNRB1LsfZqgV/
8ipUfPOPzNdKSitDJ3ZYAUDAFLUatzT8g0XAWlPNJmloWmwhpFMOalNNIpWAixTCKmIppFD13C5C
RUZFTkUwrU2KIjmmkVKRTWFMCMjikxT8UlADMUlPIpuKRQnNJgU6m0gDFIaWkINACGkpxFJigBKW
jFFABigUUAUgFpRSUvSgBcU4dKQDilHSmAopc0gpaAFooopCCiiimAhp8P8Arl+tMp8J/fL9azq/
w5ejLh8SPUvCH+pFepWH+rX6V5b4Q/1Ir1Kw/wBWv0r517non//X9+7Vj+I/+QJe/wDXJv5VsGsb
xF/yBL3/AK4t/KlLY0pfGvkfLEh/fTf9dG/maQUkh/fS/wDXRv5mlFeW3qfocPhQtKDTTRmjUofS
g00txz1o3ADJ4FVu7LUUmoq7Hio5p44V+ZsmqtzqCxjCDJrMeRpTliTXq4XL3P3pHg4/OIU1yU9y
1NdtOcLlRUH48imZ7UuRnivoadGNNWifH1sTUrSvJkgajrTMijNa3Od67kgxmlzzUeacDRoA7NGa
TPNLkUwFzS5ppNGeKAHZoBpuaKdwH5opopSeKLiHA0ppgNOzQAvagUlGaAHE0g60lFAxTTTS0UAN
PSkA4p1IaLhcbimEVLimkUikyIrimEVMRTSo9KC0yAimkVKRTCKmSKuRFaaRUpFNIrCUSkyIikp5
FIRWLiMbmnqaZinCo2AlQ81ajPNVV61Yj61rBkMuRmrSH5aqR9atJW8WYybJxyKdTF6U7NWZi5pR
TRS00A4daXvTQeaXNO4h3anA1HmnA8UXYiVWqVGqsDUitTTFYtBuakVqrBualVhTETg5pwNRBqeG
pkj6TFANLQgGkcU0ipDTSKYEZWmkVLimMKkdyLHNNYVKRUZFAXGFeKaVNSc000gIiDSAU85pvNIq
4hFJilNFAJiGkpTSUhiGkpTTaAFopKKAFooFLSABSmkpaAHDoKXFIKUdKYC0UCloEFFFFIAoopKY
AadD/rl+tNp0P+uX61nV/hy9GXD4kep+EP8AUivUrD/Vr9K8t8If6kV6lYf6tfpXzr3PRP/Q9+NY
3iP/AJAt7/1wb+VbJrG8R/8AIEvf+uDfypS+E0pfGvkfKsn+uk/66N/M0A0kn+uk/wCujfzNJmvM
aWp+gwdopDs5NLznimjODzgVUudQSDhDlqujSqVNjCviadD4i5JMkKlnPPpWTcag8uQvC1Vkme4b
c7celMyOwr6HCYCNON2fKY/OKlR8tPYlVvXk0bjUYNOBr1Fax4bTbbvuPzzS96ZmlzTepFrD80vN
MDUuaLhYdzS5pmaXNFxDweKcDxUeeKUNxVJgSA0vaow1Lup3EPHFLmmg0E0CHUUgPFGaYCinZpgN
LmmA4GlzTAaXNAD80U3NANADqM0maKBhQaDSZoAU9KbS5ooAaRTTTz0ppFIpMjNMIqU004oKuQkU
w1MVqNlrNopMZjNMIp+CDQeazlEq5HinAUYxTsVlKIXFUc1ZjqsvWrKURJZajq0hqsnSrCVvEykT
A0uaaKdVmYop1NBpaAFzRSUtMQtKKSimIcM04HBpoozzQMlDc1IrVADUitTuS0WA1SBqrhqkVqYr
FhWp+RUCtTw1NCaJaQ0gOaWmIKY1SYpuKQEeKaRUhwKQjikBCRTDUxWmFaBkRpuKl203GDSGRHrS
VI2N1NIpDQw0mKcaSgBKTFLRSGJiilpKACiiigApcUnenUgFxSjpQKB0pgKKWkHSloEGKKWkNABS
YpaKAEp0I/fL9abT4f8AWr9azq/w5ejLh8SPUvCH+pFepWH+rX6V5b4Q/wBSK9SsP9Wv0r517non
/9H36sXxGcaJef8AXFv5VtCsXxIM6Jef9cW/lSltYuj/ABItnynIT9ol448xv5mmNIsQLOce1Q3l
6kM0i9T5jdPqax5rl52+Y8Vnh8FKcm2fUYrNKdGCjB6lu61F5MrFwPaqIznJOSaaMA8dKXoa92jR
VNWsfLYjGVK8vfH0uaZmjNdFzkH5pQaZmjNFwsS7qXdxUQJpd1WmFiQGlzUYalBzRcVh+aUGmZpQ
aLg0PBp2ajpQadxWH5pQajzS5pk2JM04Gos0op3CxLmlzUW6nCqTFYdS5puaAadxWH0ZpuaWi4WH
ZoBptFFwsPzSg0zNBOadwHmjim9qM0XAXNGaSkpXAdmkNJRQMSmkU48U3rQNMawNJjinHmkNSyky
JhTCDUtIRnpUspMhxS807bRioaKuKgqxGOahUYqePrU2FJ6FmPrVlKrx1ZSqSMZDxS0gpasgWlFJ
RmmAtLTc07NABThTRS0xDs0o60ylBxQA/vS5waYDzS0wJVY1IGNQBsU9Wpkssq3FPDGoA9PDU0S0
WFapAarq1SK1MViSikDUtACED0ppp5ppGaAGkcVGRUuMU0jNICEimkVMVphFKwyIrTcYqUimOuel
DAYRTcU/FIRSGMNJTiKTFBQlJS0mKTAKKKKQC0o60lAoAfQOlJmlHSmAo6UtIKWgQtFFFABSGlxS
GgBKfD/rV+tMp8P+uX61nW/hy9GXD4kep+Ef9SK9RsP9Wv0ry7wj/qRXqNh/q1+lfOM9E//S9971
i+KOPD9//wBcH/lW3WH4p/5F7UP+uDfyqoq8gZ8ZTljdzknP71v5mo6fP/x8z/8AXVv5mo69iCSi
rGUnzO7HAUGkH1oq7i33FzRmgUGgQoNLTaM079wHZpc0zNO7U+ZALmlB4plKDTuhD80Bqbmlp3QD
waXNRZpQafMhEuaM0wGlzVcyFYfupwPFR0uaLoVh+aUNTAaXPFCkgsSZpQeKjBpc1V0IkzShqjBp
c0XQEmaM0wGlzTuhDs0A03NKDRdCsOzRmmk0Zp3XcLD80hNNzS5ouu4WFzRmkpDRdAKTSCg0UXQw
NMIpwpKTsAwUuOKDQanQq43FLiigUnYYqjmp0FRqKlQUtBMsxjipkqJOlTKKd0ZyY8U6milp3RIt
IaWii6AQdadkUlJ3p3QD80A0lKKLoBaKM0CndCAdadmkop3QDs8U4Go6dRdASq1SK1QA08NTTQrF
hWqRWquGp4andCLAapN3FVw1SA0XRJJmimg04UXQhDSYp3ekNF0AwimEVIRSFad0MiIppFSEUwip
bQIjNNNSMKYRSuhjDSU4im4ouhjTRSkUEUroYhpKKKNO4C0UgpaV0A4Uo6Ugpw6UXQAKdTRS07oB
aM0UUXQBmkNLSGi6AO1Oh/1y/WmU+H/XL9ayrNezl6MqHxI9T8I/6kV6jYf6tfpXlvhD/UivUrD/
AFa/SvnT0T//0/fqxfFC58PX4z1hbHHtW1Va7QSxFGGQeoxxinF2Yz4huIJhdT5hl/1rf8sz6n2q
HY/dHH1Q19Yav4X0+RmK2UIDc5CCuNvPBsDM223Qf8BrsjirKxm4ngIVv7rf98ml2t/df/vk17d/
whEX/PNfyo/4QmL/AJ5j8qf1tByHiO1v7rf98mjDf3H/AO+TXt3/AAhMX/PMflR/whMX/PMflVfX
EHIeI4b+4/8A3yaMN/cf/vk17d/whMX/ADzH5Uf8ITF/zzH5UfXUuguQ8Sw39x/++TS4OPuP/wB8
mva/+EIi/wCeY/Kj/hCI/wDnmPyo+u+Qch4nhv7j/wDfJow391/++TXtv/CERf8APMflSf8ACERf
88x+VH17yDkPFMN/df8A75NLg/3X/wC+TXtX/CER/wDPMflS/wDCER/88x+VP695ByHimD/df/vk
0YbP3W/75Ne1/wDCER/88x+VH/CER/8APMflR9e8g5DxXDf3W/75NKM/3X/75Ne0/wDCEx/88x+V
J/whMf8AzzH5U/r/AJB7M8YGc/db/vk0uD/db/vk17N/whMf/PMflS/8ISn/ADzH5U1j12D2Z4yM
/wB1v++TTuf7rf8AfJr2X/hCY/8AnmPyo/4QqPtGPyo/tBdg9meNc/3W/wC+TRg+jf8AfJr2T/hC
k/55j8qP+EJj/uD8qf8AaK7C9meOjPo3/fJpefRv++TXsP8AwhMf9wflS/8ACFR/88x+VH9orsJ0
jx7B9G/75NLz6N+Rr1//AIQqP/nn+lH/AAhUf/PP9Kf9orsHsWeQc+jfkaXB9G/I169/whUf/PP9
KP8AhC4/+ef6Uf2iuwvYnkPPo35GjB/ut+Rr17/hC4/7n6Uf8IVH/c/Sj+0V2D2J5Fz/AHW/I0vJ
/hb8q9c/4QqP+5+lH/CFR/3B+VH9orsHsTyLDf3T+VBB/un8q9d/4QqP/nmKP+EKj/55LR/aK7B7
E8iIY/wn8qNrf3T+Veu/8IVH/wA8lo/4QqP/AJ5ij+0V2D2J5Dtb0P5UbW9D+Vevf8IVH/zyWj/h
Co/+eYH0FH9orsHsTyHaf7rfkaTafQ/lXr//AAhUf9z9KX/hCY/+eS0f2iuw/Ys8f2N/dP5UBH/u
n8q9f/4QmP8A55LR/wAIUn/PJaX9oLsHsmeSIjf3T+VTojdlP5V6r/whUf8AzzWl/wCELQf8sxR/
aC7B7JnmSI2PumplRv7pr0j/AIQ0f3BR/wAId/sij+0F2J9iechG9DS7G9DXov8Awh/sKP8AhDvY
Uf2iuwewPOtreho2n0Nei/8ACHe1H/CHe1H9orsHsDzrafQ0bT6GvRf+EO9qP+EOHpS/tFdg9ged
bW9DQAfQ16L/AMIcPSj/AIQ32qv7RXYPYHne1vSl2N6V6H/whvtR/wAId7Uf2iuwnQPPQrZ6Uu1v
Q16D/wAId7Cj/hDz6Cl/aPkHsDz8Rv8A3TTtj/3TXf8A/CIH0oPhA+lP+0fIPYHAeW/9004I/wDd
rvP+EQNH/CH/AFo/tFdhfV7nDBGx0pyq3pXcf8IhR/wiJHrT/tHyD6szilVs9KmAPpXX/wDCIN15
oPhFsd6f9prsL6szkgD6VIAcdK6keEn96X/hEn9TR/aa7A8Mzlgpz0pSpPauo/4RJ/U0f8Ik/wDe
NH9prsL6szlttIRjtXVf8Ik/vR/wiT+9H9prsH1ZnJFCaZtPpXYf8Ik/vR/wiTe9H9pLsH1ZnHFC
e1MKH0rtP+ESb3pP+ERb3pf2kuw/qzOJMbelMKN6V3X/AAiLe9J/wiB75o/tJdh/VmcLsb0pNjf3
TXd/8Igfek/4Q8+9J5kuwfVmcIUf+6aTy3/u13v/AAiB9KP+EQPpS/tFdg+rM4EI/wDdp2xvSu8/
4RA+lH/CHn0NP+0V2D6uzhNjelLtb0ruf+EPPvR/wh596P7QXYPqzOHCsO1GD6V3H/CIexo/4RD/
AGTR/aK7B9WZxGD6UYPpXcf8Ih/smj/hEP8AZNH9orsH1ZnD4PpQVPpXcf8ACIf7Jo/4RD/ZNH9o
LsL6szhtp9KmtYme6jXHU12f/CIGtGx8KBHVtnI71E8epRcbblRw7TTNLwrbFIlz3r0uxGI1+lc1
o+l+SqgjpXVW6bVArzTpP//U9/pGAIpaD0oAqS2wYVUfTI2/hrTbpTTQBk/2RH/co/siP+5WuaSg
DJ/siP8AuUf2RH/crWooAyf7Ij/uUf2RH/crWooAyf7Ij/uUf2RH/crWooAyf7Ij/uUf2RH/AHK1
qKAMn+yI/wC5R/ZKf3a1qKAMn+yU/u0f2TH/AHa1qKAMn+yI/wC5R/ZEf9ytaigDJ/siP+5R/ZEf
9ytaigDJ/siP+5R/ZEf92taigDJ/slP7tH9kR/3K1qKAMn+yI/7lH9kR/wBytaigDJ/smP8Au0f2
TH/drWooAyf7Ij/uUf2RH/crWooAyf7Ij/uUf2RH/crWooAyf7Ij/uUf2RH/AHK1qKAMn+yI/wC5
+lH9kR/3K1qKAMn+yI/7lH9kR/3P0rWooAyf7Ij/ALlH9kR/3K1qKAMn+yI/7lH9kR/3K1qKAMn+
yI/7lH9kR/3K1qKAMn+yI/7lH9kR/wBytaigDJ/siP8AuUf2RH/crWooAyf7Ij/uUf2RH/crWooA
yf7Ij/uUf2RH/crWooAyf7Ij/uUf2RH/AHK1qKAMn+yI/wC5R/ZEf9ytaigDJ/siP+5R/ZEf9yta
igDJ/siP+5R/ZEf9ytaigDJ/siP+7R/ZEf8AdrWooAyf7Ij/ALlH9kR/3K1qKAMn+yI/7n6Uf2RH
/c/StaigDJ/siP8AuUf2RH/crWooAyf7Ij/uUf2RH/drWooAyf7Ij/u0f2RH/c/StaigDJ/siP8A
uUf2RH/crWooAyf7Ij/uUf2RH/drWooAyf7Ij/uUf2RH/crWooAyf7IT+7R/ZEf92taigDJ/siP+
5R/ZEf8AcrWooAyf7Ij/ALlH9kR/3K1qKAMn+yI/7lH9kR/3K1qKAMn+yI/7lH9kR/3a1qKAMn+y
I/7tH9kR/wBytaigDJ/smP8Au0f2Qn92taigDJ/shP7tH9kR/wB2taigDJ/smP8AufpUsemIpBC1
o0ooAgithHVlRgUlOFAH/9kKZW5kc3RyZWFtCmVuZG9iagoxNyAwIG9iagogICA0MDUyMwplbmRv
YmoKMTkgMCBvYmoKPDwgL0xlbmd0aCAyMCAwIFIKICAgL0ZpbHRlciAvRmxhdGVEZWNvZGUKICAg
L0xlbmd0aDEgOTU4MAo+PgpzdHJlYW0KeJzteXt4FFW27961avejqqu7ujudTjrp9CsJeRASOoRA
QFIqIAryzDCJEgkPIyZiEiMZGgwJMhrDQwQxBMQIMcMjouQgIpcMBM5wAM/R4XCEO8fRmfGMceZ+
15ijczmeEZPKWVWdRHzNd+9f97vfd2t/Vbv23vVYz99aq4pQQohAGgkQ/4rVy6o/lNu2ERJ/mRDu
vhV1j/uf/vTwdkISkwmhHeXVD63+8zNfXCDEi+tky0OPRMqLzp9NwvOjeE/iqgeXrbSJdx0mJKkI
5yauwgnbq+ZeHG/FcfKq1Y+vPdthLsVxF463PlK1Yhmhx58jxDcVx8+tXra2mj/Ar8PxOzj2Vz/2
YPXOxTsKcNxHCGsgHClXW/hy1oHUGolHsfBXiOEKNbHVHE+yL1zrG0/ka33X+nKc9oA9JWAPlPNk
oBYSBj5RW4zWv/7lMUM6PqOMEMNedp2YiItMUuItxjprrUDqzEbqshE+xSGZ00hIDMbKN/p6w9f6
7JNxG0+y+8I3+sI5J465e9wcLU3JDTvsMpdJaV6uPZQX8BO7TALc/i3/8/1//XTL4LmeHk6lO2mn
+hO1KkLH0rvoDJp5syPCfxxRG9Xd6gtqA4pUo4V1IS1u8lNlnLRLdD3vFOtsu+zG5807oc7+LKt1
7qR1RLY4rOkmhyHGEcuTNIcQ4oJxSF5Yo+9aH55o9GHfN9An9/bLeMg5MT++Kh4JzY3Sp++B4XOt
L+vpYdM2D26lTc3NaoRratZJ2/8bNXB2cODsYMdv1P1Inxvp+wPSZyNVSoKZURF2GmslpIh3GASH
yZpmCZE0AyfL1y70DvRe65P7kZL+8I3+MIoth87ushTN7rIW3T+7Sy66v/gMkYfO4VNlbMoke/6k
EsWt2Jfay+zb+e1su2G7sdHUaG4UGkWxVKMx4ArZo5TnumjtRfWhZna5SV15KcK/10fXqFv6vs6K
oKEQbuhz1OkcnU4H2aoscPhkB894u4/xIu4mMyf4GOPlJA44R5LdAcDZrJyUBJxFm8pwgFgnS2YG
tA5qjQQ1a5UsomBiPHCS00Cc8rV37G7NCqb29rlR6I7JObMXFRtl9pmRfeYOG2XTZ/pA1kf6rDZX
Egzl5VJsLmQHApDrwoO8jgv/O5f77OCMnesHr9Qf5+mVP0XYEjSOCB2vXolwIW7KiG3UIk8SuU3x
iGYj1LFas2YNhjST4LCgIZjQDqzDZir3apLv/7I/LF/IUcw5Qo6YY8mR+FEL0GQZ1TuQc9ycJk3f
ka+z+tQt+K6moY/ZHPY5SadGpTAU5JIDPouY5OO8fp9oETNEiz/Ax9JWtoGMiW31bHA51o+pzvCL
loDX5Ha4OAcxOV3jk71OYsvJkG9c6LvWi6Yg99sdUeeRe29cQNO8qPahFKOSs36Gp0b9WBI8TtCR
SpVnDEkGnzGYJqSJaZY0Kc2a5kvzpwXSgmmhAqFALLAUSAXWAl+BvyBQECwIFQvFYrGlWCq2FvuK
/cWB4mBxqFKoFCstlVKltdJX6a8MVAYrQ51Cp9hp6ZQ6rZ2+Tn9noDPYGTojnBHPWM5IZ6xnfGf8
ZwJngmdChTmZ8zP3Z3Zl8qWkNN+em0RzwxPzJqRm03E0b0JyIMy77aFxNBQ0uGJifTSJumL4QDC5
rcH7rz0vtj969KMPjtMxVNhEE1obvBfe3LV71T999M/d6mX16k71o1l0+eGDdY/dtzIzf9KlU7//
z7Fj1ZN7tz9UXrpsQv6ED8//8dMwGcam46jzBJJMdimzRMEMFpMPeDD6eB4yTDxJBD6xTtwdcta5
au0SX2czGP08g3gTiQW/GPKC1WJg8eiY/uT4GDkt0RJyBFNGsELulc+dszvck1Hqjsl2bJpJ94fD
aDZqv2Oy1kYNG/dh5dhQOSdEo83GlSLXbieaM4yjmdSu27UOf7wrxpASFVcm5QtL1mX9do/q6p+x
bPFt5wYJ2lwR5WnC24Mtm7bu3r11E/e+tOSnalmE/mrrvYO/i2i2ePXcvjcDrdu2taDtD91AOSxE
OVjJZmWyVYq6qZgkiOi5Ipom/41TZ4hg0T3XSGph1GvNNmKwjXrtjanotfZR1kYc1jTssMijyawZ
oAdEKpoEs0F0Sk6rLIekkNUvK/J8WUSToK4Qxaa5khk7w8L6wXf7B9/dxv1yB32etqDeIjc72JJI
ZCAEv9OAiZLF6Fdfol95SKEST55zbwBpu32DxbweqhOsDouHxKQYpARUz7V39OgV9RO1L0eRchKr
Etdw6+PXe15ONNBSauCHg8yoGXJ22YEiz2dfTlF/rarq0+rd9C267inqP9Aw5tdHfnvt2ocvnMmk
nX/+iB6gD9JyekC5Xd3xy261R30D27mDh8kwzkAZylokk5WYKMogyAiIMiHEGC5okW/0hgd6w6Mx
ULHZpBxJkeZLZVK11CgZb8WYXFcUYc5F8cWryYHT5GDYj3IQMaJkKw6ywWLY4FhvqY6DFJc5xSZp
0WxYAAgciF9V8Q3xPfFX4hG/UvRIG2XXHRWBfoT1PadP95zt7j6rNqlF9DW6lkboUXXREnoHnU3n
0DvUbvUt9ZTaHaH7aAW2l9SVGHdb1JVE5/s+tDEV+XaSDUqWzWc0Ggw+WbZlyEZqMUGdwGrttM5K
zGlGR5os4lFCccgOLhgzDLm96E69UQf6UnMiLeTd4jxoVUYjJaVKouKa71plqHY1GRpdL7uMRmOs
MdWYb8yXV8mG0lHh0RGU1vzqvp4e+h48dZYTetSbA6vPatL8+g9wOIImxucP3BGJ8jATY0Q7P514
SUQZ64kxSm4K7cx9QGhLcFiBtrNDMrHf40ycZbDlOWVpJk/yPAaZuz0pigg3buGh340QMALZOSeJ
z0d8FNDwZncJRRi6k4iCL0wiSUPn9NB9Mtu33dflg1HdT0O4jHUNY8KEVA0mcTBz9276ldJR/8Zb
rYNPbZzxk8qVT0YgL9KytOi9dwevRyJcXtPDL72qhqJ2UoT+wiM/mp1kKU7SbDE0O9o0O5nmmmKe
ZgtrhnJDN5QBzVBOyvFKfFk8aFYy0S6nRrH5Vivhjlbff19NzZIlNeqf1fO0kMZTD52mni86R5Gd
nvOq+vc1CGUGaqTp6m/Ur9Sb6vVR2ZpmIS055Aml0O9xSrwhk4BsHNOe7pUPjIO2lEBcjMiM7emH
QrFmEu8UZlncc+NNeRbZ4JobLzuDszL8clpyXurt43UXmooJUu+w2aCYNalHxY7GownePRmDoyKR
cHZYCZeFq8Pbw5rj/7BcvzcYVQH/wT1Ha996s3WwqeG2RQ+sahjc3zBt4VLsn9FUMW3/o0+2Q6Ri
2ZWrmvjpl5dW7Xh68C+3nmnqKV28QtNHNupjpiGGxJAAuUtJDriYPS6pwxTXYaXt0EjardWmNkfC
NHGqk8tz2XmZTApqlqWbloYXvVpGqlmVblTHC0OIsvl6RqeRquknFEwdg/TTmNho9NA4utRKb2a1
Vn9Mmfr1x9WtWaqB3lxasbqkZHXF0ggLrR3cumiBel39Gtu1BYuaIrT89MGuTz45dvC0pjdMnvg5
qLc48hMlhcTaTWYnZbZ2OzsQ2yaZ2+2HRGGCicsl8p0Ok2zJs94ej9pBbxjNoXQ/kC9o8dGhKcTn
yfYUeuZ5lnoaPJpCRpKA7wl+To1h/pzHnz4/OHN3O8dPePUJXwmfq/7qJ4veeVNdosv1TFWledjO
+dNIo5EkkgeVoAGIIJN2k/yy1BxjOgjNnraYaq9sJ9NMk82GQnfYq0lVixJRy8cQ0StjvNbpC5Yl
NSS9nHQlie8hPYYeY4+px9wjXCFXDFeMV0xXzFcEC4IM1UXrpSzg0kWdn2vgQyN+AnlzH7h/HvfB
YMoTm2ufjTmYOUT+pPap72PiI1ET9XDF/3Lk4K8cPzP9+q11j7/ZiVHQitNp6tsjPrsKbcSCNjJH
SaHE7hX4Do/QEZPU7m+U2mOqPW02X54Xs35rnjTVOM0d1ozkRu/A1Km93zeSk4WhhtCxkIY8w+ag
08s0YVtR7hrJKGy3JneoKnv40ZL7Vj9cRpfvVo1Ze6r/qA5S+GP1niw0IfqHh08fPPbJJ10Hj0aa
Fi3AKoyhn2csWEQH1kZzLXYV8V8m8eQeJWivs8Rpwc+Kwc9icMU5bJIr22zLsEshsx4HPZoTX0Av
joKkXa8K+7XU6b8jEM1PqE5oTIBRNA9jRsSHtMoFRtIiLTAu/Iqmqu//Ve3/4ovqJ1/cu6laA/bP
Ll3+d9UW4T5+bcdzr47iINFxPQ3rmfFJqcQnx1pZKvW1W1MPmGJfdjbHJbTRdlO1FfzWEB+b6+by
kmzogCHZLYbT9Rxc88MorUjoxd5+9aJmNfqM3aHnfznKWF9GQUyhqzC20F0YVxg/2TMvoyFDyHRl
x2a7GywNUoO1wdbga/A3BBqComZG9hE9pOZNmDhlWEXGUB56gJ+neaP64le1qoaZRx995djXg6fX
NVbUxtUsfaeGeqlZbXtqRcW98xau5LYN9kWaiuYfe+WN44Ub1/90xSfB4LXB319/5MEHVz4SxeBi
9JMslEM6tSt3Yh5osywI+M0CZxIX+AP+kbrkNRb7moc1k6NjPM2uo442vTYJmCxezp3rQk83zXMl
e+cRWzham1wYqU3sw8XJAFYrf+rXYfkHyxNFEs2iIIpYCkmi1YAhvbEh8+XMnkxIN6cL6eJYy1gp
3ToxNCNUYi4RSsQSS4lUYi3xlfhLAiXBklCFuUKoECssFVKFtcJX4a8IVAQrQpvNm4XN4mbLZmmz
dbN/c2BzcHNoj3mPsEfcY9kj7bHu8e8J7AnuCR0xHxGOiEcsR6Qj1iP+I4EjwSOhqaX0+xXKxKhb
fK9CSS2rsbZsfKT27od3/mLX5zcfuL6xxtzc+EiVsmjH1f3qkPrFit/7aPrP6mfPVGZ6UtL3PPna
EV9AvbH60Rl3TJzmSsnbt+XEq0l6nU2y1cVsJurDQkKkRskc8XWp3RZEZ0eXb7Md8r/gqU72TSDo
6FMDVt3vpUnJo2FBA1m5V/9UoYW9EbcfSTOS9TQjmSQPpxmKWU4pTGlIOZbCYwJ+S5RIGcHdkSgS
hWMufSRSqG3fCSMdg8tbuVkPD8cKHRO+iSLqrMhwTjV+6GM4zGowA3lA8boF2UTaeU5H5moDdyhO
NtqpmclAJmEuMrUv/M61CxoqIzwP9MoXRj98iEUaQ9o3jzidozgSN5I4zYtfitktlDpD2jcOe8AV
sA9DctSv/mnvXrqcjlHfH1ugTONeML907oN98HqE3qOejAyu2TJ98X37Nza/pesDcxTuN4i9InGR
KUocdJod7TGHZEu7lcw2SJiJOG159ttjoxn8NT0khwf6PsT6QvS5s91l7u3uLjejpU7deLCGw/fT
0bD2y+oF86qq5i2opptaB6u07IEVLaiqwslHv16jx7PhPEmnwUzGKw5Du6mRJ+0czSOyEfLY7UL0
3cNv1t4rZotl4naxS2TaZ7SRd3GFw6+IRLQQP/z943nEZxeZp6RLu8Sd3/4udutnsQyHEDLoIB37
DUjf6A8PA3S/ilan9uacsLl97h/5JqbXLSy3ebCVrm9uVp/69Nvfw3ZF6zktbm9C+/eQsOIm7maQ
7M0Wc5tWzeVq1dw0Q/jWam7gwsAFWb2Qc9yWiIkPBs3hiPstP9U0z29K/fQf1V71Mp1AHVV/XFMt
b3hsV/26zZUbrXTOyTdoKhW1gJuRob7ftOnyf35xpXGtTk+hlv+j7L1kbTT/p5j7YwXQGE3/hbZv
p/969s/fqef/Wsrznfx/4Jsg/H+c/tt/LP1v48h30n8tg6v/ofyfDn2Audv7/Bis++uVAsHMmX4u
WSXjzw1GK3ZzTEYkgWccGOZQSjKMxGJiGpdwiFgls8lo4Ckx20Tum8J/4NuFv4bp363805hW+Utj
+Uw2m5/N7ufvZ4bSwDdlPnaUvq02reGWb8RsyLKFbl+vNqE/RgbLuP1Y7C/U4rU6ma1Cu/CRseRx
ZdxYv5wYstH0Didp95oszUY+1BHf5j3EH3ZWZ5lzjUl5/kSbTKamTjPGhrO0oHQjGqxHofGiekHD
Rj3NQH0oiSYhTkgTCsfxxETMPKKSbI4R/Ca/OVkw63FZR/oxedGYcBu9NVVCHugtqVQef1U9r/6u
4re1NbYtGzuabk2b6FeqcSSngtcHyj76j0BAfbj8pUuRWxOopoi6dzi1Oh3NVzAuaPzHYlxYpGSE
3Eanx98hkPYYhoWCp0NuizkELwjVyfwEt9Mgu7g8MtU7TQon64lgOJoJ/kBUOFGF0M+NpB259r/N
1e7BFR0/zszXASxyTv0NNtC4tHpnC9pfPHlYCcXKTLQ4D5jcGpweMlUjJ3GzYnkZiZ8p5dlkcZJH
+xKgJbLRPBatLTxa65AEOuw9WjDQAoFHdyEP8Qy70IntCV0J3LdSKt2TouzgKX9jt2oo1J2H3ryj
uHLFRn7MwMJo7cxlRgafv1jZdpR+oMctjXog2t8cC+G5udgnYWYL6EkNZIguosvoWrqB7uQuch/6
U/05/gL/0UBwaEj7z0L204W0DNfrh9eduD55dP3HNw0PPqR76T7ahm3/cLuI7TLV/hAZ/+bd/zsb
T7S/UxQtLFEfi/qR4S4hny7sTcSAXBKMPj+0xRI7YmMMcep8JqHwtS0BJWMlNozJAeLAOB9Pgui5
/3/7sY0jHF2vHfWq6Usqkwoy/F0PV5bQ5ThqwuN2UkbXUwygZC5ZQm4jT5G/4PxG/X4f3YjtqP68
szhzNnqG80fxKYQUkRqykbTq77jEL+HL+fV8OaZBW+gWnPmdtoaVQBafjtduxH09ri3XzmkhtnRS
TrBKIO048yWuR8heKrB38cn/QFPIKnzPXNw70O1NSMt1auXKqQWvrdUMDC0E+cNMo4KsIRG877re
PsfxShJh1w0x3JfI1yxcM/Bl5BN8eg2poQLNhVzur3jvXJxp1riinYSDCjTbMmxj9DadLMfnHMQr
ImQft5zL5cdoV+m030Y+ICd1usvJDhwvJJ36kcAAeQ/yaDnSr8kmnp0ni4330IDBSrONDSgrYvCS
jVw58cF0UkvQwE8atK/elGDk6eJS7l7ZpSwo9l8uCWSN/c7QLxv9XWR+lxTxnxoaml/MJ7CSLpbY
BSmmLj4l9G8/tvhvWWNnzy/2d12dMX34qTPKpuPcomI81UY4jfMzpmcRHYW4B049lhUzY6lt6n8Q
n0lX9nvvz/1fI/1X8wc+tl43p+O12iLVL8CjcZPqJcSWi+vV1uvD899sIf5dUm74nJQZ4kkZu0Hc
hryhz9l+PL9Emri3US4HcS1v6IbhAbIYzuL5X1Fy88l97CqZyRaTItPPsG8l2Xw+mcLcpAjPizBz
LGPZpIjfSIq1NThOxoNAZmo7e52U8X/A666SQv7g0Afa9fp+lWQP0zQd939G4quR6Tjc+1B/xWgD
H0V39j+Qqi7kDLVmPIWANQfBSsYd1wQsc0W8z5KMOyKmtIsQK65b8R7b54TYGwlxrCTEidc7cc2J
z47BOReOXXh/bCshbtzjyrT/77q0QpyZZJLDKFVO+8uqYTCfSTfhmD/FNSq9V1T49Wx4V4V3BHjb
CpfDcKkbLnbDP9yECy3w9yqcV+Fcz13sXD303AVnc+BMPfxShG4VTqvw31Q4ZYOTArzpghOp8IYA
byj88b/zsL/zQNcxD+tKgmMeeP1lib2eD69h91oAjubDqyJ0HrGzzjAcscORRv7wODi0N4kdUuHg
LxzsoBd+4YCOVzJZRze88riXvZIJ7di1d8OB/R52QIX9HnhZgraXulmbCi/tK2UvdcNLjfy+F1PY
vlLYp/Av4tNeTIG9e+xsbxLsPTV0Thni99ih1QKtCr/bCy0ivNACuyR4Ph527ljJdqqwA1+xYyU8
t11kz8XAdhG2K/yz2yT2bAxsk2DrFoFtDcMWATZ7ofmZetaswjN4xzP18LQITyXBz3Hw8zBsetLJ
NqnwZI2NPemExgaJNarQIEGDwm/AKzaoUP+Ej9Wr8IQP1q/rZutVWBcpZeu6YV0jH1mbwiKlEFH4
tSnws3yowzvqKmENdmtuwuNeqFXhMXzyYyrU2KCmka+uGseqVagaB4+qsFqFR2SonA0VAqxS4SEB
HlL48gA8WA8rVVC2raiE5d2wrB7KVHggFkpFGytV4X47lBR7WUkWFHvhp2FYLELRIg8raoFFHljo
gQXzY9mCFJhvldn8WJiH3Tw3zL03kc2th3vvlti9iXCvws+xJbI542E2Ls8Owz04f0893C3BrLsE
Nqse7hJg5gyJzQzDjOkWNkOCGVGVTLfAnXfEsTtb4I44uF2xstvrQZloZooVlEa+8LZ0VtgN07Cb
Vgq34StuS4epU+LYVAdMKXCwKXFQMFlgBQ6YLMCkfBubVA/5eHe+DfIb+YlmmKjweRPiWF4LTMg0
swlxkGv2stwWCKdLLKzCeCvkWESWkwTZyeksOx/GBQQ2LgmyxtpZVguMxXvG2mGswmeaISPVxDK8
kC5BusKnjbGztBYYg3Nj7DBG4VNNkIKPSOmGZGeAJadDCLuQCkF8YLAFAn4TCwgQaOT9JvArvA9X
fRmgnEiyZ7GkAvAGILEeElzgCUN8GOJwOU4Fd2w6c1dCLI5i08HFBOZKgpg4cKKQnQFw4L2OerAj
S/YskFE6sgo2XLMlglUGayMvIXPSTbCIYFF40QYCXip0g9kLJqOTmbrB6AQDPtYQA0wApvA8OBjv
Br6RB2pj4ABQeA7POBXHQLGQxyLyFF351Daa+f/mRv5vE/DN5iX/BeuWg/kKZW5kc3RyZWFtCmVu
ZG9iagoyMCAwIG9iagogICA2NTc1CmVuZG9iagoyMSAwIG9iago8PCAvTGVuZ3RoIDIyIDAgUgog
ICAvRmlsdGVyIC9GbGF0ZURlY29kZQo+PgpzdHJlYW0KeJxdkstuwyAQRfd8Bct0EfkRe2gkK1KV
brLoQ3X7AQ6MU0sNtoiz8N+X4Uap1IXNYbgDd2Cy/eH54IdZZ+9htC3Puh+8C3wZr8GyPvJp8Koo
tRvsfJulvz13k8picrtcZj4ffD+qptHZR1y8zGHRqyc3HvlBaa2zt+A4DP6kV1/7FqH2Ok0/fGY/
61ztdtpxH7d76abX7sw6S8nrg4vrw7ysY9qf4nOZWJdpXsCSHR1fps5y6PyJVZPnO930/U6xd//W
NhVSjr397oJqqipK8zwOkWtwHblGvE7xAvFC2IKtaDbQbCKXeeI4xHiJeClMYJJc6CvRV1vwVrgH
98IM5sgEpsTQkGjIgZ0wziI5y4CNMKEWkloItZDUUsNnLT4JdZHUZeDNiDcDjRGNQa6RXIJnEs+E
eyC5hwo1VlIjYR+SfegR/Cj7QGOSxiBuJA4PJnmA5zjIw91eSJ5Qeu3eG/YaQmyL1JCpH6QTBs/3
np3GSbLS9wsRFr4kCmVuZHN0cmVhbQplbmRvYmoKMjIgMCBvYmoKICAgMzc4CmVuZG9iagoyMyAw
IG9iago8PCAvVHlwZSAvRm9udERlc2NyaXB0b3IKICAgL0ZvbnROYW1lIC9XREpDUForRGVqYVZ1
U2VyaWYtQm9sZAogICAvRm9udEZhbWlseSAoRGVqYVZ1IFNlcmlmKQogICAvRmxhZ3MgMzIKICAg
L0ZvbnRCQm94IFsgLTgzNSAtMzg5IDE4NTQgMTE0NSBdCiAgIC9JdGFsaWNBbmdsZSAwCiAgIC9B
c2NlbnQgOTM4CiAgIC9EZXNjZW50IC0yMzUKICAgL0NhcEhlaWdodCAxMTQ1CiAgIC9TdGVtViA4
MAogICAvU3RlbUggODAKICAgL0ZvbnRGaWxlMiAxOSAwIFIKPj4KZW5kb2JqCjggMCBvYmoKPDwg
L1R5cGUgL0ZvbnQKICAgL1N1YnR5cGUgL1RydWVUeXBlCiAgIC9CYXNlRm9udCAvV0RKQ1BaK0Rl
amFWdVNlcmlmLUJvbGQKICAgL0ZpcnN0Q2hhciAzMgogICAvTGFzdENoYXIgMTE4CiAgIC9Gb250
RGVzY3JpcHRvciAyMyAwIFIKICAgL0VuY29kaW5nIC9XaW5BbnNpRW5jb2RpbmcKICAgL1dpZHRo
cyBbIDM0OCAwIDAgMCAwIDAgMCAwIDAgMCAwIDAgMCAwIDAgMCAwIDAgMCAwIDAgMCAwIDAgMCAw
IDAgMCAwIDAgMCAwIDAgNzc1IDAgNzk1IDg2NyA3NjIgNzA5IDAgMCA0NjcgMCAwIDcwMyAwIDkx
NCA4NzEgNzUxIDAgODMxIDcyMiA3NDQgMCA3NzUgMCAwIDAgMCAwIDAgMCAwIDAgMCA2NDcgNjk5
IDYwOCA2OTkgNjM2IDAgNjk5IDcyNyAzNzkgMCAwIDM3OSAxMDU4IDcyNyA2NjYgNjk5IDY5OSA1
MjYgNTYyIDQ2MSA3MjcgNTgxIF0KICAgIC9Ub1VuaWNvZGUgMjEgMCBSCj4+CmVuZG9iagoyNCAw
IG9iago8PCAvTGVuZ3RoIDI1IDAgUgogICAvRmlsdGVyIC9GbGF0ZURlY29kZQogICAvTGVuZ3Ro
MSAxMDU2MAo+PgpzdHJlYW0KeJztenlcFFfW9r11q6q7eqvqvWloupsGmqWRthEVRVOucSVGHQdN
iGgAEVA0atRGgolxR3ELYkKEGIdMzCIa4xA1SgwxYxLHSaIxTjKTRbI4L2Ey7zAZY6B4T1WDmndm
3t/7+/75vj++vlRX3VvbOec+5znn3AZhhJAGrUUEeR5cNG/JJ//REIuQ6xhC1JwHH17uqcl4oQsh
j4AQ3lO0ZMGib9b+tQ0h70G4a+uCstVF89Y1zYDjF+EedXHhvALjE3cfRSguCGODi2HA5NG+D/1i
6McXL1q+6thrfDT0q6FfV1b+4DxE6eHYFw/9+kXzVi2hH2cyoN8Kfc+ShwqXrFjN/gD9zxFiHkAU
KpJq6SLmIEirQk5RR7+N2LexmsmjaJTedqljIBIudVzqCJqNXmOC1+gtolH3MhLd/ZVUqzLc+M+H
2GSEUX3vNbqK+R6loKliKucqdJuXmwrthW4+eTkqTCwkC/n8VE8s5/Ila5CPZZ2szqJBJipV6Grr
kJ8udBqz4APvau/q6O4QznVKnUJnVtA8EmeEbFYLq4rFVgvtjUv0GzNiYWxw5qDEVJwZOfDFsSrf
2yuuPPDJD4fqW96VvpFurPhs8RLNy/v3HTnePDd0+PCOjRuf0C9hagMDXv/1xlc9zisvvP9ZKAPH
7dhz5MnmV4t27lq3de0jYIvh0iy6hR6LdMiHfiEGMDK6iJ7e49SH+bjYsEezx1LtzPc8xtfHuwNI
5bRneg0Bl4D8+mC80NURCrWHujqEdlCjo6Md1OgMCaCG0Z6VFTxWldCcQOE8UMN2S2q/L9NrlVU0
WS2UT1HO6s3MwAd3V2/buXNb9e6WI3jh4Ocq2m7caKt4bvDLPdePUBMWtp7/8tM/fv7Oq6VNBXOl
d27elM7PLZCiS0vluYR5mAXyW1A0yhFjKbU1jNT7mBqdowY9ZarW5ceoOasTRWMnnxIjSwzGf0+2
endHhyC1C52mrKBo8rhEV5WLXEQX8UXqovViNJMHgnsjkg/JMGBfHMochDJCSDUAy8anZ3V/c2D/
6qfcewLfvXFd+grbvvwrpi6xOzdV7RIopL7ySVXl4WacIXXjQdKVIydeP/0agBFwMwkh8iHI60BP
iHFqzsxgxIeNiLFV67mwsV6rUVNpSAiY1H5dwBCMErraO0LtAJe2gSi9szMknTsHBj5nzDKC2EMF
JGCBEohAC4xgFWyCXXCkO0UkYpESiUiLzFiraBPtosMKr6bkiz3YQ7GycpObrTNzX0dRva1wKgqa
ONQ4ZOhsbPQpGlojE2Psny8b+bCEyZm8aeflngtNzbh48KFw2oN0svTDPTmnmiVnSQmZufD18lKD
rOOy3mvkKOiYjK6Ko3xxVLx3pE4b66ZcnpFanXaqVufx0jb8DGpkavy2Z6yNzhpTtT8/xaPVeV1q
e5rVNZJX+63j46k0Ho1LUTymvUPBlanfZ7o7AHadP8hIC06ekasSDN/BoUr5nh131JOKcZ6Y63f7
PX6vP87vm6OZo52jm6Of457jmeOdE5fr2+De4Nng3RC3wVfrrvXUemvjan1N7iZPk7cprsnnElOr
Ug9bDlsP2w7bDzsOR52xnLGesZ2xn3GciTLkobwhmbe8Mh0PwJmDBoON7NY+41lsbiz7LwsQX1ZC
b9uy5rG5+9Zvrvjo9ZknHiyhN61YvnLOxl1713/z7oK24TdWPpw3e/ysgWmBx4t2NQVSvl2wfPr0
MfempKVvK9/7UkDGTQTnJWBTLbKjVNGManRsjQxvB3Fax3IAbgeAu6sjYhuhM3jME1UeBd6X0O95
IJO9H8RWC6KK9+zdu2fP3rrd30pf46jr13GU9M34P7e3X7/e3v7nBwG5Eg5Jv5Mk6UI/bulOeL8L
LREHqPQWJ02wfb2GhJn6aJOB4LCmWkDGEeaYAMsHzH79MDrgZP0oQAVjIxju6mgX2mWmSM/u7LSH
upXphNk7nu6ucje7yW1IxiqQjIUWgWTGnTDsx2VEJ+jMlNGY8WxZc9NBiW7IX712Q2MJmV76etni
dz7qOVdSQqE3d558BRB6245bQQ8NSkKPiOnRXm0UEnQ4HLVbXWP2bvdti61JrDbn68IGKopB3rQ4
fcDJI7+WccbZUpIj7A2sF8Gi7JPtUucPXytQzAKnlNkkXkgpT1mV1JpCh5NacSvVStroNqaNbbO2
2drsrY7WqFanXnbBzMi0AIrMilYyzSTKSPL2U3xmxPXSv9u8YdPyZdtaDkoHRzSWHvl951VM7V6/
+DFhbv6rs/74Dc754uFw+WPb8ameD0qWTRp/qvFXxyeuXl8w/0py8icR3tkK85cD8SoG4pVXZ0G8
Hi2nCpyFzEL9SqNFr7MjDbazaoNGwCatC/S8HaRkLX+Qw1Mb9IKidrxmvHa8brxlvJUBJXxGWUba
asGsCssz483EI3FEAcwuKb1afB0bpN85dNJGqnxF9wj8Vu3ap7fU1NNLsSYr+8uzn0gX7XCuRTq4
CLfV/rRl76Ht8jxthHmqAXllvPsA74U6ttC0UMY7mIxjee1tvMtMEEwImYwCRBTKKJgA50ZBxjl8
U1v31dXtk7e/SX/Bxr91YUH6fjyehmfgmXia1Cy9KL0kNT+I6/BiXI7rpGJpp7RLKlZsdhO4ugtk
0KBVYgxdwLAMKWCZqYSlMcMuVONliFMZaURphUttbd0yQ3eEutoUbpY5if5OJdDfzY4DXGtkXGuR
CA/VIm1vq4JrkfMgD07n0jW0jH2tco2Cfa18rXKNN9NrZDITwKpW7MO09CEu24KBCP7w5rqOm+GS
yNzOwVeoOdQyyGeEVylEY0QLSoy79F7Q7LV651BIQtSyeriWoM1g1219dk1HI8W4eAcptHKFsXxh
ysLY/GC8Q2di/DomDbHRVpb1e7VBGfRd/WjoN/hHnYAF3M8sAGFyx3Ekd/HFxQOYh/STI7AhOdGw
Y0eDvCVvWVOxdWvFmi1lh05LP9z4h/T30y/sfebG1as3nsF1jUeOND5z5Ah5eFNd3abNdXXn7Rca
Prh27YOGC/bow5uOXbx4bNNhGSOXe6/hz8hqRRe3yJN5nHUez+U7TCykMw7hUnZHSBZXljw4pF8G
cDHjHceXpw4dOnVKVtaUqUOzpkzJGjq1eGhODgxNpdr6xiO8cRf4TzPYjUJG1CAmUAWchsMFGg03
FWt0aJlBJTDLNAsJpaZZZNQTXqumTELXpWwARjZAArDR3p0tS9QHDkFGBwPoOJrOQaw67uE8eo+B
RIAwuVk3877JzXr5i595H+DCpODCBC2CC9GhxU48FE/ENEvZqCTNYGqo5m5qgkYFsQkbuX5PlIHj
NWZQ70oUOd6T+33Pcmr7OeySrn2PbxJn99cSW4ITFpGubk2p9ImMpfzea+x85jLkA4vFBB0bZUbc
eptRTxNUzlPzbflOEs8Y4nW8EG/C8YwReZ3gh+2X2rsVbgdsZHfYQ33JbfCYOzo/mlKY3QRKmRVV
nIobOJGzzw2O7YhujKaASIDifUZBxk9Ufwd5PciI3WeoCWdOfvXVyTP4xmnppnQO2t+ZktLS7m7p
yy+/xLGEhuNvpRcgksXgGcp8Qbyi8plrgA0rmijaCWcKW+oFoHVEWH1A5zfzAWPQBqEp1N0up/zg
ut2QGQaP1tjx7VBkU8xugxYxu/kO5JhvJUhvj0kfMGZ0evqY/3i558/NEI6YpQPGjh2QPnr0T0kl
cjCCZwyHnMjPLAWkFosuuwYJ+hoLrUZhlqq35DtUghEHOMZPUDrwWrac8r0XyXPguE2QFObFMiJA
KIdiQAdy9POIlVExaqvKqk5UJarTo6qiaqIaojR5Zh+IFwHAHXlsYuYfDxx4Dc+RmgaNnzCa2qre
vrPhcXKqFE+Sjpf25G2c8ou5Ozdse74/Vl5jLZBbe9E9YqKNFqwERe3Ru/eojGHzUhRW5eurKVPA
KhA/DqDMGKcmJU6mZRA7W470He1yadNfEIgc8gm+Kl+zj4a8pD/gUZmDTHLqJBuSZN5BInRGs1Qn
lwI/3nhLLgVwUcvu6u07d26v3l1SAoUAHnLzJh48t4BKLvnp3YVn3vn8j59+eV6e+16oNZlPAMMU
uMtL4r1IZm6qAFMsy5iMlAAczitDEB1UahUW1CoDbFodpRfUatVUijWUQ06gJnQ5O19DjAJv0GvV
KrgBI72ZI2YgVlBIzmTaAeyXOkx9Ls18Zw+pmO/kP0GtuLdKGerrgK8nmeS81MYjHvMGnqeTmCQ2
SZ9kCBhTTazsuV4OSjwMTcYW8ZIMK36Sipc6eyasoyy/pqy7e75oquyprjxIuahzP7lKmNKbT5SU
4AlSS18sGA4GmA5zxiFRNLFh9VIahSmYHL+KBJigJgL4PrgD2LV3gF2jgF0DLQL2hFsAxwflQgwq
s5KSEkYskd/zImDjK+DDZOwXRys5vqDtS/IF3e0kvwqMv9hvq7IWOBebFt5O8nkrxSN1slUV70pG
PPWvk3ylMIbE478l+UJ/li8oWb7WkxpMnZa6JHVtKnMH00xutih0k6J4SwpK6feW5UmaZG2yLlmf
7E72JHuT44ZyWZph2mG6YfosQ1bsMPcwzzBvVtxQ30TNRO0k3UT9BPdEz0TvxLjZmtna2brZ+tme
2d7ZcSVcmaZMW6Yr1Ze6yzxl3rK4hb4KTYW2QlehX22ocFd4KrwVcat9QxpTm1MpuWIw2n9eMcRH
YP/zikGu+E8vY06eOXpy6fG3PjqMDV3FN6qXGo+8uv9Xa86/9u5L0p+l7yp6J0D2cujZbRvLlg8Z
Purs86c/SEuVzu7f9mhFaTh7yIjXG65+GorgAWox5iDMkwsNFaOdixERqvgCy2LdQpIfa+T5RJcf
2Q1cAiTpEOH78yllPSJ4THCXu2X2Zmm5Uk+kMoGPQ3SfyHKiJZMKc3C0dL5z1815SxbhXXhiGFsa
liZ8dv4vP/zwl+c+DuKt718pmLcEu47h+/EL4ijp16eOQsL1G6lFeqlhf39dAXh1oXIx4LSo9H1V
xdL/86pCCT3/67LC+L8pK+aG5bICoN8z6466oubE0b66AqMh4A+f0H6ImyvEOLuR1ekt1HrOoQ/z
qJ7Lp1HADuwewMMMAcGvS1eCpkyT7ZHEoANCZigieH8m+E9hsiq6WQ6Tfdo4FW2c8mWRut17Rwmh
6BVZdTH6qMs492XpyYwDpUeea8JzFVVof/eYklMl5eevUFmlPU+c3XHqFXxN0UPmfBfUR06UKTrR
PnsN0e/VPWGs4apJfrQhTedEFiebEi3D5b1LfeVmt7ySEjxaHiOTSWStRE6/7wS3jBTa5f9Ts1xt
Or8t/G1hqXXbuifq9tau3O7Edx06CgUn6sUD04PS99Vrv/n662/XVPbzGf0N4CMKV4m59gZObWuw
2jg13yDwak5taOA4tdlCmawjBYHnRxp4m8061carCaXnwlo6zC51WARChbX1JoQZwlnNvE7DGm0q
kxHBnKj8TIAEYTbkqRBaW01ZUJICAcl46gBuV1a0btFPhMYVCuqjePiTM/yjfLTMRH9QqTmes6nt
NrWTd9oS1cl8sm0on2XLsk/gZ6l/yS9QL+AX2IrtK9WbbLX8cbWD5lQalZbRMXrWgAwsrzZrLSqb
iTNrzFqzzqw3GQSDlY+2OKx2WxKXpEnSJhqS+TQhxZhiSrUErMm29OjBusH6wYYsIdOcZb0rejw3
VjdWP9Ywzjyby9Xkan/JzzLOMs0yF3NFuiL9AkMhv0CYZ5xnmm8utBTZ8qNXcas0q7RhYZVxlelh
c9i61bzVstm62VYTXcvXCq9xJzQntC22mcBfybjPYSLJGReJUVgF2eWknu4miA64dR/+4rjUhvfs
6+mqk87ubJJdpluLny4tlT6F0rQEv7pR+kCJ0cOlLHxUyc9i0UIxLlaw6whnt0XXmDlI0urNT7sd
aTbI1WyDeT/ka0G3PEdKKi+vNXZ3tEEJck74nRwswNc9+Z4lnjt83a14hxtaxDuOLbMvc1Ao72f5
m+Ik8pG/fy3ngpzIjQqmj0mDbOPNFyasGzlX9Yvp9/3yVj4nhUt/WnrwpNf7Sf6cikf71kVUD4C/
BNHz4iiP06yn2VREVC5hPfGHk+sTvA6LllGFB5Bqn41DUWbNCF1cwKOGDJS9yz4iym8NmO9KCqR4
/PGBxODAPlIDTfuIrQ+L2Z0hYDd5hVhGo12uwu8KzQ2Vh3aEmkPMbb0HKnoPhNZXJpjTNenadHu6
46Lmovai/aKjNcTl4X9Nef/UubXoQidk/mrxcwebJKoxv7zi0UZJ3benFJbcX7CmieSuWHnxfYUY
E57dohBjCRVo2Bg5khcHS5ZUQEb2aF/9GYUSUJ4Yj5yeQmIuM622F/LEWcgt5PMTLRoTYn2Mzupi
TTZWmygbpasjMvNglzZBWSqXF0Cj3dhNuYmbdjPuWLfb7XF73XGjzKMso6z6fiYa1LcQ4L01zybc
T0kQisnpMS8v+pPUi+3XezAvnZY+vefl+5boH1t09rR0evvevdu3762jnp48Ceu+vYaN0kbpgLRK
mh4be6OwDCfQcRfPnv39+dff/kipOTZK9apy5gAQ91S0SBw+etTkcf6ceB2aPC4pnujHhbnJYT4s
kjXx4VRujSOcOiTHn2QyTIhmR+lQtCHG5BrBxsRGjxhI5UA6JJNqT2co1L/SJFyKDEGcEzrbYEwe
7tsFE24tHQHrwswpCzD+xHh5EYmlrBaT3UbLFGyXQ3m8HMoHmYYMhgSEhpzEKiDmZ5k3Yxi+O+/w
H/5wOG/38PpDp8aOKZEuvjKnedY7nxfMXYRTX3r08/zMMqnz2d9Ir1Q+un7D2io8++xHeN7KKTnS
CaD3mmWrN24KP7T9xvRpN8+f/3Ha9O3d3Qk3T5Wfm7l+W6I/T9r4j+ekbxasrJwyZXxe3vqKKnz3
6y14fNUjm5rq53+9RuqSzhNcs7DyqcP7Gw4/rdQhUhZ9DXzMjQKoSMwIQPZsFmI8JBmFXcl7zOr9
Kl0N7dsTVW3Op5921adxaarYgCeG96PMRKdqiC0lLQIhZd3u9k8Vf/q6rzQBC5qU8mSAMKBqQPMA
KE/wz5lhBL6zVAG3uHPlI5PO6L6+sDU337Sh8sDe2xULLpbq+isWcqr7vq9+TEz8rDj/N201t4uX
plKpuq90aVXi3Ru91/C7qBN4cegxPYuQTrjU3QYJ7b25xzQUUtPZ2UJ29uyB6BiZx+XrIAxHzjGY
aFWRcz9b6nhjStaQnJwhWVOUZY0hOVPld1xV6iMa3uEVeaQiD3GYUdNIR2lYeF22vGIBpHMpG/ZB
rNSPPqO8EEUOUQN7Ljb2XKQGMnTPxQPywQFqoCL3y+DXq6HmckPFlUBY1ypnISss5wsthawOr0Tz
dfkel5HSxCI7y8UaNTzlAdnbLsnebOxfVFJ+A5PaTUoSxM2UE6FbCyAehdk80PrynTuXFDxKruSR
L4rQXiJPeJpneJZX8Wo+infy0XwM7+JjdXLpBXEBp6N0rFRc1kgGKK+J//zHNmUB1kizPTMHbZ31
n9ghfdWLFny8dCn37O79h55vmLM5cxZz+aA0Mz5e6vr2O+kf8q9r22t//+bZi+IYqlOpkSB3WQc2
UaOHRBch8k8wBGM0FSZrpWo+JhQmiNYgluLk8idSUnZ1GG9Vk5GiUbEFKMkpFuDkyu62BeRxRXlO
Ph+JdXbsIFQeh31YXkPx0ut6Wp6g0npyVpArTPnNnczAFnw/imStskyAMURTObCPRQKMGFAVZGIz
8Dy8Cj+Cd1HnqE89iZ6gZ5jnRW9cb6/8mypqxNNxPpyv7DtvhvNZt87/+4+cf3+Kn8T1eD+0xr52
Dtpv8W+V8//q44NNj+LgWwuyaoARBCT/1psAsroRf8eVHmSFb8f/KANCdtiM/+YcB1s0siAa9l6I
UiaoTGKQDeRWIxVYB1wHscgM+fH///zbD9agZTBLLehdaB/C0RRUgpaijagRjr9CFcr4G7RabjBy
lZGv/RC14GS4jpIb+KfM/KfhORlw7iu4vgj6jWi+cv4muaC0J8kFaiV41TQ4mqbc0YhayHCaJhci
m3LXu2gEOoEOycfMBVQL101HV6CNhqdPQqfQVbwOHcSXUSXahpbJE49cWAN+WwJtPnNZad+j+5U3
y2MlzGWoSBpRCeh5Cp5+MDKOk/F0kk+KcC5oSOFDZAKMrkcldD40v9LGKvpFdKCoCnh/n77oAnU/
lUz78SF4j/yOC/D8Q2gEyFsEkk6AjZLlJ9dRI9GBhFHMG2iSahKQK6uqRDPhbAXJwE+yLpSPKslM
eEIOjG1DOfgKvAUAfZxlaGAcFPAIzVTCxIJm8d5cz29ne9MC/63rEVSeZjStWb/a09LbOy2XjmZm
NzMxzSRB3Uwn+L74dye/SAtMnpbraT4/bmzfU8flj4WxGblwKPdgGMbHjU2L+Dn1QEv1XfNb5vLZ
f0dutYKbD6/m/LV//+PHPcOEj9WfQ1c+GWEG+FYtklzgvq4fP+5eInz8T4yRSIPFqK3gpnZUz7jR
cPoUKiIfokl0NMzt+6iI8cPxW7C3o62wbYTtJnUMzYH9Zuoougz7u9jTKJ+qQZPIEDQcnlHEvN3b
Bf3hTAV6kXWjZfIzYBtCV6Ai+ioaTlX0DlfVwpgdPQrCbpTvARneYI8Btu3oZdhe7JNvbGTDMIf4
PTDCGoRIPsSJYyDxINi6EWK7QMuDoHYSbL+HDcY4YEcNnNfGwNYOlL0cKBHO68E+hk8R4uGZQgfY
pRoh00yEzHCdGd5pfRwh2xSgPHiPIxdg04yQs16mONjguphi+X9uFCsmUhxKRXVIrfDrPmA7RGvx
36BPt1Brxc/flsg5M3mrLZ55q4C8JdJt8eRNPTn7hp85W0De8JPWPHKmkpzSkpNacuI1C3MiRF6z
kJYQ+Y1EjkvkVYm8IpGjEjnSfDdz5CZpvpsclsjLleQlibxoIC8c0jEvWMghHXk+RH5dQJ6LJQdD
5NkDBcyzEjlQQJ6pNTDPJJDGVRqmMYE0TCb7BfL0AFK/KZapl8hTTwrMUy7ypED21RmYfQmkDq6r
M5A6kd4LN+61kL1r6VoDqRXpJxLInseDzB6J7N5lZnYnkF079cwuM9nVgkWRo3fu0DA79WRnC0bi
RHqHhuxopWvKK5mak2T7o1pmu5FsF+ltcLRtGKneepKplsjWLXnM1pNk61p6y+YEZkse2SLSm0Gu
zQlk00YjsymWbGrpbRV76Y1Gsh5evb6APB4k62zksVryqJasLShg1kqkqkxgqqLII5UG5pEQqTSQ
NRU8s8ZMKngSriWrjWSVhqx82MOsvEkeXhHDPOwhK2LIcrhpeSxZJpGHJLJ0iZ5ZKpElerJEpMsr
yeJFI5nFpWTRSFJWqmPKBFK2li7VkVKRLoFXltwkC4tPMgslUrwgjyk+SYrX0guKEpgFeWSBSBcl
kEK4qPAmKSggD1rJfInMk0j+3AFMvkTmDiAPSCRPIvdPJvdVkjkSmT2W5ErklxKZdZL8QiIzCsh0
C7k3RKbdwzPTKsk9PMkZJY4mU7RkUgGZGKdmJtaSCSFyNxGYu81kvImMozTMuCgydoyZGVtKxowW
mDFmMnqUlhktkFEix4zSEpEjomzHGfRdtWQkncaMnEpGZFuYEZNJ9nANk20h2SI9XEOGZZmYYXkk
a6iRyTKRoUYyRE8GS1DgWJhMiQzKMDODLCQjpGEyzCQ0kGNCGhKKzM9AjgTTHUxwLEkfYGXSHSS9
lR4Qq2EGWMmAtXQaV8Ck1ZJAqoUJTCapoESqhaSKdAqInlJAkpOCTPIokgSCJQWJH3Z+iSQOIwl6
B5OQR+J9JiZ+BvHBbT4T8Yl0nJp4PQ7Gm0c8biPjcRBPK+2Gl7mNxL2WjtWQWJF2+UgMT6LjiTMq
yDhnkCh4alSQOCRih5faJWITiNViYaylxGI2MxYLsYi02UxMcJ3pJDGCeY0SEWAnjCY8yM/XEgOc
M0hEDw/QO4hepHUS0UJHKw4tJRq4RlNJuAKiVhkZtYWojIRlQgxbSRi4jwkRGh5GpxF4KKUheAZB
EsEtuGD9Npz6/+wH/d8W4H/8QDT7L+FAzg4KZW5kc3RyZWFtCmVuZG9iagoyNSAwIG9iagogICA3
NTMyCmVuZG9iagoyNiAwIG9iago8PCAvTGVuZ3RoIDI3IDAgUgogICAvRmlsdGVyIC9GbGF0ZURl
Y29kZQo+PgpzdHJlYW0KeJxdUstuwyAQvPMVHNNDZAccaCQrUpVefOhDTfsBNqxTSzW2iHPI35dl
olTqwWYYZndnYYtD89yEYZHFe5zckRbZD8FHOk+X6Eh2dBqC2CjpB7fcdvnvxnYWRQo+Xs8LjU3o
J1HXsvhIh+clXuXqyU8dPQgpZfEWPcUhnOTq63AEdbzM8w+NFBZZiv1eeupTupd2fm1HkkUOXjc+
nQ/LdZ3C/hSf15mkyvsNLLnJ03luHcU2nEjUZbmXdd/vBQX/70xbhHS9+26jqBVLyzItotY647SI
2oK3zJttxmlJvAKvGENvWW96aHrGBEyMN8Abzo9YzbEa+XWuC41mjfLw45l/BP/IuAVuGVfAVcJb
eNuyN7NDrR17g8ayxgAbxhVqVVzLOPCO86CXLfdSAVe5L3gw7MGils21oDFZ0wF3jOHTsE+DXkzu
Bd40e6vQe5Xv1kJjuXfcm+J7U8ipOKdGXc11NfRp4ce9vSI/M8/jfX7cJcY0Onlo88zwtAyB7nM9
TzNH5e8XmYbF6wplbmRzdHJlYW0KZW5kb2JqCjI3IDAgb2JqCiAgIDM5NAplbmRvYmoKMjggMCBv
YmoKPDwgL1R5cGUgL0ZvbnREZXNjcmlwdG9yCiAgIC9Gb250TmFtZSAvV0JTV05FK0RlamFWdVNl
cmlmCiAgIC9Gb250RmFtaWx5IChEZWphVnUgU2VyaWYpCiAgIC9GbGFncyAzMgogICAvRm9udEJC
b3ggWyAtNzY5IC0zNDYgMjEwNSAxMTA5IF0KICAgL0l0YWxpY0FuZ2xlIDAKICAgL0FzY2VudCA5
MjgKICAgL0Rlc2NlbnQgLTIzNQogICAvQ2FwSGVpZ2h0IDExMDkKICAgL1N0ZW1WIDgwCiAgIC9T
dGVtSCA4MAogICAvRm9udEZpbGUyIDI0IDAgUgo+PgplbmRvYmoKOSAwIG9iago8PCAvVHlwZSAv
Rm9udAogICAvU3VidHlwZSAvVHJ1ZVR5cGUKICAgL0Jhc2VGb250IC9XQlNXTkUrRGVqYVZ1U2Vy
aWYKICAgL0ZpcnN0Q2hhciAzMgogICAvTGFzdENoYXIgMTE3CiAgIC9Gb250RGVzY3JpcHRvciAy
OCAwIFIKICAgL0VuY29kaW5nIC9XaW5BbnNpRW5jb2RpbmcKICAgL1dpZHRocyBbIDMxNyAwIDAg
MCAwIDAgMCAwIDAgMCAwIDgzNyAwIDMzNyAzMTcgMCA2MzYgNjM2IDYzNiA2MzYgNjM2IDYzNiAw
IDYzNiA2MzYgNjM2IDMzNiAwIDAgMCAwIDAgMTAwMCA3MjIgMCA3NjUgMCAwIDAgMCAwIDAgMCAw
IDAgMCAwIDAgMCAwIDAgNjg1IDAgODQyIDAgMCAwIDAgMCAwIDAgMCAwIDAgMCA1OTYgMCA1NjAg
NjQwIDU5MSAwIDY0MCA2NDQgMzE5IDMxMCA2MDUgMzE5IDk0OCA2NDQgNjAyIDY0MCAwIDQ3OCA1
MTMgNDAxIDY0NCBdCiAgICAvVG9Vbmljb2RlIDI2IDAgUgo+PgplbmRvYmoKMSAwIG9iago8PCAv
VHlwZSAvUGFnZXMKICAgL0tpZHMgWyAyIDAgUiBdCiAgIC9Db3VudCAxCj4+CmVuZG9iagoyOSAw
IG9iago8PCAvVHlwZSAvT3V0bGluZXMKICAgL0ZpcnN0IDE4IDAgUgogICAvTGFzdCAxOCAwIFIK
ICAgL0NvdW50IC0xCj4+CmVuZG9iagoxOCAwIG9iago8PCAvVGl0bGUgKERFVEFMTEVTIERFIExB
IFJFU0VSVkFDSU9OKQogICAvUGFyZW50IDI5IDAgUgogICAvRiAwCiAgIC9EZXN0IFsyIDAgUiAv
WFlaIDcwIDc2MyAwXQo+PgplbmRvYmoKMzAgMCBvYmoKPDwgL1Byb2R1Y2VyIChjYWlybyAxLjE1
LjEwIChodHRwOi8vY2Fpcm9ncmFwaGljcy5vcmcpKQogICAvVGl0bGUgKFJlc2VydmFjaW9uKQog
ICAvQXV0aG9yICgpCiAgIC9LZXl3b3JkcyAoKQogICAvQ3JlYXRpb25EYXRlIChEOjIwMjEwMjAy
MTM0NzAyWikKPj4KZW5kb2JqCjMxIDAgb2JqCjw8IC9UeXBlIC9DYXRhbG9nCiAgIC9QYWdlcyAx
IDAgUgogICAvT3V0bGluZXMgMjkgMCBSCj4+CmVuZG9iagp4cmVmCjAgMzIKMDAwMDAwMDAwMCA2
NTUzNSBmIAowMDAwMDU5ODM4IDAwMDAwIG4gCjAwMDAwMDE0NDggMDAwMDAgbiAKMDAwMDAwMDAx
NSAwMDAwMCBuIAowMDAwMDAwMDE1IDAwMDAwIG4gCjAwMDAwMDA3MTggMDAwMDAgbiAKMDAwMDAw
MDAxNSAwMDAwMCBuIAowMDAwMDAwNjk2IDAwMDAwIG4gCjAwMDAwNTA0OTEgMDAwMDAgbiAKMDAw
MDA1OTM3NiAwMDAwMCBuIAowMDAwMDAxNzE1IDAwMDAwIG4gCjAwMDAwMDA5MDggMDAwMDAgbiAK
MDAwMDAwMTE2NSAwMDAwMCBuIAowMDAwMDAxNDEyIDAwMDAwIG4gCjAwMDAwMDIxNzQgMDAwMDAg
biAKMDAwMDAwMjE1MSAwMDAwMCBuIAowMDAwMDAyMjc3IDAwMDAwIG4gCjAwMDAwNDMwMTMgMDAw
MDAgbiAKMDAwMDA1OTk4NyAwMDAwMCBuIAowMDAwMDQzMDM4IDAwMDAwIG4gCjAwMDAwNDk3MDkg
MDAwMDAgbiAKMDAwMDA0OTczMyAwMDAwMCBuIAowMDAwMDUwMTkwIDAwMDAwIG4gCjAwMDAwNTAy
MTMgMDAwMDAgbiAKMDAwMDA1MDk1NCAwMDAwMCBuIAowMDAwMDU4NTgzIDAwMDAwIG4gCjAwMDAw
NTg2MDcgMDAwMDAgbiAKMDAwMDA1OTA4MCAwMDAwMCBuIAowMDAwMDU5MTAzIDAwMDAwIG4gCjAw
MDAwNTk5MDMgMDAwMDAgbiAKMDAwMDA2MDEwMiAwMDAwMCBuIAowMDAwMDYwMjY4IDAwMDAwIG4g
CnRyYWlsZXIKPDwgL1NpemUgMzIKICAgL1Jvb3QgMzEgMCBSCiAgIC9JbmZvIDMwIDAgUgo+Pgpz
dGFydHhyZWYKNjAzNDEKJSVFT0YK

--===============2094304147720622332==--

-------------------------------------------------------------------------------
