Content-Type: multipart/mixed; boundary="===============8020539111164619369=="
MIME-Version: 1.0
Subject: =?utf-8?q?Hotel_Real_-_Confirmaci=C3=B3n_de_Reservaci=C3=B3n?=
From: reservaenrealnicaragua@gmail.com
To: justo@becerra.com
Date: Tue, 04 May 2021 16:35:57 -0000
Message-ID: <162014615726.3470.9435961146378057528@localhost>

--===============8020539111164619369==
Content-Type: text/html; charset="utf-8"
MIME-Version: 1.0
Content-Transfer-Encoding: 7bit

Pronto nos pondremos en contacto con usted. recibimos su solicitud para RealNicaragua
--===============8020539111164619369==
Content-Type: application/pdf
MIME-Version: 1.0
Content-Transfer-Encoding: base64
Content-Disposition: attachment;
 filename="justo@becerra.com_1234567_2021-05-04 16:35:55.665185.pdf"

JVBERi0xLjUKJbXtrvsKNiAwIG9iago8PCAvTGVuZ3RoIDcgMCBSCiAgIC9GaWx0ZXIgL0ZsYXRl
RGVjb2RlCj4+CnN0cmVhbQp4nJ1V21LbMBB911fsozMdK7pYltzJZGoStwMTSiFuXxgehKMEQ2wn
jqF8fuULBAoBgjy6jLQ652i1WlMg9nOpbZRHIcnQGpFmrlxAXxNYbNBBjJjX2tneZ5gJoIRg5XOm
KMQZ6s9d4hKw4zk6d8ZR3BPCCSeTaArjCCYhnEXT6KzHhfOnJ5UTjg5PfvYu4iNEWcfPgAcM+57y
uALqK8yIJPwBnD6AO9CLr5/RuUxi7glrbNVhwXzuS4hnyAkhL7LL0sDMdHveQKklYI95ioh687nz
q8ekozd6VZSVaaTuBeBEmU6Xn+U15abI9WYHLaWY+NyTEggmRAjOVctJG/TpSucwGEA/TKpbvYzN
fQWDuZnPCdFkCMMhHIxHHVR0bEerju6la7dMtUpOOA9ald/r+zXJlbbOhSivSj3T+6plhFlT4RIP
KPtKgk+yT/Uy/Sy57xK6H7kTmrJYprnRr9/tTsLfeVqZGYRpWe/efJjv5HJjyjudpMV210c59Xvx
4Pt1fYyJBpq20ANCCB12IbJbqa+2nlmYvDKwvjVQmkb0nnJHV7fJDYz0ploacNv4jNtkhANelzon
2WT0JGkwFTwkDYuDGVfbjLTlTa5XGQ0U/7aoXyVOiuw18LMfduzXRcJfu3Rk6zU6v6h1wgxRAsew
Btpwt63Nlp0Ay257wiAD+5qxpMHjzBKmcLrNqc/1t8ZKirfkux9yhccUlpK/44ovggtFAskCb4cP
XhyxA35yREEFptL/74hr1NfU/i+gf08pjAt0ivqTNL9pgu94dDi2cF2kNUH1fI0+XTtF/wDbDnx6
CmVuZHN0cmVhbQplbmRvYmoKNyAwIG9iagogICA2MTAKZW5kb2JqCjUgMCBvYmoKPDwKICAgL0V4
dEdTdGF0ZSA8PAogICAgICAvYTAgPDwgL0NBIDEgL2NhIDEgPj4KICAgICAgL2ExIDw8IC9DQSAw
LjcgL2NhIDAuNyA+PgogICA+PgogICAvWE9iamVjdCA8PCAveDExIDExIDAgUiA+PgogICAvRm9u
dCA8PAogICAgICAvZi0wLTAgOCAwIFIKICAgICAgL2YtMS0wIDkgMCBSCiAgICAgIC9mLTEtMSAx
MCAwIFIKICAgPj4KPj4KZW5kb2JqCjEyIDAgb2JqCjw8IC9UeXBlIC9Bbm5vdAogICAvU3VidHlw
ZSAvTGluawogICAvU3RydWN0UGFyZW50IDAKICAgL1F1YWRQb2ludHMgWyAyOTAgNTE0IDQyNSA1
MTQgNDI1IDUwMCAyOTAgNTAwIF0KICAgL1JlY3QgWyAyOTAgNTAwIDQyNSA1MTQgXQogICAvQSA8
PAogICAgICAvVHlwZSAvQWN0aW9uCiAgICAgIC9TIC9VUkkKICAgICAgL1VSSSAobWFpbHRvOmNq
cG0xOTgzQGdtYWlsLmNvbSkKICAgPj4KICAgL0JTIDw8IC9XIDAgPj4+PgplbmRvYmoKMTMgMCBv
YmoKPDwgL1R5cGUgL0Fubm90CiAgIC9TdWJ0eXBlIC9MaW5rCiAgIC9TdHJ1Y3RQYXJlbnQgMQog
ICAvUXVhZFBvaW50cyBbIDQyOSA1MTQgNTE1IDUxNCA1MTUgNTAwIDQyOSA1MDAgXQogICAvUmVj
dCBbIDQyOSA1MDAgNTE1IDUxNCBdCiAgIC9BIDw8CiAgICAgIC9UeXBlIC9BY3Rpb24KICAgICAg
L1MgL1VSSQogICAgICAvVVJJICh0ZWw6KzUzNTgwOTcyOTQpCiAgID4+CiAgIC9CUyA8PCAvVyAw
ID4+Pj4KZW5kb2JqCjE0IDAgb2JqClsKICAzIDAgUgogIDQgMCBSCl0KZW5kb2JqCjIgMCBvYmoK
PDwgL1R5cGUgL1BhZ2UgJSAxCiAgIC9QYXJlbnQgMSAwIFIKICAgL01lZGlhQm94IFsgMCAwIDU5
NSA4NDEgXQogICAvQ29udGVudHMgNiAwIFIKICAgL0dyb3VwIDw8CiAgICAgIC9UeXBlIC9Hcm91
cAogICAgICAvUyAvVHJhbnNwYXJlbmN5CiAgICAgIC9JIHRydWUKICAgICAgL0NTIC9EZXZpY2VS
R0IKICAgPj4KICAgL1Jlc291cmNlcyA1IDAgUgogICAvU3RydWN0UGFyZW50cyAyCiAgIC9Bbm5v
dHMgWyAxMiAwIFIgMTMgMCBSIF0KPj4KZW5kb2JqCjExIDAgb2JqCjw8IC9MZW5ndGggMTYgMCBS
CiAgIC9GaWx0ZXIgL0ZsYXRlRGVjb2RlCiAgIC9UeXBlIC9YT2JqZWN0CiAgIC9TdWJ0eXBlIC9G
b3JtCiAgIC9CQm94IFsgMCAwIDU5NSA4NDEgXQogICAvR3JvdXAgPDwKICAgICAgL1R5cGUgL0dy
b3VwCiAgICAgIC9TIC9UcmFuc3BhcmVuY3kKICAgICAgL0kgdHJ1ZQogICAgICAvQ1MgL0Rldmlj
ZVJHQgogICA+PgogICAvUmVzb3VyY2VzIDE1IDAgUgo+PgpzdHJlYW0KeJxFkDsOAjEMRHufwhfA
mzhxPj0X2IoaRYhmAS00HB9nyUcurHmJZ5zssOIOzlm0zBgYfcT3DS/4rJCSMFpnyBrBBw7CQjmI
aiE2sY5SMFVncsf5Xxd0Scj6BANtijJxdnMoa/dpmnbdYsskwVA0EarJQJ6S9mEa0rFRyx26zN0a
2fr2MIf687rp0EeumtRv2UFlQqN18kKhXWsu4ixjecByNXj/4PK1Ec8vWLV+uJJHvgplbmRzdHJl
YW0KZW5kb2JqCjE2IDAgb2JqCiAgIDE3OAplbmRvYmoKMTUgMCBvYmoKPDwKICAgL0V4dEdTdGF0
ZSA8PAogICAgICAvYTAgPDwgL0NBIDEgL2NhIDEgPj4KICAgPj4KICAgL1hPYmplY3QgPDwgL3gx
NyAxNyAwIFIgPj4KPj4KZW5kb2JqCjE3IDAgb2JqCjw8IC9MZW5ndGggMTggMCBSCiAgIC9UeXBl
IC9YT2JqZWN0CiAgIC9TdWJ0eXBlIC9JbWFnZQogICAvV2lkdGggODAwCiAgIC9IZWlnaHQgNjAw
CiAgIC9Db2xvclNwYWNlIC9EZXZpY2VSR0IKICAgL0ludGVycG9sYXRlIHRydWUKICAgL0JpdHNQ
ZXJDb21wb25lbnQgOAogICAvRmlsdGVyIC9EQ1REZWNvZGUKPj4Kc3RyZWFtCv/Y/+AAEEpGSUYA
AQEAAEgASAAA/+EAjEV4aWYAAE1NACoAAAAIAAUBEgADAAAAAQABAAABGgAFAAAAAQAAAEoBGwAF
AAAAAQAAAFIBKAADAAAAAQACAACHaQAEAAAAAQAAAFoAAAAAAAAASAAAAAEAAABIAAAAAQADoAEA
AwAAAAEAAQAAoAIABAAAAAEAAAMgoAMABAAAAAEAAAJYAAAAAP/tADhQaG90b3Nob3AgMy4wADhC
SU0EBAAAAAAAADhCSU0EJQAAAAAAENQdjNmPALIE6YAJmOz4Qn7/wAARCAJYAyADASIAAhEBAxEB
/8QAHwAAAQUBAQEBAQEAAAAAAAAAAAECAwQFBgcICQoL/8QAtRAAAgEDAwIEAwUFBAQAAAF9AQID
AAQRBRIhMUEGE1FhByJxFDKBkaEII0KxwRVS0fAkM2JyggkKFhcYGRolJicoKSo0NTY3ODk6Q0RF
RkdISUpTVFVWV1hZWmNkZWZnaGlqc3R1dnd4eXqDhIWGh4iJipKTlJWWl5iZmqKjpKWmp6ipqrKz
tLW2t7i5usLDxMXGx8jJytLT1NXW19jZ2uHi4+Tl5ufo6erx8vP09fb3+Pn6/8QAHwEAAwEBAQEB
AQEBAQAAAAAAAAECAwQFBgcICQoL/8QAtREAAgECBAQDBAcFBAQAAQJ3AAECAxEEBSExBhJBUQdh
cRMiMoEIFEKRobHBCSMzUvAVYnLRChYkNOEl8RcYGRomJygpKjU2Nzg5OkNERUZHSElKU1RVVldY
WVpjZGVmZ2hpanN0dXZ3eHl6goOEhYaHiImKkpOUlZaXmJmaoqOkpaanqKmqsrO0tba3uLm6wsPE
xcbHyMnK0tPU1dbX2Nna4uPk5ebn6Onq8vP09fb3+Pn6/9sAQwAIBgYHBgUIBwcHCQkICgwUDQwL
CwwZEhMPFB0aHx4dGhwcICQuJyAiLCMcHCg3KSwwMTQ0NB8nOT04MjwuMzQy/9sAQwEJCQkMCwwY
DQ0YMiEcITIyMjIyMjIyMjIyMjIyMjIyMjIyMjIyMjIyMjIyMjIyMjIyMjIyMjIyMjIyMjIyMjIy
/90ABAAy/9oADAMBAAIRAxEAPwD3+kNLUckixozuQqqMkk9KAH8UuaxJfEmkoT/xMrXj/pqKqyeK
9JXpqNsf+2gp8rA6TOaK5j/hLNL/AOghbf8AfwUf8Jbpf/QQtv8Av4KfKwOnormP+Eu0r/oIW3/f
wUf8JbpX/QRtv+/go5WB09Fcz/wlulf9BG2/7+Cq15450axtzPNfRlB/cO40ckmK6R19Fedj4teG
SM/a5f8Av0aP+Fs+Gv8An7k/79mrVGQudHolFeef8LZ8Nf8AP3J/37NH/C2PDf8Az9yf9+zR7Gr2
DnR6HRXnv/C2PDef+PuT/v2aX/ha3hv/AJ+5P+/Zpewq9g50eg0V5/8A8LV8Of8AP3J/3waP+Fqe
HD/y9v8A98Gj2FXsHOj0CiuA/wCFp+Hf+ft/++DR/wALT8O/8/b/APfBo9hUDnR39FcB/wALT8O/
8/b/APfBo/4Wl4e/5+3/AO+DT+r1A50d/RXAf8LS8O/8/b/98Gj/AIWl4d/5+3/74NH1eoHOjv6M
1wP/AAtHw9/z9v8A98GkPxS8Oj/l7f8A74NHsKgudHf5ozXn/wDwtPw7/wA/Un/fBpf+Fp+Hf+fq
T/vg0vYVOw+eJ3+aM15//wALT8O/8/Un/fs0f8LU8Oj/AJepP+/ZqvYVOzDniegUV5//AMLV8O/8
/Uv/AH7NJ/wtbw7/AM/Uv/fs0fV6n8oe0ieg0ZNeff8AC1fDn/P1L/37NH/C1fDv/PzL/wB+zS9h
U/lF7SJ6DmjNeff8LW8N/wDPzL/37NJ/wtbw5/z8y/8Afs0ewq/yh7SJ6Fk0ZNee/wDC1vDn/PzL
/wB+zS/8LW8Of8/Uv/fs0ewqdg9pE9BzRmvPf+FreHP+fqX/AL9mj/ha/hz/AJ+pf+/Zo9hU/lH7
SJ6FmjNeff8AC1vDn/P1L/37NH/C1vDn/P1L/wB+zR7Cp/KHtInoOaM159/wtbw5/wA/Un/fs0f8
LV8Of8/Uv/fs0ewqfyh7SJ6DmjNeff8AC1fDv/P1J/37NL/wtPw7/wA/Uv8A37NHsKn8rD2kT0DN
Ga8//wCFp+Hj0uZf+/Zp4+J+gH/lvN+ERo9hV/lYvaRO9zRmuDHxN0I9JZ/+/Rpf+Fl6Gf8Alrcf
9+jT+r1f5WL2sDus0ZFcL/wsvRP+elx/36NH/Cy9D/56XH/fo0fV6v8AKx+1gd1kUZrhP+FmaF/z
0uP+/JpP+FnaEP8Alpcf9+TR9Xq/ysPawO8zS5rgT8T9B/56XH/fk0n/AAtLQP8Anrcf9+Wo+r1f
5WL2sDv80Zrz/wD4Wl4fz/rrj/vy1J/wtTw/n/W3H/flqPq9X+Vh7WB6DmjNeff8LU8P/wDPa4/7
8tR/wtTw/wD89rj/AL8tR9Xq/wArH7SB6DmjNeff8LU8P/8APa4/78tR/wALV8P/APPW4/78tR9X
qfyh7SB6DRXn3/C1PD//AD2uP+/LUf8AC1PD/wDz2uP+/LUfV6v8oe0geg0V5/8A8LT8P/8APa4/
78tR/wALT8P/APPa4/78tR9Xq/yh7SB6BRXn3/C1PD//AD1uP+/LUf8AC1NA/wCetx/35aj6vU/l
D2kO56DRXn//AAtTw/8A89rj/vy1H/C09A7S3H/flqPq9X+UPaQ7noFJmuB/4WjoP/PW4/78ml/4
WfoX/PS4/wC/Jo+r1f5Q9pA73NGa4MfE7Qj/AMtLj/vyad/wszQv+etx/wB+TR9Xq/yh7WB3eaM1
wn/CzNC/563H/fk0n/CzdC/563H/AH5NH1er/Kw9rA7zNJmuD/4WdoX/AD1uP+/Jo/4WfoP/AD1u
P+/Jo9hV/lYe1gd5mjNcF/ws/Qf+etx/35NH/C0NB/563H/fk0ewq/ysPawO+orgP+Fo6B/z2uP+
/Jo/4WloH/PW4/78mj2FX+UPaQO/orz/AP4WnoH/AD1uP+/LUf8AC0/D/wDz2uP+/LUewq/yh7SB
6BRXnx+Kvh8f8tbj/vw1J/wtbw9/z2uf+/DUewq/yh7WB6FRXnv/AAtfw7/z2uf+/DUf8LY8O/8A
Pa5/78NS9jV/lD2kT0KivPP+Fs+HP+e1z/34ak/4Wz4c/wCe1z/34aj2NX+UPaRPRKK87/4W14b/
AOe1z/34aj/hbXhv/nvc/wDgO1Hsav8AKHtIdz0SivOz8W/Df/Pe5/8AAdqT/hbfhv8A57XP/gO1
Hsav8oe0h3PRaSvO/wDhbfhv/ntc/wDgO1H/AAtzw1/z2uf/AAHaj2NTrEPaQ7nonFHevO/+FueG
v+e1z/4DtVvTvidoGp6hDZW0s5mlJChoWUcDPU0nRmtWgVSLO6paqRXSyDKnIqyrZFZln//Q9/7V
keJH2eHtQ5x+4f8AlWvWH4pOPD2of9cH/lTW4HxlcTzm6uP384xK3/LQ+p96i86b/nvN/wB/D/jR
Of8ASbj/AK6t/M1HmuyNuXYVyTzpv+e83/fw/wCNHnTf895v+/h/xqOiq07CJPOl/wCe03/fw/40
edL/AM95v+/h/wAajoosuwEnmy/89pT7eYf8aDLIw2vM7D+6XYj+dNzxSU0kAc9mP5mjn+9+pooq
hWQvP979TSZbPX9TRRTsFkBLZ6/qaXLf3j+ZpKKQWQuX/vH/AL6NG5/7x/76NFFF2FkG5vU/99Gj
c3qf++jSYop87DlQ4O3qf++jS+Y395v++jTKWqU2HKh4c/3j/wB9Gjef7x/76NMzRmnzsXKiQO39
4/8AfRpfMb+8f++jUWaM0/aByom3t/eP/fRpRKR/Ef8Avo1Buo31SqtCcUWRKT3/APHjTw59f1NV
Q1LvNaKtITgXA3+1+po5/vfqarrIRT/MrVVWyOUlGezfqaduYd/1NRBqcGNXzMlofu9/1NGfQ/qa
b1pcU7sVhcn1/U0c+v6mkp2KLsWg059f1NHPr+ppSKMUXY7ob83r+ppDn1/U08ikxRdhcbk/3v1N
BJ/vfqadijFHMx6CDP8Ae/U1MoP979TUQFTR8UrsHYswg8f4mtKEdP8AGqER6VoQnGKpNmci9Dj0
/WrAAA61VRqlD8Vab7mLJsimFgKj30wvTuwSJGemb6jLZpuaV2OxIXphfJ6U0mkzRzMB2R6U0kZ6
UhoouwF49KPwoApR1pXYCYHpRgelO70oXNF2Mbj2ox7U4g9Kcqmi7JGAD0pdvtUojzTtlF2BAEye
lO8r2qwqACgsBRdgQrD7VKIV7ilEtNMtLmYx+xAOlLhR6VCZaiMpo5mFi0XUdBSeaBVTzTTGkzRz
sVi55wqNpRVXfSb6XMyrFgzUzzf85qAtSFqXMwsWPN/zmkMtVt1G6jmY7E5l9qTzfaoN1BalzMdi
cy+1NMnt+tQ7qTNHMwsSl/wpN/vURNGaOZhYkEh9qTzPpUWaKnmZRJ5nPagt9KZRRzMQpb6UmfpS
Gko5mA4sPakz9KbmijmYx2R7UmaSik5MBcitTwzP9n8S2Uw6qx/lWTmrWnPs1CFh1BrOq/3cvRjj
8SPo3RtTNxGPTFdXbvvUEeleX+FZ2aMc16XYnMSk+leCdx//0ff6w/FP/Ivah/1wb+VbdYnigbtA
vx/0wb+VK9mFrnxZP/x93A/6at/M0zFT3ULLczsAf9a/b/aNVq6oTuglBxF6UuaSiruSGaUc0lFO
4DqM03NLTTAUUUlGaq4hRQaBRTuAUuKSlqkwCiiincAoxRS07BcTFFLSUuUVxD1oFLS0uUY2loxz
S4osA2inYoxSsO4gpc0nelqrBcMmlBNNoqk2hMlDkU4OTUIpQcVpGpYm1y0pz3p+aqbsU8SE1tGp
clxLGadmoVapAa0UjNxH5o4pBSjFUTYUim4p2aWgBuKMU7FJtp2C4gqVRmmAYqRaVgbLMfarsZxi
qMZ6VcQ9KpEMuoak7VAh4qQGqRDQu40hz60h60maBC5xSdaDRSATFFOAyaXbzQA2gCnbKcqUANC0
oHNTBeKAAKAI9tPVadxRmkAbB60oAphbmmlqOYRLkUjOAKh3801mqXIaJjJx1phlqAtSFqVx2Ji9
Rs9MJ4phNK47EhbPemlqjzS5ouFhdxoJpmaUmlcdgzSUlGaLjDNJSZ5pM0XAWikNJmlcB2KQikzQ
TRcBcUYpuaM0XAXFJRmkJpXAWim5oJpDFzRmm5ozRcB1H40wmjNK47C5opuaKdxDqTNFFK4C1PZf
8fsX1qCp7L/j9i+tRUfuP0Kj8SPZvCP+rFeoWH+qUe1eX+Ef9WK9QsP9Wv0rw2dp/9L32sXxN/yA
L7/rg38q2qxvE3/IBvv+uDfyoexUPiR8ez/6+b/ro38zVWa2BGUq3OP9ImH/AE0b+ZqM1zRnys9y
dHnSMwgqcMKM+laDxLIORzVKWF42zjiu6nVUkeTXwzg/dI6UUnFKK3Vmcr0Ciiii9gunsKKKSjNH
MAtGaTNLVJisLmikxRmquAo606m5pc00wDvTh0popc1SYC0lL2pKtAFFFAoEKKMUdKM07AGKKKKL
AHFBxRQaLAJS0lGaVgFopM0ZovYBO9PBxTaWjmaGPDVIr1DmlBrWMyWrlkPTwarBsVKr1upIzcSY
GnDmog1PDVaJcR9LigGgHNWmS0AFSKtIBUgFMlkkY5q3HVaMc1aTNBLLCdKeCaainFShCaZLY3Ga
NtSbD2pwjNIVyILS7KlCGnBKAuRBOacE5qTbRigLibaUcUE03vRcQ4tTSaaTSGpbBAWpC/FNJpO1
TcYbqaWpM0maCgJ5ppPNKTSZpMBGPFNzTj0pppAGaTNFJikMM0E0YpKAEzRmgikoAdTaWkoGIaSl
NGKAEpDS0hoASiijrSGGaTNLikxSACaTNIaKADNBNGKQikMM0ZoxRigANJS4oxSASlFGKCMUwCii
lxQAVPZf8fkX1qCp7L/j8i+tRU+B+g4/Ej2bwj/qxXqFh/q1+leX+Ef9WK9QsP8AVr9K8Nnaf//T
9+rF8TDOhX3/AFwf+VbdYniXnQ73/ri38qT2Kh8SPkKZP9Im/wCujfzNRlKvTR5nlOP+WjfzNRmL
2rh5rs+s9g7IqbKaV3fK3NW/L9qaY+elNTsZuh3M2e0zyn5VVIK8EYrZKc9KhmtVdTx81ddKvZ2Z
5mIwLtdGXRUz27w8NyKiALdK74uMldHkzpyg7NCUUvPcUUWZKV9hKWjFGKACijFFVcTFoooouAoo
pM0uapMQvaik70tWpAFFFFUmAopaQdaWrELRikFLTsAYpCKdQaLANxRilpcUWAbijFKRRilYBMUl
OxRiiwDaBTsUYosAlOBptFNMCYNUitUANLuraMhOJbBzTgaro9SqwraLuZSViwtSCoVNSqatMyZZ
j61ajGTVWIDNXYhzVEMsIpxVhENNiHNWVWnYzY0JTwnFSKtP20hXK/l0bcdan2UhSkFyAqMU2p9l
NZKAuV2603vVjZTGXnpSGQN1ppqbYc9KGT2qWhornrSVNs9qaye1KwyuetFSlfam49qCiI0lSkU0
ilYBhppp+KTFKwDKDT8U0ilYY2kp2DSZosAmKMUtFADaDTsUUDIzRTzSYoAaaaaeabQAhpBTiKSk
MSkNLSUMBDSU6jFIBtBpaKBjaKdRSsA2inUUWATvS0uKAKdhXExS4pcUYosFxMVNZ/8AH5F9aixU
1mP9Mi+tRUXuP0Ki/eR7J4R/1Yr1Cw/1a/SvL/CP+rFeoWH+rX6V4TO0/9T37tWN4j/5Al7/ANcW
/lWyax/Ef/IEvf8Ark38qUvhNKXxo+WZIx5sv/XRv5mojDU8jfvpf+ujfzNJmvMe5+hxgnFFZoSD
UbRH0q/x3oKg0iHRTM0x47Uzy60jFntTDBVJsylh7ozmhDDBGaz7ixZTujrdaGo/LwOfyraGIlBn
n18vjUWxzTKVPzUm3vW5cWCTDKjDVly27xHDqfY169CvGotT5vE4CpRehWxRin7aXbXU6Zw3I8UY
p+KMVHIMZRTiKMUuQBuKKdijFJxEJmjNLSUbALSim06qTAMU7imUuatMBaM0UVaYC5pabTqpAIOT
TqQdaWrEFJS0tFgExSU6kAosAlHNOxR1osA00mKdjFFS4gNwaUZFLg+tJjFGwDgxFPQ1FTgcVpGQ
mi0jGp1YVRBNWIm45rdMzlE0Imq9A3NZsTcdauxHpVpmEkacbirKyVnISKmEhwKdzNo0Q4p4cGs7
zsCni44pk2NEEGl4NUFuuKcLn3oCxd2igoDVX7R704Tj1oEWPL4pvlc0wTj1pwmX1osAGIelNaLP
apBID3FL5g9qLAQ+Tx0pjQ+1WwwIo4NKwXKBgOelMMPtWltBpDCCOtFh3Mww0wxe1aZgFJ9mFFgu
ZbRcUzyq1Taimm1FS4juZflmm+XzWr9lpptKOUfMZnl0hjrTNrTTa+1LlDmM0pSbK0Ta8dKYbajl
C5QKUmyrptzTTBipsO5SKUhU1aaE00xUWGmVyvFNxU5j5ppSiwXIKSptlN2VI7kdB4qTZSFKLBcj
xmjFP20baLBcixRipdvtRt9qLDIsUYqXb7UbaLARgcdKXHtT8UYosAzFLinY9qMU7ANxRgU7FG2i
wDcVNaD/AEuL61HiprUf6VH9azqr3JejKh8SPYPCP+rFeoWH+rX6V5d4R/1Qr1HT/wDVr9K8Bncf
/9X341j+Iv8AkCXv/XJv5Vs1i+Iz/wASS9/64t/KlL4TSl8aPllz++m/66N/M0Bqjd/30vvI38zQ
GrzHufoEKi5UTA07OKiB9KfnNI1TTJAaXg9ajDc08GncvQUqDTTGvpT80oI9KdriaXUgaAH2NQS2
iuuHHB71fGCelKUFVGTjsZ1MPTqLU5m5014SWUbkqkUwa7ExjGMcVn3WlRzZaMEN9eK9fCY9fDU3
Pm8dkurnTOc280hWrktq8LEMp4qBkK9a9iKjNXPmZp05cskRFaTbUxWm4pSpEpp7EW3mgjmpdtJt
qHSHcixRipMUm2odILjMUYp2KTFQ6Y7iUUuKTmp5Wh3A0CiijUQuaUU3vSiqUgHUuabmlrSMhWHA
0U3NKDWnMA7FAFJuNKDVJ3AWkpaMCqshDTRilopWASkNOxRik0A3FL3pcUlKwDhUqMaiBp6k007C
a0LsLc1fhas2I4q9Ca3izCaNBG4p4aoENSA1ojJokzRmm5ozQIcTSgmm5pCTQIl3HFAciosmjJph
Ym80inecar5NG40BYtC4OKVbk5qpuNKCaAsXhdYpwu6z9xoyaA5TRF57077XnvWZuNG40XFymqLo
etOF2PWsnefWnbzjrRcOU1xcrSi4Q1kBznrThIR3ouKxr+ctKJFNZHnGnic4607isau5DS/KayxO
fWpVuSKVwsXtq9KaY1qutxzTvPFAWJDCKjMAp4mzTt4NFhXKzQc8VE1vxV7IppANK1xpmcYDUZgO
a09gNNMQ9KOUdzM8kim+Qa0jDntSeT7VPKVczDDSeSa0zD7Uhg9qOULmb5RFHle1aPkZ7UfZ6OUL
md5XtR5VaHk+1J5Ge1LlC5nmKm+Ua0DDz0pDCPejlHcoeVR5dXWhphiNHKFyrs4puyrXlGkMWKVh
3K+ymleasFDTShosFyHbzUtqMXcf1oKU+2X/AElPrWdVfu5ejKg/eR614Q/1Ir1Gw/1a/SvLvCP+
pFeo2H+rX6V88z0D/9b36sXxJxod9/1xb+VbPWsbxN/yAr7/AK4t/KlLYun8SPk6R/8ASJf+ujfz
NKsg9arysRcS/wDXRv5mmqxrznHU+whWdkXg/vUivVESVIstTY6I1y5u9DTg1VVcetSh/ekbxqlg
NTwwqvu96cr0J2N1JMnDc1IDkc1XD1IGq73KTHke9KM9KZnmnbqL63B6jZoI5lIZQDjrWTc6c0ZL
KpYe1bYPFBKlcEV3YbGzpb7Hm4zLKWIV0tTl2h5xjmomi56V0NzYrIodOvpVNNOu52IgtWf6V9Dh
8ZSqx0Z8Vi8BWwsnzLQxzHSbMVrnRNXBP/Eum/I/4U3+wdYP/MNmz+P+FbucO5yLmexkbaQgVsf8
I5rjf8w2X9f8KafDWuf9A2X9f8Kzc4dx6mORSEYrYPhrXP8AoHS/r/hTG8O62oydOl/X/CocqfcZ
lYppHNaT6Lq69dPm/I/4VCdL1NethLj/AHT/AIVD5RlLFGKsmwvv+fKUf8ANIbO9H/LpL/3yam0Q
KxFIM1Y+yXn/AD6S/wDfJprW10Bzay/98msmkMhpc0/7Pcf8+0n/AHyaaYZx1hk/75NJOwxAc04G
mlJQP9U//fJoCv3if/vk1SmIcKdmo/nH8DflS7j3VvyrRTQh+aUGmb8fwt+VHmqO5/KtFNMViTij
io/OXsT+VL569yfyrRSQEnHakpolU+v5UvmL2J/Km2rAOxSUnmL/AHqN4PelZAOAp6imAg/xVIpH
96iyC7Jo6vQ9qpx4OPmq9H0HOa0iYyLUfWpgKjjHFSgGtUYsKKXBpOaCRaSjmloASik70tMAooop
AFLSUZoAWikzRQAUc0UUBYKM0UUALk0ZNJRQMdup2/io6KBEm6lD1GKXNAWJhJSiSoQaN1ArFkSm
pBN71U30u+ncLFwT+9OE2e9Ug9Kr0XFYvCUetO8z3qiHpwf3pXAuCUU7eDVISUvm1QrF3IoBFVRL
704Se9AWLPBpce9VxJ70qyc9aAsTkCk2+1M3jPWnbwe9AhfLFIYwe1G73pQfekA0w5qMw1Yz70hF
AXKph9KYYjnpVvApCuaVh3KRiOelRtHV8pTGizSaGmUNlOhX9+n1qy0eDimomJAcd6yqr93L0ZcH
7yPTfCP+pFeo2H+rX6V5d4Q/1KV6jp/+qWvnWekf/9f30dKxvE3/ACAr708hv5Vs1i+J/wDkAX3/
AFwb+VJ7FU9JI+RpJF+0TevmN/M0gwehqrMf9Kn5/wCWjfzNNDEdDXI46n0UK9kXipHvQBn2qqs7
r71MLkH7wxUuJvGsmTAkU9XqNZFbuKeRnpUNG8Zkok96lVxVTBpwYipcTaNVouh/SpFfis8Oe1SL
KamzOiNUvhxTgwNU1kqQPRc1Uy2GGKcCMVWDU8E4p3NE3e6JweuK0dI1270S4WW3SKRQclJE3ZrK
VqeprSFXl+EirThWVqiue5eGfGeka7EkctrDBP0IKjk11hhhC8W8J9D5Yr5iRnjkWSGRo3U5BU4r
vPC/xIvNOdYNXkEkHRXJ5/GuqFZS3Z81jska96lseutCgGfIhB9NgqLYv/PGH/v2KNN1Sy1W2We1
lR1YZwDnFWtnUYrdS7M+flTcHyyKLKP+eMP/AH7FMMakcwQ/9+xV3ywTUbR4NPmkTZGe9vE3W3h/
79iq72Nsc5tov++BWqU9qjZPahSl3DQxX0uxb/l0jP8AwGom0fTz1sk/Ktsxj0pjRD0NDlJdR2MC
TRNOzxZpVeTRNOx/x5Ka6FocnpUDQ/N0NLml3Cxz7aHpn/Piv51Xl0HSz/y4j866N4arvDzS55Ac
03h/Ss82I/Oom0DSB/y4j/vqujaHnpVeSHmjml3CxgHQNGPWw/8AHqb/AMI/ogP/ACD8/wDAjWy8
VQNH9aOeXcLFFfD2gHrpv/j5qVfDPhxv+YZ/4+akxtPJNSLIR3p+0n3CxF/wifhtv+YaR/20NKPB
fht/+XDH/bQ1aWc+tWY5uOTTVWfcLGX/AMID4bfpbEf8DNMb4b+HX/5Zlfo5reWXnqKmWXPTiq9t
PuDRyrfC3w+/RmH/AAI/41Xb4SaCw4uZR+P/ANeu3WQU/Puaarz7iscA3wf0MjIvZ/wqB/hHpCfd
v5x+FeisBj/GoJVGO1XHETDlPOZPhrpsH3bxzj3qjP4StLbpOxr0K5U4OcVg3q8HFd9GpJ7nNUOM
k02KHgMxqAxY6Cty5Tk9aoMgzXow1Ryt6meU5ppXFXTGM0xovaqsK5UxRirDRimmM+lA7kBUUlTm
M46U3y/agCLFJipdtNKnNIYw0lPKmk2n0oAbRTsUnFABRRRQAUUUUAFFFFABRRiigAzS0lFAC0Un
NHNAC5pTTRSmgBRS5ptFADs0uaZRQFiTdRmmZoyaLiH7qcGqLJoBNAEwf3pwcjvUGTS7qALHme9P
WQ461Vz70oY0CLYk96eJPeqYY0u80xNFwSe9SB896ohz61IHNAWLWadmqquaf5nNAiekxUYf3pd1
Fh6ikc0m0Zpd1GazrL93L0ZVP40eieEP9Uleo2H+rWvLvCH+qSvUbD/VrXzT3PUP/9D37tWL4n/5
AF9/1wb+VbXasXxP/wAgC+/64N/Kk9iofEfHM3/HzP8A9dW/maZTpj/pU/8A11b+Zpua53uexH4U
KDQTSUdaC0x/0zSh3ToaZ0NOpWKjOROtzIO1Srcg/eFU6M1LRqq0kaAljY8Gnk/3azgTUiyMvepc
TohXLwY04SEVVScHrUylX6Gs3E6YVCdZamWXI61UIIoDYOKVrHRGrYvLIKmD5FZ4fFTLJUtG0aly
4p96fkYI+UZ6k96qrJ3qQSAnpTUjVSurM1NJ1a90SZZLGVkwckbuteteGfiNp+qCO2vW8i66crjP
414rvBFKD8wdeGHQ+lawq2OHFZbRrq63PqJSrLvXa69iGzSAA/Q14d4X8f3uiyrDdgzwHjJJ4Fev
aNr2n63aie0mHunfNdcKikfKYnAVMPLVXNF4xjiojH7VYBJ4PFBweR0rTTocKtcplMdqay+1XCgN
RslAtepT8vvUbJnjFXdhFNKZ60AZzRe1QtD7VpNHUbR8dKQGW0PtVeSD2rXMXtULw0DMaSDjpVZo
fatt4cjpVVocHpRYDGkg9qrGMitmSGq0kApAZnK09ZSKneCoHjI6UAWEnqZZves3JWniUigDWSX3
qwstZCT1aScUAaO+o3YGoFmBoZxVxZLK1z0NYN33rbnfIOaxbogg16FB6nPUMO4HNUXUZq9cnmqL
nmvXpvQ45bkRXmjZTqK0RJEUBpDHUuBQRQBWKUhTipytJt4osFyvsphTmrWzjimFeeaVh3K5XFNK
1OVOegprIO5ApWfQaZBtyKQrUhIHGR+FN3p/tE/Sj1QXGbaMUuJnJ8uFm/Cnpa38g+W0aj3e47si
xiira6RqspAWzap08La3IeLZhn2qXUgt2UoyZm4pMe1ba+CNdkHMRUfSpk+HmuOOOPwqHWp/zIfJ
I578KPwrph8NdcPVwPwqQfDLWj1mH5VP1ij/ADD9nI5TGe1GMV1o+GGsf89/0o/4VhrP/Pf9KPrF
DuHs5HJUfhXWf8Kv1j/nv+lMb4aayP8Alr+lH1ih3D2cjlvwpRx2rpW+G+tgff8A0qL/AIV5rg7/
AKU/bU/5hckjn8+1L+FbbeAtdXtn8KY3gjXl/wCWefwpqrB/aDkkY5z24pOa1G8Ja4n/ACwNRnw1
ra9bY0e0h/MHJIz80A1cOhawv/LoajOkauvWzNUp+aCz7EGaMmpDp2qDraNTTZ6j/wA+jU+ZdxNe
Q3NGTSm21D/n0ak8i+HW1ejmj3FbyFyaMmk8m9/59X/Kjyb3/n0elePcLPsODGnZpghvf+fR6eLW
/PS0c0049x2fYUGl3mk+x6jnH2RhUi6dqjdLM0nKPcLPsIJDShyeamTRNYkPy2h/KrKeFdalPEO3
8KXtIfzIXs5FPzOOlKJPWtaHwHrkxH8OfatOD4Y6rJjfcbfwqZYilHeQeym9jmRMi9aVZ42cKH5P
au5tvhRJkGe8NWtS+HVnpOiXV95++SFNyj1rnrYqm4NJ9DWFCSabJvCH+qSvUtP/ANWteXeEBiJM
+teo6f8A6ta8M7j/0ffqxfE//IAvv+uDfyrZPasbxR/yAL7/AK4N/KlLYcd0fG8//H1P/wBdW/ma
YDmnzj/Sp/8Aro38zTAMVzvc9hbJC5pwpuKcKCri0DNApaVikgooooKCnZpveg9aLDHgn609XI5H
FRg0ualouLaLSXB71Msiv35qiKcrY6GoaOmFVou4NLnFV0lIHNTiRWFQ0dEZJokWQipFlqHAI4NJ
gik0bwm0XUkzUivzVAMRUiOc8moaNY1Gi9vU/eycdKvaXq9/pM4ms7gqR/DnisgPUgcd6qMrGkow
qK0ke4eFfiDbaukdveYiuenzHrXcZ44II7HtXy4CSyyjKyJyrg9K73wp8RJ9NMdrqcxltiAvmMN3
/wCquqnW7nz2Pyhr36Z7OD68Up5qlZ39tf2yz2k6zRHoVbOKs7uK6k09j56SadpDygIqNo6eGp3W
gm6WhXMdNKVaKg1GVpAVjGDUTxVbK01h7UwKDQ1XeH2rUZM9qiMXB4oAx3hz0FVngz/DW00Qx0qB
4OOlIDFeEY6VUlh5rbkg9qqSQHPSkMxXi9qj2AdK1ZIOOlVWhx2oAp4NSB6GUg9KaeOlAE6SU8y4
qnvIpfNzTW4rD5pMg1jXL9avTPjPNZVy+M16FDcwqIzbg81Sc81Ncyc1TduetetTempxTi7kmaMi
otx9eKcGXHLYrdbE2Y8nBwadziq5nQHPzP8ASp7e01C7IFtaTMD/ALNJtLdiE7013ReCwrpdP8A6
3fgNJC8anqSMV1emfCmJcPePk+ma554ynDcuNGctjysyoDgct9amisr+5IEELEHpwTXvFl4J0azC
/uI2I7soNbUVlY24AitoRjphBmuWeZRXwo3jhn1PBbTwTrl6BmMoD3Kmte3+E+oTBTNcSDPUDiva
sjHyLt/Cgs395q5pZlUlpHQ0WGSPM7X4RWcagzzOx7gtWrbfDXQ7cfPHux6muyZSeTuIqN12LvYf
KKwlia8vtGsaKMGHwjodryllE31XmrSaRpcf3LGJffbRd61ZwttXOR2qF9RupIvNhh3Rj0rkeK1a
c7tGvsraWLXkWicLaoPfbS4gHIVB9Kp2uqxagDbSsY5egB4rH1yxvbD5kkdkJ7GuetiuSk6nxFKG
vK0dC1zCp271Bp3mkrlHyPbFcizJLYhg8rS+grU0KBhD5k0rrjoGNFPERqSSS0Y5U0nobHnSZPzN
xTVvFJwJcGlJByy8qe9c94ksTD5csErKzHGAa2qycIXWooxu7HR+fLjKuSPWkEsrDIc/pXLQ3d9p
0EZmDywnuKhudRP2+EQTPtkOSvpXPDFxaV9ypU2mdd5sv99qQyyjq7Vk6xJcWFvFcBjtb1pml6pN
qD/d+UCtXXgqypPcnldr9DZFxIf4jQZn7sRVSS/tYZPLaTLelMjvreRiDkD1rW8XpFpkuDXQvecw
9TSeZ6hfyqFZYZAfLk3EdhTsk9qfNF6RE0h+9D1jT8qCIj1iT8qbijNP5C0FMdt/zwj/ACpPJtT1
to/yoooUh2iNNrZHrax/lTRZafjm0j/75qSiq5pLqKy7EJ0/TT1soT9VqM6TpbHP2KH/AL5qyaKO
eXcLLsVv7J0r/nxh/wC+aP7K0r/nxh/75qzSYo559wsuxW/srS/+fGH/AL5p66dpo6WUI/4DU2KK
OeXcLLsR/YtPB4tIvwWni3s16Wsf5UtFHNLuFl2HBbcD5YIx+FKHA6IB9KZSik9R2RIJ3GcEilNx
KR99qioqbICTzXbqT+NZHidyfDGoZ6+Xx+daecVk+Jj/AMU1f/8AXP8ArTAwvCHMSZ9a9R0//VrX
l3hD/VJ9a9R0/wD1a0Af/9L32sXxR/yAL7/rg38q2qxfFH/IAvv+uDfyoew47o+O5h/pE3/XRv5m
mFc1LL/x8T/9dG/maZ0rmPcUboZgigA1IRmgLRcfINAxS9aUA07bU3KUWMxS4p2w0baVyuVjMUU7
GKMZouKw2lzRtNJVMNh4PrTuKjpQamw0yUHinq2KhBpwPNS0bRk0WVkOfaplfIqoG4p6Maho6IVC
0RTckGmCTmpAwIqWbqVx4finrJUXajJApWNFJllZKmRwc1RDmpFlJGCMVFrbG0ZtrVnSeHvE174e
uhJbs7RYIaIHg/hXsvhvxhp3iO0DQyiO4Xho2PIr57jkxwSfwNWLS9ubKdZ7STyplOd3rW8KjRw4
zAU8QrxVmfT4478HpTwa818KfEqO8KWmqAJKBt34+8fWvRFlDxh0YFDyMV2wmmj5WvhZ4d2ki12o
xUKvx1p4aqOYUrimMuakB5peKYrkJHFMK5qwVzTClAyqYiTUbxmrjL6Uwqe4pAZ7x+1VpIa1WjzU
LRCgZjSQcdKqPAea3JIQaryQjFIDAkt+OlVHhIroJIAR0qnLbgDpQBhshFV3LKa2Jbfis2eHac5p
rcChLL1rLuHJB55q/dfLmsmUSynbGm5jXbSaW5hNN7FC5fD81nyXCgkDczdgtdRY+D77UW3SsY1N
dhpXgPS7TbJcZlYV3fXIQRh7GT3PLrSw1PUHCW9pIM92FdbpXw01O7YNdSRxoeoIOa9MggsbQAWt
uEx681ZNw7AZ2j6CuaeYylokXHDW1bMHS/h7pVgim4ZXYdiK6i2tbGzUCCFMD2qqJMmn+aSeea4p
1Zz3ZuoQXQ0hc7hhfl+lKJCepNUBLzUiy+9Z69GXbsXg3PWn7uKorLzUnmHtTakldhctBu1P+XGC
3NV0fJYfxY4rkb/UL+LVym4gdVWubEYh0YptX1KjHmdrna4IGeKYYwwIboa5yDxJJC/l3kWOPWtq
11a1uk+VgKmljKFX3b6lSpSWxR1bQ4rq3ZrcASCsnSdRfTpza3a4UHFdbHNE5IjYP61iahobahfF
1bYlc+JwrU1WoL3vzKhUsuWRV8RJZLbi7t2Auc/Kq1Nbm5vdBc3EJ8wLwpq9BoNqjIZv3m3ua08A
AKqgAdq3pUZqfNPZrYUp2OE07Tb2GTeYsg9iKv3WlXd2VEZ8te4FdJeXS2aBio2HrTYLq2uotyHk
1hToUKTdJy318x3lLVLQo2ls1paiF+WAxmqWp6TJqe0K+Atb/kkrnHSmmEDqOvvXoOKkrPYy15ro
w7TTnt4Rb3OHQdM1m3XhhDcieFiMNnFdUYz9RTfLOCKylh6clZFOo9V3OZ1WxvbyBLccgVDo9pd6
fG8LJ8x6NXVBCvbmmOu45I59aJYePtVUe4KpaPIcLLb3Npqvm3UbyITn5RXQx3FjcQhVideOela7
Rq4IdQR9KrfYLVSSsbBj1+as6WGdG7j1HKpczLCC1sp3lW4Az/Cxp0+t2qsViDM1OuvD6XLbllKH
6ZpJdGih08pChab+9mtL1VothJK5Ug8QrJciF0IYnvW0wCgPnr2rjYbO5tL5JJYiQDySa6yTUrSK
3WV3AIHSsMHWqvmVV29SqkFb3SfBxkkZ9KTDAZIx7Vyt9rs0lyrwDCk4rTGsNbQpJcnIPf0rWnja
dSemwnSaNfnGePpRUNvcw3sQlhYMD6VLkZxXRFqTvF3MwNFFJnNNagnd2Q7ikpKWgApKWkoAKKKK
AF4optFADqKbRQAvFZXibH/CNX//AFz/AK1qVleJv+Rbvv8Arn/WgDD8If6pPrXqOn/6ta8u8If6
pPrXqOn/AOrWgD//0/ffSsbxR/yAL7/rg38q2e1Y3if/AJAN9/1wb+VD2HD4kfHkv/HxP/10b+Zp
B706YH7TP/10b+ZpuK5Hue9FWFxTlFJmnCpZvFDgopQmaBTxSbNFFCbKPLzUgFOC1NzRU7kBi4pu
zFW9mRTfL9qOYfsSmUNN21cMVMMWKakZSotFUDrRjFSmPBphWq5jLkaEHSlHWjpSZoFqiQNTlPNR
ilU0mjSLJwc05SRUQPFPDcVNjeMydG9aeeTUAapA1S0bxlckxxSc0A0tTY0TFVsHmpFb3qIg4oHF
D2Lu1qWQQSDyCOjg8iuy8K+P7/RZFt7uUTWp43P1FcNu4FSb8jnmnCbiKrSpV1aSPpjSdYs9atRN
ZSpKuMthuavq+PavmnStZvdFuFnspnA7x7uDXsHhfx7p+tQpBcyeTd5xtJ6muynVT3PmsXlc6bco
7HdBiakVvWqocg8lcY7dKkDnqeQfSttOh5LXkWAaMVEj0/ec0EilM00r7VJnIoNMZAVphSrBFMK5
NAFR4/aoWiyDxV5lNRlM0AZzw8dKqywZ7VrtH7VXeI4pWAxJrf5elZk9ru6CumeEnrVSSADtQBzJ
0lXbMlXLaxt7f7kQLeprRaLnpUJjwafOwsTxzMOOFHoBVgOcdapqMVMre9G4FoNgdadv96rbqUNQ
BaWQ08SGqganbyO9AFvzTmpFl4qiJDnmnCTC9eaAL4lJ4B6dKqajrUemxBg2ZD1FCSfxHqBWHbtb
XOtMZzls8ZrCq1Hbdlxszb03xCNQcKBtf3FS63aG4hF5Fgzxdh3pqJDE4MajPqKpazqs2mLEycxv
296rkl7P32Gz0GaXD/bzGW+2xGP5StNk0q5TUBHbErB3YVn2mnXd3eC4LlIZPmwDXXxSiNFj64Fc
lPDU6q/eK3mW6rSJrC2j0+Parlyw5Jq+suVxkYrLWfqM9etPEw49q7oxUYqK6GN7mkHGetPDDP4V
nLNU0cwPWrVr6gUfEEg8tUxnIrCiWWFA8chAHbNXdfn3TKAegrPgnCgAnIPavCoYKOOx01UukjTE
Vfq9BW6mxZa3IrBJuV9a3YbiG6XKMufSuQki2tvBAX3qP7Ulo24XCqfrXXPD4zBe9B+0h+KM6eIp
1dJaM7cpjjAx7U0xj0rn9O8TwynY0gOPQ10MNzFcAFHB9q1oY6nW208maTpNa7oYY89qjaL2q58v
/wCqkIB6V1qy1RnaxSMXtUZix2q+UppjFMDPKH0pm0r0OavtH6VGYhRcCk8ayKQ8YP4Vm3ehWt2p
XBU1ttH6VGUOetS4QluPmaOaOhrb2TKq73zwaydPsUkuHi1N38sNwD0Fdw6nOagntIrlSJAMnvXL
PBwm+daJfiaKqyjbWtnp8RFvKvlnoM81KLm2xgSA1Rj8NrFctIZSUPbNYmq7bOXEIcL61U6ypx52
rIle87HTi8tC20Srn61IDnn+Hsa5fSdHkvJPtUr7IgfXrXTNPaxIIxIuxfQ0Yes6kOaordhzglpH
cfRSRyxTHKOKcVK8mulSTIasJSUAHrS0xCYoxS0UAJiinUhoASiiigArK8Tf8i3f/wDXP+tatZXi
b/kWr/8A65/1oAwvCH+qT616jp/+rWvLvCH+qT616jp/+rWgD//U99xgVjeJv+QFff8AXBv5VtGs
XxN/yAr7/rg38qT2Khuj5BmX/SJv+ujfzNMK1akTNxL/ANdG/majK1xuWp9MqehBg04U8pTcGlcT
i0LSgnNNJ5pwpWKTsTKakUioAakVqlo6ISJ+vSlxTUNSioZ1RSYzZQY85wM4qULW54SsE1LXVtZB
kNiiOrsFVJRbOZaL1+lRPDzW7rlgbDXLq3K4VXIX86zmjzVXtuYxpxnG6M5ojmmFDWg0VQtF1qlI
wnQKntSZ5qcw4zURTmquZOFgBp4OKjwQaXdT0JvYlBqRTzUCtxUgapaNYTJ1NPBqBWp4apsdEJE+
eOaMelMBpQcGpaN73HEYFGSOlKPmpcVNyxN3OQKkRykiSodkinIYdRURFICaFoD1VmekeFPiTLZG
O01QF4iQBJjJr1izvre/iFxayhoiMgd6+Y15OMcd63fD/irUfD10GglaWH+4zV0U6zSszyMZlsZ3
nT3PotZBTw+a5bw54vsPEVrvEixTdNhPU10QkZQAwxXXGSlsfOVKM6btJFtWx1p241XWTIp++qMy
wOaABUSvT1agBSuajIqYEGkIFAEBQ1E0Zq0y0wrQBRkjqrJFmtN0zVd46AMl4sVXdQOa05UGKpyp
xQO5TPFAanMtN6UCHhqXdURPNLmgCUNS7jUQI9aXNAEm/wBaenJLZ6DNQbqhvml+yFIPvtSb926G
rENvriS6g9s4wg43YrN1rT57Sf7XasXXrxVd9HuYo9+WLnnikh1K8tW8uZSUHUNXlzrOTca8bdmb
KCjZxZctNYvYY9zx5GKktkutcud9yNsK9BmmP4hhASIWwLNW7AdlujqoUuOlXhqTqLSpzRQpz6Ws
y5G6xRLEh+VRgUqy4qru596UPzXpW0szJu5bEpFPExqnvp2/igRdWfNSpMd1ZyyYNSrL1+lCE9nY
yNZuQ15yflHWub1Lxpp2nK0aEvKOAAueav67MXSUKcGvOrDQPPvZJpNzkvxmuDJ61ONWrXm9Ex49
KShT6mq/iXXNZYiNfKi7EnFA03VLofvZiR/vVtxW9lpcQa5IXjpWZeeObWyJS0iDHpk1vUzyrKds
NC6KoZXWrK9rFvS9GvrB/MSYt7E119lqFzHgHIavLpfHOqXLfuIwB7f/AKqkj8Q+JJcMkJwPb/61
ebicHjcXLncbPyPSp5e6StKa9D3Kx14jCTr26gZrbhuoZ1BRhmvndfE3iRWDGEkDqDn/AArqtD8d
XJwk8IjYdzmrhHMcKv3seZeQVcFBr3Zo9jxgZJo4rm9P8TLMq+bgit6K7hnAZXByOldtDGU62kdz
gqUpU/iJduRmm7BTySRgUV1baGdiLyajaKrIppWhBqVGjFQtHmr5TNRtHR1EUdh6HpVW6023vUCS
rgeoFahjqMx4oklLSSuO5yeu29zYW0cdlzFjnmoYbKzjs1uZZyWIyy5rrmiVxtkUMprIuvDlvcPu
Riq9cVx1MOlU9ov+AaRmrWZVto7W8tmltJCHAzg8VHpl7eSXDwzx7VU9T6VXuXh06cRWQJkHVRT2
n1S7TZHD5ee+KwjiFD3Wm5eSuU4G3hX+aNsj2pOufasextdTsJd0jlo2PORW4CkgDRtn1rvpzc1q
uV9LmUo2I8UYp5XBpMVo7LTqSJijFLRQAmKMUtFACVk+J/8AkWr/AP65/wBa1qyfE/8AyLV//wBc
/wCtAGD4Q/1SfWvUdP8A9WteXeEP9Un1r1HT/wDVrQB//9X36sbxL/yA73/ri38q2axvEn/IEvf+
uLfyqZ7Fw+JHyY6/v5f+ujfzNRlasSD99L/10b+Zpu2vPvqfZKGiK+ymlKslRTGSmmQ6ZWK+1IvF
TMtRkYqrnO4C04GmDinCgpEyNxUyPyKqg81Ijc1DR0052LoIJrsfhrF5niHzcZ2Ec+lcSjY57V6N
8KIczXEx6bjj8KKSfNqTj6vLh2xPihpP2bUxfJHhGPOBXB7OAfWvcfHen/2l4ZumQbnjjZh+FeJR
jOUPBXqDVVo2YsqqqpR8yFkqF4/aru3POKa0eayPSdNMoGPjpULRc9K0mj4qFo6akc86KZmtH7VG
yEVotH7VC8Zq1I5J0LFLBBpwNTNHionUirujncGhwbmpA3NQDOaeDzSaKjKxZDU8HPWq6tUgapaO
mMyYH0p2aiDU8GpaN4yHigikBFOqS9xhoDetOxmk24pbhrEnt7ieznFxbStFMvI2GvUfCnxISZY7
PV2Pm8ASNXk2SDwfxpSA3Dcj1rSNRw0Ry4jCwrxd1qfUMcqSRh4pFkjYZ3qelSq+RgnmvAfDHja9
8PzqkjtLaD+A5Jr2LQ/EWn6/b+baTANj7j8H8q7IVVJbnzWKwEqTulodCr9vSpA1U0k/hJ59KmVu
2a0RweRaDClBzUCNmpAetMCbrSYpgbFO3fWi6Aay+1V3WrQORUTjmi4GfKvtVKRetaci9az5lPNM
ChKtQGrMuarP1oASjNNooAcKWm5ozRcB4yenWgOCflbLDqBUc0git3kY4AFcraapLbXkshYshNY1
sRCk7S0LjBy2OwDvxknHvWXqlzbwuFmhQq3ViKbFr9vKfnJH4VFrk9tcWQaMgsRwKmtWUqXNTafk
VGEoSvYraZYCfU/NHzW45Ge1dKW+bA+6OlZ+jReTp4B6GrgJK1WHhGnBOKs2TOXM7ku7PejNRilz
W17kEm6l3VFmlzQBMDTg2Ec57VCGpHfEUn0pN2QJXZzGoEzTyKOazLrUrTw9Z75NrXBHC+9S6xqP
9mQzT4y3QV53HHeeJNVDEllZhyegFfP4HBTxVSSWkep66hT/AI09kPnn1LxDenJmZWOcdq63QvBE
CKJL7GSOAelb+n2lnpluIY1BkxjdjpU8ok4O/dX2FDDUqMbQVmeXi83rT0paIZFpGn2b7Ut4iPXb
WpE0EcBCRIO3AqmTvgGSFb3NOVgItqsC31re9/U8mc5t+87k6mFzjyU59qmeCwCbTbRFz321UjkE
eSeWxR8ztu6H3p8xCnYtJFFEMJgD0FWYbm5hbdE7ADtmqiiNOS2TTzdAcKK87F5Xh8Qrr3Zd0dNH
GVqWl7o6ay8RAqEn4I7mtyC6inTMcimvPN4fqBUkNzNbHKOcZ7V5MqONwmjXPHud0KtCs97M9F3D
GAeaASPeuZsfEQG1JuPet2G7guMGOQE+lbUcXTq+7f5F1KTpq/QtUEZqMHn7wp26uozEKUwx1Lmk
HNAFdkpm3FWiBSFaNwdjmr7RMXX9owjkclfWiLVprlWSJAjKceldFt6jPB6isCbRfL1LzPO2RP6e
tc81Kn71JbmkfNkJg1S7yHnZYzxwaLPSruwmJM7SIexNVNQM9lfCNbkmI4PBqpLqd6k22As61zPE
UabvPWRXs5HSlTuzt4pCvGR0qvpVxc3IPnoVq8U25UV3U6ikua1jJkGKSpStNMZqxEdGaftpNtAD
DWT4n/5Fq/8A+uf9a2CKyPE//ItX/wD1z/rQBgeEP9Un1r1HT/8AVrXl3hA/uk+teo6f/q1oA//W
9+rG8R/8gW9/64t/KtmsbxH/AMgS9/64t/KlL4S6fxL5HynIv76T/ro38zRinyD99N/10b+ZpMV5
j3Z93GPuoZtzTWWpcUEZpXBxKzLUe0VaZfaoyvtVJmEqZVZeaBU7L7VEVxVJ3OeULAKVD81Mzg08
c0xXsP8AMKrx3r1z4YxCHQzMwwWkcfrXkQQyyJGnJdwPpXtegRf2fpVvBjGFBP1rSjG8jizKt+75
Ds123FvLbNyJEIrwXWrQ6brs0JXh2JFe1Wt2AwOa88+JtiIrq3voxgFyDj6GtMRHS5hk+I5KnJ3O
NXgYJzTsA1EjZUE9+amBGK4kz7BvXQaUyKYY+Km7UYq7IHFMqNH7VC0Z9KvlKidOalozlTM946ia
LmtBo+KiePHNCbRyzomeyYpmMVcdM9qhaPHarUrnHUpNEQNPVqTZTgMVREboduqQHiou9OFSzaMi
UNTwahU1JkVDR0RkSUU0GnA1Jpe4Yppp9BoExgPzVbsNRutLulntJWRgc4B4NVcUYA9aak0yZ041
FZnoUXxd1C2t1WWwErL1cEc/rT0+N8g+9ph/Mf4153v42jp3qvNao/K4zXp4TE01aM0eFjcr0cqZ
6knxwc/8w39R/jUg+N038OnfqP8AGvHHjMR6U9XGK96nQo1FdHzdSNSneMkexj42Tn/mHD8x/jTx
8a5T/wAw/wDUf4148pBqVRWqwdLsYupJHr6/GiU/8w/9R/jUq/GF362A/Mf414+vUVbh60ng6a6A
qrPW0+KDTf8ALmB+NWE8avc/8sAua8ytF5FdBZDGK5KtCK2KjNtnbx6wbjqoFSrNvrEtOgrUi+6K
8+pGz0Nk2yznNFIOlLWRYUc84opc4H1oAhuIBeW5iLbQwwaqpodosJjBBal1qd4LULAcOw4xWF9u
vrLErsefUVx160IS5Zq5pCLezNCXw4Sf3Tge1Zf2eSPU4rWQEjd1qQarfSSfaIwxWtTSbxNRkJlj
AmXuRzXGoUKtTlUWmat+7ZmuoEcKRr6UuaQjBxRXsbJJ7o5h2aKQdaXNABzmlFJ3pe1ADgabMcW8
h9hQKjuiRauRUVHaDY47o8+8XK80IhT7zGrnh3Rl0rTUfjznHNTTQrcTiRu3rVje52gHgUsjglRc
+4ZjiZRSpR2e5JsOeeT61Isjxj5tp7c1DvY/dFO2ORlq9rlueR7sVoch4mm1WynM6yKIT0GDWLB4
n1GCRJGfK+ma63xdHNcaWEiXcwFecpaX7yLH9mfrivMxDqxmuU+oy2WGqYf98tT17SdR/tGwS4Iw
x61oea7cYrG8O2rWulokow2Olae905xxXow+HU+dq8qqTtt0JcMDUisfSoBOaX7Qw6iqTMbFkFvS
pVkK/wAOaqrcN6UPfJbgmVgvsafNbdhy3LmQeq81LBc3Fq26M/rVCHUIpQORVpbhSeK8vFZbhq75
72fdM6sPiq1HbX1N+x8QngTr+Nb0N7FOgZJPwrgi4k+UcfSnRzXFucxuR+NeXOjjsGuaouePlud8
K9Gppsz0MMSOaeGFcpZ69LHgT4Irct72G5TcjitqGMpV9U7NdBzpzj6F/OelLmqyy44wcU5ZueK6
/PqZ3tuTY5qpqtmbvT3VWKsvIIqzvzThJng9PSpqRU1Z6D6nJWGhzXmWu2b5TtGfStuLTdP09AJC
AexatTIA4GPpVDVNKTVYREZGQ+oNcsMJTpJyjqy3VeyJlWNl/d7SvqKjMXNGn20WnQ/ZjLl+xY1b
2ADI59xXVCT5SLNlFouaYyVfMQPNMMYIqhGeUppSrxiqNoqAKZSsfxQuPDN+f+mf9a6ApWJ4qXHh
fUP+uX9aAOY8If6pPrXqVh/q1ry7wf8A6pPpXqOn/wCrX6UAf//X9+NY3iMf8SS8/wCuTfyrZNY/
iP8A5At5/wBcm/lUy+E0pfGj5XcfvZv+ujfzNA5pZP8AWzf9dG/maAK8x7s++XwoTFIBT8UmKlJs
pxsrsYVNMK1MR700/WjUzauyuwqNl4qyQKYwGK1TMZJMpspzmgGpmAqJl3NsHVuBVI5pq2tzofBe
n/b9XaVkJijAxn1zXrG3AAHYcVy/hLTTpekoXGHb5ifaujjfjrmuukranzeMqupUt0LEUjIwrN8Z
QDUPDRcj5ozurSUA0y7i87S54DyNlVNXizLCz9nVTPF4G/dgdxxVpDkA1UuFa31O4iPRTT0lyK81
qzPuaFS8E7l1TTlquj5qVWqkzpUkyUgYphQU7NL2pjuQlAe1MMNWaKGiXFMoSR89KgeOr0gGagde
TUrQ5KsUUimKjK1bZajZKtM5pRK+KXNSFaaVoJsM704NTCOaKHYq5Mr08MKgzil3YqLFxmWCcUua
hDZp4NFjVTJBTc0A0Umh3uJnmj6UmMk0uKLBdpjSgkGGHNVJLdkORz9Ku5IanZPPHWu7D42pRknf
Q8/FZfDEX01MxXxx0NTq/NPntVb5l+9VZWK9RX02FxkKy8z5PGYOdCVrF1TyOc1ch61nwuM1ehOT
XVJtaM4OW5s2h6V0FlyRXOW3ODXRWJ5WuGs7o0j2OhtB0FasQ4rMs61Iq8upubRJ14FLSCisCwoA
3MAelFKoO5T156U0k9wMTW5/JvIT1VTk1W1TVk1C2jhCYK98VcvbaO71RFkfaAelPk0WzH3Jlz9a
8+rTrylaDXzN4uPUZYa1ZwWohljXIHpVfRwJtWkmjG1M8Cpn0G2dWKzqWA45p2gW01vM4kHHY0U1
iFJKaWgTcbaGw3PNJStyDSV37aGAUYopaAAUuaSigBwNV79ytm3vU9VdTOLI5rDEu1GT8i6avNHM
hGc9DVnytq5LDFQRSnHHSlLsTzyK6Mmi1hInFjJL2rRMZgvCj8aZl3kAJyPamcE49amGIlz3PFem
12OVbWFl2hguAwpXSGPb+5TPXOKiU5kz3p11cwRbQ7c4out5aBd3JphuCvH+VOSQldrY/OqyalaC
KRWPO35cetee3us6imoy+WX8sHiuerioQ2dzWFOUj00Q7jhSM/Wq15cjTojLOQqj1NcNa+I7gBd5
wwPrVq+vf7YtzDJMFDDnmuWWZU7e7f7io0H1N1fEsLjMZBHb3rH1yS91R1eAMAOwIrLTRJF4huR8
g45pTb6vbj5DGQP9qvPqY6rV92+hsqSWxYiu9VtVC+Q5A981ZTxLexH54pB+FZB8SXNqfLmgOR1K
mmN4wh/jtmz7kVzRhUXw/mU4Jm9/wmhUkEsGHqKSLx7OXMYQnNc2XuNXlza2557lcV0el+DnRBNd
yqgPJxXr4OnXbu2ZSVPsOfxNeyzB1Dbc8qK6TSvF0bEI8pib0NZE72Vupt7KIySDgsRXPz280cxD
Da3+xzWmKyrD1/etaS6oKOKqU2+qPatP8Q7lG5ty+uRW9b31vcruSQZ9K8Et7jU9NQTMAYuuCeTX
TaR4s88qgV42yBwK8ipTxmD1fvx/E7o16Nf+6z13zCvepBIOO+fSuNtPETQkCdC2e9dDZXsdxiSP
oT0rpwuNo4myg9QnSlHfQ0ft1uk/ktIA/pVjzEz98ZHvXBa80y6yDCDuPSpFtdYLKxPBHrWc8XKF
RqMG7FKkrXudFr2mNqUCyW8+yROTg9aTwzNPJbvBOSxRupNYQs9WVS4bBx61oeE5mM0ySrtkB5Oe
tY0qkqldPlaKlFKO51RGc4pNopnmfMafkcV6hzibAaY0QNSgijGaAK5hFYPi+LHhPUj/ANMv6102
3NYPjJMeD9UP/TE/zoA4bwf/AKlD7V6lp/8Aql+leW+EP9Qtepaf/ql+lAH/0PfjWP4j/wCQLef9
cm/lWxWP4i50W8/65N/Kpl8JpS+NHy0/+tm/66N/M0lK4/ezf9dG/maMV5ct2foMF7qEx3710fhf
TNG1iQ215dvBcfh/WueCjv0pcur+ZHIySDoy1UZWM69J1I2TPVz8KdKwG/tK5APQhV5/SmH4VaVk
j7fcg9/lXn9KoeC/HzKE07VZCQOFkavTCA8SzI2+NhkMD1rtgoSPlsTUxWHlqzgD8K9K/wCghc/9
8r/hUTfC3Sv+ghc/98r/AIV6DjPrn0qNl+tV7JHJLH1t2zzqX4W6X21K6H/AU/wquvw1062uY5hf
3EnltuCsq4P5CvR3jyO9VZI/amqSF9dqyRgNbrEixrnaoxUWSDWvNCTnOMVnyxEGqSscjbeo6GTG
KtREMHU/xDFZwypqaOQ596bC+tzjNY8A315qr3Vs4EbAcGqqfDvWAxxImPpXpKSbup5p5U5GCayd
KLPQhmVWCSiefR/DXWmAIlT8quR/DDXW581MfSu8hnZCBk1qW90T/EalUUbrOsSup5unws1rvKv4
CrC/CjUiRuuWH4CvUI3yo5PPvVPVvEFro0DvPIobHAJqnTikUs2xVR2R53d/D8aZbmS6vDx2OK47
UIoYGKxPu96v+JvGlzq9yyxyMkIPTPWueMwfnexz61yza2R7WFdaSvUZGXyxFNanbec0EcVlqd1r
kRFMKipMZ4pMCgzcSLbSbamIxSbc0XJ5CuyCoWUirxQVE6ZqkyJQKoNLTmjNMKkUzNqwoNOBpmCK
Xr7UxXJg1OzUAp4NJo1jJEopSaZml61JpcU80Z4pQKQimPoIDTWhWQZPBp2004Yq6VWVOV4mNelC
tHlkimYzE2e1XLZh1FPVVfhhS/ZirZTp6V7+EzPntCZ8zjcodO84GrZnkV0dh94VzFmdpGa6awIy
K66zTV4njqLi7M6W06VqRD5ayrM5rXi+7XmVNzREwpTRilIrBlDaVThwaWjFF11C9jD1TT57vU43
hJAzyRUp0FxjM7Z781Lq13JaSRNH0J5qufECKBwd1cdSeHi/f0NEpSWiFk8PSMD5VwwYc9al0y7k
8w2Uy/OnAYd6qnxBI2fLU5PSn6Kss1y88qlTnPNKNWlOfLTuw5GtzZHUijFONIOldq2IYlFLSYoE
FOpKKADvVPVuLKrnes/WGxbAe9c2Mf7mRpS+NHPx9SKk5Cl/4V+9TFGScDmsPxNqrWkP2aFvnfhs
V2YCapYGLZw4iPNXaNFNbs2uNiKGA7g1Yl1O327yAB0xmuc0uyS2tNzANIR1q21vE4BZa4v7Ymm9
CfYIvx69ZLJhgPzrk9U1SQ6wZkO6LJwM9q2hp9sefLFIdPtWzmFPyrnr5n7ZJSRcKaiZ0Gt2srfv
AEP1q4JtLlHOCTUEvh62kBIUAnpisyfw5cLkxOcexrmXsqmzsatdjWax0uYHHyn1zVR9DtCf3dw2
T6GsKaG8tHw5fimx3+4YdiCOxOK39nP7Mrjtc0bmyurH5obpmHuc1WOp6ogz5ilfcVXa8VpBHF+9
kP8AD1rd0rw3eX2JLhWWL0YV008NUl2Icox3Zhww6hql0EVB8x5IrrdO8C2pZZr3lh2ro7HTbXTU
xFEgbH3sVZYk85wa9ehhoxXvo5p1ZdCCOO206MJZwjd7imvbz3XzTPtTuBxVlAgYt396UlSRuNdU
uVavQxbd7FJLUf6u2UD1JFWYdNtYV8yVfMlqTdzhRgewqe3sZ7hxgMB615OIziEXy0fekvuO2ngp
Nc09EZk9g182JSBEOgFaOnaFHgLAhGO5FbtrpcUXMgya0l2oMIoUe1edKli8W+bES5V2R2wVOkvc
WpTtdGiQ5lbJ9K1YlSH5Y+O9QB88nrTg5BzkCuqlhKdFKESJ1Jy+Jla51uzguSssQaRemfWoX8WS
7jiAKmKg1PQRqDedGSHNZ8nn6fYyQPbb26BtpNcuIliuZ62RrGVNRsaX/CT3kq/u41wBWh4YkaV5
Z3ADE5rL0O/sbbTpDdRpvIxhhzW3pskD25lgUKOlVh6VT2ilKdwqNW2NpZfnJqUS1mrJ71MsnvXe
YGgJKkV6orLx1qRZaALgbNYnjL/kTtU/64mtNZPesjxg3/FH6n/1xP8AOgDifCH+oWvUbD/Vr9K8
u8If6lR7V6jp/wDql+lAH//R9+rH8Rf8gS9/65N/KtisbxH/AMgS8/65N/KlL4TSl8aPlxv9bN/1
0b+ZpRxQ3+ul/wCujfzNKK8uW7P0KPwoMUuKDS0iiN4lkGHGSDlWFdt4P8cy6VcR2eo7ntjgBz0W
uNxSFQV5HHrVQm4vQ58RhYYiOp9GwywXVus9rKJYn53DtQy14t4U8YXXh64Ec5M1mxx16V7Jp9/b
atZLdWjhkbqgPIrvhVTPkMbgZ4d6LQcV4qB1q8V465/pULLWrPPvdGbNHkVQmh61tPHyaqSwikBg
vEQai5U1qTxe1UnTBNAhYnA69auRyZArOUhTk1NE5zx0pFF/bnkVJFK0QJJ2qPvMazL3WrLSoDLd
yKpA4XPWvO/EHjm81XMFmvkQjvnqKiVSKR1YbBzqvY9B1v4g6fpMZgt38+UjGV5wa8o1fXbvVp3e
dyyk5APasnkuzHLMerE0q8muWVRs+hw+EhR0aA5JqxCpIpoWpo6yWp6ainsSDpilxxSdqBQapaCb
aQipKNtJkNEWM0mOal20mOaAsRFabUxWk2ZoBxIimRULx4q1txSEU0yJUym0ZqPYavbBUZjx0qkz
nlBlXpThUjRmkCUyEmmAp4FNAxTwaVjZXJAtIVpQadmixsrDMUgFONL3qL6g0rCqMVbhzjpVYDpV
iM9Krmd9DKVra6mjDGpxxzWxZqQ4zWVbY4wK27TBYZr08Pipx916nzmPwsJXktDfsjnFbEP3ax7P
aOlbEA+Wtpy59Tx3HkdiyKCKUU4ViwGYobgZpxXmkYDbihNrYLGbrFlLexRmHgA/Maqpp1gsaiWV
fMHWtqRjFbSHPAWuetNKOqyzOs5VBXDiqd5pxgm/M1pSdjTg02zc+bEwIFXlAUAIAB3xWFYO2j3z
Wc77ozzuPvVrUtVityFtuTW1OdKmuZ2jLr6ikps0xyTR2pkD+bbpMepFPrda+93M7WG96WlopgJR
RRQADrWbrRxbr9a0x1rK1xtsKZ9a48e7UGzWj/ERjRsER3boBmuAvpTfeImYcqrDiu01GQ22lOxP
XNcPoY83UXkbu1EqjjhIw8jmlG9acjqz8oC4xxTQDj271XvbsW1wiHoTUA1NEu/KJ+U85ryFCTV0
IlvHmhXzYPmUdRUNvrkEvySfK3Q1pqAwGTlWrldYs0guy0fGTmtaSU1ytBy3OnjeGQbkkB9jSXIk
W3ZkZfzrjUuJYeY3LH0zWtY2+sar+7QNGn94itVhJy+ENEZt1dyTzFDuZwemKs2vg2910oRCUXOd
xrv9C8DQQIJblwz9TmuvhhhtkCRKFx3x1r1aFD2fxCUnPY5Tw/4CtdJhDSpG0g/iNbz2UcCFmYLj
olaG4luelZmq5bCs4rrpzd7Ic48qtu2ZMrh3JAwO1MyKa7YbAIIFPgtprhvkBWscTm1Oi+Sl70vI
zpYGU3eWgwkA7utTwWVxdMCE+X1rWtNIRPml61ortjG1BgV5jp4nGa15WXY7qapUf4av5lO00mKE
Aucn0rSUqi7YwBUWc0orspYelRjaMSZVJPckJ98+tAJpopc1tfmIQ7dmhpUgiaWVsIvamgfNisfx
Jc+XbJCM4Y84rOpUhTheTGldkL+K2+2EwRsYV6kV0FnqMF9biUuNvcMKxYf7JXSPLH+txz0rGtLa
5d2W3kIU+9cSxlWnJc7Uovsbql1NzxGuniy3W/MrECtfR0MOlKHXbnGK5y10iaa5QSyhtvOK6pWC
qI1HCjFbYeEuZ1ZRs2ZzJ1cVIHqqG5p4f0rrMy2snNSrJVMOakVzQBeWQVleLHz4T1If9Mv61aDm
svxQxPhfUB/0y/rQBzXhD/Vp9K9S0/8A1S/SvLvCH+qT6V6jYf6tfpQB/9L36sbxH/yBLz/rk38q
2jWN4j/5Al7/ANcm/lSlsaUvjXyPlxh++l/66N/M0oob/XS/9dG/maUCvLluz9Dj8KDGaWlAoxQU
FB6ZHWlxQRzVCE+8cY49K1vD3iS+8OXgaCUmEn5kPesrGDTD8q4Iz3pJ8r0M61ONSDjJH0Domu2u
vWUc8BAcrlkz0NaBUZrgfhTp5i0+S6dT+8JK+mK9A24AI4JNejTleOp8NjaUaVVqJCUFV5k9quMK
jdeKs5DMliyOlZ80HU1tSJxVWaLIpMZhPFgnjgc1zniHxVDoweG3O+5x8o9DXYSw4JBHBHWvHPGt
g1p4ieRlJR+jHtWc20jswVKM5e8ZV3qN3qVw0t3MXDHIX0qMHse1RD3/AApwznmuKWurPpqUVDRE
33uT+lAGDSLTh1pXN0x4PapkOKgA5qVDzSRtBk+eOlApu7inBqZsmOpRmk3UoNFgaQtIRS0VIhpo
ApSKAKBoaRzTSKlxSEGgUkRYpMVLtFBWmjJoh20hjFTYpStO7IcSuUFN21Oy0zFNEvQZijFPxSEY
p2EmM6UueaQ0oIHNZ8rvobXSWpKp4qaIEVRkuEjHJ5qH7YznCniu+jgale3RHm4nMaVC9tWdHDcC
PGDmtezn8xga5O1Y8c5rpdP6rxivVhhY0Vyvc+axOMlXd76HWWH1rcgB21g2Hat63ztrCoci7lpR
xTulCjinY5rnKGkUmBj3p5FMIos3sAbfMQxnkMMVylw01jdvBbuy7j0FdWMjkdarvaQfaftbkAqO
9c+JpvERXK7NblQnynNmxurs5l3b/U1P/YjJAWkkCvjjJrZt9Viu5WRdgVT96q2sTW15H5EU4Mh4
AU81zrCYdRve/wAzT2k3sibSgwtSkjgkdMVdIxXNWsN5o92j3JPkv0ya6cgMiyKcq3IrsoybVrWs
RJdbjSMUlKeaStLMgKKKKGADrWRrgBRFP96tb+KsjWyN6D/arhzG3sNTah8ZxPiy6ZLVIVPGKwtA
T9+AOuc1b8VS7rtI/rWfp1x9jucnpis5e/SSTOd3vJlrxBIWnCrwwbP0rJLOWyT8/Y1NqFyLu5Mh
B5OaSC0num+RML606UOVcqROi3JU1i6ijCFxx7UsVvfavOMBiPpWzp2gRj5pfmf0rp7aJbaMBUVc
DHAruo5e2+ZoxnXtsjI03wta24V7ldzema6OO4S3QRxIqqPaoo45Z2+VCxNalto+wb7k7QfWvR5K
dFaGKUpu7ZLYyT3QGDhRWlIyQLl2AwO5rLudUt7QeTb4Bx1rJeae9cD5m56V5WJxtGnq3r2PRpUp
v4djTvNZJBSDrWUPtN4+SWbNaNpox4aUbc1sRwwwDCKK4lHE4pa+7HsbqMIa7szbTRUCh5sk9hWq
iJEAEUCjcfwpRXbRw1OgvcWplOrKejF3Z60Zz1pKUVu3cgKUGkpRQtAHZopKKaVwJI/vFjwF6muU
1KeO61UK0mEAxjNbWt3gs9PZUP7x6wNGjtQxe9YZY5ya4sVVSmqUra7m0Iu10WjokuwyxsSre9Qe
XfWQYhSqAda6qCaAxAQOrIOlSSos0TRSqMMKieXUpLmhp8wWIa0aMLw55s08ly7lsDpXQFssT71W
tbZLOJljHGBU2QD78V2UoOEbNmcnzbD8808NUWeafmrJJg3FOD+9QbqcpFAFgPWZ4mfPhm/H/TP+
tXd1ZviRs+G77/rn/WgDG8If6pPyr1Gw/wBWv0ry7wh/qk+teo6f/q1oA//T9+rG8Rf8gW8/65N/
KtmsbxH/AMgW8/65N/KlLY0pfGvkfL0n+ul/66N/M0gpX/10v/XRv5mk6V5kviZ+hx+FDqcKSikU
OoopcUwEpp+aRQvVuKfiruh2pvtctoAOFYEn8aaV3YzrSUKbZ7X4Q086d4V0+FvveSufritvGfwo
VBFEkI6IoAoAJbgV6MUlGx8BiKjqVHJ7DGHNMIqcjJ/nUUjJGMyMEHYmndIyjFy2IWXg1XlTIq5g
Ou5TketRsv8A+umNJ7GVLGRz6V518S9N326XYH3Rk16hIhIbIrnvFemC/wBEnQ5z5ZxgVnUWhvg6
nLUS8zwcYKhx34pvQ0sYJjX5cMDnFBFcO+h9Vra44GpAeKgFPDUWKTJwalU1WDVKjZoNoSJgaeGq
H8acDSNkyyDxTgaiQ08U1saIdTqYDT6QwoApcUoFFi0IRSYqQrTSMUAxAKUrmgU6gzcRmyjaKkAz
S7aZLiQFfSomqy4x2qBlzVETg7ERJpMGn4AqKWQIua0jBz0icjkkm2EhCryaoTXgIwtQXN4XO1TV
YHJr2sFlyj78j5/H5rOX7uJNkscmrEQqqp5q5Ac8V67Sa00PG5n1dzTs/vCum0/qK5q0GCK6SwPI
rkq6KwtDq9P6Vv233KwNP6CugtuFFebU3LRbUU6hfSlPWudlCGkPSlNJ2o+dgG4PaobqLzrJ1X72
Kn6Ug4Pseopv4XHuCk10MDRordo5IJ38t8nmqTJHp2o74280Kc5NWdetDb3P2iMlVYAcDvRa6PJc
xrLKSFPWvIqRqRapU4Xt1OhNJc0mQX2pSaogUJjZWvod0biz8puHj45qzbaZbWwwF3HHesa/nGna
yjwj92fvgVtGlUw8vbVpfETJqfwo6Art+X+7SUiSC4hWdPutS44r0IyUlcysFFGaBSEA61i61wwP
uf5VtAc1ia2MknPSuHMnbDm1D4zy7XZPM1RuTgAVRSJ5CFQcepq9foP7SlLcgY7Voado9zfEMVMc
XrW+EwUqlNSlsclaoo3KVrp6K4z87egro7PS5GwXG1cVdgtrDTEA4kkq4kzSryNq9q9ajhow+HU4
5VGxscccK4Ayaecmk4U00SZYqoJrPE4/D4de+9exdLD1Kj90v2s62o8w9ccVFc6lcX8nyZAFOt9M
nuG5JC9a24LCC2QAjca8OdbFYx+4uVdz0oUqdBXerMi00iSb55a2YLOG3UEDJqYnsOBSDiuihgqd
N8z1YSqNikkt1wKKTqOaWuptszt1uKKM0lFGwDqKKDQAZpabTvrQADrT1wimRh8oFMHJ45rM1trx
4Rb2ynJ4JFKbcQWpi6nfpcapGr58kng1pXPh0tEktu+5WXdiq1kLaHbbalCQw6ORXUR7ViUQvlAO
MVxUcPSqqTmr377o2c3T0icgDeae/wAwKqK0tIe6v7sTSN+7XpWveW0d9bmN12seM0WVqtlAIlOQ
O/rRSwsqclZ3iDqprYtMRuOKTNJwelFd1kuuhjuLmlpmaWgB9OB4qPNOHSnYB4NZniM/8U7ff9c/
61oDpk1n+IUY+G71sHHl/wBaT0DYyvCH+qH1r1Kw/wBWv0ry7weP3OTxzXqOn/6tfpQB/9T36sbx
H/yBLz/rk38q2axvEf8AyBLz/rk38qUtjSl8a+R8vP8A66X/AK6N/M0nelf/AF0v++38zQK8yW5+
hx+FC9qcKbThSKFFLSdKAc0xik4BPpXafDDTRda3NcOMhCMHHtmuJc4j969i+GGmmz8PS3DDBmfd
+mP6VrSV5Hl5rW9nRZ2jks5NJkgU4guWxxj9ayNc8QWOgWLTXMn7zB2xD1rtckj42lGpUfKluW9S
1C10uze4u3CqBkDPWvF/FXi+88Q3JjjmaG0ThNrEZPrkc1S8Q+IrvxFeGWdj5K/6tPSsjA6g5rkq
1ddD6rL8qjRXPPU9C8HePJY5IdN1WTemdqMeO1emgq0avEQ0b8gg5r5vZQ4wa7Dwf42m0R1tL5i9
m3yj2op1n1MMxypSXtKe563IvVRVeWASwvGwyCpH6VZtp4L+2W5tJBJGw45p2ArDjr1rrupI+clz
QautUfOGs2RsNbuIQMLvIAxWc64rvPibpzWurreBeGfn8a4iRfSuCXuyPr8M/aUosqkUgqZl5qIj
BpIJKzHA4FPRqizTgaY4yaLKmn1AjVKrZqWjojK5Mh5qUGqwPNSK1GxvGRKDzUgNV91SI2aLlqzJ
hTwKYpp4NNGkUSKKRkzQDT88UWKaIcYoFSGkAHeiwrABTwMUDApQaYJLdjWG6oylTkZHXpVa4uo4
lwv362o0p1ZcqRy4mvRoxc5Mq3UiwIc9awLm9aVsA8Crd8zSIWJ5rH5ya9/D4NU1eR8XjcweKk+T
REgIzmnKaiH1p6/Wu2Lsea11ZMp5q5AeaoqauQnitLivc2LXqK6Ow6rXM2h6V02nnkVzVVoNHV6d
0FdDb/dFc7p56V0Nt92vMqrUtF5OtKetNWn1zMoaaO1KaaaADvSUtB6UAQyxR3ChZRkA8USyrbW5
LHCqOBT+Oaqarbm60+TZ99RxUyk4J8q1KitdSgPEW1n3Jx0FZkUZ1C+yz/ITyDV3So7F7WU3eBMv
TNZkhaO7doDhT0968evKdozrvS+yOmFmbR1IWN+tiDmEd62CRww+6RXMw6Vc36FiNn9a3NNhmhtv
JmOcdK9DDVa1XWa5V09DGpBXLFLRRXW9zIB1rA1053it8cNXP62TulOegrzczv7FWV9TfDt82h5w
8yQ6pK7jcOOMVs28+o3+1IQYYO+RiqdksT30sjxl2B4FdJEZWQbjgdhXrzxdChh4ucvkeZ7Kc5y5
V1EgsIrYBpDvf1NT7yeB+Aqa3sZ7g4C4HrWzbaVFCA0nLV5dTMcXi/coLlj3OyGDhT1qamRb2M90
ehA9xWza6VDb4MgBNXh8q7RwKSlRwVOm7z96Xc1lW6RWgYAwE4FKcE+tJRXfbo9WZNthRRRQAUtJ
RQAtFAooAM0tJRkAUALS859aRctVW/1GKwQKrZm/hAqZThDWbshpXE1PUUsYxhhvbkCsweIbgYZV
DGoreNdQu2N1HiQnhqbdaVcaXdfaFUywnsOwrz6rrzlzwl7pvHlW4l5qo1CPbLH+89QKg0/UrvTH
LSZeIngda27NtJu4zJkRkfeBq1HaWNwC0K5UHGaI4es5qp7S4+eNtSxa3AvLcTgbc9qlyT1pqoFU
KvAFOFeiu5zN3Yo4ooopgLSim5yaeAW4AyaW7sgQlPRGaori6tLCIyXkqrgZxmuE1/4kqpkt9LB3
DjcBW0cPOo7IiVRI7jUNUstHiaW4lXIGdu4V51rnxBl1aT7Dari2k+Vj7VxV1PcX8pmu5PMLc1Ja
cTRqBgZ6V6CwUaVNt66HP7VuSPWvCAJiQnvXqNh/q1+leXeEf9SK9RsP9Wv0ryjrP//V9+rG8R/8
gS8/65N/KtntWN4k/wCQJef9cm/lSl8JpS+NfI+XWP76X/ro38zSikb/AF0v/XRv5mlFeZLc/Q4/
ChacKbmlxmkUKDThjNNGKcPWmCQ6FDNcwRAfMz4xX0LoVn9g0C1teSwXP1rxPwdYDUPFFvGwyiqW
Jx06V6T4y8bwaDALOyw9yEwMHpXTSaSbPn80UsRONGKL/ijxbYeHbZw7b7k/dQHvXi+qate61dNc
XjfMeVTOQBUF3d3eoXUlxdSl5HOdpPAFQj2596zqVG2d2Cy6NCKvuAJFHXijNFYnpLQOlNIDDBAI
9KdSZo8xNdTf8MeLbrw5OFcmSzzypYjbn09a9l03U7TW7FLq0kDqwBwOtfPeMj19jWloniG/8O3S
S2kjNHuBeMnjFb0qrvZnj5jlca0eeG56L8T9MNxoDXKjJjZcgfWvHQMopr3htWsfF3hi4EOPNaMl
l9xXhjQ+RLJC3BjOOaK1m7ojLJSUHSluis61Cy1cdflFQstYJndOnYrEYpA1SOtQkYrRHM00yUGp
FbFV1NSqaGVGdmWFfnpTuvtUINPU1LOhSuSA9qmjOKrE809WqTZOzLitUoNU1aplfNNM3jIsZpwO
aiBp4NVcu9ySg03NOBPUc0xt2VwwMgfnSorySiKNC0h/hFOggkublYLYFpX7AZr2DwX4Ft9KtxfX
yiW6OCNw6VdODbPOx2OhhYe9qzyiTw7r8y4i06QKf4jUSeBPEL8m0OfcV9LBtvAwvsBS72Pv+Vet
QruirQR8TisRPFSbm9D5mk8AeICObM/lVJ/hzrxbizb8q+pw5x94/lQHPf8ApWssbUl8RyqjbY+W
B8ONd72j/lT1+G+uZ/49m/KvqXcf84pp3d/6Uvrkg9kfMI+GevN0i2/VauQ/DLXv+mY+oNfSDEkc
E1CQ1V9dlYrkPCbf4ba0gG5ovyNbFr4G1SHBZo/1r1h92cZNVXyc5P51m8XKQKJxdt4eu4Mbmj/O
tWKyljHzYrWkHPaq747VjKbkUVwhHWlNPPWmmswGmmnrTjSYoAbQTTsUhFADaVSAeRx3pKB1ppti
aOf1vSnRhcQZIJ5WrOlaXG8C3E2fZTWsQG4fkelHygYAwo7CuX6vBVOdxuzXndrCeYqkDcEA6UN1
znIqnqNk90FMTEfSrdvEVgCsTkdzW/M5P3kQ7sM8+tLgjtVO+1SDT1IOGf25rHXX7lpQwHyk4qJ4
iFN+/wBRqm5K6Oj6sR0Nc5rB/wBLKkcHg10cR86EOcAkVUk01Hm82QZyc81hjqE61JRgVSmoSuzm
7TSfmZooeW7mty10hFAaUkkdq0kCRjaigClPPWs6OXQilKp7zRcq2vuAAqDCKAKTOetFFehtojFt
3A80lLSU79BBRRRSsAUUUUAFFFFABnFLSGgUALg05ULUigMTzgCsi81G4lZ4LMZYcE1M5qPy6DsW
dR1SKyUqnzv0IrN0VIbm7aa9fJ/hB7VBp8U/2tobxNzN3NR39pLYSsCSA33SO1edWrVU/a2vHqja
Ci9C8NVittWaKWIGMn5WFbE2qW1usQkJZJQAAe2awtIhsZo3F7y6nIbNZflyanr7xQFjDC4288Vp
TrSVK8dnsJwu7PQ1tW0zdcxi0QhXPzYrdtLZbG2WJec8nPrT4v3cQVwCw707Oea6oUlGXMtzJtvc
dRRRWz8xX6C59BzS8n7oyaVI2bnoPWsfW/FOn6ECrMGlx0B6mnGEp/CKTUdzZIWJDJMwRQMk1yWu
+P7HT4nissTTdOTiuG1vxhqetysqOYbf2NYIjGQxJY9ya9KhgUtZHPKrpoX9S1q+1iTdPIwXP3Qe
Kpqqr90AetLxk8/Siu+MFBWRztt7hUttn7VHk96jHSprYf6Sn1qaq/dy9GOHxI9Y8I/6kV6jYf6t
fpXl3hH/AFIr1Gw/1a/Svnmegf/W9+rG8Rf8ga8/64t/KtmsbxH/AMgW8/65N/KlL4TSl8a+R8uv
/rZv+ujfzNKKR/8AXzD/AKaN/M0A15ktz9Dj8KHiikzS0ihaM4INJmnAd/SgL6l/StXl0hZnt+J5
ONw7VQlke4na4mcyTN1Y0o7880hJquYhU4qXMkJyRzRQKKl6l7O6CigUtFgEo60tGKA8hDSD2pcU
mKdhJWZY0zUrnSrpZ7SZox0dB0NQ384vLuS527S5yR703sRng009aL9zNUYK8luyM81Ewqdue1Rt
UicbIrOtQsoq4w4qF04zVJnNOBVxg04NSstMxV7nM1ZkytUitVYHmpVYUmmawkWAQaXiogakBzUN
G6dx4apUfFV8YpQ1I1jIvK9PBzVVHzxUyPnPFNM2jLUnVsc9TU1tBPeXKQWcbSTMQAB2zUdla3Op
3X2WziLO2BnHAr27wd4Nh8PWsUtziS8KgsccCuinBs4MfmEcMnrqO8GeCoNDgW5uoxJcsN2T/DXX
53daazBjkmlzn2rsjFJHxtavKtNymxSMUg4pc0h5p69zBJCg5peKbQKNe4EgNHWkpaAsgqNsVJTT
QBXkWqsi8VdkqrJzQBQlXiqzLV2Rc1VYUAQEUwjmpDTDQA00lKaTFAAelJ2paSgBDTcU/HFJQNDS
KTFKaO1F2T1Kt7cSWsXmRqWI7CsSXV7nVmNrbExsOvrXSg7e2aqjTbeGdryJcSdTisqtNyldM0TR
z9vD/ZTONQRpZH+6zVHZxfatRUhRt3fdFWdW1Q3cvkXERAX7rYq94eswkZuT90dxXnSiqmJ5Hqo6
m8XywY3xGXtkjkim8vbj5fWl0zWWusRzAk4rL1Jm1a8Zs/uUJ5HtU2jKPtXmZARfWtalearpRejJ
hBOm2zpDHzwMd6QqRyc81z2r6+018sFqCFHBYU+y1m6ZhG8LMB1Irp+s0udwW/oZKm1G5u9BjFHF
VE1i0fhjtb0NTpc20v3Jlz6VtGUZbNEuLRJRTtuQCCDSFSDjIzVCeiuJRSlWA5/SjaeM45oAbRTi
vGcgVG8iQKWkYKPejpcdtbDqUcjC1TfV7JGA80HNS3NwsNkJ16Fc8VPPHXXYOV2uWNvy4yM0mc8d
xXLWerzG78xzlCemeldQrpMgljPynrWdGvCtrBjlBxXMyjrpuI9LMlr97PNQeFp0lseQBPk7s1rb
RKjRt0Ncw839j3jhOjHNYYmfspqo+pdNXR1AAkbbtXeO+Kqytb6lutmGWQdapN4kgFsCv+sPFT6V
DiJ7hxgvW6xFOorRV0TKDTuzAWzkur97SMFVU4LCuosrGHT7cRxoPN7v61LGkcXzIoDNyTT+p5qa
OFp0k3bVhKpKouV7AOetL7D86Tv/AIUrFIk3zSLGg5ya6dW7IzbtuPRWbgLuqK+vrTS4TLdTRjAz
tJ5rkvEPj+1si1tYKZJQPvKeK83vb+91adpryVirdtxwK7KODlPWRlOslsdb4h8f3N4GttOLogON
61xjrLcSma5leV/Vz0pUAQfKMY70vU8816lOlGmrROSTc/iAYHApcUuKK0EJilxRRmnYBRUtt/x8
p9ahzUtt/wAfKfWs6v8ADl6MqHxI9Z8I/wCpFeo2H+rX6V5d4R/1Ir1Gw/1a/SvnZbnoH//X9+7V
jeI/+QLef9cm/lWz2rG8R/8AIEvP+uTfypS2NKXxr5Hy4/8Ax8S/9dG/maUUr/66X/fb+ZpK8yW5
+hx+FC06mjrTqRQClzxSHrSjpQACg0tFACClPSkNFAAKDS0UwEpaKTvQAUUUUAJQRS0UgGUwjmpC
KYVpEsjI5qNxU5HFMK0GUolVlqErVtlqJlq4yOapTK/Q0ob2pWWmc1e5za3JlapAarAmpFc1LRrG
pYshqcV4zUO4daeX2sPlZnPRQCc/lUXbZ0c8bXYqsBzmtTRtLu9cvBBag7e7DoK1/D3ga71Z0nu1
eK34bGAM16lpul2ei24hsoQqY5cjmt4Um9WeZjM0VGPLT1ZL4T8MWXh20XAD3TfeY84rp1fv1571
jRTEHrV6OXPeuyMVFHzdarKo+Zvc0A+RTwarI/HWpQSe9UYk4pajVvWpAwoAKOlHJNKeetAADS5p
tKDQA4UhozQTQBHJVdxVlhUDrQBSkHWqrDmrsi81XdKAKhXmmMOasFTTClAEBFIRUpWkIoAhxQRU
mKaVoAZTe9P280hHNADDR2pxUUmKAGjOeKDjGefcU7FIaAKt5p9tfpscbSBwRWFONS0q2e3hy0J6
nFdL1PuKdweHUNnjBrGpS5rqO5Sloc1H5UGhsw/1jKST71UsrS5u2LxnbCvUiunn0+C5Tytu1Bzx
WXqEV1aW/kWaHySOSvU1yVcOr+1fRbGkZ+7YyJ0j+0eVEMsT1rqtNtYrOyUSL85XJbNc7pMaS3YD
8MvY1014wSyfDDIXpTwNNqMq8tx1ZXSijkZwJb/MZwC2Ola9xo0MNsrpOfOPOKyba3l1C4KJkN14
qzZ2122rCGdmyg4LdK5aDTU5NfEy6lkiK3uNRDum84Wp4L++uZhFHy1bWqwxwWzeWoDY+ZhXO2N0
9ncCZRnFbV5yoVKcFL3RRipRZcbVrzTLrF6P3Q61LeXlzJELu2b/AEd+ntWdeSza9c+VtGCea2J7
IadoyW4OcMTj61aqOcKlnothSik0UdPubm5lMsz/ALpO1SNcf23erFGxEQPOO9Q6QNyPHngt0qCw
b7BqOEPylunpWMcQ3Cmm/i3G4LmZqX3h+B4j5D4de+KTyp4NDaCbnaSOfpW1tJAZeV6msrVLyKW3
e2T74PLZ9q9GdKMLzZjDVWMQ29umnRyxt85UbhVrSNSa3YROMo3rVjQ9NspLYNK2845Gazr2KSPU
Ggt4ztP3TjNedUjOLjVpbG0Wn7sjrVOcPGflqpdaVa3cm985qjpNlfQPvuJSY/StgnLEjp2r1Nak
byjuYW5TOj0KzQ561oKAqhF+6vajNKu49FzTjTjTXKguw9x+VORC/OcCoru8tNNhM106rxnk1554
g+IVxOWttNKonTeBXRSoTmZSqKJ2er+JtP0OJskSS44Ga8y1rxfqWtuYlcwwegHWsSQy3DiS5maR
/wDaOad+FerRwkIbnLKo2NCDdubO71B608j1/SkpRXSZXuKBxzS4oFFABRR3opgFFOopgIBUtuP9
IT60ypLf/j4T61nV/hy9GOHxI9X8I/6kV6jYf6pfpXl3hH/UivUrD/Ur9K+dlueif//Q9+7VjeI/
+QLef9cm/lWz2rG8R/8AIFvP+uTfypS2NKXxr5Hy65/ezf8AXRv5mgUN/rZv+ujfzNArzXufocfh
QvenGm05fekUFL0peKSgAzTqSkoAXFGKSigBaKKKACkxS0UAGKMUUUAJRR3opWADTadSd6dgGkVG
alNMIqWQyMjNROuKnIphGSaFoZSjcqsDUbAVZdcdqhddvNaKXQ5akbehARjkt+FOhDyPtjjd29FB
P8q19K8MahrEisq+Xbnks3Uj2rv9M8P2WkxgRJufGCxraFNs8uvi4U9nc5HR/Bepahh7hVgiI4YN
k/lXoOieFNM0nDhEeXu+OSaljlK4CnA9hirkM3OMD6mto00jyq2YVJ6JmzHICowAB0FPPzdefrVC
OTnrVuOTitUcbk27seVI6VLHKV6mmggimsnegk0Ip+OtW0kz3rERyp61ainOeaANZW5qQHmqUcuT
1qwr80AWVNPGPWoQaeGpgSZoxTc06gAzikLUEZppFACk0xhmnGk7UAVXXmoXQ1cZc1EyUAUmSoyl
XGT2qIpQBVMdNZasshqIqaAK5FNIqcrz0pjLQBD2ppFSlaaRQBERRinkUY4oAjxSYpxFJQA0qDig
/SnUmKadgG85z0oDEE+hp1NI5pLR3BaEAs7ZZvOCfP7VT1LTLi7k8yKTC91rTwR3pQAoyCRUSpxa
aS3HfW5zNvbXum3QlWIsPao9Sv7u6lCQQuspPWuq3vjAP503y4927b8/risFh5U1y03ZFuV9zFmm
e10ZYbt8zsKo6WIpC0MuAxHFdFPZQXMgeQZYdM1D/ZNqJRJjDDnilUw8nWUt0hxnY52Nm03UskYw
e3TFdBfXtrPp/mBwWxyKfPpsNz8zYB6c1AmiWy8ZOPSpo0J0uamvhl07A5pmLpt7FbXW91OxzxUl
9pFzFP8AaIMuj8jHat0aVZgYZQQOlWU+RNgJIFKGB9zkm7voEq3vaHOwnVDAyKH+YY5p76FPJaqE
P70nLE10G4r92guQSRnNbww7j8buyHPsZljoy2BVi2WA5GeK0QVVtwQbvUCk4xyTk0cqcAZrWMI0
o8q2E73uxSxPA5+lNGS2NtPRGc4zsHrWVqvijTNGVlZ/MnA6A5rSMJN2iiW0tzVZUhj3zSBB71yf
iDx7Zaapgs/3kp4yK4vWvF9/rUjLHmKPPAPFYSxhecAk9Sa9GhgUtZHPKt2LWoalfavMZbmVyn8K
k8AVXAC4CgD6UcjAzS9K9BJJWjoYSbkFFFFMkXFLigUYpgKKKKKAFxzQRzS96D1oAMUuKKKYgqS3
/wCPhPrUdSW//Hwn1qKv8OXoy4fEj1bwh/qRXqVh/ql+leW+EP8AUivUrD/Vr9K+de56B//R9+rG
8R/8gS8/65N/KtmsbxH/AMgS8/65N/KlLY0pfGvkfLz/AOul/wB9v5mkoc/vpv8Aro38zQK817s/
RI/Cgp2aTFAFAxw6UopBS0ALRRS4oASilxSYoASiiigB1IRS0lAAKKXFFACYpO9Lmg0AGKQigdaU
0WAbim040lSS0NIpjDJA6j09KkbjqcD1PetbQfDOoeIbkJBbskB6zE8YojFvQyrVI043bMSKCS5m
EFvFvkPQLya7vw98PEUJeauTv6rH2rutC8I6b4egAihSS47ysMmtOZdxyefr2rsp0bLU+YxmZuTc
IbGGbWKCMJCixoBgADtVGWP0HHrW/LCCOgqhPDx04zW9rbHit3Mdsqakjk6c1JNHjtVYgqaBI0o5
enNXopMnrWHHLz1q9DNz1pj3NeOTmrCtmsyKWraScA0CLDIDTQdp605XDDmnEKaAHxTYPWrkc4Jr
PxjpSpIVNAGzHJnvUwasmOcA9auJMCOtAF4MKeGqqrg96lVvemBMTSE03dRmgANJS5ppIFAC9qYR
Tt1JzQBGy1GUqxj1ppFAFVkqIpVtlqMrQBVKVEy81bK1GyUAVWWo9tWXXmoytAEJWmleKmK0wjmg
CPHFNK1KRxTSKAIjSVJikxQAzFJTyKQimgG0EcU6kNJAMpeaWlp9bgRnNLinYpKmN0vMBppOafSV
Wtg0GmkxinHpQMY5/lStfXqF7sbzR0p4DN91SfemXMtvZJ5l1MkajsTzRyt+oPTVjkVnYAJn1PpV
W+1Cy0mFpLuQbh0Ga5DX/iAkQkt9PwT03DmuAuby91BzJdTyNntniu2jg5S+IwnWWyOs8QeP7q8L
QWICx/3wa41/MuZDNcSNI575oCheFAApwJHTivTp0o0/hOeU5MAFUfL+tFB5pK0IsLijFApafoAU
UuKSgBwpaQUooAMUYpaKAFAoxS0tAhMUYpaKYCYqSAfv0+tMqSD/AF6fWoq/w5ejLh8SPVPCH+pF
epWH+rX6V5b4Q/1Ir1Kw/wBWv0r517noH//S9+7VjeI/+QJef9cm/lWz2rG8R/8AIEvP+uTfypS2
NKXxr5Hy5J/rpv8Aro38zQKJP9dN/wBdG/maBXmvdn6JD4UPFApBThQUKKdTQacKACiiigAooooA
KQ9aKKBCilptKDQAUUUUAJS0dqKBiUUtIWITcxo8habsTHOKWNJJX2QRmSQ8bVFaOjaHe67ciK1i
YrnBYj7teu+HPAtjoUSST7Z7kjqR0rSFFyPMxeZwoJ23OP8AC3w4nuTHfaoxjjHIgbGa9Pt7aCzh
WG2QRxKMYUdastkEYwqDoBTD0yK64U0kfK4rF1MRLmuQuvOeMdgKgdRVoionXPartY47t7lJ0yKq
SRcVpsnFVnjyaAMeaHnpVCeIjtW7LFzVGaDOaQGKV2mpEk2nrU00OCaqMpU0DNGKer8UvHNYSSEG
r0M/qaANlJBip1bPes2OUYqyknHWmIuikK1HG/FTAjFAEYO01Ok+OtMKgioipBoA0o5watLKPSsV
JCtW458nmgDVEgPSjdVJZR61OGyOtAE26jdUW/NG7FAEoYU4NVffUgbimBPmkxTN3SnA5FACEUxl
9qkoxkUAVmWmMlWSlMZaAKjJUZWrZWmMtAFQrTStWWSomWgCArTCBU+3nmmso9KAIcU0ipttNK80
AREUhFSlcU0jigCLFBWnkcUmKAGYpKeVpMUAJSYp2KTGOtMLXG0nFKQTjAzT3RY4/MndUX0JojFy
YXsR4LDAFD7LaMtPKsSgc7jXNa149sdLZorZPPYDHHY151qfirVNZdsyNHGT93NdVLCVKj00RlOs
uh3mveP7CwUw2BaST+8BkV55qms6hrcpNzJhPQMaoCMdSxZ++acOK9OnhoU/U5pVGxqRInTAp2eu
cmkNFb3tsZinFFJSikMKWkpaACiiigQtKKMUUwFxxQKXtQKAFFLSUoFAg70tGKKACil7UAUwAVJD
/rk+tMxT4R++T61FX+HL0ZcPiR6n4Q/1Ir1Kw/1a/SvLfCH+pFepWH+rX6V869z0D//T9+7VjeI/
+QJe/wDXJv5Vs1jeI/8AkCXv/XJv5UpbGlL418j5cf8A10v/AF0b+Zoof/XS/wC+38zSV5r3Z+hx
+FDqcKbThQWgFPptKDTAWiiigBaKSlpAFJS0GgQlGaMUuKAAUGgDmjvQAUewGSelISAMmrmm6Xfa
zceRYwO5B5YcAU4pyZE6kYK8mU94BCgFn6bRXa+Gvh7c6tLHcagGjgHIXpmuv8L/AA+s9JiS4vlE
tyecMM812u4lQoCoq8BQK6YUluz53G5vd8lMqafpllpNusNlEEUDGe5/GrPPt+VKBQc10bbHzs5y
nLmk7iEZ60hApaCKZJGRTCKkxTSKHqBCVzUDJg1b7VG4zSsBQkTNVJY+vFajKKrSR+1FgMWaHPOK
ozRZHSt6SL2qjLD7UAYrLtNOWQrVqWHHaqjpg0AXYZiR1q7FJkdaxkYjpVuKbA60hmzG/oasK4zi
sqKU9jVuOQE9aYjQDZ607r1qqshzxUyvxQA50HamglakBz1pCuaYAs2OpqzHPx1qmyU0ErSA1Fmz
Tt+aoRyYqcSZoAs7qcHqsH96cH560wLgbipFbiqYepkbjrQBYBzTxUKtmpFNACmkKjFP60uBQBAV
phWpytJtoAqslRslW2WoyntQBUKUxkq2UqNloAq7KQpVgpTCtAFcpTStTlKay4oAhK8UwrU5GBTC
MYz3o0BIixSbTmpxGx7cVBdXFnYqXuZlUehNNJydkDaQhHOBzSyIkKGSZlCDnk4rj9Y+JFjZhoLE
pJIPSvP9U8R6rqzsJJZI42OcK2OK66eCnPfQxlXSPRdY8fWGmqyWxEkvTGM4rzzVfFer6y7Ay+XF
2wMVkiID7x3H+8etKRxjOR7V6VPDU4LVHPOq2RrH825iS3c561JgZBHUUgo6VuZgeuaSlNJQAUYo
ooASlFLRQAlLSUtABS0gpRQAtFFGKAHUCgUoFACiloooEHenYpOM0tABSgUmKUU0AGnw/wCuX60w
0+H/AFy/Woq/w5ejKh8SPUvCH+pFepWH+rX6V5b4Q/1Ir1Kw/wBWv0r517non//U9+rG8R/8gS8/
65N/KtmsbxF/yBbz/rk38qUtjSl8a+R8uyf66b/ro38zTRSuf3s3/XRv5mkFea92focfhQ4U4UwU
4UFodRSUopgOBzRSDilFABQOtLRQAtIaM0UIAoBoo/CkJ9xetNLL0UEn2pHYRjLEAGreieI9M0q5
M13paXbIcruYgV1UcJUq/CjgxeYUsPF3d35HSeGvAOo61Kk9xm3teuD/ABCvXNJ0Sx0O3EdnCucc
sRzXmUfxvjijEUWjRKg6ASn/AApx+OA/6BEX/f5v8K74YCpHofI4rM51paPQ9bHPQ59aMe1eSf8A
C8B/0CIv+/p/wpf+F4D/AKBMX/f4/wCFafVKq6HD7RLY9a2mkIOK8l/4XeP+gTF/3+P+FH/C7x/0
CYv+/wAf8KPqlTsLnT3PWefSl5x0ryX/AIXgv/QIi/7/ADf4Uf8AC8Bn/kERf9/m/wAKX1Sr2DnR
6wR7U0j2ryg/G8f9AiL/AL/N/hSN8bxjjSYv+/x/wp/VKnYOdHq5HtUbD2ryr/hd4x/yCYv+/wAf
8KafjcP+gRF/3+b/AAo+qVA50epsh9KhkjPpXl5+N4/6BEX/AH+b/Co2+NwP/MIi/wC/zf4U/qdQ
OdHpckZz0qrJESeledH41qx/5BEX/f5v8Kif4zKf+YTF/wB/m/wpPCVB8yO8nhGelUpIOuBXEv8A
GEN/zCov+/x/wqvJ8XAR/wAguMfSUn+lQ8LUQ7nalCvakBIHSuDb4qBv+Yan/fw/4VC3xS/6hyf9
/D/hUOhJDuelRSnir0cteTj4pkdNOT/v4f8ACpU+LO3/AJhyf9/D/hSVKQrnr0chqdHryNPjBj/m
GRf9/T/hUq/GTHTS4j/22P8AhWn1eYXPXQ5xUiuTXka/GcY50qL/AL/H/Cnr8acf8wqL/v8AH/Cm
sNMOY9bxntTGQ56V5YPjWP8AoExf9/j/AIVPH8ZA/wDzCov+/wAf8Kf1SoLmR6XyO1OVjXnkPxWj
lODpqD/tof8ACtK38fxTn/jwQfRzUOhNBzI7UMacG5rAtvEsVwB+4C5/2jWnFepKOEwazcWh3NEP
xUqvxVRZARUqt6VIy4j1KjZNUkepkc560AXFPvTwarq9SqTQBLijbQtO5oHYjZaYUqfGaTbQIrMl
RslWiuaYyUAVClMZKtMuKTyGY4VSaPUCmVxTSp9evarNwbW0jaS5nCADpxXKat4/0nTUKwhJ3HAO
7mtI05y2RMpxR0H2cg5chR6k1m32uaRpgc3E4Yr0ANeZav8AEHVdQZlgxDGenGa5WZ57x2luZWcn
3rupZc2rzMJYhbI73WvieGVoLCE9cBsVw9/qmo6m+Z5W29cA1XVFUcCgjnvXoU8PThsc7qSZEI1z
0+b1NLzTqTmtW2Lfcac0c0vNLU2vuGg3FIRS0U7AJikxTqSiwCYoxTqQ0AJRS0lABRRS0AJSiigU
AOFBoooAcKUUlOA4oQBRR3pQKYhMc06lxRQIXtSUtFACU+H/AFq/WmGnw/65frWdX+HL0ZcPiR6l
4Q/1Ir1Kw/1a/SvLfCH+pFepWH+rX6V869z0T//V9+rG8Rf8gW8/65N/KtntWN4j/wCQLef9cm/l
Sl8JpS+NfI+W3P72b/ro38zSCh/9bN/10b+ZoFeb1P0OPwodSim07NBaHUdKQGimAtLQKD1oAXNG
aSigBaUHtSUEhVyxAWqUZTlZCnOMY80h456VBPdJEMA/NVS4vgwKRcD1qlnccsSa9jCZZze9M+bz
HO4wjy0dyWadp2+fIHpUeR2pBilr34Uo01aKPkqtadV80mL0o60dqK1t5mVkKKM0lLRZAIaKKKWn
YLsXNJnntR2o7UadguxCc0lHelo0C7GHOaOtOIpvSh2HdjTTCtSkd6bip0GmQ7aaRipivNNZaLIt
SISBTCPapttNK1lKKZVyA/jTCPc1MVphWsJ00UmRH2JoBx1zTsUhFc7jZ6DFB96XOO9NFKacZagP
Bp2aiBp4atlMRKrY7VahbpVJWqzFKBxWqkJmzbt05NdJp23K8Z+tctaSLxzXTafyVzzWVSzQI7DT
eoxtArprQ4A5zXL6dkAfLXS2p+UcV5tValo14+QKmUkVXjPA4qcE1zPcomVqlVqrAmpA1IC0G5FT
I9U1bkVMrHNAF1X5qXdVVA7dF/GpwpUZaRF+pofkGhKPw/OnDmqkup6faKWnu4QR7isS/wDiDoli
p2zF3H91citI0qstlcl1ILc6YR7+OlNJhgUtNKgA9WFeV6l8U7ifcthEwHYlMVyN9r+q6kzGadkU
9ga7KWAqT30MZYlL4T2PVPGGj6UCWlR2Hoa4XWvihcSFlsBtB6EVwPkK53SMXPqxpdgAwAtd1PL6
cPi1OaWIlIlvdZ1bVGJuL2Xaeq5rPFsgOWyx9TzmrZB7UwiutRjBe6jJtkJXjtTCD+FTFaaVo9Rk
OKaRzUu2mFeaQyMikxUhWmkUDGEUU4ikxSsA2ilxRigBKSnYptAwpKWjFIBtBpcUEUANpaMUYoAK
KMU4CgApRQetLQIXilHSm04dKYC0ooFOxQAlKKSlFAgooooAKfF/rV+tRk0+E/vl+tZ1f4cvRlw+
JHqXhD/UivUrD/Vr9K8t8If6kV6lYf6tfpXzr3PRP//W9+rG8R/8gW9/64t/KtmsbxGP+JJe/wDX
Fv5UpfCaUvjXyPlmQ/vpv+ujfzNLTZP9dN/10b+ZozXm9T9Dj8KHZpRTRThRcodRmm5pQaB3HijN
JSZpjWrHZOM4zRnPTg03OBycCqVxfclI/wA66aGGnVeiOPF46lh1uXJbiOJeW+b0rNmuXmPPC+lQ
MxfluTSZr6LCZfGmvePjcfnFSvonZDs0dKbRXopJbHive46jvSClzzTEPBpM03mgZqQHg80d6aOD
S5qkA7ik4pKM07gOo7U2l7UgEpRSUooACKbinEUmDQAh6U008imkGgoaRxUZzipe3NNI4oGmRMOO
KaamxxUbLUlJkZFRkVNimFTWcolpkOKaRUpU00isJQGR4pKcaSsJRsAlLSUuaExjlNSCohT1Naxk
JlmN5EPBzWtZ6xc2xHygj61ioRmrKYPua0VnuQ2+h3WleNI4yBNHXY6d410tgBJkV48mCOmKnVAR
1YfjUSwsZk+0aPeYfFWjuBiYD6mri+INLIz9oX868AAZcbXb86XM5/5buKy/s5PqH1hnvx8Q6WvJ
uFx9aafFuix9Zgfoa8E/fYwZnP40mxu8j/nS/s6PVh9YZ7jN4+0WL7pyR71m3PxSsof9TCxNeQiI
ZBJY/jTwqg9/zrSOBorch1pHot18Wrthtt7fA9Saxbrxzrt5kqyop6/NXLj1wPxqVGHXHNbxw1Nb
JGbnJ9S7LfX92xae4c59DTUQdS7H2aoFf/IqVHzzj8zXSkorQyd2WAFAwBS1Grc0/INFwFpTzSZp
aFpsIaRTDmpTTSKVgIsUwipiKaRQ9dwuQkVGRU5FMK1NiiI5ppFSkU1hTAjI4pMU/FJQAzFJTyKb
ikUJzSYFOptIAxSGlpCDQAhpKcRSYoASloxRQAYoFFAFIBaUUlL0oAXFOHSkA4pR0pgKKXNIKWgB
aKKKQgooopgIafD/AK5frTKfCf3y/Ws6v8OXoy4fEj1Lwh/qRXqVh/q1+leW+EP9SK9SsP8AVr9K
+de56J//1/fu1Y/iP/kCXv8A1yb+VbBrG8Rf8gS9/wCuLfypS2NKXxr5HyxIf303/XRv5mkFJIf3
0v8A10b+ZpRXlt6n6HD4ULSg000Zo1KH0oNNLcc9aNwAyeBVbuy1FJqKux4qOaeOFfmbJqrc6gsY
wgyazHkaU5Yk16uFy9z96R4OPziFNclPctTXbTnC5UVB+PIpme1LkZ4r6GnRjTVonx9bE1K0ryZI
Go60zIozWtzneu5IMZpc81HmnA0aAOzRmkzzS5FMBc0uaaTRnigB2aAabmincB+aKaKUnii4hwNK
aYDTs0AL2oFJRmgBxNIOtJRQMU000tFADT0pAOKdSGi4XG4phFS4ppFIpMiK4phFTEU0qPSgtMgI
ppFSkUwipkirkRWmkVKRTSKwlEpMiIpKeRSEVi4jG5p6mmYpwqNgJUPNWozzVVetWI+tawZDLkZq
0h+WqkfWrSVvFmMmyccinUxelOzVmYuaUU0UtNAOHWl700HmlzTuId2pwNR5pwPFF2IlVqlRqrA1
IrU0xWLQbmpFaqwbmpVYUxE4OacDUQanhqZI+kxQDS0IBpHFNIqQ00imBGVppFS4pjCpHcixzTWF
SkVGRQFxhXimlTUnNNNICIg0gFPOabzSKuIRSYpTRQCYhpKU0lIYhpKU02gBaKSigBaKBS0gAUpp
KWgBw6ClxSClHSmAtFApaBBRRRSAKKKSmAGnQ/65frTadD/rl+tZ1f4cvRlw+JHqfhD/AFIr1Kw/
1a/SvLfCH+pFepWH+rX6V869z0T/0PfjWN4j/wCQLe/9cG/lWyaxvEf/ACBL3/rg38qUvhNKXxr5
HyrJ/rpP+ujfzNANJJ/rpP8Aro38zSZrzGlqfoMHaKQ7OTS854pozg84FVLnUEg4Q5aro0qlTYwr
4mnQ+IuSTJCpZzz6Vk3GoPLkLwtVZJnuG3O3HpTMjsK+hwmAjTjdnymPzipUfLT2JVb15NG41GDT
ga9RWseG02277j880vemZpc03qRaw/NLzTA1Lmi4WHc0uaZmlzRcQ8HinA8VHnilDcVSYEgNL2qM
NS7qdxDxxS5poNBNAh1FIDxRmmAop2aYDS5pgOBpc0wGlzQA/NFNzQDQA6jNJmigYUGg0maAFPSm
0uaKAGkU0089KaRSKTIzTCKlNNOKCrkJFMNTFajZazaKTGYzTCKfgg0Hms5RKuR4pwFGMU7FZSiF
xVHNWY6rL1qylESWWo6tIarJ0qwlbxMpEwNLmminVZmKKdTQaWgBc0UlLTELSikopiHDNOBwaaKM
80DJQ3NSK1QA1IrU7ktFgNUgaq4apFamKxYVqfkVArU8NTQmiWkNIDmlpiCmNUmKbikBHimkVIcC
kI4pAQkUw1MVphWgZEabipdtNxg0hkR60lSNjdTSKQ0MNJinGkoASkxS0UhiYopaSgAooooAKXFJ
3p1IBcUo6UCgdKYCilpB0paBBiilpDQAUmKWigBKdCP3y/Wm0+H/AFq/Ws6v8OXoy4fEj1Lwh/qR
XqVh/q1+leW+EP8AUivUrD/Vr9K+de56J//R9+rF8RnGiXn/AFxb+VbQrF8SDOiXn/XFv5UpbWLo
/wASLZ8pyE/aJeOPMb+ZpjSLECznHtUN5epDNIvU+Y3T6msea5edvmPFZ4fBSnJtn1GKzSnRgowe
pbutReTKxcD2qiM5yTkmmjAPHSl6Gvdo0VTVrHy2IxlSvL3x9LmmZozXRc5B+aUGmZozRcLEu6l3
cVECaXdVphYkBpc1GGpQc0XFYfmlBpmaUGi4NDwadmo6UGncVh+aUGo80uaZNiTNOBqLNKKdwsS5
pc1FupwqkxWHUuabmgGncVh9GabmlouFh2aAabRRcLD80oNMzQTmncB5o4pvajNFwFzRmkpKVwHZ
pDSUUDEppFOPFN60DTGsDSY4px5pDUspMiYUwg1LSEZ6VLKTIcUvNO20YqGirioKsRjmoVGKnj61
NhSehZj61ZSq8dWUqkjGQ8UtIKWrIFpRSUZpgLS03NOzQAU4U0UtMQ7NKOtMpQcUAP70ucGmA80t
MCVWNSBjUAbFPVqZLLKtxTwxqAPTw1NEtFhWqQGq6tUitTFYkopA1LQAhA9KaaeaaRmgBpHFRkVL
jFNIzSAhIppFTFaYRSsMiK03GKlIpjrnpQwGEU3FPxSEUhjDSU4ikxQUJSUtJikwCiiikAtKOtJQ
KAH0DpSZpR0pgKOlLSCloELRRRQAUhpcUhoASnw/61frTKfD/rl+tZ1v4cvRlw+JHqfhH/UivUbD
/Vr9K8u8I/6kV6jYf6tfpXzjPRP/0vfe9Yvijjw/f/8AXB/5Vt1h+Kf+Re1D/rg38qqKvIGfGU5Y
3c5Jz+9b+ZqOnz/8fM//AF1b+ZqOvYgkoqxlJ8zuxwFBpB9aKu4t9xc0ZoFBoEKDS02jNO/cB2aX
NMzTu1PmQC5pQeKZSg07oQ/NAam5pad0A8GlzUWaUGnzIRLmjNMBpc1XMhWH7qcDxUdLmi6FYfml
DUwGlzxQpILEmaUHiowaXNVdCJM0oaowaXNF0BJmjNMBpc07oQ7NANNzSg0XQrDs0ZppNGad13Cw
/NITTc0uaLruFhc0ZpKQ0XQCk0goNFF0MDTCKcKSk7AMFLjig0Gp0KuNxS4ooFJ2GKo5qdBUaipU
FLQTLMY4qZKiTpUyindGcmPFOpopad0SLSGloougEHWnZFJSd6d0A/NANJSii6AWijNAp3QgHWnZ
pKKd0A7PFOBqOnUXQEqtUitUANPDU00KxYVqkVqrhqeGp3QiwGqTdxVcNUgNF0SSZopoNOFF0IQ0
mKd3pDRdAMIphFSEUhWndDIiKaRUhFMIqW0CIzTTUjCmEUroYw0lOIpuKLoY00UpFBFK6GIaSiij
TuAtFIKWldAOFKOlIKcOlF0ACnU0UtO6AWjNFFF0AZpDS0hougDtTof9cv1plPh/1y/WsqzXs5ej
Kh8SPU/CP+pFeo2H+rX6V5b4Q/1Ir1Kw/wBWv0r509E//9P36sXxQufD1+M9YWxx7VtVWu0EsRRh
kHqMcYpxdmM+IbiCYXU+YZf9a3/LM+p9qh2P3Rx9UNfWGr+F9PkZitlCA3OQgrjbzwbAzNtt0H/A
a7I4qysZuJ4CFb+63/fJpdrf3X/75Ne3f8IRF/zzX8qP+EJi/wCeY/Kn9bQch4jtb+63/fJow39x
/wDvk17d/wAITF/zzH5Uf8ITF/zzH5VX1xByHiOG/uP/AN8mjDf3H/75Ne3f8ITF/wA8x+VH/CEx
f88x+VH11LoLkPEsN/cf/vk0uDj7j/8AfJr2v/hCIv8AnmPyo/4QiP8A55j8qPrvkHIeJ4b+4/8A
3yaMN/df/vk17b/whEX/ADzH5Un/AAhEX/PMflR9e8g5DxTDf3X/AO+TS4P91/8Avk17V/whEf8A
zzH5Uv8AwhEf/PMflT+veQch4pg/3X/75NGGz91v++TXtf8AwhEf/PMflR/whEf/ADzH5UfXvIOQ
8Vw391v++TSjP91/++TXtP8AwhMf/PMflSf8ITH/AM8x+VP6/wCQezPGBnP3W/75NLg/3W/75Nez
f8ITH/zzH5Uv/CEp/wA8x+VNY9dg9meMjP8Adb/vk07n+63/AHya9l/4QmP/AJ5j8qP+EKj7Rj8q
P7QXYPZnjXP91v8Avk0YPo3/AHya9k/4QpP+eY/Kj/hCY/7g/Kn/AGiuwvZnjoz6N/3yaXn0b/vk
17D/AMITH/cH5Uv/AAhUf/PMflR/aK7CdI8ewfRv++TS8+jfka9f/wCEKj/55/pR/wAIVH/zz/Sn
/aK7B7FnkHPo35GlwfRvyNevf8IVH/zz/Sj/AIQuP/nn+lH9orsL2J5Dz6N+Rowf7rfka9e/4QuP
+5+lH/CFR/3P0o/tFdg9ieRc/wB1vyNLyf4W/KvXP+EKj/ufpR/whUf9wflR/aK7B7E8iw390/lQ
Qf7p/KvXf+EKj/55ij/hCo/+eS0f2iuwexPIiGP8J/Kja390/lXrv/CFR/8APJaP+EKj/wCeYo/t
Fdg9ieQ7W9D+VG1vQ/lXr3/CFR/88lo/4QqP/nmB9BR/aK7B7E8h2n+635Gk2n0P5V6//wAIVH/c
/Sl/4QmP/nktH9orsP2LPH9jf3T+VAR/7p/KvX/+EJj/AOeS0f8ACFJ/zyWl/aC7B7JnkiI390/l
U6I3ZT+Veq/8IVH/AM81pf8AhC0H/LMUf2guweyZ5kiNj7pqZUb+6a9I/wCENH9wUf8ACHf7Io/t
BdifYnnIRvQ0uxvQ16L/AMIf7Cj/AIQ72FH9orsHsDzra3oaNp9DXov/AAh3tR/wh3tR/aK7B7A8
62n0NG0+hr0X/hDvaj/hDh6Uv7RXYPYHnW1vQ0AH0Nei/wDCHD0o/wCEN9qr+0V2D2B53tb0pdje
leh/8Ib7Uf8ACHe1H9orsJ0Dz0K2elLtb0Neg/8ACHewo/4Q8+gpf2j5B7A8/Eb/AN007Y/9013/
APwiB9KD4QPpT/tHyD2BwHlv/dNOCP8A3a7z/hEDR/wh/wBaP7RXYX1e5wwRsdKcqt6V3H/CIUf8
IiR60/7R8g+rM4pVbPSpgD6V1/8AwiDdeaD4RbHen/aa7C+rM5IA+lSAHHSupHhJ/el/4RJ/U0f2
muwPDM5YKc9KUqT2rqP+ESf1NH/CJP8A3jR/aa7C+rM5bbSEY7V1X/CJP70f8Ik/vR/aa7B9WZyR
QmmbT6V2H/CJP70f8Ik3vR/aS7B9WZxxQntTCh9K7T/hEm96T/hEW96X9pLsP6sziTG3pTCjeld1
/wAIi3vSf8Ige+aP7SXYf1ZnC7G9KTY39013f/CIH3pP+EPPvSeZLsH1ZnCFH/umk8t/7td7/wAI
gfSj/hED6Uv7RXYPqzOBCP8A3adsb0rvP+EQPpR/wh59DT/tFdg+rs4TY3pS7W9K7n/hDz70f8Ie
fej+0F2D6szhwrDtRg+ldx/wiHsaP+EQ/wBk0f2iuwfVmcRg+lGD6V3H/CIf7Jo/4RD/AGTR/aK7
B9WZw+D6UFT6V3H/AAiH+yaP+EQ/2TR/aC7C+rM4bafSprWJnuo1x1Ndn/wiBrRsfCgR1bZyO9RP
HqUXG25UcO00zS8K2xSJc969LsRiNfpXNaPpfkqoI6V1Vum1QK806T//1Pf6RgCKWg9KAKktsGFV
H0yNv4a026U00AZP9kR/3KP7Ij/uVrmkoAyf7Ij/ALlH9kR/3K1qKAMn+yI/7lH9kR/3K1qKAMn+
yI/7lH9kR/3K1qKAMn+yI/7lH9kR/wBytaigDJ/siP8AuUf2Sn92taigDJ/slP7tH9kx/wB2taig
DJ/siP8AuUf2RH/crWooAyf7Ij/uUf2RH/crWooAyf7Ij/uUf2RH/drWooAyf7JT+7R/ZEf9ytai
gDJ/siP+5R/ZEf8AcrWooAyf7Jj/ALtH9kx/3a1qKAMn+yI/7lH9kR/3K1qKAMn+yI/7lH9kR/3K
1qKAMn+yI/7lH9kR/wBytaigDJ/siP8AufpR/ZEf9ytaigDJ/siP+5R/ZEf9z9K1qKAMn+yI/wC5
R/ZEf9ytaigDJ/siP+5R/ZEf9ytaigDJ/siP+5R/ZEf9ytaigDJ/siP+5R/ZEf8AcrWooAyf7Ij/
ALlH9kR/3K1qKAMn+yI/7lH9kR/3K1qKAMn+yI/7lH9kR/3K1qKAMn+yI/7lH9kR/wBytaigDJ/s
iP8AuUf2RH/crWooAyf7Ij/uUf2RH/crWooAyf7Ij/uUf2RH/crWooAyf7Ij/u0f2RH/AHa1qKAM
n+yI/wC5R/ZEf9ytaigDJ/siP+5+lH9kR/3P0rWooAyf7Ij/ALlH9kR/3K1qKAMn+yI/7lH9kR/3
a1qKAMn+yI/7tH9kR/3P0rWooAyf7Ij/ALlH9kR/3K1qKAMn+yI/7lH9kR/3a1qKAMn+yI/7lH9k
R/3K1qKAMn+yE/u0f2RH/drWooAyf7Ij/uUf2RH/AHK1qKAMn+yI/wC5R/ZEf9ytaigDJ/siP+5R
/ZEf9ytaigDJ/siP+5R/ZEf92taigDJ/siP+7R/ZEf8AcrWooAyf7Jj/ALtH9kJ/drWooAyf7IT+
7R/ZEf8AdrWooAyf7Jj/ALn6VLHpiKQQtaNKKAIIrYR1ZUYFJThQB//ZCmVuZHN0cmVhbQplbmRv
YmoKMTggMCBvYmoKICAgNDA1MjMKZW5kb2JqCjIwIDAgb2JqCjw8IC9MZW5ndGggMjEgMCBSCiAg
IC9GaWx0ZXIgL0ZsYXRlRGVjb2RlCiAgIC9MZW5ndGgxIDk1ODAKPj4Kc3RyZWFtCnic7Xl7eBRV
tu/etWr3o6qru7o7nU466fQrCXkQEjqEQEBSKiAK8swwiRIJDyMmYhIjGRoMCTIaw0MEMQTECDHD
I6LkICKXDATOcADP0eFwhDvH0ZnxjHHmfteYo3M5nhGTyllVnUR8zXfvX/e733drf1W79t71WM/f
WquKUEKIQBoJEP+K1cuqP5TbthESf5kQ7r4VdY/7n/708HZCEpMJoR3l1Q+t/vMzX1wgxIvrZMtD
j0TKi86fTcLzo3hP4qoHl620iXcdJiSpCOcmrsIJ26vmXhxvxXHyqtWPrz3bYS7FcReOtz5StWIZ
ocefI8Q3FcfPrV62tpo/wK/D8Ts49lc/9mD1zsU7CnDcRwhrIBwpV1v4ctaB1BqJR7HwV4jhCjWx
1RxPsi9c6xtP5Gt91/pynPaAPSVgD5TzZKAWEgY+UVuM1r/+5TFDOj6jjBDDXnadmIiLTFLiLcY6
a61A6sxG6rIRPsUhmdNISAzGyjf6esPX+uyTcRtPsvvCN/rCOSeOuXvcHC1NyQ077DKXSWlerj2U
F/ATu0wC3P4t//P9f/10y+C5nh5OpTtpp/oTtSpCx9K76AyaebMjwn8cURvV3eoLagOKVKOFdSEt
bvJTZZy0S3Q97xTrbLvsxufNO6HO/iyrde6kdUS2OKzpJochxhHLkzSHEOKCcUheWKPvWh+eaPRh
3zfQJ/f2y3jIOTE/vioeCc2N0qfvgeFzrS/r6WHTNg9upU3NzWqEa2rWSdv/GzVwdnDg7GDHb9T9
SJ8b6fsD0mcjVUqCmVERdhprJaSIdxgEh8maZgmRNAMny9cu9A70XuuT+5GS/vCN/jCKLYfO7rIU
ze6yFt0/u0suur/4DJGHzuFTZWzKJHv+pBLFrdiX2svs2/ntbLthu7HR1GhuFBpFsVSjMeAK2aOU
57po7UX1oWZ2uUldeSnCv9dH16hb+r7OiqChEG7oc9TpHJ1OB9mqLHD4ZAfPeLuP8SLuJjMn+Bjj
5SQOOEeS3QHA2ayclAScRZvKcIBYJ0tmBrQOao0ENWuVLKJgYjxwktNAnPK1d+xuzQqm9va5UeiO
yTmzFxUbZfaZkX3mDhtl02f6QNZH+qw2VxIM5eVSbC5kBwKQ68KDvI4L/zuX++zgjJ3rB6/UH+fp
lT9F2BI0jggdr16JcCFuyoht1CJPErlN8YhmI9SxWrNmDYY0k+CwoCGY0A6sw2Yq92qS7/+yPyxf
yFHMOUKOmGPJkfhRC9BkGdU7kHPcnCZN35Gvs/rULfiupqGP2Rz2OUmnRqUwFOSSAz6LmOTjvH6f
aBEzRIs/wMfSVraBjIlt9WxwOdaPqc7wi5aA1+R2uDgHMTld45O9TmLLyZBvXOi71oumIPfbHVHn
kXtvXEDTvKj2oRSjkrN+hqdG/VgSPE7QkUqVZwxJBp8xmCakiWmWNCnNmuZL86cF0oJpoQKhQCyw
FEgF1gJfgb8gUBAsCBULxWKxpVgqthb7iv3FgeJgcahSqBQrLZVSpbXSV+mvDFQGK0OdQqfYaemU
Oq2dvk5/Z6Az2Bk6I5wRz1jOSGesZ3xn/GcCZ4JnQoU5mfMz92d2ZfKlpDTfnptEc8MT8yakZtNx
NG9CciDMu+2hcTQUNLhiYn00ibpi+EAwua3B+689L7Y/evSjD47TMVTYRBNaG7wX3ty1e9U/ffTP
3epl9epO9aNZdPnhg3WP3bcyM3/SpVO//8+xY9WTe7c/VF66bEL+hA/P//HTMBnGpuOo8wSSTHYp
s0TBDBaTD3gw+ngeMkw8SQQ+sU7cHXLWuWrtEl9nMxj9PIN4E4kFvxjygtViYPHomP7k+Bg5LdES
cgRTRrBC7pXPnbM73JNR6o7JdmyaSfeHw2g2ar9jstZGDRv3YeXYUDknRKPNxpUi124nmjOMo5nU
rtu1Dn+8K8aQEhVXJuULS9Zl/XaP6uqfsWzxbecGCdpcEeVpwtuDLZu27t69dRP3vrTkp2pZhP5q
672Dv4totnj13L43A63btrWg7Q/dQDksRDlYyWZlslWKuqmYJIjouSKaJv+NU2eIYNE910hqYdRr
zTZisI167Y2p6LX2UdZGHNY07LDIo8msGaAHRCqaBLNBdEpOqyyHpJDVLyvyfFlEk6CuEMWmuZIZ
O8PC+sF3+wff3cb9cgd9nrag3iI3O9iSSGQgBL/TgImSxehXX6JfeUihEk+ec28Aabt9g8W8HqoT
rA6Lh8SkGKQEVM+1d/ToFfUTtS9HkXISqxLXcOvj13teTjTQUmrgh4PMqBlydtmBIs9nX05Rf62q
6tPq3fQtuu4p6j/QMObXR3577dqHL5zJpJ1//ogeoA/ScnpAuV3d8ctutUd9A9u5g4fJMM5AGcpa
JJOVmCjKIMgIiDIhxBguaJFv9IYHesOjMVCx2aQcSZHmS2VStdQoGW/FmFxXFGHORfHFq8mB0+Rg
2I9yEDGiZCsOssFi2OBYb6mOgxSXOcUmadFsWAAIHIhfVfEN8T3xV+IRv1L0SBtl1x0VgX6E9T2n
T/ec7e4+qzapRfQ1upZG6FF10RJ6B51N59A71G71LfWU2h2h+2gFtpfUlRh3W9SVROf7PrQxFfl2
kg1Kls1nNBoMPlm2ZchGajFBncBq7bTOSsxpRkeaLOJRQnHIDi4YMwy5vehOvVEH+lJzIi3k3eI8
aFVGIyWlSqLimu9aZah2NRkaXS+7jEZjrDHVmG/Ml1fJhtJR4dERlNb86r6eHvoePHWWE3rUmwOr
z2rS/PoPcDiCJsbnD9wRifIwE2NEOz+deElEGeuJMUpuCu3MfUBoS3BYgbazQzKx3+NMnGWw5Tll
aSZP8jwGmbs9KYoIN27hod+NEDAC2Tknic9HfBTQ8GZ3CUUYupOIgi9MIklD5/TQfTLbt93X5YNR
3U9DuIx1DWPChFQNJnEwc/du+pXSUf/GW62DT22c8ZPKlU9GIC/SsrTovXcHr0ciXF7Twy+9qoai
dlKE/sIjP5qdZClO0mwxNDvaNDuZ5ppinmYLa4ZyQzeUAc1QTsrxSnxZPGhWMtEup0ax+VYr4Y5W
339fTc2SJTXqn9XztJDGUw+dpp4vOkeRnZ7zqvr3NQhlBmqk6epv1K/Um+r1UdmaZiEtOeQJpdDv
cUq8IZOAbBzTnu6VD4yDtpRAXIzIjO3ph0KxZhLvFGZZ3HPjTXkW2eCaGy87g7My/HJacl7q7eN1
F5qKCVLvsNmgmDWpR8WOxqMJ3j0Zg6MikXB2WAmXhavD28Oa4/+wXL83GFUB/8E9R2vferN1sKnh
tkUPrGoY3N8wbeFS7J/RVDFt/6NPtkOkYtmVq5r46ZeXVu14evAvt55p6ildvELTRzbqY6YhhsSQ
ALlLSQ64mD0uqcMU12Gl7dBI2q3VpjZHwjRxqpPLc9l5mUwKapalm5aGF71aRqpZlW5UxwtDiLL5
ekankarpJxRMHYP005jYaPTQOLrUSm9mtVZ/TJn69cfVrVmqgd5cWrG6pGR1xdIIC60d3LpogXpd
/RrbtQWLmiK0/PTBrk8+OXbwtKY3TJ74Oai3OPITJYXE2k1mJ2W2djs7ENsmmdvth0RhgonLJfKd
DpNsybPeHo/aQW8YzaF0P5AvaPHRoSnE58n2FHrmeZZ6GjyaQkaSgO8Jfk6NYf6cx58+PzhzdzvH
T3j1CV8Jn6v+6ieL3nlTXaLL9UxVpXnYzvnTSKORJJIHlaABiCCTdpP8stQcYzoIzZ62mGqvbCfT
TJPNhkJ32KtJVYsSUcvHENErY7zW6QuWJTUkvZx0JYnvIT2GHmOPqcfcI1whVwxXjFdMV8xXBAuC
DNVF66Us4NJFnZ9r4EMjfgJ5cx+4fx73wWDKE5trn405mDlE/qT2qe9j4iNRE/Vwxf9y5OCvHD8z
/fqtdY+/2YlR0IrTaerbIz67Cm3EgjYyR0mhxO4V+A6P0BGT1O5vlNpjqj1tNl+eF7N+a5401TjN
HdaM5EbvwNSpvd83kpOFoYbQsZCGPMPmoNPLNGFbUe4ayShstyZ3qCp7+NGS+1Y/XEaX71aNWXuq
/6gOUvhj9Z4sNCH6h4dPHzz2ySddB49GmhYtwCqMoZ9nLFhEB9ZGcy12FfFfJvHkHiVor7PEacHP
isHPYnDFOWySK9tsy7BLIbMeBz2aE19AL46CpF2vCvu11Om/IxDNT6hOaEyAUTQPY0bEh7TKBUbS
Ii0wLvyKpqrv/1Xt/+KL6idf3LupWgP2zy5d/nfVFuE+fm3Hc6+O4iDRcT0N65nxSanEJ8daWSr1
tVtTD5hiX3Y2xyW00XZTtRX81hAfm+vm8pJs6IAh2S2G0/UcXPPDKK1I6MXefvWiZjX6jN2h5385
ylhfRkFMoaswttBdGFcYP9kzL6MhQ8h0ZcdmuxssDVKDtcHW4GvwNwQagqJmRvYRPaTmTZg4ZVhF
xlAeeoCfp3mj+uJXtaqGmUcffeXY14On1zVW1MbVLH2nhnqpWW17akXFvfMWruS2DfZFmormH3vl
jeOFG9f/dMUnweC1wd9ff+TBB1c+EsXgYvSTLJRDOrUrd2IeaLMsCPjNAmcSF/gD/pG65DUW+5qH
NZOjYzzNrqOONr02CZgsXs6d60JPN81zJXvnEVs4WptcGKlN7MPFyQBWK3/q12H5B8sTRRLNoiCK
WApJotWAIb2xIfPlzJ5MSDenC+niWMtYKd06MTQjVGIuEUrEEkuJVGIt8ZX4SwIlwZJQhblCqBAr
LBVShbXCV+GvCFQEK0KbzZuFzeJmy2Zps3Wzf3Ngc3BzaI95j7BH3GPZI+2x7vHvCewJ7gkdMR8R
johHLEekI9Yj/iOBI8Ejoaml9PsVysSoW3yvQkktq7G2bHyk9u6Hd/5i1+c3H7i+scbc3PhIlbJo
x9X96pD6xYrf+2j6z+pnz1RmelLS9zz52hFfQL2x+tEZd0yc5krJ27flxKtJep1NstXFbCbqw0JC
pEbJHPF1qd0WRGdHl2+zHfK/4KlO9k0g6OhTA1bd76VJyaNhQQNZuVf/VKGFvRG3H0kzkvU0I5kk
D6cZillOKUxpSDmWwmMCfkuUSBnB3ZEoEoVjLn0kUqht3wkjHYPLW7lZDw/HCh0Tvoki6qzIcE41
fuhjOMxqMAN5QPG6BdlE2nlOR+ZqA3coTjbaqZnJQCZhLjK1L/zOtQsaKiM8D/TKF0Y/fIhFGkPa
N484naM4EjeSOM2LX4rZLZQ6Q9o3DnvAFbAPQ3LUr/5p7166nI5R3x9boEzjXjC/dO6DffB6hN6j
nowMrtkyffF9+zc2v6XrA3MU7jeIvSJxkSlKHHSaHe0xh2RLu5XMNkiYiThtefbbY6MZ/DU9JIcH
+j7E+kL0ubPdZe7t7i43o6VO3XiwhsP309Gw9svqBfOqquYtqKabWgertOyBFS2oqsLJR79eo8ez
4TxJp8FMxisOQ7upkSftHM0jshHy2O1C9N3Db9beK2aLZeJ2sUtk2me0kXdxhcOviES0ED/8/eN5
xGcXmaekS7vEnd/+LnbrZ7EMhxAy6CAd+w1I3+gPDwN0v4pWp/bmnLC5fe4f+Sam1y0st3mwla5v
blaf+vTb38N2Res5LW5vQvv3kLDiJu5mkOzNFnObVs3latXcNEP41mpu4MLABVm9kHPcloiJDwbN
4Yj7LT/VNM9vSv30H9Ve9TKdQB1Vf1xTLW94bFf9us2VG610zsk3aCoVtYCbkaG+37Tp8n9+caVx
rU5PoZb/o+y9ZG00/6eY+2MF0BhN/4W2b6f/evbP36nn/1rK8538f+CbIPx/nP7bfyz9b+PId9J/
LYOr/6H8nw59gLnb+/wYrPvrlQLBzJl+Llkl488NRit2c0xGJIFnHBjmUEoyjMRiYhqXcIhYJbPJ
aOApMdtE7pvCf+Dbhb+G6d+t/NOYVvlLY/lMNpufze7n72eG0sA3ZT52lL6tNq3hlm/EbMiyhW5f
rzahP0YGy7j9WOwv1OK1OpmtQrvwkbHkcWXcWL+cGLLR9A4nafeaLM1GPtQR3+Y9xB92VmeZc41J
ef5Em0ympk4zxoaztKB0IxqsR6HxonpBw0Y9zUB9KIkmIU5IEwrH8cREzDyikmyOEfwmvzlZMOtx
WUf6MXnRmHAbvTVVQh7oLalUHn9VPa/+ruK3tTW2LRs7mm5Nm+hXqnEkp4LXB8o++o9AQH24/KVL
kVsTqKaIunc4tTodzVcwLmj8x2JcWKRkhNxGp8ffIZD2GIaFgqdDbos5BC8I1cn8BLfTILu4PDLV
O00KJ+uJYDiaCf5AVDhRhdDPjaQdufa/zdXuwRUdP87M1wEsck79DTbQuLR6ZwvaXzx5WAnFyky0
OA+Y3BqcHjJVIydxs2J5GYmfKeXZZHGSR/sSoCWy0TwWrS08WuuQBDrsPVow0AKBR3chD/EMu9CJ
7QldCdy3Uirdk6Ls4Cl/Y7dqKNSdh968o7hyxUZ+zMDCaO3MZUYGn79Y2XaUfqDHLY16INrfHAvh
ubnYJ2FmC+hJDWSILqLL6Fq6ge7kLnIf+lP9Of4C/9FAcGhI+89C9tOFtAzX64fXnbg+eXT9xzcN
Dz6ke+k+2oZt/3C7iO0y1f4QGf/m3f87G0+0v1MULSxRH4v6keEuIZ8u7E3EgFwSjD4/tMUSO2Jj
DHHqfCah8LUtASVjJTaMyQHiwDgfT4Louf9/+7GNIxxdrx31qulLKpMKMvxdD1eW0OU4asLjdlJG
11MMoGQuWUJuI0+Rv+D8Rv1+H92I7aj+vLM4czZ6hvNH8SmEFJEaspG06u+4xC/hy/n1fDmmQVvo
Fpz5nbaGlUAWn47XbsR9Pa4t185pIbZ0Uk6wSiDtOPMlrkfIXiqwd/HJ/0BTyCp8z1zcO9DtTUjL
dWrlyqkFr63VDAwtBPnDTKOCrCERvO+63j7H8UoSYdcNMdyXyNcsXDPwZeQTfHoNqaECzYVc7q94
71ycada4op2Egwo02zJsY/Q2nSzH5xzEKyJkH7ecy+XHaFfptN9GPiAndbrLyQ4cLySd+pHAAHkP
8mg50q/JJp6dJ4uN99CAwUqzjQ0oK2Lwko1cOfHBdFJL0MBPGrSv3pRg5OniUu5e2aUsKPZfLglk
jf3O0C8b/V1kfpcU8Z8aGppfzCewki6W2AUppi4+JfRvP7b4b1ljZ88v9nddnTF9+Kkzyqbj3KJi
PNVGOI3zM6ZnER2FuAdOPZYVM2Opbep/EJ9JV/Z778/9XyP9V/MHPrZeN6fjtdoi1S/Ao3GT6iXE
lovr1dbrw/PfbCH+XVJu+JyUGeJJGbtB3Ia8oc/Zfjy/RJq4t1EuB3Etb+iG4QGyGM7i+V9RcvPJ
fewqmckWkyLTz7BvJdl8PpnC3KQIz4swcyxj2aSI30iKtTU4TsaDQGZqO3udlPF/wOuukkL+4NAH
2vX6fpVkD9M0Hfd/RuKrkek43PtQf8VoAx9Fd/Y/kKou5Ay1ZjyFgDUHwUrGHdcELHNFvM+SjDsi
prSLECuuW/Ee2+eE2BsJcawkxInXO3HNic+OwTkXjl14f2wrIW7c48q0/++6tEKcmWSSwyhVTvvL
qmEwn0k34Zg/xTUqvVdU+PVseFeFdwR42wqXw3CpGy52wz/chAst8PcqnFfhXM9d7Fw99NwFZ3Pg
TD38UoRuFU6r8N9UOGWDkwK86YITqfCGAG8o/PG/87C/80DXMQ/rSoJjHnj9ZYm9ng+vYfdaAI7m
w6sidB6xs84wHLHDkUb+8Dg4tDeJHVLh4C8c7KAXfuGAjlcyWUc3vPK4l72SCe3YtXfDgf0edkCF
/R54WYK2l7pZmwov7StlL3XDS438vhdT2L5S2KfwL+LTXkyBvXvsbG8S7D01dE4Z4vfYodUCrQq/
2wstIrzQArskeD4edu5YyXaqsANfsWMlPLddZM/FwHYRtiv8s9sk9mwMbJNg6xaBbQ3DFgE2e6H5
mXrWrMIzeMcz9fC0CE8lwc9x8PMwbHrSyTap8GSNjT3phMYGiTWq0CBBg8JvwCs2qFD/hI/Vq/CE
D9av62brVVgXKWXrumFdIx9Zm8IipRBR+LUp8LN8qMM76iphDXZrbsLjXqhV4TF88mMq1NigppGv
rhrHqlWoGgePqrBahUdkqJwNFQKsUuEhAR5S+PIAPFgPK1VQtq2ohOXdsKweylR4IBZKRRsrVeF+
O5QUe1lJFhR74adhWCxC0SIPK2qBRR5Y6IEF82PZghSYb5XZ/FiYh908N8y9N5HNrYd775bYvYlw
r8LPsSWyOeNhNi7PDsM9OH9PPdwtway7BDarHu4SYOYMic0Mw4zpFjZDghlRlUy3wJ13xLE7W+CO
OLhdsbLb60GZaGaKFZRGvvC2dFbYDdOwm1YKt+ErbkuHqVPi2FQHTClwsClxUDBZYAUOmCzApHwb
m1QP+Xh3vg3yG/mJZpio8HkT4lheC0zINLMJcZBr9rLcFginSyyswngr5FhElpME2cnpLDsfxgUE
Ni4JssbaWVYLjMV7xtphrMJnmiEj1cQyvJAuQbrCp42xs7QWGINzY+wwRuFTTZCCj0jphmRngCWn
Qwi7kApBfGCwBQJ+EwsIEGjk/SbwK7wPV30ZoJxIsmexpALwBiCxHhJc4AlDfBjicDlOBXdsOnNX
QiyOYtPBxQTmSoKYOHCikJ0BcOC9jnqwI0v2LJBROrIKNlyzJYJVBmsjLyFz0k2wiGBReNEGAl4q
dIPZCyajk5m6wegEAz7WEANMAKbwPDgY7wa+kQdqY+AAUHgOzzgVx0CxkMci8hRd+dQ2mvn/5kb+
bxPwzeYl/wXrloP5CmVuZHN0cmVhbQplbmRvYmoKMjEgMCBvYmoKICAgNjU3NQplbmRvYmoKMjIg
MCBvYmoKPDwgL0xlbmd0aCAyMyAwIFIKICAgL0ZpbHRlciAvRmxhdGVEZWNvZGUKPj4Kc3RyZWFt
CnicXZLLbsMgEEX3fAXLdBH5EXtoJCtSlW6y6EN1+wEOjFNLDbaIs/Dfl+FGqdSFzWG4A3dgsv3h
+eCHWWfvYbQtz7ofvAt8Ga/Bsj7yafCqKLUb7Hybpb89d5PKYnK7XGY+H3w/qqbR2UdcvMxh0asn
Nx75QWmts7fgOAz+pFdf+xah9jpNP3xmP+tc7XbacR+3e+mm1+7MOkvJ64OL68O8rGPan+JzmViX
aV7Akh0dX6bOcuj8iVWT5zvd9P1OsXf/1jYVUo69/e6CaqoqSvM8DpFrcB25RrxO8QLxQtiCrWg2
0Gwil3niOMR4iXgpTGCSXOgr0Vdb8Fa4B/fCDObIBKbE0JBoyIGdMM4iOcuAjTChFpJaCLWQ1FLD
Zy0+CXWR1GXgzYg3A40RjUGukVyCZxLPhHsguYcKNVZSI2Efkn3oEfwo+0BjksYgbiQODyZ5gOc4
yMPdXkieUHrt3hv2GkJsi9SQqR+kEwbP956dxkmy0vcLERa+JAplbmRzdHJlYW0KZW5kb2JqCjIz
IDAgb2JqCiAgIDM3OAplbmRvYmoKMjQgMCBvYmoKPDwgL1R5cGUgL0ZvbnREZXNjcmlwdG9yCiAg
IC9Gb250TmFtZSAvV0RKQ1BaK0RlamFWdVNlcmlmLUJvbGQKICAgL0ZvbnRGYW1pbHkgKERlamFW
dSBTZXJpZikKICAgL0ZsYWdzIDMyCiAgIC9Gb250QkJveCBbIC04MzUgLTM4OSAxODU0IDExNDUg
XQogICAvSXRhbGljQW5nbGUgMAogICAvQXNjZW50IDkzOAogICAvRGVzY2VudCAtMjM1CiAgIC9D
YXBIZWlnaHQgMTE0NQogICAvU3RlbVYgODAKICAgL1N0ZW1IIDgwCiAgIC9Gb250RmlsZTIgMjAg
MCBSCj4+CmVuZG9iago4IDAgb2JqCjw8IC9UeXBlIC9Gb250CiAgIC9TdWJ0eXBlIC9UcnVlVHlw
ZQogICAvQmFzZUZvbnQgL1dESkNQWitEZWphVnVTZXJpZi1Cb2xkCiAgIC9GaXJzdENoYXIgMzIK
ICAgL0xhc3RDaGFyIDExOAogICAvRm9udERlc2NyaXB0b3IgMjQgMCBSCiAgIC9FbmNvZGluZyAv
V2luQW5zaUVuY29kaW5nCiAgIC9XaWR0aHMgWyAzNDggMCAwIDAgMCAwIDAgMCAwIDAgMCAwIDAg
MCAwIDAgMCAwIDAgMCAwIDAgMCAwIDAgMCAwIDAgMCAwIDAgMCAwIDc3NSAwIDc5NSA4NjcgNzYy
IDcwOSAwIDAgNDY3IDAgMCA3MDMgMCA5MTQgODcxIDc1MSAwIDgzMSA3MjIgNzQ0IDAgNzc1IDAg
MCAwIDAgMCAwIDAgMCAwIDAgNjQ3IDY5OSA2MDggNjk5IDYzNiAwIDY5OSA3MjcgMzc5IDAgMCAz
NzkgMTA1OCA3MjcgNjY2IDY5OSA2OTkgNTI2IDU2MiA0NjEgNzI3IDU4MSBdCiAgICAvVG9Vbmlj
b2RlIDIyIDAgUgo+PgplbmRvYmoKMjUgMCBvYmoKPDwgL0xlbmd0aCAyNiAwIFIKICAgL0ZpbHRl
ciAvRmxhdGVEZWNvZGUKICAgL0xlbmd0aDEgMTAzNjAKPj4Kc3RyZWFtCnic5Xp7XBRH2m5VV3fP
9Ny65z4MDDPDAMNlgHEQlYimVTTGCzFqXCQhogHEQUWjRkUJ5uIdxVsQE6LE+Jldkyga4xI1Sgwx
MVmXzUZjTLKbi+TiHsJmv2Vdw0Lzvd0Das5+e87+zj/n/H6ny6a7q6u766163ud93hoRRghp0BpE
kOeRBbMXfS7s/QmhmA6EqIJHHlvqqc18uQsh93iE8K7SRXMXfLfmL60IeT6HpzbPnb+y9K/3FaTB
+SvwjFhWMrvY+Mw9xxDylkHdkDKoMHm0H8J1I1zHly1YuuL4A4abcA3vQPXzKx6ZjSguiFDcQ3Dd
sGD2ikX000wmXEMb5Fn0aMmiZSvZGwj5HAgxDyMKlUp1dClzAHqrQk5RR7+L2HexmimkaJTReqlj
EBIudVzqCJqNXmOC1+gtpVHPEhLd841UpzLc/M9H2WSEUTdCpIv5EaxeIcbQxQzLkGKWmUxYGjPs
PDVegjiVkUaUVrjU2trTOghldIS6Wo3ZxuzgxGn5KvoHlUD/MDMOT2zSTM9/E2mRCC/VIm1fyzDj
0GEzRc6DPDiDy9DQhdBGq7Tpa4m0QaLSxpvlNTJZCZlGrxX7MC19hOdvwnSY/vTtpzq6K8NgPNg6
XJpBN9O5SId86AExgJHRRfT0Lqe+ko+LrfRodllqnEWeJ/mGeHcAqZz2LK8h4BKQXx+MF7o6QqH2
UFeH0A5D0tHR3tMhdIaETqHTaM/ODh6vTmhKoHAhtlpsmaEhWYMTfXGs35fltY7EmSGT1UL54hL9
xkyrNysTH9hZs2X79i01O5uP4nlDXlrVevNm66qXhhzuvX6UGj+v5cLXn//hy/dfLz9YPEt6v7tb
ujCrWIouL5fnqu8aPQP6b0HRKE+MpdTWSqTew9TqHLXoOVONrihGzVmdKBo7+ZQYuccwdb+B7kJn
OwSpXeg0ZQdFk8cluqpdpA214TaqzdoWzRRCx72Rng/NNGBfHMoajDJDSJUO56yKntHz3f69K59z
7wr88NZ16Rts+/ovmLrEbt9QvUOgkPrKZ9VVR5pwptSDB0tXjp5888wb8nhjNAFw8RH014GeEePU
nJnBiK80IsZWo+cqjQ1ajZpKQ0LApPbrAoZglNDV3hFqv9QhyAjp7AxJ58/DAJ9XcCIOE5CABUog
Ai0wglWwCXbBkeEUkYhFSiQiLTK5VtEm2kWHFT5NyY092EOxsnETm6wyaKIU0ERBiYAGG32KhdbI
xBgH5stGPgozeRM3bL/ce/FgEy4bcqgy7RE6WbpxX97pJskZDpPp896sKDfINi7pu0aOgY3J6Ko4
yhdHxXtH6rSxbsrlGanVaSdrdR4vbcMvoEam1m97wdrorDXV+ItSPFqd16W2p1ldI3m13zounkrj
0dgUoau141J7h4IrUzZskdkD2HXekJGm+Itg+AFOVcrfmXHHPKkYF4r5frff4/f64/y+Ak2BtkBX
oC9wF3gKvAVx+b517nWedd51cet8de46T523Lq7Od9B90HPQezDuoM8lplanHrEcsR6xHbEfcRyJ
Oms5az1rO2s/6zgbZShEhUOzMmNxBNYZOB1nDR4CY2S39g+exebGsQB8FiC+JExv2bT6yVl71m5c
9fGb008+EqY3LFu6vGD9jt1rv/tgbuvwm8sfK5w5bsagtMDTpTsOBlK+n7t06tQx96ekZWyp2P1q
IOKnMs7DMKZaZEepohnV6thaGd4O4rTmcgBuB4C7qyMyNkJn8LgnqiIKvC9hwPOgT/YBEFstiCrb
tXv3rl2763d+L32Lo65fx1HSd+P+1N5+/Xp7+58eAeRKOCT9VpKkiwO4pTvh+y60SExX6S1OmmD7
Wg2pZBqiTQaCKzU1AjKOMMcEWD5g9uvvogNO1o8CVDA2guGujnahXWaKjJzOTnuoR5lOmL0TGe5q
d5Ob3IZkrALJWCgRSGbeCcMBXEZsgovpMhozX5zfdPCARO8rWrlmXWOYTC1/c/7C9z/uPR8OU+jt
7adeA4TeHsfNYIcGJaHHxYxorzYKCTpcGbVTXWv2bvVtia1NrDEX6SoNVBSDvGlx+oCTR34t44yz
pSQrWJRZL4JF2Sfbpc4b3ypQzAanlNkkXkipSFmR1JJCVya14BaqhbTSrUwr22pttbXaWxwtUS1O
veyCWZFpARSZFatkmkmUkeSNTJnKlxVxvYwfNq7bsHTJluYD0oERjeVHf9d5FVM71y58UphV9PqM
P3yH8756rLLiya34dO/vw0smjDvd+B8n7l25tnjOleTkzyK8sxnmLw/iUQyaLHp1FsTr0VKq2FnC
zNMvN1r0OjvSYDurNmgEbNK6wE45xAmyUYqVNzqlTgHCE5inHacZpx2nG2cZZ2XACJ9R7iNttWBW
heWZ8WbhkThiAGYXlV8tu44N0m8dOmk9VbGsZwR+p27N85tqG+jFWJOd8/W5z6Q2O9xrlg4swK11
/9i0+9BWeZ7WwzzVQn9lvPsA7yU6tsQ0T8Y7DBnH8trbeJeZIJgQMhkFiCiUUTABzo2CjHP4S23e
U1+/R97/Kv0ZG//ahQXpx3F4Cp6Gp+MpUpP0ivSq1PQIrscLcQWul8qk7dIOqUwZswJ8hSqgloAO
EF6nEI0RLSix49Jvgmav1VtAIQlRSxqUtoehvyuZy8iNXhUTCOta4SxhhaV8iaWE1eHlaI6uyOMy
UppYZGe5WKOGpzzQfxjkVnmM+604Lw+y1A4YAlfgpsth/cGJTfz0B8EpPIpTQNAf4OmJTSZoYY7c
VNSBR24UUQeJPOFpnuFZXsWr+SjeyUfzMbyLj9XxiMdu5MYZKAOzwGPY6lUmUOYErxKPB2hNAaCR
ZnunD9484z+xQ/qmD839ZPFi7sWdew/9al/BxqwZzOUD0vT4eKnr+x+kv4cycdzWut+9fa5NHEN1
ynN4N2CuCeaQQka0T0ygijkNh4s1Gm4y1ujQEoNKYJZo5hFKTbPIqCe8Vk2ZhK5LOSCIclrlUclo
78m5lNMR6hdFgqyKGFBFxzI44PcTHs6j9xhIRABNbNLJo6W/PWQmZchMUCJDJjq02ImH4XsxzVI2
KkkzhBqmuYcar1HJ42DkBtArCyavMZP6QKLIid78H3uXUlvPY5d07UfcTZw930psGCcsIF09mnLp
M9nOy33X8BdkpYJVt8iT2Zx1Ns8VOUwsyCqHIFsgz7DsT8GhSqCIRAbjHeeXJw8bNnlSdvakycOy
J03KHja5bFheHlRNplr76yP89QTgbAuMaRRKQIViPHJ6Soh5vmmlvYQnzhJuHl+UaNGYEOtjdFYX
a7Kx2kSZf7tA7XRGYAaIk2TyBVeOdmM35SZu2s24Y91ut8ftdceNMo+yjLICQd2hesCRZHBEYp4J
D9AWoIScGXN4wR+lPmy/3ot56Yz0+X2HH1ykf3LBuTPSma27d2/durueen7iBKz7/ho2Suul/dIK
aWps7M2S+TiBjms7d+53F95892PFto1gW53i8wnoETFOh9gSHpVY3fNjV/pKoudZixI9mlgbYU1W
HcsxDtmyjo7bLCDHvY8VuxI4Hac3yqKIFVRGtVln1gsGgRcEozFZl6zPc+d58rymn8VGMuAEPoU8
vLeCOUXt3VJfv6W2rv6N3Ffmf4GJdP16r/QjHo0TwNLFuicXnjszDsxoew/MoH6cOAG84RpQzUr8
MN6AD8fG3igJS58qHFHUd42dAxwRhRaKCTo2yoy4tTajniaogqfm2IqcJJ4xxOt4Id6E4xkj8jrB
wPZL7T1K3AQTczrsoQgng7x2RxdFU0rUvE0EToUInMjZTwTHt0U3RlNA0hA+fUZBnrOogQvk9SAj
dp+lxp899c03p87im2ekbuk8lL8x4fLynh7p66+/xrGEhvPvpZdBJcTgaco8gRagiphrME9WdK9o
J5yp0tIgQMhEhNUHdH4zHzAGbQC7UE+7nC5BatMDqjt4rNaOb4d5m+KeNigR9zTf4Q3mW+Lz3TEZ
6WNGZ2SM+R+He//UBKGeWZyem5ueMXr0P5LCcqCHdwwHvelnFoP3lYkuuwYJ+loLrUaVLNVgKXKo
BCMOcIyfoAyIGTmynP5NREPCeasgKVENy8wBnXIoA+hAjgEmtTIqRm1VWdWJqkR1RlR1VG3UvihN
odkH3YsQxR05QmLWH/bvfwMXSAcHjxs/mtqs3rp939PkdDmeIJ0o7y1cP+mBWdvXbfnVgA65xlog
b/Gi+8REGy1YCYrapXfvUhkrzYtRpapIX0OZAlaB+HEAZcU4NSlxcsiDbufIKqqjXQF8f7Ilcsgn
+Kp9TT4aNN+AmKCyBptkWSoPJLkFdegundkk1ctp1k8335HTLFzavLNm6/btW2t2hsOQZOGh3d14
yKxiKjn8jw/mnX3/yz98/vUFee77IE9nPgMMU0Crr4r3IzmzpYoxxbKMyUgJkOPyShVEXpVahQW1
ygC7VkfpBbVaNZliDRWgt9SErmDnaIhR4A16rVoFD2CkN3PEDMEVDJJVYjuA/VKHqZ/6mR/sIRXz
g/xPUCthQKVU9V9ATEgyyZrfJgc43sDzdBKTxCbpkwwBY6pJiXReDkOmCUXGFvGSTCt+loqXOnvH
P0VZfklZd/Z+dbCqt6bqAOWizv/DFWbKu58Jh/F4qTkc0VDDYQCmwpxxSBRNbKV6MY0qKZgcv4oE
mKAmAvh+uAPYtXeAXaOAXQMlAvaEWwDHB+QkF7LecDjMiOH+/Ik5ADzoQsPEaOdCRIRqvtiyUDeP
FMUaeT7R5Ud2A5cAwho02h3sdx5kv+CucMuswNJydp1IZclcRtsjWZ0sjmSwMgdGSxc6d3TPXrQA
78D3VmLLvsUJX1z4840bf37pkyDe/OGV4tmLsOs4fgi/LI6Sfnn6GIikX0vN0qv79g7kAjAOLlQh
BpwWlb4/E1j8f54JKJT2b6cCxn8nFZhVKacCMKS9M+7IBWpPHuvPBTAaCj74Ge0HPl4mxtmNrE5v
odZyDn0ljxq4IhoF7MAaAXyXISD4dRkKGcvu1x4RJh1AxaFIxwdWYP6Jfqujm2T67bfGqVjjlJtF
NJz3Dtmv2BWJqkYfdRnnH5aezdxffvSlg3iWYgrt7xkTPh2uuHCFyi7vfebcttOv4WuKHTKXuCCn
caIs0Yn22GuJfrfuGWMtV0OKog1pOieyONmUaBkuv7nUnyL2yKsfwWMVMTJII5Felsw2u/FWCisj
hXb5/9gkZ4jO70veKym3bnnqmfrddcu3OvHdh45Bkoj68KCMoPRjzZrvvv32+9VVA35Cfwf4iMLV
Yr59H6e27bPaODW/T+DVnNqwj+PUZgtlso4UBJ4faeBtNutkG68mlJ6r1NKV7GKHRSBUpbbBhDBD
OKuZ12lYo01lMiKYE5WfCZAgzIY8FUJLiykb0kjIxmQ8dQBnKKtQt9YFIvQgrw0I/dQB/+SVtWN8
tMwXn6rUHM/Z1Hab2sk7bYnqZD7ZNozPtmXbx/Mz1L/g56rn8nNtZfbl6g22Ov6E2kFzKo1Ky+gY
PWtABpZXm7UWlc3EmTVmraw0TAbBYOWjLQ6r3ZbEJWmStImGZD5NSDGmmFItAWuyLSN6iG6Ifogh
W8gyZ1vvjh7H5epy9bmGseaZXL4mX/sLfoZxhmmGuYwr1ZXq5xpK+LnCbONs0xxziaXUVhS9gluh
WaGtFFYYV5geM1daN5s3WzZaN9pqo+v4OuEN7qTmpLbZNh04Lxn3O0wk6HMR7sMqULcTensOAuvg
lj34qxNSK961p7erXjq3/aDsMj1a/Hx5ufQ5pJNh/Pp66fcK9w+XsvExJe7HonliXKxg1xHObouu
NXMQ/BvMz7sdaTbQALYhvB90QNAtz5Eie+X1wR5ZeX58XvitnDmDr3uKPIs8d/i6W/EOyE36veP4
EvsSB4UKf6YLFCeRz/wD6y8XZYEwKpgxJg2i2Nsvj39q5CzVA1Mf/MUtnSBVlv9j8YFTXu9nRQWr
nuhfy1A9DP4SRL8SR3mcZj3NpiKicglrib8yuSHB67BoGVVlOqnx2TgUZdaM0MUFPGpQNuzd9hFR
fmvAfHdSIMXjjw8kBgf1kxpY2k9s/VjM6QwBu8lSW0ajXc6c7w7NClWEtoWaQsxtuwcpdg+C0p+m
mDM0GdoMe4ajTdOmbbO3OVpCXCH+7ynvny5uLZTQCVn/sfClAwclqrGoYtUTjZK6/0gpLLm3ePVB
kr9seduHCjEmvLhJIcYwFdi3PnImL+iFF62C7Hdjf84h5zcZaKQYF+8gJVauJJYvSZkXWxSMd+hM
jF/HpCE22sqyfq82KC+UdA2sIAwk6R93ylx5hwwhd5yr5PUyCFrxWYOHDB1YUINZJyf3bdu2T96T
N61etXnzqtWb5h86I924+Xfpb2de3v3CzatXb76A6xuPHm184ehR8tiG+voNG+vrL9gv7vv9tWu/
33fRHn1kw/G2tuMbjshz3wC2VIMtKWiymMq5StzmpaYSe4mbT16KShJLCCRQqZ5YzuVL1iAfyzpZ
nUWDTFRqZOVnYEkk+46YK89wdtAcmR8LG7Hj56l0Krjh7Zz63WVXHv7sxqGG5g+k76Sby75YuEhz
eO+eoyeaZoWOHNm2fv0z+kVMXSD9zV+uf93jvPLyh1/ImfW2XUefbXq9dPuOpzaveVxeH5EaVBXM
fgg4k9ECcfjoURPH+vPidWji2KR4oh9byU2s5CtFsjq+MpVb7ahMHZrnTzIZxkezo3Qo2hBjco1g
Y2KjRwyi8sAyORj0doZCA6tawqVIFcRnobMV6uTq/kMw4dYyFUQLQJyy2ONPjJdtYymrxWS30XLo
sMsSJF6WIINNQ4fEZ4IKgaEREPMzJcoYhu8sPPLpp0cKdw5vOHQ6d0xYanutoGnG+18Wz1qAU199
4suirPlS54u/ll6remLtujXVeOa5j/Hs5ZPypJMQlmqXrFy/ofLRrTenTum+cOGnKVO39vQkdJ+u
OD997ZZEf6G0/u8vSd/NXV41adK4wsK1q6rxPW8243HVj2842DDn29VSl3SB4Np5Vc8d2bvvyPOK
Lpey6WvADW4UQKViZgDUpFmI8ZBkVOlK3mVW71XpamnfrqgacxH9vKshjUtTxQY8MbwfZSU6VUNt
KWmRdFtZI7z9s8gfv+2X6jCCJkWupwvp1elN6SDX8c8ZbQS+U7qDO9/pMVl0Zs/1eS35RaZ1Vft3
31bwuEyqH1Dw5HTPg9/8lJj4RVnRr1trb4v5g+VSTb+Ub1Hi9Ft91/AHqBP8ethxPYuQTrjU0wqp
5P35xzUUUtM5OUJOzsxB6DiZzRXpQD5E7jGYaFWRez9bznhrUvbQvLyh2ZOUpYuheZPlb1xV8gUa
vuEVeaQij3KYUdNIR2lY+FyOvNIDZHkpB45BrORTPqP8wxU5RA3qbWvsbaMGMXRv2375ZD81SOn3
K6AvnoIcRI0eFV2EyD9tEIzRZOjYctUcTChMEK1BLMXJXhtJJ7o6jLcyiUjCoKyxAf9yCv9ysqq/
vbIm1ytijpPvR+KRHTsIVchhH5bzZy/9VG/zM1Rab94ycoWp6N7ODGrG8i+Mcg/lPsF4IprKg2Ms
EqDGgKpBLU3Ds/EK/DjeQZ2nPvckeoKeuzyveOP6+uTfIlEjnoqL4H5V/30z3M++df9fb7JG/hw/
ixvwXiiN/eU8lPfwe8r9/26LV/rog79aQL4Gvm9AemRECYB+AfF3tPRClo4gLf7fb6Z/Uc/BHo2s
iIZjHChuM2QPMRBPYmEWVTA6ABPEQjbs/De+8f/thjVoCcxUM/oAykdwNgmF0WK0HjXC+TdolVL/
Fq2WC9RcZeS2H6FmnAztKLngDCSz3Bl4Tybc+wbal8J1I5qj3O8mF5XyLLlILQevmgJnU5QnGlEz
GU7T5GJkV576AI1AJ9Eh+Zy5iOqg3VR0BcpoePsEdBpdxU+hA/gyqkJb0BJ54pELa8Bvw1DmMJeV
8iN6SPmyXBdmLkPW0IjCYOdpePuBSD1OxlNJESnF+WAhhQ+R8VC7FoXpIih+peQq9kVsoKhV8P1+
e9FF6iEqmfbjQ/Ad+RsX4f2H0Ajobyn0dDzslNx/ch01Eh30MIp5C01QTWB1mFVVoelwdxXJxM+y
LlSEqsh0eEMe1G1BefgKfAUAe4JlaGAcFPAITVTCvcVN4v35nvdmetMC/9OlR1B5mtCUJv1KT3Nf
35R8OpqZ2cTENJEEdROd4PvqX938Ki0wcUq+p+nC2Nz+t44tyoW6aflwKl9BNdSPzU2L+Dn1cPO8
RF3MLD7nb8itVnDz0dW8vwwcf/qk9y7hE/WXcCnfjDAD/FUtkFwIGV0/fdKzSPjknxgjkYYRozaD
m9pRN+NGw+nTqJR8hCbQ0TC3H6JSxg/n78DRjjbDvp46jgrgeBj2u6lj6DIcn4B9I3sGFVG1aAIZ
iobDe0qZd/u64Ho460ZL5HfAPpRehUrpq2g4tapvuKoO6uA52Bugw+vlZ6Afb7HHAd92ORYoW27/
3gHGQB0FTExEiBO7oMcW2D9HiL0EVj4NZsNr1IOBksYjpAnC3gAEuAKoMB8hvQf2JoQMxQjxMQgJ
wHnCGhgXqDd+D/QG98zwXivUW2EM7QLs8G7HAYBOD0JOaBM9CfZG+f+qKKOYSHEoFdUj2SMFtAfY
DtFa/Fe4ppupNeKX70rkvJm80xrPvFNM3hHp1njytp6ce8vPnCsmb/lJSyE5W0VOa8kpLTn5hoU5
GSJvWEhziPxaIick8rpEXpPIMYkcbbqHOdpNmu4hRyRyuIq8KpFXDOTlQzrmZQs5pCO/CpFfFpOX
YsmBEHlxfzHzokT2F5MX6gzMCwmkcYWGaUwg+yaSvQJ5Pp00bIhlGiTy3LMC85yLPCuQPfUGZk8C
qYd29QZSL9K74cHdFrJ7DV1nIHUi/UwC2fV0kNklkZ07zMzOBLJju57ZYSY7mrEocvT2bRpmu55s
b8ZIvJfepiHbWujaiiqm9hTZ+oSW2WokW0V6C5xtuYvUbD7F1Ehk86ZCZvMpsnkNvWljArOpkGwS
6Y3Qr40JZMN6I7Mhlmxo7msR++j1RrIWPr22mDwdJE/ZyJN15AktWVNczKyRSPV8gamOIo9XGZjH
Q6TKQFav4pnVZrKKJ5V1ZKWRrNCQ5Y95mOXd5LFlMcxjHrIshiyFh5bGkiUSeVQiixfpmcUSWaQn
i0S6ooosXDCSWVhOFowk88t1zHyBzF9Dl+tIuUiH4ZPhbjKv7BQzTyJlcwuZslOkbA09tzSBmVtI
5op0aQIpgUYl3aS4mDxiJXMkMlsiRbPSmSKJzEonD0ukUCIPTSQPVpECiczMJfkS+YVEZpwiD0hk
WjGZaiH3h8iU+3hmShW5jyd5o8TRZJKWTCgm98apmXvryPgQuYcIzD1mMs5ExlIaZmwUyR1jZnLL
yZjRAjPGTEaP0jKjBTJK5JhRWiJyRJTHcRp9dx0ZSacxIyeTETkWZsREkjNcw+RYSI5ID9eQu7JN
zF2FJHuYkck2kWFGMlRPhkgg5i1MlkQGZ5qZwRaSGdIwmWYSGsQxIQ0JReZnEEeCGQ4mmEsy0q1M
hoNktNDpsRom3UrS19BpXDGTVkcCqRYmMJGkghGpFpIq0inQ9ZRikpwUZJJHkSToWFKQ+OHgl0ji
XSRB72ASCkm8z8TETyM+eMxnIj6RjlMTr8fBeAuJx21kPA7iaaHd8DG3kbjX0LEaEivSLh+J4Ul0
PHFGBRnnNBIFb40KEodE7PBRu0RsArFaLIy1nFjMZsZiIRaRNpuJCdqZThEjDK9RIgIchNGEh/7z
dcQA9wwS0cML9A6iF2mdRLRwoRWHlRMNtNFUEa6YqFVGRm0hKiNhmRDDVhEGnmNChIaX0WkEXkpp
CJ5GkERwMy5euwWn/j+7of/bHfhfbhDN/gs0K5wvCmVuZHN0cmVhbQplbmRvYmoKMjYgMCBvYmoK
ICAgNzM5NwplbmRvYmoKMjcgMCBvYmoKPDwgL0xlbmd0aCAyOCAwIFIKICAgL0ZpbHRlciAvRmxh
dGVEZWNvZGUKPj4Kc3RyZWFtCnicXVLBbqMwFLz7K3zsHiKITUwroUir9pLDbleb9gPAfqRIjUEO
OeTv6/FEXWkP4GE8Mzw/v+r58HKI06qrP2n2R1n1OMWQ5DJfkxc9yGmKamt0mPx6/ypvf+4XVWXz
8XZZ5XyI46y6Tld/8+ZlTTf98DPMg/xQWuvqNQVJUzzph/fnI6njdVk+5Sxx1bXa73WQMcf96pff
/Vl0VcybQ8j703rbZNs/xdttEW3K95Yl+TnIZem9pD6eRHV1vdfdOO6VxPDfnm1pGUb/0SfVGUjr
Oi+qs9uC86K6lnwL3u0KzkvmDXkDbIktNCM1I7AQCzAzHTItvRZey3yLfBNYQwDPf1n8yzbEDXBP
3AM/ET8BO2KX8Y7eHbyOGgdNy5wWOY7YATesrUFtzpP34HmuppzrkfwjcpjflnxqXNEMxAMw63So
0/FcrpyLORY5ll4Lb8M+NKXPLfUtesIeGvTQMN8g31KTF1zu/RZxzZjH7/nx15Ty6JShLTODaZmi
fM/1Mi9wlecLlJfF7QplbmRzdHJlYW0KZW5kb2JqCjI4IDAgb2JqCiAgIDM5MwplbmRvYmoKMjkg
MCBvYmoKPDwgL1R5cGUgL0ZvbnREZXNjcmlwdG9yCiAgIC9Gb250TmFtZSAvVkpHUElVK0RlamFW
dVNlcmlmCiAgIC9Gb250RmFtaWx5IChEZWphVnUgU2VyaWYpCiAgIC9GbGFncyAzMgogICAvRm9u
dEJCb3ggWyAtNzY5IC0zNDYgMjEwNSAxMTA5IF0KICAgL0l0YWxpY0FuZ2xlIDAKICAgL0FzY2Vu
dCA5MjgKICAgL0Rlc2NlbnQgLTIzNQogICAvQ2FwSGVpZ2h0IDExMDkKICAgL1N0ZW1WIDgwCiAg
IC9TdGVtSCA4MAogICAvRm9udEZpbGUyIDI1IDAgUgo+PgplbmRvYmoKOSAwIG9iago8PCAvVHlw
ZSAvRm9udAogICAvU3VidHlwZSAvVHJ1ZVR5cGUKICAgL0Jhc2VGb250IC9WSkdQSVUrRGVqYVZ1
U2VyaWYKICAgL0ZpcnN0Q2hhciAzMgogICAvTGFzdENoYXIgMTE3CiAgIC9Gb250RGVzY3JpcHRv
ciAyOSAwIFIKICAgL0VuY29kaW5nIC9XaW5BbnNpRW5jb2RpbmcKICAgL1dpZHRocyBbIDMxNyAw
IDAgMCAwIDAgMCAwIDAgMCAwIDgzNyAwIDMzNyAzMTcgMCA2MzYgNjM2IDYzNiA2MzYgNjM2IDYz
NiA2MzYgNjM2IDYzNiA2MzYgMzM2IDAgMCAwIDAgMCAxMDAwIDcyMiAwIDc2NSAwIDAgMCAwIDAg
MCAwIDAgMCAwIDAgMCAwIDAgMCAwIDAgODQyIDAgMCAwIDAgMCAwIDAgMCAwIDAgMCA1OTYgMCA1
NjAgNjQwIDU5MSAwIDY0MCA2NDQgMzE5IDMxMCA2MDUgMzE5IDk0OCA2NDQgNjAyIDY0MCAwIDQ3
OCA1MTMgNDAxIDY0NCBdCiAgICAvVG9Vbmljb2RlIDI3IDAgUgo+PgplbmRvYmoKMzAgMCBvYmoK
PDwgL0xlbmd0aCAzMSAwIFIKICAgL0ZpbHRlciAvRmxhdGVEZWNvZGUKICAgL0xlbmd0aDEgMjU1
Ngo+PgpzdHJlYW0KeJzNVHtQVNcZP/f+zre77LJwl70IqOCusEXktewK9YH2ilBUUkLEttiKoq4L
4RHB92uTTaP1FVSMWR+xLUmcaYt5bGxqN+K0mmpsm+EvtdH/khmdTGccp2nTTuPgpd+CnXTaaf9t
zzf3nu/3+57nnHuuUIQQKSIqILR1Wzd7jgTPfS6Ecp+f4+He9p5Po59dFQJR9jrU3r0j7N346Sjr
Z9je1LF+Tcj1cv15IWQqc1UdTGR4HG8yrmVc0NGzebt9t4gz7mBs696wbk0yL+Nexqk9a7b3yjYK
Mt7N2NO7cX3vlh2WvzLm/LRKqCJsxmSYznJ3VjHZSJXXheW6YqNWVYryqzfvVwjt5v2b9/1ul9fl
87q8YSlGN2HK6D0zZk372582WoqEIpaOjVlmWnRRKbYantIKX2lBRUl5YUHVrJKpwqqXuqFMLnRX
pVCJw+qv0j6vvhu4O1p9VXug3ay+O6G55lQIw1ucOzlVFpQrtp1TCtz5GTOyjnjS+/yVKqw7HVNK
zgSpvPpBIPAgK2Dy/PvqDwIaw4ysOX7F5wpmeiuDrvzKYOWsqmBgUlZmfpmSP92Sq3j/jcj0Tnjj
3Ufm/UdvxOPxxLs1369pU5c1hZer6j8BZYZ5O+mBYWX0rc5OLOvae/5Cds7vGhr7Bg7s+VLtSlp5
gxW72MR7mhAfstxg7QnRKfrEPjHI+j2xa5y/Im1JYeYOJX1viIRSxH5qUpRyTqOKX3KeINvusX+Y
8aBYO25/iJFxOY0RdZtQ0cRa03jEoEhgnpQYmXjGoz4U88VFMZTUaUTE2G+Z+IilhrMvFZfEHeUF
cVa5JSKiX2ySbBa5ip1ucS+dYi3dGpc/ipXjlZNcJ93iUx4UnbzOS5z97ASvFCnL0Iaw0sIrVJUh
LGZ2r+iUbSyF41I7vr6JNajqLq7/eL1iRF2pFslCZYjrJGuMcP4hMZ/7DXOni/lRk/3jD2IQyTuQ
Q1fEUutSS6pisUbEcrbuQlA5bckVbSKC5Zyhkbl+0ah8xFWELi5YSEJVRIlHi6u+JaG48VSL5zcr
vKUl/wI9mtUTF01x5w5PYmysqUVOoRVxmhqHzxaXvvxP/pPxk9KShqYWT/y3dbWPs9a11TLX3MJq
EjHNfF1tKX8gybNaldjdc2/S6vTqv4hptuSuixt3Gj/7x/zF7Udztdu2j5P3WUxEjL+tPWauEK7c
L26P9mq3H/NfDlXyjtHbfK4Tozb5/5iop6aIYnFSJL84TZziey6kQ/kzY5lQo8bH10184Ma1qwV0
LYRrhrxagF878f6VQno/hCuFuNyKX0VwyYFhBy6+p9PFAN7TkQjgFyYumPi5iZ+ZOG/inXg9vfMQ
8Xq8beKtCN408UYazg2l0jkdQ6n4aQA/CeHHeTgbwOuvheh1E6+F8GosjV71YXC7nQZ9+FEDfqjh
B2U4sz+Pzph45bRGr+TitIZTJ9PolA8n2e9kGk4a8gQHntBxIipjaYgZ8mUfju/x03ETLx1z00s+
HBtw0jE3jiUUw0iRA0ftNODEQEIRxhJ51I6jl+WRDRE6MozDzzvosAuHDdnPWv9cvHhomF40cehg
Kx0axqGoPHjARwdbcdCQB7ivAz7s3+ei/XnYnxi7bIzJfS7s5dJ7Q9jjxwuT8L0YnncgGgpR1MRz
3Ro9l4NnI2n0bACRNOzelU673diVjp0x7HBhux3btnpo20Ns3TKVtnqwZSo2c9DmPGwysdFEX6+T
+kz0OtFryA0RPNOzgJ7pQs8CdHelUreG7qjsSkWXITu5ZOdDPN0xTE+b6GhvpY5hdERle9hH7a1o
N2TYh/XstP4hQiGsy8RaE2tMtK0uozYTq8uwykSriZUN+G4E3zGxohYtJr5t4lvD+KaJ5hCW6Xgq
gKYn06kpgifT0bjQqMETDiwNYcl0Gy2JYXEA9dCo3o2vZ6BOtVNdDmoXuam2C4tqNFrkRs1CB9Vo
WGik0EIHjBQYyX1sll+LYYEspQXfwPxqneY3oHqenap1VBtynh1z52TQ3FbMme2iORmY7cJXnagy
UTlLp0oTs4JumqUjGLBT0I1ARQoF7AhMnE9FCvzl2eSvRXlZJpVno/yyLMuzU1kmyqKyNCVEpTGU
FOtU0oBiXkSxjmJDzuTWZ4ZQNMNPRQsxgxub4UchT4UmvjIXPmc2+VpRkJ9BBc3I57D8DOQbcroN
Xk82eVvhmeYiTzY8l+U0LjbNhWlRmWdHniFz8zE1HVMKMDnHT5ObkcNZc/zINpHFRbNMTNKQqeuU
2QXd7SZdh25ItxsZ7JcxDBdvr8uExpNWg3TuPz2GNLalmXByAmc2nIZMNeFg4DBmd8HOPvYIUkKw
WV1k02F1wUIBskRAHEcBSE4mS8FJVTuUZggTSkIJ7e1Xiv9vh/hfN/BfB/+t/w6eDVMSCmVuZHN0
cmVhbQplbmRvYmoKMzEgMCBvYmoKICAgMTgwNgplbmRvYmoKMzIgMCBvYmoKPDwgL0xlbmd0aCAz
MyAwIFIKICAgL0ZpbHRlciAvRmxhdGVEZWNvZGUKPj4Kc3RyZWFtCnicXZDPasMwDMbvfgod20Nx
03MIjO6Sw/7QbA/g2HJmaGSjOIe8/WQ3dDCBDdL3/cxn6Wv/2lPIoD852gEz+ECOcYkrW4QRp0Cq
uYALNu9dve1sktICD9uSce7JR9W2oG8iLpk3OLy4OOJRAYD+YIccaILD93V4jIY1pTvOSBnOquvA
oZfn3kx6NzOCrvCpd6KHvJ0E+3N8bQnhUvvmEclGh0syFtnQhKo9S3XQeqlOIbl/+k6N3v4Yru6m
uEeBinufF6588hnKrsySp26iBikRAuFzWSmmQtXzC1NGcMcKZW5kc3RyZWFtCmVuZG9iagozMyAw
IG9iagogICAyMjMKZW5kb2JqCjM0IDAgb2JqCjw8IC9UeXBlIC9Gb250RGVzY3JpcHRvcgogICAv
Rm9udE5hbWUgL0tHSVNVUytEZWphVnVTZXJpZgogICAvRm9udEZhbWlseSAoRGVqYVZ1IFNlcmlm
KQogICAvRmxhZ3MgNAogICAvRm9udEJCb3ggWyAtNzY5IC0zNDYgMjEwNSAxMTA5IF0KICAgL0l0
YWxpY0FuZ2xlIDAKICAgL0FzY2VudCA5MjgKICAgL0Rlc2NlbnQgLTIzNQogICAvQ2FwSGVpZ2h0
IDExMDkKICAgL1N0ZW1WIDgwCiAgIC9TdGVtSCA4MAogICAvRm9udEZpbGUyIDMwIDAgUgo+Pgpl
bmRvYmoKMzUgMCBvYmoKPDwgL1R5cGUgL0ZvbnQKICAgL1N1YnR5cGUgL0NJREZvbnRUeXBlMgog
ICAvQmFzZUZvbnQgL0tHSVNVUytEZWphVnVTZXJpZgogICAvQ0lEU3lzdGVtSW5mbwogICA8PCAv
UmVnaXN0cnkgKEFkb2JlKQogICAgICAvT3JkZXJpbmcgKElkZW50aXR5KQogICAgICAvU3VwcGxl
bWVudCAwCiAgID4+CiAgIC9Gb250RGVzY3JpcHRvciAzNCAwIFIKICAgL1cgWzAgWyA2MDAgNzEw
IF1dCj4+CmVuZG9iagoxMCAwIG9iago8PCAvVHlwZSAvRm9udAogICAvU3VidHlwZSAvVHlwZTAK
ICAgL0Jhc2VGb250IC9LR0lTVVMrRGVqYVZ1U2VyaWYKICAgL0VuY29kaW5nIC9JZGVudGl0eS1I
CiAgIC9EZXNjZW5kYW50Rm9udHMgWyAzNSAwIFJdCiAgIC9Ub1VuaWNvZGUgMzIgMCBSCj4+CmVu
ZG9iagoxIDAgb2JqCjw8IC9UeXBlIC9QYWdlcwogICAvS2lkcyBbIDIgMCBSIF0KICAgL0NvdW50
IDEKPj4KZW5kb2JqCjM2IDAgb2JqCjw8IC9UeXBlIC9PdXRsaW5lcwogICAvRmlyc3QgMTkgMCBS
CiAgIC9MYXN0IDE5IDAgUgogICAvQ291bnQgLTEKPj4KZW5kb2JqCjE5IDAgb2JqCjw8IC9UaXRs
ZSAoREVUQUxMRVMgREUgTEEgUkVTRVJWQUNJT04pCiAgIC9QYXJlbnQgMzYgMCBSCiAgIC9GIDAK
ICAgL0Rlc3QgWzIgMCBSIC9YWVogNjIgNzYzIDBdCj4+CmVuZG9iagozNyAwIG9iago8PCAvUHJv
ZHVjZXIgKGNhaXJvIDEuMTUuMTAgKGh0dHA6Ly9jYWlyb2dyYXBoaWNzLm9yZykpCiAgIC9UaXRs
ZSAoUmVzZXJ2YWNpb24pCiAgIC9BdXRob3IgKCkKICAgL0tleXdvcmRzICgpCiAgIC9DcmVhdGlv
bkRhdGUgKEQ6MjAyMTA1MDQxNjM1NTdaKQo+PgplbmRvYmoKMzggMCBvYmoKPDwgL1R5cGUgL0Nh
dGFsb2cKICAgL1BhZ2VzIDEgMCBSCiAgIC9PdXRsaW5lcyAzNiAwIFIKPj4KZW5kb2JqCnhyZWYK
MCAzOQowMDAwMDAwMDAwIDY1NTM1IGYgCjAwMDAwNjI2NDggMDAwMDAgbiAKMDAwMDAwMTQ3NCAw
MDAwMCBuIAowMDAwMDAwMDE1IDAwMDAwIG4gCjAwMDAwMDAwMTUgMDAwMDAgbiAKMDAwMDAwMDcy
NCAwMDAwMCBuIAowMDAwMDAwMDE1IDAwMDAwIG4gCjAwMDAwMDA3MDIgMDAwMDAgbiAKMDAwMDA1
MDUxNiAwMDAwMCBuIAowMDAwMDU5MjY1IDAwMDAwIG4gCjAwMDAwNjI0ODYgMDAwMDAgbiAKMDAw
MDAwMTc0MSAwMDAwMCBuIAowMDAwMDAwOTM0IDAwMDAwIG4gCjAwMDAwMDExOTEgMDAwMDAgbiAK
MDAwMDAwMTQzOCAwMDAwMCBuIAowMDAwMDAyMTk5IDAwMDAwIG4gCjAwMDAwMDIxNzYgMDAwMDAg
biAKMDAwMDAwMjMwMiAwMDAwMCBuIAowMDAwMDQzMDM4IDAwMDAwIG4gCjAwMDAwNjI3OTcgMDAw
MDAgbiAKMDAwMDA0MzA2MyAwMDAwMCBuIAowMDAwMDQ5NzM0IDAwMDAwIG4gCjAwMDAwNDk3NTgg
MDAwMDAgbiAKMDAwMDA1MDIxNSAwMDAwMCBuIAowMDAwMDUwMjM4IDAwMDAwIG4gCjAwMDAwNTA5
NzkgMDAwMDAgbiAKMDAwMDA1ODQ3MyAwMDAwMCBuIAowMDAwMDU4NDk3IDAwMDAwIG4gCjAwMDAw
NTg5NjkgMDAwMDAgbiAKMDAwMDA1ODk5MiAwMDAwMCBuIAowMDAwMDU5NzI3IDAwMDAwIG4gCjAw
MDAwNjE2MjkgMDAwMDAgbiAKMDAwMDA2MTY1MyAwMDAwMCBuIAowMDAwMDYxOTU1IDAwMDAwIG4g
CjAwMDAwNjE5NzggMDAwMDAgbiAKMDAwMDA2MjI1MCAwMDAwMCBuIAowMDAwMDYyNzEzIDAwMDAw
IG4gCjAwMDAwNjI5MTIgMDAwMDAgbiAKMDAwMDA2MzA3OCAwMDAwMCBuIAp0cmFpbGVyCjw8IC9T
aXplIDM5CiAgIC9Sb290IDM4IDAgUgogICAvSW5mbyAzNyAwIFIKPj4Kc3RhcnR4cmVmCjYzMTUx
CiUlRU9GCg==

--===============8020539111164619369==--

-------------------------------------------------------------------------------
