Content-Type: multipart/mixed; boundary="===============5568690968473672596=="
MIME-Version: 1.0
Subject: =?utf-8?q?Hotel_Real_-_Confirmaci=C3=B3n_de_Reservaci=C3=B3n?=
From: reservaenrealnicaragua@gmail.com
To: magdiel@gmail.com
Date: Thu, 28 Jan 2021 21:20:30 -0000
Message-ID: <161186883015.18243.1772039797012417182@localhost>

--===============5568690968473672596==
Content-Type: text/html; charset="utf-8"
MIME-Version: 1.0
Content-Transfer-Encoding: 7bit

Pronto nos pondremos en contacto con usted. recibimos su solicitud para RealNicaragua
--===============5568690968473672596==
Content-Type: application/pdf
MIME-Version: 1.0
Content-Transfer-Encoding: base64
Content-Disposition: attachment;
 filename="magdiel@gmail.com_5ku4534_2021-01-28 21:20:29.462612.pdf"

JVBERi0xLjUKJbXtrvsKNiAwIG9iago8PCAvTGVuZ3RoIDcgMCBSCiAgIC9GaWx0ZXIgL0ZsYXRl
RGVjb2RlCj4+CnN0cmVhbQp4nJ1V23KbMBB95yv2EU8HWVcEmUymBNNOUrtpYqYvmTwoWHZIuNhg
t5l8fQXGdS5NGgIDCKTds2e1eyCAzekQc/M4gSS3VhZuv1ULGCoMi9o6ji3Kt+vMU2KEBZYeAYIx
8lxGzTDOreHcwQ4GM55bl/YoigdC2MF4HE1hFME4gItoGl0MmLB/DqRnB+HJ2ffBVXxqEdrFQMH4
Qpj52KVAXA9RLDHbOSc75zYM4tsncA4liBEiKDMRIkFd5kqIZ5YdQFHm15WGme5snnkhBGGXcSnB
sMJCMOaJ1nKiFrNUZzDdqEo/vETcGzoEcYYZ8xu7S/vHgEpb1WpZVmvd8uuBKu42XDD+bjg7ylWa
9aSWb6l9XjS2KCnzvux0VZeFqvuSoy3MdKkKODyEYZCsNyqL9f0aDud6PsdY4SM4OoLjUdi5iiZm
tOzgekT5pSk9ndwos+8QFetKzVTvaDE1S4lDfVOKB8T/IPpUZelHwalDZT9wO9BVmaWFVj1rIsh1
lSZmZ4K0auzfAjQd5nle12Fn17WufqkkLQtdvwuUYo+x1jYsC6g3oOtlWSsIs3KdZiZlQZar4kFV
jW0jC4i4vFGErgC5+NteB/CNmaanu/S+kh9Xcg93PBe6WGtYbTRUuo28Z6LCm01yB6Gq15kGZ1ul
8VYxkc+aoxFOo5iPVI36EnHuU+IDc12EuetJ8ULVkttlTnyP7fvyX84vvpqx2xwSfpupU3PdWpdX
TZwwswiGCayAtNjbu5H0LgCDbp4EcuCskcndu1E5ON+r/tPg26XEF0aH3wjeeVciOHORkPw/ifgk
mPCwL6nPX8nAC4Kd4z1BQSnyze49YbiyhoqYHxoM702eRqV1bg3HaXHXytEkPBkZZ53+NMrzbI48
nju3/gDd96Y5CmVuZHN0cmVhbQplbmRvYmoKNyAwIG9iagogICA2NzYKZW5kb2JqCjUgMCBvYmoK
PDwKICAgL0V4dEdTdGF0ZSA8PAogICAgICAvYTAgPDwgL0NBIDEgL2NhIDEgPj4KICAgICAgL2Ex
IDw8IC9DQSAwLjcgL2NhIDAuNyA+PgogICA+PgogICAvWE9iamVjdCA8PCAveDEwIDEwIDAgUiA+
PgogICAvRm9udCA8PAogICAgICAvZi0wLTAgOCAwIFIKICAgICAgL2YtMS0wIDkgMCBSCiAgID4+
Cj4+CmVuZG9iagoxMSAwIG9iago8PCAvVHlwZSAvQW5ub3QKICAgL1N1YnR5cGUgL0xpbmsKICAg
L1N0cnVjdFBhcmVudCAwCiAgIC9RdWFkUG9pbnRzIFsgMjk3IDQ4NiA0MzIgNDg2IDQzMiA0NzIg
Mjk3IDQ3MiBdCiAgIC9SZWN0IFsgMjk3IDQ3MiA0MzIgNDg2IF0KICAgL0EgPDwKICAgICAgL1R5
cGUgL0FjdGlvbgogICAgICAvUyAvVVJJCiAgICAgIC9VUkkgKG1haWx0bzpjanBtMTk4M0BnbWFp
bC5jb20pCiAgID4+CiAgIC9CUyA8PCAvVyAwID4+Pj4KZW5kb2JqCjEyIDAgb2JqCjw8IC9UeXBl
IC9Bbm5vdAogICAvU3VidHlwZSAvTGluawogICAvU3RydWN0UGFyZW50IDEKICAgL1F1YWRQb2lu
dHMgWyA0MzcgNDg2IDUyMyA0ODYgNTIzIDQ3MiA0MzcgNDcyIF0KICAgL1JlY3QgWyA0MzcgNDcy
IDUyMyA0ODYgXQogICAvQSA8PAogICAgICAvVHlwZSAvQWN0aW9uCiAgICAgIC9TIC9VUkkKICAg
ICAgL1VSSSAodGVsOis1MzU4MDk3Mjk0KQogICA+PgogICAvQlMgPDwgL1cgMCA+Pj4+CmVuZG9i
agoxMyAwIG9iagpbCiAgMyAwIFIKICA0IDAgUgpdCmVuZG9iagoyIDAgb2JqCjw8IC9UeXBlIC9Q
YWdlICUgMQogICAvUGFyZW50IDEgMCBSCiAgIC9NZWRpYUJveCBbIDAgMCA1OTUgODQxIF0KICAg
L0NvbnRlbnRzIDYgMCBSCiAgIC9Hcm91cCA8PAogICAgICAvVHlwZSAvR3JvdXAKICAgICAgL1Mg
L1RyYW5zcGFyZW5jeQogICAgICAvSSB0cnVlCiAgICAgIC9DUyAvRGV2aWNlUkdCCiAgID4+CiAg
IC9SZXNvdXJjZXMgNSAwIFIKICAgL1N0cnVjdFBhcmVudHMgMgogICAvQW5ub3RzIFsgMTEgMCBS
IDEyIDAgUiBdCj4+CmVuZG9iagoxMCAwIG9iago8PCAvTGVuZ3RoIDE1IDAgUgogICAvRmlsdGVy
IC9GbGF0ZURlY29kZQogICAvVHlwZSAvWE9iamVjdAogICAvU3VidHlwZSAvRm9ybQogICAvQkJv
eCBbIDAgMCA1OTUgODQxIF0KICAgL0dyb3VwIDw8CiAgICAgIC9UeXBlIC9Hcm91cAogICAgICAv
UyAvVHJhbnNwYXJlbmN5CiAgICAgIC9JIHRydWUKICAgICAgL0NTIC9EZXZpY2VSR0IKICAgPj4K
ICAgL1Jlc291cmNlcyAxNCAwIFIKPj4Kc3RyZWFtCnicRZDBEsIgDETvfMX+gGkIkMDdH+jJs9Nx
vFSd6sXPl1ZKJ6d9LLuBxY1YnKjBi0AF0fC+4YLnCklChg9MnhMe6EQSFU0QY0olrldJedWRbDv/
6wlBqiMU19FcUSQ9PEEycSg9s+vWOh1EmYzNbRk7ipRj7pmaSdj21q6nY7NG5n1311F/XMs89FZb
Q9ZPWVyVGVznFBNps5mV1JJS8ILp4YYr4/7B8PWK88uNdX5LnEgzCmVuZHN0cmVhbQplbmRvYmoK
MTUgMCBvYmoKICAgMTc5CmVuZG9iagoxNCAwIG9iago8PAogICAvRXh0R1N0YXRlIDw8CiAgICAg
IC9hMCA8PCAvQ0EgMSAvY2EgMSA+PgogICA+PgogICAvWE9iamVjdCA8PCAveDE2IDE2IDAgUiA+
Pgo+PgplbmRvYmoKMTYgMCBvYmoKPDwgL0xlbmd0aCAxNyAwIFIKICAgL1R5cGUgL1hPYmplY3QK
ICAgL1N1YnR5cGUgL0ltYWdlCiAgIC9XaWR0aCA4MDAKICAgL0hlaWdodCA2MDAKICAgL0NvbG9y
U3BhY2UgL0RldmljZVJHQgogICAvSW50ZXJwb2xhdGUgdHJ1ZQogICAvQml0c1BlckNvbXBvbmVu
dCA4CiAgIC9GaWx0ZXIgL0RDVERlY29kZQo+PgpzdHJlYW0K/9j/4AAQSkZJRgABAQAASABIAAD/
4QCMRXhpZgAATU0AKgAAAAgABQESAAMAAAABAAEAAAEaAAUAAAABAAAASgEbAAUAAAABAAAAUgEo
AAMAAAABAAIAAIdpAAQAAAABAAAAWgAAAAAAAABIAAAAAQAAAEgAAAABAAOgAQADAAAAAQABAACg
AgAEAAAAAQAAAyCgAwAEAAAAAQAAAlgAAAAA/+0AOFBob3Rvc2hvcCAzLjAAOEJJTQQEAAAAAAAA
OEJJTQQlAAAAAAAQ1B2M2Y8AsgTpgAmY7PhCfv/AABEIAlgDIAMBIgACEQEDEQH/xAAfAAABBQEB
AQEBAQAAAAAAAAAAAQIDBAUGBwgJCgv/xAC1EAACAQMDAgQDBQUEBAAAAX0BAgMABBEFEiExQQYT
UWEHInEUMoGRoQgjQrHBFVLR8CQzYnKCCQoWFxgZGiUmJygpKjQ1Njc4OTpDREVGR0hJSlNUVVZX
WFlaY2RlZmdoaWpzdHV2d3h5eoOEhYaHiImKkpOUlZaXmJmaoqOkpaanqKmqsrO0tba3uLm6wsPE
xcbHyMnK0tPU1dbX2Nna4eLj5OXm5+jp6vHy8/T19vf4+fr/xAAfAQADAQEBAQEBAQEBAAAAAAAA
AQIDBAUGBwgJCgv/xAC1EQACAQIEBAMEBwUEBAABAncAAQIDEQQFITEGEkFRB2FxEyIygQgUQpGh
scEJIzNS8BVictEKFiQ04SXxFxgZGiYnKCkqNTY3ODk6Q0RFRkdISUpTVFVWV1hZWmNkZWZnaGlq
c3R1dnd4eXqCg4SFhoeIiYqSk5SVlpeYmZqio6Slpqeoqaqys7S1tre4ubrCw8TFxsfIycrS09TV
1tfY2dri4+Tl5ufo6ery8/T19vf4+fr/2wBDAAgGBgcGBQgHBwcJCQgKDBQNDAsLDBkSEw8UHRof
Hh0aHBwgJC4nICIsIxwcKDcpLDAxNDQ0Hyc5PTgyPC4zNDL/2wBDAQkJCQwLDBgNDRgyIRwhMjIy
MjIyMjIyMjIyMjIyMjIyMjIyMjIyMjIyMjIyMjIyMjIyMjIyMjIyMjIyMjIyMjL/3QAEADL/2gAM
AwEAAhEDEQA/APf6Q0tRySLGjO5CqoyST0oAfxS5rEl8SaShP/EyteP+moqrJ4r0lemo2x/7aCny
sDpM5ormP+Es0v8A6CFt/wB/BR/wlul/9BC2/wC/gp8rA6eiuY/4S7Sv+ghbf9/BR/wlulf9BG2/
7+CjlYHT0VzP/CW6V/0Ebb/v4KrXnjnRrG3M819GUH9w7jRySYrpHX0V52Pi14ZIz9rl/wC/Ro/4
Wz4a/wCfuT/v2atUZC50eiUV55/wtnw1/wA/cn/fs0f8LY8N/wDP3J/37NHsavYOdHodFee/8LY8
N5/4+5P+/Zpf+FreG/8An7k/79ml7Cr2DnR6DRXn/wDwtXw5/wA/cn/fBo/4Wp4cP/L2/wD3waPY
Vewc6PQKK4D/AIWn4d/5+3/74NH/AAtPw7/z9v8A98Gj2FQOdHf0VwH/AAtPw7/z9v8A98Gj/haX
h7/n7f8A74NP6vUDnR39FcB/wtLw7/z9v/3waP8AhaXh3/n7f/vg0fV6gc6O/ozXA/8AC0fD3/P2
/wD3waQ/FLw6P+Xt/wDvg0ewqC50d/mjNef/APC0/Dv/AD9Sf98Gl/4Wn4d/5+pP++DS9hU7D54n
f5ozXn//AAtPw7/z9Sf9+zR/wtTw6P8Al6k/79mq9hU7MOeJ6BRXn/8AwtXw7/z9S/8Afs0n/C1v
Dv8Az9S/9+zR9Xqfyh7SJ6DRk159/wALV8Of8/Uv/fs0f8LV8O/8/Mv/AH7NL2FT+UXtInoOaM15
9/wtbw3/AM/Mv/fs0n/C1vDn/PzL/wB+zR7Cr/KHtInoWTRk157/AMLW8Of8/Mv/AH7NL/wtbw5/
z9S/9+zR7Cp2D2kT0HNGa89/4Wt4c/5+pf8Av2aP+Fr+HP8An6l/79mj2FT+UftInoWaM159/wAL
W8Of8/Uv/fs0f8LW8Of8/Uv/AH7NHsKn8oe0ieg5ozXn3/C1vDn/AD9Sf9+zR/wtXw5/z9S/9+zR
7Cp/KHtInoOaM159/wALV8O/8/Un/fs0v/C0/Dv/AD9S/wDfs0ewqfysPaRPQM0Zrz//AIWn4ePS
5l/79mnj4n6Af+W834RGj2FX+Vi9pE73NGa4MfE3Qj0ln/79Gl/4WXoZ/wCWtx/36NP6vV/lYvaw
O6zRkVwv/Cy9E/56XH/fo0f8LL0P/npcf9+jR9Xq/wArH7WB3WRRmuE/4WZoX/PS4/78mk/4WdoQ
/wCWlx/35NH1er/Kw9rA7zNLmuBPxP0H/npcf9+TSf8AC0tA/wCetx/35aj6vV/lYvawO/zRmvP/
APhaXh/P+uuP+/LUn/C1PD+f9bcf9+Wo+r1f5WHtYHoOaM159/wtTw//AM9rj/vy1H/C1PD/APz2
uP8Avy1H1er/ACsftIHoOaM159/wtTw//wA9rj/vy1H/AAtXw/8A89bj/vy1H1ep/KHtIHoNFeff
8LU8P/8APa4/78tR/wALU8P/APPa4/78tR9Xq/yh7SB6DRXn/wDwtPw//wA9rj/vy1H/AAtPw/8A
89rj/vy1H1er/KHtIHoFFeff8LU8P/8APW4/78tR/wALU0D/AJ63H/flqPq9T+UPaQ7noNFef/8A
C1PD/wDz2uP+/LUf8LT0DtLcf9+Wo+r1f5Q9pDuegUma4H/haOg/89bj/vyaX/hZ+hf89Lj/AL8m
j6vV/lD2kDvc0Zrgx8TtCP8Ay0uP+/Jp3/CzNC/563H/AH5NH1er/KHtYHd5ozXCf8LM0L/nrcf9
+TSf8LN0L/nrcf8Afk0fV6v8rD2sDvM0ma4P/hZ2hf8APW4/78mj/hZ+g/8APW4/78mj2FX+Vh7W
B3maM1wX/Cz9B/563H/fk0f8LQ0H/nrcf9+TR7Cr/Kw9rA76iuA/4WjoH/Pa4/78mj/haWgf89bj
/vyaPYVf5Q9pA7+ivP8A/haegf8APW4/78tR/wALT8P/APPa4/78tR7Cr/KHtIHoFFefH4q+Hx/y
1uP+/DUn/C1vD3/Pa5/78NR7Cr/KHtYHoVFee/8AC1/Dv/Pa5/78NR/wtjw7/wA9rn/vw1L2NX+U
PaRPQqK88/4Wz4c/57XP/fhqT/hbPhz/AJ7XP/fhqPY1f5Q9pE9Eorzv/hbXhv8A57XP/fhqP+Ft
eG/+e9z/AOA7Uexq/wAoe0h3PRKK87Pxb8N/897n/wAB2pP+Ft+G/wDntc/+A7Uexq/yh7SHc9Fp
K87/AOFt+G/+e1z/AOA7Uf8AC3PDX/Pa5/8AAdqPY1OsQ9pDueicUd687/4W54a/57XP/gO1W9O+
J2ganqENlbSzmaUkKGhZRwM9TSdGa1aBVIs7qlqpFdLIMqcirKtkVmWf/9D3/tWR4kfZ4e1DnH7h
/wCVa9Yfik48Pah/1wf+VNbgfGVxPObq4/fzjErf8tD6n3qLzpv+e83/AH8P+NE5/wBJuP8Arq38
zUea7I25dhXJPOm/57zf9/D/AI0edN/z3m/7+H/Go6KrTsIk86X/AJ7Tf9/D/jR50v8Az3m/7+H/
ABqOiiy7ASebL/z2lPt5h/xoMsjDa8zsP7pdiP503PFJTSQBz2Y/maOf736miiqFZC8/3v1NJls9
f1NFFOwWQEtnr+ppct/eP5mkopBZC5f+8f8Avo0bn/vH/vo0UUXYWQbm9T/30aNzep/76NJiinzs
OVDg7ep/76NL5jf3m/76NMpapTYcqHhz/eP/AH0aN5/vH/vo0zNGafOxcqJA7f3j/wB9Gl8xv7x/
76NRZozT9oHKibe394/99GlEpH8R/wC+jUG6jfVKq0JxRZEpPf8A8eNPDn1/U1VDUu81oq0hOBcD
f7X6mjn+9+pqushFP8ytVVbI5SUZ7N+pp25h3/U1EGpwY1fMyWh+73/U0Z9D+ppvWlxTuxWFyfX9
TRz6/qaSnYouxaDTn1/U0c+v6mlIoxRdjuhvzev6mkOfX9TTyKTFF2FxuT/e/U0En+9+pp2KMUcz
HoIM/wB79TUyg/3v1NRAVNHxSuwdizCDx/ia0oR0/wAaoRHpWhCcYqk2ZyL0OPT9asAADrVVGqUP
xVpvuYsmyKYWAqPfTC9O7BIkZ6ZvqMtmm5pXY7EhemF8npTSaTNHMwHZHpTSRnpSGii7AXj0o/Cg
ClHWldgJgelGB6U7vShc0XYxuPajHtTiD0pyqaLskYAPSl2+1SiPNO2UXYEATJ6U7yvarCoAKCwF
F2BCsPtUohXuKUS00y0uZjH7EA6UuFHpUJlqIymjmYWLRdR0FJ5oFVPNNMaTNHOxWLnnCo2lFVd9
JvpczKsWDNTPN/zmoC1IWpczCxY83/OaQy1W3UbqOZjsTmX2pPN9qg3UFqXMx2JzL7U0ye361Dup
M0czCxKX/Ck3+9RE0Zo5mFiQSH2pPM+lRZoqeZlEnmc9qC30plFHMxClvpSZ+lIaSjmYDiw9qTP0
puaKOZjHZHtSZpKKTkwFyK1PDM/2fxLZTDqrH+VZOatac+zUIWHUGs6r/dy9GOPxI+jdG1M3EY9M
V1du+9QR6V5f4VnZoxzXpdicxKT6V4J3H//R9/rD8U/8i9qH/XBv5Vt1ieKBu0C/H/TBv5Ur2YWu
fFk//H3cD/pq38zTMVPdQstzOwB/1r9v9o1WrqhO6CUHEXpS5pKKu5IZpRzSUU7gOozTc0tNMBRR
SUZqriFFBoFFO4BS4pKWqTAKKKKdwCjFFLTsFxMUUtJS5RXEPWgUtLS5RjaWjHNLiiwDaKdijFKw
7iClzSd6WqsFwyaUE02iqTaEyUORTg5NQilBxWkalibXLSnPen5qpuxTxITW0alyXEsZp2ahVqkB
rRSM3EfmjikFKMVRNhSKbinZpaAG4oxTsUm2nYLiCpVGaYBipFpWBssx9quxnGKoxnpVxD0qkQy6
hqTtUCHipAapENC7jSHPrSHrSZoELnFJ1oNFIBMUU4DJpdvNADaAKdspypQA0LSgc1MF4oAAoAj2
09Vp3FGaQBsHrSgCmFuaaWo5hEuRSM4AqHfzTWapchomMnHWmGWoC1IWpXHYmL1Gz0wnimE0rjsS
Fs96aWqPNLmi4WF3GgmmZpSaVx2DNJSUZouMM0lJnmkzRcBaKQ0maVwHYpCKTNBNFwFxRim5ozRc
BcUlGaQmlcBaKbmgmkMXNGabmjNFwHUfjTCaM0rjsLmim5op3EOpM0UUrgLU9l/x+xfWoKnsv+P2
L61FR+4/QqPxI9m8I/6sV6hYf6pR7V5f4R/1Yr1Cw/1a/SvDZ2n/0vfaxfE3/IAvv+uDfyrarG8T
f8gG+/64N/Kh7FQ+JHx7P/r5v+ujfzNVZrYEZSrc4/0iYf8ATRv5mozXNGfKz3J0edIzCCpwwoz6
VoPEsg5HNUpYXjbOOK7qdVSR5NfDOD90jpRScUordWZyvQKKKKL2C6ewoopKM0cwC0ZpM0tUmKwu
aKTFGaq4CjrTqbmlzTTAO9OHSmilzVJgLSUvakq0AUUUCgQooxR0ozTsAYoooosAcUHFFBosAlLS
UZpWAWikzRmi9gE708HFNpaOZoY8NUivUOaUGtYzJauWQ9PBqsGxUqvW6kjNxJgacOaiDU8NVolx
H0uKAaAc1aZLQAVIq0gFSAUyWSRjmrcdVoxzVpM0EssJ0p4JpqKcVKEJpktjcZo21JsPanCM0hXI
gtLsqUIacEoC5EE5pwTmpNtGKAuJtpRxQTTe9FxDi1NJppNIalsEBakL8U0mk7VNxhuppakzSZoK
Anmmk80pNJmkwEY8U3NOPSmmkAZpM0UmKQwzQTRikoATNGaCKSgB1NpaSgYhpKU0YoASkNLSGgBK
KKOtIYZpM0uKTFIAJpM0hooAM0E0YpCKQwzRmjFGKAA0lLijFIBKUUYoIxTAKKKXFABU9l/x+RfW
oKnsv+PyL61FT4H6Dj8SPZvCP+rFeoWH+rX6V5f4R/1Yr1Cw/wBWv0rw2dp//9P36sXxMM6Fff8A
XB/5Vt1ieJedDvf+uLfypPYqHxI+Qpk/0ib/AK6N/M1GUq9NHmeU4/5aN/M1GYvauHmuz6z2Dsip
sppXd8rc1b8v2ppj56U1Oxm6HczZ7TPKflVUgrwRitkpz0qGa1V1PHzV10q9nZnmYjAu10ZdFTPb
vDw3IqIAt0rvi4yV0eTOnKDs0JRS89xRRZkpX2EpaMUYoAKKMUVVxMWiiii4CiikzS5qkxC9qKTv
S1akAUUUVSYCilpB1pasQtGKQUtOwBikIp1BosA3FGKWlxRYBuKMUpFGKVgExSU7FGKLANoFOxRi
iwCU4Gm0U0wJg1SK1QA0u6toyE4lsHNOBquj1KrCtou5lJWLC1IKhU1Kpq0zJlmPrVqMZNVYgM1d
iHNUQywinFWEQ02Ic1ZVadjNjQlPCcVIq0/bSFcr+XRtx1qfZSFKQXICoxTan2U1koC5XbrTe9WN
lMZeelIZA3Wmmpthz0oZPapaGiuetJU2z2prJ7UrDK560VKV9qbj2oKIjSVKRTSKVgGGmmn4pMUr
AMoNPxTSKVhjaSnYNJmiwCYoxS0UANoNOxRQMjNFPNJigBpppp5ptACGkFOIpKQxKQ0tJQwENJTq
MUgG0GlooGNop1FKwDaKdRRYBO9LS4oAp2FcTFLilxRiiwXExU1n/wAfkX1qLFTWY/0yL61FRe4/
QqL95HsnhH/VivULD/Vr9K8v8I/6sV6hYf6tfpXhM7T/1Pfu1Y3iP/kCXv8A1xb+VbJrH8R/8gS9
/wCuTfypS+E0pfGj5ZkjHmy/9dG/maiMNTyN++l/66N/M0ma8x7n6HGCcUVmhINRtEfSr/HegqDS
IdFMzTHjtTPLrSMWe1MMFUmzKWHujOaEMMEZrPuLFlO6Ot1oaj8vA5/KtoYiUGefXy+NRbHNMpU/
NSbe9blxYJMMqMNWXLbvEcOp9jXr0K8ai1Pm8TgKlF6FbFGKftpdtdTpnDcjxRin4oxUcgxlFOIo
xS5AG4op2KMUnEQmaM0tJRsAtKKbTqpMAxTuKZS5q0wFozRRVpgLmlptOqkAg5NOpB1pasQUlLS0
WATFJTqQCiwCUc07FHWiwDTSYp2MUVLiA3BpRkUuD60mMUbAODEU9DUVOBxWkZCaLSManVhVEE1Y
ibjmt0zOUTQiar0Dc1mxNx1q7EelWmYSRpxuKsrJWchIqYSHAp3M2jRDinhwazvOwKeLjimTY0QQ
aXg1QW64pwufegLF3aKCgNVftHvThOPWgRY8vim+VzTBOPWnCZfWiwAYh6U1os9qkEgPcUvmD2os
BD5PHSmND7VbDAijg0rBcoGA56Uww+1aW0GkMII60WHczDDTDF7VpmAUn2YUWC5ltFxTPKrVNqKa
bUVLiO5l+Wab5fNav2Wmm0o5R8xmeXSGOtM2tNNr7UuUOYzSlJsrRNrx0phtqOULlApSbKum3NNM
GKmw7lIpSFTVpoTTTFRYaZXK8U3FTmPmmlKLBcgpKm2U3ZUjuR0HipNlIUosFyPGaMU/bRtosFyL
FGKl2+1G32osMixRipdvtRtosBGBx0pce1PxRiiwDMUuKdj2oxTsA3FGBTsUbaLANxU1oP8AS4vr
UeKmtR/pUf1rOqvcl6MqHxI9g8I/6sV6hYf6tfpXl3hH/VCvUdP/ANWv0rwGdx//1ffjWP4i/wCQ
Je/9cm/lWzWL4jP/ABJL3/ri38qUvhNKXxo+WXP76b/ro38zQGqN3/fS+8jfzNAavMe5+gQqLlRM
DTs4qIH0p+c0jVNMkBpeD1qMNzTwady9BSoNNMa+lPzSgj0p2uJpdSBoAfY1BLaK64ccHvV8YJ6U
pQVUZOOxnUw9OotTmbnTXhJZRuSqRTBrsTGMYxxWfdaVHNlowQ314r18Jj18NTc+bx2S6udM5zbz
SFauS2rwsQynioGQr1r2IqM1c+ZmnTlyyREVpNtTFabilKkSmnsRbeaCOal20m2odIdyLFGKkxSb
ah0guMxRinYpMVDpjuJRS4pOanlaHcDQKKKNRC5pRTe9KKpSAdS5puaWtIyFYcDRTc0oNacwDsUA
Um40oNUncBaSlowKqyENNGKWilYBKQ07FGKTQDcUvelxSUrAOFSoxqIGnqTTTsJrQuwtzV+FqzYj
ir0JreLMJo0EbinhqgQ1IDWiMmiTNGabmjNAhxNKCabmkJNAiXccUByKiyaMmmFibzSKd5xqvk0b
jQFi0Lg4pVuTmqm40oJoCxeF1inC7rP3GjJoDlNEXnvTvtee9Zm40bjRcXKaouh604XY9ayd59ad
vOOtFw5TXFytKLhDWQHOetOEhHei4rGv5y0okU1kecaeJzjrTuKxq7kNL8prLE59alW5IpXCxe2r
0ppjWq63HNO88UBYkMIqMwCnibNO3g0WFcrNBzxUTW/FXsimkA0rXGmZxgNRmA5rT2A00xD0o5R3
MzySKb5BrSMOe1J5PtU8pVzMMNJ5JrTMPtSGD2o5QuZvlEUeV7Vo+RntR9no5QuZ3le1HlVoeT7U
nkZ7UuULmeYqb5RrQMPPSkMI96OUdyh5VHl1daGmGI0coXKuzim7KteUaQxYpWHcr7KaV5qwUNNK
GiwXIdvNS2oxdx/WgpT7Zf8ASU+tZ1V+7l6MqD95HrXhD/UivUbD/Vr9K8u8I/6kV6jYf6tfpXzz
PQP/1vfqxfEnGh33/XFv5Vs9axvE3/ICvv8Ari38qUti6fxI+TpH/wBIl/66N/M0qyD1qvKxFxL/
ANdG/maarGvOcdT7CFZ2ReD+9SK9URJUiy1NjojXLm70NODVVVx61KH96RvGqWA1PDCq+73pyvQn
Y3UkycNzUgORzVcPUgarvcpMeR70oz0pmeaduovrcHqNmgjmUhlAOOtZNzpzRksqlh7Vtg8UEqVw
RXdhsbOlvsebjMspYhXS1OXaHnGOaiaLnpXQ3Nisih06+lU0067nYiC1Z/pX0OHxlKrHRnxWLwFb
CyfMtDHMdJsxWudE1cE/8S6b8j/hTf7B1g/8w2bP4/4Vu5w7nIuZ7GRtpCBWx/wjmuN/zDZf1/wp
p8Na5/0DZf1/wrNzh3HqY5FIRitg+Gtc/wCgdL+v+FMbw7rajJ06X9f8Khyp9xmVimkc1pPourr1
0+b8j/hUJ0vU162EuP8AdP8AhUPlGUsUYqybC+/58pR/wA0hs70f8ukv/fJqbRArEUgzVj7Jef8A
PpL/AN8mmtbXQHNrL/3yayaQyGlzT/s9x/z7Sf8AfJpphnHWGT/vk0k7DEBzTgaaUlA/1T/98mgK
/eJ/++TVKYhwp2aj+cfwN+VLuPdW/KtFNCH5pQaZvx/C35Ueao7n8q0U0xWJOKOKj85exP5Uvnr3
J/KtFJAScdqSmiVT6/lS+YvYn8qbasA7FJSeYv8Aeo3g96VkA4CnqKYCD/FUikf3qLILsmjq9D2q
nHg4+ar0fQc5rSJjItR9amAqOMcVKAa1RiwopcGk5oJFpKOaWgBKKTvS0wCiiikAUtJRmgBaKTNF
ABRzRRQFgozRRQAuTRk0lFAx26nb+KjooESbqUPUYpc0BYmElKJKhBo3UCsWRKakE3vVTfS76dws
XBP704TZ71SD0qvRcVi8JR607zPeqIenB/elcC4JRTt4NUhJS+bVCsXcigEVVEvvThJ70BYs8Glx
71XEnvSrJz1oCxOQKTb7UzeM9advB70CF8sUhjB7UbvelB96QDTDmozDVjPvSEUBcqmH0phiOelW
8CkK5pWHcpGI56VG0dXylMaLNJoaZQ2U6Ff36fWrLR4OKaiYkBx3rKqv3cvRlwfvI9N8I/6kV6jY
f6tfpXl3hD/UpXqOn/6pa+dZ6R//1/fR0rG8Tf8AICvvTyG/lWzWL4n/AOQBff8AXBv5UnsVT0kj
5GkkX7RN6+Y38zSDB6Gqsx/0qfn/AJaN/M00MR0NcjjqfRQr2ReKke9AGfaqqzuvvUwuQfvDFS4m
8ayZMCRT1eo1kVu4p5GelQ0bxmSiT3qVXFVMGnBiKlxNo1Wi6H9KkV+Kzw57VIspqbM6I1S+HFOD
A1TWSpA9FzVTLYYYpwIxVYNTwTinc0Td7onB64rR0jXbvRLhZbdIpFByUkTdmspWp6mtIVeX4SKt
OFZWqK57l4Z8Z6RrsSRy2sME/QgqOTXWGGELxbwn0PlivmJGeORZIZGjdTkFTiu88L/Ei8051g1e
QSQdFcnn8a6oVlLdnzWOyRr3qWx660KAZ8iEH02Coti/88Yf+/Yo03VLLVbZZ7WVHVhnAOcVa2dR
it1Lsz5+VNwfLIoso/54w/8AfsUwxqRzBD/37FXfLBNRtHg0+aRNkZ728TdbeH/v2KrvY2xzm2i/
74FapT2qNk9qFKXcNDFfS7Fv+XSM/wDAaibR9PPWyT8q2zGPSmNEPQ0OUl1HYwJNE07PFmlV5NE0
7H/HkproWhyelQND83Q0uaXcLHPtoemf8+K/nVeXQdLP/LiPzro3hqu8PNLnkBzTeH9KzzYj86ib
QNIH/LiP++q6NoeelV5IeaOaXcLGAdA0Y9bD/wAepv8Awj+iA/8AIPz/AMCNbLxVA0f1o55dwsUV
8PaAeum/+PmpV8M+HG/5hn/j5qTG08k1IshHen7SfcLEX/CJ+G2/5hpH/bQ0o8F+G3/5cMf9tDVp
Zz61Zjm45NNVZ9wsZf8AwgPht+lsR/wM0xvhv4df/lmV+jmt5ZeeoqZZc9OKr20+4NHKt8LfD79G
Yf8AAj/jVdvhJoLDi5lH4/8A167dZBT8+5pqvPuKxwDfB/QyMi9n/CoH+EekJ92/nH4V6KwGP8ag
lUY7VccRMOU85k+GumwfdvHOPeqM/hK0tuk7GvQrlTg5xWDerwcV30aknuc1Q4yTTYoeAzGoDFjo
K3LlOT1qgyDNejDVHK3qZ5TmmlcVdMYzTGi9qqwrlTFGKsNGKaYz6UDuQFRSVOYzjpTfL9qAIsUm
Kl200qc0hjDSU8qaTafSgBtFOxScUAFFFFABRRRQAUUUUAFFGKKADNLSUUALRSc0c0ALmlNNFKaA
FFLmm0UAOzS5plFAWJN1GaZmjJouIfupwaosmgE0ATB/enByO9QZNLuoAseZ709ZDjrVXPvShjQI
tiT3p4k96phjS7zTE0XBJ71IHz3qiHPrUgc0BYtZp2aqq5p/mc0CJ6TFRh/el3UWHqKRzSbRml3U
ZrOsv3cvRlU/jR6J4Q/1SV6jYf6ta8u8If6pK9RsP9WtfNPc9Q//0Pfu1Yvif/kAX3/XBv5Vtdqx
fE//ACAL7/rg38qT2Kh8R8czf8fM/wD11b+ZplOmP+lT/wDXVv5mm5rne57EfhQoNBNJR1oLTH/T
NKHdOhpnQ06lYqM5E63Mg7VKtyD94VTozUtGqrSRoCWNjwaeT/drOBNSLIy96lxOiFcvBjThIRVV
JwetTKVfoazcTphUJ1lqZZcjrVQgigNg4pWsdEati8sgqYPkVnh8VMslS0bRqXLin3p+Rgj5RnqT
3qqsnepBICelNSNVK6szU0nVr3RJlksZWTByRu61614Z+I2n6oI7a9byLrpyuM/jXiu8EUoPzB14
YdD6VrCrY4cVltGurrc+olKsu9drr2IbNIAD9DXh3hfx/e6LKsN2DPAeMkngV69o2vafrdqJ7SYe
6d811wqKR8picBUw8tVc0XjGOKiMftVgEng8UHB5HStNOhwq1ymUx2prL7VcKA1GyUC16lPy+9Rs
meMVd2EU0pnrQBnNF7VC0PtWk0dRtHx0pAZbQ+1V5IPatcxe1QvDQMxpIOOlVmh9q23hyOlVWhwe
lFgMaSD2qsYyK2ZIarSQCkBmcrT1lIqd4KgeMjpQBYSeplm96zclaeJSKANZJferCy1kJPVpJxQB
o76jdgagWYGhnFXFksrXPQ1g3fetud8g5rFuiCDXoUHqc9Qw7gc1RdRmr1yeaouea9em9DjluRFe
aNlOorREkRQGkMdS4FBFAFYpSFOKnK0m3iiwXK+ymFOatbOOKYV55pWHcrlcU0rU5U56Cmsg7kCl
Z9BpkG3IpCtSEgcZH4U3en+0T9KPVBcZtoxS4mcny4Wb8KelrfyD5bRqPd7juyLGKKtrpGqykBbN
qnTwtrch4tmGfapdSC3ZSjJmbikx7Vtr4I12QcxFR9KmT4ea4444/Codan/Mh8kjnvwo/CumHw11
w9XA/CpB8MtaPWYflU/WKP8AMP2cjlMZ7UYxXWj4Yax/z3/Sj/hWGs/89/0o+sUO4ezkclR+FdZ/
wq/WP+e/6UxvhprI/wCWv6UfWKHcPZyOW/ClHHaulb4b62B9/wDSov8AhXmuDv8ApT9tT/mFySOf
z7Uv4Vtt4C11e2fwpjeCNeX/AJZ5/CmqsH9oOSRjnPbik5rUbwlrif8ALA1GfDWtr1tjR7SH8wck
jPzQDVw6FrC/8uhqM6Rq69bM1Sn5oLPsQZoyakOnaoOto1NNnqP/AD6NT5l3E15Dc0ZNKbbUP+fR
qTyL4dbV6OaPcVvIXJoyaTyb3/n1f8qPJvf+fR6V49ws+w4MadmmCG9/59Hp4tb89LRzTTj3HZ9h
QaXeaT7HqOcfZGFSLp2qN0szSco9ws+wgkNKHJ5qZNE1iQ/LaH8qsp4V1qU8Q7fwpe0h/MhezkU/
M46Uok9a1ofAeuTEfw59q04PhjqsmN9xt/CpliKUd5B7Kb2OZEyL1pVnjZwofk9q7m2+FEmQZ7w1
a1L4dWek6JdX3n75IU3KPWuetiqbg0n0NYUJJpsm8If6pK9S0/8A1a15d4QGIkz616jp/wDq1rwz
uP/R9+rF8T/8gC+/64N/Ktk9qxvFH/IAvv8Arg38qUthx3R8bz/8fU//AF1b+ZpgOafOP9Kn/wCu
jfzNMAxXO9z2FskLmnCm4pwoKuLQM0ClpWKSCiiigoKdmm96D1osMeCfrT1cjkcVGDS5qWi4totJ
cHvUyyK/fmqIpytjoaho6YVWi7g0ucVXSUgc1OJFYVDR0RkmiRZCKkWWocAjg0mCKTRvCbRdSTNS
K/NUAxFSI5zyaho1jUaL29T97Jx0q9per3+kziazuCpH8OeKyA9SBx3qoysaSjCorSR7h4V+INtq
6R295iK56fMetdxnjggjse1fLgJLLKMrInKuD0rvfCnxEn00x2upzGW2IC+Yw3f/AKq6qdbufPY/
KGvfpns4PrxSnmqVnf21/bLPaTrNEehVs4qzu4rqTT2PnpJp2kPKAio2jp4andaCbpaFcx00pVoq
DUZWkBWMYNRPFVsrTWHtTAoNDVd4fatRkz2qIxcHigDHeHPQVWeDP8NbTRDHSoHg46UgMV4RjpVS
WHmtuSD2qpJAc9KQzFeL2qPYB0rVkg46VVaHHagCng1IHoZSD0pp46UATpJTzLiqe8il83NNbisP
mkyDWNcv1q9M+M81lXL4zXoUNzCojNuDzVJzzU1zJzVN256161N6anFOLuSZoyKi3H14pwZcctit
1sTZjycHBp3OKrmdAc/M/wBKnt7TULsgW1pMwP8As0m0t2ITvTXdF4LCul0/wDrd+A0kLxqepIxX
V6Z8KYlw94+T6ZrnnjKcNy40Zy2PKzKgOBy31qaKyv7kgQQsQenBNe8WXgnRrML+4jYjuyg1tRWV
jbgCK2hGOmEGa5Z5lFfCjeOGfU8FtPBOuXoGYygPcqa17f4T6hMFM1xIM9QOK9qyMfIu38KCzf3m
rmlmVSWkdDRYZI8ztfhFZxqDPM7HuC1att8NdDtx88e7Hqa7JlJ5O4io3XYu9h8orCWJry+0axoo
wYfCOh2vKWUTfVeatJpGlx/csYl99tF3rVnC21c5HaoX1G6ki82GHdGPSuR4rVpzu0a+ytpYteRa
Jwtqg99tLiAchUH0qna6rFqANtKxjl6AHisfXLG9sPmSR2Qnsa562K5KTqfEUoa8rR0LXMKnbvUG
neaSuUfI9sVyLMktiGDytL6CtTQoGEPmTSuuOgY0U8RGpJJLRjlTSehsedJk/M3FNW8UnAlwaUkH
LLyp71z3iSxMPlywSsrMcYBrarJwhdaijG7sdH58uMq5I9aQSysMhz+lctDd32nQRmYPLCe4qG51
E/b4RBM+2Q5K+lc8MXFpX3KlTaZ13my/32pDLKOrtWTrElxYW8VwGO1vWmaXqk2oP935QK1deCrK
k9yeV2v0NkXEh/iNBmfuxFVJL+1hk8tpMt6UyO+t5GIOQPWtbxekWmS4NdC95zD1NJ5nqF/KoVlh
kB8uTcR2FOyT2p80XpETSH70PWNPyoIiPWJPypuKM0/kLQUx23/PCP8AKk8m1PW2j/KiihSHaI02
tketrH+VNFlp+ObSP/vmpKKrmkuorLsQnT9NPWyhP1WozpOlsc/Yof8AvmrJoo55dwsuxW/snSv+
fGH/AL5o/srSv+fGH/vmrNJijnn3Cy7Fb+ytL/58Yf8Avmnrp2mjpZQj/gNTYoo55dwsuxH9i08H
i0i/BaeLezXpax/lS0Uc0u4WXYcFtwPlgjH4UocDogH0plKKT1HZEgncZwSKU3EpH32qKipsgJPN
dupP41keJ3J8Mahnr5fH51p5xWT4mP8AxTV//wBc/wCtMDC8IcxJn1r1HT/9WteXeEP9Un1r1HT/
APVrQB//0vfaxfFH/IAvv+uDfyrarF8Uf8gC+/64N/Kh7Djuj47mH+kTf9dG/maYVzUsv/HxP/10
b+ZpnSuY9xRuhmCKADUhGaAtFx8g0DFL1pQDTttTcpRYzFLinbDRtpXK5WMxRTsYoxmi4rDaXNG0
0lUw2Hg+tO4qOlBqbDTJQeKerYqEGnA81LRtGTRZWQ59qmV8iqgbinoxqGjohULRFNyQaYJOakDA
ipZupXHh+KeslRdqMkClY0UmWVkqZHBzVEOakWUkYIxUWtsbRm2tWdJ4e8TXvh66EluztFghogeD
+Fey+G/GGneI7QNDKI7heGjY8ivnuOTHBJ/A1YtL25sp1ntJPKmU53etbwqNHDjMBTxCvFWZ9Pjj
vwelPBrzXwp8So7wpaaoAkoG3fj7x9a9EWUPGHRgUPIxXbCaaPla+Fnh3aSLXajFQq/HWnhqo5hS
uKYy5qQHml4piuQkcUwrmrBXNMKUDKpiJNRvGauMvpTCp7ikBnvH7VWkhrVaPNQtEKBmNJBx0qo8
B5rckhBqvJCMUgMCS346VUeEiugkgBHSqctuAOlAGGyEVXcsprYlt+KzZ4dpzmmtwKEsvWsu4ckH
nmr918uayZRLKdsabmNdtJpbmE03sULl8PzWfJcKCQNzN2C11Fj4PvtRbdKxjU12GleA9LtNslxm
VhXd9chBGHsZPc8utLDU9QcJb2kgz3YV1ulfDTU7tg11JHGh6gg5r0yCCxtABa24THrzVk3DsBna
PoK5p5jKWiRccNbVswdL+HulWCKbhldh2IrqLa1sbNQIIUwPaqokyaf5pJ55rinVnPdm6hBdDSFz
uGF+X6UokJ6k1QEvNSLL71nr0ZduxeDc9afu4qisvNSeYe1NqSV2Fy0G7U/5cYLc1XR8lh/FjiuR
v9Qv4tXKbiB1Va5sRiHRim1fUqMeZ2udrggZ4phjDAhuhrnIPEkkL+XeRY49a2rXVrW6T5WAqaWM
oVfdvqVKlJbFHVtDiurdmtwBIKydJ1F9OnNrdrhQcV1sc0TkiNg/rWJqGhtqF8XVtiVz4nCtTVag
ve/MqFSy5ZFXxElktuLu3YC5z8qrU1ubm90FzcQnzAvCmr0Gg2qMhm/ebe5rTwAAqqAB2relRmp8
09mthSnY4TTtNvYZN5iyD2Iq/daVd3ZURny17gV0l5dLZoGKjYetNgura6i3IeTWFOhQpN0nLfXz
HeUtUtCjaWzWlqIX5YDGapanpMmp7Qr4C1v+SSucdKaYQOo6+9eg4qSs9jLXmujDtNOe3hFvc4dB
0zWbdeGENyJ4WIw2cV1RjP1FN8s4IrKWHpyVkU6j1Xc5nVbG9vIEtxyBUOj2l3p8bwsnzHo1dUEK
9uaY67jkjn1olh4+1VR7gqlo8hwstvc2mq+bdRvIhOflFdDHcWNxCFWJ1456VrtGrgh1BH0qt9gt
VJKxsGPX5qzpYZ0buPUcqlzMsILWyneVbgDP8LGnT63aqxWIMzU668PpctuWUofpmkl0aKHTykKF
pv72a0vVWi2EkrlSDxCslyIXQhie9bTAKA+evauNhs7m0vkkliJAPJJrrJNStIrdZXcAgdKwwdaq
+ZVXb1KqQVvdJ8HGSRn0pMMBkjHtXK32uzSXKvAMKTitMaw1tCklycg9/StaeNp1J6bCdJo1+cZ4
+lFQ29zDexCWFgwPpUuRnFdEWpO8XczA0UUmc01qCd3ZDuKSkpaACkpaSgAooooAXiim0UAOoptF
AC8VleJsf8I1f/8AXP8ArWpWV4m/5Fu+/wCuf9aAMPwh/qk+teo6f/q1ry7wh/qk+teo6f8A6taA
P//T999KxvFH/IAvv+uDfyrZ7VjeJ/8AkA33/XBv5UPYcPiR8eS/8fE//XRv5mkHvTpgftM//XRv
5mm4rke570VYXFOUUmacKlm8UOCilCZoFPFJs0UUJso8vNSAU4LU3NFTuQGLim7MVb2ZFN8v2o5h
+xKZQ03bVwxUwxYpqRlKi0VQOtGMVKY8GmFarmMuRoQdKUdaOlJmgWqJA1OU81GKVTSaNIsnBzTl
JFRA8U8NxU2N4zJ0b1p55NQBqkDVLRvGVyTHFJzQDS1NjRMVWweakVveoiDigcUPYu7WpZBBIPII
6ODyK7Lwr4/v9FkW3u5RNanjc/UVw27gVJvyOeacJuIqtKlXVpI+mNJ1iz1q1E1lKkq4y2G5q+r4
9q+adK1m90W4WeymcDvHu4NeweF/Hun61CkFzJ5N3nG0nqa7KdVPc+axeVzptyjsd0GJqRW9aqhy
DyVxjt0qQOep5B9K206HkteRYBoxUSPT95zQSKUzTSvtUmcig0xkBWmFKsEUwrk0AVHj9qhaLIPF
XmU1GUzQBnPDx0qrLBntWu0ftVd4jilYDEmt/l6VmT2u7oK6Z4SetVJIAO1AHMnSVdsyVctrG3t/
uRAt6mtFouelQmPBp87CxPHMw44UegFWA5x1qmoxUyt70bgWg2B1p2/3qtupQ1AFpZDTxIaqBqdv
I70AW/NOakWXiqIkOeacJML15oAviUngHp0qpqOtR6bEGDZkPUUJJ/EeoFYdu1tc60xnOWzxmsKr
Udt2XGzNvTfEI1BwoG1/cVLrdobiEXkWDPF2HemokMTgxqM+oqlrOqzaYsTJzG/b3quSXs/fYbPQ
ZpcP9vMZb7bEY/lK02TSrlNQEdsSsHdhWfaadd3d4LguUhk+bANdfFKI0WPrgVyU8NTqr94reZbq
tImsLaPT49quXLDkmr6y5XGRistZ+oz1608TDj2rujFRioroY3uaQcZ608MM/hWcs1TRzA9atWvq
BR8QSDy1TGcisKJZYUDxyEAds1d1+fdMoB6Cs+CcKACcg9q8Khgo47HTVS6SNMRV+r0FbqbFlrci
sEm5X1rdhuIbpcoy59K5CSLa28EBfeo/tSWjbhcKp+tdc8PjMF70H7SH4ozp4inV0loztymOMDHt
TTGPSuf07xPDKdjSA49DXQw3MVwAUcH2rWhjqdbbTyZpOk1ruhhjz2qNovarny//AKqQgHpXWrLV
GdrFIxe1RmLHar5SmmMUwM8ofSmbSvQ5q+0fpUZiFFwKTxrIpDxg/hWbd6Fa3alcFTW20fpUZQ56
1LhCW4+Zo5o6GtvZMqrvfPBrJ0+xSS4eLU3fyw3APQV3Dqc5qCe0iuVIkAye9cs8HCb51ol+Joqr
KNta2enxEW8q+WegzzUoubbGBIDVGPw2sVy0hlJQ9s1iarts5cQhwvrVTrKnHnasiV7zsdOLy0Lb
RKufrUgOef4exrl9J0eS8k+1SvsiB9etdM09rEgjEi7F9DRh6zqQ5qit2HOCWkdx9FJHLFMco4px
Urya6VJMhqwlJQAetLTEJijFLRQAmKKdSGgBKKKKACsrxN/yLd//ANc/61q1leJv+Rav/wDrn/Wg
DC8If6pPrXqOn/6ta8u8If6pPrXqOn/6taAP/9T33GBWN4m/5AV9/wBcG/lW0axfE3/ICvv+uDfy
pPYqG6PkGZf9Im/66N/M0wrVqRM3Ev8A10b+ZqMrXG5an0yp6EGDThTylNwaVxOLQtKCc00nmnCl
YpOxMpqRSKgBqRWqWjohIn69KXFNQ1KKhnVFJjNlBjznAzipQtbnhKwTUtdW1kGQ2KI6uwVUlFs5
lovX6VE8PNbuuWBsNcurcrhVchfzrOaPNVe25jGnGcbozmiOaYUNaDRVC0XWqUjCdAqe1JnmpzDj
NRFOaq5k4WAGng4qPBBpd1PQm9iUGpFPNQK3FSBqlo1hMnU08GoFanhqmx0QkT545ox6UwGlBwal
o3vccRgUZI6Uo+alxU3LE3c5AqRHKSJKh2SKchh1FREUgJoWgPVWZ6R4U+JMtkY7TVAXiJAEmMmv
WLO+t7+IXFrKGiIyB3r5jXk4xx3rd8P+KtR8PXQaCVpYf7jNXRTrNKzPIxmWxnedPc+i1kFPD5rl
vDni+w8RWu8SLFN02E9TXRCRlADDFdcZKWx85Uozpu0kW1bHWnbjVdZMin76ozLA5oAFRK9PVqAF
K5qMipgQaQgUAQFDUTRmrTLTCtAFGSOqskWa03TNV3joAyXixVd1A5rTlQYqnKnFA7lM8UBqcy03
pQIeGpd1RE80uaAJQ1LuNRAj1pc0ASb/AFp6cktnoM1BuqG+aX7IUg++1Jv3boasQ2+uJLqD2zjC
Djdis3WtPntJ/tdqxdevFV30e5ij35YueeKSHUry1by5lJQdQ1eXOs5Nxrxt2ZsoKNnFly01i9hj
3PHkYqS2S61y533I2wr0GaY/iGEBIhbAs1bsB2W6OqhS46VeGpOotKnNFCnPpazLkbrFEsSH5VGB
SrLiqu7n3pQ/NelbSzMm7lsSkU8TGqe+nb+KBF1Z81Kkx3VnLJg1KsvX6UIT2djI1m5DXnJ+Uda5
vUvGmnacrRoS8o4AC55q/rsxdJQpwa86sNA8+9kmk3OS/Ga4MnrU41ateb0THj0pKFPqar+Jdc1l
iI18qLsScUDTdUuh+9mJH+9W3Fb2WlxBrkheOlZl545tbIlLSIMemTW9TPKsp2w0Loqhldasr2sW
9L0a+sH8xJi3sTXX2WoXMeAchq8ul8c6pct+4jAHt/8AqqSPxD4klwyQnA9v/rV5uJweNxcudxs/
I9Knl7pK0pr0PcrHXiMJOvbqBmtuG6hnUFGGa+d18TeJFYMYSQOoOf8ACuq0Px1cnCTwiNh3OauE
cxwq/ex5l5BVwUGvdmj2PGBkmjiub0/xMsyr5uCK3oruGcBlcHI6V20MZTraR3OCpSlT+Il25Gab
sFPJJGBRXVtoZ2IvJqNoqsimlaEGpUaMVC0eavlM1G0dHURR2HoelVbrTbe9QJKuB6gVqGOozHii
SUtJK47nJ67b3NhbRx2XMWOeahhsrOOzW5lnJYjLLmuuaJXG2RQymsi68OW9w+5GKr1xXHUw6VT2
i/4BpGatZlW2jtby2aW0kIcDODxUemXt5JcPDPHtVT1PpVe5eHTpxFZAmQdVFPafVLtNkcPl574r
COIUPdabl5K5TgbeFf5o2yPak659qx7G11Owl3SOWjY85FbgKSANG2fWu+nNzWq5X0uZSjYjxRin
lcGkxWjstOpImKMUtFACYoxS0UAJWT4n/wCRav8A/rn/AFrWrJ8T/wDItX//AFz/AK0AYPhD/VJ9
a9R0/wD1a15d4Q/1SfWvUdP/ANWtAH//1ffqxvEv/IDvf+uLfyrZrG8Sf8gS9/64t/KpnsXD4kfJ
jr+/l/66N/M1GVqxIP30v/XRv5mm7a8++p9koaIr7KaUqyVFMZKaZDplYr7Ui8VMy1GRiquc7gLT
gaYOKcKCkTI3FTI/IqqDzUiNzUNHTTnYuggmux+GsXmeIfNxnYRz6VxKNjntXo3wohzNcTHpuOPw
opJ82pOPq8uHbE+KGk/ZtTF8keEY84FcHs4B9a9x8d6f/aXhm6ZBueONmH4V4lGM5Q8FeoNVWjZi
yqqqlHzIWSoXj9qu7c84prR5rI9J00ygY+OlQtFz0rSaPioWjpqRzzopma0ftUbIRWi0ftULxmrU
jknQsUsEGnA1M0eKidSKu6OdwaHBuakDc1AM5p4PNJoqMrFkNTwc9arq1SBqlo6YzJgfSnZqINTw
alo3jIeKCKQEU6pL3GGgN607GaTbiluGsSe3uJ7OcXFtK0Uy8jYa9R8KfEhJljs9XY+bwBI1eTZI
PB/GlIDcNyPWtI1HDRHLiMLCvF3Wp9QxypJGHikWSNhnep6VKr5GCea8B8MeNr3w/OqSO0toP4Dk
mvYtD8Rafr9v5tpMA2PuPwfyrshVUlufNYrASpO6Wh0Kv29KkDVTST+Enn0qZW7ZrRHB5FoMKUHN
QI2akB60wJutJimBsU7d9aLoBrL7VXdatA5FROOaLgZ8q+1UpF61pyL1rPmU80wKEq1Aasy5qs/W
gBKM02igBwpabmjNFwHjJ6daA4J+VssOoFRzSCK3eRjgAVytpqktteSyFiyE1jWxEKTtLQuMHLY7
AO/GSce9ZeqXNvC4WaFCrdWIpsWv28p+ckfhUWuT21xZBoyCxHAqa1ZSpc1Np+RUYShK9itplgJ9
T80fNbjkZ7V0pb5sD7o6Vn6NF5OngHoauAkrVYeEacE4qzZM5czuS7s96M1GKXNbXuQSbqXdUWaX
NAEwNODYRzntUIakd8RSfSk3ZAldnMagTNPIo5rMutStPD1nvk2tcEcL71LrGo/2ZDNPjLdBXncc
d54k1UMSWVmHJ6AV8/gcFPFVJJaR6nrqFP8AjT2Q+efUvEN6cmZlY5x2rrdC8EQIokvsZI4B6Vv6
faWemW4hjUGTGN2OlTyiTg791fYUMNSoxtBWZ5eLzetPSlohkWkafZvtS3iI9dtakTQRwEJEg7cC
qZO+AZIVvc05WAi2qwLfWt739TyZzm37zuTqYXOPJTn2qZ4LAJtNtEXPfbVSOQR5J5bFHzO27ofe
nzEKdi0kUUQwmAPQVZhubmFt0TsAO2aqKI05LZNPN0BworzsXleHxCuvdl3R00cZWpaXujprLxEC
oSfgjua3ILqKdMxyKa883h+oFSQ3M1sco5xntXkyo43CaNc8e53Qq0Kz3sz0XcMYB5oBI965mx8R
AbUm4963YbuC4wY5AT6VtRxdOr7t/kXUpOmr9C1QRmowefvCnbq6jMQpTDHUuaQc0AV2SmbcVaIF
IVo3B2OavtExdf2jCORyV9aItWmuVZIkCMpx6V0W3qM8HqKwJtF8vUvM87ZE/p61zzUqfvUluaR8
2QmDVLvIedljPHBos9Ku7CYkztIh7E1U1Az2V8I1uSYjg8Gqkup3qTbYCzrXM8RRpu89ZFezkdKV
O7O3ikK8ZHSq+lXFzcg+ehWrxTblRXdTqKS5rWMmQYpKlK00xmrER0Zp+2k20AMNZPif/kWr/wD6
5/1rYIrI8T/8i1f/APXP+tAGB4Q/1SfWvUdP/wBWteXeED+6T616jp/+rWgD/9b36sbxH/yBb3/r
i38q2axvEf8AyBL3/ri38qUvhLp/EvkfKci/vpP+ujfzNGKfIP303/XRv5mkxXmPdn3cY+6hm3NN
ZalxQRmlcHErMtR7RVpl9qjK+1UmYSplVl5oFTsvtURXFUnc55QsApUPzUzODTxzTFew/wAwqvHe
vXPhjEIdDMzDBaRx+teRBDLIkacl3A+le16BF/Z+lW8GMYUE/WtKMbyOLMq37vkOzXbcW8ts3IkQ
ivBdatDpuuzQleHYkV7Va3YDA5rzz4m2Iiure+jGAXIOPoa0xEdLmGT4jkqcnc41eBgnNOwDUSNl
QT35qYEYriTPsG9dBpTIphj4qbtRirsgcUyo0ftULRn0q+UqJ05qWjOVMz3jqJoua0Gj4qJ48c0J
tHLOiZ7JimYxVx0z2qFo8dqtSucdSk0RA09WpNlOAxVERuh26pAeKi704VLNoyJQ1PBqFTUmRUNH
RGRJRTQacDUml7himmn0GgTGA/NVuw1G60u6We0lZGBzgHg1VxRgD1pqTTJnTjUVmehRfF3ULa3V
ZbASsvVwRz+tPT43yD72mH8x/jXne/jaOneq81qj8rjNenhMTTVozR4WNyvRypnqSfHBz/zDf1H+
NSD43Tfw6d+o/wAa8ceMxHpT1cYr3qdCjUV0fN1I1Kd4yR7GPjZOf+YcPzH+NPHxrlP/ADD/ANR/
jXjykGpVFarB0uxi6kkevr8aJT/zD/1H+NSr8YXfrYD8x/jXj69RVuHrSeDproCqs9bT4oNN/wAu
YH41YTxq9z/ywC5rzK0XkV0FkMYrkq0IrYqM22dvHrBuOqgVKs2+sS06CtSL7orz6kbPQ2TbLOc0
Ug6UtZFhRzziilzgfWgCG4gF5bmIttDDBqqmh2iwmMEFqXWp3gtQsBw7DjFYX26+ssSux59RXHXr
QhLlmrmkIt7M0JfDhJ/dOB7Vl/Z5I9TitZASN3WpBqt9JJ9ojDFa1NJvE1GQmWMCZe5HNcahQq1O
VRaZq37tma6gRwpGvpS5pCMHFFexsknujmHZopB1pc0AHOaUUnel7UAOBpsxxbyH2FAqO6JFq5FR
UdoNjjujz7xcrzQiFPvMaueHdGXStNR+POcc1NNCtxOJG7etWN7naAeBSyOCVFz7hmOJlFKlHZ7k
mw555PrUiyPGPm2ntzUO9j90U7Y5GWr2uW55HuxWhyHiabVbKczrIohPQYNYsHifUYJEkZ8r6Zrr
fF0c1xpYSJdzAV5ylpfvIsf2Z+uK8zEOrGa5T6jLZYaph/3y1PXtJ1H+0bBLgjDHrWh5rtxisbw7
ata6WiSjDY6Vp73TnHFejD4dT52ryqpO23QlwwNSKx9KgE5pftDDqKpMxsWQW9KlWQr/AA5qqtw3
pQ98luCZWC+xp81t2HLcuZB6rzUsFzcWrboz+tUIdQilA5FWluFJ4ry8VluGrvnvZ90zqw+KrUdt
fU37HxCeBOv41vQ3sU6Bkk/CuCLiT5Rx9KdHNcW5zG5H415c6OOwa5qi54+W53wr0ammzPQwxI5p
4YVylnr0seBPgity3vYblNyOK2oYylX1Ts10HOnOPoX856UuarLLjjBxTlm54rr8+pne25Njmqmq
2Zu9PdVYqy8girO/NOEmeD09KmpFTVnoPqclYaHNeZa7ZvlO0Z9K24tN0/T0AkIB7Fq1MgDgY+lU
NU0pNVhERkZD6g1ywwlOknKOrLdV7ImVY2X93tK+oqMxc0afbRadD9mMuX7FjVvYAMjn3FdUJPlI
s2UWi5pjJV8xA80wxgiqEZ5SmlKvGKo2ioAplKx/FC48M35/6Z/1roClYnipceF9Q/65f1oA5jwh
/qk+tepWH+rWvLvB/wDqk+leo6f/AKtfpQB//9f341jeIx/xJLz/AK5N/Ktk1j+I/wDkC3n/AFyb
+VTL4TSl8aPldx+9m/66N/M0Dmlk/wBbN/10b+ZoArzHuz75fChMUgFPxSYqUmynGyuxhU0wrUxH
vTT9aNTNq7K7Co2XirJApjAYrVMxkkymynOaAamYComXc2wdW4FUjmmra3Oh8F6f9v1dpWQmKMDG
fXNesbcAAdhxXL+EtNOl6ShcYdvmJ9q6ON+Oua66StqfN4yq6lS3QsRSMjCs3xlANQ8NFyPmjO6t
JQDTLuLztLngPI2VU1eLMsLP2dVM8Xgb92B3HFWkOQDVS4VrfU7iI9FNPSXIrzWrM+5oVLwTuXVN
OWq6PmpVaqTOlSTJSBimFBTs0vamO5CUB7Uww1ZooaJcUyhJHz0qB46vSAZqB15NStDkqxRSKYqM
rVtlqNkq0zmlEr4pc1IVppWgmwzvTg1MI5oodirkyvTwwqDOKXdiosXGZYJxS5qENmng0WNVMkFN
zQDRSaHe4meaPpSYyTS4osF2mNKCQYYc1Ukt2Q5HP0q7khqdk88da7sPjalGSd9Dz8Vl8MRfTUzF
fHHQ1Or80+e1VvmX71VlYr1FfTYXGQrLzPk8Zg50JWsXVPI5zVyHrWfC4zV6E5NdUm1ozg5bmzaH
pXQWXJFc5bc4NdFYnla4azujSPY6G0HQVqxDisyzrUiry6m5tEnXgUtIKKwLCgDcwB6UUqg7lPXn
pTST3AxNbn8m8hPVVOTVbVNWTULaOEJgr3xVy9to7vVEWR9oB6U+TRbMfcmXP1rz6tOvKVoNfM3i
49RlhrVnBaiGWNcgelV9HAm1aSaMbUzwKmfQbZ1YrOpYDjmnaBbTW8ziQcdjRTWIUkppaBNxtobD
c80lK3INJXftoYBRiiloABS5pKKAHA1Xv3K2be9T1V1M4sjmsMS7UZPyLpq80cyEZz0NWfK2rksM
VBFKccdKUuxPPIroyaLWEicWMkvatExmC8KPxpmXeQAnI9qZwTj1qYYiXPc8V6bXY5VtYWXaGC4D
CldIY9v7lM9c4qJTmTPenXVzBFtDtzii63loF3cmmG4K8f5U5JCV2tj86rJqVoIpFY87flx6157e
6zqKajL5ZfyweK56uKhDZ3NYU5SPTRDuOFIz9arXlyNOiMs5CqPU1w1r4juAF3nDA+tWr69/ti3M
MkwUMOea5ZZlTt7t/uKjQfU3V8SwuMxkEdvesfXJL3VHV4AwA7AistNEkXiG5HyDjmlNvq9uPkMZ
A/2q8+pjqtX3b6GypJbFiK71W1UL5DkD3zVlPEt7EfnikH4VkHxJc2p8uaA5HUqaY3jCH+O2bPuR
XNGFRfD+ZTgmb3/CaFSQSwYeopIvHs5cxhCc1zZe41eXNrbnnuVxXR6X4OdEE13KqA8nFevg6ddu
7ZlJU+w5/E17LMHUNtzyorpNK8XRsQjymJvQ1kTvZW6m3sojJIOCxFc/PbzRzEMNrf7HNaYrKsPX
961pLqgo4qpTb6o9q0/xDuUbm3L65Fb1vfW9yu5JBn0rwS3uNT01BMwBi64J5NdNpHizzyqBXjbI
HAryKlPGYPV+/H8TujXo1/7rPXfMK96kEg4759K4208RNCQJ0LZ710Nlex3GJI+hPSunC42jibKD
1CdKUd9DR+3W6T+S0gD+lWPMTP3xke9cFrzTLrIMIO49KkW11gsrE8EetZzxcoVGowbsUqSte50W
vaY2pQLJbz7JE5OD1pPDM08lu8E5LFG6k1hCz1ZVLhsHHrWh4TmYzTJKu2QHk561jSqSqV0+VoqU
Uo7nVEZzik2imeZ8xp+RxXqHOJsBpjRA1KCKMZoArmEVg+L4seE9SP8A0y/rXTbc1g+Mkx4P1Q/9
MT/OgDhvB/8AqUPtXqWn/wCqX6V5b4Q/1C16lp/+qX6UAf/Q9+NY/iP/AJAt5/1yb+VbFY/iLnRb
z/rk38qmXwmlL40fLT/62b/ro38zSUrj97N/10b+ZoxXly3Z+gwXuoTHfvXR+F9M0bWJDbXl28Fx
+H9a54KO/Sly6v5kcjJIOjLVRlYzr0nUjZM9XPwp0rAb+0rkA9CFXn9KYfhVpWSPt9yD3+Vef0qh
4L8fMoTTtVkJA4WRq9MIDxLMjb42GQwPWu2ChI+WxNTFYeWrOAPwr0r/AKCFz/3yv+FRN8LdK/6C
Fz/3yv8AhXoOM+ufSo2X61XskcksfW3bPOpfhbpfbUrof8BT/Cq6/DXTra5jmF/cSeW24Kyrg/kK
9HePI71Vkj9qapIX12rJGA1usSLGudqjFRZINa80JOc4xWfLEQapKxyNt6joZMYq1EQwdT/EMVnD
Kmpo5Dn3psL63OM1jwDfXmqvdWzgRsBwaqp8O9YDHEiY+lekpJu6nmnlTkYJrJ0os9CGZVYJKJ59
H8NdaYAiVPyq5H8MNdbnzUx9K7yGdkIGTWpb3RP8RqVRRus6xK6nm6fCzWu8q/gKsL8KNSJG65Yf
gK9QjfKjk8+9U9W8QWujQO88ihscAmqdOKRSzbFVHZHnd38PxpluZLq8PHY4rjtQihgYrE+73q/4
m8aXOr3LLHIyQg9M9a54zB+d7HPrXLNrZHtYV1pK9RkZfLEU1qdt5zQRxWWp3WuREUwqKkxnikwK
DNxIttJtqYjFJtzRcnkK7IKhZSKvFBUTpmqTIlAqg0tOaM0wqRTM2rCg04GmYIpevtTFcmDU7NQC
ng0mjWMkSilJpmaXrUmlxTzRnilApCKY+ggNNaFZBk8GnbTThirpVZU5XiY16UK0eWSKZjMTZ7Vc
tmHUU9VV+GFL9mKtlOnpXv4TM+e0JnzONyh07zgatmeRXR2H3hXMWZ2kZrprAjIrrrNNXieOouLs
zpbTpWpEPlrKszmteL7teZU3NETClNGKUisGUNpVOHBpaMUXXUL2MPVNPnu9TjeEkDPJFSnQXGMz
tnvzUurXclpJE0fQnmq58QIoHB3Vx1J4eL9/Q0SlJaIWTw9IwPlXDBhz1qXTLuTzDZTL86cBh3qq
fEEjZ8tTk9KfoqyzXLzyqVOc80o1aU58tO7Dka3NkdSKMU40g6V2rYhiUUtJigQU6kooAO9U9W4s
qud6z9YbFsB71zYx/uZGlL40c/H1IqTkKX/hX71MUZJwOaw/E2qtaQ/ZoW+d+GxXZgJqlgYtnDiI
81do0U1uza42IoYDuDViXU7fbvIAHTGa5zS7JLa03MA0hHWrbW8TgFlri/tiab0J9gi/Hr1ksmGA
/OuT1TVJDrBmQ7osnAz2raGn2x58sUh0+1bOYU/KuevmftklJFwpqJnQa3ayt+8AQ/Wrgm0uUc4J
NQS+HraQEhQCemKzJ/DlwuTE5x7GuZeyqbOxq12NZrHS5gcfKfXNVH0O0J/d3DZPoawpoby0fDl+
KbHf7hh2II7E4rf2c/syuO1zRubK6sfmhumYe5zVY6nqiDPmKV9xVdrxWkEcX72Q/wAPWt3SvDd5
fYkuFZYvRhXTTw1SXYhyjHdmHDDqGqXQRUHzHkiut07wLallmveWHaujsdNtdNTEUSBsfexVliTz
nBr16GGjFe+jmnVl0II47bTowlnCN3uKa9vPdfNM+1O4HFWUCBi3f3pSVJG411S5Vq9DFt3sUktR
/q7ZQPUkVZh021hXzJV8yWpN3OFGB7Cp7exnuHGAwHrXk4jOIRfLR96S+47aeCk1zT0RmT2DXzYl
IEQ6AVo6doUeAsCEY7kVu2ulxRcyDJrSXagwihR7V50qWLxb5sRLlXZHbBU6S9xalO10aJDmVsn0
rViVIflj471AHzyetODkHOQK6qWEp0UoRInUnL4mVrnW7OC5KyxBpF6Z9ahfxZLuOIAqYqDU9BGo
N50ZIc1nyefp9jJA9tvboG2k1y4iWK5nrZGsZU1Gxpf8JPeSr+7jXAFaHhiRpXlncAMTmsvQ7+xt
tOkN1Gm8jGGHNbemyQPbmWBQo6VWHpVPaKUp3Co1bY2ll+cmpRLWasnvUyye9d5gaAkqRXqisvHW
pFloAuBs1ieMv+RO1T/ria01k96yPGDf8Ufqf/XE/wA6AOJ8If6ha9RsP9Wv0ry7wh/qVHtXqOn/
AOqX6UAf/9H36sfxF/yBL3/rk38q2KxvEf8AyBLz/rk38qUvhNKXxo+XG/1s3/XRv5mlHFDf66X/
AK6N/M0ory5bs/Qo/CgxS4oNLSKI3iWQYcZIOVYV23g/xzLpVxHZ6jue2OAHPRa43FIVBXkcetVC
bi9DnxGFhiI6n0bDLBdW6z2solifncO1DLXi3hTxhdeHrgRzkzWbHHXpXsmn39tq1kt1aOGRuqA8
iu+FVM+QxuBnh3otBxXioHWrxXjrn+lQstas8+90Zs0eRVCaHrW08fJqpLCKQGC8RBqLlTWpPF7V
SdME0CFicDr1q5HJkCs5SFOTU0TnPHSkUX9ueRUkUrRAknao+8xrMvdastKgMt3IqkDhc9a878Qe
ObzVcwWa+RCO+eoqJVIpHVhsHOq9j0HW/iDp+kxmC3fz5SMZXnBryjV9du9Wnd53LKTkA9qyeS7M
csx6sTSrya5ZVGz6HD4SFHRoDkmrEKkimhamjrJanpqKexIOmKXHFJ2oFBqloJtpCKko20mQ0RYz
SY5qXbSY5oCxEVptTFaTZmgHEiKZFQvHirW3FIRTTIlTKbRmo9hq9sFRmPHSqTOeUGVelOFSNGaQ
JTISaYCngU0DFPBpWNlckC0hWlBp2aLGysMxSAU40veovqDSsKoxVuHOOlVgOlWIz0quZ30MpWtr
qaMManHHNbFmpDjNZVtjjArbtMFhmvTw+KnH3XqfOY/CwleS0N+yOcVsQ/drHs9o6VsQD5a2nLn1
PHceR2LIoIpRThWLAZihuBmnFeaRgNuKE2tgsZusWUt7FGYeAD8xqqmnWCxqJZV8wda2pGMVtIc8
Ba5600o6rLM6zlUFcOKp3mnGCb8zWlJ2NODTbNz5sTAgVeUBQAgAHfFYVg7aPfNZzvujPO4+9WtS
1WK3IW25NbU50qa5naMuvqKSmzTHJNHamQP5tukx6kU+t1r73cztYb3paWimAlFFFAAOtZutHFuv
1rTHWsrXG2wpn1rjx7tQbNaP8RGNGwRHdugGa4C+lN94iZhyqsOK7TUZDbaU7E9c1w+hjzdReRu7
USqOOEjDyOaUb1pyOrPygLjHFNAOPbvVe9uxbXCIehNQDU0S78on5TzmvIUJNXQiW8eaFfNg+ZR1
FQ2+uQS/JJ8rdDWmoDAZOVauV1izSC7LR8ZOa1pJTXK0HLc6eN4ZBuSQH2NJciRbdmRl/OuNS4lh
5jcsfTNa1jb6xqv7tA0af3iK1WEnL4Q0Rm3V3JPMUO5nB6Yqza+Db3XShEJRc53Gu/0LwNBAgluX
DP1Oa6+GGG2QJEoXHfHWvVoUPZ/EJSc9jlPD/gK10mENKkbSD+I1vPZRwIWZguOiVobiW56Vmarl
sKziuunN3shzjyq27ZkyuHckDA7UzIprthsAggU+C2muG+QFaxxObU6L5KXvS8jOlgZTd5aDCQDu
61PBZXF0wIT5fWta00hE+aXrWiu2MbUGBXmOnicZrXlZdjupqlR/hq/mU7TSYoQC5yfStJSqLtjA
FRZzSiuylh6VGNoxJlUk9yQn3z60AmmilzW1+YhDt2aGlSCJpZWwi9qaB82Kx/Elz5dskIzhjzis
6lSFOF5MaV2Qv4rb7YTBGxhXqRXQWeowX1uJS429wwrFh/sldI8sf63HPSsa0trl3ZbeQhT71xLG
VaclztSi+xuqXU3PEa6eLLdb8ysQK19HQw6UodducYrnLXSJprlBLKG284rqlYKojUcKMVth4S5n
VlGzZnMnVxUgeqobmnh/SuszLayc1KslUw5qRXNAF5ZBWV4sfPhPUh/0y/rVoOay/FDE+F9QH/TL
+tAHNeEP9Wn0r1LT/wDVL9K8u8If6pPpXqNh/q1+lAH/0vfqxvEf/IEvP+uTfyraNY3iP/kCXv8A
1yb+VKWxpS+NfI+XGH76X/ro38zSihv9dL/10b+ZpQK8uW7P0OPwoMZpaUCjFBQUHpkdaXFBHNUI
T7xxjj0rW8PeJL7w5eBoJSYSfmQ96ysYNMPyrgjPeknyvQzrU41IOMkfQOia7a69ZRzwEByuWTPQ
1oFRmuB+FOnmLT5Lp1P7wkr6Yr0DbgAjgk16NOV46nw2NpRpVWokJQVXmT2q4wqN14qzkMyWLI6V
nzQdTW1InFVZosikxmE8WCeOBzXOeIfFUOjB4bc77nHyj0NdhLDgkEcEda8c8a2DWniJ5GUlH6Me
1ZzbSOzBUozl7xlXeo3epXDS3cxcMchfSowex7VEPf8ACnDOea4pa6s+mpRUNETfe5P6UAYNItOH
Wlc3THg9qmQ4qADmpUPNJG0GT546UCm7uKcGpmyY6lGaTdSg0WBpC0hFLRUiGmgClIoAoGhpHNNI
qXFIQaBSRFikxUu0UFaaMmiHbSGMVNilK07shxK5QU3bU7LTMU0S9BmKMU/FIRinYSYzpS55pDSg
gc1nyu+htdJakqnipogRVGS4SMcnmoftjOcKeK76OBqV7dEebicxpUL21Z0cNwI8YOa17OfzGBrk
7Vjxzmul0/qvGK9WGFjRXK9z5rE4yVd3vodZYfWtyAHbWDYdq3rfO2sKhyLuWlHFO6UKOKdjmuco
aRSYGPenkUwiizewBt8xDGeQwxXKXDTWN28Fu7LuPQV1YyOR1qu9pB9p+1uQCo71z4mm8RFcrs1u
VCfKc2bG6uzmXdv9TU/9iMkBaSQK+OMmtm31WK7lZF2BVP3qraxNbXkfkRTgyHgBTzXOsJh1G97/
ADNPaTeyJtKDC1KSOCR0xV0jFc1aw3mj3aPck+S/TJrpyAyLIpyrciuyjJtWtaxEl1uNIxSUp5pK
0syAooooYAOtZGuAFEU/3q1v4qyNbI3oP9quHMbew1NqHxnE+LLpktUhU8YrC0BP34A65zVvxVLu
u0j+tZ+nXH2O5yemKzl79JJM53e8mWvEEhacKvDBs/Ssks5bJPz9jU2oXIu7kyEHk5pILSe6b5Ew
vrTpQ5VypE6LclTWLqKMIXHHtSxW99q84wGI+lbOnaBGPml+Z/SuntoltowFRVwMcCu6jl7b5mjG
de2yMjTfC1rbhXuV3N6Zro47hLdBHEiqo9qijjlnb5ULE1qW2j7BvuTtB9a9Hkp0VoYpSm7tktjJ
PdAYOFFaUjJAuXYDA7msu51S3tB5NvgHHWsl5p71wPmbnpXlYnG0aerevY9GlSm/h2NO81kkFIOt
ZQ+03j5JZs1o2mjHhpRtzWxHDDAMIoriUcTilr7sexuowhruzNtNFQKHmyT2FaqIkQARQKNx/ClF
dtHDU6C9xamU6sp6MXdnrRnPWkpRW7dyApQaSlFC0AdmikoppXAkj+8WPAXqa5TUp47rVQrSYQDG
M1ta3eCz09lQ/vHrA0aO1DF71hljnJrixVVKapStrubQi7XRaOiS7DLGxKt71B5d9ZBiFKoB1rqo
JoDEBA6sg6VJKizRNFKowwqJ5dSkuaGnzBYhrRowvDnmzTyXLuWwOldAWyxPvVa1tks4mWMcYFTZ
APvxXZSg4Rs2ZyfNsPzzTw1RZ5p+askmDcU4P71BupykUAWA9ZniZ8+Gb8f9M/61d3Vm+JGz4bvv
+uf9aAMbwh/qk/KvUbD/AFa/SvLvCH+qT616jp/+rWgD/9P36sbxF/yBbz/rk38q2axvEf8AyBbz
/rk38qUtjSl8a+R8vSf66X/ro38zSClf/XS/9dG/maTpXmS+Jn6HH4UOpwpKKRQ6iilxTASmn5pF
C9W4p+Ku6Ham+1y2gA4VgSfxppXdjOtJQptntfhDTzp3hXT4W+95K5+uK28Z/ChUEUSQjoigCgAl
uBXoxSUbHwGIqOpUcnsMYc0wipyMn+dRSMkYzIwQdiad0jKMXLYhZeDVeVMirmA67lOR61Gy/wD6
6Y0nsZUsZHPpXnXxL03fbpdgfdGTXqEiEhsiue8V6YL/AESdDnPlnGBWdRaG+DqctRLzPBxgqHHf
im9DSxgmNflwwOcUEVw76H1WtrjgakB4qAU8NRYpMnBqVTVYNUqNmg2hImBp4aofxpwNI2TLIPFO
BqJDTxTWxoh1OpgNPpDCgClxSgUWLQhFJipCtNIxQDEApSuaBTqDNxGbKNoqQDNLtpkuJAV9Kiar
LjHaoGXNURODsREmkwafgCopZAi5rSMHPSJyOSSbYSEKvJqhNeAjC1Bc3hc7VNVgcmvawWXKPvyP
n8fms5fu4k2SxyasRCqqnmrkBzxXrtJrTQ8bmfV3NOz+8K6bT+ormrQYIrpLA8iuSrorC0Or0/pW
/bfcrA0/oK6C24UV5tTctFtRTqF9KU9a52UIaQ9KU0naj52Abg9qhuovOsnVfvYqfpSDg+x6im/h
ce4KTXQwNGit2jkgnfy3yeapMkenajvjbzQpzk1Z160Nvc/aIyVVgBwO9Fro8lzGsspIU9a8ipGp
FqlThe3U6E0lzSZBfalJqiBQmNla+h3RuLPym4ePjmrNtpltbDAXccd6xr+cadrKPCP3Z++BW0aV
TDy9tWl8RMmp/CjoCu35f7tJSJILiFZ0+61LjivQjJSVzKwUUZoFIQDrWLrXDA+5/lW0BzWJrYyS
c9K4cydsObUPjPLtdk8zVG5OABVFInkIVBx6mr1+g/tKUtyBjtWhp2j3N8QxUxxetb4TBSqU1KWx
yVqijcpWunorjPzt6Cujs9LkbBcbVxV2C2sNMQDiSSriTNKvI2r2r1qOGjD4dTjlUbGxxxwrgDJp
5yaThTTRJliqgms8Tj8Ph17717F0sPUqP3S/azrajzD1xxUVzqVxfyfJkAU630ye4bkkL1rbgsIL
ZACNxrw51sVjH7i5V3PShSp0Fd6syLTSJJvnlrZgs4bdQQMmpiew4FIOK6KGCp03zPVhKo2KSS3X
AopOo5pa6m2zO3W4oozSUUbAOoooNABmlptO+tAAOtPXCKZGHygUwcnjmszW2vHhFvbKcngkUptx
BamLqd+lxqkavnySeDWlc+HS0SS277lZd2KrWQtodttqUJDDo5FdRHtWJRC+UA4xXFRw9KqpOavf
vujZzdPSJyAN5p7/ADAqorS0h7q/uxNI37tela95bR31uY3Xax4zRZWq2UAiU5A7+tFLCypyVneI
Oqmti0xG44pM0nB6UV3WS66GO4uaWmZpaAH04Hio804dKdgHg1meIz/xTt9/1z/rWgOmTWf4hRj4
bvWwceX/AFpPQNjK8If6ofWvUrD/AFa/SvLvB4/c5PHNeo6f/q1+lAH/1PfqxvEf/IEvP+uTfyrZ
rG8R/wDIEvP+uTfypS2NKXxr5Hy8/wDrpf8Aro38zSd6V/8AXS/77fzNArzJbn6HH4UL2pwptOFI
oUUtJ0oBzTGKTgE+ldp8MNNF1rc1w4yEIwce2a4lziP3r2L4YaabPw9LcMMGZ936Y/pWtJXkeXmt
b2dFnaOSzk0mSBTiC5bHGP1rI1zxBY6BYtNcyfvMHbEPWu1ySPjaUalR8qW5b1LULXS7N7i7cKoG
QM9a8X8VeL7zxDcmOOZobROE2sRk+uRzVLxD4iu/EV4ZZ2Pkr/q09KyMDqDmuSrV10PqsvyqNFc8
9T0Lwd48ljkh03VZN6Z2ox47V6aCrRq8RDRvyCDmvm9lDjBrsPB/jabRHW0vmL2bfKPainWfUwzH
KlJe0p7nrci9VFV5YBLC8bDIKkfpVm2ngv7Zbm0kEkbDjmnYCsOOvWuu6kj5yXNBq61R84azZGw1
u4hAwu8gDFZzriu8+JunNa6ut4F4Z+fxriJF9K4Je7I+vwz9pSiyqRSCpmXmoiMGkgkrMcDgU9Gq
LNOBpjjJosqafUCNUqtmpaOiMrkyHmpQarA81IrUbG8ZEoPNSA1X3VIjZouWrMmFPApimng00aRR
IopGTNANPzxRYpohxigVIaQAd6LCsAFPAxQMClBpgkt2NYbqjKVORkdelVri6jiXC/frajSnVlyp
HLia9GjFzkyrdSLAhz1rAub1pWwDwKt3zNIhYnmsfnJr38Pg1TV5HxeNzB4qT5NESAjOacpqIfWn
r9a7Yux5rXVkynmrkB5qipq5CeK0uK9zYteoro7DqtczaHpXTaeeRXNVWg0dXp3QV0Nv90Vzunnp
XQ233a8yqtS0Xk60p601afXMyhpo7UpppoAO9JS0HpQBDLFHcKFlGQDxRLKttbkscKo4FP45qpqt
ubrT5Nn31HFTKTgnyrUqK11KA8RbWfcnHQVmRRnUL7LP8hPINXdKjsXtZTd4Ey9M1mSFo7t2gOFP
T3rx68p2jOu9L7I6YWZtHUhY362IOYR3rYJHDD7pFczDpVzfoWI2f1rc02GaG28mY5x0r0MNVrVd
ZrlXT0MakFcsUtFFdb3MgHWsDXTneK3xw1c/rZO6U56CvNzO/sVZX1N8O3zaHnDzJDqkruNw44xW
zbz6jf7UhBhg75GKp2SxPfSyPGXYHgV0kRlZBuOB2FevPF0KGHi5y+R5nspznLlXUSCwitgGkO9/
U1PvJ4H4CprexnuDgLgetbNtpUUIDSctXl1MxxeL9yguWPc7IYOFPWpqZFvYz3R6ED3FbNrpUNvg
yAE1eHyrtHApKVHBU6bvP3pdzWVbpFaBgDATgUpwT60lFd9uj1Zk22FFFFABS0lFAC0UCigAzS0l
GQBQAtLzn1pFy1Vb/UYrBAqtmb+ECplOENZuyGlcTU9RSxjGGG9uQKzB4huBhlUMait411C7Y3Ue
JCeGpt1pVxpd19oVTLCew7CvPquvOXPCXum8eVbiXmqjUI9ssf7z1AqDT9Su9MctJl4ieB1rbs20
m7jMmRGR94GrUdpY3ALQrlQcZojh6zmqntLj5421LFrcC8txOBtz2qXJPWmqgVQq8AU4V6K7nM3d
ijiiiimAtKKbnJp4BbgDJpbuyBCU9EZqiuLq0sIjJeSquBnGa4TX/iSqmS30sHcONwFbRw86jsiJ
VEjuNQ1Sy0eJpbiVcgZ27hXnWufEGXVpPsNquLaT5WPtXFXU9xfyma7k8wtzUlpxNGoGBnpXoLBR
pU23roc/tW5I9a8IAmJCe9eo2H+rX6V5d4R/1Ir1Gw/1a/SvKOs//9X36sbxH/yBLz/rk38q2e1Y
3iT/AJAl5/1yb+VKXwmlL418j5dY/vpf+ujfzNKKRv8AXS/9dG/maUV5ktz9Dj8KFpwpuaXGaRQo
NOGM00Ypw9aYJDoUM1zBEB8zPjFfQuhWf2DQLW15LBc/WvE/B1gNQ8UW8bDKKpYnHTpXpPjLxvBo
MAs7LD3ITAweldNJpJs+fzRSxE40Yov+KPFth4dtnDtvuT91Ae9eL6pq17rV01xeN8x5VM5AFQXd
3d6hdSXF1KXkc52k8AVCPbn3rOpUbZ3YLLo0Iq+4AkUdeKM0ViektA6U0gMMEAj0p1JmjzE11N/w
x4tuvDk4VyZLPPKliNufT1r2XTdTtNbsUurSQOrAHA61894yPX2NaWieIb/w7dJLaSM0e4F4yeMV
vSqu9mePmOVxrR54bnovxP0w3GgNcqMmNlyB9a8dAyimveG1ax8XeGLgQ481oyWX3FeGND5EskLc
GM45orWbuiMslJQdKW6KzrULLVx1+UVCy1gmd06disRikDVI61CRitEczTTJQakVsVXU1KpoZUZ2
ZYV+elO6+1Qg09TUs6FK5ID2qaM4qsTzT1apNk7MuK1Sg1TVqmV800zeMixmnA5qIGng1Vy73JKD
Tc04E9RzTG3ZXDAyB+dKivJKIo0LSH+EU6CCS5uVgtgWlfsBmvYPBfgW30q3F9fKJbo4I3DpV04N
s87HY6GFh72rPKJPDuvzLiLTpAp/iNRJ4E8QvybQ59xX0sG28DC+wFLvY+/5V61Cu6KtBHxOKxE8
VJub0PmaTwB4gI5sz+VUn+HOvFuLNvyr6nDnH3j+VAc9/wClayxtSXxHKqNtj5YHw413vaP+VPX4
b65n/j2b8q+pdx/zimnd3/pS+uSD2R8wj4Z683SLb9Vq5D8Mte/6Zj6g19IMSRwTUJDVX12ViuQ8
Jt/htrSAbmi/I1sWvgbVIcFmj/WvWH3Zxk1VfJzk/nWbxcpAonF23h67gxuaP861YrKWMfNitaQc
9qrvjtWMpuRRXCEdaU089aaazAaaaetONJigBtBNOxSEUANpVIB5HHekoHWmm2Jo5/W9KdGFxBkg
nlas6VpcbwLcTZ9lNaxAbh+R6UfKBgDCjsK5fq8FU53G7Ned2sJ5iqQNwQDpQ3XOciqeo2T3QUxM
R9Kt28RWAKxOR3Nb8zk/eRDuwzz60uCO1U77VINPUg4Z/bmsddfuWlDAfKTioniIU37/AFGqbkro
6PqxHQ1zmsH/AEsqRweDXRxHzoQ5wCRVSTTUebzZBnJzzWGOoTrUlGBVKahK7ObtNJ+Zmih5bua3
LXSEUBpSSR2rSQJGNqKAKU89azo5dCKUqnvNFyra+4ACoMIoApM560UV6G2iMW3cDzSUtJTv0EFF
FFKwBRRRQAUUUUAGcUtIaBQAuDTlQtSKAxPOAKyLzUbiVngsxlhwTUzmo/LoOxZ1HVIrJSqfO/Qi
s3RUhubtpr18n+EHtUGnxT/a2hvE3M3c1Hf2kthKwJIDfdI7V51atVT9ra8eqNoKL0Lw1WK21Zop
YgYyflYVsTapbW6xCQlklAAB7ZrC0iGxmjcXvLqchs1l+XJqevvFAWMMLjbzxWlOtJUrx2ewnC7s
9DW1bTN1zGLRCFc/Nit20tlsbZYl5zyc+tPi/dxBXALDvTs55rqhSUZcy3Mm29x1FFFbPzFfoLn0
HNLyfujJpUjZueg9ax9b8U6foQKswaXHQHqacYSn8IpNR3NkhYkMkzBFAyTXJa74/sdPieKyxNN0
5OK4bW/GGp63Kyo5ht/Y1giMZDElj3Jr0qGBS1kc8qumhf1LWr7WJN08jBc/dB4qmqqv3QB60vGT
z9KK74wUFZHO23uFS22ftUeT3qMdKmth/pKfWpqr93L0Y4fEj1jwj/qRXqNh/q1+leXeEf8AUivU
bD/Vr9K+eZ6B/9b36sbxF/yBrz/ri38q2axvEf8AyBbz/rk38qUvhNKXxr5Hy6/+tm/66N/M0opH
/wBfMP8Apo38zQDXmS3P0OPwoeKKTNLSKFozgg0macB39KAvqX9K1eXSFme34nk43DtVCWR7idri
ZzJM3VjSjvzzSEmq5iFTipcyQnJHNFAoqXqXs7oKKBS0WASjrS0YoDyENIPalxSYp2ElZljTNSud
KulntJmjHR0HQ1Dfzi8u5LnbtLnJHvTexGeDTT1ov3M1RgryW7IzzUTCp257VG1SJxsis61Cyirj
DioXTjNUmc04FXGDTg1Ky0zFXuczVmTK1SK1VgealVhSaZrCRYBBpeKiBqQHNQ0bp3HhqlR8VXxi
lDUjWMi8r08HNVUfPFTI+c8U0zaMtSdWxz1NTW0E95cpBZxtJMxAAHbNR2Vrc6ndfZbOIs7YGccC
vbvB3g2Hw9axS3OJLwqCxxwK6KcGzgx+YRwyeuo7wZ4Kg0OBbm6jElyw3ZP8Ndfnd1prMGOSaXOf
auyMUkfG1q8q03KbFIxSDilzSHmnr3MEkKDml4ptAo17gSA0daSloCyCo2xUlNNAFeRaqyLxV2Sq
snNAFCVeKrMtXZFzVVhQBARTCOakNMNADTSUppMUAB6UnalpKAENNxT8cUlA0NIpMUpo7UXZPUq3
txJaxeZGpYjsKxJdXudWY2tsTGw6+tdKDt7ZqqNNt4Z2vIlxJ1OKyq03KV0zRNHP28P9lM41BGlk
f7rNUdnF9q1FSFG3d90VZ1bVDdy+RcREBfutir3h6zCRm5P3R3FedKKqYnkeqjqbxfLBjfEZe2SO
SKby9uPl9aXTNZa6xHMCTisvUmbVrxmz+5Qnke1TaMo+1eZkBF9a1qV5qulF6MmEE6bbOkMfPAx3
pCpHJzzXPavr7TXywWoIUcFhT7LWbpmEbwswHUiun6zS53Bb+hkqbUbm70GMUcVUTWLR+GO1vQ1O
lzbS/cmXPpW0ZRls0S4tElFO25AIINIVIOMjNUJ6K4lFKVYDn9KNp4zjmgBtFOK8ZyBUbyJApaRg
o96Olx21sOpRyMLVN9XskYDzQc1Lc3Cw2QnXoVzxU88dddg5Xa5Y2/LjIzSZzx3FctZ6vMbvzHOU
J6Z6V1CukyCWM/KetZ0a8K2sGOUHFczKOum4j0syWv3s81B4WnSWx5AE+TuzWttEqNG3Q1zDzf2P
eOE6Mc1hiZ+ymqj6l01dHUACRtu1d474qrK1vqW62YZZB1qk3iSAWwK/6w8VPpUOInuHGC9brEU6
itFXRMoNO7MBbOS6v3tIwVVTgsK6iysYdPtxHGg83u/rUsaRxfMigM3JNP6nmpo4WnSTdtWEqkqi
5XsA560vsPzpO/8AhSsUiTfNIsaDnJrp1bsjNu249FZuAu6or6+tNLhMt1NGMDO0nmuS8Q+P7WyL
W1gpklA+8p4rze9v73Vp2mvJWKt23HArso4OU9ZGU6yWx1viHx/c3ga204uiA43rXGOstxKZrmV5
X9XPSlQBB8oxjvS9TzzXqU6UaatE5JNz+IBgcClxS4orQQmKXFFGadgFFS23/Hyn1qHNS23/AB8p
9azq/wAOXoyofEj1nwj/AKkV6jYf6tfpXl3hH/UivUbD/Vr9K+dluegf/9f37tWN4j/5At5/1yb+
VbPasbxH/wAgS8/65N/KlLY0pfGvkfLj/wDHxL/10b+ZpRSv/rpf99v5mkrzJbn6HH4ULTqaOtOp
FAKXPFIetKOlAAKDS0UAIKU9KQ0UAAoNLRTASlopO9ABRRRQAlBFLRSAZTCOakIphWkSyMjmo3FT
kcUwrQZSiVWWoStW2WomWrjI5qlMr9DShvalZaZzV7nNrcmVqkBqsCakVzUtGsaliyGpxXjNQ7h1
p5faw+Vmc9FAJz+VRdtnRzxtdiqwHOa1NG0u71y8EFqDt7sOgrX8PeBrvVnSe7V4rfhsYAzXqWm6
XZ6LbiGyhCpjlyOa3hSb1Z5mMzRUY8tPVkvhPwxZeHbRcAPdN95jziunV+/XnvWNFMQetXo5c967
IxUUfN1qsqj5m9zQD5FPBqsj8dalBJ71RiTilqNW9akDCgAo6Uck0p560AANLmm0oNADhSGjNBNA
EclV3FWWFQOtAFKQdaqsOauyLzVd0oAqFeaYw5qwVNMKUAQEUhFSlaQigCHFBFSYppWgBlN70/bz
SEc0AMNHanFRSYoAaM54oOMZ59xTsUhoAq3mn21+mxxtIHBFYU41LSrZ7eHLQnqcV0vU+4p3B4dQ
2eMGsalLmuo7lKWhzUflQaGzD/WMpJPvVSytLm7YvGdsK9SK6efT4LlPK27UHPFZeoRXVpb+RZof
JI5K9TXJVw6v7V9FsaRn7tjInSP7R5UQyxPWuq021is7JRIvzlcls1zukxpLdgPwy9jXTXjBLJ8M
MhelPA02oyry3HVldKKORnAlv8xnALY6Vr3GjQw2yuk58484rJtreXULgomQ3XirNnbXbasIZ2bK
Dgt0rloNNTk18TLqWSIre41EO6bzhangv765mEUfLVtarDHBbN5agNj5mFc7Y3T2dwJlGcVtXnKh
UpwUvdFGKlFlxtWvNMusXo/dDrUt5eXMkQu7Zv8AR36e1Z15LNr1z5W0YJ5rYnshp2jJbg5wxOPr
Vqo5wqWei2FKKTRR0+5ubmUyzP8Auk7VI1x/bd6sUbERA8471DpA3I8eeC3SoLBvsGo4Q/KW6elY
xxDcKab+LcbguZmpfeH4HiPkPh174pPKng0NoJudpI5+lbW0kBl5XqaytUvIpbd7ZPvg8tn2r0Z0
owvNmMNVYxDb26adHLG3zlRuFWtI1JrdhE4yjetWND02yktg0rbzjkZrOvYpI9QaC3jO0/dOM151
SM4uNWlsbRafuyOtU5w8Z+Wql1pVrdyb3zmqOk2V9A++4lJj9K2CcsSOnavU1qRvKO5hblM6PQrN
DnrWgoCqEX7q9qM0q7j0XNONONNcqC7D3H5U5EL85wKiu7y002EzXTqvGeTXnniD4hXE5a200qid
N4FdFKhOZlKoonZ6v4m0/Q4myRJLjgZrzLWvF+pa25iVzDB6AdaxJDLcOJLmZpH/ANo5p34V6tHC
QhucsqjY0IN25s7vUHrTyPX9KSlFdJle4oHHNLigUUAFFHeimAUU6imAgFS24/0hPrTKkt/+PhPr
WdX+HL0Y4fEj1fwj/qRXqNh/ql+leXeEf9SK9SsP9Sv0r52W56J//9D37tWN4j/5At5/1yb+VbPa
sbxH/wAgW8/65N/KlLY0pfGvkfLrn97N/wBdG/maBQ3+tm/66N/M0CvNe5+hx+FC96cabTl96RQU
vSl4pKADNOpKSgBcUYpKKAFooooAKTFLRQAYoxRRQAlFHeilYANNp1J3p2AaRUZqU0wipZDIyM1E
64qcimEZJoWhlKNyqwNRsBVl1x2qF1281opdDlqRt6EBGOS34U6EPI+2ON3b0UE/yrX0rwxqGsSK
yr5dueSzdSPau/0zw/ZaTGBEm58YLGtoU2zy6+LhT2dzkdH8F6lqGHuFWCIjhg2T+Veg6J4U0zSc
OER5e745JqWOUrgKcD2GKuQzc4wPqa2jTSPKrZhUnombMcgKjAAHQU8/N15+tUI5OetW45OK1Rxu
Tbux5UjpUscpXqaaCCKayd6CTQin461bSTPesRHKnrVqKc55oA1lbmpAeapRy5PWrCvzQBZU08Y9
ahBp4amBJmjFNzTqADOKQtQRmmkUAKTTGGacaTtQBVdeahdDVxlzUTJQBSZKjKVcZPaoilAFUx01
lqyyGoipoArkU0ipyvPSmMtAEPamkVKVppFAERFGKeRRjigCPFJinEUlADSoOKD9KdSYpp2AbznP
SgMQT6GnU0jmktHcFoQCztlm84J8/tVPUtMuLuTzIpML3WtPBHelACjIJFRKnFppLcd9bnM29te6
bdCVYiw9qj1K/u7qUJBC6yk9a6re+MA/nTfLj3btvz+uKwWHlTXLTdkW5X3MWaZ7XRlhu3zOwqjp
YikLQy4DEcV0U9lBcyB5Blh0zUP9k2olEmMMOeKVTDydZS3SHGdjnY2bTdSyRjB7dMV0F9e2s+n+
YHBbHIp8+mw3PzNgHpzUCaJbLxk49KmjQnS5qa+GXTsDmmYum3sVtdb3U7HPFSX2kXMU/wBogy6P
yMdq3RpVmBhlBA6VZT5E2AkgUoYH3OSbu+gSre9oc7CdUMDIof5hjmnvoU8lqoQ/vScsTXQbiv3a
C5BJGc1vDDuPxu7Ic+xmWOjLYFWLZYDkZ4rRBVW3BBu9QKTjHJOTRypwBmtYwjSjyrYTve7FLE8D
n6U0ZLY209EZzjOwetZWq+KNM0ZWVn8ycDoDmtIwk3aKJbS3NVlSGPfNIEHvXJ+IPHtlpqmCz/eS
njIri9a8X3+tSMseYo88A8VhLGF5wCT1Jr0aGBS1kc8q3YtahqV9q8xluZXKfwqTwBVcALgKAPpR
yMDNL0r0EklaOhhJuQUUUUyRcUuKBRimAoooooAXHNBHNL3oPWgAxS4oopiCpLf/AI+E+tR1Jb/8
fCfWoq/w5ejLh8SPVvCH+pFepWH+qX6V5b4Q/wBSK9SsP9Wv0r517noH/9H36sbxH/yBLz/rk38q
2axvEf8AyBLz/rk38qUtjSl8a+R8vP8A66X/AH2/maShz++m/wCujfzNArzXuz9Ej8KCnZpMUAUD
HDpSikFLQAtFFLigBKKXFJigBKKKKAHUhFLSUAAopcUUAJik70uaDQAYpCKB1pTRYBuKbTjSVJLQ
0imMMkDqPT0qRuOpwPU961tB8M6h4huQkFuyQHrMTxiiMW9DKtUjTjdsxIoJLmYQW8W+Q9AvJru/
D3w8RQl5q5O/qsfau60Lwjpvh6ACKFJLjvKwya05l3HJ5+vauynRstT5jGZm5NwhsYZtYoIwkKLG
gGAAO1UZY/Qcetb8sII6CqE8PHTjNb2tseK3cx2ypqSOTpzUk0eO1ViCpoEjSjl6c1eikyetYccv
PWr0M3PWmPc145OasK2azIpatpJwDQIsMgNNB2nrTlcMOacQpoAfFNg9auRzgms/GOlKkhU0AbMc
me9TBqyY5wD1q4kwI60AXgwp4aqquD3qVW96YExNITTd1GaAA0lLmmkgUAL2phFO3UnNAEbLUZSr
GPWmkUAVWSoilW2WoytAFUpUTLzVsrUbJQBVZaj21ZdeajK0AQlaaV4qYrTCOaAI8cU0rUpHFNIo
AiNJUmKTFADMUlPIpCKaAbQRxTqQ0kAyl5paWn1uBGc0uKdikqY3S8wGmk5p9JVa2DQaaTGKcelA
xjn+VK19eoXuxvNHSngM33VJ96Zcy29knmXUyRqOxPNHK36g9NWORWdgAmfU+lVb7ULLSYWku5Bu
HQZrkNf+ICRCS30/BPTcOa4C5vL3UHMl1PI2e2eK7aODlL4jCdZbI6zxB4/urwtBYgLH/fBrjX8y
5kM1xI0jnvmgKF4UACnAkdOK9OnSjT+E55TkwAVR8v60UHmkrQiwuKMUClp+gBRS4pKAHClpBSig
AxRilooAUCjFLS0CExRilopgJipIB+/T60ypIP8AXp9air/Dl6MuHxI9U8If6kV6lYf6tfpXlvhD
/UivUrD/AFa/SvnXuegf/9L37tWN4j/5Al5/1yb+VbPasbxH/wAgS8/65N/KlLY0pfGvkfLkn+um
/wCujfzNAok/103/AF0b+ZoFea92fokPhQ8UCkFOFBQop1NBpwoAKKKKACiiigApD1oooEKKWm0o
NABRRRQAlLR2ooGJRS0hYhNzGjyFpuxMc4pY0klfZBGZJDxtUVo6Nod7rtyIrWJiucFiPu1674c8
C2OhRJJPtnuSOpHStIUXI8zF5nCgnbc4/wALfDie5Md9qjGOMciBsZr0+3toLOFYbZBHEoxhR1qy
2QRjCoOgFMPTIrrhTSR8risXUxEua5C6854x2AqB1FWiKidc9qu1jju3uUnTIqpJFxWmycVWePJo
Ax5oeelUJ4iO1bssXNUZoM5pAYpXaakSTaetTTQ4JqoylTQM0Yp6vxS8c1hJIQavQz+poA2UkGKn
Vs96zY5RirKScdaYi6KQrUcb8VMCMUARg7TU6T460wqCKiKkGgDSjnBq0so9KxUkK1bjnyeaANUS
A9KN1UllHrU4bI60ATbqN1Rb80bsUAShhTg1V99SBuKYE+aTFM3dKcDkUAIRTGX2qSjGRQBWZaYy
VZKUxloAqMlRlatlaYy0AVCtNK1ZZKiZaAICtMIFT7eeaayj0oAhxTSKm200rzQBERSEVKVxTSOK
AIsUFaeRxSYoAZikp5WkxQAlJinYpMY60wtcbScUpBOMDNPdFjj8yd1RfQmiMXJhexHgsMAUPsto
y08qxKBzuNc1rXj2x0tmitk89gMcdjXnWp+KtU1l2zI0cZP3c11UsJUqPTRGU6y6Hea94/sLBTDY
FpJP7wGRXnmqazqGtyk3MmE9AxqgIx1LFn75pw4r06eGhT9TmlUbGpEidMCnZ65yaQ0Vve2xmKcU
UlKKQwpaSloAKKKKBC0ooxRTAXHFApe1AoAUUtJSgUCDvS0YooAKKXtQBTABUkP+uT60zFPhH75P
rUVf4cvRlw+JHqfhD/UivUrD/Vr9K8t8If6kV6lYf6tfpXzr3PQP/9P37tWN4j/5Al7/ANcm/lWz
WN4j/wCQJe/9cm/lSlsaUvjXyPlx/wDXS/8AXRv5mih/9dL/AL7fzNJXmvdn6HH4UOpwptOFBaAU
+m0oNMBaKKKAFopKWkAUlLQaBCUZoxS4oABQaAOaO9ABR7AZJ6UhIAyauabpd9rNx5FjA7kHlhwB
TinJkTqRgryZT3gEKAWfptFdr4a+Htzq0sdxqAaOAchema6/wv8AD6z0mJLi+US3J5wwzzXa7iVC
gKirwFArphSW7Pncbm93yUypp+mWWk26w2UQRQMZ7n8as8+35UoFBzXRtsfOznKcuaTuIRnrSECl
oIpkkZFMIqTFNIoeoEJXNQMmDVvtUbjNKwFCRM1Ulj68VqMoqtJH7UWAxZoc84qjNFkdK3pIvaqM
sPtQBisu005ZCtWpYcdqqOmDQBdhmJHWrsUmR1rGRiOlW4psDrSGbMb+hqwrjOKyopT2NW45AT1p
iNANnrTuvWqqyHPFTK/FADnQdqaCVqQHPWkK5pgCzY6mrMc/HWqbJTQStIDUWbNO35qhHJipxJmg
Czupweqwf3pwfnrTAuBuKkVuKph6mRuOtAFgHNPFQq2akU0AKaQqMU/rS4FAEBWmFanK0m2gCqyV
GyVbZajKe1AFQpTGSrZSo2WgCrspClWClMK0AVylNK1OUprLigCErxTCtTkYFMIxjPejQEiLFJtO
anEbHtxUF1cWdipe5mVR6E00nJ2QNpCEc4HNLIiQoZJmUIOeTiuP1j4kWNmGgsSkkg9K8/1TxHqu
rOwklkjjY5wrY4rrp4Kc99DGVdI9F1jx9YaarJbESS9MYzivPNV8V6vrLsDL5cXbAxWSIgPvHcf7
x60pHGM5HtXpU8NTgtUc86rZGsfzbmJLdznrUmBkEdRSCjpW5mB65pKU0lABRiiigBKUUtFACUtJ
S0AFLSClFAC0UUYoAdQKBSgUAKKWiigQd6dik4zS0AFKBSYpRTQAafD/AK5frTDT4f8AXL9air/D
l6MqHxI9S8If6kV6lYf6tfpXlvhD/UivUrD/AFa/SvnXueif/9T36sbxH/yBLz/rk38q2axvEX/I
FvP+uTfypS2NKXxr5Hy7J/rpv+ujfzNNFK5/ezf9dG/maQV5r3Z+hx+FDhThTBThQWh1FJSimA4H
NFIOKUUAFA60tFAC0hozRQgCgGij8KQn3F600svRQSfakdhGMsQAat6J4j0zSrkzXelpdshyu5iB
XVRwlSr8KODF5hSw8Xd3fkdJ4a8A6jrUqT3Gbe164P8AEK9c0nRLHQ7cR2cK5xyxHNeZR/G+OKMR
RaNEqDoBKf8ACnH44D/oERf9/m/wrvhgKkeh8jisznWlo9D1sc9Dn1ox7V5J/wALwH/QIi/7+n/C
l/4XgP8AoExf9/j/AIVp9UqrocPtEtj1raaQg4ryX/hd4/6BMX/f4/4Uf8LvH/QJi/7/AB/wo+qV
OwudPc9Z59KXnHSvJf8AheC/9AiL/v8AN/hR/wALwGf+QRF/3+b/AApfVKvYOdHrBHtTSPavKD8b
x/0CIv8Av83+FI3xvGONJi/7/H/Cn9Uqdg50erke1RsPavKv+F3jH/IJi/7/AB/wpp+Nw/6BEX/f
5v8ACj6pUDnR6myH0qGSM+leXn43j/oERf8Af5v8Kjb43A/8wiL/AL/N/hT+p1A50elyRnPSqskR
J6V50fjWrH/kERf9/m/wqJ/jMp/5hMX/AH+b/Ck8JUHzI7yeEZ6VSkg64FcS/wAYQ3/MKi/7/H/C
q8nxcBH/ACC4x9JSf6VDwtRDudqUK9qQEgdK4NvioG/5hqf9/D/hULfFL/qHJ/38P+FQ6EkO56VF
KeKvRy15OPimR005P+/h/wAKlT4s7f8AmHJ/38P+FJUpCuevRyGp0evI0+MGP+YZF/39P+FSr8ZM
dNLiP/bY/wCFafV5hc9dDnFSK5NeRr8ZxjnSov8Av8f8Kevxpx/zCov+/wAf8Kaw0w5j1vGe1MZD
npXlg+NY/wCgTF/3+P8AhU8fxkD/APMKi/7/AB/wp/VKguZHpfI7U5WNeeQ/FaOU4OmoP+2h/wAK
0rfx/FOf+PBB9HNQ6E0HMjtQxpwbmsC28SxXAH7gLn/aNacV6ko4TBrNxaHc0Q/FSq/FVFkBFSq3
pUjLiPUqNk1SR6mRznrQBcU+9PBqur1KpNAEuKNtC07mgdiNlphSp8ZpNtAisyVGyVaK5pjJQBUK
Uxkq0y4pPIZjhVJo9QKZXFNKn169qs3BtbSNpLmcIAOnFcpq3j/SdNQrCEnccA7ua0jTnLZEynFH
QfZyDlyFHqTWbfa5pGmBzcThivQA15lq/wAQdV1BmWDEMZ6cZrlZnnvHaW5lZyfeu6llzavMwliF
sjvda+J4ZWgsIT1wGxXD3+qajqb5nlbb1wDVdUVRwKCOe9ehTw9OGxzupJkQjXPT5vU0vNOpOa1b
Yt9xpzRzS80tTa+4aDcUhFLRTsAmKTFOpKLAJijFOpDQAlFLSUAFFFLQAlKKKBQA4UGiigBwpRSU
4DihAFFHelApiExzTqXFFAhe1JS0UAJT4f8AWr9aYafD/rl+tZ1f4cvRlw+JHqXhD/UivUrD/Vr9
K8t8If6kV6lYf6tfpXzr3PRP/9X36sbxF/yBbz/rk38q2e1Y3iP/AJAt5/1yb+VKXwmlL418j5bc
/vZv+ujfzNIKH/1s3/XRv5mgV5vU/Q4/Ch1KKbTs0FodR0pAaKYC0tAoPWgBc0ZpKKAFpQe1JQSF
XLEBapRlOVkKc4xjzSHjnpUE90kQwD81VLi+DApFwPWqWdxyxJr2MJlnN70z5vMc7jCPLR3JZp2n
b58gelR5HakGKWvfhSjTVoo+Sq1p1XzSYvSjrR2orW3mZWQoozSUtFkAhooopadguxc0mee1Hajt
Rp2C7EJzSUd6WjQLsYc5o604im9KHYd2NNMK1KR3puKnQaZDtppGKmK801losi1IhIFMI9qm200r
WUoplXID+NMI9zUxWmFawnTRSZEfYmgHHXNOxSEVzuNnoMUH3pc4700UppxlqA8GnZqIGnhq2UxE
qtjtVqFulUlarMUoHFaqQmbNu3Tk10mnbcrxn61y1pIvHNdNp/JXPNZVLNAjsNN6jG0CumtDgDnN
cvp2QB8tdLan5RxXm1VqWjXj5AqZSRVeM8DipwTXM9yiZWqVWqsCakDUgLQbkVMj1TVuRUysc0AX
Vfmpd1VUDt0X8anClRlpEX6mh+QaEo/D86cOaqS6np9opae7hBHuKxL/AOIOiWKnbMXcf3VyK0jS
qy2VyXUgtzphHv46U0mGBS00qAD1YV5XqXxTuJ9y2ETAdiUxXI32v6rqTMZp2RT2BrspYCpPfQxl
iUvhPY9U8YaPpQJaVHYehrhda+KFxIWWwG0HoRXA+QrndIxc+rGl2ADAC13U8vpw+LU5pYiUiW91
nVtUYm4vZdp6rms8WyA5bLH1POatkHtTCK61GMF7qMm2QleO1MIP4VMVppWj1GQ4ppHNS7aYV5pD
IyKTFSFaaRQMYRRTiKTFKwDaKXFGKAEpKdim0DCkpaMUgG0GlxQRQA2loxRigAooxTgKAClFB60t
AheKUdKbTh0pgLSigU7FACUopKUUCCiiigAp8X+tX61GTT4T++X61nV/hy9GXD4kepeEP9SK9SsP
9Wv0ry3wh/qRXqVh/q1+lfOvc9E//9b36sbxH/yBb3/ri38q2axvEY/4kl7/ANcW/lSl8JpS+NfI
+WZD++m/66N/M0tNk/103/XRv5mjNeb1P0OPwodmlFNFOFFyh1GabmlBoHceKM0lJmmNasdk4zjN
Gc9ODTc4HJwKpXF9yUj/ADrpoYadV6I48XjqWHW5cluI4l5b5vSs2a5eY88L6VAzF+W5NJmvosJl
8aa94+Nx+cVK+idkOzR0ptFeiklseK97jqO9IKXPNMQ8GkzTeaBmpAeDzR3po4NLmqQDuKTikozT
uA6jtTaXtSASlFJSigAIpuKcRSYNACHpTTTyKaQaChpHFRnOKl7c00jigaZEw44ppqbHFRstSUmR
kVGRU2KYVNZyiWmQ4ppFSlTTSKwlAZHikpxpKwlGwCUtJS5oTGOU1IKiFPU1rGQmWY3kQ8HNa1nr
FzbEfKCPrWKhGaspg+5rRWe5Db6HdaV40jjIE0ddjp3jXS2AEmRXjyYI6YqdUBHVh+NRLCxmT7Ro
95h8VaO4GJgPqauL4g0sjP2hfzrwABlxtdvzpczn/lu4rL+zk+ofWGe/HxDpa8m4XH1pp8W6LH1m
B+hrwT99jBmc/jSbG7yP+dL+zo9WH1hnuM3j7RYvunJHvWbc/FKyh/1MLE15CIhkElj+NPCqD3/O
tI4GityHWkei3Xxau2G23t8D1JrFuvHOu3mSrKinr81cuPXA/GpUYdcc1vHDU1skZucn1Lst9f3b
Fp7hzn0NNRB1LsfZqgV/8ipUfPOPzNdKSitDJ3ZYAUDAFLUatzT8g0XAWlPNJmloWmwhpFMOalNN
IpWAixTCKmIppFD13C5CRUZFTkUwrU2KIjmmkVKRTWFMCMjikxT8UlADMUlPIpuKRQnNJgU6m0gD
FIaWkINACGkpxFJigBKWjFFABigUUAUgFpRSUvSgBcU4dKQDilHSmAopc0gpaAFooopCCiiimAhp
8P8Arl+tMp8J/fL9azq/w5ejLh8SPUvCH+pFepWH+rX6V5b4Q/1Ir1Kw/wBWv0r517non//X9+7V
j+I/+QJe/wDXJv5VsGsbxF/yBL3/AK4t/KlLY0pfGvkfLEh/fTf9dG/maQUkh/fS/wDXRv5mlFeW
3qfocPhQtKDTTRmjUofSg00txz1o3ADJ4FVu7LUUmoq7Hio5p44V+ZsmqtzqCxjCDJrMeRpTliTX
q4XL3P3pHg4/OIU1yU9y1NdtOcLlRUH48imZ7UuRnivoadGNNWifH1sTUrSvJkgajrTMijNa3Od6
7kgxmlzzUeacDRoA7NGaTPNLkUwFzS5ppNGeKAHZoBpuaKdwH5opopSeKLiHA0ppgNOzQAvagUlG
aAHE0g60lFAxTTTS0UANPSkA4p1IaLhcbimEVLimkUikyIrimEVMRTSo9KC0yAimkVKRTCKmSKuR
FaaRUpFNIrCUSkyIikp5FIRWLiMbmnqaZinCo2AlQ81ajPNVV61Yj61rBkMuRmrSH5aqR9atJW8W
YybJxyKdTF6U7NWZi5pRTRS00A4daXvTQeaXNO4h3anA1HmnA8UXYiVWqVGqsDUitTTFYtBuakVq
rBualVhTETg5pwNRBqeGpkj6TFANLQgGkcU0ipDTSKYEZWmkVLimMKkdyLHNNYVKRUZFAXGFeKaV
NSc000gIiDSAU85pvNIq4hFJilNFAJiGkpTSUhiGkpTTaAFopKKAFooFLSABSmkpaAHDoKXFIKUd
KYC0UCloEFFFFIAoopKYAadD/rl+tNp0P+uX61nV/hy9GXD4kep+EP8AUivUrD/Vr9K8t8If6kV6
lYf6tfpXzr3PRP/Q9+NY3iP/AJAt7/1wb+VbJrG8R/8AIEvf+uDfypS+E0pfGvkfKsn+uk/66N/M
0A0kn+uk/wCujfzNJmvMaWp+gwdopDs5NLznimjODzgVUudQSDhDlqujSqVNjCviadD4i5JMkKln
PPpWTcag8uQvC1Vkme4bc7celMyOwr6HCYCNON2fKY/OKlR8tPYlVvXk0bjUYNOBr1Fax4bTbbvu
PzzS96ZmlzTepFrD80vNMDUuaLhYdzS5pmaXNFxDweKcDxUeeKUNxVJgSA0vaow1Lup3EPHFLmmg
0E0CHUUgPFGaYCinZpgNLmmA4GlzTAaXNAD80U3NANADqM0maKBhQaDSZoAU9KbS5ooAaRTTTz0p
pFIpMjNMIqU004oKuQkUw1MVqNlrNopMZjNMIp+CDQeazlEq5HinAUYxTsVlKIXFUc1ZjqsvWrKU
RJZajq0hqsnSrCVvEykTA0uaaKdVmYop1NBpaAFzRSUtMQtKKSimIcM04HBpoozzQMlDc1IrVADU
itTuS0WA1SBqrhqkVqYrFhWp+RUCtTw1NCaJaQ0gOaWmIKY1SYpuKQEeKaRUhwKQjikBCRTDUxWm
FaBkRpuKl203GDSGRHrSVI2N1NIpDQw0mKcaSgBKTFLRSGJiilpKACiiigApcUnenUgFxSjpQKB0
pgKKWkHSloEGKKWkNABSYpaKAEp0I/fL9abT4f8AWr9azq/w5ejLh8SPUvCH+pFepWH+rX6V5b4Q
/wBSK9SsP9Wv0r517non/9H36sXxGcaJef8AXFv5VtCsXxIM6Jef9cW/lSltYuj/ABItnynIT9ol
448xv5mmNIsQLOce1Q3l6kM0i9T5jdPqax5rl52+Y8Vnh8FKcm2fUYrNKdGCjB6lu61F5MrFwPaq
IznJOSaaMA8dKXoa92jRVNWsfLYjGVK8vfH0uaZmjNdFzkH5pQaZmjNFwsS7qXdxUQJpd1WmFiQG
lzUYalBzRcVh+aUGmZpQaLg0PBp2ajpQadxWH5pQajzS5pk2JM04Gos0op3CxLmlzUW6nCqTFYdS
5puaAadxWH0ZpuaWi4WHZoBptFFwsPzSg0zNBOadwHmjim9qM0XAXNGaSkpXAdmkNJRQMSmkU48U
3rQNMawNJjinHmkNSykyJhTCDUtIRnpUspMhxS807bRioaKuKgqxGOahUYqePrU2FJ6FmPrVlKrx
1ZSqSMZDxS0gpasgWlFJRmmAtLTc07NABThTRS0xDs0o60ylBxQA/vS5waYDzS0wJVY1IGNQBsU9
Wpkssq3FPDGoA9PDU0S0WFapAarq1SK1MViSikDUtACED0ppp5ppGaAGkcVGRUuMU0jNICEimkVM
VphFKwyIrTcYqUimOuelDAYRTcU/FIRSGMNJTiKTFBQlJS0mKTAKKKKQC0o60lAoAfQOlJmlHSmA
o6UtIKWgQtFFFABSGlxSGgBKfD/rV+tMp8P+uX61nW/hy9GXD4kep+Ef9SK9RsP9Wv0ry7wj/qRX
qNh/q1+lfOM9E//S9971i+KOPD9//wBcH/lW3WH4p/5F7UP+uDfyqoq8gZ8ZTljdzknP71v5mo6f
P/x8z/8AXVv5mo69iCSirGUnzO7HAUGkH1oq7i33FzRmgUGgQoNLTaM079wHZpc0zNO7U+ZALmlB
4plKDTuhD80Bqbmlp3QDwaXNRZpQafMhEuaM0wGlzVcyFYfupwPFR0uaLoVh+aUNTAaXPFCkgsSZ
pQeKjBpc1V0IkzShqjBpc0XQEmaM0wGlzTuhDs0A03NKDRdCsOzRmmk0Zp3XcLD80hNNzS5ouu4W
FzRmkpDRdAKTSCg0UXQwNMIpwpKTsAwUuOKDQanQq43FLiigUnYYqjmp0FRqKlQUtBMsxjipkqJO
lTKKd0ZyY8U6milp3RItIaWii6AQdadkUlJ3p3QD80A0lKKLoBaKM0CndCAdadmkop3QDs8U4Go6
dRdASq1SK1QA08NTTQrFhWqRWquGp4andCLAapN3FVw1SA0XRJJmimg04UXQhDSYp3ekNF0AwimE
VIRSFad0MiIppFSEUwipbQIjNNNSMKYRSuhjDSU4im4ouhjTRSkUEUroYhpKKKNO4C0UgpaV0A4U
o6Ugpw6UXQAKdTRS07oBaM0UUXQBmkNLSGi6AO1Oh/1y/WmU+H/XL9ayrNezl6MqHxI9T8I/6kV6
jYf6tfpXlvhD/UivUrD/AFa/SvnT0T//0/fqxfFC58PX4z1hbHHtW1Va7QSxFGGQeoxxinF2Yz4h
uIJhdT5hl/1rf8sz6n2qHY/dHH1Q19Yav4X0+RmK2UIDc5CCuNvPBsDM223Qf8BrsjirKxm4ngIV
v7rf98ml2t/df/vk17d/whEX/PNfyo/4QmL/AJ5j8qf1tByHiO1v7rf98mjDf3H/AO+TXt3/AAhM
X/PMflR/whMX/PMflVfXEHIeI4b+4/8A3yaMN/cf/vk17d/whMX/ADzH5Uf8ITF/zzH5UfXUuguQ
8Sw39x/++TS4OPuP/wB8mva/+EIi/wCeY/Kj/hCI/wDnmPyo+u+Qch4nhv7j/wDfJow391/++TXt
v/CERf8APMflSf8ACERf88x+VH17yDkPFMN/df8A75NLg/3X/wC+TXtX/CER/wDPMflS/wDCER/8
8x+VP695ByHimD/df/vk0YbP3W/75Ne1/wDCER/88x+VH/CER/8APMflR9e8g5DxXDf3W/75NKM/
3X/75Ne0/wDCEx/88x+VJ/whMf8AzzH5U/r/AJB7M8YGc/db/vk0uD/db/vk17N/whMf/PMflS/8
ISn/ADzH5U1j12D2Z4yM/wB1v++TTuf7rf8AfJr2X/hCY/8AnmPyo/4QqPtGPyo/tBdg9meNc/3W
/wC+TRg+jf8AfJr2T/hCk/55j8qP+EJj/uD8qf8AaK7C9meOjPo3/fJpefRv++TXsP8AwhMf9wfl
S/8ACFR/88x+VH9orsJ0jx7B9G/75NLz6N+Rr1//AIQqP/nn+lH/AAhUf/PP9Kf9orsHsWeQc+jf
kaXB9G/I169/whUf/PP9KP8AhC4/+ef6Uf2iuwvYnkPPo35GjB/ut+Rr17/hC4/7n6Uf8IVH/c/S
j+0V2D2J5Fz/AHW/I0vJ/hb8q9c/4QqP+5+lH/CFR/3B+VH9orsHsTyLDf3T+VBB/un8q9d/4QqP
/nmKP+EKj/55LR/aK7B7E8iIY/wn8qNrf3T+Veu/8IVH/wA8lo/4QqP/AJ5ij+0V2D2J5Dtb0P5U
bW9D+Vevf8IVH/zyWj/hCo/+eYH0FH9orsHsTyHaf7rfkaTafQ/lXr//AAhUf9z9KX/hCY/+eS0f
2iuw/Ys8f2N/dP5UBH/un8q9f/4QmP8A55LR/wAIUn/PJaX9oLsHsmeSIjf3T+VTojdlP5V6r/wh
Uf8AzzWl/wCELQf8sxR/aC7B7JnmSI2PumplRv7pr0j/AIQ0f3BR/wAId/sij+0F2J9iechG9DS7
G9DXov8Awh/sKP8AhDvYUf2iuwewPOtreho2n0Nei/8ACHe1H/CHe1H9orsHsDzrafQ0bT6GvRf+
EO9qP+EOHpS/tFdg9gedbW9DQAfQ16L/AMIcPSj/AIQ32qv7RXYPYHne1vSl2N6V6H/whvtR/wAI
d7Uf2iuwnQPPQrZ6Uu1vQ16D/wAId7Cj/hDz6Cl/aPkHsDz8Rv8A3TTtj/3TXf8A/CIH0oPhA+lP
+0fIPYHAeW/9004I/wDdrvP+EQNH/CH/AFo/tFdhfV7nDBGx0pyq3pXcf8IhR/wiJHrT/tHyD6sz
ilVs9KmAPpXX/wDCIN15oPhFsd6f9prsL6szkgD6VIAcdK6keEn96X/hEn9TR/aa7A8Mzlgpz0pS
pPauo/4RJ/U0f8Ik/wDeNH9prsL6szlttIRjtXVf8Ik/vR/wiT+9H9prsH1ZnJFCaZtPpXYf8Ik/
vR/wiTe9H9pLsH1ZnHFCe1MKH0rtP+ESb3pP+ERb3pf2kuw/qzOJMbelMKN6V3X/AAiLe9J/wiB7
5o/tJdh/VmcLsb0pNjf3TXd/8Igfek/4Q8+9J5kuwfVmcIUf+6aTy3/u13v/AAiB9KP+EQPpS/tF
dg+rM4EI/wDdp2xvSu8/4RA+lH/CHn0NP+0V2D6uzhNjelLtb0ruf+EPPvR/wh596P7QXYPqzOHC
sO1GD6V3H/CIexo/4RD/AGTR/aK7B9WZxGD6UYPpXcf8Ih/smj/hEP8AZNH9orsH1ZnD4PpQVPpX
cf8ACIf7Jo/4RD/ZNH9oLsL6szhtp9KmtYme6jXHU12f/CIGtGx8KBHVtnI71E8epRcbblRw7TTN
LwrbFIlz3r0uxGI1+lc1o+l+SqgjpXVW6bVArzTpP//U9/pGAIpaD0oAqS2wYVUfTI2/hrTbpTTQ
Bk/2RH/co/siP+5WuaSgDJ/siP8AuUf2RH/crWooAyf7Ij/uUf2RH/crWooAyf7Ij/uUf2RH/crW
ooAyf7Ij/uUf2RH/AHK1qKAMn+yI/wC5R/ZKf3a1qKAMn+yU/u0f2TH/AHa1qKAMn+yI/wC5R/ZE
f9ytaigDJ/siP+5R/ZEf9ytaigDJ/siP+5R/ZEf92taigDJ/slP7tH9kR/3K1qKAMn+yI/7lH9kR
/wBytaigDJ/smP8Au0f2TH/drWooAyf7Ij/uUf2RH/crWooAyf7Ij/uUf2RH/crWooAyf7Ij/uUf
2RH/AHK1qKAMn+yI/wC5+lH9kR/3K1qKAMn+yI/7lH9kR/3P0rWooAyf7Ij/ALlH9kR/3K1qKAMn
+yI/7lH9kR/3K1qKAMn+yI/7lH9kR/3K1qKAMn+yI/7lH9kR/wBytaigDJ/siP8AuUf2RH/crWoo
Ayf7Ij/uUf2RH/crWooAyf7Ij/uUf2RH/crWooAyf7Ij/uUf2RH/AHK1qKAMn+yI/wC5R/ZEf9yt
aigDJ/siP+5R/ZEf9ytaigDJ/siP+5R/ZEf9ytaigDJ/siP+7R/ZEf8AdrWooAyf7Ij/ALlH9kR/
3K1qKAMn+yI/7n6Uf2RH/c/StaigDJ/siP8AuUf2RH/crWooAyf7Ij/uUf2RH/drWooAyf7Ij/u0
f2RH/c/StaigDJ/siP8AuUf2RH/crWooAyf7Ij/uUf2RH/drWooAyf7Ij/uUf2RH/crWooAyf7IT
+7R/ZEf92taigDJ/siP+5R/ZEf8AcrWooAyf7Ij/ALlH9kR/3K1qKAMn+yI/7lH9kR/3K1qKAMn+
yI/7lH9kR/3a1qKAMn+yI/7tH9kR/wBytaigDJ/smP8Au0f2Qn92taigDJ/shP7tH9kR/wB2taig
DJ/smP8AufpUsemIpBC1o0ooAgithHVlRgUlOFAH/9kKZW5kc3RyZWFtCmVuZG9iagoxNyAwIG9i
agogICA0MDUyMwplbmRvYmoKMTkgMCBvYmoKPDwgL0xlbmd0aCAyMCAwIFIKICAgL0ZpbHRlciAv
RmxhdGVEZWNvZGUKICAgL0xlbmd0aDEgOTU4MAo+PgpzdHJlYW0KeJzteXt4FFW27961avejqqu7
ujudTjrp9CsJeRASOoRAQFIqIAryzDCJEgkPIyZiEiMZGgwJMhrDQwQxBMQIMcMjouQgIpcMBM5w
AM/R4XCEO8fRmfGMceZ+15ijczmeEZPKWVWdRHzNd+9f97vfd2t/Vbv23vVYz99aq4pQQohAGgkQ
/4rVy6o/lNu2ERJ/mRDuvhV1j/uf/vTwdkISkwmhHeXVD63+8zNfXCDEi+tky0OPRMqLzp9NwvOj
eE/iqgeXrbSJdx0mJKkI5yauwgnbq+ZeHG/FcfKq1Y+vPdthLsVxF463PlK1Yhmhx58jxDcVx8+t
Xra2mj/Ar8PxOzj2Vz/2YPXOxTsKcNxHCGsgHClXW/hy1oHUGolHsfBXiOEKNbHVHE+yL1zrG0/k
a33X+nKc9oA9JWAPlPNkoBYSBj5RW4zWv/7lMUM6PqOMEMNedp2YiItMUuItxjprrUDqzEbqshE+
xSGZ00hIDMbKN/p6w9f67JNxG0+y+8I3+sI5J465e9wcLU3JDTvsMpdJaV6uPZQX8BO7TALc/i3/
8/1//XTL4LmeHk6lO2mn+hO1KkLH0rvoDJp5syPCfxxRG9Xd6gtqA4pUo4V1IS1u8lNlnLRLdD3v
FOtsu+zG5807oc7+LKt17qR1RLY4rOkmhyHGEcuTNIcQ4oJxSF5Yo+9aH55o9GHfN9An9/bLeMg5
MT++Kh4JzY3Sp++B4XOtL+vpYdM2D26lTc3NaoRratZJ2/8bNXB2cODsYMdv1P1Inxvp+wPSZyNV
SoKZURF2GmslpIh3GASHyZpmCZE0AyfL1y70DvRe65P7kZL+8I3+MIoth87ushTN7rIW3T+7Sy66
v/gMkYfO4VNlbMoke/6kEsWt2Jfay+zb+e1su2G7sdHUaG4UGkWxVKMx4ArZo5TnumjtRfWhZna5
SV15KcK/10fXqFv6vs6KoKEQbuhz1OkcnU4H2aoscPhkB894u4/xIu4mMyf4GOPlJA44R5LdAcDZ
rJyUBJxFm8pwgFgnS2YGtA5qjQQ1a5UsomBiPHCS00Cc8rV37G7NCqb29rlR6I7JObMXFRtl9pmR
feYOG2XTZ/pA1kf6rDZXEgzl5VJsLmQHApDrwoO8jgv/O5f77OCMnesHr9Qf5+mVP0XYEjSOCB2v
XolwIW7KiG3UIk8SuU3xiGYj1LFas2YNhjST4LCgIZjQDqzDZir3apLv/7I/LF/IUcw5Qo6YY8mR
+FEL0GQZ1TuQc9ycJk3fka+z+tQt+K6moY/ZHPY5SadGpTAU5JIDPouY5OO8fp9oETNEiz/Ax9JW
toGMiW31bHA51o+pzvCLloDX5Ha4OAcxOV3jk71OYsvJkG9c6LvWi6Yg99sdUeeRe29cQNO8qPah
FKOSs36Gp0b9WBI8TtCRSpVnDEkGnzGYJqSJaZY0Kc2a5kvzpwXSgmmhAqFALLAUSAXWAl+BvyBQ
ECwIFQvFYrGlWCq2FvuK/cWB4mBxqFKoFCstlVKltdJX6a8MVAYrQ51Cp9hp6ZQ6rZ2+Tn9noDPY
GTojnBHPWM5IZ6xnfGf8ZwJngmdChTmZ8zP3Z3Zl8qWkNN+em0RzwxPzJqRm03E0b0JyIMy77aFx
NBQ0uGJifTSJumL4QDC5rcH7rz0vtj969KMPjtMxVNhEE1obvBfe3LV71T999M/d6mX16k71o1l0
+eGDdY/dtzIzf9KlU7//z7Fj1ZN7tz9UXrpsQv6ED8//8dMwGcam46jzBJJMdimzRMEMFpMPeDD6
eB4yTDxJBD6xTtwdcta5au0SX2czGP08g3gTiQW/GPKC1WJg8eiY/uT4GDkt0RJyBFNGsELulc+d
szvck1Hqjsl2bJpJ94fDaDZqv2Oy1kYNG/dh5dhQOSdEo83GlSLXbieaM4yjmdSu27UOf7wrxpAS
FVcm5QtL1mX9do/q6p+xbPFt5wYJ2lwR5WnC24Mtm7bu3r11E/e+tOSnalmE/mrrvYO/i2i2ePXc
vjcDrdu2taDtD91AOSxEOVjJZmWyVYq6qZgkiOi5Ipom/41TZ4hg0T3XSGph1GvNNmKwjXrtjano
tfZR1kYc1jTssMijyawZoAdEKpoEs0F0Sk6rLIekkNUvK/J8WUSToK4Qxaa5khk7w8L6wXf7B9/d
xv1yB32etqDeIjc72JJIZCAEv9OAiZLF6Fdfol95SKEST55zbwBpu32DxbweqhOsDouHxKQYpARU
z7V39OgV9RO1L0eRchKrEtdw6+PXe15ONNBSauCHg8yoGXJ22YEiz2dfTlF/rarq0+rd9C267inq
P9Aw5tdHfnvt2ocvnMmknX/+iB6gD9JyekC5Xd3xy261R30D27mDh8kwzkAZylokk5WYKMogyAiI
MiHEGC5okW/0hgd6w6MxULHZpBxJkeZLZVK11CgZb8WYXFcUYc5F8cWryYHT5GDYj3IQMaJkKw6y
wWLY4FhvqY6DFJc5xSZp0WxYAAgciF9V8Q3xPfFX4hG/UvRIG2XXHRWBfoT1PadP95zt7j6rNqlF
9DW6lkboUXXREnoHnU3n0DvUbvUt9ZTaHaH7aAW2l9SVGHdb1JVE5/s+tDEV+XaSDUqWzWc0Ggw+
WbZlyEZqMUGdwGrttM5KzGlGR5os4lFCccgOLhgzDLm96E69UQf6UnMiLeTd4jxoVUYjJaVKouKa
71plqHY1GRpdL7uMRmOsMdWYb8yXV8mG0lHh0RGU1vzqvp4e+h48dZYTetSbA6vPatL8+g9wOIIm
xucP3BGJ8jATY0Q7P514SUQZ64kxSm4K7cx9QGhLcFiBtrNDMrHf40ycZbDlOWVpJk/yPAaZuz0p
igg3buGh340QMALZOSeJz0d8FNDwZncJRRi6k4iCL0wiSUPn9NB9Mtu33dflg1HdT0O4jHUNY8KE
VA0mcTBz9276ldJR/8ZbrYNPbZzxk8qVT0YgL9KytOi9dwevRyJcXtPDL72qhqJ2UoT+wiM/mp1k
KU7SbDE0O9o0O5nmmmKeZgtrhnJDN5QBzVBOyvFKfFk8aFYy0S6nRrH5Vivhjlbff19NzZIlNeqf
1fO0kMZTD52mni86R5GdnvOq+vc1CGUGaqTp6m/Ur9Sb6vVR2ZpmIS055Aml0O9xSrwhk4BsHNOe
7pUPjIO2lEBcjMiM7emHQrFmEu8UZlncc+NNeRbZ4JobLzuDszL8clpyXurt43UXmooJUu+w2aCY
NalHxY7GownePRmDoyKRcHZYCZeFq8Pbw5rj/7BcvzcYVQH/wT1Ha996s3WwqeG2RQ+sahjc3zBt
4VLsn9FUMW3/o0+2Q6Ri2ZWrmvjpl5dW7Xh68C+3nmnqKV28QtNHNupjpiGGxJAAuUtJDriYPS6p
wxTXYaXt0EjardWmNkfCNHGqk8tz2XmZTApqlqWbloYXvVpGqlmVblTHC0OIsvl6RqeRquknFEwd
g/TTmNho9NA4utRKb2a1Vn9Mmfr1x9WtWaqB3lxasbqkZHXF0ggLrR3cumiBel39Gtu1BYuaIrT8
9MGuTz45dvC0pjdMnvg5qLc48hMlhcTaTWYnZbZ2OzsQ2yaZ2+2HRGGCicsl8p0Ok2zJs94ej9pB
bxjNoXQ/kC9o8dGhKcTnyfYUeuZ5lnoaPJpCRpKA7wl+To1h/pzHnz4/OHN3O8dPePUJXwmfq/7q
J4veeVNdosv1TFWledjO+dNIo5EkkgeVoAGIIJN2k/yy1BxjOgjNnraYaq9sJ9NMk82GQnfYq0lV
ixJRy8cQ0StjvNbpC5YlNSS9nHQlie8hPYYeY4+px9wjXCFXDFeMV0xXzFcEC4IM1UXrpSzg0kWd
n2vgQyN+AnlzH7h/HvfBYMoTm2ufjTmYOUT+pPap72PiI1ET9XDF/3Lk4K8cPzP9+q11j7/ZiVHQ
itNp6tsjPrsKbcSCNjJHSaHE7hX4Do/QEZPU7m+U2mOqPW02X54Xs35rnjTVOM0d1ozkRu/A1Km9
3zeSk4WhhtCxkIY8w+ag08s0YVtR7hrJKGy3JneoKnv40ZL7Vj9cRpfvVo1Ze6r/qA5S+GP1niw0
IfqHh08fPPbJJ10Hj0aaFi3AKoyhn2csWEQH1kZzLXYV8V8m8eQeJWivs8Rpwc+Kwc9icMU5bJIr
22zLsEshsx4HPZoTX0AvjoKkXa8K+7XU6b8jEM1PqE5oTIBRNA9jRsSHtMoFRtIiLTAu/Iqmqu//
Ve3/4ovqJ1/cu6laA/bPLl3+d9UW4T5+bcdzr47iINFxPQ3rmfFJqcQnx1pZKvW1W1MPmGJfdjbH
JbTRdlO1FfzWEB+b6+bykmzogCHZLYbT9Rxc88MorUjoxd5+9aJmNfqM3aHnfznKWF9GQUyhqzC2
0F0YVxg/2TMvoyFDyHRlx2a7GywNUoO1wdbga/A3BBqComZG9hE9pOZNmDhlWEXGUB56gJ+neaP6
4le1qoaZRx995djXg6fXNVbUxtUsfaeGeqlZbXtqRcW98xau5LYN9kWaiuYfe+WN44Ub1/90xSfB
4LXB319/5MEHVz4SxeBi9JMslEM6tSt3Yh5osywI+M0CZxIX+AP+kbrkNRb7moc1k6NjPM2uo442
vTYJmCxezp3rQk83zXMle+cRWzham1wYqU3sw8XJAFYrf+rXYfkHyxNFEs2iIIpYCkmi1YAhvbEh
8+XMnkxIN6cL6eJYy1gp3ToxNCNUYi4RSsQSS4lUYi3xlfhLAiXBklCFuUKoECssFVKFtcJX4a8I
VAQrQpvNm4XN4mbLZmmzdbN/c2BzcHNoj3mPsEfcY9kj7bHu8e8J7AnuCR0xHxGOiEcsR6Qj1iP+
I4EjwSOhqaX0+xXKxKhbfK9CSS2rsbZsfKT27od3/mLX5zcfuL6xxtzc+EiVsmjH1f3qkPrFit/7
aPrP6mfPVGZ6UtL3PPnaEV9AvbH60Rl3TJzmSsnbt+XEq0l6nU2y1cVsJurDQkKkRskc8XWp3RZE
Z0eXb7Md8r/gqU72TSDo6FMDVt3vpUnJo2FBA1m5V/9UoYW9EbcfSTOS9TQjmSQPpxmKWU4pTGlI
OZbCYwJ+S5RIGcHdkSgShWMufSRSqG3fCSMdg8tbuVkPD8cKHRO+iSLqrMhwTjV+6GM4zGowA3lA
8boF2UTaeU5H5moDdyhONtqpmclAJmEuMrUv/M61CxoqIzwP9MoXRj98iEUaQ9o3jzidozgSN5I4
zYtfitktlDpD2jcOe8AVsA9DctSv/mnvXrqcjlHfH1ugTONeML907oN98HqE3qOejAyu2TJ98X37
Nza/pesDcxTuN4i9InGRKUocdJod7TGHZEu7lcw2SJiJOG159ttjoxn8NT0khwf6PsT6QvS5s91l
7u3uLjejpU7deLCGw/fT0bD2y+oF86qq5i2opptaB6u07IEVLaiqwslHv16jx7PhPEmnwUzGKw5D
u6mRJ+0czSOyEfLY7UL03cNv1t4rZotl4naxS2TaZ7SRd3GFw6+IRLQQP/z943nEZxeZp6RLu8Sd
3/4udutnsQyHEDLoIB37DUjf6A8PA3S/ilan9uacsLl97h/5JqbXLSy3ebCVrm9uVp/69Nvfw3ZF
6zktbm9C+/eQsOIm7maQ7M0Wc5tWzeVq1dw0Q/jWam7gwsAFWb2Qc9yWiIkPBs3hiPstP9U0z29K
/fQf1V71Mp1AHVV/XFMtb3hsV/26zZUbrXTOyTdoKhW1gJuRob7ftOnyf35xpXGtTk+hlv+j7L1k
bTT/p5j7YwXQGE3/hbZvp/969s/fqef/Wsrznfx/4Jsg/H+c/tt/LP1v48h30n8tg6v/ofyfDn2A
udv7/Bis++uVAsHMmX4uWSXjzw1GK3ZzTEYkgWccGOZQSjKMxGJiGpdwiFgls8lo4Ckx20Tum8J/
4NuFv4bp363805hW+Utj+Uw2m5/N7ufvZ4bSwDdlPnaUvq02reGWb8RsyLKFbl+vNqE/RgbLuP1Y
7C/U4rU6ma1Cu/CRseRxZdxYv5wYstH0Didp95oszUY+1BHf5j3EH3ZWZ5lzjUl5/kSbTKamTjPG
hrO0oHQjGqxHofGiekHDRj3NQH0oiSYhTkgTCsfxxETMPKKSbI4R/Ca/OVkw63FZR/oxedGYcBu9
NVVCHugtqVQef1U9r/6u4re1NbYtGzuabk2b6FeqcSSngtcHyj76j0BAfbj8pUuRWxOopoi6dzi1
Oh3NVzAuaPzHYlxYpGSE3Eanx98hkPYYhoWCp0NuizkELwjVyfwEt9Mgu7g8MtU7TQon64lgOJoJ
/kBUOFGF0M+NpB259r/N1e7BFR0/zszXASxyTv0NNtC4tHpnC9pfPHlYCcXKTLQ4D5jcGpweMlUj
J3GzYnkZiZ8p5dlkcZJH+xKgJbLRPBatLTxa65AEOuw9WjDQAoFHdyEP8Qy70IntCV0J3LdSKt2T
ouzgKX9jt2oo1J2H3ryjuHLFRn7MwMJo7cxlRgafv1jZdpR+oMctjXog2t8cC+G5udgnYWYL6EkN
ZIguosvoWrqB7uQuch/6U/05/gL/0UBwaEj7z0L204W0DNfrh9eduD55dP3HNw0PPqR76T7ahm3/
cLuI7TLV/hAZ/+bd/zsbT7S/UxQtLFEfi/qR4S4hny7sTcSAXBKMPj+0xRI7YmMMcep8JqHwtS0B
JWMlNozJAeLAOB9Pgui5/3/7sY0jHF2vHfWq6Usqkwoy/F0PV5bQ5ThqwuN2UkbXUwygZC5ZQm4j
T5G/4PxG/X4f3YjtqP68szhzNnqG80fxKYQUkRqykbTq77jEL+HL+fV8OaZBW+gWnPmdtoaVQBaf
jtduxH09ri3XzmkhtnRSTrBKIO048yWuR8heKrB38cn/QFPIKnzPXNw70O1NSMt1auXKqQWvrdUM
DC0E+cNMo4KsIRG877rePsfxShJh1w0x3JfI1yxcM/Bl5BN8eg2poQLNhVzur3jvXJxp1riinYSD
CjTbMmxj9DadLMfnHMQrImQft5zL5cdoV+m030Y+ICd1usvJDhwvJJ36kcAAeQ/yaDnSr8kmnp0n
i4330IDBSrONDSgrYvCSjVw58cF0UkvQwE8atK/elGDk6eJS7l7ZpSwo9l8uCWSN/c7QLxv9XWR+
lxTxnxoaml/MJ7CSLpbYBSmmLj4l9G8/tvhvWWNnzy/2d12dMX34qTPKpuPcomI81UY4jfMzpmcR
HYW4B049lhUzY6lt6n8Qn0lX9nvvz/1fI/1X8wc+tl43p+O12iLVL8CjcZPqJcSWi+vV1uvD899s
If5dUm74nJQZ4kkZu0Hchryhz9l+PL9Emri3US4HcS1v6IbhAbIYzuL5X1Fy88l97CqZyRaTItPP
sG8l2Xw+mcLcpAjPizBzLGPZpIjfSIq1NThOxoNAZmo7e52U8X/A666SQv7g0Afa9fp+lWQP0zQd
939G4quR6Tjc+1B/xWgDH0V39j+Qqi7kDLVmPIWANQfBSsYd1wQsc0W8z5KMOyKmtIsQK65b8R7b
54TYGwlxrCTEidc7cc2Jz47BOReOXXh/bCshbtzjyrT/77q0QpyZZJLDKFVO+8uqYTCfSTfhmD/F
NSq9V1T49Wx4V4V3BHjbCpfDcKkbLnbDP9yECy3w9yqcV+Fcz13sXD303AVnc+BMPfxShG4VTqvw
31Q4ZYOTArzpghOp8IYAbyj88b/zsL/zQNcxD+tKgmMeeP1lib2eD69h91oAjubDqyJ0HrGzzjAc
scORRv7wODi0N4kdUuHgLxzsoBd+4YCOVzJZRze88riXvZIJ7di1d8OB/R52QIX9HnhZgraXulmb
Ci/tK2UvdcNLjfy+F1PYvlLYp/Av4tNeTIG9e+xsbxLsPTV0Thni99ih1QKtCr/bCy0ivNACuyR4
Ph527ljJdqqwA1+xYyU8t11kz8XAdhG2K/yz2yT2bAxsk2DrFoFtDcMWATZ7ofmZetaswjN4xzP1
8LQITyXBz3Hw8zBsetLJNqnwZI2NPemExgaJNarQIEGDwm/AKzaoUP+Ej9Wr8IQP1q/rZutVWBcp
Zeu6YV0jH1mbwiKlEFH4tSnws3yowzvqKmENdmtuwuNeqFXhMXzyYyrU2KCmka+uGseqVagaB4+q
sFqFR2SonA0VAqxS4SEBHlL48gA8WA8rVVC2raiE5d2wrB7KVHggFkpFGytV4X47lBR7WUkWFHvh
p2FYLELRIg8raoFFHljogQXzY9mCFJhvldn8WJiH3Tw3zL03kc2th3vvlti9iXCvws+xJbI542E2
Ls8Owz04f0893C3BrLsENqse7hJg5gyJzQzDjOkWNkOCGVGVTLfAnXfEsTtb4I44uF2xstvrQZlo
ZooVlEa+8LZ0VtgN07CbVgq34StuS4epU+LYVAdMKXCwKXFQMFlgBQ6YLMCkfBubVA/5eHe+DfIb
+YlmmKjweRPiWF4LTMg0swlxkGv2stwWCKdLLKzCeCvkWESWkwTZyeksOx/GBQQ2LgmyxtpZVguM
xXvG2mGswmeaISPVxDK8kC5BusKnjbGztBYYg3Nj7DBG4VNNkIKPSOmGZGeAJadDCLuQCkF8YLAF
An4TCwgQaOT9JvArvA9XfRmgnEiyZ7GkAvAGILEeElzgCUN8GOJwOU4Fd2w6c1dCLI5i08HFBOZK
gpg4cKKQnQFw4L2OerAjS/YskFE6sgo2XLMlglUGayMvIXPSTbCIYFF40QYCXip0g9kLJqOTmbrB
6AQDPtYQA0wApvA8OBjvBr6RB2pj4ABQeA7POBXHQLGQxyLyFF351Daa+f/mRv5vE/DN5iX/BeuW
g/kKZW5kc3RyZWFtCmVuZG9iagoyMCAwIG9iagogICA2NTc1CmVuZG9iagoyMSAwIG9iago8PCAv
TGVuZ3RoIDIyIDAgUgogICAvRmlsdGVyIC9GbGF0ZURlY29kZQo+PgpzdHJlYW0KeJxdkstuwyAQ
Rfd8Bct0EfkRe2gkK1KVbrLoQ3X7AQ6MU0sNtoiz8N+X4Uap1IXNYbgDd2Cy/eH54IdZZ+9htC3P
uh+8C3wZr8GyPvJp8KootRvsfJulvz13k8picrtcZj4ffD+qptHZR1y8zGHRqyc3HvlBaa2zt+A4
DP6kV1/7FqH2Ok0/fGY/61ztdtpxH7d76abX7sw6S8nrg4vrw7ysY9qf4nOZWJdpXsCSHR1fps5y
6PyJVZPnO930/U6xd//WNhVSjr397oJqqipK8zwOkWtwHblGvE7xAvFC2IKtaDbQbCKXeeI4xHiJ
eClMYJJc6CvRV1vwVrgH98IM5sgEpsTQkGjIgZ0wziI5y4CNMKEWkloItZDUUsNnLT4JdZHUZeDN
iDcDjRGNQa6RXIJnEs+EeyC5hwo1VlIjYR+SfegR/Cj7QGOSxiBuJA4PJnmA5zjIw91eSJ5Qeu3e
G/YaQmyL1JCpH6QTBs/3np3GSbLS9wsRFr4kCmVuZHN0cmVhbQplbmRvYmoKMjIgMCBvYmoKICAg
Mzc4CmVuZG9iagoyMyAwIG9iago8PCAvVHlwZSAvRm9udERlc2NyaXB0b3IKICAgL0ZvbnROYW1l
IC9XREpDUForRGVqYVZ1U2VyaWYtQm9sZAogICAvRm9udEZhbWlseSAoRGVqYVZ1IFNlcmlmKQog
ICAvRmxhZ3MgMzIKICAgL0ZvbnRCQm94IFsgLTgzNSAtMzg5IDE4NTQgMTE0NSBdCiAgIC9JdGFs
aWNBbmdsZSAwCiAgIC9Bc2NlbnQgOTM4CiAgIC9EZXNjZW50IC0yMzUKICAgL0NhcEhlaWdodCAx
MTQ1CiAgIC9TdGVtViA4MAogICAvU3RlbUggODAKICAgL0ZvbnRGaWxlMiAxOSAwIFIKPj4KZW5k
b2JqCjggMCBvYmoKPDwgL1R5cGUgL0ZvbnQKICAgL1N1YnR5cGUgL1RydWVUeXBlCiAgIC9CYXNl
Rm9udCAvV0RKQ1BaK0RlamFWdVNlcmlmLUJvbGQKICAgL0ZpcnN0Q2hhciAzMgogICAvTGFzdENo
YXIgMTE4CiAgIC9Gb250RGVzY3JpcHRvciAyMyAwIFIKICAgL0VuY29kaW5nIC9XaW5BbnNpRW5j
b2RpbmcKICAgL1dpZHRocyBbIDM0OCAwIDAgMCAwIDAgMCAwIDAgMCAwIDAgMCAwIDAgMCAwIDAg
MCAwIDAgMCAwIDAgMCAwIDAgMCAwIDAgMCAwIDAgNzc1IDAgNzk1IDg2NyA3NjIgNzA5IDAgMCA0
NjcgMCAwIDcwMyAwIDkxNCA4NzEgNzUxIDAgODMxIDcyMiA3NDQgMCA3NzUgMCAwIDAgMCAwIDAg
MCAwIDAgMCA2NDcgNjk5IDYwOCA2OTkgNjM2IDAgNjk5IDcyNyAzNzkgMCAwIDM3OSAxMDU4IDcy
NyA2NjYgNjk5IDY5OSA1MjYgNTYyIDQ2MSA3MjcgNTgxIF0KICAgIC9Ub1VuaWNvZGUgMjEgMCBS
Cj4+CmVuZG9iagoyNCAwIG9iago8PCAvTGVuZ3RoIDI1IDAgUgogICAvRmlsdGVyIC9GbGF0ZURl
Y29kZQogICAvTGVuZ3RoMSAxMTY3Mgo+PgpzdHJlYW0KeJzlentcFNf59zlzZmZ3Zi8zs3cWYXdZ
YLksgosoKJpR0XglxhiLpkQ0gNwUjXeQYGKNd4k3xJQIMdakJlE0xpJoFC0xNam1bTTGJm3SSi72
JTT9lZ8/S2B8n5kFNW1//fw+7z/v+/m8HM/OzDkzZ57nOc/zfS4jwgghHq1FBHmfWDhv8ad7miwI
+ToRouY8sWKZty791W6EYicihHcXL16w8Ku1f21HKO5TeGrLgorVxWmDd96G89fgGbmkaF6htOfB
4wjFl8DYsBIYsHgNV+G6Ga5jSxYuW/X+R+If4BrWQK9UVD4xD1HX4F2BCnWNhfNWLaY3MukIJbjg
2rv4yaLFy1ezt+A6EyHmcUShYqWeLmYOArU65JaN9HuIfQ/rmXyKRqntVzqHIPFK55XONKvkk+J8
kq+YRr1LSWTvF0q9znz7P55kExFGxQjpLjJXkQtb5QethTq9zlKo1+vsIqtjbaJOx06zWy06GvOk
Us/Md4hGgivNiLXbrDri1AuxkjPWLkmmWC7WQMfaBRRL+SLE7o7OjisdHZ1ih9iRJTmzLFlDUGp2
lzPUnd0Vguu0KY/k6UTmG51I93fmm9kxxwU3xvnyRk6ntwiWCJ3L4rEkWFItidZEW6blAUuWNcs2
STfR8pBlsnWyLU+XZ5lrmWOdYyvVlVgqLaXWUttKXa3Fw7JAup5Y9TaHzqa3WeN1sfp4a7xtmC5d
n2HNsE3QjdfnWCfYHtXN1D9qnWkr1BXqC61P2JbpluuXWZfa1rqb3EfdZ92x+Sg/PSNd8mf4OOyz
+6V0uw8usR/D2ZIzF/EblJEy4ob3zva1nlHQNgWdKWNQ+XfX6UD5d6isjH7mu7/Q0ndPlcHuwV7d
uUFvoXNAuxLQU3JqpM8QgUQjrorYpa+z+rb7t0XXxW+1FhirzFQEg3wpMaagW0ABA+OOcSQlit3t
sJOhUIfYJVmyVGl2dShdt74Uu251SVlZEkg4TY4VkyqTViW0JdFVCW24jWoj7XQ7086229sd7c42
V1tEm9uUj/Nxhj8GNtCRHhpm1ZgyY39MfMbQYem+jKHxMKfzZ4zG6SEHSf1m07Mbly3d1npQOTiq
ufzYr7uuY2rX+kXPiHML3pz1+69w7h9XVFU+sx2f7vtt2dLJE043/+TkpNXrC+dfS0z8BIX5VrLo
G8C3BwVRsZweRAK2ioO8JBFVRSXutur364x1tH93BPBOvxDVmMKl6KKD3kFCAGXEu3XDHUkpqjZ1
h3kHje7s7OjtFLv+AKyDLFTV0njn0GBxcO3glsE08CfZWGAokJEeDVwMG4VV/qiMoRZgyZnhs2ON
ybAAMuj03pulbXkFlmdrDuwd9nJ1+99vv1v98jBcojTs2rp9x47tW3eR072PffH3+PjPSgp+1l5X
OBcP7+nBw+YWHipXtp59//Pff/qni2139/gGa0M25EMPyfEOWrQTFLHb5Nmtk6qsS1CVrsC0lbIE
7SIJ4CDKGOTmk2LE7s7ujt7s7A7Y1M6OTpU5jTGNKb/or/W3+IGpuIGNGmBE1UuScR8rdHqL0nCP
gyO4uHWAg7KyQ/fIphLLvvugtJ9wje7J8FPA3EAGZEeTZCfhLFW2RhFUERHWFDQGrEJQSnPAPoR6
O1RYSe0M9XZe+WXa8TonGCye0mKfmfcOctxpAzxxQJMzpeGZs62gUCGHXdsLa9h2gOT3xqUOHjc2
NXXc/zrS9+eWFlzCLBmckzM4dezY7xLKysiM8n45zgKdsaFIlCtHU3p7FdLvY+qMrjr0Y8tWY8Eg
PWd3o0jsFpIGgfxCAHO/BN0AzegUFdATVSMs3ig5qjaKXEaX8WXqsv1yJKPqvi8srOHpqixRxlCU
HkK6wVjVenpW71cH9q/+sWd38JtzN5UvsONPf8XUFXbHxtqdIoX01z6prTnagtOVXjxUuXbs7XfO
vKXqOEYjQX4zYN85JMsWtkq/hEZVFGxwQEeCTBofFly/2EBohvuExmtC46GFhRZ3V1D44JG+m8eO
4dKysjJGLlPf8xrI5QvmW5SIA/JY0IRYn2gwGqI9VJRXNBoN0wxGr4924FpUyCwKOGrthe5FltJA
QZLXYPRF6Z2CnRKQPtGui41KRAKVpIFKR1jfwIxUWBE7ujUNVLruorT5GzjtPwBGi8kqRhu8yWnJ
05MXJ69NZlReLDOntFhnPjalxTbzMeAqCclAbhJKutOmcSUvS+ATDYnGRFOiJ9Gb6EuMyeSy+BGG
EcYRpixzVvQIzwjvCF9WTKZ/Ej/JMNk4yTTRM8k7yTcpZjY/2zDbONs02zvbNzumjKvgKwwVxnJT
uafCW+GriCn1V/PVhmpjtWm1udpT7a32Vces9g9vTm5JpgC/h0tODQPATlLxYJwxNDZsOtqGgyZ4
cDS222hfTPyZpcyps8dPLTn57kdHsbm75PbWJdKxN/f/ZM3Ftz54Xfmz8k31nYl4Jj780rYNFcuG
jxxz/qdnfpuSrJzfv+3p6vKq7OGj3mm6/mkorA/DYZ8+oQMoAi2XY5wSazTZqPWcy1QloEaugEZB
JxMgQTzCHBQDxlQ3aHCHCgGqisChMySCk1T3Iw0ka1C1xK3J043c/fI8URvZEkndVSK3pkRu9TZt
Gvvug3VVl6Qw1kl+6irOO6I8n36g/NjLh/DcuVVrn22mA73jyk6XVV68RmWV9+05/9zpN/ANjQ/A
BfIh2KEL7ZFj9JyVwUiokhDj2GriqqRGA6+nUpAYtOgDxqA5TXP7IQAIsV31T10h5cIF0K0LErin
NDlTRCIWKZGItMiIdtEhOkVXqltGMpYpmci0zOTYZYfslF12eDWl3uzFXorNv2csERqfEdD6+RzY
SOmu1djDjuvDMiZ3ysYdV/suHQKIGXa4KuUJOlG59VDu6RbFDTAzs/SdynKzyuMM4LET9sqEyuQY
bjSmMDVaz+mnGTiaqmIbuSrEUTxJYfgUnZFBZvFK+5V2MBAp7IQVpV1svxfNqFGMtmdTWoyaIZg1
is3QwhSfKKWKOQrCCi2gAFekkj2Der7vr2WkuK+YGls+ixS3Yv+s3n3nlKsqfUdAl1ZDfOZBr8tx
hI1a5S5ixWVCka2INeKVaL6xwBslUXw0crJctMQLlBfUCYK/dpXGsEGLF8CeARctmkJxM1UCwVQF
jUKvRqEXWr9M7xqzOqnpnVe9KWzH8QIRaIERWEEn6IUIwS1ECoOEKCHaKIBj9yAPTkWpmAXLw3af
pO4FsoM3BGcspQ8YohZgSDTbN3Polln/gV3KF3fQgo+XLOFe2rX/8E+b5mzKmMVcPajMjI1Vur/+
RvmvUDqO2V7/65+fvyyPo7r68Zb+CvA2AtfKec4mTu9osjs4vdAkCrB15iaO01ttlMU+WhQFYbRZ
cDjs0xyCnlCgtga6il3isomEqjI0WhBmCGe3CkaelRw6i4TANnUBJkjSwCpVkxTb2ixZFmeWFA5h
OzudIRUf7wWxem3bNYhUNQAu4R+tRbORKlL+TqfnBM6hdzr0bsHtiNcnComOTCHLkeWcKMzS/0BY
oF8gLHCUOFfqNzrqhZN6F83peJ2BMTImFhSHFfRWg03nsHBW3mqwGq0mi1k024VIm8vudCRwCXyC
Id6cKKSISVKSJdkWtCc6UiOHGYeZhpmzxAxrlv2ByAlcjjHHlGMeb53N5fF5hh8Is6RZllnWEq7Y
WGxaYC4SFojzpHmW+dYiW7GjIHIVt4pfZagSV0mrLCusVfYt1i22TfZNjrrIeqFefIt7m3/b0OqY
CbuciMNmB1Ex2J6fw5ohYp2UTk3u6z0E3gu37cN/PKm04937+roblPM7DqnerNeAXygvVz6FsLEM
v7lB+a0WhzwA+9oC/o1CEmqS46hCjudwIc9z0zBvREvNIOKlfCmh9DSLJBMRDHrKInZfyW5v781u
V7Vdhc8rAKBS/+bczSxSOdiLk17Oa/KaSf49E53SYrpnChbNFCzQwqYguwzYjTPxJEyzlINK4IdR
mfyD1ERep+q3xGnG68vA8APKnk59oFDkZF/et33LqO0XcJRy41vcQ9y9XypsGY5bSLp7+XLlE1V/
G8Gma4HPJDRNTuaiijzWZZYiZ5FHSFyGiuKLSKlQkOyN5qL8iTzys6ybNdp4ZKGSw1nAlTD83Oeu
NfvuykqzauAHEZduwKvdZ3bJsFX37O+95dce/+TW4cbWD5SvlNvLP1u0mD+yf9+xky1zQ0ePPrdh
wx7TYqY+OPidVza86XVfe/U3n6lW+NzuY8+3vFm8Y+e6LWufCvsH3ePgH9LQT+UxXrfVRLPJiOii
xPUkUJXYGOdz2QyMrmow2ep3cCjCyo8yxgS9eogo2QecoyIC9qD1gYRgkjcQG4xPGxJ2H2B1wFSH
mjn22xykjJA5qhyqVgd2JxseCM0NVYaeC7WEmHveYYi2fUOg9W+fNZVPNaQ6U12X+cuGy87LrrYQ
l4/DMur3GOHw+V9d3PUldFzGTxa9fPCQQjUXVFY/3azo+4+U6lrS9xeuOUTylq+8/Ju+C2VlVNxL
m98+rroYKti0IXymOpuyxdWg1RuURl0lcwBAdRpaKI8cO2bK+EBurBFNGZ8QS0zjq7gpVUKVTNbE
ViVza1xVycNzAwkW88RIdowRRZoHWaJGsYOiI0cNoXJBE2Dflb6uUGggIwTPpA1ld4Gk2mFMHe4/
pMXdTfHUFCgdkBkUIRAfq+oCS9ltFqeDVqNiJ0v7Y2ID8WqSMXwYBEs0xE92ETHfyzQY88hd+Ud/
97uj+btGNh4+nTOuTLn8xpyWWe9/Xjh3IU5+/enPCzIqlK6Xfqa8UfP0+mfX1uLZ5z/C81ZOzVXe
Vr7EdUtXb9hY9eT22zOm91y8+PfpM7b39sb1nK68MHP9tvhAvrLhv15Wvlqwsmbq1An5+eura/GD
77TiCbVPbTzUOP/LNUq3cpHgutKaHx/d33T0BdWezt25gT9AXZC/ZJ4wsQgZxSu97eDDHs47wUPc
Tmdni9nZs4egE2QeV2AE/xieYzAx6MJzacPvS1bOTc0anps7PGtqSWZububw3GnqO9ScJAp03Y0y
ZDfa56wjpr3GPVIdt5UURJpTjG5kc7NJkbD4lV9qpRdIRtT96Eg7XjlIDfjD+YaIvh+AqkKnowJ/
aPkaBOP+uugXReX2bev2NOytX7ndjR84fBzSDXQHD0lNU77duvarL7/8ek3N3VyzDOgxICdKlq2o
zsjWqamRi7jtORwkRi41sewnROxKO+GNqIygII8cwAB4uXMgAQIfTZXs3rt39+69DbtUSiJu3sQR
ylcT/tzRcfNmR8efnwAyFBxSfqUoyiUtNtwCWJ0LGDYIMMxntCHBhJZRhe4iptS0UrKZjE7EYyer
N/MithiiQF/vAZcaON1SIQswW7XmCfwEwwTjBNsEu2rNfi1soO02zOoGEFZTV6AZs4vLr5fcxGbl
Vy6jsoGqXN47Cr9bv/aFzXWN9BLMZ2X/6fwnymUnzLUqBxfi9vrvNu89vF2V10hlFt0K8jIiP3pU
DmIkRRETvdsNQXlMdJWX323b6i7wPiM0xnqCSOd2ZvjMwSgRBUxpsaJWfQhBINVxrwARupumn6iN
a4kDyeL+ioJGaWAAPyx2G+XXgFjzjAd3bd22Y8e2rbtawTeqyfrt2+1qsg6pHjWxtO3inz79/efv
v1kO6bryfk+PcnFuoRJZXg7yXnrnBjkO9Cei6/IYLfcb3Z/6jTbcS/1eRM1MXcDxor3ZDdpwL/VL
sUeNFvQB+4RYKkVA4/916tcL+qIVlL6f+g1kfl4t88sLeALegC8QE/DP4ecY5hjnmOZ45njn+ObE
5Pmf9Tzrfdb3bMyz/npPvbfeVx9T7z/kOeQ95DsUc8gfJSfXJh+1HbUfdRx1HnUdjThrO2s/6zjr
POs6G2FWs7WM9O9naxpc2f8hW1NNdGkZvW3zmmfm7lu/qfqjd2a+/UQZvXH5spVzNuzcu/6rDxa0
j7y9ckX+7AmzhqQEf1S881Aw6esFy2bMGPdwUkrqtsq9rwfRQH5Dd4FMo9BiebDOZHPTBDvX86SK
aYy0mAmu4reKSBplHRRkhaA1YBpBB91sAAWptOh+ZxV2VFpxE3xUryZOkN7JVE+tp8VD7jmnaM05
RUMLO6f0+13MPzmgmZpreami5dBBhW4qWA1Zmloaeadi0fsfaW4G/XzHqTfAuYRrbBsAC+rAFlUs
8AMWFBnZIkupigUgNY4VDPewQN3htLiQRRJBKylJtAAGSCooqb/Uln0NDfvU/jflL1j6WzcWlW8n
4On4Ech8pystymvK60rLE7gBL8KVuEEpUXYoO5USTZY9kEd1Aw08WiUPogsZliGFLDONsDRm2FI9
Xoo4nUQjygB+qr23XauGdLdruaGqa+E6sJY98aq8DFrmYUCGgcyDgywEp3KpPJ0/kBUbNJka1Hu1
e3wQhzIZcWo4hv2YVj7EFZsxgOTvfr6us6eqLLznc/A1ag61FBEkvkkhGiNa1GpHV36ZZoUwbg6F
FEQtbdTk+jTIdRvwFIHiUL4ci9zeImKtsKx2FgnEXcRBmBZv4y2I9TNGexRrcbCG+HCxslMrVYKw
20UtNFMT4EgP9lAe4qE9jCfa4/F4PT5PzBjrGNsYu2nAOwzt3wjf3eqlBd+tVA6NJ2fGHVn4B+UO
dt7sw4JyRvn0oSOPLTY9s/D8GeXM9r17t2/f20C9MGUyNn59A0vKBuWAskqZER19u6gCx9Exl8+f
//XFd977SONtE/BWr+lMHHpCjjEitkhARXZPRfRqf1Fkqb0g3stHOwhrsRtZjnGpnHV23tMiFQI/
0viK44ycSVKTelbUSXo1QxHNoiCKkqQWfHI9ud5cn+V7focMJIZ+Tfl8d42covZva2jYVlff8FbO
axWfYaLcvNmnfIvH4jjgdInxmUXnz0wANi7/Atigvp0yGTLEG6Cqq/HjeCM+Eh19q6hM+Z3G31WI
CT4jqzWb8MgCeH77PIErcFlYcAEuUc0SVE5Un/Q95y/dd351WmbmtKlZWVOnZWZNnZqVOU0LCDKn
TaPa+8fDOvUa4Mg6yNH16Ek5ihC1fEEwRtMgwFipm48JhQmiecRSnIq7gKag/d2dUtY/FQ44Va05
Ta05tZp4LyNXxzWT4NT5cC3BiV2EyudA17ViAr2ur3UPldKXu5xcYyp7djBDWvEPVVnc6UaI+QTo
oyC1eV1+GKnWSRViimUZi0SJYKeCNgQIoNPrsKjXmaEbjJRJ1Ot10yjWXIlEo57Qlex8nkiiYDYZ
9Dp4ACOTlSNWMJ4wU9kdkB9f6bTc5cwZ0gF7/YmxqJ3CUP8F+JQEi+pTHGrxQDALAp3AJLAJpgRz
UEq2aFUEHwdpC04P55XER9Lt+HkqVunqm7iOsr1C2Xf1/fFQTd/WmoNUFHXhu6gyprxnD6SUE5XW
fnsHv8kcBD2PQplypHsRImKtUGhbZCwlBdGSIMRHBZDTzMVFq4Hb/dp9AUIm0VPpUR27GhTHq0Gx
qqt0f/SmgqcavTEHxyoXu3b2zFu8EO/Ek6qwrWlJ3GcX/3Lr1l9e/jgNb/nNtcJ5i3HUCfxD/Ko8
Rnnl9HEA0Z8prcrrTfvVWgb49QCzBLS0RI5y8kg01dloPapiqUZbgUsnSjjIMQGCUgHDs9Xy2i/D
vhrO20VFi6CwmsWCgrg0BXEh1wBm2hkdo7fr7Pp4Xbw+NaI2oi6iKYLPt/rB14ST1vtq4fEZvz9w
4C08Rzk0dMLEsdQW/fYdTT8ip8vxZOVkeV/+hqmPzt3x7Lafqra1BPQpQtP3CDRO9qFK+zqjrtI8
38lXcjpsF2iXH9Fmi4mLdSDJ4FMLnBA/gal92Z+3pnaFbnVBSpd2fK5aJMG+MDj4+qsJavRH+9Ui
Ju7B+j2NjXuU28rKM2eo859jVun5XHnvK+r2iw37mnvq1S9uN861dfT9vn+/gTY2QvuemSDniIWS
yPGc0UDxhYIo2ACTRBGwyW63TbOLHMFmXkdIpZGZ75BwpRXxJgOxiKzFycba9eCt+j9mhnqzO0Lt
lqx+JYdoELbC+Y81oH59hytQ7MXap8wDOs7BxXIBcRg3gZto/wE3W5xtLxGrxCq7ied5A29kTayZ
FViRlVy83WQ32wWH5LA4rHZbEh9niDPGm+LNASFBHMGrBR01UoZ42SgbJ5hk0wSzbB4ryJJska2y
TXY/wucZ8oyPmh41TxfyxDyp1FBqLDIVmYuF+VKBpcBaYFttqDWsNtYaV5hWmFcIq8XV0rh7HzkB
Q+6r4oQ/cp6hHjxDrTuAv32lr5a6dFj5SV+29pGzvO8DKgN+L/Wll1Hv9v2k7F48xdrA1irloNum
M/VHU0v+z6MprQz+Pw6npP9JOKUVvdUiVN+s++KpOi1Z1+KpOyOVLHxc+x4WjUrlmGjRaSSc0xFZ
Z+WMVeZG6wseV4oDEdYxTAiYgsY0j1or1FyJmh/0ql7/owvir7TM+2Sqt8C72Hsf7R6Ndg+0/prw
UudSF4Xyv/e9TCva3/8VM+OS+uFsTFrquJQjuPjnr05cN3qu7tEZj/3g7vczpar8uyUHT/l8nxTM
qX4awjHNx2/rjwtT0Wg5JtZFiuxcUbRQlFQaXZAW6zJamICRSUFspJ1lAz5DmuqgugcytYGA8aMu
FWXuKwCQ+87DtSZ/TCyE68MHgnbggrzd9NxzTWpP3LymesuW6jWbKw6fUW7d/i/lP8+8uvfF29ev
334RNzQfO9b84rFjZMXGhoaNmxoaLjovNf32xo3fNl1yRh7deOLy5RMbj6q6dV3zYTTw4pMFpCNP
cpjR08hI8Syk+9lqBRAU50o2HNOwhm3gEkGI5DA1pO9yc99laghD910+oJ4coIagMFqovhpBQEBT
uXCMRiKMmFEtZNyP4Hl4FX4K76QuUJ96471p3hHe13wxd+6o/xcDNeMZuADma/rnrTCfdXf+v/9T
dfZT/DxuxPuhNfe3C9B+gX+hzf+rv0Tog5AVft0oEjmASgGZYCUvSgBb89x3pwX54DfmH56P0yIi
9S9W++X+DYUEug0xSAdHGsUjFgVAInokAdbbQY8Q7IALcmj+7hPGf8vx/5d/mEdLQeKt6ANoH8LZ
VFQGnmkDaobzL1C1Nn6O1qsNRq4z6r0folacCPdRasOpSN2zM7BOOsx9AfcXw3Uzmq/N95BLWnue
XKJWQrQ5Hc6ma080o1YykqbJpXDXnvoAjUJvo8PqOXMJ1cN9M9A1aGNh9cnoNLqO16GD+CqqQdvQ
UlplIArz4EPLoM1nrmrtW/RD7c3qWBlzFVC+GZUBn6dh9YPhcZyIZ5ACUozzgEMKHyYTYXQ9KqML
oAW0lqPxF+aBoqrh/f38okvUD6lEOoAPw3vUd1yC9Q+jUUBvMVA6ETql0k9uomaialwEcw5N1k1m
jZjV1aCZMFtN0vHzbBQqQDVkJqyQC2PbUC6+Bm8BlT7JMjRE4ijoFVuouEmFLfLDed5fzPalBP/h
0ivqvC1oeotptbf1zp3peXQkM7uFGdRC4vQtdJz/j//d5B9TglOm53lbLo7P6V91fEEOjD2SB6fq
FQzD+PiclLCdU4+3nnv4QsNcIfs/kUev6c2H13P/OnD8+8d9I8SP9Z/DpToZRgb41S1UohCSov7+
ce9i8eN/QowkGiRGbYGHhqBi+l1UzHjCnapDk+nT2nEkU41eYwJoOPkQxoajGYwTHaGvw7gTPQC9
UVePJsNLN8A65+hqWOc3sIYTbYF1RtKRaCk8OxmuN0DvoU6gOXB8Gvom6ji6CsfXmPfudLMetJQM
hzXnoyVMD3R4hqq+o75jE3tCxXPtLyfcMeRQ1EGAn+cAdiZC/xjwfiP0b4HjBuCmAGAL7uM6EOJv
A+j8GiFTK0LmtQgJLSAPIFeqgN4LILgGIWsQeidCdhkhB8w5tiLkHAod1nFlg/oMgg7ruxMQigRU
jGwHiF0Fim8DNwA0ePIA5r3QO9X/y6dJOYniUDJqQKrFimifipC0Af8NrulWaq38+XsKuWAl77bH
Mu8Wkndluj2W/NxEzp8LMOcLybkAacsnZ2vIaQM5ZSBvv2Vj3g6Rt2ykNUR+ppCTCnlTIW8o5LhC
jrU8yBzrIS0PkqMKOVJDXlfIa2by6mEj86qNHDaSn4bIK4Xk5WhyMEReOlDIvKSQA4XkxXoz82Ic
aV7FM81xpGkK2S+SFwaTxo3RTKNCfvy8yPw4ijwvkn0NZmZfHGmA+xrMpEGm98KDe21k71q63kzq
ZXpPHNn9ozRmt0J27bQyu+LIzh0mZqeV7GzFsszRO57jmR0msqMVI3kS/RxPnmuj6yprmLpTZPvT
Bma7RLbL9DY42zaCbN1yitmqkC2b85ktp8iWtfTmTXHM5nyyWaY3AV2b4sjGDRKzMZpsbL3TJt+h
N0hkPbx6fSH5URpZ5yDP1JOnDWRtYSGzViG1FSJTG0GeqjEzT4VIjZmsqRaYNVZSLZCqerJaIqt4
snKFl1nZQ1YsH8Ss8JLlg8gyeGhZNFmqkCcVsmSxiVmikMUmslimK2vIooWjmUXlZOFoUlFuZCpE
UrGWLjeScpkug1eW9ZDSklNMqUJKFuQzJadIyVp6QXEcsyCfLJDp4jhSBDcV9ZDCQvKEncxXyDyF
FMwdzBQoZO5g8rhC8hXywynksRoyRyGzc0ieQn6gkFmnyKMKeaSQzLCRh0Nk+kMCM72GPCSQ3DHy
WDLVQCYXkkkxemZSPZkYIg8SkXnQSiZYyHiKZ8ZHkJxxViannIwbKzLjrGTsGAMzViRjZI4ZYyAy
R2RVjo/QD9ST0XQKM3oaGZVtY0ZNIdkjeSbbRrJleiRPRmRZmBH5JCtTYrIsJFMiw01kmEIyhtqY
DIUMTbcyQ20kPcQz6VYSGsIxIZ6EwvszhCNpqS4mLYekDrYzqS6S2kYPjuaZwXYyeC2dwhUyKfUk
mGxjglNIMjCRbCPJMp0EpCcVksSENCZxDEkAwhLSSAAOAYXEjyBxJhcTl09i/RYm9hHih8f8FuKX
6Rg98XldjC+feD0S43URbxvtgZd5JOJZS0fzJFqmo/xkkEAiY4k7Io1xP0IiYNWINOJSiBNe6lSI
QyR2m42xlxOb1crYbMQm01YrscB9llNEAvFKChHhII4lAtAv1BMzzJkVYoIFTC5ikmmjQiB/ZAxy
Zjnh4R6+hnCFRK+TGL2N6CTCMiGGrSEMPMeECA2L0SkEFqV4gh8hSCG4FReu34aT/5/9Q/+3Cfi3
f+Dt/jcnwdVRCmVuZHN0cmVhbQplbmRvYmoKMjUgMCBvYmoKICAgODQxMgplbmRvYmoKMjYgMCBv
YmoKPDwgL0xlbmd0aCAyNyAwIFIKICAgL0ZpbHRlciAvRmxhdGVEZWNvZGUKPj4Kc3RyZWFtCnic
XZPBbtswDIbvegodu0NhR5KlFjACDN0lh3bDsj2ALdGpgUU2FOeQt5/IP2iBHhJ9ln7+Imm6eTn8
OOR5082vssQjbXqacyp0Wa4lkh7pNGe1MzrNcbs/yX88D6tqavDxdtnofMjTovpeN7/r4WUrN/3w
PS0jfVNa6+ZnSVTmfNIPf1+O2Dpe1/UfnSlvulX7vU40VbvXYX0bzqQbCX48pHo+b7fHGvap+HNb
SRt53iGluCS6rEOkMuQTqb5t97qfpr2inL6cuXvIOMX3oajesLRt66J6l4Tronq/E65L5QAOzA7s
mJ/Bz8wduGOO4Fi5s8J1UX2AJrAmGLBhHsBDZQuNFZ8RPiPv417L91p4Wvb0yNlzzg61OK7FEOoi
1kDvRT+BJ/ZBDlZyQGzg2AB9ED18PPtYaCxrLPpjuT8GORjOwaInlntiPdgzo0YrNaKflvvp4OPY
x+FeJ71CvYHr7XBvJ+8IPXHcE/+E3J6Y4e/FH/uW9w30deFhuL91Hgue3495i9dS6qjJkMuM8XTN
mT6+g3VZOUp+/wGixtAyCmVuZHN0cmVhbQplbmRvYmoKMjcgMCBvYmoKICAgNDE2CmVuZG9iagoy
OCAwIG9iago8PCAvVHlwZSAvRm9udERlc2NyaXB0b3IKICAgL0ZvbnROYW1lIC9TV01KWkUrRGVq
YVZ1U2VyaWYKICAgL0ZvbnRGYW1pbHkgKERlamFWdSBTZXJpZikKICAgL0ZsYWdzIDMyCiAgIC9G
b250QkJveCBbIC03NjkgLTM0NiAyMTA1IDExMDkgXQogICAvSXRhbGljQW5nbGUgMAogICAvQXNj
ZW50IDkyOAogICAvRGVzY2VudCAtMjM1CiAgIC9DYXBIZWlnaHQgMTEwOQogICAvU3RlbVYgODAK
ICAgL1N0ZW1IIDgwCiAgIC9Gb250RmlsZTIgMjQgMCBSCj4+CmVuZG9iago5IDAgb2JqCjw8IC9U
eXBlIC9Gb250CiAgIC9TdWJ0eXBlIC9UcnVlVHlwZQogICAvQmFzZUZvbnQgL1NXTUpaRStEZWph
VnVTZXJpZgogICAvRmlyc3RDaGFyIDMyCiAgIC9MYXN0Q2hhciAxMjIKICAgL0ZvbnREZXNjcmlw
dG9yIDI4IDAgUgogICAvRW5jb2RpbmcgL1dpbkFuc2lFbmNvZGluZwogICAvV2lkdGhzIFsgMzE3
IDAgMCAwIDAgMCAwIDAgMCAwIDAgODM3IDAgMzM3IDMxNyAwIDYzNiA2MzYgNjM2IDYzNiA2MzYg
NjM2IDYzNiA2MzYgNjM2IDYzNiAzMzYgMCAwIDAgMCAwIDEwMDAgNzIyIDAgNzY1IDAgMCAwIDAg
MCAwIDAgNzQ3IDAgMTAyMyAwIDAgNjcyIDAgMCA2ODUgMCAwIDAgMCAwIDAgMCAwIDAgMCAwIDAg
MCA1OTYgMCA1NjAgNjQwIDU5MSAwIDY0MCA2NDQgMzE5IDMxMCA2MDUgMzE5IDk0OCA2NDQgNjAy
IDY0MCAwIDQ3OCA1MTMgNDAxIDY0NCAwIDAgMCAwIDUyNiBdCiAgICAvVG9Vbmljb2RlIDI2IDAg
Ugo+PgplbmRvYmoKMSAwIG9iago8PCAvVHlwZSAvUGFnZXMKICAgL0tpZHMgWyAyIDAgUiBdCiAg
IC9Db3VudCAxCj4+CmVuZG9iagoyOSAwIG9iago8PCAvVHlwZSAvT3V0bGluZXMKICAgL0ZpcnN0
IDE4IDAgUgogICAvTGFzdCAxOCAwIFIKICAgL0NvdW50IC0xCj4+CmVuZG9iagoxOCAwIG9iago8
PCAvVGl0bGUgKERFVEFMTEVTIERFIExBIFJFU0VSVkFDSU9OKQogICAvUGFyZW50IDI5IDAgUgog
ICAvRiAwCiAgIC9EZXN0IFsyIDAgUiAvWFlaIDcwIDc2MyAwXQo+PgplbmRvYmoKMzAgMCBvYmoK
PDwgL05hbWVzIFsKICAgKGlkX09ic2VydmFjaW9uZXMpIFsyIDAgUiAvWFlaIDIwNSA1MzQgMF0K
ICBdCj4+CmVuZG9iagozMSAwIG9iago8PCAvRGVzdHMgMzAgMCBSID4+CmVuZG9iagozMiAwIG9i
ago8PCAvUHJvZHVjZXIgKGNhaXJvIDEuMTUuMTAgKGh0dHA6Ly9jYWlyb2dyYXBoaWNzLm9yZykp
CiAgIC9UaXRsZSAoUmVzZXJ2YWNpb24pCiAgIC9BdXRob3IgKCkKICAgL0tleXdvcmRzICgpCiAg
IC9DcmVhdGlvbkRhdGUgKEQ6MjAyMTAxMjgyMTIwMzBaKQo+PgplbmRvYmoKMzMgMCBvYmoKPDwg
L1R5cGUgL0NhdGFsb2cKICAgL1BhZ2VzIDEgMCBSCiAgIC9PdXRsaW5lcyAyOSAwIFIKICAgL05h
bWVzIDMxIDAgUgo+PgplbmRvYmoKeHJlZgowIDM0CjAwMDAwMDAwMDAgNjU1MzUgZiAKMDAwMDA2
MDgzMSAwMDAwMCBuIAowMDAwMDAxNTIwIDAwMDAwIG4gCjAwMDAwMDAwMTUgMDAwMDAgbiAKMDAw
MDAwMDAxNSAwMDAwMCBuIAowMDAwMDAwNzkwIDAwMDAwIG4gCjAwMDAwMDAwMTUgMDAwMDAgbiAK
MDAwMDAwMDc2OCAwMDAwMCBuIAowMDAwMDUwNTYzIDAwMDAwIG4gCjAwMDAwNjAzNTAgMDAwMDAg
biAKMDAwMDAwMTc4NyAwMDAwMCBuIAowMDAwMDAwOTgwIDAwMDAwIG4gCjAwMDAwMDEyMzcgMDAw
MDAgbiAKMDAwMDAwMTQ4NCAwMDAwMCBuIAowMDAwMDAyMjQ2IDAwMDAwIG4gCjAwMDAwMDIyMjMg
MDAwMDAgbiAKMDAwMDAwMjM0OSAwMDAwMCBuIAowMDAwMDQzMDg1IDAwMDAwIG4gCjAwMDAwNjA5
ODAgMDAwMDAgbiAKMDAwMDA0MzExMCAwMDAwMCBuIAowMDAwMDQ5NzgxIDAwMDAwIG4gCjAwMDAw
NDk4MDUgMDAwMDAgbiAKMDAwMDA1MDI2MiAwMDAwMCBuIAowMDAwMDUwMjg1IDAwMDAwIG4gCjAw
MDAwNTEwMjYgMDAwMDAgbiAKMDAwMDA1OTUzNSAwMDAwMCBuIAowMDAwMDU5NTU5IDAwMDAwIG4g
CjAwMDAwNjAwNTQgMDAwMDAgbiAKMDAwMDA2MDA3NyAwMDAwMCBuIAowMDAwMDYwODk2IDAwMDAw
IG4gCjAwMDAwNjEwOTUgMDAwMDAgbiAKMDAwMDA2MTE3NSAwMDAwMCBuIAowMDAwMDYxMjExIDAw
MDAwIG4gCjAwMDAwNjEzNzcgMDAwMDAgbiAKdHJhaWxlcgo8PCAvU2l6ZSAzNAogICAvUm9vdCAz
MyAwIFIKICAgL0luZm8gMzIgMCBSCj4+CnN0YXJ0eHJlZgo2MTQ2NwolJUVPRgo=

--===============5568690968473672596==--

-------------------------------------------------------------------------------
