Content-Type: multipart/mixed; boundary="===============0828482819280307359=="
MIME-Version: 1.0
Subject: =?utf-8?q?Hotel_Real_-_Confirmaci=C3=B3n_de_Reservaci=C3=B3n?=
From: reservaenrealnicaragua@gmail.com
To: justo@becerra.com
Date: Tue, 04 May 2021 16:42:40 -0000
Message-ID: <162014656046.3470.2714035188296523012@localhost>

--===============0828482819280307359==
Content-Type: text/html; charset="utf-8"
MIME-Version: 1.0
Content-Transfer-Encoding: 7bit

Pronto nos pondremos en contacto con usted. recibimos su solicitud para RealNicaragua
--===============0828482819280307359==
Content-Type: application/pdf
MIME-Version: 1.0
Content-Transfer-Encoding: base64
Content-Disposition: attachment;
 filename="justo@becerra.com_1234567_2021-05-04 16:42:38.883630.pdf"

JVBERi0xLjUKJbXtrvsKNiAwIG9iago8PCAvTGVuZ3RoIDcgMCBSCiAgIC9GaWx0ZXIgL0ZsYXRl
RGVjb2RlCj4+CnN0cmVhbQp4nJ1UXW/aMBR9z6+4j0FTzPVXHE8IjUI2daLrWtheqj64YCgtCTSk
237+7CQrRZSuNFEcK/f6nOPrm0MB3R1RNySCwiQLHgKsvhVzaBuE+SY4GQdM1HnurZCgRJVQoIgk
iTlz03EWtGcRRghuPguuwkE6bkkZ9obDdASDFIY9uExH6WWLy/BnSyVhr396/q11Pf4aUNZoYMC0
JDFqriRQzokSjCZJA07/gYcRtMZ3QUQTonQshYZIEKHr1KkL++hzNUho4hAjRiSLeayqrB7kq+ym
sDC1Tf6WAPYQnDoimEhQ+sVX4fcWU6HZmPWqKG21i6MAwjQzi+V7eW2xWeVmc4CWUoIxF0qBOyiU
DBPOK05aoY/WJodOB9q9SflolmP7p4TOzM5miAa70O3CyaDfQKVnbrZu6PbERVsmr5IjUl6r/OyP
3k5ujSsupHlZmKk5Vi1D5lJlhAIo+4j6newjs1y8lzyOkB5HHvZssVoucmtePtuDhD/yRWmn0FsU
fvXmzXznNxtb/DKTxWq76q2c5n/9EMf+eeqJCprW0B10ErpNixxWGifbysxtXlp4eLRQ2Er0kXL7
t4+Te+ibTbm0UFtAOq69imjuL29Zzqt2/EQR4a1BA5fKyeFSiz0/mdytM6oT/mnu/0oyWWUvgV9+
cfPYXwp+u9BX99wFV9deJ0wDinAGD0Ar7np0ZtoIcOyaoFCQgeDehp4+LGEEF1vH3ZVf5VItOX1N
fvSmUggeE+kN9dVSfJBcJqgV0+JADfa22AA/26JkjGh3gLt7bA8X+X3VaWf904Fb27RV1UG7Mfo8
dhH8BXDIffsKZW5kc3RyZWFtCmVuZG9iago3IDAgb2JqCiAgIDYxOAplbmRvYmoKNSAwIG9iago8
PAogICAvRXh0R1N0YXRlIDw8CiAgICAgIC9hMCA8PCAvQ0EgMSAvY2EgMSA+PgogICA+PgogICAv
Rm9udCA8PAogICAgICAvZi0wLTAgOCAwIFIKICAgICAgL2YtMS0wIDkgMCBSCiAgICAgIC9mLTEt
MSAxMCAwIFIKICAgPj4KPj4KZW5kb2JqCjExIDAgb2JqCjw8IC9UeXBlIC9Bbm5vdAogICAvU3Vi
dHlwZSAvTGluawogICAvU3RydWN0UGFyZW50IDAKICAgL1F1YWRQb2ludHMgWyAyOTcgNDk0IDQz
MiA0OTQgNDMyIDQ4MCAyOTcgNDgwIF0KICAgL1JlY3QgWyAyOTcgNDgwIDQzMiA0OTQgXQogICAv
QSA8PAogICAgICAvVHlwZSAvQWN0aW9uCiAgICAgIC9TIC9VUkkKICAgICAgL1VSSSAobWFpbHRv
OmNqcG0xOTgzQGdtYWlsLmNvbSkKICAgPj4KICAgL0JTIDw8IC9XIDAgPj4+PgplbmRvYmoKMTIg
MCBvYmoKPDwgL1R5cGUgL0Fubm90CiAgIC9TdWJ0eXBlIC9MaW5rCiAgIC9TdHJ1Y3RQYXJlbnQg
MQogICAvUXVhZFBvaW50cyBbIDQzNyA0OTQgNTIzIDQ5NCA1MjMgNDgwIDQzNyA0ODAgXQogICAv
UmVjdCBbIDQzNyA0ODAgNTIzIDQ5NCBdCiAgIC9BIDw8CiAgICAgIC9UeXBlIC9BY3Rpb24KICAg
ICAgL1MgL1VSSQogICAgICAvVVJJICh0ZWw6KzUzNTgwOTcyOTQpCiAgID4+CiAgIC9CUyA8PCAv
VyAwID4+Pj4KZW5kb2JqCjEzIDAgb2JqClsKICAzIDAgUgogIDQgMCBSCl0KZW5kb2JqCjIgMCBv
YmoKPDwgL1R5cGUgL1BhZ2UgJSAxCiAgIC9QYXJlbnQgMSAwIFIKICAgL01lZGlhQm94IFsgMCAw
IDU5NSA4NDEgXQogICAvQ29udGVudHMgNiAwIFIKICAgL0dyb3VwIDw8CiAgICAgIC9UeXBlIC9H
cm91cAogICAgICAvUyAvVHJhbnNwYXJlbmN5CiAgICAgIC9JIHRydWUKICAgICAgL0NTIC9EZXZp
Y2VSR0IKICAgPj4KICAgL1Jlc291cmNlcyA1IDAgUgogICAvU3RydWN0UGFyZW50cyAyCiAgIC9B
bm5vdHMgWyAxMSAwIFIgMTIgMCBSIF0KPj4KZW5kb2JqCjE1IDAgb2JqCjw8IC9MZW5ndGggMTYg
MCBSCiAgIC9GaWx0ZXIgL0ZsYXRlRGVjb2RlCiAgIC9MZW5ndGgxIDk1ODAKPj4Kc3RyZWFtCnic
7Xl7eBRVtu/etWr3o6qru7o7nU466fQrCXkQEjqEQEBSKiAK8swwiRIJDyMmYhIjGRoMCTIaw0ME
MQTECDHDI6LkICKXDATOcADP0eFwhDvH0ZnxjHHmfteYo3M5nhGTyllVnUR8zXfvX/e733drf1W7
9t71WM/fWquKUEKIQBoJEP+K1cuqP5TbthESf5kQ7r4VdY/7n/708HZCEpMJoR3l1Q+t/vMzX1wg
xIvrZMtDj0TKi86fTcLzo3hP4qoHl620iXcdJiSpCOcmrsIJ26vmXhxvxXHyqtWPrz3bYS7FcReO
tz5StWIZocefI8Q3FcfPrV62tpo/wK/D8Ts49lc/9mD1zsU7CnDcRwhrIBwpV1v4ctaB1BqJR7Hw
V4jhCjWx1RxPsi9c6xtP5Gt91/pynPaAPSVgD5TzZKAWEgY+UVuM1r/+5TFDOj6jjBDDXnadmIiL
TFLiLcY6a61A6sxG6rIRPsUhmdNISAzGyjf6esPX+uyTcRtPsvvCN/rCOSeOuXvcHC1NyQ077DKX
SWlerj2UF/ATu0wC3P4t//P9f/10y+C5nh5OpTtpp/oTtSpCx9K76AyaebMjwn8cURvV3eoLagOK
VKOFdSEtbvJTZZy0S3Q97xTrbLvsxufNO6HO/iyrde6kdUS2OKzpJochxhHLkzSHEOKCcUheWKPv
Wh+eaPRh3zfQJ/f2y3jIOTE/vioeCc2N0qfvgeFzrS/r6WHTNg9upU3NzWqEa2rWSdv/GzVwdnDg
7GDHb9T9SJ8b6fsD0mcjVUqCmVERdhprJaSIdxgEh8maZgmRNAMny9cu9A70XuuT+5GS/vCN/jCK
LYfO7rIUze6yFt0/u0suur/4DJGHzuFTZWzKJHv+pBLFrdiX2svs2/ntbLthu7HR1GhuFBpFsVSj
MeAK2aOU57po7UX1oWZ2uUldeSnCv9dH16hb+r7OiqChEG7oc9TpHJ1OB9mqLHD4ZAfPeLuP8SLu
JjMn+Bjj5SQOOEeS3QHA2ayclAScRZvKcIBYJ0tmBrQOao0ENWuVLKJgYjxwktNAnPK1d+xuzQqm
9va5UeiOyTmzFxUbZfaZkX3mDhtl02f6QNZH+qw2VxIM5eVSbC5kBwKQ68KDvI4L/zuX++zgjJ3r
B6/UH+fplT9F2BI0jggdr16JcCFuyoht1CJPErlN8YhmI9SxWrNmDYY0k+CwoCGY0A6sw2Yq92qS
7/+yPyxfyFHMOUKOmGPJkfhRC9BkGdU7kHPcnCZN35Gvs/rULfiupqGP2Rz2OUmnRqUwFOSSAz6L
mOTjvH6faBEzRIs/wMfSVraBjIlt9WxwOdaPqc7wi5aA1+R2uDgHMTld45O9TmLLyZBvXOi71oum
IPfbHVHnkXtvXEDTvKj2oRSjkrN+hqdG/VgSPE7QkUqVZwxJBp8xmCakiWmWNCnNmuZL86cF0oJp
oQKhQCywFEgF1gJfgb8gUBAsCBULxWKxpVgqthb7iv3FgeJgcahSqBQrLZVSpbXSV+mvDFQGK0Od
QqfYaemUOq2dvk5/Z6Az2Bk6I5wRz1jOSGesZ3xn/GcCZ4JnQoU5mfMz92d2ZfKlpDTfnptEc8MT
8yakZtNxNG9CciDMu+2hcTQUNLhiYn00ibpi+EAwua3B+689L7Y/evSjD47TMVTYRBNaG7wX3ty1
e9U/ffTP3epl9epO9aNZdPnhg3WP3bcyM3/SpVO//8+xY9WTe7c/VF66bEL+hA/P//HTMBnGpuOo
8wSSTHYps0TBDBaTD3gw+ngeMkw8SQQ+sU7cHXLWuWrtEl9nMxj9PIN4E4kFvxjygtViYPHomP7k
+Bg5LdEScgRTRrBC7pXPnbM73JNR6o7JdmyaSfeHw2g2ar9jstZGDRv3YeXYUDknRKPNxpUi124n
mjOMo5nUrtu1Dn+8K8aQEhVXJuULS9Zl/XaP6uqfsWzxbecGCdpcEeVpwtuDLZu27t69dRP3vrTk
p2pZhP5q672Dv4totnj13L43A63btrWg7Q/dQDksRDlYyWZlslWKuqmYJIjouSKaJv+NU2eIYNE9
10hqYdRrzTZisI167Y2p6LX2UdZGHNY07LDIo8msGaAHRCqaBLNBdEpOqyyHpJDVLyvyfFlEk6Cu
EMWmuZIZO8PC+sF3+wff3cb9cgd9nrag3iI3O9iSSGQgBL/TgImSxehXX6JfeUihEk+ec28Aabt9
g8W8HqoTrA6Lh8SkGKQEVM+1d/ToFfUTtS9HkXISqxLXcOvj13teTjTQUmrgh4PMqBlydtmBIs9n
X05Rf62q6tPq3fQtuu4p6j/QMObXR3577dqHL5zJpJ1//ogeoA/ScnpAuV3d8ctutUd9A9u5g4fJ
MM5AGcpaJJOVmCjKIMgIiDIhxBguaJFv9IYHesOjMVCx2aQcSZHmS2VStdQoGW/FmFxXFGHORfHF
q8mB0+Rg2I9yEDGiZCsOssFi2OBYb6mOgxSXOcUmadFsWAAIHIhfVfEN8T3xV+IRv1L0SBtl1x0V
gX6E9T2nT/ec7e4+qzapRfQ1upZG6FF10RJ6B51N59A71G71LfWU2h2h+2gFtpfUlRh3W9SVROf7
PrQxFfl2kg1Kls1nNBoMPlm2ZchGajFBncBq7bTOSsxpRkeaLOJRQnHIDi4YMwy5vehOvVEH+lJz
Ii3k3eI8aFVGIyWlSqLimu9aZah2NRkaXS+7jEZjrDHVmG/Ml1fJhtJR4dERlNb86r6eHvoePHWW
E3rUmwOrz2rS/PoPcDiCJsbnD9wRifIwE2NEOz+deElEGeuJMUpuCu3MfUBoS3BYgbazQzKx3+NM
nGWw5TllaSZP8jwGmbs9KYoIN27hod+NEDAC2Tknic9HfBTQ8GZ3CUUYupOIgi9MIklD5/TQfTLb
t93X5YNR3U9DuIx1DWPChFQNJnEwc/du+pXSUf/GW62DT22c8ZPKlU9GIC/SsrTovXcHr0ciXF7T
wy+9qoaidlKE/sIjP5qdZClO0mwxNDvaNDuZ5ppinmYLa4ZyQzeUAc1QTsrxSnxZPGhWMtEup0ax
+VYr4Y5W339fTc2SJTXqn9XztJDGUw+dpp4vOkeRnZ7zqvr3NQhlBmqk6epv1K/Um+r1UdmaZiEt
OeQJpdDvcUq8IZOAbBzTnu6VD4yDtpRAXIzIjO3ph0KxZhLvFGZZ3HPjTXkW2eCaGy87g7My/HJa
cl7q7eN1F5qKCVLvsNmgmDWpR8WOxqMJ3j0Zg6MikXB2WAmXhavD28Oa4/+wXL83GFUB/8E9R2vf
erN1sKnhtkUPrGoY3N8wbeFS7J/RVDFt/6NPtkOkYtmVq5r46ZeXVu14evAvt55p6ildvELTRzbq
Y6YhhsSQALlLSQ64mD0uqcMU12Gl7dBI2q3VpjZHwjRxqpPLc9l5mUwKapalm5aGF71aRqpZlW5U
xwtDiLL5ekankarpJxRMHYP005jYaPTQOLrUSm9mtVZ/TJn69cfVrVmqgd5cWrG6pGR1xdIIC60d
3LpogXpd/RrbtQWLmiK0/PTBrk8+OXbwtKY3TJ74Oai3OPITJYXE2k1mJ2W2djs7ENsmmdvth0Rh
gonLJfKdDpNsybPeHo/aQW8YzaF0P5AvaPHRoSnE58n2FHrmeZZ6GjyaQkaSgO8Jfk6NYf6cx58+
PzhzdzvHT3j1CV8Jn6v+6ieL3nlTXaLL9UxVpXnYzvnTSKORJJIHlaABiCCTdpP8stQcYzoIzZ62
mGqvbCfTTJPNhkJ32KtJVYsSUcvHENErY7zW6QuWJTUkvZx0JYnvIT2GHmOPqcfcI1whVwxXjFdM
V8xXBAuCDNVF66Us4NJFnZ9r4EMjfgJ5cx+4fx73wWDKE5trn405mDlE/qT2qe9j4iNRE/Vwxf9y
5OCvHD8z/fqtdY+/2YlR0IrTaerbIz67Cm3EgjYyR0mhxO4V+A6P0BGT1O5vlNpjqj1tNl+eF7N+
a5401TjNHdaM5EbvwNSpvd83kpOFoYbQsZCGPMPmoNPLNGFbUe4ayShstyZ3qCp7+NGS+1Y/XEaX
71aNWXuq/6gOUvhj9Z4sNCH6h4dPHzz2ySddB49GmhYtwCqMoZ9nLFhEB9ZGcy12FfFfJvHkHiVo
r7PEacHPisHPYnDFOWySK9tsy7BLIbMeBz2aE19AL46CpF2vCvu11Om/IxDNT6hOaEyAUTQPY0bE
h7TKBUbSIi0wLvyKpqrv/1Xt/+KL6idf3LupWgP2zy5d/nfVFuE+fm3Hc6+O4iDRcT0N65nxSanE
J8daWSr1tVtTD5hiX3Y2xyW00XZTtRX81hAfm+vm8pJs6IAh2S2G0/UcXPPDKK1I6MXefvWiZjX6
jN2h5385ylhfRkFMoaswttBdGFcYP9kzL6MhQ8h0ZcdmuxssDVKDtcHW4GvwNwQagqJmRvYRPaTm
TZg4ZVhFxlAeeoCfp3mj+uJXtaqGmUcffeXY14On1zVW1MbVLH2nhnqpWW17akXFvfMWruS2DfZF
mormH3vljeOFG9f/dMUnweC1wd9ff+TBB1c+EsXgYvSTLJRDOrUrd2IeaLMsCPjNAmcSF/gD/pG6
5DUW+5qHNZOjYzzNrqOONr02CZgsXs6d60JPN81zJXvnEVs4WptcGKlN7MPFyQBWK3/q12H5B8sT
RRLNoiCKWApJotWAIb2xIfPlzJ5MSDenC+niWMtYKd06MTQjVGIuEUrEEkuJVGIt8ZX4SwIlwZJQ
hblCqBArLBVShbXCV+GvCFQEK0KbzZuFzeJmy2Zps3Wzf3Ngc3BzaI95j7BH3GPZI+2x7vHvCewJ
7gkdMR8RjohHLEekI9Yj/iOBI8Ejoaml9PsVysSoW3yvQkktq7G2bHyk9u6Hd/5i1+c3H7i+scbc
3PhIlbJox9X96pD6xYrf+2j6z+pnz1RmelLS9zz52hFfQL2x+tEZd0yc5krJ27flxKtJep1NstXF
bCbqw0JCpEbJHPF1qd0WRGdHl2+zHfK/4KlO9k0g6OhTA1bd76VJyaNhQQNZuVf/VKGFvRG3H0kz
kvU0I5kkD6cZillOKUxpSDmWwmMCfkuUSBnB3ZEoEoVjLn0kUqht3wkjHYPLW7lZDw/HCh0Tvoki
6qzIcE41fuhjOMxqMAN5QPG6BdlE2nlOR+ZqA3coTjbaqZnJQCZhLjK1L/zOtQsaKiM8D/TKF0Y/
fIhFGkPaN484naM4EjeSOM2LX4rZLZQ6Q9o3DnvAFbAPQ3LUr/5p7166nI5R3x9boEzjXjC/dO6D
ffB6hN6jnowMrtkyffF9+zc2v6XrA3MU7jeIvSJxkSlKHHSaHe0xh2RLu5XMNkiYiThtefbbY6MZ
/DU9JIcH+j7E+kL0ubPdZe7t7i43o6VO3XiwhsP309Gw9svqBfOqquYtqKabWgertOyBFS2oqsLJ
R79eo8ez4TxJp8FMxisOQ7upkSftHM0jshHy2O1C9N3Db9beK2aLZeJ2sUtk2me0kXdxhcOviES0
ED/8/eN5xGcXmaekS7vEnd/+LnbrZ7EMhxAy6CAd+w1I3+gPDwN0v4pWp/bmnLC5fe4f+Sam1y0s
t3mwla5vblaf+vTb38N2Res5LW5vQvv3kLDiJu5mkOzNFnObVs3latXcNEP41mpu4MLABVm9kHPc
loiJDwbN4Yj7LT/VNM9vSv30H9Ve9TKdQB1Vf1xTLW94bFf9us2VG610zsk3aCoVtYCbkaG+37Tp
8n9+caVxrU5PoZb/o+y9ZG00/6eY+2MF0BhN/4W2b6f/evbP36nn/1rK8538f+CbIPx/nP7bfyz9
b+PId9J/LYOr/6H8nw59gLnb+/wYrPvrlQLBzJl+Llkl488NRit2c0xGJIFnHBjmUEoyjMRiYhqX
cIhYJbPJaOApMdtE7pvCf+Dbhb+G6d+t/NOYVvlLY/lMNpufze7n72eG0sA3ZT52lL6tNq3hlm/E
bMiyhW5frzahP0YGy7j9WOwv1OK1OpmtQrvwkbHkcWXcWL+cGLLR9A4nafeaLM1GPtQR3+Y9xB92
VmeZc41Jef5Em0ympk4zxoaztKB0IxqsR6HxonpBw0Y9zUB9KIkmIU5IEwrH8cREzDyikmyOEfwm
vzlZMOtxWUf6MXnRmHAbvTVVQh7oLalUHn9VPa/+ruK3tTW2LRs7mm5Nm+hXqnEkp4LXB8o++o9A
QH24/KVLkVsTqKaIunc4tTodzVcwLmj8x2JcWKRkhNxGp8ffIZD2GIaFgqdDbos5BC8I1cn8BLfT
ILu4PDLVO00KJ+uJYDiaCf5AVDhRhdDPjaQdufa/zdXuwRUdP87M1wEsck79DTbQuLR6ZwvaXzx5
WAnFyky0OA+Y3BqcHjJVIydxs2J5GYmfKeXZZHGSR/sSoCWy0TwWrS08WuuQBDrsPVow0AKBR3ch
D/EMu9CJ7QldCdy3Uirdk6Ls4Cl/Y7dqKNSdh968o7hyxUZ+zMDCaO3MZUYGn79Y2XaUfqDHLY16
INrfHAvhubnYJ2FmC+hJDWSILqLL6Fq6ge7kLnIf+lP9Of4C/9FAcGhI+89C9tOFtAzX64fXnbg+
eXT9xzcNDz6ke+k+2oZt/3C7iO0y1f4QGf/m3f87G0+0v1MULSxRH4v6keEuIZ8u7E3EgFwSjD4/
tMUSO2JjDHHqfCah8LUtASVjJTaMyQHiwDgfT4Louf9/+7GNIxxdrx31qulLKpMKMvxdD1eW0OU4
asLjdlJG11MMoGQuWUJuI0+Rv+D8Rv1+H92I7aj+vLM4czZ6hvNH8SmEFJEaspG06u+4xC/hy/n1
fDmmQVvoFpz5nbaGlUAWn47XbsR9Pa4t185pIbZ0Uk6wSiDtOPMlrkfIXiqwd/HJ/0BTyCp8z1zc
O9DtTUjLdWrlyqkFr63VDAwtBPnDTKOCrCERvO+63j7H8UoSYdcNMdyXyNcsXDPwZeQTfHoNqaEC
zYVc7q9471ycada4op2Egwo02zJsY/Q2nSzH5xzEKyJkH7ecy+XHaFfptN9GPiAndbrLyQ4cLySd
+pHAAHkP8mg50q/JJp6dJ4uN99CAwUqzjQ0oK2Lwko1cOfHBdFJL0MBPGrSv3pRg5OniUu5e2aUs
KPZfLglkjf3O0C8b/V1kfpcU8Z8aGppfzCewki6W2AUppi4+JfRvP7b4b1ljZ88v9nddnTF9+Kkz
yqbj3KJiPNVGOI3zM6ZnER2FuAdOPZYVM2Opbep/EJ9JV/Z778/9XyP9V/MHPrZeN6fjtdoi1S/A
o3GT6iXElovr1dbrw/PfbCH+XVJu+JyUGeJJGbtB3Ia8oc/Zfjy/RJq4t1EuB3Etb+iG4QGyGM7i
+V9RcvPJfewqmckWkyLTz7BvJdl8PpnC3KQIz4swcyxj2aSI30iKtTU4TsaDQGZqO3udlPF/wOuu
kkL+4NAH2vX6fpVkD9M0Hfd/RuKrkek43PtQf8VoAx9Fd/Y/kKou5Ay1ZjyFgDUHwUrGHdcELHNF
vM+SjDsiprSLECuuW/Ee2+eE2BsJcawkxInXO3HNic+OwTkXjl14f2wrIW7c48q0/++6tEKcmWSS
wyhVTvvLqmEwn0k34Zg/xTUqvVdU+PVseFeFdwR42wqXw3CpGy52wz/chAst8PcqnFfhXM9d7Fw9
9NwFZ3PgTD38UoRuFU6r8N9UOGWDkwK86YITqfCGAG8o/PG/87C/80DXMQ/rSoJjHnj9ZYm9ng+v
YfdaAI7mw6sidB6xs84wHLHDkUb+8Dg4tDeJHVLh4C8c7KAXfuGAjlcyWUc3vPK4l72SCe3YtXfD
gf0edkCF/R54WYK2l7pZmwov7StlL3XDS438vhdT2L5S2KfwL+LTXkyBvXvsbG8S7D01dE4Z4vfY
odUCrQq/2wstIrzQArskeD4edu5YyXaqsANfsWMlPLddZM/FwHYRtiv8s9sk9mwMbJNg6xaBbQ3D
FgE2e6H5mXrWrMIzeMcz9fC0CE8lwc9x8PMwbHrSyTap8GSNjT3phMYGiTWq0CBBg8JvwCs2qFD/
hI/Vq/CED9av62brVVgXKWXrumFdIx9Zm8IipRBR+LUp8LN8qMM76iphDXZrbsLjXqhV4TF88mMq
1NigppGvrhrHqlWoGgePqrBahUdkqJwNFQKsUuEhAR5S+PIAPFgPK1VQtq2ohOXdsKweylR4IBZK
RRsrVeF+O5QUe1lJFhR74adhWCxC0SIPK2qBRR5Y6IEF82PZghSYb5XZ/FiYh908N8y9N5HNrYd7
75bYvYlwr8LPsSWyOeNhNi7PDsM9OH9PPdwtway7BDarHu4SYOYMic0Mw4zpFjZDghlRlUy3wJ13
xLE7W+COOLhdsbLb60GZaGaKFZRGvvC2dFbYDdOwm1YKt+ErbkuHqVPi2FQHTClwsClxUDBZYAUO
mCzApHwbm1QP+Xh3vg3yG/mJZpio8HkT4lheC0zINLMJcZBr9rLcFginSyyswngr5FhElpME2cnp
LDsfxgUENi4JssbaWVYLjMV7xtphrMJnmiEj1cQyvJAuQbrCp42xs7QWGINzY+wwRuFTTZCCj0jp
hmRngCWnQwi7kApBfGCwBQJ+EwsIEGjk/SbwK7wPV30ZoJxIsmexpALwBiCxHhJc4AlDfBjicDlO
BXdsOnNXQiyOYtPBxQTmSoKYOHCikJ0BcOC9jnqwI0v2LJBROrIKNlyzJYJVBmsjLyFz0k2wiGBR
eNEGAl4qdIPZCyajk5m6wegEAz7WEANMAKbwPDgY7wa+kQdqY+AAUHgOzzgVx0CxkMci8hRd+dQ2
mvn/5kb+bxPwzeYl/wXrloP5CmVuZHN0cmVhbQplbmRvYmoKMTYgMCBvYmoKICAgNjU3NQplbmRv
YmoKMTcgMCBvYmoKPDwgL0xlbmd0aCAxOCAwIFIKICAgL0ZpbHRlciAvRmxhdGVEZWNvZGUKPj4K
c3RyZWFtCnicXZLLbsMgEEX3fAXLdBH5EXtoJCtSlW6y6EN1+wEOjFNLDbaIs/Dfl+FGqdSFzWG4
A3dgsv3h+eCHWWfvYbQtz7ofvAt8Ga/Bsj7yafCqKLUb7Hybpb89d5PKYnK7XGY+H3w/qqbR2Udc
vMxh0asnNx75QWmts7fgOAz+pFdf+xah9jpNP3xmP+tc7XbacR+3e+mm1+7MOkvJ64OL68O8rGPa
n+JzmViXaV7Akh0dX6bOcuj8iVWT5zvd9P1OsXf/1jYVUo69/e6CaqoqSvM8DpFrcB25RrxO8QLx
QtiCrWg20Gwil3niOMR4iXgpTGCSXOgr0Vdb8Fa4B/fCDObIBKbE0JBoyIGdMM4iOcuAjTChFpJa
CLWQ1FLDZy0+CXWR1GXgzYg3A40RjUGukVyCZxLPhHsguYcKNVZSI2Efkn3oEfwo+0BjksYgbiQO
DyZ5gOc4yMPdXkieUHrt3hv2GkJsi9SQqR+kEwbP956dxkmy0vcLERa+JAplbmRzdHJlYW0KZW5k
b2JqCjE4IDAgb2JqCiAgIDM3OAplbmRvYmoKMTkgMCBvYmoKPDwgL1R5cGUgL0ZvbnREZXNjcmlw
dG9yCiAgIC9Gb250TmFtZSAvV0RKQ1BaK0RlamFWdVNlcmlmLUJvbGQKICAgL0ZvbnRGYW1pbHkg
KERlamFWdSBTZXJpZikKICAgL0ZsYWdzIDMyCiAgIC9Gb250QkJveCBbIC04MzUgLTM4OSAxODU0
IDExNDUgXQogICAvSXRhbGljQW5nbGUgMAogICAvQXNjZW50IDkzOAogICAvRGVzY2VudCAtMjM1
CiAgIC9DYXBIZWlnaHQgMTE0NQogICAvU3RlbVYgODAKICAgL1N0ZW1IIDgwCiAgIC9Gb250Rmls
ZTIgMTUgMCBSCj4+CmVuZG9iago4IDAgb2JqCjw8IC9UeXBlIC9Gb250CiAgIC9TdWJ0eXBlIC9U
cnVlVHlwZQogICAvQmFzZUZvbnQgL1dESkNQWitEZWphVnVTZXJpZi1Cb2xkCiAgIC9GaXJzdENo
YXIgMzIKICAgL0xhc3RDaGFyIDExOAogICAvRm9udERlc2NyaXB0b3IgMTkgMCBSCiAgIC9FbmNv
ZGluZyAvV2luQW5zaUVuY29kaW5nCiAgIC9XaWR0aHMgWyAzNDggMCAwIDAgMCAwIDAgMCAwIDAg
MCAwIDAgMCAwIDAgMCAwIDAgMCAwIDAgMCAwIDAgMCAwIDAgMCAwIDAgMCAwIDc3NSAwIDc5NSA4
NjcgNzYyIDcwOSAwIDAgNDY3IDAgMCA3MDMgMCA5MTQgODcxIDc1MSAwIDgzMSA3MjIgNzQ0IDAg
Nzc1IDAgMCAwIDAgMCAwIDAgMCAwIDAgNjQ3IDY5OSA2MDggNjk5IDYzNiAwIDY5OSA3MjcgMzc5
IDAgMCAzNzkgMTA1OCA3MjcgNjY2IDY5OSA2OTkgNTI2IDU2MiA0NjEgNzI3IDU4MSBdCiAgICAv
VG9Vbmljb2RlIDE3IDAgUgo+PgplbmRvYmoKMjAgMCBvYmoKPDwgL0xlbmd0aCAyMSAwIFIKICAg
L0ZpbHRlciAvRmxhdGVEZWNvZGUKICAgL0xlbmd0aDEgMTAzNjAKPj4Kc3RyZWFtCnic5Xp7eBRV
tu/etauqu/pV1e9O59Hd6XQ6j86DDgEiAQsIiDwiAjIhGgmYhNABEgQEAjEo8g6ElyFohIgcnEGF
gMhEQIgYUXSYjCOIqDM+iA/mxoxzzDAYk8pZVZ0A3nPm3vnuP+d8361Npap27apaa+3fWuu3doMw
QkiDViOC3I8smF3xmW3vjwhFdSBE5T/y2BJ3bcZLXQi5xiOEd5VUzF3w7eq/tSLk/gye2jx3/oqS
H+/LT4Hzl+EZsbR4dpHx6XuOIeQphb4hpdBhcms/gOtGuI4rXbBk+fEHDDfhGt6B6ueXPzIbUWQK
QrEPwXXDgtnLK+inmAy4hjHIXfFoccXSFewNhLwOhJiHEYVKpDq6hDkA0qqQU9TR7yD2HaxmCiga
pbVe6hiEhEsdlzrSzUaP0ecxekpo1LOYRPZ8LdWpDDf//VE2EWGUj69Q+dRieIfwGoVojGjh0u/k
J3+XbvZYPfkUkhC1uAEkwKgbIdLF/AAWWi5G0UUMy5AilplMWBoz7Dw1Xow4lZFGlFa41Nra0zoI
pXUEu1qNWcas9InT8lT09yqB/n5mLJ7YpJme9wbSIhFeqkXavpZhxqHDZoqcG7lxGpemoQtgjFYZ
09cSHoNEZYwn02NkMn0ZRo8VezEtfYjnb8J0iP7krTUd3ZUhEBPsMlyaQTfTOUiHvOgBMYCRMZro
6V1OfSUfG1Pp1uyy1DgL3U/yDXGuAFI57ZkeQyBaQH59epzQ1REMtge7OoR2MEJHR3tPh9AZFDqF
TqM9Kyv9eLWvyUfhAmy12DKCQzIHx3tjWb8302MdiTOCJquF8sbG+40ZVk9mBj6ws2bL9u1banY2
H8Xzhry4svXmzdaVLw453Hv9KDV+XsuFrz770xfvvVZ2sGiW9F53t3RhVpEUWVYmz2vfNXoGyG9B
kShXjKHU1kqk3sPU6hy16FlTja4wSs1ZnSgSO/mkKFlimGZ5zkDYDkFqFzpNWemiyR0tRldHkzbU
htuoNmtbJFMAgnvCkg/NMGBvLMocjDKCSJUK56yKntHz7f69K5517Qp8/+Z16Wts++pvmLrEbt9Q
vUOgkPrKp9VVR5pwhtSDB0tXjp5848zrSMHFBMDFhyCvAz0txqo5M4MRX2lEjK1Gz1UaG7QaNZWC
hIBJ7dcFDOkRQld7R7D9UocgI6SzMyidPw8GPq/gRBwmIAELlEAEWmAEq2AT7IIjzSkiEYuUSERa
ZHKsok20iw4rfJqSB7uxm2Jl5SY2WWXQRCigiYAWBg02ehUNreGJMQ7Ml418GGJyJ27Yfrn34sEm
XDrkUGXKI3SidOO+3NNNkjMUItPnvVFeZpB1XNx3jRwDHRPRVXGUN5aK84zUaWNcVLR7pFannazV
uT20DT+PGplav+15a6Oz1lTjL0xya3WeaLU9xRo9klf7rePiqBQejU0Sulo7LrV3KLgyZcEWnj2A
XecNGWmKvwiG7+FUpfydGXvMnYxxgZjnd/ndfo8/1u/N1+Rr83X5+nxXvjvfkx+b513nWude51kX
u85b56pz13nqYuu8B10H3Qc9B2MPeqPF5OrkI5Yj1iO2I/YjjiMRZy1nrWdtZ+1nHWcjDAWoYGhm
RgwOwzoNp+LMwUPARnZrv/EsNheOAeCzAPHFIXrLplVPztqzduPKj96YfvKREL1h6ZJl+et37F77
7ftzW4ffXPZYwcxxMwalBJ4q2XEwkPTd3CVTp465PyklbUv57lcCYT+VcR4Cm2qRHSWLZlSrY2tl
eDuI05rDAbgdAO6ujrBthM704+6I8gjwPt+A54FM9gEQWy2IKt21e/euXbvrd34nfYMjrl/HEdK3
4/7S3n79env7Xx4B5Eo4KP1ekqSLA7ilO+H70ahCTFXpLU6aYPtaDalkGiJNBoIrNTUCMo4wRwVY
PmD26++iA07WjwJUekwYw10d7UK7HCnSsjs77cEeZTph9k6kuapdTS5yG5IxCiRjoIUhmXEnDAdw
GdYJLqbLaMx4YX7TwQMSva9wxep1jSEyteyN+Qvf+6j3fChEobe2n3oVEHrbjptBDw1KQI+LaZEe
bQQSdLgyYqe61uzZ6t0SUxtfYy7UVRqoCAZ5UmL1ASeP/FrGGWtLSlSwKEe9MBZln2yXOm98o0Ax
C5xSjiZxQlJ50vKEliS6MqEFt1AtpJVuZVrZVmurrdXe4miJaHHqZRfMDE8LoMisaCWHmXgZSZ7w
lKm8mWHXS/t+47oNSxZvaT4gHRjRWHb0D51XMbVz7cInhVmFr83407c498vHKsuf3IpP9/4xtHjC
uNON/3bi3hVri+ZcSUz8NBx3NsP85UI+ikKTRY/Ogng9WkIVOYuZefplRoteZ0cabGfVBo2ATdpo
0FNOh4KslKLljU6pU4D0BOppx2nGacfpxlnGWRlQwmuUZaStFsyqsDwznkw8EocVwGxF2dXS69gg
/d6hk9ZT5Ut7RuC361Y/t6m2gV6ENVnZX537VGqzw71m6cAC3Fr386bdh7bK87Qe5qkW5JXx7gW8
F+vYYtM8Ge9gMo7ltbfxLkeCdF/QZBQgo1BGwQQ4NwoyzuEvtXlPff0eef9R+is2/tiFBemHcXgK
noan4ylSk/Sy9IrU9AiuxwtxOa6XSqXt0g6pVLHZYZBhBXMZudAroo+w0cudxaywhC+2FLM6vAzN
0RW6o42UJgbZWS7GqOEpN8gEhmuV7dYv2XnZcFI74ALgzU2XU/WDE5v46Q8C0N0K0CGRD8TeiU0m
GGEO31QyvlseFM748TzhaZ7hWV7Fq/kI3slH8lF8NB+j4xGPXciF01AaZiE2YatHmRTZzz1Kjh0I
VQqojDTbO33w5hn/jh3S131o7seLFnEv7Nx76Df78jdmzmAuH5Cmx8VJXd99L/0jmIFjt9b94a1z
beIYqlOel7sBR00wLxQyon2ijyriNBwu0mi4yVijQ4sNKoFZrJlHKDXNIqOe8Fo1ZRK6LmUDyclu
la2S1t6TfSm7I9hPdASZ6TDAdI6lcRCzT7g5t95tIGFSM7FJJ1tLf9tkJsVkJmhhk4kOLXbiYfhe
TLOUjUrQDKGGae6hxmtUsh2M3AAiZRLkMWZQ70sUOdGb90PvEmrreRwtXfsBdxNnzzcSG8K+BaSr
R1MmfSrrebnvGv6crFDw5xJ5Mpuzzua5QoeJBarkEGQN5BmWfSR9qBL8w9HeeMf55cnDhk2elJU1
afKwrEmTsoZNLh2Wmwtdk6nW/v5wTHoCcLYFbBqBfKhAjENOdzExzzetsBfzxFnMzeML4y0aE2K9
jM4azZpsrDZejqldwGA6wzADxElyQAX3jHRhF+UiLtrFuGJcLpfb5XHFjjKPsoyyQtC5g8mAc8jg
COcxEx4IRYAScmbM4QV/lvqw/Xov5qUz0mf3HX6wQv/kgnNnpDNbd+/eunV3PfXcxAlY9901bJTW
S/ul5dLUmJibxfOxj45tO3fuDxfeeOcjRbeNoFud4sc+9IgYq0NsMY+Kra75MSu8xZHzrIXxbk2M
jbAmq47lGIesWUfHbc+Wc9lHil4+TsfpjTLRYQWVUW3WmfWCQeAFwWhM1CXqc1257lyP6Rf5jgw4
gVcJCJ5bCZqi9m6pr99SW1f/es7L8z/HRLp+vVf6AY/GPtB0ke7JhefOjAM12t4FNagfJk4Ab7gG
4WMFfhhvwIdjYm4Uh6RPlBhR2HeNnQMxIgItFH06NsKMuLU2o54mqJyn5tgKnSSOMcTpeCHOhOMY
I/I4QcH2S+09Si4EFbM77MFwnAXK7IosjKSUTHg7EDiVQOBEzv5AcHxbZGMkBYEXUqLXKMhzFjFw
gTxuZMSus9T4s6e+/vrUWXzzjNQtnYf2dyZUVtbTI3311Vc4htBw/p30EmT+KDxNmSfI71Qhcw3m
yYruFe2EM1VaGgRIg4iw+oDOb+YDxnQbwC7Y0y6XS1Cu9ACTTj9Wa8e3U7dNcU8btLB7mu/wBvMt
QvnOmLTUMaPT0sb8r8O9f2mC9M0sSs3JSU0bPfrnhJCcvOEdw4FD+plF4H2lYrRdgwR9rYVWo0qW
arAUOlSCEQc4xk9QGuSBbJki/y7MC+G8VZCUTIXlyAFCORQDOpBjIJJaGRWjtqqs6nhVvDotojqi
NmJfhKbA7AXxwoHiDt4fn/mn/ftfx/nSwcHjxo+mNqu3bt/3FDldhidIJ8p6C9ZPemDW9nVbfjPA
La6xFqhFPOg+Md5GC1aCInbpXbtUxkrzIlSpKtTXUKaAVSB+HECZUU5NUqycxkDsbJkZdbQrgO8v
oEQOeQVvtbfJSwOPGyAIVOZgk0w1ZUOSW1AHcemMJqleLp1+uvm2XDrhkuadNVu3b99aszMUgsIJ
D+3uxkNmFVGJoZ/fn3f2vS/+9NlXF+S574M6nfkUMExBWH1FvB/J1SpVhCmWZUxGSoC6lVe6IJuq
1CosqFUG2LU6Si+o1arJFGsoBw6lJnQ5O0dDjAJv0GvVKngAI72ZI2YokEEhmfm1A9gvdZj6Qz/z
vT2oYr6X/wlqJQ2olK7+C8gJCSaZx9vkBMcbeJ5OYBLYBH2CIWBMNimZzsNhqB6hydgiHpJhxc9Q
cVJn7/g1lOXXlHVn75cHq3prqg5Q0dT5n6NDTFn306EQHi81h8K8aDgYYCrMGYdE0cRWqhfRqJKC
yfGrSIBJ14QB3w93ALv2DrBrFLBroIXB7rsFcHxALlyhkg2FQowY6q+JmAMQB6PRMDHSuRARoZov
sizUzSOFMUaej4/2I7uB8wFZBt51R/Q7D1RecJW75KjA0nLFHE9lyrGMtocrNZnwyGBlDoyWLnTu
6J5dsQDvwPdWYsu+Rb7PL/z1xo2/vvhxOt78wZWi2RU4+jh+CL8kjpJ+ffoYEJ/fSs3SK/v2DvB7
sEM0KhcDTotK38/uF/2/s3slpP3L9N74r9D7WZUyvQeT9s64g9/XnjzWz+8xGgo++Cnth3i8VIy1
G1md3kKt5Rz6Sh41cIU0CtghagTwXYaA4NelKcFYdr/2MDHpgFAcDAs+sKryn8JvdWSTHH77tXEq
2jjlYWEO57mDyit6hbOq0UtdxnmHpWcy9pcdffEgnqWoQvt7xoROh8ovXKGyynqfPrft9Kv4mqKH
HEuioU5xokzRifbYa4l+t+5pYy1XQwojDSk6J7I42aRIGS6/u9Rf9vXIKxrpx8qjZJCGM71Mg212
462yVEYKHe3/c5Nc9Tm/K363uMy6Zc3T9bvrlm114rsPHYPCD/XhQWnp0g81q7/95pvvVlUN+An9
LeAjAleLefZ9nNq2z2rj1Pw+gVdzasM+jlObLZTJOlIQeH6kgbfZrJNtvJpQeq5SS1eyixwWgVCV
2gYTwgzhrGZep2GNNpXJiGBOVH4mQNJhNuSpEFpaTFlQGkKFJeOpA2KGsrJ0q9YPhwe53hf6Qwf8
k1fLjvGRcrz4RKXmeM6mttvUTt5pi1cn8om2YXyWLcs+np+h/hU/Vz2Xn2srtS9Tb7DV8SfUDppT
aVRaRsfoWQMysLzarLWobCbOrDFrZaZhMggGKx9pcVjttgQuQZOgjTck8ilCkjHJlGwJWBNtaZFD
dEP0QwxZQqY5y3p35DguR5ejzzGMNc/k8jR52l/xM4wzTDPMpVyJrkQ/11DMzxVmG2eb5piLLSW2
wsjl3HLNcm2lsNy43PSYudK62bzZstG60VYbWcfXCa9zJzUntc226RDzEnG/w4STPheOfVgF7HZC
b89BiDq4ZQ/+8oTUinft6e2ql85tPyi7TI8WP1dWJn0GJWIIv7Ze+qMS+4dLWfiYkvdj0DwxNkaw
6whnt0XWmjlI/g3m51yOFBtwANsQ3g88IN0lz5FCe+U1vx6ZeX50Xvi9XA2Dr7sL3RXuO3zdpXgH
1Cb93nF8sX2xg0IFv+AFipPIZ/6BNZWLMkEYlZ42JgWy2FsvjV8zcpbqgakP/uoWT5Aqy35edOCU
x/NpYf7KJ/rXJ1QPg7+ko9+Io9xOs55mkxFRRQtrib8yscHncVi0jKoyldR4bRyKMGtG6GIDbjUw
G/Zu+4gIvzVgvjshkOT2xwXi0wf1BzXQtD+w9WMxuzMI0U2m2jIa7XI1fHdwVrA8uC3YFGRu6z1I
0XsQtP4yxZymSdOm2dMcbZo2bZu9zdES5Arwfx3y/tPFrcUP2pf5bwtfPHBQohoLy1c+0Sip+4+U
EiX3Fq06SPKWLmv7QAmMvhc2KYExRAX2rQ+fyYt0oYqViCi8fEt/fZ2GRoqxcQ5SbOWKY/jipHkx
helxDp2J8euYFMRGWlnW79Gmy4sfXQOrAgOF90edcqy8g4aQO85V8hoYJK24zMFDhg4sksGsk5P7
tm3bJ++Jm1at3Lx55apN8w+dkW7c/If09zMv7X7+5tWrN5/H9Y1HjzY+f/QoeWxDff2GjfX1F+wX
9/3x2rU/7rtojzyy4Xhb2/ENR+S5bwBdqkGXJDRZTOaii13mJaZie7GLT1yCiuOLCRRQye4YLtqb
qEFelnWyOosGmajk8GrOwDJH1h05V57hrHRzeH4sbFiPX5bSyeCGt2vqd5ZeefjTG4camt+XvpVu
Lv18YYXm8N49R080zQoeObJt/fqn9RVMXSD1jV+vf83tvPLSB5/LlfW2XUefaXqtZPuONZtXPy6v
eUgNqnJmPyScyWiBOHz0qIlj/blxOjRxbEIc0Y+t5CZW8pUiWRVXmcytclQmD831J5gM4yPZUToU
aYgyRY9go2IiRwyickEzORn0dgaDAytVwqVwF+RnobMV+uTu/kO679bSE2QLQJyygOOPj5N1Yymr
xWS30XLqsMsUJE6mIINNQ4fEZQALAdMIiPkFE2UMw3cWHPnkkyMFO4c3HDqdMyYktb2a3zTjvS+K
Zi3Aya888UVh5nyp84XfSq9WPbF23epqPPPcR3j2skm50klIS7WLV6zfUPno1ptTp3RfuPDTlKlb
e3p83afLz09fuyXeXyCt/8eL0rdzl1VNmjSuoGDtymp8zxvNeFz14xsONsz5ZpXUJV0guHZe1bNH
9u478pzCy6Us+hrEBhcKoBIxIwBs0ixEuUkiqoxO3GVW71XpamnvrogacyH9XHRDCpeiigm4o3g/
yox3qobaklLC5bay7nf7p44/f9NP1cGCJoWupwqp1alNqUDX8S8j2gh8J3UHd77TYzLpjJ7r81ry
Ck3rqvbvvs3gcalUP8DgyemeB7/+KT7+89LC37bW3ibzB8ukmn4q36Lk6Tf7ruH3USf49bDjehYh
nXCppxVKyfvzjmsopKazs4Xs7JmD0HEymyvUAX0I32Mw0arC936xnPHmpKyhublDsyYpSxdDcyfL
37iq1As0fMMj8khFHuUwo6aRjtKw8LlseaUHguWlbDimY6We8hrlH6PIIWpQb1tjbxs1iKF72/bL
J/upQYrcLwO/WAM1iBo9KkYTIv9cQTBGk0GwZao5mFCYIFqDWIqTvTZcTnR1GG9VEuGCQVljg/jL
KfGXk1n97ZU1uV8hc5x8P5yP7NhBqAIOe7FcP3voNb3NT1MpvblLyRWmvHs7M6gZy78wyhLKMoE9
EU3lwjEGCdBjQNXAlqbh2Xg5fhzvoM5Tn7nj3enuu9wve2L7+uTfIlEjnooL4X5V/30z3M+6df+f
bzJH/gw/gxvwXmiN/e08tHfxu0rN/l9tccqTXkVSAjPkBhn1yIh8gH4B8XeM9ECVjqAs/r9vpn/S
r4E9ElkRA8dYYNxmqB6iIJ/EgIXViIZeFqmgGnb+C9/4/3bDGrQY5rIZvQ/tQzibhEJoEVqPGuH8
a7RS6X+TVssNeq4y8tgPUTNOhHGU3HAaktFwBt6TAfe+hvElcN2I5ij3u8lFpT1DLlLL5F/N4WyK
8kQjaibDaZpcDO/KU++jEegkOiSfMxdRHYybiq5AGw1vn4BOo6t4DTqAL6MqtAUtlqcYRWMN+G0I
2hzmstJ+QA8pX5b7QsxlqBoaUQj0PA1vPxDux4l4KikkJTgPNKTwITIeeteiEF0Iza+0HEW/sA4U
tRK+368vukg9RCXSfnwIviN/4yK8/xAaAfKWgKTjYadk+cl11Eh0IGEE8yaaoJrA6jCrqkLT4e5K
koGfYaNRIaoi0+ENudC3BeXiK/AVAOwJlqEh4qCAW2iifPcWNYn357nfnelJCfxvl25B5W5CU5r0
K9zNfX1T8uhIZmYTE9VEfOom2uf98p/d/DIlMHFKnrvpwtic/reOLcyBvml5cCpfQTf0j81JQUrU
oR5unue0fzeLz/47cqkV3Hx4NfdvA8efPu69S/hY/QVcyjdxGFjAiBdI0QgZo3/6uKdC+Li///YW
T4PFqOMon9oMEd2OuhkXGk6fRiXkQzSBjoT5/QCVMH44fxuOdrQZ9vWwH4b9buoYugzHJ2DfyJ5B
hVQtmkCGouHwjhLmnb4uuB7OutBi+XnYh9IrUQl9FQ2nVvYNV9VBHzwHewMIvF5+BmR4kz0O+LbL
uUDZcmCvCO8Y4hT+GAyxASEyH3JFC0gsQoCBx1UwRNUEqg9GiBsPYSkd9gaEtMshCOYhpHfDDvcN
RQjxUQgJ8C5hNdgF+o3fQXiDe2Z4lxX6rWBDuwD7ZxAaDwB0ehBywpjISbA3yv9XRbFiPMWhZFSP
ZI8U0B5ZBFqLf5SjXjO1WvziHYmcN5O3W+OYt4vI2yLdGkfe0pNzb/qZc0XkTT9pKSBnq8hpLTml
JSdftzAng+R1C2kOkt9K5IREXpPIqxI5JpGjTfcwR7tJ0z3kiEQOV5FXJPKygbx0SMe8ZCGHdOQ3
QfLrIvJiDDkQJC/sL2JekMj+IvJ8nYF53kcal2uYRh/ZN5HsFchzqaRhQwzTIJFnnxGYZ6PJMwLZ
U29g9vhIPYyrN5B6kd4ND+62kN2r6ToDqRPpp31k11PpzC6J7NxhZnb6yI7temaHmexoxqLI0du3
aZjterK9GSPxXnqbhmxroWvLq5jaU2TrE1pmq5FsFektcLblLlKz+RRTI5HNmwqYzafI5tX0po0+
ZlMB2STSG0GujT6yYb2R2RBDNjT3tYh99HojWQufXltEnkona2zkyTryhJasLipiVkuker7AVEeQ
x6sMzONBUmUgq1byzCozWcmTyjqywkiWa8iyx9zMsm7y2NIo5jE3WRpFlsBDS2LIYok8KpFFFXpm
kUQq9KRCpMuryMIFI5mFZWTBSDK/TMfMF8j81XSZjpSJdAg+Geom80pPMfMkUjq3gCk9RUpX03NL
fMzcAjJXpEt8pBgGFXeToiLyiJXMkchsiRTOSmUKJTIrlTwskQKJPDSRPFhF8iUyM4fkSeRXEplx
ijwgkWlFZKqF3B8kU+7jmSlV5D6e5I4SR5NJWjKhiNwbq2burSPjg+QeIjD3mMk4ExlLaZixESRn
jJnJKSNjRgvMGDMZPUrLjBbIKJFjRmmJyBFRtuM0+u46MpJOYUZOJiOyLcyIiSR7uIbJtpBskR6u
IXdlmZi7CkjWMCOTZSLDjGSongyRgMxbmEyJDM4wM4MtJCOoYTLMJDiIY4IaEgzPzyCOpKc5mPQc
kpZqZdIcJK2FTo3RMKlWkrqaTuGKmJQ6Eki2MIGJJBmUSLaQZJFOAtGTikhiQjqTOIokgGAJ6cQP
B79E4u8iPr2D8RWQOK+JiZtGvPCY10S8Ih2rJh63g/EUELfLyLgdxN1Cu+BjLiNxraZjNCRGpKO9
JIonkXHEGZHOOKeRCHhrRDpxSMQOH7VLxCYQq8XCWMuIxWxmLBZiEWmzmZhgnOkUMYJ5jRIR4CCM
JjzIz9cRA9wzSEQPL9A7iF6kdRLRwoVWHFZGNDBGU0W4IqJWGRm1haiMhGWCDFtFGHiOCRIaXkan
EHgppSF4GkESwc24aO0WnPw/dkP/3QL8HzfIZv8BfCmcLwplbmRzdHJlYW0KZW5kb2JqCjIxIDAg
b2JqCiAgIDczOTUKZW5kb2JqCjIyIDAgb2JqCjw8IC9MZW5ndGggMjMgMCBSCiAgIC9GaWx0ZXIg
L0ZsYXRlRGVjb2RlCj4+CnN0cmVhbQp4nF2STW6DMBCF9z6Fl+kigmBiGgkhVemGRX9U2gOAPaRI
xSBDFty+Hr8olboAf4znPcbjSc71c+2GVSbvfjINrbIfnPW0TFdvSHZ0GZw4ZNIOZr19xbcZ21kk
Qdxsy0pj7fpJlKVMPsLmsvpN7p7s1NGDkFImb96SH9xF7r7ODULNdZ5/aCS3ylRUlbTUB7uXdn5t
R5JJFO9rG/aHddsH2V/G5zaTzOL3ASWZydIyt4Z86y4kyjStZNn3lSBn/+2pApKuN9+tF2VmQ2qa
hiVwCk4Dq0PksIiyQLzguD5GDkuIZ4hnzAqsOKdHTs9MYGKGp2ZPBa1irYK/iv+Fv2J/lYNz5hbc
Mp/AJ2YN1oGP0B5Zq5GjOaeAT8E+GqyZc9STcz3aIG44jrPk8SyPiD+yD/yL6I8cHXM6cMeMOjXX
qdFbzb1V8FHso6BVrM1x9jz2tkB+wXeBvmXctwz+Gfsr5ISFL/d2i3zNPI/3+TFX78PoxKGNM8PT
Mji6z/U8zayKzy+7r8XtCmVuZHN0cmVhbQplbmRvYmoKMjMgMCBvYmoKICAgMzkxCmVuZG9iagoy
NCAwIG9iago8PCAvVHlwZSAvRm9udERlc2NyaXB0b3IKICAgL0ZvbnROYW1lIC9HQlNNSEsrRGVq
YVZ1U2VyaWYKICAgL0ZvbnRGYW1pbHkgKERlamFWdSBTZXJpZikKICAgL0ZsYWdzIDMyCiAgIC9G
b250QkJveCBbIC03NjkgLTM0NiAyMTA1IDExMDkgXQogICAvSXRhbGljQW5nbGUgMAogICAvQXNj
ZW50IDkyOAogICAvRGVzY2VudCAtMjM1CiAgIC9DYXBIZWlnaHQgMTEwOQogICAvU3RlbVYgODAK
ICAgL1N0ZW1IIDgwCiAgIC9Gb250RmlsZTIgMjAgMCBSCj4+CmVuZG9iago5IDAgb2JqCjw8IC9U
eXBlIC9Gb250CiAgIC9TdWJ0eXBlIC9UcnVlVHlwZQogICAvQmFzZUZvbnQgL0dCU01ISytEZWph
VnVTZXJpZgogICAvRmlyc3RDaGFyIDMyCiAgIC9MYXN0Q2hhciAxMTcKICAgL0ZvbnREZXNjcmlw
dG9yIDI0IDAgUgogICAvRW5jb2RpbmcgL1dpbkFuc2lFbmNvZGluZwogICAvV2lkdGhzIFsgMzE3
IDAgMCAwIDAgMCAwIDAgMCAwIDAgODM3IDAgMzM3IDMxNyAwIDYzNiA2MzYgNjM2IDYzNiA2MzYg
NjM2IDYzNiA2MzYgNjM2IDYzNiAzMzYgMCAwIDAgMCAwIDEwMDAgNzIyIDAgNzY1IDAgMCAwIDAg
MCAwIDAgMCAwIDAgMCAwIDAgMCAwIDAgMCA4NDIgMCAwIDAgMCAwIDAgMCAwIDAgMCAwIDU5NiAw
IDU2MCA2NDAgNTkxIDAgNjQwIDY0NCAzMTkgMzEwIDYwNSAzMTkgOTQ4IDY0NCA2MDIgNjQwIDAg
NDc4IDUxMyA0MDEgNjQ0IF0KICAgIC9Ub1VuaWNvZGUgMjIgMCBSCj4+CmVuZG9iagoyNSAwIG9i
ago8PCAvTGVuZ3RoIDI2IDAgUgogICAvRmlsdGVyIC9GbGF0ZURlY29kZQogICAvTGVuZ3RoMSAy
NTU2Cj4+CnN0cmVhbQp4nM1Ue1BU1xk/9/7Ot7vssnCXvQio4K6wReS17Ar1gfaKUFRSQsS22Iqi
rgvhEcH3a5NNo/UVVIxZH7EtSZxpi3lsbGo34rSaamyb4S+10f+SGZ1MZxynadNO4+Cl34KddNpp
/23PN/ee7/f7nuece65QhBApIiogtHVbN3uOBM99LoRyn5/j4d72nk+jn10VAlH2OtTevSPs3fjp
KOtn2N7UsX5NyPVy/XkhZCpzVR1MZHgcbzKuZVzQ0bN5u323iDPuYGzr3rBuTTIv417GqT1rtvfK
Ngoy3s3Y07txfe+WHZa/Mub8tEqoImzGZJjOcndWMdlIldeF5bpio1ZVivKrN+9XCO3m/Zv3/W6X
1+XzurxhKUY3YcroPTNmTfvbnzZaioQilo6NWWZadFEpthqe0gpfaUFFSXlhQdWskqnCqpe6oUwu
dFelUInD6q/SPq++G7g7Wn1Ve6DdrL47obnmVAjDW5w7OVUWlCu2nVMK3PkZM7KOeNL7/JUqrDsd
U0rOBKm8+kEg8CArYPL8++oPAhrDjKw5fsXnCmZ6K4Ou/Mpg5ayqYGBSVmZ+mZI/3ZKreP+NyPRO
eOPdR+b9R2/E4/HEuzXfr2lTlzWFl6vqPwFlhnk76YFhZfStzk4s69p7/kJ2zu8aGvsGDuz5Uu1K
WnmDFbvYxHuaEB+y3GDtCdEp+sQ+Mcj6PbFrnL8ibUlh5g4lfW+IhFLEfmpSlHJOo4pfcp4g2+6x
f5jxoFg7bn+IkXE5jRF1m1DRxFrTeMSgSGCelBiZeMajPhTzxUUxlNRpRMTYb5n4iKWGsy8Vl8Qd
5QVxVrklIqJfbJJsFrmKnW5xL51iLd0alz+KleOVk1wn3eJTHhSdvM5LnP3sBK8UKcvQhrDSwitU
lSEsZnav6JRtLIXjUju+vok1qOourv94vWJEXakWyUJliOska4xw/iExn/sNc6eL+VGT/eMPYhDJ
O5BDV8RS61JLqmKxRsRytu5CUDltyRVtIoLlnKGRuX7RqHzEVYQuLlhIQlVEiUeLq74lobjxVIvn
Nyu8pSX/Aj2a1RMXTXHnDk9ibKypRU6hFXGaGofPFpe+/E/+k/GT0pKGphZP/Ld1tY+z1rXVMtfc
wmoSMc18XW0pfyDJs1qV2N1zb9Lq9Oq/iGm25K6LG3caP/vH/MXtR3O127aPk/dZTESMv609Zq4Q
rtwvbo/2arcf818OVfKO0dt8rhOjNvn/mKinpohicVIkvzhNnOJ7LqRD+TNjmVCjxsfXTXzgxrWr
BXQthGuGvFqAXzvx/pVCej+EK4W43IpfRXDJgWEHLr6n08UA3tORCOAXJi6Y+LmJn5k4b+KdeD29
8xDxerxt4q0I3jTxRhrODaXSOR1DqfhpAD8J4cd5OBvA66+F6HUTr4XwaiyNXvVhcLudBn34UQN+
qOEHZTizP4/OmHjltEav5OK0hlMn0+iUDyfZ72QaThryBAee0HEiKmNpiBnyZR+O7/HTcRMvHXPT
Sz4cG3DSMTeOJRTDSJEDR+004MRAQhHGEnnUjqOX5ZENEToyjMPPO+iwC4cN2c9a/1y8eGiYXjRx
6GArHRrGoag8eMBHB1tx0JAHuK8DPuzf56L9edifGLtsjMl9Luzl0ntD2OPHC5PwvRiedyAaClHU
xHPdGj2Xg2cjafRsAJE07N6VTrvd2JWOnTHscGG7Hdu2emjbQ2zdMpW2erBlKjZz0OY8bDKx0URf
r5P6TPQ60WvIDRE807OAnulCzwJ0d6VSt4buqOxKRZchO7lk50M83TFMT5voaG+ljmF0RGV72Eft
rWg3ZNiH9ey0/iFCIazLxFoTa0y0rS6jNhOry7DKRKuJlQ34bgTfMbGiFi0mvm3iW8P4ponmEJbp
eCqApifTqSmCJ9PRuNCowRMOLA1hyXQbLYlhcQD10Kjeja9noE61U10Oahe5qbYLi2o0WuRGzUIH
1WhYaKTQQgeMFBjJfWyWX4thgSylBd/A/Gqd5jegep6dqnVUG3KeHXPnZNDcVsyZ7aI5GZjtwled
qDJROUunShOzgm6apSMYsFPQjUBFCgXsCEycT0UK/OXZ5K9FeVkmlWej/LIsy7NTWSbKorI0JUSl
MZQU61TSgGJeRLGOYkPO5NZnhlA0w09FCzGDG5vhRyFPhSa+Mhc+Zzb5WlGQn0EFzcjnsPwM5Bty
ug1eTzZ5W+GZ5iJPNjyX5TQuNs2FaVGZZ0eeIXPzMTUdUwowOcdPk5uRw1lz/Mg2kcVFs0xM0pCp
65TZBd3tJl2Hbki3GxnslzEMF2+vy4TGk1aDdO4/PYY0tqWZcHICZzachkw14WDgMGZ3wc4+9ghS
QrBZXWTTYXXBQgGyREAcRwFITiZLwUlVO5RmCBNKQgnt7VeK/2+H+F838F8H/63/Dp4NUxIKZW5k
c3RyZWFtCmVuZG9iagoyNiAwIG9iagogICAxODA2CmVuZG9iagoyNyAwIG9iago8PCAvTGVuZ3Ro
IDI4IDAgUgogICAvRmlsdGVyIC9GbGF0ZURlY29kZQo+PgpzdHJlYW0KeJxdkM9qwzAMxu9+Ch3b
Q3HTcwiM7pLD/tBsD+DYcmZoZKM4h7z9ZDd0MIEN0vf9zGfpa//aU8igPznaATP4QI5xiStbhBGn
QKq5gAs271297WyS0gIP25Jx7slH1bagbyIumTc4vLg44lEBgP5ghxxogsP3dXiMhjWlO85IGc6q
68Chl+feTHo3M4Ku8Kl3ooe8nQT7c3xtCeFS++YRyUaHSzIW2dCEqj1LddB6qU4huX/6To3e/hiu
7qa4R4GKe58XrnzyGcquzJKnbqIGKREC4XNZKaZC1fMLU0ZwxwplbmRzdHJlYW0KZW5kb2JqCjI4
IDAgb2JqCiAgIDIyMwplbmRvYmoKMjkgMCBvYmoKPDwgL1R5cGUgL0ZvbnREZXNjcmlwdG9yCiAg
IC9Gb250TmFtZSAvS0dJU1VTK0RlamFWdVNlcmlmCiAgIC9Gb250RmFtaWx5IChEZWphVnUgU2Vy
aWYpCiAgIC9GbGFncyA0CiAgIC9Gb250QkJveCBbIC03NjkgLTM0NiAyMTA1IDExMDkgXQogICAv
SXRhbGljQW5nbGUgMAogICAvQXNjZW50IDkyOAogICAvRGVzY2VudCAtMjM1CiAgIC9DYXBIZWln
aHQgMTEwOQogICAvU3RlbVYgODAKICAgL1N0ZW1IIDgwCiAgIC9Gb250RmlsZTIgMjUgMCBSCj4+
CmVuZG9iagozMCAwIG9iago8PCAvVHlwZSAvRm9udAogICAvU3VidHlwZSAvQ0lERm9udFR5cGUy
CiAgIC9CYXNlRm9udCAvS0dJU1VTK0RlamFWdVNlcmlmCiAgIC9DSURTeXN0ZW1JbmZvCiAgIDw8
IC9SZWdpc3RyeSAoQWRvYmUpCiAgICAgIC9PcmRlcmluZyAoSWRlbnRpdHkpCiAgICAgIC9TdXBw
bGVtZW50IDAKICAgPj4KICAgL0ZvbnREZXNjcmlwdG9yIDI5IDAgUgogICAvVyBbMCBbIDYwMCA3
MTAgXV0KPj4KZW5kb2JqCjEwIDAgb2JqCjw8IC9UeXBlIC9Gb250CiAgIC9TdWJ0eXBlIC9UeXBl
MAogICAvQmFzZUZvbnQgL0tHSVNVUytEZWphVnVTZXJpZgogICAvRW5jb2RpbmcgL0lkZW50aXR5
LUgKICAgL0Rlc2NlbmRhbnRGb250cyBbIDMwIDAgUl0KICAgL1RvVW5pY29kZSAyNyAwIFIKPj4K
ZW5kb2JqCjEgMCBvYmoKPDwgL1R5cGUgL1BhZ2VzCiAgIC9LaWRzIFsgMiAwIFIgXQogICAvQ291
bnQgMQo+PgplbmRvYmoKMzEgMCBvYmoKPDwgL1R5cGUgL091dGxpbmVzCiAgIC9GaXJzdCAxNCAw
IFIKICAgL0xhc3QgMTQgMCBSCiAgIC9Db3VudCAtMQo+PgplbmRvYmoKMTQgMCBvYmoKPDwgL1Rp
dGxlIChERVRBTExFUyBERSBMQSBSRVNFUlZBQ0lPTikKICAgL1BhcmVudCAzMSAwIFIKICAgL0Yg
MAogICAvRGVzdCBbMiAwIFIgL1hZWiA3MCA3NjMgMF0KPj4KZW5kb2JqCjMyIDAgb2JqCjw8IC9Q
cm9kdWNlciAoY2Fpcm8gMS4xNS4xMCAoaHR0cDovL2NhaXJvZ3JhcGhpY3Mub3JnKSkKICAgL1Rp
dGxlIChSZXNlcnZhY2lvbikKICAgL0F1dGhvciAoKQogICAvS2V5d29yZHMgKCkKICAgL0NyZWF0
aW9uRGF0ZSAoRDoyMDIxMDUwNDE2NDI0MFopCj4+CmVuZG9iagozMyAwIG9iago8PCAvVHlwZSAv
Q2F0YWxvZwogICAvUGFnZXMgMSAwIFIKICAgL091dGxpbmVzIDMxIDAgUgo+PgplbmRvYmoKeHJl
ZgowIDM0CjAwMDAwMDAwMDAgNjU1MzUgZiAKMDAwMDAyMTI2OCAwMDAwMCBuIAowMDAwMDAxNDIw
IDAwMDAwIG4gCjAwMDAwMDAwMTUgMDAwMDAgbiAKMDAwMDAwMDAxNSAwMDAwMCBuIAowMDAwMDAw
NzMyIDAwMDAwIG4gCjAwMDAwMDAwMTUgMDAwMDAgbiAKMDAwMDAwMDcxMCAwMDAwMCBuIAowMDAw
MDA5MTQwIDAwMDAwIG4gCjAwMDAwMTc4ODUgMDAwMDAgbiAKMDAwMDAyMTEwNiAwMDAwMCBuIAow
MDAwMDAwODgwIDAwMDAwIG4gCjAwMDAwMDExMzcgMDAwMDAgbiAKMDAwMDAwMTM4NCAwMDAwMCBu
IAowMDAwMDIxNDE3IDAwMDAwIG4gCjAwMDAwMDE2ODcgMDAwMDAgbiAKMDAwMDAwODM1OCAwMDAw
MCBuIAowMDAwMDA4MzgyIDAwMDAwIG4gCjAwMDAwMDg4MzkgMDAwMDAgbiAKMDAwMDAwODg2MiAw
MDAwMCBuIAowMDAwMDA5NjAzIDAwMDAwIG4gCjAwMDAwMTcwOTUgMDAwMDAgbiAKMDAwMDAxNzEx
OSAwMDAwMCBuIAowMDAwMDE3NTg5IDAwMDAwIG4gCjAwMDAwMTc2MTIgMDAwMDAgbiAKMDAwMDAx
ODM0NyAwMDAwMCBuIAowMDAwMDIwMjQ5IDAwMDAwIG4gCjAwMDAwMjAyNzMgMDAwMDAgbiAKMDAw
MDAyMDU3NSAwMDAwMCBuIAowMDAwMDIwNTk4IDAwMDAwIG4gCjAwMDAwMjA4NzAgMDAwMDAgbiAK
MDAwMDAyMTMzMyAwMDAwMCBuIAowMDAwMDIxNTMyIDAwMDAwIG4gCjAwMDAwMjE2OTggMDAwMDAg
biAKdHJhaWxlcgo8PCAvU2l6ZSAzNAogICAvUm9vdCAzMyAwIFIKICAgL0luZm8gMzIgMCBSCj4+
CnN0YXJ0eHJlZgoyMTc3MQolJUVPRgo=

--===============0828482819280307359==--

-------------------------------------------------------------------------------
