Content-Type: multipart/mixed; boundary="===============3282076233144745102=="
MIME-Version: 1.0
Subject: =?utf-8?q?Hotel_Real_-_Confirmaci=C3=B3n_de_Reservaci=C3=B3n?=
From: reservaenrealnicaragua@gmail.com
To: justo@becerra.com
Date: Thu, 28 Jan 2021 20:17:31 -0000
Message-ID: <161186505180.12913.4081831243100365444@localhost>

--===============3282076233144745102==
Content-Type: text/html; charset="utf-8"
MIME-Version: 1.0
Content-Transfer-Encoding: 7bit

Pronto nos pondremos en contacto con usted. recibimos su solicitud para RealNicaragua
--===============3282076233144745102==
Content-Type: application/pdf
MIME-Version: 1.0
Content-Transfer-Encoding: base64
Content-Disposition: attachment;
 filename="justo@becerra.com_1234567_2021-01-28 20:17:31.081261.pdf"

JVBERi0xLjUKJbXtrvsKNiAwIG9iago8PCAvTGVuZ3RoIDcgMCBSCiAgIC9GaWx0ZXIgL0ZsYXRl
RGVjb2RlCj4+CnN0cmVhbQp4nJ1VXW+bMBR996+4j0QTzrWNwVRVVdqwqVW6rQ3bS9UHlzgZWYCE
kK4/f4bQtU3Wj9QIY9m+55zrjwMDtI/LbKU8BmlOlgTbvmoKfY0wXZGThHBvM89+A0k596XPgSFS
5QuuGCQ56U9cdBFse0KunUGc9KR0ouEwHsEghmEEV/EovuoJ6fzsBcqJTs++fe3dJOeE8U4DB4tF
UYTYgPuKcgxQPICzB3AHesnsGZ3LrRCFHJVVSCX3hR9AMiZOBEWZ31YGxqaL2UJhjKIvvCAApIhS
CqFkG3m+nmclRKkuxnqX7zHMZdQTKETYRF0733s8cPRKL8qqNm12e3AyLjxplb+Xzolznc33TGy2
XtXl8a1JTVVpmpb5vtmZalUWerVvcrylGS10AYeH0I/Seq3nibmv4XBiJhNEjUdwdAQng9MOKr6w
rUVHt4fKz83BM+kvbXcd4qKu9FjvrRa5ncpcroDJAxZ8kH2k59nHyQUCxwPEd5+HyFTlPCuM3j4T
L1L9KLLajCHKqiZu9TqTrx6ZpqaoDSzXBiqzMtXdDuUbObqbLU42ZkND0ZTGc6zZPDEEzhRlGIpA
Wm9glHnWGuSOIaSzRc5CJY6nzYVoDvX/wK++2LbflAD+2KFz+87I9U0jDcaEIVzAEljLvamtG3YC
LLs1FvQgByEFZepfxxxGcPlomc/lt3OD0FfqNfnuu5ZCyIBag3hjKT5JIRWGAQ+9F9ZgJ8UO+EmK
nieoL4KtHJekr5n9H0D/3q7VoCSXpD/Mit/tfb44PRtYuO4CN1d3a4w9HbskfwGT43HGCmVuZHN0
cmVhbQplbmRvYmoKNyAwIG9iagogICA2MDQKZW5kb2JqCjUgMCBvYmoKPDwKICAgL0V4dEdTdGF0
ZSA8PAogICAgICAvYTAgPDwgL0NBIDEgL2NhIDEgPj4KICAgICAgL2ExIDw8IC9DQSAwLjcgL2Nh
IDAuNyA+PgogICA+PgogICAvWE9iamVjdCA8PCAveDEwIDEwIDAgUiA+PgogICAvRm9udCA8PAog
ICAgICAvZi0wLTAgOCAwIFIKICAgICAgL2YtMS0wIDkgMCBSCiAgID4+Cj4+CmVuZG9iagoxMSAw
IG9iago8PCAvVHlwZSAvQW5ub3QKICAgL1N1YnR5cGUgL0xpbmsKICAgL1N0cnVjdFBhcmVudCAw
CiAgIC9RdWFkUG9pbnRzIFsgMjE4IDUzMSAzNTMgNTMxIDM1MyA1MTcgMjE4IDUxNyBdCiAgIC9S
ZWN0IFsgMjE4IDUxNyAzNTMgNTMxIF0KICAgL0EgPDwKICAgICAgL1R5cGUgL0FjdGlvbgogICAg
ICAvUyAvVVJJCiAgICAgIC9VUkkgKG1haWx0bzpjanBtMTk4M0BnbWFpbC5jb20pCiAgID4+CiAg
IC9CUyA8PCAvVyAwID4+Pj4KZW5kb2JqCjEyIDAgb2JqCjw8IC9UeXBlIC9Bbm5vdAogICAvU3Vi
dHlwZSAvTGluawogICAvU3RydWN0UGFyZW50IDEKICAgL1F1YWRQb2ludHMgWyAzNTcgNTMxIDQ0
MyA1MzEgNDQzIDUxNyAzNTcgNTE3IF0KICAgL1JlY3QgWyAzNTcgNTE3IDQ0MyA1MzEgXQogICAv
QSA8PAogICAgICAvVHlwZSAvQWN0aW9uCiAgICAgIC9TIC9VUkkKICAgICAgL1VSSSAodGVsOis1
MzU4MDk3Mjk0KQogICA+PgogICAvQlMgPDwgL1cgMCA+Pj4+CmVuZG9iagoxMyAwIG9iagpbCiAg
MyAwIFIKICA0IDAgUgpdCmVuZG9iagoyIDAgb2JqCjw8IC9UeXBlIC9QYWdlICUgMQogICAvUGFy
ZW50IDEgMCBSCiAgIC9NZWRpYUJveCBbIDAgMCA1OTUgODQxIF0KICAgL0NvbnRlbnRzIDYgMCBS
CiAgIC9Hcm91cCA8PAogICAgICAvVHlwZSAvR3JvdXAKICAgICAgL1MgL1RyYW5zcGFyZW5jeQog
ICAgICAvSSB0cnVlCiAgICAgIC9DUyAvRGV2aWNlUkdCCiAgID4+CiAgIC9SZXNvdXJjZXMgNSAw
IFIKICAgL1N0cnVjdFBhcmVudHMgMgogICAvQW5ub3RzIFsgMTEgMCBSIDEyIDAgUiBdCj4+CmVu
ZG9iagoxMCAwIG9iago8PCAvTGVuZ3RoIDE1IDAgUgogICAvRmlsdGVyIC9GbGF0ZURlY29kZQog
ICAvVHlwZSAvWE9iamVjdAogICAvU3VidHlwZSAvRm9ybQogICAvQkJveCBbIDAgMCA1OTUgODQx
IF0KICAgL0dyb3VwIDw8CiAgICAgIC9UeXBlIC9Hcm91cAogICAgICAvUyAvVHJhbnNwYXJlbmN5
CiAgICAgIC9JIHRydWUKICAgICAgL0NTIC9EZXZpY2VSR0IKICAgPj4KICAgL1Jlc291cmNlcyAx
NCAwIFIKPj4Kc3RyZWFtCnicRZDBEsIgDETvfMX+gGkIkMDdH+jJs9NxvFSd6sXPl1ZKJ6d9LLuB
xY1YnKjBi0AF0fC+4YLnCklChg9MnhMe6EQSFU0QY0olrldJedWRbDv/6wlBqiMU19FcUSQ9PEEy
cSg9s+vWOh1EmYzNbRk7ipRj7pmaSdj21q6nY7NG5n1311F/XMs89FZbQ9ZPWVyVGVznFBNps5mV
1JJS8ILp4YYr4/7B8PWK88uNdX5LnEgzCmVuZHN0cmVhbQplbmRvYmoKMTUgMCBvYmoKICAgMTc5
CmVuZG9iagoxNCAwIG9iago8PAogICAvRXh0R1N0YXRlIDw8CiAgICAgIC9hMCA8PCAvQ0EgMSAv
Y2EgMSA+PgogICA+PgogICAvWE9iamVjdCA8PCAveDE2IDE2IDAgUiA+Pgo+PgplbmRvYmoKMTYg
MCBvYmoKPDwgL0xlbmd0aCAxNyAwIFIKICAgL1R5cGUgL1hPYmplY3QKICAgL1N1YnR5cGUgL0lt
YWdlCiAgIC9XaWR0aCA4MDAKICAgL0hlaWdodCA2MDAKICAgL0NvbG9yU3BhY2UgL0RldmljZVJH
QgogICAvSW50ZXJwb2xhdGUgdHJ1ZQogICAvQml0c1BlckNvbXBvbmVudCA4CiAgIC9GaWx0ZXIg
L0RDVERlY29kZQo+PgpzdHJlYW0K/9j/4AAQSkZJRgABAQAASABIAAD/4QCMRXhpZgAATU0AKgAA
AAgABQESAAMAAAABAAEAAAEaAAUAAAABAAAASgEbAAUAAAABAAAAUgEoAAMAAAABAAIAAIdpAAQA
AAABAAAAWgAAAAAAAABIAAAAAQAAAEgAAAABAAOgAQADAAAAAQABAACgAgAEAAAAAQAAAyCgAwAE
AAAAAQAAAlgAAAAA/+0AOFBob3Rvc2hvcCAzLjAAOEJJTQQEAAAAAAAAOEJJTQQlAAAAAAAQ1B2M
2Y8AsgTpgAmY7PhCfv/AABEIAlgDIAMBIgACEQEDEQH/xAAfAAABBQEBAQEBAQAAAAAAAAAAAQID
BAUGBwgJCgv/xAC1EAACAQMDAgQDBQUEBAAAAX0BAgMABBEFEiExQQYTUWEHInEUMoGRoQgjQrHB
FVLR8CQzYnKCCQoWFxgZGiUmJygpKjQ1Njc4OTpDREVGR0hJSlNUVVZXWFlaY2RlZmdoaWpzdHV2
d3h5eoOEhYaHiImKkpOUlZaXmJmaoqOkpaanqKmqsrO0tba3uLm6wsPExcbHyMnK0tPU1dbX2Nna
4eLj5OXm5+jp6vHy8/T19vf4+fr/xAAfAQADAQEBAQEBAQEBAAAAAAAAAQIDBAUGBwgJCgv/xAC1
EQACAQIEBAMEBwUEBAABAncAAQIDEQQFITEGEkFRB2FxEyIygQgUQpGhscEJIzNS8BVictEKFiQ0
4SXxFxgZGiYnKCkqNTY3ODk6Q0RFRkdISUpTVFVWV1hZWmNkZWZnaGlqc3R1dnd4eXqCg4SFhoeI
iYqSk5SVlpeYmZqio6Slpqeoqaqys7S1tre4ubrCw8TFxsfIycrS09TV1tfY2dri4+Tl5ufo6ery
8/T19vf4+fr/2wBDAAgGBgcGBQgHBwcJCQgKDBQNDAsLDBkSEw8UHRofHh0aHBwgJC4nICIsIxwc
KDcpLDAxNDQ0Hyc5PTgyPC4zNDL/2wBDAQkJCQwLDBgNDRgyIRwhMjIyMjIyMjIyMjIyMjIyMjIy
MjIyMjIyMjIyMjIyMjIyMjIyMjIyMjIyMjIyMjIyMjL/3QAEADL/2gAMAwEAAhEDEQA/APf6Q0tR
ySLGjO5CqoyST0oAfxS5rEl8SaShP/EyteP+moqrJ4r0lemo2x/7aCnysDpM5ormP+Es0v8A6CFt
/wB/BR/wlul/9BC2/wC/gp8rA6eiuY/4S7Sv+ghbf9/BR/wlulf9BG2/7+CjlYHT0VzP/CW6V/0E
bb/v4KrXnjnRrG3M819GUH9w7jRySYrpHX0V52Pi14ZIz9rl/wC/Ro/4Wz4a/wCfuT/v2atUZC50
eiUV55/wtnw1/wA/cn/fs0f8LY8N/wDP3J/37NHsavYOdHodFee/8LY8N5/4+5P+/Zpf+FreG/8A
n7k/79ml7Cr2DnR6DRXn/wDwtXw5/wA/cn/fBo/4Wp4cP/L2/wD3waPYVewc6PQKK4D/AIWn4d/5
+3/74NH/AAtPw7/z9v8A98Gj2FQOdHf0VwH/AAtPw7/z9v8A98Gj/haXh7/n7f8A74NP6vUDnR39
FcB/wtLw7/z9v/3waP8AhaXh3/n7f/vg0fV6gc6O/ozXA/8AC0fD3/P2/wD3waQ/FLw6P+Xt/wDv
g0ewqC50d/mjNef/APC0/Dv/AD9Sf98Gl/4Wn4d/5+pP++DS9hU7D54nf5ozXn//AAtPw7/z9Sf9
+zR/wtTw6P8Al6k/79mq9hU7MOeJ6BRXn/8AwtXw7/z9S/8Afs0n/C1vDv8Az9S/9+zR9Xqfyh7S
J6DRk159/wALV8Of8/Uv/fs0f8LV8O/8/Mv/AH7NL2FT+UXtInoOaM159/wtbw3/AM/Mv/fs0n/C
1vDn/PzL/wB+zR7Cr/KHtInoWTRk157/AMLW8Of8/Mv/AH7NL/wtbw5/z9S/9+zR7Cp2D2kT0HNG
a89/4Wt4c/5+pf8Av2aP+Fr+HP8An6l/79mj2FT+UftInoWaM159/wALW8Of8/Uv/fs0f8LW8Of8
/Uv/AH7NHsKn8oe0ieg5ozXn3/C1vDn/AD9Sf9+zR/wtXw5/z9S/9+zR7Cp/KHtInoOaM159/wAL
V8O/8/Un/fs0v/C0/Dv/AD9S/wDfs0ewqfysPaRPQM0Zrz//AIWn4ePS5l/79mnj4n6Af+W834RG
j2FX+Vi9pE73NGa4MfE3Qj0ln/79Gl/4WXoZ/wCWtx/36NP6vV/lYvawO6zRkVwv/Cy9E/56XH/f
o0f8LL0P/npcf9+jR9Xq/wArH7WB3WRRmuE/4WZoX/PS4/78mk/4WdoQ/wCWlx/35NH1er/Kw9rA
7zNLmuBPxP0H/npcf9+TSf8AC0tA/wCetx/35aj6vV/lYvawO/zRmvP/APhaXh/P+uuP+/LUn/C1
PD+f9bcf9+Wo+r1f5WHtYHoOaM159/wtTw//AM9rj/vy1H/C1PD/APz2uP8Avy1H1er/ACsftIHo
OaM159/wtTw//wA9rj/vy1H/AAtXw/8A89bj/vy1H1ep/KHtIHoNFeff8LU8P/8APa4/78tR/wAL
U8P/APPa4/78tR9Xq/yh7SB6DRXn/wDwtPw//wA9rj/vy1H/AAtPw/8A89rj/vy1H1er/KHtIHoF
Feff8LU8P/8APW4/78tR/wALU0D/AJ63H/flqPq9T+UPaQ7noNFef/8AC1PD/wDz2uP+/LUf8LT0
DtLcf9+Wo+r1f5Q9pDuegUma4H/haOg/89bj/vyaX/hZ+hf89Lj/AL8mj6vV/lD2kDvc0Zrgx8Tt
CP8Ay0uP+/Jp3/CzNC/563H/AH5NH1er/KHtYHd5ozXCf8LM0L/nrcf9+TSf8LN0L/nrcf8Afk0f
V6v8rD2sDvM0ma4P/hZ2hf8APW4/78mj/hZ+g/8APW4/78mj2FX+Vh7WB3maM1wX/Cz9B/563H/f
k0f8LQ0H/nrcf9+TR7Cr/Kw9rA76iuA/4WjoH/Pa4/78mj/haWgf89bj/vyaPYVf5Q9pA7+ivP8A
/haegf8APW4/78tR/wALT8P/APPa4/78tR7Cr/KHtIHoFFefH4q+Hx/y1uP+/DUn/C1vD3/Pa5/7
8NR7Cr/KHtYHoVFee/8AC1/Dv/Pa5/78NR/wtjw7/wA9rn/vw1L2NX+UPaRPQqK88/4Wz4c/57XP
/fhqT/hbPhz/AJ7XP/fhqPY1f5Q9pE9Eorzv/hbXhv8A57XP/fhqP+FteG/+e9z/AOA7Uexq/wAo
e0h3PRKK87Pxb8N/897n/wAB2pP+Ft+G/wDntc/+A7Uexq/yh7SHc9FpK87/AOFt+G/+e1z/AOA7
Uf8AC3PDX/Pa5/8AAdqPY1OsQ9pDueicUd687/4W54a/57XP/gO1W9O+J2ganqENlbSzmaUkKGhZ
RwM9TSdGa1aBVIs7qlqpFdLIMqcirKtkVmWf/9D3/tWR4kfZ4e1DnH7h/wCVa9Yfik48Pah/1wf+
VNbgfGVxPObq4/fzjErf8tD6n3qLzpv+e83/AH8P+NE5/wBJuP8Arq38zUea7I25dhXJPOm/57zf
9/D/AI0edN/z3m/7+H/Go6KrTsIk86X/AJ7Tf9/D/jR50v8Az3m/7+H/ABqOiiy7ASebL/z2lPt5
h/xoMsjDa8zsP7pdiP503PFJTSQBz2Y/maOf736miiqFZC8/3v1NJls9f1NFFOwWQEtnr+ppct/e
P5mkopBZC5f+8f8Avo0bn/vH/vo0UUXYWQbm9T/30aNzep/76NJiinzsOVDg7ep/76NL5jf3m/76
NMpapTYcqHhz/eP/AH0aN5/vH/vo0zNGafOxcqJA7f3j/wB9Gl8xv7x/76NRZozT9oHKibe394/9
9GlEpH8R/wC+jUG6jfVKq0JxRZEpPf8A8eNPDn1/U1VDUu81oq0hOBcDf7X6mjn+9+pqushFP8yt
VVbI5SUZ7N+pp25h3/U1EGpwY1fMyWh+73/U0Z9D+ppvWlxTuxWFyfX9TRz6/qaSnYouxaDTn1/U
0c+v6mlIoxRdjuhvzev6mkOfX9TTyKTFF2FxuT/e/U0En+9+pp2KMUczHoIM/wB79TUyg/3v1NRA
VNHxSuwdizCDx/ia0oR0/wAaoRHpWhCcYqk2ZyL0OPT9asAADrVVGqUPxVpvuYsmyKYWAqPfTC9O
7BIkZ6ZvqMtmm5pXY7EhemF8npTSaTNHMwHZHpTSRnpSGii7AXj0o/CgClHWldgJgelGB6U7vShc
0XYxuPajHtTiD0pyqaLskYAPSl2+1SiPNO2UXYEATJ6U7yvarCoAKCwFF2BCsPtUohXuKUS00y0u
ZjH7EA6UuFHpUJlqIymjmYWLRdR0FJ5oFVPNNMaTNHOxWLnnCo2lFVd9JvpczKsWDNTPN/zmoC1I
WpczCxY83/OaQy1W3UbqOZjsTmX2pPN9qg3UFqXMx2JzL7U0ye361DupM0czCxKX/Ck3+9RE0Zo5
mFiQSH2pPM+lRZoqeZlEnmc9qC30plFHMxClvpSZ+lIaSjmYDiw9qTP0puaKOZjHZHtSZpKKTkwF
yK1PDM/2fxLZTDqrH+VZOatac+zUIWHUGs6r/dy9GOPxI+jdG1M3EY9MV1du+9QR6V5f4VnZoxzX
pdicxKT6V4J3H//R9/rD8U/8i9qH/XBv5Vt1ieKBu0C/H/TBv5Ur2YWufFk//H3cD/pq38zTMVPd
QstzOwB/1r9v9o1WrqhO6CUHEXpS5pKKu5IZpRzSUU7gOozTc0tNMBRRSUZqriFFBoFFO4BS4pKW
qTAKKKKdwCjFFLTsFxMUUtJS5RXEPWgUtLS5RjaWjHNLiiwDaKdijFKw7iClzSd6WqsFwyaUE02i
qTaEyUORTg5NQilBxWkalibXLSnPen5qpuxTxITW0alyXEsZp2ahVqkBrRSM3EfmjikFKMVRNhSK
binZpaAG4oxTsUm2nYLiCpVGaYBipFpWBssx9quxnGKoxnpVxD0qkQy6hqTtUCHipAapENC7jSHP
rSHrSZoELnFJ1oNFIBMUU4DJpdvNADaAKdspypQA0LSgc1MF4oAAoAj209Vp3FGaQBsHrSgCmFua
aWo5hEuRSM4AqHfzTWapchomMnHWmGWoC1IWpXHYmL1Gz0wnimE0rjsSFs96aWqPNLmi4WF3Ggmm
ZpSaVx2DNJSUZouMM0lJnmkzRcBaKQ0maVwHYpCKTNBNFwFxRim5ozRcBcUlGaQmlcBaKbmgmkMX
NGabmjNFwHUfjTCaM0rjsLmim5op3EOpM0UUrgLU9l/x+xfWoKnsv+P2L61FR+4/QqPxI9m8I/6s
V6hYf6pR7V5f4R/1Yr1Cw/1a/SvDZ2n/0vfaxfE3/IAvv+uDfyrarG8Tf8gG+/64N/Kh7FQ+JHx7
P/r5v+ujfzNVZrYEZSrc4/0iYf8ATRv5mozXNGfKz3J0edIzCCpwwoz6VoPEsg5HNUpYXjbOOK7q
dVSR5NfDOD90jpRScUordWZyvQKKKKL2C6ewoopKM0cwC0ZpM0tUmKwuaKTFGaq4CjrTqbmlzTTA
O9OHSmilzVJgLSUvakq0AUUUCgQooxR0ozTsAYoooosAcUHFFBosAlLSUZpWAWikzRmi9gE708HF
NpaOZoY8NUivUOaUGtYzJauWQ9PBqsGxUqvW6kjNxJgacOaiDU8NVolxH0uKAaAc1aZLQAVIq0gF
SAUyWSRjmrcdVoxzVpM0EssJ0p4JpqKcVKEJpktjcZo21JsPanCM0hXIgtLsqUIacEoC5EE5pwTm
pNtGKAuJtpRxQTTe9FxDi1NJppNIalsEBakL8U0mk7VNxhuppakzSZoKAnmmk80pNJmkwEY8U3NO
PSmmkAZpM0UmKQwzQTRikoATNGaCKSgB1NpaSgYhpKU0YoASkNLSGgBKKKOtIYZpM0uKTFIAJpM0
hooAM0E0YpCKQwzRmjFGKAA0lLijFIBKUUYoIxTAKKKXFABU9l/x+RfWoKnsv+PyL61FT4H6Dj8S
PZvCP+rFeoWH+rX6V5f4R/1Yr1Cw/wBWv0rw2dp//9P36sXxMM6Fff8AXB/5Vt1ieJedDvf+uLfy
pPYqHxI+Qpk/0ib/AK6N/M1GUq9NHmeU4/5aN/M1GYvauHmuz6z2DsipsppXd8rc1b8v2ppj56U1
Oxm6HczZ7TPKflVUgrwRitkpz0qGa1V1PHzV10q9nZnmYjAu10ZdFTPbvDw3IqIAt0rvi4yV0eTO
nKDs0JRS89xRRZkpX2EpaMUYoAKKMUVVxMWiiii4CiikzS5qkxC9qKTvS1akAUUUVSYCilpB1pas
QtGKQUtOwBikIp1BosA3FGKWlxRYBuKMUpFGKVgExSU7FGKLANoFOxRiiwCU4Gm0U0wJg1SK1QA0
u6toyE4lsHNOBquj1KrCtou5lJWLC1IKhU1Kpq0zJlmPrVqMZNVYgM1diHNUQywinFWEQ02Ic1ZV
adjNjQlPCcVIq0/bSFcr+XRtx1qfZSFKQXICoxTan2U1koC5XbrTe9WNlMZeelIZA3Wmmpthz0oZ
PapaGiuetJU2z2prJ7UrDK560VKV9qbj2oKIjSVKRTSKVgGGmmn4pMUrAMoNPxTSKVhjaSnYNJmi
wCYoxS0UANoNOxRQMjNFPNJigBpppp5ptACGkFOIpKQxKQ0tJQwENJTqMUgG0GlooGNop1FKwDaK
dRRYBO9LS4oAp2FcTFLilxRiiwXExU1n/wAfkX1qLFTWY/0yL61FRe4/QqL95HsnhH/VivULD/Vr
9K8v8I/6sV6hYf6tfpXhM7T/1Pfu1Y3iP/kCXv8A1xb+VbJrH8R/8gS9/wCuTfypS+E0pfGj5Zkj
Hmy/9dG/maiMNTyN++l/66N/M0ma8x7n6HGCcUVmhINRtEfSr/HegqDSIdFMzTHjtTPLrSMWe1MM
FUmzKWHujOaEMMEZrPuLFlO6Ot1oaj8vA5/KtoYiUGefXy+NRbHNMpU/NSbe9blxYJMMqMNWXLbv
EcOp9jXr0K8ai1Pm8TgKlF6FbFGKftpdtdTpnDcjxRin4oxUcgxlFOIoxS5AG4op2KMUnEQmaM0t
JRsAtKKbTqpMAxTuKZS5q0wFozRRVpgLmlptOqkAg5NOpB1pasQUlLS0WATFJTqQCiwCUc07FHWi
wDTSYp2MUVLiA3BpRkUuD60mMUbAODEU9DUVOBxWkZCaLSManVhVEE1Yibjmt0zOUTQiar0Dc1mx
Nx1q7EelWmYSRpxuKsrJWchIqYSHAp3M2jRDinhwazvOwKeLjimTY0QQaXg1QW64pwufegLF3aKC
gNVftHvThOPWgRY8vim+VzTBOPWnCZfWiwAYh6U1os9qkEgPcUvmD2osBD5PHSmND7VbDAijg0rB
coGA56Uww+1aW0GkMII60WHczDDTDF7VpmAUn2YUWC5ltFxTPKrVNqKabUVLiO5l+Wab5fNav2Wm
m0o5R8xmeXSGOtM2tNNr7UuUOYzSlJsrRNrx0phtqOULlApSbKum3NNMGKmw7lIpSFTVpoTTTFRY
aZXK8U3FTmPmmlKLBcgpKm2U3ZUjuR0HipNlIUosFyPGaMU/bRtosFyLFGKl2+1G32osMixRipdv
tRtosBGBx0pce1PxRiiwDMUuKdj2oxTsA3FGBTsUbaLANxU1oP8AS4vrUeKmtR/pUf1rOqvcl6Mq
HxI9g8I/6sV6hYf6tfpXl3hH/VCvUdP/ANWv0rwGdx//1ffjWP4i/wCQJe/9cm/lWzWL4jP/ABJL
3/ri38qUvhNKXxo+WXP76b/ro38zQGqN3/fS+8jfzNAavMe5+gQqLlRMDTs4qIH0p+c0jVNMkBpe
D1qMNzTwady9BSoNNMa+lPzSgj0p2uJpdSBoAfY1BLaK64ccHvV8YJ6UpQVUZOOxnUw9OotTmbnT
XhJZRuSqRTBrsTGMYxxWfdaVHNlowQ314r18Jj18NTc+bx2S6udM5zbzSFauS2rwsQynioGQr1r2
IqM1c+ZmnTlyyREVpNtTFabilKkSmnsRbeaCOal20m2odIdyLFGKkxSbah0guMxRinYpMVDpjuJR
S4pOanlaHcDQKKKNRC5pRTe9KKpSAdS5puaWtIyFYcDRTc0oNacwDsUAUm40oNUncBaSlowKqyEN
NGKWilYBKQ07FGKTQDcUvelxSUrAOFSoxqIGnqTTTsJrQuwtzV+FqzYjir0JreLMJo0EbinhqgQ1
IDWiMmiTNGabmjNAhxNKCabmkJNAiXccUByKiyaMmmFibzSKd5xqvk0bjQFi0Lg4pVuTmqm40oJo
CxeF1inC7rP3GjJoDlNEXnvTvtee9Zm40bjRcXKaouh604XY9ayd59advOOtFw5TXFytKLhDWQHO
etOEhHei4rGv5y0okU1kecaeJzjrTuKxq7kNL8prLE59alW5IpXCxe2r0ppjWq63HNO88UBYkMIq
MwCnibNO3g0WFcrNBzxUTW/FXsimkA0rXGmZxgNRmA5rT2A00xD0o5R3MzySKb5BrSMOe1J5PtU8
pVzMMNJ5JrTMPtSGD2o5QuZvlEUeV7Vo+RntR9no5QuZ3le1HlVoeT7UnkZ7UuULmeYqb5RrQMPP
SkMI96OUdyh5VHl1daGmGI0coXKuzim7KteUaQxYpWHcr7KaV5qwUNNKGiwXIdvNS2oxdx/WgpT7
Zf8ASU+tZ1V+7l6MqD95HrXhD/UivUbD/Vr9K8u8I/6kV6jYf6tfpXzzPQP/1vfqxfEnGh33/XFv
5Vs9axvE3/ICvv8Ari38qUti6fxI+TpH/wBIl/66N/M0qyD1qvKxFxL/ANdG/maarGvOcdT7CFZ2
ReD+9SK9URJUiy1NjojXLm70NODVVVx61KH96RvGqWA1PDCq+73pyvQnY3UkycNzUgORzVcPUgar
vcpMeR70oz0pmeaduovrcHqNmgjmUhlAOOtZNzpzRksqlh7Vtg8UEqVwRXdhsbOlvsebjMspYhXS
1OXaHnGOaiaLnpXQ3Nisih06+lU0067nYiC1Z/pX0OHxlKrHRnxWLwFbCyfMtDHMdJsxWudE1cE/
8S6b8j/hTf7B1g/8w2bP4/4Vu5w7nIuZ7GRtpCBWx/wjmuN/zDZf1/wpp8Na5/0DZf1/wrNzh3Hq
Y5FIRitg+Gtc/wCgdL+v+FMbw7rajJ06X9f8Khyp9xmVimkc1pPourr10+b8j/hUJ0vU162EuP8A
dP8AhUPlGUsUYqybC+/58pR/wA0hs70f8ukv/fJqbRArEUgzVj7Jef8APpL/AN8mmtbXQHNrL/3y
ayaQyGlzT/s9x/z7Sf8AfJpphnHWGT/vk0k7DEBzTgaaUlA/1T/98mgK/eJ/++TVKYhwp2aj+cfw
N+VLuPdW/KtFNCH5pQaZvx/C35Ueao7n8q0U0xWJOKOKj85exP5Uvnr3J/KtFJAScdqSmiVT6/lS
+YvYn8qbasA7FJSeYv8Aeo3g96VkA4CnqKYCD/FUikf3qLILsmjq9D2qnHg4+ar0fQc5rSJjItR9
amAqOMcVKAa1RiwopcGk5oJFpKOaWgBKKTvS0wCiiikAUtJRmgBaKTNFABRzRRQFgozRRQAuTRk0
lFAx26nb+KjooESbqUPUYpc0BYmElKJKhBo3UCsWRKakE3vVTfS76dwsXBP704TZ71SD0qvRcVi8
JR607zPeqIenB/elcC4JRTt4NUhJS+bVCsXcigEVVEvvThJ70BYs8Glx71XEnvSrJz1oCxOQKTb7
UzeM9advB70CF8sUhjB7UbvelB96QDTDmozDVjPvSEUBcqmH0phiOelW8CkK5pWHcpGI56VG0dXy
lMaLNJoaZQ2U6Ff36fWrLR4OKaiYkBx3rKqv3cvRlwfvI9N8I/6kV6jYf6tfpXl3hD/UpXqOn/6p
a+dZ6R//1/fR0rG8Tf8AICvvTyG/lWzWL4n/AOQBff8AXBv5UnsVT0kj5GkkX7RN6+Y38zSDB6Gq
sx/0qfn/AJaN/M00MR0NcjjqfRQr2ReKke9AGfaqqzuvvUwuQfvDFS4m8ayZMCRT1eo1kVu4p5Ge
lQ0bxmSiT3qVXFVMGnBiKlxNo1Wi6H9KkV+Kzw57VIspqbM6I1S+HFODA1TWSpA9FzVTLYYYpwIx
VYNTwTinc0Td7onB64rR0jXbvRLhZbdIpFByUkTdmspWp6mtIVeX4SKtOFZWqK57l4Z8Z6RrsSRy
2sME/QgqOTXWGGELxbwn0PlivmJGeORZIZGjdTkFTiu88L/Ei8051g1eQSQdFcnn8a6oVlLdnzWO
yRr3qWx660KAZ8iEH02Coti/88Yf+/Yo03VLLVbZZ7WVHVhnAOcVa2dRit1Lsz5+VNwfLIoso/54
w/8AfsUwxqRzBD/37FXfLBNRtHg0+aRNkZ728TdbeH/v2KrvY2xzm2i/74FapT2qNk9qFKXcNDFf
S7Fv+XSM/wDAaibR9PPWyT8q2zGPSmNEPQ0OUl1HYwJNE07PFmlV5NE07H/HkproWhyelQND83Q0
uaXcLHPtoemf8+K/nVeXQdLP/LiPzro3hqu8PNLnkBzTeH9KzzYj86ibQNIH/LiP++q6NoeelV5I
eaOaXcLGAdA0Y9bD/wAepv8Awj+iA/8AIPz/AMCNbLxVA0f1o55dwsUV8PaAeum/+PmpV8M+HG/5
hn/j5qTG08k1IshHen7SfcLEX/CJ+G2/5hpH/bQ0o8F+G3/5cMf9tDVpZz61Zjm45NNVZ9wsZf8A
wgPht+lsR/wM0xvhv4df/lmV+jmt5ZeeoqZZc9OKr20+4NHKt8LfD79GYf8AAj/jVdvhJoLDi5lH
4/8A167dZBT8+5pqvPuKxwDfB/QyMi9n/CoH+EekJ92/nH4V6KwGP8aglUY7VccRMOU85k+Gumwf
dvHOPeqM/hK0tuk7GvQrlTg5xWDerwcV30aknuc1Q4yTTYoeAzGoDFjoK3LlOT1qgyDNejDVHK3q
Z5TmmlcVdMYzTGi9qqwrlTFGKsNGKaYz6UDuQFRSVOYzjpTfL9qAIsUmKl200qc0hjDSU8qaTafS
gBtFOxScUAFFFFABRRRQAUUUUAFFGKKADNLSUUALRSc0c0ALmlNNFKaAFFLmm0UAOzS5plFAWJN1
GaZmjJouIfupwaosmgE0ATB/enByO9QZNLuoAseZ709ZDjrVXPvShjQItiT3p4k96phjS7zTE0XB
J71IHz3qiHPrUgc0BYtZp2aqq5p/mc0CJ6TFRh/el3UWHqKRzSbRml3UZrOsv3cvRlU/jR6J4Q/1
SV6jYf6ta8u8If6pK9RsP9WtfNPc9Q//0Pfu1Yvif/kAX3/XBv5VtdqxfE//ACAL7/rg38qT2Kh8
R8czf8fM/wD11b+ZplOmP+lT/wDXVv5mm5rne57EfhQoNBNJR1oLTH/TNKHdOhpnQ06lYqM5E63M
g7VKtyD94VTozUtGqrSRoCWNjwaeT/drOBNSLIy96lxOiFcvBjThIRVVJwetTKVfoazcTphUJ1lq
ZZcjrVQgigNg4pWsdEati8sgqYPkVnh8VMslS0bRqXLin3p+Rgj5RnqT3qqsnepBICelNSNVK6sz
U0nVr3RJlksZWTByRu61614Z+I2n6oI7a9byLrpyuM/jXiu8EUoPzB14YdD6VrCrY4cVltGurrc+
olKsu9drr2IbNIAD9DXh3hfx/e6LKsN2DPAeMkngV69o2vafrdqJ7SYe6d811wqKR8picBUw8tVc
0XjGOKiMftVgEng8UHB5HStNOhwq1ymUx2prL7VcKA1GyUC16lPy+9RsmeMVd2EU0pnrQBnNF7VC
0PtWk0dRtHx0pAZbQ+1V5IPatcxe1QvDQMxpIOOlVmh9q23hyOlVWhwelFgMaSD2qsYyK2ZIarSQ
CkBmcrT1lIqd4KgeMjpQBYSeplm96zclaeJSKANZJferCy1kJPVpJxQBo76jdgagWYGhnFXFksrX
PQ1g3fetud8g5rFuiCDXoUHqc9Qw7gc1RdRmr1yeaouea9em9DjluRFeaNlOorREkRQGkMdS4FBF
AFYpSFOKnK0m3iiwXK+ymFOatbOOKYV55pWHcrlcU0rU5U56Cmsg7kClZ9BpkG3IpCtSEgcZH4U3
en+0T9KPVBcZtoxS4mcny4Wb8KelrfyD5bRqPd7juyLGKKtrpGqykBbNqnTwtrch4tmGfapdSC3Z
SjJmbikx7Vtr4I12QcxFR9KmT4ea4444/Codan/Mh8kjnvwo/CumHw11w9XA/CpB8MtaPWYflU/W
KP8AMP2cjlMZ7UYxXWj4Yax/z3/Sj/hWGs/89/0o+sUO4ezkclR+FdZ/wq/WP+e/6UxvhprI/wCW
v6UfWKHcPZyOW/ClHHaulb4b62B9/wDSov8AhXmuDv8ApT9tT/mFySOfz7Uv4Vtt4C11e2fwpjeC
NeX/AJZ5/CmqsH9oOSRjnPbik5rUbwlrif8ALA1GfDWtr1tjR7SH8wckjPzQDVw6FrC/8uhqM6Rq
69bM1Sn5oLPsQZoyakOnaoOto1NNnqP/AD6NT5l3E15Dc0ZNKbbUP+fRqTyL4dbV6OaPcVvIXJoy
aTyb3/n1f8qPJvf+fR6V49ws+w4MadmmCG9/59Hp4tb89LRzTTj3HZ9hQaXeaT7HqOcfZGFSLp2q
N0szSco9ws+wgkNKHJ5qZNE1iQ/LaH8qsp4V1qU8Q7fwpe0h/MhezkU/M46Uok9a1ofAeuTEfw59
q04PhjqsmN9xt/CpliKUd5B7Kb2OZEyL1pVnjZwofk9q7m2+FEmQZ7w1a1L4dWek6JdX3n75IU3K
PWuetiqbg0n0NYUJJpsm8If6pK9S0/8A1a15d4QGIkz616jp/wDq1rwzuP/R9+rF8T/8gC+/64N/
Ktk9qxvFH/IAvv8Arg38qUthx3R8bz/8fU//AF1b+ZpgOafOP9Kn/wCujfzNMAxXO9z2FskLmnCm
4pwoKuLQM0ClpWKSCiiigoKdmm96D1osMeCfrT1cjkcVGDS5qWi4totJcHvUyyK/fmqIpytjoaho
6YVWi7g0ucVXSUgc1OJFYVDR0RkmiRZCKkWWocAjg0mCKTRvCbRdSTNSK/NUAxFSI5zyaho1jUaL
29T97Jx0q9per3+kziazuCpH8OeKyA9SBx3qoysaSjCorSR7h4V+INtq6R295iK56fMetdxnjggj
se1fLgJLLKMrInKuD0rvfCnxEn00x2upzGW2IC+Yw3f/AKq6qdbufPY/KGvfpns4PrxSnmqVnf21
/bLPaTrNEehVs4qzu4rqTT2PnpJp2kPKAio2jp4andaCbpaFcx00pVoqDUZWkBWMYNRPFVsrTWHt
TAoNDVd4fatRkz2qIxcHigDHeHPQVWeDP8NbTRDHSoHg46UgMV4RjpVSWHmtuSD2qpJAc9KQzFeL
2qPYB0rVkg46VVaHHagCng1IHoZSD0pp46UATpJTzLiqe8il83NNbisPmkyDWNcv1q9M+M81lXL4
zXoUNzCojNuDzVJzzU1zJzVN256161N6anFOLuSZoyKi3H14pwZcctit1sTZjycHBp3OKrmdAc/M
/wBKnt7TULsgW1pMwP8As0m0t2ITvTXdF4LCul0/wDrd+A0kLxqepIxXV6Z8KYlw94+T6ZrnnjKc
Ny40Zy2PKzKgOBy31qaKyv7kgQQsQenBNe8WXgnRrML+4jYjuyg1tRWVjbgCK2hGOmEGa5Z5lFfC
jeOGfU8FtPBOuXoGYygPcqa17f4T6hMFM1xIM9QOK9qyMfIu38KCzf3mrmlmVSWkdDRYZI8ztfhF
ZxqDPM7HuC1att8NdDtx88e7Hqa7JlJ5O4io3XYu9h8orCWJry+0axoowYfCOh2vKWUTfVeatJpG
lx/csYl99tF3rVnC21c5HaoX1G6ki82GHdGPSuR4rVpzu0a+ytpYteRaJwtqg99tLiAchUH0qna6
rFqANtKxjl6AHisfXLG9sPmSR2Qnsa562K5KTqfEUoa8rR0LXMKnbvUGneaSuUfI9sVyLMktiGDy
tL6CtTQoGEPmTSuuOgY0U8RGpJJLRjlTSehsedJk/M3FNW8UnAlwaUkHLLyp71z3iSxMPlywSsrM
cYBrarJwhdaijG7sdH58uMq5I9aQSysMhz+lctDd32nQRmYPLCe4qG51E/b4RBM+2Q5K+lc8MXFp
X3KlTaZ13my/32pDLKOrtWTrElxYW8VwGO1vWmaXqk2oP935QK1deCrKk9yeV2v0NkXEh/iNBmfu
xFVJL+1hk8tpMt6UyO+t5GIOQPWtbxekWmS4NdC95zD1NJ5nqF/KoVlhkB8uTcR2FOyT2p80XpET
SH70PWNPyoIiPWJPypuKM0/kLQUx23/PCP8AKk8m1PW2j/KiihSHaI02tketrH+VNFlp+ObSP/vm
pKKrmkuorLsQnT9NPWyhP1WozpOlsc/Yof8AvmrJoo55dwsuxW/snSv+fGH/AL5o/srSv+fGH/vm
rNJijnn3Cy7Fb+ytL/58Yf8Avmnrp2mjpZQj/gNTYoo55dwsuxH9i08Hi0i/BaeLezXpax/lS0Uc
0u4WXYcFtwPlgjH4UocDogH0plKKT1HZEgncZwSKU3EpH32qKipsgJPNdupP41keJ3J8Mahnr5fH
51p5xWT4mP8AxTV//wBc/wCtMDC8IcxJn1r1HT/9WteXeEP9Un1r1HT/APVrQB//0vfaxfFH/IAv
v+uDfyrarF8Uf8gC+/64N/Kh7Djuj47mH+kTf9dG/maYVzUsv/HxP/10b+ZpnSuY9xRuhmCKADUh
GaAtFx8g0DFL1pQDTttTcpRYzFLinbDRtpXK5WMxRTsYoxmi4rDaXNG00lUw2Hg+tO4qOlBqbDTJ
QeKerYqEGnA81LRtGTRZWQ59qmV8iqgbinoxqGjohULRFNyQaYJOakDAipZupXHh+KeslRdqMkCl
Y0UmWVkqZHBzVEOakWUkYIxUWtsbRm2tWdJ4e8TXvh66EluztFghogeD+Fey+G/GGneI7QNDKI7h
eGjY8ivnuOTHBJ/A1YtL25sp1ntJPKmU53etbwqNHDjMBTxCvFWZ9PjjvwelPBrzXwp8So7wpaao
AkoG3fj7x9a9EWUPGHRgUPIxXbCaaPla+Fnh3aSLXajFQq/HWnhqo5hSuKYy5qQHml4piuQkcUwr
mrBXNMKUDKpiJNRvGauMvpTCp7ikBnvH7VWkhrVaPNQtEKBmNJBx0qo8B5rckhBqvJCMUgMCS346
VUeEiugkgBHSqctuAOlAGGyEVXcsprYlt+KzZ4dpzmmtwKEsvWsu4ckHnmr918uayZRLKdsabmNd
tJpbmE03sULl8PzWfJcKCQNzN2C11Fj4PvtRbdKxjU12GleA9LtNslxmVhXd9chBGHsZPc8utLDU
9QcJb2kgz3YV1ulfDTU7tg11JHGh6gg5r0yCCxtABa24THrzVk3DsBnaPoK5p5jKWiRccNbVswdL
+HulWCKbhldh2IrqLa1sbNQIIUwPaqokyaf5pJ55rinVnPdm6hBdDSFzuGF+X6UokJ6k1QEvNSLL
71nr0ZduxeDc9afu4qisvNSeYe1NqSV2Fy0G7U/5cYLc1XR8lh/FjiuRv9Qv4tXKbiB1Va5sRiHR
im1fUqMeZ2udrggZ4phjDAhuhrnIPEkkL+XeRY49a2rXVrW6T5WAqaWMoVfdvqVKlJbFHVtDiurd
mtwBIKydJ1F9OnNrdrhQcV1sc0TkiNg/rWJqGhtqF8XVtiVz4nCtTVagve/MqFSy5ZFXxElktuLu
3YC5z8qrU1ubm90FzcQnzAvCmr0Gg2qMhm/ebe5rTwAAqqAB2relRmp809mthSnY4TTtNvYZN5iy
D2Iq/daVd3ZURny17gV0l5dLZoGKjYetNgura6i3IeTWFOhQpN0nLfXzHeUtUtCjaWzWlqIX5YDG
apanpMmp7Qr4C1v+SSucdKaYQOo6+9eg4qSs9jLXmujDtNOe3hFvc4dB0zWbdeGENyJ4WIw2cV1R
jP1FN8s4IrKWHpyVkU6j1Xc5nVbG9vIEtxyBUOj2l3p8bwsnzHo1dUEK9uaY67jkjn1olh4+1VR7
gqlo8hwstvc2mq+bdRvIhOflFdDHcWNxCFWJ1456VrtGrgh1BH0qt9gtVJKxsGPX5qzpYZ0buPUc
qlzMsILWyneVbgDP8LGnT63aqxWIMzU668PpctuWUofpmkl0aKHTykKFpv72a0vVWi2EkrlSDxCs
lyIXQhie9bTAKA+evauNhs7m0vkkliJAPJJrrJNStIrdZXcAgdKwwdaq+ZVXb1KqQVvdJ8HGSRn0
pMMBkjHtXK32uzSXKvAMKTitMaw1tCklycg9/StaeNp1J6bCdJo1+cZ4+lFQ29zDexCWFgwPpUuR
nFdEWpO8XczA0UUmc01qCd3ZDuKSkpaACkpaSgAooooAXiim0UAOoptFAC8VleJsf8I1f/8AXP8A
rWpWV4m/5Fu+/wCuf9aAMPwh/qk+teo6f/q1ry7wh/qk+teo6f8A6taAP//T999KxvFH/IAvv+uD
fyrZ7VjeJ/8AkA33/XBv5UPYcPiR8eS/8fE//XRv5mkHvTpgftM//XRv5mm4rke570VYXFOUUmac
Klm8UOCilCZoFPFJs0UUJso8vNSAU4LU3NFTuQGLim7MVb2ZFN8v2o5h+xKZQ03bVwxUwxYpqRlK
i0VQOtGMVKY8GmFarmMuRoQdKUdaOlJmgWqJA1OU81GKVTSaNIsnBzTlJFRA8U8NxU2N4zJ0b1p5
5NQBqkDVLRvGVyTHFJzQDS1NjRMVWweakVveoiDigcUPYu7WpZBBIPII6ODyK7Lwr4/v9FkW3u5R
Nanjc/UVw27gVJvyOeacJuIqtKlXVpI+mNJ1iz1q1E1lKkq4y2G5q+r49q+adK1m90W4WeymcDvH
u4NeweF/Hun61CkFzJ5N3nG0nqa7KdVPc+axeVzptyjsd0GJqRW9aqhyDyVxjt0qQOep5B9K206H
kteRYBoxUSPT95zQSKUzTSvtUmcig0xkBWmFKsEUwrk0AVHj9qhaLIPFXmU1GUzQBnPDx0qrLBnt
Wu0ftVd4jilYDEmt/l6VmT2u7oK6Z4SetVJIAO1AHMnSVdsyVctrG3t/uRAt6mtFouelQmPBp87C
xPHMw44UegFWA5x1qmoxUyt70bgWg2B1p2/3qtupQ1AFpZDTxIaqBqdvI70AW/NOakWXiqIkOeac
JML15oAviUngHp0qpqOtR6bEGDZkPUUJJ/EeoFYdu1tc60xnOWzxmsKrUdt2XGzNvTfEI1BwoG1/
cVLrdobiEXkWDPF2HemokMTgxqM+oqlrOqzaYsTJzG/b3quSXs/fYbPQZpcP9vMZb7bEY/lK02TS
rlNQEdsSsHdhWfaadd3d4LguUhk+bANdfFKI0WPrgVyU8NTqr94reZbqtImsLaPT49quXLDkmr6y
5XGRistZ+oz1608TDj2rujFRioroY3uaQcZ608MM/hWcs1TRzA9atWvqBR8QSDy1TGcisKJZYUDx
yEAds1d1+fdMoB6Cs+CcKACcg9q8Khgo47HTVS6SNMRV+r0FbqbFlrcisEm5X1rdhuIbpcoy59K5
CSLa28EBfeo/tSWjbhcKp+tdc8PjMF70H7SH4ozp4inV0loztymOMDHtTTGPSuf07xPDKdjSA49D
XQw3MVwAUcH2rWhjqdbbTyZpOk1ruhhjz2qNovarny//AKqQgHpXWrLVGdrFIxe1RmLHar5SmmMU
wM8ofSmbSvQ5q+0fpUZiFFwKTxrIpDxg/hWbd6Fa3alcFTW20fpUZQ561LhCW4+Zo5o6GtvZMqrv
fPBrJ0+xSS4eLU3fyw3APQV3Dqc5qCe0iuVIkAye9cs8HCb51ol+JoqrKNta2enxEW8q+WegzzUo
ubbGBIDVGPw2sVy0hlJQ9s1iarts5cQhwvrVTrKnHnasiV7zsdOLy0LbRKufrUgOef4exrl9J0eS
8k+1SvsiB9etdM09rEgjEi7F9DRh6zqQ5qit2HOCWkdx9FJHLFMco4pxUrya6VJMhqwlJQAetLTE
JijFLRQAmKKdSGgBKKKKACsrxN/yLd//ANc/61q1leJv+Rav/wDrn/WgDC8If6pPrXqOn/6ta8u8
If6pPrXqOn/6taAP/9T33GBWN4m/5AV9/wBcG/lW0axfE3/ICvv+uDfypPYqG6PkGZf9Im/66N/M
0wrVqRM3Ev8A10b+ZqMrXG5an0yp6EGDThTylNwaVxOLQtKCc00nmnClYpOxMpqRSKgBqRWqWjoh
In69KXFNQ1KKhnVFJjNlBjznAzipQtbnhKwTUtdW1kGQ2KI6uwVUlFs5lovX6VE8PNbuuWBsNcur
crhVchfzrOaPNVe25jGnGcbozmiOaYUNaDRVC0XWqUjCdAqe1JnmpzDjNRFOaq5k4WAGng4qPBBp
d1PQm9iUGpFPNQK3FSBqlo1hMnU08GoFanhqmx0QkT545ox6UwGlBwalo3vccRgUZI6Uo+alxU3L
E3c5AqRHKSJKh2SKchh1FREUgJoWgPVWZ6R4U+JMtkY7TVAXiJAEmMmvWLO+t7+IXFrKGiIyB3r5
jXk4xx3rd8P+KtR8PXQaCVpYf7jNXRTrNKzPIxmWxnedPc+i1kFPD5rlvDni+w8RWu8SLFN02E9T
XRCRlADDFdcZKWx85Uozpu0kW1bHWnbjVdZMin76ozLA5oAFRK9PVqAFK5qMipgQaQgUAQFDUTRm
rTLTCtAFGSOqskWa03TNV3joAyXixVd1A5rTlQYqnKnFA7lM8UBqcy03pQIeGpd1RE80uaAJQ1Lu
NRAj1pc0ASb/AFp6cktnoM1BuqG+aX7IUg++1Jv3boasQ2+uJLqD2zjCDjdis3WtPntJ/tdqxdev
FV30e5ij35YueeKSHUry1by5lJQdQ1eXOs5Nxrxt2ZsoKNnFly01i9hj3PHkYqS2S61y533I2wr0
GaY/iGEBIhbAs1bsB2W6OqhS46VeGpOotKnNFCnPpazLkbrFEsSH5VGBSrLiqu7n3pQ/NelbSzMm
7lsSkU8TGqe+nb+KBF1Z81Kkx3VnLJg1KsvX6UIT2djI1m5DXnJ+Uda5vUvGmnacrRoS8o4AC55q
/rsxdJQpwa86sNA8+9kmk3OS/Ga4MnrU41ateb0THj0pKFPqar+Jdc1liI18qLsScUDTdUuh+9mJ
H+9W3Fb2WlxBrkheOlZl545tbIlLSIMemTW9TPKsp2w0Loqhldasr2sW9L0a+sH8xJi3sTXX2WoX
MeAchq8ul8c6pct+4jAHt/8AqqSPxD4klwyQnA9v/rV5uJweNxcudxs/I9Knl7pK0pr0PcrHXiMJ
OvbqBmtuG6hnUFGGa+d18TeJFYMYSQOoOf8ACuq0Px1cnCTwiNh3OauEcxwq/ex5l5BVwUGvdmj2
PGBkmjiub0/xMsyr5uCK3oruGcBlcHI6V20MZTraR3OCpSlT+Il25GabsFPJJGBRXVtoZ2IvJqNo
qsimlaEGpUaMVC0eavlM1G0dHURR2HoelVbrTbe9QJKuB6gVqGOozHiiSUtJK47nJ67b3NhbRx2X
MWOeahhsrOOzW5lnJYjLLmuuaJXG2RQymsi68OW9w+5GKr1xXHUw6VT2i/4BpGatZlW2jtby2aW0
kIcDODxUemXt5JcPDPHtVT1PpVe5eHTpxFZAmQdVFPafVLtNkcPl574rCOIUPdabl5K5TgbeFf5o
2yPak659qx7G11Owl3SOWjY85FbgKSANG2fWu+nNzWq5X0uZSjYjxRinlcGkxWjstOpImKMUtFAC
YoxS0UAJWT4n/wCRav8A/rn/AFrWrJ8T/wDItX//AFz/AK0AYPhD/VJ9a9R0/wD1a15d4Q/1SfWv
UdP/ANWtAH//1ffqxvEv/IDvf+uLfyrZrG8Sf8gS9/64t/KpnsXD4kfJjr+/l/66N/M1GVqxIP30
v/XRv5mm7a8++p9koaIr7KaUqyVFMZKaZDplYr7Ui8VMy1GRiquc7gLTgaYOKcKCkTI3FTI/IqqD
zUiNzUNHTTnYuggmux+GsXmeIfNxnYRz6VxKNjntXo3wohzNcTHpuOPwopJ82pOPq8uHbE+KGk/Z
tTF8keEY84FcHs4B9a9x8d6f/aXhm6ZBueONmH4V4lGM5Q8FeoNVWjZiyqqqlHzIWSoXj9qu7c84
prR5rI9J00ygY+OlQtFz0rSaPioWjpqRzzopma0ftUbIRWi0ftULxmrUjknQsUsEGnA1M0eKidSK
u6OdwaHBuakDc1AM5p4PNJoqMrFkNTwc9arq1SBqlo6YzJgfSnZqINTwalo3jIeKCKQEU6pL3GGg
N607GaTbiluGsSe3uJ7OcXFtK0Uy8jYa9R8KfEhJljs9XY+bwBI1eTZIPB/GlIDcNyPWtI1HDRHL
iMLCvF3Wp9QxypJGHikWSNhnep6VKr5GCea8B8MeNr3w/OqSO0toP4DkmvYtD8Rafr9v5tpMA2Pu
PwfyrshVUlufNYrASpO6Wh0Kv29KkDVTST+Enn0qZW7ZrRHB5FoMKUHNQI2akB60wJutJimBsU7d
9aLoBrL7VXdatA5FROOaLgZ8q+1UpF61pyL1rPmU80wKEq1Aasy5qs/WgBKM02igBwpabmjNFwHj
J6daA4J+VssOoFRzSCK3eRjgAVytpqktteSyFiyE1jWxEKTtLQuMHLY7AO/GSce9ZeqXNvC4WaFC
rdWIpsWv28p+ckfhUWuT21xZBoyCxHAqa1ZSpc1Np+RUYShK9itplgJ9T80fNbjkZ7V0pb5sD7o6
Vn6NF5OngHoauAkrVYeEacE4qzZM5czuS7s96M1GKXNbXuQSbqXdUWaXNAEwNODYRzntUIakd8RS
fSk3ZAldnMagTNPIo5rMutStPD1nvk2tcEcL71LrGo/2ZDNPjLdBXnccd54k1UMSWVmHJ6AV8/gc
FPFVJJaR6nrqFP8AjT2Q+efUvEN6cmZlY5x2rrdC8EQIokvsZI4B6Vv6faWemW4hjUGTGN2OlTyi
Tg791fYUMNSoxtBWZ5eLzetPSlohkWkafZvtS3iI9dtakTQRwEJEg7cCqZO+AZIVvc05WAi2qwLf
Wt739TyZzm37zuTqYXOPJTn2qZ4LAJtNtEXPfbVSOQR5J5bFHzO27ofenzEKdi0kUUQwmAPQVZhu
bmFt0TsAO2aqKI05LZNPN0BworzsXleHxCuvdl3R00cZWpaXujprLxECoSfgjua3ILqKdMxyKa88
3h+oFSQ3M1sco5xntXkyo43CaNc8e53Qq0Kz3sz0XcMYB5oBI965mx8RAbUm4963YbuC4wY5AT6V
tRxdOr7t/kXUpOmr9C1QRmowefvCnbq6jMQpTDHUuaQc0AV2SmbcVaIFIVo3B2OavtExdf2jCORy
V9aItWmuVZIkCMpx6V0W3qM8HqKwJtF8vUvM87ZE/p61zzUqfvUluaR82QmDVLvIedljPHBos9Ku
7CYkztIh7E1U1Az2V8I1uSYjg8Gqkup3qTbYCzrXM8RRpu89ZFezkdKVO7O3ikK8ZHSq+lXFzcg+
ehWrxTblRXdTqKS5rWMmQYpKlK00xmrER0Zp+2k20AMNZPif/kWr/wD65/1rYIrI8T/8i1f/APXP
+tAGB4Q/1SfWvUdP/wBWteXeED+6T616jp/+rWgD/9b36sbxH/yBb3/ri38q2axvEf8AyBL3/ri3
8qUvhLp/EvkfKci/vpP+ujfzNGKfIP303/XRv5mkxXmPdn3cY+6hm3NNZalxQRmlcHErMtR7RVpl
9qjK+1UmYSplVl5oFTsvtURXFUnc55QsApUPzUzODTxzTFew/wAwqvHevXPhjEIdDMzDBaRx+teR
BDLIkacl3A+le16BF/Z+lW8GMYUE/WtKMbyOLMq37vkOzXbcW8ts3IkQivBdatDpuuzQleHYkV7V
a3YDA5rzz4m2Iiure+jGAXIOPoa0xEdLmGT4jkqcnc41eBgnNOwDUSNlQT35qYEYriTPsG9dBpTI
phj4qbtRirsgcUyo0ftULRn0q+UqJ05qWjOVMz3jqJoua0Gj4qJ48c0JtHLOiZ7JimYxVx0z2qFo
8dqtSucdSk0RA09WpNlOAxVERuh26pAeKi704VLNoyJQ1PBqFTUmRUNHRGRJRTQacDUml7himmn0
GgTGA/NVuw1G60u6We0lZGBzgHg1VxRgD1pqTTJnTjUVmehRfF3ULa3VZbASsvVwRz+tPT43yD72
mH8x/jXne/jaOneq81qj8rjNenhMTTVozR4WNyvRypnqSfHBz/zDf1H+NSD43Tfw6d+o/wAa8ceM
xHpT1cYr3qdCjUV0fN1I1Kd4yR7GPjZOf+YcPzH+NPHxrlP/ADD/ANR/jXjykGpVFarB0uxi6kke
vr8aJT/zD/1H+NSr8YXfrYD8x/jXj69RVuHrSeDproCqs9bT4oNN/wAuYH41YTxq9z/ywC5rzK0X
kV0FkMYrkq0IrYqM22dvHrBuOqgVKs2+sS06CtSL7orz6kbPQ2TbLOc0Ug6UtZFhRzziilzgfWgC
G4gF5bmIttDDBqqmh2iwmMEFqXWp3gtQsBw7DjFYX26+ssSux59RXHXrQhLlmrmkIt7M0JfDhJ/d
OB7Vl/Z5I9TitZASN3WpBqt9JJ9ojDFa1NJvE1GQmWMCZe5HNcahQq1OVRaZq37tma6gRwpGvpS5
pCMHFFexsknujmHZopB1pc0AHOaUUnel7UAOBpsxxbyH2FAqO6JFq5FRUdoNjjujz7xcrzQiFPvM
aueHdGXStNR+POcc1NNCtxOJG7etWN7naAeBSyOCVFz7hmOJlFKlHZ7kmw555PrUiyPGPm2ntzUO
9j90U7Y5GWr2uW55HuxWhyHiabVbKczrIohPQYNYsHifUYJEkZ8r6ZrrfF0c1xpYSJdzAV5ylpfv
Isf2Z+uK8zEOrGa5T6jLZYaph/3y1PXtJ1H+0bBLgjDHrWh5rtxisbw7ata6WiSjDY6Vp73TnHFe
jD4dT52ryqpO23QlwwNSKx9KgE5pftDDqKpMxsWQW9KlWQr/AA5qqtw3pQ98luCZWC+xp81t2HLc
uZB6rzUsFzcWrboz+tUIdQilA5FWluFJ4ry8VluGrvnvZ90zqw+KrUdtfU37HxCeBOv41vQ3sU6B
kk/CuCLiT5Rx9KdHNcW5zG5H415c6OOwa5qi54+W53wr0ammzPQwxI5p4YVylnr0seBPgity3vYb
lNyOK2oYylX1Ts10HOnOPoX856UuarLLjjBxTlm54rr8+pne25Njmqmq2Zu9PdVYqy8girO/NOEm
eD09KmpFTVnoPqclYaHNeZa7ZvlO0Z9K24tN0/T0AkIB7Fq1MgDgY+lUNU0pNVhERkZD6g1ywwlO
knKOrLdV7ImVY2X93tK+oqMxc0afbRadD9mMuX7FjVvYAMjn3FdUJPlIs2UWi5pjJV8xA80wxgiq
EZ5SmlKvGKo2ioAplKx/FC48M35/6Z/1roClYnipceF9Q/65f1oA5jwh/qk+tepWH+rWvLvB/wDq
k+leo6f/AKtfpQB//9f341jeIx/xJLz/AK5N/Ktk1j+I/wDkC3n/AFyb+VTL4TSl8aPldx+9m/66
N/M0Dmlk/wBbN/10b+ZoArzHuz75fChMUgFPxSYqUmynGyuxhU0wrUxHvTT9aNTNq7K7Co2XirJA
pjAYrVMxkkymynOaAamYComXc2wdW4FUjmmra3Oh8F6f9v1dpWQmKMDGfXNesbcAAdhxXL+EtNOl
6ShcYdvmJ9q6ON+Oua66StqfN4yq6lS3QsRSMjCs3xlANQ8NFyPmjO6tJQDTLuLztLngPI2VU1eL
MsLP2dVM8Xgb92B3HFWkOQDVS4VrfU7iI9FNPSXIrzWrM+5oVLwTuXVNOWq6PmpVaqTOlSTJSBim
FBTs0vamO5CUB7Uww1ZooaJcUyhJHz0qB46vSAZqB15NStDkqxRSKYqMrVtlqNkq0zmlEr4pc1IV
ppWgmwzvTg1MI5oodirkyvTwwqDOKXdiosXGZYJxS5qENmng0WNVMkFNzQDRSaHe4meaPpSYyTS4
osF2mNKCQYYc1Ukt2Q5HP0q7khqdk88da7sPjalGSd9Dz8Vl8MRfTUzFfHHQ1Or80+e1VvmX71Vl
Yr1FfTYXGQrLzPk8Zg50JWsXVPI5zVyHrWfC4zV6E5NdUm1ozg5bmzaHpXQWXJFc5bc4NdFYnla4
azujSPY6G0HQVqxDisyzrUiry6m5tEnXgUtIKKwLCgDcwB6UUqg7lPXnpTST3AxNbn8m8hPVVOTV
bVNWTULaOEJgr3xVy9to7vVEWR9oB6U+TRbMfcmXP1rz6tOvKVoNfM3i49RlhrVnBaiGWNcgelV9
HAm1aSaMbUzwKmfQbZ1YrOpYDjmnaBbTW8ziQcdjRTWIUkppaBNxtobDc80lK3INJXftoYBRiilo
ABS5pKKAHA1Xv3K2be9T1V1M4sjmsMS7UZPyLpq80cyEZz0NWfK2rksMVBFKccdKUuxPPIroyaLW
EicWMkvatExmC8KPxpmXeQAnI9qZwTj1qYYiXPc8V6bXY5VtYWXaGC4DCldIY9v7lM9c4qJTmTPe
nXVzBFtDtzii63loF3cmmG4K8f5U5JCV2tj86rJqVoIpFY87flx6157e6zqKajL5ZfyweK56uKhD
Z3NYU5SPTRDuOFIz9arXlyNOiMs5CqPU1w1r4juAF3nDA+tWr69/ti3MMkwUMOea5ZZlTt7t/uKj
QfU3V8SwuMxkEdvesfXJL3VHV4AwA7AistNEkXiG5HyDjmlNvq9uPkMZA/2q8+pjqtX3b6GypJbF
iK71W1UL5DkD3zVlPEt7EfnikH4VkHxJc2p8uaA5HUqaY3jCH+O2bPuRXNGFRfD+ZTgmb3/CaFSQ
SwYeopIvHs5cxhCc1zZe41eXNrbnnuVxXR6X4OdEE13KqA8nFevg6ddu7ZlJU+w5/E17LMHUNtzy
orpNK8XRsQjymJvQ1kTvZW6m3sojJIOCxFc/PbzRzEMNrf7HNaYrKsPX961pLqgo4qpTb6o9q0/x
DuUbm3L65Fb1vfW9yu5JBn0rwS3uNT01BMwBi64J5NdNpHizzyqBXjbIHAryKlPGYPV+/H8TujXo
1/7rPXfMK96kEg4759K4208RNCQJ0LZ710Nlex3GJI+hPSunC42jibKD1CdKUd9DR+3W6T+S0gD+
lWPMTP3xke9cFrzTLrIMIO49KkW11gsrE8EetZzxcoVGowbsUqSte50WvaY2pQLJbz7JE5OD1pPD
M08lu8E5LFG6k1hCz1ZVLhsHHrWh4TmYzTJKu2QHk561jSqSqV0+VoqUUo7nVEZzik2imeZ8xp+R
xXqHOJsBpjRA1KCKMZoArmEVg+L4seE9SP8A0y/rXTbc1g+Mkx4P1Q/9MT/OgDhvB/8AqUPtXqWn
/wCqX6V5b4Q/1C16lp/+qX6UAf/Q9+NY/iP/AJAt5/1yb+VbFY/iLnRbz/rk38qmXwmlL40fLT/6
2b/ro38zSUrj97N/10b+ZoxXly3Z+gwXuoTHfvXR+F9M0bWJDbXl28Fx+H9a54KO/Sly6v5kcjJI
OjLVRlYzr0nUjZM9XPwp0rAb+0rkA9CFXn9KYfhVpWSPt9yD3+Vef0qh4L8fMoTTtVkJA4WRq9MI
DxLMjb42GQwPWu2ChI+WxNTFYeWrOAPwr0r/AKCFz/3yv+FRN8LdK/6CFz/3yv8AhXoOM+ufSo2X
61XskcksfW3bPOpfhbpfbUrof8BT/Cq6/DXTra5jmF/cSeW24Kyrg/kK9HePI71Vkj9qapIX12rJ
GA1usSLGudqjFRZINa80JOc4xWfLEQapKxyNt6joZMYq1EQwdT/EMVnDKmpo5Dn3psL63OM1jwDf
XmqvdWzgRsBwaqp8O9YDHEiY+lekpJu6nmnlTkYJrJ0os9CGZVYJKJ59H8NdaYAiVPyq5H8MNdbn
zUx9K7yGdkIGTWpb3RP8RqVRRus6xK6nm6fCzWu8q/gKsL8KNSJG65YfgK9QjfKjk8+9U9W8QWuj
QO88ihscAmqdOKRSzbFVHZHnd38PxpluZLq8PHY4rjtQihgYrE+73q/4m8aXOr3LLHIyQg9M9a54
zB+d7HPrXLNrZHtYV1pK9RkZfLEU1qdt5zQRxWWp3WuREUwqKkxnikwKDNxIttJtqYjFJtzRcnkK
7IKhZSKvFBUTpmqTIlAqg0tOaM0wqRTM2rCg04GmYIpevtTFcmDU7NQCng0mjWMkSilJpmaXrUml
xTzRnilApCKY+ggNNaFZBk8GnbTThirpVZU5XiY16UK0eWSKZjMTZ7VctmHUU9VV+GFL9mKtlOnp
Xv4TM+e0JnzONyh07zgatmeRXR2H3hXMWZ2kZrprAjIrrrNNXieOouLszpbTpWpEPlrKszmteL7t
eZU3NETClNGKUisGUNpVOHBpaMUXXUL2MPVNPnu9TjeEkDPJFSnQXGMztnvzUurXclpJE0fQnmq5
8QIoHB3Vx1J4eL9/Q0SlJaIWTw9IwPlXDBhz1qXTLuTzDZTL86cBh3qqfEEjZ8tTk9KfoqyzXLzy
qVOc80o1aU58tO7Dka3NkdSKMU40g6V2rYhiUUtJigQU6kooAO9U9W4squd6z9YbFsB71zYx/uZG
lL40c/H1IqTkKX/hX71MUZJwOaw/E2qtaQ/ZoW+d+GxXZgJqlgYtnDiI81do0U1uza42IoYDuDVi
XU7fbvIAHTGa5zS7JLa03MA0hHWrbW8TgFlri/tiab0J9gi/Hr1ksmGA/OuT1TVJDrBmQ7osnAz2
raGn2x58sUh0+1bOYU/KuevmftklJFwpqJnQa3ayt+8AQ/Wrgm0uUc4JNQS+HraQEhQCemKzJ/Dl
wuTE5x7GuZeyqbOxq12NZrHS5gcfKfXNVH0O0J/d3DZPoawpoby0fDl+KbHf7hh2II7E4rf2c/sy
uO1zRubK6sfmhumYe5zVY6nqiDPmKV9xVdrxWkEcX72Q/wAPWt3SvDd5fYkuFZYvRhXTTw1SXYhy
jHdmHDDqGqXQRUHzHkiut07wLallmveWHaujsdNtdNTEUSBsfexVliTznBr16GGjFe+jmnVl0II4
7bTowlnCN3uKa9vPdfNM+1O4HFWUCBi3f3pSVJG411S5Vq9DFt3sUktR/q7ZQPUkVZh021hXzJV8
yWpN3OFGB7Cp7exnuHGAwHrXk4jOIRfLR96S+47aeCk1zT0RmT2DXzYlIEQ6AVo6doUeAsCEY7kV
u2ulxRcyDJrSXagwihR7V50qWLxb5sRLlXZHbBU6S9xalO10aJDmVsn0rViVIflj471AHzyetODk
HOQK6qWEp0UoRInUnL4mVrnW7OC5KyxBpF6Z9ahfxZLuOIAqYqDU9BGoN50ZIc1nyefp9jJA9tvb
oG2k1y4iWK5nrZGsZU1Gxpf8JPeSr+7jXAFaHhiRpXlncAMTmsvQ7+xttOkN1Gm8jGGHNbemyQPb
mWBQo6VWHpVPaKUp3Co1bY2ll+cmpRLWasnvUyye9d5gaAkqRXqisvHWpFloAuBs1ieMv+RO1T/r
ia01k96yPGDf8Ufqf/XE/wA6AOJ8If6ha9RsP9Wv0ry7wh/qVHtXqOn/AOqX6UAf/9H36sfxF/yB
L3/rk38q2KxvEf8AyBLz/rk38qUvhNKXxo+XG/1s3/XRv5mlHFDf66X/AK6N/M0ory5bs/Qo/Cgx
S4oNLSKI3iWQYcZIOVYV23g/xzLpVxHZ6jue2OAHPRa43FIVBXkcetVCbi9DnxGFhiI6n0bDLBdW
6z2solifncO1DLXi3hTxhdeHrgRzkzWbHHXpXsmn39tq1kt1aOGRuqA8iu+FVM+QxuBnh3otBxXi
oHWrxXjrn+lQstas8+90Zs0eRVCaHrW08fJqpLCKQGC8RBqLlTWpPF7VSdME0CFicDr1q5HJkCs5
SFOTU0TnPHSkUX9ueRUkUrRAknao+8xrMvdastKgMt3IqkDhc9a878QeObzVcwWa+RCO+eoqJVIp
HVhsHOq9j0HW/iDp+kxmC3fz5SMZXnBryjV9du9Wnd53LKTkA9qyeS7Mcsx6sTSrya5ZVGz6HD4S
FHRoDkmrEKkimhamjrJanpqKexIOmKXHFJ2oFBqloJtpCKko20mQ0RYzSY5qXbSY5oCxEVptTFaT
ZmgHEiKZFQvHirW3FIRTTIlTKbRmo9hq9sFRmPHSqTOeUGVelOFSNGaQJTISaYCngU0DFPBpWNlc
kC0hWlBp2aLGysMxSAU40veovqDSsKoxVuHOOlVgOlWIz0quZ30MpWtrqaMManHHNbFmpDjNZVtj
jArbtMFhmvTw+KnH3XqfOY/CwleS0N+yOcVsQ/drHs9o6VsQD5a2nLn1PHceR2LIoIpRThWLAZih
uBmnFeaRgNuKE2tgsZusWUt7FGYeAD8xqqmnWCxqJZV8wda2pGMVtIc8Ba5600o6rLM6zlUFcOKp
3mnGCb8zWlJ2NODTbNz5sTAgVeUBQAgAHfFYVg7aPfNZzvujPO4+9WtS1WK3IW25NbU50qa5naMu
vqKSmzTHJNHamQP5tukx6kU+t1r73cztYb3paWimAlFFFAAOtZutHFuv1rTHWsrXG2wpn1rjx7tQ
bNaP8RGNGwRHdugGa4C+lN94iZhyqsOK7TUZDbaU7E9c1w+hjzdReRu7USqOOEjDyOaUb1pyOrPy
gLjHFNAOPbvVe9uxbXCIehNQDU0S78on5TzmvIUJNXQiW8eaFfNg+ZR1FQ2+uQS/JJ8rdDWmoDAZ
OVauV1izSC7LR8ZOa1pJTXK0HLc6eN4ZBuSQH2NJciRbdmRl/OuNS4lh5jcsfTNa1jb6xqv7tA0a
f3iK1WEnL4Q0Rm3V3JPMUO5nB6Yqza+Db3XShEJRc53Gu/0LwNBAgluXDP1Oa6+GGG2QJEoXHfHW
vVoUPZ/EJSc9jlPD/gK10mENKkbSD+I1vPZRwIWZguOiVobiW56VmarlsKziuunN3shzjyq27Zky
uHckDA7UzIprthsAggU+C2muG+QFaxxObU6L5KXvS8jOlgZTd5aDCQDu61PBZXF0wIT5fWta00hE
+aXrWiu2MbUGBXmOnicZrXlZdjupqlR/hq/mU7TSYoQC5yfStJSqLtjAFRZzSiuylh6VGNoxJlUk
9yQn3z60AmmilzW1+YhDt2aGlSCJpZWwi9qaB82Kx/Elz5dskIzhjzis6lSFOF5MaV2Qv4rb7YTB
GxhXqRXQWeowX1uJS429wwrFh/sldI8sf63HPSsa0trl3ZbeQhT71xLGVaclztSi+xuqXU3PEa6e
LLdb8ysQK19HQw6UodducYrnLXSJprlBLKG284rqlYKojUcKMVth4S5nVlGzZnMnVxUgeqobmnh/
SuszLayc1KslUw5qRXNAF5ZBWV4sfPhPUh/0y/rVoOay/FDE+F9QH/TL+tAHNeEP9Wn0r1LT/wDV
L9K8u8If6pPpXqNh/q1+lAH/0vfqxvEf/IEvP+uTfyraNY3iP/kCXv8A1yb+VKWxpS+NfI+XGH76
X/ro38zSihv9dL/10b+ZpQK8uW7P0OPwoMZpaUCjFBQUHpkdaXFBHNUIT7xxjj0rW8PeJL7w5eBo
JSYSfmQ96ysYNMPyrgjPeknyvQzrU41IOMkfQOia7a69ZRzwEByuWTPQ1oFRmuB+FOnmLT5Lp1P7
wkr6Yr0DbgAjgk16NOV46nw2NpRpVWokJQVXmT2q4wqN14qzkMyWLI6VnzQdTW1InFVZosikxmE8
WCeOBzXOeIfFUOjB4bc77nHyj0NdhLDgkEcEda8c8a2DWniJ5GUlH6Me1ZzbSOzBUozl7xlXeo3e
pXDS3cxcMchfSowex7VEPf8ACnDOea4pa6s+mpRUNETfe5P6UAYNItOHWlc3THg9qmQ4qADmpUPN
JG0GT546UCm7uKcGpmyY6lGaTdSg0WBpC0hFLRUiGmgClIoAoGhpHNNIqXFIQaBSRFikxUu0UFaa
MmiHbSGMVNilK07shxK5QU3bU7LTMU0S9BmKMU/FIRinYSYzpS55pDSggc1nyu+htdJakqnipogR
VGS4SMcnmoftjOcKeK76OBqV7dEebicxpUL21Z0cNwI8YOa17OfzGBrk7Vjxzmul0/qvGK9WGFjR
XK9z5rE4yVd3vodZYfWtyAHbWDYdq3rfO2sKhyLuWlHFO6UKOKdjmucoaRSYGPenkUwiizewBt8x
DGeQwxXKXDTWN28Fu7LuPQV1YyOR1qu9pB9p+1uQCo71z4mm8RFcrs1uVCfKc2bG6uzmXdv9TU/9
iMkBaSQK+OMmtm31WK7lZF2BVP3qraxNbXkfkRTgyHgBTzXOsJh1G97/ADNPaTeyJtKDC1KSOCR0
xV0jFc1aw3mj3aPck+S/TJrpyAyLIpyrciuyjJtWtaxEl1uNIxSUp5pK0syAooooYAOtZGuAFEU/
3q1v4qyNbI3oP9quHMbew1NqHxnE+LLpktUhU8YrC0BP34A65zVvxVLuu0j+tZ+nXH2O5yemKzl7
9JJM53e8mWvEEhacKvDBs/Ssks5bJPz9jU2oXIu7kyEHk5pILSe6b5EwvrTpQ5VypE6LclTWLqKM
IXHHtSxW99q84wGI+lbOnaBGPml+Z/SuntoltowFRVwMcCu6jl7b5mjGde2yMjTfC1rbhXuV3N6Z
ro47hLdBHEiqo9qijjlnb5ULE1qW2j7BvuTtB9a9Hkp0VoYpSm7tktjJPdAYOFFaUjJAuXYDA7ms
u51S3tB5NvgHHWsl5p71wPmbnpXlYnG0aerevY9GlSm/h2NO81kkFIOtZQ+03j5JZs1o2mjHhpRt
zWxHDDAMIoriUcTilr7sexuowhruzNtNFQKHmyT2FaqIkQARQKNx/ClFdtHDU6C9xamU6sp6MXdn
rRnPWkpRW7dyApQaSlFC0AdmikoppXAkj+8WPAXqa5TUp47rVQrSYQDGM1ta3eCz09lQ/vHrA0aO
1DF71hljnJrixVVKapStrubQi7XRaOiS7DLGxKt71B5d9ZBiFKoB1rqoJoDEBA6sg6VJKizRNFKo
wwqJ5dSkuaGnzBYhrRowvDnmzTyXLuWwOldAWyxPvVa1tks4mWMcYFTZAPvxXZSg4Rs2ZyfNsPzz
Tw1RZ5p+askmDcU4P71BupykUAWA9ZniZ8+Gb8f9M/61d3Vm+JGz4bvv+uf9aAMbwh/qk/KvUbD/
AFa/SvLvCH+qT616jp/+rWgD/9P36sbxF/yBbz/rk38q2axvEf8AyBbz/rk38qUtjSl8a+R8vSf6
6X/ro38zSClf/XS/9dG/maTpXmS+Jn6HH4UOpwpKKRQ6iilxTASmn5pFC9W4p+Ku6Ham+1y2gA4V
gSfxppXdjOtJQptntfhDTzp3hXT4W+95K5+uK28Z/ChUEUSQjoigCgAluBXoxSUbHwGIqOpUcnsM
Yc0wipyMn+dRSMkYzIwQdiad0jKMXLYhZeDVeVMirmA67lOR61Gy/wD66Y0nsZUsZHPpXnXxL03f
bpdgfdGTXqEiEhsiue8V6YL/AESdDnPlnGBWdRaG+DqctRLzPBxgqHHfim9DSxgmNflwwOcUEVw7
6H1WtrjgakB4qAU8NRYpMnBqVTVYNUqNmg2hImBp4aofxpwNI2TLIPFOBqJDTxTWxoh1OpgNPpDC
gClxSgUWLQhFJipCtNIxQDEApSuaBTqDNxGbKNoqQDNLtpkuJAV9KiarLjHaoGXNURODsREmkwaf
gCopZAi5rSMHPSJyOSSbYSEKvJqhNeAjC1Bc3hc7VNVgcmvawWXKPvyPn8fms5fu4k2SxyasRCqq
nmrkBzxXrtJrTQ8bmfV3NOz+8K6bT+ormrQYIrpLA8iuSrorC0Or0/pW/bfcrA0/oK6C24UV5tTc
tFtRTqF9KU9a52UIaQ9KU0naj52Abg9qhuovOsnVfvYqfpSDg+x6im/hce4KTXQwNGit2jkgnfy3
yeapMkenajvjbzQpzk1Z160Nvc/aIyVVgBwO9Fro8lzGsspIU9a8ipGpFqlThe3U6E0lzSZBfalJ
qiBQmNla+h3RuLPym4ePjmrNtpltbDAXccd6xr+cadrKPCP3Z++BW0aVTDy9tWl8RMmp/CjoCu35
f7tJSJILiFZ0+61LjivQjJSVzKwUUZoFIQDrWLrXDA+5/lW0BzWJrYySc9K4cydsObUPjPLtdk8z
VG5OABVFInkIVBx6mr1+g/tKUtyBjtWhp2j3N8QxUxxetb4TBSqU1KWxyVqijcpWunorjPzt6Cuj
s9LkbBcbVxV2C2sNMQDiSSriTNKvI2r2r1qOGjD4dTjlUbGxxxwrgDJp5yaThTTRJliqgms8Tj8P
h17717F0sPUqP3S/azrajzD1xxUVzqVxfyfJkAU630ye4bkkL1rbgsILZACNxrw51sVjH7i5V3PS
hSp0Fd6syLTSJJvnlrZgs4bdQQMmpiew4FIOK6KGCp03zPVhKo2KSS3XAopOo5pa6m2zO3W4oozS
UUbAOoooNABmlptO+tAAOtPXCKZGHygUwcnjmszW2vHhFvbKcngkUptxBamLqd+lxqkavnySeDWl
c+HS0SS277lZd2KrWQtodttqUJDDo5FdRHtWJRC+UA4xXFRw9KqpOavfvujZzdPSJyAN5p7/ADAq
orS0h7q/uxNI37tela95bR31uY3Xax4zRZWq2UAiU5A7+tFLCypyVneIOqmti0xG44pM0nB6UV3W
S66GO4uaWmZpaAH04Hio804dKdgHg1meIz/xTt9/1z/rWgOmTWf4hRj4bvWwceX/AFpPQNjK8If6
ofWvUrD/AFa/SvLvB4/c5PHNeo6f/q1+lAH/1PfqxvEf/IEvP+uTfyrZrG8R/wDIEvP+uTfypS2N
KXxr5Hy8/wDrpf8Aro38zSd6V/8AXS/77fzNArzJbn6HH4UL2pwptOFIoUUtJ0oBzTGKTgE+ldp8
MNNF1rc1w4yEIwce2a4lziP3r2L4YaabPw9LcMMGZ936Y/pWtJXkeXmtb2dFnaOSzk0mSBTiC5bH
GP1rI1zxBY6BYtNcyfvMHbEPWu1ySPjaUalR8qW5b1LULXS7N7i7cKoGQM9a8X8VeL7zxDcmOOZo
bROE2sRk+uRzVLxD4iu/EV4ZZ2Pkr/q09KyMDqDmuSrV10PqsvyqNFc89T0Lwd48ljkh03VZN6Z2
ox47V6aCrRq8RDRvyCDmvm9lDjBrsPB/jabRHW0vmL2bfKPainWfUwzHKlJe0p7nrci9VFV5YBLC
8bDIKkfpVm2ngv7Zbm0kEkbDjmnYCsOOvWuu6kj5yXNBq61R84azZGw1u4hAwu8gDFZzriu8+Jun
Na6ut4F4Z+fxriJF9K4Je7I+vwz9pSiyqRSCpmXmoiMGkgkrMcDgU9GqLNOBpjjJosqafUCNUqtm
paOiMrkyHmpQarA81IrUbG8ZEoPNSA1X3VIjZouWrMmFPApimng00aRRIopGTNANPzxRYpohxigV
IaQAd6LCsAFPAxQMClBpgkt2NYbqjKVORkdelVri6jiXC/frajSnVlypHLia9GjFzkyrdSLAhz1r
Aub1pWwDwKt3zNIhYnmsfnJr38Pg1TV5HxeNzB4qT5NESAjOacpqIfWnr9a7Yux5rXVkynmrkB5q
ipq5CeK0uK9zYteoro7DqtczaHpXTaeeRXNVWg0dXp3QV0Nv90VzunnpXQ233a8yqtS0Xk60p601
afXMyhpo7UpppoAO9JS0HpQBDLFHcKFlGQDxRLKttbkscKo4FP45qpqtubrT5Nn31HFTKTgnyrUq
K11KA8RbWfcnHQVmRRnUL7LP8hPINXdKjsXtZTd4Ey9M1mSFo7t2gOFPT3rx68p2jOu9L7I6YWZt
HUhY362IOYR3rYJHDD7pFczDpVzfoWI2f1rc02GaG28mY5x0r0MNVrVdZrlXT0MakFcsUtFFdb3M
gHWsDXTneK3xw1c/rZO6U56CvNzO/sVZX1N8O3zaHnDzJDqkruNw44xWzbz6jf7UhBhg75GKp2Sx
PfSyPGXYHgV0kRlZBuOB2FevPF0KGHi5y+R5nspznLlXUSCwitgGkO9/U1PvJ4H4CprexnuDgLge
tbNtpUUIDSctXl1MxxeL9yguWPc7IYOFPWpqZFvYz3R6ED3FbNrpUNvgyAE1eHyrtHApKVHBU6bv
P3pdzWVbpFaBgDATgUpwT60lFd9uj1Zk22FFFFABS0lFAC0UCigAzS0lGQBQAtLzn1pFy1Vb/UYr
BAqtmb+ECplOENZuyGlcTU9RSxjGGG9uQKzB4huBhlUMait411C7Y3UeJCeGpt1pVxpd19oVTLCe
w7CvPquvOXPCXum8eVbiXmqjUI9ssf7z1AqDT9Su9MctJl4ieB1rbs20m7jMmRGR94GrUdpY3ALQ
rlQcZojh6zmqntLj5421LFrcC8txOBtz2qXJPWmqgVQq8AU4V6K7nM3dijiiiimAtKKbnJp4BbgD
JpbuyBCU9EZqiuLq0sIjJeSquBnGa4TX/iSqmS30sHcONwFbRw86jsiJVEjuNQ1Sy0eJpbiVcgZ2
7hXnWufEGXVpPsNquLaT5WPtXFXU9xfyma7k8wtzUlpxNGoGBnpXoLBRpU23roc/tW5I9a8IAmJC
e9eo2H+rX6V5d4R/1Ir1Gw/1a/SvKOs//9X36sbxH/yBLz/rk38q2e1Y3iT/AJAl5/1yb+VKXwml
L418j5dY/vpf+ujfzNKKRv8AXS/9dG/maUV5ktz9Dj8KFpwpuaXGaRQoNOGM00Ypw9aYJDoUM1zB
EB8zPjFfQuhWf2DQLW15LBc/WvE/B1gNQ8UW8bDKKpYnHTpXpPjLxvBoMAs7LD3ITAweldNJpJs+
fzRSxE40Yov+KPFth4dtnDtvuT91Ae9eL6pq17rV01xeN8x5VM5AFQXd3d6hdSXF1KXkc52k8AVC
Pbn3rOpUbZ3YLLo0Iq+4AkUdeKM0ViektA6U0gMMEAj0p1JmjzE11N/wx4tuvDk4VyZLPPKliNuf
T1r2XTdTtNbsUurSQOrAHA61894yPX2NaWieIb/w7dJLaSM0e4F4yeMVvSqu9mePmOVxrR54bnov
xP0w3GgNcqMmNlyB9a8dAyimveG1ax8XeGLgQ481oyWX3FeGND5EskLcGM45orWbuiMslJQdKW6K
zrULLVx1+UVCy1gmd06disRikDVI61CRitEczTTJQakVsVXU1KpoZUZ2ZYV+elO6+1Qg09TUs6FK
5ID2qaM4qsTzT1apNk7MuK1Sg1TVqmV800zeMixmnA5qIGng1Vy73JKDTc04E9RzTG3ZXDAyB+dK
ivJKIo0LSH+EU6CCS5uVgtgWlfsBmvYPBfgW30q3F9fKJbo4I3DpV04Ns87HY6GFh72rPKJPDuvz
LiLTpAp/iNRJ4E8QvybQ59xX0sG28DC+wFLvY+/5V61Cu6KtBHxOKxE8VJub0PmaTwB4gI5sz+VU
n+HOvFuLNvyr6nDnH3j+VAc9/wClayxtSXxHKqNtj5YHw413vaP+VPX4b65n/j2b8q+pdx/zimnd
3/pS+uSD2R8wj4Z683SLb9Vq5D8Mte/6Zj6g19IMSRwTUJDVX12ViuQ8Jt/htrSAbmi/I1sWvgbV
IcFmj/WvWH3Zxk1VfJzk/nWbxcpAonF23h67gxuaP861YrKWMfNitaQc9qrvjtWMpuRRXCEdaU08
9aaazAaaaetONJigBtBNOxSEUANpVIB5HHekoHWmm2Jo5/W9KdGFxBkgnlas6VpcbwLcTZ9lNaxA
bh+R6UfKBgDCjsK5fq8FU53G7Ned2sJ5iqQNwQDpQ3XOciqeo2T3QUxMR9Kt28RWAKxOR3Nb8zk/
eRDuwzz60uCO1U77VINPUg4Z/bmsddfuWlDAfKTioniIU37/AFGqbkro6PqxHQ1zmsH/AEsqRweD
XRxHzoQ5wCRVSTTUebzZBnJzzWGOoTrUlGBVKahK7ObtNJ+Zmih5bua3LXSEUBpSSR2rSQJGNqKA
KU89azo5dCKUqnvNFyra+4ACoMIoApM560UV6G2iMW3cDzSUtJTv0EFFFFKwBRRRQAUUUUAGcUtI
aBQAuDTlQtSKAxPOAKyLzUbiVngsxlhwTUzmo/LoOxZ1HVIrJSqfO/Qis3RUhubtpr18n+EHtUGn
xT/a2hvE3M3c1Hf2kthKwJIDfdI7V51atVT9ra8eqNoKL0Lw1WK21ZopYgYyflYVsTapbW6xCQlk
lAAB7ZrC0iGxmjcXvLqchs1l+XJqevvFAWMMLjbzxWlOtJUrx2ewnC7s9DW1bTN1zGLRCFc/Nit2
0tlsbZYl5zyc+tPi/dxBXALDvTs55rqhSUZcy3Mm29x1FFFbPzFfoLn0HNLyfujJpUjZueg9ax9b
8U6foQKswaXHQHqacYSn8IpNR3NkhYkMkzBFAyTXJa74/sdPieKyxNN05OK4bW/GGp63Kyo5ht/Y
1giMZDElj3Jr0qGBS1kc8qumhf1LWr7WJN08jBc/dB4qmqqv3QB60vGTz9KK74wUFZHO23uFS22f
tUeT3qMdKmth/pKfWpqr93L0Y4fEj1jwj/qRXqNh/q1+leXeEf8AUivUbD/Vr9K+eZ6B/9b36sbx
F/yBrz/ri38q2axvEf8AyBbz/rk38qUvhNKXxr5Hy6/+tm/66N/M0opH/wBfMP8Apo38zQDXmS3P
0OPwoeKKTNLSKFozgg0macB39KAvqX9K1eXSFme34nk43DtVCWR7idriZzJM3VjSjvzzSEmq5iFT
ipcyQnJHNFAoqXqXs7oKKBS0WASjrS0YoDyENIPalxSYp2ElZljTNSudKulntJmjHR0HQ1Dfzi8u
5LnbtLnJHvTexGeDTT1ov3M1RgryW7IzzUTCp257VG1SJxsis61CyirjDioXTjNUmc04FXGDTg1K
y0zFXuczVmTK1SK1VgealVhSaZrCRYBBpeKiBqQHNQ0bp3HhqlR8VXxilDUjWMi8r08HNVUfPFTI
+c8U0zaMtSdWxz1NTW0E95cpBZxtJMxAAHbNR2Vrc6ndfZbOIs7YGccCvbvB3g2Hw9axS3OJLwqC
xxwK6KcGzgx+YRwyeuo7wZ4Kg0OBbm6jElyw3ZP8Ndfnd1prMGOSaXOfauyMUkfG1q8q03KbFIxS
DilzSHmnr3MEkKDml4ptAo17gSA0daSloCyCo2xUlNNAFeRaqyLxV2SqsnNAFCVeKrMtXZFzVVhQ
BARTCOakNMNADTSUppMUAB6UnalpKAENNxT8cUlA0NIpMUpo7UXZPUq3txJaxeZGpYjsKxJdXudW
Y2tsTGw6+tdKDt7ZqqNNt4Z2vIlxJ1OKyq03KV0zRNHP28P9lM41BGlkf7rNUdnF9q1FSFG3d90V
Z1bVDdy+RcREBfutir3h6zCRm5P3R3FedKKqYnkeqjqbxfLBjfEZe2SOSKby9uPl9aXTNZa6xHMC
TisvUmbVrxmz+5Qnke1TaMo+1eZkBF9a1qV5qulF6MmEE6bbOkMfPAx3pCpHJzzXPavr7TXywWoI
UcFhT7LWbpmEbwswHUiun6zS53Bb+hkqbUbm70GMUcVUTWLR+GO1vQ1OlzbS/cmXPpW0ZRls0S4t
ElFO25AIINIVIOMjNUJ6K4lFKVYDn9KNp4zjmgBtFOK8ZyBUbyJApaRgo96Olx21sOpRyMLVN9Xs
kYDzQc1Lc3Cw2QnXoVzxU88dddg5Xa5Y2/LjIzSZzx3FctZ6vMbvzHOUJ6Z6V1CukyCWM/KetZ0a
8K2sGOUHFczKOum4j0syWv3s81B4WnSWx5AE+TuzWttEqNG3Q1zDzf2PeOE6Mc1hiZ+ymqj6l01d
HUACRtu1d474qrK1vqW62YZZB1qk3iSAWwK/6w8VPpUOInuHGC9brEU6itFXRMoNO7MBbOS6v3tI
wVVTgsK6iysYdPtxHGg83u/rUsaRxfMigM3JNP6nmpo4WnSTdtWEqkqi5XsA560vsPzpO/8AhSsU
iTfNIsaDnJrp1bsjNu249FZuAu6or6+tNLhMt1NGMDO0nmuS8Q+P7WyLW1gpklA+8p4rze9v73Vp
2mvJWKt23HArso4OU9ZGU6yWx1viHx/c3ga204uiA43rXGOstxKZrmV5X9XPSlQBB8oxjvS9TzzX
qU6UaatE5JNz+IBgcClxS4orQQmKXFFGadgFFS23/Hyn1qHNS23/AB8p9azq/wAOXoyofEj1nwj/
AKkV6jYf6tfpXl3hH/UivUbD/Vr9K+dluegf/9f37tWN4j/5At5/1yb+VbPasbxH/wAgS8/65N/K
lLY0pfGvkfLj/wDHxL/10b+ZpRSv/rpf99v5mkrzJbn6HH4ULTqaOtOpFAKXPFIetKOlAAKDS0UA
IKU9KQ0UAAoNLRTASlopO9ABRRRQAlBFLRSAZTCOakIphWkSyMjmo3FTkcUwrQZSiVWWoStW2Wom
WrjI5qlMr9DShvalZaZzV7nNrcmVqkBqsCakVzUtGsaliyGpxXjNQ7h1p5faw+Vmc9FAJz+VRdtn
RzxtdiqwHOa1NG0u71y8EFqDt7sOgrX8PeBrvVnSe7V4rfhsYAzXqWm6XZ6LbiGyhCpjlyOa3hSb
1Z5mMzRUY8tPVkvhPwxZeHbRcAPdN95jziunV+/XnvWNFMQetXo5c967IxUUfN1qsqj5m9zQD5FP
Bqsj8dalBJ71RiTilqNW9akDCgAo6Uck0p560AANLmm0oNADhSGjNBNAEclV3FWWFQOtAFKQdaqs
OauyLzVd0oAqFeaYw5qwVNMKUAQEUhFSlaQigCHFBFSYppWgBlN70/bzSEc0AMNHanFRSYoAaM54
oOMZ59xTsUhoAq3mn21+mxxtIHBFYU41LSrZ7eHLQnqcV0vU+4p3B4dQ2eMGsalLmuo7lKWhzUfl
QaGzD/WMpJPvVSytLm7YvGdsK9SK6efT4LlPK27UHPFZeoRXVpb+RZofJI5K9TXJVw6v7V9FsaRn
7tjInSP7R5UQyxPWuq021is7JRIvzlcls1zukxpLdgPwy9jXTXjBLJ8MMhelPA02oyry3HVldKKO
RnAlv8xnALY6Vr3GjQw2yuk58484rJtreXULgomQ3XirNnbXbasIZ2bKDgt0rloNNTk18TLqWSIr
e41EO6bzhangv765mEUfLVtarDHBbN5agNj5mFc7Y3T2dwJlGcVtXnKhUpwUvdFGKlFlxtWvNMus
Xo/dDrUt5eXMkQu7Zv8AR36e1Z15LNr1z5W0YJ5rYnshp2jJbg5wxOPrVqo5wqWei2FKKTRR0+5u
bmUyzP8Auk7VI1x/bd6sUbERA8471DpA3I8eeC3SoLBvsGo4Q/KW6elYxxDcKab+LcbguZmpfeH4
HiPkPh174pPKng0NoJudpI5+lbW0kBl5XqaytUvIpbd7ZPvg8tn2r0Z0owvNmMNVYxDb26adHLG3
zlRuFWtI1JrdhE4yjetWND02yktg0rbzjkZrOvYpI9QaC3jO0/dOM151SM4uNWlsbRafuyOtU5w8
Z+Wql1pVrdyb3zmqOk2V9A++4lJj9K2CcsSOnavU1qRvKO5hblM6PQrNDnrWgoCqEX7q9qM0q7j0
XNONONNcqC7D3H5U5EL85wKiu7y002EzXTqvGeTXnniD4hXE5a200qidN4FdFKhOZlKoonZ6v4m0
/Q4myRJLjgZrzLWvF+pa25iVzDB6AdaxJDLcOJLmZpH/ANo5p34V6tHCQhucsqjY0IN25s7vUHrT
yPX9KSlFdJle4oHHNLigUUAFFHeimAUU6imAgFS24/0hPrTKkt/+PhPrWdX+HL0Y4fEj1fwj/qRX
qNh/ql+leXeEf9SK9SsP9Sv0r52W56J//9D37tWN4j/5At5/1yb+VbPasbxH/wAgW8/65N/KlLY0
pfGvkfLrn97N/wBdG/maBQ3+tm/66N/M0CvNe5+hx+FC96cabTl96RQUvSl4pKADNOpKSgBcUYpK
KAFooooAKTFLRQAYoxRRQAlFHeilYANNp1J3p2AaRUZqU0wipZDIyM1E64qcimEZJoWhlKNyqwNR
sBVl1x2qF1281opdDlqRt6EBGOS34U6EPI+2ON3b0UE/yrX0rwxqGsSKyr5dueSzdSPau/0zw/Za
TGBEm58YLGtoU2zy6+LhT2dzkdH8F6lqGHuFWCIjhg2T+Veg6J4U0zScOER5e745JqWOUrgKcD2G
KuQzc4wPqa2jTSPKrZhUnombMcgKjAAHQU8/N15+tUI5OetW45OK1RxuTbux5UjpUscpXqaaCCKa
yd6CTQin461bSTPesRHKnrVqKc55oA1lbmpAeapRy5PWrCvzQBZU08Y9ahBp4amBJmjFNzTqADOK
QtQRmmkUAKTTGGacaTtQBVdeahdDVxlzUTJQBSZKjKVcZPaoilAFUx01lqyyGoipoArkU0ipyvPS
mMtAEPamkVKVppFAERFGKeRRjigCPFJinEUlADSoOKD9KdSYpp2AbznPSgMQT6GnU0jmktHcFoQC
ztlm84J8/tVPUtMuLuTzIpML3WtPBHelACjIJFRKnFppLcd9bnM29te6bdCVYiw9qj1K/u7qUJBC
6yk9a6re+MA/nTfLj3btvz+uKwWHlTXLTdkW5X3MWaZ7XRlhu3zOwqjpYikLQy4DEcV0U9lBcyB5
Blh0zUP9k2olEmMMOeKVTDydZS3SHGdjnY2bTdSyRjB7dMV0F9e2s+n+YHBbHIp8+mw3PzNgHpzU
CaJbLxk49KmjQnS5qa+GXTsDmmYum3sVtdb3U7HPFSX2kXMU/wBogy6PyMdq3RpVmBhlBA6VZT5E
2AkgUoYH3OSbu+gSre9oc7CdUMDIof5hjmnvoU8lqoQ/vScsTXQbiv3aC5BJGc1vDDuPxu7Ic+xm
WOjLYFWLZYDkZ4rRBVW3BBu9QKTjHJOTRypwBmtYwjSjyrYTve7FLE8Dn6U0ZLY209EZzjOwetZW
q+KNM0ZWVn8ycDoDmtIwk3aKJbS3NVlSGPfNIEHvXJ+IPHtlpqmCz/eSnjIri9a8X3+tSMseYo88
A8VhLGF5wCT1Jr0aGBS1kc8q3YtahqV9q8xluZXKfwqTwBVcALgKAPpRyMDNL0r0EklaOhhJuQUU
UUyRcUuKBRimAoooooAXHNBHNL3oPWgAxS4oopiCpLf/AI+E+tR1Jb/8fCfWoq/w5ejLh8SPVvCH
+pFepWH+qX6V5b4Q/wBSK9SsP9Wv0r517noH/9H36sbxH/yBLz/rk38q2axvEf8AyBLz/rk38qUt
jSl8a+R8vP8A66X/AH2/maShz++m/wCujfzNArzXuz9Ej8KCnZpMUAUDHDpSikFLQAtFFLigBKKX
FJigBKKKKAHUhFLSUAAopcUUAJik70uaDQAYpCKB1pTRYBuKbTjSVJLQ0imMMkDqPT0qRuOpwPU9
61tB8M6h4huQkFuyQHrMTxiiMW9DKtUjTjdsxIoJLmYQW8W+Q9AvJru/D3w8RQl5q5O/qsfau60L
wjpvh6ACKFJLjvKwya05l3HJ5+vauynRstT5jGZm5NwhsYZtYoIwkKLGgGAAO1UZY/Qcetb8sII6
CqE8PHTjNb2tseK3cx2ypqSOTpzUk0eO1ViCpoEjSjl6c1eikyetYccvPWr0M3PWmPc145OasK2a
zIpatpJwDQIsMgNNB2nrTlcMOacQpoAfFNg9auRzgms/GOlKkhU0AbMcme9TBqyY5wD1q4kwI60A
Xgwp4aqquD3qVW96YExNITTd1GaAA0lLmmkgUAL2phFO3UnNAEbLUZSrGPWmkUAVWSoilW2WoytA
FUpUTLzVsrUbJQBVZaj21ZdeajK0AQlaaV4qYrTCOaAI8cU0rUpHFNIoAiNJUmKTFADMUlPIpCKa
AbQRxTqQ0kAyl5paWn1uBGc0uKdikqY3S8wGmk5p9JVa2DQaaTGKcelAxjn+VK19eoXuxvNHSngM
33VJ96Zcy29knmXUyRqOxPNHK36g9NWORWdgAmfU+lVb7ULLSYWku5BuHQZrkNf+ICRCS30/BPTc
Oa4C5vL3UHMl1PI2e2eK7aODlL4jCdZbI6zxB4/urwtBYgLH/fBrjX8y5kM1xI0jnvmgKF4UACnA
kdOK9OnSjT+E55TkwAVR8v60UHmkrQiwuKMUClp+gBRS4pKAHClpBSigAxRilooAUCjFLS0CExRi
lopgJipIB+/T60ypIP8AXp9air/Dl6MuHxI9U8If6kV6lYf6tfpXlvhD/UivUrD/AFa/SvnXuegf
/9L37tWN4j/5Al5/1yb+VbPasbxH/wAgS8/65N/KlLY0pfGvkfLkn+um/wCujfzNAok/103/AF0b
+ZoFea92fokPhQ8UCkFOFBQop1NBpwoAKKKKACiiigApD1oooEKKWm0oNABRRRQAlLR2ooGJRS0h
YhNzGjyFpuxMc4pY0klfZBGZJDxtUVo6Nod7rtyIrWJiucFiPu1674c8C2OhRJJPtnuSOpHStIUX
I8zF5nCgnbc4/wALfDie5Md9qjGOMciBsZr0+3toLOFYbZBHEoxhR1qy2QRjCoOgFMPTIrrhTSR8
risXUxEua5C6854x2AqB1FWiKidc9qu1jju3uUnTIqpJFxWmycVWePJoAx5oeelUJ4iO1bssXNUZ
oM5pAYpXaakSTaetTTQ4JqoylTQM0Yp6vxS8c1hJIQavQz+poA2UkGKnVs96zY5RirKScdaYi6KQ
rUcb8VMCMUARg7TU6T460wqCKiKkGgDSjnBq0so9KxUkK1bjnyeaANUSA9KN1UllHrU4bI60ATbq
N1Rb80bsUAShhTg1V99SBuKYE+aTFM3dKcDkUAIRTGX2qSjGRQBWZaYyVZKUxloAqMlRlatlaYy0
AVCtNK1ZZKiZaAICtMIFT7eeaayj0oAhxTSKm200rzQBERSEVKVxTSOKAIsUFaeRxSYoAZikp5Wk
xQAlJinYpMY60wtcbScUpBOMDNPdFjj8yd1RfQmiMXJhexHgsMAUPstoy08qxKBzuNc1rXj2x0tm
itk89gMcdjXnWp+KtU1l2zI0cZP3c11UsJUqPTRGU6y6Hea94/sLBTDYFpJP7wGRXnmqazqGtyk3
MmE9AxqgIx1LFn75pw4r06eGhT9TmlUbGpEidMCnZ65yaQ0Vve2xmKcUUlKKQwpaSloAKKKKBC0o
oxRTAXHFApe1AoAUUtJSgUCDvS0YooAKKXtQBTABUkP+uT60zFPhH75PrUVf4cvRlw+JHqfhD/Ui
vUrD/Vr9K8t8If6kV6lYf6tfpXzr3PQP/9P37tWN4j/5Al7/ANcm/lWzWN4j/wCQJe/9cm/lSlsa
UvjXyPlx/wDXS/8AXRv5mih/9dL/AL7fzNJXmvdn6HH4UOpwptOFBaAU+m0oNMBaKKKAFopKWkAU
lLQaBCUZoxS4oABQaAOaO9ABR7AZJ6UhIAyauabpd9rNx5FjA7kHlhwBTinJkTqRgryZT3gEKAWf
ptFdr4a+Htzq0sdxqAaOAchema6/wv8AD6z0mJLi+US3J5wwzzXa7iVCgKirwFArphSW7Pncbm93
yUypp+mWWk26w2UQRQMZ7n8as8+35UoFBzXRtsfOznKcuaTuIRnrSECloIpkkZFMIqTFNIoeoEJX
NQMmDVvtUbjNKwFCRM1Ulj68VqMoqtJH7UWAxZoc84qjNFkdK3pIvaqMsPtQBisu005ZCtWpYcdq
qOmDQBdhmJHWrsUmR1rGRiOlW4psDrSGbMb+hqwrjOKyopT2NW45AT1piNANnrTuvWqqyHPFTK/F
ADnQdqaCVqQHPWkK5pgCzY6mrMc/HWqbJTQStIDUWbNO35qhHJipxJmgCzupweqwf3pwfnrTAuBu
KkVuKph6mRuOtAFgHNPFQq2akU0AKaQqMU/rS4FAEBWmFanK0m2gCqyVGyVbZajKe1AFQpTGSrZS
o2WgCrspClWClMK0AVylNK1OUprLigCErxTCtTkYFMIxjPejQEiLFJtOanEbHtxUF1cWdipe5mVR
6E00nJ2QNpCEc4HNLIiQoZJmUIOeTiuP1j4kWNmGgsSkkg9K8/1TxHqurOwklkjjY5wrY4rrp4Kc
99DGVdI9F1jx9YaarJbESS9MYzivPNV8V6vrLsDL5cXbAxWSIgPvHcf7x60pHGM5HtXpU8NTgtUc
86rZGsfzbmJLdznrUmBkEdRSCjpW5mB65pKU0lABRiiigBKUUtFACUtJS0AFLSClFAC0UUYoAdQK
BSgUAKKWiigQd6dik4zS0AFKBSYpRTQAafD/AK5frTDT4f8AXL9air/Dl6MqHxI9S8If6kV6lYf6
tfpXlvhD/UivUrD/AFa/SvnXueif/9T36sbxH/yBLz/rk38q2axvEX/IFvP+uTfypS2NKXxr5Hy7
J/rpv+ujfzNNFK5/ezf9dG/maQV5r3Z+hx+FDhThTBThQWh1FJSimA4HNFIOKUUAFA60tFAC0hoz
RQgCgGij8KQn3F600svRQSfakdhGMsQAat6J4j0zSrkzXelpdshyu5iBXVRwlSr8KODF5hSw8Xd3
fkdJ4a8A6jrUqT3Gbe164P8AEK9c0nRLHQ7cR2cK5xyxHNeZR/G+OKMRRaNEqDoBKf8ACnH44D/o
ERf9/m/wrvhgKkeh8jisznWlo9D1sc9Dn1ox7V5J/wALwH/QIi/7+n/Cl/4XgP8AoExf9/j/AIVp
9UqrocPtEtj1raaQg4ryX/hd4/6BMX/f4/4Uf8LvH/QJi/7/AB/wo+qVOwudPc9Z59KXnHSvJf8A
heC/9AiL/v8AN/hR/wALwGf+QRF/3+b/AApfVKvYOdHrBHtTSPavKD8bx/0CIv8Av83+FI3xvGON
Ji/7/H/Cn9Uqdg50erke1RsPavKv+F3jH/IJi/7/AB/wpp+Nw/6BEX/f5v8ACj6pUDnR6myH0qGS
M+leXn43j/oERf8Af5v8Kjb43A/8wiL/AL/N/hT+p1A50elyRnPSqskRJ6V50fjWrH/kERf9/m/w
qJ/jMp/5hMX/AH+b/Ck8JUHzI7yeEZ6VSkg64FcS/wAYQ3/MKi/7/H/Cq8nxcBH/ACC4x9JSf6VD
wtRDudqUK9qQEgdK4NvioG/5hqf9/D/hULfFL/qHJ/38P+FQ6EkO56VFKeKvRy15OPimR005P+/h
/wAKlT4s7f8AmHJ/38P+FJUpCuevRyGp0evI0+MGP+YZF/39P+FSr8ZMdNLiP/bY/wCFafV5hc9d
DnFSK5NeRr8ZxjnSov8Av8f8Kevxpx/zCov+/wAf8Kaw0w5j1vGe1MZDnpXlg+NY/wCgTF/3+P8A
hU8fxkD/APMKi/7/AB/wp/VKguZHpfI7U5WNeeQ/FaOU4OmoP+2h/wAK0rfx/FOf+PBB9HNQ6E0H
MjtQxpwbmsC28SxXAH7gLn/aNacV6ko4TBrNxaHc0Q/FSq/FVFkBFSq3pUjLiPUqNk1SR6mRznrQ
BcU+9PBqur1KpNAEuKNtC07mgdiNlphSp8ZpNtAisyVGyVaK5pjJQBUKUxkq0y4pPIZjhVJo9QKZ
XFNKn169qs3BtbSNpLmcIAOnFcpq3j/SdNQrCEnccA7ua0jTnLZEynFHQfZyDlyFHqTWbfa5pGmB
zcThivQA15lq/wAQdV1BmWDEMZ6cZrlZnnvHaW5lZyfeu6llzavMwliFsjvda+J4ZWgsIT1wGxXD
3+qajqb5nlbb1wDVdUVRwKCOe9ehTw9OGxzupJkQjXPT5vU0vNOpOa1bYt9xpzRzS80tTa+4aDcU
hFLRTsAmKTFOpKLAJijFOpDQAlFLSUAFFFLQAlKKKBQA4UGiigBwpRSU4DihAFFHelApiExzTqXF
FAhe1JS0UAJT4f8AWr9aYafD/rl+tZ1f4cvRlw+JHqXhD/UivUrD/Vr9K8t8If6kV6lYf6tfpXzr
3PRP/9X36sbxF/yBbz/rk38q2e1Y3iP/AJAt5/1yb+VKXwmlL418j5bc/vZv+ujfzNIKH/1s3/XR
v5mgV5vU/Q4/Ch1KKbTs0FodR0pAaKYC0tAoPWgBc0ZpKKAFpQe1JQSFXLEBapRlOVkKc4xjzSHj
npUE90kQwD81VLi+DApFwPWqWdxyxJr2MJlnN70z5vMc7jCPLR3JZp2nb58gelR5HakGKWvfhSjT
Voo+Sq1p1XzSYvSjrR2orW3mZWQoozSUtFkAhooopadguxc0mee1HajtRp2C7EJzSUd6WjQLsYc5
o604im9KHYd2NNMK1KR3puKnQaZDtppGKmK801losi1IhIFMI9qm200rWUoplXID+NMI9zUxWmFa
wnTRSZEfYmgHHXNOxSEVzuNnoMUH3pc4700UppxlqA8GnZqIGnhq2UxEqtjtVqFulUlarMUoHFaq
QmbNu3Tk10mnbcrxn61y1pIvHNdNp/JXPNZVLNAjsNN6jG0CumtDgDnNcvp2QB8tdLan5RxXm1Vq
WjXj5AqZSRVeM8DipwTXM9yiZWqVWqsCakDUgLQbkVMj1TVuRUysc0AXVfmpd1VUDt0X8anClRlp
EX6mh+QaEo/D86cOaqS6np9opae7hBHuKxL/AOIOiWKnbMXcf3VyK0jSqy2VyXUgtzphHv46U0mG
BS00qAD1YV5XqXxTuJ9y2ETAdiUxXI32v6rqTMZp2RT2BrspYCpPfQxliUvhPY9U8YaPpQJaVHYe
hrhda+KFxIWWwG0HoRXA+QrndIxc+rGl2ADAC13U8vpw+LU5pYiUiW91nVtUYm4vZdp6rms8WyA5
bLH1POatkHtTCK61GMF7qMm2QleO1MIP4VMVppWj1GQ4ppHNS7aYV5pDIyKTFSFaaRQMYRRTiKTF
KwDaKXFGKAEpKdim0DCkpaMUgG0GlxQRQA2loxRigAooxTgKAClFB60tAheKUdKbTh0pgLSigU7F
ACUopKUUCCiiigAp8X+tX61GTT4T++X61nV/hy9GXD4kepeEP9SK9SsP9Wv0ry3wh/qRXqVh/q1+
lfOvc9E//9b36sbxH/yBb3/ri38q2axvEY/4kl7/ANcW/lSl8JpS+NfI+WZD++m/66N/M0tNk/10
3/XRv5mjNeb1P0OPwodmlFNFOFFyh1GabmlBoHceKM0lJmmNasdk4zjNGc9ODTc4HJwKpXF9yUj/
ADrpoYadV6I48XjqWHW5cluI4l5b5vSs2a5eY88L6VAzF+W5NJmvosJl8aa94+Nx+cVK+idkOzR0
ptFeiklseK97jqO9IKXPNMQ8GkzTeaBmpAeDzR3po4NLmqQDuKTikozTuA6jtTaXtSASlFJSigAI
puKcRSYNACHpTTTyKaQaChpHFRnOKl7c00jigaZEw44ppqbHFRstSUmRkVGRU2KYVNZyiWmQ4ppF
SlTTSKwlAZHikpxpKwlGwCUtJS5oTGOU1IKiFPU1rGQmWY3kQ8HNa1nrFzbEfKCPrWKhGaspg+5r
RWe5Db6HdaV40jjIE0ddjp3jXS2AEmRXjyYI6YqdUBHVh+NRLCxmT7Ro95h8VaO4GJgPqauL4g0s
jP2hfzrwABlxtdvzpczn/lu4rL+zk+ofWGe/HxDpa8m4XH1pp8W6LH1mB+hrwT99jBmc/jSbG7yP
+dL+zo9WH1hnuM3j7RYvunJHvWbc/FKyh/1MLE15CIhkElj+NPCqD3/OtI4GityHWkei3Xxau2G2
3t8D1JrFuvHOu3mSrKinr81cuPXA/GpUYdcc1vHDU1skZucn1Lst9f3bFp7hzn0NNRB1LsfZqgV/
8ipUfPOPzNdKSitDJ3ZYAUDAFLUatzT8g0XAWlPNJmloWmwhpFMOalNNIpWAixTCKmIppFD13C5C
RUZFTkUwrU2KIjmmkVKRTWFMCMjikxT8UlADMUlPIpuKRQnNJgU6m0gDFIaWkINACGkpxFJigBKW
jFFABigUUAUgFpRSUvSgBcU4dKQDilHSmAopc0gpaAFooopCCiiimAhp8P8Arl+tMp8J/fL9azq/
w5ejLh8SPUvCH+pFepWH+rX6V5b4Q/1Ir1Kw/wBWv0r517non//X9+7Vj+I/+QJe/wDXJv5VsGsb
xF/yBL3/AK4t/KlLY0pfGvkfLEh/fTf9dG/maQUkh/fS/wDXRv5mlFeW3qfocPhQtKDTTRmjUofS
g00txz1o3ADJ4FVu7LUUmoq7Hio5p44V+ZsmqtzqCxjCDJrMeRpTliTXq4XL3P3pHg4/OIU1yU9y
1NdtOcLlRUH48imZ7UuRnivoadGNNWifH1sTUrSvJkgajrTMijNa3Od67kgxmlzzUeacDRoA7NGa
TPNLkUwFzS5ppNGeKAHZoBpuaKdwH5opopSeKLiHA0ppgNOzQAvagUlGaAHE0g60lFAxTTTS0UAN
PSkA4p1IaLhcbimEVLimkUikyIrimEVMRTSo9KC0yAimkVKRTCKmSKuRFaaRUpFNIrCUSkyIikp5
FIRWLiMbmnqaZinCo2AlQ81ajPNVV61Yj61rBkMuRmrSH5aqR9atJW8WYybJxyKdTF6U7NWZi5pR
TRS00A4daXvTQeaXNO4h3anA1HmnA8UXYiVWqVGqsDUitTTFYtBuakVqrBualVhTETg5pwNRBqeG
pkj6TFANLQgGkcU0ipDTSKYEZWmkVLimMKkdyLHNNYVKRUZFAXGFeKaVNSc000gIiDSAU85pvNIq
4hFJilNFAJiGkpTSUhiGkpTTaAFopKKAFooFLSABSmkpaAHDoKXFIKUdKYC0UCloEFFFFIAoopKY
AadD/rl+tNp0P+uX61nV/hy9GXD4kep+EP8AUivUrD/Vr9K8t8If6kV6lYf6tfpXzr3PRP/Q9+NY
3iP/AJAt7/1wb+VbJrG8R/8AIEvf+uDfypS+E0pfGvkfKsn+uk/66N/M0A0kn+uk/wCujfzNJmvM
aWp+gwdopDs5NLznimjODzgVUudQSDhDlqujSqVNjCviadD4i5JMkKlnPPpWTcag8uQvC1Vkme4b
c7celMyOwr6HCYCNON2fKY/OKlR8tPYlVvXk0bjUYNOBr1Fax4bTbbvuPzzS96ZmlzTepFrD80vN
MDUuaLhYdzS5pmaXNFxDweKcDxUeeKUNxVJgSA0vaow1Lup3EPHFLmmg0E0CHUUgPFGaYCinZpgN
LmmA4GlzTAaXNAD80U3NANADqM0maKBhQaDSZoAU9KbS5ooAaRTTTz0ppFIpMjNMIqU004oKuQkU
w1MVqNlrNopMZjNMIp+CDQeazlEq5HinAUYxTsVlKIXFUc1ZjqsvWrKURJZajq0hqsnSrCVvEykT
A0uaaKdVmYop1NBpaAFzRSUtMQtKKSimIcM04HBpoozzQMlDc1IrVADUitTuS0WA1SBqrhqkVqYr
FhWp+RUCtTw1NCaJaQ0gOaWmIKY1SYpuKQEeKaRUhwKQjikBCRTDUxWmFaBkRpuKl203GDSGRHrS
VI2N1NIpDQw0mKcaSgBKTFLRSGJiilpKACiiigApcUnenUgFxSjpQKB0pgKKWkHSloEGKKWkNABS
YpaKAEp0I/fL9abT4f8AWr9azq/w5ejLh8SPUvCH+pFepWH+rX6V5b4Q/wBSK9SsP9Wv0r517non
/9H36sXxGcaJef8AXFv5VtCsXxIM6Jef9cW/lSltYuj/ABItnynIT9ol448xv5mmNIsQLOce1Q3l
6kM0i9T5jdPqax5rl52+Y8Vnh8FKcm2fUYrNKdGCjB6lu61F5MrFwPaqIznJOSaaMA8dKXoa92jR
VNWsfLYjGVK8vfH0uaZmjNdFzkH5pQaZmjNFwsS7qXdxUQJpd1WmFiQGlzUYalBzRcVh+aUGmZpQ
aLg0PBp2ajpQadxWH5pQajzS5pk2JM04Gos0op3CxLmlzUW6nCqTFYdS5puaAadxWH0ZpuaWi4WH
ZoBptFFwsPzSg0zNBOadwHmjim9qM0XAXNGaSkpXAdmkNJRQMSmkU48U3rQNMawNJjinHmkNSyky
JhTCDUtIRnpUspMhxS807bRioaKuKgqxGOahUYqePrU2FJ6FmPrVlKrx1ZSqSMZDxS0gpasgWlFJ
RmmAtLTc07NABThTRS0xDs0o60ylBxQA/vS5waYDzS0wJVY1IGNQBsU9Wpkssq3FPDGoA9PDU0S0
WFapAarq1SK1MViSikDUtACED0ppp5ppGaAGkcVGRUuMU0jNICEimkVMVphFKwyIrTcYqUimOuel
DAYRTcU/FIRSGMNJTiKTFBQlJS0mKTAKKKKQC0o60lAoAfQOlJmlHSmAo6UtIKWgQtFFFABSGlxS
GgBKfD/rV+tMp8P+uX61nW/hy9GXD4kep+Ef9SK9RsP9Wv0ry7wj/qRXqNh/q1+lfOM9E//S9971
i+KOPD9//wBcH/lW3WH4p/5F7UP+uDfyqoq8gZ8ZTljdzknP71v5mo6fP/x8z/8AXVv5mo69iCSi
rGUnzO7HAUGkH1oq7i33FzRmgUGgQoNLTaM079wHZpc0zNO7U+ZALmlB4plKDTuhD80Bqbmlp3QD
waXNRZpQafMhEuaM0wGlzVcyFYfupwPFR0uaLoVh+aUNTAaXPFCkgsSZpQeKjBpc1V0IkzShqjBp
c0XQEmaM0wGlzTuhDs0A03NKDRdCsOzRmmk0Zp3XcLD80hNNzS5ouu4WFzRmkpDRdAKTSCg0UXQw
NMIpwpKTsAwUuOKDQanQq43FLiigUnYYqjmp0FRqKlQUtBMsxjipkqJOlTKKd0ZyY8U6milp3RIt
IaWii6AQdadkUlJ3p3QD80A0lKKLoBaKM0CndCAdadmkop3QDs8U4Go6dRdASq1SK1QA08NTTQrF
hWqRWquGp4andCLAapN3FVw1SA0XRJJmimg04UXQhDSYp3ekNF0AwimEVIRSFad0MiIppFSEUwip
bQIjNNNSMKYRSuhjDSU4im4ouhjTRSkUEUroYhpKKKNO4C0UgpaV0A4Uo6Ugpw6UXQAKdTRS07oB
aM0UUXQBmkNLSGi6AO1Oh/1y/WmU+H/XL9ayrNezl6MqHxI9T8I/6kV6jYf6tfpXlvhD/UivUrD/
AFa/SvnT0T//0/fqxfFC58PX4z1hbHHtW1Va7QSxFGGQeoxxinF2Yz4huIJhdT5hl/1rf8sz6n2q
HY/dHH1Q19Yav4X0+RmK2UIDc5CCuNvPBsDM223Qf8BrsjirKxm4ngIVv7rf98ml2t/df/vk17d/
whEX/PNfyo/4QmL/AJ5j8qf1tByHiO1v7rf98mjDf3H/AO+TXt3/AAhMX/PMflR/whMX/PMflVfX
EHIeI4b+4/8A3yaMN/cf/vk17d/whMX/ADzH5Uf8ITF/zzH5UfXUuguQ8Sw39x/++TS4OPuP/wB8
mva/+EIi/wCeY/Kj/hCI/wDnmPyo+u+Qch4nhv7j/wDfJow391/++TXtv/CERf8APMflSf8ACERf
88x+VH17yDkPFMN/df8A75NLg/3X/wC+TXtX/CER/wDPMflS/wDCER/88x+VP695ByHimD/df/vk
0YbP3W/75Ne1/wDCER/88x+VH/CER/8APMflR9e8g5DxXDf3W/75NKM/3X/75Ne0/wDCEx/88x+V
J/whMf8AzzH5U/r/AJB7M8YGc/db/vk0uD/db/vk17N/whMf/PMflS/8ISn/ADzH5U1j12D2Z4yM
/wB1v++TTuf7rf8AfJr2X/hCY/8AnmPyo/4QqPtGPyo/tBdg9meNc/3W/wC+TRg+jf8AfJr2T/hC
k/55j8qP+EJj/uD8qf8AaK7C9meOjPo3/fJpefRv++TXsP8AwhMf9wflS/8ACFR/88x+VH9orsJ0
jx7B9G/75NLz6N+Rr1//AIQqP/nn+lH/AAhUf/PP9Kf9orsHsWeQc+jfkaXB9G/I169/whUf/PP9
KP8AhC4/+ef6Uf2iuwvYnkPPo35GjB/ut+Rr17/hC4/7n6Uf8IVH/c/Sj+0V2D2J5Fz/AHW/I0vJ
/hb8q9c/4QqP+5+lH/CFR/3B+VH9orsHsTyLDf3T+VBB/un8q9d/4QqP/nmKP+EKj/55LR/aK7B7
E8iIY/wn8qNrf3T+Veu/8IVH/wA8lo/4QqP/AJ5ij+0V2D2J5Dtb0P5UbW9D+Vevf8IVH/zyWj/h
Co/+eYH0FH9orsHsTyHaf7rfkaTafQ/lXr//AAhUf9z9KX/hCY/+eS0f2iuw/Ys8f2N/dP5UBH/u
n8q9f/4QmP8A55LR/wAIUn/PJaX9oLsHsmeSIjf3T+VTojdlP5V6r/whUf8AzzWl/wCELQf8sxR/
aC7B7JnmSI2PumplRv7pr0j/AIQ0f3BR/wAId/sij+0F2J9iechG9DS7G9DXov8Awh/sKP8AhDvY
Uf2iuwewPOtreho2n0Nei/8ACHe1H/CHe1H9orsHsDzrafQ0bT6GvRf+EO9qP+EOHpS/tFdg9ged
bW9DQAfQ16L/AMIcPSj/AIQ32qv7RXYPYHne1vSl2N6V6H/whvtR/wAId7Uf2iuwnQPPQrZ6Uu1v
Q16D/wAId7Cj/hDz6Cl/aPkHsDz8Rv8A3TTtj/3TXf8A/CIH0oPhA+lP+0fIPYHAeW/9004I/wDd
rvP+EQNH/CH/AFo/tFdhfV7nDBGx0pyq3pXcf8IhR/wiJHrT/tHyD6szilVs9KmAPpXX/wDCIN15
oPhFsd6f9prsL6szkgD6VIAcdK6keEn96X/hEn9TR/aa7A8Mzlgpz0pSpPauo/4RJ/U0f8Ik/wDe
NH9prsL6szlttIRjtXVf8Ik/vR/wiT+9H9prsH1ZnJFCaZtPpXYf8Ik/vR/wiTe9H9pLsH1ZnHFC
e1MKH0rtP+ESb3pP+ERb3pf2kuw/qzOJMbelMKN6V3X/AAiLe9J/wiB75o/tJdh/VmcLsb0pNjf3
TXd/8Igfek/4Q8+9J5kuwfVmcIUf+6aTy3/u13v/AAiB9KP+EQPpS/tFdg+rM4EI/wDdp2xvSu8/
4RA+lH/CHn0NP+0V2D6uzhNjelLtb0ruf+EPPvR/wh596P7QXYPqzOHCsO1GD6V3H/CIexo/4RD/
AGTR/aK7B9WZxGD6UYPpXcf8Ih/smj/hEP8AZNH9orsH1ZnD4PpQVPpXcf8ACIf7Jo/4RD/ZNH9o
LsL6szhtp9KmtYme6jXHU12f/CIGtGx8KBHVtnI71E8epRcbblRw7TTNLwrbFIlz3r0uxGI1+lc1
o+l+SqgjpXVW6bVArzTpP//U9/pGAIpaD0oAqS2wYVUfTI2/hrTbpTTQBk/2RH/co/siP+5WuaSg
DJ/siP8AuUf2RH/crWooAyf7Ij/uUf2RH/crWooAyf7Ij/uUf2RH/crWooAyf7Ij/uUf2RH/AHK1
qKAMn+yI/wC5R/ZKf3a1qKAMn+yU/u0f2TH/AHa1qKAMn+yI/wC5R/ZEf9ytaigDJ/siP+5R/ZEf
9ytaigDJ/siP+5R/ZEf92taigDJ/slP7tH9kR/3K1qKAMn+yI/7lH9kR/wBytaigDJ/smP8Au0f2
TH/drWooAyf7Ij/uUf2RH/crWooAyf7Ij/uUf2RH/crWooAyf7Ij/uUf2RH/AHK1qKAMn+yI/wC5
+lH9kR/3K1qKAMn+yI/7lH9kR/3P0rWooAyf7Ij/ALlH9kR/3K1qKAMn+yI/7lH9kR/3K1qKAMn+
yI/7lH9kR/3K1qKAMn+yI/7lH9kR/wBytaigDJ/siP8AuUf2RH/crWooAyf7Ij/uUf2RH/crWooA
yf7Ij/uUf2RH/crWooAyf7Ij/uUf2RH/AHK1qKAMn+yI/wC5R/ZEf9ytaigDJ/siP+5R/ZEf9yta
igDJ/siP+5R/ZEf9ytaigDJ/siP+7R/ZEf8AdrWooAyf7Ij/ALlH9kR/3K1qKAMn+yI/7n6Uf2RH
/c/StaigDJ/siP8AuUf2RH/crWooAyf7Ij/uUf2RH/drWooAyf7Ij/u0f2RH/c/StaigDJ/siP8A
uUf2RH/crWooAyf7Ij/uUf2RH/drWooAyf7Ij/uUf2RH/crWooAyf7IT+7R/ZEf92taigDJ/siP+
5R/ZEf8AcrWooAyf7Ij/ALlH9kR/3K1qKAMn+yI/7lH9kR/3K1qKAMn+yI/7lH9kR/3a1qKAMn+y
I/7tH9kR/wBytaigDJ/smP8Au0f2Qn92taigDJ/shP7tH9kR/wB2taigDJ/smP8AufpUsemIpBC1
o0ooAgithHVlRgUlOFAH/9kKZW5kc3RyZWFtCmVuZG9iagoxNyAwIG9iagogICA0MDUyMwplbmRv
YmoKMTkgMCBvYmoKPDwgL0xlbmd0aCAyMCAwIFIKICAgL0ZpbHRlciAvRmxhdGVEZWNvZGUKICAg
L0xlbmd0aDEgOTU4MAo+PgpzdHJlYW0KeJzdeXt4VFWW795nnV2Pc+pUnapKpZJKKvXKO4SECiEQ
HjkqIAryTNOJEgkPIyZiEiNpCgwJ0hoDKIIYHmKEmOYRUTKIyCUNgWkG8I42wxWmx9budtrYPd81
ZrQv47SYnNx1TiURte3vzjd/zDe3zncee+/zWGvt3/qttXYRSggRSBMB4l+xelnNh862zYTEXyaE
u3dF/WP+pz49vI2QxGRCaEdFzYOr//j0FxcI8eI42fLgw5GK4vNnk/D6KD6TuOqBZStt4p2HCUkq
xr4Jq7DD9qq5F9tbsZ28avVja892mMuw3YXtrQ9Xr1hG6PE+QnxTsP3c6mVra/gD/Dpsv4Ntf82j
D9TsWLy9ENt4D2skHKlQW/kK1oHSGolHsfBXiOEKNbHVHE9yLlzrG0fka33X+nKd9oA9JWAPVPBk
oA4SBj5RW43WP//pUUMGvqOcEMNedp2YiItMVOItxnprnUDqzUbqshE+xSGZ00lIDMbKN/p6w9f6
7JPwN47k9IVv9IVzTxxz97g5WpaSF3bYZS6L0vw8eyg/4Cd2mQS4/Vv+9/v/9OmWwXM9PZxKd9BO
9UdqdYSOoXfSGTTrZkeE/ziiNqm71BfURjSpJgvrQlnc5MfKWGmn6HreKdbbdtqNz5t3QL39WVbn
3EHriWxxWDNMDkOMI5Yn6Q4hxAXjULywJt+1PrzQ5MNz30Cf3Nsv4yH3xPz46ngUNC8qn74Hhq+1
c3lPD5u2eXArbW5pUSNcc4su2v5fqYGzgwNnBzt+pe5H+dwo3+9QPhupVhLMjIqww1gnoUS8wyA4
TNZ0S4ikGzhZvnahd6D3Wp/cj5L0h2/0h9FsuXR2l6V4dpe1+L7ZXXLxfSVniDx0Dt8q46ZMtBdM
LFXcin2pvdy+jd/Gthm2GZtMTeYmoUkUyzQZA66QPSp5novWXVQfbGGXm9WVlyL8e310jbql7+vs
CAKFcEOf45zO0eV0kK3KAodPdvCMt/sYL+JuMnOCjzFeTuKAcyTZHQCczcpJScBZtK5MB4j1smRm
QOuhzkhwZq2SRRRMjAdOchqIU772jt2toWBKb58bje6YlDt7UYlRZp8Z2WfusFE2faY3ZL2l92p9
pcFQfh7FzYXqQADyXHiQ13Hhf+Xynh2csWP94JWG4zy98ocIW4LgiNBx6pUIF+Imj2CjDnWSyFTF
I5qNUM/qzBoaDOkmwWFBIJgQB9ZhmMq9muX7v+wPyxdyFXOukCvmWnIlfhQBmi2j8w7kHDenWZvv
yNfZfeoW/Fbz0MdsDvucZFCjUhQKcskBn0VM8nFev0+0iJmixR/gY+lutoGkxe72bHA51qfVZPpF
S8BrcjtcnIOYnK5xyV4nseVmyjcu9F3rRSjI/XZH1Hnk3hsXEJoX1T60YtRy1s/w0qgfS4PHCTpS
mfK0IcngMwbThXQx3ZIupVvTfen+9EB6MD1UKBSKhZZCqdBa6Cv0FwYKg4WhEqFELLGUSCXWEl+J
vyRQEiwJVQlVYpWlSqqyVvmq/FWBqmBVqFPoFDstnVKntdPX6e8MdAY7Q2eEM+IZyxnpjPWM74z/
TOBM8EyoKDdrftb+rK4svoyUFdjzkmheeEL++NQcOpbmj08OhHm3PTSWhoIGV0ysjyZRVwwfCCa3
NXr/qefF9keOfvTBcZpGhU00YXej98KbO3et+vuP/qFbvaxe3aF+NIsuP3yw/tF7V2YVTLx06rf/
PmaMenLvtgcrypaNLxj/4fnffxomw9x0HOc8gSSTncosUTCDxeQDHow+nodME08SgU+sF3eFnPWu
OrvE19sMRj/PIN5EYsEvhrxgtRhYPDqmPzk+Rk5PtIQcwZQRrpB75XPn7A73JLS6Y5IdNw3S/eEw
wkbtd0zStlFg4z48OTacnBOi0WbjylBrtxPhDGNpFrXruNbpj3fFGFKi5sqifFHpuuxf71Fd/TOW
LZ56bpAg5oopTxPeHmzdtHXXrq2buPelJT9WyyP0F1vvGfxNRMPi1XP73gzsfuaZVsT+0A20w0K0
g5VsViZZpaibikmCiJ4rIjT5b5w6UwSL7rlGUgejXmu2EYNt1GtvTEGvtY+qNuKwpmGHRR1NZg2A
HhCpaBLMBtEpOa2yHJJCVr+syPNlESFBXSGKm+ZKZjwZFjYMvts/+O4z3M+30+dpK85b5GYHWxKJ
DITgNxoxUbIY/epL9CsPKVLiyXPuDSBts2+wmNdDTYLVYfGQmBSDlIDTc+0dPXpF/UTty1Wk3MTq
xDXc+vj1npcTDbSMGvjhIDMKQ84uO9DkBezLyeovVVV9Sr2LvkXXPUn9BxrTfnnk19euffjCmSza
+ceP6AH6AK2gB5Tb1O0/71Z71DdwO3fwMBnmGShHW4tkkhITZRkkGQFZJoQcwwUt8o3e8EBveDQG
KjablCsp0nypXKqRmiTjrRyT54oyzLkov3g1O3CaHQz70Q4iRpQcxUE2WAwbHOstNXGQ4jKn2CQt
mg0bAIkD+as6vjG+J/5KPPJXih5po+q6oybQj7C+5/TpnrPd3WfVZrWYvkbX0gg9qi5aQm+ns+kc
ervarb6lnlK7I3QfrcTtJXUlxt1WdSXR9b4XMaai3k6yQcm2+YxGg8Eny7ZM2UgtJqgXWJ2d1luJ
Od3oSJdFPEpoDtnBBWOGKbcX3ak36kBfak6khbxbnAdRZTRSUqYkKq75rlWGGlezocn1sstoNMYa
U40FxgJ5lWwoGzUeHWFpza/u7emh78GTZzmhR705sPqsZs2vfweHIwgxvmDg9khUh5kYI9r56cRL
IsoYT4xRclNoZ+4DQluCwwq0nR2Sif1uZ+Isgy3fKUszeZLvMcjcbUlRRrhxiw79bqSAEcrOPUl8
PuKjgMCb3SUUY+hOIgp+MIkkDZ3TQ/fJHN82X5cPRud+GtJlrGuYE8anajSJjZm7dtGvlI6GN97a
Pfjkxhk/qlr5RATyI61Li997d/B6JMLlNz/00qtqKIqTYvQXHvXRcJKtOEmLxdDiaNNwMs012TzN
FtaAckMHyoAGlJNyvBJfHg8aSibY5dQoN9+KEu5ozX331tYuWVKr/lE9T4toPPXQaer54nMU1ek5
r6p/W4tUZqBGmqH+Sv1KvaleH7WtaRbKkkseV4r8HqfEG7IIyMa09gyvfGAstKUE4mJEZmzPOBSK
NZN4pzDL4p4bb8q3yAbX3HjZGZyV6ZfTk/NTbxunu9AUTJB6h2GDZtasHjU7gkczvHsSBkdFIuGc
sBIuD9eEt4U1x//Ldv1eY3QK+A/uPlr31pu7B5sbpy66f1Xj4P7GaQuX4vlpbSqm7X/kiXaIVC67
clUzP/3y0qrtTw3+6dYrbXrKFq/Q5iMH52OmIYbEkAC5U0kOuJg9LqnDFNdhpe3QRNqtNaY2R8I0
cYqTy3fZeZlMDGrI0qGl8UWvlpFqqNJBdbwohCxboGd0mqja/ISCqWkoP42JjUYPTaNLu+nN7N01
H1Omfv1xze5s1UBvLq1cXVq6unJphIXWDm5dtEC9rn6N27UFi5ojtOL0wa5PPjl28LQ2b5g88XNw
3uLIj5QUEms3mZ2U2drt7EBsm2Rutx8ShfEmLo/IdzhMsiXfels8zg56w2gOpfuBfEGLjw5tQnye
HE+RZ55nqafRo03ISBLwPcPPqTXMn/PYU+cHZ+5q5/jxrz7uK+Xz1F/8aNE7b6pLdLueqa4yD+Oc
P40yGkkieUAJGoAIMmk3yS9LLTGmg9DiaYup8cp2Ms00yWwocoe9mlW1KBFFPoaIXhnjtS5fsDyp
MenlpCtJfA/pMfQYe0w95h7hCrliuGK8YrpiviJYkGSoblovZQGXbuqCPAMfGvETyJ97/33zuA8G
Ux7fXPdszMGsIfIHtU99HxMfiZqohyv5X0cO/sLxE9Mv31r32JudGAWt2J2uvj3is6sQIxbEyBwl
hRK7V+A7PEJHTFK7v0lqj6nxtNl8+V7M+q350hTjNHdYA8mN3oEpU3q/D5KTRaHG0LGQxjzDcNDl
ZZqxrWh3TWQ0tluzO1SXP/RI6b2rHyqny3epxuw9Nb9XByn8vmZPNkKI/u6h0wePffJJ18GjkeZF
C7AKY+jnmQsW0YG10VyLXUX+l0k8uVsJ2ustcVrws2LwsxhccQ6b5Mox2zLtUsisx0GP5sQX0Iuj
JGnXq8J+LXX6RySi+Qk1CU0JMMrmYcyI+JBWucBIWqQFxoVf0VT1/T+r/V98UfPEi3s31WjE/tml
y/+q2iLcx69tf+7VUR4kOq+nYz0zLimV+ORYK0ulvnZr6gFT7MvOlriENtpuqrGC3xriY/PcXH6S
DR0wJLvFcIaeg2t+GJUVBb3Y269e1FCj99gdev6Xq4zxZRbGFLmKYovcRXFF8ZM88zIbM4UsV05s
jrvR0ig1Whttjb5Gf2OgMShqMLKPzENq/vgJk4enyBjKRw/w8zR/dL74VbtVw8yjj7xy7OvB0+ua
Kuviape+U0u91Ky2Pbmi8p55C1dyzwz2RZqL5x975Y3jRRvX/3jFJ8HgtcHfXn/4gQdWPhzl4BL0
k2y0Qwa1K3dgHmizLAj4zQJnEhf4A/6RuuQ1Fvuah7WQo2meFtdRR5temwRMFi/nznOhp5vmuZK9
84gtHK1NLozUJvbh4mQAq5U/9Ou0/BfLE0USzaIgilgKSaLVgCG9qTHr5ayeLMgwZwgZ4hjLGCnD
OiE0I1RqLhVKxVJLqVRqLfWV+ksDpcHSUKW5UqgUKy2VUqW10lfprwxUBitDm82bhc3iZstmabN1
s39zYHNwc2iPeY+wR9xj2SPtse7x7wnsCe4JHTEfEY6IRyxHpCPWI/4jgSPBI6EpZfT7FcqEqFt8
r0JJLa+1tm58uO6uh3b8bOfnN++/vrHW3NL0cLWyaPvV/eqQ+sWK3/poxk8aZs9UZnpSMvY88doR
X0C9sfqRGbdPmOZKyd+35cSrSXqdTXLUxWwmzoeFhEitkjXi61K7LYjOji7fZjvkf8FTk+wbT9DR
pwSsut9LE5NHw4JGsnKvvlShhb0Rtx9JM5L1NCOZJA+nGYpZTilKaUw5lsJjAn5LlEgZ4d2RKBKl
Yy5jJFKobd8JIx2Dy3dzsx4ajhU6J3wTRdRZkeGcatzQx3CY1WIGcr/idQuyibTznM7MNQbuUJxs
tFMzk4FMxFxkSl/4nWsXNFZGeh7olS+MLnyIxZpC2ppHnK5RHIkbSZzmxS/F7BbKnCFtjcMecAXs
w5Qc9au/37uXLqdp6vtjCpVp3Avml859sA9ej9C71ZORwTVbpi++d//Glrf0+cAchfsVcq9IXGSy
EgedZkd7zCHZ0m4lsw0SZiJOW779tthoBn9ND8nhgb4Psb4Qfe4cd7l7m7vLzWiZUwcP1nD4fToa
1n5es2BedfW8BTV00+7Bai17YMULqqux85Gv1+jxbDhP0mUwk3GKw9BuauJJO0fziWyEfHabEP32
8Je174o5Yrm4TewSmbaMNvItrmj4E5GIFuKH1z+eR352kXlKhrRT3PHtdbFbl8UyHULIoJN07Dck
faM/PEzQ/SqiTu3NPWFz+9w/sCam1y0sr2VwN13f0qI++em318N2Rus5LW5vQvx7SFhxE3cLSPYW
i7lNq+bytGpumiF8azU3cGHggqxeyD1uS8TEB4PmcMT9lp9qM89vSv30f6q96mU6njqqf7+mRt7w
6M6GdZurNlrpnJNv0FQqagE3M1N9v3nT5X//4krTWl2eIi3/R9t7ydpo/k8x98cKoCma/gtt307/
9eyfv0PP/7WU5zv5/8A3Qfg/nP7bfyj9b+PId9J/LYNr+IH8X53EVqF9fWQMeUwZO8YvJ4ZsNKPD
Sdq9JkuLkQ91xLd5D/GHnTXZ5jxjUr4/0SaTKanTjLHhbI3cb0SD3ijFXFQvaByjh2vUS0k0CXFC
ulA0licmYubRu2VzjOA3+c3JglmPbzpjpuVHuXUqvTXlQMKht6Qk+fxV9bz6m8pf19XatmzsaL41
/aBfqcaR3AReHyj/6N8CAfWhipcuRW5NRJoj6t7hFOX0sP6Ldf1jkV8XKZkht9Hp8XcIpD2GYcLt
6ZDbYg7BC0JNMj/e7TTILi6fTPFOk8LJekIVjmZUf4FdT1QjhXIj4TvP/te12jW4ouOHlfk6gMXC
qb+iBuJEqxu28GmYWT2khGJlJlqcB0xujZYOmWpQk7hZsbyMws+U8m2yONGjVdRaQhjNBweQVkdr
BpJAh1GokapGqB4dih7iGYbiiW0JXQnct1ITHZFRdfCSv7FLNRTpIKQ3by+pWrGRTxtYGK1BuazI
4PMXq9qO0g+i/D/0AdYP76PsVtKgFApmzvRTySoZf2owWvE0x2TEb/OMA8McSkmmkVhMTPM0OESs
ktlkNPCUmG0i983i08C3F5+0vOK7q0/pTFt9ksbwWWw2P5vdx9/HDGWBb5aa8ETp22rzGm75RszI
LVvotvVqM8aEyGA5tz8SGVioWx2I9m+OhfDcXDwnYWYLqEUjGaKL6DK6lm6gO7iL3If+VH+uv9B/
NBAcGtL+ZyH76UJajuMNw+NOHJ80Ov7DP40PPqR76T7ahtv+4e0ibpep9g+R8a8+/f/y44n27xRF
z0jU26J+ZLhLqKcLzyZiQC0JRp+/9IslduTGGOLEax9K69F7E9AyVmLDmOwnDozz8Vi5BP/Tsv7/
++MIR9drR71q+pLKpJIMr+vhyBK6HFvNeNxGyul6igGUzCVLyFTyJPkT9m/Un/fRjbgd1d93FnvO
Rq+w/yi+hZBiUks2kt36Ny7xS/gKfj1fgWnQFroFe36jjWElkM1n4L0bcV+PY8u1a1qEWwapIFgl
kHbs+RLHI2QvFdi7+Oa/oylkFX5nLu4dSFcmlOU6tXIV1IL31mkAQ4SgfphpVJI1JILPXde3z7G9
kkTYdUMM9yXqNQvHDHw5+QTfXktqqUDzII/7Mz47F3taNK1oJ+GgEmFbjluavk0ny/E9B/GOCNnH
Lefy+DTtLl32qeQDclKXu4Jsx/ZC0qkfCQyQ9yCfVqD8mm3i2Xmy2Hg3DRisNMfYiLYiBi/ZyFUQ
H0wndQQBftKgrXpTghGzi0u5a2WXsqDEf7k0kD3mO02/bPR3kfldUsR/amhofgmfwEq7WGIXpJi6
+JTQP//Q4D9nj5k9v8TfdXXG9OG3ziifjn2LSvBSa2E39s+Ynk10FuLuP/VomvP5pbYp/0Z8Jn2y
33t/7v8ZOX81f+Bj63VzBt6rDVL9BjwaN6leQmx5OF5jvT7c/80vxL9LKgyfk3JDPClnN4jbkD/0
OduP15dIM/c22uUgjuUP3TDcTxbDWbz+M1puPrmXXSUz2WJSbPoJnneTHL6ATGZuUozXxZg5lrMc
UsxvJCXaGBwn40AgM7WdvU7K+d/hfVdJkXavvl/F5w9qcUL/Tcf9H1D4GlQ6Dvc+nL8SxMBH0Z39
C0rVhZrhrBlPIWHNQbKScccxActcEZ+zJOOOjCntJMSK41Z8xvY5IfYmQhwrCXHi/U4cc+K7Y7DP
hW0XPh+Lu/swIXErtf/fdWuFODPJIofRqpz2L6vGwXwW3YRt/hTXpPReUeGXs+FdFd4R4G0rXA7D
pW642A1/dxMutMLfqnBehXM9d7JzDdBzJ5zNhTMN8HMRulU4rcL/UOGUDU4K8KYLTqTCGwK8ofDH
/8bD/sYDXcc8rCsJjnng9Zcl9noBvIan1wJwtABeFaHziJ11huGIHY408YfHwqG9SeyQCgd/5mAH
vfAzB3S8ksU6uuGVx7zslSxox1N7NxzY72EHVNjvgZclaHupm7Wp8NK+MvZSN7zUxO97MYXtK4N9
Cv8ivu3FFNi7x872JsHeU0PnlCF+jx12W2C3wu/yQqsIL7TCTgmej4cd21eyHSpsx09sXwnPbRPZ
czGwTYRtCv/sMxJ7NgaekWDrFoFtDcMWATZ7oeXpBtaiwtP4xNMN8JQITybBT7Hx0zBsesLJNqnw
RK2NPeGEpkaJNanQKEGjwm/AOzao0PC4jzWo8LgP1q/rZutVWBcpY+u6YV0TH1mbwiJlEFH4tSnw
kwKoxyfqq2ANntbchMe8UKfCo/jmR1WotUFtE19TPZbVqFA9Fh5RYbUKD8tQNRsqBVilwoMCPKjw
FQF4oAFWqqA8s6IKlnfDsgYoV+H+WCgTbaxMhfvsUFriZaXZUOKFH4dhsQjFizysuBUWeWChBxbM
j2ULUmC+VWbzY2Eenua5Ye49iWxuA9xzl8TuSYR7FH6OLZHNGQezcXh2GO7G/rsb4C4JZt0psFkN
cKcAM2dIbGYYZky3sBkSzIhOyXQL3HF7HLujFW6Pg9sUK7utAZQJZqZYQWnii6ZmsKJumIanaWUw
FT8xNQOmTI5jUxwwudDBJsdB4SSBFTpgkgATC2xsYgMU4NMFNiho4ieYYYLC54+PY/mtMD7LzMbH
QZ7Zy/JaIZwhsbAK46yQaxFZbhLkJGewnAIYGxDY2CTIHmNn2a0wBp8ZY4cxCp9lhsxUE8v0QoYE
GQqfnmZn6a2Qhn1pdkhT+FQTpOArUroh2RlgyRkQwlNIhSC+MNgKAb+JBQQINPF+E/gV3oejvkxQ
TiTZs1lSIXgDkNgACS7whCE+DHE4HKeCOzaDuasgFluxGeBiAnMlQUwcONHIzgA48FlHA9hRJXs2
yGgdWQUbjtkSwSqDtYmXUDnpJlhEsCi8aAMBbxW6wewFk9HJTN1gdIIBX2uIASYAU3geHIx3A9/E
A7UxcAAoPIdXnIptoFjIYxF5iq588hma9d/zR/6rBfjm5yX/F4cOhPgKZW5kc3RyZWFtCmVuZG9i
agoyMCAwIG9iagogICA2NTcyCmVuZG9iagoyMSAwIG9iago8PCAvTGVuZ3RoIDIyIDAgUgogICAv
RmlsdGVyIC9GbGF0ZURlY29kZQo+PgpzdHJlYW0KeJxdkstugzAQRff+Ci/TRcQjMG4kFKlKN1n0
odJ+ALGHFKkxyCEL/r4e3yiVugAfxnfGd/Bk+8PzwQ+zzt7DaFuedT94F/gyXoNlfeTT4FVRajfY
+faV3vbcTSqLye1ymfl88P2omkZnH3HzModFr57ceOQHpbXO3oLjMPiTXn3tW4Ta6zT98Jn9rHO1
22nHfSz30k2v3Zl1lpLXBxf3h3lZx7Q/xecysS7TdwFLdnR8mTrLofMnVk2e73TT9zvF3v3b21RI
Ofb2uwuqqaoozfO4RK7BdeQa8TrFC8QLYQu2otlAs4lc5onjEuMl4qUwgUlyoa9EX23BW+Ee3Asz
mCMTmBJDQ6IhB3bCOIvkLAM2woReSHoh9ELSSw2ftfgk9EXSl4E3I94MNEY0BrlGcgmeSTwT/gPJ
f6jQYyU9EuqQ1KFH8KOwARupiXNNOhc+jfg0qBMXubjbDckVyqzdZ8NeQ4hjkQYyzYNMwuD5PrPT
OElWen4BEIa+JAplbmRzdHJlYW0KZW5kb2JqCjIyIDAgb2JqCiAgIDM3OQplbmRvYmoKMjMgMCBv
YmoKPDwgL1R5cGUgL0ZvbnREZXNjcmlwdG9yCiAgIC9Gb250TmFtZSAvS01TTFJEK0RlamFWdVNl
cmlmLUJvbGQKICAgL0ZvbnRGYW1pbHkgKERlamFWdSBTZXJpZikKICAgL0ZsYWdzIDMyCiAgIC9G
b250QkJveCBbIC04MzUgLTM4OSAxODU0IDExNDUgXQogICAvSXRhbGljQW5nbGUgMAogICAvQXNj
ZW50IDkzOAogICAvRGVzY2VudCAtMjM1CiAgIC9DYXBIZWlnaHQgMTE0NQogICAvU3RlbVYgODAK
ICAgL1N0ZW1IIDgwCiAgIC9Gb250RmlsZTIgMTkgMCBSCj4+CmVuZG9iago4IDAgb2JqCjw8IC9U
eXBlIC9Gb250CiAgIC9TdWJ0eXBlIC9UcnVlVHlwZQogICAvQmFzZUZvbnQgL0tNU0xSRCtEZWph
VnVTZXJpZi1Cb2xkCiAgIC9GaXJzdENoYXIgMzIKICAgL0xhc3RDaGFyIDExOAogICAvRm9udERl
c2NyaXB0b3IgMjMgMCBSCiAgIC9FbmNvZGluZyAvV2luQW5zaUVuY29kaW5nCiAgIC9XaWR0aHMg
WyAzNDggMCAwIDAgMCAwIDAgMCAwIDAgMCAwIDAgMCAwIDAgMCAwIDAgMCAwIDAgMCAwIDAgMCAw
IDAgMCAwIDAgMCAwIDc3NSAwIDc5NSA4NjcgNzYyIDcwOSAwIDAgNDY3IDAgMCA3MDMgMCA5MTQg
ODcxIDc1MSAwIDgzMSA3MjIgNzQ0IDAgNzc1IDAgMCAwIDAgMCAwIDAgMCAwIDAgNjQ3IDY5OSA2
MDggNjk5IDYzNiAwIDY5OSA3MjcgMzc5IDAgMCAzNzkgMTA1OCA3MjcgNjY2IDY5OSA2OTkgNTI2
IDU2MiA0NjEgNzI3IDU4MSBdCiAgICAvVG9Vbmljb2RlIDIxIDAgUgo+PgplbmRvYmoKMjQgMCBv
YmoKPDwgL0xlbmd0aCAyNSAwIFIKICAgL0ZpbHRlciAvRmxhdGVEZWNvZGUKICAgL0xlbmd0aDEg
OTg3Mgo+PgpzdHJlYW0KeJztenlgFFW29711qqr37uot3emQXpJ0mpBO0nQIEDaLHVkiAsPDaKSB
hCUBAgICgRiUYQ+ENQSMEJHBGUQIiE4UhIgRRWUyMwYRdUZH4sK8mM95k3EwJpV3qjoBfM68f7/v
j68vVXW3qnvuWX/nBkIJIVqyjgDxzlk0a8mnwUN1hMTpCWFy5zy+3FuR+UIbIfHzCaF75y6Zt+jr
dX9rIMTdgW9tm7dw9Vxzw++ex/oJQlyR+QWz8s37xp4hxLMZ+/rPxw6LV/d7bNdjO2n+ouWrTmwz
VGC7Gdt7FxbPmUXoTZEQ7ypsVy2atWoJu57LJMQnYNu75LGCJStW899jO0QI9yhhyFypkp3LHUVq
VcQl6tm3Cf82VXN5DEsyGppa+hKhqaWpJWQ1+8x+n9k3lyUdyyCu40upUmW8/V+P8SmEdk2TpjPX
uWvERhaJcWqThpJ8brHFoCnWzbY8ZWdMRJ9kNGvVdqGpoaNZ+WZLW0tYaJUum7OzQ3RCrXbajNeJ
nYiE4t3eVT/QPGDgQ2dCMTQPB43TJtSapj0sz+iqj84gojIDsjLdNDPcP8ucmOWzJ5ptfGJC8onH
YMaMlY9+wyy9cPnTsXukg/85Z1blx1x2UVH7xX9+moBsJwO6brKfsAESS1aICQ4zrzfYmA0ap6HE
RKo1EZYEHVwAgnSQMSgE9Bkuoa2lua25Y0hzX5KBD5nyMBIeJV0nk+5SSHcRVzfpZ8viauMYmXi7
MqzQ7ZKnKcPUZ860+7KMFMlVaDfbYqLbYK7RGSelg5lHik4/f4zOnFmybmMNG+gYWXi+sPjKdSa7
qHPfpZ3nX6I3ibyPwahTU3gb0RBRtPAl6qUsKWFokARUEORCWqGtOdwhE90S7mgJnanQUXqHJK1C
khZLlCS/TFCmTAs9erLz1unTdEFhYSEnFuISZDzeItxNokPO3y86QGMpsVUL+hIjAd4Q1AespqA5
FBNdThavsmDT+7ik454lY5QlY7BEl7T2658ZjrErQrPeWf7tkRnpI0dkZIz8z5Odf62tpfO5pemj
RqVnjBjxY+/CQphSJOssyq+QHYX0OEiqaCUVer7CUq6POMFlH6Vxmfo4UWRtsp41d7QIraGz3tji
WIbm+ZHH/ZITE3i7LcaRQLL6kcwwsdsIM3/v/v179+6v2vON9BWNvXWLxkpfj/lrc/OtW83Nf51D
MyWJhqXfSZJ0FfnOdKH9cp+gvjPEQl4UH0Rt5zkmnzI8z1nMjJDPcyalSyCMSq2iglplxEunZwyC
Wq2axPDGYiLo1cAW87O1YBZMRoNOrcIXKDFYNWAVmt43O7KRj0OaWxzhphZLdmjC1BkqgfvWEVZx
38r/BPW3cluldHU3Hko409uCDBdjTMRETUaTie3N9eZ7G3obg+ZUC59H8qhPQ7MyKRaZ3+CDTDs9
yCRJrZ3j1jO2XzP2PZ1/OVbaWV56lIlnLv8YX8gVte8rLKTjpDrUBFnnZN7HI+9dJEt0kQOOCjDs
1+8zV2jKIRJnTNO7iM3F94lDATS939QtAhSC1Bw6U9xL1gZZ60mWgKyPcZgT02lUHKj+A9j4wJ9r
ZQm4vil4p6DIvn39vqr9lSt3uOh9x8+gEEgX7ZsRkr4rX/f1V199s7ZUloVCzzakR0t6kyfEjDif
LhZ5S0ti96grrL4didvdFcnl1ggqKxPLEV9agiHoMpGAjnMlxPRJEdoa0LuFw81Cq9mSLbO8tVlq
/f4rofX7VjRxczayXkwS+hT3WdW7vg9b0rue1jP10MA2cA18g70hpsFR76yPrXcZ8nBrWXf2Yr3H
wFHNfVG1UyVmDUN/FQMZ327ZuHn5su11R6WjQ2uKTv++9QZl9mxY/JQwM/Ly9D99TXP+8nhJ8VM7
6PnOPxYuGz/mfM2vXrl/9Yb82ddTUj6JygFtkm3FfceTJWK6ymBzsUAdG7RQwlXHWYxAS7TlAjEP
tfYK8qagNWAYxAZdfIAEmZAbDbUl3IxOTcAia1lrqyPc0SqzwJEdeiXDU+ap9cBdw3UrhuvGEjXc
zKil2pW92M1R043aFTamHUOjzXxuYe2xoxJ7OLIaPZhstq8vXPzuh52XCwsZ8uaucy9JLkWfovK7
iT7MRnzkATE5hhXsQGL3Gjx7VeYS61JSoooYyhlL0C5AAF1bVi+Xtk+CbN7oiRWP3NIs65dMvQM9
sqghiUJiWWJtIov23iMEJqufJapvWT644wJQTmxmrVTV//k1DT/cfmvN8/1P0rl1e8p37Nq1o3xP
YeGx/Jl0QHs77T8zn0kp/PG9BRff/fxPn35xReF/OyHQxn2HerdK7MXK5g5o95OAZynHL1DTZUSj
MrOE0WHQa+hoUJxiW4MZVUqxZRYtlkWL7Ql+OiWC6IiuO4KIGi/x0gxNhpbN64kyOkUOOnmuMseH
gYPL8meafXaaSFnpA7pwK0XH+PGb61vaS7rtdRvqSQ7S2YtMEn16GzEZyHIm31XALTCsNNsMegfR
UgevNmoFatHFoz3I4V6QlV+xhu9bpVahQQ7Tom6MdoxujH6MbYydQ+VINMvyZ+02yquorAG+LDqM
RplL+SVFN+bfokbpd069tIkpXtExlL5Vue6ZrRXV7FKqzR7yxaVPpEYHjtVJRxfRhsoft+4/vkOm
txr1oQzp7YP0pmriCzzW5ZYCR4HHlLKcFCQXwAJTJNXr1sQnpmhJIs+7eL1NSyxMatSSe0jPlh1P
m6wYl+UNtGaHrFFttfEqN7XbWF9CcsDcjR76JaeiU+yJDarEt1dcf/ST749X170nfS3dXvHZ4iXa
k4cOnH6ldmb41KmdmzbtMyzhKoPpr/9608te1/UX/vBZOJMm7Nx7+mDty3N37V6/bd0TqNf3Id9r
cR8MMZPDop/J12g1NF+r1UyiWj1ZZkSHvUy7ABg1yxOzAUw6NWMR2pqGoLIMQX5HoUYTgo1uhRHY
Hh+foUE3+opX4zV4jRBVjgm1+mkPT6g1yLcoVLIoumLBEtUV0amjLjqQ3k9Znolhemv7MwO1Y5lx
WpUcFcyaHgnKyoTohHlPYuCVzhnfdS5ndlym8dLN72g7uDq+kvhC6l8EbR3aIukTWV4nUV6rMRZ6
MBL6gY9f5SrgheWmAlsBr6cryWx9xBtvZrRu4uA1brPWxHjReFHJGmRBRaUUlZHUbFEAlWaavKM7
G/EqG0Fj6MFOE2otOMMaHVSsxitPiu4y2QQm1sSZeJPKpDbFmlymOFMvU7zJrZdDood4aAbJoEok
xG3KKiHH/58qg6IDZpbvnNZv2/T/ok7pyy4y76OlSzXP7Tl0/DeHc7dkTeeuHZWmJSVJbd98K/1T
lv6Oyt+/ealRHMm0yj5tC/KkEmWvI34yR0zQE77ARArsnoXu1YkFcQvskWSv1h0DvMWu5zWcU5eM
LGnpQSyK1rZ+iNwJiX6NXmMwswIn8ILKrLbqrQbBKJgEwWxO0acYcjw53hyf5Se4Bno2hVHWLBAf
ej27EmUZ5tD2qqrtFZVVr446sfAzCtKtW53Sd3QE9T9w8uGl+qcWX7owpvHSpcZ3Xn/7Q+a7CeNx
dzel/0NX00fpZnrS7f6+oFD6WPEpmJtgVnGNqMljYjwA9jBAKZnEUVipmk2BoUBYLeEZjWyVUSjT
1mK+g2KiiqzIGoWoUSSskVHsXQnL/YpwNfJ4FFQ7qBOYPA36Ohns+9j1nXX7mLTOnBVwnStu38X1
raOPKPhssJRNzyh41U0WiAluwaEHjSMmrsKqQRxQbX3G40yLQewa098UQPwa8mBElJGr0CqnJh2y
bn54WfidjAgwHHoj3iXee8KhR6EXdamb3rPLHMucDMn7CZ5VQL1cC/TkKFdlYDs8lDEyDaPMmy+M
Wz9spuoXUx7+jzv4Viop+nHp0XM+3yeR3DVPynxe1nUTzmCMTyE3xOEowSTfML3O7WHivcN0et0k
nd7rY2Pos6SGqwjEPGuvcSEKDkT6eHV6X7zakWaPH2ZSB+xjkpg0ExndR/GQzdFQaenxkR2odQrY
cXRLx/gtVlXKHX2NN1XGkzMCnoA34AskBBJztbm6XH2uIdeT68315SbMSNzo2ejd6NuYsDGx0lPp
rfRVJlQmHvMc8x7zHUs4lhgvppalnrKdsp+KOeU45TwVe9F20X4x5qLjovNirBHtcEDWHcPLoOk0
S2Fit8rK+uyhsr+WObmskN2+de1TMw9s2LLmw9envTankN28YvnK3E2792/4+r15DYNvr3w876Ex
0/umBX85d/exYJ9v5i2fMmXkg33SMrYX738xGI2Hg5GnAW4pZg7zxXiHlgiGChurJiU8U22LOFWC
mQY1mP2RDMwh0Ps2N70f5RPWGwSpoTthNciK4FQU1EmcPd7Hzqk4tV1lVyerktUZsWWxFbGHY7V5
qAyZ5qhjjQLdzCgw/NORI6/SXOlYvzHjRjDb1Dt2Hf4lnC+i46VXijrzNk38xcxdG7f/RvYnm6Rq
VTF3BJebhBn24BHDJ4wO5CTpyYTRvZPAMLpEM6HEVCLC2qSSVM1aZ0nqgJxAb4txXBw/XE/ijL0s
8UP5Xu64oX2ZHNQBGYx3tobDPYhXTsrlLkSBQmsD9snd3Y+Q/w6ERaHgLpQAH0hOkn0kz9htFkcM
K+/IwbOJCUmBZBloDeifhLjAgWITCPcTtMUZB+/JO/Xxx6fy9gyuPn5+1MhCqfGl3Nrp736eP3MR
TX3xyc8jWQul1ud+K71U+uSGjevK6EOXPqSzVk7MkV7DtKBi2epNm0se23F7yuT2K1d+mDxlR0eH
v/188eVpG7YnB/KkTf98Xvp63srSiRPH5OVtWFNGx75eR8eUPbH5WPXsr9ZKbdIVoBULSp8+dejw
qWdkvqIusHXd2HOs6PdxZsSe7r1q514jLQHEnsaIutwS59JlWZmg3cwGSEiGnpguhNtafgY9z5Ql
orEMUPJ52Qlb7DZGdgCIQWk0v4+yogVzaxly3r7dgJBT2k8X7CnfvmvXdoScmG93LsqfKb3b3i5d
mZl/rJCuqL/yxad/+vzdiz1YeTr6AxuJIzmim1HbS4j6AFehd1aQp+UEuJdaY3eROIopcC+ZUARE
70etXM7AhFY5m7F448X4snhoJI20kWm0N8Zxcu7is9+jm92psUoxQhU7vePrI4dWP+3ZG/z2jVvS
lzTmi79Rponftblst8AQ9fVPykpP1WKC1kH7SddPv/b6hVfv5CjwAdLrJPvEBLXGylFiKjETLqbc
oCkxV+u0aiaNCEGLOqAPGkOx0bwE3bCMlltbw9Lly8jcywpmFgcKRKACI4Agh0O7ECM4BGeGSyQi
FRkRRFbkRtnFGNEhOu1yQJIne6mX4fPueu5YxXPHYumOND35p/nO8UM0qYEPCrmcCZt3Xeu8Kmcz
/Y+XpM1hU6TvH8g5X4uZSyFMW/B6cZFR3uMbXTfpe6QVY83AswaeEL3Q1NGA+OTBGWe1yBt2yBBh
yJCH+pKzMEsT0aNQomMYKnWq6FhowD2B442J2QNycgZkT5w/MCdn4ICcSd18VD2KfAyR34jDvS6r
geVTCajihQ0QKEmp9vucNh2nKkmH8sQYDYm1aofqE4JedVAf4O9zDI0N2IPW+3oH+3gDScHkUN/u
9A8jXncKiJYuZ4FDWsOYB8poOYz67JAR/33hmeHi8M5wbZi7y8W+Chf7YumGltYMbYYuw5HhbNQ2
6hodjc76sCaP/uvs8GeNOzxn/Vm/Wvz80WMSUxMpXvNkjaTufjJKQnkof+0xmLFiZeMflCTS/9zW
187IomCChzdFa7JQCpeske1ams7WIb/0JJH8QgxSYo4HA7vXZSgxJbhLvNq9tnJXxPuUqTrJEyQq
lyPLZwzGCyRgCCXdMW85MxZaWpQDpPAdGz9b5q/1M8gL+z0WHejZQ4/FR7dGj/bYdd1PLF4+XmPG
Leg27JeLjt01eCmuSD7f2oR2XqHgRwdJFK2kQM8XWBbI51voSDW8SXf3fEuO3iF/2GIWcGXGLFgc
CuxD48U7s+1AVdUB+fo7Ajnz39uoIH03hk6mU+k0OlmqlU5IL0q1c2gVXUyLaZU0X9ol7ZbmK7ab
S68zucwyAkR4mSEsJayg+JKm90NWjGS5DJEIs6wa54KCd7d305tBhokJSU4osGsK3KaCPgvckVCS
U2/hAnoujfBxdp4P+HQhGYy09aRrPRv5sFWOrvcEDLinHs3bMMpgNBrQAxTQaOC1wzt3HpavlK1r
12zbtmbt1oXHL0jf3/6n9I8LL+x/9vaNG7efpVU1p0/XPHv6NDy+uapq85aqqiuOq4f/ePPmHw9f
dcSd2ny2sfHs5lOyj72G9vwZrFb24hFNaLX2WSZNxGnhUZ2cgpyRyeTKlP/EcM331K9NGjhw0sTs
7ImTBmZPnJg9cJJizAMnTWIauvuj/jHSdZOfjTg6liwW/Xo+1ko0G2LMBhZIsYmZHRNxQRJnTNKb
hCQLTeLMxKccRTeh5Sra2YwAxRHuTnhDZz1xkThGMdO7CdLPDqZ3xtXIB9PR83JB5mtsT4P4vMRM
PReZcRfPffnluYv09gWpXbqM5R9cYVFRR4f0xRdfUDewWP9GegEDci86VTnDebJb/rGY7+SJScTl
LQDrQstqR4EJXAUaTNmTbVoL4RM5vT2et8TwcsbTjPKPIm6UPSJu2fHIjj7OQz2MBzysh/O4PR6P
1+PzJAy3DrcNtxt6Tg/7dSu47w6+ttAePUGbhAsjTy76s9RFHbc6qUm6IH2KGc4Sw1OLLl2QLuzY
v3/Hjv1VzDMTxlP9NzepWdokHZFWSVPc7tsFC6mfTcAk6PdXMAmKnk9J2exN9CUeEiRzxcwgppFW
oZcXUkhJfMpeq/qQSl/BJu6NLbdG2Gfiq9M0aSp30NvLFCBZyS7VgJg+adGtKmeMd13Kn7/q9imI
sizKsVW6kF6WXpvOogR/mjkMpfceYaGs7rWQLDaz49aC+hkRy8bSI/vvnmTR+VJVz0kWnO94+Msf
kpM/mx/5bUPF3UOtY0VSefeRVr2ijzeUc20Wdd8nmogKHtNQTs0SPaPlMawNkU8mMFA0DcFniCp4
FtMwRDtwnOnb2VjT2cj05djOxiNy5QjTl0S1XM4PMS4SlsnBp5sI2GMkZaQL3dAsuoo+QXczl5lP
vcnekHeQ94QvoatL/lsVqaFTaATHS7vHrTiefWf83//ko8pP6UFaTQ9hqekul7G8Q99Rxv/VL0mh
zYX3eKTVgBSakFIzsaDkE5Cau78YovrZ28y//Kbv31CoQd+iRi47sZ6IF0eseGcR1WHSTHphPRYx
nh359P9///ZHtWQZ8r2OvIflA6xNJIVkKdlEarD+JVmj9L/BquWCPTc4ee4HpI6m4DxGLjSDyJK7
gN/JxLEvcf5cbNeQ2cp4O1xVykG4yqwkDEzG2mTljRpSB4NZFq5GL+Wt98hQ8ho5Lte5q6QS500h
17GMwK+PJ+fJDbqeHKXXSCnZTpax8gbiqRZ9fyEWjAFK+Y48oqws9xVy1zAzqSGFuM/z+PWj0X6a
QqdABObSGbhDhh6Hcdi7gRSyESwBpYxS9hfdA8OswfW790uuMo8wKWyAHsd15DWu4vePk6FI71yk
dBxejEw/3CI1oEcKY7k3yHjVeF5PeVUpmYajayCTHuTjSYSUwjT8Qg72bSc59Dqugir7Cs+xwFAS
9Aq1jP/+/FrxwRnedx7ypQX/R9MrqLy1ZHKtYbW3rqtr8gw2jnuolutVC351LetP/Mu/G/xLWnDC
5Bne2iujR3V/dXRkFPZNnYFVuYXd2D96VFrUzplH6wYf2DBopmnIP4hHrejNBzdy/tbz/OGjzkHC
R+rPsSkPRj0D3lWLpHiCqPGHjzqWCB/9zGP4WeQYsw2hT1bXNC5ABjAVZDBe49k/kLnc211t7Boy
l30L6wEynvPg00Ha8dqGVzVe9+F1Eq8teJ1g1nQNZuPIMhhABiMRm3D+YPY8mQsfkPG4xhuqSuUb
g3HuJuYsyZXfY86Qa/wFEsH6k/L3+bOy71Z+o7qvNtzIeWQA+jV8i0A/dDAhvOrR3dQRwq/DXQ7E
C/eu3okuaQYhWpEQ3TR01ThX30SIAdGd8TtCTEcJETqQHycIsTxCiBXnWbHPhnPse9Ehoh+LwTUd
Al5rCXFiPdZLiEsv/x8GhXt+RkNSSRWRLVEgB2QPyuro37HN1jHrxM/fluCyFd5qSOLeyoe3RLYh
Cd40wKU3AtylfHgjAPV5cLEUzuvgnA5ee9XGvRaGV21QF4bfSvCKBC9L8JIEZyQ4XTuWO90OtWPh
lAQnS+FFCU4Y4YXjeu4FGxzXw2/C8Ot8eN4NR8Pw3JF87jkJjuTDs5VG7lk/1KzScjV+ODwBDgnw
TDpUb3Zz1RI8fVDgno6HgwIcqDJyB/xQhfOqjFAlsvvxxf022L+OrTRCpcju88PeX4a4vRLs2W3l
9vhh9y4Dt9sKu+uoKGrYXTu13C4D7KqjRLyf3amFnfVsRXEpV3EOdjyp43aYYYfIbsfa9kFQvu0c
Vy7Btq153LZzsG0du3WLn9uaB1tFdgvStcUPmzeZuc1u2FzXVS92sZvMsAGX3pAPvwzB+hh4qhKe
1MG6/HxunQRlCwWuLBaeKDVyT4Sh1Ahr15i4tVZYY4KSSlhthlVaWPm4l1vZDo+v6MU97oUVvWA5
vrTcDcskeEyCpUsM3FIJlhhgicgWl8LiRcO4xUWwaBgsLNJzCwVYuI4t0kORyBbikoXtsGD+OW6B
BPPn5XHzz8H8dey8uX5uXh7ME9m5fijASQXtkJ8Pc+wwW4JZEkRmpnMRCWamw6MS5EnwyAR4uBRy
JXhoFMyQ4D8kmH4OfiHB1HyYYoMHwzD5ARM3uRQeMEHOcHEETNTB+Hy4P0HN3V8J48IwFgRurBXG
WGA0o+VGx8KokVZuVBGMHCFwI60wYriOGyHAcFHDDdeBqAFR5uNU9r5KGMamccMmwdAhNm7oBBgy
WMsNscEQkR2shUHZFm5QHmQPNHPZFhhohgEG6C9BVj8blyVBv0wr188GmWEtl2mFcF8NF9ZCOCqf
vhoIZTi50CjISLdzGU7IqGfT3Vou3Q7p69g0TT6XVgnBVBsXnACpuIlUG6SKbB8kvU8+pPQOcSnD
oTcS1jsEAXwEJEgeBH6Dk/PnQVKihUuaCon4WqIFEkU2QQ0+r5Pz5YHXY+a8TvDWsx5czGMGzzrW
rQW3yMYnQi8TxCWBKzbEuaZCLH41NgROCRy4qEOCGAHsNhtnLwKb1crZbGATWasVLDjPcg7MyF6z
BAI+hBFgQvpNlWDEMaMEBvyAwQkGkdVLoMOGThxYBFqcoy0FTT6oVWZObQOVGXguzPGlwOF7XBhY
/BibBvhRRgt0KhAJaB3N37Cdpv4/+yP/twn4X38Yxf4biQU0gAplbmRzdHJlYW0KZW5kb2JqCjI1
IDAgb2JqCiAgIDcwMzMKZW5kb2JqCjI2IDAgb2JqCjw8IC9MZW5ndGggMjcgMCBSCiAgIC9GaWx0
ZXIgL0ZsYXRlRGVjb2RlCj4+CnN0cmVhbQp4nF2STW6DMBCF9z6Fl+kigtjEbiQUqUo3LPqjpj0A
2EOKVAxyyCK3r8cvSqUuwB/jN88zeIpD89yEYZHFe5zckRbZD8FHOk+X6Eh2dBqC2CjpB7fcvvLb
je0sipR8vJ4XGpvQT6KuZfGRNs9LvMrVk586ehBSyuIteopDOMnV1+GI0PEyzz80UlhkKfZ76alP
di/t/NqOJIucvG582h+W6zql/Sk+rzNJlb83KMlNns5z6yi24USiLsu9rPt+Lyj4f3vaIKXr3Xcb
Ra1YWpZpEXXVZk6LqO02c1pEbVzmtCTegXfMPbjn3A1yNxzXiGtmxE2OE5iYK3CVWEOjWaMVWDHD
R7OPhl5nPWrTXJs2YMNswZb90YvJvcDHso+Fj2WfCr1X3LvBuYbPNfA37G8RtxxXqF/l+j00njXw
seyjwZpZQaNYox8Rf2RGbZpr2+Ksbe4F/1bnf4teDPeiOvh0+UJvN8dXyzN4nxl3iTGNSx7UPCc8
IUOg+yzP08xZ+fkFcPnDjgplbmRzdHJlYW0KZW5kb2JqCjI3IDAgb2JqCiAgIDM4OQplbmRvYmoK
MjggMCBvYmoKPDwgL1R5cGUgL0ZvbnREZXNjcmlwdG9yCiAgIC9Gb250TmFtZSAvU1VVWFdSK0Rl
amFWdVNlcmlmCiAgIC9Gb250RmFtaWx5IChEZWphVnUgU2VyaWYpCiAgIC9GbGFncyAzMgogICAv
Rm9udEJCb3ggWyAtNzY5IC0zNDYgMjEwNSAxMTA5IF0KICAgL0l0YWxpY0FuZ2xlIDAKICAgL0Fz
Y2VudCA5MjgKICAgL0Rlc2NlbnQgLTIzNQogICAvQ2FwSGVpZ2h0IDExMDkKICAgL1N0ZW1WIDgw
CiAgIC9TdGVtSCA4MAogICAvRm9udEZpbGUyIDI0IDAgUgo+PgplbmRvYmoKOSAwIG9iago8PCAv
VHlwZSAvRm9udAogICAvU3VidHlwZSAvVHJ1ZVR5cGUKICAgL0Jhc2VGb250IC9TVVVYV1IrRGVq
YVZ1U2VyaWYKICAgL0ZpcnN0Q2hhciAzMgogICAvTGFzdENoYXIgMTE3CiAgIC9Gb250RGVzY3Jp
cHRvciAyOCAwIFIKICAgL0VuY29kaW5nIC9XaW5BbnNpRW5jb2RpbmcKICAgL1dpZHRocyBbIDMx
NyAwIDAgMCAwIDAgMCAwIDAgMCAwIDgzNyAwIDMzNyAzMTcgMCA2MzYgNjM2IDYzNiA2MzYgNjM2
IDYzNiA2MzYgNjM2IDYzNiA2MzYgMzM2IDAgMCAwIDAgMCAxMDAwIDcyMiAwIDAgMCAwIDAgMCAw
IDAgNDAwIDAgMCAwIDAgMCAwIDAgMCAwIDAgODQyIDAgMCAwIDAgMCAwIDAgMCAwIDAgMCA1OTYg
NjQwIDU2MCA2NDAgNTkxIDAgNjQwIDAgMzE5IDMxMCAwIDMxOSA5NDggNjQ0IDYwMiA2NDAgMCA0
NzggNTEzIDQwMSA2NDQgXQogICAgL1RvVW5pY29kZSAyNiAwIFIKPj4KZW5kb2JqCjEgMCBvYmoK
PDwgL1R5cGUgL1BhZ2VzCiAgIC9LaWRzIFsgMiAwIFIgXQogICAvQ291bnQgMQo+PgplbmRvYmoK
MjkgMCBvYmoKPDwgL1R5cGUgL091dGxpbmVzCiAgIC9GaXJzdCAxOCAwIFIKICAgL0xhc3QgMTgg
MCBSCiAgIC9Db3VudCAtMQo+PgplbmRvYmoKMTggMCBvYmoKPDwgL1RpdGxlIChERVRBTExFUyBE
RSBMQSBSRVNFUlZBQ0lPTikKICAgL1BhcmVudCAyOSAwIFIKICAgL0YgMAogICAvRGVzdCBbMiAw
IFIgL1hZWiA3NSA3NjMgMF0KPj4KZW5kb2JqCjMwIDAgb2JqCjw8IC9Qcm9kdWNlciAoY2Fpcm8g
MS4xNS4xMCAoaHR0cDovL2NhaXJvZ3JhcGhpY3Mub3JnKSkKICAgL1RpdGxlIChSZXNlcnZhY2lv
bikKICAgL0F1dGhvciAoKQogICAvS2V5d29yZHMgKCkKICAgL0NyZWF0aW9uRGF0ZSAoRDoyMDIx
MDEyODIwMTczMVopCj4+CmVuZG9iagozMSAwIG9iago8PCAvVHlwZSAvQ2F0YWxvZwogICAvUGFn
ZXMgMSAwIFIKICAgL091dGxpbmVzIDI5IDAgUgo+PgplbmRvYmoKeHJlZgowIDMyCjAwMDAwMDAw
MDAgNjU1MzUgZiAKMDAwMDA1OTMyOSAwMDAwMCBuIAowMDAwMDAxNDQ4IDAwMDAwIG4gCjAwMDAw
MDAwMTUgMDAwMDAgbiAKMDAwMDAwMDAxNSAwMDAwMCBuIAowMDAwMDAwNzE4IDAwMDAwIG4gCjAw
MDAwMDAwMTUgMDAwMDAgbiAKMDAwMDAwMDY5NiAwMDAwMCBuIAowMDAwMDUwNDg5IDAwMDAwIG4g
CjAwMDAwNTg4NjkgMDAwMDAgbiAKMDAwMDAwMTcxNSAwMDAwMCBuIAowMDAwMDAwOTA4IDAwMDAw
IG4gCjAwMDAwMDExNjUgMDAwMDAgbiAKMDAwMDAwMTQxMiAwMDAwMCBuIAowMDAwMDAyMTc0IDAw
MDAwIG4gCjAwMDAwMDIxNTEgMDAwMDAgbiAKMDAwMDAwMjI3NyAwMDAwMCBuIAowMDAwMDQzMDEz
IDAwMDAwIG4gCjAwMDAwNTk0NzggMDAwMDAgbiAKMDAwMDA0MzAzOCAwMDAwMCBuIAowMDAwMDQ5
NzA2IDAwMDAwIG4gCjAwMDAwNDk3MzAgMDAwMDAgbiAKMDAwMDA1MDE4OCAwMDAwMCBuIAowMDAw
MDUwMjExIDAwMDAwIG4gCjAwMDAwNTA5NTIgMDAwMDAgbiAKMDAwMDA1ODA4MSAwMDAwMCBuIAow
MDAwMDU4MTA1IDAwMDAwIG4gCjAwMDAwNTg1NzMgMDAwMDAgbiAKMDAwMDA1ODU5NiAwMDAwMCBu
IAowMDAwMDU5Mzk0IDAwMDAwIG4gCjAwMDAwNTk1OTMgMDAwMDAgbiAKMDAwMDA1OTc1OSAwMDAw
MCBuIAp0cmFpbGVyCjw8IC9TaXplIDMyCiAgIC9Sb290IDMxIDAgUgogICAvSW5mbyAzMCAwIFIK
Pj4Kc3RhcnR4cmVmCjU5ODMyCiUlRU9GCg==

--===============3282076233144745102==--

-------------------------------------------------------------------------------
