Content-Type: multipart/mixed; boundary="===============4162438510459410861=="
MIME-Version: 1.0
Subject: =?utf-8?q?Hotel_Real_-_Confirmaci=C3=B3n_de_Reservaci=C3=B3n?=
From: reservaenrealnicaragua@gmail.com
To: justo@gmail.com
Date: Fri, 29 Jan 2021 09:12:03 -0000
Message-ID: <161191152304.14882.8186697523900378663@localhost>

--===============4162438510459410861==
Content-Type: text/html; charset="utf-8"
MIME-Version: 1.0
Content-Transfer-Encoding: 7bit

Pronto nos pondremos en contacto con usted. recibimos su solicitud para RealNicaragua
--===============4162438510459410861==
Content-Type: application/pdf
MIME-Version: 1.0
Content-Transfer-Encoding: base64
Content-Disposition: attachment;
 filename="justo@gmail.com_5ku4534_2021-01-29 09:12:02.130733.pdf"

JVBERi0xLjUKJbXtrvsKNiAwIG9iago8PCAvTGVuZ3RoIDcgMCBSCiAgIC9GaWx0ZXIgL0ZsYXRl
RGVjb2RlCj4+CnN0cmVhbQp4nJ1VXVObQBR951fcR5gO5O4uy0fHcYoJ7ejEWg31xfFhJZuYL0iA
tP78Xgg2RqsVYYAdds895+wuBwZIp83oFrgM0pWxMbB5V0yhpxCmpXGSGNzdjaOnjw5K9AMGDNEJ
PMGpmayM3sRGG4HaE+PGHMSJJaUZDYfxCAYxDCO4ikfxlSWkeW35gRn1Ty++W7fJmcF4q4ED1XJQ
hOhxYF7gcPRRPBZnj8VNsJL5AZ3NmSMYk1yQQkdyT3g+JGPDjCDLV3eFhrFuMc+qMOagJ1zfB3KF
UgoRyBp5Y55tyyqHayvkpp4qaJQecO6hNnNcgUKEO+QPi/umKtU6Lyr9iHsnrykXW1cK96XFV+jM
eKVmy27mzHnt7cu0Rjppvno3WetNF2WeqbKrNd7QjNYqg6Mj6EVptVXLRD9UcDTRkwmiwmM4PoaT
Qb8tFZ9Ta93SdVD5td56Or1XtO4QZ1WhxqqzWuQ0lNk8BPQ/I36QfaSWs4+SC5tLQK8DuRnpIl/O
Mq067oif2azSY4hmRY0u3+LjhPQC4TW4i7tSF79UOsv3qFc5bXSk7wX0ldbQfFGfbzvzfDfAncJo
qrNKw2arodANaUeL/fttuoC+KqulBnu3v5Jd1jmhqI868ijrnuQRD33HdUPOQhCSjFPq0ZI8z6N0
vl6xMBD7L+pfxa++UdurDx9+U9cZXXPj5rbWCWODIZzDBljDvbtTGLcCiF3Qk8EKXFEn3N8XSxjB
5T6xD+U3Y1koKUPfkG+/aypc4dHquf+Zik9SyABDn4fuK3PwwmJb+IlFybkT0gIeetwYPcXodwS9
B5qrQW5cGr3hLFs0YXLePx1QuTY96tx41see9l0afwDACpHCCmVuZHN0cmVhbQplbmRvYmoKNyAw
IG9iagogICA2NDYKZW5kb2JqCjUgMCBvYmoKPDwKICAgL0V4dEdTdGF0ZSA8PAogICAgICAvYTAg
PDwgL0NBIDEgL2NhIDEgPj4KICAgICAgL2ExIDw8IC9DQSAwLjcgL2NhIDAuNyA+PgogICA+Pgog
ICAvWE9iamVjdCA8PCAveDEwIDEwIDAgUiA+PgogICAvRm9udCA8PAogICAgICAvZi0wLTAgOCAw
IFIKICAgICAgL2YtMS0wIDkgMCBSCiAgID4+Cj4+CmVuZG9iagoxMSAwIG9iago8PCAvVHlwZSAv
QW5ub3QKICAgL1N1YnR5cGUgL0xpbmsKICAgL1N0cnVjdFBhcmVudCAwCiAgIC9RdWFkUG9pbnRz
IFsgMjk3IDUwMCA0MzIgNTAwIDQzMiA0ODYgMjk3IDQ4NiBdCiAgIC9SZWN0IFsgMjk3IDQ4NiA0
MzIgNTAwIF0KICAgL0EgPDwKICAgICAgL1R5cGUgL0FjdGlvbgogICAgICAvUyAvVVJJCiAgICAg
IC9VUkkgKG1haWx0bzpjanBtMTk4M0BnbWFpbC5jb20pCiAgID4+CiAgIC9CUyA8PCAvVyAwID4+
Pj4KZW5kb2JqCjEyIDAgb2JqCjw8IC9UeXBlIC9Bbm5vdAogICAvU3VidHlwZSAvTGluawogICAv
U3RydWN0UGFyZW50IDEKICAgL1F1YWRQb2ludHMgWyA0MzcgNTAwIDUyMyA1MDAgNTIzIDQ4NiA0
MzcgNDg2IF0KICAgL1JlY3QgWyA0MzcgNDg2IDUyMyA1MDAgXQogICAvQSA8PAogICAgICAvVHlw
ZSAvQWN0aW9uCiAgICAgIC9TIC9VUkkKICAgICAgL1VSSSAodGVsOis1MzU4MDk3Mjk0KQogICA+
PgogICAvQlMgPDwgL1cgMCA+Pj4+CmVuZG9iagoxMyAwIG9iagpbCiAgMyAwIFIKICA0IDAgUgpd
CmVuZG9iagoyIDAgb2JqCjw8IC9UeXBlIC9QYWdlICUgMQogICAvUGFyZW50IDEgMCBSCiAgIC9N
ZWRpYUJveCBbIDAgMCA1OTUgODQxIF0KICAgL0NvbnRlbnRzIDYgMCBSCiAgIC9Hcm91cCA8PAog
ICAgICAvVHlwZSAvR3JvdXAKICAgICAgL1MgL1RyYW5zcGFyZW5jeQogICAgICAvSSB0cnVlCiAg
ICAgIC9DUyAvRGV2aWNlUkdCCiAgID4+CiAgIC9SZXNvdXJjZXMgNSAwIFIKICAgL1N0cnVjdFBh
cmVudHMgMgogICAvQW5ub3RzIFsgMTEgMCBSIDEyIDAgUiBdCj4+CmVuZG9iagoxMCAwIG9iago8
PCAvTGVuZ3RoIDE1IDAgUgogICAvRmlsdGVyIC9GbGF0ZURlY29kZQogICAvVHlwZSAvWE9iamVj
dAogICAvU3VidHlwZSAvRm9ybQogICAvQkJveCBbIDAgMCA1OTUgODQxIF0KICAgL0dyb3VwIDw8
CiAgICAgIC9UeXBlIC9Hcm91cAogICAgICAvUyAvVHJhbnNwYXJlbmN5CiAgICAgIC9JIHRydWUK
ICAgICAgL0NTIC9EZXZpY2VSR0IKICAgPj4KICAgL1Jlc291cmNlcyAxNCAwIFIKPj4Kc3RyZWFt
CnicRZDBEsIgDETvfMX+gGkIkMDdH+jJs9NxvFSd6sXPl1ZKJ6d9LLuBxY1YnKjBi0AF0fC+4YLn
CklChg9MnhMe6EQSFU0QY0olrldJedWRbDv/6wlBqiMU19FcUSQ9PEEycSg9s+vWOh1EmYzNbRk7
ipRj7pmaSdj21q6nY7NG5n1311F/XMs89FZbQ9ZPWVyVGVznFBNps5mV1JJS8ILp4YYr4/7B8PWK
88uNdX5LnEgzCmVuZHN0cmVhbQplbmRvYmoKMTUgMCBvYmoKICAgMTc5CmVuZG9iagoxNCAwIG9i
ago8PAogICAvRXh0R1N0YXRlIDw8CiAgICAgIC9hMCA8PCAvQ0EgMSAvY2EgMSA+PgogICA+Pgog
ICAvWE9iamVjdCA8PCAveDE2IDE2IDAgUiA+Pgo+PgplbmRvYmoKMTYgMCBvYmoKPDwgL0xlbmd0
aCAxNyAwIFIKICAgL1R5cGUgL1hPYmplY3QKICAgL1N1YnR5cGUgL0ltYWdlCiAgIC9XaWR0aCA4
MDAKICAgL0hlaWdodCA2MDAKICAgL0NvbG9yU3BhY2UgL0RldmljZVJHQgogICAvSW50ZXJwb2xh
dGUgdHJ1ZQogICAvQml0c1BlckNvbXBvbmVudCA4CiAgIC9GaWx0ZXIgL0RDVERlY29kZQo+Pgpz
dHJlYW0K/9j/4AAQSkZJRgABAQAASABIAAD/4QCMRXhpZgAATU0AKgAAAAgABQESAAMAAAABAAEA
AAEaAAUAAAABAAAASgEbAAUAAAABAAAAUgEoAAMAAAABAAIAAIdpAAQAAAABAAAAWgAAAAAAAABI
AAAAAQAAAEgAAAABAAOgAQADAAAAAQABAACgAgAEAAAAAQAAAyCgAwAEAAAAAQAAAlgAAAAA/+0A
OFBob3Rvc2hvcCAzLjAAOEJJTQQEAAAAAAAAOEJJTQQlAAAAAAAQ1B2M2Y8AsgTpgAmY7PhCfv/A
ABEIAlgDIAMBIgACEQEDEQH/xAAfAAABBQEBAQEBAQAAAAAAAAAAAQIDBAUGBwgJCgv/xAC1EAAC
AQMDAgQDBQUEBAAAAX0BAgMABBEFEiExQQYTUWEHInEUMoGRoQgjQrHBFVLR8CQzYnKCCQoWFxgZ
GiUmJygpKjQ1Njc4OTpDREVGR0hJSlNUVVZXWFlaY2RlZmdoaWpzdHV2d3h5eoOEhYaHiImKkpOU
lZaXmJmaoqOkpaanqKmqsrO0tba3uLm6wsPExcbHyMnK0tPU1dbX2Nna4eLj5OXm5+jp6vHy8/T1
9vf4+fr/xAAfAQADAQEBAQEBAQEBAAAAAAAAAQIDBAUGBwgJCgv/xAC1EQACAQIEBAMEBwUEBAAB
AncAAQIDEQQFITEGEkFRB2FxEyIygQgUQpGhscEJIzNS8BVictEKFiQ04SXxFxgZGiYnKCkqNTY3
ODk6Q0RFRkdISUpTVFVWV1hZWmNkZWZnaGlqc3R1dnd4eXqCg4SFhoeIiYqSk5SVlpeYmZqio6Sl
pqeoqaqys7S1tre4ubrCw8TFxsfIycrS09TV1tfY2dri4+Tl5ufo6ery8/T19vf4+fr/2wBDAAgG
BgcGBQgHBwcJCQgKDBQNDAsLDBkSEw8UHRofHh0aHBwgJC4nICIsIxwcKDcpLDAxNDQ0Hyc5PTgy
PC4zNDL/2wBDAQkJCQwLDBgNDRgyIRwhMjIyMjIyMjIyMjIyMjIyMjIyMjIyMjIyMjIyMjIyMjIy
MjIyMjIyMjIyMjIyMjIyMjL/3QAEADL/2gAMAwEAAhEDEQA/APf6Q0tRySLGjO5CqoyST0oAfxS5
rEl8SaShP/EyteP+moqrJ4r0lemo2x/7aCnysDpM5ormP+Es0v8A6CFt/wB/BR/wlul/9BC2/wC/
gp8rA6eiuY/4S7Sv+ghbf9/BR/wlulf9BG2/7+CjlYHT0VzP/CW6V/0Ebb/v4KrXnjnRrG3M819G
UH9w7jRySYrpHX0V52Pi14ZIz9rl/wC/Ro/4Wz4a/wCfuT/v2atUZC50eiUV55/wtnw1/wA/cn/f
s0f8LY8N/wDP3J/37NHsavYOdHodFee/8LY8N5/4+5P+/Zpf+FreG/8An7k/79ml7Cr2DnR6DRXn
/wDwtXw5/wA/cn/fBo/4Wp4cP/L2/wD3waPYVewc6PQKK4D/AIWn4d/5+3/74NH/AAtPw7/z9v8A
98Gj2FQOdHf0VwH/AAtPw7/z9v8A98Gj/haXh7/n7f8A74NP6vUDnR39FcB/wtLw7/z9v/3waP8A
haXh3/n7f/vg0fV6gc6O/ozXA/8AC0fD3/P2/wD3waQ/FLw6P+Xt/wDvg0ewqC50d/mjNef/APC0
/Dv/AD9Sf98Gl/4Wn4d/5+pP++DS9hU7D54nf5ozXn//AAtPw7/z9Sf9+zR/wtTw6P8Al6k/79mq
9hU7MOeJ6BRXn/8AwtXw7/z9S/8Afs0n/C1vDv8Az9S/9+zR9Xqfyh7SJ6DRk159/wALV8Of8/Uv
/fs0f8LV8O/8/Mv/AH7NL2FT+UXtInoOaM159/wtbw3/AM/Mv/fs0n/C1vDn/PzL/wB+zR7Cr/KH
tInoWTRk157/AMLW8Of8/Mv/AH7NL/wtbw5/z9S/9+zR7Cp2D2kT0HNGa89/4Wt4c/5+pf8Av2aP
+Fr+HP8An6l/79mj2FT+UftInoWaM159/wALW8Of8/Uv/fs0f8LW8Of8/Uv/AH7NHsKn8oe0ieg5
ozXn3/C1vDn/AD9Sf9+zR/wtXw5/z9S/9+zR7Cp/KHtInoOaM159/wALV8O/8/Un/fs0v/C0/Dv/
AD9S/wDfs0ewqfysPaRPQM0Zrz//AIWn4ePS5l/79mnj4n6Af+W834RGj2FX+Vi9pE73NGa4MfE3
Qj0ln/79Gl/4WXoZ/wCWtx/36NP6vV/lYvawO6zRkVwv/Cy9E/56XH/fo0f8LL0P/npcf9+jR9Xq
/wArH7WB3WRRmuE/4WZoX/PS4/78mk/4WdoQ/wCWlx/35NH1er/Kw9rA7zNLmuBPxP0H/npcf9+T
Sf8AC0tA/wCetx/35aj6vV/lYvawO/zRmvP/APhaXh/P+uuP+/LUn/C1PD+f9bcf9+Wo+r1f5WHt
YHoOaM159/wtTw//AM9rj/vy1H/C1PD/APz2uP8Avy1H1er/ACsftIHoOaM159/wtTw//wA9rj/v
y1H/AAtXw/8A89bj/vy1H1ep/KHtIHoNFeff8LU8P/8APa4/78tR/wALU8P/APPa4/78tR9Xq/yh
7SB6DRXn/wDwtPw//wA9rj/vy1H/AAtPw/8A89rj/vy1H1er/KHtIHoFFeff8LU8P/8APW4/78tR
/wALU0D/AJ63H/flqPq9T+UPaQ7noNFef/8AC1PD/wDz2uP+/LUf8LT0DtLcf9+Wo+r1f5Q9pDue
gUma4H/haOg/89bj/vyaX/hZ+hf89Lj/AL8mj6vV/lD2kDvc0Zrgx8TtCP8Ay0uP+/Jp3/CzNC/5
63H/AH5NH1er/KHtYHd5ozXCf8LM0L/nrcf9+TSf8LN0L/nrcf8Afk0fV6v8rD2sDvM0ma4P/hZ2
hf8APW4/78mj/hZ+g/8APW4/78mj2FX+Vh7WB3maM1wX/Cz9B/563H/fk0f8LQ0H/nrcf9+TR7Cr
/Kw9rA76iuA/4WjoH/Pa4/78mj/haWgf89bj/vyaPYVf5Q9pA7+ivP8A/haegf8APW4/78tR/wAL
T8P/APPa4/78tR7Cr/KHtIHoFFefH4q+Hx/y1uP+/DUn/C1vD3/Pa5/78NR7Cr/KHtYHoVFee/8A
C1/Dv/Pa5/78NR/wtjw7/wA9rn/vw1L2NX+UPaRPQqK88/4Wz4c/57XP/fhqT/hbPhz/AJ7XP/fh
qPY1f5Q9pE9Eorzv/hbXhv8A57XP/fhqP+FteG/+e9z/AOA7Uexq/wAoe0h3PRKK87Pxb8N/897n
/wAB2pP+Ft+G/wDntc/+A7Uexq/yh7SHc9FpK87/AOFt+G/+e1z/AOA7Uf8AC3PDX/Pa5/8AAdqP
Y1OsQ9pDueicUd687/4W54a/57XP/gO1W9O+J2ganqENlbSzmaUkKGhZRwM9TSdGa1aBVIs7qlqp
FdLIMqcirKtkVmWf/9D3/tWR4kfZ4e1DnH7h/wCVa9Yfik48Pah/1wf+VNbgfGVxPObq4/fzjErf
8tD6n3qLzpv+e83/AH8P+NE5/wBJuP8Arq38zUea7I25dhXJPOm/57zf9/D/AI0edN/z3m/7+H/G
o6KrTsIk86X/AJ7Tf9/D/jR50v8Az3m/7+H/ABqOiiy7ASebL/z2lPt5h/xoMsjDa8zsP7pdiP50
3PFJTSQBz2Y/maOf736miiqFZC8/3v1NJls9f1NFFOwWQEtnr+ppct/eP5mkopBZC5f+8f8Avo0b
n/vH/vo0UUXYWQbm9T/30aNzep/76NJiinzsOVDg7ep/76NL5jf3m/76NMpapTYcqHhz/eP/AH0a
N5/vH/vo0zNGafOxcqJA7f3j/wB9Gl8xv7x/76NRZozT9oHKibe394/99GlEpH8R/wC+jUG6jfVK
q0JxRZEpPf8A8eNPDn1/U1VDUu81oq0hOBcDf7X6mjn+9+pqushFP8ytVVbI5SUZ7N+pp25h3/U1
EGpwY1fMyWh+73/U0Z9D+ppvWlxTuxWFyfX9TRz6/qaSnYouxaDTn1/U0c+v6mlIoxRdjuhvzev6
mkOfX9TTyKTFF2FxuT/e/U0En+9+pp2KMUczHoIM/wB79TUyg/3v1NRAVNHxSuwdizCDx/ia0oR0
/wAaoRHpWhCcYqk2ZyL0OPT9asAADrVVGqUPxVpvuYsmyKYWAqPfTC9O7BIkZ6ZvqMtmm5pXY7Eh
emF8npTSaTNHMwHZHpTSRnpSGii7AXj0o/CgClHWldgJgelGB6U7vShc0XYxuPajHtTiD0pyqaLs
kYAPSl2+1SiPNO2UXYEATJ6U7yvarCoAKCwFF2BCsPtUohXuKUS00y0uZjH7EA6UuFHpUJlqIymj
mYWLRdR0FJ5oFVPNNMaTNHOxWLnnCo2lFVd9JvpczKsWDNTPN/zmoC1IWpczCxY83/OaQy1W3Ubq
OZjsTmX2pPN9qg3UFqXMx2JzL7U0ye361DupM0czCxKX/Ck3+9RE0Zo5mFiQSH2pPM+lRZoqeZlE
nmc9qC30plFHMxClvpSZ+lIaSjmYDiw9qTP0puaKOZjHZHtSZpKKTkwFyK1PDM/2fxLZTDqrH+VZ
Oatac+zUIWHUGs6r/dy9GOPxI+jdG1M3EY9MV1du+9QR6V5f4VnZoxzXpdicxKT6V4J3H//R9/rD
8U/8i9qH/XBv5Vt1ieKBu0C/H/TBv5Ur2YWufFk//H3cD/pq38zTMVPdQstzOwB/1r9v9o1WrqhO
6CUHEXpS5pKKu5IZpRzSUU7gOozTc0tNMBRRSUZqriFFBoFFO4BS4pKWqTAKKKKdwCjFFLTsFxMU
UtJS5RXEPWgUtLS5RjaWjHNLiiwDaKdijFKw7iClzSd6WqsFwyaUE02iqTaEyUORTg5NQilBxWka
libXLSnPen5qpuxTxITW0alyXEsZp2ahVqkBrRSM3EfmjikFKMVRNhSKbinZpaAG4oxTsUm2nYLi
CpVGaYBipFpWBssx9quxnGKoxnpVxD0qkQy6hqTtUCHipAapENC7jSHPrSHrSZoELnFJ1oNFIBMU
U4DJpdvNADaAKdspypQA0LSgc1MF4oAAoAj209Vp3FGaQBsHrSgCmFuaaWo5hEuRSM4AqHfzTWap
chomMnHWmGWoC1IWpXHYmL1Gz0wnimE0rjsSFs96aWqPNLmi4WF3GgmmZpSaVx2DNJSUZouMM0lJ
nmkzRcBaKQ0maVwHYpCKTNBNFwFxRim5ozRcBcUlGaQmlcBaKbmgmkMXNGabmjNFwHUfjTCaM0rj
sLmim5op3EOpM0UUrgLU9l/x+xfWoKnsv+P2L61FR+4/QqPxI9m8I/6sV6hYf6pR7V5f4R/1Yr1C
w/1a/SvDZ2n/0vfaxfE3/IAvv+uDfyrarG8Tf8gG+/64N/Kh7FQ+JHx7P/r5v+ujfzNVZrYEZSrc
4/0iYf8ATRv5mozXNGfKz3J0edIzCCpwwoz6VoPEsg5HNUpYXjbOOK7qdVSR5NfDOD90jpRScUor
dWZyvQKKKKL2C6ewoopKM0cwC0ZpM0tUmKwuaKTFGaq4CjrTqbmlzTTAO9OHSmilzVJgLSUvakq0
AUUUCgQooxR0ozTsAYoooosAcUHFFBosAlLSUZpWAWikzRmi9gE708HFNpaOZoY8NUivUOaUGtYz
JauWQ9PBqsGxUqvW6kjNxJgacOaiDU8NVolxH0uKAaAc1aZLQAVIq0gFSAUyWSRjmrcdVoxzVpM0
EssJ0p4JpqKcVKEJpktjcZo21JsPanCM0hXIgtLsqUIacEoC5EE5pwTmpNtGKAuJtpRxQTTe9FxD
i1NJppNIalsEBakL8U0mk7VNxhuppakzSZoKAnmmk80pNJmkwEY8U3NOPSmmkAZpM0UmKQwzQTRi
koATNGaCKSgB1NpaSgYhpKU0YoASkNLSGgBKKKOtIYZpM0uKTFIAJpM0hooAM0E0YpCKQwzRmjFG
KAA0lLijFIBKUUYoIxTAKKKXFABU9l/x+RfWoKnsv+PyL61FT4H6Dj8SPZvCP+rFeoWH+rX6V5f4
R/1Yr1Cw/wBWv0rw2dp//9P36sXxMM6Fff8AXB/5Vt1ieJedDvf+uLfypPYqHxI+Qpk/0ib/AK6N
/M1GUq9NHmeU4/5aN/M1GYvauHmuz6z2DsipsppXd8rc1b8v2ppj56U1Oxm6HczZ7TPKflVUgrwR
itkpz0qGa1V1PHzV10q9nZnmYjAu10ZdFTPbvDw3IqIAt0rvi4yV0eTOnKDs0JRS89xRRZkpX2Ep
aMUYoAKKMUVVxMWiiii4CiikzS5qkxC9qKTvS1akAUUUVSYCilpB1pasQtGKQUtOwBikIp1BosA3
FGKWlxRYBuKMUpFGKVgExSU7FGKLANoFOxRiiwCU4Gm0U0wJg1SK1QA0u6toyE4lsHNOBquj1KrC
tou5lJWLC1IKhU1Kpq0zJlmPrVqMZNVYgM1diHNUQywinFWEQ02Ic1ZVadjNjQlPCcVIq0/bSFcr
+XRtx1qfZSFKQXICoxTan2U1koC5XbrTe9WNlMZeelIZA3Wmmpthz0oZPapaGiuetJU2z2prJ7Ur
DK560VKV9qbj2oKIjSVKRTSKVgGGmmn4pMUrAMoNPxTSKVhjaSnYNJmiwCYoxS0UANoNOxRQMjNF
PNJigBpppp5ptACGkFOIpKQxKQ0tJQwENJTqMUgG0GlooGNop1FKwDaKdRRYBO9LS4oAp2FcTFLi
lxRiiwXExU1n/wAfkX1qLFTWY/0yL61FRe4/QqL95HsnhH/VivULD/Vr9K8v8I/6sV6hYf6tfpXh
M7T/1Pfu1Y3iP/kCXv8A1xb+VbJrH8R/8gS9/wCuTfypS+E0pfGj5ZkjHmy/9dG/maiMNTyN++l/
66N/M0ma8x7n6HGCcUVmhINRtEfSr/HegqDSIdFMzTHjtTPLrSMWe1MMFUmzKWHujOaEMMEZrPuL
FlO6Ot1oaj8vA5/KtoYiUGefXy+NRbHNMpU/NSbe9blxYJMMqMNWXLbvEcOp9jXr0K8ai1Pm8TgK
lF6FbFGKftpdtdTpnDcjxRin4oxUcgxlFOIoxS5AG4op2KMUnEQmaM0tJRsAtKKbTqpMAxTuKZS5
q0wFozRRVpgLmlptOqkAg5NOpB1pasQUlLS0WATFJTqQCiwCUc07FHWiwDTSYp2MUVLiA3BpRkUu
D60mMUbAODEU9DUVOBxWkZCaLSManVhVEE1Yibjmt0zOUTQiar0Dc1mxNx1q7EelWmYSRpxuKsrJ
WchIqYSHAp3M2jRDinhwazvOwKeLjimTY0QQaXg1QW64pwufegLF3aKCgNVftHvThOPWgRY8vim+
VzTBOPWnCZfWiwAYh6U1os9qkEgPcUvmD2osBD5PHSmND7VbDAijg0rBcoGA56Uww+1aW0GkMII6
0WHczDDTDF7VpmAUn2YUWC5ltFxTPKrVNqKabUVLiO5l+Wab5fNav2Wmm0o5R8xmeXSGOtM2tNNr
7UuUOYzSlJsrRNrx0phtqOULlApSbKum3NNMGKmw7lIpSFTVpoTTTFRYaZXK8U3FTmPmmlKLBcgp
Km2U3ZUjuR0HipNlIUosFyPGaMU/bRtosFyLFGKl2+1G32osMixRipdvtRtosBGBx0pce1PxRiiw
DMUuKdj2oxTsA3FGBTsUbaLANxU1oP8AS4vrUeKmtR/pUf1rOqvcl6MqHxI9g8I/6sV6hYf6tfpX
l3hH/VCvUdP/ANWv0rwGdx//1ffjWP4i/wCQJe/9cm/lWzWL4jP/ABJL3/ri38qUvhNKXxo+WXP7
6b/ro38zQGqN3/fS+8jfzNAavMe5+gQqLlRMDTs4qIH0p+c0jVNMkBpeD1qMNzTwady9BSoNNMa+
lPzSgj0p2uJpdSBoAfY1BLaK64ccHvV8YJ6UpQVUZOOxnUw9OotTmbnTXhJZRuSqRTBrsTGMYxxW
fdaVHNlowQ314r18Jj18NTc+bx2S6udM5zbzSFauS2rwsQynioGQr1r2IqM1c+ZmnTlyyREVpNtT
FabilKkSmnsRbeaCOal20m2odIdyLFGKkxSbah0guMxRinYpMVDpjuJRS4pOanlaHcDQKKKNRC5p
RTe9KKpSAdS5puaWtIyFYcDRTc0oNacwDsUAUm40oNUncBaSlowKqyENNGKWilYBKQ07FGKTQDcU
velxSUrAOFSoxqIGnqTTTsJrQuwtzV+FqzYjir0JreLMJo0EbinhqgQ1IDWiMmiTNGabmjNAhxNK
CabmkJNAiXccUByKiyaMmmFibzSKd5xqvk0bjQFi0Lg4pVuTmqm40oJoCxeF1inC7rP3GjJoDlNE
XnvTvtee9Zm40bjRcXKaouh604XY9ayd59advOOtFw5TXFytKLhDWQHOetOEhHei4rGv5y0okU1k
ecaeJzjrTuKxq7kNL8prLE59alW5IpXCxe2r0ppjWq63HNO88UBYkMIqMwCnibNO3g0WFcrNBzxU
TW/FXsimkA0rXGmZxgNRmA5rT2A00xD0o5R3MzySKb5BrSMOe1J5PtU8pVzMMNJ5JrTMPtSGD2o5
QuZvlEUeV7Vo+RntR9no5QuZ3le1HlVoeT7UnkZ7UuULmeYqb5RrQMPPSkMI96OUdyh5VHl1daGm
GI0coXKuzim7KteUaQxYpWHcr7KaV5qwUNNKGiwXIdvNS2oxdx/WgpT7Zf8ASU+tZ1V+7l6MqD95
HrXhD/UivUbD/Vr9K8u8I/6kV6jYf6tfpXzzPQP/1vfqxfEnGh33/XFv5Vs9axvE3/ICvv8Ari38
qUti6fxI+TpH/wBIl/66N/M0qyD1qvKxFxL/ANdG/maarGvOcdT7CFZ2ReD+9SK9URJUiy1NjojX
Lm70NODVVVx61KH96RvGqWA1PDCq+73pyvQnY3UkycNzUgORzVcPUgarvcpMeR70oz0pmeaduovr
cHqNmgjmUhlAOOtZNzpzRksqlh7Vtg8UEqVwRXdhsbOlvsebjMspYhXS1OXaHnGOaiaLnpXQ3Nis
ih06+lU0067nYiC1Z/pX0OHxlKrHRnxWLwFbCyfMtDHMdJsxWudE1cE/8S6b8j/hTf7B1g/8w2bP
4/4Vu5w7nIuZ7GRtpCBWx/wjmuN/zDZf1/wpp8Na5/0DZf1/wrNzh3HqY5FIRitg+Gtc/wCgdL+v
+FMbw7rajJ06X9f8Khyp9xmVimkc1pPourr10+b8j/hUJ0vU162EuP8AdP8AhUPlGUsUYqybC+/5
8pR/wA0hs70f8ukv/fJqbRArEUgzVj7Jef8APpL/AN8mmtbXQHNrL/3yayaQyGlzT/s9x/z7Sf8A
fJpphnHWGT/vk0k7DEBzTgaaUlA/1T/98mgK/eJ/++TVKYhwp2aj+cfwN+VLuPdW/KtFNCH5pQaZ
vx/C35Ueao7n8q0U0xWJOKOKj85exP5Uvnr3J/KtFJAScdqSmiVT6/lS+YvYn8qbasA7FJSeYv8A
eo3g96VkA4CnqKYCD/FUikf3qLILsmjq9D2qnHg4+ar0fQc5rSJjItR9amAqOMcVKAa1RiwopcGk
5oJFpKOaWgBKKTvS0wCiiikAUtJRmgBaKTNFABRzRRQFgozRRQAuTRk0lFAx26nb+KjooESbqUPU
Ypc0BYmElKJKhBo3UCsWRKakE3vVTfS76dwsXBP704TZ71SD0qvRcVi8JR607zPeqIenB/elcC4J
RTt4NUhJS+bVCsXcigEVVEvvThJ70BYs8Glx71XEnvSrJz1oCxOQKTb7UzeM9advB70CF8sUhjB7
UbvelB96QDTDmozDVjPvSEUBcqmH0phiOelW8CkK5pWHcpGI56VG0dXylMaLNJoaZQ2U6Ff36fWr
LR4OKaiYkBx3rKqv3cvRlwfvI9N8I/6kV6jYf6tfpXl3hD/UpXqOn/6pa+dZ6R//1/fR0rG8Tf8A
ICvvTyG/lWzWL4n/AOQBff8AXBv5UnsVT0kj5GkkX7RN6+Y38zSDB6Gqsx/0qfn/AJaN/M00MR0N
cjjqfRQr2ReKke9AGfaqqzuvvUwuQfvDFS4m8ayZMCRT1eo1kVu4p5GelQ0bxmSiT3qVXFVMGnBi
KlxNo1Wi6H9KkV+Kzw57VIspqbM6I1S+HFODA1TWSpA9FzVTLYYYpwIxVYNTwTinc0Td7onB64rR
0jXbvRLhZbdIpFByUkTdmspWp6mtIVeX4SKtOFZWqK57l4Z8Z6RrsSRy2sME/QgqOTXWGGELxbwn
0PlivmJGeORZIZGjdTkFTiu88L/Ei8051g1eQSQdFcnn8a6oVlLdnzWOyRr3qWx660KAZ8iEH02C
oti/88Yf+/Yo03VLLVbZZ7WVHVhnAOcVa2dRit1Lsz5+VNwfLIoso/54w/8AfsUwxqRzBD/37FXf
LBNRtHg0+aRNkZ728TdbeH/v2KrvY2xzm2i/74FapT2qNk9qFKXcNDFfS7Fv+XSM/wDAaibR9PPW
yT8q2zGPSmNEPQ0OUl1HYwJNE07PFmlV5NE07H/HkproWhyelQND83Q0uaXcLHPtoemf8+K/nVeX
QdLP/LiPzro3hqu8PNLnkBzTeH9KzzYj86ibQNIH/LiP++q6NoeelV5IeaOaXcLGAdA0Y9bD/wAe
pv8Awj+iA/8AIPz/AMCNbLxVA0f1o55dwsUV8PaAeum/+PmpV8M+HG/5hn/j5qTG08k1IshHen7S
fcLEX/CJ+G2/5hpH/bQ0o8F+G3/5cMf9tDVpZz61Zjm45NNVZ9wsZf8AwgPht+lsR/wM0xvhv4df
/lmV+jmt5ZeeoqZZc9OKr20+4NHKt8LfD79GYf8AAj/jVdvhJoLDi5lH4/8A167dZBT8+5pqvPuK
xwDfB/QyMi9n/CoH+EekJ92/nH4V6KwGP8aglUY7VccRMOU85k+GumwfdvHOPeqM/hK0tuk7GvQr
lTg5xWDerwcV30aknuc1Q4yTTYoeAzGoDFjoK3LlOT1qgyDNejDVHK3qZ5TmmlcVdMYzTGi9qqwr
lTFGKsNGKaYz6UDuQFRSVOYzjpTfL9qAIsUmKl200qc0hjDSU8qaTafSgBtFOxScUAFFFFABRRRQ
AUUUUAFFGKKADNLSUUALRSc0c0ALmlNNFKaAFFLmm0UAOzS5plFAWJN1GaZmjJouIfupwaosmgE0
ATB/enByO9QZNLuoAseZ709ZDjrVXPvShjQItiT3p4k96phjS7zTE0XBJ71IHz3qiHPrUgc0BYtZ
p2aqq5p/mc0CJ6TFRh/el3UWHqKRzSbRml3UZrOsv3cvRlU/jR6J4Q/1SV6jYf6ta8u8If6pK9Rs
P9WtfNPc9Q//0Pfu1Yvif/kAX3/XBv5VtdqxfE//ACAL7/rg38qT2Kh8R8czf8fM/wD11b+ZplOm
P+lT/wDXVv5mm5rne57EfhQoNBNJR1oLTH/TNKHdOhpnQ06lYqM5E63Mg7VKtyD94VTozUtGqrSR
oCWNjwaeT/drOBNSLIy96lxOiFcvBjThIRVVJwetTKVfoazcTphUJ1lqZZcjrVQgigNg4pWsdEat
i8sgqYPkVnh8VMslS0bRqXLin3p+Rgj5RnqT3qqsnepBICelNSNVK6szU0nVr3RJlksZWTByRu61
614Z+I2n6oI7a9byLrpyuM/jXiu8EUoPzB14YdD6VrCrY4cVltGurrc+olKsu9drr2IbNIAD9DXh
3hfx/e6LKsN2DPAeMkngV69o2vafrdqJ7SYe6d811wqKR8picBUw8tVc0XjGOKiMftVgEng8UHB5
HStNOhwq1ymUx2prL7VcKA1GyUC16lPy+9RsmeMVd2EU0pnrQBnNF7VC0PtWk0dRtHx0pAZbQ+1V
5IPatcxe1QvDQMxpIOOlVmh9q23hyOlVWhwelFgMaSD2qsYyK2ZIarSQCkBmcrT1lIqd4KgeMjpQ
BYSeplm96zclaeJSKANZJferCy1kJPVpJxQBo76jdgagWYGhnFXFksrXPQ1g3fetud8g5rFuiCDX
oUHqc9Qw7gc1RdRmr1yeaouea9em9DjluRFeaNlOorREkRQGkMdS4FBFAFYpSFOKnK0m3iiwXK+y
mFOatbOOKYV55pWHcrlcU0rU5U56Cmsg7kClZ9BpkG3IpCtSEgcZH4U3en+0T9KPVBcZtoxS4mcn
y4Wb8KelrfyD5bRqPd7juyLGKKtrpGqykBbNqnTwtrch4tmGfapdSC3ZSjJmbikx7Vtr4I12QcxF
R9KmT4ea4444/Codan/Mh8kjnvwo/CumHw11w9XA/CpB8MtaPWYflU/WKP8AMP2cjlMZ7UYxXWj4
Yax/z3/Sj/hWGs/89/0o+sUO4ezkclR+FdZ/wq/WP+e/6UxvhprI/wCWv6UfWKHcPZyOW/ClHHau
lb4b62B9/wDSov8AhXmuDv8ApT9tT/mFySOfz7Uv4Vtt4C11e2fwpjeCNeX/AJZ5/CmqsH9oOSRj
nPbik5rUbwlrif8ALA1GfDWtr1tjR7SH8wckjPzQDVw6FrC/8uhqM6Rq69bM1Sn5oLPsQZoyakOn
aoOto1NNnqP/AD6NT5l3E15Dc0ZNKbbUP+fRqTyL4dbV6OaPcVvIXJoyaTyb3/n1f8qPJvf+fR6V
49ws+w4MadmmCG9/59Hp4tb89LRzTTj3HZ9hQaXeaT7HqOcfZGFSLp2qN0szSco9ws+wgkNKHJ5q
ZNE1iQ/LaH8qsp4V1qU8Q7fwpe0h/MhezkU/M46Uok9a1ofAeuTEfw59q04PhjqsmN9xt/CpliKU
d5B7Kb2OZEyL1pVnjZwofk9q7m2+FEmQZ7w1a1L4dWek6JdX3n75IU3KPWuetiqbg0n0NYUJJpsm
8If6pK9S0/8A1a15d4QGIkz616jp/wDq1rwzuP/R9+rF8T/8gC+/64N/Ktk9qxvFH/IAvv8Arg38
qUthx3R8bz/8fU//AF1b+ZpgOafOP9Kn/wCujfzNMAxXO9z2FskLmnCm4pwoKuLQM0ClpWKSCiii
goKdmm96D1osMeCfrT1cjkcVGDS5qWi4totJcHvUyyK/fmqIpytjoaho6YVWi7g0ucVXSUgc1OJF
YVDR0RkmiRZCKkWWocAjg0mCKTRvCbRdSTNSK/NUAxFSI5zyaho1jUaL29T97Jx0q9per3+kziaz
uCpH8OeKyA9SBx3qoysaSjCorSR7h4V+INtq6R295iK56fMetdxnjggjse1fLgJLLKMrInKuD0rv
fCnxEn00x2upzGW2IC+Yw3f/AKq6qdbufPY/KGvfpns4PrxSnmqVnf21/bLPaTrNEehVs4qzu4rq
TT2PnpJp2kPKAio2jp4andaCbpaFcx00pVoqDUZWkBWMYNRPFVsrTWHtTAoNDVd4fatRkz2qIxcH
igDHeHPQVWeDP8NbTRDHSoHg46UgMV4RjpVSWHmtuSD2qpJAc9KQzFeL2qPYB0rVkg46VVaHHagC
ng1IHoZSD0pp46UATpJTzLiqe8il83NNbisPmkyDWNcv1q9M+M81lXL4zXoUNzCojNuDzVJzzU1z
JzVN256161N6anFOLuSZoyKi3H14pwZcctit1sTZjycHBp3OKrmdAc/M/wBKnt7TULsgW1pMwP8A
s0m0t2ITvTXdF4LCul0/wDrd+A0kLxqepIxXV6Z8KYlw94+T6ZrnnjKcNy40Zy2PKzKgOBy31qaK
yv7kgQQsQenBNe8WXgnRrML+4jYjuyg1tRWVjbgCK2hGOmEGa5Z5lFfCjeOGfU8FtPBOuXoGYygP
cqa17f4T6hMFM1xIM9QOK9qyMfIu38KCzf3mrmlmVSWkdDRYZI8ztfhFZxqDPM7HuC1att8NdDtx
88e7Hqa7JlJ5O4io3XYu9h8orCWJry+0axoowYfCOh2vKWUTfVeatJpGlx/csYl99tF3rVnC21c5
HaoX1G6ki82GHdGPSuR4rVpzu0a+ytpYteRaJwtqg99tLiAchUH0qna6rFqANtKxjl6AHisfXLG9
sPmSR2Qnsa562K5KTqfEUoa8rR0LXMKnbvUGneaSuUfI9sVyLMktiGDytL6CtTQoGEPmTSuuOgY0
U8RGpJJLRjlTSehsedJk/M3FNW8UnAlwaUkHLLyp71z3iSxMPlywSsrMcYBrarJwhdaijG7sdH58
uMq5I9aQSysMhz+lctDd32nQRmYPLCe4qG51E/b4RBM+2Q5K+lc8MXFpX3KlTaZ13my/32pDLKOr
tWTrElxYW8VwGO1vWmaXqk2oP935QK1deCrKk9yeV2v0NkXEh/iNBmfuxFVJL+1hk8tpMt6UyO+t
5GIOQPWtbxekWmS4NdC95zD1NJ5nqF/KoVlhkB8uTcR2FOyT2p80XpETSH70PWNPyoIiPWJPypuK
M0/kLQUx23/PCP8AKk8m1PW2j/KiihSHaI02tketrH+VNFlp+ObSP/vmpKKrmkuorLsQnT9NPWyh
P1WozpOlsc/Yof8AvmrJoo55dwsuxW/snSv+fGH/AL5o/srSv+fGH/vmrNJijnn3Cy7Fb+ytL/58
Yf8Avmnrp2mjpZQj/gNTYoo55dwsuxH9i08Hi0i/BaeLezXpax/lS0Uc0u4WXYcFtwPlgjH4UocD
ogH0plKKT1HZEgncZwSKU3EpH32qKipsgJPNdupP41keJ3J8Mahnr5fH51p5xWT4mP8AxTV//wBc
/wCtMDC8IcxJn1r1HT/9WteXeEP9Un1r1HT/APVrQB//0vfaxfFH/IAvv+uDfyrarF8Uf8gC+/64
N/Kh7Djuj47mH+kTf9dG/maYVzUsv/HxP/10b+ZpnSuY9xRuhmCKADUhGaAtFx8g0DFL1pQDTttT
cpRYzFLinbDRtpXK5WMxRTsYoxmi4rDaXNG00lUw2Hg+tO4qOlBqbDTJQeKerYqEGnA81LRtGTRZ
WQ59qmV8iqgbinoxqGjohULRFNyQaYJOakDAipZupXHh+KeslRdqMkClY0UmWVkqZHBzVEOakWUk
YIxUWtsbRm2tWdJ4e8TXvh66EluztFghogeD+Fey+G/GGneI7QNDKI7heGjY8ivnuOTHBJ/A1YtL
25sp1ntJPKmU53etbwqNHDjMBTxCvFWZ9PjjvwelPBrzXwp8So7wpaaoAkoG3fj7x9a9EWUPGHRg
UPIxXbCaaPla+Fnh3aSLXajFQq/HWnhqo5hSuKYy5qQHml4piuQkcUwrmrBXNMKUDKpiJNRvGauM
vpTCp7ikBnvH7VWkhrVaPNQtEKBmNJBx0qo8B5rckhBqvJCMUgMCS346VUeEiugkgBHSqctuAOlA
GGyEVXcsprYlt+KzZ4dpzmmtwKEsvWsu4ckHnmr918uayZRLKdsabmNdtJpbmE03sULl8PzWfJcK
CQNzN2C11Fj4PvtRbdKxjU12GleA9LtNslxmVhXd9chBGHsZPc8utLDU9QcJb2kgz3YV1ulfDTU7
tg11JHGh6gg5r0yCCxtABa24THrzVk3DsBnaPoK5p5jKWiRccNbVswdL+HulWCKbhldh2IrqLa1s
bNQIIUwPaqokyaf5pJ55rinVnPdm6hBdDSFzuGF+X6UokJ6k1QEvNSLL71nr0ZduxeDc9afu4qis
vNSeYe1NqSV2Fy0G7U/5cYLc1XR8lh/FjiuRv9Qv4tXKbiB1Va5sRiHRim1fUqMeZ2udrggZ4phj
DAhuhrnIPEkkL+XeRY49a2rXVrW6T5WAqaWMoVfdvqVKlJbFHVtDiurdmtwBIKydJ1F9OnNrdrhQ
cV1sc0TkiNg/rWJqGhtqF8XVtiVz4nCtTVagve/MqFSy5ZFXxElktuLu3YC5z8qrU1ubm90FzcQn
zAvCmr0Gg2qMhm/ebe5rTwAAqqAB2relRmp809mthSnY4TTtNvYZN5iyD2Iq/daVd3ZURny17gV0
l5dLZoGKjYetNgura6i3IeTWFOhQpN0nLfXzHeUtUtCjaWzWlqIX5YDGapanpMmp7Qr4C1v+SSuc
dKaYQOo6+9eg4qSs9jLXmujDtNOe3hFvc4dB0zWbdeGENyJ4WIw2cV1RjP1FN8s4IrKWHpyVkU6j
1Xc5nVbG9vIEtxyBUOj2l3p8bwsnzHo1dUEK9uaY67jkjn1olh4+1VR7gqlo8hwstvc2mq+bdRvI
hOflFdDHcWNxCFWJ1456VrtGrgh1BH0qt9gtVJKxsGPX5qzpYZ0buPUcqlzMsILWyneVbgDP8LGn
T63aqxWIMzU668PpctuWUofpmkl0aKHTykKFpv72a0vVWi2EkrlSDxCslyIXQhie9bTAKA+evauN
hs7m0vkkliJAPJJrrJNStIrdZXcAgdKwwdaq+ZVXb1KqQVvdJ8HGSRn0pMMBkjHtXK32uzSXKvAM
KTitMaw1tCklycg9/StaeNp1J6bCdJo1+cZ4+lFQ29zDexCWFgwPpUuRnFdEWpO8XczA0UUmc01q
Cd3ZDuKSkpaACkpaSgAooooAXiim0UAOoptFAC8VleJsf8I1f/8AXP8ArWpWV4m/5Fu+/wCuf9aA
MPwh/qk+teo6f/q1ry7wh/qk+teo6f8A6taAP//T999KxvFH/IAvv+uDfyrZ7VjeJ/8AkA33/XBv
5UPYcPiR8eS/8fE//XRv5mkHvTpgftM//XRv5mm4rke570VYXFOUUmacKlm8UOCilCZoFPFJs0UU
Jso8vNSAU4LU3NFTuQGLim7MVb2ZFN8v2o5h+xKZQ03bVwxUwxYpqRlKi0VQOtGMVKY8GmFarmMu
RoQdKUdaOlJmgWqJA1OU81GKVTSaNIsnBzTlJFRA8U8NxU2N4zJ0b1p55NQBqkDVLRvGVyTHFJzQ
DS1NjRMVWweakVveoiDigcUPYu7WpZBBIPII6ODyK7Lwr4/v9FkW3u5RNanjc/UVw27gVJvyOeac
JuIqtKlXVpI+mNJ1iz1q1E1lKkq4y2G5q+r49q+adK1m90W4WeymcDvHu4NeweF/Hun61CkFzJ5N
3nG0nqa7KdVPc+axeVzptyjsd0GJqRW9aqhyDyVxjt0qQOep5B9K206HkteRYBoxUSPT95zQSKUz
TSvtUmcig0xkBWmFKsEUwrk0AVHj9qhaLIPFXmU1GUzQBnPDx0qrLBntWu0ftVd4jilYDEmt/l6V
mT2u7oK6Z4SetVJIAO1AHMnSVdsyVctrG3t/uRAt6mtFouelQmPBp87CxPHMw44UegFWA5x1qmox
Uyt70bgWg2B1p2/3qtupQ1AFpZDTxIaqBqdvI70AW/NOakWXiqIkOeacJML15oAviUngHp0qpqOt
R6bEGDZkPUUJJ/EeoFYdu1tc60xnOWzxmsKrUdt2XGzNvTfEI1BwoG1/cVLrdobiEXkWDPF2Hemo
kMTgxqM+oqlrOqzaYsTJzG/b3quSXs/fYbPQZpcP9vMZb7bEY/lK02TSrlNQEdsSsHdhWfaadd3d
4LguUhk+bANdfFKI0WPrgVyU8NTqr94reZbqtImsLaPT49quXLDkmr6y5XGRistZ+oz1608TDj2r
ujFRioroY3uaQcZ608MM/hWcs1TRzA9atWvqBR8QSDy1TGcisKJZYUDxyEAds1d1+fdMoB6Cs+Cc
KACcg9q8Khgo47HTVS6SNMRV+r0FbqbFlrcisEm5X1rdhuIbpcoy59K5CSLa28EBfeo/tSWjbhcK
p+tdc8PjMF70H7SH4ozp4inV0loztymOMDHtTTGPSuf07xPDKdjSA49DXQw3MVwAUcH2rWhjqdbb
TyZpOk1ruhhjz2qNovarny//AKqQgHpXWrLVGdrFIxe1RmLHar5SmmMUwM8ofSmbSvQ5q+0fpUZi
FFwKTxrIpDxg/hWbd6Fa3alcFTW20fpUZQ561LhCW4+Zo5o6GtvZMqrvfPBrJ0+xSS4eLU3fyw3A
PQV3Dqc5qCe0iuVIkAye9cs8HCb51ol+JoqrKNta2enxEW8q+WegzzUoubbGBIDVGPw2sVy0hlJQ
9s1iarts5cQhwvrVTrKnHnasiV7zsdOLy0LbRKufrUgOef4exrl9J0eS8k+1SvsiB9etdM09rEgj
Ei7F9DRh6zqQ5qit2HOCWkdx9FJHLFMco4pxUrya6VJMhqwlJQAetLTEJijFLRQAmKKdSGgBKKKK
ACsrxN/yLd//ANc/61q1leJv+Rav/wDrn/WgDC8If6pPrXqOn/6ta8u8If6pPrXqOn/6taAP/9T3
3GBWN4m/5AV9/wBcG/lW0axfE3/ICvv+uDfypPYqG6PkGZf9Im/66N/M0wrVqRM3Ev8A10b+ZqMr
XG5an0yp6EGDThTylNwaVxOLQtKCc00nmnClYpOxMpqRSKgBqRWqWjohIn69KXFNQ1KKhnVFJjNl
BjznAzipQtbnhKwTUtdW1kGQ2KI6uwVUlFs5lovX6VE8PNbuuWBsNcurcrhVchfzrOaPNVe25jGn
GcbozmiOaYUNaDRVC0XWqUjCdAqe1JnmpzDjNRFOaq5k4WAGng4qPBBpd1PQm9iUGpFPNQK3FSBq
lo1hMnU08GoFanhqmx0QkT545ox6UwGlBwalo3vccRgUZI6Uo+alxU3LE3c5AqRHKSJKh2SKchh1
FREUgJoWgPVWZ6R4U+JMtkY7TVAXiJAEmMmvWLO+t7+IXFrKGiIyB3r5jXk4xx3rd8P+KtR8PXQa
CVpYf7jNXRTrNKzPIxmWxnedPc+i1kFPD5rlvDni+w8RWu8SLFN02E9TXRCRlADDFdcZKWx85Uoz
pu0kW1bHWnbjVdZMin76ozLA5oAFRK9PVqAFK5qMipgQaQgUAQFDUTRmrTLTCtAFGSOqskWa03TN
V3joAyXixVd1A5rTlQYqnKnFA7lM8UBqcy03pQIeGpd1RE80uaAJQ1LuNRAj1pc0ASb/AFp6cktn
oM1BuqG+aX7IUg++1Jv3boasQ2+uJLqD2zjCDjdis3WtPntJ/tdqxdevFV30e5ij35YueeKSHUry
1by5lJQdQ1eXOs5Nxrxt2ZsoKNnFly01i9hj3PHkYqS2S61y533I2wr0GaY/iGEBIhbAs1bsB2W6
OqhS46VeGpOotKnNFCnPpazLkbrFEsSH5VGBSrLiqu7n3pQ/NelbSzMm7lsSkU8TGqe+nb+KBF1Z
81Kkx3VnLJg1KsvX6UIT2djI1m5DXnJ+Uda5vUvGmnacrRoS8o4AC55q/rsxdJQpwa86sNA8+9km
k3OS/Ga4MnrU41ateb0THj0pKFPqar+Jdc1liI18qLsScUDTdUuh+9mJH+9W3Fb2WlxBrkheOlZl
545tbIlLSIMemTW9TPKsp2w0Loqhldasr2sW9L0a+sH8xJi3sTXX2WoXMeAchq8ul8c6pct+4jAH
t/8AqqSPxD4klwyQnA9v/rV5uJweNxcudxs/I9Knl7pK0pr0PcrHXiMJOvbqBmtuG6hnUFGGa+d1
8TeJFYMYSQOoOf8ACuq0Px1cnCTwiNh3OauEcxwq/ex5l5BVwUGvdmj2PGBkmjiub0/xMsyr5uCK
3oruGcBlcHI6V20MZTraR3OCpSlT+Il25GabsFPJJGBRXVtoZ2IvJqNoqsimlaEGpUaMVC0eavlM
1G0dHURR2HoelVbrTbe9QJKuB6gVqGOozHiiSUtJK47nJ67b3NhbRx2XMWOeahhsrOOzW5lnJYjL
LmuuaJXG2RQymsi68OW9w+5GKr1xXHUw6VT2i/4BpGatZlW2jtby2aW0kIcDODxUemXt5JcPDPHt
VT1PpVe5eHTpxFZAmQdVFPafVLtNkcPl574rCOIUPdabl5K5TgbeFf5o2yPak659qx7G11Owl3SO
WjY85FbgKSANG2fWu+nNzWq5X0uZSjYjxRinlcGkxWjstOpImKMUtFACYoxS0UAJWT4n/wCRav8A
/rn/AFrWrJ8T/wDItX//AFz/AK0AYPhD/VJ9a9R0/wD1a15d4Q/1SfWvUdP/ANWtAH//1ffqxvEv
/IDvf+uLfyrZrG8Sf8gS9/64t/KpnsXD4kfJjr+/l/66N/M1GVqxIP30v/XRv5mm7a8++p9koaIr
7KaUqyVFMZKaZDplYr7Ui8VMy1GRiquc7gLTgaYOKcKCkTI3FTI/IqqDzUiNzUNHTTnYuggmux+G
sXmeIfNxnYRz6VxKNjntXo3wohzNcTHpuOPwopJ82pOPq8uHbE+KGk/ZtTF8keEY84FcHs4B9a9x
8d6f/aXhm6ZBueONmH4V4lGM5Q8FeoNVWjZiyqqqlHzIWSoXj9qu7c84prR5rI9J00ygY+OlQtFz
0rSaPioWjpqRzzopma0ftUbIRWi0ftULxmrUjknQsUsEGnA1M0eKidSKu6OdwaHBuakDc1AM5p4P
NJoqMrFkNTwc9arq1SBqlo6YzJgfSnZqINTwalo3jIeKCKQEU6pL3GGgN607GaTbiluGsSe3uJ7O
cXFtK0Uy8jYa9R8KfEhJljs9XY+bwBI1eTZIPB/GlIDcNyPWtI1HDRHLiMLCvF3Wp9QxypJGHikW
SNhnep6VKr5GCea8B8MeNr3w/OqSO0toP4DkmvYtD8Rafr9v5tpMA2PuPwfyrshVUlufNYrASpO6
Wh0Kv29KkDVTST+Enn0qZW7ZrRHB5FoMKUHNQI2akB60wJutJimBsU7d9aLoBrL7VXdatA5FROOa
LgZ8q+1UpF61pyL1rPmU80wKEq1Aasy5qs/WgBKM02igBwpabmjNFwHjJ6daA4J+VssOoFRzSCK3
eRjgAVytpqktteSyFiyE1jWxEKTtLQuMHLY7AO/GSce9ZeqXNvC4WaFCrdWIpsWv28p+ckfhUWuT
21xZBoyCxHAqa1ZSpc1Np+RUYShK9itplgJ9T80fNbjkZ7V0pb5sD7o6Vn6NF5OngHoauAkrVYeE
acE4qzZM5czuS7s96M1GKXNbXuQSbqXdUWaXNAEwNODYRzntUIakd8RSfSk3ZAldnMagTNPIo5rM
utStPD1nvk2tcEcL71LrGo/2ZDNPjLdBXnccd54k1UMSWVmHJ6AV8/gcFPFVJJaR6nrqFP8AjT2Q
+efUvEN6cmZlY5x2rrdC8EQIokvsZI4B6Vv6faWemW4hjUGTGN2OlTyiTg791fYUMNSoxtBWZ5eL
zetPSlohkWkafZvtS3iI9dtakTQRwEJEg7cCqZO+AZIVvc05WAi2qwLfWt739TyZzm37zuTqYXOP
JTn2qZ4LAJtNtEXPfbVSOQR5J5bFHzO27ofenzEKdi0kUUQwmAPQVZhubmFt0TsAO2aqKI05LZNP
N0BworzsXleHxCuvdl3R00cZWpaXujprLxECoSfgjua3ILqKdMxyKa883h+oFSQ3M1sco5xntXky
o43CaNc8e53Qq0Kz3sz0XcMYB5oBI965mx8RAbUm4963YbuC4wY5AT6VtRxdOr7t/kXUpOmr9C1Q
RmowefvCnbq6jMQpTDHUuaQc0AV2SmbcVaIFIVo3B2OavtExdf2jCORyV9aItWmuVZIkCMpx6V0W
3qM8HqKwJtF8vUvM87ZE/p61zzUqfvUluaR82QmDVLvIedljPHBos9Ku7CYkztIh7E1U1Az2V8I1
uSYjg8Gqkup3qTbYCzrXM8RRpu89ZFezkdKVO7O3ikK8ZHSq+lXFzcg+ehWrxTblRXdTqKS5rWMm
QYpKlK00xmrER0Zp+2k20AMNZPif/kWr/wD65/1rYIrI8T/8i1f/APXP+tAGB4Q/1SfWvUdP/wBW
teXeED+6T616jp/+rWgD/9b36sbxH/yBb3/ri38q2axvEf8AyBL3/ri38qUvhLp/EvkfKci/vpP+
ujfzNGKfIP303/XRv5mkxXmPdn3cY+6hm3NNZalxQRmlcHErMtR7RVpl9qjK+1UmYSplVl5oFTsv
tURXFUnc55QsApUPzUzODTxzTFew/wAwqvHevXPhjEIdDMzDBaRx+teRBDLIkacl3A+le16BF/Z+
lW8GMYUE/WtKMbyOLMq37vkOzXbcW8ts3IkQivBdatDpuuzQleHYkV7Va3YDA5rzz4m2Iiure+jG
AXIOPoa0xEdLmGT4jkqcnc41eBgnNOwDUSNlQT35qYEYriTPsG9dBpTIphj4qbtRirsgcUyo0ftU
LRn0q+UqJ05qWjOVMz3jqJoua0Gj4qJ48c0JtHLOiZ7JimYxVx0z2qFo8dqtSucdSk0RA09WpNlO
AxVERuh26pAeKi704VLNoyJQ1PBqFTUmRUNHRGRJRTQacDUml7himmn0GgTGA/NVuw1G60u6We0l
ZGBzgHg1VxRgD1pqTTJnTjUVmehRfF3ULa3VZbASsvVwRz+tPT43yD72mH8x/jXne/jaOneq81qj
8rjNenhMTTVozR4WNyvRypnqSfHBz/zDf1H+NSD43Tfw6d+o/wAa8ceMxHpT1cYr3qdCjUV0fN1I
1Kd4yR7GPjZOf+YcPzH+NPHxrlP/ADD/ANR/jXjykGpVFarB0uxi6kkevr8aJT/zD/1H+NSr8YXf
rYD8x/jXj69RVuHrSeDproCqs9bT4oNN/wAuYH41YTxq9z/ywC5rzK0XkV0FkMYrkq0IrYqM22dv
HrBuOqgVKs2+sS06CtSL7orz6kbPQ2TbLOc0Ug6UtZFhRzziilzgfWgCG4gF5bmIttDDBqqmh2iw
mMEFqXWp3gtQsBw7DjFYX26+ssSux59RXHXrQhLlmrmkIt7M0JfDhJ/dOB7Vl/Z5I9TitZASN3Wp
Bqt9JJ9ojDFa1NJvE1GQmWMCZe5HNcahQq1OVRaZq37tma6gRwpGvpS5pCMHFFexsknujmHZopB1
pc0AHOaUUnel7UAOBpsxxbyH2FAqO6JFq5FRUdoNjjujz7xcrzQiFPvMaueHdGXStNR+POcc1NNC
txOJG7etWN7naAeBSyOCVFz7hmOJlFKlHZ7kmw555PrUiyPGPm2ntzUO9j90U7Y5GWr2uW55HuxW
hyHiabVbKczrIohPQYNYsHifUYJEkZ8r6ZrrfF0c1xpYSJdzAV5ylpfvIsf2Z+uK8zEOrGa5T6jL
ZYaph/3y1PXtJ1H+0bBLgjDHrWh5rtxisbw7ata6WiSjDY6Vp73TnHFejD4dT52ryqpO23QlwwNS
Kx9KgE5pftDDqKpMxsWQW9KlWQr/AA5qqtw3pQ98luCZWC+xp81t2HLcuZB6rzUsFzcWrboz+tUI
dQilA5FWluFJ4ry8VluGrvnvZ90zqw+KrUdtfU37HxCeBOv41vQ3sU6Bkk/CuCLiT5Rx9KdHNcW5
zG5H415c6OOwa5qi54+W53wr0ammzPQwxI5p4YVylnr0seBPgity3vYblNyOK2oYylX1Ts10HOnO
PoX856UuarLLjjBxTlm54rr8+pne25Njmqmq2Zu9PdVYqy8girO/NOEmeD09KmpFTVnoPqclYaHN
eZa7ZvlO0Z9K24tN0/T0AkIB7Fq1MgDgY+lUNU0pNVhERkZD6g1ywwlOknKOrLdV7ImVY2X93tK+
oqMxc0afbRadD9mMuX7FjVvYAMjn3FdUJPlIs2UWi5pjJV8xA80wxgiqEZ5SmlKvGKo2ioAplKx/
FC48M35/6Z/1roClYnipceF9Q/65f1oA5jwh/qk+tepWH+rWvLvB/wDqk+leo6f/AKtfpQB//9f3
41jeIx/xJLz/AK5N/Ktk1j+I/wDkC3n/AFyb+VTL4TSl8aPldx+9m/66N/M0Dmlk/wBbN/10b+Zo
ArzHuz75fChMUgFPxSYqUmynGyuxhU0wrUxHvTT9aNTNq7K7Co2XirJApjAYrVMxkkymynOaAamY
ComXc2wdW4FUjmmra3Oh8F6f9v1dpWQmKMDGfXNesbcAAdhxXL+EtNOl6ShcYdvmJ9q6ON+Oua66
StqfN4yq6lS3QsRSMjCs3xlANQ8NFyPmjO6tJQDTLuLztLngPI2VU1eLMsLP2dVM8Xgb92B3HFWk
OQDVS4VrfU7iI9FNPSXIrzWrM+5oVLwTuXVNOWq6PmpVaqTOlSTJSBimFBTs0vamO5CUB7Uww1Zo
oaJcUyhJHz0qB46vSAZqB15NStDkqxRSKYqMrVtlqNkq0zmlEr4pc1IVppWgmwzvTg1MI5oodirk
yvTwwqDOKXdiosXGZYJxS5qENmng0WNVMkFNzQDRSaHe4meaPpSYyTS4osF2mNKCQYYc1Ukt2Q5H
P0q7khqdk88da7sPjalGSd9Dz8Vl8MRfTUzFfHHQ1Or80+e1VvmX71VlYr1FfTYXGQrLzPk8Zg50
JWsXVPI5zVyHrWfC4zV6E5NdUm1ozg5bmzaHpXQWXJFc5bc4NdFYnla4azujSPY6G0HQVqxDisyz
rUiry6m5tEnXgUtIKKwLCgDcwB6UUqg7lPXnpTST3AxNbn8m8hPVVOTVbVNWTULaOEJgr3xVy9to
7vVEWR9oB6U+TRbMfcmXP1rz6tOvKVoNfM3i49RlhrVnBaiGWNcgelV9HAm1aSaMbUzwKmfQbZ1Y
rOpYDjmnaBbTW8ziQcdjRTWIUkppaBNxtobDc80lK3INJXftoYBRiiloABS5pKKAHA1Xv3K2be9T
1V1M4sjmsMS7UZPyLpq80cyEZz0NWfK2rksMVBFKccdKUuxPPIroyaLWEicWMkvatExmC8KPxpmX
eQAnI9qZwTj1qYYiXPc8V6bXY5VtYWXaGC4DCldIY9v7lM9c4qJTmTPenXVzBFtDtzii63loF3cm
mG4K8f5U5JCV2tj86rJqVoIpFY87flx6157e6zqKajL5ZfyweK56uKhDZ3NYU5SPTRDuOFIz9arX
lyNOiMs5CqPU1w1r4juAF3nDA+tWr69/ti3MMkwUMOea5ZZlTt7t/uKjQfU3V8SwuMxkEdvesfXJ
L3VHV4AwA7AistNEkXiG5HyDjmlNvq9uPkMZA/2q8+pjqtX3b6GypJbFiK71W1UL5DkD3zVlPEt7
EfnikH4VkHxJc2p8uaA5HUqaY3jCH+O2bPuRXNGFRfD+ZTgmb3/CaFSQSwYeopIvHs5cxhCc1zZe
41eXNrbnnuVxXR6X4OdEE13KqA8nFevg6ddu7ZlJU+w5/E17LMHUNtzyorpNK8XRsQjymJvQ1kTv
ZW6m3sojJIOCxFc/PbzRzEMNrf7HNaYrKsPX961pLqgo4qpTb6o9q0/xDuUbm3L65Fb1vfW9yu5J
Bn0rwS3uNT01BMwBi64J5NdNpHizzyqBXjbIHAryKlPGYPV+/H8TujXo1/7rPXfMK96kEg4759K4
208RNCQJ0LZ710Nlex3GJI+hPSunC42jibKD1CdKUd9DR+3W6T+S0gD+lWPMTP3xke9cFrzTLrIM
IO49KkW11gsrE8EetZzxcoVGowbsUqSte50WvaY2pQLJbz7JE5OD1pPDM08lu8E5LFG6k1hCz1ZV
LhsHHrWh4TmYzTJKu2QHk561jSqSqV0+VoqUUo7nVEZzik2imeZ8xp+RxXqHOJsBpjRA1KCKMZoA
rmEVg+L4seE9SP8A0y/rXTbc1g+Mkx4P1Q/9MT/OgDhvB/8AqUPtXqWn/wCqX6V5b4Q/1C16lp/+
qX6UAf/Q9+NY/iP/AJAt5/1yb+VbFY/iLnRbz/rk38qmXwmlL40fLT/62b/ro38zSUrj97N/10b+
ZoxXly3Z+gwXuoTHfvXR+F9M0bWJDbXl28Fx+H9a54KO/Sly6v5kcjJIOjLVRlYzr0nUjZM9XPwp
0rAb+0rkA9CFXn9KYfhVpWSPt9yD3+Vef0qh4L8fMoTTtVkJA4WRq9MIDxLMjb42GQwPWu2ChI+W
xNTFYeWrOAPwr0r/AKCFz/3yv+FRN8LdK/6CFz/3yv8AhXoOM+ufSo2X61XskcksfW3bPOpfhbpf
bUrof8BT/Cq6/DXTra5jmF/cSeW24Kyrg/kK9HePI71Vkj9qapIX12rJGA1usSLGudqjFRZINa80
JOc4xWfLEQapKxyNt6joZMYq1EQwdT/EMVnDKmpo5Dn3psL63OM1jwDfXmqvdWzgRsBwaqp8O9YD
HEiY+lekpJu6nmnlTkYJrJ0os9CGZVYJKJ59H8NdaYAiVPyq5H8MNdbnzUx9K7yGdkIGTWpb3RP8
RqVRRus6xK6nm6fCzWu8q/gKsL8KNSJG65YfgK9QjfKjk8+9U9W8QWujQO88ihscAmqdOKRSzbFV
HZHnd38PxpluZLq8PHY4rjtQihgYrE+73q/4m8aXOr3LLHIyQg9M9a54zB+d7HPrXLNrZHtYV1pK
9RkZfLEU1qdt5zQRxWWp3WuREUwqKkxnikwKDNxIttJtqYjFJtzRcnkK7IKhZSKvFBUTpmqTIlAq
g0tOaM0wqRTM2rCg04GmYIpevtTFcmDU7NQCng0mjWMkSilJpmaXrUmlxTzRnilApCKY+ggNNaFZ
Bk8GnbTThirpVZU5XiY16UK0eWSKZjMTZ7VctmHUU9VV+GFL9mKtlOnpXv4TM+e0JnzONyh07zga
tmeRXR2H3hXMWZ2kZrprAjIrrrNNXieOouLszpbTpWpEPlrKszmteL7teZU3NETClNGKUisGUNpV
OHBpaMUXXUL2MPVNPnu9TjeEkDPJFSnQXGMztnvzUurXclpJE0fQnmq58QIoHB3Vx1J4eL9/Q0Sl
JaIWTw9IwPlXDBhz1qXTLuTzDZTL86cBh3qqfEEjZ8tTk9KfoqyzXLzyqVOc80o1aU58tO7Dka3N
kdSKMU40g6V2rYhiUUtJigQU6kooAO9U9W4squd6z9YbFsB71zYx/uZGlL40c/H1IqTkKX/hX71M
UZJwOaw/E2qtaQ/ZoW+d+GxXZgJqlgYtnDiI81do0U1uza42IoYDuDViXU7fbvIAHTGa5zS7JLa0
3MA0hHWrbW8TgFlri/tiab0J9gi/Hr1ksmGA/OuT1TVJDrBmQ7osnAz2raGn2x58sUh0+1bOYU/K
uevmftklJFwpqJnQa3ayt+8AQ/Wrgm0uUc4JNQS+HraQEhQCemKzJ/DlwuTE5x7GuZeyqbOxq12N
ZrHS5gcfKfXNVH0O0J/d3DZPoawpoby0fDl+KbHf7hh2II7E4rf2c/syuO1zRubK6sfmhumYe5zV
Y6nqiDPmKV9xVdrxWkEcX72Q/wAPWt3SvDd5fYkuFZYvRhXTTw1SXYhyjHdmHDDqGqXQRUHzHkiu
t07wLallmveWHaujsdNtdNTEUSBsfexVliTznBr16GGjFe+jmnVl0II47bTowlnCN3uKa9vPdfNM
+1O4HFWUCBi3f3pSVJG411S5Vq9DFt3sUktR/q7ZQPUkVZh021hXzJV8yWpN3OFGB7Cp7exnuHGA
wHrXk4jOIRfLR96S+47aeCk1zT0RmT2DXzYlIEQ6AVo6doUeAsCEY7kVu2ulxRcyDJrSXagwihR7
V50qWLxb5sRLlXZHbBU6S9xalO10aJDmVsn0rViVIflj471AHzyetODkHOQK6qWEp0UoRInUnL4m
VrnW7OC5KyxBpF6Z9ahfxZLuOIAqYqDU9BGoN50ZIc1nyefp9jJA9tvboG2k1y4iWK5nrZGsZU1G
xpf8JPeSr+7jXAFaHhiRpXlncAMTmsvQ7+xttOkN1Gm8jGGHNbemyQPbmWBQo6VWHpVPaKUp3Co1
bY2ll+cmpRLWasnvUyye9d5gaAkqRXqisvHWpFloAuBs1ieMv+RO1T/ria01k96yPGDf8Ufqf/XE
/wA6AOJ8If6ha9RsP9Wv0ry7wh/qVHtXqOn/AOqX6UAf/9H36sfxF/yBL3/rk38q2KxvEf8AyBLz
/rk38qUvhNKXxo+XG/1s3/XRv5mlHFDf66X/AK6N/M0ory5bs/Qo/CgxS4oNLSKI3iWQYcZIOVYV
23g/xzLpVxHZ6jue2OAHPRa43FIVBXkcetVCbi9DnxGFhiI6n0bDLBdW6z2solifncO1DLXi3hTx
hdeHrgRzkzWbHHXpXsmn39tq1kt1aOGRuqA8iu+FVM+QxuBnh3otBxXioHWrxXjrn+lQstas8+90
Zs0eRVCaHrW08fJqpLCKQGC8RBqLlTWpPF7VSdME0CFicDr1q5HJkCs5SFOTU0TnPHSkUX9ueRUk
UrRAknao+8xrMvdastKgMt3IqkDhc9a878QeObzVcwWa+RCO+eoqJVIpHVhsHOq9j0HW/iDp+kxm
C3fz5SMZXnBryjV9du9Wnd53LKTkA9qyeS7Mcsx6sTSrya5ZVGz6HD4SFHRoDkmrEKkimhamjrJa
npqKexIOmKXHFJ2oFBqloJtpCKko20mQ0RYzSY5qXbSY5oCxEVptTFaTZmgHEiKZFQvHirW3FIRT
TIlTKbRmo9hq9sFRmPHSqTOeUGVelOFSNGaQJTISaYCngU0DFPBpWNlckC0hWlBp2aLGysMxSAU4
0veovqDSsKoxVuHOOlVgOlWIz0quZ30MpWtrqaMManHHNbFmpDjNZVtjjArbtMFhmvTw+KnH3Xqf
OY/CwleS0N+yOcVsQ/drHs9o6VsQD5a2nLn1PHceR2LIoIpRThWLAZihuBmnFeaRgNuKE2tgsZus
WUt7FGYeAD8xqqmnWCxqJZV8wda2pGMVtIc8Ba5600o6rLM6zlUFcOKp3mnGCb8zWlJ2NODTbNz5
sTAgVeUBQAgAHfFYVg7aPfNZzvujPO4+9WtS1WK3IW25NbU50qa5naMuvqKSmzTHJNHamQP5tukx
6kU+t1r73cztYb3paWimAlFFFAAOtZutHFuv1rTHWsrXG2wpn1rjx7tQbNaP8RGNGwRHdugGa4C+
lN94iZhyqsOK7TUZDbaU7E9c1w+hjzdReRu7USqOOEjDyOaUb1pyOrPygLjHFNAOPbvVe9uxbXCI
ehNQDU0S78on5TzmvIUJNXQiW8eaFfNg+ZR1FQ2+uQS/JJ8rdDWmoDAZOVauV1izSC7LR8ZOa1pJ
TXK0HLc6eN4ZBuSQH2NJciRbdmRl/OuNS4lh5jcsfTNa1jb6xqv7tA0af3iK1WEnL4Q0Rm3V3JPM
UO5nB6Yqza+Db3XShEJRc53Gu/0LwNBAgluXDP1Oa6+GGG2QJEoXHfHWvVoUPZ/EJSc9jlPD/gK1
0mENKkbSD+I1vPZRwIWZguOiVobiW56VmarlsKziuunN3shzjyq27ZkyuHckDA7UzIprthsAggU+
C2muG+QFaxxObU6L5KXvS8jOlgZTd5aDCQDu61PBZXF0wIT5fWta00hE+aXrWiu2MbUGBXmOnicZ
rXlZdjupqlR/hq/mU7TSYoQC5yfStJSqLtjAFRZzSiuylh6VGNoxJlUk9yQn3z60AmmilzW1+YhD
t2aGlSCJpZWwi9qaB82Kx/Elz5dskIzhjzis6lSFOF5MaV2Qv4rb7YTBGxhXqRXQWeowX1uJS429
wwrFh/sldI8sf63HPSsa0trl3ZbeQhT71xLGVaclztSi+xuqXU3PEa6eLLdb8ysQK19HQw6Uoddu
cYrnLXSJprlBLKG284rqlYKojUcKMVth4S5nVlGzZnMnVxUgeqobmnh/SuszLayc1KslUw5qRXNA
F5ZBWV4sfPhPUh/0y/rVoOay/FDE+F9QH/TL+tAHNeEP9Wn0r1LT/wDVL9K8u8If6pPpXqNh/q1+
lAH/0vfqxvEf/IEvP+uTfyraNY3iP/kCXv8A1yb+VKWxpS+NfI+XGH76X/ro38zSihv9dL/10b+Z
pQK8uW7P0OPwoMZpaUCjFBQUHpkdaXFBHNUIT7xxjj0rW8PeJL7w5eBoJSYSfmQ96ysYNMPyrgjP
eknyvQzrU41IOMkfQOia7a69ZRzwEByuWTPQ1oFRmuB+FOnmLT5Lp1P7wkr6Yr0DbgAjgk16NOV4
6nw2NpRpVWokJQVXmT2q4wqN14qzkMyWLI6VnzQdTW1InFVZosikxmE8WCeOBzXOeIfFUOjB4bc7
7nHyj0NdhLDgkEcEda8c8a2DWniJ5GUlH6Me1ZzbSOzBUozl7xlXeo3epXDS3cxcMchfSowex7VE
Pf8ACnDOea4pa6s+mpRUNETfe5P6UAYNItOHWlc3THg9qmQ4qADmpUPNJG0GT546UCm7uKcGpmyY
6lGaTdSg0WBpC0hFLRUiGmgClIoAoGhpHNNIqXFIQaBSRFikxUu0UFaaMmiHbSGMVNilK07shxK5
QU3bU7LTMU0S9BmKMU/FIRinYSYzpS55pDSggc1nyu+htdJakqnipogRVGS4SMcnmoftjOcKeK76
OBqV7dEebicxpUL21Z0cNwI8YOa17OfzGBrk7Vjxzmul0/qvGK9WGFjRXK9z5rE4yVd3vodZYfWt
yAHbWDYdq3rfO2sKhyLuWlHFO6UKOKdjmucoaRSYGPenkUwiizewBt8xDGeQwxXKXDTWN28Fu7Lu
PQV1YyOR1qu9pB9p+1uQCo71z4mm8RFcrs1uVCfKc2bG6uzmXdv9TU/9iMkBaSQK+OMmtm31WK7l
ZF2BVP3qraxNbXkfkRTgyHgBTzXOsJh1G97/ADNPaTeyJtKDC1KSOCR0xV0jFc1aw3mj3aPck+S/
TJrpyAyLIpyrciuyjJtWtaxEl1uNIxSUp5pK0syAooooYAOtZGuAFEU/3q1v4qyNbI3oP9quHMbe
w1NqHxnE+LLpktUhU8YrC0BP34A65zVvxVLuu0j+tZ+nXH2O5yemKzl79JJM53e8mWvEEhacKvDB
s/Ssks5bJPz9jU2oXIu7kyEHk5pILSe6b5EwvrTpQ5VypE6LclTWLqKMIXHHtSxW99q84wGI+lbO
naBGPml+Z/SuntoltowFRVwMcCu6jl7b5mjGde2yMjTfC1rbhXuV3N6Zro47hLdBHEiqo9qijjln
b5ULE1qW2j7BvuTtB9a9Hkp0VoYpSm7tktjJPdAYOFFaUjJAuXYDA7msu51S3tB5NvgHHWsl5p71
wPmbnpXlYnG0aerevY9GlSm/h2NO81kkFIOtZQ+03j5JZs1o2mjHhpRtzWxHDDAMIoriUcTilr7s
exuowhruzNtNFQKHmyT2FaqIkQARQKNx/ClFdtHDU6C9xamU6sp6MXdnrRnPWkpRW7dyApQaSlFC
0AdmikoppXAkj+8WPAXqa5TUp47rVQrSYQDGM1ta3eCz09lQ/vHrA0aO1DF71hljnJrixVVKapSt
rubQi7XRaOiS7DLGxKt71B5d9ZBiFKoB1rqoJoDEBA6sg6VJKizRNFKowwqJ5dSkuaGnzBYhrRow
vDnmzTyXLuWwOldAWyxPvVa1tks4mWMcYFTZAPvxXZSg4Rs2ZyfNsPzzTw1RZ5p+askmDcU4P71B
upykUAWA9ZniZ8+Gb8f9M/61d3Vm+JGz4bvv+uf9aAMbwh/qk/KvUbD/AFa/SvLvCH+qT616jp/+
rWgD/9P36sbxF/yBbz/rk38q2axvEf8AyBbz/rk38qUtjSl8a+R8vSf66X/ro38zSClf/XS/9dG/
maTpXmS+Jn6HH4UOpwpKKRQ6iilxTASmn5pFC9W4p+Ku6Ham+1y2gA4VgSfxppXdjOtJQptntfhD
Tzp3hXT4W+95K5+uK28Z/ChUEUSQjoigCgAluBXoxSUbHwGIqOpUcnsMYc0wipyMn+dRSMkYzIwQ
diad0jKMXLYhZeDVeVMirmA67lOR61Gy/wD66Y0nsZUsZHPpXnXxL03fbpdgfdGTXqEiEhsiue8V
6YL/AESdDnPlnGBWdRaG+DqctRLzPBxgqHHfim9DSxgmNflwwOcUEVw76H1WtrjgakB4qAU8NRYp
MnBqVTVYNUqNmg2hImBp4aofxpwNI2TLIPFOBqJDTxTWxoh1OpgNPpDCgClxSgUWLQhFJipCtNIx
QDEApSuaBTqDNxGbKNoqQDNLtpkuJAV9KiarLjHaoGXNURODsREmkwafgCopZAi5rSMHPSJyOSSb
YSEKvJqhNeAjC1Bc3hc7VNVgcmvawWXKPvyPn8fms5fu4k2SxyasRCqqnmrkBzxXrtJrTQ8bmfV3
NOz+8K6bT+ormrQYIrpLA8iuSrorC0Or0/pW/bfcrA0/oK6C24UV5tTctFtRTqF9KU9a52UIaQ9K
U0naj52Abg9qhuovOsnVfvYqfpSDg+x6im/hce4KTXQwNGit2jkgnfy3yeapMkenajvjbzQpzk1Z
160Nvc/aIyVVgBwO9Fro8lzGsspIU9a8ipGpFqlThe3U6E0lzSZBfalJqiBQmNla+h3RuLPym4eP
jmrNtpltbDAXccd6xr+cadrKPCP3Z++BW0aVTDy9tWl8RMmp/CjoCu35f7tJSJILiFZ0+61LjivQ
jJSVzKwUUZoFIQDrWLrXDA+5/lW0BzWJrYySc9K4cydsObUPjPLtdk8zVG5OABVFInkIVBx6mr1+
g/tKUtyBjtWhp2j3N8QxUxxetb4TBSqU1KWxyVqijcpWunorjPzt6Cujs9LkbBcbVxV2C2sNMQDi
SSriTNKvI2r2r1qOGjD4dTjlUbGxxxwrgDJp5yaThTTRJliqgms8Tj8Ph17717F0sPUqP3S/azra
jzD1xxUVzqVxfyfJkAU630ye4bkkL1rbgsILZACNxrw51sVjH7i5V3PShSp0Fd6syLTSJJvnlrZg
s4bdQQMmpiew4FIOK6KGCp03zPVhKo2KSS3XAopOo5pa6m2zO3W4oozSUUbAOoooNABmlptO+tAA
OtPXCKZGHygUwcnjmszW2vHhFvbKcngkUptxBamLqd+lxqkavnySeDWlc+HS0SS277lZd2KrWQto
dttqUJDDo5FdRHtWJRC+UA4xXFRw9KqpOavfvujZzdPSJyAN5p7/ADAqorS0h7q/uxNI37tela95
bR31uY3Xax4zRZWq2UAiU5A7+tFLCypyVneIOqmti0xG44pM0nB6UV3WS66GO4uaWmZpaAH04Hio
804dKdgHg1meIz/xTt9/1z/rWgOmTWf4hRj4bvWwceX/AFpPQNjK8If6ofWvUrD/AFa/SvLvB4/c
5PHNeo6f/q1+lAH/1PfqxvEf/IEvP+uTfyrZrG8R/wDIEvP+uTfypS2NKXxr5Hy8/wDrpf8Aro38
zSd6V/8AXS/77fzNArzJbn6HH4UL2pwptOFIoUUtJ0oBzTGKTgE+ldp8MNNF1rc1w4yEIwce2a4l
ziP3r2L4YaabPw9LcMMGZ936Y/pWtJXkeXmtb2dFnaOSzk0mSBTiC5bHGP1rI1zxBY6BYtNcyfvM
HbEPWu1ySPjaUalR8qW5b1LULXS7N7i7cKoGQM9a8X8VeL7zxDcmOOZobROE2sRk+uRzVLxD4iu/
EV4ZZ2Pkr/q09KyMDqDmuSrV10PqsvyqNFc89T0Lwd48ljkh03VZN6Z2ox47V6aCrRq8RDRvyCDm
vm9lDjBrsPB/jabRHW0vmL2bfKPainWfUwzHKlJe0p7nrci9VFV5YBLC8bDIKkfpVm2ngv7Zbm0k
EkbDjmnYCsOOvWuu6kj5yXNBq61R84azZGw1u4hAwu8gDFZzriu8+JunNa6ut4F4Z+fxriJF9K4J
e7I+vwz9pSiyqRSCpmXmoiMGkgkrMcDgU9GqLNOBpjjJosqafUCNUqtmpaOiMrkyHmpQarA81IrU
bG8ZEoPNSA1X3VIjZouWrMmFPApimng00aRRIopGTNANPzxRYpohxigVIaQAd6LCsAFPAxQMClBp
gkt2NYbqjKVORkdelVri6jiXC/frajSnVlypHLia9GjFzkyrdSLAhz1rAub1pWwDwKt3zNIhYnms
fnJr38Pg1TV5HxeNzB4qT5NESAjOacpqIfWnr9a7Yux5rXVkynmrkB5qipq5CeK0uK9zYteoro7D
qtczaHpXTaeeRXNVWg0dXp3QV0Nv90VzunnpXQ233a8yqtS0Xk60p601afXMyhpo7UpppoAO9JS0
HpQBDLFHcKFlGQDxRLKttbkscKo4FP45qpqtubrT5Nn31HFTKTgnyrUqK11KA8RbWfcnHQVmRRnU
L7LP8hPINXdKjsXtZTd4Ey9M1mSFo7t2gOFPT3rx68p2jOu9L7I6YWZtHUhY362IOYR3rYJHDD7p
FczDpVzfoWI2f1rc02GaG28mY5x0r0MNVrVdZrlXT0MakFcsUtFFdb3MgHWsDXTneK3xw1c/rZO6
U56CvNzO/sVZX1N8O3zaHnDzJDqkruNw44xWzbz6jf7UhBhg75GKp2SxPfSyPGXYHgV0kRlZBuOB
2FevPF0KGHi5y+R5nspznLlXUSCwitgGkO9/U1PvJ4H4CprexnuDgLgetbNtpUUIDSctXl1MxxeL
9yguWPc7IYOFPWpqZFvYz3R6ED3FbNrpUNvgyAE1eHyrtHApKVHBU6bvP3pdzWVbpFaBgDATgUpw
T60lFd9uj1Zk22FFFFABS0lFAC0UCigAzS0lGQBQAtLzn1pFy1Vb/UYrBAqtmb+ECplOENZuyGlc
TU9RSxjGGG9uQKzB4huBhlUMait411C7Y3UeJCeGpt1pVxpd19oVTLCew7CvPquvOXPCXum8eVbi
XmqjUI9ssf7z1AqDT9Su9MctJl4ieB1rbs20m7jMmRGR94GrUdpY3ALQrlQcZojh6zmqntLj5421
LFrcC8txOBtz2qXJPWmqgVQq8AU4V6K7nM3dijiiiimAtKKbnJp4BbgDJpbuyBCU9EZqiuLq0sIj
JeSquBnGa4TX/iSqmS30sHcONwFbRw86jsiJVEjuNQ1Sy0eJpbiVcgZ27hXnWufEGXVpPsNquLaT
5WPtXFXU9xfyma7k8wtzUlpxNGoGBnpXoLBRpU23roc/tW5I9a8IAmJCe9eo2H+rX6V5d4R/1Ir1
Gw/1a/SvKOs//9X36sbxH/yBLz/rk38q2e1Y3iT/AJAl5/1yb+VKXwmlL418j5dY/vpf+ujfzNKK
Rv8AXS/9dG/maUV5ktz9Dj8KFpwpuaXGaRQoNOGM00Ypw9aYJDoUM1zBEB8zPjFfQuhWf2DQLW15
LBc/WvE/B1gNQ8UW8bDKKpYnHTpXpPjLxvBoMAs7LD3ITAweldNJpJs+fzRSxE40Yov+KPFth4dt
nDtvuT91Ae9eL6pq17rV01xeN8x5VM5AFQXd3d6hdSXF1KXkc52k8AVCPbn3rOpUbZ3YLLo0Iq+4
AkUdeKM0ViektA6U0gMMEAj0p1JmjzE11N/wx4tuvDk4VyZLPPKliNufT1r2XTdTtNbsUurSQOrA
HA61894yPX2NaWieIb/w7dJLaSM0e4F4yeMVvSqu9mePmOVxrR54bnovxP0w3GgNcqMmNlyB9a8d
AyimveG1ax8XeGLgQ481oyWX3FeGND5EskLcGM45orWbuiMslJQdKW6KzrULLVx1+UVCy1gmd06d
isRikDVI61CRitEczTTJQakVsVXU1KpoZUZ2ZYV+elO6+1Qg09TUs6FK5ID2qaM4qsTzT1apNk7M
uK1Sg1TVqmV800zeMixmnA5qIGng1Vy73JKDTc04E9RzTG3ZXDAyB+dKivJKIo0LSH+EU6CCS5uV
gtgWlfsBmvYPBfgW30q3F9fKJbo4I3DpV04Ns87HY6GFh72rPKJPDuvzLiLTpAp/iNRJ4E8QvybQ
59xX0sG28DC+wFLvY+/5V61Cu6KtBHxOKxE8VJub0PmaTwB4gI5sz+VUn+HOvFuLNvyr6nDnH3j+
VAc9/wClayxtSXxHKqNtj5YHw413vaP+VPX4b65n/j2b8q+pdx/zimnd3/pS+uSD2R8wj4Z683SL
b9Vq5D8Mte/6Zj6g19IMSRwTUJDVX12ViuQ8Jt/htrSAbmi/I1sWvgbVIcFmj/WvWH3Zxk1VfJzk
/nWbxcpAonF23h67gxuaP861YrKWMfNitaQc9qrvjtWMpuRRXCEdaU089aaazAaaaetONJigBtBN
OxSEUANpVIB5HHekoHWmm2Jo5/W9KdGFxBkgnlas6VpcbwLcTZ9lNaxAbh+R6UfKBgDCjsK5fq8F
U53G7Ned2sJ5iqQNwQDpQ3XOciqeo2T3QUxMR9Kt28RWAKxOR3Nb8zk/eRDuwzz60uCO1U77VINP
Ug4Z/bmsddfuWlDAfKTioniIU37/AFGqbkro6PqxHQ1zmsH/AEsqRweDXRxHzoQ5wCRVSTTUebzZ
BnJzzWGOoTrUlGBVKahK7ObtNJ+Zmih5bua3LXSEUBpSSR2rSQJGNqKAKU89azo5dCKUqnvNFyra
+4ACoMIoApM560UV6G2iMW3cDzSUtJTv0EFFFFKwBRRRQAUUUUAGcUtIaBQAuDTlQtSKAxPOAKyL
zUbiVngsxlhwTUzmo/LoOxZ1HVIrJSqfO/Qis3RUhubtpr18n+EHtUGnxT/a2hvE3M3c1Hf2kthK
wJIDfdI7V51atVT9ra8eqNoKL0Lw1WK21ZopYgYyflYVsTapbW6xCQlklAAB7ZrC0iGxmjcXvLqc
hs1l+XJqevvFAWMMLjbzxWlOtJUrx2ewnC7s9DW1bTN1zGLRCFc/Nit20tlsbZYl5zyc+tPi/dxB
XALDvTs55rqhSUZcy3Mm29x1FFFbPzFfoLn0HNLyfujJpUjZueg9ax9b8U6foQKswaXHQHqacYSn
8IpNR3NkhYkMkzBFAyTXJa74/sdPieKyxNN05OK4bW/GGp63Kyo5ht/Y1giMZDElj3Jr0qGBS1kc
8qumhf1LWr7WJN08jBc/dB4qmqqv3QB60vGTz9KK74wUFZHO23uFS22ftUeT3qMdKmth/pKfWpqr
93L0Y4fEj1jwj/qRXqNh/q1+leXeEf8AUivUbD/Vr9K+eZ6B/9b36sbxF/yBrz/ri38q2axvEf8A
yBbz/rk38qUvhNKXxr5Hy6/+tm/66N/M0opH/wBfMP8Apo38zQDXmS3P0OPwoeKKTNLSKFozgg0m
acB39KAvqX9K1eXSFme34nk43DtVCWR7idriZzJM3VjSjvzzSEmq5iFTipcyQnJHNFAoqXqXs7oK
KBS0WASjrS0YoDyENIPalxSYp2ElZljTNSudKulntJmjHR0HQ1Dfzi8u5LnbtLnJHvTexGeDTT1o
v3M1RgryW7IzzUTCp257VG1SJxsis61CyirjDioXTjNUmc04FXGDTg1Ky0zFXuczVmTK1SK1Vgea
lVhSaZrCRYBBpeKiBqQHNQ0bp3HhqlR8VXxilDUjWMi8r08HNVUfPFTI+c8U0zaMtSdWxz1NTW0E
95cpBZxtJMxAAHbNR2Vrc6ndfZbOIs7YGccCvbvB3g2Hw9axS3OJLwqCxxwK6KcGzgx+YRwyeuo7
wZ4Kg0OBbm6jElyw3ZP8Ndfnd1prMGOSaXOfauyMUkfG1q8q03KbFIxSDilzSHmnr3MEkKDml4pt
Ao17gSA0daSloCyCo2xUlNNAFeRaqyLxV2SqsnNAFCVeKrMtXZFzVVhQBARTCOakNMNADTSUppMU
AB6UnalpKAENNxT8cUlA0NIpMUpo7UXZPUq3txJaxeZGpYjsKxJdXudWY2tsTGw6+tdKDt7ZqqNN
t4Z2vIlxJ1OKyq03KV0zRNHP28P9lM41BGlkf7rNUdnF9q1FSFG3d90VZ1bVDdy+RcREBfutir3h
6zCRm5P3R3FedKKqYnkeqjqbxfLBjfEZe2SOSKby9uPl9aXTNZa6xHMCTisvUmbVrxmz+5Qnke1T
aMo+1eZkBF9a1qV5qulF6MmEE6bbOkMfPAx3pCpHJzzXPavr7TXywWoIUcFhT7LWbpmEbwswHUiu
n6zS53Bb+hkqbUbm70GMUcVUTWLR+GO1vQ1OlzbS/cmXPpW0ZRls0S4tElFO25AIINIVIOMjNUJ6
K4lFKVYDn9KNp4zjmgBtFOK8ZyBUbyJApaRgo96Olx21sOpRyMLVN9XskYDzQc1Lc3Cw2QnXoVzx
U88dddg5Xa5Y2/LjIzSZzx3FctZ6vMbvzHOUJ6Z6V1CukyCWM/KetZ0a8K2sGOUHFczKOum4j0sy
Wv3s81B4WnSWx5AE+TuzWttEqNG3Q1zDzf2PeOE6Mc1hiZ+ymqj6l01dHUACRtu1d474qrK1vqW6
2YZZB1qk3iSAWwK/6w8VPpUOInuHGC9brEU6itFXRMoNO7MBbOS6v3tIwVVTgsK6iysYdPtxHGg8
3u/rUsaRxfMigM3JNP6nmpo4WnSTdtWEqkqi5XsA560vsPzpO/8AhSsUiTfNIsaDnJrp1bsjNu24
9FZuAu6or6+tNLhMt1NGMDO0nmuS8Q+P7WyLW1gpklA+8p4rze9v73Vp2mvJWKt23HArso4OU9ZG
U6yWx1viHx/c3ga204uiA43rXGOstxKZrmV5X9XPSlQBB8oxjvS9TzzXqU6UaatE5JNz+IBgcClx
S4orQQmKXFFGadgFFS23/Hyn1qHNS23/AB8p9azq/wAOXoyofEj1nwj/AKkV6jYf6tfpXl3hH/Ui
vUbD/Vr9K+dluegf/9f37tWN4j/5At5/1yb+VbPasbxH/wAgS8/65N/KlLY0pfGvkfLj/wDHxL/1
0b+ZpRSv/rpf99v5mkrzJbn6HH4ULTqaOtOpFAKXPFIetKOlAAKDS0UAIKU9KQ0UAAoNLRTASlop
O9ABRRRQAlBFLRSAZTCOakIphWkSyMjmo3FTkcUwrQZSiVWWoStW2WomWrjI5qlMr9DShvalZaZz
V7nNrcmVqkBqsCakVzUtGsaliyGpxXjNQ7h1p5faw+Vmc9FAJz+VRdtnRzxtdiqwHOa1NG0u71y8
EFqDt7sOgrX8PeBrvVnSe7V4rfhsYAzXqWm6XZ6LbiGyhCpjlyOa3hSb1Z5mMzRUY8tPVkvhPwxZ
eHbRcAPdN95jziunV+/XnvWNFMQetXo5c967IxUUfN1qsqj5m9zQD5FPBqsj8dalBJ71RiTilqNW
9akDCgAo6Uck0p560AANLmm0oNADhSGjNBNAEclV3FWWFQOtAFKQdaqsOauyLzVd0oAqFeaYw5qw
VNMKUAQEUhFSlaQigCHFBFSYppWgBlN70/bzSEc0AMNHanFRSYoAaM54oOMZ59xTsUhoAq3mn21+
mxxtIHBFYU41LSrZ7eHLQnqcV0vU+4p3B4dQ2eMGsalLmuo7lKWhzUflQaGzD/WMpJPvVSytLm7Y
vGdsK9SK6efT4LlPK27UHPFZeoRXVpb+RZofJI5K9TXJVw6v7V9FsaRn7tjInSP7R5UQyxPWuq02
1is7JRIvzlcls1zukxpLdgPwy9jXTXjBLJ8MMhelPA02oyry3HVldKKORnAlv8xnALY6Vr3GjQw2
yuk58484rJtreXULgomQ3XirNnbXbasIZ2bKDgt0rloNNTk18TLqWSIre41EO6bzhangv765mEUf
LVtarDHBbN5agNj5mFc7Y3T2dwJlGcVtXnKhUpwUvdFGKlFlxtWvNMusXo/dDrUt5eXMkQu7Zv8A
R36e1Z15LNr1z5W0YJ5rYnshp2jJbg5wxOPrVqo5wqWei2FKKTRR0+5ubmUyzP8Auk7VI1x/bd6s
UbERA8471DpA3I8eeC3SoLBvsGo4Q/KW6elYxxDcKab+LcbguZmpfeH4HiPkPh174pPKng0NoJud
pI5+lbW0kBl5XqaytUvIpbd7ZPvg8tn2r0Z0owvNmMNVYxDb26adHLG3zlRuFWtI1JrdhE4yjetW
ND02yktg0rbzjkZrOvYpI9QaC3jO0/dOM151SM4uNWlsbRafuyOtU5w8Z+Wql1pVrdyb3zmqOk2V
9A++4lJj9K2CcsSOnavU1qRvKO5hblM6PQrNDnrWgoCqEX7q9qM0q7j0XNONONNcqC7D3H5U5EL8
5wKiu7y002EzXTqvGeTXnniD4hXE5a200qidN4FdFKhOZlKoonZ6v4m0/Q4myRJLjgZrzLWvF+pa
25iVzDB6AdaxJDLcOJLmZpH/ANo5p34V6tHCQhucsqjY0IN25s7vUHrTyPX9KSlFdJle4oHHNLig
UUAFFHeimAUU6imAgFS24/0hPrTKkt/+PhPrWdX+HL0Y4fEj1fwj/qRXqNh/ql+leXeEf9SK9SsP
9Sv0r52W56J//9D37tWN4j/5At5/1yb+VbPasbxH/wAgW8/65N/KlLY0pfGvkfLrn97N/wBdG/ma
BQ3+tm/66N/M0CvNe5+hx+FC96cabTl96RQUvSl4pKADNOpKSgBcUYpKKAFooooAKTFLRQAYoxRR
QAlFHeilYANNp1J3p2AaRUZqU0wipZDIyM1E64qcimEZJoWhlKNyqwNRsBVl1x2qF1281opdDlqR
t6EBGOS34U6EPI+2ON3b0UE/yrX0rwxqGsSKyr5dueSzdSPau/0zw/ZaTGBEm58YLGtoU2zy6+Lh
T2dzkdH8F6lqGHuFWCIjhg2T+Veg6J4U0zScOER5e745JqWOUrgKcD2GKuQzc4wPqa2jTSPKrZhU
nombMcgKjAAHQU8/N15+tUI5OetW45OK1RxuTbux5UjpUscpXqaaCCKayd6CTQin461bSTPesRHK
nrVqKc55oA1lbmpAeapRy5PWrCvzQBZU08Y9ahBp4amBJmjFNzTqADOKQtQRmmkUAKTTGGacaTtQ
BVdeahdDVxlzUTJQBSZKjKVcZPaoilAFUx01lqyyGoipoArkU0ipyvPSmMtAEPamkVKVppFAERFG
KeRRjigCPFJinEUlADSoOKD9KdSYpp2AbznPSgMQT6GnU0jmktHcFoQCztlm84J8/tVPUtMuLuTz
IpML3WtPBHelACjIJFRKnFppLcd9bnM29te6bdCVYiw9qj1K/u7qUJBC6yk9a6re+MA/nTfLj3bt
vz+uKwWHlTXLTdkW5X3MWaZ7XRlhu3zOwqjpYikLQy4DEcV0U9lBcyB5Blh0zUP9k2olEmMMOeKV
TDydZS3SHGdjnY2bTdSyRjB7dMV0F9e2s+n+YHBbHIp8+mw3PzNgHpzUCaJbLxk49KmjQnS5qa+G
XTsDmmYum3sVtdb3U7HPFSX2kXMU/wBogy6PyMdq3RpVmBhlBA6VZT5E2AkgUoYH3OSbu+gSre9o
c7CdUMDIof5hjmnvoU8lqoQ/vScsTXQbiv3aC5BJGc1vDDuPxu7Ic+xmWOjLYFWLZYDkZ4rRBVW3
BBu9QKTjHJOTRypwBmtYwjSjyrYTve7FLE8Dn6U0ZLY209EZzjOwetZWq+KNM0ZWVn8ycDoDmtIw
k3aKJbS3NVlSGPfNIEHvXJ+IPHtlpqmCz/eSnjIri9a8X3+tSMseYo88A8VhLGF5wCT1Jr0aGBS1
kc8q3YtahqV9q8xluZXKfwqTwBVcALgKAPpRyMDNL0r0EklaOhhJuQUUUUyRcUuKBRimAoooooAX
HNBHNL3oPWgAxS4oopiCpLf/AI+E+tR1Jb/8fCfWoq/w5ejLh8SPVvCH+pFepWH+qX6V5b4Q/wBS
K9SsP9Wv0r517noH/9H36sbxH/yBLz/rk38q2axvEf8AyBLz/rk38qUtjSl8a+R8vP8A66X/AH2/
maShz++m/wCujfzNArzXuz9Ej8KCnZpMUAUDHDpSikFLQAtFFLigBKKXFJigBKKKKAHUhFLSUAAo
pcUUAJik70uaDQAYpCKB1pTRYBuKbTjSVJLQ0imMMkDqPT0qRuOpwPU961tB8M6h4huQkFuyQHrM
TxiiMW9DKtUjTjdsxIoJLmYQW8W+Q9AvJru/D3w8RQl5q5O/qsfau60Lwjpvh6ACKFJLjvKwya05
l3HJ5+vauynRstT5jGZm5NwhsYZtYoIwkKLGgGAAO1UZY/Qcetb8sII6CqE8PHTjNb2tseK3cx2y
pqSOTpzUk0eO1ViCpoEjSjl6c1eikyetYccvPWr0M3PWmPc145OasK2azIpatpJwDQIsMgNNB2nr
TlcMOacQpoAfFNg9auRzgms/GOlKkhU0AbMcme9TBqyY5wD1q4kwI60AXgwp4aqquD3qVW96YExN
ITTd1GaAA0lLmmkgUAL2phFO3UnNAEbLUZSrGPWmkUAVWSoilW2WoytAFUpUTLzVsrUbJQBVZaj2
1ZdeajK0AQlaaV4qYrTCOaAI8cU0rUpHFNIoAiNJUmKTFADMUlPIpCKaAbQRxTqQ0kAyl5paWn1u
BGc0uKdikqY3S8wGmk5p9JVa2DQaaTGKcelAxjn+VK19eoXuxvNHSngM33VJ96Zcy29knmXUyRqO
xPNHK36g9NWORWdgAmfU+lVb7ULLSYWku5BuHQZrkNf+ICRCS30/BPTcOa4C5vL3UHMl1PI2e2eK
7aODlL4jCdZbI6zxB4/urwtBYgLH/fBrjX8y5kM1xI0jnvmgKF4UACnAkdOK9OnSjT+E55TkwAVR
8v60UHmkrQiwuKMUClp+gBRS4pKAHClpBSigAxRilooAUCjFLS0CExRilopgJipIB+/T60ypIP8A
Xp9air/Dl6MuHxI9U8If6kV6lYf6tfpXlvhD/UivUrD/AFa/SvnXuegf/9L37tWN4j/5Al5/1yb+
VbPasbxH/wAgS8/65N/KlLY0pfGvkfLkn+um/wCujfzNAok/103/AF0b+ZoFea92fokPhQ8UCkFO
FBQop1NBpwoAKKKKACiiigApD1oooEKKWm0oNABRRRQAlLR2ooGJRS0hYhNzGjyFpuxMc4pY0klf
ZBGZJDxtUVo6Nod7rtyIrWJiucFiPu1674c8C2OhRJJPtnuSOpHStIUXI8zF5nCgnbc4/wALfDie
5Md9qjGOMciBsZr0+3toLOFYbZBHEoxhR1qy2QRjCoOgFMPTIrrhTSR8risXUxEua5C6854x2AqB
1FWiKidc9qu1jju3uUnTIqpJFxWmycVWePJoAx5oeelUJ4iO1bssXNUZoM5pAYpXaakSTaetTTQ4
JqoylTQM0Yp6vxS8c1hJIQavQz+poA2UkGKnVs96zY5RirKScdaYi6KQrUcb8VMCMUARg7TU6T46
0wqCKiKkGgDSjnBq0so9KxUkK1bjnyeaANUSA9KN1UllHrU4bI60ATbqN1Rb80bsUAShhTg1V99S
BuKYE+aTFM3dKcDkUAIRTGX2qSjGRQBWZaYyVZKUxloAqMlRlatlaYy0AVCtNK1ZZKiZaAICtMIF
T7eeaayj0oAhxTSKm200rzQBERSEVKVxTSOKAIsUFaeRxSYoAZikp5WkxQAlJinYpMY60wtcbScU
pBOMDNPdFjj8yd1RfQmiMXJhexHgsMAUPstoy08qxKBzuNc1rXj2x0tmitk89gMcdjXnWp+KtU1l
2zI0cZP3c11UsJUqPTRGU6y6Hea94/sLBTDYFpJP7wGRXnmqazqGtyk3MmE9AxqgIx1LFn75pw4r
06eGhT9TmlUbGpEidMCnZ65yaQ0Vve2xmKcUUlKKQwpaSloAKKKKBC0ooxRTAXHFApe1AoAUUtJS
gUCDvS0YooAKKXtQBTABUkP+uT60zFPhH75PrUVf4cvRlw+JHqfhD/UivUrD/Vr9K8t8If6kV6lY
f6tfpXzr3PQP/9P37tWN4j/5Al7/ANcm/lWzWN4j/wCQJe/9cm/lSlsaUvjXyPlx/wDXS/8AXRv5
mih/9dL/AL7fzNJXmvdn6HH4UOpwptOFBaAU+m0oNMBaKKKAFopKWkAUlLQaBCUZoxS4oABQaAOa
O9ABR7AZJ6UhIAyauabpd9rNx5FjA7kHlhwBTinJkTqRgryZT3gEKAWfptFdr4a+Htzq0sdxqAaO
Achema6/wv8AD6z0mJLi+US3J5wwzzXa7iVCgKirwFArphSW7Pncbm93yUypp+mWWk26w2UQRQMZ
7n8as8+35UoFBzXRtsfOznKcuaTuIRnrSECloIpkkZFMIqTFNIoeoEJXNQMmDVvtUbjNKwFCRM1U
lj68VqMoqtJH7UWAxZoc84qjNFkdK3pIvaqMsPtQBisu005ZCtWpYcdqqOmDQBdhmJHWrsUmR1rG
RiOlW4psDrSGbMb+hqwrjOKyopT2NW45AT1piNANnrTuvWqqyHPFTK/FADnQdqaCVqQHPWkK5pgC
zY6mrMc/HWqbJTQStIDUWbNO35qhHJipxJmgCzupweqwf3pwfnrTAuBuKkVuKph6mRuOtAFgHNPF
Qq2akU0AKaQqMU/rS4FAEBWmFanK0m2gCqyVGyVbZajKe1AFQpTGSrZSo2WgCrspClWClMK0AVyl
NK1OUprLigCErxTCtTkYFMIxjPejQEiLFJtOanEbHtxUF1cWdipe5mVR6E00nJ2QNpCEc4HNLIiQ
oZJmUIOeTiuP1j4kWNmGgsSkkg9K8/1TxHqurOwklkjjY5wrY4rrp4Kc99DGVdI9F1jx9YaarJbE
SS9MYzivPNV8V6vrLsDL5cXbAxWSIgPvHcf7x60pHGM5HtXpU8NTgtUc86rZGsfzbmJLdznrUmBk
EdRSCjpW5mB65pKU0lABRiiigBKUUtFACUtJS0AFLSClFAC0UUYoAdQKBSgUAKKWiigQd6dik4zS
0AFKBSYpRTQAafD/AK5frTDT4f8AXL9air/Dl6MqHxI9S8If6kV6lYf6tfpXlvhD/UivUrD/AFa/
SvnXueif/9T36sbxH/yBLz/rk38q2axvEX/IFvP+uTfypS2NKXxr5Hy7J/rpv+ujfzNNFK5/ezf9
dG/maQV5r3Z+hx+FDhThTBThQWh1FJSimA4HNFIOKUUAFA60tFAC0hozRQgCgGij8KQn3F600svR
QSfakdhGMsQAat6J4j0zSrkzXelpdshyu5iBXVRwlSr8KODF5hSw8Xd3fkdJ4a8A6jrUqT3Gbe16
4P8AEK9c0nRLHQ7cR2cK5xyxHNeZR/G+OKMRRaNEqDoBKf8ACnH44D/oERf9/m/wrvhgKkeh8jis
znWlo9D1sc9Dn1ox7V5J/wALwH/QIi/7+n/Cl/4XgP8AoExf9/j/AIVp9UqrocPtEtj1raaQg4ry
X/hd4/6BMX/f4/4Uf8LvH/QJi/7/AB/wo+qVOwudPc9Z59KXnHSvJf8AheC/9AiL/v8AN/hR/wAL
wGf+QRF/3+b/AApfVKvYOdHrBHtTSPavKD8bx/0CIv8Av83+FI3xvGONJi/7/H/Cn9Uqdg50erke
1RsPavKv+F3jH/IJi/7/AB/wpp+Nw/6BEX/f5v8ACj6pUDnR6myH0qGSM+leXn43j/oERf8Af5v8
Kjb43A/8wiL/AL/N/hT+p1A50elyRnPSqskRJ6V50fjWrH/kERf9/m/wqJ/jMp/5hMX/AH+b/Ck8
JUHzI7yeEZ6VSkg64FcS/wAYQ3/MKi/7/H/Cq8nxcBH/ACC4x9JSf6VDwtRDudqUK9qQEgdK4Nvi
oG/5hqf9/D/hULfFL/qHJ/38P+FQ6EkO56VFKeKvRy15OPimR005P+/h/wAKlT4s7f8AmHJ/38P+
FJUpCuevRyGp0evI0+MGP+YZF/39P+FSr8ZMdNLiP/bY/wCFafV5hc9dDnFSK5NeRr8ZxjnSov8A
v8f8Kevxpx/zCov+/wAf8Kaw0w5j1vGe1MZDnpXlg+NY/wCgTF/3+P8AhU8fxkD/APMKi/7/AB/w
p/VKguZHpfI7U5WNeeQ/FaOU4OmoP+2h/wAK0rfx/FOf+PBB9HNQ6E0HMjtQxpwbmsC28SxXAH7g
Ln/aNacV6ko4TBrNxaHc0Q/FSq/FVFkBFSq3pUjLiPUqNk1SR6mRznrQBcU+9PBqur1KpNAEuKNt
C07mgdiNlphSp8ZpNtAisyVGyVaK5pjJQBUKUxkq0y4pPIZjhVJo9QKZXFNKn169qs3BtbSNpLmc
IAOnFcpq3j/SdNQrCEnccA7ua0jTnLZEynFHQfZyDlyFHqTWbfa5pGmBzcThivQA15lq/wAQdV1B
mWDEMZ6cZrlZnnvHaW5lZyfeu6llzavMwliFsjvda+J4ZWgsIT1wGxXD3+qajqb5nlbb1wDVdUVR
wKCOe9ehTw9OGxzupJkQjXPT5vU0vNOpOa1bYt9xpzRzS80tTa+4aDcUhFLRTsAmKTFOpKLAJijF
OpDQAlFLSUAFFFLQAlKKKBQA4UGiigBwpRSU4DihAFFHelApiExzTqXFFAhe1JS0UAJT4f8AWr9a
YafD/rl+tZ1f4cvRlw+JHqXhD/UivUrD/Vr9K8t8If6kV6lYf6tfpXzr3PRP/9X36sbxF/yBbz/r
k38q2e1Y3iP/AJAt5/1yb+VKXwmlL418j5bc/vZv+ujfzNIKH/1s3/XRv5mgV5vU/Q4/Ch1KKbTs
0FodR0pAaKYC0tAoPWgBc0ZpKKAFpQe1JQSFXLEBapRlOVkKc4xjzSHjnpUE90kQwD81VLi+DApF
wPWqWdxyxJr2MJlnN70z5vMc7jCPLR3JZp2nb58gelR5HakGKWvfhSjTVoo+Sq1p1XzSYvSjrR2o
rW3mZWQoozSUtFkAhooopadguxc0mee1HajtRp2C7EJzSUd6WjQLsYc5o604im9KHYd2NNMK1KR3
puKnQaZDtppGKmK801losi1IhIFMI9qm200rWUoplXID+NMI9zUxWmFawnTRSZEfYmgHHXNOxSEV
zuNnoMUH3pc4700UppxlqA8GnZqIGnhq2UxEqtjtVqFulUlarMUoHFaqQmbNu3Tk10mnbcrxn61y
1pIvHNdNp/JXPNZVLNAjsNN6jG0CumtDgDnNcvp2QB8tdLan5RxXm1VqWjXj5AqZSRVeM8DipwTX
M9yiZWqVWqsCakDUgLQbkVMj1TVuRUysc0AXVfmpd1VUDt0X8anClRlpEX6mh+QaEo/D86cOaqS6
np9opae7hBHuKxL/AOIOiWKnbMXcf3VyK0jSqy2VyXUgtzphHv46U0mGBS00qAD1YV5XqXxTuJ9y
2ETAdiUxXI32v6rqTMZp2RT2BrspYCpPfQxliUvhPY9U8YaPpQJaVHYehrhda+KFxIWWwG0HoRXA
+QrndIxc+rGl2ADAC13U8vpw+LU5pYiUiW91nVtUYm4vZdp6rms8WyA5bLH1POatkHtTCK61GMF7
qMm2QleO1MIP4VMVppWj1GQ4ppHNS7aYV5pDIyKTFSFaaRQMYRRTiKTFKwDaKXFGKAEpKdim0DCk
paMUgG0GlxQRQA2loxRigAooxTgKAClFB60tAheKUdKbTh0pgLSigU7FACUopKUUCCiiigAp8X+t
X61GTT4T++X61nV/hy9GXD4kepeEP9SK9SsP9Wv0ry3wh/qRXqVh/q1+lfOvc9E//9b36sbxH/yB
b3/ri38q2axvEY/4kl7/ANcW/lSl8JpS+NfI+WZD++m/66N/M0tNk/103/XRv5mjNeb1P0OPwodm
lFNFOFFyh1GabmlBoHceKM0lJmmNasdk4zjNGc9ODTc4HJwKpXF9yUj/ADrpoYadV6I48XjqWHW5
cluI4l5b5vSs2a5eY88L6VAzF+W5NJmvosJl8aa94+Nx+cVK+idkOzR0ptFeiklseK97jqO9IKXP
NMQ8GkzTeaBmpAeDzR3po4NLmqQDuKTikozTuA6jtTaXtSASlFJSigAIpuKcRSYNACHpTTTyKaQa
ChpHFRnOKl7c00jigaZEw44ppqbHFRstSUmRkVGRU2KYVNZyiWmQ4ppFSlTTSKwlAZHikpxpKwlG
wCUtJS5oTGOU1IKiFPU1rGQmWY3kQ8HNa1nrFzbEfKCPrWKhGaspg+5rRWe5Db6HdaV40jjIE0dd
jp3jXS2AEmRXjyYI6YqdUBHVh+NRLCxmT7Ro95h8VaO4GJgPqauL4g0sjP2hfzrwABlxtdvzpczn
/lu4rL+zk+ofWGe/HxDpa8m4XH1pp8W6LH1mB+hrwT99jBmc/jSbG7yP+dL+zo9WH1hnuM3j7RYv
unJHvWbc/FKyh/1MLE15CIhkElj+NPCqD3/OtI4GityHWkei3Xxau2G23t8D1JrFuvHOu3mSrKin
r81cuPXA/GpUYdcc1vHDU1skZucn1Lst9f3bFp7hzn0NNRB1LsfZqgV/8ipUfPOPzNdKSitDJ3ZY
AUDAFLUatzT8g0XAWlPNJmloWmwhpFMOalNNIpWAixTCKmIppFD13C5CRUZFTkUwrU2KIjmmkVKR
TWFMCMjikxT8UlADMUlPIpuKRQnNJgU6m0gDFIaWkINACGkpxFJigBKWjFFABigUUAUgFpRSUvSg
BcU4dKQDilHSmAopc0gpaAFooopCCiiimAhp8P8Arl+tMp8J/fL9azq/w5ejLh8SPUvCH+pFepWH
+rX6V5b4Q/1Ir1Kw/wBWv0r517non//X9+7Vj+I/+QJe/wDXJv5VsGsbxF/yBL3/AK4t/KlLY0pf
GvkfLEh/fTf9dG/maQUkh/fS/wDXRv5mlFeW3qfocPhQtKDTTRmjUofSg00txz1o3ADJ4FVu7LUU
moq7Hio5p44V+ZsmqtzqCxjCDJrMeRpTliTXq4XL3P3pHg4/OIU1yU9y1NdtOcLlRUH48imZ7UuR
nivoadGNNWifH1sTUrSvJkgajrTMijNa3Od67kgxmlzzUeacDRoA7NGaTPNLkUwFzS5ppNGeKAHZ
oBpuaKdwH5opopSeKLiHA0ppgNOzQAvagUlGaAHE0g60lFAxTTTS0UANPSkA4p1IaLhcbimEVLim
kUikyIrimEVMRTSo9KC0yAimkVKRTCKmSKuRFaaRUpFNIrCUSkyIikp5FIRWLiMbmnqaZinCo2Al
Q81ajPNVV61Yj61rBkMuRmrSH5aqR9atJW8WYybJxyKdTF6U7NWZi5pRTRS00A4daXvTQeaXNO4h
3anA1HmnA8UXYiVWqVGqsDUitTTFYtBuakVqrBualVhTETg5pwNRBqeGpkj6TFANLQgGkcU0ipDT
SKYEZWmkVLimMKkdyLHNNYVKRUZFAXGFeKaVNSc000gIiDSAU85pvNIq4hFJilNFAJiGkpTSUhiG
kpTTaAFopKKAFooFLSABSmkpaAHDoKXFIKUdKYC0UCloEFFFFIAoopKYAadD/rl+tNp0P+uX61nV
/hy9GXD4kep+EP8AUivUrD/Vr9K8t8If6kV6lYf6tfpXzr3PRP/Q9+NY3iP/AJAt7/1wb+VbJrG8
R/8AIEvf+uDfypS+E0pfGvkfKsn+uk/66N/M0A0kn+uk/wCujfzNJmvMaWp+gwdopDs5NLznimjO
DzgVUudQSDhDlqujSqVNjCviadD4i5JMkKlnPPpWTcag8uQvC1Vkme4bc7celMyOwr6HCYCNON2f
KY/OKlR8tPYlVvXk0bjUYNOBr1Fax4bTbbvuPzzS96ZmlzTepFrD80vNMDUuaLhYdzS5pmaXNFxD
weKcDxUeeKUNxVJgSA0vaow1Lup3EPHFLmmg0E0CHUUgPFGaYCinZpgNLmmA4GlzTAaXNAD80U3N
ANADqM0maKBhQaDSZoAU9KbS5ooAaRTTTz0ppFIpMjNMIqU004oKuQkUw1MVqNlrNopMZjNMIp+C
DQeazlEq5HinAUYxTsVlKIXFUc1ZjqsvWrKURJZajq0hqsnSrCVvEykTA0uaaKdVmYop1NBpaAFz
RSUtMQtKKSimIcM04HBpoozzQMlDc1IrVADUitTuS0WA1SBqrhqkVqYrFhWp+RUCtTw1NCaJaQ0g
OaWmIKY1SYpuKQEeKaRUhwKQjikBCRTDUxWmFaBkRpuKl203GDSGRHrSVI2N1NIpDQw0mKcaSgBK
TFLRSGJiilpKACiiigApcUnenUgFxSjpQKB0pgKKWkHSloEGKKWkNABSYpaKAEp0I/fL9abT4f8A
Wr9azq/w5ejLh8SPUvCH+pFepWH+rX6V5b4Q/wBSK9SsP9Wv0r517non/9H36sXxGcaJef8AXFv5
VtCsXxIM6Jef9cW/lSltYuj/ABItnynIT9ol448xv5mmNIsQLOce1Q3l6kM0i9T5jdPqax5rl52+
Y8Vnh8FKcm2fUYrNKdGCjB6lu61F5MrFwPaqIznJOSaaMA8dKXoa92jRVNWsfLYjGVK8vfH0uaZm
jNdFzkH5pQaZmjNFwsS7qXdxUQJpd1WmFiQGlzUYalBzRcVh+aUGmZpQaLg0PBp2ajpQadxWH5pQ
ajzS5pk2JM04Gos0op3CxLmlzUW6nCqTFYdS5puaAadxWH0ZpuaWi4WHZoBptFFwsPzSg0zNBOad
wHmjim9qM0XAXNGaSkpXAdmkNJRQMSmkU48U3rQNMawNJjinHmkNSykyJhTCDUtIRnpUspMhxS80
7bRioaKuKgqxGOahUYqePrU2FJ6FmPrVlKrx1ZSqSMZDxS0gpasgWlFJRmmAtLTc07NABThTRS0x
Ds0o60ylBxQA/vS5waYDzS0wJVY1IGNQBsU9Wpkssq3FPDGoA9PDU0S0WFapAarq1SK1MViSikDU
tACED0ppp5ppGaAGkcVGRUuMU0jNICEimkVMVphFKwyIrTcYqUimOuelDAYRTcU/FIRSGMNJTiKT
FBQlJS0mKTAKKKKQC0o60lAoAfQOlJmlHSmAo6UtIKWgQtFFFABSGlxSGgBKfD/rV+tMp8P+uX61
nW/hy9GXD4kep+Ef9SK9RsP9Wv0ry7wj/qRXqNh/q1+lfOM9E//S9971i+KOPD9//wBcH/lW3WH4
p/5F7UP+uDfyqoq8gZ8ZTljdzknP71v5mo6fP/x8z/8AXVv5mo69iCSirGUnzO7HAUGkH1oq7i33
FzRmgUGgQoNLTaM079wHZpc0zNO7U+ZALmlB4plKDTuhD80Bqbmlp3QDwaXNRZpQafMhEuaM0wGl
zVcyFYfupwPFR0uaLoVh+aUNTAaXPFCkgsSZpQeKjBpc1V0IkzShqjBpc0XQEmaM0wGlzTuhDs0A
03NKDRdCsOzRmmk0Zp3XcLD80hNNzS5ouu4WFzRmkpDRdAKTSCg0UXQwNMIpwpKTsAwUuOKDQanQ
q43FLiigUnYYqjmp0FRqKlQUtBMsxjipkqJOlTKKd0ZyY8U6milp3RItIaWii6AQdadkUlJ3p3QD
80A0lKKLoBaKM0CndCAdadmkop3QDs8U4Go6dRdASq1SK1QA08NTTQrFhWqRWquGp4andCLAapN3
FVw1SA0XRJJmimg04UXQhDSYp3ekNF0AwimEVIRSFad0MiIppFSEUwipbQIjNNNSMKYRSuhjDSU4
im4ouhjTRSkUEUroYhpKKKNO4C0UgpaV0A4Uo6Ugpw6UXQAKdTRS07oBaM0UUXQBmkNLSGi6AO1O
h/1y/WmU+H/XL9ayrNezl6MqHxI9T8I/6kV6jYf6tfpXlvhD/UivUrD/AFa/SvnT0T//0/fqxfFC
58PX4z1hbHHtW1Va7QSxFGGQeoxxinF2Yz4huIJhdT5hl/1rf8sz6n2qHY/dHH1Q19Yav4X0+RmK
2UIDc5CCuNvPBsDM223Qf8BrsjirKxm4ngIVv7rf98ml2t/df/vk17d/whEX/PNfyo/4QmL/AJ5j
8qf1tByHiO1v7rf98mjDf3H/AO+TXt3/AAhMX/PMflR/whMX/PMflVfXEHIeI4b+4/8A3yaMN/cf
/vk17d/whMX/ADzH5Uf8ITF/zzH5UfXUuguQ8Sw39x/++TS4OPuP/wB8mva/+EIi/wCeY/Kj/hCI
/wDnmPyo+u+Qch4nhv7j/wDfJow391/++TXtv/CERf8APMflSf8ACERf88x+VH17yDkPFMN/df8A
75NLg/3X/wC+TXtX/CER/wDPMflS/wDCER/88x+VP695ByHimD/df/vk0YbP3W/75Ne1/wDCER/8
8x+VH/CER/8APMflR9e8g5DxXDf3W/75NKM/3X/75Ne0/wDCEx/88x+VJ/whMf8AzzH5U/r/AJB7
M8YGc/db/vk0uD/db/vk17N/whMf/PMflS/8ISn/ADzH5U1j12D2Z4yM/wB1v++TTuf7rf8AfJr2
X/hCY/8AnmPyo/4QqPtGPyo/tBdg9meNc/3W/wC+TRg+jf8AfJr2T/hCk/55j8qP+EJj/uD8qf8A
aK7C9meOjPo3/fJpefRv++TXsP8AwhMf9wflS/8ACFR/88x+VH9orsJ0jx7B9G/75NLz6N+Rr1//
AIQqP/nn+lH/AAhUf/PP9Kf9orsHsWeQc+jfkaXB9G/I169/whUf/PP9KP8AhC4/+ef6Uf2iuwvY
nkPPo35GjB/ut+Rr17/hC4/7n6Uf8IVH/c/Sj+0V2D2J5Fz/AHW/I0vJ/hb8q9c/4QqP+5+lH/CF
R/3B+VH9orsHsTyLDf3T+VBB/un8q9d/4QqP/nmKP+EKj/55LR/aK7B7E8iIY/wn8qNrf3T+Veu/
8IVH/wA8lo/4QqP/AJ5ij+0V2D2J5Dtb0P5UbW9D+Vevf8IVH/zyWj/hCo/+eYH0FH9orsHsTyHa
f7rfkaTafQ/lXr//AAhUf9z9KX/hCY/+eS0f2iuw/Ys8f2N/dP5UBH/un8q9f/4QmP8A55LR/wAI
Un/PJaX9oLsHsmeSIjf3T+VTojdlP5V6r/whUf8AzzWl/wCELQf8sxR/aC7B7JnmSI2PumplRv7p
r0j/AIQ0f3BR/wAId/sij+0F2J9iechG9DS7G9DXov8Awh/sKP8AhDvYUf2iuwewPOtreho2n0Ne
i/8ACHe1H/CHe1H9orsHsDzrafQ0bT6GvRf+EO9qP+EOHpS/tFdg9gedbW9DQAfQ16L/AMIcPSj/
AIQ32qv7RXYPYHne1vSl2N6V6H/whvtR/wAId7Uf2iuwnQPPQrZ6Uu1vQ16D/wAId7Cj/hDz6Cl/
aPkHsDz8Rv8A3TTtj/3TXf8A/CIH0oPhA+lP+0fIPYHAeW/9004I/wDdrvP+EQNH/CH/AFo/tFdh
fV7nDBGx0pyq3pXcf8IhR/wiJHrT/tHyD6szilVs9KmAPpXX/wDCIN15oPhFsd6f9prsL6szkgD6
VIAcdK6keEn96X/hEn9TR/aa7A8Mzlgpz0pSpPauo/4RJ/U0f8Ik/wDeNH9prsL6szlttIRjtXVf
8Ik/vR/wiT+9H9prsH1ZnJFCaZtPpXYf8Ik/vR/wiTe9H9pLsH1ZnHFCe1MKH0rtP+ESb3pP+ERb
3pf2kuw/qzOJMbelMKN6V3X/AAiLe9J/wiB75o/tJdh/VmcLsb0pNjf3TXd/8Igfek/4Q8+9J5ku
wfVmcIUf+6aTy3/u13v/AAiB9KP+EQPpS/tFdg+rM4EI/wDdp2xvSu8/4RA+lH/CHn0NP+0V2D6u
zhNjelLtb0ruf+EPPvR/wh596P7QXYPqzOHCsO1GD6V3H/CIexo/4RD/AGTR/aK7B9WZxGD6UYPp
Xcf8Ih/smj/hEP8AZNH9orsH1ZnD4PpQVPpXcf8ACIf7Jo/4RD/ZNH9oLsL6szhtp9KmtYme6jXH
U12f/CIGtGx8KBHVtnI71E8epRcbblRw7TTNLwrbFIlz3r0uxGI1+lc1o+l+SqgjpXVW6bVArzTp
P//U9/pGAIpaD0oAqS2wYVUfTI2/hrTbpTTQBk/2RH/co/siP+5WuaSgDJ/siP8AuUf2RH/crWoo
Ayf7Ij/uUf2RH/crWooAyf7Ij/uUf2RH/crWooAyf7Ij/uUf2RH/AHK1qKAMn+yI/wC5R/ZKf3a1
qKAMn+yU/u0f2TH/AHa1qKAMn+yI/wC5R/ZEf9ytaigDJ/siP+5R/ZEf9ytaigDJ/siP+5R/ZEf9
2taigDJ/slP7tH9kR/3K1qKAMn+yI/7lH9kR/wBytaigDJ/smP8Au0f2TH/drWooAyf7Ij/uUf2R
H/crWooAyf7Ij/uUf2RH/crWooAyf7Ij/uUf2RH/AHK1qKAMn+yI/wC5+lH9kR/3K1qKAMn+yI/7
lH9kR/3P0rWooAyf7Ij/ALlH9kR/3K1qKAMn+yI/7lH9kR/3K1qKAMn+yI/7lH9kR/3K1qKAMn+y
I/7lH9kR/wBytaigDJ/siP8AuUf2RH/crWooAyf7Ij/uUf2RH/crWooAyf7Ij/uUf2RH/crWooAy
f7Ij/uUf2RH/AHK1qKAMn+yI/wC5R/ZEf9ytaigDJ/siP+5R/ZEf9ytaigDJ/siP+5R/ZEf9ytai
gDJ/siP+7R/ZEf8AdrWooAyf7Ij/ALlH9kR/3K1qKAMn+yI/7n6Uf2RH/c/StaigDJ/siP8AuUf2
RH/crWooAyf7Ij/uUf2RH/drWooAyf7Ij/u0f2RH/c/StaigDJ/siP8AuUf2RH/crWooAyf7Ij/u
Uf2RH/drWooAyf7Ij/uUf2RH/crWooAyf7IT+7R/ZEf92taigDJ/siP+5R/ZEf8AcrWooAyf7Ij/
ALlH9kR/3K1qKAMn+yI/7lH9kR/3K1qKAMn+yI/7lH9kR/3a1qKAMn+yI/7tH9kR/wBytaigDJ/s
mP8Au0f2Qn92taigDJ/shP7tH9kR/wB2taigDJ/smP8AufpUsemIpBC1o0ooAgithHVlRgUlOFAH
/9kKZW5kc3RyZWFtCmVuZG9iagoxNyAwIG9iagogICA0MDUyMwplbmRvYmoKMTkgMCBvYmoKPDwg
L0xlbmd0aCAyMCAwIFIKICAgL0ZpbHRlciAvRmxhdGVEZWNvZGUKICAgL0xlbmd0aDEgOTU4MAo+
PgpzdHJlYW0KeJzteXt4FFW27961avejqqu7ujudTjrp9CsJeRASOoRAQFIqIAryzDCJEgkPIyZi
EiMZGgwJMhrDQwQxBMQIMcMjouQgIpcMBM5wAM/R4XCEO8fRmfGMceZ+15ijczmeEZPKWVWdRHzN
d+9f97vfd2t/Vbv23vVYz99aq4pQQohAGgkQ/4rVy6o/lNu2ERJ/mRDuvhV1j/uf/vTwdkISkwmh
HeXVD63+8zNfXCDEi+tky0OPRMqLzp9NwvOjeE/iqgeXrbSJdx0mJKkI5yauwgnbq+ZeHG/FcfKq
1Y+vPdthLsVxF463PlK1Yhmhx58jxDcVx8+tXra2mj/Ar8PxOzj2Vz/2YPXOxTsKcNxHCGsgHClX
W/hy1oHUGolHsfBXiOEKNbHVHE+yL1zrG0/ka33X+nKc9oA9JWAPlPNkoBYSBj5RW4zWv/7lMUM6
PqOMEMNedp2YiItMUuItxjprrUDqzEbqshE+xSGZ00hIDMbKN/p6w9f67JNxG0+y+8I3+sI5J465
e9wcLU3JDTvsMpdJaV6uPZQX8BO7TALc/i3/8/1//XTL4LmeHk6lO2mn+hO1KkLH0rvoDJp5syPC
fxxRG9Xd6gtqA4pUo4V1IS1u8lNlnLRLdD3vFOtsu+zG5807oc7+LKt17qR1RLY4rOkmhyHGEcuT
NIcQ4oJxSF5Yo+9aH55o9GHfN9An9/bLeMg5MT++Kh4JzY3Sp++B4XOtL+vpYdM2D26lTc3NaoRr
atZJ2/8bNXB2cODsYMdv1P1Inxvp+wPSZyNVSoKZURF2GmslpIh3GASHyZpmCZE0AyfL1y70DvRe
65P7kZL+8I3+MIoth87ushTN7rIW3T+7Sy66v/gMkYfO4VNlbMoke/6kEsWt2Jfay+zb+e1su2G7
sdHUaG4UGkWxVKMx4ArZo5TnumjtRfWhZna5SV15KcK/10fXqFv6vs6KoKEQbuhz1OkcnU4H2aos
cPhkB894u4/xIu4mMyf4GOPlJA44R5LdAcDZrJyUBJxFm8pwgFgnS2YGtA5qjQQ1a5UsomBiPHCS
00Cc8rV37G7NCqb29rlR6I7JObMXFRtl9pmRfeYOG2XTZ/pA1kf6rDZXEgzl5VJsLmQHApDrwoO8
jgv/O5f77OCMnesHr9Qf5+mVP0XYEjSOCB2vXolwIW7KiG3UIk8SuU3xiGYj1LFas2YNhjST4LCg
IZjQDqzDZir3apLv/7I/LF/IUcw5Qo6YY8mR+FEL0GQZ1TuQc9ycJk3fka+z+tQt+K6moY/ZHPY5
SadGpTAU5JIDPouY5OO8fp9oETNEiz/Ax9JWtoGMiW31bHA51o+pzvCLloDX5Ha4OAcxOV3jk71O
YsvJkG9c6LvWi6Yg99sdUeeRe29cQNO8qPahFKOSs36Gp0b9WBI8TtCRSpVnDEkGnzGYJqSJaZY0
Kc2a5kvzpwXSgmmhAqFALLAUSAXWAl+BvyBQECwIFQvFYrGlWCq2FvuK/cWB4mBxqFKoFCstlVKl
tdJX6a8MVAYrQ51Cp9hp6ZQ6rZ2+Tn9noDPYGTojnBHPWM5IZ6xnfGf8ZwJngmdChTmZ8zP3Z3Zl
8qWkNN+em0RzwxPzJqRm03E0b0JyIMy77aFxNBQ0uGJifTSJumL4QDC5rcH7rz0vtj969KMPjtMx
VNhEE1obvBfe3LV71T999M/d6mX16k71o1l0+eGDdY/dtzIzf9KlU7//z7Fj1ZN7tz9UXrpsQv6E
D8//8dMwGcam46jzBJJMdimzRMEMFpMPeDD6eB4yTDxJBD6xTtwdcta5au0SX2czGP08g3gTiQW/
GPKC1WJg8eiY/uT4GDkt0RJyBFNGsELulc+dszvck1Hqjsl2bJpJ94fDaDZqv2Oy1kYNG/dh5dhQ
OSdEo83GlSLXbieaM4yjmdSu27UOf7wrxpASFVcm5QtL1mX9do/q6p+xbPFt5wYJ2lwR5WnC24Mt
m7bu3r11E/e+tOSnalmE/mrrvYO/i2i2ePXcvjcDrdu2taDtD91AOSxEOVjJZmWyVYq6qZgkiOi5
Ipom/41TZ4hg0T3XSGph1GvNNmKwjXrtjanotfZR1kYc1jTssMijyawZoAdEKpoEs0F0Sk6rLIek
kNUvK/J8WUSToK4Qxaa5khk7w8L6wXf7B9/dxv1yB32etqDeIjc72JJIZCAEv9OAiZLF6Fdfol95
SKEST55zbwBpu32DxbweqhOsDouHxKQYpARUz7V39OgV9RO1L0eRchKrEtdw6+PXe15ONNBSauCH
g8yoGXJ22YEiz2dfTlF/rarq0+rd9C267inqP9Aw5tdHfnvt2ocvnMmknX/+iB6gD9JyekC5Xd3x
y261R30D27mDh8kwzkAZylokk5WYKMogyAiIMiHEGC5okW/0hgd6w6MxULHZpBxJkeZLZVK11CgZ
b8WYXFcUYc5F8cWryYHT5GDYj3IQMaJkKw6ywWLY4FhvqY6DFJc5xSZp0WxYAAgciF9V8Q3xPfFX
4hG/UvRIG2XXHRWBfoT1PadP95zt7j6rNqlF9DW6lkboUXXREnoHnU3n0DvUbvUt9ZTaHaH7aAW2
l9SVGHdb1JVE5/s+tDEV+XaSDUqWzWc0Ggw+WbZlyEZqMUGdwGrttM5KzGlGR5os4lFCccgOLhgz
DLm96E69UQf6UnMiLeTd4jxoVUYjJaVKouKa71plqHY1GRpdL7uMRmOsMdWYb8yXV8mG0lHh0RGU
1vzqvp4e+h48dZYTetSbA6vPatL8+g9wOIImxucP3BGJ8jATY0Q7P514SUQZ64kxSm4K7cx9QGhL
cFiBtrNDMrHf40ycZbDlOWVpJk/yPAaZuz0pigg3buGh340QMALZOSeJz0d8FNDwZncJRRi6k4iC
L0wiSUPn9NB9Mtu33dflg1HdT0O4jHUNY8KEVA0mcTBz9276ldJR/8ZbrYNPbZzxk8qVT0YgL9Ky
tOi9dwevRyJcXtPDL72qhqJ2UoT+wiM/mp1kKU7SbDE0O9o0O5nmmmKeZgtrhnJDN5QBzVBOyvFK
fFk8aFYy0S6nRrH5Vivhjlbff19NzZIlNeqf1fO0kMZTD52mni86R5GdnvOq+vc1CGUGaqTp6m/U
r9Sb6vVR2ZpmIS055Aml0O9xSrwhk4BsHNOe7pUPjIO2lEBcjMiM7emHQrFmEu8UZlncc+NNeRbZ
4JobLzuDszL8clpyXurt43UXmooJUu+w2aCYNalHxY7GownePRmDoyKRcHZYCZeFq8Pbw5rj/7Bc
vzcYVQH/wT1Ha996s3WwqeG2RQ+sahjc3zBt4VLsn9FUMW3/o0+2Q6Ri2ZWrmvjpl5dW7Xh68C+3
nmnqKV28QtNHNupjpiGGxJAAuUtJDriYPS6pwxTXYaXt0EjardWmNkfCNHGqk8tz2XmZTApqlqWb
loYXvVpGqlmVblTHC0OIsvl6RqeRquknFEwdg/TTmNho9NA4utRKb2a1Vn9Mmfr1x9WtWaqB3lxa
sbqkZHXF0ggLrR3cumiBel39Gtu1BYuaIrT89MGuTz45dvC0pjdMnvg5qLc48hMlhcTaTWYnZbZ2
OzsQ2yaZ2+2HRGGCicsl8p0Ok2zJs94ej9pBbxjNoXQ/kC9o8dGhKcTnyfYUeuZ5lnoaPJpCRpKA
7wl+To1h/pzHnz4/OHN3O8dPePUJXwmfq/7qJ4veeVNdosv1TFWledjO+dNIo5EkkgeVoAGIIJN2
k/yy1BxjOgjNnraYaq9sJ9NMk82GQnfYq0lVixJRy8cQ0StjvNbpC5YlNSS9nHQlie8hPYYeY4+p
x9wjXCFXDFeMV0xXzFcEC4IM1UXrpSzg0kWdn2vgQyN+AnlzH7h/HvfBYMoTm2ufjTmYOUT+pPap
72PiI1ET9XDF/3Lk4K8cPzP9+q11j7/ZiVHQitNp6tsjPrsKbcSCNjJHSaHE7hX4Do/QEZPU7m+U
2mOqPW02X54Xs35rnjTVOM0d1ozkRu/A1Km93zeSk4WhhtCxkIY8w+ag08s0YVtR7hrJKGy3Jneo
Knv40ZL7Vj9cRpfvVo1Ze6r/qA5S+GP1niw0IfqHh08fPPbJJ10Hj0aaFi3AKoyhn2csWEQH1kZz
LXYV8V8m8eQeJWivs8Rpwc+Kwc9icMU5bJIr22zLsEshsx4HPZoTX0AvjoKkXa8K+7XU6b8jEM1P
qE5oTIBRNA9jRsSHtMoFRtIiLTAu/Iqmqu//Ve3/4ovqJ1/cu6laA/bPLl3+d9UW4T5+bcdzr47i
INFxPQ3rmfFJqcQnx1pZKvW1W1MPmGJfdjbHJbTRdlO1FfzWEB+b6+bykmzogCHZLYbT9Rxc88Mo
rUjoxd5+9aJmNfqM3aHnfznKWF9GQUyhqzC20F0YVxg/2TMvoyFDyHRlx2a7GywNUoO1wdbga/A3
BBqComZG9hE9pOZNmDhlWEXGUB56gJ+neaP64le1qoaZRx995djXg6fXNVbUxtUsfaeGeqlZbXtq
RcW98xau5LYN9kWaiuYfe+WN44Ub1/90xSfB4LXB319/5MEHVz4SxeBi9JMslEM6tSt3Yh5osywI
+M0CZxIX+AP+kbrkNRb7moc1k6NjPM2uo442vTYJmCxezp3rQk83zXMle+cRWzham1wYqU3sw8XJ
AFYrf+rXYfkHyxNFEs2iIIpYCkmi1YAhvbEh8+XMnkxIN6cL6eJYy1gp3ToxNCNUYi4RSsQSS4lU
Yi3xlfhLAiXBklCFuUKoECssFVKFtcJX4a8IVAQrQpvNm4XN4mbLZmmzdbN/c2BzcHNoj3mPsEfc
Y9kj7bHu8e8J7AnuCR0xHxGOiEcsR6Qj1iP+I4EjwSOhqaX0+xXKxKhbfK9CSS2rsbZsfKT27od3
/mLX5zcfuL6xxtzc+EiVsmjH1f3qkPrFit/7aPrP6mfPVGZ6UtL3PPnaEV9AvbH60Rl3TJzmSsnb
t+XEq0l6nU2y1cVsJurDQkKkRskc8XWp3RZEZ0eXb7Md8r/gqU72TSDo6FMDVt3vpUnJo2FBA1m5
V/9UoYW9EbcfSTOS9TQjmSQPpxmKWU4pTGlIOZbCYwJ+S5RIGcHdkSgShWMufSRSqG3fCSMdg8tb
uVkPD8cKHRO+iSLqrMhwTjV+6GM4zGowA3lA8boF2UTaeU5H5moDdyhONtqpmclAJmEuMrUv/M61
CxoqIzwP9MoXRj98iEUaQ9o3jzidozgSN5I4zYtfitktlDpD2jcOe8AVsA9DctSv/mnvXrqcjlHf
H1ugTONeML907oN98HqE3qOejAyu2TJ98X37Nza/pesDcxTuN4i9InGRKUocdJod7TGHZEu7lcw2
SJiJOG159ttjoxn8NT0khwf6PsT6QvS5s91l7u3uLjejpU7deLCGw/fT0bD2y+oF86qq5i2oppta
B6u07IEVLaiqwslHv16jx7PhPEmnwUzGKw5Du6mRJ+0czSOyEfLY7UL03cNv1t4rZotl4naxS2Ta
Z7SRd3GFw6+IRLQQP/z943nEZxeZp6RLu8Sd3/4udutnsQyHEDLoIB37DUjf6A8PA3S/ilan9uac
sLl97h/5JqbXLSy3ebCVrm9uVp/69Nvfw3ZF6zktbm9C+/eQsOIm7maQ7M0Wc5tWzeVq1dw0Q/jW
am7gwsAFWb2Qc9yWiIkPBs3hiPstP9U0z29K/fQf1V71Mp1AHVV/XFMtb3hsV/26zZUbrXTOyTdo
KhW1gJuRob7ftOnyf35xpXGtTk+hlv+j7L1kbTT/p5j7YwXQGE3/hbZvp/969s/fqef/Wsrznfx/
4Jsg/H+c/tt/LP1v48h30n8tg6v/ofyfDn2Audv7/Bis++uVAsHMmX4uWSXjzw1GK3ZzTEYkgWcc
GOZQSjKMxGJiGpdwiFgls8lo4Ckx20Tum8J/4NuFv4bp363805hW+Utj+Uw2m5/N7ufvZ4bSwDdl
PnaUvq02reGWb8RsyLKFbl+vNqE/RgbLuP1Y7C/U4rU6ma1Cu/CRseRxZdxYv5wYstH0Didp95os
zUY+1BHf5j3EH3ZWZ5lzjUl5/kSbTKamTjPGhrO0oHQjGqxHofGiekHDRj3NQH0oiSYhTkgTCsfx
xETMPKKSbI4R/Ca/OVkw63FZR/oxedGYcBu9NVVCHugtqVQef1U9r/6u4re1NbYtGzuabk2b6Feq
cSSngtcHyj76j0BAfbj8pUuRWxOopoi6dzi1Oh3NVzAuaPzHYlxYpGSE3Eanx98hkPYYhoWCp0Nu
izkELwjVyfwEt9Mgu7g8MtU7TQon64lgOJoJ/kBUOFGF0M+NpB259r/N1e7BFR0/zszXASxyTv0N
NtC4tHpnC9pfPHlYCcXKTLQ4D5jcGpweMlUjJ3GzYnkZiZ8p5dlkcZJH+xKgJbLRPBatLTxa65AE
Ouw9WjDQAoFHdyEP8Qy70IntCV0J3LdSKt2TouzgKX9jt2oo1J2H3ryjuHLFRn7MwMJo7cxlRgaf
v1jZdpR+oMctjXog2t8cC+G5udgnYWYL6EkNZIguosvoWrqB7uQuch/6U/05/gL/0UBwaEj7z0L2
04W0DNfrh9eduD55dP3HNw0PPqR76T7ahm3/cLuI7TLV/hAZ/+bd/zsbT7S/UxQtLFEfi/qR4S4h
ny7sTcSAXBKMPj+0xRI7YmMMcep8JqHwtS0BJWMlNozJAeLAOB9Pgui5/3/7sY0jHF2vHfWq6Usq
kwoy/F0PV5bQ5ThqwuN2UkbXUwygZC5ZQm4jT5G/4PxG/X4f3YjtqP68szhzNnqG80fxKYQUkRqy
kbTq77jEL+HL+fV8OaZBW+gWnPmdtoaVQBafjtduxH09ri3XzmkhtnRSTrBKIO048yWuR8heKrB3
8cn/QFPIKnzPXNw70O1NSMt1auXKqQWvrdUMDC0E+cNMo4KsIRG877rePsfxShJh1w0x3JfI1yxc
M/Bl5BN8eg2poQLNhVzur3jvXJxp1riinYSDCjTbMmxj9DadLMfnHMQrImQft5zL5cdoV+m030Y+
ICd1usvJDhwvJJ36kcAAeQ/yaDnSr8kmnp0ni4330IDBSrONDSgrYvCSjVw58cF0UkvQwE8atK/e
lGDk6eJS7l7ZpSwo9l8uCWSN/c7QLxv9XWR+lxTxnxoaml/MJ7CSLpbYBSmmLj4l9G8/tvhvWWNn
zy/2d12dMX34qTPKpuPcomI81UY4jfMzpmcRHYW4B049lhUzY6lt6n8Qn0lX9nvvz/1fI/1X8wc+
tl43p+O12iLVL8CjcZPqJcSWi+vV1uvD899sIf5dUm74nJQZ4kkZu0Hchryhz9l+PL9Emri3US4H
cS1v6IbhAbIYzuL5X1Fy88l97CqZyRaTItPPsG8l2Xw+mcLcpAjPizBzLGPZpIjfSIq1NThOxoNA
Zmo7e52U8X/A666SQv7g0Afa9fp+lWQP0zQd939G4quR6Tjc+1B/xWgDH0V39j+Qqi7kDLVmPIWA
NQfBSsYd1wQsc0W8z5KMOyKmtIsQK65b8R7b54TYGwlxrCTEidc7cc2Jz47BOReOXXh/bCshbtzj
yrT/77q0QpyZZJLDKFVO+8uqYTCfSTfhmD/FNSq9V1T49Wx4V4V3BHjbCpfDcKkbLnbDP9yECy3w
9yqcV+Fcz13sXD303AVnc+BMPfxShG4VTqvw31Q4ZYOTArzpghOp8IYAbyj88b/zsL/zQNcxD+tK
gmMeeP1lib2eD69h91oAjubDqyJ0HrGzzjAcscORRv7wODi0N4kdUuHgLxzsoBd+4YCOVzJZRze8
8riXvZIJ7di1d8OB/R52QIX9HnhZgraXulmbCi/tK2UvdcNLjfy+F1PYvlLYp/Av4tNeTIG9e+xs
bxLsPTV0Thni99ih1QKtCr/bCy0ivNACuyR4Ph527ljJdqqwA1+xYyU8t11kz8XAdhG2K/yz2yT2
bAxsk2DrFoFtDcMWATZ7ofmZetaswjN4xzP18LQITyXBz3Hw8zBsetLJNqnwZI2NPemExgaJNarQ
IEGDwm/AKzaoUP+Ej9Wr8IQP1q/rZutVWBcpZeu6YV0jH1mbwiKlEFH4tSnws3yowzvqKmENdmtu
wuNeqFXhMXzyYyrU2KCmka+uGseqVagaB4+qsFqFR2SonA0VAqxS4SEBHlL48gA8WA8rVVC2raiE
5d2wrB7KVHggFkpFGytV4X47lBR7WUkWFHvhp2FYLELRIg8raoFFHljogQXzY9mCFJhvldn8WJiH
3Tw3zL03kc2th3vvlti9iXCvws+xJbI542E2Ls8Owz04f0893C3BrLsENqse7hJg5gyJzQzDjOkW
NkOCGVGVTLfAnXfEsTtb4I44uF2xstvrQZloZooVlEa+8LZ0VtgN07CbVgq34StuS4epU+LYVAdM
KXCwKXFQMFlgBQ6YLMCkfBubVA/5eHe+DfIb+YlmmKjweRPiWF4LTMg0swlxkGv2stwWCKdLLKzC
eCvkWESWkwTZyeksOx/GBQQ2LgmyxtpZVguMxXvG2mGswmeaISPVxDK8kC5BusKnjbGztBYYg3Nj
7DBG4VNNkIKPSOmGZGeAJadDCLuQCkF8YLAFAn4TCwgQaOT9JvArvA9XfRmgnEiyZ7GkAvAGILEe
ElzgCUN8GOJwOU4Fd2w6c1dCLI5i08HFBOZKgpg4cKKQnQFw4L2OerAjS/YskFE6sgo2XLMlglUG
ayMvIXPSTbCIYFF40QYCXip0g9kLJqOTmbrB6AQDPtYQA0wApvA8OBjvBr6RB2pj4ABQeA7POBXH
QLGQxyLyFF351Daa+f/mRv5vE/DN5iX/BeuWg/kKZW5kc3RyZWFtCmVuZG9iagoyMCAwIG9iagog
ICA2NTc1CmVuZG9iagoyMSAwIG9iago8PCAvTGVuZ3RoIDIyIDAgUgogICAvRmlsdGVyIC9GbGF0
ZURlY29kZQo+PgpzdHJlYW0KeJxdkstuwyAQRfd8Bct0EfkRe2gkK1KVbrLoQ3X7AQ6MU0sNtoiz
8N+X4Uap1IXNYbgDd2Cy/eH54IdZZ+9htC3Puh+8C3wZr8GyPvJp8KootRvsfJulvz13k8picrtc
Zj4ffD+qptHZR1y8zGHRqyc3HvlBaa2zt+A4DP6kV1/7FqH2Ok0/fGY/61ztdtpxH7d76abX7sw6
S8nrg4vrw7ysY9qf4nOZWJdpXsCSHR1fps5y6PyJVZPnO930/U6xd//WNhVSjr397oJqqipK8zwO
kWtwHblGvE7xAvFC2IKtaDbQbCKXeeI4xHiJeClMYJJc6CvRV1vwVrgH98IM5sgEpsTQkGjIgZ0w
ziI5y4CNMKEWkloItZDUUsNnLT4JdZHUZeDNiDcDjRGNQa6RXIJnEs+EeyC5hwo1VlIjYR+SfegR
/Cj7QGOSxiBuJA4PJnmA5zjIw91eSJ5Qeu3eG/YaQmyL1JCpH6QTBs/3np3GSbLS9wsRFr4kCmVu
ZHN0cmVhbQplbmRvYmoKMjIgMCBvYmoKICAgMzc4CmVuZG9iagoyMyAwIG9iago8PCAvVHlwZSAv
Rm9udERlc2NyaXB0b3IKICAgL0ZvbnROYW1lIC9XREpDUForRGVqYVZ1U2VyaWYtQm9sZAogICAv
Rm9udEZhbWlseSAoRGVqYVZ1IFNlcmlmKQogICAvRmxhZ3MgMzIKICAgL0ZvbnRCQm94IFsgLTgz
NSAtMzg5IDE4NTQgMTE0NSBdCiAgIC9JdGFsaWNBbmdsZSAwCiAgIC9Bc2NlbnQgOTM4CiAgIC9E
ZXNjZW50IC0yMzUKICAgL0NhcEhlaWdodCAxMTQ1CiAgIC9TdGVtViA4MAogICAvU3RlbUggODAK
ICAgL0ZvbnRGaWxlMiAxOSAwIFIKPj4KZW5kb2JqCjggMCBvYmoKPDwgL1R5cGUgL0ZvbnQKICAg
L1N1YnR5cGUgL1RydWVUeXBlCiAgIC9CYXNlRm9udCAvV0RKQ1BaK0RlamFWdVNlcmlmLUJvbGQK
ICAgL0ZpcnN0Q2hhciAzMgogICAvTGFzdENoYXIgMTE4CiAgIC9Gb250RGVzY3JpcHRvciAyMyAw
IFIKICAgL0VuY29kaW5nIC9XaW5BbnNpRW5jb2RpbmcKICAgL1dpZHRocyBbIDM0OCAwIDAgMCAw
IDAgMCAwIDAgMCAwIDAgMCAwIDAgMCAwIDAgMCAwIDAgMCAwIDAgMCAwIDAgMCAwIDAgMCAwIDAg
Nzc1IDAgNzk1IDg2NyA3NjIgNzA5IDAgMCA0NjcgMCAwIDcwMyAwIDkxNCA4NzEgNzUxIDAgODMx
IDcyMiA3NDQgMCA3NzUgMCAwIDAgMCAwIDAgMCAwIDAgMCA2NDcgNjk5IDYwOCA2OTkgNjM2IDAg
Njk5IDcyNyAzNzkgMCAwIDM3OSAxMDU4IDcyNyA2NjYgNjk5IDY5OSA1MjYgNTYyIDQ2MSA3Mjcg
NTgxIF0KICAgIC9Ub1VuaWNvZGUgMjEgMCBSCj4+CmVuZG9iagoyNCAwIG9iago8PCAvTGVuZ3Ro
IDI1IDAgUgogICAvRmlsdGVyIC9GbGF0ZURlY29kZQogICAvTGVuZ3RoMSAxMDc2MAo+PgpzdHJl
YW0KeJztenlYFFe69zl1qqq7eqvqvWlouhtomqWBthGFiKZUNMaFGHUcYkJEBVRQwahRW4kmxn3B
FTEhSozXZEyiaIxDXIkhJiZxmJmYGBNnskgWZwiTucM4hkDxvVUNau7MfM99vn+++8ft46HqLF31
nnf5vUuLMEJIg1Yigjwz5k6rvDZ77/cIxc5BiJoy4/GFnurMlzsQ8ryLEN5ZWjlz7rcr/9qMUNwj
8K2NM+csLa1JGRiG+1cQcjXNKplWbNx13zFY/w7mBsyCCZNH+yFC8R4YJ8yau3DJmYmGbBjnwbh+
TsWMaYiq3AnjVhgfmDttSSW9hsmEretg7Kl8rKRy0VL2JoxfQoh5FFGoVKqhS5kDQK0KOUUd/Q5i
38FqppCiUUbz5bZ+SLjcdrktaDZ6jT6v0VtKo64FJLrra6lGZbj1n4+xyQj3TJImU1eYj5AFzRWj
1TyHUTEzz6TnKrTTTU9ZKR7pEgxGjdoqXG7ualWe2dbRFhLapQvGnJwgHtOgmVRwBlmRiDD8tfY0
ZRsHZj90LGjDhbBomDSmgZ/0sLyjpymyA4nKDpKVGYszQwOyjPFZXmu80cLGxyW+8hgpKFj86HfU
/LMXrt23Q3rmzzOm1XzK5JSXd577x7U4YDsa2HOd/oz2oyi0SIyzG1md3kKt5hz6MI/quCIaBeyM
nwTwPYaA4NdlOIWOttaO1q7c1n4oAy4y5SEgPEK6VibdqZDuRM5e0o+viG6IpmTircqyQrdT3qYs
Y68x0+rNMmAgV6HdaLFFjkF9hAsOS89k7i8/+uJBPHVqeOWaetrfNbzsdFnFxStUTnn3rvNbT7+G
ryP5HAt6rpNjdB5KRlfFofFxVIJ3iE4b66ZcniFanXacVufx0jb8PKpnqv225631zmrTJn9Riker
87rU9jSrawiv9ltHJlBpPBqRInQ0t11ubRPahXajST4eyKm1CyQltN9sN9pzgmMmFqgEw/dwq1L+
PhR3zJOKcaFY4Hf7PX6vP84fP0UzRTtFN0U/xT3FM8U7Ja4gfo17jWeNd03cmvgad42nxlsTVxN/
0H3Qc9B7MO5gvEtMXZF6xHLEesR2xH7EcSTqnOWc9ZztnP2c41yUoRAVDuyTcf/EDJyOs/oPyAzZ
7Nb4dGAea7XY3DgWWxXBLyijN29Y/tTUPavXL/v4zKSTM8rodYsWLp6ydvvu1d++P7N50K3Fjxc+
NHJyv7TA06XbDwZSvpu5cMKE4Q+mpGVsrtj9agApPB0EPPUz85EdzRJddg0S9NUWWo3CLFVnKXKo
BCMOcKAdKMMhdIAqtF7+IMInuG8WpOZehdbLYncoWuFAjl6tEK2MilFbVVZ1oipRnRG1Iqo6al+U
ptAcn5VpzDR6rb16MDAzohl/2L//DTxFOth/5Khh1Eb1lm37niany/Fo6UR5d+Hasb+Yum3N5l8h
2YZBn8tAD7RAdapoRtU6FiStK3IQpzWPc/IpQCvIMSJPoT143BNVEUXhQp/C1ggf7XEoqz/KDCGr
BVGzdu7evXPn7tod30nf4KgbN3CU9O3IP7W23rjR2vqnGThTknBI+o0kSZdknvW0AZZ8DfZvQNvF
HJpQVLFKrcLFCKvhIlCY03B6A4UEjYYbh9UaliKoQkdPV+s1nFpFKIw4ntHywuUPQKnAxoCvdjCw
iL4x39tDKkH9faTLI1A7FcaoUIxTYzVFE5pWcw7soBxcjD7GkESl6FMMehW2YT8mhbiQoxRwwNDg
ikvxG7jxJXxiW/efX+lu30V5mLKf1tBhQIcapqy8HPXxczLw04KiUb4YS6mtYaTew1TrHNXoWZmx
MWrO6kTRGFgbA6wNAUR+EOFumyC1Cu2mnKBo8rhE1woXaUEtuIVqsbZEM0AN9lrvknEvy1WKMqvo
yV3f7t+79Fn3zsD3b96Qvsa2r/6KqcvstnUrtgsUUl/5bEXVkQbgfhfuL105evLM2TdQhF4ph74O
9LpRAJWKmQHEY7MQ4yHJKOxK3mlW71Xpqun4nVGbzEX0c666NC5NFRvwxPB+lJXoVA20paQJHa0y
JIeAdhmd2xQ9+eM3ChbYcwAN5BNxKF1IX5HekE7DOSJg6++1zsFYPg6V1d8kW6fM5z69kk2Xzuy6
MbupoMi0pmr/7gEvLmv+8dbby14cgGdJtTs2bdm2bcumHeR018Nf/5iY+Pmsol83VxdPxQM7O/GA
qcUHy6VN59774g/XvrrYdFs2G+GsGpSEnhAzor3aKCTocDhqh7ra7N0Svzm2OhHOqQsbqCgGedPi
9AEnj/xaxhlnS0lWMC5yThnjQNnaW6X2m98oEJeTY1TOmSCkVKQsSWpKocNJTbiJaiLNdDPTzDZb
m23N9iZHU1STUy/LMuv2Ec13AToglDdiVqr4rCHAHRvJ+H79mnULF2xuPCAdGFxffvS37VcxtWP1
vKeEqUWvT/7Dtzj/y8fDFU9twae7f1+2YPTI0/X/ceL+pauLp19JTv4sgkuH4dxLwcbc6FXRR1jX
EmcJKyzkSywlrA4vRtN1RR6XkdLEIjvLxRo1POUBxQQH3gwnVRAKcPxCu9QO+mlSIIqbJDuvh/t8
q0fxUR5ovT5qTIMJdpgjiwqSeeRNESRL5AlP8wzP8ipezUfxTj6aj+FdfKyOB+VzIzfOQBmYBfzG
gGoyE2Rc8YLCGG/DucIgI812T+q/cfJ/Yof0dQ+a+cn8+dwLO/Ye+tW+KeuzJjMfHZAmJSRIHd99
L/0jlInjttT89q3zLeJwql3BaoTob1kLisIrxAL7Pk5t22e1cWp+n8CrObVhH8epzRbKZB0iCDw/
xMDbbNZxNl5NKD0X1tJhdr7DIhAqrK0zIcwQzmrmdRrWaFOZjAhiAJWfCZAgeH/Z9QtNTaYckz0H
tAaUJrcNEEo2kdBtvxhBJ9k3wkUZwj/6ewArPlr2kZ+q1BzP2dR2m9rJO22J6mQ+2ZbN59hy7KP4
yepf8jPVM/mZtln2xep1thr+hNpBcyqNSsvoGD1rQAaWV5u1FpXNxJk1Zq1ZZ9abDILBykdbHFa7
LYlL0iRpEw3JfJqQYkwxpVoC1mRbRvQA3QD9AEOOkGXOsd4bPZLL0+Xp8wwjzA9xBZoC7S/5ycbJ
psnmWVyprlQ/01DCzxSmGaeZpptLLKW2ougl3BLNEm1YWGJcYnrcHLZuNG+0rLeut1VH1/A1whvc
Sc1JbaNtEkg5GYMLkwMZBWTjOSybQyZWGTOp0d1dB4/i2bhpD/7yhNSMd+7p7qiVzm87WMaIZV1a
/Fx5uXQN1L4Mv75W+r1i4/eCXBuYH+DOiPaJPqoYHAguVryHRocWGIDFCzSzCaWmWWTUE16rpkxC
x+Xc5uau3GZZ2+Uw7TJ45D4nQivCAVlkcCCLEx7Oo/cYSKESvo1p0MlWoL9jCibFFEzQIqYgOrTY
ibPx/ZhmKRuVpBlAZWvuo0ZpVLJ+GzkMRzV6s3DEhWdS70sUOdFd8EP3QmrLBeySrv+AO4mz6xuJ
LcO+uaSjS1MufSbrbx3Y9Ao4ZwoaJ6ZyrhK3eaGpxF7i5pMXopLEEjKbL0r1xHKu+GQNimdZJ6uz
aJCJSo2g2OU22bR747SOtq5e+27PCZoV1IGoSCXHRvTPzS4VRHXH/t5ZdOXRz24eqmt8X/pWurXo
83mVmsN79xw90TA1dOTI1rVrd+krmZpA+pmX1r7ucV55+Xefy1a4defRZxpeL922fdXGlU8gqmeQ
lIOPMdch/ohFs8W4WMGuI5zdFl1t5gCH68zPuR1pNkRY2wDerw/ogm7Zplpl+mVn0yVj1McXhN/I
iBw8keEp8lR6CL4dPbsVcQCm9Irj+AL7AgeFCs1KKBiJ/cxKEH23R8q6NDwjffjQYMbwtMO49K2X
R60aMlX1iwkP/5KZn56Xl54xbJgULv9p/oFTXu9nRVOWPSnr3VqpTlXB7AewGweZzKBhQ8eM8Ocn
6NCYEUkJRD8izI0J82GRLE8Ip3LLHeHUgfn+JJNhVDQ7VIeiDTEm12A2JjZ6cD8qHyQE8pC620Oh
Pk8jJz/yVG47yKgZ5uTp3kvQd9t1yO4zExATBORPTJBlxFJWi8luo+Wowc7S8XEJ/kTZ0w4ckJAZ
ou0gYgExJOsuh8sYBu0oPPLpp0cKdwyqO3Q6b3iZ1PLalIbJ731RPHUuTn31yS+KsuZI7S/8Wnqt
6snVa1auwA+d/xhPWzw2XzoJAV/1gqVr14Uf23JrwvjOixd/HD9hS1eXr/N0xYVJqzcn+gultf94
Ufp25uKqsWNHFhauXrYC33emEY9c8cS6g3XTv1kudUgXCa6eXfXskb37jjwn6/lohFSPgs8Ool+J
Qz1Os55mUxFRuYTVxB9OrvN5HRYtowqnk03xNg5FmTWDdXEBjzqg87P32gdH+a0B871JgRSPPyGQ
GOwnxyohOSEDpW8VoPVicm57qN0eki1ARmXAZVF7b2hqqCK0NdQQYu7oUz9Fn/pB6zVvc4YmQ5th
z3C0aFq0LfYWR1OIK8QRG1L8eqYxwtx/NZDxTtlK+7L+Y96LBw5KVH1RxbIn6yV175U62IBnZe4t
Xn6QFCxa3PK77gtlZZTvhQ0nj0lOuAvsWxu5I5NmnymrXAZ6CPyiihR7sqL7RTvhTGFLnQCmBDYE
9uM38wFj0AZ8CEXS6Yw2cEaXPwgeq7bjO+e0Kee0QYuc82f2cpv4d2QzGZaRMfzPh7v/1ACU3raP
n5KApgnlET9LTQA/yyFRNLFh9XwahSkcQH4VCTBBTYSQXjKACO1dRGgUIjTQIkT4br8YHzjcfeMo
eIayMtkTyHryZs91/D5qh3NnH9ezCOmEy13NEIM8WHBcA/EvnZsr5OY+1A8dJ9O4Ih3EN5E1BhOt
KrIWHHjXId8cmzMwP39gzthZ2fn52QPzx8nvkONHF+iiE2WJTrTHXk30u3W7jNXcJlIUbUjTOZHF
yaZEw8Mvf3C5N2WS7bY1eKwiRj5YJG4XkGypxttpqGyctMv/xwY5Y3J+V/JuSbl186pdtbtrFm9x
4nsPHYOwHfXgfhlB6YdNK7/95pvvllcpcd1G8HX54ANiwAd4dRbE69FCqthZwszWLzZa9Do70mA7
qzZoBGzSugBX7gC/HL3elCFfyTpF7UjNSO1I3UjLSKus7fFK2EVbLZhV9XkoBVaAYMxWll+ddQMb
pN84dNJaqmJR12D8ds3K5zZU19HzsSYn96vzn0ktdlhrlA7Mxc01P23YfWiLjJGDpMl0I/BPh+LR
L8QARkYX0dM7nfowHxcb9mh2WjY5izxP8XUJ7gBSOSEXMARcAvLrgwmCkmGEIBBtvZNkhHpzjJzg
8RW+Bh9kpbg3a1Ao9ffZl8lqoeIVR6ZEFgd2bNq8bdvmTTsaQYPklOLWrWZIKWSVokbNbrr41bU/
fPHe6+UHi6dK73V2ShenFkvR5eURLCIfAv0OtAsSSM7MYMSHjYixbYKg0Fin1aipNCQETGq/LmAI
RkXABjjeLHO7PSRduAAEXzBCqhAUswUkQH4rEIEWGMEq2AS74MhwikjEIiUSkRaZPKtoE+2iwwqv
puTNHuyh2MI7BhKlGEgUtN64u0+n/iu+kA/LmPwx67Z91H1JBpQBh8JpM+hk6eYD+acb+uCjotzQ
i7d0O5zRhSrFdJXe4qQJtq/WkDBTF20yEBzWbBKQcbA5JsDyAbNffw8dcLJ+FKCCsb3gGgFWGVXb
AVO7lJKQXXbO7hXuBvddzjlWIT8WWoT8zLtJ/ifAnKRA4QtzGg4ekOh9RUtXrqmXIebMnHnvfazA
Inpr26nX4DSRvHYt2Go12IZc14gXzahEx5aYZst1DTA5juW1d+oacpUq6AuZjAJoCWUUTPY4ZJSN
VP5LbdxTW7tH7n+T/oKNf+vAgvTDSDweT8ST8HipQXpFelVqmIFr8TxcgWulWdI2abs0S7HPTtCX
DqBBg5aIMXQxwzKkmGXGEZbGDDtbjRcgTmWkEaUF/97c1aygYEezoh9y6ClHnnIW0Ffk1CqZlBZp
+zIpDrIqnMFlaOjCvmqiVuGpVt6r7PFCbMNk+eTwEsdjWvoQz9mA6TL607dWtXWGyyL54RR8hZpC
LUAECa9TiMaIFpSaBLgFM4SlUygkIWpBncLXJ4Gvm+FMUciHCsUE5PSUEPMc01J7CU+cJRyEnYkW
jQmx8YzO6mJNNlabGCkQRCI2YDZEbLKjlY0g2o3dlJu4aTfjjnW73R631x031DzUMtSq70PL/r2C
8N6Oz0z4dnWgfyI5O/zw3D9KPdh+oxvz0lnp2gOHH67UPzX3/Fnp7Jbdu7ds2V1LPTdmNNZ9dx0b
pbXSfmmJNCE29lbJHOyj41rOn//txTPvfKzw4RXQ/VWQJ6vRY6KLENnsCMZoHDiJxarpmFCYIFqD
WIqTo+jeglPbnWpTJFFQ8mMQBaeIgpM9352sWJ5XxMjJ65GY1I4dhCrkQD5yIdpLr+pu3EWldecv
IleYis5tTL9G/IjC+4/Ax31Olio67RZ58GTWaTxX5DCxAKkOQc5aZBbLGP8zZ2a86/6jcdnZ48bm
5Iwdl50zdmxO9jjFwWWPG0c1985H7Gc9yLlGsR8fmiHG6RBbwqMSq3tO7NL4kujZ1qJEjybWRliT
VcdyjEOWclvbHYuS4fljRcY+TsfpjTLIsYLKqJazT8Eg8IJgNCbrkvX57nxPvtf0s3oi6Uv64xVD
9N4u2lLU3s21tZura2rfyHtlzueYSDdudEs/4GHYB1Kfr3tq3vmzI0GkLe+CSKkfxoyG7P86mO1S
/Chehw/Hxt4sKZM+VWRd1HOdnQ6yjkLzRJ+OjTIjbrXNqKcJquCp6bYiJ0lgDAk6Xkgw4QTGiLxK
Kf8yRI6KB2pVCo29SVTwuDu6KJpSkO1O4eOfCvtbo+vlwn7k9wZB1t+ovgHyepARu89Ro86d+vrr
U+fwrbNSp3QB2t/lymJXl/TVV1/hWELD/XfSyxAnxOCJt2ta1yG+siAvekBMtNGClaConXr3TpUx
bJ6Pwqoi/SbKFLAKxA9hV1aMU5MSJ0MfpLnKrxJtrYqweh2pyKF4IX5FfEM8jQt9fYWpvuKcDM8/
yxbozAap9k5VDrKlxr6qXFnZwTulOCq57Kf3Z/cW42S6ezoQYj4D/lOQKr8qPohkdKSKMcWyjMlI
CYCTvDIFCCwXhAW1ygBdq6P0glqtGkexhgok6NSErmCna4hR4A16rVoFX8BIb+aI+XZFOLcVBHW5
zXR3TRhMlbldFVbdKRMreX6SSa652ORiFG/geTqJSWKT9EmGgDHVpFSlvBykwTgzUqcgXpJpxc9Q
CVJ796hVlOUlyrqj+8uDVd2bqg5QLurCT64yprxzV1kZHiU19uLtgp7rzAGwLRfKFqOd8xARVvDF
lnm62aQo1sjziS4/shs4X6wcSN5tURfag8cFd4Vb1jQ5mUuUkznZPujeaFJ2XnI0yRwYJl1s3945
rXIu3o7vD2PLvvm+zy/+5ebNv7z4SRBv/N2V4mmV2HUcP4JfFodKL50+Bk7s11Kj9Oq+vX0xAOiU
C1WIAadFpe+NAOb/v0cAipn8t0MA438nBFB+4JLD/+7Jd8UA1UpCJPOZKBi2uTcGyEBDxLgEBymx
ciWxfEnK7NiiYIJDZ2L8OiYNsdFWlvV7tUEZ2Dv6ouS+4ODjdvmXmbvUntx1H6mTQGYNGfjAvh+Z
AGvJyX1bt+6Te/KG5cs2bly2fMOcQ2elm7f+If397Mu7n7919eqt53Ft/dGj9c8fPUoeX1dbu259
be1F+6V9v79+/ff7Ltmjj6w73tJyfN0RWWeuKvZCw1m8Io9U5DEOM2oa6SgNC6lOrly9AoZfzoVr
ECvFJHAlwElyiOrX3VLf3UL1Y+julv3yzX6qH4poouzjIFdCNJUP11gkwIwBrYBsYyKehpfgJ/B2
6gJ1zZPoCXru8bzijevpkX8LRvV4Ai6C9aredTOs59xe//cfWdbX8DO4Du+FVt/bLkB7F7+rrP+r
jx96DCAcAjSNhpzUgPTABw88KxF01H3XTgEyC4QSfvZt6l8+04tU/3JeA92K4iAGQOCjfYBOPPDH
jIzgKVjQIwTRP40Y4NP/fv7tB2vQAuB7I3of2odwNxaVofloLaqH+6/RMmX+TVotN5i5ysh7P0SN
OBn2UXLDGUiW3Fl4TiasfQ37S2Fcj6Yr653kktKeIZeoxRCljYe78co36lEjGUTT5FKkK996Hw1G
J9Eh+Z65hGpg3wR0BdowePpodBpdxavQAfwRqkKb0QJaPoALa8A3lUGDGEFpP6BHlDfLc2XMR4CO
9agMznkann4gMo+T8QRSREpxAZyQwofIKJhdjcroImh+peUp54ucgaKWwft7z4suUY9QybQfH4L3
yO+4BM8/hAYDvaVA6SjolEw/uYHqiQ4ojGLeRKNVo1kdpOhVaBKsLiOZ+BnWhYpQFZkET8iHuc0o
H1+Bt4DxnGAZWv69NOARGijf/cUN4oMFnncf8qYF/svQI6g8DWh8g36pp7GnZ3wBHc081MDENBCf
uoH2xX/57xa/TAuMGV/gabg4Iq/3qSOK8mBuYgHcyiOYhvkReWkRO6cebRTOLLJN5XP/jtxqRW8+
vJr/177rj5903yN8ov4ChvJiBBngr2qu5ELI6Prxk65K4ZN/QowkGjhGbQT4z+qZxPjRQDoaLSAD
0SD6d6iUeaenjT4NVzcqpd+Gqx0dpq+iQXC9F3odtaxnELxsraoGjaaqlT4InvUmvUzZuxG+N4h8
iEbDc0fDeC30Tuo4mgLXJ6G/Qh1DH8F1PXsWFcnvgPd1sG60oHf/eva4jOPKJ6+3QxyETwO1AvRm
8LswxwDSMXDPNsBpX4Ljw7pmJ0La5QDVsK4H+RuKEeJhTgCsEzZB/wF4shIhUxA63Jsvg8whY7N6
oAOyWuE9tt8iZK+Efg1ADJ4Z9TQAai5C0dnQPwGIrQfFnyP/3yGFq0kUh1JRLZItVEB7ZLyktfhv
MKYbqZXiF+9I5IKZvN2cwLxdTN4W6eYE8paenH/Tz5wvJm/6SVMhOVdFTmvJKS05+YaFORkib1hI
Y4j8WiInJPK6RF6TyDGJHG24jznaSRruI0ckcriKvCqRVwzk5UM65mULOaQjvwqRl4rJi7HkQIi8
sL+YeUEi+4vJ8zUG5nkfqV+iYep9ZN8Yslcgz6WTunWxTJ1Enn1GYJ51kWcEsqfWwOzxkVrYV2sg
tSK9G76420J2r6RrDKRGpHf5yM6ng8xOiezYbmZ2+Mj2bXpmu5lsb8SiyNHbtmqYbXqyrREj8X56
q4ZsbaKrK6qY6lNky5NaZouRbBHpzXC3+R6yaeMpZpNENm4oZDaeIhtX0hvW+5gNhWSDSK8Hutb7
yLq1RmZdLFnX2NMk9tBrjWQ1vHp1MXk6SFbZyFM15EktWVlczKyUyIo5ArMiijxRZWCeCJEqA1m+
jGeWm8kynoRryFIjWaIhix/3MIs7yeOLYpjHPWRRDFkIX1oYSxZI5DGJzK/UM/MlUqknlSJdUUXm
zR3CzCsnc4eQOeU6Zo5A5qyky3WkXKTL4JVlnWT2rFPMbInMmlnIzDpFZq2kZ5b6mJmFZKZIl/pI
CWwq6STFxWSGlUyXyDSJFE1NZ4okMjWdPCqRQok8MoY8XEWmSOShPFIgkV9KZPIp8guJTCwmEyzk
wRAZ/wDPjK8iD/Akf6g4jIzVktHF5P44NXN/DRkVIvcRgbnPTEaayAhKw4yIInnDzUxeORk+TGCG
m8mwoVpmmECGihwzVEtEjogyHyfS99aQIXQaM2QcGZxrYQaPIbmDNEyuheSK9CANuSfHxNxTSHKy
jUyOiWQbyUA9GSBBGmNhsiTSP9PM9LeQzJCGyTSTUD+OCWlIKCKffhwJZjiYYB7JSLcyGQ6S0USn
x2qYdCtJX0mnccVMWg0JpFqYwBiSCodItZBUkU4B0lOKSXJSkEkeSpKAsKQg8cPFL5HEe4hP72B8
hSQh3sQkTCTx8LV4E4kX6Tg18XocjLeQeNxGxuMgnibaDS9zG4l7JR2rIbEi7YonMTyJTiDOqCDj
nEii4KlRQeKQiB1eapeITSBWi4WxlhOL2cxYLMQi0mYzMcE+0yliBPYaJSLARRhGeKCfryEGWDNI
RA8P0DuIXqR1EtHCQCtmlxMN7NFUEa6YqFVGRm0hKiNhmRDDVhEGvseECA0Po9MIPJTSEDyRIIng
Rly8ejNO/R/7Qf+/Cfi/fsC7/R+pBATqCmVuZHN0cmVhbQplbmRvYmoKMjUgMCBvYmoKICAgNzY1
OQplbmRvYmoKMjYgMCBvYmoKPDwgL0xlbmd0aCAyNyAwIFIKICAgL0ZpbHRlciAvRmxhdGVEZWNv
ZGUKPj4Kc3RyZWFtCnicXVLLjtswDLzrK3TcHhZ2REXeAEaAYnvJoQ807QfYEp010MiG4hzy9yU1
iy3Qg80xxRkPKTavpy+nPG+2+VGWeObNTnNOhW/LvUS2I1/mbHbOpjlu71/1Ha/Dahohnx+3ja+n
PC2m723zUw5vW3nYp89pGfmTsdY230viMueLffr9ekbqfF/XP3zlvNnWHI828SRyX4f123Bl21Ty
8ynJ+bw9noX2r+LXY2Xr6vcOluKS+LYOkcuQL2z6tj3afpqOhnP674wOoIxTfBuK6Z2Wtq0E0/uh
Ygmm7/YVSxBMwKTYA3vBYapYgun3oWIJkgc3KDd0wJ3iHfBOMKGGas2I/Kh56JPqE/5L+t8Ab0G9
eXj26jkk5JPiA/BBcQSOgh2jR9Y8NINqkoO+076g2almh3yn+QBuUC6hhrSG0AtpLw4enHogeCD1
QOidtHeCf1L/hFmRzmqPOezrHNB70N499L3qe3j2dQ4vqHlRHWBS7DBDCXrp77er1697+rFX8V6K
rFRd5rpLukVz5o99X5dVWfX5C1LyyusKZW5kc3RyZWFtCmVuZG9iagoyNyAwIG9iagogICA0MDkK
ZW5kb2JqCjI4IDAgb2JqCjw8IC9UeXBlIC9Gb250RGVzY3JpcHRvcgogICAvRm9udE5hbWUgL1FY
VUhaWitEZWphVnVTZXJpZgogICAvRm9udEZhbWlseSAoRGVqYVZ1IFNlcmlmKQogICAvRmxhZ3Mg
MzIKICAgL0ZvbnRCQm94IFsgLTc2OSAtMzQ2IDIxMDUgMTEwOSBdCiAgIC9JdGFsaWNBbmdsZSAw
CiAgIC9Bc2NlbnQgOTI4CiAgIC9EZXNjZW50IC0yMzUKICAgL0NhcEhlaWdodCAxMTA5CiAgIC9T
dGVtViA4MAogICAvU3RlbUggODAKICAgL0ZvbnRGaWxlMiAyNCAwIFIKPj4KZW5kb2JqCjkgMCBv
YmoKPDwgL1R5cGUgL0ZvbnQKICAgL1N1YnR5cGUgL1RydWVUeXBlCiAgIC9CYXNlRm9udCAvUVhV
SFpaK0RlamFWdVNlcmlmCiAgIC9GaXJzdENoYXIgMzIKICAgL0xhc3RDaGFyIDExNwogICAvRm9u
dERlc2NyaXB0b3IgMjggMCBSCiAgIC9FbmNvZGluZyAvV2luQW5zaUVuY29kaW5nCiAgIC9XaWR0
aHMgWyAzMTcgMCAwIDAgMCAwIDAgMCAwIDAgMCA4MzcgMCAzMzcgMzE3IDAgNjM2IDYzNiA2MzYg
NjM2IDYzNiA2MzYgNjM2IDYzNiA2MzYgNjM2IDMzNiAwIDAgMCAwIDAgMTAwMCA3MjIgMCA3NjUg
MCAwIDAgMCAwIDAgNDAwIDAgMCAwIDAgMCAwIDAgMCAwIDAgODQyIDcyMiAwIDAgMCAwIDAgMCAw
IDAgMCAwIDU5NiAwIDU2MCA2NDAgNTkxIDAgNjQwIDY0NCAzMTkgMzEwIDYwNSAzMTkgOTQ4IDY0
NCA2MDIgNjQwIDAgNDc4IDUxMyA0MDEgNjQ0IF0KICAgIC9Ub1VuaWNvZGUgMjYgMCBSCj4+CmVu
ZG9iagoxIDAgb2JqCjw8IC9UeXBlIC9QYWdlcwogICAvS2lkcyBbIDIgMCBSIF0KICAgL0NvdW50
IDEKPj4KZW5kb2JqCjI5IDAgb2JqCjw8IC9UeXBlIC9PdXRsaW5lcwogICAvRmlyc3QgMTggMCBS
CiAgIC9MYXN0IDE4IDAgUgogICAvQ291bnQgLTEKPj4KZW5kb2JqCjE4IDAgb2JqCjw8IC9UaXRs
ZSAoREVUQUxMRVMgREUgTEEgUkVTRVJWQUNJT04pCiAgIC9QYXJlbnQgMjkgMCBSCiAgIC9GIDAK
ICAgL0Rlc3QgWzIgMCBSIC9YWVogNzAgNzYzIDBdCj4+CmVuZG9iagozMCAwIG9iago8PCAvTmFt
ZXMgWwogICAoaWRfT2JzZXJ2YWNpb25lcykgWzIgMCBSIC9YWVogMjA1IDUzNCAwXQogIF0KPj4K
ZW5kb2JqCjMxIDAgb2JqCjw8IC9EZXN0cyAzMCAwIFIgPj4KZW5kb2JqCjMyIDAgb2JqCjw8IC9Q
cm9kdWNlciAoY2Fpcm8gMS4xNS4xMCAoaHR0cDovL2NhaXJvZ3JhcGhpY3Mub3JnKSkKICAgL1Rp
dGxlIChSZXNlcnZhY2lvbikKICAgL0F1dGhvciAoKQogICAvS2V5d29yZHMgKCkKICAgL0NyZWF0
aW9uRGF0ZSAoRDoyMDIxMDEyOTA5MTIwM1opCj4+CmVuZG9iagozMyAwIG9iago8PCAvVHlwZSAv
Q2F0YWxvZwogICAvUGFnZXMgMSAwIFIKICAgL091dGxpbmVzIDI5IDAgUgogICAvTmFtZXMgMzEg
MCBSCj4+CmVuZG9iagp4cmVmCjAgMzQKMDAwMDAwMDAwMCA2NTUzNSBmIAowMDAwMDYwMDI2IDAw
MDAwIG4gCjAwMDAwMDE0OTAgMDAwMDAgbiAKMDAwMDAwMDAxNSAwMDAwMCBuIAowMDAwMDAwMDE1
IDAwMDAwIG4gCjAwMDAwMDA3NjAgMDAwMDAgbiAKMDAwMDAwMDAxNSAwMDAwMCBuIAowMDAwMDAw
NzM4IDAwMDAwIG4gCjAwMDAwNTA1MzMgMDAwMDAgbiAKMDAwMDA1OTU2MCAwMDAwMCBuIAowMDAw
MDAxNzU3IDAwMDAwIG4gCjAwMDAwMDA5NTAgMDAwMDAgbiAKMDAwMDAwMTIwNyAwMDAwMCBuIAow
MDAwMDAxNDU0IDAwMDAwIG4gCjAwMDAwMDIyMTYgMDAwMDAgbiAKMDAwMDAwMjE5MyAwMDAwMCBu
IAowMDAwMDAyMzE5IDAwMDAwIG4gCjAwMDAwNDMwNTUgMDAwMDAgbiAKMDAwMDA2MDE3NSAwMDAw
MCBuIAowMDAwMDQzMDgwIDAwMDAwIG4gCjAwMDAwNDk3NTEgMDAwMDAgbiAKMDAwMDA0OTc3NSAw
MDAwMCBuIAowMDAwMDUwMjMyIDAwMDAwIG4gCjAwMDAwNTAyNTUgMDAwMDAgbiAKMDAwMDA1MDk5
NiAwMDAwMCBuIAowMDAwMDU4NzUyIDAwMDAwIG4gCjAwMDAwNTg3NzYgMDAwMDAgbiAKMDAwMDA1
OTI2NCAwMDAwMCBuIAowMDAwMDU5Mjg3IDAwMDAwIG4gCjAwMDAwNjAwOTEgMDAwMDAgbiAKMDAw
MDA2MDI5MCAwMDAwMCBuIAowMDAwMDYwMzcwIDAwMDAwIG4gCjAwMDAwNjA0MDYgMDAwMDAgbiAK
MDAwMDA2MDU3MiAwMDAwMCBuIAp0cmFpbGVyCjw8IC9TaXplIDM0CiAgIC9Sb290IDMzIDAgUgog
ICAvSW5mbyAzMiAwIFIKPj4Kc3RhcnR4cmVmCjYwNjYyCiUlRU9GCg==

--===============4162438510459410861==--

-------------------------------------------------------------------------------
