Content-Type: multipart/mixed; boundary="===============7485631626851138542=="
MIME-Version: 1.0
Subject: =?utf-8?q?Hotel_Real_-_Confirmaci=C3=B3n_de_Reservaci=C3=B3n?=
From: reservaenrealnicaragua@gmail.com
To: justo@becerra.com
Date: Tue, 04 May 2021 16:10:12 -0000
Message-ID: <162014461292.3470.17441363735473251307@localhost>

--===============7485631626851138542==
Content-Type: text/html; charset="utf-8"
MIME-Version: 1.0
Content-Transfer-Encoding: 7bit

Pronto nos pondremos en contacto con usted. recibimos su solicitud para RealNicaragua
--===============7485631626851138542==
Content-Type: application/pdf
MIME-Version: 1.0
Content-Transfer-Encoding: base64
Content-Disposition: attachment;
 filename="justo@becerra.com_1234567_2021-05-04 16:10:10.229287.pdf"

JVBERi0xLjUKJbXtrvsKNiAwIG9iago8PCAvTGVuZ3RoIDcgMCBSCiAgIC9GaWx0ZXIgL0ZsYXRl
RGVjb2RlCj4+CnN0cmVhbQp4nJ1U23KbMBB95yv2EU8HWXeg4/GU2LSTjtPUMW0fMnlQsOyQGLAN
afP5lYDGubmJIwah0a7OObuslgA2j0fMFHACae5sHNzsbZfQVxiWlXOUOJS3fuYrKaICCMYokIwG
BJLc6S887GEw64Vz7o7jpCeEG00m8QzGMUwiOItn8VmPCfdnzw/caHR8+q13kXx14sSZwsbpMClF
EgsQjCJfABdGhIZfUBhNEreqPLvbugu/cWeEWtmtVujfhTAunWkD+0IgxrkNmILkSIDEFIWUBIbv
SRxuBEWZXxoFc91Lrq2N3Nug27n3tpCIUx4Y/cncJOF7j/quqtS63Na6ifUgADfOVbZ6L6/eVmWh
qj20hCAsGfd9wAhjIRgLWk7SoM/WqoDBAPpRWt+qVaLvahgs9GKBscJDGA7haDzqoOITs1p3dM/E
eTsmq5JhxsJW5WdbIDq9Uia5EBf1Vs3VoWoppsZVeJibyvmIw3eyz9Qqey+59DA5jNyN9LZcZYVW
L//bvYQ/iqzWc4iyrT1dvZnv9LLS298qzcrdqbdyqtfqQUr73tdEA01a6AHGmAy7EtmvVAa7zCx1
UWvY3Gpz7RvRB8odXd2mNzBSVb3S4LX1mbRNAIXMDtsLHjcBGoRI8oCzAHxu+gmTPgm7VrDjTa/X
OQkD9mlpbyVKy/wl8LMvZi3t8OGPMX0177VzfmF1wtwhGE5gA6ThbmfTtzoBhp2baDjkYG4zsiL+
7axgBtNdL3usv3W27es/8r03pYLTAPk+eyUVHwQTAQ59GvI9OXgWYgf8IERBBCK+fBJif5IVN02l
nYyOx+ZsV1ZNBT22kYe2qfMX2F+GQwplbmRzdHJlYW0KZW5kb2JqCjcgMCBvYmoKICAgNjMyCmVu
ZG9iago1IDAgb2JqCjw8CiAgIC9FeHRHU3RhdGUgPDwKICAgICAgL2EwIDw8IC9DQSAxIC9jYSAx
ID4+CiAgID4+CiAgIC9YT2JqZWN0IDw8IC94OSA5IDAgUiA+PgogICAvRm9udCA8PAogICAgICAv
Zi0wLTAgOCAwIFIKICAgICAgL2YtMS0wIDEwIDAgUgogICAgICAvZi0xLTEgMTEgMCBSCiAgID4+
Cj4+CmVuZG9iagoxMiAwIG9iago8PCAvVHlwZSAvQW5ub3QKICAgL1N1YnR5cGUgL0xpbmsKICAg
L1N0cnVjdFBhcmVudCAwCiAgIC9RdWFkUG9pbnRzIFsgMjkwIDExMCA0MjUgMTEwIDQyNSA5NiAy
OTAgOTYgXQogICAvUmVjdCBbIDI5MCA5NiA0MjUgMTEwIF0KICAgL0EgPDwKICAgICAgL1R5cGUg
L0FjdGlvbgogICAgICAvUyAvVVJJCiAgICAgIC9VUkkgKG1haWx0bzpjanBtMTk4M0BnbWFpbC5j
b20pCiAgID4+CiAgIC9CUyA8PCAvVyAwID4+Pj4KZW5kb2JqCjEzIDAgb2JqCjw8IC9UeXBlIC9B
bm5vdAogICAvU3VidHlwZSAvTGluawogICAvU3RydWN0UGFyZW50IDEKICAgL1F1YWRQb2ludHMg
WyA0MjkgMTEwIDUxNSAxMTAgNTE1IDk2IDQyOSA5NiBdCiAgIC9SZWN0IFsgNDI5IDk2IDUxNSAx
MTAgXQogICAvQSA8PAogICAgICAvVHlwZSAvQWN0aW9uCiAgICAgIC9TIC9VUkkKICAgICAgL1VS
SSAodGVsOis1MzU4MDk3Mjk0KQogICA+PgogICAvQlMgPDwgL1cgMCA+Pj4+CmVuZG9iagoxNCAw
IG9iagpbCiAgMyAwIFIKICA0IDAgUgpdCmVuZG9iagoyIDAgb2JqCjw8IC9UeXBlIC9QYWdlICUg
MQogICAvUGFyZW50IDEgMCBSCiAgIC9NZWRpYUJveCBbIDAgMCA1OTUgODQxIF0KICAgL0NvbnRl
bnRzIDYgMCBSCiAgIC9Hcm91cCA8PAogICAgICAvVHlwZSAvR3JvdXAKICAgICAgL1MgL1RyYW5z
cGFyZW5jeQogICAgICAvSSB0cnVlCiAgICAgIC9DUyAvRGV2aWNlUkdCCiAgID4+CiAgIC9SZXNv
dXJjZXMgNSAwIFIKICAgL1N0cnVjdFBhcmVudHMgMgogICAvQW5ub3RzIFsgMTIgMCBSIDEzIDAg
UiBdCj4+CmVuZG9iago5IDAgb2JqCjw8IC9MZW5ndGggMTUgMCBSCiAgIC9UeXBlIC9YT2JqZWN0
CiAgIC9TdWJ0eXBlIC9JbWFnZQogICAvV2lkdGggODAwCiAgIC9IZWlnaHQgNjAwCiAgIC9Db2xv
clNwYWNlIC9EZXZpY2VSR0IKICAgL0ludGVycG9sYXRlIHRydWUKICAgL0JpdHNQZXJDb21wb25l
bnQgOAogICAvRmlsdGVyIC9EQ1REZWNvZGUKPj4Kc3RyZWFtCv/Y/+AAEEpGSUYAAQEAAEgASAAA
/+EAjEV4aWYAAE1NACoAAAAIAAUBEgADAAAAAQABAAABGgAFAAAAAQAAAEoBGwAFAAAAAQAAAFIB
KAADAAAAAQACAACHaQAEAAAAAQAAAFoAAAAAAAAASAAAAAEAAABIAAAAAQADoAEAAwAAAAEAAQAA
oAIABAAAAAEAAAMgoAMABAAAAAEAAAJYAAAAAP/tADhQaG90b3Nob3AgMy4wADhCSU0EBAAAAAAA
ADhCSU0EJQAAAAAAENQdjNmPALIE6YAJmOz4Qn7/wAARCAJYAyADASIAAhEBAxEB/8QAHwAAAQUB
AQEBAQEAAAAAAAAAAAECAwQFBgcICQoL/8QAtRAAAgEDAwIEAwUFBAQAAAF9AQIDAAQRBRIhMUEG
E1FhByJxFDKBkaEII0KxwRVS0fAkM2JyggkKFhcYGRolJicoKSo0NTY3ODk6Q0RFRkdISUpTVFVW
V1hZWmNkZWZnaGlqc3R1dnd4eXqDhIWGh4iJipKTlJWWl5iZmqKjpKWmp6ipqrKztLW2t7i5usLD
xMXGx8jJytLT1NXW19jZ2uHi4+Tl5ufo6erx8vP09fb3+Pn6/8QAHwEAAwEBAQEBAQEBAQAAAAAA
AAECAwQFBgcICQoL/8QAtREAAgECBAQDBAcFBAQAAQJ3AAECAxEEBSExBhJBUQdhcRMiMoEIFEKR
obHBCSMzUvAVYnLRChYkNOEl8RcYGRomJygpKjU2Nzg5OkNERUZHSElKU1RVVldYWVpjZGVmZ2hp
anN0dXZ3eHl6goOEhYaHiImKkpOUlZaXmJmaoqOkpaanqKmqsrO0tba3uLm6wsPExcbHyMnK0tPU
1dbX2Nna4uPk5ebn6Onq8vP09fb3+Pn6/9sAQwAIBgYHBgUIBwcHCQkICgwUDQwLCwwZEhMPFB0a
Hx4dGhwcICQuJyAiLCMcHCg3KSwwMTQ0NB8nOT04MjwuMzQy/9sAQwEJCQkMCwwYDQ0YMiEcITIy
MjIyMjIyMjIyMjIyMjIyMjIyMjIyMjIyMjIyMjIyMjIyMjIyMjIyMjIyMjIyMjIy/90ABAAy/9oA
DAMBAAIRAxEAPwD3+kNLUckixozuQqqMkk9KAH8UuaxJfEmkoT/xMrXj/pqKqyeK9JXpqNsf+2gp
8rA6TOaK5j/hLNL/AOghbf8AfwUf8Jbpf/QQtv8Av4KfKwOnormP+Eu0r/oIW3/fwUf8JbpX/QRt
v+/go5WB09Fcz/wlulf9BG2/7+Cq15450axtzPNfRlB/cO40ckmK6R19Fedj4teGSM/a5f8Av0aP
+Fs+Gv8An7k/79mrVGQudHolFeef8LZ8Nf8AP3J/37NH/C2PDf8Az9yf9+zR7Gr2DnR6HRXnv/C2
PDef+PuT/v2aX/ha3hv/AJ+5P+/Zpewq9g50eg0V5/8A8LV8Of8AP3J/3waP+FqeHD/y9v8A98Gj
2FXsHOj0CiuA/wCFp+Hf+ft/++DR/wALT8O/8/b/APfBo9hUDnR39FcB/wALT8O/8/b/APfBo/4W
l4e/5+3/AO+DT+r1A50d/RXAf8LS8O/8/b/98Gj/AIWl4d/5+3/74NH1eoHOjv6M1wP/AAtHw9/z
9v8A98GkPxS8Oj/l7f8A74NHsKgudHf5ozXn/wDwtPw7/wA/Un/fBpf+Fp+Hf+fqT/vg0vYVOw+e
J3+aM15//wALT8O/8/Un/fs0f8LU8Oj/AJepP+/ZqvYVOzDniegUV5//AMLV8O/8/Uv/AH7NJ/wt
bw7/AM/Uv/fs0fV6n8oe0ieg0ZNeff8AC1fDn/P1L/37NH/C1fDv/PzL/wB+zS9hU/lF7SJ6DmjN
eff8LW8N/wDPzL/37NJ/wtbw5/z8y/8Afs0ewq/yh7SJ6Fk0ZNee/wDC1vDn/PzL/wB+zS/8LW8O
f8/Uv/fs0ewqdg9pE9BzRmvPf+FreHP+fqX/AL9mj/ha/hz/AJ+pf+/Zo9hU/lH7SJ6FmjNeff8A
C1vDn/P1L/37NH/C1vDn/P1L/wB+zR7Cp/KHtInoOaM159/wtbw5/wA/Un/fs0f8LV8Of8/Uv/fs
0ewqfyh7SJ6DmjNeff8AC1fDv/P1J/37NL/wtPw7/wA/Uv8A37NHsKn8rD2kT0DNGa8//wCFp+Hj
0uZf+/Zp4+J+gH/lvN+ERo9hV/lYvaRO9zRmuDHxN0I9JZ/+/Rpf+Fl6Gf8Alrcf9+jT+r1f5WL2
sDus0ZFcL/wsvRP+elx/36NH/Cy9D/56XH/fo0fV6v8AKx+1gd1kUZrhP+FmaF/z0uP+/JpP+Fna
EP8Alpcf9+TR9Xq/ysPawO8zS5rgT8T9B/56XH/fk0n/AAtLQP8Anrcf9+Wo+r1f5WL2sDv80Zrz
/wD4Wl4fz/rrj/vy1J/wtTw/n/W3H/flqPq9X+Vh7WB6DmjNeff8LU8P/wDPa4/78tR/wtTw/wD8
9rj/AL8tR9Xq/wArH7SB6DmjNeff8LU8P/8APa4/78tR/wALV8P/APPW4/78tR9Xqfyh7SB6DRXn
3/C1PD//AD2uP+/LUf8AC1PD/wDz2uP+/LUfV6v8oe0geg0V5/8A8LT8P/8APa4/78tR/wALT8P/
APPa4/78tR9Xq/yh7SB6BRXn3/C1PD//AD1uP+/LUf8AC1NA/wCetx/35aj6vU/lD2kO56DRXn//
AAtTw/8A89rj/vy1H/C09A7S3H/flqPq9X+UPaQ7noFJmuB/4WjoP/PW4/78ml/4WfoX/PS4/wC/
Jo+r1f5Q9pA73NGa4MfE7Qj/AMtLj/vyad/wszQv+etx/wB+TR9Xq/yh7WB3eaM1wn/CzNC/563H
/fk0n/CzdC/563H/AH5NH1er/Kw9rA7zNJmuD/4WdoX/AD1uP+/Jo/4WfoP/AD1uP+/Jo9hV/lYe
1gd5mjNcF/ws/Qf+etx/35NH/C0NB/563H/fk0ewq/ysPawO+orgP+Fo6B/z2uP+/Jo/4WloH/PW
4/78mj2FX+UPaQO/orz/AP4WnoH/AD1uP+/LUf8AC0/D/wDz2uP+/LUewq/yh7SB6BRXnx+Kvh8f
8tbj/vw1J/wtbw9/z2uf+/DUewq/yh7WB6FRXnv/AAtfw7/z2uf+/DUf8LY8O/8APa5/78NS9jV/
lD2kT0KivPP+Fs+HP+e1z/34ak/4Wz4c/wCe1z/34aj2NX+UPaRPRKK87/4W14b/AOe1z/34aj/h
bXhv/nvc/wDgO1Hsav8AKHtIdz0SivOz8W/Df/Pe5/8AAdqT/hbfhv8A57XP/gO1Hsav8oe0h3PR
aSvO/wDhbfhv/ntc/wDgO1H/AAtzw1/z2uf/AAHaj2NTrEPaQ7nonFHevO/+FueGv+e1z/4DtVvT
vidoGp6hDZW0s5mlJChoWUcDPU0nRmtWgVSLO6paqRXSyDKnIqyrZFZln//Q9/7VkeJH2eHtQ5x+
4f8AlWvWH4pOPD2of9cH/lTW4HxlcTzm6uP384xK3/LQ+p96i86b/nvN/wB/D/jROf8ASbj/AK6t
/M1HmuyNuXYVyTzpv+e83/fw/wCNHnTf895v+/h/xqOiq07CJPOl/wCe03/fw/40edL/AM95v+/h
/wAajoosuwEnmy/89pT7eYf8aDLIw2vM7D+6XYj+dNzxSU0kAc9mP5mjn+9+pooqhWQvP979TSZb
PX9TRRTsFkBLZ6/qaXLf3j+ZpKKQWQuX/vH/AL6NG5/7x/76NFFF2FkG5vU/99Gjc3qf++jSYop8
7DlQ4O3qf++jS+Y395v++jTKWqU2HKh4c/3j/wB9Gjef7x/76NMzRmnzsXKiQO394/8AfRpfMb+8
f++jUWaM0/aByom3t/eP/fRpRKR/Ef8Avo1Buo31SqtCcUWRKT3/APHjTw59f1NVQ1LvNaKtITgX
A3+1+po5/vfqarrIRT/MrVVWyOUlGezfqaduYd/1NRBqcGNXzMlofu9/1NGfQ/qab1pcU7sVhcn1
/U0c+v6mkp2KLsWg059f1NHPr+ppSKMUXY7ob83r+ppDn1/U08ikxRdhcbk/3v1NBJ/vfqadijFH
Mx6CDP8Ae/U1MoP979TUQFTR8UrsHYswg8f4mtKEdP8AGqER6VoQnGKpNmci9Dj0/WrAAA61VRql
D8Vab7mLJsimFgKj30wvTuwSJGemb6jLZpuaV2OxIXphfJ6U0mkzRzMB2R6U0kZ6UhoouwF49KPw
oApR1pXYCYHpRgelO70oXNF2Mbj2ox7U4g9Kcqmi7JGAD0pdvtUojzTtlF2BAEyelO8r2qwqACgs
BRdgQrD7VKIV7ilEtNMtLmYx+xAOlLhR6VCZaiMpo5mFi0XUdBSeaBVTzTTGkzRzsVi55wqNpRVX
fSb6XMyrFgzUzzf85qAtSFqXMwsWPN/zmkMtVt1G6jmY7E5l9qTzfaoN1BalzMdicy+1NMnt+tQ7
qTNHMwsSl/wpN/vURNGaOZhYkEh9qTzPpUWaKnmZRJ5nPagt9KZRRzMQpb6UmfpSGko5mA4sPakz
9KbmijmYx2R7UmaSik5MBcitTwzP9n8S2Uw6qx/lWTmrWnPs1CFh1BrOq/3cvRjj8SPo3RtTNxGP
TFdXbvvUEeleX+FZ2aMc16XYnMSk+leCdx//0ff6w/FP/Ivah/1wb+VbdYnigbtAvx/0wb+VK9mF
rnxZP/x93A/6at/M0zFT3ULLczsAf9a/b/aNVq6oTuglBxF6UuaSiruSGaUc0lFO4DqM03NLTTAU
UUlGaq4hRQaBRTuAUuKSlqkwCiiincAoxRS07BcTFFLSUuUVxD1oFLS0uUY2loxzS4osA2inYoxS
sO4gpc0nelqrBcMmlBNNoqk2hMlDkU4OTUIpQcVpGpYm1y0pz3p+aqbsU8SE1tGpclxLGadmoVap
Aa0UjNxH5o4pBSjFUTYUim4p2aWgBuKMU7FJtp2C4gqVRmmAYqRaVgbLMfarsZxiqMZ6VcQ9KpEM
uoak7VAh4qQGqRDQu40hz60h60maBC5xSdaDRSATFFOAyaXbzQA2gCnbKcqUANC0oHNTBeKAAKAI
9tPVadxRmkAbB60oAphbmmlqOYRLkUjOAKh3801mqXIaJjJx1phlqAtSFqVx2Ji9Rs9MJ4phNK47
EhbPemlqjzS5ouFhdxoJpmaUmlcdgzSUlGaLjDNJSZ5pM0XAWikNJmlcB2KQikzQTRcBcUYpuaM0
XAXFJRmkJpXAWim5oJpDFzRmm5ozRcB1H40wmjNK47C5opuaKdxDqTNFFK4C1PZf8fsX1qCp7L/j
9i+tRUfuP0Kj8SPZvCP+rFeoWH+qUe1eX+Ef9WK9QsP9Wv0rw2dp/9L32sXxN/yAL7/rg38q2qxv
E3/IBvv+uDfyoexUPiR8ez/6+b/ro38zVWa2BGUq3OP9ImH/AE0b+ZqM1zRnys9ydHnSMwgqcMKM
+laDxLIORzVKWF42zjiu6nVUkeTXwzg/dI6UUnFKK3Vmcr0Ciiii9gunsKKKSjNHMAtGaTNLVJis
LmikxRmquAo606m5pc00wDvTh0popc1SYC0lL2pKtAFFFAoEKKMUdKM07AGKKKKLAHFBxRQaLAJS
0lGaVgFopM0ZovYBO9PBxTaWjmaGPDVIr1DmlBrWMyWrlkPTwarBsVKr1upIzcSYGnDmog1PDVaJ
cR9LigGgHNWmS0AFSKtIBUgFMlkkY5q3HVaMc1aTNBLLCdKeCaainFShCaZLY3GaNtSbD2pwjNIV
yILS7KlCGnBKAuRBOacE5qTbRigLibaUcUE03vRcQ4tTSaaTSGpbBAWpC/FNJpO1TcYbqaWpM0ma
CgJ5ppPNKTSZpMBGPFNzTj0pppAGaTNFJikMM0E0YpKAEzRmgikoAdTaWkoGIaSlNGKAEpDS0hoA
SiijrSGGaTNLikxSACaTNIaKADNBNGKQikMM0ZoxRigANJS4oxSASlFGKCMUwCiilxQAVPZf8fkX
1qCp7L/j8i+tRU+B+g4/Ej2bwj/qxXqFh/q1+leX+Ef9WK9QsP8AVr9K8Nnaf//T9+rF8TDOhX3/
AFwf+VbdYniXnQ73/ri38qT2Kh8SPkKZP9Im/wCujfzNRlKvTR5nlOP+WjfzNRmL2rh5rs+s9g7I
qbKaV3fK3NW/L9qaY+elNTsZuh3M2e0zyn5VVIK8EYrZKc9KhmtVdTx81ddKvZ2Z5mIwLtdGXRUz
27w8NyKiALdK74uMldHkzpyg7NCUUvPcUUWZKV9hKWjFGKACijFFVcTFoooouAoopM0uapMQvaik
70tWpAFFFFUmAopaQdaWrELRikFLTsAYpCKdQaLANxRilpcUWAbijFKRRilYBMUlOxRiiwDaBTsU
YosAlOBptFNMCYNUitUANLuraMhOJbBzTgaro9SqwraLuZSViwtSCoVNSqatMyZZj61ajGTVWIDN
XYhzVEMsIpxVhENNiHNWVWnYzY0JTwnFSKtP20hXK/l0bcdan2UhSkFyAqMU2p9lNZKAuV2603vV
jZTGXnpSGQN1ppqbYc9KGT2qWhornrSVNs9qaye1KwyuetFSlfam49qCiI0lSkU0ilYBhppp+KTF
KwDKDT8U0ilYY2kp2DSZosAmKMUtFADaDTsUUDIzRTzSYoAaaaaeabQAhpBTiKSkMSkNLSUMBDSU
6jFIBtBpaKBjaKdRSsA2inUUWATvS0uKAKdhXExS4pcUYosFxMVNZ/8AH5F9aixU1mP9Mi+tRUXu
P0Ki/eR7J4R/1Yr1Cw/1a/SvL/CP+rFeoWH+rX6V4TO0/9T37tWN4j/5Al7/ANcW/lWyax/Ef/IE
vf8Ark38qUvhNKXxo+WZIx5sv/XRv5mojDU8jfvpf+ujfzNJmvMe5+hxgnFFZoSDUbRH0q/x3oKg
0iHRTM0x47Uzy60jFntTDBVJsylh7ozmhDDBGaz7ixZTujrdaGo/LwOfyraGIlBnn18vjUWxzTKV
PzUm3vW5cWCTDKjDVly27xHDqfY169CvGotT5vE4CpRehWxRin7aXbXU6Zw3I8UYp+KMVHIMZRTi
KMUuQBuKKdijFJxEJmjNLSUbALSim06qTAMU7imUuatMBaM0UVaYC5pabTqpAIOTTqQdaWrEFJS0
tFgExSU6kAosAlHNOxR1osA00mKdjFFS4gNwaUZFLg+tJjFGwDgxFPQ1FTgcVpGQmi0jGp1YVRBN
WIm45rdMzlE0Imq9A3NZsTcdauxHpVpmEkacbirKyVnISKmEhwKdzNo0Q4p4cGs7zsCni44pk2NE
EGl4NUFuuKcLn3oCxd2igoDVX7R704Tj1oEWPL4pvlc0wTj1pwmX1osAGIelNaLPapBID3FL5g9q
LAQ+Tx0pjQ+1WwwIo4NKwXKBgOelMMPtWltBpDCCOtFh3Mww0wxe1aZgFJ9mFFguZbRcUzyq1Tai
mm1FS4juZflmm+XzWr9lpptKOUfMZnl0hjrTNrTTa+1LlDmM0pSbK0Ta8dKYbajlC5QKUmyrptzT
TBipsO5SKUhU1aaE00xUWGmVyvFNxU5j5ppSiwXIKSptlN2VI7kdB4qTZSFKLBcjxmjFP20baLBc
ixRipdvtRt9qLDIsUYqXb7UbaLARgcdKXHtT8UYosAzFLinY9qMU7ANxRgU7FG2iwDcVNaD/AEuL
61HiprUf6VH9azqr3JejKh8SPYPCP+rFeoWH+rX6V5d4R/1Qr1HT/wDVr9K8Bncf/9X341j+Iv8A
kCXv/XJv5Vs1i+Iz/wASS9/64t/KlL4TSl8aPllz++m/66N/M0Bqjd/30vvI38zQGrzHufoEKi5U
TA07OKiB9KfnNI1TTJAaXg9ajDc08GncvQUqDTTGvpT80oI9KdriaXUgaAH2NQS2iuuHHB71fGCe
lKUFVGTjsZ1MPTqLU5m5014SWUbkqkUwa7ExjGMcVn3WlRzZaMEN9eK9fCY9fDU3Pm8dkurnTOc2
80hWrktq8LEMp4qBkK9a9iKjNXPmZp05cskRFaTbUxWm4pSpEpp7EW3mgjmpdtJtqHSHcixRipMU
m2odILjMUYp2KTFQ6Y7iUUuKTmp5Wh3A0CiijUQuaUU3vSiqUgHUuabmlrSMhWHA0U3NKDWnMA7F
AFJuNKDVJ3AWkpaMCqshDTRilopWASkNOxRik0A3FL3pcUlKwDhUqMaiBp6k007Ca0LsLc1fhas2
I4q9Ca3izCaNBG4p4aoENSA1ojJokzRmm5ozQIcTSgmm5pCTQIl3HFAciosmjJphYm80inecar5N
G40BYtC4OKVbk5qpuNKCaAsXhdYpwu6z9xoyaA5TRF57077XnvWZuNG40XFymqLoetOF2PWsnefW
nbzjrRcOU1xcrSi4Q1kBznrThIR3ouKxr+ctKJFNZHnGnic4607isau5DS/KayxOfWpVuSKVwsXt
q9KaY1qutxzTvPFAWJDCKjMAp4mzTt4NFhXKzQc8VE1vxV7IppANK1xpmcYDUZgOa09gNNMQ9KOU
dzM8kim+Qa0jDntSeT7VPKVczDDSeSa0zD7Uhg9qOULmb5RFHle1aPkZ7UfZ6OULmd5XtR5VaHk+
1J5Ge1LlC5nmKm+Ua0DDz0pDCPejlHcoeVR5dXWhphiNHKFyrs4puyrXlGkMWKVh3K+ymleasFDT
ShosFyHbzUtqMXcf1oKU+2X/AElPrWdVfu5ejKg/eR614Q/1Ir1Gw/1a/SvLvCP+pFeo2H+rX6V8
8z0D/9b36sXxJxod9/1xb+VbPWsbxN/yAr7/AK4t/KlLYun8SPk6R/8ASJf+ujfzNKsg9arysRcS
/wDXRv5mmqxrznHU+whWdkXg/vUivVESVIstTY6I1y5u9DTg1VVcetSh/ekbxqlgNTwwqvu96cr0
J2N1JMnDc1IDkc1XD1IGq73KTHke9KM9KZnmnbqL63B6jZoI5lIZQDjrWTc6c0ZLKpYe1bYPFBKl
cEV3YbGzpb7Hm4zLKWIV0tTl2h5xjmomi56V0NzYrIodOvpVNNOu52IgtWf6V9Dh8ZSqx0Z8Vi8B
WwsnzLQxzHSbMVrnRNXBP/Eum/I/4U3+wdYP/MNmz+P+FbucO5yLmexkbaQgVsf8I5rjf8w2X9f8
KafDWuf9A2X9f8Kzc4dx6mORSEYrYPhrXP8AoHS/r/hTG8O62oydOl/X/CocqfcZlYppHNaT6Lq6
9dPm/I/4VCdL1NethLj/AHT/AIVD5RlLFGKsmwvv+fKUf8ANIbO9H/LpL/3yam0QKxFIM1Y+yXn/
AD6S/wDfJprW10Bzay/98msmkMhpc0/7Pcf8+0n/AHyaaYZx1hk/75NJOwxAc04GmlJQP9U//fJo
Cv3if/vk1SmIcKdmo/nH8DflS7j3VvyrRTQh+aUGmb8fwt+VHmqO5/KtFNMViTijio/OXsT+VL56
9yfyrRSQEnHakpolU+v5UvmL2J/Km2rAOxSUnmL/AHqN4PelZAOAp6imAg/xVIpH96iyC7Jo6vQ9
qpx4OPmq9H0HOa0iYyLUfWpgKjjHFSgGtUYsKKXBpOaCRaSjmloASik70tMAooopAFLSUZoAWikz
RQAUc0UUBYKM0UUALk0ZNJRQMdup2/io6KBEm6lD1GKXNAWJhJSiSoQaN1ArFkSmpBN71U30u+nc
LFwT+9OE2e9Ug9Kr0XFYvCUetO8z3qiHpwf3pXAuCUU7eDVISUvm1QrF3IoBFVRL704Se9AWLPBp
ce9VxJ70qyc9aAsTkCk2+1M3jPWnbwe9AhfLFIYwe1G73pQfekA0w5qMw1Yz70hFAXKph9KYYjnp
VvApCuaVh3KRiOelRtHV8pTGizSaGmUNlOhX9+n1qy0eDimomJAcd6yqr93L0ZcH7yPTfCP+pFeo
2H+rX6V5d4Q/1KV6jp/+qWvnWekf/9f30dKxvE3/ACAr708hv5Vs1i+J/wDkAX3/AFwb+VJ7FU9J
I+RpJF+0TevmN/M0gwehqrMf9Kn5/wCWjfzNNDEdDXI46n0UK9kXipHvQBn2qqs7r71MLkH7wxUu
JvGsmTAkU9XqNZFbuKeRnpUNG8Zkok96lVxVTBpwYipcTaNVouh/SpFfis8Oe1SLKamzOiNUvhxT
gwNU1kqQPRc1Uy2GGKcCMVWDU8E4p3NE3e6JweuK0dI1270S4WW3SKRQclJE3ZrKVqeprSFXl+Ei
rThWVqiue5eGfGeka7EkctrDBP0IKjk11hhhC8W8J9D5Yr5iRnjkWSGRo3U5BU4rvPC/xIvNOdYN
XkEkHRXJ5/GuqFZS3Z81jska96lseutCgGfIhB9NgqLYv/PGH/v2KNN1Sy1W2We1lR1YZwDnFWtn
UYrdS7M+flTcHyyKLKP+eMP/AH7FMMakcwQ/9+xV3ywTUbR4NPmkTZGe9vE3W3h/79iq72Nsc5to
v++BWqU9qjZPahSl3DQxX0uxb/l0jP8AwGom0fTz1sk/Ktsxj0pjRD0NDlJdR2MCTRNOzxZpVeTR
NOx/x5Ka6FocnpUDQ/N0NLml3Cxz7aHpn/Piv51Xl0HSz/y4j866N4arvDzS55Ac03h/Ss82I/Oo
m0DSB/y4j/vqujaHnpVeSHmjml3CxgHQNGPWw/8AHqb/AMI/ogP/ACD8/wDAjWy8VQNH9aOeXcLF
FfD2gHrpv/j5qVfDPhxv+YZ/4+akxtPJNSLIR3p+0n3CxF/wifhtv+YaR/20NKPBfht/+XDH/bQ1
aWc+tWY5uOTTVWfcLGX/AMID4bfpbEf8DNMb4b+HX/5Zlfo5reWXnqKmWXPTiq9tPuDRyrfC3w+/
RmH/AAI/41Xb4SaCw4uZR+P/ANeu3WQU/Puaarz7iscA3wf0MjIvZ/wqB/hHpCfdv5x+FeisBj/G
oJVGO1XHETDlPOZPhrpsH3bxzj3qjP4StLbpOxr0K5U4OcVg3q8HFd9GpJ7nNUOMk02KHgMxqAxY
6Cty5Tk9aoMgzXow1Ryt6meU5ppXFXTGM0xovaqsK5UxRirDRimmM+lA7kBUUlTmM46U3y/agCLF
JipdtNKnNIYw0lPKmk2n0oAbRTsUnFABRRRQAUUUUAFFFFABRRiigAzS0lFAC0UnNHNAC5pTTRSm
gBRS5ptFADs0uaZRQFiTdRmmZoyaLiH7qcGqLJoBNAEwf3pwcjvUGTS7qALHme9PWQ461Vz70oY0
CLYk96eJPeqYY0u80xNFwSe9SB896ohz61IHNAWLWadmqquaf5nNAiekxUYf3pd1Fh6ikc0m0Zpd
1GazrL93L0ZVP40eieEP9Uleo2H+rWvLvCH+qSvUbD/VrXzT3PUP/9D37tWL4n/5AF9/1wb+VbXa
sXxP/wAgC+/64N/Kk9iofEfHM3/HzP8A9dW/maZTpj/pU/8A11b+Zpua53uexH4UKDQTSUdaC0x/
0zSh3ToaZ0NOpWKjOROtzIO1Srcg/eFU6M1LRqq0kaAljY8Gnk/3azgTUiyMvepcTohXLwY04SEV
VScHrUylX6Gs3E6YVCdZamWXI61UIIoDYOKVrHRGrYvLIKmD5FZ4fFTLJUtG0aly4p96fkYI+UZ6
k96qrJ3qQSAnpTUjVSurM1NJ1a90SZZLGVkwckbuteteGfiNp+qCO2vW8i66crjP414rvBFKD8wd
eGHQ+lawq2OHFZbRrq63PqJSrLvXa69iGzSAA/Q14d4X8f3uiyrDdgzwHjJJ4FevaNr2n63aie0m
HunfNdcKikfKYnAVMPLVXNF4xjiojH7VYBJ4PFBweR0rTTocKtcplMdqay+1XCgNRslAtepT8vvU
bJnjFXdhFNKZ60AZzRe1QtD7VpNHUbR8dKQGW0PtVeSD2rXMXtULw0DMaSDjpVZofatt4cjpVVoc
HpRYDGkg9qrGMitmSGq0kApAZnK09ZSKneCoHjI6UAWEnqZZves3JWniUigDWSX3qwstZCT1aScU
AaO+o3YGoFmBoZxVxZLK1z0NYN33rbnfIOaxbogg16FB6nPUMO4HNUXUZq9cnmqLnmvXpvQ45bkR
XmjZTqK0RJEUBpDHUuBQRQBWKUhTipytJt4osFyvsphTmrWzjimFeeaVh3K5XFNK1OVOegprIO5A
pWfQaZBtyKQrUhIHGR+FN3p/tE/Sj1QXGbaMUuJnJ8uFm/Cnpa38g+W0aj3e47sixiira6RqspAW
zap08La3IeLZhn2qXUgt2UoyZm4pMe1ba+CNdkHMRUfSpk+HmuOOOPwqHWp/zIfJI578KPwrph8N
dcPVwPwqQfDLWj1mH5VP1ij/ADD9nI5TGe1GMV1o+GGsf89/0o/4VhrP/Pf9KPrFDuHs5HJUfhXW
f8Kv1j/nv+lMb4aayP8Alr+lH1ih3D2cjlvwpRx2rpW+G+tgff8A0qL/AIV5rg7/AKU/bU/5hckj
n8+1L+FbbeAtdXtn8KY3gjXl/wCWefwpqrB/aDkkY5z24pOa1G8Ja4n/ACwNRnw1ra9bY0e0h/MH
JIz80A1cOhawv/LoajOkauvWzNUp+aCz7EGaMmpDp2qDraNTTZ6j/wA+jU+ZdxNeQ3NGTSm21D/n
0ak8i+HW1ejmj3FbyFyaMmk8m9/59X/Kjyb3/n0elePcLPsODGnZpghvf+fR6eLW/PS0c0049x2f
YUGl3mk+x6jnH2RhUi6dqjdLM0nKPcLPsIJDShyeamTRNYkPy2h/KrKeFdalPEO38KXtIfzIXs5F
PzOOlKJPWtaHwHrkxH8OfatOD4Y6rJjfcbfwqZYilHeQeym9jmRMi9aVZ42cKH5Pau5tvhRJkGe8
NWtS+HVnpOiXV95++SFNyj1rnrYqm4NJ9DWFCSabJvCH+qSvUtP/ANWteXeEBiJM+teo6f8A6ta8
M7j/0ffqxfE//IAvv+uDfyrZPasbxR/yAL7/AK4N/KlLYcd0fG8//H1P/wBdW/maYDmnzj/Sp/8A
ro38zTAMVzvc9hbJC5pwpuKcKCri0DNApaVikgooooKCnZpveg9aLDHgn609XI5HFRg0ualouLaL
SXB71Msiv35qiKcrY6GoaOmFVou4NLnFV0lIHNTiRWFQ0dEZJokWQipFlqHAI4NJgik0bwm0XUkz
UivzVAMRUiOc8moaNY1Gi9vU/eycdKvaXq9/pM4ms7gqR/DnisgPUgcd6qMrGkowqK0ke4eFfiDb
aukdveYiuenzHrXcZ44II7HtXy4CSyyjKyJyrg9K73wp8RJ9NMdrqcxltiAvmMN3/wCquqnW7nz2
Pyhr36Z7OD68Up5qlZ39tf2yz2k6zRHoVbOKs7uK6k09j56SadpDygIqNo6eGp3Wgm6WhXMdNKVa
Kg1GVpAVjGDUTxVbK01h7UwKDQ1XeH2rUZM9qiMXB4oAx3hz0FVngz/DW00Qx0qB4OOlIDFeEY6V
Ulh5rbkg9qqSQHPSkMxXi9qj2AdK1ZIOOlVWhx2oAp4NSB6GUg9KaeOlAE6SU8y4qnvIpfNzTW4r
D5pMg1jXL9avTPjPNZVy+M16FDcwqIzbg81Sc81Ncyc1TduetetTempxTi7kmaMiotx9eKcGXHLY
rdbE2Y8nBwadziq5nQHPzP8ASp7e01C7IFtaTMD/ALNJtLdiE7013ReCwrpdP8A63fgNJC8anqSM
V1emfCmJcPePk+ma554ynDcuNGctjysyoDgct9amisr+5IEELEHpwTXvFl4J0azC/uI2I7soNbUV
lY24AitoRjphBmuWeZRXwo3jhn1PBbTwTrl6BmMoD3Kmte3+E+oTBTNcSDPUDivasjHyLt/Cgs39
5q5pZlUlpHQ0WGSPM7X4RWcagzzOx7gtWrbfDXQ7cfPHux6muyZSeTuIqN12LvYfKKwlia8vtGsa
KMGHwjodryllE31XmrSaRpcf3LGJffbRd61ZwttXOR2qF9RupIvNhh3Rj0rkeK1ac7tGvsraWLXk
WicLaoPfbS4gHIVB9Kp2uqxagDbSsY5egB4rH1yxvbD5kkdkJ7GuetiuSk6nxFKGvK0dC1zCp271
Bp3mkrlHyPbFcizJLYhg8rS+grU0KBhD5k0rrjoGNFPERqSSS0Y5U0nobHnSZPzNxTVvFJwJcGlJ
Byy8qe9c94ksTD5csErKzHGAa2qycIXWooxu7HR+fLjKuSPWkEsrDIc/pXLQ3d9p0EZmDywnuKhu
dRP2+EQTPtkOSvpXPDFxaV9ypU2mdd5sv99qQyyjq7Vk6xJcWFvFcBjtb1pml6pNqD/d+UCtXXgq
ypPcnldr9DZFxIf4jQZn7sRVSS/tYZPLaTLelMjvreRiDkD1rW8XpFpkuDXQvecw9TSeZ6hfyqFZ
YZAfLk3EdhTsk9qfNF6RE0h+9D1jT8qCIj1iT8qbijNP5C0FMdt/zwj/ACpPJtT1to/yoooUh2iN
NrZHrax/lTRZafjm0j/75qSiq5pLqKy7EJ0/TT1soT9VqM6TpbHP2KH/AL5qyaKOeXcLLsVv7J0r
/nxh/wC+aP7K0r/nxh/75qzSYo559wsuxW/srS/+fGH/AL5p66dpo6WUI/4DU2KKOeXcLLsR/YtP
B4tIvwWni3s16Wsf5UtFHNLuFl2HBbcD5YIx+FKHA6IB9KZSik9R2RIJ3GcEilNxKR99qioqbICT
zXbqT+NZHidyfDGoZ6+Xx+daecVk+Jj/AMU1f/8AXP8ArTAwvCHMSZ9a9R0//VrXl3hD/VJ9a9R0
/wD1a0Af/9L32sXxR/yAL7/rg38q2qxfFH/IAvv+uDfyoew47o+O5h/pE3/XRv5mmFc1LL/x8T/9
dG/maZ0rmPcUboZgigA1IRmgLRcfINAxS9aUA07bU3KUWMxS4p2w0baVyuVjMUU7GKMZouKw2lzR
tNJVMNh4PrTuKjpQamw0yUHinq2KhBpwPNS0bRk0WVkOfaplfIqoG4p6Maho6IVC0RTckGmCTmpA
wIqWbqVx4finrJUXajJApWNFJllZKmRwc1RDmpFlJGCMVFrbG0ZtrVnSeHvE174euhJbs7RYIaIH
g/hXsvhvxhp3iO0DQyiO4Xho2PIr57jkxwSfwNWLS9ubKdZ7STyplOd3rW8KjRw4zAU8QrxVmfT4
478HpTwa818KfEqO8KWmqAJKBt34+8fWvRFlDxh0YFDyMV2wmmj5WvhZ4d2ki12oxUKvx1p4aqOY
UrimMuakB5peKYrkJHFMK5qwVzTClAyqYiTUbxmrjL6Uwqe4pAZ7x+1VpIa1WjzULRCgZjSQcdKq
PAea3JIQaryQjFIDAkt+OlVHhIroJIAR0qnLbgDpQBhshFV3LKa2Jbfis2eHac5prcChLL1rLuHJ
B55q/dfLmsmUSynbGm5jXbSaW5hNN7FC5fD81nyXCgkDczdgtdRY+D77UW3SsY1NdhpXgPS7TbJc
ZlYV3fXIQRh7GT3PLrSw1PUHCW9pIM92FdbpXw01O7YNdSRxoeoIOa9MggsbQAWtuEx681ZNw7AZ
2j6CuaeYylokXHDW1bMHS/h7pVgim4ZXYdiK6i2tbGzUCCFMD2qqJMmn+aSeea4p1Zz3ZuoQXQ0h
c7hhfl+lKJCepNUBLzUiy+9Z69GXbsXg3PWn7uKorLzUnmHtTakldhctBu1P+XGC3NV0fJYfxY4r
kb/UL+LVym4gdVWubEYh0YptX1KjHmdrna4IGeKYYwwIboa5yDxJJC/l3kWOPWtq11a1uk+VgKml
jKFX3b6lSpSWxR1bQ4rq3ZrcASCsnSdRfTpza3a4UHFdbHNE5IjYP61iahobahfF1bYlc+JwrU1W
oL3vzKhUsuWRV8RJZLbi7t2Auc/Kq1Nbm5vdBc3EJ8wLwpq9BoNqjIZv3m3ua08AAKqgAdq3pUZq
fNPZrYUp2OE07Tb2GTeYsg9iKv3WlXd2VEZ8te4FdJeXS2aBio2HrTYLq2uotyHk1hToUKTdJy31
8x3lLVLQo2ls1paiF+WAxmqWp6TJqe0K+Atb/kkrnHSmmEDqOvvXoOKkrPYy15row7TTnt4Rb3OH
QdM1m3XhhDcieFiMNnFdUYz9RTfLOCKylh6clZFOo9V3OZ1WxvbyBLccgVDo9pd6fG8LJ8x6NXVB
CvbmmOu45I59aJYePtVUe4KpaPIcLLb3Npqvm3UbyITn5RXQx3FjcQhVideOela7Rq4IdQR9KrfY
LVSSsbBj1+as6WGdG7j1HKpczLCC1sp3lW4Az/Cxp0+t2qsViDM1OuvD6XLbllKH6ZpJdGih08pC
hab+9mtL1VothJK5Ug8QrJciF0IYnvW0wCgPnr2rjYbO5tL5JJYiQDySa6yTUrSK3WV3AIHSsMHW
qvmVV29SqkFb3SfBxkkZ9KTDAZIx7Vyt9rs0lyrwDCk4rTGsNbQpJcnIPf0rWnjadSemwnSaNfnG
ePpRUNvcw3sQlhYMD6VLkZxXRFqTvF3MwNFFJnNNagnd2Q7ikpKWgApKWkoAKKKKAF4optFADqKb
RQAvFZXibH/CNX//AFz/AK1qVleJv+Rbvv8Arn/WgDD8If6pPrXqOn/6ta8u8If6pPrXqOn/AOrW
gD//0/ffSsbxR/yAL7/rg38q2e1Y3if/AJAN9/1wb+VD2HD4kfHkv/HxP/10b+ZpB706YH7TP/10
b+ZpuK5Hue9FWFxTlFJmnCpZvFDgopQmaBTxSbNFFCbKPLzUgFOC1NzRU7kBi4puzFW9mRTfL9qO
YfsSmUNN21cMVMMWKakZSotFUDrRjFSmPBphWq5jLkaEHSlHWjpSZoFqiQNTlPNRilU0mjSLJwc0
5SRUQPFPDcVNjeMydG9aeeTUAapA1S0bxlckxxSc0A0tTY0TFVsHmpFb3qIg4oHFD2Lu1qWQQSDy
COjg8iuy8K+P7/RZFt7uUTWp43P1FcNu4FSb8jnmnCbiKrSpV1aSPpjSdYs9atRNZSpKuMthuavq
+PavmnStZvdFuFnspnA7x7uDXsHhfx7p+tQpBcyeTd5xtJ6muynVT3PmsXlc6bco7HdBiakVvWqo
cg8lcY7dKkDnqeQfSttOh5LXkWAaMVEj0/ec0EilM00r7VJnIoNMZAVphSrBFMK5NAFR4/aoWiyD
xV5lNRlM0AZzw8dKqywZ7VrtH7VXeI4pWAxJrf5elZk9ru6CumeEnrVSSADtQBzJ0lXbMlXLaxt7
f7kQLeprRaLnpUJjwafOwsTxzMOOFHoBVgOcdapqMVMre9G4FoNgdadv96rbqUNQBaWQ08SGqgan
byO9AFvzTmpFl4qiJDnmnCTC9eaAL4lJ4B6dKqajrUemxBg2ZD1FCSfxHqBWHbtbXOtMZzls8ZrC
q1Hbdlxszb03xCNQcKBtf3FS63aG4hF5Fgzxdh3pqJDE4MajPqKpazqs2mLEycxv296rkl7P32Gz
0GaXD/bzGW+2xGP5StNk0q5TUBHbErB3YVn2mnXd3eC4LlIZPmwDXXxSiNFj64FclPDU6q/eK3mW
6rSJrC2j0+Parlyw5Jq+suVxkYrLWfqM9etPEw49q7oxUYqK6GN7mkHGetPDDP4VnLNU0cwPWrVr
6gUfEEg8tUxnIrCiWWFA8chAHbNXdfn3TKAegrPgnCgAnIPavCoYKOOx01UukjTEVfq9BW6mxZa3
IrBJuV9a3YbiG6XKMufSuQki2tvBAX3qP7Ulo24XCqfrXXPD4zBe9B+0h+KM6eIp1dJaM7cpjjAx
7U0xj0rn9O8TwynY0gOPQ10MNzFcAFHB9q1oY6nW208maTpNa7oYY89qjaL2q58v/wCqkIB6V1qy
1RnaxSMXtUZix2q+UppjFMDPKH0pm0r0OavtH6VGYhRcCk8ayKQ8YP4Vm3ehWt2pXBU1ttH6VGUO
etS4QluPmaOaOhrb2TKq73zwaydPsUkuHi1N38sNwD0Fdw6nOagntIrlSJAMnvXLPBwm+daJfiaK
qyjbWtnp8RFvKvlnoM81KLm2xgSA1Rj8NrFctIZSUPbNYmq7bOXEIcL61U6ypx52rIle87HTi8tC
20Srn61IDnn+Hsa5fSdHkvJPtUr7IgfXrXTNPaxIIxIuxfQ0Yes6kOaordhzglpHcfRSRyxTHKOK
cVK8mulSTIasJSUAHrS0xCYoxS0UAJiinUhoASiiigArK8Tf8i3f/wDXP+tatZXib/kWr/8A65/1
oAwvCH+qT616jp/+rWvLvCH+qT616jp/+rWgD//U99xgVjeJv+QFff8AXBv5VtGsXxN/yAr7/rg3
8qT2Khuj5BmX/SJv+ujfzNMK1akTNxL/ANdG/majK1xuWp9MqehBg04U8pTcGlcTi0LSgnNNJ5pw
pWKTsTKakUioAakVqlo6ISJ+vSlxTUNSioZ1RSYzZQY85wM4qULW54SsE1LXVtZBkNiiOrsFVJRb
OZaL1+lRPDzW7rlgbDXLq3K4VXIX86zmjzVXtuYxpxnG6M5ojmmFDWg0VQtF1qlIwnQKntSZ5qcw
4zURTmquZOFgBp4OKjwQaXdT0JvYlBqRTzUCtxUgapaNYTJ1NPBqBWp4apsdEJE+eOaMelMBpQcG
paN73HEYFGSOlKPmpcVNyxN3OQKkRykiSodkinIYdRURFICaFoD1VmekeFPiTLZGO01QF4iQBJjJ
r1izvre/iFxayhoiMgd6+Y15OMcd63fD/irUfD10GglaWH+4zV0U6zSszyMZlsZ3nT3PotZBTw+a
5bw54vsPEVrvEixTdNhPU10QkZQAwxXXGSlsfOVKM6btJFtWx1p241XWTIp++qMywOaABUSvT1ag
BSuajIqYEGkIFAEBQ1E0Zq0y0wrQBRkjqrJFmtN0zVd46AMl4sVXdQOa05UGKpypxQO5TPFAanMt
N6UCHhqXdURPNLmgCUNS7jUQI9aXNAEm/wBaenJLZ6DNQbqhvml+yFIPvtSb926GrENvriS6g9s4
wg43YrN1rT57Sf7XasXXrxVd9HuYo9+WLnnikh1K8tW8uZSUHUNXlzrOTca8bdmbKCjZxZctNYvY
Y9zx5GKktkutcud9yNsK9BmmP4hhASIWwLNW7AdlujqoUuOlXhqTqLSpzRQpz6Wsy5G6xRLEh+VR
gUqy4qru596UPzXpW0szJu5bEpFPExqnvp2/igRdWfNSpMd1ZyyYNSrL1+lCE9nYyNZuQ15yflHW
ub1Lxpp2nK0aEvKOAAueav67MXSUKcGvOrDQPPvZJpNzkvxmuDJ61ONWrXm9Ex49KShT6mq/iXXN
ZYiNfKi7EnFA03VLofvZiR/vVtxW9lpcQa5IXjpWZeeObWyJS0iDHpk1vUzyrKdsNC6KoZXWrK9r
FvS9GvrB/MSYt7E119lqFzHgHIavLpfHOqXLfuIwB7f/AKqkj8Q+JJcMkJwPb/61ebicHjcXLncb
PyPSp5e6StKa9D3Kx14jCTr26gZrbhuoZ1BRhmvndfE3iRWDGEkDqDn/AArqtD8dXJwk8IjYdzmr
hHMcKv3seZeQVcFBr3Zo9jxgZJo4rm9P8TLMq+bgit6K7hnAZXByOldtDGU62kdzgqUpU/iJduRm
m7BTySRgUV1baGdiLyajaKrIppWhBqVGjFQtHmr5TNRtHR1EUdh6HpVW6023vUCSrgeoFahjqMx4
oklLSSuO5yeu29zYW0cdlzFjnmoYbKzjs1uZZyWIyy5rrmiVxtkUMprIuvDlvcPuRiq9cVx1MOlU
9ov+AaRmrWZVto7W8tmltJCHAzg8VHpl7eSXDwzx7VU9T6VXuXh06cRWQJkHVRT2n1S7TZHD5ee+
KwjiFD3Wm5eSuU4G3hX+aNsj2pOufasextdTsJd0jlo2PORW4CkgDRtn1rvpzc1quV9LmUo2I8UY
p5XBpMVo7LTqSJijFLRQAmKMUtFACVk+J/8AkWr/AP65/wBa1qyfE/8AyLV//wBc/wCtAGD4Q/1S
fWvUdP8A9WteXeEP9Un1r1HT/wDVrQB//9X36sbxL/yA73/ri38q2axvEn/IEvf+uLfyqZ7Fw+JH
yY6/v5f+ujfzNRlasSD99L/10b+Zpu2vPvqfZKGiK+ymlKslRTGSmmQ6ZWK+1IvFTMtRkYqrnO4C
04GmDinCgpEyNxUyPyKqg81Ijc1DR0052LoIJrsfhrF5niHzcZ2Ec+lcSjY57V6N8KIczXEx6bjj
8KKSfNqTj6vLh2xPihpP2bUxfJHhGPOBXB7OAfWvcfHen/2l4ZumQbnjjZh+FeJRjOUPBXqDVVo2
YsqqqpR8yFkqF4/aru3POKa0eayPSdNMoGPjpULRc9K0mj4qFo6akc86KZmtH7VGyEVotH7VC8Zq
1I5J0LFLBBpwNTNHionUirujncGhwbmpA3NQDOaeDzSaKjKxZDU8HPWq6tUgapaOmMyYH0p2aiDU
8GpaN4yHigikBFOqS9xhoDetOxmk24pbhrEnt7ieznFxbStFMvI2GvUfCnxISZY7PV2Pm8ASNXk2
SDwfxpSA3Dcj1rSNRw0Ry4jCwrxd1qfUMcqSRh4pFkjYZ3qelSq+RgnmvAfDHja98PzqkjtLaD+A
5Jr2LQ/EWn6/b+baTANj7j8H8q7IVVJbnzWKwEqTulodCr9vSpA1U0k/hJ59KmVu2a0RweRaDClB
zUCNmpAetMCbrSYpgbFO3fWi6Aay+1V3WrQORUTjmi4GfKvtVKRetaci9az5lPNMChKtQGrMuarP
1oASjNNooAcKWm5ozRcB4yenWgOCflbLDqBUc0git3kY4AFcraapLbXkshYshNY1sRCk7S0LjBy2
OwDvxknHvWXqlzbwuFmhQq3ViKbFr9vKfnJH4VFrk9tcWQaMgsRwKmtWUqXNTafkVGEoSvYraZYC
fU/NHzW45Ge1dKW+bA+6OlZ+jReTp4B6GrgJK1WHhGnBOKs2TOXM7ku7PejNRilzW17kEm6l3VFm
lzQBMDTg2Ec57VCGpHfEUn0pN2QJXZzGoEzTyKOazLrUrTw9Z75NrXBHC+9S6xqP9mQzT4y3QV53
HHeeJNVDEllZhyegFfP4HBTxVSSWkep66hT/AI09kPnn1LxDenJmZWOcdq63QvBECKJL7GSOAelb
+n2lnpluIY1BkxjdjpU8ok4O/dX2FDDUqMbQVmeXi83rT0paIZFpGn2b7Ut4iPXbWpE0EcBCRIO3
AqmTvgGSFb3NOVgItqsC31re9/U8mc5t+87k6mFzjyU59qmeCwCbTbRFz321UjkEeSeWxR8ztu6H
3p8xCnYtJFFEMJgD0FWYbm5hbdE7ADtmqiiNOS2TTzdAcKK87F5Xh8Qrr3Zd0dNHGVqWl7o6ay8R
AqEn4I7mtyC6inTMcimvPN4fqBUkNzNbHKOcZ7V5MqONwmjXPHud0KtCs97M9F3DGAeaASPeuZsf
EQG1JuPet2G7guMGOQE+lbUcXTq+7f5F1KTpq/QtUEZqMHn7wp26uozEKUwx1LmkHNAFdkpm3FWi
BSFaNwdjmr7RMXX9owjkclfWiLVprlWSJAjKceldFt6jPB6isCbRfL1LzPO2RP6etc81Kn71Jbmk
fNkJg1S7yHnZYzxwaLPSruwmJM7SIexNVNQM9lfCNbkmI4PBqpLqd6k22As61zPEUabvPWRXs5HS
lTuzt4pCvGR0qvpVxc3IPnoVq8U25UV3U6ikua1jJkGKSpStNMZqxEdGaftpNtADDWT4n/5Fq/8A
+uf9a2CKyPE//ItX/wD1z/rQBgeEP9Un1r1HT/8AVrXl3hA/uk+teo6f/q1oA//W9+rG8R/8gW9/
64t/KtmsbxH/AMgS9/64t/KlL4S6fxL5HynIv76T/ro38zRinyD99N/10b+ZpMV5j3Z93GPuoZtz
TWWpcUEZpXBxKzLUe0VaZfaoyvtVJmEqZVZeaBU7L7VEVxVJ3OeULAKVD81Mzg08c0xXsP8AMKrx
3r1z4YxCHQzMwwWkcfrXkQQyyJGnJdwPpXtegRf2fpVvBjGFBP1rSjG8jizKt+75Ds123FvLbNyJ
EIrwXWrQ6brs0JXh2JFe1Wt2AwOa88+JtiIrq3voxgFyDj6GtMRHS5hk+I5KnJ3ONXgYJzTsA1Ej
ZUE9+amBGK4kz7BvXQaUyKYY+Km7UYq7IHFMqNH7VC0Z9KvlKidOalozlTM946iaLmtBo+KiePHN
CbRyzomeyYpmMVcdM9qhaPHarUrnHUpNEQNPVqTZTgMVREboduqQHiou9OFSzaMiUNTwahU1JkVD
R0RkSUU0GnA1Jpe4Yppp9BoExgPzVbsNRutLulntJWRgc4B4NVcUYA9aak0yZ041FZnoUXxd1C2t
1WWwErL1cEc/rT0+N8g+9ph/Mf4153v42jp3qvNao/K4zXp4TE01aM0eFjcr0cqZ6knxwc/8w39R
/jUg+N038OnfqP8AGvHHjMR6U9XGK96nQo1FdHzdSNSneMkexj42Tn/mHD8x/jTx8a5T/wAw/wDU
f4148pBqVRWqwdLsYupJHr6/GiU/8w/9R/jUq/GF362A/Mf414+vUVbh60ng6a6AqrPW0+KDTf8A
LmB+NWE8avc/8sAua8ytF5FdBZDGK5KtCK2KjNtnbx6wbjqoFSrNvrEtOgrUi+6K8+pGz0Nk2yzn
NFIOlLWRYUc84opc4H1oAhuIBeW5iLbQwwaqpodosJjBBal1qd4LULAcOw4xWF9uvrLErsefUVx1
60IS5Zq5pCLezNCXw4Sf3Tge1Zf2eSPU4rWQEjd1qQarfSSfaIwxWtTSbxNRkJljAmXuRzXGoUKt
TlUWmat+7ZmuoEcKRr6UuaQjBxRXsbJJ7o5h2aKQdaXNABzmlFJ3pe1ADgabMcW8h9hQKjuiRauR
UVHaDY47o8+8XK80IhT7zGrnh3Rl0rTUfjznHNTTQrcTiRu3rVje52gHgUsjglRc+4ZjiZRSpR2e
5JsOeeT61Isjxj5tp7c1DvY/dFO2ORlq9rlueR7sVoch4mm1WynM6yKIT0GDWLB4n1GCRJGfK+ma
63xdHNcaWEiXcwFecpaX7yLH9mfrivMxDqxmuU+oy2WGqYf98tT17SdR/tGwS4Iwx61oea7cYrG8
O2rWulokow2Olae905xxXow+HU+dq8qqTtt0JcMDUisfSoBOaX7Qw6iqTMbFkFvSpVkK/wAOaqrc
N6UPfJbgmVgvsafNbdhy3LmQeq81LBc3Fq26M/rVCHUIpQORVpbhSeK8vFZbhq7572fdM6sPiq1H
bX1N+x8QngTr+Nb0N7FOgZJPwrgi4k+UcfSnRzXFucxuR+NeXOjjsGuaouePlud8K9Gppsz0MMSO
aeGFcpZ69LHgT4Irct72G5TcjitqGMpV9U7NdBzpzj6F/OelLmqyy44wcU5ZueK6/PqZ3tuTY5qp
qtmbvT3VWKsvIIqzvzThJng9PSpqRU1Z6D6nJWGhzXmWu2b5TtGfStuLTdP09AJCAexatTIA4GPp
VDVNKTVYREZGQ+oNcsMJTpJyjqy3VeyJlWNl/d7SvqKjMXNGn20WnQ/ZjLl+xY1b2ADI59xXVCT5
SLNlFouaYyVfMQPNMMYIqhGeUppSrxiqNoqAKZSsfxQuPDN+f+mf9a6ApWJ4qXHhfUP+uX9aAOY8
If6pPrXqVh/q1ry7wf8A6pPpXqOn/wCrX6UAf//X9+NY3iMf8SS8/wCuTfyrZNY/iP8A5At5/wBc
m/lUy+E0pfGj5XcfvZv+ujfzNA5pZP8AWzf9dG/maAK8x7s++XwoTFIBT8UmKlJspxsrsYVNMK1M
R700/WjUzauyuwqNl4qyQKYwGK1TMZJMpspzmgGpmAqJl3NsHVuBVI5pq2tzofBen/b9XaVkJijA
xn1zXrG3AAHYcVy/hLTTpekoXGHb5ifaujjfjrmuukranzeMqupUt0LEUjIwrN8ZQDUPDRcj5ozu
rSUA0y7i87S54DyNlVNXizLCz9nVTPF4G/dgdxxVpDkA1UuFa31O4iPRTT0lyK81qzPuaFS8E7l1
TTlquj5qVWqkzpUkyUgYphQU7NL2pjuQlAe1MMNWaKGiXFMoSR89KgeOr0gGagdeTUrQ5KsUUimK
jK1bZajZKtM5pRK+KXNSFaaVoJsM704NTCOaKHYq5Mr08MKgzil3YqLFxmWCcUuahDZp4NFjVTJB
Tc0A0Umh3uJnmj6UmMk0uKLBdpjSgkGGHNVJLdkORz9Ku5IanZPPHWu7D42pRknfQ8/FZfDEX01M
xXxx0NTq/NPntVb5l+9VZWK9RX02FxkKy8z5PGYOdCVrF1TyOc1ch61nwuM1ehOTXVJtaM4OW5s2
h6V0FlyRXOW3ODXRWJ5WuGs7o0j2OhtB0FasQ4rMs61Iq8upubRJ14FLSCisCwoA3MAelFKoO5T1
56U0k9wMTW5/JvIT1VTk1W1TVk1C2jhCYK98VcvbaO71RFkfaAelPk0WzH3Jlz9a8+rTrylaDXzN
4uPUZYa1ZwWohljXIHpVfRwJtWkmjG1M8Cpn0G2dWKzqWA45p2gW01vM4kHHY0U1iFJKaWgTcbaG
w3PNJStyDSV37aGAUYopaAAUuaSigBwNV79ytm3vU9VdTOLI5rDEu1GT8i6avNHMhGc9DVnytq5L
DFQRSnHHSlLsTzyK6Mmi1hInFjJL2rRMZgvCj8aZl3kAJyPamcE49amGIlz3PFem12OVbWFl2hgu
AwpXSGPb+5TPXOKiU5kz3p11cwRbQ7c4out5aBd3JphuCvH+VOSQldrY/OqyalaCKRWPO35cetee
3us6imoy+WX8sHiuerioQ2dzWFOUj00Q7jhSM/Wq15cjTojLOQqj1NcNa+I7gBd5wwPrVq+vf7Yt
zDJMFDDnmuWWZU7e7f7io0H1N1fEsLjMZBHb3rH1yS91R1eAMAOwIrLTRJF4huR8g45pTb6vbj5D
GQP9qvPqY6rV92+hsqSWxYiu9VtVC+Q5A981ZTxLexH54pB+FZB8SXNqfLmgOR1KmmN4wh/jtmz7
kVzRhUXw/mU4Jm9/wmhUkEsGHqKSLx7OXMYQnNc2XuNXlza2557lcV0el+DnRBNdyqgPJxXr4OnX
bu2ZSVPsOfxNeyzB1Dbc8qK6TSvF0bEI8pib0NZE72Vupt7KIySDgsRXPz280cxDDa3+xzWmKyrD
1/etaS6oKOKqU2+qPatP8Q7lG5ty+uRW9b31vcruSQZ9K8Et7jU9NQTMAYuuCeTXTaR4s88qgV42
yBwK8ipTxmD1fvx/E7o16Nf+6z13zCvepBIOO+fSuNtPETQkCdC2e9dDZXsdxiSPoT0rpwuNo4my
g9QnSlHfQ0ft1uk/ktIA/pVjzEz98ZHvXBa80y6yDCDuPSpFtdYLKxPBHrWc8XKFRqMG7FKkrXud
Fr2mNqUCyW8+yROTg9aTwzNPJbvBOSxRupNYQs9WVS4bBx61oeE5mM0ySrtkB5OetY0qkqldPlaK
lFKO51RGc4pNopnmfMafkcV6hzibAaY0QNSgijGaAK5hFYPi+LHhPUj/ANMv61023NYPjJMeD9UP
/TE/zoA4bwf/AKlD7V6lp/8Aql+leW+EP9Qtepaf/ql+lAH/0PfjWP4j/wCQLef9cm/lWxWP4i50
W8/65N/Kpl8JpS+NHy0/+tm/66N/M0lK4/ezf9dG/maMV5ct2foMF7qEx3710fhfTNG1iQ215dvB
cfh/WueCjv0pcur+ZHIySDoy1UZWM69J1I2TPVz8KdKwG/tK5APQhV5/SmH4VaVkj7fcg9/lXn9K
oeC/HzKE07VZCQOFkavTCA8SzI2+NhkMD1rtgoSPlsTUxWHlqzgD8K9K/wCghc/98r/hUTfC3Sv+
ghc/98r/AIV6DjPrn0qNl+tV7JHJLH1t2zzqX4W6X21K6H/AU/wquvw1062uY5hf3EnltuCsq4P5
CvR3jyO9VZI/amqSF9dqyRgNbrEixrnaoxUWSDWvNCTnOMVnyxEGqSscjbeo6GTGKtREMHU/xDFZ
wypqaOQ596bC+tzjNY8A315qr3Vs4EbAcGqqfDvWAxxImPpXpKSbup5p5U5GCaydKLPQhmVWCSie
fR/DXWmAIlT8quR/DDXW581MfSu8hnZCBk1qW90T/EalUUbrOsSup5unws1rvKv4CrC/CjUiRuuW
H4CvUI3yo5PPvVPVvEFro0DvPIobHAJqnTikUs2xVR2R53d/D8aZbmS6vDx2OK47UIoYGKxPu96v
+JvGlzq9yyxyMkIPTPWueMwfnexz61yza2R7WFdaSvUZGXyxFNanbec0EcVlqd1rkRFMKipMZ4pM
CgzcSLbSbamIxSbc0XJ5CuyCoWUirxQVE6ZqkyJQKoNLTmjNMKkUzNqwoNOBpmCKXr7UxXJg1OzU
Ap4NJo1jJEopSaZml61JpcU80Z4pQKQimPoIDTWhWQZPBp2004Yq6VWVOV4mNelCtHlkimYzE2e1
XLZh1FPVVfhhS/ZirZTp6V7+EzPntCZ8zjcodO84GrZnkV0dh94VzFmdpGa6awIyK66zTV4njqLi
7M6W06VqRD5ayrM5rXi+7XmVNzREwpTRilIrBlDaVThwaWjFF11C9jD1TT57vU43hJAzyRUp0Fxj
M7Z781Lq13JaSRNH0J5qufECKBwd1cdSeHi/f0NEpSWiFk8PSMD5VwwYc9al0y7k8w2Uy/OnAYd6
qnxBI2fLU5PSn6Kss1y88qlTnPNKNWlOfLTuw5GtzZHUijFONIOldq2IYlFLSYoEFOpKKADvVPVu
LKrnes/WGxbAe9c2Mf7mRpS+NHPx9SKk5Cl/4V+9TFGScDmsPxNqrWkP2aFvnfhsV2YCapYGLZw4
iPNXaNFNbs2uNiKGA7g1Yl1O327yAB0xmuc0uyS2tNzANIR1q21vE4BZa4v7Ymm9CfYIvx69ZLJh
gPzrk9U1SQ6wZkO6LJwM9q2hp9sefLFIdPtWzmFPyrnr5n7ZJSRcKaiZ0Gt2srfvAEP1q4JtLlHO
CTUEvh62kBIUAnpisyfw5cLkxOcexrmXsqmzsatdjWax0uYHHyn1zVR9DtCf3dw2T6GsKaG8tHw5
fimx3+4YdiCOxOK39nP7Mrjtc0bmyurH5obpmHuc1WOp6ogz5ilfcVXa8VpBHF+9kP8AD1rd0rw3
eX2JLhWWL0YV008NUl2Icox3Zhww6hql0EVB8x5IrrdO8C2pZZr3lh2ro7HTbXTUxFEgbH3sVZYk
85wa9ehhoxXvo5p1ZdCCOO206MJZwjd7imvbz3XzTPtTuBxVlAgYt396UlSRuNdUuVavQxbd7FJL
Uf6u2UD1JFWYdNtYV8yVfMlqTdzhRgewqe3sZ7hxgMB615OIziEXy0fekvuO2ngpNc09EZk9g182
JSBEOgFaOnaFHgLAhGO5FbtrpcUXMgya0l2oMIoUe1edKli8W+bES5V2R2wVOkvcWpTtdGiQ5lbJ
9K1YlSH5Y+O9QB88nrTg5BzkCuqlhKdFKESJ1Jy+Jla51uzguSssQaRemfWoX8WS7jiAKmKg1PQR
qDedGSHNZ8nn6fYyQPbb26BtpNcuIliuZ62RrGVNRsaX/CT3kq/u41wBWh4YkaV5Z3ADE5rL0O/s
bbTpDdRpvIxhhzW3pskD25lgUKOlVh6VT2ilKdwqNW2NpZfnJqUS1mrJ71MsnvXeYGgJKkV6orLx
1qRZaALgbNYnjL/kTtU/64mtNZPesjxg3/FH6n/1xP8AOgDifCH+oWvUbD/Vr9K8u8If6lR7V6jp
/wDql+lAH//R9+rH8Rf8gS9/65N/KtisbxH/AMgS8/65N/KlL4TSl8aPlxv9bN/10b+ZpRxQ3+ul
/wCujfzNKK8uW7P0KPwoMUuKDS0iiN4lkGHGSDlWFdt4P8cy6VcR2eo7ntjgBz0WuNxSFQV5HHrV
Qm4vQ58RhYYiOp9GwywXVus9rKJYn53DtQy14t4U8YXXh64Ec5M1mxx16V7Jp9/batZLdWjhkbqg
PIrvhVTPkMbgZ4d6LQcV4qB1q8V465/pULLWrPPvdGbNHkVQmh61tPHyaqSwikBgvEQai5U1qTxe
1UnTBNAhYnA69auRyZArOUhTk1NE5zx0pFF/bnkVJFK0QJJ2qPvMazL3WrLSoDLdyKpA4XPWvO/E
Hjm81XMFmvkQjvnqKiVSKR1YbBzqvY9B1v4g6fpMZgt38+UjGV5wa8o1fXbvVp3edyyk5APasnku
zHLMerE0q8muWVRs+hw+EhR0aA5JqxCpIpoWpo6yWp6ainsSDpilxxSdqBQapaCbaQipKNtJkNEW
M0mOal20mOaAsRFabUxWk2ZoBxIimRULx4q1txSEU0yJUym0ZqPYavbBUZjx0qkznlBlXpThUjRm
kCUyEmmAp4FNAxTwaVjZXJAtIVpQadmixsrDMUgFONL3qL6g0rCqMVbhzjpVYDpViM9Krmd9DKVr
a6mjDGpxxzWxZqQ4zWVbY4wK27TBYZr08Pipx916nzmPwsJXktDfsjnFbEP3ax7PaOlbEA+Wtpy5
9Tx3HkdiyKCKUU4ViwGYobgZpxXmkYDbihNrYLGbrFlLexRmHgA/Maqpp1gsaiWVfMHWtqRjFbSH
PAWuetNKOqyzOs5VBXDiqd5pxgm/M1pSdjTg02zc+bEwIFXlAUAIAB3xWFYO2j3zWc77ozzuPvVr
UtVityFtuTW1OdKmuZ2jLr6ikps0xyTR2pkD+bbpMepFPrda+93M7WG96WlopgJRRRQADrWbrRxb
r9a0x1rK1xtsKZ9a48e7UGzWj/ERjRsER3boBmuAvpTfeImYcqrDiu01GQ22lOxPXNcPoY83UXkb
u1EqjjhIw8jmlG9acjqz8oC4xxTQDj271XvbsW1wiHoTUA1NEu/KJ+U85ryFCTV0IlvHmhXzYPmU
dRUNvrkEvySfK3Q1pqAwGTlWrldYs0guy0fGTmtaSU1ytBy3OnjeGQbkkB9jSXIkW3ZkZfzrjUuJ
YeY3LH0zWtY2+sar+7QNGn94itVhJy+ENEZt1dyTzFDuZwemKs2vg2910oRCUXOdxrv9C8DQQIJb
lwz9TmuvhhhtkCRKFx3x1r1aFD2fxCUnPY5Tw/4CtdJhDSpG0g/iNbz2UcCFmYLjolaG4luelZmq
5bCs4rrpzd7Ic48qtu2ZMrh3JAwO1MyKa7YbAIIFPgtprhvkBWscTm1Oi+Sl70vIzpYGU3eWgwkA
7utTwWVxdMCE+X1rWtNIRPml61ortjG1BgV5jp4nGa15WXY7qapUf4av5lO00mKEAucn0rSUqi7Y
wBUWc0orspYelRjaMSZVJPckJ98+tAJpopc1tfmIQ7dmhpUgiaWVsIvamgfNisfxJc+XbJCM4Y84
rOpUhTheTGldkL+K2+2EwRsYV6kV0FnqMF9biUuNvcMKxYf7JXSPLH+txz0rGtLa5d2W3kIU+9cS
xlWnJc7Uovsbql1NzxGuniy3W/MrECtfR0MOlKHXbnGK5y10iaa5QSyhtvOK6pWCqI1HCjFbYeEu
Z1ZRs2ZzJ1cVIHqqG5p4f0rrMy2snNSrJVMOakVzQBeWQVleLHz4T1If9Mv61aDmsvxQxPhfUB/0
y/rQBzXhD/Vp9K9S0/8A1S/SvLvCH+qT6V6jYf6tfpQB/9L36sbxH/yBLz/rk38q2jWN4j/5Al7/
ANcm/lSlsaUvjXyPlxh++l/66N/M0oob/XS/9dG/maUCvLluz9Dj8KDGaWlAoxQUFB6ZHWlxQRzV
CE+8cY49K1vD3iS+8OXgaCUmEn5kPesrGDTD8q4Iz3pJ8r0M61ONSDjJH0Domu2uvWUc8BAcrlkz
0NaBUZrgfhTp5i0+S6dT+8JK+mK9A24AI4JNejTleOp8NjaUaVVqJCUFV5k9quMKjdeKs5DMliyO
lZ80HU1tSJxVWaLIpMZhPFgnjgc1zniHxVDoweG3O+5x8o9DXYSw4JBHBHWvHPGtg1p4ieRlJR+j
HtWc20jswVKM5e8ZV3qN3qVw0t3MXDHIX0qMHse1RD3/AApwznmuKWurPpqUVDRE33uT+lAGDSLT
h1pXN0x4PapkOKgA5qVDzSRtBk+eOlApu7inBqZsmOpRmk3UoNFgaQtIRS0VIhpoApSKAKBoaRzT
SKlxSEGgUkRYpMVLtFBWmjJoh20hjFTYpStO7IcSuUFN21Oy0zFNEvQZijFPxSEYp2EmM6UueaQ0
oIHNZ8rvobXSWpKp4qaIEVRkuEjHJ5qH7YznCniu+jgale3RHm4nMaVC9tWdHDcCPGDmtezn8xga
5O1Y8c5rpdP6rxivVhhY0Vyvc+axOMlXd76HWWH1rcgB21g2Hat63ztrCoci7lpRxTulCjinY5rn
KGkUmBj3p5FMIos3sAbfMQxnkMMVylw01jdvBbuy7j0FdWMjkdarvaQfaftbkAqO9c+JpvERXK7N
blQnynNmxurs5l3b/U1P/YjJAWkkCvjjJrZt9Viu5WRdgVT96q2sTW15H5EU4Mh4AU81zrCYdRve
/wAzT2k3sibSgwtSkjgkdMVdIxXNWsN5o92j3JPkv0ya6cgMiyKcq3IrsoybVrWsRJdbjSMUlKea
StLMgKKKKGADrWRrgBRFP96tb+KsjWyN6D/arhzG3sNTah8ZxPiy6ZLVIVPGKwtAT9+AOuc1b8VS
7rtI/rWfp1x9jucnpis5e/SSTOd3vJlrxBIWnCrwwbP0rJLOWyT8/Y1NqFyLu5MhB5OaSC0num+R
ML606UOVcqROi3JU1i6ijCFxx7UsVvfavOMBiPpWzp2gRj5pfmf0rp7aJbaMBUVcDHAruo5e2+Zo
xnXtsjI03wta24V7ldzema6OO4S3QRxIqqPaoo45Z2+VCxNalto+wb7k7QfWvR5KdFaGKUpu7ZLY
yT3QGDhRWlIyQLl2AwO5rLudUt7QeTb4Bx1rJeae9cD5m56V5WJxtGnq3r2PRpUpv4djTvNZJBSD
rWUPtN4+SWbNaNpox4aUbc1sRwwwDCKK4lHE4pa+7HsbqMIa7szbTRUCh5sk9hWqiJEAEUCjcfwp
RXbRw1OgvcWplOrKejF3Z60Zz1pKUVu3cgKUGkpRQtAHZopKKaVwJI/vFjwF6muU1KeO61UK0mEA
xjNbWt3gs9PZUP7x6wNGjtQxe9YZY5ya4sVVSmqUra7m0Iu10WjokuwyxsSre9QeXfWQYhSqAda6
qCaAxAQOrIOlSSos0TRSqMMKieXUpLmhp8wWIa0aMLw55s08ly7lsDpXQFssT71WtbZLOJljHGBU
2QD78V2UoOEbNmcnzbD8808NUWeafmrJJg3FOD+9QbqcpFAFgPWZ4mfPhm/H/TP+tXd1ZviRs+G7
7/rn/WgDG8If6pPyr1Gw/wBWv0ry7wh/qk+teo6f/q1oA//T9+rG8Rf8gW8/65N/KtmsbxH/AMgW
8/65N/KlLY0pfGvkfL0n+ul/66N/M0gpX/10v/XRv5mk6V5kviZ+hx+FDqcKSikUOoopcUwEpp+a
RQvVuKfiruh2pvtctoAOFYEn8aaV3YzrSUKbZ7X4Q086d4V0+FvveSufritvGfwoVBFEkI6IoAoA
JbgV6MUlGx8BiKjqVHJ7DGHNMIqcjJ/nUUjJGMyMEHYmndIyjFy2IWXg1XlTIq5gOu5TketRsv8A
+umNJ7GVLGRz6V518S9N326XYH3Rk16hIhIbIrnvFemC/wBEnQ5z5ZxgVnUWhvg6nLUS8zwcYKhx
34pvQ0sYJjX5cMDnFBFcO+h9Vra44GpAeKgFPDUWKTJwalU1WDVKjZoNoSJgaeGqH8acDSNkyyDx
TgaiQ08U1saIdTqYDT6QwoApcUoFFi0IRSYqQrTSMUAxAKUrmgU6gzcRmyjaKkAzS7aZLiQFfSom
qy4x2qBlzVETg7ERJpMGn4AqKWQIua0jBz0icjkkm2EhCryaoTXgIwtQXN4XO1TVYHJr2sFlyj78
j5/H5rOX7uJNkscmrEQqqp5q5Ac8V67Sa00PG5n1dzTs/vCum0/qK5q0GCK6SwPIrkq6KwtDq9P6
Vv233KwNP6CugtuFFebU3LRbUU6hfSlPWudlCGkPSlNJ2o+dgG4PaobqLzrJ1X72Kn6Ug4Pseopv
4XHuCk10MDRordo5IJ38t8nmqTJHp2o74280Kc5NWdetDb3P2iMlVYAcDvRa6PJcxrLKSFPWvIqR
qRapU4Xt1OhNJc0mQX2pSaogUJjZWvod0biz8puHj45qzbaZbWwwF3HHesa/nGnayjwj92fvgVtG
lUw8vbVpfETJqfwo6Art+X+7SUiSC4hWdPutS44r0IyUlcysFFGaBSEA61i61wwPuf5VtAc1ia2M
knPSuHMnbDm1D4zy7XZPM1RuTgAVRSJ5CFQcepq9foP7SlLcgY7Voado9zfEMVMcXrW+EwUqlNSl
sclaoo3KVrp6K4z87egro7PS5GwXG1cVdgtrDTEA4kkq4kzSryNq9q9ajhow+HU45VGxscccK4Ay
aecmk4U00SZYqoJrPE4/D4de+9exdLD1Kj90v2s62o8w9ccVFc6lcX8nyZAFOt9MnuG5JC9a24LC
C2QAjca8OdbFYx+4uVdz0oUqdBXerMi00iSb55a2YLOG3UEDJqYnsOBSDiuihgqdN8z1YSqNikkt
1wKKTqOaWuptszt1uKKM0lFGwDqKKDQAZpabTvrQADrT1wimRh8oFMHJ45rM1trx4Rb2ynJ4JFKb
cQWpi6nfpcapGr58kng1pXPh0tEktu+5WXdiq1kLaHbbalCQw6ORXUR7ViUQvlAOMVxUcPSqqTmr
377o2c3T0icgDeae/wAwKqK0tIe6v7sTSN+7XpWveW0d9bmN12seM0WVqtlAIlOQO/rRSwsqclZ3
iDqprYtMRuOKTNJwelFd1kuuhjuLmlpmaWgB9OB4qPNOHSnYB4NZniM/8U7ff9c/61oDpk1n+IUY
+G71sHHl/wBaT0DYyvCH+qH1r1Kw/wBWv0ry7weP3OTxzXqOn/6tfpQB/9T36sbxH/yBLz/rk38q
2axvEf8AyBLz/rk38qUtjSl8a+R8vP8A66X/AK6N/M0nelf/AF0v++38zQK8yW5+hx+FC9qcKbTh
SKFFLSdKAc0xik4BPpXafDDTRda3NcOMhCMHHtmuJc4j969i+GGmmz8PS3DDBmfd+mP6VrSV5Hl5
rW9nRZ2jks5NJkgU4guWxxj9ayNc8QWOgWLTXMn7zB2xD1rtckj42lGpUfKluW9S1C10uze4u3Cq
BkDPWvF/FXi+88Q3JjjmaG0ThNrEZPrkc1S8Q+IrvxFeGWdj5K/6tPSsjA6g5rkq1ddD6rL8qjRX
PPU9C8HePJY5IdN1WTemdqMeO1emgq0avEQ0b8gg5r5vZQ4wa7Dwf42m0R1tL5i9m3yj2op1n1MM
xypSXtKe563IvVRVeWASwvGwyCpH6VZtp4L+2W5tJBJGw45p2ArDjr1rrupI+clzQautUfOGs2Rs
NbuIQMLvIAxWc64rvPibpzWurreBeGfn8a4iRfSuCXuyPr8M/aUosqkUgqZl5qIjBpIJKzHA4FPR
qizTgaY4yaLKmn1AjVKrZqWjojK5Mh5qUGqwPNSK1GxvGRKDzUgNV91SI2aLlqzJhTwKYpp4NNGk
USKKRkzQDT88UWKaIcYoFSGkAHeiwrABTwMUDApQaYJLdjWG6oylTkZHXpVa4uo4lwv362o0p1Zc
qRy4mvRoxc5Mq3UiwIc9awLm9aVsA8Crd8zSIWJ5rH5ya9/D4NU1eR8XjcweKk+TREgIzmnKaiH1
p6/Wu2Lsea11ZMp5q5AeaoqauQnitLivc2LXqK6Ow6rXM2h6V02nnkVzVVoNHV6d0FdDb/dFc7p5
6V0Nt92vMqrUtF5OtKetNWn1zMoaaO1KaaaADvSUtB6UAQyxR3ChZRkA8USyrbW5LHCqOBT+Oaqa
rbm60+TZ99RxUyk4J8q1KitdSgPEW1n3Jx0FZkUZ1C+yz/ITyDV3So7F7WU3eBMvTNZkhaO7doDh
T0968evKdozrvS+yOmFmbR1IWN+tiDmEd62CRww+6RXMw6Vc36FiNn9a3NNhmhtvJmOcdK9DDVa1
XWa5V09DGpBXLFLRRXW9zIB1rA1053it8cNXP62TulOegrzczv7FWV9TfDt82h5w8yQ6pK7jcOOM
Vs28+o3+1IQYYO+RiqdksT30sjxl2B4FdJEZWQbjgdhXrzxdChh4ucvkeZ7Kc5y5V1EgsIrYBpDv
f1NT7yeB+Aqa3sZ7g4C4HrWzbaVFCA0nLV5dTMcXi/coLlj3OyGDhT1qamRb2M90ehA9xWza6VDb
4MgBNXh8q7RwKSlRwVOm7z96Xc1lW6RWgYAwE4FKcE+tJRXfbo9WZNthRRRQAUtJRQAtFAooAM0t
JRkAUALS859aRctVW/1GKwQKrZm/hAqZThDWbshpXE1PUUsYxhhvbkCsweIbgYZVDGoreNdQu2N1
HiQnhqbdaVcaXdfaFUywnsOwrz6rrzlzwl7pvHlW4l5qo1CPbLH+89QKg0/UrvTHLSZeIngda27N
tJu4zJkRkfeBq1HaWNwC0K5UHGaI4es5qp7S4+eNtSxa3AvLcTgbc9qlyT1pqoFUKvAFOFeiu5zN
3Yo4ooopgLSim5yaeAW4AyaW7sgQlPRGaori6tLCIyXkqrgZxmuE1/4kqpkt9LB3DjcBW0cPOo7I
iVRI7jUNUstHiaW4lXIGdu4V51rnxBl1aT7Dari2k+Vj7VxV1PcX8pmu5PMLc1JacTRqBgZ6V6Cw
UaVNt66HP7VuSPWvCAJiQnvXqNh/q1+leXeEf9SK9RsP9Wv0ryjrP//V9+rG8R/8gS8/65N/Ktnt
WN4k/wCQJef9cm/lSl8JpS+NfI+XWP76X/ro38zSikb/AF0v/XRv5mlFeZLc/Q4/ChacKbmlxmkU
KDThjNNGKcPWmCQ6FDNcwRAfMz4xX0LoVn9g0C1teSwXP1rxPwdYDUPFFvGwyiqWJx06V6T4y8bw
aDALOyw9yEwMHpXTSaSbPn80UsRONGKL/ijxbYeHbZw7b7k/dQHvXi+qate61dNcXjfMeVTOQBUF
3d3eoXUlxdSl5HOdpPAFQj2596zqVG2d2Cy6NCKvuAJFHXijNFYnpLQOlNIDDBAI9KdSZo8xNdTf
8MeLbrw5OFcmSzzypYjbn09a9l03U7TW7FLq0kDqwBwOtfPeMj19jWloniG/8O3SS2kjNHuBeMnj
Fb0qrvZnj5jlca0eeG56L8T9MNxoDXKjJjZcgfWvHQMopr3htWsfF3hi4EOPNaMll9xXhjQ+RLJC
3BjOOaK1m7ojLJSUHSluis61Cy1cdflFQstYJndOnYrEYpA1SOtQkYrRHM00yUGpFbFV1NSqaGVG
dmWFfnpTuvtUINPU1LOhSuSA9qmjOKrE809WqTZOzLitUoNU1aplfNNM3jIsZpwOaiBp4NVcu9yS
g03NOBPUc0xt2VwwMgfnSorySiKNC0h/hFOggkublYLYFpX7AZr2DwX4Ft9KtxfXyiW6OCNw6VdO
DbPOx2OhhYe9qzyiTw7r8y4i06QKf4jUSeBPEL8m0OfcV9LBtvAwvsBS72Pv+VetQruirQR8TisR
PFSbm9D5mk8AeICObM/lVJ/hzrxbizb8q+pw5x94/lQHPf8ApWssbUl8RyqjbY+WB8ONd72j/lT1
+G+uZ/49m/KvqXcf84pp3d/6Uvrkg9kfMI+GevN0i2/VauQ/DLXv+mY+oNfSDEkcE1CQ1V9dlYrk
PCbf4ba0gG5ovyNbFr4G1SHBZo/1r1h92cZNVXyc5P51m8XKQKJxdt4eu4Mbmj/OtWKyljHzYrWk
HPaq747VjKbkUVwhHWlNPPWmmswGmmnrTjSYoAbQTTsUhFADaVSAeRx3pKB1pptiaOf1vSnRhcQZ
IJ5WrOlaXG8C3E2fZTWsQG4fkelHygYAwo7CuX6vBVOdxuzXndrCeYqkDcEA6UN1znIqnqNk90FM
TEfSrdvEVgCsTkdzW/M5P3kQ7sM8+tLgjtVO+1SDT1IOGf25rHXX7lpQwHyk4qJ4iFN+/wBRqm5K
6Oj6sR0Nc5rB/wBLKkcHg10cR86EOcAkVUk01Hm82QZyc81hjqE61JRgVSmoSuzm7TSfmZooeW7m
ty10hFAaUkkdq0kCRjaigClPPWs6OXQilKp7zRcq2vuAAqDCKAKTOetFFehtojFt3A80lLSU79BB
RRRSsAUUUUAFFFFABnFLSGgUALg05ULUigMTzgCsi81G4lZ4LMZYcE1M5qPy6DsWdR1SKyUqnzv0
IrN0VIbm7aa9fJ/hB7VBp8U/2tobxNzN3NR39pLYSsCSA33SO1edWrVU/a2vHqjaCi9C8NVittWa
KWIGMn5WFbE2qW1usQkJZJQAAe2awtIhsZo3F7y6nIbNZflyanr7xQFjDC4288VpTrSVK8dnsJwu
7PQ1tW0zdcxi0QhXPzYrdtLZbG2WJec8nPrT4v3cQVwCw707Oea6oUlGXMtzJtvcdRRRWz8xX6C5
9BzS8n7oyaVI2bnoPWsfW/FOn6ECrMGlx0B6mnGEp/CKTUdzZIWJDJMwRQMk1yWu+P7HT4nissTT
dOTiuG1vxhqetysqOYbf2NYIjGQxJY9ya9KhgUtZHPKrpoX9S1q+1iTdPIwXP3QeKpqqr90AetLx
k8/Siu+MFBWRztt7hUttn7VHk96jHSprYf6Sn1qaq/dy9GOHxI9Y8I/6kV6jYf6tfpXl3hH/AFIr
1Gw/1a/Svnmegf/W9+rG8Rf8ga8/64t/KtmsbxH/AMgW8/65N/KlL4TSl8a+R8uv/rZv+ujfzNKK
R/8AXzD/AKaN/M0A15ktz9Dj8KHiikzS0ihaM4INJmnAd/SgL6l/StXl0hZnt+J5ONw7VQlke4na
4mcyTN1Y0o7880hJquYhU4qXMkJyRzRQKKl6l7O6CigUtFgEo60tGKA8hDSD2pcUmKdhJWZY0zUr
nSrpZ7SZox0dB0NQ384vLuS527S5yR703sRng009aL9zNUYK8luyM81Ewqdue1RtUicbIrOtQsoq
4w4qF04zVJnNOBVxg04NSstMxV7nM1ZkytUitVYHmpVYUmmawkWAQaXiogakBzUNG6dx4apUfFV8
YpQ1I1jIvK9PBzVVHzxUyPnPFNM2jLUnVsc9TU1tBPeXKQWcbSTMQAB2zUdla3Op3X2WziLO2BnH
Ar27wd4Nh8PWsUtziS8KgsccCuinBs4MfmEcMnrqO8GeCoNDgW5uoxJcsN2T/DXX53daazBjkmlz
n2rsjFJHxtavKtNymxSMUg4pc0h5p69zBJCg5peKbQKNe4EgNHWkpaAsgqNsVJTTQBXkWqsi8Vdk
qrJzQBQlXiqzLV2Rc1VYUAQEUwjmpDTDQA00lKaTFAAelJ2paSgBDTcU/HFJQNDSKTFKaO1F2T1K
t7cSWsXmRqWI7CsSXV7nVmNrbExsOvrXSg7e2aqjTbeGdryJcSdTisqtNyldM0TRz9vD/ZTONQRp
ZH+6zVHZxfatRUhRt3fdFWdW1Q3cvkXERAX7rYq94eswkZuT90dxXnSiqmJ5Hqo6m8XywY3xGXtk
jkim8vbj5fWl0zWWusRzAk4rL1Jm1a8Zs/uUJ5HtU2jKPtXmZARfWtalearpRejJhBOm2zpDHzwM
d6QqRyc81z2r6+018sFqCFHBYU+y1m6ZhG8LMB1Irp+s0udwW/oZKm1G5u9BjFHFVE1i0fhjtb0N
Tpc20v3Jlz6VtGUZbNEuLRJRTtuQCCDSFSDjIzVCeiuJRSlWA5/SjaeM45oAbRTivGcgVG8iQKWk
YKPejpcdtbDqUcjC1TfV7JGA80HNS3NwsNkJ16Fc8VPPHXXYOV2uWNvy4yM0mc8dxXLWerzG78xz
lCemeldQrpMgljPynrWdGvCtrBjlBxXMyjrpuI9LMlr97PNQeFp0lseQBPk7s1rbRKjRt0Ncw839
j3jhOjHNYYmfspqo+pdNXR1AAkbbtXeO+Kqytb6lutmGWQdapN4kgFsCv+sPFT6VDiJ7hxgvW6xF
OorRV0TKDTuzAWzkur97SMFVU4LCuosrGHT7cRxoPN7v61LGkcXzIoDNyTT+p5qaOFp0k3bVhKpK
ouV7AOetL7D86Tv/AIUrFIk3zSLGg5ya6dW7IzbtuPRWbgLuqK+vrTS4TLdTRjAztJ5rkvEPj+1s
i1tYKZJQPvKeK83vb+91adpryVirdtxwK7KODlPWRlOslsdb4h8f3N4GttOLogON61xjrLcSma5l
eV/Vz0pUAQfKMY70vU8816lOlGmrROSTc/iAYHApcUuKK0EJilxRRmnYBRUtt/x8p9ahzUtt/wAf
KfWs6v8ADl6MqHxI9Z8I/wCpFeo2H+rX6V5d4R/1Ir1Gw/1a/SvnZbnoH//X9+7VjeI/+QLef9cm
/lWz2rG8R/8AIEvP+uTfypS2NKXxr5Hy4/8Ax8S/9dG/maUUr/66X/fb+ZpK8yW5+hx+FC06mjrT
qRQClzxSHrSjpQACg0tFACClPSkNFAAKDS0UwEpaKTvQAUUUUAJQRS0UgGUwjmpCKYVpEsjI5qNx
U5HFMK0GUolVlqErVtlqJlq4yOapTK/Q0ob2pWWmc1e5za3JlapAarAmpFc1LRrGpYshqcV4zUO4
daeX2sPlZnPRQCc/lUXbZ0c8bXYqsBzmtTRtLu9cvBBag7e7DoK1/D3ga71Z0nu1eK34bGAM16lp
ul2ei24hsoQqY5cjmt4Um9WeZjM0VGPLT1ZL4T8MWXh20XAD3TfeY84rp1fv1571jRTEHrV6OXPe
uyMVFHzdarKo+Zvc0A+RTwarI/HWpQSe9UYk4pajVvWpAwoAKOlHJNKeetAADS5ptKDQA4UhozQT
QBHJVdxVlhUDrQBSkHWqrDmrsi81XdKAKhXmmMOasFTTClAEBFIRUpWkIoAhxQRUmKaVoAZTe9P2
80hHNADDR2pxUUmKAGjOeKDjGefcU7FIaAKt5p9tfpscbSBwRWFONS0q2e3hy0J6nFdL1PuKdweH
UNnjBrGpS5rqO5Sloc1H5UGhsw/1jKST71UsrS5u2LxnbCvUiunn0+C5Tytu1BzxWXqEV1aW/kWa
HySOSvU1yVcOr+1fRbGkZ+7YyJ0j+0eVEMsT1rqtNtYrOyUSL85XJbNc7pMaS3YD8MvY1014wSyf
DDIXpTwNNqMq8tx1ZXSijkZwJb/MZwC2Ola9xo0MNsrpOfOPOKyba3l1C4KJkN14qzZ2122rCGdm
yg4LdK5aDTU5NfEy6lkiK3uNRDum84Wp4L++uZhFHy1bWqwxwWzeWoDY+ZhXO2N09ncCZRnFbV5y
oVKcFL3RRipRZcbVrzTLrF6P3Q61LeXlzJELu2b/AEd+ntWdeSza9c+VtGCea2J7IadoyW4OcMTj
61aqOcKlnothSik0UdPubm5lMsz/ALpO1SNcf23erFGxEQPOO9Q6QNyPHngt0qCwb7BqOEPylunp
WMcQ3Cmm/i3G4LmZqX3h+B4j5D4de+KTyp4NDaCbnaSOfpW1tJAZeV6msrVLyKW3e2T74PLZ9q9G
dKMLzZjDVWMQ29umnRyxt85UbhVrSNSa3YROMo3rVjQ9NspLYNK2845Gazr2KSPUGgt4ztP3TjNe
dUjOLjVpbG0Wn7sjrVOcPGflqpdaVa3cm985qjpNlfQPvuJSY/StgnLEjp2r1NakbyjuYW5TOj0K
zQ561oKAqhF+6vajNKu49FzTjTjTXKguw9x+VORC/OcCoru8tNNhM106rxnk1554g+IVxOWttNKo
nTeBXRSoTmZSqKJ2er+JtP0OJskSS44Ga8y1rxfqWtuYlcwwegHWsSQy3DiS5maR/wDaOad+FerR
wkIbnLKo2NCDdubO71B608j1/SkpRXSZXuKBxzS4oFFABRR3opgFFOopgIBUtuP9IT60ypLf/j4T
61nV/hy9GOHxI9X8I/6kV6jYf6pfpXl3hH/UivUrD/Ur9K+dlueif//Q9+7VjeI/+QLef9cm/lWz
2rG8R/8AIFvP+uTfypS2NKXxr5Hy65/ezf8AXRv5mgUN/rZv+ujfzNArzXufocfhQvenGm05fekU
FL0peKSgAzTqSkoAXFGKSigBaKKKACkxS0UAGKMUUUAJRR3opWADTadSd6dgGkVGalNMIqWQyMjN
ROuKnIphGSaFoZSjcqsDUbAVZdcdqhddvNaKXQ5akbehARjkt+FOhDyPtjjd29FBP8q19K8MahrE
isq+Xbnks3Uj2rv9M8P2WkxgRJufGCxraFNs8uvi4U9nc5HR/Bepahh7hVgiI4YNk/lXoOieFNM0
nDhEeXu+OSaljlK4CnA9hirkM3OMD6mto00jyq2YVJ6JmzHICowAB0FPPzdefrVCOTnrVuOTitUc
bk27seVI6VLHKV6mmggimsnegk0Ip+OtW0kz3rERyp61ainOeaANZW5qQHmqUcuT1qwr80AWVNPG
PWoQaeGpgSZoxTc06gAzikLUEZppFACk0xhmnGk7UAVXXmoXQ1cZc1EyUAUmSoylXGT2qIpQBVMd
NZasshqIqaAK5FNIqcrz0pjLQBD2ppFSlaaRQBERRinkUY4oAjxSYpxFJQA0qDig/SnUmKadgG85
z0oDEE+hp1NI5pLR3BaEAs7ZZvOCfP7VT1LTLi7k8yKTC91rTwR3pQAoyCRUSpxaaS3HfW5zNvbX
um3QlWIsPao9Sv7u6lCQQuspPWuq3vjAP503y4927b8/risFh5U1y03ZFuV9zFmme10ZYbt8zsKo
6WIpC0MuAxHFdFPZQXMgeQZYdM1D/ZNqJRJjDDnilUw8nWUt0hxnY52Nm03UskYwe3TFdBfXtrPp
/mBwWxyKfPpsNz8zYB6c1AmiWy8ZOPSpo0J0uamvhl07A5pmLpt7FbXW91OxzxUl9pFzFP8AaIMu
j8jHat0aVZgYZQQOlWU+RNgJIFKGB9zkm7voEq3vaHOwnVDAyKH+YY5p76FPJaqEP70nLE10G4r9
2guQSRnNbww7j8buyHPsZljoy2BVi2WA5GeK0QVVtwQbvUCk4xyTk0cqcAZrWMI0o8q2E73uxSxP
A5+lNGS2NtPRGc4zsHrWVqvijTNGVlZ/MnA6A5rSMJN2iiW0tzVZUhj3zSBB71yfiDx7Zaapgs/3
kp4yK4vWvF9/rUjLHmKPPAPFYSxhecAk9Sa9GhgUtZHPKt2LWoalfavMZbmVyn8Kk8AVXAC4CgD6
UcjAzS9K9BJJWjoYSbkFFFFMkXFLigUYpgKKKKKAFxzQRzS96D1oAMUuKKKYgqS3/wCPhPrUdSW/
/Hwn1qKv8OXoy4fEj1bwh/qRXqVh/ql+leW+EP8AUivUrD/Vr9K+de56B//R9+rG8R/8gS8/65N/
KtmsbxH/AMgS8/65N/KlLY0pfGvkfLz/AOul/wB9v5mkoc/vpv8Aro38zQK817s/RI/Cgp2aTFAF
Axw6UopBS0ALRRS4oASilxSYoASiiigB1IRS0lAAKKXFFACYpO9Lmg0AGKQigdaU0WAbim040lSS
0NIpjDJA6j09KkbjqcD1PetbQfDOoeIbkJBbskB6zE8YojFvQyrVI043bMSKCS5mEFvFvkPQLya7
vw98PEUJeauTv6rH2rutC8I6b4egAihSS47ysMmtOZdxyefr2rsp0bLU+YxmZuTcIbGGbWKCMJCi
xoBgADtVGWP0HHrW/LCCOgqhPDx04zW9rbHit3Mdsqakjk6c1JNHjtVYgqaBI0o5enNXopMnrWHH
Lz1q9DNz1pj3NeOTmrCtmsyKWraScA0CLDIDTQdp605XDDmnEKaAHxTYPWrkc4JrPxjpSpIVNAGz
HJnvUwasmOcA9auJMCOtAF4MKeGqqrg96lVvemBMTSE03dRmgANJS5ppIFAC9qYRTt1JzQBGy1GU
qxj1ppFAFVkqIpVtlqMrQBVKVEy81bK1GyUAVWWo9tWXXmoytAEJWmleKmK0wjmgCPHFNK1KRxTS
KAIjSVJikxQAzFJTyKQimgG0EcU6kNJAMpeaWlp9bgRnNLinYpKmN0vMBppOafSVWtg0GmkxinHp
QMY5/lStfXqF7sbzR0p4DN91SfemXMtvZJ5l1MkajsTzRyt+oPTVjkVnYAJn1PpVW+1Cy0mFpLuQ
bh0Ga5DX/iAkQkt9PwT03DmuAuby91BzJdTyNntniu2jg5S+IwnWWyOs8QeP7q8LQWICx/3wa41/
MuZDNcSNI575oCheFAApwJHTivTp0o0/hOeU5MAFUfL+tFB5pK0IsLijFApafoAUUuKSgBwpaQUo
oAMUYpaKAFAoxS0tAhMUYpaKYCYqSAfv0+tMqSD/AF6fWoq/w5ejLh8SPVPCH+pFepWH+rX6V5b4
Q/1Ir1Kw/wBWv0r517noH//S9+7VjeI/+QJef9cm/lWz2rG8R/8AIEvP+uTfypS2NKXxr5Hy5J/r
pv8Aro38zQKJP9dN/wBdG/maBXmvdn6JD4UPFApBThQUKKdTQacKACiiigAooooAKQ9aKKBCilpt
KDQAUUUUAJS0dqKBiUUtIWITcxo8habsTHOKWNJJX2QRmSQ8bVFaOjaHe67ciK1iYrnBYj7teu+H
PAtjoUSST7Z7kjqR0rSFFyPMxeZwoJ23OP8AC3w4nuTHfaoxjjHIgbGa9Pt7aCzhWG2QRxKMYUda
stkEYwqDoBTD0yK64U0kfK4rF1MRLmuQuvOeMdgKgdRVoionXPartY47t7lJ0yKqSRcVpsnFVnjy
aAMeaHnpVCeIjtW7LFzVGaDOaQGKV2mpEk2nrU00OCaqMpU0DNGKer8UvHNYSSEGr0M/qaANlJBi
p1bPes2OUYqyknHWmIuikK1HG/FTAjFAEYO01Ok+OtMKgioipBoA0o5watLKPSsVJCtW458nmgDV
EgPSjdVJZR61OGyOtAE26jdUW/NG7FAEoYU4NVffUgbimBPmkxTN3SnA5FACEUxl9qkoxkUAVmWm
MlWSlMZaAKjJUZWrZWmMtAFQrTStWWSomWgCArTCBU+3nmmso9KAIcU0ipttNK80AREUhFSlcU0j
igCLFBWnkcUmKAGYpKeVpMUAJSYp2KTGOtMLXG0nFKQTjAzT3RY4/MndUX0JojFyYXsR4LDAFD7L
aMtPKsSgc7jXNa149sdLZorZPPYDHHY151qfirVNZdsyNHGT93NdVLCVKj00RlOsuh3mveP7CwUw
2BaST+8BkV55qms6hrcpNzJhPQMaoCMdSxZ++acOK9OnhoU/U5pVGxqRInTAp2eucmkNFb3tsZin
FFJSikMKWkpaACiiigQtKKMUUwFxxQKXtQKAFFLSUoFAg70tGKKACil7UAUwAVJD/rk+tMxT4R++
T61FX+HL0ZcPiR6n4Q/1Ir1Kw/1a/SvLfCH+pFepWH+rX6V869z0D//T9+7VjeI/+QJe/wDXJv5V
s1jeI/8AkCXv/XJv5UpbGlL418j5cf8A10v/AF0b+Zoof/XS/wC+38zSV5r3Z+hx+FDqcKbThQWg
FPptKDTAWiiigBaKSlpAFJS0GgQlGaMUuKAAUGgDmjvQAUewGSelISAMmrmm6XfazceRYwO5B5Yc
AU4pyZE6kYK8mU94BCgFn6bRXa+Gvh7c6tLHcagGjgHIXpmuv8L/AA+s9JiS4vlEtyecMM812u4l
QoCoq8BQK6YUluz53G5vd8lMqafpllpNusNlEEUDGe5/GrPPt+VKBQc10bbHzs5ynLmk7iEZ60hA
paCKZJGRTCKkxTSKHqBCVzUDJg1b7VG4zSsBQkTNVJY+vFajKKrSR+1FgMWaHPOKozRZHSt6SL2q
jLD7UAYrLtNOWQrVqWHHaqjpg0AXYZiR1q7FJkdaxkYjpVuKbA60hmzG/oasK4zisqKU9jVuOQE9
aYjQDZ607r1qqshzxUyvxQA50HamglakBz1pCuaYAs2OpqzHPx1qmyU0ErSA1FmzTt+aoRyYqcSZ
oAs7qcHqsH96cH560wLgbipFbiqYepkbjrQBYBzTxUKtmpFNACmkKjFP60uBQBAVphWpytJtoAqs
lRslW2WoyntQBUKUxkq2UqNloAq7KQpVgpTCtAFcpTStTlKay4oAhK8UwrU5GBTCMYz3o0BIixSb
TmpxGx7cVBdXFnYqXuZlUehNNJydkDaQhHOBzSyIkKGSZlCDnk4rj9Y+JFjZhoLEpJIPSvP9U8R6
rqzsJJZI42OcK2OK66eCnPfQxlXSPRdY8fWGmqyWxEkvTGM4rzzVfFer6y7Ay+XF2wMVkiID7x3H
+8etKRxjOR7V6VPDU4LVHPOq2RrH825iS3c561JgZBHUUgo6VuZgeuaSlNJQAUYoooASlFLRQAlL
SUtABS0gpRQAtFFGKAHUCgUoFACiloooEHenYpOM0tABSgUmKUU0AGnw/wCuX60w0+H/AFy/Woq/
w5ejKh8SPUvCH+pFepWH+rX6V5b4Q/1Ir1Kw/wBWv0r517non//U9+rG8R/8gS8/65N/KtmsbxF/
yBbz/rk38qUtjSl8a+R8uyf66b/ro38zTRSuf3s3/XRv5mkFea92focfhQ4U4UwU4UFodRSUopgO
BzRSDilFABQOtLRQAtIaM0UIAoBoo/CkJ9xetNLL0UEn2pHYRjLEAGreieI9M0q5M13paXbIcruY
gV1UcJUq/CjgxeYUsPF3d35HSeGvAOo61Kk9xm3teuD/ABCvXNJ0Sx0O3EdnCuccsRzXmUfxvjij
EUWjRKg6ASn/AApx+OA/6BEX/f5v8K74YCpHofI4rM51paPQ9bHPQ59aMe1eSf8AC8B/0CIv+/p/
wpf+F4D/AKBMX/f4/wCFafVKq6HD7RLY9a2mkIOK8l/4XeP+gTF/3+P+FH/C7x/0CYv+/wAf8KPq
lTsLnT3PWefSl5x0ryX/AIXgv/QIi/7/ADf4Uf8AC8Bn/kERf9/m/wAKX1Sr2DnR6wR7U0j2ryg/
G8f9AiL/AL/N/hSN8bxjjSYv+/x/wp/VKnYOdHq5HtUbD2ryr/hd4x/yCYv+/wAf8KafjcP+gRF/
3+b/AAo+qVA50epsh9KhkjPpXl5+N4/6BEX/AH+b/Co2+NwP/MIi/wC/zf4U/qdQOdHpckZz0qrJ
ESeledH41qx/5BEX/f5v8Kif4zKf+YTF/wB/m/wpPCVB8yO8nhGelUpIOuBXEv8AGEN/zCov+/x/
wqvJ8XAR/wAguMfSUn+lQ8LUQ7nalCvakBIHSuDb4qBv+Yan/fw/4VC3xS/6hyf9/D/hUOhJDuel
RSnir0cteTj4pkdNOT/v4f8ACpU+LO3/AJhyf9/D/hSVKQrnr0chqdHryNPjBj/mGRf9/T/hUq/G
THTS4j/22P8AhWn1eYXPXQ5xUiuTXka/GcY50qL/AL/H/Cnr8acf8wqL/v8AH/CmsNMOY9bxntTG
Q56V5YPjWP8AoExf9/j/AIVPH8ZA/wDzCov+/wAf8Kf1SoLmR6XyO1OVjXnkPxWjlODpqD/tof8A
CtK38fxTn/jwQfRzUOhNBzI7UMacG5rAtvEsVwB+4C5/2jWnFepKOEwazcWh3NEPxUqvxVRZARUq
t6VIy4j1KjZNUkepkc560AXFPvTwarq9SqTQBLijbQtO5oHYjZaYUqfGaTbQIrMlRslWiuaYyUAV
ClMZKtMuKTyGY4VSaPUCmVxTSp9evarNwbW0jaS5nCADpxXKat4/0nTUKwhJ3HAO7mtI05y2RMpx
R0H2cg5chR6k1m32uaRpgc3E4Yr0ANeZav8AEHVdQZlgxDGenGa5WZ57x2luZWcn3rupZc2rzMJY
hbI73WvieGVoLCE9cBsVw9/qmo6m+Z5W29cA1XVFUcCgjnvXoU8PThsc7qSZEI1z0+b1NLzTqTmt
W2Lfcac0c0vNLU2vuGg3FIRS0U7AJikxTqSiwCYoxTqQ0AJRS0lABRRS0AJSiigUAOFBoooAcKUU
lOA4oQBRR3pQKYhMc06lxRQIXtSUtFACU+H/AFq/WmGnw/65frWdX+HL0ZcPiR6l4Q/1Ir1Kw/1a
/SvLfCH+pFepWH+rX6V869z0T//V9+rG8Rf8gW8/65N/KtntWN4j/wCQLef9cm/lSl8JpS+NfI+W
3P72b/ro38zSCh/9bN/10b+ZoFeb1P0OPwodSim07NBaHUdKQGimAtLQKD1oAXNGaSigBaUHtSUE
hVyxAWqUZTlZCnOMY80h456VBPdJEMA/NVS4vgwKRcD1qlnccsSa9jCZZze9M+bzHO4wjy0dyWad
p2+fIHpUeR2pBilr34Uo01aKPkqtadV80mL0o60dqK1t5mVkKKM0lLRZAIaKKKWnYLsXNJnntR2o
7UadguxCc0lHelo0C7GHOaOtOIpvSh2HdjTTCtSkd6bip0GmQ7aaRipivNNZaLItSISBTCPapttN
K1lKKZVyA/jTCPc1MVphWsJ00UmRH2JoBx1zTsUhFc7jZ6DFB96XOO9NFKacZagPBp2aiBp4atlM
RKrY7VahbpVJWqzFKBxWqkJmzbt05NdJp23K8Z+tctaSLxzXTafyVzzWVSzQI7DTeoxtArprQ4A5
zXL6dkAfLXS2p+UcV5tValo14+QKmUkVXjPA4qcE1zPcomVqlVqrAmpA1IC0G5FTI9U1bkVMrHNA
F1X5qXdVVA7dF/GpwpUZaRF+pofkGhKPw/OnDmqkup6faKWnu4QR7isS/wDiDolip2zF3H91citI
0qstlcl1ILc6YR7+OlNJhgUtNKgA9WFeV6l8U7ifcthEwHYlMVyN9r+q6kzGadkU9ga7KWAqT30M
ZYlL4T2PVPGGj6UCWlR2Hoa4XWvihcSFlsBtB6EVwPkK53SMXPqxpdgAwAtd1PL6cPi1OaWIlIlv
dZ1bVGJuL2Xaeq5rPFsgOWyx9TzmrZB7UwiutRjBe6jJtkJXjtTCD+FTFaaVo9RkOKaRzUu2mFea
QyMikxUhWmkUDGEUU4ikxSsA2ilxRigBKSnYptAwpKWjFIBtBpcUEUANpaMUYoAKKMU4CgApRQet
LQIXilHSm04dKYC0ooFOxQAlKKSlFAgooooAKfF/rV+tRk0+E/vl+tZ1f4cvRlw+JHqXhD/UivUr
D/Vr9K8t8If6kV6lYf6tfpXzr3PRP//W9+rG8R/8gW9/64t/KtmsbxGP+JJe/wDXFv5UpfCaUvjX
yPlmQ/vpv+ujfzNLTZP9dN/10b+ZozXm9T9Dj8KHZpRTRThRcodRmm5pQaB3HijNJSZpjWrHZOM4
zRnPTg03OBycCqVxfclI/wA66aGGnVeiOPF46lh1uXJbiOJeW+b0rNmuXmPPC+lQMxfluTSZr6LC
ZfGmvePjcfnFSvonZDs0dKbRXopJbHive46jvSClzzTEPBpM03mgZqQHg80d6aODS5qkA7ik4pKM
07gOo7U2l7UgEpRSUooACKbinEUmDQAh6U008imkGgoaRxUZzipe3NNI4oGmRMOOKaamxxUbLUlJ
kZFRkVNimFTWcolpkOKaRUpU00isJQGR4pKcaSsJRsAlLSUuaExjlNSCohT1NaxkJlmN5EPBzWtZ
6xc2xHygj61ioRmrKYPua0VnuQ2+h3WleNI4yBNHXY6d410tgBJkV48mCOmKnVAR1YfjUSwsZk+0
aPeYfFWjuBiYD6mri+INLIz9oX868AAZcbXb86XM5/5buKy/s5PqH1hnvx8Q6WvJuFx9aafFuix9
Zgfoa8E/fYwZnP40mxu8j/nS/s6PVh9YZ7jN4+0WL7pyR71m3PxSsof9TCxNeQiIZBJY/jTwqg9/
zrSOBorch1pHot18Wrthtt7fA9Saxbrxzrt5kqyop6/NXLj1wPxqVGHXHNbxw1NbJGbnJ9S7LfX9
2xae4c59DTUQdS7H2aoFf/IqVHzzj8zXSkorQyd2WAFAwBS1Grc0/INFwFpTzSZpaFpsIaRTDmpT
TSKVgIsUwipiKaRQ9dwuQkVGRU5FMK1NiiI5ppFSkU1hTAjI4pMU/FJQAzFJTyKbikUJzSYFOptI
AxSGlpCDQAhpKcRSYoASloxRQAYoFFAFIBaUUlL0oAXFOHSkA4pR0pgKKXNIKWgBaKKKQgooopgI
afD/AK5frTKfCf3y/Ws6v8OXoy4fEj1Lwh/qRXqVh/q1+leW+EP9SK9SsP8AVr9K+de56J//1/fu
1Y/iP/kCXv8A1yb+VbBrG8Rf8gS9/wCuLfypS2NKXxr5HyxIf303/XRv5mkFJIf30v8A10b+ZpRX
lt6n6HD4ULSg000Zo1KH0oNNLcc9aNwAyeBVbuy1FJqKux4qOaeOFfmbJqrc6gsYwgyazHkaU5Yk
16uFy9z96R4OPziFNclPctTXbTnC5UVB+PIpme1LkZ4r6GnRjTVonx9bE1K0ryZIGo60zIozWtzn
eu5IMZpc81HmnA0aAOzRmkzzS5FMBc0uaaTRnigB2aAabmincB+aKaKUnii4hwNKaYDTs0AL2oFJ
RmgBxNIOtJRQMU000tFADT0pAOKdSGi4XG4phFS4ppFIpMiK4phFTEU0qPSgtMgIppFSkUwipkir
kRWmkVKRTSKwlEpMiIpKeRSEVi4jG5p6mmYpwqNgJUPNWozzVVetWI+tawZDLkZq0h+WqkfWrSVv
FmMmyccinUxelOzVmYuaUU0UtNAOHWl700HmlzTuId2pwNR5pwPFF2IlVqlRqrA1IrU0xWLQbmpF
aqwbmpVYUxE4OacDUQanhqZI+kxQDS0IBpHFNIqQ00imBGVppFS4pjCpHcixzTWFSkVGRQFxhXim
lTUnNNNICIg0gFPOabzSKuIRSYpTRQCYhpKU0lIYhpKU02gBaKSigBaKBS0gAUppKWgBw6ClxSCl
HSmAtFApaBBRRRSAKKKSmAGnQ/65frTadD/rl+tZ1f4cvRlw+JHqfhD/AFIr1Kw/1a/SvLfCH+pF
epWH+rX6V869z0T/0PfjWN4j/wCQLe/9cG/lWyaxvEf/ACBL3/rg38qUvhNKXxr5HyrJ/rpP+ujf
zNANJJ/rpP8Aro38zSZrzGlqfoMHaKQ7OTS854pozg84FVLnUEg4Q5aro0qlTYwr4mnQ+IuSTJCp
Zzz6Vk3GoPLkLwtVZJnuG3O3HpTMjsK+hwmAjTjdnymPzipUfLT2JVb15NG41GDTga9RWseG0227
7j880vemZpc03qRaw/NLzTA1Lmi4WHc0uaZmlzRcQ8HinA8VHnilDcVSYEgNL2qMNS7qdxDxxS5p
oNBNAh1FIDxRmmAop2aYDS5pgOBpc0wGlzQA/NFNzQDQA6jNJmigYUGg0maAFPSm0uaKAGkU0089
KaRSKTIzTCKlNNOKCrkJFMNTFajZazaKTGYzTCKfgg0Hms5RKuR4pwFGMU7FZSiFxVHNWY6rL1qy
lESWWo6tIarJ0qwlbxMpEwNLmminVZmKKdTQaWgBc0UlLTELSikopiHDNOBwaaKM80DJQ3NSK1QA
1IrU7ktFgNUgaq4apFamKxYVqfkVArU8NTQmiWkNIDmlpiCmNUmKbikBHimkVIcCkI4pAQkUw1MV
phWgZEabipdtNxg0hkR60lSNjdTSKQ0MNJinGkoASkxS0UhiYopaSgAooooAKXFJ3p1IBcUo6UCg
dKYCilpB0paBBiilpDQAUmKWigBKdCP3y/Wm0+H/AFq/Ws6v8OXoy4fEj1Lwh/qRXqVh/q1+leW+
EP8AUivUrD/Vr9K+de56J//R9+rF8RnGiXn/AFxb+VbQrF8SDOiXn/XFv5UpbWLo/wASLZ8pyE/a
JeOPMb+ZpjSLECznHtUN5epDNIvU+Y3T6msea5edvmPFZ4fBSnJtn1GKzSnRgowepbutReTKxcD2
qiM5yTkmmjAPHSl6Gvdo0VTVrHy2IxlSvL3x9LmmZozXRc5B+aUGmZozRcLEu6l3cVECaXdVphYk
Bpc1GGpQc0XFYfmlBpmaUGi4NDwadmo6UGncVh+aUGo80uaZNiTNOBqLNKKdwsS5pc1FupwqkxWH
UuabmgGncVh9GabmlouFh2aAabRRcLD80oNMzQTmncB5o4pvajNFwFzRmkpKVwHZpDSUUDEppFOP
FN60DTGsDSY4px5pDUspMiYUwg1LSEZ6VLKTIcUvNO20YqGirioKsRjmoVGKnj61NhSehZj61ZSq
8dWUqkjGQ8UtIKWrIFpRSUZpgLS03NOzQAU4U0UtMQ7NKOtMpQcUAP70ucGmA80tMCVWNSBjUAbF
PVqZLLKtxTwxqAPTw1NEtFhWqQGq6tUitTFYkopA1LQAhA9KaaeaaRmgBpHFRkVLjFNIzSAhIppF
TFaYRSsMiK03GKlIpjrnpQwGEU3FPxSEUhjDSU4ikxQUJSUtJikwCiiikAtKOtJQKAH0DpSZpR0p
gKOlLSCloELRRRQAUhpcUhoASnw/61frTKfD/rl+tZ1v4cvRlw+JHqfhH/UivUbD/Vr9K8u8I/6k
V6jYf6tfpXzjPRP/0vfe9Yvijjw/f/8AXB/5Vt1h+Kf+Re1D/rg38qqKvIGfGU5Y3c5Jz+9b+ZqO
nz/8fM//AF1b+ZqOvYgkoqxlJ8zuxwFBpB9aKu4t9xc0ZoFBoEKDS02jNO/cB2aXNMzTu1PmQC5p
QeKZSg07oQ/NAam5pad0A8GlzUWaUGnzIRLmjNMBpc1XMhWH7qcDxUdLmi6FYfmlDUwGlzxQpILE
maUHiowaXNVdCJM0oaowaXNF0BJmjNMBpc07oQ7NANNzSg0XQrDs0ZppNGad13Cw/NITTc0uaLru
Fhc0ZpKQ0XQCk0goNFF0MDTCKcKSk7AMFLjig0Gp0KuNxS4ooFJ2GKo5qdBUaipUFLQTLMY4qZKi
TpUyindGcmPFOpopad0SLSGloougEHWnZFJSd6d0A/NANJSii6AWijNAp3QgHWnZpKKd0A7PFOBq
OnUXQEqtUitUANPDU00KxYVqkVqrhqeGp3QiwGqTdxVcNUgNF0SSZopoNOFF0IQ0mKd3pDRdAMIp
hFSEUhWndDIiKaRUhFMIqW0CIzTTUjCmEUroYw0lOIpuKLoY00UpFBFK6GIaSiijTuAtFIKWldAO
FKOlIKcOlF0ACnU0UtO6AWjNFFF0AZpDS0hougDtTof9cv1plPh/1y/WsqzXs5ejKh8SPU/CP+pF
eo2H+rX6V5b4Q/1Ir1Kw/wBWv0r509E//9P36sXxQufD1+M9YWxx7VtVWu0EsRRhkHqMcYpxdmM+
IbiCYXU+YZf9a3/LM+p9qh2P3Rx9UNfWGr+F9PkZitlCA3OQgrjbzwbAzNtt0H/Aa7I4qysZuJ4C
Fb+63/fJpdrf3X/75Ne3f8IRF/zzX8qP+EJi/wCeY/Kn9bQch4jtb+63/fJow39x/wDvk17d/wAI
TF/zzH5Uf8ITF/zzH5VX1xByHiOG/uP/AN8mjDf3H/75Ne3f8ITF/wA8x+VH/CExf88x+VH11LoL
kPEsN/cf/vk0uDj7j/8AfJr2v/hCIv8AnmPyo/4QiP8A55j8qPrvkHIeJ4b+4/8A3yaMN/df/vk1
7b/whEX/ADzH5Un/AAhEX/PMflR9e8g5DxTDf3X/AO+TS4P91/8Avk17V/whEf8AzzH5Uv8AwhEf
/PMflT+veQch4pg/3X/75NGGz91v++TXtf8AwhEf/PMflR/whEf/ADzH5UfXvIOQ8Vw391v++TSj
P91/++TXtP8AwhMf/PMflSf8ITH/AM8x+VP6/wCQezPGBnP3W/75NLg/3W/75Nezf8ITH/zzH5Uv
/CEp/wA8x+VNY9dg9meMjP8Adb/vk07n+63/AHya9l/4QmP/AJ5j8qP+EKj7Rj8qP7QXYPZnjXP9
1v8Avk0YPo3/AHya9k/4QpP+eY/Kj/hCY/7g/Kn/AGiuwvZnjoz6N/3yaXn0b/vk17D/AMITH/cH
5Uv/AAhUf/PMflR/aK7CdI8ewfRv++TS8+jfka9f/wCEKj/55/pR/wAIVH/zz/Sn/aK7B7FnkHPo
35GlwfRvyNevf8IVH/zz/Sj/AIQuP/nn+lH9orsL2J5Dz6N+Rowf7rfka9e/4QuP+5+lH/CFR/3P
0o/tFdg9ieRc/wB1vyNLyf4W/KvXP+EKj/ufpR/whUf9wflR/aK7B7E8iw390/lQQf7p/KvXf+EK
j/55ij/hCo/+eS0f2iuwexPIiGP8J/Kja390/lXrv/CFR/8APJaP+EKj/wCeYo/tFdg9ieQ7W9D+
VG1vQ/lXr3/CFR/88lo/4QqP/nmB9BR/aK7B7E8h2n+635Gk2n0P5V6//wAIVH/c/Sl/4QmP/nkt
H9orsP2LPH9jf3T+VAR/7p/KvX/+EJj/AOeS0f8ACFJ/zyWl/aC7B7JnkiI390/lU6I3ZT+Veq/8
IVH/AM81pf8AhC0H/LMUf2guweyZ5kiNj7pqZUb+6a9I/wCENH9wUf8ACHf7Io/tBdifYnnIRvQ0
uxvQ16L/AMIf7Cj/AIQ72FH9orsHsDzra3oaNp9DXov/AAh3tR/wh3tR/aK7B7A862n0NG0+hr0X
/hDvaj/hDh6Uv7RXYPYHnW1vQ0AH0Nei/wDCHD0o/wCEN9qr+0V2D2B53tb0pdjeleh/8Ib7Uf8A
CHe1H9orsJ0Dz0K2elLtb0Neg/8ACHewo/4Q8+gpf2j5B7A8/Eb/AN007Y/9013/APwiB9KD4QPp
T/tHyD2BwHlv/dNOCP8A3a7z/hEDR/wh/wBaP7RXYX1e5wwRsdKcqt6V3H/CIUf8IiR60/7R8g+r
M4pVbPSpgD6V1/8AwiDdeaD4RbHen/aa7C+rM5IA+lSAHHSupHhJ/el/4RJ/U0f2muwPDM5YKc9K
UqT2rqP+ESf1NH/CJP8A3jR/aa7C+rM5bbSEY7V1X/CJP70f8Ik/vR/aa7B9WZyRQmmbT6V2H/CJ
P70f8Ik3vR/aS7B9WZxxQntTCh9K7T/hEm96T/hEW96X9pLsP6sziTG3pTCjeld1/wAIi3vSf8Ig
e+aP7SXYf1ZnC7G9KTY39013f/CIH3pP+EPPvSeZLsH1ZnCFH/umk8t/7td7/wAIgfSj/hED6Uv7
RXYPqzOBCP8A3adsb0rvP+EQPpR/wh59DT/tFdg+rs4TY3pS7W9K7n/hDz70f8Iefej+0F2D6szh
wrDtRg+ldx/wiHsaP+EQ/wBk0f2iuwfVmcRg+lGD6V3H/CIf7Jo/4RD/AGTR/aK7B9WZw+D6UFT6
V3H/AAiH+yaP+EQ/2TR/aC7C+rM4bafSprWJnuo1x1Ndn/wiBrRsfCgR1bZyO9RPHqUXG25UcO00
zS8K2xSJc969LsRiNfpXNaPpfkqoI6V1Vum1QK806T//1Pf6RgCKWg9KAKktsGFVH0yNv4a026U0
0AZP9kR/3KP7Ij/uVrmkoAyf7Ij/ALlH9kR/3K1qKAMn+yI/7lH9kR/3K1qKAMn+yI/7lH9kR/3K
1qKAMn+yI/7lH9kR/wBytaigDJ/siP8AuUf2Sn92taigDJ/slP7tH9kx/wB2taigDJ/siP8AuUf2
RH/crWooAyf7Ij/uUf2RH/crWooAyf7Ij/uUf2RH/drWooAyf7JT+7R/ZEf9ytaigDJ/siP+5R/Z
Ef8AcrWooAyf7Jj/ALtH9kx/3a1qKAMn+yI/7lH9kR/3K1qKAMn+yI/7lH9kR/3K1qKAMn+yI/7l
H9kR/wBytaigDJ/siP8AufpR/ZEf9ytaigDJ/siP+5R/ZEf9z9K1qKAMn+yI/wC5R/ZEf9ytaigD
J/siP+5R/ZEf9ytaigDJ/siP+5R/ZEf9ytaigDJ/siP+5R/ZEf8AcrWooAyf7Ij/ALlH9kR/3K1q
KAMn+yI/7lH9kR/3K1qKAMn+yI/7lH9kR/3K1qKAMn+yI/7lH9kR/wBytaigDJ/siP8AuUf2RH/c
rWooAyf7Ij/uUf2RH/crWooAyf7Ij/uUf2RH/crWooAyf7Ij/u0f2RH/AHa1qKAMn+yI/wC5R/ZE
f9ytaigDJ/siP+5+lH9kR/3P0rWooAyf7Ij/ALlH9kR/3K1qKAMn+yI/7lH9kR/3a1qKAMn+yI/7
tH9kR/3P0rWooAyf7Ij/ALlH9kR/3K1qKAMn+yI/7lH9kR/3a1qKAMn+yI/7lH9kR/3K1qKAMn+y
E/u0f2RH/drWooAyf7Ij/uUf2RH/AHK1qKAMn+yI/wC5R/ZEf9ytaigDJ/siP+5R/ZEf9ytaigDJ
/siP+5R/ZEf92taigDJ/siP+7R/ZEf8AcrWooAyf7Jj/ALtH9kJ/drWooAyf7IT+7R/ZEf8AdrWo
oAyf7Jj/ALn6VLHpiKQQtaNKKAIIrYR1ZUYFJThQB//ZCmVuZHN0cmVhbQplbmRvYmoKMTUgMCBv
YmoKICAgNDA1MjMKZW5kb2JqCjE3IDAgb2JqCjw8IC9MZW5ndGggMTggMCBSCiAgIC9GaWx0ZXIg
L0ZsYXRlRGVjb2RlCiAgIC9MZW5ndGgxIDk1ODAKPj4Kc3RyZWFtCnic7Xl7eBRVtu/etWr3o6qr
u7o7nU466fQrCXkQEjqEQEBSKiAK8swwiRIJDyMmYhIjGRoMCTIaw0MEMQTECDHDI6LkICKXDATO
cADP0eFwhDvH0ZnxjHHmfteYo3M5nhGTyllVnUR8zXfvX/e733drf1W79t71WM/fWquKUEKIQBoJ
EP+K1cuqP5TbthESf5kQ7r4VdY/7n/708HZCEpMJoR3l1Q+t/vMzX1wgxIvrZMtDj0TKi86fTcLz
o3hP4qoHl620iXcdJiSpCOcmrsIJ26vmXhxvxXHyqtWPrz3bYS7FcReOtz5StWIZocefI8Q3FcfP
rV62tpo/wK/D8Ts49lc/9mD1zsU7CnDcRwhrIBwpV1v4ctaB1BqJR7HwV4jhCjWx1RxPsi9c6xtP
5Gt91/pynPaAPSVgD5TzZKAWEgY+UVuM1r/+5TFDOj6jjBDDXnadmIiLTFLiLcY6a61A6sxG6rIR
PsUhmdNISAzGyjf6esPX+uyTcRtPsvvCN/rCOSeOuXvcHC1NyQ077DKXSWlerj2UF/ATu0wC3P4t
//P9f/10y+C5nh5OpTtpp/oTtSpCx9K76AyaebMjwn8cURvV3eoLagOKVKOFdSEtbvJTZZy0S3Q9
7xTrbLvsxufNO6HO/iyrde6kdUS2OKzpJochxhHLkzSHEOKCcUheWKPvWh+eaPRh3zfQJ/f2y3jI
OTE/vioeCc2N0qfvgeFzrS/r6WHTNg9upU3NzWqEa2rWSdv/GzVwdnDg7GDHb9T9SJ8b6fsD0mcj
VUqCmVERdhprJaSIdxgEh8maZgmRNAMny9cu9A70XuuT+5GS/vCN/jCKLYfO7rIUze6yFt0/u0su
ur/4DJGHzuFTZWzKJHv+pBLFrdiX2svs2/ntbLthu7HR1GhuFBpFsVSjMeAK2aOU57po7UX1oWZ2
uUldeSnCv9dH16hb+r7OiqChEG7oc9TpHJ1OB9mqLHD4ZAfPeLuP8SLuJjMn+Bjj5SQOOEeS3QHA
2ayclAScRZvKcIBYJ0tmBrQOao0ENWuVLKJgYjxwktNAnPK1d+xuzQqm9va5UeiOyTmzFxUbZfaZ
kX3mDhtl02f6QNZH+qw2VxIM5eVSbC5kBwKQ68KDvI4L/zuX++zgjJ3rB6/UH+fplT9F2BI0jggd
r16JcCFuyoht1CJPErlN8YhmI9SxWrNmDYY0k+CwoCGY0A6sw2Yq92qS7/+yPyxfyFHMOUKOmGPJ
kfhRC9BkGdU7kHPcnCZN35Gvs/rULfiupqGP2Rz2OUmnRqUwFOSSAz6LmOTjvH6faBEzRIs/wMfS
VraBjIlt9WxwOdaPqc7wi5aA1+R2uDgHMTld45O9TmLLyZBvXOi71oumIPfbHVHnkXtvXEDTvKj2
oRSjkrN+hqdG/VgSPE7QkUqVZwxJBp8xmCakiWmWNCnNmuZL86cF0oJpoQKhQCywFEgF1gJfgb8g
UBAsCBULxWKxpVgqthb7iv3FgeJgcahSqBQrLZVSpbXSV+mvDFQGK0OdQqfYaemUOq2dvk5/Z6Az
2Bk6I5wRz1jOSGesZ3xn/GcCZ4JnQoU5mfMz92d2ZfKlpDTfnptEc8MT8yakZtNxNG9CciDMu+2h
cTQUNLhiYn00ibpi+EAwua3B+689L7Y/evSjD47TMVTYRBNaG7wX3ty1e9U/ffTP3epl9epO9aNZ
dPnhg3WP3bcyM3/SpVO//8+xY9WTe7c/VF66bEL+hA/P//HTMBnGpuOo8wSSTHYps0TBDBaTD3gw
+ngeMkw8SQQ+sU7cHXLWuWrtEl9nMxj9PIN4E4kFvxjygtViYPHomP7k+Bg5LdEScgRTRrBC7pXP
nbM73JNR6o7JdmyaSfeHw2g2ar9jstZGDRv3YeXYUDknRKPNxpUi124nmjOMo5nUrtu1Dn+8K8aQ
EhVXJuULS9Zl/XaP6uqfsWzxbecGCdpcEeVpwtuDLZu27t69dRP3vrTkp2pZhP5q672Dv4totnj1
3L43A63btrWg7Q/dQDksRDlYyWZlslWKuqmYJIjouSKaJv+NU2eIYNE910hqYdRrzTZisI167Y2p
6LX2UdZGHNY07LDIo8msGaAHRCqaBLNBdEpOqyyHpJDVLyvyfFlEk6CuEMWmuZIZO8PC+sF3+wff
3cb9cgd9nrag3iI3O9iSSGQgBL/TgImSxehXX6JfeUihEk+ec28Aabt9g8W8HqoTrA6Lh8SkGKQE
VM+1d/ToFfUTtS9HkXISqxLXcOvj13teTjTQUmrgh4PMqBlydtmBIs9nX05Rf62q6tPq3fQtuu4p
6j/QMObXR3577dqHL5zJpJ1//ogeoA/ScnpAuV3d8ctutUd9A9u5g4fJMM5AGcpaJJOVmCjKIMgI
iDIhxBguaJFv9IYHesOjMVCx2aQcSZHmS2VStdQoGW/FmFxXFGHORfHFq8mB0+Rg2I9yEDGiZCsO
ssFi2OBYb6mOgxSXOcUmadFsWAAIHIhfVfEN8T3xV+IRv1L0SBtl1x0VgX6E9T2nT/ec7e4+qzap
RfQ1upZG6FF10RJ6B51N59A71G71LfWU2h2h+2gFtpfUlRh3W9SVROf7PrQxFfl2kg1Kls1nNBoM
Plm2ZchGajFBncBq7bTOSsxpRkeaLOJRQnHIDi4YMwy5vehOvVEH+lJzIi3k3eI8aFVGIyWlSqLi
mu9aZah2NRkaXS+7jEZjrDHVmG/Ml1fJhtJR4dERlNb86r6eHvoePHWWE3rUmwOrz2rS/PoPcDiC
JsbnD9wRifIwE2NEOz+deElEGeuJMUpuCu3MfUBoS3BYgbazQzKx3+NMnGWw5TllaSZP8jwGmbs9
KYoIN27hod+NEDAC2Tknic9HfBTQ8GZ3CUUYupOIgi9MIklD5/TQfTLbt93X5YNR3U9DuIx1DWPC
hFQNJnEwc/du+pXSUf/GW62DT22c8ZPKlU9GIC/SsrTovXcHr0ciXF7Twy+9qoaidlKE/sIjP5qd
ZClO0mwxNDvaNDuZ5ppinmYLa4ZyQzeUAc1QTsrxSnxZPGhWMtEup0ax+VYr4Y5W339fTc2SJTXq
n9XztJDGUw+dpp4vOkeRnZ7zqvr3NQhlBmqk6epv1K/Um+r1UdmaZiEtOeQJpdDvcUq8IZOAbBzT
nu6VD4yDtpRAXIzIjO3ph0KxZhLvFGZZ3HPjTXkW2eCaGy87g7My/HJacl7q7eN1F5qKCVLvsNmg
mDWpR8WOxqMJ3j0Zg6MikXB2WAmXhavD28Oa4/+wXL83GFUB/8E9R2vferN1sKnhtkUPrGoY3N8w
beFS7J/RVDFt/6NPtkOkYtmVq5r46ZeXVu14evAvt55p6ildvELTRzbqY6YhhsSQALlLSQ64mD0u
qcMU12Gl7dBI2q3VpjZHwjRxqpPLc9l5mUwKapalm5aGF71aRqpZlW5UxwtDiLL5ekankarpJxRM
HYP005jYaPTQOLrUSm9mtVZ/TJn69cfVrVmqgd5cWrG6pGR1xdIIC60d3LpogXpd/RrbtQWLmiK0
/PTBrk8+OXbwtKY3TJ74Oai3OPITJYXE2k1mJ2W2djs7ENsmmdvth0RhgonLJfKdDpNsybPeHo/a
QW8YzaF0P5AvaPHRoSnE58n2FHrmeZZ6GjyaQkaSgO8Jfk6NYf6cx58+PzhzdzvHT3j1CV8Jn6v+
6ieL3nlTXaLL9UxVpXnYzvnTSKORJJIHlaABiCCTdpP8stQcYzoIzZ62mGqvbCfTTJPNhkJ32KtJ
VYsSUcvHENErY7zW6QuWJTUkvZx0JYnvIT2GHmOPqcfcI1whVwxXjFdMV8xXBAuCDNVF66Us4NJF
nZ9r4EMjfgJ5cx+4fx73wWDKE5trn405mDlE/qT2qe9j4iNRE/Vwxf9y5OCvHD8z/fqtdY+/2YlR
0IrTaerbIz67Cm3EgjYyR0mhxO4V+A6P0BGT1O5vlNpjqj1tNl+eF7N+a5401TjNHdaM5EbvwNSp
vd83kpOFoYbQsZCGPMPmoNPLNGFbUe4ayShstyZ3qCp7+NGS+1Y/XEaX71aNWXuq/6gOUvhj9Z4s
NCH6h4dPHzz2ySddB49GmhYtwCqMoZ9nLFhEB9ZGcy12FfFfJvHkHiVor7PEacHPisHPYnDFOWyS
K9tsy7BLIbMeBz2aE19AL46CpF2vCvu11Om/IxDNT6hOaEyAUTQPY0bEh7TKBUbSIi0wLvyKpqrv
/1Xt/+KL6idf3LupWgP2zy5d/nfVFuE+fm3Hc6+O4iDRcT0N65nxSanEJ8daWSr1tVtTD5hiX3Y2
xyW00XZTtRX81hAfm+vm8pJs6IAh2S2G0/UcXPPDKK1I6MXefvWiZjX6jN2h5385ylhfRkFMoasw
ttBdGFcYP9kzL6MhQ8h0ZcdmuxssDVKDtcHW4GvwNwQagqJmRvYRPaTmTZg4ZVhFxlAeeoCfp3mj
+uJXtaqGmUcffeXY14On1zVW1MbVLH2nhnqpWW17akXFvfMWruS2DfZFmormH3vljeOFG9f/dMUn
weC1wd9ff+TBB1c+EsXgYvSTLJRDOrUrd2IeaLMsCPjNAmcSF/gD/pG65DUW+5qHNZOjYzzNrqOO
Nr02CZgsXs6d60JPN81zJXvnEVs4WptcGKlN7MPFyQBWK3/q12H5B8sTRRLNoiCKWApJotWAIb2x
IfPlzJ5MSDenC+niWMtYKd06MTQjVGIuEUrEEkuJVGIt8ZX4SwIlwZJQhblCqBArLBVShbXCV+Gv
CFQEK0KbzZuFzeJmy2Zps3Wzf3Ngc3BzaI95j7BH3GPZI+2x7vHvCewJ7gkdMR8RjohHLEekI9Yj
/iOBI8Ejoaml9PsVysSoW3yvQkktq7G2bHyk9u6Hd/5i1+c3H7i+scbc3PhIlbJox9X96pD6xYrf
+2j6z+pnz1RmelLS9zz52hFfQL2x+tEZd0yc5krJ27flxKtJep1NstXFbCbqw0JCpEbJHPF1qd0W
RGdHl2+zHfK/4KlO9k0g6OhTA1bd76VJyaNhQQNZuVf/VKGFvRG3H0kzkvU0I5kkD6cZillOKUxp
SDmWwmMCfkuUSBnB3ZEoEoVjLn0kUqht3wkjHYPLW7lZDw/HCh0Tvoki6qzIcE41fuhjOMxqMAN5
QPG6BdlE2nlOR+ZqA3coTjbaqZnJQCZhLjK1L/zOtQsaKiM8D/TKF0Y/fIhFGkPaN484naM4EjeS
OM2LX4rZLZQ6Q9o3DnvAFbAPQ3LUr/5p7166nI5R3x9boEzjXjC/dO6DffB6hN6jnowMrtkyffF9
+zc2v6XrA3MU7jeIvSJxkSlKHHSaHe0xh2RLu5XMNkiYiThtefbbY6MZ/DU9JIcH+j7E+kL0ubPd
Ze7t7i43o6VO3XiwhsP309Gw9svqBfOqquYtqKabWgertOyBFS2oqsLJR79eo8ez4TxJp8FMxisO
Q7upkSftHM0jshHy2O1C9N3Db9beK2aLZeJ2sUtk2me0kXdxhcOviES0ED/8/eN5xGcXmaekS7vE
nd/+LnbrZ7EMhxAy6CAd+w1I3+gPDwN0v4pWp/bmnLC5fe4f+Sam1y0st3mwla5vblaf+vTb38N2
Res5LW5vQvv3kLDiJu5mkOzNFnObVs3latXcNEP41mpu4MLABVm9kHPcloiJDwbN4Yj7LT/VNM9v
Sv30H9Ve9TKdQB1Vf1xTLW94bFf9us2VG610zsk3aCoVtYCbkaG+37Tp8n9+caVxrU5PoZb/o+y9
ZG00/6eY+2MF0BhN/4W2b6f/evbP36nn/1rK8538f+CbIPx/nP7bfyz9b+PId9J/LYOr/6H8nw59
gLnb+/wYrPvrlQLBzJl+Llkl488NRit2c0xGJIFnHBjmUEoyjMRiYhqXcIhYJbPJaOApMdtE7pvC
f+Dbhb+G6d+t/NOYVvlLY/lMNpufze7n72eG0sA3ZT52lL6tNq3hlm/EbMiyhW5frzahP0YGy7j9
WOwv1OK1OpmtQrvwkbHkcWXcWL+cGLLR9A4nafeaLM1GPtQR3+Y9xB92VmeZc41Jef5Em0ympk4z
xoaztKB0IxqsR6HxonpBw0Y9zUB9KIkmIU5IEwrH8cREzDyikmyOEfwmvzlZMOtxWUf6MXnRmHAb
vTVVQh7oLalUHn9VPa/+ruK3tTW2LRs7mm5Nm+hXqnEkp4LXB8o++o9AQH24/KVLkVsTqKaIunc4
tTodzVcwLmj8x2JcWKRkhNxGp8ffIZD2GIaFgqdDbos5BC8I1cn8BLfTILu4PDLVO00KJ+uJYDia
Cf5AVDhRhdDPjaQdufa/zdXuwRUdP87M1wEsck79DTbQuLR6ZwvaXzx5WAnFyky0OA+Y3BqcHjJV
Iydxs2J5GYmfKeXZZHGSR/sSoCWy0TwWrS08WuuQBDrsPVow0AKBR3chD/EMu9CJ7QldCdy3Uird
k6Ls4Cl/Y7dqKNSdh968o7hyxUZ+zMDCaO3MZUYGn79Y2XaUfqDHLY16INrfHAvhubnYJ2FmC+hJ
DWSILqLL6Fq6ge7kLnIf+lP9Of4C/9FAcGhI+89C9tOFtAzX64fXnbg+eXT9xzcNDz6ke+k+2oZt
/3C7iO0y1f4QGf/m3f87G0+0v1MULSxRH4v6keEuIZ8u7E3EgFwSjD4/tMUSO2JjDHHqfCah8LUt
ASVjJTaMyQHiwDgfT4Louf9/+7GNIxxdrx31qulLKpMKMvxdD1eW0OU4asLjdlJG11MMoGQuWUJu
I0+Rv+D8Rv1+H92I7aj+vLM4czZ6hvNH8SmEFJEaspG06u+4xC/hy/n1fDmmQVvoFpz5nbaGlUAW
n47XbsR9Pa4t185pIbZ0Uk6wSiDtOPMlrkfIXiqwd/HJ/0BTyCp8z1zcO9DtTUjLdWrlyqkFr63V
DAwtBPnDTKOCrCERvO+63j7H8UoSYdcNMdyXyNcsXDPwZeQTfHoNqaECzYVc7q9471ycada4op2E
gwo02zJsY/Q2nSzH5xzEKyJkH7ecy+XHaFfptN9GPiAndbrLyQ4cLySd+pHAAHkP8mg50q/JJp6d
J4uN99CAwUqzjQ0oK2Lwko1cOfHBdFJL0MBPGrSv3pRg5OniUu5e2aUsKPZfLglkjf3O0C8b/V1k
fpcU8Z8aGppfzCewki6W2AUppi4+JfRvP7b4b1ljZ88v9nddnTF9+Kkzyqbj3KJiPNVGOI3zM6Zn
ER2FuAdOPZYVM2Opbep/EJ9JV/Z778/9XyP9V/MHPrZeN6fjtdoi1S/Ao3GT6iXElovr1dbrw/Pf
bCH+XVJu+JyUGeJJGbtB3Ia8oc/Zfjy/RJq4t1EuB3Etb+iG4QGyGM7i+V9RcvPJfewqmckWkyLT
z7BvJdl8PpnC3KQIz4swcyxj2aSI30iKtTU4TsaDQGZqO3udlPF/wOuukkL+4NAH2vX6fpVkD9M0
Hfd/RuKrkek43PtQf8VoAx9Fd/Y/kKou5Ay1ZjyFgDUHwUrGHdcELHNFvM+SjDsiprSLECuuW/Ee
2+eE2BsJcawkxInXO3HNic+OwTkXjl14f2wrIW7c48q0/++6tEKcmWSSwyhVTvvLqmEwn0k34Zg/
xTUqvVdU+PVseFeFdwR42wqXw3CpGy52wz/chAst8PcqnFfhXM9d7Fw99NwFZ3PgTD38UoRuFU6r
8N9UOGWDkwK86YITqfCGAG8o/PG/87C/80DXMQ/rSoJjHnj9ZYm9ng+vYfdaAI7mw6sidB6xs84w
HLHDkUb+8Dg4tDeJHVLh4C8c7KAXfuGAjlcyWUc3vPK4l72SCe3YtXfDgf0edkCF/R54WYK2l7pZ
mwov7StlL3XDS438vhdT2L5S2KfwL+LTXkyBvXvsbG8S7D01dE4Z4vfYodUCrQq/2wstIrzQArsk
eD4edu5YyXaqsANfsWMlPLddZM/FwHYRtiv8s9sk9mwMbJNg6xaBbQ3DFgE2e6H5mXrWrMIzeMcz
9fC0CE8lwc9x8PMwbHrSyTap8GSNjT3phMYGiTWq0CBBg8JvwCs2qFD/hI/Vq/CED9av62brVVgX
KWXrumFdIx9Zm8IipRBR+LUp8LN8qMM76iphDXZrbsLjXqhV4TF88mMq1NigppGvrhrHqlWoGgeP
qrBahUdkqJwNFQKsUuEhAR5S+PIAPFgPK1VQtq2ohOXdsKweylR4IBZKRRsrVeF+O5QUe1lJFhR7
4adhWCxC0SIPK2qBRR5Y6IEF82PZghSYb5XZ/FiYh908N8y9N5HNrYd775bYvYlwr8LPsSWyOeNh
Ni7PDsM9OH9PPdwtway7BDarHu4SYOYMic0Mw4zpFjZDghlRlUy3wJ13xLE7W+COOLhdsbLb60GZ
aGaKFZRGvvC2dFbYDdOwm1YKt+ErbkuHqVPi2FQHTClwsClxUDBZYAUOmCzApHwbm1QP+Xh3vg3y
G/mJZpio8HkT4lheC0zINLMJcZBr9rLcFginSyyswngr5FhElpME2cnpLDsfxgUENi4JssbaWVYL
jMV7xtphrMJnmiEj1cQyvJAuQbrCp42xs7QWGINzY+wwRuFTTZCCj0jphmRngCWnQwi7kApBfGCw
BQJ+EwsIEGjk/SbwK7wPV30ZoJxIsmexpALwBiCxHhJc4AlDfBjicDlOBXdsOnNXQiyOYtPBxQTm
SoKYOHCikJ0BcOC9jnqwI0v2LJBROrIKNlyzJYJVBmsjLyFz0k2wiGBReNEGAl4qdIPZCyajk5m6
wegEAz7WEANMAKbwPDgY7wa+kQdqY+AAUHgOzzgVx0CxkMci8hRd+dQ2mvn/5kb+bxPwzeYl/wXr
loP5CmVuZHN0cmVhbQplbmRvYmoKMTggMCBvYmoKICAgNjU3NQplbmRvYmoKMTkgMCBvYmoKPDwg
L0xlbmd0aCAyMCAwIFIKICAgL0ZpbHRlciAvRmxhdGVEZWNvZGUKPj4Kc3RyZWFtCnicXZLLbsMg
EEX3fAXLdBH5EXtoJCtSlW6y6EN1+wEOjFNLDbaIs/Dfl+FGqdSFzWG4A3dgsv3h+eCHWWfvYbQt
z7ofvAt8Ga/Bsj7yafCqKLUb7Hybpb89d5PKYnK7XGY+H3w/qqbR2UdcvMxh0asnNx75QWmts7fg
OAz+pFdf+xah9jpNP3xmP+tc7XbacR+3e+mm1+7MOkvJ64OL68O8rGPan+JzmViXaV7Akh0dX6bO
cuj8iVWT5zvd9P1OsXf/1jYVUo69/e6CaqoqSvM8DpFrcB25RrxO8QLxQtiCrWg20Gwil3niOMR4
iXgpTGCSXOgr0Vdb8Fa4B/fCDObIBKbE0JBoyIGdMM4iOcuAjTChFpJaCLWQ1FLDZy0+CXWR1GXg
zYg3A40RjUGukVyCZxLPhHsguYcKNVZSI2Efkn3oEfwo+0BjksYgbiQODyZ5gOc4yMPdXkieUHrt
3hv2GkJsi9SQqR+kEwbP956dxkmy0vcLERa+JAplbmRzdHJlYW0KZW5kb2JqCjIwIDAgb2JqCiAg
IDM3OAplbmRvYmoKMjEgMCBvYmoKPDwgL1R5cGUgL0ZvbnREZXNjcmlwdG9yCiAgIC9Gb250TmFt
ZSAvV0RKQ1BaK0RlamFWdVNlcmlmLUJvbGQKICAgL0ZvbnRGYW1pbHkgKERlamFWdSBTZXJpZikK
ICAgL0ZsYWdzIDMyCiAgIC9Gb250QkJveCBbIC04MzUgLTM4OSAxODU0IDExNDUgXQogICAvSXRh
bGljQW5nbGUgMAogICAvQXNjZW50IDkzOAogICAvRGVzY2VudCAtMjM1CiAgIC9DYXBIZWlnaHQg
MTE0NQogICAvU3RlbVYgODAKICAgL1N0ZW1IIDgwCiAgIC9Gb250RmlsZTIgMTcgMCBSCj4+CmVu
ZG9iago4IDAgb2JqCjw8IC9UeXBlIC9Gb250CiAgIC9TdWJ0eXBlIC9UcnVlVHlwZQogICAvQmFz
ZUZvbnQgL1dESkNQWitEZWphVnVTZXJpZi1Cb2xkCiAgIC9GaXJzdENoYXIgMzIKICAgL0xhc3RD
aGFyIDExOAogICAvRm9udERlc2NyaXB0b3IgMjEgMCBSCiAgIC9FbmNvZGluZyAvV2luQW5zaUVu
Y29kaW5nCiAgIC9XaWR0aHMgWyAzNDggMCAwIDAgMCAwIDAgMCAwIDAgMCAwIDAgMCAwIDAgMCAw
IDAgMCAwIDAgMCAwIDAgMCAwIDAgMCAwIDAgMCAwIDc3NSAwIDc5NSA4NjcgNzYyIDcwOSAwIDAg
NDY3IDAgMCA3MDMgMCA5MTQgODcxIDc1MSAwIDgzMSA3MjIgNzQ0IDAgNzc1IDAgMCAwIDAgMCAw
IDAgMCAwIDAgNjQ3IDY5OSA2MDggNjk5IDYzNiAwIDY5OSA3MjcgMzc5IDAgMCAzNzkgMTA1OCA3
MjcgNjY2IDY5OSA2OTkgNTI2IDU2MiA0NjEgNzI3IDU4MSBdCiAgICAvVG9Vbmljb2RlIDE5IDAg
Ugo+PgplbmRvYmoKMjIgMCBvYmoKPDwgL0xlbmd0aCAyMyAwIFIKICAgL0ZpbHRlciAvRmxhdGVE
ZWNvZGUKICAgL0xlbmd0aDEgMTAzNjAKPj4Kc3RyZWFtCnic5Xp7XBRH2m5VV3fP9Ny65z4MDDPD
AMNlgHEQlYimVTTGCzFqXCQhogHEQUWjRkUJ5uIdxVsQE6LE+Jldkyga4xI1SgwxMVmXzUZjTLKb
i+TiHsJmv2Vdw0Lzvd0Das5+e87+zj/n/H6ny6a7q6u766163ud93hoRRghp0BpEkOeRBbMXfS7s
/QmhmA6EqIJHHlvqqc18uQsh93iE8K7SRXMXfLfmL60IeT6HpzbPnb+y9K/3FaTB+SvwjFhWMrvY
+Mw9xxDylkHdkDKoMHm0H8J1I1zHly1YuuL4A4abcA3vQPXzKx6ZjSguiFDcQ3DdsGD2ikX000wm
XEMb5Fn0aMmiZSvZGwj5HAgxDyMKlUp1dClzAHqrQk5RR7+L2HexmimkaJTReqljEBIudVzqCJqN
XmOC1+gtpVHPEhLd841UpzLc/M9H2WSEUTdCpIv5EaxeIcbQxQzLkGKWmUxYGjPsPDVegjiVkUaU
VrjU2trTOghldIS6Wo3ZxuzgxGn5KvoHlUD/MDMOT2zSTM9/E2mRCC/VIm1fyzDj0GEzRc6DPDiD
y9DQhdBGq7Tpa4m0QaLSxpvlNTJZCZlGrxX7MC19hOdvwnSY/vTtpzq6K8NgPNg6XJpBN9O5SId8
6AExgJHRRfT0Lqe+ko+LrfRodllqnEWeJ/mGeHcAqZz2LK8h4BKQXx+MF7o6QqH2UFeH0A5D0tHR
3tMhdIaETqHTaM/ODh6vTmhKoHAhtlpsmaEhWYMTfXGs35fltY7EmSGT1UL54hL9xkyrNysTH9hZ
s2X79i01O5uP4nlDXlrVevNm66qXhhzuvX6UGj+v5cLXn//hy/dfLz9YPEt6v7tbujCrWIouL5fn
qu8aPQP6b0HRKE+MpdTWSqTew9TqHLXoOVONrihGzVmdKBo7+ZQYuccwdb+B7kJnOwSpXeg0ZQdF
k8cluqpdpA214TaqzdoWzRRCx72Rng/NNGBfHMoajDJDSJUO56yKntHz3f69K59z7wr88NZ16Rts
+/ovmLrEbt9QvUOgkPrKZ9VVR5pwptSDB0tXjp5888wb8nhjNAFw8RH014GeEePUnJnBiK80IsZW
o+cqjQ1ajZpKQ0LApPbrAoZglNDV3hFqv9QhyAjp7AxJ58/DAJ9XcCIOE5CABUogAi0wglWwCXbB
keEUkYhFSiQiLTK5VtEm2kWHFT5NyY092EOxsnETm6wyaKIU0ERBiYAGG32KhdbIxBgH5stGPgoz
eRM3bL/ce/FgEy4bcqgy7RE6WbpxX97pJskZDpPp896sKDfINi7pu0aOgY3J6Ko4yhdHxXtH6rSx
bsrlGanVaSdrdR4vbcMvoEam1m97wdrorDXV+ItSPFqd16W2p1ldI3m13zounkrj0dgUoau141J7
h4IrUzZskdkD2HXekJGm+Itg+AFOVcrfmXHHPKkYF4r5frff4/f64/y+Ak2BtkBXoC9wF3gKvAVx
+b517nWedd51cet8de46T523Lq7Od9B90HPQezDuoM8lplanHrEcsR6xHbEfcRyJOms5az1rO2s/
6zgbZShEhUOzMmNxBNYZOB1nDR4CY2S39g+exebGsQB8FiC+JExv2bT6yVl71m5c9fGb008+EqY3
LFu6vGD9jt1rv/tgbuvwm8sfK5w5bsagtMDTpTsOBlK+n7t06tQx96ekZWyp2P1qIOKnMs7DMKZa
ZEepohnV6thaGd4O4rTmcgBuB4C7qyMyNkJn8LgnqiIKvC9hwPOgT/YBEFstiCrbtXv3rl2763d+
L32Lo65fx1HSd+P+1N5+/Xp7+58eAeRKOCT9VpKkiwO4pTvh+y60SExX6S1OmmD7Wg2pZBqiTQaC
KzU1AjKOMMcEWD5g9uvvogNO1o8CVDA2guGujnahXWaKjJzOTnuoR5lOmL0TGe5qd5Ob3IZkrALJ
WCgRSGbeCcMBXEZsgovpMhozX5zfdPCARO8rWrlmXWOYTC1/c/7C9z/uPR8OU+jt7adeA4TeHsfN
YIcGJaHHxYxorzYKCTpcGbVTXWv2bvVtia1NrDEX6SoNVBSDvGlx+oCTR34t44yzpSQrWJRZL4JF
2Sfbpc4b3ypQzAanlNkkXkipSFmR1JJCVya14BaqhbTSrUwr22pttbXaWxwtUS1OveyCWZFpARSZ
FatkmkmUkeSNTJnKlxVxvYwfNq7bsHTJluYD0oERjeVHf9d5FVM71y58UphV9PqMP3yH8756rLLi
ya34dO/vw0smjDvd+B8n7l25tnjOleTkzyK8sxnmLw/iUQyaLHp1FsTr0VKq2FnCzNMvN1r0OjvS
YDurNmgEbNK6wE45xAmyUYqVNzqlTgHCE5inHacZpx2nG2cZZ2XACJ9R7iNttWBWheWZ8WbhkThi
AGYXlV8tu44N0m8dOmk9VbGsZwR+p27N85tqG+jFWJOd8/W5z6Q2O9xrlg4swK11/9i0+9BWeZ7W
wzzVQn9lvPsA7yU6tsQ0T8Y7DBnH8trbeJeZIJgQMhkFiCiUUTABzo2CjHP4S23eU1+/R97/Kv0Z
G//ahQXpx3F4Cp6Gp+MpUpP0ivSq1PQIrscLcQWul8qk7dIOqUwZswJ8hSqgloAOEF6nEI0RLSix
49Jvgmav1VtAIQlRSxqUtoehvyuZy8iNXhUTCOta4SxhhaV8iaWE1eHlaI6uyOMyUppYZGe5WKOG
pzzQfxjkVnmM+604Lw+y1A4YAlfgpsth/cGJTfz0B8EpPIpTQNAf4OmJTSZoYY7cVNSBR24UUQeJ
POFpnuFZXsWr+SjeyUfzMbyLj9XxiMdu5MYZKAOzwGPY6lUmUOYErxKPB2hNAaCRZnunD9484z+x
Q/qmD839ZPFi7sWdew/9al/BxqwZzOUD0vT4eKnr+x+kv4cycdzWut+9fa5NHEN1ynN4N2CuCeaQ
Qka0T0ygijkNh4s1Gm4y1ujQEoNKYJZo5hFKTbPIqCe8Vk2ZhK5LOSCIclrlUclo78m5lNMR6hdF
gqyKGFBFxzI44PcTHs6j9xhIRABNbNLJo6W/PWQmZchMUCJDJjq02ImH4XsxzVI2KkkzhBqmuYca
r1HJ42DkBtArCyavMZP6QKLIid78H3uXUlvPY5d07UfcTZw930psGCcsIF09mnLpM9nOy33X8Bdk
pYJVt8iT2Zx1Ns8VOUwsyCqHIFsgz7DsT8GhSqCIRAbjHeeXJw8bNnlSdvakycOyJ03KHja5bFhe
HlRNplr76yP89QTgbAuMaRRKQIViPHJ6Soh5vmmlvYQnzhJuHl+UaNGYEOtjdFYXa7Kx2kSZf7tA
7XRGYAaIk2TyBVeOdmM35SZu2s24Y91ut8ftdceNMo+yjLICQd2hesCRZHBEYp4JD9AWoIScGXN4
wR+lPmy/3ot56Yz0+X2HH1ykf3LBuTPSma27d2/durueen7iBKz7/ho2Suul/dIKaWps7M2S+TiB
jms7d+53F95892PFto1gW53i8wnoETFOh9gSHpVY3fNjV/pKoudZixI9mlgbYU1WHcsxDtmyjo7b
LCDHvY8VuxI4Hac3yqKIFVRGtVln1gsGgRcEozFZl6zPc+d58rymn8VGMuAEPoU8vLeCOUXt3VJf
v6W2rv6N3Ffmf4GJdP16r/QjHo0TwNLFuicXnjszDsxoew/MoH6cOAG84RpQzUr8MN6AD8fG3igJ
S58qHFHUd42dAxwRhRaKCTo2yoy4tTajniaogqfm2IqcJJ4xxOt4Id6E4xkj8jrBwPZL7T1K3AQT
czrsoQgng7x2RxdFU0rUvE0EToUInMjZTwTHt0U3RlNA0hA+fUZBnrOogQvk9SAjdp+lxp899c03
p87im2ekbuk8lL8x4fLynh7p66+/xrGEhvPvpZdBJcTgaco8gRagiphrME9WdK9oJ5yp0tIgQMhE
hNUHdH4zHzAGbQC7UE+7nC5BatMDqjt4rNaOb4d5m+KeNigR9zTf4Q3mW+Lz3TEZ6WNGZ2SM+R+H
e//UBKGeWZyem5ueMXr0P5LCcqCHdwwHvelnFoP3lYkuuwYJ+loLrUaVLNVgKXKoBCMOcIyfoAyI
GTmynP5NREPCeasgKVENy8wBnXIoA+hAjgEmtTIqRm1VWdWJqkR1RlR1VG3UvihNodkH3YsQxR05
QmLWH/bvfwMXSAcHjxs/mtqs3rp939PkdDmeIJ0o7y1cP+mBWdvXbfnVgA65xlogb/Gi+8REGy1Y
CYrapXfvUhkrzYtRpapIX0OZAlaB+HEAZcU4NSlxcsiDbufIKqqjXQF8f7Ilcsgn+Kp9TT4aNN+A
mKCyBptkWSoPJLkFdegundkk1ctp1k8335HTLFzavLNm6/btW2t2hsOQZOGh3d14yKxiKjn8jw/m
nX3/yz98/vUFee77IE9nPgMMU0Crr4r3IzmzpYoxxbKMyUgJkOPyShVEXpVahQW1ygC7VkfpBbVa
NZliDRWgt9SErmDnaIhR4A16rVoFD2CkN3PEDMEVDJJVYjuA/VKHqZ/6mR/sIRXzg/xPUCthQKVU
9V9ATEgyyZrfJgc43sDzdBKTxCbpkwwBY6pJiXReDkOmCUXGFvGSTCt+loqXOnvHP0VZfklZd/Z+
dbCqt6bqAOWizv/DFWbKu58Jh/F4qTkc0VDDYQCmwpxxSBRNbKV6MY0qKZgcv4oEmKAmAvh+uAPY
tXeAXaOAXQMlAvaEWwDHB+QkF7LecDjMiOH+/Ik5ADzoQsPEaOdCRIRqvtiyUDePFMUaeT7R5Ud2
A5cAwho02h3sdx5kv+CucMuswNJydp1IZclcRtsjWZ0sjmSwMgdGSxc6d3TPXrQA78D3VmLLvsUJ
X1z4840bf37pkyDe/OGV4tmLsOs4fgi/LI6Sfnn6GIikX0vN0qv79g7kAjAOLlQhBpwWlb4/E1j8
f54JKJT2b6cCxn8nFZhVKacCMKS9M+7IBWpPHuvPBTAaCj74Ge0HPl4mxtmNrE5vodZyDn0ljxq4
IhoF7MAaAXyXISD4dRkKGcvu1x4RJh1AxaFIxwdWYP6Jfqujm2T67bfGqVjjlJtFNJz3Dtmv2BWJ
qkYfdRnnH5aezdxffvSlg3iWYgrt7xkTPh2uuHCFyi7vfebcttOv4WuKHTKXuCCncaIs0Yn22GuJ
frfuGWMtV0OKog1pOieyONmUaBkuv7nUnyL2yKsfwWMVMTJII5Felsw2u/FWCisjhXb5/9gkZ4jO
70veKym3bnnqmfrddcu3OvHdh45Bkoj68KCMoPRjzZrvvv32+9VVA35Cfwf4iMLVYr59H6e27bPa
ODW/T+DVnNqwj+PUZgtlso4UBJ4faeBtNutkG68mlJ6r1NKV7GKHRSBUpbbBhDBDOKuZ12lYo01l
MiKYE5WfCZAgzIY8FUJLiykb0kjIxmQ8dQBnKKtQt9YFIvQgrw0I/dQB/+SVtWN8tMwXn6rUHM/Z
1Hab2sk7bYnqZD7ZNozPtmXbx/Mz1L/g56rn8nNtZfbl6g22Ov6E2kFzKo1Ky+gYPWtABpZXm7UW
lc3EmTVmraw0TAbBYOWjLQ6r3ZbEJWmStImGZD5NSDGmmFItAWuyLSN6iG6IfoghW8gyZ1vvjh7H
5epy9bmGseaZXL4mX/sLfoZxhmmGuYwr1ZXq5xpK+LnCbONs0xxziaXUVhS9gluhWaGtFFYYV5ge
M1daN5s3WzZaN9pqo+v4OuEN7qTmpLbZNh04Lxn3O0wk6HMR7sMqULcTensOAuvglj34qxNSK961
p7erXjq3/aDsMj1a/Hx5ufQ5pJNh/Pp66fcK9w+XsvExJe7HonliXKxg1xHObouuNXMQ/BvMz7sd
aTbQALYhvB90QNAtz5Eie+X1wR5ZeX58XvitnDmDr3uKPIs8d/i6W/EOyE36veP4EvsSB4UKf6YL
FCeRz/wD6y8XZYEwKpgxJg2i2Nsvj39q5CzVA1Mf/MUtnSBVlv9j8YFTXu9nRQWrnuhfy1A9DP4S
RL8SR3mcZj3NpiKicglrib8yuSHB67BoGVVlOqnx2TgUZdaM0MUFPGpQNuzd9hFRfmvAfHdSIMXj
jw8kBgf1kxpY2k9s/VjM6QwBu8lSW0ajXc6c7w7NClWEtoWaQsxtuwcpdg+C0p+mmDM0GdoMe4aj
TdOmbbO3OVpCXCH+7ynvny5uLZTQCVn/sfClAwclqrGoYtUTjZK6/0gpLLm3ePVBkr9seduHCjEm
vLhJIcYwFdi3PnImL+iFF62C7Hdjf84h5zcZaKQYF+8gJVauJJYvSZkXWxSMd+hMjF/HpCE22sqy
fq82KC+UdA2sIAwk6R93ylx5hwwhd5yr5PUyCFrxWYOHDB1YUINZJyf3bdu2T96TN61etXnzqtWb
5h86I924+Xfpb2de3v3CzatXb76A6xuPHm184ehR8tiG+voNG+vrL9gv7vv9tWu/33fRHn1kw/G2
tuMbjshz3wC2VIMtKWiymMq5StzmpaYSe4mbT16KShJLCCRQqZ5YzuVL1iAfyzpZnUWDTFRqZOVn
YEkk+46YK89wdtAcmR8LG7Hj56l0Krjh7Zz63WVXHv7sxqGG5g+k76Sby75YuEhzeO+eoyeaZoWO
HNm2fv0z+kVMXSD9zV+uf93jvPLyh1/ImfW2XUefbXq9dPuOpzaveVxeH5EaVBXMfgg4k9ECcfjo
URPH+vPidWji2KR4oh9byU2s5CtFsjq+MpVb7ahMHZrnTzIZxkezo3Qo2hBjco1gY2KjRwyi8sAy
ORj0doZCA6tawqVIFcRnobMV6uTq/kMw4dYyFUQLQJyy2ONPjJdtYymrxWS30XLosMsSJF6WIINN
Q4fEZ4IKgaEREPMzJcoYhu8sPPLpp0cKdw5vOHQ6d0xYanutoGnG+18Wz1qAU1994suirPlS54u/
ll6remLtujXVeOa5j/Hs5ZPypJMQlmqXrFy/ofLRrTenTum+cOGnKVO39vQkdJ+uOD997ZZEf6G0
/u8vSd/NXV41adK4wsK1q6rxPW8243HVj2842DDn29VSl3SB4Np5Vc8d2bvvyPOKLpey6WvADW4U
QKViZgDUpFmI8ZBkVOlK3mVW71XpamnfrqgacxH9vKshjUtTxQY8MbwfZSU6VUNtKWmRdFtZI7z9
s8gfv+2X6jCCJkWupwvp1elN6SDX8c8ZbQS+U7qDO9/pMVl0Zs/1eS35RaZ1Vft331bwuEyqH1Dw
5HTPg9/8lJj4RVnRr1trb4v5g+VSTb+Ub1Hi9Ft91/AHqBP8ethxPYuQTrjU0wqp5P35xzUUUtM5
OUJOzsxB6DiZzRXpQD5E7jGYaFWRez9bznhrUvbQvLyh2ZOUpYuheZPlb1xV8gUavuEVeaQij3KY
UdNIR2lY+FyOvNIDZHkpB45BrORTPqP8wxU5RA3qbWvsbaMGMXRv2375ZD81SOn3K6AvnoIcRI0e
FV2EyD9tEIzRZOjYctUcTChMEK1BLMXJXhtJJ7o6jLcyiUjCoKyxAf9yCv9ysqq/vbIm1ytijpPv
R+KRHTsIVchhH5bzZy/9VG/zM1Rab94ycoWp6N7ODGrG8i+Mcg/lPsF4IprKg2MsEqDGgKpBLU3D
s/EK/DjeQZ2nPvckeoKeuzyveOP6+uTfIlEjnoqL4H5V/30z3M++df9fb7JG/hw/ixvwXiiN/eU8
lPfwe8r9/26LV/rog79aQL4Gvm9AemRECYB+AfF3tPRClo4gLf7fb6Z/Uc/BHo2siIZjHChuM2QP
MRBPYmEWVTA6ABPEQjbs/De+8f/thjVoCcxUM/oAykdwNgmF0WK0HjXC+TdolVL/Fq2WC9RcZeS2
H6FmnAztKLngDCSz3Bl4Tybc+wbal8J1I5qj3O8mF5XyLLlILQevmgJnU5QnGlEzGU7T5GJkV576
AI1AJ9Eh+Zy5iOqg3VR0BcpoePsEdBpdxU+hA/gyqkJb0BJ54pELa8Bvw1DmMJeV8iN6SPmyXBdm
LkPW0IjCYOdpePuBSD1OxlNJESnF+WAhhQ+R8VC7FoXpIih+peQq9kVsoKhV8P1+e9FF6iEqmfbj
Q/Ad+RsX4f2H0Ajobyn0dDzslNx/ch01Eh30MIp5C01QTWB1mFVVoelwdxXJxM+yLlSEqsh0eEMe
1G1BefgKfAUAe4JlaGAcFPAITVTCvcVN4v35nvdmetMC/9OlR1B5mtCUJv1KT3Nf35R8OpqZ2cTE
NJEEdROd4PvqX938Ki0wcUq+p+nC2Nz+t44tyoW6aflwKl9BNdSPzU2L+Dn1cPO8RF3MLD7nb8it
VnDz0dW8vwwcf/qk9y7hE/WXcCnfjDAD/FUtkFwIGV0/fdKzSPjknxgjkYYRozaDm9pRN+NGw+nT
qJR8hCbQ0TC3H6JSxg/n78DRjjbDvp46jgrgeBj2u6lj6DIcn4B9I3sGFVG1aAIZiobDe0qZd/u6
4Ho460ZL5HfAPpRehUrpq2g4tapvuKoO6uA52Bugw+vlZ6Afb7HHAd92ORYoW27/3gHGQB0FTExE
iBO7oMcW2D9HiL0EVj4NZsNr1IOBksYjpAnC3gAEuAKoMB8hvQf2JoQMxQjxMQgJwHnCGhgXqDd+
D/QG98zwXivUW2EM7QLs8G7HAYBOD0JOaBM9CfZG+f+qKKOYSHEoFdUj2SMFtAfYDtFa/Fe4ppup
NeKX70rkvJm80xrPvFNM3hHp1njytp6ce8vPnCsmb/lJSyE5W0VOa8kpLTn5hoU5GSJvWEhziPxa
Iick8rpEXpPIMYkcbbqHOdpNmu4hRyRyuIq8KpFXDOTlQzrmZQs5pCO/CpFfFpOXYsmBEHlxfzHz
okT2F5MX6gzMCwmkcYWGaUwg+yaSvQJ5Pp00bIhlGiTy3LMC85yLPCuQPfUGZk8CqYd29QZSL9K7
4cHdFrJ7DV1nIHUi/UwC2fV0kNklkZ07zMzOBLJju57ZYSY7mrEocvT2bRpmu55sb8ZIvJfepiHb
Wujaiiqm9hTZ+oSW2WokW0V6C5xtuYvUbD7F1Ehk86ZCZvMpsnkNvWljArOpkGwS6Y3Qr40JZMN6
I7Mhlmxo7msR++j1RrIWPr22mDwdJE/ZyJN15AktWVNczKyRSPV8gamOIo9XGZjHQ6TKQFav4pnV
ZrKKJ5V1ZKWRrNCQ5Y95mOXd5LFlMcxjHrIshiyFh5bGkiUSeVQiixfpmcUSWaQni0S6ooosXDCS
WVhOFowk88t1zHyBzF9Dl+tIuUiH4ZPhbjKv7BQzTyJlcwuZslOkbA09tzSBmVtI5op0aQIpgUYl
3aS4mDxiJXMkMlsiRbPSmSKJzEonD0ukUCIPTSQPVpECiczMJfkS+YVEZpwiD0hkWjGZaiH3h8iU
+3hmShW5jyd5o8TRZJKWTCgm98apmXvryPgQuYcIzD1mMs5ExlIaZmwUyR1jZnLLyZjRAjPGTEaP
0jKjBTJK5JhRWiJyRJTHcRp9dx0ZSacxIyeTETkWZsREkjNcw+RYSI5ID9eQu7JNzF2FJHuYkck2
kWFGMlRPhkgg5i1MlkQGZ5qZwRaSGdIwmWYSGsQxIQ0JReZnEEeCGQ4mmEsy0q1MhoNktNDpsRom
3UrS19BpXDGTVkcCqRYmMJGkghGpFpIq0inQ9ZRikpwUZJJHkSToWFKQ+OHgl0jiXSRB72ASCkm8
z8TETyM+eMxnIj6RjlMTr8fBeAuJx21kPA7iaaHd8DG3kbjX0LEaEivSLh+J4Ul0PHFGBRnnNBIF
b40KEodE7PBRu0RsArFaLIy1nFjMZsZiIRaRNpuJCdqZThEjDK9RIgIchNGEh/7zdcQA9wwS0cML
9A6iF2mdRLRwoRWHlRMNtNFUEa6YqFVGRm0hKiNhmRDDVhEGnmNChIaX0WkEXkppCJ5GkERwMy5e
uwWn/j+7of/bHfhfbhDN/gs0K5wvCmVuZHN0cmVhbQplbmRvYmoKMjMgMCBvYmoKICAgNzM5Nwpl
bmRvYmoKMjQgMCBvYmoKPDwgL0xlbmd0aCAyNSAwIFIKICAgL0ZpbHRlciAvRmxhdGVEZWNvZGUK
Pj4Kc3RyZWFtCnicXVLBbqMwFLz7K3zsHiKITUwroUir9pLDbleb9gPAfqRIjUEOOeTv6/FEXWkP
4GE8Mzw/v+r58HKI06qrP2n2R1n1OMWQ5DJfkxc9yGmKamt0mPx6/ypvf+4XVWXz8XZZ5XyI46y6
Tld/8+ZlTTf98DPMg/xQWuvqNQVJUzzph/fnI6njdVk+5Sxx1bXa73WQMcf96pff/Vl0VcybQ8j7
03rbZNs/xdttEW3K95Yl+TnIZem9pD6eRHV1vdfdOO6VxPDfnm1pGUb/0SfVGUjrOi+qs9uC86K6
lnwL3u0KzkvmDXkDbIktNCM1I7AQCzAzHTItvRZey3yLfBNYQwDPf1n8yzbEDXBP3AM/ET8BO2KX
8Y7eHbyOGgdNy5wWOY7YATesrUFtzpP34HmuppzrkfwjcpjflnxqXNEMxAMw63So0/FcrpyLORY5
ll4Lb8M+NKXPLfUtesIeGvTQMN8g31KTF1zu/RZxzZjH7/nx15Ty6JShLTODaZmifM/1Mi9wlecL
lJfF7QplbmRzdHJlYW0KZW5kb2JqCjI1IDAgb2JqCiAgIDM5MwplbmRvYmoKMjYgMCBvYmoKPDwg
L1R5cGUgL0ZvbnREZXNjcmlwdG9yCiAgIC9Gb250TmFtZSAvVkpHUElVK0RlamFWdVNlcmlmCiAg
IC9Gb250RmFtaWx5IChEZWphVnUgU2VyaWYpCiAgIC9GbGFncyAzMgogICAvRm9udEJCb3ggWyAt
NzY5IC0zNDYgMjEwNSAxMTA5IF0KICAgL0l0YWxpY0FuZ2xlIDAKICAgL0FzY2VudCA5MjgKICAg
L0Rlc2NlbnQgLTIzNQogICAvQ2FwSGVpZ2h0IDExMDkKICAgL1N0ZW1WIDgwCiAgIC9TdGVtSCA4
MAogICAvRm9udEZpbGUyIDIyIDAgUgo+PgplbmRvYmoKMTAgMCBvYmoKPDwgL1R5cGUgL0ZvbnQK
ICAgL1N1YnR5cGUgL1RydWVUeXBlCiAgIC9CYXNlRm9udCAvVkpHUElVK0RlamFWdVNlcmlmCiAg
IC9GaXJzdENoYXIgMzIKICAgL0xhc3RDaGFyIDExNwogICAvRm9udERlc2NyaXB0b3IgMjYgMCBS
CiAgIC9FbmNvZGluZyAvV2luQW5zaUVuY29kaW5nCiAgIC9XaWR0aHMgWyAzMTcgMCAwIDAgMCAw
IDAgMCAwIDAgMCA4MzcgMCAzMzcgMzE3IDAgNjM2IDYzNiA2MzYgNjM2IDYzNiA2MzYgNjM2IDYz
NiA2MzYgNjM2IDMzNiAwIDAgMCAwIDAgMTAwMCA3MjIgMCA3NjUgMCAwIDAgMCAwIDAgMCAwIDAg
MCAwIDAgMCAwIDAgMCAwIDg0MiAwIDAgMCAwIDAgMCAwIDAgMCAwIDAgNTk2IDAgNTYwIDY0MCA1
OTEgMCA2NDAgNjQ0IDMxOSAzMTAgNjA1IDMxOSA5NDggNjQ0IDYwMiA2NDAgMCA0NzggNTEzIDQw
MSA2NDQgXQogICAgL1RvVW5pY29kZSAyNCAwIFIKPj4KZW5kb2JqCjI3IDAgb2JqCjw8IC9MZW5n
dGggMjggMCBSCiAgIC9GaWx0ZXIgL0ZsYXRlRGVjb2RlCiAgIC9MZW5ndGgxIDI1NTYKPj4Kc3Ry
ZWFtCniczVR7UFTXGT/3/s63u+yycJe9CKjgrrBF5LXsCvWB9opQVFJCxLbYiqKuC+ERwfdrk02j
9RVUjFkfsS1JnGmLeWxsajfitJpqbJvhL7XR/5IZnUxnHKdp007j4KXfgp102mn/bc83957v9/ue
55x7rlCEECkiKiC0dVs3e44Ez30uhHKfn+Ph3vaeT6OfXRUCUfY61N69I+zd+Oko62fY3tSxfk3I
9XL9eSFkKnNVHUxkeBxvMq5lXNDRs3m7fbeIM+5gbOvesG5NMi/jXsapPWu298o2CjLezdjTu3F9
75Ydlr8y5vy0SqgibMZkmM5yd1Yx2UiV14XlumKjVlWK8qs371cI7eb9m/f9bpfX5fO6vGEpRjdh
yug9M2ZN+9ufNlqKhCKWjo1ZZlp0USm2Gp7SCl9pQUVJeWFB1aySqcKql7qhTC50V6VQicPqr9I+
r74buDtafVV7oN2svjuhueZUCMNbnDs5VRaUK7adUwrc+Rkzso540vv8lSqsOx1TSs4Eqbz6QSDw
ICtg8vz76g8CGsOMrDl+xecKZnorg678ymDlrKpgYFJWZn6Zkj/dkqt4/43I9E54491H5v1Hb8Tj
8cS7Nd+vaVOXNYWXq+o/AWWGeTvpgWFl9K3OTizr2nv+QnbO7xoa+wYO7PlS7UpaeYMVu9jEe5oQ
H7LcYO0J0Sn6xD4xyPo9sWucvyJtSWHmDiV9b4iEUsR+alKUck6jil9yniDb7rF/mPGgWDtuf4iR
cTmNEXWbUNHEWtN4xKBIYJ6UGJl4xqM+FPPFRTGU1GlExNhvmfiIpYazLxWXxB3lBXFWuSUiol9s
kmwWuYqdbnEvnWIt3RqXP4qV45WTXCfd4lMeFJ28zkuc/ewErxQpy9CGsNLCK1SVISxmdq/olG0s
heNSO76+iTWo6i6u/3i9YkRdqRbJQmWI6yRrjHD+ITGf+w1zp4v5UZP94w9iEMk7kENXxFLrUkuq
YrFGxHK27kJQOW3JFW0iguWcoZG5ftGofMRVhC4uWEhCVUSJR4urviWhuPFUi+c3K7ylJf8CPZrV
ExdNcecOT2JsrKlFTqEVcZoah88Wl778T/6T8ZPSkoamFk/8t3W1j7PWtdUy19zCahIxzXxdbSl/
IMmzWpXY3XNv0ur06r+Iabbkrosbdxo/+8f8xe1Hc7Xbto+T91lMRIy/rT1mrhCu3C9uj/Zqtx/z
Xw5V8o7R23yuE6M2+f+YqKemiGJxUiS/OE2c4nsupEP5M2OZUKPGx9dNfODGtasFdC2Ea4a8WoBf
O/H+lUJ6P4Qrhbjcil9FcMmBYQcuvqfTxQDe05EI4BcmLpj4uYmfmThv4p14Pb3zEPF6vG3irQje
NPFGGs4NpdI5HUOp+GkAPwnhx3k4G8Drr4XodROvhfBqLI1e9WFwu50GffhRA36o4QdlOLM/j86Y
eOW0Rq/k4rSGUyfT6JQPJ9nvZBpOGvIEB57QcSIqY2mIGfJlH47v8dNxEy8dc9NLPhwbcNIxN44l
FMNIkQNH7TTgxEBCEcYSedSOo5flkQ0ROjKMw8876LALhw3Zz1r/XLx4aJheNHHoYCsdGsahqDx4
wEcHW3HQkAe4rwM+7N/nov152J8Yu2yMyX0u7OXSe0PY48cLk/C9GJ53IBoKUdTEc90aPZeDZyNp
9GwAkTTs3pVOu93YlY6dMexwYbsd27Z6aNtDbN0ylbZ6sGUqNnPQ5jxsMrHRRF+vk/pM9DrRa8gN
ETzTs4Ce6ULPAnR3pVK3hu6o7EpFlyE7uWTnQzzdMUxPm+hob6WOYXREZXvYR+2taDdk2If17LT+
IUIhrMvEWhNrTLStLqM2E6vLsMpEq4mVDfhuBN8xsaIWLSa+beJbw/imieYQlul4KoCmJ9OpKYIn
09G40KjBEw4sDWHJdBstiWFxAPXQqN6Nr2egTrVTXQ5qF7mptguLajRa5EbNQgfVaFhopNBCB4wU
GMl9bJZfi2GBLKUF38D8ap3mN6B6np2qdVQbcp4dc+dk0NxWzJntojkZmO3CV52oMlE5S6dKE7OC
bpqlIxiwU9CNQEUKBewITJxPRQr85dnkr0V5WSaVZ6P8sizLs1NZJsqisjQlRKUxlBTrVNKAYl5E
sY5iQ87k1meGUDTDT0ULMYMbm+FHIU+FJr4yFz5nNvlaUZCfQQXNyOew/AzkG3K6DV5PNnlb4Znm
Ik82PJflNC42zYVpUZlnR54hc/MxNR1TCjA5x0+Tm5HDWXP8yDaRxUWzTEzSkKnrlNkF3e0mXYdu
SLcbGeyXMQwXb6/LhMaTVoN07j89hjS2pZlwcgJnNpyGTDXhYOAwZnfBzj72CFJCsFldZNNhdcFC
AbJEQBxHAUhOJkvBSVU7lGYIE0pCCe3tV4r/b4f4XzfwXwf/rf8Ong1TEgplbmRzdHJlYW0KZW5k
b2JqCjI4IDAgb2JqCiAgIDE4MDYKZW5kb2JqCjI5IDAgb2JqCjw8IC9MZW5ndGggMzAgMCBSCiAg
IC9GaWx0ZXIgL0ZsYXRlRGVjb2RlCj4+CnN0cmVhbQp4nF2Qz2rDMAzG734KHdtDcdNzCIzuksP+
0GwP4NhyZmhkoziHvP1kN3QwgQ3S9/3MZ+lr/9pTyKA/OdoBM/hAjnGJK1uEEadAqrmACzbvXb3t
bJLSAg/bknHuyUfVtqBvIi6ZNzi8uDjiUQGA/mCHHGiCw/d1eIyGNaU7zkgZzqrrwKGX595Mejcz
gq7wqXeih7ydBPtzfG0J4VL75hHJRodLMhbZ0ISqPUt10HqpTiG5f/pOjd7+GK7uprhHgYp7nxeu
fPIZyq7MkqduogYpEQLhc1kppkLV8wtTRnDHCmVuZHN0cmVhbQplbmRvYmoKMzAgMCBvYmoKICAg
MjIzCmVuZG9iagozMSAwIG9iago8PCAvVHlwZSAvRm9udERlc2NyaXB0b3IKICAgL0ZvbnROYW1l
IC9LR0lTVVMrRGVqYVZ1U2VyaWYKICAgL0ZvbnRGYW1pbHkgKERlamFWdSBTZXJpZikKICAgL0Zs
YWdzIDQKICAgL0ZvbnRCQm94IFsgLTc2OSAtMzQ2IDIxMDUgMTEwOSBdCiAgIC9JdGFsaWNBbmds
ZSAwCiAgIC9Bc2NlbnQgOTI4CiAgIC9EZXNjZW50IC0yMzUKICAgL0NhcEhlaWdodCAxMTA5CiAg
IC9TdGVtViA4MAogICAvU3RlbUggODAKICAgL0ZvbnRGaWxlMiAyNyAwIFIKPj4KZW5kb2JqCjMy
IDAgb2JqCjw8IC9UeXBlIC9Gb250CiAgIC9TdWJ0eXBlIC9DSURGb250VHlwZTIKICAgL0Jhc2VG
b250IC9LR0lTVVMrRGVqYVZ1U2VyaWYKICAgL0NJRFN5c3RlbUluZm8KICAgPDwgL1JlZ2lzdHJ5
IChBZG9iZSkKICAgICAgL09yZGVyaW5nIChJZGVudGl0eSkKICAgICAgL1N1cHBsZW1lbnQgMAog
ICA+PgogICAvRm9udERlc2NyaXB0b3IgMzEgMCBSCiAgIC9XIFswIFsgNjAwIDcxMCBdXQo+Pgpl
bmRvYmoKMTEgMCBvYmoKPDwgL1R5cGUgL0ZvbnQKICAgL1N1YnR5cGUgL1R5cGUwCiAgIC9CYXNl
Rm9udCAvS0dJU1VTK0RlamFWdVNlcmlmCiAgIC9FbmNvZGluZyAvSWRlbnRpdHktSAogICAvRGVz
Y2VuZGFudEZvbnRzIFsgMzIgMCBSXQogICAvVG9Vbmljb2RlIDI5IDAgUgo+PgplbmRvYmoKMSAw
IG9iago8PCAvVHlwZSAvUGFnZXMKICAgL0tpZHMgWyAyIDAgUiBdCiAgIC9Db3VudCAxCj4+CmVu
ZG9iagozMyAwIG9iago8PCAvVHlwZSAvT3V0bGluZXMKICAgL0ZpcnN0IDE2IDAgUgogICAvTGFz
dCAxNiAwIFIKICAgL0NvdW50IC0xCj4+CmVuZG9iagoxNiAwIG9iago8PCAvVGl0bGUgKERFVEFM
TEVTIERFIExBIFJFU0VSVkFDSU9OKQogICAvUGFyZW50IDMzIDAgUgogICAvRiAwCiAgIC9EZXN0
IFsyIDAgUiAvWFlaIDYyIDc2MyAwXQo+PgplbmRvYmoKMzQgMCBvYmoKPDwgL1Byb2R1Y2VyIChj
YWlybyAxLjE1LjEwIChodHRwOi8vY2Fpcm9ncmFwaGljcy5vcmcpKQogICAvVGl0bGUgKFJlc2Vy
dmFjaW9uKQogICAvQXV0aG9yICgpCiAgIC9LZXl3b3JkcyAoKQogICAvQ3JlYXRpb25EYXRlIChE
OjIwMjEwNTA0MTYxMDEyWikKPj4KZW5kb2JqCjM1IDAgb2JqCjw8IC9UeXBlIC9DYXRhbG9nCiAg
IC9QYWdlcyAxIDAgUgogICAvT3V0bGluZXMgMzMgMCBSCj4+CmVuZG9iagp4cmVmCjAgMzYKMDAw
MDAwMDAwMCA2NTUzNSBmIAowMDAwMDYyMDcwIDAwMDAwIG4gCjAwMDAwMDE0NTcgMDAwMDAgbiAK
MDAwMDAwMDAxNSAwMDAwMCBuIAowMDAwMDAwMDE1IDAwMDAwIG4gCjAwMDAwMDA3NDYgMDAwMDAg
biAKMDAwMDAwMDAxNSAwMDAwMCBuIAowMDAwMDAwNzI0IDAwMDAwIG4gCjAwMDAwNDk5MzcgMDAw
MDAgbiAKMDAwMDAwMTcyNCAwMDAwMCBuIAowMDAwMDU4Njg2IDAwMDAwIG4gCjAwMDAwNjE5MDgg
MDAwMDAgbiAKMDAwMDAwMDkyMyAwMDAwMCBuIAowMDAwMDAxMTc3IDAwMDAwIG4gCjAwMDAwMDE0
MjEgMDAwMDAgbiAKMDAwMDA0MjQ1OSAwMDAwMCBuIAowMDAwMDYyMjE5IDAwMDAwIG4gCjAwMDAw
NDI0ODQgMDAwMDAgbiAKMDAwMDA0OTE1NSAwMDAwMCBuIAowMDAwMDQ5MTc5IDAwMDAwIG4gCjAw
MDAwNDk2MzYgMDAwMDAgbiAKMDAwMDA0OTY1OSAwMDAwMCBuIAowMDAwMDUwNDAwIDAwMDAwIG4g
CjAwMDAwNTc4OTQgMDAwMDAgbiAKMDAwMDA1NzkxOCAwMDAwMCBuIAowMDAwMDU4MzkwIDAwMDAw
IG4gCjAwMDAwNTg0MTMgMDAwMDAgbiAKMDAwMDA1OTE0OSAwMDAwMCBuIAowMDAwMDYxMDUxIDAw
MDAwIG4gCjAwMDAwNjEwNzUgMDAwMDAgbiAKMDAwMDA2MTM3NyAwMDAwMCBuIAowMDAwMDYxNDAw
IDAwMDAwIG4gCjAwMDAwNjE2NzIgMDAwMDAgbiAKMDAwMDA2MjEzNSAwMDAwMCBuIAowMDAwMDYy
MzM0IDAwMDAwIG4gCjAwMDAwNjI1MDAgMDAwMDAgbiAKdHJhaWxlcgo8PCAvU2l6ZSAzNgogICAv
Um9vdCAzNSAwIFIKICAgL0luZm8gMzQgMCBSCj4+CnN0YXJ0eHJlZgo2MjU3MwolJUVPRgo=

--===============7485631626851138542==--

-------------------------------------------------------------------------------
