Content-Type: multipart/mixed; boundary="===============4229610351193903762=="
MIME-Version: 1.0
Subject: =?utf-8?q?Hotel_Real_-_Confirmaci=C3=B3n_de_Reservaci=C3=B3n?=
From: reservaenrealnicaragua@gmail.com
To: justo@becerra.com
Date: Fri, 29 Jan 2021 08:22:33 -0000
Message-ID: <161190855348.11931.17421799687704299435@localhost>

--===============4229610351193903762==
Content-Type: text/html; charset="utf-8"
MIME-Version: 1.0
Content-Transfer-Encoding: 7bit

Pronto nos pondremos en contacto con usted. recibimos su solicitud para RealNicaragua
--===============4229610351193903762==
Content-Type: application/pdf
MIME-Version: 1.0
Content-Transfer-Encoding: base64
Content-Disposition: attachment;
 filename="justo@becerra.com_1234567_2021-01-29 08:22:32.193852.pdf"

JVBERi0xLjUKJbXtrvsKNiAwIG9iago8PCAvTGVuZ3RoIDcgMCBSCiAgIC9GaWx0ZXIgL0ZsYXRl
RGVjb2RlCj4+CnN0cmVhbQp4nKVV226bQBR83684j1gV672wXKooCrFplcpumpj2JcrDBq8dHAM2
4Dbq1/eASXNr0tBiGVbszpmZvQwcGP5sjjff4ZBkZEtY+65cwlAzWFbkOCbC2Y/Dp8coU8zzOXDG
qO9Kgc04I8OFzWwG2F6QC2scxQOlrHAyiWYwjmASwnk0i84HUlnfBp5vhaOT08+Dy/gT4aLTIABr
USYD5grgrk8F85i8K87vilswiFeP6GzBqeRcCYkKqRKudD2I58QKIS+yq9LA3HSYJ1U4p8yVjucB
umJKSemrFjnVy3lq1jDb6dL8fM54D7Q5dSSTMmhwF9aXgfAsXelNUdam9deDlQvpKNT+VjorynS6
7mlttavq4ujKJKYsNU2KrK87U1ZFrqve5lqa2UbncHAAwzCpd3odm9saDhZmsWBMs0M4PITj8agr
FU2xtenoeqj80Gw9k1xrXHeI8rrUc91XrWACh3Jb4N703zP2j+wzvU7/gzzoR26FpizWaW50zz3x
NU9rM4cwLRt09RqfQKTrS7fFnV5Vpvyuk7S4R73IaTOqPNfHU9pAq1dZOHU9x2d7deHS5LWB7c5A
aVrCnvZG17vkBka6qtcG7P3eivc5RwPZXE3cYc49yCIReNRxAsEDkApNY+IJ9SyLktUm44Evj5bN
SWxO05+Kn3/EtttcHvzArk/4X5GLy0YnzAlnMIUt8JZ7f8cg7gQgu8Qnhwwc2aTb7xeYTnB2n9aP
5bdjeaAwP1+Rb79pKhzp4so5f5mKd0oqnwWeCJwX5uCZxa7wA4tKCBrgAj72uCVDzfFTBMNbnKtx
Qc7IcJLmN22QTEcnYyzXJUeTGU/6+MO+M/ILr0CQpwplbmRzdHJlYW0KZW5kb2JqCjcgMCBvYmoK
ICAgNjQxCmVuZG9iago1IDAgb2JqCjw8CiAgIC9FeHRHU3RhdGUgPDwKICAgICAgL2EwIDw8IC9D
QSAxIC9jYSAxID4+CiAgICAgIC9hMSA8PCAvQ0EgMC43IC9jYSAwLjcgPj4KICAgPj4KICAgL1hP
YmplY3QgPDwgL3gxMCAxMCAwIFIgPj4KICAgL0ZvbnQgPDwKICAgICAgL2YtMC0wIDggMCBSCiAg
ICAgIC9mLTEtMCA5IDAgUgogICA+Pgo+PgplbmRvYmoKMTEgMCBvYmoKPDwgL1R5cGUgL0Fubm90
CiAgIC9TdWJ0eXBlIC9MaW5rCiAgIC9TdHJ1Y3RQYXJlbnQgMAogICAvUXVhZFBvaW50cyBbIDI5
NyA1MDAgNDMyIDUwMCA0MzIgNDg2IDI5NyA0ODYgXQogICAvUmVjdCBbIDI5NyA0ODYgNDMyIDUw
MCBdCiAgIC9BIDw8CiAgICAgIC9UeXBlIC9BY3Rpb24KICAgICAgL1MgL1VSSQogICAgICAvVVJJ
IChtYWlsdG86Y2pwbTE5ODNAZ21haWwuY29tKQogICA+PgogICAvQlMgPDwgL1cgMCA+Pj4+CmVu
ZG9iagoxMiAwIG9iago8PCAvVHlwZSAvQW5ub3QKICAgL1N1YnR5cGUgL0xpbmsKICAgL1N0cnVj
dFBhcmVudCAxCiAgIC9RdWFkUG9pbnRzIFsgNDM3IDUwMCA1MjMgNTAwIDUyMyA0ODYgNDM3IDQ4
NiBdCiAgIC9SZWN0IFsgNDM3IDQ4NiA1MjMgNTAwIF0KICAgL0EgPDwKICAgICAgL1R5cGUgL0Fj
dGlvbgogICAgICAvUyAvVVJJCiAgICAgIC9VUkkgKHRlbDorNTM1ODA5NzI5NCkKICAgPj4KICAg
L0JTIDw8IC9XIDAgPj4+PgplbmRvYmoKMTMgMCBvYmoKWwogIDMgMCBSCiAgNCAwIFIKXQplbmRv
YmoKMiAwIG9iago8PCAvVHlwZSAvUGFnZSAlIDEKICAgL1BhcmVudCAxIDAgUgogICAvTWVkaWFC
b3ggWyAwIDAgNTk1IDg0MSBdCiAgIC9Db250ZW50cyA2IDAgUgogICAvR3JvdXAgPDwKICAgICAg
L1R5cGUgL0dyb3VwCiAgICAgIC9TIC9UcmFuc3BhcmVuY3kKICAgICAgL0kgdHJ1ZQogICAgICAv
Q1MgL0RldmljZVJHQgogICA+PgogICAvUmVzb3VyY2VzIDUgMCBSCiAgIC9TdHJ1Y3RQYXJlbnRz
IDIKICAgL0Fubm90cyBbIDExIDAgUiAxMiAwIFIgXQo+PgplbmRvYmoKMTAgMCBvYmoKPDwgL0xl
bmd0aCAxNSAwIFIKICAgL0ZpbHRlciAvRmxhdGVEZWNvZGUKICAgL1R5cGUgL1hPYmplY3QKICAg
L1N1YnR5cGUgL0Zvcm0KICAgL0JCb3ggWyAwIDAgNTk1IDg0MSBdCiAgIC9Hcm91cCA8PAogICAg
ICAvVHlwZSAvR3JvdXAKICAgICAgL1MgL1RyYW5zcGFyZW5jeQogICAgICAvSSB0cnVlCiAgICAg
IC9DUyAvRGV2aWNlUkdCCiAgID4+CiAgIC9SZXNvdXJjZXMgMTQgMCBSCj4+CnN0cmVhbQp4nEWQ
wRLCIAxE73zF/oBpCJDA3R/oybPTcbxUnerFz5dWSienfSy7gcWNWJyowYtABdHwvuGC5wpJQoYP
TJ4THuhEEhVNEGNKJa5XSXnVkWw7/+sJQaojFNfRXFEkPTxBMnEoPbPr1jodRJmMzW0ZO4qUY+6Z
mknY9taup2OzRuZ9d9dRf1zLPPRWW0PWT1lclRlc5xQTabOZldSSUvCC6eGGK+P+wfD1ivPLjXV+
S5xIMwplbmRzdHJlYW0KZW5kb2JqCjE1IDAgb2JqCiAgIDE3OQplbmRvYmoKMTQgMCBvYmoKPDwK
ICAgL0V4dEdTdGF0ZSA8PAogICAgICAvYTAgPDwgL0NBIDEgL2NhIDEgPj4KICAgPj4KICAgL1hP
YmplY3QgPDwgL3gxNiAxNiAwIFIgPj4KPj4KZW5kb2JqCjE2IDAgb2JqCjw8IC9MZW5ndGggMTcg
MCBSCiAgIC9UeXBlIC9YT2JqZWN0CiAgIC9TdWJ0eXBlIC9JbWFnZQogICAvV2lkdGggODAwCiAg
IC9IZWlnaHQgNjAwCiAgIC9Db2xvclNwYWNlIC9EZXZpY2VSR0IKICAgL0ludGVycG9sYXRlIHRy
dWUKICAgL0JpdHNQZXJDb21wb25lbnQgOAogICAvRmlsdGVyIC9EQ1REZWNvZGUKPj4Kc3RyZWFt
Cv/Y/+AAEEpGSUYAAQEAAEgASAAA/+EAjEV4aWYAAE1NACoAAAAIAAUBEgADAAAAAQABAAABGgAF
AAAAAQAAAEoBGwAFAAAAAQAAAFIBKAADAAAAAQACAACHaQAEAAAAAQAAAFoAAAAAAAAASAAAAAEA
AABIAAAAAQADoAEAAwAAAAEAAQAAoAIABAAAAAEAAAMgoAMABAAAAAEAAAJYAAAAAP/tADhQaG90
b3Nob3AgMy4wADhCSU0EBAAAAAAAADhCSU0EJQAAAAAAENQdjNmPALIE6YAJmOz4Qn7/wAARCAJY
AyADASIAAhEBAxEB/8QAHwAAAQUBAQEBAQEAAAAAAAAAAAECAwQFBgcICQoL/8QAtRAAAgEDAwIE
AwUFBAQAAAF9AQIDAAQRBRIhMUEGE1FhByJxFDKBkaEII0KxwRVS0fAkM2JyggkKFhcYGRolJico
KSo0NTY3ODk6Q0RFRkdISUpTVFVWV1hZWmNkZWZnaGlqc3R1dnd4eXqDhIWGh4iJipKTlJWWl5iZ
mqKjpKWmp6ipqrKztLW2t7i5usLDxMXGx8jJytLT1NXW19jZ2uHi4+Tl5ufo6erx8vP09fb3+Pn6
/8QAHwEAAwEBAQEBAQEBAQAAAAAAAAECAwQFBgcICQoL/8QAtREAAgECBAQDBAcFBAQAAQJ3AAEC
AxEEBSExBhJBUQdhcRMiMoEIFEKRobHBCSMzUvAVYnLRChYkNOEl8RcYGRomJygpKjU2Nzg5OkNE
RUZHSElKU1RVVldYWVpjZGVmZ2hpanN0dXZ3eHl6goOEhYaHiImKkpOUlZaXmJmaoqOkpaanqKmq
srO0tba3uLm6wsPExcbHyMnK0tPU1dbX2Nna4uPk5ebn6Onq8vP09fb3+Pn6/9sAQwAIBgYHBgUI
BwcHCQkICgwUDQwLCwwZEhMPFB0aHx4dGhwcICQuJyAiLCMcHCg3KSwwMTQ0NB8nOT04MjwuMzQy
/9sAQwEJCQkMCwwYDQ0YMiEcITIyMjIyMjIyMjIyMjIyMjIyMjIyMjIyMjIyMjIyMjIyMjIyMjIy
MjIyMjIyMjIyMjIy/90ABAAy/9oADAMBAAIRAxEAPwD3+kNLUckixozuQqqMkk9KAH8UuaxJfEmk
oT/xMrXj/pqKqyeK9JXpqNsf+2gp8rA6TOaK5j/hLNL/AOghbf8AfwUf8Jbpf/QQtv8Av4KfKwOn
ormP+Eu0r/oIW3/fwUf8JbpX/QRtv+/go5WB09Fcz/wlulf9BG2/7+Cq15450axtzPNfRlB/cO40
ckmK6R19Fedj4teGSM/a5f8Av0aP+Fs+Gv8An7k/79mrVGQudHolFeef8LZ8Nf8AP3J/37NH/C2P
Df8Az9yf9+zR7Gr2DnR6HRXnv/C2PDef+PuT/v2aX/ha3hv/AJ+5P+/Zpewq9g50eg0V5/8A8LV8
Of8AP3J/3waP+FqeHD/y9v8A98Gj2FXsHOj0CiuA/wCFp+Hf+ft/++DR/wALT8O/8/b/APfBo9hU
DnR39FcB/wALT8O/8/b/APfBo/4Wl4e/5+3/AO+DT+r1A50d/RXAf8LS8O/8/b/98Gj/AIWl4d/5
+3/74NH1eoHOjv6M1wP/AAtHw9/z9v8A98GkPxS8Oj/l7f8A74NHsKgudHf5ozXn/wDwtPw7/wA/
Un/fBpf+Fp+Hf+fqT/vg0vYVOw+eJ3+aM15//wALT8O/8/Un/fs0f8LU8Oj/AJepP+/ZqvYVOzDn
iegUV5//AMLV8O/8/Uv/AH7NJ/wtbw7/AM/Uv/fs0fV6n8oe0ieg0ZNeff8AC1fDn/P1L/37NH/C
1fDv/PzL/wB+zS9hU/lF7SJ6DmjNeff8LW8N/wDPzL/37NJ/wtbw5/z8y/8Afs0ewq/yh7SJ6Fk0
ZNee/wDC1vDn/PzL/wB+zS/8LW8Of8/Uv/fs0ewqdg9pE9BzRmvPf+FreHP+fqX/AL9mj/ha/hz/
AJ+pf+/Zo9hU/lH7SJ6FmjNeff8AC1vDn/P1L/37NH/C1vDn/P1L/wB+zR7Cp/KHtInoOaM159/w
tbw5/wA/Un/fs0f8LV8Of8/Uv/fs0ewqfyh7SJ6DmjNeff8AC1fDv/P1J/37NL/wtPw7/wA/Uv8A
37NHsKn8rD2kT0DNGa8//wCFp+Hj0uZf+/Zp4+J+gH/lvN+ERo9hV/lYvaRO9zRmuDHxN0I9JZ/+
/Rpf+Fl6Gf8Alrcf9+jT+r1f5WL2sDus0ZFcL/wsvRP+elx/36NH/Cy9D/56XH/fo0fV6v8AKx+1
gd1kUZrhP+FmaF/z0uP+/JpP+FnaEP8Alpcf9+TR9Xq/ysPawO8zS5rgT8T9B/56XH/fk0n/AAtL
QP8Anrcf9+Wo+r1f5WL2sDv80Zrz/wD4Wl4fz/rrj/vy1J/wtTw/n/W3H/flqPq9X+Vh7WB6DmjN
eff8LU8P/wDPa4/78tR/wtTw/wD89rj/AL8tR9Xq/wArH7SB6DmjNeff8LU8P/8APa4/78tR/wAL
V8P/APPW4/78tR9Xqfyh7SB6DRXn3/C1PD//AD2uP+/LUf8AC1PD/wDz2uP+/LUfV6v8oe0geg0V
5/8A8LT8P/8APa4/78tR/wALT8P/APPa4/78tR9Xq/yh7SB6BRXn3/C1PD//AD1uP+/LUf8AC1NA
/wCetx/35aj6vU/lD2kO56DRXn//AAtTw/8A89rj/vy1H/C09A7S3H/flqPq9X+UPaQ7noFJmuB/
4WjoP/PW4/78ml/4WfoX/PS4/wC/Jo+r1f5Q9pA73NGa4MfE7Qj/AMtLj/vyad/wszQv+etx/wB+
TR9Xq/yh7WB3eaM1wn/CzNC/563H/fk0n/CzdC/563H/AH5NH1er/Kw9rA7zNJmuD/4WdoX/AD1u
P+/Jo/4WfoP/AD1uP+/Jo9hV/lYe1gd5mjNcF/ws/Qf+etx/35NH/C0NB/563H/fk0ewq/ysPawO
+orgP+Fo6B/z2uP+/Jo/4WloH/PW4/78mj2FX+UPaQO/orz/AP4WnoH/AD1uP+/LUf8AC0/D/wDz
2uP+/LUewq/yh7SB6BRXnx+Kvh8f8tbj/vw1J/wtbw9/z2uf+/DUewq/yh7WB6FRXnv/AAtfw7/z
2uf+/DUf8LY8O/8APa5/78NS9jV/lD2kT0KivPP+Fs+HP+e1z/34ak/4Wz4c/wCe1z/34aj2NX+U
PaRPRKK87/4W14b/AOe1z/34aj/hbXhv/nvc/wDgO1Hsav8AKHtIdz0SivOz8W/Df/Pe5/8AAdqT
/hbfhv8A57XP/gO1Hsav8oe0h3PRaSvO/wDhbfhv/ntc/wDgO1H/AAtzw1/z2uf/AAHaj2NTrEPa
Q7nonFHevO/+FueGv+e1z/4DtVvTvidoGp6hDZW0s5mlJChoWUcDPU0nRmtWgVSLO6paqRXSyDKn
IqyrZFZln//Q9/7VkeJH2eHtQ5x+4f8AlWvWH4pOPD2of9cH/lTW4HxlcTzm6uP384xK3/LQ+p96
i86b/nvN/wB/D/jROf8ASbj/AK6t/M1HmuyNuXYVyTzpv+e83/fw/wCNHnTf895v+/h/xqOiq07C
JPOl/wCe03/fw/40edL/AM95v+/h/wAajoosuwEnmy/89pT7eYf8aDLIw2vM7D+6XYj+dNzxSU0k
Ac9mP5mjn+9+pooqhWQvP979TSZbPX9TRRTsFkBLZ6/qaXLf3j+ZpKKQWQuX/vH/AL6NG5/7x/76
NFFF2FkG5vU/99Gjc3qf++jSYop87DlQ4O3qf++jS+Y395v++jTKWqU2HKh4c/3j/wB9Gjef7x/7
6NMzRmnzsXKiQO394/8AfRpfMb+8f++jUWaM0/aByom3t/eP/fRpRKR/Ef8Avo1Buo31SqtCcUWR
KT3/APHjTw59f1NVQ1LvNaKtITgXA3+1+po5/vfqarrIRT/MrVVWyOUlGezfqaduYd/1NRBqcGNX
zMlofu9/1NGfQ/qab1pcU7sVhcn1/U0c+v6mkp2KLsWg059f1NHPr+ppSKMUXY7ob83r+ppDn1/U
08ikxRdhcbk/3v1NBJ/vfqadijFHMx6CDP8Ae/U1MoP979TUQFTR8UrsHYswg8f4mtKEdP8AGqER
6VoQnGKpNmci9Dj0/WrAAA61VRqlD8Vab7mLJsimFgKj30wvTuwSJGemb6jLZpuaV2OxIXphfJ6U
0mkzRzMB2R6U0kZ6UhoouwF49KPwoApR1pXYCYHpRgelO70oXNF2Mbj2ox7U4g9Kcqmi7JGAD0pd
vtUojzTtlF2BAEyelO8r2qwqACgsBRdgQrD7VKIV7ilEtNMtLmYx+xAOlLhR6VCZaiMpo5mFi0XU
dBSeaBVTzTTGkzRzsVi55wqNpRVXfSb6XMyrFgzUzzf85qAtSFqXMwsWPN/zmkMtVt1G6jmY7E5l
9qTzfaoN1BalzMdicy+1NMnt+tQ7qTNHMwsSl/wpN/vURNGaOZhYkEh9qTzPpUWaKnmZRJ5nPagt
9KZRRzMQpb6UmfpSGko5mA4sPakz9KbmijmYx2R7UmaSik5MBcitTwzP9n8S2Uw6qx/lWTmrWnPs
1CFh1BrOq/3cvRjj8SPo3RtTNxGPTFdXbvvUEeleX+FZ2aMc16XYnMSk+leCdx//0ff6w/FP/Iva
h/1wb+VbdYnigbtAvx/0wb+VK9mFrnxZP/x93A/6at/M0zFT3ULLczsAf9a/b/aNVq6oTuglBxF6
UuaSiruSGaUc0lFO4DqM03NLTTAUUUlGaq4hRQaBRTuAUuKSlqkwCiiincAoxRS07BcTFFLSUuUV
xD1oFLS0uUY2loxzS4osA2inYoxSsO4gpc0nelqrBcMmlBNNoqk2hMlDkU4OTUIpQcVpGpYm1y0p
z3p+aqbsU8SE1tGpclxLGadmoVapAa0UjNxH5o4pBSjFUTYUim4p2aWgBuKMU7FJtp2C4gqVRmmA
YqRaVgbLMfarsZxiqMZ6VcQ9KpEMuoak7VAh4qQGqRDQu40hz60h60maBC5xSdaDRSATFFOAyaXb
zQA2gCnbKcqUANC0oHNTBeKAAKAI9tPVadxRmkAbB60oAphbmmlqOYRLkUjOAKh3801mqXIaJjJx
1phlqAtSFqVx2Ji9Rs9MJ4phNK47EhbPemlqjzS5ouFhdxoJpmaUmlcdgzSUlGaLjDNJSZ5pM0XA
WikNJmlcB2KQikzQTRcBcUYpuaM0XAXFJRmkJpXAWim5oJpDFzRmm5ozRcB1H40wmjNK47C5opua
KdxDqTNFFK4C1PZf8fsX1qCp7L/j9i+tRUfuP0Kj8SPZvCP+rFeoWH+qUe1eX+Ef9WK9QsP9Wv0r
w2dp/9L32sXxN/yAL7/rg38q2qxvE3/IBvv+uDfyoexUPiR8ez/6+b/ro38zVWa2BGUq3OP9ImH/
AE0b+ZqM1zRnys9ydHnSMwgqcMKM+laDxLIORzVKWF42zjiu6nVUkeTXwzg/dI6UUnFKK3Vmcr0C
iiii9gunsKKKSjNHMAtGaTNLVJisLmikxRmquAo606m5pc00wDvTh0popc1SYC0lL2pKtAFFFAoE
KKMUdKM07AGKKKKLAHFBxRQaLAJS0lGaVgFopM0ZovYBO9PBxTaWjmaGPDVIr1DmlBrWMyWrlkPT
warBsVKr1upIzcSYGnDmog1PDVaJcR9LigGgHNWmS0AFSKtIBUgFMlkkY5q3HVaMc1aTNBLLCdKe
CaainFShCaZLY3GaNtSbD2pwjNIVyILS7KlCGnBKAuRBOacE5qTbRigLibaUcUE03vRcQ4tTSaaT
SGpbBAWpC/FNJpO1TcYbqaWpM0maCgJ5ppPNKTSZpMBGPFNzTj0pppAGaTNFJikMM0E0YpKAEzRm
gikoAdTaWkoGIaSlNGKAEpDS0hoASiijrSGGaTNLikxSACaTNIaKADNBNGKQikMM0ZoxRigANJS4
oxSASlFGKCMUwCiilxQAVPZf8fkX1qCp7L/j8i+tRU+B+g4/Ej2bwj/qxXqFh/q1+leX+Ef9WK9Q
sP8AVr9K8Nnaf//T9+rF8TDOhX3/AFwf+VbdYniXnQ73/ri38qT2Kh8SPkKZP9Im/wCujfzNRlKv
TR5nlOP+WjfzNRmL2rh5rs+s9g7IqbKaV3fK3NW/L9qaY+elNTsZuh3M2e0zyn5VVIK8EYrZKc9K
hmtVdTx81ddKvZ2Z5mIwLtdGXRUz27w8NyKiALdK74uMldHkzpyg7NCUUvPcUUWZKV9hKWjFGKAC
ijFFVcTFoooouAoopM0uapMQvaik70tWpAFFFFUmAopaQdaWrELRikFLTsAYpCKdQaLANxRilpcU
WAbijFKRRilYBMUlOxRiiwDaBTsUYosAlOBptFNMCYNUitUANLuraMhOJbBzTgaro9SqwraLuZSV
iwtSCoVNSqatMyZZj61ajGTVWIDNXYhzVEMsIpxVhENNiHNWVWnYzY0JTwnFSKtP20hXK/l0bcda
n2UhSkFyAqMU2p9lNZKAuV2603vVjZTGXnpSGQN1ppqbYc9KGT2qWhornrSVNs9qaye1KwyuetFS
lfam49qCiI0lSkU0ilYBhppp+KTFKwDKDT8U0ilYY2kp2DSZosAmKMUtFADaDTsUUDIzRTzSYoAa
aaaeabQAhpBTiKSkMSkNLSUMBDSU6jFIBtBpaKBjaKdRSsA2inUUWATvS0uKAKdhXExS4pcUYosF
xMVNZ/8AH5F9aixU1mP9Mi+tRUXuP0Ki/eR7J4R/1Yr1Cw/1a/SvL/CP+rFeoWH+rX6V4TO0/9T3
7tWN4j/5Al7/ANcW/lWyax/Ef/IEvf8Ark38qUvhNKXxo+WZIx5sv/XRv5mojDU8jfvpf+ujfzNJ
mvMe5+hxgnFFZoSDUbRH0q/x3oKg0iHRTM0x47Uzy60jFntTDBVJsylh7ozmhDDBGaz7ixZTujrd
aGo/LwOfyraGIlBnn18vjUWxzTKVPzUm3vW5cWCTDKjDVly27xHDqfY169CvGotT5vE4CpRehWxR
in7aXbXU6Zw3I8UYp+KMVHIMZRTiKMUuQBuKKdijFJxEJmjNLSUbALSim06qTAMU7imUuatMBaM0
UVaYC5pabTqpAIOTTqQdaWrEFJS0tFgExSU6kAosAlHNOxR1osA00mKdjFFS4gNwaUZFLg+tJjFG
wDgxFPQ1FTgcVpGQmi0jGp1YVRBNWIm45rdMzlE0Imq9A3NZsTcdauxHpVpmEkacbirKyVnISKmE
hwKdzNo0Q4p4cGs7zsCni44pk2NEEGl4NUFuuKcLn3oCxd2igoDVX7R704Tj1oEWPL4pvlc0wTj1
pwmX1osAGIelNaLPapBID3FL5g9qLAQ+Tx0pjQ+1WwwIo4NKwXKBgOelMMPtWltBpDCCOtFh3Mww
0wxe1aZgFJ9mFFguZbRcUzyq1Taimm1FS4juZflmm+XzWr9lpptKOUfMZnl0hjrTNrTTa+1LlDmM
0pSbK0Ta8dKYbajlC5QKUmyrptzTTBipsO5SKUhU1aaE00xUWGmVyvFNxU5j5ppSiwXIKSptlN2V
I7kdB4qTZSFKLBcjxmjFP20baLBcixRipdvtRt9qLDIsUYqXb7UbaLARgcdKXHtT8UYosAzFLinY
9qMU7ANxRgU7FG2iwDcVNaD/AEuL61HiprUf6VH9azqr3JejKh8SPYPCP+rFeoWH+rX6V5d4R/1Q
r1HT/wDVr9K8Bncf/9X341j+Iv8AkCXv/XJv5Vs1i+Iz/wASS9/64t/KlL4TSl8aPllz++m/66N/
M0Bqjd/30vvI38zQGrzHufoEKi5UTA07OKiB9KfnNI1TTJAaXg9ajDc08GncvQUqDTTGvpT80oI9
KdriaXUgaAH2NQS2iuuHHB71fGCelKUFVGTjsZ1MPTqLU5m5014SWUbkqkUwa7ExjGMcVn3WlRzZ
aMEN9eK9fCY9fDU3Pm8dkurnTOc280hWrktq8LEMp4qBkK9a9iKjNXPmZp05cskRFaTbUxWm4pSp
Epp7EW3mgjmpdtJtqHSHcixRipMUm2odILjMUYp2KTFQ6Y7iUUuKTmp5Wh3A0CiijUQuaUU3vSiq
UgHUuabmlrSMhWHA0U3NKDWnMA7FAFJuNKDVJ3AWkpaMCqshDTRilopWASkNOxRik0A3FL3pcUlK
wDhUqMaiBp6k007Ca0LsLc1fhas2I4q9Ca3izCaNBG4p4aoENSA1ojJokzRmm5ozQIcTSgmm5pCT
QIl3HFAciosmjJphYm80inecar5NG40BYtC4OKVbk5qpuNKCaAsXhdYpwu6z9xoyaA5TRF57077X
nvWZuNG40XFymqLoetOF2PWsnefWnbzjrRcOU1xcrSi4Q1kBznrThIR3ouKxr+ctKJFNZHnGnic4
607isau5DS/KayxOfWpVuSKVwsXtq9KaY1qutxzTvPFAWJDCKjMAp4mzTt4NFhXKzQc8VE1vxV7I
ppANK1xpmcYDUZgOa09gNNMQ9KOUdzM8kim+Qa0jDntSeT7VPKVczDDSeSa0zD7Uhg9qOULmb5RF
Hle1aPkZ7UfZ6OULmd5XtR5VaHk+1J5Ge1LlC5nmKm+Ua0DDz0pDCPejlHcoeVR5dXWhphiNHKFy
rs4puyrXlGkMWKVh3K+ymleasFDTShosFyHbzUtqMXcf1oKU+2X/AElPrWdVfu5ejKg/eR614Q/1
Ir1Gw/1a/SvLvCP+pFeo2H+rX6V88z0D/9b36sXxJxod9/1xb+VbPWsbxN/yAr7/AK4t/KlLYun8
SPk6R/8ASJf+ujfzNKsg9arysRcS/wDXRv5mmqxrznHU+whWdkXg/vUivVESVIstTY6I1y5u9DTg
1VVcetSh/ekbxqlgNTwwqvu96cr0J2N1JMnDc1IDkc1XD1IGq73KTHke9KM9KZnmnbqL63B6jZoI
5lIZQDjrWTc6c0ZLKpYe1bYPFBKlcEV3YbGzpb7Hm4zLKWIV0tTl2h5xjmomi56V0NzYrIodOvpV
NNOu52IgtWf6V9Dh8ZSqx0Z8Vi8BWwsnzLQxzHSbMVrnRNXBP/Eum/I/4U3+wdYP/MNmz+P+Fbuc
O5yLmexkbaQgVsf8I5rjf8w2X9f8KafDWuf9A2X9f8Kzc4dx6mORSEYrYPhrXP8AoHS/r/hTG8O6
2oydOl/X/CocqfcZlYppHNaT6Lq69dPm/I/4VCdL1NethLj/AHT/AIVD5RlLFGKsmwvv+fKUf8AN
IbO9H/LpL/3yam0QKxFIM1Y+yXn/AD6S/wDfJprW10Bzay/98msmkMhpc0/7Pcf8+0n/AHyaaYZx
1hk/75NJOwxAc04GmlJQP9U//fJoCv3if/vk1SmIcKdmo/nH8DflS7j3VvyrRTQh+aUGmb8fwt+V
HmqO5/KtFNMViTijio/OXsT+VL569yfyrRSQEnHakpolU+v5UvmL2J/Km2rAOxSUnmL/AHqN4Pel
ZAOAp6imAg/xVIpH96iyC7Jo6vQ9qpx4OPmq9H0HOa0iYyLUfWpgKjjHFSgGtUYsKKXBpOaCRaSj
mloASik70tMAooopAFLSUZoAWikzRQAUc0UUBYKM0UUALk0ZNJRQMdup2/io6KBEm6lD1GKXNAWJ
hJSiSoQaN1ArFkSmpBN71U30u+ncLFwT+9OE2e9Ug9Kr0XFYvCUetO8z3qiHpwf3pXAuCUU7eDVI
SUvm1QrF3IoBFVRL704Se9AWLPBpce9VxJ70qyc9aAsTkCk2+1M3jPWnbwe9AhfLFIYwe1G73pQf
ekA0w5qMw1Yz70hFAXKph9KYYjnpVvApCuaVh3KRiOelRtHV8pTGizSaGmUNlOhX9+n1qy0eDimo
mJAcd6yqr93L0ZcH7yPTfCP+pFeo2H+rX6V5d4Q/1KV6jp/+qWvnWekf/9f30dKxvE3/ACAr708h
v5Vs1i+J/wDkAX3/AFwb+VJ7FU9JI+RpJF+0TevmN/M0gwehqrMf9Kn5/wCWjfzNNDEdDXI46n0U
K9kXipHvQBn2qqs7r71MLkH7wxUuJvGsmTAkU9XqNZFbuKeRnpUNG8Zkok96lVxVTBpwYipcTaNV
ouh/SpFfis8Oe1SLKamzOiNUvhxTgwNU1kqQPRc1Uy2GGKcCMVWDU8E4p3NE3e6JweuK0dI1270S
4WW3SKRQclJE3ZrKVqeprSFXl+EirThWVqiue5eGfGeka7EkctrDBP0IKjk11hhhC8W8J9D5Yr5i
RnjkWSGRo3U5BU4rvPC/xIvNOdYNXkEkHRXJ5/GuqFZS3Z81jska96lseutCgGfIhB9NgqLYv/PG
H/v2KNN1Sy1W2We1lR1YZwDnFWtnUYrdS7M+flTcHyyKLKP+eMP/AH7FMMakcwQ/9+xV3ywTUbR4
NPmkTZGe9vE3W3h/79iq72Nsc5tov++BWqU9qjZPahSl3DQxX0uxb/l0jP8AwGom0fTz1sk/Ktsx
j0pjRD0NDlJdR2MCTRNOzxZpVeTRNOx/x5Ka6FocnpUDQ/N0NLml3Cxz7aHpn/Piv51Xl0HSz/y4
j866N4arvDzS55Ac03h/Ss82I/Oom0DSB/y4j/vqujaHnpVeSHmjml3CxgHQNGPWw/8AHqb/AMI/
ogP/ACD8/wDAjWy8VQNH9aOeXcLFFfD2gHrpv/j5qVfDPhxv+YZ/4+akxtPJNSLIR3p+0n3CxF/w
ifhtv+YaR/20NKPBfht/+XDH/bQ1aWc+tWY5uOTTVWfcLGX/AMID4bfpbEf8DNMb4b+HX/5Zlfo5
reWXnqKmWXPTiq9tPuDRyrfC3w+/RmH/AAI/41Xb4SaCw4uZR+P/ANeu3WQU/Puaarz7iscA3wf0
MjIvZ/wqB/hHpCfdv5x+FeisBj/GoJVGO1XHETDlPOZPhrpsH3bxzj3qjP4StLbpOxr0K5U4OcVg
3q8HFd9GpJ7nNUOMk02KHgMxqAxY6Cty5Tk9aoMgzXow1Ryt6meU5ppXFXTGM0xovaqsK5UxRirD
RimmM+lA7kBUUlTmM46U3y/agCLFJipdtNKnNIYw0lPKmk2n0oAbRTsUnFABRRRQAUUUUAFFFFAB
RRiigAzS0lFAC0UnNHNAC5pTTRSmgBRS5ptFADs0uaZRQFiTdRmmZoyaLiH7qcGqLJoBNAEwf3pw
cjvUGTS7qALHme9PWQ461Vz70oY0CLYk96eJPeqYY0u80xNFwSe9SB896ohz61IHNAWLWadmqqua
f5nNAiekxUYf3pd1Fh6ikc0m0Zpd1GazrL93L0ZVP40eieEP9Uleo2H+rWvLvCH+qSvUbD/VrXzT
3PUP/9D37tWL4n/5AF9/1wb+VbXasXxP/wAgC+/64N/Kk9iofEfHM3/HzP8A9dW/maZTpj/pU/8A
11b+Zpua53uexH4UKDQTSUdaC0x/0zSh3ToaZ0NOpWKjOROtzIO1Srcg/eFU6M1LRqq0kaAljY8G
nk/3azgTUiyMvepcTohXLwY04SEVVScHrUylX6Gs3E6YVCdZamWXI61UIIoDYOKVrHRGrYvLIKmD
5FZ4fFTLJUtG0aly4p96fkYI+UZ6k96qrJ3qQSAnpTUjVSurM1NJ1a90SZZLGVkwckbuteteGfiN
p+qCO2vW8i66crjP414rvBFKD8wdeGHQ+lawq2OHFZbRrq63PqJSrLvXa69iGzSAA/Q14d4X8f3u
iyrDdgzwHjJJ4FevaNr2n63aie0mHunfNdcKikfKYnAVMPLVXNF4xjiojH7VYBJ4PFBweR0rTToc
KtcplMdqay+1XCgNRslAtepT8vvUbJnjFXdhFNKZ60AZzRe1QtD7VpNHUbR8dKQGW0PtVeSD2rXM
XtULw0DMaSDjpVZofatt4cjpVVocHpRYDGkg9qrGMitmSGq0kApAZnK09ZSKneCoHjI6UAWEnqZZ
ves3JWniUigDWSX3qwstZCT1aScUAaO+o3YGoFmBoZxVxZLK1z0NYN33rbnfIOaxbogg16FB6nPU
MO4HNUXUZq9cnmqLnmvXpvQ45bkRXmjZTqK0RJEUBpDHUuBQRQBWKUhTipytJt4osFyvsphTmrWz
jimFeeaVh3K5XFNK1OVOegprIO5ApWfQaZBtyKQrUhIHGR+FN3p/tE/Sj1QXGbaMUuJnJ8uFm/Cn
pa38g+W0aj3e47sixiira6RqspAWzap08La3IeLZhn2qXUgt2UoyZm4pMe1ba+CNdkHMRUfSpk+H
muOOOPwqHWp/zIfJI578KPwrph8NdcPVwPwqQfDLWj1mH5VP1ij/ADD9nI5TGe1GMV1o+GGsf89/
0o/4VhrP/Pf9KPrFDuHs5HJUfhXWf8Kv1j/nv+lMb4aayP8Alr+lH1ih3D2cjlvwpRx2rpW+G+tg
ff8A0qL/AIV5rg7/AKU/bU/5hckjn8+1L+FbbeAtdXtn8KY3gjXl/wCWefwpqrB/aDkkY5z24pOa
1G8Ja4n/ACwNRnw1ra9bY0e0h/MHJIz80A1cOhawv/LoajOkauvWzNUp+aCz7EGaMmpDp2qDraNT
TZ6j/wA+jU+ZdxNeQ3NGTSm21D/n0ak8i+HW1ejmj3FbyFyaMmk8m9/59X/Kjyb3/n0elePcLPsO
DGnZpghvf+fR6eLW/PS0c0049x2fYUGl3mk+x6jnH2RhUi6dqjdLM0nKPcLPsIJDShyeamTRNYkP
y2h/KrKeFdalPEO38KXtIfzIXs5FPzOOlKJPWtaHwHrkxH8OfatOD4Y6rJjfcbfwqZYilHeQeym9
jmRMi9aVZ42cKH5Pau5tvhRJkGe8NWtS+HVnpOiXV95++SFNyj1rnrYqm4NJ9DWFCSabJvCH+qSv
UtP/ANWteXeEBiJM+teo6f8A6ta8M7j/0ffqxfE//IAvv+uDfyrZPasbxR/yAL7/AK4N/KlLYcd0
fG8//H1P/wBdW/maYDmnzj/Sp/8Aro38zTAMVzvc9hbJC5pwpuKcKCri0DNApaVikgooooKCnZpv
eg9aLDHgn609XI5HFRg0ualouLaLSXB71Msiv35qiKcrY6GoaOmFVou4NLnFV0lIHNTiRWFQ0dEZ
JokWQipFlqHAI4NJgik0bwm0XUkzUivzVAMRUiOc8moaNY1Gi9vU/eycdKvaXq9/pM4ms7gqR/Dn
isgPUgcd6qMrGkowqK0ke4eFfiDbaukdveYiuenzHrXcZ44II7HtXy4CSyyjKyJyrg9K73wp8RJ9
NMdrqcxltiAvmMN3/wCquqnW7nz2Pyhr36Z7OD68Up5qlZ39tf2yz2k6zRHoVbOKs7uK6k09j56S
adpDygIqNo6eGp3Wgm6WhXMdNKVaKg1GVpAVjGDUTxVbK01h7UwKDQ1XeH2rUZM9qiMXB4oAx3hz
0FVngz/DW00Qx0qB4OOlIDFeEY6VUlh5rbkg9qqSQHPSkMxXi9qj2AdK1ZIOOlVWhx2oAp4NSB6G
Ug9KaeOlAE6SU8y4qnvIpfNzTW4rD5pMg1jXL9avTPjPNZVy+M16FDcwqIzbg81Sc81Ncyc1Tdue
tetTempxTi7kmaMiotx9eKcGXHLYrdbE2Y8nBwadziq5nQHPzP8ASp7e01C7IFtaTMD/ALNJtLdi
E7013ReCwrpdP8A63fgNJC8anqSMV1emfCmJcPePk+ma554ynDcuNGctjysyoDgct9amisr+5IEE
LEHpwTXvFl4J0azC/uI2I7soNbUVlY24AitoRjphBmuWeZRXwo3jhn1PBbTwTrl6BmMoD3Kmte3+
E+oTBTNcSDPUDivasjHyLt/Cgs395q5pZlUlpHQ0WGSPM7X4RWcagzzOx7gtWrbfDXQ7cfPHux6m
uyZSeTuIqN12LvYfKKwlia8vtGsaKMGHwjodryllE31XmrSaRpcf3LGJffbRd61ZwttXOR2qF9Ru
pIvNhh3Rj0rkeK1ac7tGvsraWLXkWicLaoPfbS4gHIVB9Kp2uqxagDbSsY5egB4rH1yxvbD5kkdk
J7GuetiuSk6nxFKGvK0dC1zCp271Bp3mkrlHyPbFcizJLYhg8rS+grU0KBhD5k0rrjoGNFPERqSS
S0Y5U0nobHnSZPzNxTVvFJwJcGlJByy8qe9c94ksTD5csErKzHGAa2qycIXWooxu7HR+fLjKuSPW
kEsrDIc/pXLQ3d9p0EZmDywnuKhudRP2+EQTPtkOSvpXPDFxaV9ypU2mdd5sv99qQyyjq7Vk6xJc
WFvFcBjtb1pml6pNqD/d+UCtXXgqypPcnldr9DZFxIf4jQZn7sRVSS/tYZPLaTLelMjvreRiDkD1
rW8XpFpkuDXQvecw9TSeZ6hfyqFZYZAfLk3EdhTsk9qfNF6RE0h+9D1jT8qCIj1iT8qbijNP5C0F
Mdt/zwj/ACpPJtT1to/yoooUh2iNNrZHrax/lTRZafjm0j/75qSiq5pLqKy7EJ0/TT1soT9VqM6T
pbHP2KH/AL5qyaKOeXcLLsVv7J0r/nxh/wC+aP7K0r/nxh/75qzSYo559wsuxW/srS/+fGH/AL5p
66dpo6WUI/4DU2KKOeXcLLsR/YtPB4tIvwWni3s16Wsf5UtFHNLuFl2HBbcD5YIx+FKHA6IB9KZS
ik9R2RIJ3GcEilNxKR99qioqbICTzXbqT+NZHidyfDGoZ6+Xx+daecVk+Jj/AMU1f/8AXP8ArTAw
vCHMSZ9a9R0//VrXl3hD/VJ9a9R0/wD1a0Af/9L32sXxR/yAL7/rg38q2qxfFH/IAvv+uDfyoew4
7o+O5h/pE3/XRv5mmFc1LL/x8T/9dG/maZ0rmPcUboZgigA1IRmgLRcfINAxS9aUA07bU3KUWMxS
4p2w0baVyuVjMUU7GKMZouKw2lzRtNJVMNh4PrTuKjpQamw0yUHinq2KhBpwPNS0bRk0WVkOfapl
fIqoG4p6Maho6IVC0RTckGmCTmpAwIqWbqVx4finrJUXajJApWNFJllZKmRwc1RDmpFlJGCMVFrb
G0ZtrVnSeHvE174euhJbs7RYIaIHg/hXsvhvxhp3iO0DQyiO4Xho2PIr57jkxwSfwNWLS9ubKdZ7
STyplOd3rW8KjRw4zAU8QrxVmfT4478HpTwa818KfEqO8KWmqAJKBt34+8fWvRFlDxh0YFDyMV2w
mmj5WvhZ4d2ki12oxUKvx1p4aqOYUrimMuakB5peKYrkJHFMK5qwVzTClAyqYiTUbxmrjL6Uwqe4
pAZ7x+1VpIa1WjzULRCgZjSQcdKqPAea3JIQaryQjFIDAkt+OlVHhIroJIAR0qnLbgDpQBhshFV3
LKa2Jbfis2eHac5prcChLL1rLuHJB55q/dfLmsmUSynbGm5jXbSaW5hNN7FC5fD81nyXCgkDczdg
tdRY+D77UW3SsY1NdhpXgPS7TbJcZlYV3fXIQRh7GT3PLrSw1PUHCW9pIM92FdbpXw01O7YNdSRx
oeoIOa9MggsbQAWtuEx681ZNw7AZ2j6CuaeYylokXHDW1bMHS/h7pVgim4ZXYdiK6i2tbGzUCCFM
D2qqJMmn+aSeea4p1Zz3ZuoQXQ0hc7hhfl+lKJCepNUBLzUiy+9Z69GXbsXg3PWn7uKorLzUnmHt
TakldhctBu1P+XGC3NV0fJYfxY4rkb/UL+LVym4gdVWubEYh0YptX1KjHmdrna4IGeKYYwwIboa5
yDxJJC/l3kWOPWtq11a1uk+VgKmljKFX3b6lSpSWxR1bQ4rq3ZrcASCsnSdRfTpza3a4UHFdbHNE
5IjYP61iahobahfF1bYlc+JwrU1WoL3vzKhUsuWRV8RJZLbi7t2Auc/Kq1Nbm5vdBc3EJ8wLwpq9
BoNqjIZv3m3ua08AAKqgAdq3pUZqfNPZrYUp2OE07Tb2GTeYsg9iKv3WlXd2VEZ8te4FdJeXS2aB
io2HrTYLq2uotyHk1hToUKTdJy318x3lLVLQo2ls1paiF+WAxmqWp6TJqe0K+Atb/kkrnHSmmEDq
OvvXoOKkrPYy15row7TTnt4Rb3OHQdM1m3XhhDcieFiMNnFdUYz9RTfLOCKylh6clZFOo9V3OZ1W
xvbyBLccgVDo9pd6fG8LJ8x6NXVBCvbmmOu45I59aJYePtVUe4KpaPIcLLb3Npqvm3UbyITn5RXQ
x3FjcQhVideOela7Rq4IdQR9KrfYLVSSsbBj1+as6WGdG7j1HKpczLCC1sp3lW4Az/Cxp0+t2qsV
iDM1OuvD6XLbllKH6ZpJdGih08pChab+9mtL1VothJK5Ug8QrJciF0IYnvW0wCgPnr2rjYbO5tL5
JJYiQDySa6yTUrSK3WV3AIHSsMHWqvmVV29SqkFb3SfBxkkZ9KTDAZIx7Vyt9rs0lyrwDCk4rTGs
NbQpJcnIPf0rWnjadSemwnSaNfnGePpRUNvcw3sQlhYMD6VLkZxXRFqTvF3MwNFFJnNNagnd2Q7i
kpKWgApKWkoAKKKKAF4optFADqKbRQAvFZXibH/CNX//AFz/AK1qVleJv+Rbvv8Arn/WgDD8If6p
PrXqOn/6ta8u8If6pPrXqOn/AOrWgD//0/ffSsbxR/yAL7/rg38q2e1Y3if/AJAN9/1wb+VD2HD4
kfHkv/HxP/10b+ZpB706YH7TP/10b+ZpuK5Hue9FWFxTlFJmnCpZvFDgopQmaBTxSbNFFCbKPLzU
gFOC1NzRU7kBi4puzFW9mRTfL9qOYfsSmUNN21cMVMMWKakZSotFUDrRjFSmPBphWq5jLkaEHSlH
WjpSZoFqiQNTlPNRilU0mjSLJwc05SRUQPFPDcVNjeMydG9aeeTUAapA1S0bxlckxxSc0A0tTY0T
FVsHmpFb3qIg4oHFD2Lu1qWQQSDyCOjg8iuy8K+P7/RZFt7uUTWp43P1FcNu4FSb8jnmnCbiKrSp
V1aSPpjSdYs9atRNZSpKuMthuavq+PavmnStZvdFuFnspnA7x7uDXsHhfx7p+tQpBcyeTd5xtJ6m
uynVT3PmsXlc6bco7HdBiakVvWqocg8lcY7dKkDnqeQfSttOh5LXkWAaMVEj0/ec0EilM00r7VJn
IoNMZAVphSrBFMK5NAFR4/aoWiyDxV5lNRlM0AZzw8dKqywZ7VrtH7VXeI4pWAxJrf5elZk9ru6C
umeEnrVSSADtQBzJ0lXbMlXLaxt7f7kQLeprRaLnpUJjwafOwsTxzMOOFHoBVgOcdapqMVMre9G4
FoNgdadv96rbqUNQBaWQ08SGqganbyO9AFvzTmpFl4qiJDnmnCTC9eaAL4lJ4B6dKqajrUemxBg2
ZD1FCSfxHqBWHbtbXOtMZzls8ZrCq1Hbdlxszb03xCNQcKBtf3FS63aG4hF5Fgzxdh3pqJDE4Maj
PqKpazqs2mLEycxv296rkl7P32Gz0GaXD/bzGW+2xGP5StNk0q5TUBHbErB3YVn2mnXd3eC4LlIZ
PmwDXXxSiNFj64FclPDU6q/eK3mW6rSJrC2j0+Parlyw5Jq+suVxkYrLWfqM9etPEw49q7oxUYqK
6GN7mkHGetPDDP4VnLNU0cwPWrVr6gUfEEg8tUxnIrCiWWFA8chAHbNXdfn3TKAegrPgnCgAnIPa
vCoYKOOx01UukjTEVfq9BW6mxZa3IrBJuV9a3YbiG6XKMufSuQki2tvBAX3qP7Ulo24XCqfrXXPD
4zBe9B+0h+KM6eIp1dJaM7cpjjAx7U0xj0rn9O8TwynY0gOPQ10MNzFcAFHB9q1oY6nW208maTpN
a7oYY89qjaL2q58v/wCqkIB6V1qy1RnaxSMXtUZix2q+UppjFMDPKH0pm0r0OavtH6VGYhRcCk8a
yKQ8YP4Vm3ehWt2pXBU1ttH6VGUOetS4QluPmaOaOhrb2TKq73zwaydPsUkuHi1N38sNwD0Fdw6n
OagntIrlSJAMnvXLPBwm+daJfiaKqyjbWtnp8RFvKvlnoM81KLm2xgSA1Rj8NrFctIZSUPbNYmq7
bOXEIcL61U6ypx52rIle87HTi8tC20Srn61IDnn+Hsa5fSdHkvJPtUr7IgfXrXTNPaxIIxIuxfQ0
Yes6kOaordhzglpHcfRSRyxTHKOKcVK8mulSTIasJSUAHrS0xCYoxS0UAJiinUhoASiiigArK8Tf
8i3f/wDXP+tatZXib/kWr/8A65/1oAwvCH+qT616jp/+rWvLvCH+qT616jp/+rWgD//U99xgVjeJ
v+QFff8AXBv5VtGsXxN/yAr7/rg38qT2Khuj5BmX/SJv+ujfzNMK1akTNxL/ANdG/majK1xuWp9M
qehBg04U8pTcGlcTi0LSgnNNJ5pwpWKTsTKakUioAakVqlo6ISJ+vSlxTUNSioZ1RSYzZQY85wM4
qULW54SsE1LXVtZBkNiiOrsFVJRbOZaL1+lRPDzW7rlgbDXLq3K4VXIX86zmjzVXtuYxpxnG6M5o
jmmFDWg0VQtF1qlIwnQKntSZ5qcw4zURTmquZOFgBp4OKjwQaXdT0JvYlBqRTzUCtxUgapaNYTJ1
NPBqBWp4apsdEJE+eOaMelMBpQcGpaN73HEYFGSOlKPmpcVNyxN3OQKkRykiSodkinIYdRURFICa
FoD1VmekeFPiTLZGO01QF4iQBJjJr1izvre/iFxayhoiMgd6+Y15OMcd63fD/irUfD10GglaWH+4
zV0U6zSszyMZlsZ3nT3PotZBTw+a5bw54vsPEVrvEixTdNhPU10QkZQAwxXXGSlsfOVKM6btJFtW
x1p241XWTIp++qMywOaABUSvT1agBSuajIqYEGkIFAEBQ1E0Zq0y0wrQBRkjqrJFmtN0zVd46AMl
4sVXdQOa05UGKpypxQO5TPFAanMtN6UCHhqXdURPNLmgCUNS7jUQI9aXNAEm/wBaenJLZ6DNQbqh
vml+yFIPvtSb926GrENvriS6g9s4wg43YrN1rT57Sf7XasXXrxVd9HuYo9+WLnnikh1K8tW8uZSU
HUNXlzrOTca8bdmbKCjZxZctNYvYY9zx5GKktkutcud9yNsK9BmmP4hhASIWwLNW7AdlujqoUuOl
XhqTqLSpzRQpz6Wsy5G6xRLEh+VRgUqy4qru596UPzXpW0szJu5bEpFPExqnvp2/igRdWfNSpMd1
ZyyYNSrL1+lCE9nYyNZuQ15yflHWub1Lxpp2nK0aEvKOAAueav67MXSUKcGvOrDQPPvZJpNzkvxm
uDJ61ONWrXm9Ex49KShT6mq/iXXNZYiNfKi7EnFA03VLofvZiR/vVtxW9lpcQa5IXjpWZeeObWyJ
S0iDHpk1vUzyrKdsNC6KoZXWrK9rFvS9GvrB/MSYt7E119lqFzHgHIavLpfHOqXLfuIwB7f/AKqk
j8Q+JJcMkJwPb/61ebicHjcXLncbPyPSp5e6StKa9D3Kx14jCTr26gZrbhuoZ1BRhmvndfE3iRWD
GEkDqDn/AArqtD8dXJwk8IjYdzmrhHMcKv3seZeQVcFBr3Zo9jxgZJo4rm9P8TLMq+bgit6K7hnA
ZXByOldtDGU62kdzgqUpU/iJduRmm7BTySRgUV1baGdiLyajaKrIppWhBqVGjFQtHmr5TNRtHR1E
Udh6HpVW6023vUCSrgeoFahjqMx4oklLSSuO5yeu29zYW0cdlzFjnmoYbKzjs1uZZyWIyy5rrmiV
xtkUMprIuvDlvcPuRiq9cVx1MOlU9ov+AaRmrWZVto7W8tmltJCHAzg8VHpl7eSXDwzx7VU9T6VX
uXh06cRWQJkHVRT2n1S7TZHD5ee+KwjiFD3Wm5eSuU4G3hX+aNsj2pOufasextdTsJd0jlo2PORW
4CkgDRtn1rvpzc1quV9LmUo2I8UYp5XBpMVo7LTqSJijFLRQAmKMUtFACVk+J/8AkWr/AP65/wBa
1qyfE/8AyLV//wBc/wCtAGD4Q/1SfWvUdP8A9WteXeEP9Un1r1HT/wDVrQB//9X36sbxL/yA73/r
i38q2axvEn/IEvf+uLfyqZ7Fw+JHyY6/v5f+ujfzNRlasSD99L/10b+Zpu2vPvqfZKGiK+ymlKsl
RTGSmmQ6ZWK+1IvFTMtRkYqrnO4C04GmDinCgpEyNxUyPyKqg81Ijc1DR0052LoIJrsfhrF5niHz
cZ2Ec+lcSjY57V6N8KIczXEx6bjj8KKSfNqTj6vLh2xPihpP2bUxfJHhGPOBXB7OAfWvcfHen/2l
4ZumQbnjjZh+FeJRjOUPBXqDVVo2YsqqqpR8yFkqF4/aru3POKa0eayPSdNMoGPjpULRc9K0mj4q
Fo6akc86KZmtH7VGyEVotH7VC8Zq1I5J0LFLBBpwNTNHionUirujncGhwbmpA3NQDOaeDzSaKjKx
ZDU8HPWq6tUgapaOmMyYH0p2aiDU8GpaN4yHigikBFOqS9xhoDetOxmk24pbhrEnt7ieznFxbStF
MvI2GvUfCnxISZY7PV2Pm8ASNXk2SDwfxpSA3Dcj1rSNRw0Ry4jCwrxd1qfUMcqSRh4pFkjYZ3qe
lSq+RgnmvAfDHja98PzqkjtLaD+A5Jr2LQ/EWn6/b+baTANj7j8H8q7IVVJbnzWKwEqTulodCr9v
SpA1U0k/hJ59KmVu2a0RweRaDClBzUCNmpAetMCbrSYpgbFO3fWi6Aay+1V3WrQORUTjmi4GfKvt
VKRetaci9az5lPNMChKtQGrMuarP1oASjNNooAcKWm5ozRcB4yenWgOCflbLDqBUc0git3kY4AFc
raapLbXkshYshNY1sRCk7S0LjBy2OwDvxknHvWXqlzbwuFmhQq3ViKbFr9vKfnJH4VFrk9tcWQaM
gsRwKmtWUqXNTafkVGEoSvYraZYCfU/NHzW45Ge1dKW+bA+6OlZ+jReTp4B6GrgJK1WHhGnBOKs2
TOXM7ku7PejNRilzW17kEm6l3VFmlzQBMDTg2Ec57VCGpHfEUn0pN2QJXZzGoEzTyKOazLrUrTw9
Z75NrXBHC+9S6xqP9mQzT4y3QV53HHeeJNVDEllZhyegFfP4HBTxVSSWkep66hT/AI09kPnn1LxD
enJmZWOcdq63QvBECKJL7GSOAelb+n2lnpluIY1BkxjdjpU8ok4O/dX2FDDUqMbQVmeXi83rT0pa
IZFpGn2b7Ut4iPXbWpE0EcBCRIO3AqmTvgGSFb3NOVgItqsC31re9/U8mc5t+87k6mFzjyU59qme
CwCbTbRFz321UjkEeSeWxR8ztu6H3p8xCnYtJFFEMJgD0FWYbm5hbdE7ADtmqiiNOS2TTzdAcKK8
7F5Xh8Qrr3Zd0dNHGVqWl7o6ay8RAqEn4I7mtyC6inTMcimvPN4fqBUkNzNbHKOcZ7V5MqONwmjX
PHud0KtCs97M9F3DGAeaASPeuZsfEQG1JuPet2G7guMGOQE+lbUcXTq+7f5F1KTpq/QtUEZqMHn7
wp26uozEKUwx1LmkHNAFdkpm3FWiBSFaNwdjmr7RMXX9owjkclfWiLVprlWSJAjKceldFt6jPB6i
sCbRfL1LzPO2RP6etc81Kn71JbmkfNkJg1S7yHnZYzxwaLPSruwmJM7SIexNVNQM9lfCNbkmI4PB
qpLqd6k22As61zPEUabvPWRXs5HSlTuzt4pCvGR0qvpVxc3IPnoVq8U25UV3U6ikua1jJkGKSpSt
NMZqxEdGaftpNtADDWT4n/5Fq/8A+uf9a2CKyPE//ItX/wD1z/rQBgeEP9Un1r1HT/8AVrXl3hA/
uk+teo6f/q1oA//W9+rG8R/8gW9/64t/KtmsbxH/AMgS9/64t/KlL4S6fxL5HynIv76T/ro38zRi
nyD99N/10b+ZpMV5j3Z93GPuoZtzTWWpcUEZpXBxKzLUe0VaZfaoyvtVJmEqZVZeaBU7L7VEVxVJ
3OeULAKVD81Mzg08c0xXsP8AMKrx3r1z4YxCHQzMwwWkcfrXkQQyyJGnJdwPpXtegRf2fpVvBjGF
BP1rSjG8jizKt+75Ds123FvLbNyJEIrwXWrQ6brs0JXh2JFe1Wt2AwOa88+JtiIrq3voxgFyDj6G
tMRHS5hk+I5KnJ3ONXgYJzTsA1EjZUE9+amBGK4kz7BvXQaUyKYY+Km7UYq7IHFMqNH7VC0Z9Kvl
KidOalozlTM946iaLmtBo+KiePHNCbRyzomeyYpmMVcdM9qhaPHarUrnHUpNEQNPVqTZTgMVREbo
duqQHiou9OFSzaMiUNTwahU1JkVDR0RkSUU0GnA1Jpe4Yppp9BoExgPzVbsNRutLulntJWRgc4B4
NVcUYA9aak0yZ041FZnoUXxd1C2t1WWwErL1cEc/rT0+N8g+9ph/Mf4153v42jp3qvNao/K4zXp4
TE01aM0eFjcr0cqZ6knxwc/8w39R/jUg+N038OnfqP8AGvHHjMR6U9XGK96nQo1FdHzdSNSneMke
xj42Tn/mHD8x/jTx8a5T/wAw/wDUf4148pBqVRWqwdLsYupJHr6/GiU/8w/9R/jUq/GF362A/Mf4
14+vUVbh60ng6a6AqrPW0+KDTf8ALmB+NWE8avc/8sAua8ytF5FdBZDGK5KtCK2KjNtnbx6wbjqo
FSrNvrEtOgrUi+6K8+pGz0Nk2yznNFIOlLWRYUc84opc4H1oAhuIBeW5iLbQwwaqpodosJjBBal1
qd4LULAcOw4xWF9uvrLErsefUVx160IS5Zq5pCLezNCXw4Sf3Tge1Zf2eSPU4rWQEjd1qQarfSSf
aIwxWtTSbxNRkJljAmXuRzXGoUKtTlUWmat+7ZmuoEcKRr6UuaQjBxRXsbJJ7o5h2aKQdaXNABzm
lFJ3pe1ADgabMcW8h9hQKjuiRauRUVHaDY47o8+8XK80IhT7zGrnh3Rl0rTUfjznHNTTQrcTiRu3
rVje52gHgUsjglRc+4ZjiZRSpR2e5JsOeeT61Isjxj5tp7c1DvY/dFO2ORlq9rlueR7sVoch4mm1
WynM6yKIT0GDWLB4n1GCRJGfK+ma63xdHNcaWEiXcwFecpaX7yLH9mfrivMxDqxmuU+oy2WGqYf9
8tT17SdR/tGwS4Iwx61oea7cYrG8O2rWulokow2Olae905xxXow+HU+dq8qqTtt0JcMDUisfSoBO
aX7Qw6iqTMbFkFvSpVkK/wAOaqrcN6UPfJbgmVgvsafNbdhy3LmQeq81LBc3Fq26M/rVCHUIpQOR
VpbhSeK8vFZbhq7572fdM6sPiq1HbX1N+x8QngTr+Nb0N7FOgZJPwrgi4k+UcfSnRzXFucxuR+Ne
XOjjsGuaouePlud8K9Gppsz0MMSOaeGFcpZ69LHgT4Irct72G5TcjitqGMpV9U7NdBzpzj6F/Oel
Lmqyy44wcU5ZueK6/PqZ3tuTY5qpqtmbvT3VWKsvIIqzvzThJng9PSpqRU1Z6D6nJWGhzXmWu2b5
TtGfStuLTdP09AJCAexatTIA4GPpVDVNKTVYREZGQ+oNcsMJTpJyjqy3VeyJlWNl/d7SvqKjMXNG
n20WnQ/ZjLl+xY1b2ADI59xXVCT5SLNlFouaYyVfMQPNMMYIqhGeUppSrxiqNoqAKZSsfxQuPDN+
f+mf9a6ApWJ4qXHhfUP+uX9aAOY8If6pPrXqVh/q1ry7wf8A6pPpXqOn/wCrX6UAf//X9+NY3iMf
8SS8/wCuTfyrZNY/iP8A5At5/wBcm/lUy+E0pfGj5XcfvZv+ujfzNA5pZP8AWzf9dG/maAK8x7s+
+XwoTFIBT8UmKlJspxsrsYVNMK1MR700/WjUzauyuwqNl4qyQKYwGK1TMZJMpspzmgGpmAqJl3Ns
HVuBVI5pq2tzofBen/b9XaVkJijAxn1zXrG3AAHYcVy/hLTTpekoXGHb5ifaujjfjrmuukranzeM
qupUt0LEUjIwrN8ZQDUPDRcj5ozurSUA0y7i87S54DyNlVNXizLCz9nVTPF4G/dgdxxVpDkA1UuF
a31O4iPRTT0lyK81qzPuaFS8E7l1TTlquj5qVWqkzpUkyUgYphQU7NL2pjuQlAe1MMNWaKGiXFMo
SR89KgeOr0gGagdeTUrQ5KsUUimKjK1bZajZKtM5pRK+KXNSFaaVoJsM704NTCOaKHYq5Mr08MKg
zil3YqLFxmWCcUuahDZp4NFjVTJBTc0A0Umh3uJnmj6UmMk0uKLBdpjSgkGGHNVJLdkORz9Ku5Ia
nZPPHWu7D42pRknfQ8/FZfDEX01MxXxx0NTq/NPntVb5l+9VZWK9RX02FxkKy8z5PGYOdCVrF1Ty
Oc1ch61nwuM1ehOTXVJtaM4OW5s2h6V0FlyRXOW3ODXRWJ5WuGs7o0j2OhtB0FasQ4rMs61Iq8up
ubRJ14FLSCisCwoA3MAelFKoO5T156U0k9wMTW5/JvIT1VTk1W1TVk1C2jhCYK98VcvbaO71RFkf
aAelPk0WzH3Jlz9a8+rTrylaDXzN4uPUZYa1ZwWohljXIHpVfRwJtWkmjG1M8Cpn0G2dWKzqWA45
p2gW01vM4kHHY0U1iFJKaWgTcbaGw3PNJStyDSV37aGAUYopaAAUuaSigBwNV79ytm3vU9VdTOLI
5rDEu1GT8i6avNHMhGc9DVnytq5LDFQRSnHHSlLsTzyK6Mmi1hInFjJL2rRMZgvCj8aZl3kAJyPa
mcE49amGIlz3PFem12OVbWFl2hguAwpXSGPb+5TPXOKiU5kz3p11cwRbQ7c4out5aBd3JphuCvH+
VOSQldrY/OqyalaCKRWPO35cetee3us6imoy+WX8sHiuerioQ2dzWFOUj00Q7jhSM/Wq15cjTojL
OQqj1NcNa+I7gBd5wwPrVq+vf7YtzDJMFDDnmuWWZU7e7f7io0H1N1fEsLjMZBHb3rH1yS91R1eA
MAOwIrLTRJF4huR8g45pTb6vbj5DGQP9qvPqY6rV92+hsqSWxYiu9VtVC+Q5A981ZTxLexH54pB+
FZB8SXNqfLmgOR1KmmN4wh/jtmz7kVzRhUXw/mU4Jm9/wmhUkEsGHqKSLx7OXMYQnNc2XuNXlza2
557lcV0el+DnRBNdyqgPJxXr4OnXbu2ZSVPsOfxNeyzB1Dbc8qK6TSvF0bEI8pib0NZE72Vupt7K
IySDgsRXPz280cxDDa3+xzWmKyrD1/etaS6oKOKqU2+qPatP8Q7lG5ty+uRW9b31vcruSQZ9K8Et
7jU9NQTMAYuuCeTXTaR4s88qgV42yBwK8ipTxmD1fvx/E7o16Nf+6z13zCvepBIOO+fSuNtPETQk
CdC2e9dDZXsdxiSPoT0rpwuNo4myg9QnSlHfQ0ft1uk/ktIA/pVjzEz98ZHvXBa80y6yDCDuPSpF
tdYLKxPBHrWc8XKFRqMG7FKkrXudFr2mNqUCyW8+yROTg9aTwzNPJbvBOSxRupNYQs9WVS4bBx61
oeE5mM0ySrtkB5OetY0qkqldPlaKlFKO51RGc4pNopnmfMafkcV6hzibAaY0QNSgijGaAK5hFYPi
+LHhPUj/ANMv61023NYPjJMeD9UP/TE/zoA4bwf/AKlD7V6lp/8Aql+leW+EP9Qtepaf/ql+lAH/
0PfjWP4j/wCQLef9cm/lWxWP4i50W8/65N/Kpl8JpS+NHy0/+tm/66N/M0lK4/ezf9dG/maMV5ct
2foMF7qEx3710fhfTNG1iQ215dvBcfh/WueCjv0pcur+ZHIySDoy1UZWM69J1I2TPVz8KdKwG/tK
5APQhV5/SmH4VaVkj7fcg9/lXn9KoeC/HzKE07VZCQOFkavTCA8SzI2+NhkMD1rtgoSPlsTUxWHl
qzgD8K9K/wCghc/98r/hUTfC3Sv+ghc/98r/AIV6DjPrn0qNl+tV7JHJLH1t2zzqX4W6X21K6H/A
U/wquvw1062uY5hf3EnltuCsq4P5CvR3jyO9VZI/amqSF9dqyRgNbrEixrnaoxUWSDWvNCTnOMVn
yxEGqSscjbeo6GTGKtREMHU/xDFZwypqaOQ596bC+tzjNY8A315qr3Vs4EbAcGqqfDvWAxxImPpX
pKSbup5p5U5GCaydKLPQhmVWCSiefR/DXWmAIlT8quR/DDXW581MfSu8hnZCBk1qW90T/EalUUbr
OsSup5unws1rvKv4CrC/CjUiRuuWH4CvUI3yo5PPvVPVvEFro0DvPIobHAJqnTikUs2xVR2R53d/
D8aZbmS6vDx2OK47UIoYGKxPu96v+JvGlzq9yyxyMkIPTPWueMwfnexz61yza2R7WFdaSvUZGXyx
FNanbec0EcVlqd1rkRFMKipMZ4pMCgzcSLbSbamIxSbc0XJ5CuyCoWUirxQVE6ZqkyJQKoNLTmjN
MKkUzNqwoNOBpmCKXr7UxXJg1OzUAp4NJo1jJEopSaZml61JpcU80Z4pQKQimPoIDTWhWQZPBp20
04Yq6VWVOV4mNelCtHlkimYzE2e1XLZh1FPVVfhhS/ZirZTp6V7+EzPntCZ8zjcodO84GrZnkV0d
h94VzFmdpGa6awIyK66zTV4njqLi7M6W06VqRD5ayrM5rXi+7XmVNzREwpTRilIrBlDaVThwaWjF
F11C9jD1TT57vU43hJAzyRUp0FxjM7Z781Lq13JaSRNH0J5qufECKBwd1cdSeHi/f0NEpSWiFk8P
SMD5VwwYc9al0y7k8w2Uy/OnAYd6qnxBI2fLU5PSn6Kss1y88qlTnPNKNWlOfLTuw5GtzZHUijFO
NIOldq2IYlFLSYoEFOpKKADvVPVuLKrnes/WGxbAe9c2Mf7mRpS+NHPx9SKk5Cl/4V+9TFGScDms
PxNqrWkP2aFvnfhsV2YCapYGLZw4iPNXaNFNbs2uNiKGA7g1Yl1O327yAB0xmuc0uyS2tNzANIR1
q21vE4BZa4v7Ymm9CfYIvx69ZLJhgPzrk9U1SQ6wZkO6LJwM9q2hp9sefLFIdPtWzmFPyrnr5n7Z
JSRcKaiZ0Gt2srfvAEP1q4JtLlHOCTUEvh62kBIUAnpisyfw5cLkxOcexrmXsqmzsatdjWax0uYH
Hyn1zVR9DtCf3dw2T6GsKaG8tHw5fimx3+4YdiCOxOK39nP7Mrjtc0bmyurH5obpmHuc1WOp6ogz
5ilfcVXa8VpBHF+9kP8AD1rd0rw3eX2JLhWWL0YV008NUl2Icox3Zhww6hql0EVB8x5IrrdO8C2p
ZZr3lh2ro7HTbXTUxFEgbH3sVZYk85wa9ehhoxXvo5p1ZdCCOO206MJZwjd7imvbz3XzTPtTuBxV
lAgYt396UlSRuNdUuVavQxbd7FJLUf6u2UD1JFWYdNtYV8yVfMlqTdzhRgewqe3sZ7hxgMB615OI
ziEXy0fekvuO2ngpNc09EZk9g182JSBEOgFaOnaFHgLAhGO5FbtrpcUXMgya0l2oMIoUe1edKli8
W+bES5V2R2wVOkvcWpTtdGiQ5lbJ9K1YlSH5Y+O9QB88nrTg5BzkCuqlhKdFKESJ1Jy+Jla51uzg
uSssQaRemfWoX8WS7jiAKmKg1PQRqDedGSHNZ8nn6fYyQPbb26BtpNcuIliuZ62RrGVNRsaX/CT3
kq/u41wBWh4YkaV5Z3ADE5rL0O/sbbTpDdRpvIxhhzW3pskD25lgUKOlVh6VT2ilKdwqNW2NpZfn
JqUS1mrJ71MsnvXeYGgJKkV6orLx1qRZaALgbNYnjL/kTtU/64mtNZPesjxg3/FH6n/1xP8AOgDi
fCH+oWvUbD/Vr9K8u8If6lR7V6jp/wDql+lAH//R9+rH8Rf8gS9/65N/KtisbxH/AMgS8/65N/Kl
L4TSl8aPlxv9bN/10b+ZpRxQ3+ul/wCujfzNKK8uW7P0KPwoMUuKDS0iiN4lkGHGSDlWFdt4P8cy
6VcR2eo7ntjgBz0WuNxSFQV5HHrVQm4vQ58RhYYiOp9GwywXVus9rKJYn53DtQy14t4U8YXXh64E
c5M1mxx16V7Jp9/batZLdWjhkbqgPIrvhVTPkMbgZ4d6LQcV4qB1q8V465/pULLWrPPvdGbNHkVQ
mh61tPHyaqSwikBgvEQai5U1qTxe1UnTBNAhYnA69auRyZArOUhTk1NE5zx0pFF/bnkVJFK0QJJ2
qPvMazL3WrLSoDLdyKpA4XPWvO/EHjm81XMFmvkQjvnqKiVSKR1YbBzqvY9B1v4g6fpMZgt38+Uj
GV5wa8o1fXbvVp3edyyk5APasnkuzHLMerE0q8muWVRs+hw+EhR0aA5JqxCpIpoWpo6yWp6ainsS
DpilxxSdqBQapaCbaQipKNtJkNEWM0mOal20mOaAsRFabUxWk2ZoBxIimRULx4q1txSEU0yJUym0
ZqPYavbBUZjx0qkznlBlXpThUjRmkCUyEmmAp4FNAxTwaVjZXJAtIVpQadmixsrDMUgFONL3qL6g
0rCqMVbhzjpVYDpViM9Krmd9DKVra6mjDGpxxzWxZqQ4zWVbY4wK27TBYZr08Pipx916nzmPwsJX
ktDfsjnFbEP3ax7PaOlbEA+Wtpy59Tx3HkdiyKCKUU4ViwGYobgZpxXmkYDbihNrYLGbrFlLexRm
HgA/Maqpp1gsaiWVfMHWtqRjFbSHPAWuetNKOqyzOs5VBXDiqd5pxgm/M1pSdjTg02zc+bEwIFXl
AUAIAB3xWFYO2j3zWc77ozzuPvVrUtVityFtuTW1OdKmuZ2jLr6ikps0xyTR2pkD+bbpMepFPrda
+93M7WG96WlopgJRRRQADrWbrRxbr9a0x1rK1xtsKZ9a48e7UGzWj/ERjRsER3boBmuAvpTfeImY
cqrDiu01GQ22lOxPXNcPoY83UXkbu1EqjjhIw8jmlG9acjqz8oC4xxTQDj271XvbsW1wiHoTUA1N
Eu/KJ+U85ryFCTV0IlvHmhXzYPmUdRUNvrkEvySfK3Q1pqAwGTlWrldYs0guy0fGTmtaSU1ytBy3
OnjeGQbkkB9jSXIkW3ZkZfzrjUuJYeY3LH0zWtY2+sar+7QNGn94itVhJy+ENEZt1dyTzFDuZwem
Ks2vg2910oRCUXOdxrv9C8DQQIJblwz9TmuvhhhtkCRKFx3x1r1aFD2fxCUnPY5Tw/4CtdJhDSpG
0g/iNbz2UcCFmYLjolaG4luelZmq5bCs4rrpzd7Ic48qtu2ZMrh3JAwO1MyKa7YbAIIFPgtprhvk
BWscTm1Oi+Sl70vIzpYGU3eWgwkA7utTwWVxdMCE+X1rWtNIRPml61ortjG1BgV5jp4nGa15WXY7
qapUf4av5lO00mKEAucn0rSUqi7YwBUWc0orspYelRjaMSZVJPckJ98+tAJpopc1tfmIQ7dmhpUg
iaWVsIvamgfNisfxJc+XbJCM4Y84rOpUhTheTGldkL+K2+2EwRsYV6kV0FnqMF9biUuNvcMKxYf7
JXSPLH+txz0rGtLa5d2W3kIU+9cSxlWnJc7Uovsbql1NzxGuniy3W/MrECtfR0MOlKHXbnGK5y10
iaa5QSyhtvOK6pWCqI1HCjFbYeEuZ1ZRs2ZzJ1cVIHqqG5p4f0rrMy2snNSrJVMOakVzQBeWQVle
LHz4T1If9Mv61aDmsvxQxPhfUB/0y/rQBzXhD/Vp9K9S0/8A1S/SvLvCH+qT6V6jYf6tfpQB/9L3
6sbxH/yBLz/rk38q2jWN4j/5Al7/ANcm/lSlsaUvjXyPlxh++l/66N/M0oob/XS/9dG/maUCvLlu
z9Dj8KDGaWlAoxQUFB6ZHWlxQRzVCE+8cY49K1vD3iS+8OXgaCUmEn5kPesrGDTD8q4Iz3pJ8r0M
61ONSDjJH0Domu2uvWUc8BAcrlkz0NaBUZrgfhTp5i0+S6dT+8JK+mK9A24AI4JNejTleOp8NjaU
aVVqJCUFV5k9quMKjdeKs5DMliyOlZ80HU1tSJxVWaLIpMZhPFgnjgc1zniHxVDoweG3O+5x8o9D
XYSw4JBHBHWvHPGtg1p4ieRlJR+jHtWc20jswVKM5e8ZV3qN3qVw0t3MXDHIX0qMHse1RD3/AApw
znmuKWurPpqUVDRE33uT+lAGDSLTh1pXN0x4PapkOKgA5qVDzSRtBk+eOlApu7inBqZsmOpRmk3U
oNFgaQtIRS0VIhpoApSKAKBoaRzTSKlxSEGgUkRYpMVLtFBWmjJoh20hjFTYpStO7IcSuUFN21Oy
0zFNEvQZijFPxSEYp2EmM6UueaQ0oIHNZ8rvobXSWpKp4qaIEVRkuEjHJ5qH7YznCniu+jgale3R
Hm4nMaVC9tWdHDcCPGDmtezn8xga5O1Y8c5rpdP6rxivVhhY0Vyvc+axOMlXd76HWWH1rcgB21g2
Hat63ztrCoci7lpRxTulCjinY5rnKGkUmBj3p5FMIos3sAbfMQxnkMMVylw01jdvBbuy7j0FdWMj
kdarvaQfaftbkAqO9c+JpvERXK7NblQnynNmxurs5l3b/U1P/YjJAWkkCvjjJrZt9Viu5WRdgVT9
6q2sTW15H5EU4Mh4AU81zrCYdRve/wAzT2k3sibSgwtSkjgkdMVdIxXNWsN5o92j3JPkv0ya6cgM
iyKcq3IrsoybVrWsRJdbjSMUlKeaStLMgKKKKGADrWRrgBRFP96tb+KsjWyN6D/arhzG3sNTah8Z
xPiy6ZLVIVPGKwtAT9+AOuc1b8VS7rtI/rWfp1x9jucnpis5e/SSTOd3vJlrxBIWnCrwwbP0rJLO
WyT8/Y1NqFyLu5MhB5OaSC0num+RML606UOVcqROi3JU1i6ijCFxx7UsVvfavOMBiPpWzp2gRj5p
fmf0rp7aJbaMBUVcDHAruo5e2+ZoxnXtsjI03wta24V7ldzema6OO4S3QRxIqqPaoo45Z2+VCxNa
lto+wb7k7QfWvR5KdFaGKUpu7ZLYyT3QGDhRWlIyQLl2AwO5rLudUt7QeTb4Bx1rJeae9cD5m56V
5WJxtGnq3r2PRpUpv4djTvNZJBSDrWUPtN4+SWbNaNpox4aUbc1sRwwwDCKK4lHE4pa+7HsbqMIa
7szbTRUCh5sk9hWqiJEAEUCjcfwpRXbRw1OgvcWplOrKejF3Z60Zz1pKUVu3cgKUGkpRQtAHZopK
KaVwJI/vFjwF6muU1KeO61UK0mEAxjNbWt3gs9PZUP7x6wNGjtQxe9YZY5ya4sVVSmqUra7m0Iu1
0WjokuwyxsSre9QeXfWQYhSqAda6qCaAxAQOrIOlSSos0TRSqMMKieXUpLmhp8wWIa0aMLw55s08
ly7lsDpXQFssT71WtbZLOJljHGBU2QD78V2UoOEbNmcnzbD8808NUWeafmrJJg3FOD+9QbqcpFAF
gPWZ4mfPhm/H/TP+tXd1ZviRs+G77/rn/WgDG8If6pPyr1Gw/wBWv0ry7wh/qk+teo6f/q1oA//T
9+rG8Rf8gW8/65N/KtmsbxH/AMgW8/65N/KlLY0pfGvkfL0n+ul/66N/M0gpX/10v/XRv5mk6V5k
viZ+hx+FDqcKSikUOoopcUwEpp+aRQvVuKfiruh2pvtctoAOFYEn8aaV3YzrSUKbZ7X4Q086d4V0
+FvveSufritvGfwoVBFEkI6IoAoAJbgV6MUlGx8BiKjqVHJ7DGHNMIqcjJ/nUUjJGMyMEHYmndIy
jFy2IWXg1XlTIq5gOu5TketRsv8A+umNJ7GVLGRz6V518S9N326XYH3Rk16hIhIbIrnvFemC/wBE
nQ5z5ZxgVnUWhvg6nLUS8zwcYKhx34pvQ0sYJjX5cMDnFBFcO+h9Vra44GpAeKgFPDUWKTJwalU1
WDVKjZoNoSJgaeGqH8acDSNkyyDxTgaiQ08U1saIdTqYDT6QwoApcUoFFi0IRSYqQrTSMUAxAKUr
mgU6gzcRmyjaKkAzS7aZLiQFfSomqy4x2qBlzVETg7ERJpMGn4AqKWQIua0jBz0icjkkm2EhCrya
oTXgIwtQXN4XO1TVYHJr2sFlyj78j5/H5rOX7uJNkscmrEQqqp5q5Ac8V67Sa00PG5n1dzTs/vCu
m0/qK5q0GCK6SwPIrkq6KwtDq9P6Vv233KwNP6CugtuFFebU3LRbUU6hfSlPWudlCGkPSlNJ2o+d
gG4PaobqLzrJ1X72Kn6Ug4Pseopv4XHuCk10MDRordo5IJ38t8nmqTJHp2o74280Kc5NWdetDb3P
2iMlVYAcDvRa6PJcxrLKSFPWvIqRqRapU4Xt1OhNJc0mQX2pSaogUJjZWvod0biz8puHj45qzbaZ
bWwwF3HHesa/nGnayjwj92fvgVtGlUw8vbVpfETJqfwo6Art+X+7SUiSC4hWdPutS44r0IyUlcys
FFGaBSEA61i61wwPuf5VtAc1ia2MknPSuHMnbDm1D4zy7XZPM1RuTgAVRSJ5CFQcepq9foP7SlLc
gY7Voado9zfEMVMcXrW+EwUqlNSlsclaoo3KVrp6K4z87egro7PS5GwXG1cVdgtrDTEA4kkq4kzS
ryNq9q9ajhow+HU45VGxscccK4Ayaecmk4U00SZYqoJrPE4/D4de+9exdLD1Kj90v2s62o8w9ccV
Fc6lcX8nyZAFOt9MnuG5JC9a24LCC2QAjca8OdbFYx+4uVdz0oUqdBXerMi00iSb55a2YLOG3UED
JqYnsOBSDiuihgqdN8z1YSqNikkt1wKKTqOaWuptszt1uKKM0lFGwDqKKDQAZpabTvrQADrT1wim
Rh8oFMHJ45rM1trx4Rb2ynJ4JFKbcQWpi6nfpcapGr58kng1pXPh0tEktu+5WXdiq1kLaHbbalCQ
w6ORXUR7ViUQvlAOMVxUcPSqqTmr377o2c3T0icgDeae/wAwKqK0tIe6v7sTSN+7XpWveW0d9bmN
12seM0WVqtlAIlOQO/rRSwsqclZ3iDqprYtMRuOKTNJwelFd1kuuhjuLmlpmaWgB9OB4qPNOHSnY
B4NZniM/8U7ff9c/61oDpk1n+IUY+G71sHHl/wBaT0DYyvCH+qH1r1Kw/wBWv0ry7weP3OTxzXqO
n/6tfpQB/9T36sbxH/yBLz/rk38q2axvEf8AyBLz/rk38qUtjSl8a+R8vP8A66X/AK6N/M0nelf/
AF0v++38zQK8yW5+hx+FC9qcKbThSKFFLSdKAc0xik4BPpXafDDTRda3NcOMhCMHHtmuJc4j969i
+GGmmz8PS3DDBmfd+mP6VrSV5Hl5rW9nRZ2jks5NJkgU4guWxxj9ayNc8QWOgWLTXMn7zB2xD1rt
ckj42lGpUfKluW9S1C10uze4u3CqBkDPWvF/FXi+88Q3JjjmaG0ThNrEZPrkc1S8Q+IrvxFeGWdj
5K/6tPSsjA6g5rkq1ddD6rL8qjRXPPU9C8HePJY5IdN1WTemdqMeO1emgq0avEQ0b8gg5r5vZQ4w
a7Dwf42m0R1tL5i9m3yj2op1n1MMxypSXtKe563IvVRVeWASwvGwyCpH6VZtp4L+2W5tJBJGw45p
2ArDjr1rrupI+clzQautUfOGs2RsNbuIQMLvIAxWc64rvPibpzWurreBeGfn8a4iRfSuCXuyPr8M
/aUosqkUgqZl5qIjBpIJKzHA4FPRqizTgaY4yaLKmn1AjVKrZqWjojK5Mh5qUGqwPNSK1GxvGRKD
zUgNV91SI2aLlqzJhTwKYpp4NNGkUSKKRkzQDT88UWKaIcYoFSGkAHeiwrABTwMUDApQaYJLdjWG
6oylTkZHXpVa4uo4lwv362o0p1ZcqRy4mvRoxc5Mq3UiwIc9awLm9aVsA8Crd8zSIWJ5rH5ya9/D
4NU1eR8XjcweKk+TREgIzmnKaiH1p6/Wu2Lsea11ZMp5q5AeaoqauQnitLivc2LXqK6Ow6rXM2h6
V02nnkVzVVoNHV6d0FdDb/dFc7p56V0Nt92vMqrUtF5OtKetNWn1zMoaaO1KaaaADvSUtB6UAQyx
R3ChZRkA8USyrbW5LHCqOBT+Oaqarbm60+TZ99RxUyk4J8q1KitdSgPEW1n3Jx0FZkUZ1C+yz/IT
yDV3So7F7WU3eBMvTNZkhaO7doDhT0968evKdozrvS+yOmFmbR1IWN+tiDmEd62CRww+6RXMw6Vc
36FiNn9a3NNhmhtvJmOcdK9DDVa1XWa5V09DGpBXLFLRRXW9zIB1rA1053it8cNXP62TulOegrzc
zv7FWV9TfDt82h5w8yQ6pK7jcOOMVs28+o3+1IQYYO+RiqdksT30sjxl2B4FdJEZWQbjgdhXrzxd
Chh4ucvkeZ7Kc5y5V1EgsIrYBpDvf1NT7yeB+Aqa3sZ7g4C4HrWzbaVFCA0nLV5dTMcXi/coLlj3
OyGDhT1qamRb2M90ehA9xWza6VDb4MgBNXh8q7RwKSlRwVOm7z96Xc1lW6RWgYAwE4FKcE+tJRXf
bo9WZNthRRRQAUtJRQAtFAooAM0tJRkAUALS859aRctVW/1GKwQKrZm/hAqZThDWbshpXE1PUUsY
xhhvbkCsweIbgYZVDGoreNdQu2N1HiQnhqbdaVcaXdfaFUywnsOwrz6rrzlzwl7pvHlW4l5qo1CP
bLH+89QKg0/UrvTHLSZeIngda27NtJu4zJkRkfeBq1HaWNwC0K5UHGaI4es5qp7S4+eNtSxa3AvL
cTgbc9qlyT1pqoFUKvAFOFeiu5zN3Yo4ooopgLSim5yaeAW4AyaW7sgQlPRGaori6tLCIyXkqrgZ
xmuE1/4kqpkt9LB3DjcBW0cPOo7IiVRI7jUNUstHiaW4lXIGdu4V51rnxBl1aT7Dari2k+Vj7VxV
1PcX8pmu5PMLc1JacTRqBgZ6V6CwUaVNt66HP7VuSPWvCAJiQnvXqNh/q1+leXeEf9SK9RsP9Wv0
ryjrP//V9+rG8R/8gS8/65N/KtntWN4k/wCQJef9cm/lSl8JpS+NfI+XWP76X/ro38zSikb/AF0v
/XRv5mlFeZLc/Q4/ChacKbmlxmkUKDThjNNGKcPWmCQ6FDNcwRAfMz4xX0LoVn9g0C1teSwXP1rx
PwdYDUPFFvGwyiqWJx06V6T4y8bwaDALOyw9yEwMHpXTSaSbPn80UsRONGKL/ijxbYeHbZw7b7k/
dQHvXi+qate61dNcXjfMeVTOQBUF3d3eoXUlxdSl5HOdpPAFQj2596zqVG2d2Cy6NCKvuAJFHXij
NFYnpLQOlNIDDBAI9KdSZo8xNdTf8MeLbrw5OFcmSzzypYjbn09a9l03U7TW7FLq0kDqwBwOtfPe
Mj19jWloniG/8O3SS2kjNHuBeMnjFb0qrvZnj5jlca0eeG56L8T9MNxoDXKjJjZcgfWvHQMopr3h
tWsfF3hi4EOPNaMll9xXhjQ+RLJC3BjOOaK1m7ojLJSUHSluis61Cy1cdflFQstYJndOnYrEYpA1
SOtQkYrRHM00yUGpFbFV1NSqaGVGdmWFfnpTuvtUINPU1LOhSuSA9qmjOKrE809WqTZOzLitUoNU
1aplfNNM3jIsZpwOaiBp4NVcu9ySg03NOBPUc0xt2VwwMgfnSorySiKNC0h/hFOggkublYLYFpX7
AZr2DwX4Ft9KtxfXyiW6OCNw6VdODbPOx2OhhYe9qzyiTw7r8y4i06QKf4jUSeBPEL8m0OfcV9LB
tvAwvsBS72Pv+VetQruirQR8TisRPFSbm9D5mk8AeICObM/lVJ/hzrxbizb8q+pw5x94/lQHPf8A
pWssbUl8RyqjbY+WB8ONd72j/lT1+G+uZ/49m/KvqXcf84pp3d/6Uvrkg9kfMI+GevN0i2/VauQ/
DLXv+mY+oNfSDEkcE1CQ1V9dlYrkPCbf4ba0gG5ovyNbFr4G1SHBZo/1r1h92cZNVXyc5P51m8XK
QKJxdt4eu4Mbmj/OtWKyljHzYrWkHPaq747VjKbkUVwhHWlNPPWmmswGmmnrTjSYoAbQTTsUhFAD
aVSAeRx3pKB1pptiaOf1vSnRhcQZIJ5WrOlaXG8C3E2fZTWsQG4fkelHygYAwo7CuX6vBVOdxuzX
ndrCeYqkDcEA6UN1znIqnqNk90FMTEfSrdvEVgCsTkdzW/M5P3kQ7sM8+tLgjtVO+1SDT1IOGf25
rHXX7lpQwHyk4qJ4iFN+/wBRqm5K6Oj6sR0Nc5rB/wBLKkcHg10cR86EOcAkVUk01Hm82QZyc81h
jqE61JRgVSmoSuzm7TSfmZooeW7mty10hFAaUkkdq0kCRjaigClPPWs6OXQilKp7zRcq2vuAAqDC
KAKTOetFFehtojFt3A80lLSU79BBRRRSsAUUUUAFFFFABnFLSGgUALg05ULUigMTzgCsi81G4lZ4
LMZYcE1M5qPy6DsWdR1SKyUqnzv0IrN0VIbm7aa9fJ/hB7VBp8U/2tobxNzN3NR39pLYSsCSA33S
O1edWrVU/a2vHqjaCi9C8NVittWaKWIGMn5WFbE2qW1usQkJZJQAAe2awtIhsZo3F7y6nIbNZfly
anr7xQFjDC4288VpTrSVK8dnsJwu7PQ1tW0zdcxi0QhXPzYrdtLZbG2WJec8nPrT4v3cQVwCw707
Oea6oUlGXMtzJtvcdRRRWz8xX6C59BzS8n7oyaVI2bnoPWsfW/FOn6ECrMGlx0B6mnGEp/CKTUdz
ZIWJDJMwRQMk1yWu+P7HT4nissTTdOTiuG1vxhqetysqOYbf2NYIjGQxJY9ya9KhgUtZHPKrpoX9
S1q+1iTdPIwXP3QeKpqqr90AetLxk8/Siu+MFBWRztt7hUttn7VHk96jHSprYf6Sn1qaq/dy9GOH
xI9Y8I/6kV6jYf6tfpXl3hH/AFIr1Gw/1a/Svnmegf/W9+rG8Rf8ga8/64t/KtmsbxH/AMgW8/65
N/KlL4TSl8a+R8uv/rZv+ujfzNKKR/8AXzD/AKaN/M0A15ktz9Dj8KHiikzS0ihaM4INJmnAd/Sg
L6l/StXl0hZnt+J5ONw7VQlke4na4mcyTN1Y0o7880hJquYhU4qXMkJyRzRQKKl6l7O6CigUtFgE
o60tGKA8hDSD2pcUmKdhJWZY0zUrnSrpZ7SZox0dB0NQ384vLuS527S5yR703sRng009aL9zNUYK
8luyM81Ewqdue1RtUicbIrOtQsoq4w4qF04zVJnNOBVxg04NSstMxV7nM1ZkytUitVYHmpVYUmma
wkWAQaXiogakBzUNG6dx4apUfFV8YpQ1I1jIvK9PBzVVHzxUyPnPFNM2jLUnVsc9TU1tBPeXKQWc
bSTMQAB2zUdla3Op3X2WziLO2BnHAr27wd4Nh8PWsUtziS8KgsccCuinBs4MfmEcMnrqO8GeCoND
gW5uoxJcsN2T/DXX53daazBjkmlzn2rsjFJHxtavKtNymxSMUg4pc0h5p69zBJCg5peKbQKNe4Eg
NHWkpaAsgqNsVJTTQBXkWqsi8VdkqrJzQBQlXiqzLV2Rc1VYUAQEUwjmpDTDQA00lKaTFAAelJ2p
aSgBDTcU/HFJQNDSKTFKaO1F2T1Kt7cSWsXmRqWI7CsSXV7nVmNrbExsOvrXSg7e2aqjTbeGdryJ
cSdTisqtNyldM0TRz9vD/ZTONQRpZH+6zVHZxfatRUhRt3fdFWdW1Q3cvkXERAX7rYq94eswkZuT
90dxXnSiqmJ5Hqo6m8XywY3xGXtkjkim8vbj5fWl0zWWusRzAk4rL1Jm1a8Zs/uUJ5HtU2jKPtXm
ZARfWtalearpRejJhBOm2zpDHzwMd6QqRyc81z2r6+018sFqCFHBYU+y1m6ZhG8LMB1Irp+s0udw
W/oZKm1G5u9BjFHFVE1i0fhjtb0NTpc20v3Jlz6VtGUZbNEuLRJRTtuQCCDSFSDjIzVCeiuJRSlW
A5/SjaeM45oAbRTivGcgVG8iQKWkYKPejpcdtbDqUcjC1TfV7JGA80HNS3NwsNkJ16Fc8VPPHXXY
OV2uWNvy4yM0mc8dxXLWerzG78xzlCemeldQrpMgljPynrWdGvCtrBjlBxXMyjrpuI9LMlr97PNQ
eFp0lseQBPk7s1rbRKjRt0Ncw839j3jhOjHNYYmfspqo+pdNXR1AAkbbtXeO+Kqytb6lutmGWQda
pN4kgFsCv+sPFT6VDiJ7hxgvW6xFOorRV0TKDTuzAWzkur97SMFVU4LCuosrGHT7cRxoPN7v61LG
kcXzIoDNyTT+p5qaOFp0k3bVhKpKouV7AOetL7D86Tv/AIUrFIk3zSLGg5ya6dW7IzbtuPRWbgLu
qK+vrTS4TLdTRjAztJ5rkvEPj+1si1tYKZJQPvKeK83vb+91adpryVirdtxwK7KODlPWRlOslsdb
4h8f3N4GttOLogON61xjrLcSma5leV/Vz0pUAQfKMY70vU8816lOlGmrROSTc/iAYHApcUuKK0EJ
ilxRRmnYBRUtt/x8p9ahzUtt/wAfKfWs6v8ADl6MqHxI9Z8I/wCpFeo2H+rX6V5d4R/1Ir1Gw/1a
/SvnZbnoH//X9+7VjeI/+QLef9cm/lWz2rG8R/8AIEvP+uTfypS2NKXxr5Hy4/8Ax8S/9dG/maUU
r/66X/fb+ZpK8yW5+hx+FC06mjrTqRQClzxSHrSjpQACg0tFACClPSkNFAAKDS0UwEpaKTvQAUUU
UAJQRS0UgGUwjmpCKYVpEsjI5qNxU5HFMK0GUolVlqErVtlqJlq4yOapTK/Q0ob2pWWmc1e5za3J
lapAarAmpFc1LRrGpYshqcV4zUO4daeX2sPlZnPRQCc/lUXbZ0c8bXYqsBzmtTRtLu9cvBBag7e7
DoK1/D3ga71Z0nu1eK34bGAM16lpul2ei24hsoQqY5cjmt4Um9WeZjM0VGPLT1ZL4T8MWXh20XAD
3TfeY84rp1fv1571jRTEHrV6OXPeuyMVFHzdarKo+Zvc0A+RTwarI/HWpQSe9UYk4pajVvWpAwoA
KOlHJNKeetAADS5ptKDQA4UhozQTQBHJVdxVlhUDrQBSkHWqrDmrsi81XdKAKhXmmMOasFTTClAE
BFIRUpWkIoAhxQRUmKaVoAZTe9P280hHNADDR2pxUUmKAGjOeKDjGefcU7FIaAKt5p9tfpscbSBw
RWFONS0q2e3hy0J6nFdL1PuKdweHUNnjBrGpS5rqO5Sloc1H5UGhsw/1jKST71UsrS5u2LxnbCvU
iunn0+C5Tytu1BzxWXqEV1aW/kWaHySOSvU1yVcOr+1fRbGkZ+7YyJ0j+0eVEMsT1rqtNtYrOyUS
L85XJbNc7pMaS3YD8MvY1014wSyfDDIXpTwNNqMq8tx1ZXSijkZwJb/MZwC2Ola9xo0MNsrpOfOP
OKyba3l1C4KJkN14qzZ2122rCGdmyg4LdK5aDTU5NfEy6lkiK3uNRDum84Wp4L++uZhFHy1bWqwx
wWzeWoDY+ZhXO2N09ncCZRnFbV5yoVKcFL3RRipRZcbVrzTLrF6P3Q61LeXlzJELu2b/AEd+ntWd
eSza9c+VtGCea2J7IadoyW4OcMTj61aqOcKlnothSik0UdPubm5lMsz/ALpO1SNcf23erFGxEQPO
O9Q6QNyPHngt0qCwb7BqOEPylunpWMcQ3Cmm/i3G4LmZqX3h+B4j5D4de+KTyp4NDaCbnaSOfpW1
tJAZeV6msrVLyKW3e2T74PLZ9q9GdKMLzZjDVWMQ29umnRyxt85UbhVrSNSa3YROMo3rVjQ9NspL
YNK2845Gazr2KSPUGgt4ztP3TjNedUjOLjVpbG0Wn7sjrVOcPGflqpdaVa3cm985qjpNlfQPvuJS
Y/StgnLEjp2r1NakbyjuYW5TOj0KzQ561oKAqhF+6vajNKu49FzTjTjTXKguw9x+VORC/OcCoru8
tNNhM106rxnk1554g+IVxOWttNKonTeBXRSoTmZSqKJ2er+JtP0OJskSS44Ga8y1rxfqWtuYlcww
egHWsSQy3DiS5maR/wDaOad+FerRwkIbnLKo2NCDdubO71B608j1/SkpRXSZXuKBxzS4oFFABRR3
opgFFOopgIBUtuP9IT60ypLf/j4T61nV/hy9GOHxI9X8I/6kV6jYf6pfpXl3hH/UivUrD/Ur9K+d
lueif//Q9+7VjeI/+QLef9cm/lWz2rG8R/8AIFvP+uTfypS2NKXxr5Hy65/ezf8AXRv5mgUN/rZv
+ujfzNArzXufocfhQvenGm05fekUFL0peKSgAzTqSkoAXFGKSigBaKKKACkxS0UAGKMUUUAJRR3o
pWADTadSd6dgGkVGalNMIqWQyMjNROuKnIphGSaFoZSjcqsDUbAVZdcdqhddvNaKXQ5akbehARjk
t+FOhDyPtjjd29FBP8q19K8MahrEisq+Xbnks3Uj2rv9M8P2WkxgRJufGCxraFNs8uvi4U9nc5HR
/Bepahh7hVgiI4YNk/lXoOieFNM0nDhEeXu+OSaljlK4CnA9hirkM3OMD6mto00jyq2YVJ6JmzHI
CowAB0FPPzdefrVCOTnrVuOTitUcbk27seVI6VLHKV6mmggimsnegk0Ip+OtW0kz3rERyp61ainO
eaANZW5qQHmqUcuT1qwr80AWVNPGPWoQaeGpgSZoxTc06gAzikLUEZppFACk0xhmnGk7UAVXXmoX
Q1cZc1EyUAUmSoylXGT2qIpQBVMdNZasshqIqaAK5FNIqcrz0pjLQBD2ppFSlaaRQBERRinkUY4o
AjxSYpxFJQA0qDig/SnUmKadgG85z0oDEE+hp1NI5pLR3BaEAs7ZZvOCfP7VT1LTLi7k8yKTC91r
TwR3pQAoyCRUSpxaaS3HfW5zNvbXum3QlWIsPao9Sv7u6lCQQuspPWuq3vjAP503y4927b8/risF
h5U1y03ZFuV9zFmme10ZYbt8zsKo6WIpC0MuAxHFdFPZQXMgeQZYdM1D/ZNqJRJjDDnilUw8nWUt
0hxnY52Nm03UskYwe3TFdBfXtrPp/mBwWxyKfPpsNz8zYB6c1AmiWy8ZOPSpo0J0uamvhl07A5pm
Lpt7FbXW91OxzxUl9pFzFP8AaIMuj8jHat0aVZgYZQQOlWU+RNgJIFKGB9zkm7voEq3vaHOwnVDA
yKH+YY5p76FPJaqEP70nLE10G4r92guQSRnNbww7j8buyHPsZljoy2BVi2WA5GeK0QVVtwQbvUCk
4xyTk0cqcAZrWMI0o8q2E73uxSxPA5+lNGS2NtPRGc4zsHrWVqvijTNGVlZ/MnA6A5rSMJN2iiW0
tzVZUhj3zSBB71yfiDx7Zaapgs/3kp4yK4vWvF9/rUjLHmKPPAPFYSxhecAk9Sa9GhgUtZHPKt2L
WoalfavMZbmVyn8Kk8AVXAC4CgD6UcjAzS9K9BJJWjoYSbkFFFFMkXFLigUYpgKKKKKAFxzQRzS9
6D1oAMUuKKKYgqS3/wCPhPrUdSW//Hwn1qKv8OXoy4fEj1bwh/qRXqVh/ql+leW+EP8AUivUrD/V
r9K+de56B//R9+rG8R/8gS8/65N/KtmsbxH/AMgS8/65N/KlLY0pfGvkfLz/AOul/wB9v5mkoc/v
pv8Aro38zQK817s/RI/Cgp2aTFAFAxw6UopBS0ALRRS4oASilxSYoASiiigB1IRS0lAAKKXFFACY
pO9Lmg0AGKQigdaU0WAbim040lSS0NIpjDJA6j09KkbjqcD1PetbQfDOoeIbkJBbskB6zE8YojFv
QyrVI043bMSKCS5mEFvFvkPQLya7vw98PEUJeauTv6rH2rutC8I6b4egAihSS47ysMmtOZdxyefr
2rsp0bLU+YxmZuTcIbGGbWKCMJCixoBgADtVGWP0HHrW/LCCOgqhPDx04zW9rbHit3Mdsqakjk6c
1JNHjtVYgqaBI0o5enNXopMnrWHHLz1q9DNz1pj3NeOTmrCtmsyKWraScA0CLDIDTQdp605XDDmn
EKaAHxTYPWrkc4JrPxjpSpIVNAGzHJnvUwasmOcA9auJMCOtAF4MKeGqqrg96lVvemBMTSE03dRm
gANJS5ppIFAC9qYRTt1JzQBGy1GUqxj1ppFAFVkqIpVtlqMrQBVKVEy81bK1GyUAVWWo9tWXXmoy
tAEJWmleKmK0wjmgCPHFNK1KRxTSKAIjSVJikxQAzFJTyKQimgG0EcU6kNJAMpeaWlp9bgRnNLin
YpKmN0vMBppOafSVWtg0GmkxinHpQMY5/lStfXqF7sbzR0p4DN91SfemXMtvZJ5l1MkajsTzRyt+
oPTVjkVnYAJn1PpVW+1Cy0mFpLuQbh0Ga5DX/iAkQkt9PwT03DmuAuby91BzJdTyNntniu2jg5S+
IwnWWyOs8QeP7q8LQWICx/3wa41/MuZDNcSNI575oCheFAApwJHTivTp0o0/hOeU5MAFUfL+tFB5
pK0IsLijFApafoAUUuKSgBwpaQUooAMUYpaKAFAoxS0tAhMUYpaKYCYqSAfv0+tMqSD/AF6fWoq/
w5ejLh8SPVPCH+pFepWH+rX6V5b4Q/1Ir1Kw/wBWv0r517noH//S9+7VjeI/+QJef9cm/lWz2rG8
R/8AIEvP+uTfypS2NKXxr5Hy5J/rpv8Aro38zQKJP9dN/wBdG/maBXmvdn6JD4UPFApBThQUKKdT
QacKACiiigAooooAKQ9aKKBCilptKDQAUUUUAJS0dqKBiUUtIWITcxo8habsTHOKWNJJX2QRmSQ8
bVFaOjaHe67ciK1iYrnBYj7teu+HPAtjoUSST7Z7kjqR0rSFFyPMxeZwoJ23OP8AC3w4nuTHfaox
jjHIgbGa9Pt7aCzhWG2QRxKMYUdastkEYwqDoBTD0yK64U0kfK4rF1MRLmuQuvOeMdgKgdRVoion
XPartY47t7lJ0yKqSRcVpsnFVnjyaAMeaHnpVCeIjtW7LFzVGaDOaQGKV2mpEk2nrU00OCaqMpU0
DNGKer8UvHNYSSEGr0M/qaANlJBip1bPes2OUYqyknHWmIuikK1HG/FTAjFAEYO01Ok+OtMKgioi
pBoA0o5watLKPSsVJCtW458nmgDVEgPSjdVJZR61OGyOtAE26jdUW/NG7FAEoYU4NVffUgbimBPm
kxTN3SnA5FACEUxl9qkoxkUAVmWmMlWSlMZaAKjJUZWrZWmMtAFQrTStWWSomWgCArTCBU+3nmms
o9KAIcU0ipttNK80AREUhFSlcU0jigCLFBWnkcUmKAGYpKeVpMUAJSYp2KTGOtMLXG0nFKQTjAzT
3RY4/MndUX0JojFyYXsR4LDAFD7LaMtPKsSgc7jXNa149sdLZorZPPYDHHY151qfirVNZdsyNHGT
93NdVLCVKj00RlOsuh3mveP7CwUw2BaST+8BkV55qms6hrcpNzJhPQMaoCMdSxZ++acOK9OnhoU/
U5pVGxqRInTAp2eucmkNFb3tsZinFFJSikMKWkpaACiiigQtKKMUUwFxxQKXtQKAFFLSUoFAg70t
GKKACil7UAUwAVJD/rk+tMxT4R++T61FX+HL0ZcPiR6n4Q/1Ir1Kw/1a/SvLfCH+pFepWH+rX6V8
69z0D//T9+7VjeI/+QJe/wDXJv5Vs1jeI/8AkCXv/XJv5UpbGlL418j5cf8A10v/AF0b+Zoof/XS
/wC+38zSV5r3Z+hx+FDqcKbThQWgFPptKDTAWiiigBaKSlpAFJS0GgQlGaMUuKAAUGgDmjvQAUew
GSelISAMmrmm6XfazceRYwO5B5YcAU4pyZE6kYK8mU94BCgFn6bRXa+Gvh7c6tLHcagGjgHIXpmu
v8L/AA+s9JiS4vlEtyecMM812u4lQoCoq8BQK6YUluz53G5vd8lMqafpllpNusNlEEUDGe5/GrPP
t+VKBQc10bbHzs5ynLmk7iEZ60hApaCKZJGRTCKkxTSKHqBCVzUDJg1b7VG4zSsBQkTNVJY+vFaj
KKrSR+1FgMWaHPOKozRZHSt6SL2qjLD7UAYrLtNOWQrVqWHHaqjpg0AXYZiR1q7FJkdaxkYjpVuK
bA60hmzG/oasK4zisqKU9jVuOQE9aYjQDZ607r1qqshzxUyvxQA50HamglakBz1pCuaYAs2OpqzH
Px1qmyU0ErSA1FmzTt+aoRyYqcSZoAs7qcHqsH96cH560wLgbipFbiqYepkbjrQBYBzTxUKtmpFN
ACmkKjFP60uBQBAVphWpytJtoAqslRslW2WoyntQBUKUxkq2UqNloAq7KQpVgpTCtAFcpTStTlKa
y4oAhK8UwrU5GBTCMYz3o0BIixSbTmpxGx7cVBdXFnYqXuZlUehNNJydkDaQhHOBzSyIkKGSZlCD
nk4rj9Y+JFjZhoLEpJIPSvP9U8R6rqzsJJZI42OcK2OK66eCnPfQxlXSPRdY8fWGmqyWxEkvTGM4
rzzVfFer6y7Ay+XF2wMVkiID7x3H+8etKRxjOR7V6VPDU4LVHPOq2RrH825iS3c561JgZBHUUgo6
VuZgeuaSlNJQAUYoooASlFLRQAlLSUtABS0gpRQAtFFGKAHUCgUoFACiloooEHenYpOM0tABSgUm
KUU0AGnw/wCuX60w0+H/AFy/Woq/w5ejKh8SPUvCH+pFepWH+rX6V5b4Q/1Ir1Kw/wBWv0r517no
n//U9+rG8R/8gS8/65N/KtmsbxF/yBbz/rk38qUtjSl8a+R8uyf66b/ro38zTRSuf3s3/XRv5mkF
ea92focfhQ4U4UwU4UFodRSUopgOBzRSDilFABQOtLRQAtIaM0UIAoBoo/CkJ9xetNLL0UEn2pHY
RjLEAGreieI9M0q5M13paXbIcruYgV1UcJUq/CjgxeYUsPF3d35HSeGvAOo61Kk9xm3teuD/ABCv
XNJ0Sx0O3EdnCuccsRzXmUfxvjijEUWjRKg6ASn/AApx+OA/6BEX/f5v8K74YCpHofI4rM51paPQ
9bHPQ59aMe1eSf8AC8B/0CIv+/p/wpf+F4D/AKBMX/f4/wCFafVKq6HD7RLY9a2mkIOK8l/4XeP+
gTF/3+P+FH/C7x/0CYv+/wAf8KPqlTsLnT3PWefSl5x0ryX/AIXgv/QIi/7/ADf4Uf8AC8Bn/kER
f9/m/wAKX1Sr2DnR6wR7U0j2ryg/G8f9AiL/AL/N/hSN8bxjjSYv+/x/wp/VKnYOdHq5HtUbD2ry
r/hd4x/yCYv+/wAf8KafjcP+gRF/3+b/AAo+qVA50epsh9KhkjPpXl5+N4/6BEX/AH+b/Co2+NwP
/MIi/wC/zf4U/qdQOdHpckZz0qrJESeledH41qx/5BEX/f5v8Kif4zKf+YTF/wB/m/wpPCVB8yO8
nhGelUpIOuBXEv8AGEN/zCov+/x/wqvJ8XAR/wAguMfSUn+lQ8LUQ7nalCvakBIHSuDb4qBv+Yan
/fw/4VC3xS/6hyf9/D/hUOhJDuelRSnir0cteTj4pkdNOT/v4f8ACpU+LO3/AJhyf9/D/hSVKQrn
r0chqdHryNPjBj/mGRf9/T/hUq/GTHTS4j/22P8AhWn1eYXPXQ5xUiuTXka/GcY50qL/AL/H/Cnr
8acf8wqL/v8AH/CmsNMOY9bxntTGQ56V5YPjWP8AoExf9/j/AIVPH8ZA/wDzCov+/wAf8Kf1SoLm
R6XyO1OVjXnkPxWjlODpqD/tof8ACtK38fxTn/jwQfRzUOhNBzI7UMacG5rAtvEsVwB+4C5/2jWn
FepKOEwazcWh3NEPxUqvxVRZARUqt6VIy4j1KjZNUkepkc560AXFPvTwarq9SqTQBLijbQtO5oHY
jZaYUqfGaTbQIrMlRslWiuaYyUAVClMZKtMuKTyGY4VSaPUCmVxTSp9evarNwbW0jaS5nCADpxXK
at4/0nTUKwhJ3HAO7mtI05y2RMpxR0H2cg5chR6k1m32uaRpgc3E4Yr0ANeZav8AEHVdQZlgxDGe
nGa5WZ57x2luZWcn3rupZc2rzMJYhbI73WvieGVoLCE9cBsVw9/qmo6m+Z5W29cA1XVFUcCgjnvX
oU8PThsc7qSZEI1z0+b1NLzTqTmtW2Lfcac0c0vNLU2vuGg3FIRS0U7AJikxTqSiwCYoxTqQ0AJR
S0lABRRS0AJSiigUAOFBoooAcKUUlOA4oQBRR3pQKYhMc06lxRQIXtSUtFACU+H/AFq/WmGnw/65
frWdX+HL0ZcPiR6l4Q/1Ir1Kw/1a/SvLfCH+pFepWH+rX6V869z0T//V9+rG8Rf8gW8/65N/Ktnt
WN4j/wCQLef9cm/lSl8JpS+NfI+W3P72b/ro38zSCh/9bN/10b+ZoFeb1P0OPwodSim07NBaHUdK
QGimAtLQKD1oAXNGaSigBaUHtSUEhVyxAWqUZTlZCnOMY80h456VBPdJEMA/NVS4vgwKRcD1qlnc
csSa9jCZZze9M+bzHO4wjy0dyWadp2+fIHpUeR2pBilr34Uo01aKPkqtadV80mL0o60dqK1t5mVk
KKM0lLRZAIaKKKWnYLsXNJnntR2o7UadguxCc0lHelo0C7GHOaOtOIpvSh2HdjTTCtSkd6bip0Gm
Q7aaRipivNNZaLItSISBTCPapttNK1lKKZVyA/jTCPc1MVphWsJ00UmRH2JoBx1zTsUhFc7jZ6DF
B96XOO9NFKacZagPBp2aiBp4atlMRKrY7VahbpVJWqzFKBxWqkJmzbt05NdJp23K8Z+tctaSLxzX
TafyVzzWVSzQI7DTeoxtArprQ4A5zXL6dkAfLXS2p+UcV5tValo14+QKmUkVXjPA4qcE1zPcomVq
lVqrAmpA1IC0G5FTI9U1bkVMrHNAF1X5qXdVVA7dF/GpwpUZaRF+pofkGhKPw/OnDmqkup6faKWn
u4QR7isS/wDiDolip2zF3H91citI0qstlcl1ILc6YR7+OlNJhgUtNKgA9WFeV6l8U7ifcthEwHYl
MVyN9r+q6kzGadkU9ga7KWAqT30MZYlL4T2PVPGGj6UCWlR2Hoa4XWvihcSFlsBtB6EVwPkK53SM
XPqxpdgAwAtd1PL6cPi1OaWIlIlvdZ1bVGJuL2Xaeq5rPFsgOWyx9TzmrZB7UwiutRjBe6jJtkJX
jtTCD+FTFaaVo9RkOKaRzUu2mFeaQyMikxUhWmkUDGEUU4ikxSsA2ilxRigBKSnYptAwpKWjFIBt
BpcUEUANpaMUYoAKKMU4CgApRQetLQIXilHSm04dKYC0ooFOxQAlKKSlFAgooooAKfF/rV+tRk0+
E/vl+tZ1f4cvRlw+JHqXhD/UivUrD/Vr9K8t8If6kV6lYf6tfpXzr3PRP//W9+rG8R/8gW9/64t/
KtmsbxGP+JJe/wDXFv5UpfCaUvjXyPlmQ/vpv+ujfzNLTZP9dN/10b+ZozXm9T9Dj8KHZpRTRThR
codRmm5pQaB3HijNJSZpjWrHZOM4zRnPTg03OBycCqVxfclI/wA66aGGnVeiOPF46lh1uXJbiOJe
W+b0rNmuXmPPC+lQMxfluTSZr6LCZfGmvePjcfnFSvonZDs0dKbRXopJbHive46jvSClzzTEPBpM
03mgZqQHg80d6aODS5qkA7ik4pKM07gOo7U2l7UgEpRSUooACKbinEUmDQAh6U008imkGgoaRxUZ
zipe3NNI4oGmRMOOKaamxxUbLUlJkZFRkVNimFTWcolpkOKaRUpU00isJQGR4pKcaSsJRsAlLSUu
aExjlNSCohT1NaxkJlmN5EPBzWtZ6xc2xHygj61ioRmrKYPua0VnuQ2+h3WleNI4yBNHXY6d410t
gBJkV48mCOmKnVAR1YfjUSwsZk+0aPeYfFWjuBiYD6mri+INLIz9oX868AAZcbXb86XM5/5buKy/
s5PqH1hnvx8Q6WvJuFx9aafFuix9Zgfoa8E/fYwZnP40mxu8j/nS/s6PVh9YZ7jN4+0WL7pyR71m
3PxSsof9TCxNeQiIZBJY/jTwqg9/zrSOBorch1pHot18Wrthtt7fA9Saxbrxzrt5kqyop6/NXLj1
wPxqVGHXHNbxw1NbJGbnJ9S7LfX92xae4c59DTUQdS7H2aoFf/IqVHzzj8zXSkorQyd2WAFAwBS1
Grc0/INFwFpTzSZpaFpsIaRTDmpTTSKVgIsUwipiKaRQ9dwuQkVGRU5FMK1NiiI5ppFSkU1hTAjI
4pMU/FJQAzFJTyKbikUJzSYFOptIAxSGlpCDQAhpKcRSYoASloxRQAYoFFAFIBaUUlL0oAXFOHSk
A4pR0pgKKXNIKWgBaKKKQgooopgIafD/AK5frTKfCf3y/Ws6v8OXoy4fEj1Lwh/qRXqVh/q1+leW
+EP9SK9SsP8AVr9K+de56J//1/fu1Y/iP/kCXv8A1yb+VbBrG8Rf8gS9/wCuLfypS2NKXxr5HyxI
f303/XRv5mkFJIf30v8A10b+ZpRXlt6n6HD4ULSg000Zo1KH0oNNLcc9aNwAyeBVbuy1FJqKux4q
OaeOFfmbJqrc6gsYwgyazHkaU5Yk16uFy9z96R4OPziFNclPctTXbTnC5UVB+PIpme1LkZ4r6GnR
jTVonx9bE1K0ryZIGo60zIozWtzneu5IMZpc81HmnA0aAOzRmkzzS5FMBc0uaaTRnigB2aAabmin
cB+aKaKUnii4hwNKaYDTs0AL2oFJRmgBxNIOtJRQMU000tFADT0pAOKdSGi4XG4phFS4ppFIpMiK
4phFTEU0qPSgtMgIppFSkUwipkirkRWmkVKRTSKwlEpMiIpKeRSEVi4jG5p6mmYpwqNgJUPNWozz
VVetWI+tawZDLkZq0h+WqkfWrSVvFmMmyccinUxelOzVmYuaUU0UtNAOHWl700HmlzTuId2pwNR5
pwPFF2IlVqlRqrA1IrU0xWLQbmpFaqwbmpVYUxE4OacDUQanhqZI+kxQDS0IBpHFNIqQ00imBGVp
pFS4pjCpHcixzTWFSkVGRQFxhXimlTUnNNNICIg0gFPOabzSKuIRSYpTRQCYhpKU0lIYhpKU02gB
aKSigBaKBS0gAUppKWgBw6ClxSClHSmAtFApaBBRRRSAKKKSmAGnQ/65frTadD/rl+tZ1f4cvRlw
+JHqfhD/AFIr1Kw/1a/SvLfCH+pFepWH+rX6V869z0T/0PfjWN4j/wCQLe/9cG/lWyaxvEf/ACBL
3/rg38qUvhNKXxr5HyrJ/rpP+ujfzNANJJ/rpP8Aro38zSZrzGlqfoMHaKQ7OTS854pozg84FVLn
UEg4Q5aro0qlTYwr4mnQ+IuSTJCpZzz6Vk3GoPLkLwtVZJnuG3O3HpTMjsK+hwmAjTjdnymPzipU
fLT2JVb15NG41GDTga9RWseG02277j880vemZpc03qRaw/NLzTA1Lmi4WHc0uaZmlzRcQ8HinA8V
HnilDcVSYEgNL2qMNS7qdxDxxS5poNBNAh1FIDxRmmAop2aYDS5pgOBpc0wGlzQA/NFNzQDQA6jN
JmigYUGg0maAFPSm0uaKAGkU0089KaRSKTIzTCKlNNOKCrkJFMNTFajZazaKTGYzTCKfgg0Hms5R
KuR4pwFGMU7FZSiFxVHNWY6rL1qylESWWo6tIarJ0qwlbxMpEwNLmminVZmKKdTQaWgBc0UlLTEL
SikopiHDNOBwaaKM80DJQ3NSK1QA1IrU7ktFgNUgaq4apFamKxYVqfkVArU8NTQmiWkNIDmlpiCm
NUmKbikBHimkVIcCkI4pAQkUw1MVphWgZEabipdtNxg0hkR60lSNjdTSKQ0MNJinGkoASkxS0Uhi
YopaSgAooooAKXFJ3p1IBcUo6UCgdKYCilpB0paBBiilpDQAUmKWigBKdCP3y/Wm0+H/AFq/Ws6v
8OXoy4fEj1Lwh/qRXqVh/q1+leW+EP8AUivUrD/Vr9K+de56J//R9+rF8RnGiXn/AFxb+VbQrF8S
DOiXn/XFv5UpbWLo/wASLZ8pyE/aJeOPMb+ZpjSLECznHtUN5epDNIvU+Y3T6msea5edvmPFZ4fB
SnJtn1GKzSnRgowepbutReTKxcD2qiM5yTkmmjAPHSl6Gvdo0VTVrHy2IxlSvL3x9LmmZozXRc5B
+aUGmZozRcLEu6l3cVECaXdVphYkBpc1GGpQc0XFYfmlBpmaUGi4NDwadmo6UGncVh+aUGo80uaZ
NiTNOBqLNKKdwsS5pc1FupwqkxWHUuabmgGncVh9GabmlouFh2aAabRRcLD80oNMzQTmncB5o4pv
ajNFwFzRmkpKVwHZpDSUUDEppFOPFN60DTGsDSY4px5pDUspMiYUwg1LSEZ6VLKTIcUvNO20YqGi
rioKsRjmoVGKnj61NhSehZj61ZSq8dWUqkjGQ8UtIKWrIFpRSUZpgLS03NOzQAU4U0UtMQ7NKOtM
pQcUAP70ucGmA80tMCVWNSBjUAbFPVqZLLKtxTwxqAPTw1NEtFhWqQGq6tUitTFYkopA1LQAhA9K
aaeaaRmgBpHFRkVLjFNIzSAhIppFTFaYRSsMiK03GKlIpjrnpQwGEU3FPxSEUhjDSU4ikxQUJSUt
JikwCiiikAtKOtJQKAH0DpSZpR0pgKOlLSCloELRRRQAUhpcUhoASnw/61frTKfD/rl+tZ1v4cvR
lw+JHqfhH/UivUbD/Vr9K8u8I/6kV6jYf6tfpXzjPRP/0vfe9Yvijjw/f/8AXB/5Vt1h+Kf+Re1D
/rg38qqKvIGfGU5Y3c5Jz+9b+ZqOnz/8fM//AF1b+ZqOvYgkoqxlJ8zuxwFBpB9aKu4t9xc0ZoFB
oEKDS02jNO/cB2aXNMzTu1PmQC5pQeKZSg07oQ/NAam5pad0A8GlzUWaUGnzIRLmjNMBpc1XMhWH
7qcDxUdLmi6FYfmlDUwGlzxQpILEmaUHiowaXNVdCJM0oaowaXNF0BJmjNMBpc07oQ7NANNzSg0X
QrDs0ZppNGad13Cw/NITTc0uaLruFhc0ZpKQ0XQCk0goNFF0MDTCKcKSk7AMFLjig0Gp0KuNxS4o
oFJ2GKo5qdBUaipUFLQTLMY4qZKiTpUyindGcmPFOpopad0SLSGloougEHWnZFJSd6d0A/NANJSi
i6AWijNAp3QgHWnZpKKd0A7PFOBqOnUXQEqtUitUANPDU00KxYVqkVqrhqeGp3QiwGqTdxVcNUgN
F0SSZopoNOFF0IQ0mKd3pDRdAMIphFSEUhWndDIiKaRUhFMIqW0CIzTTUjCmEUroYw0lOIpuKLoY
00UpFBFK6GIaSiijTuAtFIKWldAOFKOlIKcOlF0ACnU0UtO6AWjNFFF0AZpDS0hougDtTof9cv1p
lPh/1y/WsqzXs5ejKh8SPU/CP+pFeo2H+rX6V5b4Q/1Ir1Kw/wBWv0r509E//9P36sXxQufD1+M9
YWxx7VtVWu0EsRRhkHqMcYpxdmM+IbiCYXU+YZf9a3/LM+p9qh2P3Rx9UNfWGr+F9PkZitlCA3OQ
grjbzwbAzNtt0H/Aa7I4qysZuJ4CFb+63/fJpdrf3X/75Ne3f8IRF/zzX8qP+EJi/wCeY/Kn9bQc
h4jtb+63/fJow39x/wDvk17d/wAITF/zzH5Uf8ITF/zzH5VX1xByHiOG/uP/AN8mjDf3H/75Ne3f
8ITF/wA8x+VH/CExf88x+VH11LoLkPEsN/cf/vk0uDj7j/8AfJr2v/hCIv8AnmPyo/4QiP8A55j8
qPrvkHIeJ4b+4/8A3yaMN/df/vk17b/whEX/ADzH5Un/AAhEX/PMflR9e8g5DxTDf3X/AO+TS4P9
1/8Avk17V/whEf8AzzH5Uv8AwhEf/PMflT+veQch4pg/3X/75NGGz91v++TXtf8AwhEf/PMflR/w
hEf/ADzH5UfXvIOQ8Vw391v++TSjP91/++TXtP8AwhMf/PMflSf8ITH/AM8x+VP6/wCQezPGBnP3
W/75NLg/3W/75Nezf8ITH/zzH5Uv/CEp/wA8x+VNY9dg9meMjP8Adb/vk07n+63/AHya9l/4QmP/
AJ5j8qP+EKj7Rj8qP7QXYPZnjXP91v8Avk0YPo3/AHya9k/4QpP+eY/Kj/hCY/7g/Kn/AGiuwvZn
joz6N/3yaXn0b/vk17D/AMITH/cH5Uv/AAhUf/PMflR/aK7CdI8ewfRv++TS8+jfka9f/wCEKj/5
5/pR/wAIVH/zz/Sn/aK7B7FnkHPo35GlwfRvyNevf8IVH/zz/Sj/AIQuP/nn+lH9orsL2J5Dz6N+
Rowf7rfka9e/4QuP+5+lH/CFR/3P0o/tFdg9ieRc/wB1vyNLyf4W/KvXP+EKj/ufpR/whUf9wflR
/aK7B7E8iw390/lQQf7p/KvXf+EKj/55ij/hCo/+eS0f2iuwexPIiGP8J/Kja390/lXrv/CFR/8A
PJaP+EKj/wCeYo/tFdg9ieQ7W9D+VG1vQ/lXr3/CFR/88lo/4QqP/nmB9BR/aK7B7E8h2n+635Gk
2n0P5V6//wAIVH/c/Sl/4QmP/nktH9orsP2LPH9jf3T+VAR/7p/KvX/+EJj/AOeS0f8ACFJ/zyWl
/aC7B7JnkiI390/lU6I3ZT+Veq/8IVH/AM81pf8AhC0H/LMUf2guweyZ5kiNj7pqZUb+6a9I/wCE
NH9wUf8ACHf7Io/tBdifYnnIRvQ0uxvQ16L/AMIf7Cj/AIQ72FH9orsHsDzra3oaNp9DXov/AAh3
tR/wh3tR/aK7B7A862n0NG0+hr0X/hDvaj/hDh6Uv7RXYPYHnW1vQ0AH0Nei/wDCHD0o/wCEN9qr
+0V2D2B53tb0pdjeleh/8Ib7Uf8ACHe1H9orsJ0Dz0K2elLtb0Neg/8ACHewo/4Q8+gpf2j5B7A8
/Eb/AN007Y/9013/APwiB9KD4QPpT/tHyD2BwHlv/dNOCP8A3a7z/hEDR/wh/wBaP7RXYX1e5wwR
sdKcqt6V3H/CIUf8IiR60/7R8g+rM4pVbPSpgD6V1/8AwiDdeaD4RbHen/aa7C+rM5IA+lSAHHSu
pHhJ/el/4RJ/U0f2muwPDM5YKc9KUqT2rqP+ESf1NH/CJP8A3jR/aa7C+rM5bbSEY7V1X/CJP70f
8Ik/vR/aa7B9WZyRQmmbT6V2H/CJP70f8Ik3vR/aS7B9WZxxQntTCh9K7T/hEm96T/hEW96X9pLs
P6sziTG3pTCjeld1/wAIi3vSf8Ige+aP7SXYf1ZnC7G9KTY39013f/CIH3pP+EPPvSeZLsH1ZnCF
H/umk8t/7td7/wAIgfSj/hED6Uv7RXYPqzOBCP8A3adsb0rvP+EQPpR/wh59DT/tFdg+rs4TY3pS
7W9K7n/hDz70f8Iefej+0F2D6szhwrDtRg+ldx/wiHsaP+EQ/wBk0f2iuwfVmcRg+lGD6V3H/CIf
7Jo/4RD/AGTR/aK7B9WZw+D6UFT6V3H/AAiH+yaP+EQ/2TR/aC7C+rM4bafSprWJnuo1x1Ndn/wi
BrRsfCgR1bZyO9RPHqUXG25UcO00zS8K2xSJc969LsRiNfpXNaPpfkqoI6V1Vum1QK806T//1Pf6
RgCKWg9KAKktsGFVH0yNv4a026U00AZP9kR/3KP7Ij/uVrmkoAyf7Ij/ALlH9kR/3K1qKAMn+yI/
7lH9kR/3K1qKAMn+yI/7lH9kR/3K1qKAMn+yI/7lH9kR/wBytaigDJ/siP8AuUf2Sn92taigDJ/s
lP7tH9kx/wB2taigDJ/siP8AuUf2RH/crWooAyf7Ij/uUf2RH/crWooAyf7Ij/uUf2RH/drWooAy
f7JT+7R/ZEf9ytaigDJ/siP+5R/ZEf8AcrWooAyf7Jj/ALtH9kx/3a1qKAMn+yI/7lH9kR/3K1qK
AMn+yI/7lH9kR/3K1qKAMn+yI/7lH9kR/wBytaigDJ/siP8AufpR/ZEf9ytaigDJ/siP+5R/ZEf9
z9K1qKAMn+yI/wC5R/ZEf9ytaigDJ/siP+5R/ZEf9ytaigDJ/siP+5R/ZEf9ytaigDJ/siP+5R/Z
Ef8AcrWooAyf7Ij/ALlH9kR/3K1qKAMn+yI/7lH9kR/3K1qKAMn+yI/7lH9kR/3K1qKAMn+yI/7l
H9kR/wBytaigDJ/siP8AuUf2RH/crWooAyf7Ij/uUf2RH/crWooAyf7Ij/uUf2RH/crWooAyf7Ij
/u0f2RH/AHa1qKAMn+yI/wC5R/ZEf9ytaigDJ/siP+5+lH9kR/3P0rWooAyf7Ij/ALlH9kR/3K1q
KAMn+yI/7lH9kR/3a1qKAMn+yI/7tH9kR/3P0rWooAyf7Ij/ALlH9kR/3K1qKAMn+yI/7lH9kR/3
a1qKAMn+yI/7lH9kR/3K1qKAMn+yE/u0f2RH/drWooAyf7Ij/uUf2RH/AHK1qKAMn+yI/wC5R/ZE
f9ytaigDJ/siP+5R/ZEf9ytaigDJ/siP+5R/ZEf92taigDJ/siP+7R/ZEf8AcrWooAyf7Jj/ALtH
9kJ/drWooAyf7IT+7R/ZEf8AdrWooAyf7Jj/ALn6VLHpiKQQtaNKKAIIrYR1ZUYFJThQB//ZCmVu
ZHN0cmVhbQplbmRvYmoKMTcgMCBvYmoKICAgNDA1MjMKZW5kb2JqCjE5IDAgb2JqCjw8IC9MZW5n
dGggMjAgMCBSCiAgIC9GaWx0ZXIgL0ZsYXRlRGVjb2RlCiAgIC9MZW5ndGgxIDk1ODAKPj4Kc3Ry
ZWFtCnic7Xl7eBRVtu/etWr3o6qru7o7nU466fQrCXkQEjqEQEBSKiAK8swwiRIJDyMmYhIjGRoM
CTIaw0MEMQTECDHDI6LkICKXDATOcADP0eFwhDvH0ZnxjHHmfteYo3M5nhGTyllVnUR8zXfvX/e7
33drf1W79t71WM/fWquKUEKIQBoJEP+K1cuqP5TbthESf5kQ7r4VdY/7n/708HZCEpMJoR3l1Q+t
/vMzX1wgxIvrZMtDj0TKi86fTcLzo3hP4qoHl620iXcdJiSpCOcmrsIJ26vmXhxvxXHyqtWPrz3b
YS7FcReOtz5StWIZocefI8Q3FcfPrV62tpo/wK/D8Ts49lc/9mD1zsU7CnDcRwhrIBwpV1v4ctaB
1BqJR7HwV4jhCjWx1RxPsi9c6xtP5Gt91/pynPaAPSVgD5TzZKAWEgY+UVuM1r/+5TFDOj6jjBDD
XnadmIiLTFLiLcY6a61A6sxG6rIRPsUhmdNISAzGyjf6esPX+uyTcRtPsvvCN/rCOSeOuXvcHC1N
yQ077DKXSWlerj2UF/ATu0wC3P4t//P9f/10y+C5nh5OpTtpp/oTtSpCx9K76AyaebMjwn8cURvV
3eoLagOKVKOFdSEtbvJTZZy0S3Q97xTrbLvsxufNO6HO/iyrde6kdUS2OKzpJochxhHLkzSHEOKC
cUheWKPvWh+eaPRh3zfQJ/f2y3jIOTE/vioeCc2N0qfvgeFzrS/r6WHTNg9upU3NzWqEa2rWSdv/
GzVwdnDg7GDHb9T9SJ8b6fsD0mcjVUqCmVERdhprJaSIdxgEh8maZgmRNAMny9cu9A70XuuT+5GS
/vCN/jCKLYfO7rIUze6yFt0/u0suur/4DJGHzuFTZWzKJHv+pBLFrdiX2svs2/ntbLthu7HR1Ghu
FBpFsVSjMeAK2aOU57po7UX1oWZ2uUldeSnCv9dH16hb+r7OiqChEG7oc9TpHJ1OB9mqLHD4ZAfP
eLuP8SLuJjMn+Bjj5SQOOEeS3QHA2ayclAScRZvKcIBYJ0tmBrQOao0ENWuVLKJgYjxwktNAnPK1
d+xuzQqm9va5UeiOyTmzFxUbZfaZkX3mDhtl02f6QNZH+qw2VxIM5eVSbC5kBwKQ68KDvI4L/zuX
++zgjJ3rB6/UH+fplT9F2BI0jggdr16JcCFuyoht1CJPErlN8YhmI9SxWrNmDYY0k+CwoCGY0A6s
w2Yq92qS7/+yPyxfyFHMOUKOmGPJkfhRC9BkGdU7kHPcnCZN35Gvs/rULfiupqGP2Rz2OUmnRqUw
FOSSAz6LmOTjvH6faBEzRIs/wMfSVraBjIlt9WxwOdaPqc7wi5aA1+R2uDgHMTld45O9TmLLyZBv
XOi71oumIPfbHVHnkXtvXEDTvKj2oRSjkrN+hqdG/VgSPE7QkUqVZwxJBp8xmCakiWmWNCnNmuZL
86cF0oJpoQKhQCywFEgF1gJfgb8gUBAsCBULxWKxpVgqthb7iv3FgeJgcahSqBQrLZVSpbXSV+mv
DFQGK0OdQqfYaemUOq2dvk5/Z6Az2Bk6I5wRz1jOSGesZ3xn/GcCZ4JnQoU5mfMz92d2ZfKlpDTf
nptEc8MT8yakZtNxNG9CciDMu+2hcTQUNLhiYn00ibpi+EAwua3B+689L7Y/evSjD47TMVTYRBNa
G7wX3ty1e9U/ffTP3epl9epO9aNZdPnhg3WP3bcyM3/SpVO//8+xY9WTe7c/VF66bEL+hA/P//HT
MBnGpuOo8wSSTHYps0TBDBaTD3gw+ngeMkw8SQQ+sU7cHXLWuWrtEl9nMxj9PIN4E4kFvxjygtVi
YPHomP7k+Bg5LdEScgRTRrBC7pXPnbM73JNR6o7JdmyaSfeHw2g2ar9jstZGDRv3YeXYUDknRKPN
xpUi124nmjOMo5nUrtu1Dn+8K8aQEhVXJuULS9Zl/XaP6uqfsWzxbecGCdpcEeVpwtuDLZu27t69
dRP3vrTkp2pZhP5q672Dv4totnj13L43A63btrWg7Q/dQDksRDlYyWZlslWKuqmYJIjouSKaJv+N
U2eIYNE910hqYdRrzTZisI167Y2p6LX2UdZGHNY07LDIo8msGaAHRCqaBLNBdEpOqyyHpJDVLyvy
fFlEk6CuEMWmuZIZO8PC+sF3+wff3cb9cgd9nrag3iI3O9iSSGQgBL/TgImSxehXX6JfeUihEk+e
c28Aabt9g8W8HqoTrA6Lh8SkGKQEVM+1d/ToFfUTtS9HkXISqxLXcOvj13teTjTQUmrgh4PMqBly
dtmBIs9nX05Rf62q6tPq3fQtuu4p6j/QMObXR3577dqHL5zJpJ1//ogeoA/ScnpAuV3d8ctutUd9
A9u5g4fJMM5AGcpaJJOVmCjKIMgIiDIhxBguaJFv9IYHesOjMVCx2aQcSZHmS2VStdQoGW/FmFxX
FGHORfHFq8mB0+Rg2I9yEDGiZCsOssFi2OBYb6mOgxSXOcUmadFsWAAIHIhfVfEN8T3xV+IRv1L0
SBtl1x0VgX6E9T2nT/ec7e4+qzapRfQ1upZG6FF10RJ6B51N59A71G71LfWU2h2h+2gFtpfUlRh3
W9SVROf7PrQxFfl2kg1Kls1nNBoMPlm2ZchGajFBncBq7bTOSsxpRkeaLOJRQnHIDi4YMwy5vehO
vVEH+lJzIi3k3eI8aFVGIyWlSqLimu9aZah2NRkaXS+7jEZjrDHVmG/Ml1fJhtJR4dERlNb86r6e
HvoePHWWE3rUmwOrz2rS/PoPcDiCJsbnD9wRifIwE2NEOz+deElEGeuJMUpuCu3MfUBoS3BYgbaz
QzKx3+NMnGWw5TllaSZP8jwGmbs9KYoIN27hod+NEDAC2Tknic9HfBTQ8GZ3CUUYupOIgi9MIklD
5/TQfTLbt93X5YNR3U9DuIx1DWPChFQNJnEwc/du+pXSUf/GW62DT22c8ZPKlU9GIC/SsrTovXcH
r0ciXF7Twy+9qoaidlKE/sIjP5qdZClO0mwxNDvaNDuZ5ppinmYLa4ZyQzeUAc1QTsrxSnxZPGhW
MtEup0ax+VYr4Y5W339fTc2SJTXqn9XztJDGUw+dpp4vOkeRnZ7zqvr3NQhlBmqk6epv1K/Um+r1
UdmaZiEtOeQJpdDvcUq8IZOAbBzTnu6VD4yDtpRAXIzIjO3ph0KxZhLvFGZZ3HPjTXkW2eCaGy87
g7My/HJacl7q7eN1F5qKCVLvsNmgmDWpR8WOxqMJ3j0Zg6MikXB2WAmXhavD28Oa4/+wXL83GFUB
/8E9R2vferN1sKnhtkUPrGoY3N8wbeFS7J/RVDFt/6NPtkOkYtmVq5r46ZeXVu14evAvt55p6ild
vELTRzbqY6YhhsSQALlLSQ64mD0uqcMU12Gl7dBI2q3VpjZHwjRxqpPLc9l5mUwKapalm5aGF71a
RqpZlW5UxwtDiLL5ekankarpJxRMHYP005jYaPTQOLrUSm9mtVZ/TJn69cfVrVmqgd5cWrG6pGR1
xdIIC60d3LpogXpd/RrbtQWLmiK0/PTBrk8+OXbwtKY3TJ74Oai3OPITJYXE2k1mJ2W2djs7ENsm
mdvth0RhgonLJfKdDpNsybPeHo/aQW8YzaF0P5AvaPHRoSnE58n2FHrmeZZ6GjyaQkaSgO8Jfk6N
Yf6cx58+PzhzdzvHT3j1CV8Jn6v+6ieL3nlTXaLL9UxVpXnYzvnTSKORJJIHlaABiCCTdpP8stQc
YzoIzZ62mGqvbCfTTJPNhkJ32KtJVYsSUcvHENErY7zW6QuWJTUkvZx0JYnvIT2GHmOPqcfcI1wh
VwxXjFdMV8xXBAuCDNVF66Us4NJFnZ9r4EMjfgJ5cx+4fx73wWDKE5trn405mDlE/qT2qe9j4iNR
E/Vwxf9y5OCvHD8z/fqtdY+/2YlR0IrTaerbIz67Cm3EgjYyR0mhxO4V+A6P0BGT1O5vlNpjqj1t
Nl+eF7N+a5401TjNHdaM5EbvwNSpvd83kpOFoYbQsZCGPMPmoNPLNGFbUe4ayShstyZ3qCp7+NGS
+1Y/XEaX71aNWXuq/6gOUvhj9Z4sNCH6h4dPHzz2ySddB49GmhYtwCqMoZ9nLFhEB9ZGcy12FfFf
JvHkHiVor7PEacHPisHPYnDFOWySK9tsy7BLIbMeBz2aE19AL46CpF2vCvu11Om/IxDNT6hOaEyA
UTQPY0bEh7TKBUbSIi0wLvyKpqrv/1Xt/+KL6idf3LupWgP2zy5d/nfVFuE+fm3Hc6+O4iDRcT0N
65nxSanEJ8daWSr1tVtTD5hiX3Y2xyW00XZTtRX81hAfm+vm8pJs6IAh2S2G0/UcXPPDKK1I6MXe
fvWiZjX6jN2h5385ylhfRkFMoaswttBdGFcYP9kzL6MhQ8h0ZcdmuxssDVKDtcHW4GvwNwQagqJm
RvYRPaTmTZg4ZVhFxlAeeoCfp3mj+uJXtaqGmUcffeXY14On1zVW1MbVLH2nhnqpWW17akXFvfMW
ruS2DfZFmormH3vljeOFG9f/dMUnweC1wd9ff+TBB1c+EsXgYvSTLJRDOrUrd2IeaLMsCPjNAmcS
F/gD/pG65DUW+5qHNZOjYzzNrqOONr02CZgsXs6d60JPN81zJXvnEVs4WptcGKlN7MPFyQBWK3/q
12H5B8sTRRLNoiCKWApJotWAIb2xIfPlzJ5MSDenC+niWMtYKd06MTQjVGIuEUrEEkuJVGIt8ZX4
SwIlwZJQhblCqBArLBVShbXCV+GvCFQEK0KbzZuFzeJmy2Zps3Wzf3Ngc3BzaI95j7BH3GPZI+2x
7vHvCewJ7gkdMR8RjohHLEekI9Yj/iOBI8Ejoaml9PsVysSoW3yvQkktq7G2bHyk9u6Hd/5i1+c3
H7i+scbc3PhIlbJox9X96pD6xYrf+2j6z+pnz1RmelLS9zz52hFfQL2x+tEZd0yc5krJ27flxKtJ
ep1NstXFbCbqw0JCpEbJHPF1qd0WRGdHl2+zHfK/4KlO9k0g6OhTA1bd76VJyaNhQQNZuVf/VKGF
vRG3H0kzkvU0I5kkD6cZillOKUxpSDmWwmMCfkuUSBnB3ZEoEoVjLn0kUqht3wkjHYPLW7lZDw/H
Ch0Tvoki6qzIcE41fuhjOMxqMAN5QPG6BdlE2nlOR+ZqA3coTjbaqZnJQCZhLjK1L/zOtQsaKiM8
D/TKF0Y/fIhFGkPaN484naM4EjeSOM2LX4rZLZQ6Q9o3DnvAFbAPQ3LUr/5p7166nI5R3x9boEzj
XjC/dO6DffB6hN6jnowMrtkyffF9+zc2v6XrA3MU7jeIvSJxkSlKHHSaHe0xh2RLu5XMNkiYiTht
efbbY6MZ/DU9JIcH+j7E+kL0ubPdZe7t7i43o6VO3XiwhsP309Gw9svqBfOqquYtqKabWgertOyB
FS2oqsLJR79eo8ez4TxJp8FMxisOQ7upkSftHM0jshHy2O1C9N3Db9beK2aLZeJ2sUtk2me0kXdx
hcOviES0ED/8/eN5xGcXmaekS7vEnd/+LnbrZ7EMhxAy6CAd+w1I3+gPDwN0v4pWp/bmnLC5fe4f
+Sam1y0st3mwla5vblaf+vTb38N2Res5LW5vQvv3kLDiJu5mkOzNFnObVs3latXcNEP41mpu4MLA
BVm9kHPcloiJDwbN4Yj7LT/VNM9vSv30H9Ve9TKdQB1Vf1xTLW94bFf9us2VG610zsk3aCoVtYCb
kaG+37Tp8n9+caVxrU5PoZb/o+y9ZG00/6eY+2MF0BhN/4W2b6f/evbP36nn/1rK8538f+CbIPx/
nP7bfyz9b+PId9J/LYOr/6H8nw59gLnb+/wYrPvrlQLBzJl+Llkl488NRit2c0xGJIFnHBjmUEoy
jMRiYhqXcIhYJbPJaOApMdtE7pvCf+Dbhb+G6d+t/NOYVvlLY/lMNpufze7n72eG0sA3ZT52lL6t
Nq3hlm/EbMiyhW5frzahP0YGy7j9WOwv1OK1OpmtQrvwkbHkcWXcWL+cGLLR9A4nafeaLM1GPtQR
3+Y9xB92VmeZc41Jef5Em0ympk4zxoaztKB0IxqsR6HxonpBw0Y9zUB9KIkmIU5IEwrH8cREzDyi
kmyOEfwmvzlZMOtxWUf6MXnRmHAbvTVVQh7oLalUHn9VPa/+ruK3tTW2LRs7mm5Nm+hXqnEkp4LX
B8o++o9AQH24/KVLkVsTqKaIunc4tTodzVcwLmj8x2JcWKRkhNxGp8ffIZD2GIaFgqdDbos5BC8I
1cn8BLfTILu4PDLVO00KJ+uJYDiaCf5AVDhRhdDPjaQdufa/zdXuwRUdP87M1wEsck79DTbQuLR6
ZwvaXzx5WAnFyky0OA+Y3BqcHjJVIydxs2J5GYmfKeXZZHGSR/sSoCWy0TwWrS08WuuQBDrsPVow
0AKBR3chD/EMu9CJ7QldCdy3Uirdk6Ls4Cl/Y7dqKNSdh968o7hyxUZ+zMDCaO3MZUYGn79Y2XaU
fqDHLY16INrfHAvhubnYJ2FmC+hJDWSILqLL6Fq6ge7kLnIf+lP9Of4C/9FAcGhI+89C9tOFtAzX
64fXnbg+eXT9xzcNDz6ke+k+2oZt/3C7iO0y1f4QGf/m3f87G0+0v1MULSxRH4v6keEuIZ8u7E3E
gFwSjD4/tMUSO2JjDHHqfCah8LUtASVjJTaMyQHiwDgfT4Louf9/+7GNIxxdrx31qulLKpMKMvxd
D1eW0OU4asLjdlJG11MMoGQuWUJuI0+Rv+D8Rv1+H92I7aj+vLM4czZ6hvNH8SmEFJEaspG06u+4
xC/hy/n1fDmmQVvoFpz5nbaGlUAWn47XbsR9Pa4t185pIbZ0Uk6wSiDtOPMlrkfIXiqwd/HJ/0BT
yCp8z1zcO9DtTUjLdWrlyqkFr63VDAwtBPnDTKOCrCERvO+63j7H8UoSYdcNMdyXyNcsXDPwZeQT
fHoNqaECzYVc7q9471ycada4op2Egwo02zJsY/Q2nSzH5xzEKyJkH7ecy+XHaFfptN9GPiAndbrL
yQ4cLySd+pHAAHkP8mg50q/JJp6dJ4uN99CAwUqzjQ0oK2Lwko1cOfHBdFJL0MBPGrSv3pRg5Oni
Uu5e2aUsKPZfLglkjf3O0C8b/V1kfpcU8Z8aGppfzCewki6W2AUppi4+JfRvP7b4b1ljZ88v9ndd
nTF9+Kkzyqbj3KJiPNVGOI3zM6ZnER2FuAdOPZYVM2Opbep/EJ9JV/Z778/9XyP9V/MHPrZeN6fj
tdoi1S/Ao3GT6iXElovr1dbrw/PfbCH+XVJu+JyUGeJJGbtB3Ia8oc/Zfjy/RJq4t1EuB3Etb+iG
4QGyGM7i+V9RcvPJfewqmckWkyLTz7BvJdl8PpnC3KQIz4swcyxj2aSI30iKtTU4TsaDQGZqO3ud
lPF/wOuukkL+4NAH2vX6fpVkD9M0Hfd/RuKrkek43PtQf8VoAx9Fd/Y/kKou5Ay1ZjyFgDUHwUrG
HdcELHNFvM+SjDsiprSLECuuW/Ee2+eE2BsJcawkxInXO3HNic+OwTkXjl14f2wrIW7c48q0/++6
tEKcmWSSwyhVTvvLqmEwn0k34Zg/xTUqvVdU+PVseFeFdwR42wqXw3CpGy52wz/chAst8PcqnFfh
XM9d7Fw99NwFZ3PgTD38UoRuFU6r8N9UOGWDkwK86YITqfCGAG8o/PG/87C/80DXMQ/rSoJjHnj9
ZYm9ng+vYfdaAI7mw6sidB6xs84wHLHDkUb+8Dg4tDeJHVLh4C8c7KAXfuGAjlcyWUc3vPK4l72S
Ce3YtXfDgf0edkCF/R54WYK2l7pZmwov7StlL3XDS438vhdT2L5S2KfwL+LTXkyBvXvsbG8S7D01
dE4Z4vfYodUCrQq/2wstIrzQArskeD4edu5YyXaqsANfsWMlPLddZM/FwHYRtiv8s9sk9mwMbJNg
6xaBbQ3DFgE2e6H5mXrWrMIzeMcz9fC0CE8lwc9x8PMwbHrSyTap8GSNjT3phMYGiTWq0CBBg8Jv
wCs2qFD/hI/Vq/CED9av62brVVgXKWXrumFdIx9Zm8IipRBR+LUp8LN8qMM76iphDXZrbsLjXqhV
4TF88mMq1NigppGvrhrHqlWoGgePqrBahUdkqJwNFQKsUuEhAR5S+PIAPFgPK1VQtq2ohOXdsKwe
ylR4IBZKRRsrVeF+O5QUe1lJFhR74adhWCxC0SIPK2qBRR5Y6IEF82PZghSYb5XZ/FiYh908N8y9
N5HNrYd775bYvYlwr8LPsSWyOeNhNi7PDsM9OH9PPdwtway7BDarHu4SYOYMic0Mw4zpFjZDghlR
lUy3wJ13xLE7W+COOLhdsbLb60GZaGaKFZRGvvC2dFbYDdOwm1YKt+ErbkuHqVPi2FQHTClwsClx
UDBZYAUOmCzApHwbm1QP+Xh3vg3yG/mJZpio8HkT4lheC0zINLMJcZBr9rLcFginSyyswngr5FhE
lpME2cnpLDsfxgUENi4JssbaWVYLjMV7xtphrMJnmiEj1cQyvJAuQbrCp42xs7QWGINzY+wwRuFT
TZCCj0jphmRngCWnQwi7kApBfGCwBQJ+EwsIEGjk/SbwK7wPV30ZoJxIsmexpALwBiCxHhJc4AlD
fBjicDlOBXdsOnNXQiyOYtPBxQTmSoKYOHCikJ0BcOC9jnqwI0v2LJBROrIKNlyzJYJVBmsjLyFz
0k2wiGBReNEGAl4qdIPZCyajk5m6wegEAz7WEANMAKbwPDgY7wa+kQdqY+AAUHgOzzgVx0CxkMci
8hRd+dQ2mvn/5kb+bxPwzeYl/wXrloP5CmVuZHN0cmVhbQplbmRvYmoKMjAgMCBvYmoKICAgNjU3
NQplbmRvYmoKMjEgMCBvYmoKPDwgL0xlbmd0aCAyMiAwIFIKICAgL0ZpbHRlciAvRmxhdGVEZWNv
ZGUKPj4Kc3RyZWFtCnicXZLLbsMgEEX3fAXLdBH5EXtoJCtSlW6y6EN1+wEOjFNLDbaIs/Dfl+FG
qdSFzWG4A3dgsv3h+eCHWWfvYbQtz7ofvAt8Ga/Bsj7yafCqKLUb7Hybpb89d5PKYnK7XGY+H3w/
qqbR2UdcvMxh0asnNx75QWmts7fgOAz+pFdf+xah9jpNP3xmP+tc7XbacR+3e+mm1+7MOkvJ64OL
68O8rGPan+JzmViXaV7Akh0dX6bOcuj8iVWT5zvd9P1OsXf/1jYVUo69/e6CaqoqSvM8DpFrcB25
RrxO8QLxQtiCrWg20Gwil3niOMR4iXgpTGCSXOgr0Vdb8Fa4B/fCDObIBKbE0JBoyIGdMM4iOcuA
jTChFpJaCLWQ1FLDZy0+CXWR1GXgzYg3A40RjUGukVyCZxLPhHsguYcKNVZSI2Efkn3oEfwo+0Bj
ksYgbiQODyZ5gOc4yMPdXkieUHrt3hv2GkJsi9SQqR+kEwbP956dxkmy0vcLERa+JAplbmRzdHJl
YW0KZW5kb2JqCjIyIDAgb2JqCiAgIDM3OAplbmRvYmoKMjMgMCBvYmoKPDwgL1R5cGUgL0ZvbnRE
ZXNjcmlwdG9yCiAgIC9Gb250TmFtZSAvV0RKQ1BaK0RlamFWdVNlcmlmLUJvbGQKICAgL0ZvbnRG
YW1pbHkgKERlamFWdSBTZXJpZikKICAgL0ZsYWdzIDMyCiAgIC9Gb250QkJveCBbIC04MzUgLTM4
OSAxODU0IDExNDUgXQogICAvSXRhbGljQW5nbGUgMAogICAvQXNjZW50IDkzOAogICAvRGVzY2Vu
dCAtMjM1CiAgIC9DYXBIZWlnaHQgMTE0NQogICAvU3RlbVYgODAKICAgL1N0ZW1IIDgwCiAgIC9G
b250RmlsZTIgMTkgMCBSCj4+CmVuZG9iago4IDAgb2JqCjw8IC9UeXBlIC9Gb250CiAgIC9TdWJ0
eXBlIC9UcnVlVHlwZQogICAvQmFzZUZvbnQgL1dESkNQWitEZWphVnVTZXJpZi1Cb2xkCiAgIC9G
aXJzdENoYXIgMzIKICAgL0xhc3RDaGFyIDExOAogICAvRm9udERlc2NyaXB0b3IgMjMgMCBSCiAg
IC9FbmNvZGluZyAvV2luQW5zaUVuY29kaW5nCiAgIC9XaWR0aHMgWyAzNDggMCAwIDAgMCAwIDAg
MCAwIDAgMCAwIDAgMCAwIDAgMCAwIDAgMCAwIDAgMCAwIDAgMCAwIDAgMCAwIDAgMCAwIDc3NSAw
IDc5NSA4NjcgNzYyIDcwOSAwIDAgNDY3IDAgMCA3MDMgMCA5MTQgODcxIDc1MSAwIDgzMSA3MjIg
NzQ0IDAgNzc1IDAgMCAwIDAgMCAwIDAgMCAwIDAgNjQ3IDY5OSA2MDggNjk5IDYzNiAwIDY5OSA3
MjcgMzc5IDAgMCAzNzkgMTA1OCA3MjcgNjY2IDY5OSA2OTkgNTI2IDU2MiA0NjEgNzI3IDU4MSBd
CiAgICAvVG9Vbmljb2RlIDIxIDAgUgo+PgplbmRvYmoKMjQgMCBvYmoKPDwgL0xlbmd0aCAyNSAw
IFIKICAgL0ZpbHRlciAvRmxhdGVEZWNvZGUKICAgL0xlbmd0aDEgMTE1MTIKPj4Kc3RyZWFtCnic
5Xp7XBTX3fc5c2Zmd/Y2M3tnEXaXBZbLIriIgKIZr/FKrDFWSYloAGFB0ahRFwkmqXcUb0FMiRBj
TWoSRWMsiUaJJSY2sbSJxtikTRrJxb6Epk9pHmtgfH8zC2qets/n+bz/vO/n8+7h7Mycuf0u3/P9
/X5nQRghpEPrEEGehxcvWPrJI81ZCHmnI0QVPPzoCk995ou9CPleQAjvKV26aPFX6/7agVBCHty1
dVHlmtIXdtxaC/svIeRpKStZUCw+de9xOP8OjI0ogwGzR38ZoUQ4RPFli1esfvfHwl44jofjFyqr
Hl6AqFfheYnvKc9YvGD1UnoTk4mQfzUce5Y+UrJ05Rr2OzhuRIh5CFGoVG6gS5mDIK0GuSQD/TZi
38ZappCiUXrHpe5hSLjUfak7wyJ6xQSv6C2lUd9yEt33hdygMd34j0fYZIRRKUKaC8xl5MQW6V5L
sUarMRdrtRqbwGpYq6DRsDNsFrOGxjpSpWUW2gUDwVUmxNqsFg1xaPl40RFvE0VjPBevp+NtPIqn
vFFCb1d316Wurm6hS+jKFR255txhKD2vxxHszesJwnHGtPvnagTmG41AD3Tmm3lxx3kXxoXSJk6j
NfPmKI3T7DYnmdPNyZZka475HnOuJdc6RTPZfJ95qmWqda5mrnm+ucBSYC3XlJmrzOWWcusqTa3Z
zbIgupZYtFa7xqq1WhI18dpES6J1hCZTm2XJsk7STNROsEyyPqCZrX3AMttarCnWFlsetq7QrNSu
sCy3rnM1u466zrriC1FhZlam6Mvycthr84mZNi8cYh+GvWVnLuBXKANlwI1vn+1vOyOjbTI6E2JQ
xfdXaX/F9ygUop/4/i+0+P1jIfAe+OrWNXorPQHQlYQek9KjvfooJBhwOGq3tt7i3e7bFlufWGcp
MoRNVBSDvGlxxoCLR34944qzpyQLvR3gyWCwS+gRzbmKNXu65J7vvhR6vusRc3NFsHCGFC+kVKWs
TmpPocNJ7bidaicddAfTwXbYOuwdjnZne1S7y1iIC3GWLw4caM8MjrCoSpmwLy4xa/iITG/W8EQ4
p/FljcGZQTtJ/2bzhk0rlm9rOygfHN1Scey3PVcxtXv9kieE+UWvzvnDVzj/T4+Gq57Yjk/3vx9a
PnXS6Zafn5yyZn3xwivJyR+jiN5yLn0N9HajACqVMgOIxxZhiIcko3BM8h6Ldr/GUE/79kSB7vQz
MU1pXJomNuAZwvtRVqJLk21PSVPQ1BvRHRDd3d3V1y30/BFUB1so0FJ159BQYWjt0NahNOgnWllQ
yJ+VGQtajBiNFf2orOFmUMmR5bVhVcmIAbLozL7r5e1zi8wbag7sHfF8dcc/brxV/fwIXCY37q7b
vnPn9rrd5HTfg1/8IzHx07KiX3bUF8/H2Tdv4hHziw9VyHVnf/3ZHz75/EL7bR9fY63IirzoPinR
Tgs2gqL2GN17NGLYsgyFNUXGOsocsAnEjwMoa4hLlxIn9Hb3dvXl5XWBU7u7uhXlVMVUpXyCr9bX
6gOlEgYdNaiIgkuSdZcqdGar3HhHgyO4tG1Qg1Do0B2xqeTQ9++WDwiuyj0VvoqYa0iPbGiK5CCc
OWxtEgCKiLDGgMFv4QNihh38EOzrUmglvTvY133pvYzj9Q6YsHhaq2323DeQ/VY78IkdmpQjZufM
swCggnab6gtLZO6AyG+PTx86flx6+vj/daT/z62tuIxZNnTChKHp48Z9nxQKkVkVA3acA5ixomiU
L8VSWlsYafcx9QZnPfqZuc5QNETL2VwoGrv4lCFgvyDQ3HuADUBGtyADThREmD0xUkxtDOlEnbiT
6rR1RjMK9r0RY2VnKrZEWcNRZhBphmIF9fScvq8O7F/zM/eewDdvXpe/wPbP/4qpS+zOTbW7BApp
r3xcW3O0FWfKfXi4fOXY62+ceU3BOEajwH6zwO8ckiQzG9Yuo1GYAgf7NSTAZOgihhswGxhNf5fR
dKrRdNAiRku4bSh88Ej/9WPHcHkoFGKkkPKel8AuXzDfomTsl8YBEuK9gt6gj3VTMR7BYNDP0Bs8
XtqOa1Exs8Rvr7UVu5aYy/1FKR69wRujdfA2ikfaZJsmPiYZ8VSKSipdEbzBNFJoRejqVREo99xm
adM3sDuwAY4WUhWO1ntSM1Jnpi5NXZfKKLqYZ09rtcx+cFqrdfaDoFUKkkDcFJRyq13VSlqRpEvW
JxuSjcnuZE+yNzkuh8vVjdSPNIw05ppyY0e6R3pGenPjcnxTdFP0Uw1TjJPdUzxTvFPi5unm6ecZ
5hnneeZ558WFuEpdpb7SUGGscFd6Kr2VceW+al21vtpQbVxjqnZXe6q91XFrfNktqa2pFPB3tuhQ
OQDmSToeirOGx0emjupwQIIbx2KblfbGJZ5Zzpw6e/zUspNvfXgUm3rLbtQtE4+9uv/nay+89u7L
8p/lb6pvTcaz8eHntm2sXJE9auy5X5x5Py1VPrd/2+PVFeG87NFvNF/9JBjBQzb46WPaj6LQSinO
IbIGo5VazzmNYR41cUU0CjgYPwngkaaA4DekuwDBXQoFKBCBTXdQgCCp+CMDLKtXUOJS7elCrgF7
nqiNbo2mboPIpYLIpVymnsbeu2hdwZIY4TrRR13Gc4/IT2ceqDj2/CE8f3543YYW2t83PnQ6VHXh
CpVb0f/UuR2nX8HXVD2AF8gHMA+d6CkpTstZGIz4sIgYe52RC4tNep2WSkNCwKz1GwKmDDXsB4Eg
hA4lPvUE5fPnAVvnRQhPGVKOgAQsUAIRaIERbIJdcAjOdJeEJCxREpFoiZlgk+ySQ3La4NWUcrEH
eyi28M5kiVL1jII2oOegI8Xbs8YWCVwfhJj8aZt2Xu6/eAgoZsThcNrDdLL83X35p1tlF9DM7PI3
qipMio6zQMdu8JURhaQ4bgymMDVGy2ln6DmaCrNNXBhxlI6kMbo0jYFBJuFSx6UOmCBiJAjLcofQ
cSebUbIY1WfTWg3qRDCpEpugRSQ+UU6VchSkFWpCAaFIEXsW9XT/X0OktL+UGlcxh5S2Yd+cvn1v
ypcV+W6CfL0w53VotTSELmZYhhSzzAzC0phhy7V4OeI0Io0oPUjW0dehskxvh2pzRaxIfqVKpVNM
qFeRpEf6wZnJeZAHp3PpOrpwEG16VWi9cq16jRcAxGQlZCry+jAtf4Art2A6RP/+V0923wyHIpjf
ihCdD3IOQTMkr8GKeCNaQRW7Sphy4yrRajQ4kA47WK1JJ2CzPgaoR0lNVTuqhvwOKEcAsQEp+km6
SfpJhknWSTYGfO8TFZfSNitmNaq5vFl4DI4EPswurbhadh2b5N84DfJGqmpl32j8VsO6Z7bUN9HL
sC437/NzH8udDjjXJh9cjDsavt+y9/B2Rd4mmKO1IG8KyJvKxZS4LSvMJY4SN5+8ApUklpByvijV
E8vF+JJ1yMeyLtZg1SEzlRrJxAZFv0OZ5xUFenIzLCoAIeppBpnFL2YOclAqzorsqEnW2yuvPPTx
d4eb2t6Vv5JvrPx0yVLdkf37jp1snR88enTHxo1PGZcyDYGhb7yw8VWP68qLv/s0mInjduw59nTr
q6U7dz25dd1jECvvAbu3gh4UElGzlEAVczoOF+t03AysM6DlJgDlcl05obQ0i0Qj4fVayiz0XsoD
sOSBvSOUcwlIZwAwd7LxdA6Y/qSH8xg9JlJ4B9bTWo3KF68C3KxixQwtghXJqccunIOnYJql7FSS
bgSVo7uXmqzTABtjkRv0oAImYCnqXZkiJ/vnftu/gtp+HsfI177FN4mr70uZDeGExaS3T1chf6z4
6wj4aw3UKW70spRA2JjVrhJWWMGXWEtYA16FFhqKPDEipYtFDpaLFXU85QFaBZB1KI6KeCniI7nL
rBIrN1vR6LYiHlURmAyD3HI7qCkn1VnjUS6KaJnIE57mGZ7lNbyWj+JdfDQ/hI/hYw08JLhu5Mbp
KB2zis6gpgIJZIOs8AdgUDEg0mz/7OFb5/wHdspf3EKLPlq2jHtu9/7Dv2gu2Jw1h7l8UJ4dHy/3
fv2N/J+K97c3/PZX5zql8VSPkrdtBps0gO/1KAE9LMUZEFvCoxKbuzJ2ja8kutxWlOjRxdoJa7YZ
WI5x6hPBJJBK93bfCfQf9ijknMAZOKOoEDMraEStxWAxCiaBFwRRVIJ2vjvfk+81FyYMyg2Rkwwq
BVmUKCAvhFWbysYUtX9bY+O2+obG1ya8VPkpJvL16/3yt3gcTrjvyIPLDE8sOXdmUue5c53vvPH2
h9S306aCdtfkv+A1+CG8CR+Jjf2uJCT/XuUUqKPpJ8HnWvSIFEOIEhYIxmgGg8kqzUJMKEwQrUMs
xSmzEvITQHNvt5j7T4TMKbTGqR7mlCztjoeVcdW5nHI+wtEO7CRUIQdcp5I0/WR/21NUWn/+SnKF
qbq5kxnWhn+i5M23Rsm5+LiaN8eicikuVnAYCOewR9dbOEiemyzPuJ1pdsih7SN4P+TRGW6IkEoG
HSlk+hRsfnhe+I2SfGWcTPcUeZZ6yJ1o51blBSwNxo7ljuVOChX+IK9Wg/vd1U7WRSXBHpuRPj4N
KoBfvTj5yTHzNQ/MevDHt/NsOVzx/bKDp7zej4sKqh9X7Lz81jVyHOJ8MroqjVXzyjEDaeUY/Z20
8lnUwtT77c/aWlz15ro7aWWaLWYMr/XbJsVTaTya+K/Tyj5AnVqs/jCtHMwqPWpWOdfv9nv8Xn+c
31egK9AXGAqMBe4CT4G3IG6ub4N7g2eDd0PcBl+Du8HT4G2Ia/Adch/yHPIeijvki5FSa1OPWo/a
jtqPOo46j0adtZ61nbWfdZx1no0yKZlgVuYPM0HFiAOQvZMJKpZcHqK3bVn7xPx96zdXf/jG7Ncf
DtGbVq5YVbBx1971X727qGPUjVWPFs6bNGdYWuCnpbsOBVK+XrRi1qzxP0pJS99WtfflwEBNADb1
M8uQA5VJMQ4dEoz1VlqLwizVZC1yagQRBzjIAlG6U+jNU9Km9yJ2gv0OQVYjIVaYFoDgVAHqRM5B
9rExGkZr09i0iZpEbXpUbVR9VHOUrhDAkClGiPWuGicx6w8HDryGC+RDwydNHkdt1W7f2fxTcroC
T5VPVvQXbpz+wPydG7b9YrB+DQEO9CB1qmRB9Qa2Xim3nMRlm8BBseUUBtlD4Y6ME56oqigK/4AX
HINFFVADVbZn7949e/Y27v5a/hJHXb+Oo+SvJv25q+v69a6uPz8MlZSMg/JvZFm+qNahG+UmTRVz
ANSdgRZLo8aNnTbRnx9vQNMmJsUT48QwNy3MhyWyNj6cyq11hlOz8/1JZtPkaHasAUWbhphjRrND
YqNHD6PyAYMgodzfEwwOrphAfqQO5fUAMDtgTBke2GQk3F4CUZYIMkU1wfAnxisczVI2q9lhpxWL
OljaFxfvT1SK8OwRUEzQUF/YBMT8oBJnTKN2Fx79/e+PFu4e1XT49ITxIbnzlYLWOb/+rHj+Ypz6
8uOfFWVVyj3P/VJ+pebx9RvW1eJ55z7EC1ZNz5dfB0PVL1+zcVP4ke03Zs28eeHCP2bO2t7Xl3Dz
dNX52eu3JfoL5Y3/+bz81aJVNdOnTyosXF9di+99ow1Pqn1s06GmhV+ulXvlCwTXl9f87Oj+5qPP
KHYFLNJtA+sS90oJXka0ERS7R+vcY8JhsgyFTUXaOnO0S59loQI2EbLhDGVZIhjsCvZ2/9OyxPFa
H0zWbLWuUIKA2WalFAKCFBxH6oyIKbqhdlWWI27c6Kh+foS8F5fvrtu2c+e2ut1KPdu/uHi+/Oub
N+UL84sPhfDK9guff/KHz359Vpk7Cg5jAIculCW50D5HPTHuNTwl1nN1pCjalGZwIauLTYkGES+9
d2kAjopvuzKOVw1RiutIbS+gHxZ7igPpGP8fWxU0ur4ueaekwrbtyaca9zas2u7C9xw+DoBEt/Cw
9Az527p1X3355ddra9S5/Oata/hd1APzIueEkUXIIFzq64Dc4EdzT+gopKXz8oS8vHnD0AmygCsy
gFiRcxCm9JrIuYzsu0j7zem52fn52bnTy3Ly83Oy82cM1Fqah0DnDPQLaazHZTHSbCoimhhhPfGH
k5sSvE6rntGEh5I6n51DURbdaENcwKMNGPzsPY7RUX5bwHJPUiDF448PJGYMi5RiSrSB2lJZhRUj
S7B5PcEeR1DJVJVlWIeSbd8TnB+sCu4ItgaZO7FnmBp7hkEbSOss6bp0fboj3dmp69R3Ojqd7UGu
EEdy3YHqK+L1f3Vwuy6jE7J+vuT5g4dkqqWoqvrxFlk7sKWUMi1zf/HaQ2TuylWdv+s/HwpRCc9t
ef24Uq5RgeaNkT2lcAstrVYwLc+h28BeBuRDD0gBjMQYYqT3uKDIjosNe3R7rHWuIs8TfFO8O4A0
LkeW1xSIEZDfmBF/G9pC150FxeBtfJ+oTWhNAFbDtrvQ7B/UYRDtEdXwwUFMt/0A7crSDTW5fADU
r1YcugN2ObqiIuJvugfkj0FLpaEao9VFE+xYryNhpinabCI4rKsTkDjaMiTA8gGL3ziSDrhYPwpQ
GbEDzo04Vl1YB5/2qeHWoSQS7lp3q/uuRCJWdWYstIgzM+92yT85bLbqiucqWw8dlOnmojXrNrQo
y3JvVC759YeqW9Cvdp56BZwRWd/dCHO1Xs1BHcgHMaPEwJaYy5WYAVOOY3n9nZihZAAZCUGzKIAF
KVEwO9TUEWIFfFNb9zU27lP63yAZFP/WiwX520l4Jr4fz8Yz5Vb5JfllufVh3IiX4CrcKJfJO+Vd
cpk6PwvwFaqAWo4IEl6lEI0RLajrgZfey7BANCygkIyo5U1wLVFz5m0D8qajMVJcvJOU2LiSWL4k
pTy2KCPeaTAzfgOThthoG8v6vfoMJaHpHSz5BhX5sEeJ0HeRPrlrP1L7QaSAiJI9mGzA5CevN+/Y
0az05C1rq7durV67pfLwGfm7G/8p//3Mi3ufvXH16o1ncWPLsWMtzx47Rh7d1Ni4aXNj4wXHxeb3
r117v/miI/rophOdnSc2HVVsfxl46VOyRtXFLfHAPrYFPFfkNLMwLZyCUtUp4iqS/4CAxLv2L8/I
yZkxPTd3+oyc3OnTc3NmqKSUM2MG1TEwHvHz4wN2i4Jao1CKRy5PCbFUmtc4SnjiKuGgXE606syI
9TEGWwxrtrNKtaEs3EeyXbBZh6CWyEq9Ee3GbspN3LSbcce63W6P2+uOG2sZax1rMw6y9/ABYHhv
57ZmfHvVfngiOTP+yOI/yrew43o/5uUz8idQXSw1PrH43Bn5zPa9e7dv39tIPTNtKjZ8fQ2L8kb5
gLxanhUbe6OkEifQcVCA/PYCFCAqfopuXWMXQp0RhZZICQY2yoK49XbRSBNUxVML7UUuEs+Y4g28
EG/G8YyIvOqS3SVgV5VBuiCBcwQHFgQyTriji6IpXPiDAvKfFvB2RLcoC3jKNPSJgqJT1OAB8nqQ
iN1nqclnT33xxamz+MYZ+aZ8HtrfmVBFRV+f/Pnnn+NYQsP+1/KLEMuG4PvVeqQXIeZj0IOCcvxl
6UdIWS2iijHFsoxZpIRiluHVIZhtGq0GC1qNCbreQBkFrVYzg2JNVUgwaAldxS7UEVHgTUa9VgM3
YGS0cMQCEypSZOV1gcKXus23Ky1HUAPlllJxadWqS6MODRxAfp9kVvJ7u1Ic8yaep5OYJDbJmGQK
iKlmtUr2chjYFJpCRsRLMm34aSpe7umf/CRlfYGy7e7/06Ga/rqag1QMdf77mBBTcfOpUAhPltsG
1p+ghmEOAj5jUI4U7VqCiFDLF1uXGMpJUazI84kxfuQwcQmxStJwdwV8HtJYwV3lVjymJHeJSnKn
1LP0QOagEJWSOTAHx8kXenbdXLB0Md6Fp4SxtXlZwqcX/vLdd395/qMMvPV3V4oXLMUxJ/BP8IvS
WPmF08eBsH4pt8kvN+8f5HvIwWJQlRRwWTXGAbZf9n/O9irc/sd0L/5P6F5dEFbTszl38X29Gnxv
/9ZBfwV6ROFaaa6jmdPam212Tss3C7yW05qaOU5rsVJm2xhB4PkxJt5ut82w81pCGbmwng6zy5xW
gVBhfZMZYYZwNgtv0LGiXWMWEQo4NH4mQDJcgrocLrS3m3MhpA3kLt2AOTVS364hI/BSf54YgB78
0eovydEK3n6v0XI8Z9c67FoX77InapP5ZHsOn2vPdUzm52h/zC/SLuIX2cscq7Sb7A38Sa2T5jQ6
jZ4xMEbWhEwsr7XorRq7mbPoLHplVcRsEkw2PtrqtDnsSVySLkmfaErm04QUMcWcag3Yku3p0SMM
I4wjTLlCliXXdk/0JG6CYYJxgmmiZR43VzdX/2N+jjjHPMdSxpUaSo2LTCX8ImGBuMC80FJiLbUX
Ra/mVutW68PCanG1+VFL2LbVstW62bbZXh/dwDcIr3Gv617Xt9lnw5xJxgOOjRAHF5k7WCNmUlP7
+w5BPoLb9+E/nZQ78J59/b2N8rmdhxTX9unxMxUV8if978MEenWj/L7q16sqd9AQS7wSjzTkEQ4z
WhoZKB0L6W6esloITriUB9sMrNaYPlFZGCaHqWH9nS39ndQwhu7vPKDsHKCGoQhalDUbyJcRTeXD
NhYJMGJCtZBl348X4NX4MbyLOk994kn0ZHhGel7yxt26pfyvA2rBs3ARnK8ZOG+B87m3z//7j4L7
T/DTuAnvh9Yy0M5Dewe/o57/V59k9Z3R8O1GRpCPBzlF4FAL1Es+FHfXlU6IfgP/wPFfPtRd+xz0
+H8jIYEo40IM0sA+jfyIhaosCWnREJDcAeyA1F9h7Uh3+w7Df6vx/5cfrEPLweJt6F1oH8DedBRC
y9BG1AL7X6BqdfxNWqs0GLnKKNd+gNpwMlxHKQ2nI8VnZ+A5mXDuC7i+FI5b0EL1/E1yUW1Pk4vU
KkSRmbA3U72jBbWRUTRNLka6ete7aDR6HR1W9pmLqAGum4WuQBsHT5+KTqOr+El0EF9GNWgbWk4r
CsRgHcTpEDTIO9T2LfqJ+mZlLMRcBoZtQSHQ8zQ8/WBkHCfjWaSIlOK5oCGFD5PJMLoehegiaH61
TVD1i+hAUdXw/gF90UXqJ1Qy7ceH4T3KOy7C8w+j0SBvKUg6GTqlyE+uoxaiIC6KeRNN1UxlDZjV
1KDZcLaaZOKn2RhUhGrIbHhCPoxtQ/n4CrwFQHySZWgCmULAI7RSCVOKW6UfzfW8M8+bFvgvhx5B
42lFM1uNazxtt27NnEtHM/NamSGtJEHbSif4/vTvTv4pLTBt5lxP64WJEwaeOrFoAozdPxd2lSMY
hvGJE9Ii85x6qK3zdzll8/m8vyO3VsXNB1fz/zq4/cdH/SOFj7SfwaFyMsIM8K1ZLMMsFGP+8VHf
UuGjf2KMFBosRm2Fm4ahUvotVMq4I52qR1Pp0+p2FFONXmL8KJt8AGPZaBbjQDehb4XeBP0e6Eeg
b4b+ElV9axQdjZaTbDSK/h0qBWE2wvNG0dXqe97UNKCpyjE8bypcv5E6gQqUe6nj6DJsH2fPoCLm
7Vu9rBstV66hr6JR7AmFz9XPhEjHL4FBDgL97ADamQz9I+D7TdC/BY0bQZsioC24jutCSFcHJJQH
xANQNXQjIEToYCd+HUIC3CtCJWWG2WD+Lfg9CTo8ywaVmO09hOx9CDlOA1H+FCAEqkQNR0B30CsR
ioZ7hwgAfsBXDMgTuwJod7ryv3KqlVMoDqWiRqTMWAHtUxiS1uO/wTHdRq2TPntbJuct5K2OeOat
YvKWRHfEk18Zybk3/cy5YvKmn7QXkrM15LSenNKT11+zMq8HyWtW0hYkv5TJSZm8KpNXZHJcJsda
72WO3SSt95KjMjlSQ16WyUsm8uJhA/OilRw2kF8EyQvF5PlYcjBInjtQzDwnkwPF5NkGE/NsAmlZ
rWNaEkjzNLJfIM8MJU2bYpkmmfzsaYH5WQx5WiD7Gk3MvgTSCNc1mkijRO+FG/dayd51dIOJNEj0
Uwlkz08zmD0y2b3LwuxOILt2GpldFrKrDUsSR+/coWN2GsnONoykKfQOHdnRTtdX1TD1p8j2x/XM
dpFsl+htsLdtJKnbeoqpk8nWLYXM1lNk6zp6y+YEZksh2SLRm0GuzQlk00aR2RRLNrXdapdu0RtF
sh5evb6Y/DSDPGknTzSQx/VkXXExs04mtZUCUxtFHqsxMY8FSY2JrK3mmbUWUs2TcANZI5LVOrLq
UQ+z6iZ5dOUQ5lEPWTmErICbVsSS5TJ5RCbLlhqZZTJZaiRLJbqqhixZPIZZUkEWjyGVFQamUiCV
6+gKA6mQ6BC8MnSTlJedYsplUraokCk7RcrW0YtKE5hFhWSRRJcmkBK4qOQmKS4mD9vIQpkskEnR
/KFMkUzmDyUPyaRQJj+ZRh6sIQUymTeBzJXJj2Uy5xR5QCb3F5NZVvKjIJl5H8/MrCH38SR/rDSO
TNeTqcVkSpyWmdJAJgfJvURg7rWQSWYykdIxE6PIhPEWZkIFGT9OYMZbyLixemacQMZKHDNWTySO
SIod76fvaSBj6DRmzAwyOs/KjJ5G8kbpmDwryZPoUToyMtfMjCwkuTkik2smOSLJNpIRMskabmWy
ZDI808IMt5LMoI7JtJDgMI4J6kgw4p9hHMlIdzIZE0j6UBuT7iTp7fTQWB0z1EaGrqPTuGImrYEE
Uq1MYBpJBSVSrSRVolNA9JRikpyUwSSPJUkgWFIG8cPGL5PEkSTB6GQSCkm8z8zE3098cJvPTHwS
HaclXo+T8RYSj1tkPE7iaafd8DK3SNzr6FgdiZXoGB8ZwpPoeOKKymBc95MoeGpUBnHKxAEvdcjE
LhCb1crYKojVYmGsVmKVaIuFmOE68ykignlFmQiwEcYRHuTnG4gJzplkYoQHGJ3EKNEGmejhQC/l
VBAdXKOrIVwx0WpERmslGpGwTJBhawgD9zFBQsPD6DQCD6V0BN9PkExwGy5evw2n/j/7Qf+3Bfhv
PxDt/jd1CdBRCmVuZHN0cmVhbQplbmRvYmoKMjUgMCBvYmoKICAgODIxOQplbmRvYmoKMjYgMCBv
YmoKPDwgL0xlbmd0aCAyNyAwIFIKICAgL0ZpbHRlciAvRmxhdGVEZWNvZGUKPj4Kc3RyZWFtCnic
XZO9buMwEIR7PgXLXBFI1lJkDAgGDrnGRX4QJw8gkStHwJkSaLnw24fLMRIghc1P1O5wOF5Xj/t/
+zitunpNsz/wqscphsTn+ZI864GPU1SbRofJr7en8u1P/aKq3Hy4nlc+7eM4q67T1Vt+eV7TVd/9
DfPAf5TWunpJgdMUj/ru4/GArcNlWf7zieOqa7Xb6cBjlnvql+f+xLoqzff7kN9P6/U+t/1UvF8X
1k153sCSnwOfl95z6uORVVfXO92N405xDL/emVvLMPrPPqmukdK6zovqTCicF9XZTeG8ZHZgJ2zA
RngL3gq34FbYg33mlgrnRXUONU5qXANuhHtwn5lwLsm5hBqSGoIOiQ7BA4kHgiaJJlmwFYZnKp6h
b0XfQccVP9Bx5S4jakbJAZkYycTCgxUPFr1WehtGbiz7yM1Kbg69rvSixkoNYZ9kv0F9I/X0gP0H
YfikkgOyJcm2xR1buaNBPkbyMfBjxI+FjhUdO4AHOQucFxmG268uYyHz+z1v/pJSHrUy5GXGZLqm
yN//g2VepKt8vgDIvs/gCmVuZHN0cmVhbQplbmRvYmoKMjcgMCBvYmoKICAgNDE2CmVuZG9iagoy
OCAwIG9iago8PCAvVHlwZSAvRm9udERlc2NyaXB0b3IKICAgL0ZvbnROYW1lIC9LRFFOWEsrRGVq
YVZ1U2VyaWYKICAgL0ZvbnRGYW1pbHkgKERlamFWdSBTZXJpZikKICAgL0ZsYWdzIDMyCiAgIC9G
b250QkJveCBbIC03NjkgLTM0NiAyMTA1IDExMDkgXQogICAvSXRhbGljQW5nbGUgMAogICAvQXNj
ZW50IDkyOAogICAvRGVzY2VudCAtMjM1CiAgIC9DYXBIZWlnaHQgMTEwOQogICAvU3RlbVYgODAK
ICAgL1N0ZW1IIDgwCiAgIC9Gb250RmlsZTIgMjQgMCBSCj4+CmVuZG9iago5IDAgb2JqCjw8IC9U
eXBlIC9Gb250CiAgIC9TdWJ0eXBlIC9UcnVlVHlwZQogICAvQmFzZUZvbnQgL0tEUU5YSytEZWph
VnVTZXJpZgogICAvRmlyc3RDaGFyIDMyCiAgIC9MYXN0Q2hhciAxMjIKICAgL0ZvbnREZXNjcmlw
dG9yIDI4IDAgUgogICAvRW5jb2RpbmcgL1dpbkFuc2lFbmNvZGluZwogICAvV2lkdGhzIFsgMzE3
IDAgMCAwIDAgMCAwIDAgMCAwIDAgODM3IDAgMzM3IDMxNyAwIDYzNiA2MzYgNjM2IDYzNiA2MzYg
NjM2IDYzNiA2MzYgNjM2IDYzNiAzMzYgMCAwIDAgMCAwIDEwMDAgNzIyIDAgNzY1IDAgMCAwIDAg
MCAwIDAgMCAwIDEwMjMgMCAwIDAgMCAwIDY4NSAwIDg0MiAwIDAgMCAwIDAgMCAwIDAgMCAwIDAg
NTk2IDY0MCA1NjAgNjQwIDU5MSAwIDY0MCA2NDQgMzE5IDMxMCA2MDUgMzE5IDk0OCA2NDQgNjAy
IDY0MCAwIDQ3OCA1MTMgNDAxIDY0NCAwIDAgMCAwIDUyNiBdCiAgICAvVG9Vbmljb2RlIDI2IDAg
Ugo+PgplbmRvYmoKMSAwIG9iago8PCAvVHlwZSAvUGFnZXMKICAgL0tpZHMgWyAyIDAgUiBdCiAg
IC9Db3VudCAxCj4+CmVuZG9iagoyOSAwIG9iago8PCAvVHlwZSAvT3V0bGluZXMKICAgL0ZpcnN0
IDE4IDAgUgogICAvTGFzdCAxOCAwIFIKICAgL0NvdW50IC0xCj4+CmVuZG9iagoxOCAwIG9iago8
PCAvVGl0bGUgKERFVEFMTEVTIERFIExBIFJFU0VSVkFDSU9OKQogICAvUGFyZW50IDI5IDAgUgog
ICAvRiAwCiAgIC9EZXN0IFsyIDAgUiAvWFlaIDcwIDc2MyAwXQo+PgplbmRvYmoKMzAgMCBvYmoK
PDwgL05hbWVzIFsKICAgKGlkX09ic2VydmFjaW9uZXMpIFsyIDAgUiAvWFlaIDIwNSA1MzQgMF0K
ICBdCj4+CmVuZG9iagozMSAwIG9iago8PCAvRGVzdHMgMzAgMCBSID4+CmVuZG9iagozMiAwIG9i
ago8PCAvUHJvZHVjZXIgKGNhaXJvIDEuMTUuMTAgKGh0dHA6Ly9jYWlyb2dyYXBoaWNzLm9yZykp
CiAgIC9UaXRsZSAoUmVzZXJ2YWNpb24pCiAgIC9BdXRob3IgKCkKICAgL0tleXdvcmRzICgpCiAg
IC9DcmVhdGlvbkRhdGUgKEQ6MjAyMTAxMjkwODIyMzNaKQo+PgplbmRvYmoKMzMgMCBvYmoKPDwg
L1R5cGUgL0NhdGFsb2cKICAgL1BhZ2VzIDEgMCBSCiAgIC9PdXRsaW5lcyAyOSAwIFIKICAgL05h
bWVzIDMxIDAgUgo+PgplbmRvYmoKeHJlZgowIDM0CjAwMDAwMDAwMDAgNjU1MzUgZiAKMDAwMDA2
MDYwMyAwMDAwMCBuIAowMDAwMDAxNDg1IDAwMDAwIG4gCjAwMDAwMDAwMTUgMDAwMDAgbiAKMDAw
MDAwMDAxNSAwMDAwMCBuIAowMDAwMDAwNzU1IDAwMDAwIG4gCjAwMDAwMDAwMTUgMDAwMDAgbiAK
MDAwMDAwMDczMyAwMDAwMCBuIAowMDAwMDUwNTI4IDAwMDAwIG4gCjAwMDAwNjAxMjIgMDAwMDAg
biAKMDAwMDAwMTc1MiAwMDAwMCBuIAowMDAwMDAwOTQ1IDAwMDAwIG4gCjAwMDAwMDEyMDIgMDAw
MDAgbiAKMDAwMDAwMTQ0OSAwMDAwMCBuIAowMDAwMDAyMjExIDAwMDAwIG4gCjAwMDAwMDIxODgg
MDAwMDAgbiAKMDAwMDAwMjMxNCAwMDAwMCBuIAowMDAwMDQzMDUwIDAwMDAwIG4gCjAwMDAwNjA3
NTIgMDAwMDAgbiAKMDAwMDA0MzA3NSAwMDAwMCBuIAowMDAwMDQ5NzQ2IDAwMDAwIG4gCjAwMDAw
NDk3NzAgMDAwMDAgbiAKMDAwMDA1MDIyNyAwMDAwMCBuIAowMDAwMDUwMjUwIDAwMDAwIG4gCjAw
MDAwNTA5OTEgMDAwMDAgbiAKMDAwMDA1OTMwNyAwMDAwMCBuIAowMDAwMDU5MzMxIDAwMDAwIG4g
CjAwMDAwNTk4MjYgMDAwMDAgbiAKMDAwMDA1OTg0OSAwMDAwMCBuIAowMDAwMDYwNjY4IDAwMDAw
IG4gCjAwMDAwNjA4NjcgMDAwMDAgbiAKMDAwMDA2MDk0NyAwMDAwMCBuIAowMDAwMDYwOTgzIDAw
MDAwIG4gCjAwMDAwNjExNDkgMDAwMDAgbiAKdHJhaWxlcgo8PCAvU2l6ZSAzNAogICAvUm9vdCAz
MyAwIFIKICAgL0luZm8gMzIgMCBSCj4+CnN0YXJ0eHJlZgo2MTIzOQolJUVPRgo=

--===============4229610351193903762==--

-------------------------------------------------------------------------------
