Content-Type: multipart/mixed; boundary="===============1994509509131944313=="
MIME-Version: 1.0
Subject: =?utf-8?q?Hotel_Real_-_Confirmaci=C3=B3n_de_Reservaci=C3=B3n?=
From: reservaenrealnicaragua@gmail.com
To: cjpm1983@gmail.com
Date: Thu, 28 Jan 2021 13:10:28 -0000
Message-ID: <161183942886.26135.9660155291095531339@localhost>

--===============1994509509131944313==
Content-Type: text/html; charset="utf-8"
MIME-Version: 1.0
Content-Transfer-Encoding: 7bit

Pronto nos pondremos en contacto con usted. recibimos su solicitud para RealNicaragua
--===============1994509509131944313==
Content-Type: application/pdf
MIME-Version: 1.0
Content-Transfer-Encoding: base64
Content-Disposition: attachment;
 filename="cjpm1983@gmail.com_I466787_2021-01-28 13:10:28.571565.pdf"

JVBERi0xLjUKJbXtrvsKNCAwIG9iago8PCAvTGVuZ3RoIDUgMCBSCiAgIC9GaWx0ZXIgL0ZsYXRl
RGVjb2RlCj4+CnN0cmVhbQp4nG2VXYvaUBCG7/Mr5lILHs+czwRE6Lr2omxLS3NXSgk22bUk6uoW
9ud38jGzR1bErwfmmffklYig6bFAeskdwq7LnjM9sPMjLCsNj5cMrVUBI6BFZY2DDlxAFYKAVkAo
VF4gAZkR8kQeo/LQe7TycfQYRVsZtAKiVsGNnmlGyC1P84Ggn6CdoPFa4WC3k12IKxRGM+inKSbZ
4PcKh/PSHsOq/hRM2jdCg4Vh1TDF5LaKohpvr4J1YOl0GJKkDCSozAh5Io9RNkk1eq5iMpCUMiPk
lodC2mjTSNSVL5TTaUghkomHkpA2ThWz2wU6mg9JSCGSiYeSkO88aed0gH5f0vlEks5DlJ/UNMXk
qiiPyhmTdj6RpPOQD9cr6ZzJbVXauUTliiUpAwkqM0KSrkTOFUtMBpJSZoTc8iSdS0ZpWEIKkUw8
lITkrsQtDUtIIZKJh5KQ7zyU8a7MqP7hpkXvRgdldNQWoXDUqjU5Qtlly2ahFxroc5PNHvaXFzg2
cKqPp7ael38zNNNtzwxHc6YIeQ5ooorOIH0cFciKnzPYVOf2eIFvc+dnVVvt9vRl/qv8fLVKU3Rd
eCSzcnm02kP5h6YfKkrwterq+cLG6Gaf9uc3UOR2tu2qfcs6WdtbfF7krvd5Ugcz+k71+XI8qJa0
vw9kgfnC+8B49Pw4VQdYrWD5cffyr2rL+vUFVk3dNFqHQM9iDes13N1vxpU4rlxprXFNl2j7ZXOV
5ZnWntN1kdfVffbxWmzLbFkh/WfA8rWA+2P2nR7/AWUAXQYKZW5kc3RyZWFtCmVuZG9iago1IDAg
b2JqCiAgIDU4OAplbmRvYmoKMyAwIG9iago8PAogICAvRXh0R1N0YXRlIDw8CiAgICAgIC9hMCA8
PCAvQ0EgMSAvY2EgMSA+PgogICAgICAvYTEgPDwgL0NBIDAuNyAvY2EgMC43ID4+CiAgID4+CiAg
IC9YT2JqZWN0IDw8IC94OSA5IDAgUiA+PgogICAvRm9udCA8PAogICAgICAvZi0wLTAgNiAwIFIK
ICAgICAgL2YtMS0wIDcgMCBSCiAgICAgIC9mLTEtMSA4IDAgUgogICA+Pgo+PgplbmRvYmoKMiAw
IG9iago8PCAvVHlwZSAvUGFnZSAlIDEKICAgL1BhcmVudCAxIDAgUgogICAvTWVkaWFCb3ggWyAw
IDAgNTk1IDg0MSBdCiAgIC9Db250ZW50cyA0IDAgUgogICAvR3JvdXAgPDwKICAgICAgL1R5cGUg
L0dyb3VwCiAgICAgIC9TIC9UcmFuc3BhcmVuY3kKICAgICAgL0kgdHJ1ZQogICAgICAvQ1MgL0Rl
dmljZVJHQgogICA+PgogICAvUmVzb3VyY2VzIDMgMCBSCj4+CmVuZG9iago5IDAgb2JqCjw8IC9M
ZW5ndGggMTEgMCBSCiAgIC9GaWx0ZXIgL0ZsYXRlRGVjb2RlCiAgIC9UeXBlIC9YT2JqZWN0CiAg
IC9TdWJ0eXBlIC9Gb3JtCiAgIC9CQm94IFsgMCAwIDU5NSA4NDEgXQogICAvR3JvdXAgPDwKICAg
ICAgL1R5cGUgL0dyb3VwCiAgICAgIC9TIC9UcmFuc3BhcmVuY3kKICAgICAgL0kgdHJ1ZQogICAg
ICAvQ1MgL0RldmljZVJHQgogICA+PgogICAvUmVzb3VyY2VzIDEwIDAgUgo+PgpzdHJlYW0KeJwr
5DJQAMGidAX9RAOF9GIupxAuQyOwmC6QNjPSMzJVMDQy1zM3MTK0sFAIyeXST9M11DVQMFQISePS
yMtMTixKTC9NTC5NStQMyeJyDeEK5AIAQ50UjAplbmRzdHJlYW0KZW5kb2JqCjExIDAgb2JqCiAg
IDg4CmVuZG9iagoxMCAwIG9iago8PAogICAvRXh0R1N0YXRlIDw8CiAgICAgIC9hMCA8PCAvQ0Eg
MSAvY2EgMSA+PgogICA+PgogICAvRm9udCA8PAogICAgICAvZi0xLTAgNyAwIFIKICAgPj4KPj4K
ZW5kb2JqCjEzIDAgb2JqCjw8IC9MZW5ndGggMTQgMCBSCiAgIC9GaWx0ZXIgL0ZsYXRlRGVjb2Rl
CiAgIC9MZW5ndGgxIDU5MjgKPj4Kc3RyZWFtCnic3Vh9dFRFlq9691V/vNcfr7vT3UlLp7/SgU4I
CR1CCB/JQwFRMAkSkSCB8BWZCNIxiDQQO9FBSBAR1JgghBgQCKJERWTNSGAmo84ZHI4jOa4Hd9xZ
4vjH9OTMuAxnhORl7+sEdWbXPTvnzDl7dqvOq6p7b1e9ur/7UfWaUEKIQOoJEO+q9SsiV7IPHibE
kEQIt2TVpo3ep35/fA8hpggh9EhV5MH1X+38Uy8hEsrJrgfXRavC79w2C8cnCRHXrl2zYrVZvPM4
ytuRN1llmF/V/xrpf0Y6be36jZsXfsX/K9KDSM9at2HVCkJWbCPEIiM9d/2KzRF+D78F6Z1IeyOP
rInsW7R3KtK4JosRjlQpzXwVO4K71RKXbOAvEc0lqmPrOZ5k916OTyTS5fjleI7N4rMEfRZfFU8G
a+G2wS+VZq3pL18/ogkRSipxrVrWR4xkhuwS9VrYxGr1++gmohmnE6wGnozTBTi/SboW7w9fjkv9
E0n2wMD1gbDUmyPrc4QcMceQY+RpRW5eriWQ57MHLD4cVfb0ADnPzd8R5a9Gozez4sou3O8cxPFT
TRIRiZ1Mk5PhhN7akXRMMnSYyDyNMc8g2cx5lpkO6Vp/eLBf3X92PDwY/zyeI4seZ7az0rnH2eVk
tMI2aXJu2GFP0gT86TTX7ht59U8iC0o2bChZEKFPtgxtePFF+g0rW7BhAzIfvvloNAp5UTQbWTx8
lc/iZ5EQtch3mIyc2bDA59ULnE5c4PV5M0SD18c76GvM8ZqLNZKTY12N9pPWtrGRDK/o0xncnDPX
zuUSXYk9zV1CzOEM6Vpv/HJvXBqQBizWAktBQQHC3j/YH5d+NyD1S/0WZ0HOvIWLtZLpDzjUJtpy
v2wU9aIgiqJBNIomDamQ62OZhzJ7MiGkDwkhcbxhvDFkmhyYHSjXlwvlYrmh3FhuKveUe8t95f7y
QLW+WqgWqw3VxmpTtafaW+2r9lcHmvRNQpPYZGgyNpmavE2+Jn9ToFXfKrSKrYZWY6up1dvqa/W3
Bjr1nUKn2GnoNHaaOr2dvk5/Z2B6Ba3It+Sm0tzw5LxJ6dl0As1LwOy0BCbQgF9jT3J4aCq1J/E+
f3pljam5YV3tXT/a98rzf7yxrK+hRt9Yv26DvHDvx+3KsPKnVb/x0NBjdfPmyHNcwVDrE691enzK
tfUPz759cqE9mHdg1+lXU9Gp0R4Th6/CcVZDnGSZ7HYKko508Jx0yNiYFNFwx5IlrYXqmQRkSrJ0
bXo8fPFy70UEOB6+Ntgv9Q6EEfAcOq9LLJvXJZQ9sPg9kkxkXDWZJA+fn2LJn1J+piRleUosBSps
AXQTjAK7z5LkQCXzc02oVnreL/fvpyvpWOWz8VPlQu4F/cHzVw7A61F6t3ImOvTorlmLlrQ3NL6D
e+VI2fBVxqPviLjbLNlGGg2aRmubIZIMhfZp+kJzGPcYvxZPOAB6RM4ZKUVOqUwBWhEMT7ZI6SMo
Or3EIhFfouVORh5YUlOzdGmN8pVygRbRFOqihcqFsvMUtei5oCg/raGZVEO1NKR8qnyj3FD6RnAr
IgS+wFgaQ9bI6VoHsQodOnKIbxyTUo8BlaQ7ZqK5xJipF7WSOY/Y7JaZbgSwt7d/cHpvvzSghnF4
IKy8ryARto6gKJQhgO4EgG7iHgXwdA6GOVdBR7zATVUAb8Vc7qiLwBcR3bzZpXOpqPz5o6GpL7a1
/duV+zqKmVA8v7ahMTr4y0T4bX/jHZtNxTFbWcTmII4GEiA1ciYlFrfAH3EZO8z+1A6vcCSpzXzM
+4IrkuaZRLSFzuk+U55bIpJxShriGw73h68lEpHUH4+rOIcTwYeR950SaQkl0kjaqBKyXgoWBWPB
U0G+Al3YMeLkqE9QzVmF6PSqNdAdxo7oxoWWV68vL19fvVxpa6E3sloiVylTbl6NtGQdGVrZws39
0btHu7788tTRk9EdCxcofcpNrJcXLFTmRqPklq/w76KO2oSF/BoggkQ6dAnP1h2FRldbUsQtWUih
rkCvKXKG3apq1+KXL454T1xSDYMJxVqQI/srU2Oph1IvpfI9pEfTo+3R9eh7hEvkkuaS9pLukv6S
YMDopQmF3JT57KMOruEDt3wN8oqXPVDCXRkKbmuqfSbpaOYw+Z0SVz7DMDdSHXVxi3/defRn1sd0
v3pny8a3T9AANSF7nPIL1ddu5W09mShbNR26ep50cDSPSFrIYzOFkXw9mq3VXC1mi5XiHrFLxFwd
/DY/c0WjaTkajbLA5tF4IoiRm4wjT8sTU9OJR3KYWDr1dJjSX9Y5Dtkak29rox26iAm8pgDvyHVy
ealmHi0lOcVwKJF7VYdI5F5MvNnv9w+MuPRINrYWqCk5Rx7vyZiaVGQvchQ5i5KLUgpcJRmxDCHT
nu3IdsYMMWPMFDPHPDFvzBfziyqUCS8YyQ+TJk+jI76iDeShp3h5mjcSyIgxv7ZF0cw5+fDhUzeH
3t1SX12bXLP8Yg11U73Stn1V9T0l967mdg/FozvKSk8dfuvNooat96/60u+/PPSbvnVr1qxeNxLL
SwjRKHgG28jjcpbZo9VqNB5JMmdIWmrQwSaB1VroJhPRj9Nax0kitkY8liUr508aPZb71ZMG1Z8+
EL6OTyIrJg4d9gf1Kfe/qdVSPGTGyPZS+1pNxL5DU28/ZNdqtQ5tujZfmy+tlTQV3x7i9NZJruKw
pKeHfgLbz3FCj3JjcP059US/+QUcj0ZvHOHzB2+PjuiAPqKbi7bMIdvkIq/LZuQ1mQQk7diOkFt6
eQK0BX3JSSLTdoSOBRx6kmIT5hqcxSk6PPU19uIUyeafm+GVxqXlpc+cmHCo6XgD6B9VDQ2pajd9
YMAZVqarAW+xOgvwZJWNJJwdlsOV4Uh4T1iDllNj2WEfzVAJs/2XxK2wd/BX7j5Z+87bLUM7YjMW
LlsbG2qPFd67HPudqqsWtj/8RAdEq1dc+nioLxql1z9Yu/epoa+/P8LE1lyxaBUZvUs9h3a0kxI5
ZHxe3Gd+3qJ9Tr8PNlmeYbU2vFRJBqsppLNqkjKsQkCDVuT8ietOL6orDVwbCCfy8vWBAQUznNKf
c9rs9Di5bw2TeEa3j4rgLYvlNg610K2Njcr236uWUdo/VXznhgbPDT0fTdhlGiH8fLRLMrlPDhKH
Rae3UWbusLCXHW1GfYflmChM0uGNRrrDqpMMeaaZKbifeLj/27teWMFgknoxjhK5yOhxZbuKXCWu
5a6YSwX81vXgPwE7v0ZTOn/jUxeG5rzYwfGTXt3mKedzlZ/dt/Di28rSBG7vbXhIfwu3LsTNSe6X
JyBu9uds4qa/xm7f98GzOhA5BJDzqwduWI2Ay3juquDFsVcPhf4BCZuc06UpG1J+AL/ReyorbBp6
mu5ABKPcjsa/xvDIp0p7AkUg6peBgfBcMfapREKOicTIMF1IV9DN9HG6j3uf+9yb7s3xTvWe9PmH
h9U7O2mn99JKlNeNym0oL/hW/sOF4js+p/vpAdqGtX20vo/1Q/ohytl/O/vvKRLq8f33qlr+T4o4
2uvxhFMLl2gF/I7AZEZ02JoRI/4ftc3/p4UjHN2qtlgryXUqkWoSTfAXoWQpXYnUDmz3kEq6lWKg
k2KylMwg28nXyG9IzPfQBqwnE+udQ865kRHyT+IqhJSRGtJAWhLv+IBfylfxW/kqvPLuouo32b+o
MvwiyuJD+NsGfLaibKU6xutoEQ2RKoJfS6QDOddRHiX7qcA+wpV/ToNkLb6nGJ8jeEXV4V76qImr
oqoH1SZM71b1w8iuJo+SKM7rS9Q/Ir2aRFmfJom7jnrNRZmGryRf4uo1pIYKNBdyub/g3GLkNKpa
0ROEg2rMZZVYxybqLLIS1zmKv4iSA9xKLpcfq/4qsfcZ5Ao5k9h3FdmL9L3kRKIlMEg+gTxahftX
sUlhF8gi7d3UpzHRbG0MsSIaN2ngqogHZpFaQpLIGQ3jgaNkvFfq4oJ3re6SFyz2fljuyxr/N6RX
0nq7SGmXMeo9Ozxcupi/jZV3sTFdENR18cHAb39I+Nus8fNKF3u7Pp49a3TV2ZWzkLdwMQ5VCtnI
nz0rayQ+uWVnd7+yz7bcPP3PxKNLGPuTz4r//Vb/TengVVOfXv22V4U08QNstU8qbgzKXJRHTH2j
/O+Khf+IVLF2UgkCmcM3kMXwJpnI4fWPLSJlUEOKWAvJZk4co5xlkzJtKVmiewzHr5NKPp9M06So
eTxR1P9AuvClk3CzvYh5ZPQZRPudxRUPIMpr8TmPu8Jspnsa08izmDzS8PlQ/e8ksTsLpyeZ5Dhq
wWGWktU8w2fSJ5Hmz3L1cv8lBX41Dz5S4KIAvzDBh2H4oBve74af34DeZvipAhcUON9zJztfBz13
wrkceK8OfiJCtwLvKvBPCpw1wxkB3rbD6XR4S4C3ZP7NN1zsDRd0nXKxrlQ45YLXDxnZ6/nwGnav
+eBkPrwqwolOCzsRhk4LdNbzxyfAsf2p7JgCR1+xsqNueMUKRw5nsiPdcHijmx3OhA7sOrrh5XYX
e1mBdhccMkLbwW7WpsDBAxXsYDccrOcPvBRkByrggMy/hKu9FIT9rRa2PxX2nx0+Lw/zrRZoMUCL
zL/ohmYRXmiG543wXArs27ua7VNgL75i72p4do/Ink2CPSLskflndhvZM0mw2whP7xLY02HYJUCT
Gxp31rFGBXbijJ118JQI21Phx0j8OAxPPmFjTyrwRI2ZPWGD+piR1SsQM0JM5h/HXzyuQN02D6tT
YJsHtm7pZlsV2BKtYFu6YUs9H90cZNEKiMr85iA8lg+bcMamh+BR7B69ARvdUKvAI7jyIwrUmKGm
no9smMAiCmyYAA8rsF6BdRI8NA+qBVirwIMCPCjzVT5YUwerFZB3r3oIVnbDijqoVGCZAypEM6tQ
4AELlC92s/IsWOyG+8OwSISyhS5W1gwLXXCvCxaUOtiCIJSaJFbqgBLsSpxQfM8YVlwH99xlZPeM
gXtkfr55DJs/EeaheF4Y7kb+3XVwlxHm3imwuXVwpwBzZhvZnDDMnmVgs40we8Qkswxwx+3J7I5m
uD0ZZsomNrMO5Ml6JptArueLZoRYUTcUYldYATPwFTNCMH1aMptuhWlTrWxaMkwtENhUKxQIMCXf
zKbUQT7OzjdDfj0/WQ+TZT5vUjLLa4ZJmXo2KRly9W6W2wzhkJGFFZhoghyDyHJSITstxLLzYYJP
YBNSIWu8hWU1w3icM94C42U+Uw8Z6TqW4YaQEUIyP26shY1rhrHIG2uBsTKfroMgLhHshjSbj6WF
IIBdQAE/LuhvBp9Xx3wC+Op5rw68Mu9BqScD5NOpliyWOhXcPhhTB7fZwRWGlDAkozhZAacjxJwP
gQMpRwjsTGD2VEhKBhuCbPOBFeda68CCKlmyQEJ0JAXMKDOPAZMEpnreiMoZb4BBBIPMi2YQ8KdC
N+jdoNPamK4btDbQ4LKaJGACMJnnwcp4J/D1PFAzAyuAzHM44hSkgeIHqwnoWbp6+26a+X+zkP/t
DXxX3OQ/AJ9/ecwKZW5kc3RyZWFtCmVuZG9iagoxNCAwIG9iagogICA0MTQ0CmVuZG9iagoxNSAw
IG9iago8PCAvTGVuZ3RoIDE2IDAgUgogICAvRmlsdGVyIC9GbGF0ZURlY29kZQo+PgpzdHJlYW0K
eJxdUbtuwzAM3PUVHNMh8KOOgwKCgSJdPPSBuv0AR6IcAbUsyMrgvy8lBinQwebpeEeJZHHqX3pn
IxQfYVEDRjDW6YDrcg0K4YyTdaKqQVsVb6f8V/PoRUHmYVsjzr0zi5ASik9KrjFssHvWyxkfBAAU
70FjsG6C3fdpYGq4ev+DM7oIpeg60Gio3Ovo38YZocjmfa8pb+O2J9uf4mvzCHU+V/wktWhc/agw
jG5CIcuyA2lMJ9Dpf7mqZcvZqMsYhGwUScuSgpDtU8YUhDw+ZkyBcMO4IVyXGVMgvWG9Sbhl3CY9
a45Zc2D+kDDf1ea7KsYV4Qb5DZh4zbxOPNdscs2aa9aJ55oUUoO3TlKraSf3GaprCDS+vLg8tzQx
6/C+W7/45MrfL4Rkk7YKZW5kc3RyZWFtCmVuZG9iagoxNiAwIG9iagogICAyOTkKZW5kb2JqCjE3
IDAgb2JqCjw8IC9UeXBlIC9Gb250RGVzY3JpcHRvcgogICAvRm9udE5hbWUgL0VCVkVFUitEZWph
VnVTZXJpZi1Cb2xkCiAgIC9Gb250RmFtaWx5IChEZWphVnUgU2VyaWYpCiAgIC9GbGFncyAzMgog
ICAvRm9udEJCb3ggWyAtODM1IC0zODkgMTg1NCAxMTQ1IF0KICAgL0l0YWxpY0FuZ2xlIDAKICAg
L0FzY2VudCA5MzgKICAgL0Rlc2NlbnQgLTIzNQogICAvQ2FwSGVpZ2h0IDExNDUKICAgL1N0ZW1W
IDgwCiAgIC9TdGVtSCA4MAogICAvRm9udEZpbGUyIDEzIDAgUgo+PgplbmRvYmoKNiAwIG9iago8
PCAvVHlwZSAvRm9udAogICAvU3VidHlwZSAvVHJ1ZVR5cGUKICAgL0Jhc2VGb250IC9FQlZFRVIr
RGVqYVZ1U2VyaWYtQm9sZAogICAvRmlyc3RDaGFyIDMyCiAgIC9MYXN0Q2hhciAxMTYKICAgL0Zv
bnREZXNjcmlwdG9yIDE3IDAgUgogICAvRW5jb2RpbmcgL1dpbkFuc2lFbmNvZGluZwogICAvV2lk
dGhzIFsgMzQ4IDAgMCAwIDAgMCAwIDAgMCAwIDAgMCAwIDAgMCAwIDAgMCAwIDAgMCAwIDAgMCAw
IDAgMCAwIDAgMCAwIDAgMCAwIDAgMCAwIDc2MiA3MDkgMCAwIDAgMCAwIDcwMyAwIDkxNCAwIDAg
MCAwIDAgMCAwIDAgMCAwIDAgMCAwIDAgMCAwIDAgMCA2NDcgMCAwIDAgNjM2IDQzMCAwIDAgMzc5
IDAgMCAzNzkgMTA1OCAwIDY2NiA2OTkgMCA1MjYgNTYyIDQ2MSBdCiAgICAvVG9Vbmljb2RlIDE1
IDAgUgo+PgplbmRvYmoKMTggMCBvYmoKPDwgL0xlbmd0aCAxOSAwIFIKICAgL0ZpbHRlciAvRmxh
dGVEZWNvZGUKICAgL0xlbmd0aDEgNjUyMAo+PgpzdHJlYW0KeJzlWHtYVOW6/771rm/ulzXMDHPB
gRmGYQQHZhxERNGWShcvkal10B2BOSEOKpiaihF00SxBQhG1SMncVHYRzYrSEttkWXncnWxbT5dd
SZkdYrfP8fgYG5fnXTNo7rNPPee/c57nrO9Zs77b+r738nt/77eGUEKIhtQTIO75i+dVfzbhiS8J
MSwnhJs7/+7l7qac584RIvyRENpSXr1g8Zn6v/YQkhDBtzYsWLS6/OjffINYf54Q/bsVd86LmLZc
vx/Hf8K+0RXYkeDWdhNiHo7ttIrFy1eVvKx4B9vTsT17UdX8eYQ0YtXcjj/Fi+etquaXsRxsX8C2
u/quO6tXrFacJ8RiJ4TdTjhSLrXy5Ww3SqskTlHHv0MU71AVK+F4Euw52TeSCCf7TvaFzCaPyecx
ecp5MrgMkga/lVqVhgv/dpcig1Cy7NJptpv9RFxkjJjkXEJAqDNGLEt0C6Es2WQ0prv8xGZQ+5KF
c7jUOXnN3nN9g33C0f7QASGlKoWjJVTBe1PT/elcrkA8Yd5m8mZTbypnEhJywqPz2O5J0rH+TQPz
qhfTTXRKDbXsXOr787G/nD//l6c/CdENH56KzKumrgP0NvqcOFF65tB+6QXpValLemHnDlnHS6f5
DXwhemU4uVcMJnm0DiLoaI1js6rJ7NnobUxuSm8wl+lqDJyDEU9Wqj7gNBK/ljlTEzMzhHM9KHY4
3Cv0mxLy80eSYH+v1H/+O6H/fL8pP9+Un5AfEtOEzKrMVcO7M/ma4d20m+uGHr6H9Sh6rD2JPbZu
e7ej26kvQT1zvakKqyURtTKbcqyeXAOqmZ47anSOJ3dUOo4pvbkTaE44EYI/Prxu/fJljV27pd3j
2yv3/bH/U8ptXrvkfqG07OVbvzhDi76+u6bq/o300MV/iS6bet2h9t+/MmX12sgdpzIyPkNno1+m
EgIfod52skVMVanNjBJjjYmwxAa9usbUptWouCwiBBJUfl3AEHII53r7wr0n+4QeWcf+sHT0qNAv
HDWhiiFxjEAEKnACCLzABKuQKNgEe9ApEpGKnAgiL7JCq5go2kS7Fbfm5Mlu6uYUstLTOq2zi98g
jkvdOOTAIo4x5Y2ZQ+NeVlhjlsgxeXM91rjyH0VZ0bT1zR9fPN7RSStG76nJms9nSOdvKjrUKTmj
UZi98I2qSoOs4ziMq5kKC1ETUUxQ1KiW8qSGowHiV0KAhTSoU3iwF/XpCw/2hfY3aekv4mhi4miw
xMXxXZGC7n7x4tl9++jCaDTKxCgZwlAUbaklNjJCNJMmnaIpoUFXZgentVDtNGbaEd1xbCOyEdhu
R5UDge0Lj447Fp1uSyW5o0hOmFgthKto2bq1pWXrts3fS99Rx9mz1CGdue6H3t6zZ3t7f5hPcySJ
hqV/liTpeMyXGGOwH/fPIJ+KEzEy0jwTdNrkFM7lnqDVaW/U6twePpE+SdpZkz/xSWu7E6Xzl2W6
tTqPS2XLsromGFV+63VpXJaRXJsZw3QvyhnHtIxqWe5zfTFQ2/JD02YVKwXDj1hVxn7npO53j0Db
icX+FL/b7/Gn+r1zNXO1c3Vz9XNT5rrneuamFnvXpaxzr/OsS13nbU1pdbd6WlNbvR0pHe4OT0dq
h9cljqgbsdey17o3ca9tr32v47DlsPVw4mHbYfthh6GElOTl5iSj+2WDBWk2laMinGizDoHEkphC
k6nVosCAWRblGx+55/7S7WsfXvOnN2a/Pj/Kr1+xfOXchzZtXXvm/QU94y6svLtkznW3jswKPFi+
qSOQ+f2C5TNnTr45MyvYWLX1hYAcHxxZihzoYB8TFSJysughVdYHdMoqwx02TZVaSa1G3u4lvCFB
r05LJCatx4keDveGMUC+M8VtFuwPn8c46Q/tL02SgeWJO9tD4zAK81YL7/UguukAVW1pa9siXZBW
vvkm99ZXVCENfCW9c4a78OS27e0DrVFGKk8f6e69+EU0Hrsy3lzobyfJFZ1ku60J9Ft1W0xN6gYo
SzJk6ZzE4lRkJsmU+sHJIdgh8KTe0P6qYbIsMrEQZFPZhKYrJpTZlHf5v+yUUef8/s5376y0Nj6w
ZdvW1pUbnfSaPfsReOQSHRkMST811J/57rvv76mN2Qq5hCtjpxH/VjJFtIE6ocbSJiBlElDoAzq/
2RgwhRLj4SbLEwu4kx9gyNmuCrnEWMglYomHnDnm4rhPzVfC753JwezJk4LByf/64sUfOpEA2NLs
wsLs4KRJfxuOwT+zEuUZJ93Kd6F9dMRLbhEDlJhcoOdbnPoaY2pyjVvTYmlwlrnvN7alpQSI0mnL
9RgCLoH49aE02Y3oRwQ7EoPQ1xcL2HAsFmz5+aEDdb5On5yS4uaKR6//MjclWC2cnKnilEV3b25o
bG5ubNjchWwx+uk1PRcu9Kx5erRMH9wNC7uPffP5F1+993JlR6RUem9gQDpWGpGSKiuH+ORWlN9C
kkiRmMyprDVEtZ016exN5HGZWIap1FYnSaJILcNkiTENfxB3s+xloV/OOglul+iqc8EJcoKe4E5Y
TyQxmW49Q47OiWMgRjnKGAKU/K2DZ3btWP14SkvgxyNnpW9p4jd/pdxJRfP6uk0CR1SnPqur3duJ
IBiko6RT+15/483XruQSvh/ldZFqMVuptzh5oLa1GqhhbUkJBqA1mgaBmMabhwUUxoDZrx/LB5wK
PwlwoeR4XjnX1yv0yhYPFvT328KDMepBpnklmFKX0pkCv4AkOQaSZCxxkORcnRou54o4p2Jjtpwh
cp5a1NmxW+J3lq2uX9cuQ+SNRUve+9PFo9EoR/7QfPAlzBpxPY5cOk3fJ/2I4zEH9ApCdMLJwZ5p
neabiw9oUH++oEAoKJgzkhyAeeoyHRo+PsYoaJXxsVDeVaA9Mj0/r6goL396xZiiojF5RTfGchJy
tZ8txUxRIbpsGiLomyy8itQouDZLmV0pmGhAzfxAgpgzCuSU+0Gcf7HeI0g9SC4htIVetoWdiLig
ndgvdcdsIVqZkqmsSqsqXZmuCjrqHE2OnQ5NidmLNskxeawe01W+T8/9Yteu1+hcqWPUdTdM4jao
NjbvfBAOVdKp0iuVF0semn5LafO6xmdlmYnk4om0GM+BxpfJOsoTLvhB7PAXomhvPPXh4IwZV7Cg
vB2xECLPihPdTrOeV4wgoHQJa8Ffk9Hm89gtWqasyYYGb6KaOMya8brUgFuFLKG4xjbe4bcGzNcM
D2S6/WmB9NDIIXj0Dl6GCGYkGSUF/WHEiYQ4CWNcIlJE7TXh0nBV+NFwZ5j9ApeRMbiMxBKHi2gO
aoLaoC1oP6E5oT1hO2HvDqtL6H+Pnn9oXAEa78v9/ZKnd3dIXHtZ1Zr72iXV0JOLAW5H5J4OKF6x
8sSHMZD5nnrk9f3y0YQL7HwoXpMPKdHqNbEzdj5/Gu2VQgKkXMwJECM1C8PckEFqXBktZtUOpa6J
97Y48AzKP+Fqy1JnKZMD7mFGP8lNdyrzEjOzZBudi59Bf6GsL78b4izM4DIbqEm2kF2X3ZnNo3FM
MXj6hzLq+Fg64HJHJcjpAFWkl88kMsPxOYNnF3YXlyWsq921VSaxny+8jSRGK6Rtmxs2NjdvbNgM
hwZ/9+3P6el/rih7tacpUkrzBgbo6NJIR6XUcPi9r774/Jtj3TFs5CGvfcb7MaOuEFNtJoVOb+HW
qu1Iy6RNXcaTgA2RH6BjDQHBrwvKKVV2fYHMC7EAkL0tJ1c5ArSye52xCHAS51AEHKhL6kzirnjf
GfO+U54WP1N6rjpWy96MxwNWuY9p8YvSYzm7Kvc93UFLS2uQKXj/4OTooWjVsVNcfuXFLW89eugl
ejqW7zCG+S48V1qIh1wv+jzMZAWS3KKytxhoDSwlNYYyVUNCklOba+YCVhNqHEq9kljk9Ncrp+PL
OWV/nRezYF5MnquzCEpKr8oy1r6/yyLSVrrwcn6Rz6EXF/+SRjqidMVQejkcj0qQoxjzIc8V4TOZ
CNhjIHWYzWfReXQVvZdu4o5yn7vT3SH3WPfzntRLl+RvQtJOZ9IyHK8dGjfjeP6V8V+/ZIr+nD5G
2+gOLO1D5SiWd+m7sfFfvwy/ufLVF/erI6rffE/AG4j8XSDbBD+gifxVLl+MmIieKDADYErDr14j
Mf+Ppfl/eFENWYZe6CLvY/kIa9NJFE/OD5F2rH9L1sT6j/AquWDPp0ye+xHpohk4j5MLDRLZj2/i
Ojk49i3OL8d2O7kjNj4Ax2PlMTjOrSQczMDajNgb7aQLxvE8HI/fsbfeJ+PJ62SPXGfHSSvOm0lO
YZmEq08lh8in9AGym35MakkjWcbLCrioBs/4USx3sI9j5SdyW2xnuS/KPsYobydR1PMQrr473k8z
6Ewog3JajBpydA/cgL1rSZQvw+KPlcKYfnEdOG4N7j+kLznO3cZl8H66B/eR9ziO6+8h41HecpT0
Brw5WX44S9pBxqaDHSFTlVMVOqpQ1pLZOLoGcuhjChcpI7UwG1cowr5GUkRP4S4I6lcUjAeOkoBb
6OR8UyKd4s3F7nfneLIC/6XpFpTuTjKjU7/a3XXp0oxiPonN6WTDOsGn6uR93q9/bfDrrMC0GcXu
zmPXFg6tem1ZIfbNKsaq3MJu7L+2MCse59ztXdWfJKSVGgv+g6TEA/OjT4v+evn58ycXxwqfqL4i
8aiNMwP+KhdLLoIn958/GawWPvkHxrDyaDFuAyGKFPTl26QcPiJTuSYyjv+QlPNJZBm7gyzl1+Cc
JjKVpWD/IVLO/DhnAzkCedjGRZStsTG5P0+eM7R24dDdi4J8jgp0I10Mx/sZJIVBJIltuCu2FV24
wioUG+uqnwhRz0YaQR00owjRRpBaEKl6u/xfXUx6K6cmI8g2IkeCQLYjuxBeS/8d23wXVy9+9Y4E
R83wdk8aezsCb4t8Txr8QQ9vHfGztyJwxA/dJXC4Fg5p4aAWXn/Nwl4Pw2sW6ArDqxK8IsHLErwk
wX4J9nVez/YNQOf1sFeCF2vhBQmeN8Bze3TsOQvs0cGzYXgmAk8nw+4wPLUrwp6SYFcEnmw1sCd9
0L5Kw9p9sHMa7BDgiWxoW5/M2iR4/DGBPe6CxwTYvs3AtvtgG87bZoBtIr8VX9xqga31fKsBWkV+
iw9aHgyxFgk2bzKzzT7Y1Kxnm8ywqYuKoppvflTDmvXQ3EWJOIV/VAOPdvNNVbWs6SBsvE/LNppg
o8g3Yq1xLDRsOMgaJNjwSAnbcBA21POPPOxjj5TAIyL/MMr1sA/WP2Ri65NhfdelbvES/5AJ1uLW
ayPwYAgeSIT7W+E+LdRHIqxegrpFAqtzwL21BnZvGGoNcM8aI7vHDGuMUNMKq02wSgMr73azlQNw
94ph7G43rBgGy/Gl5cmwTIK7JFharWdLJajWQ7XIV9XCksUT2JJKWDwBFlXq2CIBFtXzlTqoFPko
bhkdgIUVB9lCCSoWlLCKg1BRzy8o97EFJbBA5Mt9cCdOunMAIhGYb4U7JJgnQVlpNiuToDQbbpeg
RILbpsHvamGuBHMKoViCf5Lg1oNwiwSzIjDTAjeHYcZNRjajFm4yQtFEcRJM18LUCExJVbEprXBD
GK4HgV1vhusS4FpOw651QOFkMyushMmTBDbZDJMmatkkASaKajZRC6IaRNmOs/hrWmECn8Um3Ajj
Cyxs/DQoGKdhBRYoEPlxGhibn8DGlkD+GBPLT4AxJsjTw2gJckdZWK4Eo3LMbJQFcsIalmOG8Eg1
C2sgHPfPSDWEgnYWKoRgtpUF7RDs5rOTNSzbCtn1fJY6wrJaITDCwgLTYAQqMcICI0Q+E0XPjEDG
8BDLmAjDUbDhIfDjwy9B+ljw6e3MVwJp3gSWNgu8+Jo3Abwin6oCj9vOPCXgTjExtx3c3XwKbpZi
gpR6PlkDySLv8sIwIySlgdMRYs5Z4MBVHSGwS2DDTW0SJApgtViYtRIsZjOzWMAi8mYzJOC8hINg
QvOaJBDwIUwCI8pvbAUDjhkk0OMCejvoRV4ngRYbWnFMJWhwjqYW1BFQKU1MZQGlCRQszBS1wPA9
FgYeF+OzABflNEBnAZGAdtHI2kY64v/sRf63BfjNC7PIfwLwpWQ0CmVuZHN0cmVhbQplbmRvYmoK
MTkgMCBvYmoKICAgNDU2MwplbmRvYmoKMjAgMCBvYmoKPDwgL0xlbmd0aCAyMSAwIFIKICAgL0Zp
bHRlciAvRmxhdGVEZWNvZGUKPj4Kc3RyZWFtCnicXVLLboMwELz7K/aYHiIeDViRLKQqvXDoQ6X9
AGKvU6RiLOMc+Pt6vVEq9QA73p0ZmzHFqX/u3RSheA+LHjCCnZwJuC7XoBHOeJmcqGowk463VX7r
efSiSOJhWyPOvbOLUAqKjzRcY9hg92SWMz4IACjegsEwuQvsvk4Dt4ar9z84o4tQiq4DgzbZvYz+
dZwRiize9ybNp7jtk+yP8bl5hDqvKz6SXgyuftQYRndBocqyA2VtJ9CZf7O6ZMnZ6u8xCFUTtSxT
EerwmHEqQrVVxqkIJeuMU0l9zX1N2DK2xGGtJG3Dng15ttxvs+eR8ZH4zJGZ03C/IYyMMeGacU1Y
Hph/IH/et6F9W8N8Q1gylsRnT5k9+fypUCC3L6do6A7vmetrCCnufNE5Z0p4cnj/F/ziSZWfX74D
nVEKZW5kc3RyZWFtCmVuZG9iagoyMSAwIG9iagogICAzMTYKZW5kb2JqCjIyIDAgb2JqCjw8IC9U
eXBlIC9Gb250RGVzY3JpcHRvcgogICAvRm9udE5hbWUgL0ZPQVdQSStEZWphVnVTZXJpZgogICAv
Rm9udEZhbWlseSAoRGVqYVZ1IFNlcmlmKQogICAvRmxhZ3MgMzIKICAgL0ZvbnRCQm94IFsgLTc2
OSAtMzQ2IDIxMDUgMTEwOSBdCiAgIC9JdGFsaWNBbmdsZSAwCiAgIC9Bc2NlbnQgOTI4CiAgIC9E
ZXNjZW50IC0yMzUKICAgL0NhcEhlaWdodCAxMTA5CiAgIC9TdGVtViA4MAogICAvU3RlbUggODAK
ICAgL0ZvbnRGaWxlMiAxOCAwIFIKPj4KZW5kb2JqCjcgMCBvYmoKPDwgL1R5cGUgL0ZvbnQKICAg
L1N1YnR5cGUgL1RydWVUeXBlCiAgIC9CYXNlRm9udCAvRk9BV1BJK0RlamFWdVNlcmlmCiAgIC9G
aXJzdENoYXIgMzIKICAgL0xhc3RDaGFyIDExNwogICAvRm9udERlc2NyaXB0b3IgMjIgMCBSCiAg
IC9FbmNvZGluZyAvV2luQW5zaUVuY29kaW5nCiAgIC9XaWR0aHMgWyAzMTcgMCAwIDAgMCAwIDAg
MCAwIDAgMCAwIDAgMCAzMTcgMCAwIDAgMCAwIDAgMCAwIDAgMCAwIDAgMCAwIDAgMCAwIDAgMCAw
IDc2NSAwIDAgMCAwIDAgMCAwIDAgMCAwIDAgMCA2NzIgMCAwIDAgMCAwIDAgMCAwIDAgMCAwIDAg
MCAwIDUwMCAwIDU5NiA2NDAgNTYwIDAgNTkxIDAgNjQwIDAgMzE5IDAgMCAzMTkgOTQ4IDY0NCA2
MDIgNjQwIDAgNDc4IDUxMyA0MDEgNjQ0IF0KICAgIC9Ub1VuaWNvZGUgMjAgMCBSCj4+CmVuZG9i
agoyMyAwIG9iago8PCAvTGVuZ3RoIDI0IDAgUgogICAvRmlsdGVyIC9GbGF0ZURlY29kZQogICAv
TGVuZ3RoMSAyNTE2Cj4+CnN0cmVhbQp4nM1UaXBT1xU+T9+9Wi35PesZbPAiI6vG8SYkIEAMeRgT
FqfEwYSYFoEBYTtegtkXR4nShGGL2ULEEto6CTNtTUNFOqUKpq1JIaST+hfQwL9kBqaTlGFKm3YK
A48eyWQ605n2b3vPvHfP+c5+7ruPFCJyUJxA6qpNG3z7wie/JlIu8HOotaet+4/xO8yjma32tHVt
bb3bRwbzx1k/vn31iqj21pwPWH+DscntDOT4XO8TiQKWS9u7N2xx+inJctrH3rVm1Qr262J5LstZ
3Su29IgWGWZ5Ecu+nnWrezZutf6d5Q1EchlZqNVMiFZ5gquz0RgjS1wi6yXFLiMWQTUXrtyaQOqV
W1duBb1aiRYo0UpaBd1fj7H3b5oJm+cff1lnLSeF5nOsMqtO4yhmTLAVUJ66zU7jxL7itaNyPHBu
G2M/rmcpVeSenu2ttGWXuSrJkZ9bqdnKxo4O+tWva2+FboSuXLhxS73BdHsC1dTeDt0eHTJv/+Fj
9XYoZ+rUoOFQS2tK15T2lwolojQkcxc1/4r8D4c4u5/JmKI9PmWJUlat+MdZC5USLZxbMimsfbP7
J4UnTZwcDo0aLWqWYVvv0b2WS6cefHn6wZ1TD75KJpNf3Xz+zBJpVRY/t/do9P6sjg4svH8q/e5s
ufjJmLGkOGk9zypFnzJdZu5p6qC1tIP6mb9JvRn8vLCniZHrMm17mVJKOdtZ0qTU8Pwt9GuOE2bd
TbZvZbmfVmb09zCcoWMYtmwmCxqZa8x49FMKTwiB4ZEn4/UpTaezNJDm5TAl2G4hfcZUx9Hn0zm6
rrxGJ5SrFKM+Wi9YTYWKU17lWjpopbyaoT/T0kzmNNYhr/Lp9VMH93mOo58YwZVyZSFa0Ko0c4cW
ZQBzGd1OHaKFqSxD9Zn+RnqwWHo5/6N+adiy1FIuypQBzpPOMczxB2g619vKlc7lx5KuH19SP7K4
wnx5nubb5luzFKstRotY24uwcsxaSC0UwyKOsICxPlqgfMZZSKczVilgUajSpyYtgXnRpPFss++T
JSVVlf8m+lSbL0mNSfdWX+rhw8ZmMVYuScqCJAL2pAj4v/hPyi+qKhsam33J382ufxR1dks9Y03N
zKYlhhmfXV/FVy59VstSv//TmaeWZ9f+jYrt6anT5esL7nyz3732YJp6zf55+p7SiEfmbes2C4m0
wrvX7veo1x7h/1oWwROTi9N3LLPq0/+FkXwWB1XQEUp/cSod5ftLwqX8lWWRssSNzy+Z+NiLixdK
5cUoLhriQil+68ZH58vkR1GcL8NQBL+J4ZwLgy6c/VCXZ0P4UEcqhF+aOGPiFyZ+buIDE6eTc+Tp
e0jOwc9MnIrhfRM/9eDkQJY8qWMgCz8J4cdR/KgIJ0J4792ofM/Eu1G8k/DIdwLo3+KU/QH8sAE/
UPH9ahzfWSSPm3j7mCrfLsQxFUePeOTRAI6w3REPjhjiMDse1nE4LhIeJAzxVgCHXg/KQybePOiV
bwZw8IBbHvTiYEoxDIc4sN8pD7hxIKWQMU/sd2L/kNi3Jib3DWLvqy65V8NeQ/Qx1zcNb+wZlG+Y
2LM7IvcMYk9c7N4VkLsj2G2IXVzXrgB27tDkziLsTD0cMh6KHRq2c+rtUbwexGuj8L0EXnUhHo3K
uIlXulT5Sj5ejnnkyyHEPHipN1u+5EVvNrYlsFXDFic2b/LJzfewaWOB3OTDxgJsYKcNRVhvYp2J
tT1uudZEjxs9hlgTw4vdM+SLneiega7OLNmloisuOrPQaYgOTtlxDy+0D8oXTLS3RWT7INrjoq01
INsiaDNEawCr2Wj1PUSjWJWLlSZWmGhZXi1bTCyvxjITERNLG/DdGL5jYkk9mk08b2LxIJ4z0RTF
Qh3PhtD4TLZsjOGZbCyYadThaRfmRzFvnF3OS2BuCHOgyjlePJWD2RannJ2P+lleWd+JWXWqnOVF
3UyXrFMx03DImS4YDhjpOTaJJxOYIarkjG9jeq0upzeg9gmnrNVRa4gnnJg2NUdOi2DqFE1OzcEU
DY+7MdnEpIm6nGRiYtgrJ+oIh5wy7EVogkOGnAiNnM8EB4I1eTJYj5rqXFmTh5ohUV3klNW5qI6L
KkdUViVQWaHLygZUcBMVOioM8RiX/lgU5eODsnwmxnNh44Mo463MxLemIeDOk4EISv05srQJfnbz
58BviHF2lPjyZEkEvmJN+vLgGxLFnKxYQ3FcFDlRZIhCPwqyMbYUY/KDckwT8jlqfhB5JkZz0tEm
RqnI1XWZ2wnd65W6Dt0QXi9y2C5nEBqPVzOh8qbWIZvrz07AwzqPCTcHcOfBbYgsEy4WXMaUTjjZ
xhmDIwq7TZN2HTYNVhmS1hgk+8kQBAcTVeCgFieUJpAJJaVEt/cpFf+3i/7XBfzXxX/rfwLTTkMh
CmVuZHN0cmVhbQplbmRvYmoKMjQgMCBvYmoKICAgMTgwMQplbmRvYmoKMjUgMCBvYmoKPDwgL0xl
bmd0aCAyNiAwIFIKICAgL0ZpbHRlciAvRmxhdGVEZWNvZGUKPj4Kc3RyZWFtCnicXZDPasMwDMbv
fgod20Nx03MIjO6Sw/7QbA/g2HJmaGSjOIe8/WQ3dDCBLSR9P/NZ+tq/9hQy6E+OdsAMPpBjXOLK
FmHEKZBqLuCCzXtVbzubpLTAw7ZknHvyUbUt6JsMl8wbHF5cHPGoAEB/sEMONMHh+zo8WsOa0h1n
pAxn1XXg0Mtzbya9mxlBV/jUO5mHvJ0E+1N8bQnhUuvmYclGh0syFtnQhKo9S3TQeolOIbl/850a
vf0xXNVNUY+SinrvF6588mnKrszip26iGikWAuFzWSmmQtXzC1ORcMgKZW5kc3RyZWFtCmVuZG9i
agoyNiAwIG9iagogICAyMjMKZW5kb2JqCjI3IDAgb2JqCjw8IC9UeXBlIC9Gb250RGVzY3JpcHRv
cgogICAvRm9udE5hbWUgL1BQRkhKUStEZWphVnVTZXJpZgogICAvRm9udEZhbWlseSAoRGVqYVZ1
IFNlcmlmKQogICAvRmxhZ3MgNAogICAvRm9udEJCb3ggWyAtNzY5IC0zNDYgMjEwNSAxMTA5IF0K
ICAgL0l0YWxpY0FuZ2xlIDAKICAgL0FzY2VudCA5MjgKICAgL0Rlc2NlbnQgLTIzNQogICAvQ2Fw
SGVpZ2h0IDExMDkKICAgL1N0ZW1WIDgwCiAgIC9TdGVtSCA4MAogICAvRm9udEZpbGUyIDIzIDAg
Ugo+PgplbmRvYmoKMjggMCBvYmoKPDwgL1R5cGUgL0ZvbnQKICAgL1N1YnR5cGUgL0NJREZvbnRU
eXBlMgogICAvQmFzZUZvbnQgL1BQRkhKUStEZWphVnVTZXJpZgogICAvQ0lEU3lzdGVtSW5mbwog
ICA8PCAvUmVnaXN0cnkgKEFkb2JlKQogICAgICAvT3JkZXJpbmcgKElkZW50aXR5KQogICAgICAv
U3VwcGxlbWVudCAwCiAgID4+CiAgIC9Gb250RGVzY3JpcHRvciAyNyAwIFIKICAgL1cgWzAgWyA2
MDAgNjY2IF1dCj4+CmVuZG9iago4IDAgb2JqCjw8IC9UeXBlIC9Gb250CiAgIC9TdWJ0eXBlIC9U
eXBlMAogICAvQmFzZUZvbnQgL1BQRkhKUStEZWphVnVTZXJpZgogICAvRW5jb2RpbmcgL0lkZW50
aXR5LUgKICAgL0Rlc2NlbmRhbnRGb250cyBbIDI4IDAgUl0KICAgL1RvVW5pY29kZSAyNSAwIFIK
Pj4KZW5kb2JqCjEgMCBvYmoKPDwgL1R5cGUgL1BhZ2VzCiAgIC9LaWRzIFsgMiAwIFIgXQogICAv
Q291bnQgMQo+PgplbmRvYmoKMjkgMCBvYmoKPDwgL1R5cGUgL091dGxpbmVzCiAgIC9GaXJzdCAx
MiAwIFIKICAgL0xhc3QgMTIgMCBSCiAgIC9Db3VudCAtMQo+PgplbmRvYmoKMTIgMCBvYmoKPDwg
L1RpdGxlIChMaXN0IG9mIHBlb3BsZSkKICAgL1BhcmVudCAyOSAwIFIKICAgL0YgMAogICAvRGVz
dCBbMiAwIFIgL1hZWiA2MiA3NjkgMF0KPj4KZW5kb2JqCjMwIDAgb2JqCjw8IC9Qcm9kdWNlciAo
Y2Fpcm8gMS4xNS4xMCAoaHR0cDovL2NhaXJvZ3JhcGhpY3Mub3JnKSkKICAgL1RpdGxlIChUZXN0
KQogICAvQXV0aG9yICgpCiAgIC9LZXl3b3JkcyAoKQogICAvQ3JlYXRpb25EYXRlIChEOjIwMjEw
MTI4MTMxMDI4WikKPj4KZW5kb2JqCjMxIDAgb2JqCjw8IC9UeXBlIC9DYXRhbG9nCiAgIC9QYWdl
cyAxIDAgUgogICAvT3V0bGluZXMgMjkgMCBSCj4+CmVuZG9iagp4cmVmCjAgMzIKMDAwMDAwMDAw
MCA2NTUzNSBmIAowMDAwMDE1Njg1IDAwMDAwIG4gCjAwMDAwMDA5MDkgMDAwMDAgbiAKMDAwMDAw
MDcwMiAwMDAwMCBuIAowMDAwMDAwMDE1IDAwMDAwIG4gCjAwMDAwMDA2ODAgMDAwMDAgbiAKMDAw
MDAwNjU0NiAwMDAwMCBuIAowMDAwMDEyMzQzIDAwMDAwIG4gCjAwMDAwMTU1MjQgMDAwMDAgbiAK
MDAwMDAwMTEyNyAwMDAwMCBuIAowMDAwMDAxNDkzIDAwMDAwIG4gCjAwMDAwMDE0NzEgMDAwMDAg
biAKMDAwMDAxNTgzNCAwMDAwMCBuIAowMDAwMDAxNjAzIDAwMDAwIG4gCjAwMDAwMDU4NDMgMDAw
MDAgbiAKMDAwMDAwNTg2NyAwMDAwMCBuIAowMDAwMDA2MjQ1IDAwMDAwIG4gCjAwMDAwMDYyNjgg
MDAwMDAgbiAKMDAwMDAwNjk2OSAwMDAwMCBuIAowMDAwMDExNjI4IDAwMDAwIG4gCjAwMDAwMTE2
NTIgMDAwMDAgbiAKMDAwMDAxMjA0NyAwMDAwMCBuIAowMDAwMDEyMDcwIDAwMDAwIG4gCjAwMDAw
MTI3NzAgMDAwMDAgbiAKMDAwMDAxNDY2NyAwMDAwMCBuIAowMDAwMDE0NjkxIDAwMDAwIG4gCjAw
MDAwMTQ5OTMgMDAwMDAgbiAKMDAwMDAxNTAxNiAwMDAwMCBuIAowMDAwMDE1Mjg4IDAwMDAwIG4g
CjAwMDAwMTU3NTAgMDAwMDAgbiAKMDAwMDAxNTkzNyAwMDAwMCBuIAowMDAwMDE2MDk2IDAwMDAw
IG4gCnRyYWlsZXIKPDwgL1NpemUgMzIKICAgL1Jvb3QgMzEgMCBSCiAgIC9JbmZvIDMwIDAgUgo+
PgpzdGFydHhyZWYKMTYxNjkKJSVFT0YK

--===============1994509509131944313==--

-------------------------------------------------------------------------------
