Content-Type: multipart/mixed; boundary="===============8422697945286407921=="
MIME-Version: 1.0
Subject: =?utf-8?q?Hotel_Real_-_Confirmaci=C3=B3n_de_Reservaci=C3=B3n?=
From: reservaenrealnicaragua@gmail.com
To: justo@becerra.com
Date: Tue, 04 May 2021 16:33:22 -0000
Message-ID: <162014600230.3470.15175195053192485548@localhost>

--===============8422697945286407921==
Content-Type: text/html; charset="utf-8"
MIME-Version: 1.0
Content-Transfer-Encoding: 7bit

Pronto nos pondremos en contacto con usted. recibimos su solicitud para RealNicaragua
--===============8422697945286407921==
Content-Type: application/pdf
MIME-Version: 1.0
Content-Transfer-Encoding: base64
Content-Disposition: attachment;
 filename="justo@becerra.com_1234567_2021-05-04 16:33:20.834555.pdf"

JVBERi0xLjUKJbXtrvsKNiAwIG9iago8PCAvTGVuZ3RoIDcgMCBSCiAgIC9GaWx0ZXIgL0ZsYXRl
RGVjb2RlCj4+CnN0cmVhbQp4nJ1V23LaMBB991fso5mOza4k3zoMUwfcTjqkaYLbl0weFCOIE2yD
cdp8fuVLAzQhDbHHtmalPedotRwIUN8W6ZcvCJLMWBvYxMoF9CXCYmOcxAYT7Tr99dBGBz2fgBBt
3+VMD+PM6M8ttBD0eG5cmeMo7jmOGU4m0RTGEUxCuIym0WWPO+bPnueb4ej0/FvvOv5qEOs0MOCC
2R5H4QZAnNueYOT7HTj9BTehF98ZdYJNrkCXQTzrgrsaLMZshzs+elq27TCXu16zMoS8yG5KBTPV
5fwDvYvS0AgmfHTq5Cvze495ptzIVVFWqtF/FIAZZTJdvpdXlZsil5sDtEQ2ulx4HugjQoehz3nD
SQ36dCVzGAygHybVg1zG6rGCwVzN54gShzAcwsl41EFFZ3q06uiel3bLVKvkiMRblZ/rQ1fJrdTF
hSivSjmTx6plyPRSx0IBxD5i8E72qVym7yV3LaTjyM1QlcUyzZV8+WwPEv7I00rNIEzLOnvzZr7z
m40qf8kkLbZZb+WU/+sH162fp55ooKmFHqCWMOxa5LBS199WZqHySsH6QUGpGtFHyh3dPiT3MJKb
aqnAavszbl3KDnh91WalXWrHSVjg2UIEjALg5GkncTEQz5wkuVtlFPj806L+VdpJkb0EfvlFj936
8uC3nvqqnzvj6rrWCTODEM5gDdRwt29to50AzR7YhAFkIHhtQ0+BJUzhYuu1+/KbtRQ4nF6Tb72p
FIK7tlNb6aul+NB4ZeCxQByowbMtdsA7W3S05wb6APf3uDb6kvQfCfQfiWBcGPsh1ob6kzS/b/rx
bHQ61gxd8zV9tj9Hu3MXxh9iz4WVCmVuZHN0cmVhbQplbmRvYmoKNyAwIG9iagogICA2MzEKZW5k
b2JqCjUgMCBvYmoKPDwKICAgL0V4dEdTdGF0ZSA8PAogICAgICAvYTAgPDwgL0NBIDEgL2NhIDEg
Pj4KICAgICAgL2ExIDw8IC9DQSAwLjcgL2NhIDAuNyA+PgogICA+PgogICAvWE9iamVjdCA8PCAv
eDExIDExIDAgUiAveDEyIDEyIDAgUiA+PgogICAvRm9udCA8PAogICAgICAvZi0wLTAgOCAwIFIK
ICAgICAgL2YtMS0wIDkgMCBSCiAgICAgIC9mLTEtMSAxMCAwIFIKICAgPj4KPj4KZW5kb2JqCjEz
IDAgb2JqCjw8IC9UeXBlIC9Bbm5vdAogICAvU3VidHlwZSAvTGluawogICAvU3RydWN0UGFyZW50
IDAKICAgL1F1YWRQb2ludHMgWyAyOTcgNTM0IDQzMiA1MzQgNDMyIDUyMCAyOTcgNTIwIF0KICAg
L1JlY3QgWyAyOTcgNTIwIDQzMiA1MzQgXQogICAvQSA8PAogICAgICAvVHlwZSAvQWN0aW9uCiAg
ICAgIC9TIC9VUkkKICAgICAgL1VSSSAobWFpbHRvOmNqcG0xOTgzQGdtYWlsLmNvbSkKICAgPj4K
ICAgL0JTIDw8IC9XIDAgPj4+PgplbmRvYmoKMTQgMCBvYmoKPDwgL1R5cGUgL0Fubm90CiAgIC9T
dWJ0eXBlIC9MaW5rCiAgIC9TdHJ1Y3RQYXJlbnQgMQogICAvUXVhZFBvaW50cyBbIDQzNyA1MzQg
NTIzIDUzNCA1MjMgNTIwIDQzNyA1MjAgXQogICAvUmVjdCBbIDQzNyA1MjAgNTIzIDUzNCBdCiAg
IC9BIDw8CiAgICAgIC9UeXBlIC9BY3Rpb24KICAgICAgL1MgL1VSSQogICAgICAvVVJJICh0ZWw6
KzUzNTgwOTcyOTQpCiAgID4+CiAgIC9CUyA8PCAvVyAwID4+Pj4KZW5kb2JqCjE1IDAgb2JqClsK
ICAzIDAgUgogIDQgMCBSCl0KZW5kb2JqCjIgMCBvYmoKPDwgL1R5cGUgL1BhZ2UgJSAxCiAgIC9Q
YXJlbnQgMSAwIFIKICAgL01lZGlhQm94IFsgMCAwIDU5NSA4NDEgXQogICAvQ29udGVudHMgNiAw
IFIKICAgL0dyb3VwIDw8CiAgICAgIC9UeXBlIC9Hcm91cAogICAgICAvUyAvVHJhbnNwYXJlbmN5
CiAgICAgIC9JIHRydWUKICAgICAgL0NTIC9EZXZpY2VSR0IKICAgPj4KICAgL1Jlc291cmNlcyA1
IDAgUgogICAvU3RydWN0UGFyZW50cyAyCiAgIC9Bbm5vdHMgWyAxMyAwIFIgMTQgMCBSIF0KPj4K
ZW5kb2JqCjExIDAgb2JqCjw8IC9MZW5ndGggMTcgMCBSCiAgIC9GaWx0ZXIgL0ZsYXRlRGVjb2Rl
CiAgIC9UeXBlIC9YT2JqZWN0CiAgIC9TdWJ0eXBlIC9Gb3JtCiAgIC9CQm94IFsgMCAwIDU5NSA4
NDEgXQogICAvR3JvdXAgPDwKICAgICAgL1R5cGUgL0dyb3VwCiAgICAgIC9TIC9UcmFuc3BhcmVu
Y3kKICAgICAgL0kgdHJ1ZQogICAgICAvQ1MgL0RldmljZVJHQgogICA+PgogICAvUmVzb3VyY2Vz
IDE2IDAgUgo+PgpzdHJlYW0KeJwr5DJQAMGidAX9RAOF9GIupxAuQyOwmC6QNjI10jM1MbMwN1Uw
NDbWMzcxMrSwUAjJ5dJP0zXUNVAwVAhJ49LIy0xOLEpML01MLk1K1AzJ4nIN4QrkAgCgthWWCmVu
ZHN0cmVhbQplbmRvYmoKMTcgMCBvYmoKICAgOTMKZW5kb2JqCjE2IDAgb2JqCjw8CiAgIC9FeHRH
U3RhdGUgPDwKICAgICAgL2EwIDw8IC9DQSAxIC9jYSAxID4+CiAgID4+CiAgIC9Gb250IDw8CiAg
ICAgIC9mLTEtMCA5IDAgUgogICA+Pgo+PgplbmRvYmoKMTIgMCBvYmoKPDwgL0xlbmd0aCAxOSAw
IFIKICAgL0ZpbHRlciAvRmxhdGVEZWNvZGUKICAgL1R5cGUgL1hPYmplY3QKICAgL1N1YnR5cGUg
L0Zvcm0KICAgL0JCb3ggWyAwIDAgNTk1IDg0MSBdCiAgIC9Hcm91cCA8PAogICAgICAvVHlwZSAv
R3JvdXAKICAgICAgL1MgL1RyYW5zcGFyZW5jeQogICAgICAvSSB0cnVlCiAgICAgIC9DUyAvRGV2
aWNlUkdCCiAgID4+CiAgIC9SZXNvdXJjZXMgMTggMCBSCj4+CnN0cmVhbQp4nCvkMlAAwaJ0Bf1E
A4X0Yi6nEC5DI7CYLpA2MjXSMzUxszA3VTA0MdczNzSwNLZQCMnl0k/TNdQ1UDBUCEnj0sjLTE4s
SkwvTUwuTUrUDMnicg3hCuQCAKFLFZkKZW5kc3RyZWFtCmVuZG9iagoxOSAwIG9iagogICA5Mwpl
bmRvYmoKMTggMCBvYmoKPDwKICAgL0V4dEdTdGF0ZSA8PAogICAgICAvYTAgPDwgL0NBIDEgL2Nh
IDEgPj4KICAgPj4KICAgL0ZvbnQgPDwKICAgICAgL2YtMS0wIDkgMCBSCiAgID4+Cj4+CmVuZG9i
agoyMSAwIG9iago8PCAvTGVuZ3RoIDIyIDAgUgogICAvRmlsdGVyIC9GbGF0ZURlY29kZQogICAv
TGVuZ3RoMSA5NTgwCj4+CnN0cmVhbQp4nO15e3gUVbbv3rVq96Oqq7u6O51OOun0Kwl5EBI6hEBA
UiogCvLMMIkSCQ8jJmISIxkaDAkyGsNDBDEExAgxwyOi5CAilwwEznAAz9HhcIQ7x9GZ8Yxx5n7X
mKNzOZ4Rk8pZVZ1EfM1371/3u993a39Vu/be9VjP31qrilBCiEAaCRD/itXLqj+U27YREn+ZEO6+
FXWP+5/+9PB2QhKTCaEd5dUPrf7zM19cIMSL62TLQ49EyovOn03C86N4T+KqB5ettIl3HSYkqQjn
Jq7CCdur5l4cb8Vx8qrVj68922EuxXEXjrc+UrViGaHHnyPENxXHz61etraaP8Cvw/E7OPZXP/Zg
9c7FOwpw3EcIayAcKVdb+HLWgdQaiUex8FeI4Qo1sdUcT7IvXOsbT+Rrfdf6cpz2gD0lYA+U82Sg
FhIGPlFbjNa//uUxQzo+o4wQw152nZiIi0xS4i3GOmutQOrMRuqyET7FIZnTSEgMxso3+nrD1/rs
k3EbT7L7wjf6wjknjrl73BwtTckNO+wyl0lpXq49lBfwE7tMAtz+Lf/z/X/9dMvguZ4eTqU7aaf6
E7UqQsfSu+gMmnmzI8J/HFEb1d3qC2oDilSjhXUhLW7yU2WctEt0Pe8U62y77MbnzTuhzv4sq3Xu
pHVEtjis6SaHIcYRy5M0hxDignFIXlij71ofnmj0Yd830Cf39st4yDkxP74qHgnNjdKn74Hhc60v
6+lh0zYPbqVNzc1qhGtq1knb/xs1cHZw4Oxgx2/U/UifG+n7A9JnI1VKgplREXYaayWkiHcYBIfJ
mmYJkTQDJ8vXLvQO9F7rk/uRkv7wjf4wii2Hzu6yFM3ushbdP7tLLrq/+AyRh87hU2VsyiR7/qQS
xa3Yl9rL7Nv57Wy7Ybux0dRobhQaRbFUozHgCtmjlOe6aO1F9aFmdrlJXXkpwr/XR9eoW/q+zoqg
oRBu6HPU6RydTgfZqixw+GQHz3i7j/Ei7iYzJ/gY4+UkDjhHkt0BwNmsnJQEnEWbynCAWCdLZga0
DmqNBDVrlSyiYGI8cJLTQJzytXfsbs0Kpvb2uVHojsk5sxcVG2X2mZF95g4bZdNn+kDWR/qsNlcS
DOXlUmwuZAcCkOvCg7yOC/87l/vs4Iyd6wev1B/n6ZU/RdgSNI4IHa9eiXAhbsqIbdQiTxK5TfGI
ZiPUsVqzZg2GNJPgsKAhmNAOrMNmKvdqku//sj8sX8hRzDlCjphjyZH4UQvQZBnVO5Bz3JwmTd+R
r7P61C34rqahj9kc9jlJp0alMBTkkgM+i5jk47x+n2gRM0SLP8DH0la2gYyJbfVscDnWj6nO8IuW
gNfkdrg4BzE5XeOTvU5iy8mQb1zou9aLpiD32x1R55F7b1xA07yo9qEUo5KzfoanRv1YEjxO0JFK
lWcMSQafMZgmpIlpljQpzZrmS/OnBdKCaaECoUAssBRIBdYCX4G/IFAQLAgVC8VisaVYKrYW+4r9
xYHiYHGoUqgUKy2VUqW10lfprwxUBitDnUKn2GnplDqtnb5Of2egM9gZOiOcEc9YzkhnrGd8Z/xn
AmeCZ0KFOZnzM/dndmXypaQ0356bRHPDE/MmpGbTcTRvQnIgzLvtoXE0FDS4YmJ9NIm6YvhAMLmt
wfuvPS+2P3r0ow+O0zFU2EQTWhu8F97ctXvVP330z93qZfXqTvWjWXT54YN1j923MjN/0qVTv//P
sWPVk3u3P1ReumxC/oQPz//x0zAZxqbjqPMEkkx2KbNEwQwWkw94MPp4HjJMPEkEPrFO3B1y1rlq
7RJfZzMY/TyDeBOJBb8Y8oLVYmDx6Jj+5PgYOS3REnIEU0awQu6Vz52zO9yTUeqOyXZsmkn3h8No
Nmq/Y7LWRg0b92Hl2FA5J0SjzcaVItduJ5ozjKOZ1K7btQ5/vCvGkBIVVyblC0vWZf12j+rqn7Fs
8W3nBgnaXBHlacLbgy2btu7evXUT97605KdqWYT+auu9g7+LaLZ49dy+NwOt27a1oO0P3UA5LEQ5
WMlmZbJVirqpmCSI6Lkimib/jVNniGDRPddIamHUa802YrCNeu2Nqei19lHWRhzWNOywyKPJrBmg
B0QqmgSzQXRKTqssh6SQ1S8r8nxZRJOgrhDFprmSGTvDwvrBd/sH393G/XIHfZ62oN4iNzvYkkhk
IAS/04CJksXoV1+iX3lIoRJPnnNvAGm7fYPFvB6qE6wOi4fEpBikBFTPtXf06BX1E7UvR5FyEqsS
13Dr49d7Xk400FJq4IeDzKgZcnbZgSLPZ19OUX+tqurT6t30LbruKeo/0DDm10d+e+3ahy+cyaSd
f/6IHqAP0nJ6QLld3fHLbrVHfQPbuYOHyTDOQBnKWiSTlZgoyiDICIgyIcQYLmiRb/SGB3rDozFQ
sdmkHEmR5ktlUrXUKBlvxZhcVxRhzkXxxavJgdPkYNiPchAxomQrDrLBYtjgWG+pjoMUlznFJmnR
bFgACByIX1XxDfE98VfiEb9S9EgbZdcdFYF+hPU9p0/3nO3uPqs2qUX0NbqWRuhRddESegedTefQ
O9Ru9S31lNodoftoBbaX1JUYd1vUlUTn+z60MRX5dpINSpbNZzQaDD5ZtmXIRmoxQZ3Aau20zkrM
aUZHmiziUUJxyA4uGDMMub3oTr1RB/pScyIt5N3iPGhVRiMlpUqi4prvWmWodjUZGl0vu4xGY6wx
1ZhvzJdXyYbSUeHREZTW/Oq+nh76Hjx1lhN61JsDq89q0vz6D3A4gibG5w/cEYnyMBNjRDs/nXhJ
RBnriTFKbgrtzH1AaEtwWIG2s0Mysd/jTJxlsOU5ZWkmT/I8Bpm7PSmKCDdu4aHfjRAwAtk5J4nP
R3wU0PBmdwlFGLqTiIIvTCJJQ+f00H0y27fd1+WDUd1PQ7iMdQ1jwoRUDSZxMHP3bvqV0lH/xlut
g09tnPGTypVPRiAv0rK06L13B69HIlxe08MvvaqGonZShP7CIz+anWQpTtJsMTQ72jQ7meaaYp5m
C2uGckM3lAHNUE7K8Up8WTxoVjLRLqdGsflWK+GOVt9/X03NkiU16p/V87SQxlMPnaaeLzpHkZ2e
86r69zUIZQZqpOnqb9Sv1Jvq9VHZmmYhLTnkCaXQ73FKvCGTgGwc057ulQ+Mg7aUQFyMyIzt6YdC
sWYS7xRmWdxz4015FtngmhsvO4OzMvxyWnJe6u3jdReaiglS77DZoJg1qUfFjsajCd49GYOjIpFw
dlgJl4Wrw9vDmuP/sFy/NxhVAf/BPUdr33qzdbCp4bZFD6xqGNzfMG3hUuyf0VQxbf+jT7ZDpGLZ
laua+OmXl1bteHrwL7eeaeopXbxC00c26mOmIYbEkAC5S0kOuJg9LqnDFNdhpe3QSNqt1aY2R8I0
caqTy3PZeZlMCmqWpZuWhhe9WkaqWZVuVMcLQ4iy+XpGp5Gq6ScUTB2D9NOY2Gj00Di61EpvZrVW
f0yZ+vXH1a1ZqoHeXFqxuqRkdcXSCAutHdy6aIF6Xf0a27UFi5oitPz0wa5PPjl28LSmN0ye+Dmo
tzjyEyWFxNpNZidltnY7OxDbJpnb7YdEYYKJyyXynQ6TbMmz3h6P2kFvGM2hdD+QL2jx0aEpxOfJ
9hR65nmWeho8mkJGkoDvCX5OjWH+nMefPj84c3c7x0949QlfCZ+r/uoni955U12iy/VMVaV52M75
00ijkSSSB5WgAYggk3aT/LLUHGM6CM2etphqr2wn00yTzYZCd9irSVWLElHLxxDRK2O81ukLliU1
JL2cdCWJ7yE9hh5jj6nH3CNcIVcMV4xXTFfMVwQLggzVReulLODSRZ2fa+BDI34CeXMfuH8e98Fg
yhOba5+NOZg5RP6k9qnvY+IjURP1cMX/cuTgrxw/M/36rXWPv9mJUdCK02nq2yM+uwptxII2MkdJ
ocTuFfgOj9ARk9Tub5TaY6o9bTZfnhezfmueNNU4zR3WjORG78DUqb3fN5KThaGG0LGQhjzD5qDT
yzRhW1HuGskobLcmd6gqe/jRkvtWP1xGl+9WjVl7qv+oDlL4Y/WeLDQh+oeHTx889sknXQePRpoW
LcAqjKGfZyxYRAfWRnMtdhXxXybx5B4laK+zxGnBz4rBz2JwxTlskivbbMuwSyGzHgc9mhNfQC+O
gqRdrwr7tdTpvyMQzU+oTmhMgFE0D2NGxIe0ygVG0iItMC78iqaq7/9V7f/ii+onX9y7qVoD9s8u
Xf531RbhPn5tx3OvjuIg0XE9DeuZ8UmpxCfHWlkq9bVbUw+YYl92NscltNF2U7UV/NYQH5vr5vKS
bOiAIdkthtP1HFzzwyitSOjF3n71omY1+ozdoed/OcpYX0ZBTKGrMLbQXRhXGD/ZMy+jIUPIdGXH
ZrsbLA1Sg7XB1uBr8DcEGoKiZkb2ET2k5k2YOGVYRcZQHnqAn6d5o/riV7WqhplHH33l2NeDp9c1
VtTG1Sx9p4Z6qVlte2pFxb3zFq7ktg32RZqK5h975Y3jhRvX/3TFJ8HgtcHfX3/kwQdXPhLF4GL0
kyyUQzq1K3diHmizLAj4zQJnEhf4A/6RuuQ1FvuahzWTo2M8za6jjja9NgmYLF7OnetCTzfNcyV7
5xFbOFqbXBipTezDxckAVit/6tdh+QfLE0USzaIgilgKSaLVgCG9sSHz5cyeTEg3pwvp4ljLWCnd
OjE0I1RiLhFKxBJLiVRiLfGV+EsCJcGSUIW5QqgQKywVUoW1wlfhrwhUBCtCm82bhc3iZstmabN1
s39zYHNwc2iPeY+wR9xj2SPtse7x7wnsCe4JHTEfEY6IRyxHpCPWI/4jgSPBI6GppfT7FcrEqFt8
r0JJLauxtmx8pPbuh3f+YtfnNx+4vrHG3Nz4SJWyaMfV/eqQ+sWK3/to+s/qZ89UZnpS0vc8+doR
X0C9sfrRGXdMnOZKydu35cSrSXqdTbLVxWwm6sNCQqRGyRzxdandFkRnR5dvsx3yv+CpTvZNIOjo
UwNW3e+lScmjYUEDWblX/1Shhb0Rtx9JM5L1NCOZJA+nGYpZTilMaUg5lsJjAn5LlEgZwd2RKBKF
Yy59JFKobd8JIx2Dy1u5WQ8PxwodE76JIuqsyHBONX7oYzjMajADeUDxugXZRNp5TkfmagN3KE42
2qmZyUAmYS4ytS/8zrULGiojPA/0yhdGP3yIRRpD2jePOJ2jOBI3kjjNi1+K2S2UOkPaNw57wBWw
D0Ny1K/+ae9eupyOUd8fW6BM414wv3Tug33weoTeo56MDK7ZMn3xffs3Nr+l6wNzFO43iL0icZEp
Shx0mh3tMYdkS7uVzDZImIk4bXn222OjGfw1PSSHB/o+xPpC9Lmz3WXu7e4uN6OlTt14sIbD99PR
sPbL6gXzqqrmLaimm1oHq7TsgRUtqKrCyUe/XqPHs+E8SafBTMYrDkO7qZEn7RzNI7IR8tjtQvTd
w2/W3itmi2XidrFLZNpntJF3cYXDr4hEtBA//P3jecRnF5mnpEu7xJ3f/i5262exDIcQMuggHfsN
SN/oDw8DdL+KVqf25pywuX3uH/kmptctLLd5sJWub25Wn/r029/DdkXrOS1ub0L795Cw4ibuZpDs
zRZzm1bN5WrV3DRD+NZqbuDCwAVZvZBz3JaIiQ8GzeGI+y0/1TTPb0r99B/VXvUynUAdVX9cUy1v
eGxX/brNlRutdM7JN2gqFbWAm5Ghvt+06fJ/fnGlca1OT6GW/6PsvWRtNP+nmPtjBdAYTf+Ftm+n
/3r2z9+p5/9ayvOd/H/gmyD8f5z+238s/W/jyHfSfy2Dq/+h/J8OfYC52/v8GKz765UCwcyZfi5Z
JePPDUYrdnNMRiSBZxwY5lBKMozEYmIal3CIWCWzyWjgKTHbRO6bwn/g24W/hunfrfzTmFb5S2P5
TDabn83u5+9nhtLAN2U+dpS+rTat4ZZvxGzIsoVuX682oT9GBsu4/VjsL9TitTqZrUK78JGx5HFl
3Fi/nBiy0fQOJ2n3mizNRj7UEd/mPcQfdlZnmXONSXn+RJtMpqZOM8aGs7SgdCMarEeh8aJ6QcNG
Pc1AfSiJJiFOSBMKx/HERMw8opJsjhH8Jr85WTDrcVlH+jF50ZhwG701VUIe6C2pVB5/VT2v/q7i
t7U1ti0bO5puTZvoV6pxJKeC1wfKPvqPQEB9uPylS5FbE6imiLp3OLU6Hc1XMC5o/MdiXFikZITc
RqfH3yGQ9hiGhYKnQ26LOQQvCNXJ/AS30yC7uDwy1TtNCifriWA4mgn+QFQ4UYXQz42kHbn2v83V
7sEVHT/OzNcBLHJO/Q020Li0emcL2l88eVgJxcpMtDgPmNwanB4yVSMncbNieRmJnynl2WRxkkf7
EqAlstE8Fq0tPFrrkAQ67D1aMNACgUd3IQ/xDLvQie0JXQnct1Iq3ZOi7OApf2O3aijUnYfevKO4
csVGfszAwmjtzGVGBp+/WNl2lH6gxy2NeiDa3xwL4bm52CdhZgvoSQ1kiC6iy+hauoHu5C5yH/pT
/Tn+Av/RQHBoSPvPQvbThbQM1+uH1524Pnl0/cc3DQ8+pHvpPtqGbf9wu4jtMtX+EBn/5t3/OxtP
tL9TFC0sUR+L+pHhLiGfLuxNxIBcEow+P7TFEjtiYwxx6nwmofC1LQElYyU2jMkB4sA4H0+C6Ln/
f/uxjSMcXa8d9arpSyqTCjL8XQ9XltDlOGrC43ZSRtdTDKBkLllCbiNPkb/g/Eb9fh/diO2o/ryz
OHM2eobzR/EphBSRGrKRtOrvuMQv4cv59Xw5pkFb6Bac+Z22hpVAFp+O127EfT2uLdfOaSG2dFJO
sEog7TjzJa5HyF4qsHfxyf9AU8gqfM9c3DvQ7U1Iy3Vq5cqpBa+t1QwMLQT5w0yjgqwhEbzvut4+
x/FKEmHXDTHcl8jXLFwz8GXkE3x6DamhAs2FXO6veO9cnGnWuKKdhIMKNNsybGP0Np0sx+ccxCsi
ZB+3nMvlx2hX6bTfRj4gJ3W6y8kOHC8knfqRwAB5D/JoOdKvySaenSeLjffQgMFKs40NKCti8JKN
XDnxwXRSS9DATxq0r96UYOTp4lLuXtmlLCj2Xy4JZI39ztAvG/1dZH6XFPGfGhqaX8wnsJIultgF
KaYuPiX0bz+2+G9ZY2fPL/Z3XZ0xffipM8qm49yiYjzVRjiN8zOmZxEdhbgHTj2WFTNjqW3qfxCf
SVf2e+/P/V8j/VfzBz62Xjen47XaItUvwKNxk+olxJaL69XW68Pz32wh/l1SbviclBniSRm7QdyG
vKHP2X48v0SauLdRLgdxLW/ohuEBshjO4vlfUXLzyX3sKpnJFpMi08+wbyXZfD6ZwtykCM+LMHMs
Y9mkiN9IirU1OE7Gg0Bmajt7nZTxf8DrrpJC/uDQB9r1+n6VZA/TNB33f0biq5HpONz7UH/FaAMf
RXf2P5CqLuQMtWY8hYA1B8FKxh3XBCxzRbzPkow7Iqa0ixArrlvxHtvnhNgbCXGsJMSJ1ztxzYnP
jsE5F45deH9sKyFu3OPKtP/vurRCnJlkksMoVU77y6phMJ9JN+GYP8U1Kr1XVPj1bHhXhXcEeNsK
l8NwqRsudsM/3IQLLfD3KpxX4VzPXexcPfTcBWdz4Ew9/FKEbhVOq/DfVDhlg5MCvOmCE6nwhgBv
KPzxv/Owv/NA1zEP60qCYx54/WWJvZ4Pr2H3WgCO5sOrInQesbPOMByxw5FG/vA4OLQ3iR1S4eAv
HOygF37hgI5XMllHN7zyuJe9kgnt2LV3w4H9HnZAhf0eeFmCtpe6WZsKL+0rZS91w0uN/L4XU9i+
Utin8C/i015Mgb177GxvEuw9NXROGeL32KHVAq0Kv9sLLSK80AK7JHg+HnbuWMl2qrADX7FjJTy3
XWTPxcB2EbYr/LPbJPZsDGyTYOsWgW0NwxYBNnuh+Zl61qzCM3jHM/XwtAhPJcHPcfDzMGx60sk2
qfBkjY096YTGBok1qtAgQYPCb8ArNqhQ/4SP1avwhA/Wr+tm61VYFyll67phXSMfWZvCIqUQUfi1
KfCzfKjDO+oqYQ12a27C416oVeExfPJjKtTYoKaRr64ax6pVqBoHj6qwWoVHZKicDRUCrFLhIQEe
UvjyADxYDytVULatqITl3bCsHspUeCAWSkUbK1XhfjuUFHtZSRYUe+GnYVgsQtEiDytqgUUeWOiB
BfNj2YIUmG+V2fxYmIfdPDfMvTeRza2He++W2L2JcK/Cz7ElsjnjYTYuzw7DPTh/Tz3cLcGsuwQ2
qx7uEmDmDInNDMOM6RY2Q4IZUZVMt8Cdd8SxO1vgjji4XbGy2+tBmWhmihWURr7wtnRW2A3TsJtW
CrfhK25Lh6lT4thUB0wpcLApcVAwWWAFDpgswKR8G5tUD/l4d74N8hv5iWaYqPB5E+JYXgtMyDSz
CXGQa/ay3BYIp0ssrMJ4K+RYRJaTBNnJ6Sw7H8YFBDYuCbLG2llWC4zFe8baYazCZ5ohI9XEMryQ
LkG6wqeNsbO0FhiDc2PsMEbhU02Qgo9I6YZkZ4Alp0MIu5AKQXxgsAUCfhMLCBBo5P0m8Cu8D1d9
GaCcSLJnsaQC8AYgsR4SXOAJQ3wY4nA5TgV3bDpzV0IsjmLTwcUE5kqCmDhwopCdAXDgvY56sCNL
9iyQUTqyCjZcsyWCVQZrIy8hc9JNsIhgUXjRBgJeKnSD2Qsmo5OZusHoBAM+1hADTACm8Dw4GO8G
vpEHamPgAFB4Ds84FcdAsZDHIvIUXfnUNpr5/+ZG/m8T8M3mJf8F65aD+QplbmRzdHJlYW0KZW5k
b2JqCjIyIDAgb2JqCiAgIDY1NzUKZW5kb2JqCjIzIDAgb2JqCjw8IC9MZW5ndGggMjQgMCBSCiAg
IC9GaWx0ZXIgL0ZsYXRlRGVjb2RlCj4+CnN0cmVhbQp4nF2Sy27DIBBF93wFy3QR+RF7aCQrUpVu
suhDdfsBDoxTSw22iLPw35fhRqnUhc1huAN3YLL94fngh1ln72G0Lc+6H7wLfBmvwbI+8mnwqii1
G+x8m6W/PXeTymJyu1xmPh98P6qm0dlHXLzMYdGrJzce+UFprbO34DgM/qRXX/sWofY6TT98Zj/r
XO122nEft3vpptfuzDpLyeuDi+vDvKxj2p/ic5lYl2lewJIdHV+mznLo/IlVk+c73fT9TrF3/9Y2
FVKOvf3ugmqqKkrzPA6Ra3AduUa8TvEC8ULYgq1oNtBsIpd54jjEeIl4KUxgklzoK9FXW/BWuAf3
wgzmyASmxNCQaMiBnTDOIjnLgI0woRaSWgi1kNRSw2ctPgl1kdRl4M2INwONEY1BrpFcgmcSz4R7
ILmHCjVWUiNhH5J96BH8KPtAY5LGIG4kDg8meYDnOMjD3V5InlB67d4b9hpCbIvUkKkfpBMGz/ee
ncZJstL3CxEWviQKZW5kc3RyZWFtCmVuZG9iagoyNCAwIG9iagogICAzNzgKZW5kb2JqCjI1IDAg
b2JqCjw8IC9UeXBlIC9Gb250RGVzY3JpcHRvcgogICAvRm9udE5hbWUgL1dESkNQWitEZWphVnVT
ZXJpZi1Cb2xkCiAgIC9Gb250RmFtaWx5IChEZWphVnUgU2VyaWYpCiAgIC9GbGFncyAzMgogICAv
Rm9udEJCb3ggWyAtODM1IC0zODkgMTg1NCAxMTQ1IF0KICAgL0l0YWxpY0FuZ2xlIDAKICAgL0Fz
Y2VudCA5MzgKICAgL0Rlc2NlbnQgLTIzNQogICAvQ2FwSGVpZ2h0IDExNDUKICAgL1N0ZW1WIDgw
CiAgIC9TdGVtSCA4MAogICAvRm9udEZpbGUyIDIxIDAgUgo+PgplbmRvYmoKOCAwIG9iago8PCAv
VHlwZSAvRm9udAogICAvU3VidHlwZSAvVHJ1ZVR5cGUKICAgL0Jhc2VGb250IC9XREpDUForRGVq
YVZ1U2VyaWYtQm9sZAogICAvRmlyc3RDaGFyIDMyCiAgIC9MYXN0Q2hhciAxMTgKICAgL0ZvbnRE
ZXNjcmlwdG9yIDI1IDAgUgogICAvRW5jb2RpbmcgL1dpbkFuc2lFbmNvZGluZwogICAvV2lkdGhz
IFsgMzQ4IDAgMCAwIDAgMCAwIDAgMCAwIDAgMCAwIDAgMCAwIDAgMCAwIDAgMCAwIDAgMCAwIDAg
MCAwIDAgMCAwIDAgMCA3NzUgMCA3OTUgODY3IDc2MiA3MDkgMCAwIDQ2NyAwIDAgNzAzIDAgOTE0
IDg3MSA3NTEgMCA4MzEgNzIyIDc0NCAwIDc3NSAwIDAgMCAwIDAgMCAwIDAgMCAwIDY0NyA2OTkg
NjA4IDY5OSA2MzYgMCA2OTkgNzI3IDM3OSAwIDAgMzc5IDEwNTggNzI3IDY2NiA2OTkgNjk5IDUy
NiA1NjIgNDYxIDcyNyA1ODEgXQogICAgL1RvVW5pY29kZSAyMyAwIFIKPj4KZW5kb2JqCjI2IDAg
b2JqCjw8IC9MZW5ndGggMjcgMCBSCiAgIC9GaWx0ZXIgL0ZsYXRlRGVjb2RlCiAgIC9MZW5ndGgx
IDEwNTQ0Cj4+CnN0cmVhbQp4nOV6e3gUVbbv3rWrqrv6VVX9Tied7k6n04R0HnQIEAlYQEDkERGQ
ATQSMAnQAQICAg0x+OAdCC9D0AgROTiDCgGRiYAQMaLoMJlREFFnfBAfzI0Z50yGwUxSnFXVCeCd
M+eb7/5z7/fd3lSqateuqr32/q3f+q1dIIwQ0qHViCDvI/NnLvx8wJ6fEHLXIURNf+SxJd7q7Jc7
EPLcQAjvLF04e/53q//SjJCvCu7aNHveilLxL/ty4PgVhBJ+nFMys1h85p6jCCU5oW7AHKgwe/Uf
wvkEOE+eM3/J8jeW8NlwvgTO6+aVPzITUSlehPwCnNfPn7l8Ib2Ggev+Bjj3Lny0ZOHSFex1OP8d
QszDiEKlcg1dyuyH3mqQSzLQ7yL2XaxlCikaZTZfbOuHhIttF9uyLKJPDPhEXymNuhaT+K5v5BqN
6cZ/PsqmIow6ESIdzI9g9XIpgS5mWIYUs8x4wtKYYedq8WLEaUQaUXrhYnNzV3M/lNkW7mgWc8Xc
rLGTpmroHzQC/cO0JDy2QTd56ptIjyR4qB7pbzYNEgcOmiZxXuTFmVymji6ENnq1zc2mWBskqW18
OT6RyQlkiz4b9mNa/gjP24jpCP3p20+1dUYjYDzYOlieQjfS+ciA/OgBKYSR6CZGeqfLGOWTEqNe
3U5rlavI+yRfl+wJIY3LkeMzhdwCChqzkoWOtnC4NdzRJrTCkLS1tXa1Ce1hoV1oFx25uVnHKgMN
AQoXYpvVnh0ekNM/xZ/EBv05PttQnB0226yUPyklKGbbfDnZeP+Oqs3btm2u2tF4BM8d8NLK5hs3
mle+NOBQ97Uj1Oi5Tee//vwPX77/etmB4hny+52d8vkZxXJ8WZkyVzev0lOg/1YUjwqkREpriyLt
bqba4KxGz5mrDEUJWs7mQvHYxfdNUHoMU/cb6C50tk2QW4V2c26WZPa6JXelm7SgFtxCtdha4plC
6Lgv1vOB2SbsT0I5/VF2GGky4JjV0FO6vtu3Z8Vznp2hH966Jn+D7V//BVMX2W3rK7cLFNJe/qyy
4nADzpa7cH/58pETb55+QxlvjMYALj6C/jrRM1KSlrMwGPFRETH2KiMXFev0Oi2VjoSQWRs0hExZ
cUJHa1u49WKboCCkvT0snzsHA3xOxYk0SEACFiiBCLTACDbBLjgEZ6ZLQhKWKIlItMTk2yS75JCc
Nng1pTT2Yi/FKsaNbbApoIlTQRMHJQYaLPpVC22xiRF758tOPoowBWPXb7vUfeFAA54z4GA0/RE6
Vb5+X8GpBtkViZDJc98sLzMpNi6+eZUcBRtT0RVpmD+JSvYNNegTPZTbO1Rv0I/XG7w+2o5fQPVM
ddD+gq3eVW2uChb19eoNPrfWkW5zD+W1QduoZCqdRyP7Ch3NbRdb21RcmXPhF5s9gF37dQVpqr8I
ph/gUKP+nZZ01JuGcaE0NegJeoO+YFLQP103XT/dMN043TPdO903PWmqf61nrXetb23SWn+Np8Zb
46tJqvEf8BzwHvAdSDrgd0tplWmHrYdth+2HHYedh+POWM/YztjPOM44z8SZClHhwJzsRByDdSbO
wDn9B8AYOWw9g2e1e3AiAJ8FiC+O0Js3rnpyxu41G1Z+/ObkE49E6PVLlyybvm77rjXffTC7efCN
ZY8VThs1pV966OnS7QdCfb+fvWTixBH3903P3Fy+69VQzE8VnEdgTPXIgdIkC6o2sNUKvJ3EZcvn
ANxOAHdHW2xshPasY9648jjwvkCv50GfHL0gtlkRNWfnrl07d+6q3fG9/C2Ou3YNx8nfjfpTa+u1
a62tf3oEkCvjsPxbWZYv9OKWbof3u9FCKUNjtLpogh1rdCTK1MWbTQRHdVUCEodYEkIsH7IEjXfR
IRcbRCEqKzGG4Y62VqFVYYrMvPZ2R7hLnU6YveOZnkpPg4fchmSiCslEKDFIZt8Jw15cxmyCk8kK
GrNfnNdwYL9M7y1asXptfYRMLHtz3oL3P+4+F4lQ6O1tJ18DhN4ex01ghw71QY9LmfE+fRwSDDga
t0NbbfFt8W9OrE6pshQZoiYqjkG+9CRjyMWjoJ5xJdn7pqpYVFgvhkXFJ1vl9uvfqlDMBadU2CRZ
6Fved3mfpr50tE8TbqKaSDPdzDSzzbZme7OjydkU1+QyKi6YE5sWQJFFtUqhmRQFSb7YlGn8OTHX
y/xhw9r1SxZvbtwv7x9SX3bkd+1XMLVjzYInhRlFr0/5w3e44KvHouVPbsGnuj+MLB4z6lT9fxy/
d8Wa4lmXU1M/i/HOJpi/AohHCWi85DNYEW9ES6hiVwkz17hMtBoNDqTDDlZr0gnYrHeDnUqIExSj
VCuvt8vtAoQnME8/SjdKP8owyjrKxoARflHpI22zYlaDlZnx5eChOGYAZheWXZlzDZvk3zoN8jqq
fGnXEPxOzernN1bX0YuwLjfv67OfyS0OuNYo75+Pm2v+sXHXwS3KPK2DeaqG/ip49wPeSwxsiXmu
gncYMo7l9bfxrjBBViBsFgWIKJQomAHnoqDgHP5Sm3bX1u5Wtr/Kf8biXzuwIP84Ck/Ak/BkPEFu
kF+RX5UbHsG1eAEux7XyHHmbvF2eo47ZdHyZmk4tBh0gvE4hGiNaUGPHxd9kWXw233QKyYhaXKe2
PQT9XcFcQh70qhQgrHu5q4QVlvAl1hLWgJehWYYir1ukdInIwXKJoo6nvNB/GORmZYx7rDinDLLc
ChgCV+AmK2H9wbEN/OQHwSm8qlNA0O/l6bENZmhhiV1U1YFXaRRTByk84Wme4Vlew2v5ON7Fx/MJ
vJtPNPCIxx7kwZkoE7PAY9jmUydQ4QSfGo97aU0FoEiz3ZP7b5ryn9gpf3MTzf5k0SLuxR17Dv5q
7/QNOVOYS/vlycnJcsf3P8h/D2fjpC01v3v7bIs0gmpX5vBuwFwDzCGFRLRXClDFnI7DxTodNx7r
DGixSSMwi3VzCaWlWSQaCa/XUmah42IeCKK8ZmVUMlu78i7mtYV7RJGgqCIGVNHRTA74/biX8xq9
JhITQGMbDMpoGW8PmVkdMjOU2JBJTj124UH4XkyzlJ3qoxtADdLdQ43WaZRxELle9CqCySdmUx/I
FDnePfXH7iXUlnPYLV/9EXcSV9e3MhvBgfmko0tXJn+m2Hnp5lX8BVmhYtUj8WQmZ5vJc0VOMwuy
yikoFigzrPhT1kA1UMQig3jH8aXxgwaNH5ebO278oNxx43IHjZ8zqKAAqsZTzT31Mf56AnC2GcY0
DgVQoZSMXN4SYplnXuEo4YmrhJvLF6VYdWbE+hmDzc2a7aw+ReHfDlA77TGYAeJkhXzBleM92EN5
iIf2MJ5Ej8fj9fg8ScMsw6zDbEBQd6gecCQFHLGYZ8a9tAUoIadHHJr/R/kmdlzrxrx8Wv78vkMP
LjQ+Of/safn0ll27tmzZVUs9P3YMNnx/FYvyOnmfvFyemJh4o2QeDtBJLWfP/u78m+9+rNq2AWyr
UX0+gB6RkgyILeFRic0zL3GFvyR+rq0oxatLtBPWbDOwHONULGtru80CStz7WLUrwBk4o6iIIlbQ
iFqLwWIUTAIvCKKYakg1FngKvAU+889iI+l1Ar9KHr5bwZyi9myurd1cXVP7Rv4r877ARL52rVv+
EQ/HAbB0keHJBWdPjwIzWt4DM6gfx44Bb7gKVLMCP4zX40OJiddLIvKnKkcU3bzKzgKOiEMLpICB
jbMgbo1dNNIElfPULHuRiyQzpmQDLySbcTIjIp8LDGy92Nqlxk0wMa/NEY5xMshrT3xRPKVGzdtE
4FKJwIVcPURwbGt8fTwFJA3h0y8KypzF9Z4gnxeJ2HOGGn3m5DffnDyDb5yWO+VzUP7GRMrKurrk
r7/+GicSGo6/l18GlZCAJ6nzBFqAKmKuwjzZ0L2Sg3DmqLVOgJCJCGsMGYIWPiRm2QF24a5WJV2C
1KYLVHfW0WoHvh3m7ap72qHE3NNyhzdYbonPd0dkZowYnpk54n8d6v5TA4R6ZlFGfn5G5vDh/+gT
UQI9PGMw6M0gswi8b47kduiQYKy20loUZak6a5FTI4g4xDFBgjIhZuQpcvo3MQ0Jx82CrEY1rDAH
dMqpDqATOXuZ1MZoGK1NY9OmaFK0mXGVcdVxe+N0hRY/dC9GFHfkCCk5f9i37w08XT7Qf9To4dQm
7ZZte58mp8rwGPl4WXfhunEPzNi2dvOvenXIVdYKeYsP3Sel2GnBRlDcTqNnp0aMWhahqKbIWEWZ
QzaBBHEI5SS4dH2TlJAH3c5TVFRbqwr4nmRL4iC99Vf6G/w0aL5eMUHl9DcrslQZSHIL6tBdOrtB
rlXSrJ9uvKOkWbi0cUfVlm3btlTtiEQgycIDOzvxgBnFVGrkHx/MPfP+l3/4/OvzytzfhDyd+Qww
TAGtvirdj5TMlirGFMsyZpESIMfl1SqIvBqtBgtajQk2vYEyClqtZjzFmspBb2kJXc7O0hFR4E1G
vVYDN2BktHDEAsEVDFJUYiuA/WKbuYf6mR8cYQ3zg/JP0KphQKNW9ZxATOhjVjS/XQlwvInn6T5M
H7aPsY8pJKaZ1Ujn4zBkmlAUbBEfybbhZ6lkub179FOU9ZeUbUf3Vwcquqsq9lNu6tw/3BGmrPOZ
SASPlhsjMQ01GAZgIswZhyTJzEa1i2gUpWByghoSYrJ0McD3wB3Arr8D7DoV7DooMbAHbgEc71eS
XMh6I5EII0V68idmP/CgGw2S4l0LEBEq+WLrAsNcUpQo8nyKO4gcJi4Awho02h3sdw5kv+Ap9yis
wNJKdp1C5ShcRjtiWZ0ijhSwMvuHy+fbt3fOXDgfb8f3RrF176LAF+f/fP36n1/6JAtv+v3l4pkL
sfsYfgi/LA2Tf3nqKIikX8uN8qt79/TmAjAOblQuhVxWjbEnE1j0f54JqJT2b6cC4r+TCsyIKqkA
DGn3lDtygeoTR3tyAYwGgg9+RgeBj5dKSQ6RNRit1BrOaYzyqI4rolHIAawRwneZQkLQkKmSseJ+
rTFh0gZUHI51vHcF5p/otzK+QaHfHmtcqjUupVlMw/nukP2qXbGoKvqpS3jqIfnZ7H1lR146gGeo
ptDBrhGRU5Hy85ep3LLuZ85uPfUavqraoXCJG3IaF8qRXGi3o5oYdxmeEau5KlIUb0o3uJDVxfaN
V+Dym4s9KWKXsvqRdbQ8QQFpLNIrktnuEG+lsApSaHfwjw1Khuj6vuS9kjLb5qeeqd1Vs2yLC999
8Cgkiegm7peZJf9Ytfq7b7/9flVFr5/Q3wE+4nClNNWxl9Pa99rsnJbfK/BaTmvay3Fai5Uy24YK
As8PNfF2u228ndcSyshF9XSUXeS0CoSK6uvMCDOEs1l4g44V7RqziGBONEEmRLJgNpSpEJqazLmQ
RkI2puCpDThDXYW6tS4QowdlbUDooQ74p6ysHeXjFb74VKPleM6uddi1Lt5lT9Gm8qn2QXyuPdcx
mp+i/QU/Wzubn22f41imXW+v4Y9rnTSn0Wn0jIExsiZkYnmtRW/V2M2cRWfRK0rDbBJMNj7e6rQ5
7H24Pro++hRTKp8u9BX7mtOsIVuqPTN+gGGAcYApV8ix5Nrujh/F5RvyjfmmkZZp3FTdVP0v+Cni
FPMUyxyu1FBqnG0q4WcLM8WZ5lmWEmupvSh+Obdct1wfFZaLy82PWaK2TZZN1g22Dfbq+Bq+RniD
O6E7oW+0TwbOS8U9DhML+lyM+7AG1O2Y7q4DwDq4aTf+6rjcjHfu7u6olc9uO6C4TJceP19WJn8O
6WQEv75O/lDl/sFyLj6qxv1ENFdKShQcBsI57PHVFg6Cf53leY8z3Q4awD6AD4IOyPIoc6TKXmV9
sEtRnh+fE36rZM7g694i70LvHb7uUb0DcpMe7zi22LHYSaHCn+kC1UmUo2Dv+ssFRSAMy8ockQ5R
7O2XRz81dIbmgYkP/uKWTpCjZf9YtP+kz/dZ0fSVT/SsZWgeBn/JQr+ShnldFiPNpiGicQtrSDCa
WhfwOa16RhPNIFV+O4fiLLohhqSQVwvKhr3bMSQuaAtZ7u4T6usNJodSsvr1kBpY2kNsPVjMaw8D
uylSW0GjQ8mc7w7PCJeHt4Ybwsxtu/updveD0pOmWDJ1mfpMR6azRdeib3G0OJvCXCH+7ynvn05u
LZTQgZz/WPDS/gMyVV9UvvKJelnbs6dUltxTvOoAmbp0WcvvVWIMvLhRJcYIFdq7LnakLOhFFq6E
7HdDT86h5DeZaKiUlOwkJTauJJEv6Ts3sSgr2WkwM0EDk47YeBvLBn36LGWhpKN3BaE3Sf+4XeHK
O2QIueNYo6yXQdBKzuk/YGDvghrMOjmxd+vWvcqWunHVyk2bVq7aOO/gafn6jb/Lfzv98q4Xbly5
cuMFXFt/5Ej9C0eOkMfW19au31Bbe95xYe+HV69+uPeCI/7w+mMtLcfWH1bmvg5sqQRb+qLxUhrn
LvFYlphLHCUePnUJKkkpIZBApXkTObc/VYf8LOtiDVYdMlNpsZWf3iWR3DtirjLDuVmW2PxY2Zgd
P0+l08ANb+fU7y69/PBn1w/WNX4gfyffWPrFgoW6Q3t2HzneMCN8+PDWdeueMS5kakIZb/5y3ete
1+WXf/+Fkllv3Xnk2YbXS7dtf2rT6seV9RG5TlPO7IOAMx7NlwYPHzZ2ZLAg2YDGjuyTTIwjo9zY
KB+VyKrkaBq3yhlNG1gQ7GM2jY5nhxlQvCnB7B7CJiTGD+lHFYBlSjDobg+He1e1hIuxKojPQnsz
1CnVPbuswK1lKogWgDh1sSeYkqzYxlI2q9lhp5XQ4VAkSLIiQfqbBw5IzgYVAkMjIOZnSpQxDd5R
ePjTTw8X7hhcd/BU/oiI3PLa9IYp739ZPGM+Tnv1iS+LcubJ7S/+Wn6t4ok1a1dX4mlnP8Yzl40r
kE9AWKpevGLd+uijW25MnNB5/vxPEyZu6eoKdJ4qPzd5zeaUYKG87u8vyd/NXlYxbtyowsI1Kyvx
PW824lGVj68/UDfr21Vyh3ye4Oq5Fc8d3rP38POqLpdz6avADR4UQqVSdgjUpEVI8JJUFHWn7rRo
92gM1bR/Z1yVpYh+3l2XzqVrEkPeBD6IclJcmoH2vumxdFtdI7z9WeSP3/ZIdRhBsyrXM4SMyoyG
DJDr+OeMNgTfKd3Bne/0mBw6u+va3KapRea1Fft23VbweI5c26vgyamuB7/5KSXlizlFv26uvi3m
D5TJVT1SvkmN02/dvIo/QO3g14OOGVmEDMLFrmZIJe+fekxHIS2dlyfk5U3rh46RmVyRAeRD7BqD
iV4Tu/az5Yy3xuUOLCgYmDtOXboYWDBeeccVNV+g4R0+iUca8iiHGS2NDJSOhdflKSs9QJYX82Cf
hdV8yi8qH67IQapfd0t9dwvVj6G7W/YpB/uofmq/XwF98RTkIFr0qOQmRPm0QTBG46FjyzSzMKEw
QbQOsRSneG0snehoE29lErGEQV1jA/7lVP7lFFV/e2VNqVfFHKdcj8UjB3YSqpDDfqzkzz76qe7G
Z6j07oKl5DJT3rmN6deIH4p9UwOOaezJ7e6RAj5GhNwucafWudOEowRyO1ORtsoc79LnWKiQTQQF
mpV062PaP6V2Ryv9IFQG3tK9vV/OgO7xHV/WbG0/+3Im78Jze7+pqSJ4/u1PZwcieGnPJ7UzMSWs
jCHMP6KpAtgnIgFqTKgS1N0kPBMvx4/j7dQ56nNvijfLe5f3FV/SzZvKt1NUjyfiIrhe0XPdAtdz
b13/1z9F03+On8V1eA+U+p5yDsp7+D31+n/3S1b76Ie/ehhlHbzfhIxIRAHwVgHxd7T0ITv8df6P
fYj9zP+inkMpKB7ZEA3HSZAhWCDbSYD4lwio08DoAKwRCzPs+jfe8f/tD+vQYpipRvQBlI/gaByK
oEVoHaqH42/QSrX+LVqrFKi5wihtP0KNOBXaUUrBmUjxqNPwnGy49g20L4XzejRLvd5JLqjlWXKB
WgYsMAGOJqh31KNGMpimyYXYpt71ARqCTqCDyjFzAdVAu4noMpTh8PQx6BS6gp9C+/ElVIE2o8XK
xCM31gHPRKDMYi6p5Uf0kPpmpS7CXAIvr0cRsPMUPH1/rB6n4omkiJTiqWAhhQ+S0VC7BkXoIihB
teSr9sVsoKiV8P4ee9EF6iEqlQ7ig/Ae5R0X4PkH0RDobyn0dDRslNJ/cg3VEwP0MI55C43RjGEN
mNVUoMlwdSXJxs+yblSEKshkeEIB1G1GBfgyvAUAe5xlaGBIFPIKDVTg3uIG6f6p3vem+dJD/9up
V9B4G9CEBuMKb+PNmxOm0vHMtAYmoYEEtA10wP/Vv7r4VXpo7ISp3obzI/N7njqyKB/qJk2FQ+UM
qqF+ZH56zM+phxt9D9zVOIPP+xvyaFXcfHSl4C+9+58+6b5L+ET7JZwqF2PMAH8182U3QqL7p0+6
Fgqf/BNjBGkYMWoTuKkDdTIeNJg+hUrJR2gMHQ9z+3tUygTh+B3YO9Am2NZRx9B02B+C7W7qKLoE
+ydg28CeRkVUNRpDBqLB8JxS5t2bHXA+mPWgxcozYBtIr0Sl9BU0mFp5c7CmBurgPtjqoMPrlHug
H2+xxwDfDvSK0peePub3bG1gEMQ0CqIHkSC27YReW2H7HCH2Ilj6NJgOj9L2B1oajZAuC7Y6IMHl
QIdTETJ6YWtAyFSMEJ+AkAC8J6yGsYF68XugOLhmgefaoN4G4+gQYINnO/cDfLoQckGb+HGw1SOU
ICn/x0YdzSDFoTRUixTPFNBuYD1E6/Ff4ZxupFZLX74rk3MW8k5zMvNOMXlHopuTydtGcvatIHO2
mLwVJE2F5EwFOaUnJ/XkxBtW5kSYvGEljWHya5kcl8nrMnlNJkdlcqThHuZIJ2m4hxyWyaEK8qpM
XjGRlw8amJet5KCB/CpMfllMXkok+8PkxX3FzIsy2VdMXqgxMS8ESP1yHVMfIHvHkj0CeT6D1K1P
ZOpk8tyzAvOcmzwrkN21JmZ3gNRCu1oTqZXoXXDjLivZtZquMZEaiX4mQHY+ncXslMmO7RZmR4Bs
32ZktlvI9kYsSRy9bauO2WYk2xoxku6lt+rI1ia6uryCqT5JtjyhZ7aIZItEb4ajzXeRqk0nmSqZ
bNpYyGw6STatpjduCDAbC8lGid4A/doQIOvXicz6RLK+8WaTdJNeJ5I18Oo1xeTpLPKUnTxZQ57Q
k9XFxcxqmVTOE5jKOPJ4hYl5PEwqTGTVSp5ZZSEreRKtIStEslxHlj3mZZZ1kseWJjCPecnSBLIE
blqSSBbL5FGZLFpoZBbJZKGRLJTo8gqyYP5QZkEZmT+UzCszMPMEMm81XWYgZRIdgVdGOsncOSeZ
uTKZM7uQmXOSzFlNzy4NMLMLyWyJLg2QEmhU0kmKi8kjNjJLJjNlUjQjgymSyYwM8rBMCmXy0Fjy
YAWZLpNp+WSqTH4hkyknyQMymVRMJlrJ/WEy4T6emVBB7uNJwTBpOBmnJ2OKyb1JWubeGjI6TO4h
AnOPhYwyk5GUjhkZR/JHWJj8MjJiuMCMsJDhw/TMcIEMkzhmmJ5IHJGUcZxE311DhtLpzNDxZEie
lRkyluQN1jF5VpIn0YN15K5cM3NXIckdJDK5ZjJIJAONZIAMSYiVyZFJ/2wL099KssM6JttCwv04
Jqwj4dj89ONIVqaTyconmRk2JtNJMpvojEQdk2EjGavpdK6YSa8hoTQrExpL0sCINCtJk+i+0PW+
xSS1TxaTOoz0gY71ySJB2AVlknIXCRidTKCQJPvNTPIk4ofb/Gbil+gkLfF5nYyvkHg9IuN1Em8T
7YGXeUTiWU0n6kiiRLv9JIEn8cnEFZfFuCaROHhqXBZxysQBL3XIxC4Qm9XK2MqI1WJhrFZilWiL
hZihnfkkEWF4RZkIsBOGEx76z9cQE1wzycQIDzA6iVGiDTLRw4leGlRGdNBGV0G4YqLViIzWSjQi
YZkww1YQBu5jwoSGh9HpBB5K6QieRJBMcCMuXrMZp/0/+0P/tzvwP/4gqv0XlATa/QplbmRzdHJl
YW0KZW5kb2JqCjI3IDAgb2JqCiAgIDc0OTkKZW5kb2JqCjI4IDAgb2JqCjw8IC9MZW5ndGggMjkg
MCBSCiAgIC9GaWx0ZXIgL0ZsYXRlRGVjb2RlCj4+CnN0cmVhbQp4nF1SwW6jMBS8+yt87B4qiE1M
IqFIq+4lh7arze4HgP1IkTYGOeSQv6/HU7VSD+BhPDM8P7/q6fjrGKdVV7/T7E+y6nGKIcl1viUv
epDzFNXG6DD59eOrvP2lX1SVzaf7dZXLMY6z6jpd/cmb1zXd9cPPMA/yQ2mtq9cUJE3xrB/+PZ1I
nW7L8l8uElddq8NBBxlz3HO/vPQX0VUxPx5D3p/W+2O2fSn+3hfRpnxvWJKfg1yX3kvq41lUV9cH
3Y3jQUkM3/bsjpZh9G99Up2BtK7zojq7KTgvqmvJt+DdtuC8ZN6QN8CW2EIzUjMCC7EAM9Mh09Jr
4bXMt8g3gTUE8PyXxb9sQ9wA98Q98J54D+yIXcZberfwOmocNC1zWuQ4YgfcsLYGtTlP3oPnuZpy
rh35HXKY35Z8alzRDMQDMOt0qNPxXK6cizkWOZZeC2/DPjSlzy31LXrCHhr00DDfIN9SY6Fx7Gde
cNEfN4orx2x+zpK/pZTHqAxwmR9MzhTlc8aXeYGrPO9edMg8CmVuZHN0cmVhbQplbmRvYmoKMjkg
MCBvYmoKICAgMzk3CmVuZG9iagozMCAwIG9iago8PCAvVHlwZSAvRm9udERlc2NyaXB0b3IKICAg
L0ZvbnROYW1lIC9HTkxPSEMrRGVqYVZ1U2VyaWYKICAgL0ZvbnRGYW1pbHkgKERlamFWdSBTZXJp
ZikKICAgL0ZsYWdzIDMyCiAgIC9Gb250QkJveCBbIC03NjkgLTM0NiAyMTA1IDExMDkgXQogICAv
SXRhbGljQW5nbGUgMAogICAvQXNjZW50IDkyOAogICAvRGVzY2VudCAtMjM1CiAgIC9DYXBIZWln
aHQgMTEwOQogICAvU3RlbVYgODAKICAgL1N0ZW1IIDgwCiAgIC9Gb250RmlsZTIgMjYgMCBSCj4+
CmVuZG9iago5IDAgb2JqCjw8IC9UeXBlIC9Gb250CiAgIC9TdWJ0eXBlIC9UcnVlVHlwZQogICAv
QmFzZUZvbnQgL0dOTE9IQytEZWphVnVTZXJpZgogICAvRmlyc3RDaGFyIDMyCiAgIC9MYXN0Q2hh
ciAxMTcKICAgL0ZvbnREZXNjcmlwdG9yIDMwIDAgUgogICAvRW5jb2RpbmcgL1dpbkFuc2lFbmNv
ZGluZwogICAvV2lkdGhzIFsgMzE3IDAgMCAwIDAgMCAwIDAgMCAwIDAgODM3IDAgMzM3IDMxNyAw
IDYzNiA2MzYgNjM2IDYzNiA2MzYgNjM2IDYzNiA2MzYgNjM2IDYzNiAzMzYgMCAwIDAgMCAwIDEw
MDAgNzIyIDAgNzY1IDAgMCAwIDAgMCAwIDAgMCAwIDAgMCAwIDAgMCAwIDAgMCA4NDIgMCAwIDAg
MCAwIDAgMCAwIDAgMCAwIDU5NiA2NDAgNTYwIDY0MCA1OTEgMCA2NDAgNjQ0IDMxOSAzMTAgNjA1
IDMxOSA5NDggNjQ0IDYwMiA2NDAgMCA0NzggNTEzIDQwMSA2NDQgXQogICAgL1RvVW5pY29kZSAy
OCAwIFIKPj4KZW5kb2JqCjMxIDAgb2JqCjw8IC9MZW5ndGggMzIgMCBSCiAgIC9GaWx0ZXIgL0Zs
YXRlRGVjb2RlCiAgIC9MZW5ndGgxIDI1NTYKPj4Kc3RyZWFtCniczVR7UFTXGT/3/s63u+yycJe9
CKjgrrBF5LXsCvWB9opQVFJCxLbYiqKuC+ERwfdrk02j9RVUjFkfsS1JnGmLeWxsajfitJpqbJvh
L7XR/5IZnUxnHKdp007j4KXfgp102mn/bc83957v9/ue55x7rlCEECkiKiC0dVs3e44Ez30uhHKf
n+Ph3vaeT6OfXRUCUfY61N69I+zd+Oko62fY3tSxfk3I9XL9eSFkKnNVHUxkeBxvMq5lXNDRs3m7
fbeIM+5gbOvesG5NMi/jXsapPWu298o2CjLezdjTu3F975Ydlr8y5vy0SqgibMZkmM5yd1Yx2UiV
14XlumKjVlWK8qs371cI7eb9m/f9bpfX5fO6vGEpRjdhyug9M2ZN+9ufNlqKhCKWjo1ZZlp0USm2
Gp7SCl9pQUVJeWFB1aySqcKql7qhTC50V6VQicPqr9I+r74buDtafVV7oN2svjuhueZUCMNbnDs5
VRaUK7adUwrc+Rkzso540vv8lSqsOx1TSs4Eqbz6QSDwICtg8vz76g8CGsOMrDl+xecKZnorg678
ymDlrKpgYFJWZn6Zkj/dkqt4/43I9E54491H5v1Hb8Tj8cS7Nd+vaVOXNYWXq+o/AWWGeTvpgWFl
9K3OTizr2nv+QnbO7xoa+wYO7PlS7UpaeYMVu9jEe5oQH7LcYO0J0Sn6xD4xyPo9sWucvyJtSWHm
DiV9b4iEUsR+alKUck6jil9yniDb7rF/mPGgWDtuf4iRcTmNEXWbUNHEWtN4xKBIYJ6UGJl4xqM+
FPPFRTGU1GlExNhvmfiIpYazLxWXxB3lBXFWuSUiol9skmwWuYqdbnEvnWIt3RqXP4qV45WTXCfd
4lMeFJ28zkuc/ewErxQpy9CGsNLCK1SVISxmdq/olG0sheNSO76+iTWo6i6u/3i9YkRdqRbJQmWI
6yRrjHD+ITGf+w1zp4v5UZP94w9iEMk7kENXxFLrUkuqYrFGxHK27kJQOW3JFW0iguWcoZG5ftGo
fMRVhC4uWEhCVUSJR4urviWhuPFUi+c3K7ylJf8CPZrVExdNcecOT2JsrKlFTqEVcZoah88Wl778
T/6T8ZPSkoamFk/8t3W1j7PWtdUy19zCahIxzXxdbSl/IMmzWpXY3XNv0ur06r+Iabbkrosbdxo/
+8f8xe1Hc7Xbto+T91lMRIy/rT1mrhCu3C9uj/Zqtx/zXw5V8o7R23yuE6M2+f+YqKemiGJxUiS/
OE2c4nsupEP5M2OZUKPGx9dNfODGtasFdC2Ea4a8WoBfO/H+lUJ6P4Qrhbjcil9FcMmBYQcuvqfT
xQDe05EI4BcmLpj4uYmfmThv4p14Pb3zEPF6vG3irQjeNPFGGs4NpdI5HUOp+GkAPwnhx3k4G8Dr
r4XodROvhfBqLI1e9WFwu50GffhRA36o4QdlOLM/j86YeOW0Rq/k4rSGUyfT6JQPJ9nvZBpOGvIE
B57QcSIqY2mIGfJlH47v8dNxEy8dc9NLPhwbcNIxN44lFMNIkQNH7TTgxEBCEcYSedSOo5flkQ0R
OjKMw8876LALhw3Zz1r/XLx4aJheNHHoYCsdGsahqDx4wEcHW3HQkAe4rwM+7N/nov152J8Yu2yM
yX0u7OXSe0PY48cLk/C9GJ53IBoKUdTEc90aPZeDZyNp9GwAkTTs3pVOu93YlY6dMexwYbsd27Z6
aNtDbN0ylbZ6sGUqNnPQ5jxsMrHRRF+vk/pM9DrRa8gNETzTs4Ce6ULPAnR3pVK3hu6o7EpFlyE7
uWTnQzzdMUxPm+hob6WOYXREZXvYR+2taDdk2If17LT+IUIhrMvEWhNrTLStLqM2E6vLsMpEq4mV
DfhuBN8xsaIWLSa+beJbw/imieYQlul4KoCmJ9OpKYIn09G40KjBEw4sDWHJdBstiWFxAPXQqN6N
r2egTrVTXQ5qF7mptguLajRa5EbNQgfVaFhopNBCB4wUGMl9bJZfi2GBLKUF38D8ap3mN6B6np2q
dVQbcp4dc+dk0NxWzJntojkZmO3CV52oMlE5S6dKE7OCbpqlIxiwU9CNQEUKBewITJxPRQr85dnk
r0V5WSaVZ6P8sizLs1NZJsqisjQlRKUxlBTrVNKAYl5EsY5iQ87k1meGUDTDT0ULMYMbm+FHIU+F
Jr4yFz5nNvlaUZCfQQXNyOew/AzkG3K6DV5PNnlb4ZnmIk82PJflNC42zYVpUZlnR54hc/MxNR1T
CjA5x0+Tm5HDWXP8yDaRxUWzTEzSkKnrlNkF3e0mXYduSLcbGeyXMQwXb6/LhMaTVoN07j89hjS2
pZlwcgJnNpyGTDXhYOAwZnfBzj72CFJCsFldZNNhdcFCAbJEQBxHAUhOJkvBSVU7lGYIE0pCCe3t
V4r/b4f4XzfwXwf/rf8Ong1TEgplbmRzdHJlYW0KZW5kb2JqCjMyIDAgb2JqCiAgIDE4MDYKZW5k
b2JqCjMzIDAgb2JqCjw8IC9MZW5ndGggMzQgMCBSCiAgIC9GaWx0ZXIgL0ZsYXRlRGVjb2RlCj4+
CnN0cmVhbQp4nF2Qz2rDMAzG734KHdtDcdNzCIzuksP+0GwP4NhyZmhkoziHvP1kN3QwgQ3S9/3M
Z+lr/9pTyKA/OdoBM/hAjnGJK1uEEadAqrmACzbvXb3tbJLSAg/bknHuyUfVtqBvIi6ZNzi8uDji
UQGA/mCHHGiCw/d1eIyGNaU7zkgZzqrrwKGX595Mejczgq7wqXeih7ydBPtzfG0J4VL75hHJRodL
MhbZ0ISqPUt10HqpTiG5f/pOjd7+GK7uprhHgYp7nxeufPIZyq7MkqduogYpEQLhc1kppkLV8wtT
RnDHCmVuZHN0cmVhbQplbmRvYmoKMzQgMCBvYmoKICAgMjIzCmVuZG9iagozNSAwIG9iago8PCAv
VHlwZSAvRm9udERlc2NyaXB0b3IKICAgL0ZvbnROYW1lIC9LR0lTVVMrRGVqYVZ1U2VyaWYKICAg
L0ZvbnRGYW1pbHkgKERlamFWdSBTZXJpZikKICAgL0ZsYWdzIDQKICAgL0ZvbnRCQm94IFsgLTc2
OSAtMzQ2IDIxMDUgMTEwOSBdCiAgIC9JdGFsaWNBbmdsZSAwCiAgIC9Bc2NlbnQgOTI4CiAgIC9E
ZXNjZW50IC0yMzUKICAgL0NhcEhlaWdodCAxMTA5CiAgIC9TdGVtViA4MAogICAvU3RlbUggODAK
ICAgL0ZvbnRGaWxlMiAzMSAwIFIKPj4KZW5kb2JqCjM2IDAgb2JqCjw8IC9UeXBlIC9Gb250CiAg
IC9TdWJ0eXBlIC9DSURGb250VHlwZTIKICAgL0Jhc2VGb250IC9LR0lTVVMrRGVqYVZ1U2VyaWYK
ICAgL0NJRFN5c3RlbUluZm8KICAgPDwgL1JlZ2lzdHJ5IChBZG9iZSkKICAgICAgL09yZGVyaW5n
IChJZGVudGl0eSkKICAgICAgL1N1cHBsZW1lbnQgMAogICA+PgogICAvRm9udERlc2NyaXB0b3Ig
MzUgMCBSCiAgIC9XIFswIFsgNjAwIDcxMCBdXQo+PgplbmRvYmoKMTAgMCBvYmoKPDwgL1R5cGUg
L0ZvbnQKICAgL1N1YnR5cGUgL1R5cGUwCiAgIC9CYXNlRm9udCAvS0dJU1VTK0RlamFWdVNlcmlm
CiAgIC9FbmNvZGluZyAvSWRlbnRpdHktSAogICAvRGVzY2VuZGFudEZvbnRzIFsgMzYgMCBSXQog
ICAvVG9Vbmljb2RlIDMzIDAgUgo+PgplbmRvYmoKMSAwIG9iago8PCAvVHlwZSAvUGFnZXMKICAg
L0tpZHMgWyAyIDAgUiBdCiAgIC9Db3VudCAxCj4+CmVuZG9iagozNyAwIG9iago8PCAvVHlwZSAv
T3V0bGluZXMKICAgL0ZpcnN0IDIwIDAgUgogICAvTGFzdCAyMCAwIFIKICAgL0NvdW50IC0xCj4+
CmVuZG9iagoyMCAwIG9iago8PCAvVGl0bGUgKERFVEFMTEVTIERFIExBIFJFU0VSVkFDSU9OKQog
ICAvUGFyZW50IDM3IDAgUgogICAvRiAwCiAgIC9EZXN0IFsyIDAgUiAvWFlaIDcwIDc2MyAwXQo+
PgplbmRvYmoKMzggMCBvYmoKPDwgL1Byb2R1Y2VyIChjYWlybyAxLjE1LjEwIChodHRwOi8vY2Fp
cm9ncmFwaGljcy5vcmcpKQogICAvVGl0bGUgKFJlc2VydmFjaW9uKQogICAvQXV0aG9yICgpCiAg
IC9LZXl3b3JkcyAoKQogICAvQ3JlYXRpb25EYXRlIChEOjIwMjEwNTA0MTYzMzIyWikKPj4KZW5k
b2JqCjM5IDAgb2JqCjw8IC9UeXBlIC9DYXRhbG9nCiAgIC9QYWdlcyAxIDAgUgogICAvT3V0bGlu
ZXMgMzcgMCBSCj4+CmVuZG9iagp4cmVmCjAgNDAKMDAwMDAwMDAwMCA2NTUzNSBmIAowMDAwMDIy
NDMxIDAwMDAwIG4gCjAwMDAwMDE1MDcgMDAwMDAgbiAKMDAwMDAwMDAxNSAwMDAwMCBuIAowMDAw
MDAwMDE1IDAwMDAwIG4gCjAwMDAwMDA3NDUgMDAwMDAgbiAKMDAwMDAwMDAxNSAwMDAwMCBuIAow
MDAwMDAwNzIzIDAwMDAwIG4gCjAwMDAwMTAxOTEgMDAwMDAgbiAKMDAwMDAxOTA0NiAwMDAwMCBu
IAowMDAwMDIyMjY5IDAwMDAwIG4gCjAwMDAwMDE3NzQgMDAwMDAgbiAKMDAwMDAwMjI1NiAwMDAw
MCBuIAowMDAwMDAwOTY3IDAwMDAwIG4gCjAwMDAwMDEyMjQgMDAwMDAgbiAKMDAwMDAwMTQ3MSAw
MDAwMCBuIAowMDAwMDAyMTQ2IDAwMDAwIG4gCjAwMDAwMDIxMjQgMDAwMDAgbiAKMDAwMDAwMjYy
OCAwMDAwMCBuIAowMDAwMDAyNjA2IDAwMDAwIG4gCjAwMDAwMjI1ODAgMDAwMDAgbiAKMDAwMDAw
MjczOCAwMDAwMCBuIAowMDAwMDA5NDA5IDAwMDAwIG4gCjAwMDAwMDk0MzMgMDAwMDAgbiAKMDAw
MDAwOTg5MCAwMDAwMCBuIAowMDAwMDA5OTEzIDAwMDAwIG4gCjAwMDAwMTA2NTQgMDAwMDAgbiAK
MDAwMDAxODI1MCAwMDAwMCBuIAowMDAwMDE4Mjc0IDAwMDAwIG4gCjAwMDAwMTg3NTAgMDAwMDAg
biAKMDAwMDAxODc3MyAwMDAwMCBuIAowMDAwMDE5NTEwIDAwMDAwIG4gCjAwMDAwMjE0MTIgMDAw
MDAgbiAKMDAwMDAyMTQzNiAwMDAwMCBuIAowMDAwMDIxNzM4IDAwMDAwIG4gCjAwMDAwMjE3NjEg
MDAwMDAgbiAKMDAwMDAyMjAzMyAwMDAwMCBuIAowMDAwMDIyNDk2IDAwMDAwIG4gCjAwMDAwMjI2
OTUgMDAwMDAgbiAKMDAwMDAyMjg2MSAwMDAwMCBuIAp0cmFpbGVyCjw8IC9TaXplIDQwCiAgIC9S
b290IDM5IDAgUgogICAvSW5mbyAzOCAwIFIKPj4Kc3RhcnR4cmVmCjIyOTM0CiUlRU9GCg==

--===============8422697945286407921==--

-------------------------------------------------------------------------------
