Content-Type: multipart/mixed; boundary="===============4441683960292434732=="
MIME-Version: 1.0
Subject: =?utf-8?q?Hotel_Real_-_Confirmaci=C3=B3n_de_Reservaci=C3=B3n?=
From: reservaenrealnicaragua@gmail.com
To: justo@becerra.com
Date: Sun, 09 May 2021 20:43:12 -0000
Message-ID: <162059299276.26762.11621709149063207534@localhost>

--===============4441683960292434732==
Content-Type: text/html; charset="utf-8"
MIME-Version: 1.0
Content-Transfer-Encoding: 7bit

Pronto nos pondremos en contacto con usted. recibimos su solicitud para RealNicaragua
--===============4441683960292434732==
Content-Type: application/pdf
MIME-Version: 1.0
Content-Transfer-Encoding: base64
Content-Disposition: attachment;
 filename="justo@becerra.com_1234567_2021-05-09 20:43:08.582200.pdf"

JVBERi0xLjUKJbXtrvsKNCAwIG9iago8PCAvTGVuZ3RoIDUgMCBSCiAgIC9GaWx0ZXIgL0ZsYXRl
RGVjb2RlCj4+CnN0cmVhbQp4nLVXXXPiuBJ951f0wz6YqkFjSf6cNwc8M2wRyGIyu7fCfVBsBbzX
2MTGUzP767fbNoSAJ3d3b92kCoxktVqnT59ucTDxf8Txw7M4xLvB8+AXeB4IKZnlSnAEEzZw4TEp
BVgWEzhYavgV8oHJXF9w2wWT+Y7nCHrwhLSFD+UG3isTNtWAzNu+3VjHdU+N9c6q6TBbSLBctOS6
wB3mc+/FukN/ZNS1fFPgt0PW5V807vnMMe3/j3E0zITnn4y7zP6fLZtNJF5eulkNhNVGB7/beAjH
dhA2hNmRwuOw2g3eP43MkQn4/DR4MJZhFC6H0jG+DF3XCIb/Xv2MHgnX9TB6I864a3kIyioZGIuP
0/E0mA1Xvw+4xSzT5JbTkeH0k/v4aHHLxEdhMtNyPNemXR+Mu6ErjeDTAu4WSwgm4SyYr4a2ZQST
RbMrF50xceSQ5TCXm770Orf50W1jrBIFcZbq/KBhrzYKdA7j+lEBeff6hD9x9MOE+2gC8wUsw/D2
ZjjinrGYRcHNLIyg2T1cDQgk4Vo2BsB0PUtyBJM17LQIZYT3zEU8GMYNzymu/TxtbkTTOTk0wlh4
DkLqX0A6XtwsFzAJYby4nUbTtRRyDuFvq2VAy8inY4xf7y4cB81gDnlIU/Tb9Gx08hIlWAuE8Wjp
75xOePg6esz9t+xHKcQqj3Wm3oHOKA4F5AXoCjmqd49FVqnHTL99EpvSzJac4v1fTtIi6TLP5z5K
ByHZBoCQjJAHutylByRCrHaPaVFBgpmi462q3kGlN2vpihwyBUla7Ys8fUyzNFEJgzcJjfsyhze5
I0zJUNd85PZVGi1uXqXReLqYh1E/rYXwSQZ9xyczRlRkBbF3W1R7najfEb29KpHdyOa8qD50hD5h
IVA5RuKcRGEGcVEdCjpvXuvqgKsPqkyfFIUCBy9zwvhJmB/alLi0bsA32NZraXPyBvZFiRGNt5rR
i+ZrzB+MaR5n9Xf9AT4fnX+H+1Xqe400+A6xzhWDaBre3i1DIFLbttHm/DK8XURI/FZvLu1iNtzN
gnG4hHCGL0Uh5cgMxrNpOF+FEM5hfD+U3EAFWUAwg8+L6C6cBD+HrE3m88Oar1PuwZjfhxH6EsF0
Hq3Io2DWxQuiEDo9tCmQHm6AY5/WWMnmZ56+QD+ZRneL+fRmNp0E11i21LpcM0Nm5ulaOhwfdjov
yjZKDqhuEMGLi0P6h8pZj5596nCcRseznkWvJ0zGqlQ5Mr48qJi2lTntVuq42CD/QUFVgyrL9LEA
lYHSZbGvddnS6VblalM3PBoOLjy5AvYNxx4QC5L9e4zcIqKgTaaEOcYOMb9bTJZraXKanDc0sYw2
Mst+foS/DVHAx/fLqI1b31s9x/4OqkorVIg4VXS6TY0TFq8o/TLE/WvapB/OxMVuX6oKAWmOfRnC
nS5jlTRK9/fiw2CCQj/HIjhZS24HJP3I73Ewj5oyMFtEfREcf6bK8DFc0ln/gZz7jfBYwmKNfIlr
/VpRce7nyQb5eUGNd/Bca0jb7IdDkSB4VV0NB305op/rdN/qGqrJ29WAe9gYNcXAkthAthXosqjW
ead3+htJHTr5UuJ/kIMjl/mWyU3rAtggg62KdUllAY+py6+ns8fUYpxJYaIfNX7siypFcW3OohIs
ffmBmFDnZ0R5sZ/uCE/92scGvEpDRuNJHdNXhigeEGN8MVNVq7nEyz4B6TS+wgBUuAY9LnJdMVgb
/6jUWyazsBp5LuAO+Mi7ju0V5iEBUjWagE3UeKvj/6T5hhIHXf9cHHRGNbaBmgsmLU+a7qU+7FNd
4npccISFOrekoFxmpybsRw2PzdAtC9tLm1O/0NMiDK+ScdQ0F56U8qJkLimsmxTVt8t2VMLqijsf
INyh038o8jnBJTaW5SLHYL9UuSdKCN3QAfuPqsCK15fB/2o0pqnLiR414UUzqimRfTYgSPSuFSdy
UD2Rw11P0Ms0YW3fuwnrLQBNGzipsRNqO8LVl/Y7SPEuofBESUocIh634+WBDhvXWdtEqUoXsCnV
Ia26F2igebppa1afSxjwMv16MjrGUpJ1IhBTX3jyJSEiYBpliM8eE+roJRXggka7XZfFXrVo7NS5
1Jzt2Lx3N7RsQ+0xZtt0kxJweRp3XpzmdHk0O96q3Z6aw/ZnmMfb+kkjkoOOknTX4qbA1MAWTmKv
j/c4iTwEebrYPg+agYatONq+3SSS4/i0wHeaq3J7U4P33zyYFINffnSNu+oZHU8e+/HLzBwfw9dU
rqxPMLaUn719JN7DPV/YXover5SJ6ccUC+XqS29NPQWvj2aR3tQltdR9k3gj3RZlm2TXC8uvdIS+
OSJHWsVprhpxQYdN17bx/iXx+sWt1nXjdNHB5TbzbGHjVety4hUm5xOS2abw5V8eJ4HzHfN6B8GZ
1cpNzxK8QojrvfsniHWDPwHluFXZCmVuZHN0cmVhbQplbmRvYmoKNSAwIG9iagogICAxODI4CmVu
ZG9iagozIDAgb2JqCjw8CiAgIC9FeHRHU3RhdGUgPDwKICAgICAgL2EwIDw8IC9DQSAxIC9jYSAx
ID4+CiAgID4+CiAgIC9YT2JqZWN0IDw8IC94OCA4IDAgUiA+PgogICAvRm9udCA8PAogICAgICAv
Zi0wLTAgNiAwIFIKICAgICAgL2YtMS0wIDcgMCBSCiAgID4+Cj4+CmVuZG9iagoyIDAgb2JqCjw8
IC9UeXBlIC9QYWdlICUgMQogICAvUGFyZW50IDEgMCBSCiAgIC9NZWRpYUJveCBbIDAgMCA1OTUg
ODQxIF0KICAgL0NvbnRlbnRzIDQgMCBSCiAgIC9Hcm91cCA8PAogICAgICAvVHlwZSAvR3JvdXAK
ICAgICAgL1MgL1RyYW5zcGFyZW5jeQogICAgICAvSSB0cnVlCiAgICAgIC9DUyAvRGV2aWNlUkdC
CiAgID4+CiAgIC9SZXNvdXJjZXMgMyAwIFIKPj4KZW5kb2JqCjggMCBvYmoKPDwgL0xlbmd0aCA5
IDAgUgogICAvVHlwZSAvWE9iamVjdAogICAvU3VidHlwZSAvSW1hZ2UKICAgL1dpZHRoIDQ2CiAg
IC9IZWlnaHQgNDQKICAgL0NvbG9yU3BhY2UgL0RldmljZVJHQgogICAvSW50ZXJwb2xhdGUgdHJ1
ZQogICAvQml0c1BlckNvbXBvbmVudCA4CiAgIC9GaWx0ZXIgL0RDVERlY29kZQo+PgpzdHJlYW0K
/9j/4AAQSkZJRgABAQAAAQABAAD/2wBDAAYEBQYFBAYGBQYHBwYIChAKCgkJChQODwwQFxQYGBcU
FhYaHSUfGhsjHBYWICwgIyYnKSopGR8tMC0oMCUoKSj/2wBDAQcHBwoIChMKChMoGhYaKCgoKCgo
KCgoKCgoKCgoKCgoKCgoKCgoKCgoKCgoKCgoKCgoKCgoKCgoKCgoKCgoKCj/wAARCAAsAC4DASIA
AhEBAxEB/8QAHwAAAQUBAQEBAQEAAAAAAAAAAAECAwQFBgcICQoL/8QAtRAAAgEDAwIEAwUFBAQA
AAF9AQIDAAQRBRIhMUEGE1FhByJxFDKBkaEII0KxwRVS0fAkM2JyggkKFhcYGRolJicoKSo0NTY3
ODk6Q0RFRkdISUpTVFVWV1hZWmNkZWZnaGlqc3R1dnd4eXqDhIWGh4iJipKTlJWWl5iZmqKjpKWm
p6ipqrKztLW2t7i5usLDxMXGx8jJytLT1NXW19jZ2uHi4+Tl5ufo6erx8vP09fb3+Pn6/8QAHwEA
AwEBAQEBAQEBAQAAAAAAAAECAwQFBgcICQoL/8QAtREAAgECBAQDBAcFBAQAAQJ3AAECAxEEBSEx
BhJBUQdhcRMiMoEIFEKRobHBCSMzUvAVYnLRChYkNOEl8RcYGRomJygpKjU2Nzg5OkNERUZHSElK
U1RVVldYWVpjZGVmZ2hpanN0dXZ3eHl6goOEhYaHiImKkpOUlZaXmJmaoqOkpaanqKmqsrO0tba3
uLm6wsPExcbHyMnK0tPU1dbX2Nna4uPk5ebn6Onq8vP09fb3+Pn6/9oADAMBAAIRAxEAPwBfgn8L
9F8b+HLrUtZmuftCz7PkYAY2g9xXef8ACivBH/P/ADf9/k/wpn7L0IuPh5qEJZlD3BXKnBHyitN/
grZs7N/bWp8nP+vNAGf/AMKK8Ef8/wDN/wB/k/wrlvil8IvD3hTws2saXcXRmgdWXcylT8w9BXcL
8FLNWB/trVODn/XmpPjZp66d8JWsBI8qRBI97nLMNw6mgC34V+KXhODw/p0F7rMYuliVZAVb735V
6PYXcF/Zw3VpIJLeZQ6OOjA968C8WeAPDlp8F21S30+NL4WyP5wA3ZLDvivVfhB/yTDwz/14x/yo
A89/ZjtzdfDnUoBI0RkuCu9eq/KORV9/gnIzs3/CZ66MnOPNf/4uqX7L8TT/AA71GJJGjZ7ggOvV
flHNWX+Emus7MPGOoDJzj5f/AImgB6/BOQMD/wAJprxwf+er/wDxdWvjNp/9lfCUWPnyXHkeWnmy
HLP8w5NUl+Eeuhgf+Ey1Dg/7P/xNXfjNZy6f8JRaT3DXMsPlq0r9XO4cmgA8bf8AJv7/APXpH/6E
K6r4Qf8AJMPDP/XjH/KuV8bf8m/v/wBekf8A6EK6r4Qf8kw8M/8AXjH/ACoA8h8A6R8UPAelXFhp
+hWc9u0nml5JVJ6Y/ve1W/DvxL+I3iG9vLXStEsJp7Q4mUkLtP4t717/ADjMEgPdT/KvhrxRruqe
G/HWurot9cWoacq3luRkcelAH0L/AG78Xv8AoW9P/wC/q/8AxdYni63+KfizSTpmoeH7OK3kdSzp
KgIAIP8Ae9q8J/4WN4s/6Dl7/wB/m/xo/wCFjeLP+g5e/wDf5v8AGgD6l+JVlJpvwQu7OfHmw26I
2PUMK6D4Qf8AJMPDP/XjH/KvjK/8a+ItVtms7/Vrua2lIDo0rEHn619p/C2NYfh34ejTO1bNAM/S
gD//2QplbmRzdHJlYW0KZW5kb2JqCjkgMCBvYmoKICAgMTMxNQplbmRvYmoKMTcgMCBvYmoKPDwg
L0xlbmd0aCAxOCAwIFIKICAgL0ZpbHRlciAvRmxhdGVEZWNvZGUKPj4Kc3RyZWFtCniclVZtb9s2
EP6uX3EfHWym+CpSQVGgeUG6LsGQVMA+JP1AW4zDzJYcSW63/fodKVd2OsVNbFgm7o7PHZ873okB
xe+U4cNIBvNV8pRcw1OSccIVMJMRqhRITYnWGjRR0Dj4E6qEkix8NKBG5pTjf2a4UAKaBaSWwqJN
ArTKVUTGbfcRmUaPO6OTImF8GwWHPPrNNBE5zXBVrJL0fsqmFBgU98nks2u++rmvj4rHJOwgLJNo
CEWZTEo3Jl34VWXbfock3LCcMmBE4CrglztMGAeY2WZMfOLr1i02jS9tOab/3XfQ2sp3thkPd+2a
tq7s0v9ry2hwXkSCRC4JFQxUFqgQkRCBLA/Uo0kURs56Tb9H0AzJ1iGLPbmQ/s1yOKuT61dQzzkn
yvDgmlFK8szoEf49dN5VroV1g6evOttCW88wMrcE13Z2tnRzv0KTrv4V1htXBtO6ck03Sq6rYF4j
yryrwwI+1h0C3TiLaBVc2couNjYsUbrlKJ6C5CJ8wmGen0JRQbAchZTAmESzkUP8oqjC42o9hnhz
AUNtf0PVJ/w9JrdfUEqhTBiFK3gCFh32T6R76xVdZkRgfa1AaUY4U4NkCZ/h+iex72eAGzJ+A6SS
5oW4/xfWFhAYVgnXGBVXgjDOvgv2ghqJpreluTwQTUzKFL1ImXMOuNol93ZSHGkzsauZvxOKVd/L
AfPcbpZ4L2BpYX0nJFv4ysI3NzuGoy/Fp58nWeqciOgImJJkrFAfum7dHqfpa6naQiIeXjthQgaR
vGwneGsCM0OMHKu+h7pdu9I+unZtGzvfzGxVt2Rer1JOWZ4ylnKWPoR7MG3wHkxX/SWYvjnp2LQ5
DVlXuSYyzwbJW49iOOmb5Q8nqfwcT4CxvZrlITYjCdNZqEiDQ2UnOFyR0VZIzMaLMfUFyQzOK65N
FirSCJEbGdvNBRLubehIDXYUt/BNtEcEOiB8/KM4v4Sb8w+XW9UAfjsh8OGImUmH7c2u8OGO4cI1
rkJQ+Afc08av4xgJVdy3Oi0N7cdM19iZfQzqt/hEl3uzgWfYVfB2cali2w8DWUiyPxqCqJ8MQb7d
oHEKc4PZx2jk8wHB6W5A8Bx524NXcfY8x1e70RMd9FsOOWCvnUAGx7KKHfvlF4A7jsJhlissGXx5
CfQOChpyvjfe9xXPZs+gQHLTS1/9Be/eQXp1+tsZxvP+PZycnSbnV6c/6tgBHT+gEwd0cl93nfwH
BxYyggplbmRzdHJlYW0KZW5kb2JqCjE4IDAgb2JqCiAgIDkyNAplbmRvYmoKMTYgMCBvYmoKPDwK
ICAgL0V4dEdTdGF0ZSA8PAogICAgICAvYTAgPDwgL0NBIDEgL2NhIDEgPj4KICAgPj4KICAgL1hP
YmplY3QgPDwgL3gxOSAxOSAwIFIgL3gyMCAyMCAwIFIgL3gyMSAyMSAwIFIgPj4KICAgL0ZvbnQg
PDwKICAgICAgL2YtMS0wIDcgMCBSCiAgICAgIC9mLTAtMCA2IDAgUgogICA+Pgo+PgplbmRvYmoK
MjIgMCBvYmoKPDwgL1R5cGUgL0Fubm90CiAgIC9TdWJ0eXBlIC9MaW5rCiAgIC9TdHJ1Y3RQYXJl
bnQgMAogICAvUXVhZFBvaW50cyBbIDUwNCA3MzcgNTcxIDczNyA1NzEgNzIzIDUwNCA3MjMgXQog
ICAvUmVjdCBbIDUwNCA3MjMgNTcxIDczNyBdCiAgIC9BIDw8CiAgICAgIC9UeXBlIC9BY3Rpb24K
ICAgICAgL1MgL1VSSQogICAgICAvVVJJICh0ZWw6NTA1MjI3NzQ1NDgpCiAgID4+CiAgIC9CUyA8
PCAvVyAwID4+Pj4KZW5kb2JqCjIzIDAgb2JqCjw8IC9UeXBlIC9Bbm5vdAogICAvU3VidHlwZSAv
TGluawogICAvU3RydWN0UGFyZW50IDEKICAgL1F1YWRQb2ludHMgWyAyMjMgNzIzIDI1NCA3MjMg
MjU0IDcwOSAyMjMgNzA5IF0KICAgL1JlY3QgWyAyMjMgNzA5IDI1NCA3MjMgXQogICAvQSA8PAog
ICAgICAvVHlwZSAvQWN0aW9uCiAgICAgIC9TIC9VUkkKICAgICAgL1VSSSAodGVsOjUwNTIyNzc0
NTQ4KQogICA+PgogICAvQlMgPDwgL1cgMCA+Pj4+CmVuZG9iagoyNCAwIG9iago8PCAvVHlwZSAv
QW5ub3QKICAgL1N1YnR5cGUgL0xpbmsKICAgL1N0cnVjdFBhcmVudCAyCiAgIC9RdWFkUG9pbnRz
IFsgNDc5IDY5NyA1MjIgNjk3IDUyMiA2ODMgNDc5IDY4MyBdCiAgIC9SZWN0IFsgNDc5IDY4MyA1
MjIgNjk3IF0KICAgL0EgPDwKICAgICAgL1R5cGUgL0FjdGlvbgogICAgICAvUyAvVVJJCiAgICAg
IC9VUkkgKGh0dHBzOi8vaG9zcGVkYWplc3BhcmFjdWJhbm9zLmNvbS8yMDE5LzExLzIxL2hvdGVs
LXJlYWwtbWFuYWd1YS1uaWNhcmFndWEvKQogICA+PgogICAvQlMgPDwgL1cgMCA+Pj4+CmVuZG9i
agoyNSAwIG9iago8PCAvVHlwZSAvQW5ub3QKICAgL1N1YnR5cGUgL0xpbmsKICAgL1N0cnVjdFBh
cmVudCAzCiAgIC9RdWFkUG9pbnRzIFsgMjIzIDY4MyA1OTggNjgzIDU5OCA2NjkgMjIzIDY2OSBd
CiAgIC9SZWN0IFsgMjIzIDY2OSA1OTggNjgzIF0KICAgL0EgPDwKICAgICAgL1R5cGUgL0FjdGlv
bgogICAgICAvUyAvVVJJCiAgICAgIC9VUkkgKGh0dHBzOi8vaG9zcGVkYWplc3BhcmFjdWJhbm9z
LmNvbS8yMDE5LzExLzIxL2hvdGVsLXJlYWwtbWFuYWd1YS1uaWNhcmFndWEvKQogICA+PgogICAv
QlMgPDwgL1cgMCA+Pj4+CmVuZG9iagoyNiAwIG9iago8PCAvVHlwZSAvQW5ub3QKICAgL1N1YnR5
cGUgL0xpbmsKICAgL1N0cnVjdFBhcmVudCA0CiAgIC9RdWFkUG9pbnRzIFsgMjIzIDY2OSAyODgg
NjY5IDI4OCA2NTUgMjIzIDY1NSBdCiAgIC9SZWN0IFsgMjIzIDY1NSAyODggNjY5IF0KICAgL0Eg
PDwKICAgICAgL1R5cGUgL0FjdGlvbgogICAgICAvUyAvVVJJCiAgICAgIC9VUkkgKGh0dHBzOi8v
aG9zcGVkYWplc3BhcmFjdWJhbm9zLmNvbS8yMDE5LzExLzIxL2hvdGVsLXJlYWwtbWFuYWd1YS1u
aWNhcmFndWEvKQogICA+PgogICAvQlMgPDwgL1cgMCA+Pj4+CmVuZG9iagoyNyAwIG9iagpbCiAg
MTEgMCBSCiAgMTIgMCBSCiAgMTMgMCBSCiAgMTQgMCBSCiAgMTUgMCBSCl0KZW5kb2JqCjEwIDAg
b2JqCjw8IC9UeXBlIC9QYWdlICUgMgogICAvUGFyZW50IDEgMCBSCiAgIC9NZWRpYUJveCBbIDAg
MCA1OTUgODQxIF0KICAgL0NvbnRlbnRzIDE3IDAgUgogICAvR3JvdXAgPDwKICAgICAgL1R5cGUg
L0dyb3VwCiAgICAgIC9TIC9UcmFuc3BhcmVuY3kKICAgICAgL0kgdHJ1ZQogICAgICAvQ1MgL0Rl
dmljZVJHQgogICA+PgogICAvUmVzb3VyY2VzIDE2IDAgUgogICAvU3RydWN0UGFyZW50cyA1CiAg
IC9Bbm5vdHMgWyAyMiAwIFIgMjMgMCBSIDI0IDAgUiAyNSAwIFIgMjYgMCBSIF0KPj4KZW5kb2Jq
CjE5IDAgb2JqCjw8IC9MZW5ndGggMjggMCBSCiAgIC9UeXBlIC9YT2JqZWN0CiAgIC9TdWJ0eXBl
IC9JbWFnZQogICAvV2lkdGggNDMKICAgL0hlaWdodCA0MQogICAvQ29sb3JTcGFjZSAvRGV2aWNl
UkdCCiAgIC9JbnRlcnBvbGF0ZSB0cnVlCiAgIC9CaXRzUGVyQ29tcG9uZW50IDgKICAgL0ZpbHRl
ciAvRENURGVjb2RlCj4+CnN0cmVhbQr/2P/gABBKRklGAAEBAAABAAEAAP/bAEMABgQFBgUEBgYF
BgcHBggKEAoKCQkKFA4PDBAXFBgYFxQWFhodJR8aGyMcFhYgLCAjJicpKikZHy0wLSgwJSgpKP/b
AEMBBwcHCggKEwoKEygaFhooKCgoKCgoKCgoKCgoKCgoKCgoKCgoKCgoKCgoKCgoKCgoKCgoKCgo
KCgoKCgoKCgoKP/AABEIACkAKwMBIgACEQEDEQH/xAAfAAABBQEBAQEBAQAAAAAAAAAAAQIDBAUG
BwgJCgv/xAC1EAACAQMDAgQDBQUEBAAAAX0BAgMABBEFEiExQQYTUWEHInEUMoGRoQgjQrHBFVLR
8CQzYnKCCQoWFxgZGiUmJygpKjQ1Njc4OTpDREVGR0hJSlNUVVZXWFlaY2RlZmdoaWpzdHV2d3h5
eoOEhYaHiImKkpOUlZaXmJmaoqOkpaanqKmqsrO0tba3uLm6wsPExcbHyMnK0tPU1dbX2Nna4eLj
5OXm5+jp6vHy8/T19vf4+fr/xAAfAQADAQEBAQEBAQEBAAAAAAAAAQIDBAUGBwgJCgv/xAC1EQAC
AQIEBAMEBwUEBAABAncAAQIDEQQFITEGEkFRB2FxEyIygQgUQpGhscEJIzNS8BVictEKFiQ04SXx
FxgZGiYnKCkqNTY3ODk6Q0RFRkdISUpTVFVWV1hZWmNkZWZnaGlqc3R1dnd4eXqCg4SFhoeIiYqS
k5SVlpeYmZqio6Slpqeoqaqys7S1tre4ubrCw8TFxsfIycrS09TV1tfY2dri4+Tl5ufo6ery8/T1
9vf4+fr/2gAMAwEAAhEDEQA/APoLx/400zwVorX+pvljkRRA/NI3oK880j9ojwxc2jPqMF1ZzqMi
MKZNx+oHFT/tP2thc+ATLcTxpeW0gaBCfmYkgH9K+RbeGW4nSGBGklc7VVRkk0AdD4+8UT+KvFd3
q0jEB3zEv9xR0/lXu/w4+Oui6d4OtrPxE9x/aFqnljZGW8wAcc9q4PRPgD4p1LTVuppLayZhuWGY
ksfyyK8+8YeE9X8JaibPWbVoWPKP1Vx6g0AfVngD41aL4t119MMD2MrHFv5r5En6Dn2r1avjX9m2
102f4hxS6nNGjQRmSAOcZkyMf1r7KBBGRyKAPz68Vatrmp6g58Q3F1JcKeUmJ+X6A9K6/wDZ3gs5
/ifYC/27URni3f8APQEba9y/aV0zQ18DTXt5bxLqO9Vt3UAMTkZH5V8maXf3Ol38F7YytDcwsHR1
6gigD9F68V/apgs38BxTTbftkc6iHPXBI3fpXGaH+0hd2+mrFquki5ulXAlifYD7kHNeW/Ef4g6t
46v0l1Fljtos+VAnCr7/AFoA5G3llgmSS3d0lU5VkOCD7V6Tpvi34kixhFrNqMkAX5HILZH1o/Z6
ttIvPiHbwa3CkyvGRAr9DJkY/TNfZ6W8MaBEijVQMABRxQBxvxW8BW3jzQhaSStDdQkvBJk4De4r
yjSP2a0Nox1fWmFyR8ot1+UH3yM19HUUAfnv4t0C58N+IbvSrtT5sD7QcfeHY/rXs3w5+A0PiHwp
FqesX1xaz3K74o41HyjHBORWB+0Z/wAlRX/gP8xX1T4P/wCRW0v/AK91/lQB5P8ADb4FR+F/Ei6r
qd+l2YG3Wyx5GD6twOa9woooA//ZCmVuZHN0cmVhbQplbmRvYmoKMjggMCBvYmoKICAgMTI1Mgpl
bmRvYmoKMjAgMCBvYmoKPDwgL0xlbmd0aCAyOSAwIFIKICAgL1R5cGUgL1hPYmplY3QKICAgL1N1
YnR5cGUgL0ltYWdlCiAgIC9XaWR0aCA1MAogICAvSGVpZ2h0IDQ2CiAgIC9Db2xvclNwYWNlIC9E
ZXZpY2VSR0IKICAgL0ludGVycG9sYXRlIHRydWUKICAgL0JpdHNQZXJDb21wb25lbnQgOAogICAv
RmlsdGVyIC9EQ1REZWNvZGUKPj4Kc3RyZWFtCv/Y/+AAEEpGSUYAAQEAAAEAAQAA/9sAQwAGBAUG
BQQGBgUGBwcGCAoQCgoJCQoUDg8MEBcUGBgXFBYWGh0lHxobIxwWFiAsICMmJykqKRkfLTAtKDAl
KCko/9sAQwEHBwcKCAoTCgoTKBoWGigoKCgoKCgoKCgoKCgoKCgoKCgoKCgoKCgoKCgoKCgoKCgo
KCgoKCgoKCgoKCgoKCgo/8AAEQgALgAyAwEiAAIRAQMRAf/EAB8AAAEFAQEBAQEBAAAAAAAAAAAB
AgMEBQYHCAkKC//EALUQAAIBAwMCBAMFBQQEAAABfQECAwAEEQUSITFBBhNRYQcicRQygZGhCCNC
scEVUtHwJDNicoIJChYXGBkaJSYnKCkqNDU2Nzg5OkNERUZHSElKU1RVVldYWVpjZGVmZ2hpanN0
dXZ3eHl6g4SFhoeIiYqSk5SVlpeYmZqio6Slpqeoqaqys7S1tre4ubrCw8TFxsfIycrS09TV1tfY
2drh4uPk5ebn6Onq8fLz9PX29/j5+v/EAB8BAAMBAQEBAQEBAQEAAAAAAAABAgMEBQYHCAkKC//E
ALURAAIBAgQEAwQHBQQEAAECdwABAgMRBAUhMQYSQVEHYXETIjKBCBRCkaGxwQkjM1LwFWJy0QoW
JDThJfEXGBkaJicoKSo1Njc4OTpDREVGR0hJSlNUVVZXWFlaY2RlZmdoaWpzdHV2d3h5eoKDhIWG
h4iJipKTlJWWl5iZmqKjpKWmp6ipqrKztLW2t7i5usLDxMXGx8jJytLT1NXW19jZ2uLj5OXm5+jp
6vLz9PX29/j5+v/aAAwDAQACEQMRAD8A9m8Tal4g1zx2/hbw3qiaLBZWSXt9fi3WeZjIzLHFGr/K
OEYliD2ApG8HeLVGT8S9Yx/2DrP/AON03S2dfjV4waJdzjRrAqvqd9xgVu+EdWu9VjvINWiWG5ib
BjwVO0j0P86ynUUZKPVlKN1c5qx8PeIr9ZGs/ilqkwjba23T7Pg/9+6i0rQvE2pxGS3+JWtbeo3a
bZjIzjP+rrc8Ji10zxHrGkQgrysiFjyRgZH4Zra0e4gVb1kCRxo7HgYAUE/4GueOIk+W/nf5FuCV
7HF2Wha/e3U9ta/FTU5Z4DiVF0+zyv8A5DqHxE/i3wBZRa/deK5PEGkwzxR31neWUMTiKSRULxvG
qncpYHByCM1ufDm0sZ21TW7WNke6uJEGWyAgOR+fWuI+LGuapqXhDxbby26f2VA8CRTIONwuYhjd
37/Srp17qPNuxSp2bt0PcqKKK6jM890P/kuHiz/sEaf/AOh3FTePo7jS7yz1ywO2RD5UuOjDqM+3
UflUOh/8lw8Wf9gjT/8A0O4rsPEFtDdaPdxXKu0RjJIQfNxzx78Vz4mn7Sm0ty6cuWVzxnX/ABYl
jr6a9GjqpkiDLxwWwhBz2ycZqvdeO4IPCUOFuE/tGGRfMwMYWUIx4OerAcdjmth/DGh6xG1vMutx
xxlZifKUZKsCB055xVvVfhr4fGk2sU0mqslj5oiZAu5SWErN045UYP4d68alQlJc0nrdnZKcU0kc
/Y+KLi28LW+h6SHW6uJW8yQcEbmwFX3PrXTfFfTE0f4GahZJ1jFtuPq32iMk/nmqPgWx8PzeJrT7
IuptPHukT7QihMgdTiui+PY/4tLrf+9bf+lEVd2XQlbnm79EY4mSbsj0OiiivTOY880Zlj+O3iaK
Rgsk2i2Mkanq6rLOrEewJA/Gu41QStp9yLbPnmNhHjruxxXI+PvDen+JtRso5YpYNStFLQX9vcyW
88IbqFeMg4PcHiue/wCFZXn/AENnin/wfXX/AMVSkrqwJ2HG08akdbv/AL+r/jWhe23io6FbLCbn
7Zs/eYkXOfzrN/4Vlef9Db4p/wDB9df/ABVH/Csrv/obfFP/AIPbr/4qvO/s6P8AOzo+sPsi54Hs
/FkPiGJ9bFz9iCMG3upGccdDVv4+sv8AwqvVIsjzJ5rWKJc8u5uY8KB3NY//AArK8/6G3xT/AOD2
6/8AiqsaZ4Es9H1qw1LV7nUtbmtpQ1sdS1Ke5ED9A6K5K7h64yO1ddCiqMeVO5lUnzu56nRRmity
D//ZCmVuZHN0cmVhbQplbmRvYmoKMjkgMCBvYmoKICAgMTU3MQplbmRvYmoKMjEgMCBvYmoKPDwg
L0xlbmd0aCAzMCAwIFIKICAgL1R5cGUgL1hPYmplY3QKICAgL1N1YnR5cGUgL0ltYWdlCiAgIC9X
aWR0aCA0NwogICAvSGVpZ2h0IDQ2CiAgIC9Db2xvclNwYWNlIC9EZXZpY2VSR0IKICAgL0ludGVy
cG9sYXRlIHRydWUKICAgL0JpdHNQZXJDb21wb25lbnQgOAogICAvRmlsdGVyIC9EQ1REZWNvZGUK
Pj4Kc3RyZWFtCv/Y/+AAEEpGSUYAAQEAAAEAAQAA/9sAQwAGBAUGBQQGBgUGBwcGCAoQCgoJCQoU
Dg8MEBcUGBgXFBYWGh0lHxobIxwWFiAsICMmJykqKRkfLTAtKDAlKCko/9sAQwEHBwcKCAoTCgoT
KBoWGigoKCgoKCgoKCgoKCgoKCgoKCgoKCgoKCgoKCgoKCgoKCgoKCgoKCgoKCgoKCgoKCgo/8AA
EQgALgAvAwEiAAIRAQMRAf/EAB8AAAEFAQEBAQEBAAAAAAAAAAABAgMEBQYHCAkKC//EALUQAAIB
AwMCBAMFBQQEAAABfQECAwAEEQUSITFBBhNRYQcicRQygZGhCCNCscEVUtHwJDNicoIJChYXGBka
JSYnKCkqNDU2Nzg5OkNERUZHSElKU1RVVldYWVpjZGVmZ2hpanN0dXZ3eHl6g4SFhoeIiYqSk5SV
lpeYmZqio6Slpqeoqaqys7S1tre4ubrCw8TFxsfIycrS09TV1tfY2drh4uPk5ebn6Onq8fLz9PX2
9/j5+v/EAB8BAAMBAQEBAQEBAQEAAAAAAAABAgMEBQYHCAkKC//EALURAAIBAgQEAwQHBQQEAAEC
dwABAgMRBAUhMQYSQVEHYXETIjKBCBRCkaGxwQkjM1LwFWJy0QoWJDThJfEXGBkaJicoKSo1Njc4
OTpDREVGR0hJSlNUVVZXWFlaY2RlZmdoaWpzdHV2d3h5eoKDhIWGh4iJipKTlJWWl5iZmqKjpKWm
p6ipqrKztLW2t7i5usLDxMXGx8jJytLT1NXW19jZ2uLj5OXm5+jp6vLz9PX29/j5+v/aAAwDAQAC
EQMRAD8A9F+MXjXXbTxVb+GvDd8umbbNb66vFiWWQh3ZEjQOCo+4xJwT0xjmuE/tvxp/0PGrf+A9
t/8AG61vi1/yWa6/7Atr/wCjp6oWKwqHnucMqD5YwcFjXbRpQlC7R8nmuYYmlinTpzslYbFqXjuY
Zi8Z6yw9RbW+P/RVPmvvH0OfN8Y6yoHU/Zrb/wCN0k13czjgssa9Ej4VfypkVxdQ/OkkiqeM84Na
+xh2PP8A7VxX87/D/Ij/ALb8af8AQ8at/wB+Lb/43XonwY8Z61qmtal4d8SXS6hcW9sl5b3oiWJ3
jLFGR1UBcggYIAyD7VwtyYbq3M6BYp1PzqDw2c8gVrfBX/krOpf9gRf/AEfWNanGMLpHpZRj8RWx
Ps6k7pplX4s/8lmuv+wLa/8Ao6esU1tfFr/ks11/2BbX/wBHT1n2dst0kiox89RuVezDvWuH/ho8
/O1fGyt5fkafh4j+ytbDuyJ5CElRnHzinansHhXThFI7obiXlhjsvFZEF3cW0U0MbFFkG2RcdfrS
SXc72kdsz5gQllTA4J71pbW5xqtFQ5WtbEH410nwV/5KzqP/AGBF/wDR9YxtBHZ+dcFldziNPUdz
Wz8FP+Ssaj/2BF/9H1lifgO/Ik1i1fsyt8XQY/jNJvGPN0S3KZ/i2zTBsfTI/MViqxVgVOCO4r2L
4l+HdL8Wy21lqdmkj2uZIrkO8csRbg7HQggHAyM4OBxxXDf8Kf0T/n41P/wY3H/xdY0q3JG1j1cx
yr6xXdVTtfyMM3/mqBdQRzMP4+jH8aUX0MZJt7ONDzguS2K2/wDhUGh/8/Gqf+DG4/8Ai6P+FP6J
/wA/Gqf+DG4/+LrT6wuxxf2LL/n4vuOYnlknkMkrlnPcmui+CQMnxW1d0G5ItGjRyOis05Kg+5Ck
/hUv/Cn9D/5+NT/8GNx/8XXoXw00PTPC9tc6bpVlHAHbzpJgzPJM3TLuxLE+mTx2rOrW542sd2WZ
X9Wr+1c76dj/2QplbmRzdHJlYW0KZW5kb2JqCjMwIDAgb2JqCiAgIDEzNjgKZW5kb2JqCjMyIDAg
b2JqCjw8IC9MZW5ndGggMzMgMCBSCiAgIC9GaWx0ZXIgL0ZsYXRlRGVjb2RlCiAgIC9MZW5ndGgx
IDEzMzgwCj4+CnN0cmVhbQp4nNV6CXgUVb7vOXWqqrururqrel/S6e509hASOjQQCKRVQARkFxOG
aBREBIHGSKTBkCAoBsQoKpsYIGbYRImIyIgQHCPquyrjCOO+jMaZuWMmo3O5XoV0cf+nuhOio/O+
737vfe97qZxazqk6df7b779UI4wQElADIigwZ9FNsU/+tGsQQjnfIMTMmlN7Z+C+r/c1IZQ/ESHc
Oi9266I/3/9tB0IFMI423Hp7fF7PAPYQnB+EZ0bPv+WmuWbx6n0IDbgb+obMhw7zU4YLcH0ErjPn
L7pzeThi+gyu34frztuXzLkJsbEGhApfguu/LLppeYx9gV2B0MBWuA7E7rgltmnmw8PhGt7J1SMG
zVM3s/O4VlitDnmiRvYM4s9gPbeIYVFRx9muQUg+23W2q9iqBJWsoBKcx6KeGuLt+UrdrDN9/487
+DyYoxoh/jB3DnlRJno0Ok4UDMSo9xOW6PwsS/L1LEojbFqtuCVkrbXXKBJba+Z1AZYjbj1ykIAY
8hGTkefcplxjINNtk3PTjCFLRpZ8vivcGT7bJXfKp04pFmep4iy1lCqwDUJFZd3h8HfdYbXbUkq3
4gnTK3Qy9zfa4LbKjMPIjHHVEVFnNjNVOB07rSX2IBmIC7ACJ5ESJRQJBli7jc8qCQ+JDM4uwGx5
5YrCD7ep9u4xN80ceSqB2tvJDMxi7xuJzWse2LLlgTXMB9Ls69XqOH7lgWsTn8Tj7Jfxd07teD64
dePGzSBOygeuDfjgRNdHB0qPivZHrGKt+VFF94hhE6lVHuRqrJtwLZKNFlOe3sLbLA4W5VqEEJPh
6qX1bBecAHldcOzqAdK7ZdgVH5niXuJmcFVJcuFaSxGhHavb27lR6xMP4HWNjWqcWddI16buek8N
nkz0nEy0vqfugvWtu/QlN5H7BuVhXbQ8lMFkBv1GMd3P+AJ+0Sjmi8ZAkHXgrdwqlOPY6lllt6zM
ieUHRGPQp3da7IwF6a32QZk+KzIX58vnO7rOdnbJ3XK3YimFP9CUzvMdsOTTahdIICkQExWGztQr
kgIQSfR+Pp336zJyhVwx15gr5Zpy/bmB3GBuRm5ouDBcHG4cLg03DfcPDwwPDs8YHqoQKsQKY4VU
YarwVwQqghUZFaGFwkJxoXGhtNC00L8wsDC4MGNh6IBwQDxgPCAdMB3wHwgcCB7IOBA6IZwQTxhP
SCdMJ/wnAieCJzJOhMqLC6YU7CpoK2CrUNVQpSQdJxWgCA/EkcGZwTDrVEIDcSiDt9scftAcu40N
ZmQ21/veb3+8ZfHBzz86jHOwsAZ7t9b7Op5/dMv8f/v8d8fV19V3Nqmfj8M379tTe8esuQVDh712
7NP/GjBAPbq96dZ5VTcNHjr445e/+DoMenLpPNjLNNATE1ofLTVJjDGdIYyYLogEDiASlmP1Bkbw
cxybLxKjgSO4VodqiGQUBT3HEsZgRrxZPvsmsBV05XxZlzOs9JmAM6yT9X9LNnoFjNcbKOM9RMSi
XjDwolWymmQ5JIVMATkqT5FFYAW2hzBskaA9ZIADP60u8VZ34q2NzEsP40fwZrDv+IVWbnY83hMi
n8QBTZhLgFn8RKDDjCzogehUi1+2wNIVP8eK/sskyJQ6S7piAerMJkZKJ0mC8y1ErJUljTpSo0MW
RTb1UShZeWTto7CsEyg829XPzC+TyaXI1Gm9tK8yIxQpwbBROydBUmKHnbyCCf+dKXkwMWbTysSZ
usMsPvOnODf7Qms8jgepZ+JMiBkBNKGZl77kd4GNiGDFRVELWmXkV1lWGmMukmU3ZJklaqkaLHae
B+UvjhqWuOvd7e4zbhZXZYWBBgYMS5EtzgBSZBTU9mRl+4svtp88fvykuk6dgZ/Gy3EcH1Snz8ZX
4gl4Ir5SPa6+oB5Tj8fxDrwAtifUuepj6mZ1LrA5hSuPAJ/taHI0D3Bl048xpT+k5AOc8IAqTIZD
Pt8Z7ugp65S7z3dTSOkGvOxWAU1UwBOz0+/8BTwpsVM0KWlMbMUrAU3u/frHWPJovHdNpBrWJKLS
qE1HarkaA6xD4HP1Ie31Rvr6nk4Ny8KAacVRs1kqlqLSFKlaikkNkq7v7fZQ8p0EnTpF3xW/6Eu+
A2TBfQey8KDyqBs95FxFpCZlldGwksS8JovRg2xZvOSlAnkzJRKKP2pXcVQqTluStoxZ6V7p2ZnG
4yrMs0lRXDZvKiSw/KHcdyPUt1VVvU+9Br+AV9yLA7vrc97e/+HZsx8/dqIAH/jz53g3vgXPw7uj
V6gPv3RcbVefg+3Unn19sqkBPkhoZNQjGpKcoCgPnBAsRuCFHvDdBItMujIqiG5wXHIH6E6xUCwW
G4sltj8vUngO3GAmrkvyo7BL3ZD0s9w78C4ZudH4aIZSa3TR15ngbUbe7rKYJXuRwZyvSCGDJgPP
ZRWgGK1QkNbUIPyH7uKjU7wxb4OX9L06DN6QDVH5k16XSJcx7QecrX7wvdr97bexex7fviZGl/S3
117/u2qOM18+/fBDT/XKii8BWaWj0dGgUZFqzYphlQ01kVU+z0pbzA++HVl8RqvMZzklv2ZESXak
pNb9hz90A4YdkQNTAqCYuL+INLXk2dBlCXKrC3/f/pcPfvfxjIdGHGE8+9RnD6kNmgAbduEhT7Do
9LPqq+rTapv6SnY23r488cqkibgZz8e34WYqRmpXybhlO/BTD5Y1LOo26mpNNQKqNeiw3YzYLItk
yEUhkVqSJjwl6eZS+nzkkLOdmhDED9TqwbWlggptkcyuDX/94P2vNyROtbczKt6ED6jXqUvieAC+
Go/BBQA71Kga1C1g5/WUf7NgLSqsxYpWRQvNfp2O5/2ybM6XddioJ7UCV6PgWhMy5OosubIIewlE
LFuYDFtqdZ0QJnUmA6PvaHAEq+0fFIEX0OkwqoqmRe1T7PP5mH0d32DfadfpdA5dtm6obqg8X+ar
+rQB92ojjZdmtbfjd8m9JxmhXb3Qs+gkXfzFz8i+OLgEdmjPlfEkTjlBPz/T/MGSqNfAYZFs0tVI
oJ2shRcselCBEMrlGVk+29HZ0wni79b0EeCJLhZPaDPOmNBmmvGrCW3yjF9VnEDypVMwqwxbdJgy
dFhl1BlVblSqlSa2iWvim3QN+gZDg9AgilXUZrTVphAM15xWb23kXl+nzn0tzr7bhZepG7ouFmrr
JOioeo79M++EaLUAhdH86AiduyDM2vBdnO0uFxrA1Qb8Wa5lJqssZfhjJVwubxesYpE+bYDfRcwC
zwhg1FlBifACXwJxkDNMVVl1lp0FpAVDozodPlvW0dEVlk93h09TwdCISAs2RmCFxhmg1CUKRKUU
i3IU1gGBqE4JwRA2QcDhcFpHwU3ZOa8sV554yPTD+//5cTz21k1xedvdWPow8df44i/wlOvmXDcn
fsv8m24fgUP3rcWPDT355JEzPJbU/+ALctRv7lzNqA+MeO3Ib97i1X9gEzOAbRRnjBw7My1hEq8f
P77an5QZ5BLsq2C3Ahoe9bJrOZ4ja3mey2cJr8e1/Epk0LlYxIggs46eDpBXZ9dl1WL/RltlRhCY
zkVofmDHbuxS38B3AaHuOHvs2GNfXGiMU1sDLB+U8qsZ4FeXGfllSb/qtBucZvtP/GpWeIgiZ0MQ
psiO/q6UeWN5ZeVy2tRz6m/xKIjn8/Eo9bcVH4LtH/n0Q3Wces2Hy3ATLOAu/JAaUxthWwp07rn0
JRPC1fD+YUcknkFG+WxPx4Q289SKIwKD9GxZmVxWVjkIHSF3GGLgvLqSYxwmoi45Vjx08JCSMJVU
KCN7T2zS5Fhs8qRYy6SYdkp5ORYw8C3QfzeaFM008lY3Mjgg2yGo1szUOGIeksuBDVjkXAvO5UJo
oIea7lkwhRQO0jhOfluDGXAO5d6d3kPedi84h2RYBqwANHT3XmgcwexJgtqfefftp08y+nb1ffVJ
9dfqH2iYlrCr//7ZH7Gd+RrOkXpA/QRn4+uSWI2QfiWs04VejY62puv0Oku6Xq+z+3kdb6PQk2+3
6IhVILV6rsYhGyFAs5qQzcrrWKfenKs4c+0AjUpIBAiyAwS5eyEoTFW9NBWzdXQ7NSTqSwa4v/Vq
TAqQ9DYalo4S7WZ7us5lcdlzLdPtMbue4wU9bzXa7LzN6rdl89m6bOtw20x+imeerdqzjL9LV2ut
tcU8DZ6dHgeErinIMuBkKEHBAEJZOJt58iQzHx/AB5lb29sT6KQ6KKGWaOjVcyU5SeOMOFtz8e+s
cnFjHHChOhWXW7RMdlo012itDT3ooT42DVDMY7MaA7wl5GOtzpAhkGUG8tOs4N2zLmdvQKyScrSa
m+jpKi0+6s+ekh3LvuxptbxTl8ws+nyt0t/pLsMKtpx48Y/fqM+qj6trDu7Z/eyapvZjL55ooos/
9pt7d9jsp1s//T2ZV7f6ntqLvq07dzWDaC9dSsavuoWWbMQjJOvQUK4OLwOZC0BbCc3RcV50HmEY
nA7CRuleBOJGfozsDrvbw3j9DocdvJk53Wa3mdIlkx0OfrMJVEQ0MpIftCTfbtIhFlvNRqKvVYQa
j4MG8C7iddststkkiTqWwcjkNKRB+J7UBFDrZI7i/MUk5ZcSF5lqyGDe5EFWUz7KMnEcwxHeZJQl
RW+zYitvldLNXpvXK/uycYG5QC5Q8ix51gKbjaY0E9rEGdSrgEeR6M6kuZU0za2kwZZyK7ZhCI8U
RxpHyCOUwe7BnnLfZJ8enjckUwjD5axIO2idzFH1jWOJ7mO4US1sZP7UioM4/RlGf0xtwn/dmHDu
YcrV4fE4M4IBJ6nOxpBmJP6SiMTjNO6YAVjIsqM1LCyMWlGjkW+0NFMsHGUfYRhlDlMwPK+BIY2M
io/K7qi72k1ohpGCReoj+sPiwdivZi1dOnv2UvXP6su4HFDYA7D48oxTGEhtf1lVf7sUoJLHOpyn
vqf+oF5QzyXxfyws6D3ehgxoUNTCt+gbWNTC4AioDolwVwjJKF7T5h6Iq0W/WCRWi01im8jR0Ke3
ksKUb00s2bIF/xCPx7nQ8iSN7ItAow7YfEs0gydIkFGLXt4pNdr0e0ijp9kW88kKGqUvNfDlzrCP
2hCN5JNUgz+FqNVSCu60OJpRnV6fvjP9TDrbjtr5dl27vt3QLpxBZ/gzujP6M4YzghECFzyYMsaH
uSAwh4aNJX0hYwCRyKQbfjWZ+SiRdff6mgdtewouoT+pXeoHEGdKWI89TMXv9+95xXKX/u0XVtz5
/AGADxN056pvpHjEtQAtPhSPDvDYdJITkxbOuVto9lpMBLdwe2WkjLemjePNEQgaxrIo4uFl5or0
JC6c7xebASaqfSWT4qPI7wfjA8GCqgozQDfTURRemI7SL53SdPNokb/J3+YnffnBKEx9UArlNIrp
xVjK+2hr3XMvbE3cu3rMdQvn3hMnkfjmG2e8+1biHOhhZN1tTzylhpJ5VTmlB2TuQ8uT9GCgBShq
SJIjNP+YHI0a9iqNHvD+nT+hp4fS8z8kR/klcpoZ9BNyQK0SdT9PTwXoWiHIJw8r0atMEmM2Tg0G
DAKjF6cGgoHeutbTnONpD9eIDuZ4Gu0HLc1abSuoN/oYZ4mdKUH6yfZM32RkDidrWx29tS0lVdzq
6eyS/9TdG8z9c3krKokGURBF0ShKoomHULuhvmBnQXsByTPkCXniAOMAKc80JDQmVGmoFCrFSmOl
VGmq9FcGKoOVGZWhBYYFwgJxgXGBtMC0wL8gsCC4IGNBaL1hvbBeXG9cL603rQ+sD67PWB/aZtgm
bBO3GbdJ20zbAtuC2zK2hfYb9gv7xf3G/dJ+0/7A/uD+jP2hMrCKf6pw0Rjm5ypc2dVLTZtX315z
zW2bfv3oNxduOLd6qaGx4fYl0ekPv7NLvaR+O+dTP867q27C2OhYT1betnue3u8PqucXLR5z5ZBR
9qzIjg1HnkpP5lVF6kxuLMjDiEJoabQAI8UnsK0eqcWckd4SEFptzea9gcc8sUz/YKQb5SwLmiI+
iPKlYZnUYDSLSUZEWgkUcuU+DevVq0xNrzJRZkqvogY5qzyrPutQFluFk+Yf0bQpq9dmKA5A3JaT
VDUm78YFiyorFy24UW3eii8Ubo19iTn14pexrYWtiZu3MuNue3FP21dfHdpzML5u+lQINS/Cdnbq
dHVcPJ6kkWL4fLAhIwqiidGsXhqBOCCxQWqB8KTZ7NfoMkWkMiAznEFRvbOnrEzD006Ntj7TKQ/V
hw6FqOkkF54kgqOrNYGo6PKTgosEyZLq2xZXzlp0WzW+eYuqK9wW+0JNYPJFbFsh0II/g7Uf+uqr
tuTaIePkAPfzp07HPSlc5pCGZbnogeig9Gzklx0mLhv7W0zZu/WOndZGl7cZt+hjJhIwhVhHiZOJ
pJtZ4J7sFMN5mm1QISVBDCg53dmtnqZonbQWi1ajL44O8OcPt5Xbyx3lznJXubvUMzm/Pl8osBc5
ipz1xnqp3lRvrvfXB+qD9RkihW+ll9ZsUNIRKTboQhGQXoDFkT6esPO3qvzYg4ufPHQx8eKKhgU1
rqU3vrkU+7BBbb53zoJrJ0+by2xMdMXXzZhy6MnnDpevXnn9nK8yMs4mPj13+y23zL1dk9+l+Wop
MxLkJwI6gfwcXmu6bHQ+5SUHDN5Gq8HYYtpr3ed3lTjQBN5hlqWI8Qo/wF9PRzJtlUF6b1KSAQ1K
NS91xB8oopULa78swUohTjvLiTiTZnh4ybRJsSWTp8byALH//Mey+69Zyoy48prh3IypS2JTJi9Z
rB6IX5z95F6bFVK8q29YSfFtBORoE0FmLnRdNAs5FL3Bijlzi8LtdjRLhhZlrygM1gOCyVdZ9LIx
YrrCnQTqvnqT5nPkDhqaUn8q+T1FnnLPZM+NnnoPrY71wsHlTyNJP8NOXMpPmXjnfS8nxm5pYdjB
T93tr2RL1Feum/7m8yrkGOBiTixZaKBrpP5+DazRg8JRJ3I2EklpNBqaaaWuhFbqRvHh/pW6Hkgm
ZbWj+LA5DSI8cLa9xZ3+2ESdOLsm++v/pXaqr+PB2LLki2UxedUdj9atWL9wtQlPPPoc5DQiddT5
+eoH69a8/l/fnmlYrvmEItDzDWwO5GK3RUMOmRON1t16J4gV7dXHcAtxjXOwMhNBY6WIWRaHaakY
Nc6kbfaUQe6eMs3DEDOnPBqNJ2kE6dHgx4M8Kfg50uRt8zI/UmHNuyWBCE7Z81tUvlxzaPjClRUL
56xmc3qmJf0zUxBPPHJ6YfNB/FEKW+jax4Ju2gBbro5mBu2c4kpv1btaTbDwBtRiiumbLd5RYpmV
idgVMM1hGX3A+c/Qcrg8hKkf6HW3vUgIS8X9kNL+2k+AUOXxhV6U1LzvA/2RcF0cz0th5It0zS9B
fj2UdGkxbSAqG+4g5jvsMXKfy8IzRuSSz5bR71pyl5bd97cRpd/5S0smUeOYvJgeY5MmLSGFk2NL
J01avDjxSr88uxHs4QPuG8jSKqIFRqvNKmCDaLNZ861GEZmMyL2M4VYa75XppcOplyxmBQmYTwMm
dWhJWqqOd54qYQfN11JpyRvUncOhMgOHFA13aKKGtepSZGimJckpbFq+4u8rAHDK275Xq5lXGi+2
fYK9LzU11j7IzsVXZmX9++8e/Xq3+vc2dfz5ba9gywtPP9+k5WZafUDLzeyp3KxNy80GXfqS7OOW
AuduiPqcgqxHLSyjRcoxntnrknUKNnAyQcMgLwA2vnm2g0bJEC73dModfcUzmuoImnq6NPV0IVdv
1DXZfaO73k2qAI+AEiVoT6nm0JKksv7b9u34ZpyjfjBgeHQU85jhiVMf7SDPxPF49Wg8sWzD6Jmz
dq1ufEHTzd58QQQaRkRdAJeWFttemRrWBB5QUraaI8oVjmTecLYrlTl8rOUOziJntbPJ2ebkfgyT
uA92XopNnbyEoiNek0ooKC4ugc7FF5dpeEP5qOVP/Dzgo0fj4zD6tZz6NrWUmw8Y5EcD0J3RgQMC
clrIjPNarajFpzc26thQq7vZt5fdZ40VGkp06ZFAmllGZdmjdI5wIXVs55OOrS/0OK12UDvSSue0
JpOmF1xCrlA+kEV6ZGBBUrLBJgT0AUOmYNB8mBZJ5USSMddI3N91A6jifq49wr6jvqx+suDDmqXm
Datb1/V34/gHVdfr48kzPdWf/2cwqN4274nX4v0d+rq4uj3l6l/UMM+rPgOJfTnkcsGomScsLHGN
YEAcRkSQIaDVSpM9H3dQhXGOwiMxZEqMzjv/Zuz7zalXZ/xu/Uz9J+rLi1K8nKnx0gEx3PRofsip
s3oCrQJqsXEAQp5Wudm2lzwmxDLZwU4rL9sBSst8o6RwphbkhJNRzs9EcEeWQJjG9Lr7EuVfc2hL
Yk7rLzPmYjAex8f+BUsQvvSVWsq+B34gDX0bnW1eK5tRmlFiTGsRSnO7GOfaNJTmWGt3wKVjohMc
vdlqY+wTaeXd4ZN5kZhkpBMbiddpI3KL27KX7POluZwOu9Vk1nv0so9HHn0J71F8wGCKLFoIRMse
ECFo9Tw15XYVy/+u+EG/XB5GNlqkv5KT9CZiRVYCXoDYWRfrdkqyVbbZ7XZHljXLFrFGbGXOMleZ
u8xT5i1LG+sa655unW6b6ZrpTjfb7A7wRlWcZt29oUc5ThYwsFU7MPXF99cMWn71UnLVVVdMyZXV
QTXMLfXY1LMRN63+ZtnNDvun+NrxV8/JYiPxeGIDs4xGvvS3LYh9F/jpxSXRW2ilaC2tFK1NVoom
9lWKJur1OlplWkurTGuTVaaJfVWmiQ6HPVlH0mvloxYX2asVlFoUwet22vvVkQyWostVpJ7/WRWJ
rhuyMRaZGTMRRLMoGM1Gs2Q06c2cG7k5cOTIa0d+0W/0S2kmxa14FG8WKhALjAWQsmW4MzwZ3lJc
ypQzpaSclErDTBE5ogxxD/FMxNcw15CJ/GjzaNssfANzA5nFV0jXe5ebl9uHmU0WlGbKRPmmCCo1
6ShAWPvXkMQf1ZeYMy+twc0b1W9x2cbE7MbX32hSx2/FHvXMXUzjamYP1sfj6r3qWFB5l/oX2G/E
++Lx3hoO9wxgshv9JjqO6rhBb1prMOgva7QlpdJmPWEgYhTZFr7BZZMJ0yLutSCDHZgv8IoDjXMC
03BEIVdAQNRBzbivnNtF+U9tuR//NXeZ+givaa/ZTut1xYLD7HDo/Q5WtJqtks1sE+0GR5rBLbhF
n9Vv9dn8Nq/db/c5/N4ib7nXWoWq8lKfz5QkM7gka7BOKWFeTaymngA/XY+/elXtxqdqEs116gdz
7qNRSY8br47Hv0u8DBxZWaF+kvomq9NqneBPCw2bnA+aRR0htRJX47YrtJiNbMZCwcMX6i2mXIcQ
klmU66KfadN6C7lhWsqm/1qRQ6tj08INdWK+Kb4G307fIR/3o4+2fR+ytWCh74M2M037rJ1A7Yln
kh+3VQF/p33ijjNzEzviKfnpxwHWFqO7o+UBj1Vi+QJEZF1OS55P3j2QNGcFXTaR07Xk7Q05DMht
FcYZnZPcevC2vH2SW7ZmjMsPyLmZkewrBmmOtww8b2fqk6D2QaqoLFl6KqNQTPHJSdMAFC4KR8PV
4Vi4KUzTgJ8vxvzTxeX04KPxB2teeH5rYl39yOk3zK9P7KofNe1GON5P5TVq1+J7Wkh8wU1n3qEl
G/zda/Mfvi/xj/5ntERVNXNOyqezL2o+PS3l0zdQ3U7MYrsv5XDfIYh+nmcQiwkLQEt/ldYBBJiR
GdOKUxEqwnwVoqVeCH9Yrb7Lwpas7+IgDqkydqrvtXLfqd9rfgHDvKSGnwfzFvbNS6Oqs28WwzyG
Gb3F4p+bjJkNk21o5eep96NkFZVoyGhELDMJjulIhh4TqkeX8HR8E16OV+FNzGnm40B2oDgwPHAw
mAEUIxRAu/A0XA3jdalxK4yX9o3/8h+tqX2Mt+MduBm2XantNGyv49dhXErdp/zkuSJoNmhWZEF5
PxnL/dEVB9GoAWhgkA7oGgzxDv0TIB4wIx6ivyTVMkSBLJy7/2mFGSgHZUH+AtJEA2G1AyCOKAGL
jCAfoG0AdD0T4rQClK3dHUaD/iW9/3f+XD+6yv+X9w75mb7C/4Nr+fk/BjF4Jd1rv1b4DstoAdJ+
e4VmwshsfDNcrYN9E6rGK/FWuHcSmo1GonvRP6B/tfa8H6+G7aA230noOZk8g/6D9EsgmoGWotVo
q/aO19jZ7Dx2JTsP0oENmP7m5BM6xhbCRvVlNbSVMHYzPcflsOWheWg06FIL9HwH43G0HQvcWzDz
qzgLzYf3TILWCuGZHtZyDpuYedgI99ZQtQFdAPoAqRegZSgOz53Ttm/gei6Kc+d4G/Md0DUOxni2
Gn0Fsy9FS7GAS0gJ8z08Owl6GilV+ABiyAKITaphy9G20ehmmGcP3BFHO5ibmRI2h96lrX0k+ggd
1dY9D9Efg0xDB7Q9Ij3oXRLB82D9lDdu7mU0UzceB3kTLtLVA68Q70OrmXnIT0ajGmpMR3n6ezWM
INtoY7KumdsWnVoReL0yWDjgJ5cBWRdoQ1PapHjg2KVLUypYL1fZxqW1kSx9G5sV+uMvDf6xcMCE
KRWBtnfGjE7NOqZ6NPRNr4BTegXd0D9mdGEyPmNuODas4vZ3bzSX/SfyJ8323Q8m/Ufv8YcpPV+a
zhny4F46qEV0dK9bo/oQMpfAeMx0LtV/+a+UfQvN4/egat6NqrnX0Do+cuk8tG/479FM7hlUTU7C
2A1wvguOLLRzaCbzBvDrG1Stm4JmceeRk3sYHYV2AVo1jO3hL6Cx+o/QTP4VuB/m4SNI4GaiGURA
YzknmsG9A8d3UDm7GlVwW1ERtBlcEZrBfHVpPjsUjWA/0+6h/UXMefQSzNtI5ySH0SBtDpiLPgPv
8tIju+fSV+yrAG4b0Fgd2Iz+ruR7EAI/g/CsFK2jgSH099ldoA93gk6VwRMytFagZhi0HcCtKLSD
1G9D60k2A3gDAZ4TzlNXAG0+tL8AGEOfBH1m6DT/Dhr0KTCvBe6xVAAYZ0KDcVsHQg5YixPe4fwG
4AlclRve6YF3eN5HyPsoZClwnnYEDOd2aJDEpBdDg+v0NxHyQwsApgU+B/iF/hDMl3kWoSy4LxvW
lr0L2vf0d+WadEsZA+DvPtAChv7CBnAesQV4DVyzx5iGaOcZlbw9gbylkjcF8oaJvB4mrx0np4+T
Vy+Qjs3ktyp5WSWn2q/mTtWR9qvJyWJyoo68JJLjKnlRJb9RyTEzOSqQ5+3kSDZ5TiDPRdnDz3q4
Zz2k7ZCHa0snhzzkmZ0S98xQ8jQcng6Sg0PJUyI5sF/hDoTJfoXsb2D3DSR7t6dze1Wy59cWbo+P
/NpCWp8s4FqPkyfv9HFPFpAWOLQcJ7t3ebjdKtnlITsl0vzEca5ZJU/sqOKeOE6eaGB3PJ7F7agi
O6Ls4zDb41lk+zaF255Oth+7dCp6id2mkK1GsjXKbvGRzSJ5bDN5VCKPuMmmh+dym1TyMLzi4bnk
oSaRe8hGmkTSFGUf3ChxD9rIRok8sEHgHgiTDQJZ7yON99dxjSq5H564v47cJ5J708lauFgbJmvu
sXJrVHLPUjN3j5U01Etcg0rqJVIfZVfBHatUUne3n6tTyd1+snLFcW6lSlbEq7gVx8mKBja+PIuL
V5F4lF2eRe4aSmrhidqFZBkcll0gd/pIjUrugJnvUMlSM1nawMaWDORiKlkykCxWySKV3C6ThRPI
AoHMV8mtArk1ys4LklvqyFyVRDfOWUhuPk5uqiPVKrnBQapEM1elkl8ppLLCx1UWkgofuT5MZopk
xnQPN2Mzme4h0zxk6hQHNzWLTDHJ3BQHmQyHyU4y6do0blIdufYaibs2jVwbZSea07iJg8gEGJ4Q
JuOhf3wduUYi464WuHF15GqBjB0jcWPDZMxoIzdGImOSIhltJFdd6eKu2kyudJEroibuijoSHWLg
oiYCiVz5yDyu/DgZBYdRVWQkvGJkHikb4eLKLGTEcAs3wkWGlwrccAspFciwoWZuWB0ZCk8PNZOh
DewQAxkSZSODXVxkMxlcYOAGu0iJwceVbCbhPIkLq2SQiRQbRa44nRRl5nFFQ8nAoMANTCeFAxSu
cDMZAM8MUMiAKFtgIPnZei7fR/Ikkhdlc3MULnczyYG+HIXkRNlsPcmCKbKOk0xrkMvMIyE4hFSS
ARNmbCbBgJ4LCiTYwAb0JBBl/TDqzyfRI+lKIZc+nPiCJK2OeO3EEybuMHHBsEslTkce51xIHHDl
yCN2TuDs6cTmIlZgsjVILPCspY4oQJJSSGTgjqwSM4yZ04hJJqYGVgLipAvEKBJjlBUhJ4ZbhePE
4CN6nZXTHyc6K+FhWt5GOIFwUZYlFo51EraBJdjMEQshUcjOzRyjwjXBkFqbCD6G5967ERf8//mH
/l8v4PKfD/03pudRSgplbmRzdHJlYW0KZW5kb2JqCjMzIDAgb2JqCiAgIDkyODcKZW5kb2JqCjM0
IDAgb2JqCjw8IC9MZW5ndGggMzUgMCBSCiAgIC9GaWx0ZXIgL0ZsYXRlRGVjb2RlCj4+CnN0cmVh
bQp4nF1TyW7bMBS86yt4TA+BZJJ+TADBQJFcfOiCuv0AiYsjIJYEWj7478vhBCnQg83R8M1wHpf2
5fh6nKdNtT/z4k9xU2maQ47X5ZZ9VGM8T3Oz0ypMfvv4qv/+MqxNW8Sn+3WLl+OclqbvVfurTF63
fFcPX8Myxi+NUqr9kUPM03xWD39eTqROt3V9j5c4b6prDgcVYip234b1+3CJqq3ix2Mo89N2fyyy
fxW/72tUun7vGMkvIV7Xwcc8zOfY9F13UH1KhybO4b+5vaVkTP5tyE2/16W068rQ9HZfcRkKb8gb
YCEW1OxYswNOxAmYNbbWPBM/A9PHwsd6Yg/Pjp4deEfeFazJ68pb8hY4Ekdoye/Ba2INbJjNIJuh
j4GPplZXLXvco0cb6BmAuQ8W+xCYOdTen1j/VLCwX0G/wl4EvQg9BZ7CtQRrCbUCraOng6djNods
wvyC/ML8gvwyEA+oZzaHbEIfqT5c19V1WSOoMdQaaA15U/siH6on13V1XZ6X4LwS/RP8heci9VzY
r0a/jjkdcjpqHbSO/bq6VyO1I/aWvK0891yw55HaMuCiftxIXFm8rc+34G85l2dQH2C9/7j50xw/
3+i6rFDV31/Mw/BiCmVuZHN0cmVhbQplbmRvYmoKMzUgMCBvYmoKICAgNDY2CmVuZG9iagozNiAw
IG9iago8PCAvVHlwZSAvRm9udERlc2NyaXB0b3IKICAgL0ZvbnROYW1lIC9UVE9QS1YrRGVqYVZ1
U2VyaWYtQm9sZAogICAvRm9udEZhbWlseSAoRGVqYVZ1IFNlcmlmKQogICAvRmxhZ3MgMzIKICAg
L0ZvbnRCQm94IFsgLTgzNSAtMzg5IDE4NTQgMTE0NSBdCiAgIC9JdGFsaWNBbmdsZSAwCiAgIC9B
c2NlbnQgOTM4CiAgIC9EZXNjZW50IC0yMzUKICAgL0NhcEhlaWdodCAxMTQ1CiAgIC9TdGVtViA4
MAogICAvU3RlbUggODAKICAgL0ZvbnRGaWxlMiAzMiAwIFIKPj4KZW5kb2JqCjYgMCBvYmoKPDwg
L1R5cGUgL0ZvbnQKICAgL1N1YnR5cGUgL1RydWVUeXBlCiAgIC9CYXNlRm9udCAvVFRPUEtWK0Rl
amFWdVNlcmlmLUJvbGQKICAgL0ZpcnN0Q2hhciAzMgogICAvTGFzdENoYXIgMjQzCiAgIC9Gb250
RGVzY3JpcHRvciAzNiAwIFIKICAgL0VuY29kaW5nIC9XaW5BbnNpRW5jb2RpbmcKICAgL1dpZHRo
cyBbIDM0OCAwIDAgMCA2OTUgMCAwIDAgMCAwIDAgMCAzNDggMCAzNDggMCA2OTUgNjk1IDY5NSAw
IDAgMCAwIDAgMCAwIDM2OSAwIDAgMCAwIDAgMCA3NzUgODQ1IDc5NSA4NjcgNzYyIDcwOSA4NTQg
OTQ0IDQ2NyAwIDAgNzAzIDExMDYgOTE0IDg3MSA3NTEgMCA4MzEgNzIyIDc0NCA4NzIgNzc1IDAg
Nzc1IDAgMCAwIDAgMCAwIDAgMCA2NDcgNjk5IDYwOCA2OTkgNjM2IDAgNjk5IDcyNyAzNzkgMzYx
IDY5MiAzNzkgMTA1OCA3MjcgNjY2IDY5OSA2OTkgNTI2IDU2MiA0NjEgNzI3IDAgMCA1OTYgNTgx
IDAgMCAwIDAgMCAwIDAgMCAwIDAgMCAwIDAgMCAwIDAgMCAwIDAgMCAwIDAgMCAwIDAgMCAwIDAg
MCAwIDAgMCAwIDAgMCAwIDAgMCAwIDAgMCAwIDAgMCAwIDAgMCAwIDAgMCAwIDAgMCAwIDAgMCAw
IDAgMCAwIDAgMCAwIDAgMCAwIDAgMCAwIDAgMCAwIDAgMCAwIDAgMCAwIDAgMCAwIDAgMCAwIDAg
MCAwIDAgMCA4NzEgMCAwIDAgMCAwIDAgODcyIDAgMCAwIDAgMCAwIDAgMCAwIDAgMCAwIDAgMCA2
MzYgMCAwIDAgMCAwIDAgMCAwIDAgNjY2IF0KICAgIC9Ub1VuaWNvZGUgMzQgMCBSCj4+CmVuZG9i
agozNyAwIG9iago8PCAvTGVuZ3RoIDM4IDAgUgogICAvRmlsdGVyIC9GbGF0ZURlY29kZQogICAv
TGVuZ3RoMSAxODcwNAo+PgpzdHJlYW0KeJzNvAl4VOXZN/485zn7nHXWzGSZmWxDQiAhIYQAwsi+
i4DIIhLDJJAECJE1CQhq2TcRBKRU0FJqETFStCgKSCOWqqWtqLXaxRIX+mJq31JeGpLDdz9nJgFb
+37v9V7fdf3/OZw56zzbfd+/+3ffzzMgjBCS0WpEUGj2/AcW/rHkYApCA2Bnps9euji0rei5qwgN
XI4Q3lm5cM78L1b/tRmhqALf2jRnXn3lhKbxq+D8CEL9F86teCBmPjHiGDzfA/f6zIUbzpDDgutf
wnXm3PmLl2+dlzwbrqFMPHZe7ewHkLQY6hochesJ8x9YvpB9kStCaMhj8H5o4YMVC5fU89fgugkh
7n7EoEprF1vJHYTWCigQVdi3EP8WFrmZDIvymy9e6YWMi1cuXilwmWEzK2yGK1nUvogkt39m7RK0
6//5IJ+DMFp08xJ3kPsapaK+0eTAAkSMVXrMvUCpImVppq5np0aQT5Oy0oyrUNRVWmbL1SvtV4xz
rQXHjWBtkMEzMc9mpGdHspliA4ULWZ+Z0RNnpDOm4Swq7FPCHRxsnW99vO2BhfPx43hUA3bvr8v6
w/m/XLv2lx/+pgBv+tWHsQcW4tTj+D78XPRO69nXjlnPWz+xTljP73+K9vHmJXYTOxSk0g09FM1P
Djv8yFBwg3+HuM0V3pqxJW1b9mZXmdKgMX4OhXukq3kBHUUcXCDdm5tjXG2GZhcWthitprO0tBfK
b22xWq99brReazVLS81SZ2lBNNPIrc1d3u1MLtvQ7Qw+w5whzWwz18w3e5q9zb4zSWf8ZwLqTOhn
cUY673F7oVcus8gTLtagm9nFvfsUhYt7Z8MzIaN4IC4q9JL8rzasXb940ZYTB62DdxyoefGXrR9h
ZseaBY8Ys8pemvK7L/D4T5c21D6yFb/W8evqRaOHv3bgBy+Pql8TK/8wJ+djEHai35d4N3KjMLor
mu1lDQ9B/p1qcKdgNrjqUINQpm5mnHkeg0RwHipOCci56SCkqy3tAwa0QEevtFAxtULHfaXQSQll
GBmrMpoyWDwzq7PxTHFvkJEXJFYcJvE+xPvHFjVZe/r8sLH5H9ffbPxhn6O48sSOzVu3b9+6eUd1
9aHYLFzS1ob7zIoxOdU33q46/fM//u6TP52HdmO73akgrwAqjgbQk75tRN2tPGFukzaTsmSthxJA
7gCfm0zV6R1bRVvaaTutloJjtSkYBpm2C4EmxdtFNSnRphI2NfL7pi+tz3Hgy4qfVdR4tjz6xJ7d
u5ZtDeBBh4/hIgvdxL3yC6yvN6/+4vPPv1yx0m5PfxjMiTCOEopGnXyDWMeiBgYGLCKQPK5ANq62
FLbbw1XYfqXg2DYHbcKYJs/kqa8j+eYZKECGLdrXLOk7zR62IjpW+ODRjssvvoirqquruWg1lddo
+CjjLiEH8qBRUR+RnA3ufQaoJSK8mqdEXHqeWeCNV0f7bVd48R2o0ndblV67Si9s8SpdoFyFXo+b
B0VzdVX/1pD8nkMG5+cP+Y+jHX9uasJzubqeQ4f2zB88+Ea36moysSahP1NADm6UjMZH0xjR04DE
J7ltStI29F3nZqUsRZQ8AZSMA3puCkijEKDinbg4qDSMVmoZzlBqNHVVKrmALuALzAXPhWSO2kE4
IZCiuKx6g6yQYEtKYKe0f/HMU/XfDe7M++qNy9Zn2Punv2LmIr99/arHDQaJH368auULTSCsdtzb
+vDFV18/9Qqy5QTjx7ZCe1PRwmhPQXUHWIJ9a2TSwO1LdmoEN8ibDWTe4UrJ4/U8V0Ttx+YF+AjK
YwoAmlquFAIqtRiwwcgOaG31FbZTzXf6Sgtezg+uCjYFya1BTrMHOQ22+CAXxUfVY9uux4wPc9wY
4GLyIRjgou/Pazp00GL3l9WvXnuADvHr8xb8/IOOc9XVDPrp9pM/tgLV8X70v3mJRLg65ENzo6k+
GRnqNjcrogae2ecuSxIME+dJXISg/CTj6gBo9sV3Su1Rh/Nmw2oGUCqAdqq0nUkoCgUmoaSbZ+x2
Rj2cwIkewSNmC9livn+Vf5t/v1+e6cqA9haZYU/YvE0u2cW/e+aZV/B061Dv4SMHM5vErdv3f4e8
VoNHWy/XdMxcN/aeWdvXbvkR1d3+1hT2BIy9gjLQPdE8jMxUorI7A2qDnp7WEJJ3ujcHykKP6Psy
g3lICPiKw1peqoEiakEm1ZzClsKrV+jIG1eutFDMKeyCneOrspqyqIuIa0wcYiKdg+30uBnqOeJD
jg/u2Lxl+/Ytm3ecAMui4HP9ejMFHzA1ZmTVmfN/+uR3f/z5SzUAP9bP29qs87NiVnKNretWKXsJ
2h9EeagyWpSHdOwyUkIkBzWk5ux0iU8JyjY2Y6cf/AT7vdR9PaQeQlpeKEWPoOLsgFDize1BVehq
3E/c6sbvP0/0AzyH04bQnkbPVT2begKEYtO2yUhxURp0pM8d+HY4he7h28C0mC1qv1x1ZmqZc+3K
Z3bfQlU819rTiarktfYZn/0jO/sPc8t+0rztFsAeqrE2J+D1jK1fJWDXH7MR5EdLouk+k1dUN7NG
SgJRoX1SGYvyfKBdebiflmdElPwAyKeFugRqF7aSgXRAx+Ja5qBaFrC1LIACCS07viq5KZnpMpaA
bSwB+pr9GIdvc33UbOI6B6fM+3jqUWtv0TM1L/7wEJ41qwEshY20D6l+rbr2/IdMaU3HE2cfe+3H
+JLt38BO2BMJ/zYimhXmTPBvaTvFpJ0abiDg37QycbMzOeAodjF5HhN6XJDepWz/4t6OrcoAFC2x
23O7ZkFL8W2a57nyDc2yduOqTp2jON4x/5ZqHarGSxIqdxrGHRfhX5E1bBjw3XhJIgqPFMPGS4Bw
fBtI46LnH1rx3JGVK48wbSuee27FyiNH4rhwBPr7GfCsHByJDgZVyQwbDsWRFmRSQ4aiOMY5lFCY
9eJVKMYtiHhXeWKBBc6qSFluyKGEU0Wf7mF0JOZ4hMzUHKQzuTaxaYkPgJPKs4uYtVp0SArGTJoq
GNpXcJo4TEs/ZnSHQYo6Qt0Luk/ovrD76u4cFbNz8pgm1+QZY5rck2eAwHNtfchFuZ2os7ibnOPI
UXLUnGBOKCeck95XKpX7Ofop/dRSrTStX7BfqF+4NL1vxih5lGO0MkodGRwVGhUelT5NnuaYpkxT
p4WmhaelV0vz5HmOeUqNWhOcF5oXnpdeldEoNzoalUa1XmsMNoYaw43p9RklB7o3dWdmIpCmz7Yt
EF0+7omLe2d+kxIEcRrAChtOzz61iDt5+tjJupff/OAFrF2de31znfniS0/9YMX5V95+3vqz9VXj
zZF4Mj78/S3r5i0u6X/n2R+d+nWP7tbZp7Y83FjTMKDkjtf3f/RJYcIPWZfxm+gSElFKVCFIZCUR
cU5EJONi8xVnqS1xUDjfQHwHBpwVRt8/9U1x++NvDTu5Juu5v0/v4m7VgEcO8ALdoy60TeG3UZeb
RAKeoRI43CRK1BLkxwAiHfLX+gEls7r01O31dTpWjxsxc3fu3r1z5+49Oyj78V++jP3WF8P/3NJy
+XJLy59ngze1cKH1C8uy3rX7AJyeHIP6c9BH0TttXRuYULWBjluq9jQ6wG2LeJ/2HAhA626pWg9P
6kBdjHiGZzI9dDTs21WtHdpvk+hvqlqnpoVsTZsaCUZCkXAkPZIxXZ7umK5MV6cHp4emh6enT81Y
G1wbWhtem742Y1dwV2hXeFf6roxDwUOhQ+FD6YcyUqPdV3V/wf2C5wXvC74Xkl7wn3af9pz2nvad
Tjrt16h2JJC3SzuoDfo8/6Qd1CQXVbNbNq54ZNaTazY0fvD65FdnV7PrlyxeNn3d47vXfPH2nOb+
15ctnTlt+JRePfK+U/n4obzcL+csnjhxyN25PfK31O5+Pq+Ln5D3YEyT0BPRdFFycRjpDSbivJtV
qcHc55BFpgcy8pxiRMnTCvxxTnLxitFMY47WQuvcORjAcyaEHAXRvgYysMEYxGANzvAYXsNnJOUH
oiiKo0yURNkoN9QT9UZ90SQPVM3Ql0M4xPAzb5EYv43LftgSuNxpGGYXTYwTGvJeNTd+zPrt73e8
S5lMn8MNPWazOda1u8a/1gSspZpMrnq9tkZL9FG4H/pYgH4UvTMUcKks3x0RIdVYQyINOfuywklu
Byc09CSbM7wS8rvkO5T0vJAI7JYf5LvDH/HkuQZ1y8sNRTLzsgt6JWhZS3snNTOp+eQPGNBaCPzM
aqWeyFcK+hN1DCqcVVhb+FhhUyF3q4e97B72gi3ew6grX8535Pvyky7IFxwXfBeSzhRKM/G3s7Z/
uegaDzar+AcLfnjwkMUcKKttfPiAJSaOjE30noqtOESmLll24Vc2ucv6/sZXj9FhYvL2r4uf0QGr
XtiY0Ik68GEpqC6aLXiRU24A2GC3+euA+LvFfZqk4h5IdQgR1Af4v8csSAXS11IIjrgZjMkORwtB
N1o/AOUodFI/ti3ttmgg1R6BVNjiI/CTMlSGmUFpGPQfx8Wdiint6+xiUcIMSN0DeNJdcybjHOvD
Kx1HmpqaXvnxkLWDOf+Y8XXbN9S0H7WjhDXHXk7yd3Fv6Ecqqo3mBdyCmmDedf975m1TjP8x9Tb/
J9TbJhS2m55yG/feZgsFTPTmzTg34iud2UhFyODRXSPjtvvGzUv4bdQKeNz3uMoj6rrbm8Hp3T31
uAwxCTtggDFgwLRe6Dh5QCpTAJvjzzhMHEL8WUHJbT7+jbGlJePHl5SOndt3/Pi+JePH0TrqEOKK
uPcB8SdGcz0u/WFztfqwQ5BWk1quHNe6VjseQoaia6LOu3UvizKdssmEqSMARkPTNBevFFJacwWA
tb3ZaIEQrLngeIH/LuoYOoeJ7gllto91p06xxxo7JuLLjY2WjznVWM2hGuv4ryzlpGWc7Nj2K+s4
slECgT+KQLDXFJ1jGoy+3+1xa/tVzQOHgbomiIJDYdSBoigQhsH7eYFH+5ORAIeBGHm8Hn+ASR7o
9XrGeTQBsWLAy4FaJJF9Ll0hYoMpJ/s9hq6BojMYKU5WcvpSwF1+0gz2TbXiCigF/ehyFtxXvkLB
EL+K7/Grf703LR3URplMVYcSkxRbd1JgS+DBH1kkax6UrGWhXG0EGqXdi+4VpmlTPZWoUpirzfXU
a/WeNWiT5paxxEhEUnmd83MBPjmAA0yA+B1+JaB6dL/fH/AkdwNqlsfkkSxHltJNjWjZeraRbeb4
cwKR5FJmEFNKBpGRaBQeoQ3XRyRPx9OYaWQaDxWq92r36FO8U/xTAlOSq3E1U03mCHMdc5W56hyt
Qq9MXo5W4BXMCrKCr1eXaYv1xcZic7F7uWepd4l/SWBJ8lq0Qdjs2KxsUDdo6/R17rWetf61gbXJ
M6iZuyhwZUjYNg1H/CBh+yYz+Q/b8JNbrEt47CbLs+6LLzda87bgLOv1R/HHq5gNuKimxlpmlVRX
44HWWfjciU9BuAR2YucGbDsR43Zyf9xOQIeZE6DDDlQSdct8rVjOolpGwpnIFEgmF1bi6QtbT4GF
FxZE1QJ1glqmLlRXq/tVPpFZioNtBm471fHKqVPMiFM0S4KgaqjjZhvEaqtAF1MwiU7D+xmsa8kp
TADt13XNITPSfg1sZL8gwqU4UBIxgzmeEQaCWo4TUxk9gBivB/iKKvGEaXCw+5zfS2U8miyJAnhk
UVeAvigkFbTv4hUTnAsFWeOKrX0GwCz1v+CG/r0WxmmM+BVwGEGjHGa6z5iGq/ByzAq6x8jhcvhc
OdcR0SKgHlPxJOYebgJ3Dz+BnyRMkac45uIYU8aV8TFhKVqGlzMPkYfYxdxivl5ariwHmrtEX2Is
NZcGliYvTekG4uVKcEK+8SGzw6rOoBK/OtxaVI8vH8bdcff9eNsyy1/YUJs/u/B+vnRAyZCfvkh+
UVPTkcV8XFNzY/KKGYb+9tD+d1D++T7g3R9Ivc0/g1EdUM3zgC6VJTkhakFJxsUBFGoMyk5avwFs
5m3n74/r23fc2NLSseP6lo4dW9p3nA12fceNY5oT97t0ht8AOpOM7o/29K2WdIdASK3Klfs9JsG1
0kMu5FYy5QCfKTq1TK9sGoB9SSJgX0on9sGHYf/r9CDXBrRScUHEHUpdmLo69XQq24WBngwznDjG
dY16vzpbzQhPP6nStbedsjWuo51hYXAQeIpHOh6iebqb/a1SfMzO06Whqmh6muFTiOTzJm9zSUqD
ts/1vWBSDy8ivLePHlHzlIKgQRkMHSpbka40UzUyfkGZMPi3UFloYeg2/xa0MSoIWxyjji/yLUpi
0Mxv5PHsoPn27EHxuzShd2dB/pAeR3HlT58b+ejAWcI9E2fc25XXsxpqbtQdPBkOf1w2vfFhO88K
XO08jHsSdkVHuGIA4c4Y4LfHAPB2GwDd4zwup8BimdSKXLnXUEAYGgJm7BKIT9QzTV+mxzTVTCnT
wWZ6dJTJhG3S2nKxBbg+uPNSO/Fhi8RXeHVA6+3oLRhsYueopegBainrJUF06k6/kOQMOrs58505
rhx3X+cgZ6mr1D1KGOm8yznaNdo9VZjqnOWc7prurhLmOmudVa4q9zJhlTPI89B0kbhEt1dwi25X
tpApZruy3X2EIrHYVeweLgwTh7qGu+8RJov3uCa7Y0JMjLlmuxcLS8TFrkXu1YH9gRcCpwOZYFcJ
ZZHwLT3BGdjWlPP4x4zCKHjPW6c7Tpyy0BYL2cpy4yM2YqsK+8iNv7DmDaouYEvUr/thnEXwokOi
YVTreVQRarVyn1wrCdijs0kZiNUAjzK9yHSEA51KbXxuxmMloHjXKMcrODYrmXK7cDzIC+N4EwtZ
iGEzqBLjNiw+sW/fE9Z1axno89k/Yt5q+6P11hfM9af3PHmgbRdt5aU3zrR0/K4adbaNL7FtLxOt
j450yBJRRIOwBGTDknEii1IIm1LreDTDVespN1W2VucFf0aqQ2RDGssRvxeFNJ7za5lKSPO7jcwU
xXSGs7q60GKcOUMVnU6T0FyqGVeHwniHnKV0u6USXDz2g7jLR1PVpCfA1i3ybWt/VmfnyfvDK7p9
9LJ14PKQheV/eK/jIHT477/96vmOBhzZ/dhju62PmM9cMyZaw6rxxxvv7jhuO5Bfnt77Yva2Xbu2
Uv13g1wGQ9911BhNljgHqRXKVVyLZF1kdV7LFBUTZfKMAZ6gpb25hUavtiyuWgOaC2nyS6L2atjJ
DgjHEsmOY0HTNmbHZMo8KOswbIs26Jtx1uHIN8vMbeYB87TJzbQBqBOSqAzXnbZGNXI9G61Rp6vZ
q5dxGXTxhhKX182r0OaPoc0McqLno3ejGMdzTAwzPM85TcaI8Zxu3zIQA/aMDVHQjDg1M8C0xzG8
VgscUiRsLV8uE9OmXKIAX8BIdUnEZVx8J8G4WsDfXbzyDUcHIuK6XJ1wy/fZFtzNSS3YqyMd/LGu
s924bnw3tZuWZ3Z38pSGgCkVF+GiOP8gYQJd3ctkWq0dIx9l3M8ynh0dnx5a2bF55UEmlTl3I7Wa
q2l7AijHSOtEQlcX3bzEp3JfA+6GUF7UiRYo/IKkKqUsTLRkSXNmhe0JxngWC6D/5VnptekH0glN
ijiBssbnE33xacbezhIIGELIdDPgpMnIv7e1/f1aW9u1PTcfWDh//sLy9r14GH5sAZyMx3fj0XgM
vtt6wXrJetl6oYZONqa89BJOXVg+25piff/H1qe15bO77Im7atu6B90R9dt2LqO4nSeMnNq4lyZV
Cym/iBt4ggtJBb67fKt9+332DBu0zkDhjISVx69w26uAQiXWz61PXrVtfCJ+BL9gTbBWVeOxuA9s
I+NWbi21nrYOWIsTcUUQ2qSigmjAIQk0nJBWg6KDQ5V1BZwp9aVaokl2FNbaCvYJ0cNtHjMeK4B3
ZA7bMULNDbPN2kTtKAZyOQTlu9DCaA+Deg/B0A19nCFg0LRamSs3qeOQMgVnpuHIFHQVqjR0JuxO
VNkZ+51rpX67kGaX41oXdxE0GeShyqVxAi7w3OVZ6Fnt2e/hboE0TjTSxufY+fN4FVn1M0Y5X98+
9LwNzJVsfk1NWz375xvfq7Y5Rxm0uRza7EcLolkK73chaY0X4I2gWp0p95YFgKwCpulGphNnciay
URkcW7vdUtCwOB2MB6nHg8llyQy+LRP6bUnxx5IP0KR4vKUGzSj7Oy8QlS4OnmZGnj752WcnT+Pr
p6w26xxsf+eqa2ra260//elPOI0AE2n/0nrO+hyn4Ek2F55sTWE+hH640fxosqhLmCZ/QctqHeXO
R2jCV8nUTFn0AIbFJw0NOklhtFrnEtNEMsUwj91WD/J0YliB1+6NBr3R7d54bAzz0DftN0gn70iM
vE1GjjxIpk5ddv+XTN2pc5+M2GHt/Y/ZD+z6LVcKQ3/6vz5Jp3FDPE9QAnGDBHGDgCagHbbdbIB4
Ypdt21lodjRdQXyFjio8wXlp9RkVyVWesuyQnOYlvNOj8BKX5MgGcVy5evtqgtYPWmliLEtSJNWk
STHeEEzRpbhUQwN1NEyTJqDHB8eHxoed38iTEpo6oEnSjHTbxrqSgAzz1JY9e7Zs27XnlaFH5v0B
E+vy5Q7razwYZ911dEad8siCs6eGXzh79sLPXn/rA+brMaOtq19esv6C6/H9eD0+mpZ2raLa+q2t
bxMRIlcgZlFRdTRdGggxCTNQlMRxDollGvh9UgOSGJn04OQegsIhjQYfzVds/aLWaFnNYIy3uUk7
rr3lYTRbOhpsCc5YxVRKDFiHTV7CHkytdyKzt+Ov1aSyo5IZXDOFVJ7AGVPan3zDer8znqu24zln
PJ6ba+dD4v5GqIH72ba87mYv4SVQlwL3n6W8Af8tOodG/DEa8cfiEb/RFfEbEPHTbEGMZgti8WyB
0ZUtsF2SnQ/Adhqg1pTL7cRAbRLpzAdINCGgsk4fm2JcvD0dcPV/lQ44pqcCkhwLpt7uoztN9l/S
AzclxGuCJwl5Na8nB3UTsrRsTx+t2DNMG+6Zot3jqUZVwmwt5qlHDYJXQIKdJBAE1sEqgirqglf0
iwEv8mKaKPCqfoj/PKbP4/N6/d4AjCmOCNngI3P0LCPLzPRnBvJT+6ASXCKUqH31UqPULPEMR0Pw
CGYEGcYPU8foo9zDPaO8o5LvQZMgcpxEJvH3CpPEKY4pyiR1hj7Dfa9nmndacgWK4QqmgsT4CmC4
FY4KJabW6POMeWaNu8Jb5itLqvBXBCqSy1KXowbcwDSQBr5RqBeXO5Yr9Wqj9pC+wlhlrDCjrlVm
o7PRtdJd71niXe5fHliS/CDArvSNJELXwb7JHLJ2vGE5j+Cj1tgDzIQmHMWjzuDLz1pL8IcHOpqO
Mas6/gOCqUXMlpoaK4g/hRDrjY5B1Yn8m71Wx9ZDJq6HpSge8wNu0JhfQyeipbLEiPtVTRX284IG
h4GiAHJjOYYfiDEaJyBFpNklmexDmgphPc9iBFElo3exm3gu6d/qDuiJKFOPM5IHsUaEkDBJmC0s
FQRRFKVkNpnzSB45C+WyuVyuBMG81hcVGCPRCHWEdi+aqs1Bc7Wl7FJuGb9cXC4tl5erKTBo4W/G
6bjNqv9GZF5PXuuMxduHJuZguJ8CJqahEYCIpqTW6tICN1qVGiMLAlXusiDSUzXFTM02eM2XFaTs
B3iqHWXeBokQY4ZCBaG77BgTUC0ELAjRKX5w6WGTZzPixIIuuuKCGb8/Z1kWRA11v5hpfYFb1ljv
vmAdtarwHjxtNTb3sr6TP7aOW03WT6yjffvih2s63hs3Dv8Qz8Ll+Af9B1hPURnaOSAbM1LjmEF2
4SVw3+Zv9v1I/D430sYSyk9oDOJBw6ORb2Y9Xbg2kfR0y6Ku8Z1JT28iwACMhA4XxidIrrVadtaz
4NtynXaEz55r7BiIrcZGi/nLN/OcdqiGCDpqvcfO592IB6TuhSqjpbzqzmbDes8eebrmQhV54VCW
UJGcGsjPKytMl0M9Ay4iSMiQNcKHxJy8rBSCZBAHU0jnvJqBQtvTXl9RskDlUnhxQPMVaDc0+oNz
dmwECJY1EIMzihCNrnHwAYeB+Me0J6RKzCKTXoA7ipj2bJRgZsAj5ljdsqUPxuY8WLXQKp/H7tn1
+aufNMcqTk6br2xceu3NL9+Llf1iqLxg1pTlQea7QtXUCdXhjpHYvWEzwZ9Ff7jxwFkFK9ZVsVeO
1bZ4rWQNGPL89kM/063/xBpTZPsrsDdyFXRPRsujKSwNKQBMuHEETInjq0S8CEmCySLGAZ6qub05
TmGb7bkpalOdxK2TYDhsguFAjs4ZYSmEQjhfypfZmZ2rCBw2+jrou/Y7VD254iwaHQHlZa338LyN
mK1mf/vTR6+0NSRignWAF9ts3uBDGVEQkMJXOKvoPCl4donXHbfmSe2g4JuhALJNgX4ym57cs+dJ
uv8NHLj5t6vYsL4ejifgSXgyngAKf8R63mqaDXawANfiPdZca7v1uDU3PldrTbHXjnhRBpoU7Z4h
uHwEhXbKqMHN4QYS2GlslsvII+59mWyez8VHPEweKk4NqLmZ9mK7wvhqu/9m5UsiBP7v14c0dfz5
6L9bGHKDq6nBn/3bJSEw7M9YbzBbQO9VlBJVBRXxdRqPZJMwEBa0N9NcXzuds8bZdOBKPLw9fsyW
v12//re9a9futd6Yjz/Cs3EMfzS/vNpaZX3fOgghSbzs7VD2Srvs5KgiYCTWaQ4TnD5lOYVXOot2
FfehookUe+lh+9516/ZevX7deqO8Gj+M74NReLi6fL4VsfZZ37MiKMElmb22r5ho48ldN0favuIy
4Ml0yolxfnSYqjCOmGEackySTTgYDplmN0RGshMcMtYdNBpW+XInRESK6XBpADCSR2CQ5so0TQ5l
MsCeW4A+N5tOO4th/0tEbf9XP6J7Kd9AcT4tfRvZ/lce8s9kOxoT5D7yMHkGmW5WysvJMlkUJNFB
FKIGhIBoKIaaK+SK+d5+Qj+xROorD3KUKoOUUnWQOkgbpA8yhkujHFOkaY4Zygy1yjFXqVXmqrVq
mXepsNT2+cvVbd4c6qLsJNftXoomJB49bRVtZrofxUvwkmfxsS3WoNPVjJ/5ArzVQeY++MzruFgN
DZ6OP2SmM4sARY2XGOB0iO1a3+IKe8LTGWQhZtE+WycgcGTHg92moHHRsOJGuooWM7FABVelLjPd
quJDMvbxoiYb2OlIBSyls1vxeIuCPUB9q2GvdIs6hsvDHcOV4UCM6Mxvhj0RyHrcmBds2hsuxja8
gq1gfmHNR3MvY836RZJirWNql7Tfgd/ctfp7G7ftY+uwXDrgT2c/ti744NkJ6+B83Lzrxsbdh7dS
Gx8E7W2C9jLIRPujWQxok4RjsiyNw7KCFmkg70VyFWFElkemSkCpGKdxFcC+uX1As60sLe0DaNbc
vC20tfMm+RIoyMshKaSGNPINUqrSj3j45bQ1wglbQiOSHDiA++JRmOUZL9NN7sP0lUcwI2WBZlpM
qbPn8SV9RczbFkNe7pj6dcdiZus5nGpd+hq3kUD75xZfjbPmk6vtco31MZULujmYOQa2Q1Bu1GQI
HCFUGcegKpZBmOS/Yy/duPpOQuHP0x1QvghnMM4DHa0HuPf/MT++VgnG61E7D/JgNJUQugSBUG7G
YbJMKMeEwQSxMuLBDMFPxknZ1Stm6b8EObbJSHb3JboCt9NknPZ925Qk+jwe9/hwEmGAnmbEAx/2
0Y4TTzA9OsYvIR9ytW3buV4n8H02RlwBjPgM2qehx6OlLAQwNP2NYwiLNGvGYBCvqjHg16mERZmH
oahV2HJRpdNE0Hrgk5zjFp/8v+OAAL2fGU0XsciwhGVFKQknMUlSipqidWNy1VygsdiLIxhUYKbE
xI0vwzZCXIlfwSeexS9v7/iPIx2tTzAhrvrGWrYBoupdNDtg8xbKoWL2eJsoEw2LRtKEWslj1PrK
XahWeshpyAJOSsvkkKols1rY68yUkOm+lai9SGUQT0XZuSijFWhJZ6q1OL5IpjvGtyVihfjSKdyG
ux8/9IOXrPetg7t3H7TspNSnf/ps/5On3rS+tD6s3nf4R9+tfmj9hpXxvNQrJ9Y85Uz66cHf/9rW
ExkhscjG6l3RGSTmUBw0m6nAwSAMUHxsAMGPR5DIjiARcjsMxcFyMISMbHAcO05zgHRcukS4WlMR
ygly08hRccgix1JR6U4eEPydeOR4dcD/IG68/Q7ILuiNr6hwTf42cP6tysgOTgswQSboCGhZTI4j
UxvEDHAUa2Mdw7WpzH2Oydp8R0x7yLFY84oYdIlIoiQJDggRNVH3QxDthe56WL/ol9wOl5Kk+jUa
HGYz2SSHzVSztWKmN+nj6K2UqKPQKDyMGUyGs8McI5Sh6khtBpqBpzL3khnsVMc0ZYY2S59lzDJn
OWe5ZrlneStRhR0KzmXncJVipTRHnuOohHCwQpurVxvV5lz3EmYRWcotEZdIS+UljmXKYrUewr8V
Zr17CnUJ1BV0BXgJt8D7D1qHrcMHrfqdTPhVXIInP4On41KI+Xawp24Mplp540X21Rul7H3xOVt7
nsFvzzV1iw41YqYBBgZClmO6obsNcMyGoRsej3ucx5AI1mQ6A6hw5V4T17qQrDqI0+CdPj7TIwLr
TEw0AXFqKWx2lnbmBAr/KSeQyFN3yRgkudCeZnpGkLxSphQx+kjDpZGee6VpxjTPXKPBaPCosiw7
ZIVXeY3XeYM3k2SP6tE8utf0Or0ujztXprP72SCTiN7N6Cf3Ufto1AOBH1KiynA1qg7XotpgPWpG
nVFX1B0NTJKnOqYq96j3aBP0qcZUs8pRpVTA+Ffq5WaZs8xV5q53rHLUK6uUpepSbaleb9SbQ27l
NgHHbouvcddUJfPoM/jrZztWMe8etn7QMSAxW/k2Uwyf73YUVTNvdvwgnuv8yJ4zYIEjh6M6EsiD
EuZEFimMzCsGuCjwUDB+FwfAsQDbDiPDjg3JYaZXx4UDHReYXhzbceEZevIM08su8yjw7nqQZxA9
H80ifOryQAVvLNYr3BW8gpehcqUslGoychry8VKaKetMCJAGnHhi0ZLNxs9RJ261OEvjcynU83U5
vJBtZRAk3I74nfwoZMN+iL4UN8Fsneiszum8LuhgUHpAT9ZT9FQ9TaHTEUEUxPkoH9uzEJ74SiGa
7gvb68Y7lwDaP74xWb5jcu9NU/4TJ1mf3URzflNXJ31/x1OHf7R/+obiKdz7B63JmZnW1S+/sv6r
sAinb931y5+evRAdwrRSDKY5zC2JWCQfDYymZyaRCo9UkaZX5FallRVkJilOLqJwPRCf7OH5SNhR
QJ3f1U5m0xmkfNBKmfZt7J7cdh6H3Yz0TBoddi5aBDgmr+5/7LH9dM/ZuKJx06bGFRvnHT5lXbv+
X9bfTz23++nrH310/Wm858CLLx54+sUXydL1e/as37Bnz3nfu/t/fenSr/e/60t+Yf3xCxeOr3+B
yjcM9nqKjQAuN0dnOPa73C55vyS74TDQIVOfSzMt1G/up35zv+03XQPdLkVVDJNxDlRVZZxLxkQ0
VbrKQmfRPofodjkNissJF6pz2i1cbv9f4HIZxeXoTYJ92CsHXJk4T+7mKsJ3yKWuoXi0PMp1r3y/
K4ar5CrXYtwgN7g2yl4eCeCCVaKyHJBoXhaotbtd9mpKF3ElEsc+0RANySm7HUmK1+VyZ6NuOEfK
ljMcuUaumeXKdvdD/fEgZhAZxA7iBvGDgHj3l0rl/kpfta+zn6vUPRwNw8PEYRLFhlHKSHWkMdIc
6RzpGu6+G03AE5gJZAI7gZvATxAmiBOkifJkx1TnFNck9wRvOSrDZUyMxFi6DKRMKBPLpHI55qh0
lbvLvEvQclzPrCQrwfzq+XqhQYwG6wG56xxLEvixzFhmLnMudi1zb5Q2yGe8y+2EnStBKbrQ3IXJ
h9j4ei9+eKnV/KTVZv1jh/XmMvzpkVbsZCPtZ5n3aB6K/tbPzkv1IAMpD344oeN+lAV0JhMFQhXE
Nc9Z76vQSaBCqtLLst2yE/EZnOJJ5Z1enmbq6Q8jrnTmpZrp8nLDztUnBzH4TBJkg1wwLRgMhoLh
YPqdrjvdd3rUzl9x9U4E6OGutQ5O3BX19s4mp4Ycnf976yb2Xe7AunXK+uSuozMWqo/MP3vKOrV1
9+6tW3fvYb43ZjRWvryETWud9Yy13JqYlna9Yh7OYtMvnD37y/Ovv/UBxTS8gW0lE/lKsOS77PiF
3IpfUBygNBt+WBubWNii/xLA6d/+BiXIm96yjizhK6311L5e5lLJaL4EJaOfRYPIKWgOFjsF3eM4
zTpP+4UUHWtI8MzwCjPEFPsnmImZQrry5uKVws4olP6m5E4JKbLiUBSwPU3RFUMxFafi0t06eC3d
JyX7UYqc4khRKNdM0VOMFDPFmeIKuoOeoDfo8yeHbHKjxud6xjQZ35oLR/QpBeGuVf4pNgqn0Dfj
nYzEf7+VYa/EpIunb/2QCLeXBsKu3AKujKmckR3NKvWle7oXsPErbnpJkn7X2HU7UsIlPmPCGDih
8ugAedxkuWsgjwld8mimQ9BcEFX/Cdjp8H+7aL79PgjEGvSm1baEu2Zdj69fZcoA7zp/47fv/8lv
/I4lflxXHf9Jne05aSyEkIJYZjwc05ABdzS0Ct3Ek/ADeDl+CD/OnGM+CWWHCkL9QkfC6Tdv0t/u
ogN4Ii6D5ysTz13wvLTr+b//o2tlP8F78T78FGwHEts52H6GfwbP2cR7pYnjHQgMHcbDRHeClQ9F
/VE/NBjuDEFjUE80DI1F48Hr3/6XjUZALd1QAPVFxdDSVJSHRqEclI5yUQRlwBuZ0Mss1B0NRyNR
IajNN/8Y6D8HoyAiL4yLDwnU+yAeGLYEAa8DDUBuBCQQqag3GgcWkwbe9f/lX69/c7/Pbecl/833
i/7pOiVxHJQ49oC94BtvJP1Pm/atf/q33cQyWgQjeQK9Ddt7cDYWVQPrXocOwPlnqNG+/wYr0g3u
fMTRd99DJ3AOvMfQDdNRZdApKKcInn0G71fC9QFUbj9vI+/a217yLrMMovkJcDbB/sYBdIL0Z1ny
bny3v/U26NGr6DA9595Fu+C9iehD2AZD6aPRa+gj/Cg6iN9HK9EWtMhWwVQsA5+shq2ce9/evkb3
2TXTe9Xc+7wbaqqGfr4GpR+M38c5eCIpI5V4KvSQwYfJSLi7BlWzZbBF7G2o3b94HximEepP9Be9
y9zH5LARfBjqoXW8C+UfRndAeyuhpSNhZ2j7yWV0gNDf5/u5N9BoYTQQXF5YiSbD00ZShPfyqagM
rSSToYTxcG8LGo8/hFpAaV/m4wFoXshoYrJGxZqid08N/WxauEfeP12GDCHUhCY0qfWhEzdvTpjK
JnPTmriUJpIlNrFZGZ/+u4ef9sgbM2FqqOn8sKGJUoeVDYV7k6bCKb2C23B/2NAedm4HMfef+OvK
r+6fpQ/4OwqKtt6899H4v3Ye//Gbjn7Gb8Q/wiV9iOOKhZAw30pFyEz9x2/aFxq/Sdy/9TeJhRHj
gyDHN1ElF0SVDM3uNcJxG+oP+2j2NbgfQaNJCeoPz+lOr0voOXsCF3GN6Ah8ZzT7K1TJJqNF5D0Y
511oNHMNjabfo+/C8ze4D1Ed+yjy0/JIDpyvudnGHEPv822ojmm82V/sBeWWozqeR3XcFOTm3rp5
ld+GFvFgCdwEVCcgFONPoTJSfHOyXa4PbWBL0ERaL32XO4YU2gdaLh+DdkAd9PvcFvi+Dx2FvQ32
dbT9JIiegX077R838uZl5jiaDs82wT4I2oTgeATKvMJ9iurEUiRz0Eb+ONhdvJwN/EcoDMeHWQS8
A6GXEerYQMtKjOlQ2Ftg8D8Boe2M7yQT9s0wsoAv7DtQA9zjR4J0QFbCVRDZawhJ82A/gpBjMux7
wM0A0qhwTwNL1VcjZMD7QKaQ2Q12KMsJR3df2OG5+zhCXnjf+x2EfL1hbweVjyGAddjhPLkJoA3K
ToV3U6FtadDGtOsIBc/Q/1oCdiA24bkIpUN70kOwQ7mZj8H+LEJZ+8BNQJuyoS3ZUH4E2tAN6uoG
382BcnLhO7lQVy70IfciQnljYV8O0Ant6wnv9pwKO9SVDx6rAPpRCPUUQRt6Qx3F8G4fKKsvYGwp
2GkpfK8f1NdfpP+Hhq2tkxgJvM8eRJHPQE+Ch0GsA/8NrtkTzOroH9+yyDkXebM5k3szRt6Mss2Z
5KcqOftGhDsbI29EyJmZ5PRK8pqDnHSQV19xc68Wklfc5EQh+YlFXrbISxb5sUWOWeTFphHci22k
aQR5wSJHV5LnLXJEI88dVrjn3OSwQn5USJ6NkR+mkYOF5PvPxLjvW+SZGHl6l8Y9nUUOLJe5A1lk
/xjylEG+15PsW5/G7bPId/ca3HdTyV6DPLlH457MInvgvT0a2RNld8MXd7vJ7tXsLo3sirJPZJGd
3yngdlpkx+MubkcWeXy7yj3uIo+fwNGoxG5/TOa2q2T7CYyio9jHZPLYGXZb7Upu20my9WEHt9Uk
W6PsFjjb0o9s3nSS22yRTRtncptOkk2r2Y0bsriNM8nGKLsB2rUhi6xfZ3Lr08j6EzfPRG+y60yy
BqpeEyPfKSCPeskju8jDDrI6FuNWW2TVPINb5ScPrdS4hwrJSo2saNS5FS7SqJOGXaTeJMtlsmxp
iFvWRpYuSeGWhsiSFLIYvrQ4jSyyyIMWqVuocnUWWaiShVG2diVZMH8gt6CGzB9I5tUo3DyDzFvN
1iikJspWQ5XVbaRq7kmuyiJz58zk5p4kc1ezcyqzuDkzyZwoW5lFKuClijYSi5HZHlJukQcsUjar
J1dmkVk9yf0WmWmR+8aQGSvJdItMG0qmWuRei0w5Se6xyKQYmegmdxeSCXfp3ISV5C6djL8zOpiM
dZDRMTIqXeRG7SIjC8kIYnAjXGS4kwxjZG6Ynwwd4uKG1pAhgw1uiIsMvtPBDTbInVGJu9NBohKJ
0nGcxA7aRQayPbiB48gdA9zcHWPIgP4yN8BNBkTZ/jLpV+rk+s0kpX1NrtRJ+pqkRCV9LFLc280V
W6R3kYvr7SZFhTJX5CKFvSSuUCaFcfn0kkhBfhJXMJTk9/Rw+Ukk/wzbM03menpIz9VsDynG9dhF
8rq7ubwxpDt0orubdI+yudD03BjJ6VbA5dxJukHDuhWQCBwiFsnuR7LUJC5rJsnMcHKZk0gGfC3D
STKibLpIwqEkLjyThIImF0oioTNsECoLmiS4mk2TSVqUTc0gKTpJziQBfwEXmET8UKq/gCRZxAeV
+iziNYjH7eY8NcTtcnFuN3FHWZeLOOE950liwvCaFjHgYAwmOrRf30U0eKZZRIUC1CSiRlnFIg64
cET71hAZ3pFXEilGRMHkRDcRTMJzhRy/knDwPa6QsFAY24NAoYxM8CSCLIJP4NiaLbj7/2//0P/X
Dfhv/4A1/B/tBISyCmVuZHN0cmVhbQplbmRvYmoKMzggMCBvYmoKICAgMTMwNDEKZW5kb2JqCjM5
IDAgb2JqCjw8IC9MZW5ndGggNDAgMCBSCiAgIC9GaWx0ZXIgL0ZsYXRlRGVjb2RlCj4+CnN0cmVh
bQp4nF1UTY+bMBS88yt83B5WEPsZbyQUqdpecuiHmvYHEPOcRWoAEXLIv6/Hs9pKPSQeHvOGeWNw
/Xr8cpzGzdQ/1jmedDNpnIZVb/N9jWrOehmnamfNMMbt/ar8x2u/VHVuPj1um16PU5qrrjP1z3zz
tq0P8/R5mM/6qTLG1N/XQddxupin368nlk73ZfmjV50201SHgxk0Zbmv/fKtv6qpS/Pzccj3x+3x
nNv+MX49FjW2XO9oKc6D3pY+6tpPF626pjmYLqVDpdPw373wwpZzim/9WnXiMrVp8lJ17a7gvGQs
xJKxbQrOS66T3xZ+JI7Ae+I9sCf2wEqsGQdqBmgGaoaiGcgJqLM3lF7Lus14j7ptLLCnBw8Plh5s
8ZDIT9AhJ4ATqBPQ2w7kDMAtcQv8QvySceoLzkvWp38L/0JvAm+B/AC+cnbF7EIswIE4ADtqOmgK
ewW9LettqdObwJtnPh75ePr3ZXZm6JGhcL8E+yWcXTC7kCOFw3wE+QhnEcziOYvHLEIPAg+Jmgma
jvk45BPICYXDbBOyjeRH8D3n8iUT1hX1QJ0AHeFeC/Y6ct6IeQdqDtAU8gV8y1ksZnHUdMUb83HI
J7AeULf0YOHBMn+L/JXP0pIt6x51y7pF3TFnh5wdn+vK+89sLbJ19O/g39OnL3OxV8oekePBkTPr
Z+gQW2DH/B3yd/Ts4DmwN6DX0Wde8CG/f7H4pHH2fJwV8b6u+ZgoB1Q5H3AyjJN+nGHLvKCr/P4C
OukseQplbmRzdHJlYW0KZW5kb2JqCjQwIDAgb2JqCiAgIDU3MgplbmRvYmoKNDEgMCBvYmoKPDwg
L1R5cGUgL0ZvbnREZXNjcmlwdG9yCiAgIC9Gb250TmFtZSAvT05aRFdQK0RlamFWdVNlcmlmCiAg
IC9Gb250RmFtaWx5IChEZWphVnUgU2VyaWYpCiAgIC9GbGFncyAzMgogICAvRm9udEJCb3ggWyAt
NzY5IC0zNDYgMjEwNSAxMTA5IF0KICAgL0l0YWxpY0FuZ2xlIDAKICAgL0FzY2VudCA5MjgKICAg
L0Rlc2NlbnQgLTIzNQogICAvQ2FwSGVpZ2h0IDExMDkKICAgL1N0ZW1WIDgwCiAgIC9TdGVtSCA4
MAogICAvRm9udEZpbGUyIDM3IDAgUgo+PgplbmRvYmoKNyAwIG9iago8PCAvVHlwZSAvRm9udAog
ICAvU3VidHlwZSAvVHJ1ZVR5cGUKICAgL0Jhc2VGb250IC9PTlpEV1ArRGVqYVZ1U2VyaWYKICAg
L0ZpcnN0Q2hhciAzMgogICAvTGFzdENoYXIgMjUwCiAgIC9Gb250RGVzY3JpcHRvciA0MSAwIFIK
ICAgL0VuY29kaW5nIC9XaW5BbnNpRW5jb2RpbmcKICAgL1dpZHRocyBbIDMxNyAwIDAgMCA2MzYg
MCAwIDAgMzkwIDM5MCAwIDgzNyAzMTcgMzM3IDMxNyAzMzYgNjM2IDYzNiA2MzYgMCA2MzYgNjM2
IDYzNiA2MzYgNjM2IDYzNiAzMzYgMCAwIDAgMCAwIDAgNzIyIDczNCA3NjUgODAxIDcyOSA2OTMg
Nzk4IDg3MiAzOTUgNDAwIDc0NyA2NjQgMTAyMyA4NzUgODE5IDY3MiAwIDc1MiA2ODUgNjY2IDg0
MiA3MjIgMTAyNyA3MTEgNjYwIDAgMCAwIDAgMCAwIDAgNTk2IDY0MCA1NjAgNjQwIDU5MSAzNzAg
NjQwIDY0NCAzMTkgMzEwIDAgMzE5IDk0OCA2NDQgNjAyIDY0MCA2NDAgNDc4IDUxMyA0MDEgNjQ0
IDU2NCA4NTUgNTYzIDU2NCA1MjYgMCAwIDAgMCAwIDAgMCAwIDAgMCAwIDAgMCAwIDAgMCAwIDAg
MCAwIDAgMCAwIDAgMCAwIDU4OSAwIDAgMCAwIDAgMCAwIDAgMCAwIDAgMCAwIDAgMCAwIDAgMCAw
IDAgMCAwIDAgMCAwIDAgMCAwIDAgMCAwIDAgMCAwIDAgMCAwIDAgMCAwIDAgMCAwIDcyMiAwIDAg
MCAwIDAgMCAwIDAgMCAwIDAgMzk1IDAgMCAwIDAgMCA4MTkgMCAwIDAgMCAwIDAgMCAwIDAgMCAw
IDAgMCA1OTYgMCAwIDAgMCAwIDAgMCA1OTEgMCAwIDAgMzE5IDAgMCAwIDY0NCAwIDYwMiAwIDAg
MCAwIDAgMCA2NDQgXQogICAgL1RvVW5pY29kZSAzOSAwIFIKPj4KZW5kb2JqCjEgMCBvYmoKPDwg
L1R5cGUgL1BhZ2VzCiAgIC9LaWRzIFsgMiAwIFIgMTAgMCBSIF0KICAgL0NvdW50IDIKPj4KZW5k
b2JqCjQyIDAgb2JqCjw8IC9UeXBlIC9PdXRsaW5lcwogICAvRmlyc3QgMzEgMCBSCiAgIC9MYXN0
IDMxIDAgUgogICAvQ291bnQgLTEKPj4KZW5kb2JqCjMxIDAgb2JqCjw8IC9UaXRsZSAoUkVTRVJW
QSBPRklDSUFMKQogICAvUGFyZW50IDQyIDAgUgogICAvRiAwCiAgIC9EZXN0IFsyIDAgUiAvWFla
IDIzMyA3NjMgMF0KPj4KZW5kb2JqCjQzIDAgb2JqCjw8IC9Qcm9kdWNlciAoY2Fpcm8gMS4xNS4x
MCAoaHR0cDovL2NhaXJvZ3JhcGhpY3Mub3JnKSkKICAgL1RpdGxlIChSZXNlcnZhIE9maWNpYWwp
CiAgIC9BdXRob3IgKCkKICAgL0tleXdvcmRzICgpCiAgIC9DcmVhdGlvbkRhdGUgKEQ6MjAyMTA1
MDkyMDQzMTJaKQo+PgplbmRvYmoKNDQgMCBvYmoKPDwgL1R5cGUgL0NhdGFsb2cKICAgL1BhZ2Vz
IDEgMCBSCiAgIC9PdXRsaW5lcyA0MiAwIFIKPj4KZW5kb2JqCnhyZWYKMCA0NQowMDAwMDAwMDAw
IDY1NTM1IGYgCjAwMDAwMzc2NjYgMDAwMDAgbiAKMDAwMDAwMjA5OSAwMDAwMCBuIAowMDAwMDAx
OTQzIDAwMDAwIG4gCjAwMDAwMDAwMTUgMDAwMDAgbiAKMDAwMDAwMTkyMCAwMDAwMCBuIAowMDAw
MDIxOTkxIDAwMDAwIG4gCjAwMDAwMzY4NTUgMDAwMDAgbiAKMDAwMDAwMjMxNyAwMDAwMCBuIAow
MDAwMDAzODQxIDAwMDAwIG4gCjAwMDAwMDY1NTAgMDAwMDAgbiAKMDAwMDAwMzg2NCAwMDAwMCBu
IAowMDAwMDAzODY0IDAwMDAwIG4gCjAwMDAwMDM4NjQgMDAwMDAgbiAKMDAwMDAwMzg2NCAwMDAw
MCBuIAowMDAwMDAzODY0IDAwMDAwIG4gCjAwMDAwMDQ4OTAgMDAwMDAgbiAKMDAwMDAwMzg2NCAw
MDAwMCBuIAowMDAwMDA0ODY3IDAwMDAwIG4gCjAwMDAwMDY4NDEgMDAwMDAgbiAKMDAwMDAwODMy
OCAwMDAwMCBuIAowMDAwMDEwMTM0IDAwMDAwIG4gCjAwMDAwMDUwNzMgMDAwMDAgbiAKMDAwMDAw
NTMyMCAwMDAwMCBuIAowMDAwMDA1NTY3IDAwMDAwIG4gCjAwMDAwMDU4NzMgMDAwMDAgbiAKMDAw
MDAwNjE3OSAwMDAwMCBuIAowMDAwMDA2NDg1IDAwMDAwIG4gCjAwMDAwMDgzMDQgMDAwMDAgbiAK
MDAwMDAxMDExMCAwMDAwMCBuIAowMDAwMDExNzEzIDAwMDAwIG4gCjAwMDAwMzc4MjIgMDAwMDAg
biAKMDAwMDAxMTczNyAwMDAwMCBuIAowMDAwMDIxMTIxIDAwMDAwIG4gCjAwMDAwMjExNDUgMDAw
MDAgbiAKMDAwMDAyMTY5MCAwMDAwMCBuIAowMDAwMDIxNzEzIDAwMDAwIG4gCjAwMDAwMjI3NDUg
MDAwMDAgbiAKMDAwMDAzNTg4MyAwMDAwMCBuIAowMDAwMDM1OTA4IDAwMDAwIG4gCjAwMDAwMzY1
NTkgMDAwMDAgbiAKMDAwMDAzNjU4MiAwMDAwMCBuIAowMDAwMDM3NzM4IDAwMDAwIG4gCjAwMDAw
Mzc5MjcgMDAwMDAgbiAKMDAwMDAzODA5NyAwMDAwMCBuIAp0cmFpbGVyCjw8IC9TaXplIDQ1CiAg
IC9Sb290IDQ0IDAgUgogICAvSW5mbyA0MyAwIFIKPj4Kc3RhcnR4cmVmCjM4MTcwCiUlRU9GCg==

--===============4441683960292434732==--

-------------------------------------------------------------------------------
