Content-Type: multipart/mixed; boundary="===============6709809474541496362=="
MIME-Version: 1.0
Subject: =?utf-8?q?Hotel_Real_-_Confirmaci=C3=B3n_de_Reservaci=C3=B3n?=
From: reservaenrealnicaragua@gmail.com
To: justo@becerra.com
Date: Thu, 28 Jan 2021 20:24:55 -0000
Message-ID: <161186549576.13641.17244661586029282755@localhost>

--===============6709809474541496362==
Content-Type: text/html; charset="utf-8"
MIME-Version: 1.0
Content-Transfer-Encoding: 7bit

Pronto nos pondremos en contacto con usted. recibimos su solicitud para RealNicaragua
--===============6709809474541496362==
Content-Type: application/pdf
MIME-Version: 1.0
Content-Transfer-Encoding: base64
Content-Disposition: attachment;
 filename="justo@becerra.com_1234567_2021-01-28 20:24:55.091799.pdf"

JVBERi0xLjUKJbXtrvsKNiAwIG9iago8PCAvTGVuZ3RoIDcgMCBSCiAgIC9GaWx0ZXIgL0ZsYXRl
RGVjb2RlCj4+CnN0cmVhbQp4nJ1VW2+bMBR+9684j6AJ59jGYKaqKm3Y1Crd1ob1peqDmzhZsgAJ
kK4/f4bQtU3WSwoCLOzzXYz9wQDt6TF7Uz6DUUZWBNt35RR6GmFakeOUcH8zzj5DSTkPZMCBIVIV
CK4YpBnpTTz0EGx7Qq6dfpK6UjrxYJAMoZ/AIIbLZJhcukI6V26onPjk9Ps39yY9I4x3GjhYLIoi
wgY8UJRjiOIBnD2AO+Cm82d0HrdCFHJUViGVPBBBCOmYODHkRXZbGhibrmYLhTGKgfDDEJAiSimE
kk3ltXO2ruoCrtyIO2aqoVX6jPOx1GPUFyhEtKn84fLQ0ZVeFmVtHureyeswLnxp1e9YfIHOSTI9
W+xnzpk33o5uzciUpaajIns3XefOlFWR62pvcy3NcKlzODiAXjyq13qRmvsaDiZmMkHUeAiHh3Dc
P+mgknPbWnZ0e6j80iw+M/ql7ZeHJK9LPdb7quXI7VDmcQVMfkb8IPtQL2YfJectebQHuRObsljM
cqO318SLVD/zWW3GEM/Kpq56nSlQj0xTk9cGVmsDpalMebdD+YZHb/OJ003g0Eg0R5M7NnCehAJn
ijKMRChtPjDKfBsPcicURvNlxiIljqbNhmgW9f/AL7/adtAcIfyxXWf2mpPrm0YajAlDOIcVsJZ7
c7eJ2Amw7DZc0IcMhBSUqX8vFjCEi8fYfC6/HRtGgVKvyffeNRVChtQGxBtT8UkKqTAKeeS/MAc7
FjvgJxZ9X9BAhFseV6Snmf0nQO/ezlW/IBekN5jlv9v9fH5y2rdw3QZutu5WH3vad0H+AlJWcn4K
ZW5kc3RyZWFtCmVuZG9iago3IDAgb2JqCiAgIDYwOQplbmRvYmoKNSAwIG9iago8PAogICAvRXh0
R1N0YXRlIDw8CiAgICAgIC9hMCA8PCAvQ0EgMSAvY2EgMSA+PgogICAgICAvYTEgPDwgL0NBIDAu
NyAvY2EgMC43ID4+CiAgID4+CiAgIC9YT2JqZWN0IDw8IC94MTAgMTAgMCBSID4+CiAgIC9Gb250
IDw8CiAgICAgIC9mLTAtMCA4IDAgUgogICAgICAvZi0xLTAgOSAwIFIKICAgPj4KPj4KZW5kb2Jq
CjExIDAgb2JqCjw8IC9UeXBlIC9Bbm5vdAogICAvU3VidHlwZSAvTGluawogICAvU3RydWN0UGFy
ZW50IDAKICAgL1F1YWRQb2ludHMgWyAyMTggNTMxIDM1MyA1MzEgMzUzIDUxNyAyMTggNTE3IF0K
ICAgL1JlY3QgWyAyMTggNTE3IDM1MyA1MzEgXQogICAvQSA8PAogICAgICAvVHlwZSAvQWN0aW9u
CiAgICAgIC9TIC9VUkkKICAgICAgL1VSSSAobWFpbHRvOmNqcG0xOTgzQGdtYWlsLmNvbSkKICAg
Pj4KICAgL0JTIDw8IC9XIDAgPj4+PgplbmRvYmoKMTIgMCBvYmoKPDwgL1R5cGUgL0Fubm90CiAg
IC9TdWJ0eXBlIC9MaW5rCiAgIC9TdHJ1Y3RQYXJlbnQgMQogICAvUXVhZFBvaW50cyBbIDM1NyA1
MzEgNDQzIDUzMSA0NDMgNTE3IDM1NyA1MTcgXQogICAvUmVjdCBbIDM1NyA1MTcgNDQzIDUzMSBd
CiAgIC9BIDw8CiAgICAgIC9UeXBlIC9BY3Rpb24KICAgICAgL1MgL1VSSQogICAgICAvVVJJICh0
ZWw6KzUzNTgwOTcyOTQpCiAgID4+CiAgIC9CUyA8PCAvVyAwID4+Pj4KZW5kb2JqCjEzIDAgb2Jq
ClsKICAzIDAgUgogIDQgMCBSCl0KZW5kb2JqCjIgMCBvYmoKPDwgL1R5cGUgL1BhZ2UgJSAxCiAg
IC9QYXJlbnQgMSAwIFIKICAgL01lZGlhQm94IFsgMCAwIDU5NSA4NDEgXQogICAvQ29udGVudHMg
NiAwIFIKICAgL0dyb3VwIDw8CiAgICAgIC9UeXBlIC9Hcm91cAogICAgICAvUyAvVHJhbnNwYXJl
bmN5CiAgICAgIC9JIHRydWUKICAgICAgL0NTIC9EZXZpY2VSR0IKICAgPj4KICAgL1Jlc291cmNl
cyA1IDAgUgogICAvU3RydWN0UGFyZW50cyAyCiAgIC9Bbm5vdHMgWyAxMSAwIFIgMTIgMCBSIF0K
Pj4KZW5kb2JqCjEwIDAgb2JqCjw8IC9MZW5ndGggMTUgMCBSCiAgIC9GaWx0ZXIgL0ZsYXRlRGVj
b2RlCiAgIC9UeXBlIC9YT2JqZWN0CiAgIC9TdWJ0eXBlIC9Gb3JtCiAgIC9CQm94IFsgMCAwIDU5
NSA4NDEgXQogICAvR3JvdXAgPDwKICAgICAgL1R5cGUgL0dyb3VwCiAgICAgIC9TIC9UcmFuc3Bh
cmVuY3kKICAgICAgL0kgdHJ1ZQogICAgICAvQ1MgL0RldmljZVJHQgogICA+PgogICAvUmVzb3Vy
Y2VzIDE0IDAgUgo+PgpzdHJlYW0KeJxFkMESwiAMRO98xf6AaQiQwN0f6Mmz03G8VJ3qxc+XVkon
p30su4HFjVicqMGLQAXR8L7hgucKSUKGD0yeEx7oRBIVTRBjSiWuV0l51ZFsO//rCUGqIxTX0VxR
JD08QTJxKD2z69Y6HUSZjM1tGTuKlGPumZpJ2PbWrqdjs0bmfXfXUX9cyzz0VltD1k9ZXJUZXOcU
E2mzmZXUklLwgunhhivj/sHw9Yrzy411fkucSDMKZW5kc3RyZWFtCmVuZG9iagoxNSAwIG9iagog
ICAxNzkKZW5kb2JqCjE0IDAgb2JqCjw8CiAgIC9FeHRHU3RhdGUgPDwKICAgICAgL2EwIDw8IC9D
QSAxIC9jYSAxID4+CiAgID4+CiAgIC9YT2JqZWN0IDw8IC94MTYgMTYgMCBSID4+Cj4+CmVuZG9i
agoxNiAwIG9iago8PCAvTGVuZ3RoIDE3IDAgUgogICAvVHlwZSAvWE9iamVjdAogICAvU3VidHlw
ZSAvSW1hZ2UKICAgL1dpZHRoIDgwMAogICAvSGVpZ2h0IDYwMAogICAvQ29sb3JTcGFjZSAvRGV2
aWNlUkdCCiAgIC9JbnRlcnBvbGF0ZSB0cnVlCiAgIC9CaXRzUGVyQ29tcG9uZW50IDgKICAgL0Zp
bHRlciAvRENURGVjb2RlCj4+CnN0cmVhbQr/2P/gABBKRklGAAEBAABIAEgAAP/hAIxFeGlmAABN
TQAqAAAACAAFARIAAwAAAAEAAQAAARoABQAAAAEAAABKARsABQAAAAEAAABSASgAAwAAAAEAAgAA
h2kABAAAAAEAAABaAAAAAAAAAEgAAAABAAAASAAAAAEAA6ABAAMAAAABAAEAAKACAAQAAAABAAAD
IKADAAQAAAABAAACWAAAAAD/7QA4UGhvdG9zaG9wIDMuMAA4QklNBAQAAAAAAAA4QklNBCUAAAAA
ABDUHYzZjwCyBOmACZjs+EJ+/8AAEQgCWAMgAwEiAAIRAQMRAf/EAB8AAAEFAQEBAQEBAAAAAAAA
AAABAgMEBQYHCAkKC//EALUQAAIBAwMCBAMFBQQEAAABfQECAwAEEQUSITFBBhNRYQcicRQygZGh
CCNCscEVUtHwJDNicoIJChYXGBkaJSYnKCkqNDU2Nzg5OkNERUZHSElKU1RVVldYWVpjZGVmZ2hp
anN0dXZ3eHl6g4SFhoeIiYqSk5SVlpeYmZqio6Slpqeoqaqys7S1tre4ubrCw8TFxsfIycrS09TV
1tfY2drh4uPk5ebn6Onq8fLz9PX29/j5+v/EAB8BAAMBAQEBAQEBAQEAAAAAAAABAgMEBQYHCAkK
C//EALURAAIBAgQEAwQHBQQEAAECdwABAgMRBAUhMQYSQVEHYXETIjKBCBRCkaGxwQkjM1LwFWJy
0QoWJDThJfEXGBkaJicoKSo1Njc4OTpDREVGR0hJSlNUVVZXWFlaY2RlZmdoaWpzdHV2d3h5eoKD
hIWGh4iJipKTlJWWl5iZmqKjpKWmp6ipqrKztLW2t7i5usLDxMXGx8jJytLT1NXW19jZ2uLj5OXm
5+jp6vLz9PX29/j5+v/bAEMACAYGBwYFCAcHBwkJCAoMFA0MCwsMGRITDxQdGh8eHRocHCAkLicg
IiwjHBwoNyksMDE0NDQfJzk9ODI8LjM0Mv/bAEMBCQkJDAsMGA0NGDIhHCEyMjIyMjIyMjIyMjIy
MjIyMjIyMjIyMjIyMjIyMjIyMjIyMjIyMjIyMjIyMjIyMjIyMv/dAAQAMv/aAAwDAQACEQMRAD8A
9/pDS1HJIsaM7kKqjJJPSgB/FLmsSXxJpKE/8TK14/6aiqsnivSV6ajbH/toKfKwOkzmiuY/4SzS
/wDoIW3/AH8FH/CW6X/0ELb/AL+CnysDp6K5j/hLtK/6CFt/38FH/CW6V/0Ebb/v4KOVgdPRXM/8
JbpX/QRtv+/gqteeOdGsbczzX0ZQf3DuNHJJiukdfRXnY+LXhkjP2uX/AL9Gj/hbPhr/AJ+5P+/Z
q1RkLnR6JRXnn/C2fDX/AD9yf9+zR/wtjw3/AM/cn/fs0exq9g50eh0V57/wtjw3n/j7k/79ml/4
Wt4b/wCfuT/v2aXsKvYOdHoNFef/APC1fDn/AD9yf98Gj/hanhw/8vb/APfBo9hV7Bzo9AorgP8A
hafh3/n7f/vg0f8AC0/Dv/P2/wD3waPYVA50d/RXAf8AC0/Dv/P2/wD3waP+FpeHv+ft/wDvg0/q
9QOdHf0VwH/C0vDv/P2//fBo/wCFpeHf+ft/++DR9XqBzo7+jNcD/wALR8Pf8/b/APfBpD8UvDo/
5e3/AO+DR7CoLnR3+aM15/8A8LT8O/8AP1J/3waX/hafh3/n6k/74NL2FTsPnid/mjNef/8AC0/D
v/P1J/37NH/C1PDo/wCXqT/v2ar2FTsw54noFFef/wDC1fDv/P1L/wB+zSf8LW8O/wDP1L/37NH1
ep/KHtInoNGTXn3/AAtXw5/z9S/9+zR/wtXw7/z8y/8Afs0vYVP5Re0ieg5ozXn3/C1vDf8Az8y/
9+zSf8LW8Of8/Mv/AH7NHsKv8oe0iehZNGTXnv8Awtbw5/z8y/8Afs0v/C1vDn/P1L/37NHsKnYP
aRPQc0Zrz3/ha3hz/n6l/wC/Zo/4Wv4c/wCfqX/v2aPYVP5R+0iehZozXn3/AAtbw5/z9S/9+zR/
wtbw5/z9S/8Afs0ewqfyh7SJ6DmjNeff8LW8Of8AP1J/37NH/C1fDn/P1L/37NHsKn8oe0ieg5oz
Xn3/AAtXw7/z9Sf9+zS/8LT8O/8AP1L/AN+zR7Cp/Kw9pE9AzRmvP/8Ahafh49LmX/v2aePifoB/
5bzfhEaPYVf5WL2kTvc0Zrgx8TdCPSWf/v0aX/hZehn/AJa3H/fo0/q9X+Vi9rA7rNGRXC/8LL0T
/npcf9+jR/wsvQ/+elx/36NH1er/ACsftYHdZFGa4T/hZmhf89Lj/vyaT/hZ2hD/AJaXH/fk0fV6
v8rD2sDvM0ua4E/E/Qf+elx/35NJ/wALS0D/AJ63H/flqPq9X+Vi9rA7/NGa8/8A+FpeH8/664/7
8tSf8LU8P5/1tx/35aj6vV/lYe1geg5ozXn3/C1PD/8Az2uP+/LUf8LU8P8A/Pa4/wC/LUfV6v8A
Kx+0geg5ozXn3/C1PD//AD2uP+/LUf8AC1fD/wDz1uP+/LUfV6n8oe0geg0V59/wtTw//wA9rj/v
y1H/AAtTw/8A89rj/vy1H1er/KHtIHoNFef/APC0/D//AD2uP+/LUf8AC0/D/wDz2uP+/LUfV6v8
oe0gegUV59/wtTw//wA9bj/vy1H/AAtTQP8Anrcf9+Wo+r1P5Q9pDueg0V5//wALU8P/APPa4/78
tR/wtPQO0tx/35aj6vV/lD2kO56BSZrgf+Fo6D/z1uP+/Jpf+Fn6F/z0uP8AvyaPq9X+UPaQO9zR
muDHxO0I/wDLS4/78mnf8LM0L/nrcf8Afk0fV6v8oe1gd3mjNcJ/wszQv+etx/35NJ/ws3Qv+etx
/wB+TR9Xq/ysPawO8zSZrg/+FnaF/wA9bj/vyaP+Fn6D/wA9bj/vyaPYVf5WHtYHeZozXBf8LP0H
/nrcf9+TR/wtDQf+etx/35NHsKv8rD2sDvqK4D/haOgf89rj/vyaP+FpaB/z1uP+/Jo9hV/lD2kD
v6K8/wD+Fp6B/wA9bj/vy1H/AAtPw/8A89rj/vy1HsKv8oe0gegUV58fir4fH/LW4/78NSf8LW8P
f89rn/vw1HsKv8oe1gehUV57/wALX8O/89rn/vw1H/C2PDv/AD2uf+/DUvY1f5Q9pE9Corzz/hbP
hz/ntc/9+GpP+Fs+HP8Antc/9+Go9jV/lD2kT0SivO/+FteG/wDntc/9+Go/4W14b/573P8A4DtR
7Gr/ACh7SHc9Eorzs/Fvw3/z3uf/AAHak/4W34b/AOe1z/4DtR7Gr/KHtIdz0Wkrzv8A4W34b/57
XP8A4DtR/wALc8Nf89rn/wAB2o9jU6xD2kO56JxR3rzv/hbnhr/ntc/+A7Vb074naBqeoQ2VtLOZ
pSQoaFlHAz1NJ0ZrVoFUizuqWqkV0sgypyKsq2RWZZ//0Pf+1ZHiR9nh7UOcfuH/AJVr1h+KTjw9
qH/XB/5U1uB8ZXE85urj9/OMSt/y0PqfeovOm/57zf8Afw/40Tn/AEm4/wCurfzNR5rsjbl2Fck8
6b/nvN/38P8AjR503/Peb/v4f8ajoqtOwiTzpf8AntN/38P+NHnS/wDPeb/v4f8AGo6KLLsBJ5sv
/PaU+3mH/GgyyMNrzOw/ul2I/nTc8UlNJAHPZj+Zo5/vfqaKKoVkLz/e/U0mWz1/U0UU7BZAS2ev
6mly394/maSikFkLl/7x/wC+jRuf+8f++jRRRdhZBub1P/fRo3N6n/vo0mKKfOw5UODt6n/vo0vm
N/eb/vo0ylqlNhyoeHP94/8AfRo3n+8f++jTM0Zp87FyokDt/eP/AH0aXzG/vH/vo1FmjNP2gcqJ
t7f3j/30aUSkfxH/AL6NQbqN9UqrQnFFkSk9/wDx408OfX9TVUNS7zWirSE4FwN/tfqaOf736mq6
yEU/zK1VVsjlJRns36mnbmHf9TUQanBjV8zJaH7vf9TRn0P6mm9aXFO7FYXJ9f1NHPr+ppKdii7F
oNOfX9TRz6/qaUijFF2O6G/N6/qaQ59f1NPIpMUXYXG5P979TQSf736mnYoxRzMeggz/AHv1NTKD
/e/U1EBU0fFK7B2LMIPH+JrShHT/ABqhEelaEJxiqTZnIvQ49P1qwAAOtVUapQ/FWm+5iybIphYC
o99ML07sEiRnpm+oy2abmldjsSF6YXyelNJpM0czAdkelNJGelIaKLsBePSj8KAKUdaV2AmB6UYH
pTu9KFzRdjG49qMe1OIPSnKpouyRgA9KXb7VKI807ZRdgQBMnpTvK9qsKgAoLAUXYEKw+1SiFe4p
RLTTLS5mMfsQDpS4UelQmWojKaOZhYtF1HQUnmgVU800xpM0c7FYuecKjaUVV30m+lzMqxYM1M83
/OagLUhalzMLFjzf85pDLVbdRuo5mOxOZfak832qDdQWpczHYnMvtTTJ7frUO6kzRzMLEpf8KTf7
1ETRmjmYWJBIfak8z6VFmip5mUSeZz2oLfSmUUczEKW+lJn6UhpKOZgOLD2pM/Sm5oo5mMdke1Jm
kopOTAXIrU8Mz/Z/EtlMOqsf5Vk5q1pz7NQhYdQazqv93L0Y4/Ej6N0bUzcRj0xXV2771BHpXl/h
WdmjHNel2JzEpPpXgncf/9H3+sPxT/yL2of9cG/lW3WJ4oG7QL8f9MG/lSvZha58WT/8fdwP+mrf
zNMxU91Cy3M7AH/Wv2/2jVauqE7oJQcRelLmkoq7khmlHNJRTuA6jNNzS00wFFFJRmquIUUGgUU7
gFLikpapMAooop3AKMUUtOwXExRS0lLlFcQ9aBS0tLlGNpaMc0uKLANop2KMUrDuIKXNJ3paqwXD
JpQTTaKpNoTJQ5FODk1CKUHFaRqWJtctKc96fmqm7FPEhNbRqXJcSxmnZqFWqQGtFIzcR+aOKQUo
xVE2FIpuKdmloAbijFOxSbadguIKlUZpgGKkWlYGyzH2q7GcYqjGelXEPSqRDLqGpO1QIeKkBqkQ
0LuNIc+tIetJmgQucUnWg0UgExRTgMml280ANoAp2ynKlADQtKBzUwXigACgCPbT1WncUZpAGwet
KAKYW5ppajmES5FIzgCod/NNZqlyGiYycdaYZagLUhalcdiYvUbPTCeKYTSuOxIWz3ppao80uaLh
YXcaCaZmlJpXHYM0lJRmi4wzSUmeaTNFwFopDSZpXAdikIpM0E0XAXFGKbmjNFwFxSUZpCaVwFop
uaCaQxc0ZpuaM0XAdR+NMJozSuOwuaKbmincQ6kzRRSuAtT2X/H7F9agqey/4/YvrUVH7j9Co/Ej
2bwj/qxXqFh/qlHtXl/hH/VivULD/Vr9K8Nnaf/S99rF8Tf8gC+/64N/KtqsbxN/yAb7/rg38qHs
VD4kfHs/+vm/66N/M1VmtgRlKtzj/SJh/wBNG/majNc0Z8rPcnR50jMIKnDCjPpWg8SyDkc1Slhe
Ns44rup1VJHk18M4P3SOlFJxSit1ZnK9AoooovYLp7CiikozRzALRmkzS1SYrC5opMUZqrgKOtOp
uaXNNMA704dKaKXNUmAtJS9qSrQBRRQKBCijFHSjNOwBiiiiiwBxQcUUGiwCUtJRmlYBaKTNGaL2
ATvTwcU2lo5mhjw1SK9Q5pQa1jMlq5ZD08GqwbFSq9bqSM3EmBpw5qINTw1WiXEfS4oBoBzVpktA
BUirSAVIBTJZJGOatx1WjHNWkzQSywnSngmmopxUoQmmS2NxmjbUmw9qcIzSFciC0uypQhpwSgLk
QTmnBOak20YoC4m2lHFBNN70XEOLU0mmk0hqWwQFqQvxTSaTtU3GG6mlqTNJmgoCeaaTzSk0maTA
RjxTc049KaaQBmkzRSYpDDNBNGKSgBM0ZoIpKAHU2lpKBiGkpTRigBKQ0tIaAEooo60hhmkzS4pM
UgAmkzSGigAzQTRikIpDDNGaMUYoADSUuKMUgEpRRigjFMAoopcUAFT2X/H5F9agqey/4/IvrUVP
gfoOPxI9m8I/6sV6hYf6tfpXl/hH/VivULD/AFa/SvDZ2n//0/fqxfEwzoV9/wBcH/lW3WJ4l50O
9/64t/Kk9iofEj5CmT/SJv8Aro38zUZSr00eZ5Tj/lo38zUZi9q4ea7PrPYOyKmymld3ytzVvy/a
mmPnpTU7GbodzNntM8p+VVSCvBGK2SnPSoZrVXU8fNXXSr2dmeZiMC7XRl0VM9u8PDciogC3Su+L
jJXR5M6coOzQlFLz3FFFmSlfYSloxRigAooxRVXExaKKKLgKKKTNLmqTEL2opO9LVqQBRRRVJgKK
WkHWlqxC0YpBS07AGKQinUGiwDcUYpaXFFgG4oxSkUYpWATFJTsUYosA2gU7FGKLAJTgabRTTAmD
VIrVADS7q2jITiWwc04Gq6PUqsK2i7mUlYsLUgqFTUqmrTMmWY+tWoxk1ViAzV2Ic1RDLCKcVYRD
TYhzVlVp2M2NCU8JxUirT9tIVyv5dG3HWp9lIUpBcgKjFNqfZTWSgLldutN71Y2Uxl56UhkDdaaa
m2HPShk9qloaK560lTbPamsntSsMrnrRUpX2puPagoiNJUpFNIpWAYaaafikxSsAyg0/FNIpWGNp
Kdg0maLAJijFLRQA2g07FFAyM0U80mKAGmmmnmm0AIaQU4ikpDEpDS0lDAQ0lOoxSAbQaWigY2in
UUrANop1FFgE70tLigCnYVxMUuKXFGKLBcTFTWf/AB+RfWosVNZj/TIvrUVF7j9Cov3keyeEf9WK
9QsP9Wv0ry/wj/qxXqFh/q1+leEztP/U9+7VjeI/+QJe/wDXFv5VsmsfxH/yBL3/AK5N/KlL4TSl
8aPlmSMebL/10b+ZqIw1PI376X/ro38zSZrzHufocYJxRWaEg1G0R9Kv8d6CoNIh0UzNMeO1M8ut
IxZ7UwwVSbMpYe6M5oQwwRms+4sWU7o63WhqPy8Dn8q2hiJQZ59fL41Fsc0ylT81Jt71uXFgkwyo
w1Zctu8Rw6n2NevQrxqLU+bxOAqUXoVsUYp+2l211OmcNyPFGKfijFRyDGUU4ijFLkAbiinYoxSc
RCZozS0lGwC0optOqkwDFO4plLmrTAWjNFFWmAuaWm06qQCDk06kHWlqxBSUtLRYBMUlOpAKLAJR
zTsUdaLANNJinYxRUuIDcGlGRS4PrSYxRsA4MRT0NRU4HFaRkJotIxqdWFUQTViJuOa3TM5RNCJq
vQNzWbE3HWrsR6VaZhJGnG4qyslZyEiphIcCnczaNEOKeHBrO87Ap4uOKZNjRBBpeDVBbrinC596
AsXdooKA1V+0e9OE49aBFjy+Kb5XNME49acJl9aLABiHpTWiz2qQSA9xS+YPaiwEPk8dKY0PtVsM
CKODSsFygYDnpTDD7VpbQaQwgjrRYdzMMNMMXtWmYBSfZhRYLmW0XFM8qtU2opptRUuI7mX5Zpvl
81q/ZaabSjlHzGZ5dIY60za002vtS5Q5jNKUmytE2vHSmG2o5QuUClJsq6bc00wYqbDuUilIVNWm
hNNMVFhplcrxTcVOY+aaUosFyCkqbZTdlSO5HQeKk2UhSiwXI8ZoxT9tG2iwXIsUYqXb7Ubfaiwy
LFGKl2+1G2iwEYHHSlx7U/FGKLAMxS4p2PajFOwDcUYFOxRtosA3FTWg/wBLi+tR4qa1H+lR/Ws6
q9yXoyofEj2Dwj/qxXqFh/q1+leXeEf9UK9R0/8A1a/SvAZ3H//V9+NY/iL/AJAl7/1yb+VbNYvi
M/8AEkvf+uLfypS+E0pfGj5Zc/vpv+ujfzNAao3f99L7yN/M0Bq8x7n6BCouVEwNOziogfSn5zSN
U0yQGl4PWow3NPBp3L0FKg00xr6U/NKCPSna4ml1IGgB9jUEtorrhxwe9XxgnpSlBVRk47GdTD06
i1OZudNeEllG5KpFMGuxMYxjHFZ91pUc2WjBDfXivXwmPXw1Nz5vHZLq50znNvNIVq5LavCxDKeK
gZCvWvYiozVz5madOXLJERWk21MVpuKUqRKaexFt5oI5qXbSbah0h3IsUYqTFJtqHSC4zFGKdikx
UOmO4lFLik5qeVodwNAooo1ELmlFN70oqlIB1Lmm5pa0jIVhwNFNzSg1pzAOxQBSbjSg1SdwFpKW
jAqrIQ00YpaKVgEpDTsUYpNANxS96XFJSsA4VKjGogaepNNOwmtC7C3NX4WrNiOKvQmt4swmjQRu
KeGqBDUgNaIyaJM0ZpuaM0CHE0oJpuaQk0CJdxxQHIqLJoyaYWJvNIp3nGq+TRuNAWLQuDilW5Oa
qbjSgmgLF4XWKcLus/caMmgOU0Ree9O+1571mbjRuNFxcpqi6HrThdj1rJ3n1p28460XDlNcXK0o
uENZAc5604SEd6Lisa/nLSiRTWR5xp4nOOtO4rGruQ0vymssTn1qVbkilcLF7avSmmNarrcc07zx
QFiQwiozAKeJs07eDRYVys0HPFRNb8VeyKaQDStcaZnGA1GYDmtPYDTTEPSjlHczPJIpvkGtIw57
Unk+1TylXMww0nkmtMw+1IYPajlC5m+URR5XtWj5Ge1H2ejlC5neV7UeVWh5PtSeRntS5QuZ5ipv
lGtAw89KQwj3o5R3KHlUeXV1oaYYjRyhcq7OKbsq15RpDFilYdyvsppXmrBQ00oaLBch281LajF3
H9aClPtl/wBJT61nVX7uXoyoP3keteEP9SK9RsP9Wv0ry7wj/qRXqNh/q1+lfPM9A//W9+rF8Sca
Hff9cW/lWz1rG8Tf8gK+/wCuLfypS2Lp/Ej5Okf/AEiX/ro38zSrIPWq8rEXEv8A10b+Zpqsa85x
1PsIVnZF4P71Ir1RElSLLU2OiNcubvQ04NVVXHrUof3pG8apYDU8MKr7venK9CdjdSTJw3NSA5HN
Vw9SBqu9ykx5HvSjPSmZ5p26i+tweo2aCOZSGUA461k3OnNGSyqWHtW2DxQSpXBFd2Gxs6W+x5uM
yyliFdLU5doecY5qJoueldDc2KyKHTr6VTTTrudiILVn+lfQ4fGUqsdGfFYvAVsLJ8y0Mcx0mzFa
50TVwT/xLpvyP+FN/sHWD/zDZs/j/hW7nDuci5nsZG2kIFbH/COa43/MNl/X/Cmnw1rn/QNl/X/C
s3OHcepjkUhGK2D4a1z/AKB0v6/4UxvDutqMnTpf1/wqHKn3GZWKaRzWk+i6uvXT5vyP+FQnS9TX
rYS4/wB0/wCFQ+UZSxRirJsL7/nylH/ADSGzvR/y6S/98mptECsRSDNWPsl5/wA+kv8A3yaa1tdA
c2sv/fJrJpDIaXNP+z3H/PtJ/wB8mmmGcdYZP++TSTsMQHNOBppSUD/VP/3yaAr94n/75NUpiHCn
ZqP5x/A35Uu491b8q0U0IfmlBpm/H8LflR5qjufyrRTTFYk4o4qPzl7E/lS+evcn8q0UkBJx2pKa
JVPr+VL5i9ifyptqwDsUlJ5i/wB6jeD3pWQDgKeopgIP8VSKR/eosguyaOr0PaqceDj5qvR9Bzmt
ImMi1H1qYCo4xxUoBrVGLCilwaTmgkWko5paAEopO9LTAKKKKQBS0lGaAFopM0UAFHNFFAWCjNFF
AC5NGTSUUDHbqdv4qOigRJupQ9RilzQFiYSUokqEGjdQKxZEpqQTe9VN9Lvp3CxcE/vThNnvVIPS
q9FxWLwlHrTvM96oh6cH96VwLglFO3g1SElL5tUKxdyKARVUS+9OEnvQFizwaXHvVcSe9KsnPWgL
E5ApNvtTN4z1p28HvQIXyxSGMHtRu96UH3pANMOajMNWM+9IRQFyqYfSmGI56VbwKQrmlYdykYjn
pUbR1fKUxos0mhplDZToV/fp9astHg4pqJiQHHesqq/dy9GXB+8j03wj/qRXqNh/q1+leXeEP9Sl
eo6f/qlr51npH//X99HSsbxN/wAgK+9PIb+VbNYvif8A5AF9/wBcG/lSexVPSSPkaSRftE3r5jfz
NIMHoaqzH/Sp+f8Alo38zTQxHQ1yOOp9FCvZF4qR70AZ9qqrO6+9TC5B+8MVLibxrJkwJFPV6jWR
W7inkZ6VDRvGZKJPepVcVUwacGIqXE2jVaLof0qRX4rPDntUiympszojVL4cU4MDVNZKkD0XNVMt
hhinAjFVg1PBOKdzRN3uicHritHSNdu9EuFlt0ikUHJSRN2aylanqa0hV5fhIq04VlaornuXhnxn
pGuxJHLawwT9CCo5NdYYYQvFvCfQ+WK+YkZ45FkhkaN1OQVOK7zwv8SLzTnWDV5BJB0VyefxrqhW
Ut2fNY7JGvepbHrrQoBnyIQfTYKi2L/zxh/79ijTdUstVtlntZUdWGcA5xVrZ1GK3UuzPn5U3B8s
iiyj/njD/wB+xTDGpHMEP/fsVd8sE1G0eDT5pE2RnvbxN1t4f+/Yqu9jbHObaL/vgVqlPao2T2oU
pdw0MV9LsW/5dIz/AMBqJtH089bJPyrbMY9KY0Q9DQ5SXUdjAk0TTs8WaVXk0TTsf8eSmuhaHJ6V
A0PzdDS5pdwsc+2h6Z/z4r+dV5dB0s/8uI/OujeGq7w80ueQHNN4f0rPNiPzqJtA0gf8uI/76ro2
h56VXkh5o5pdwsYB0DRj1sP/AB6m/wDCP6ID/wAg/P8AwI1svFUDR/Wjnl3CxRXw9oB66b/4+alX
wz4cb/mGf+PmpMbTyTUiyEd6ftJ9wsRf8In4bb/mGkf9tDSjwX4bf/lwx/20NWlnPrVmObjk01Vn
3Cxl/wDCA+G36WxH/AzTG+G/h1/+WZX6Oa3ll56ipllz04qvbT7g0cq3wt8Pv0Zh/wACP+NV2+Em
gsOLmUfj/wDXrt1kFPz7mmq8+4rHAN8H9DIyL2f8Kgf4R6Qn3b+cfhXorAY/xqCVRjtVxxEw5Tzm
T4a6bB928c496oz+ErS26Tsa9CuVODnFYN6vBxXfRqSe5zVDjJNNih4DMagMWOgrcuU5PWqDIM16
MNUcrepnlOaaVxV0xjNMaL2qrCuVMUYqw0YppjPpQO5AVFJU5jOOlN8v2oAixSYqXbTSpzSGMNJT
yppNp9KAG0U7FJxQAUUUUAFFFFABRRRQAUUYooAM0tJRQAtFJzRzQAuaU00UpoAUUuabRQA7NLmm
UUBYk3UZpmaMmi4h+6nBqiyaATQBMH96cHI71Bk0u6gCx5nvT1kOOtVc+9KGNAi2JPeniT3qmGNL
vNMTRcEnvUgfPeqIc+tSBzQFi1mnZqqrmn+ZzQInpMVGH96XdRYeopHNJtGaXdRms6y/dy9GVT+N
HonhD/VJXqNh/q1ry7wh/qkr1Gw/1a1809z1D//Q9+7Vi+J/+QBff9cG/lW12rF8T/8AIAvv+uDf
ypPYqHxHxzN/x8z/APXVv5mmU6Y/6VP/ANdW/mabmud7nsR+FCg0E0lHWgtMf9M0od06GmdDTqVi
ozkTrcyDtUq3IP3hVOjNS0aqtJGgJY2PBp5P92s4E1IsjL3qXE6IVy8GNOEhFVUnB61MpV+hrNxO
mFQnWWpllyOtVCCKA2Dilax0Rq2LyyCpg+RWeHxUyyVLRtGpcuKfen5GCPlGepPeqqyd6kEgJ6U1
I1UrqzNTSdWvdEmWSxlZMHJG7rXrXhn4jafqgjtr1vIuunK4z+NeK7wRSg/MHXhh0PpWsKtjhxWW
0a6utz6iUqy712uvYhs0gAP0NeHeF/H97osqw3YM8B4ySeBXr2ja9p+t2ontJh7p3zXXCopHymJw
FTDy1VzReMY4qIx+1WASeDxQcHkdK006HCrXKZTHamsvtVwoDUbJQLXqU/L71GyZ4xV3YRTSmetA
Gc0XtULQ+1aTR1G0fHSkBltD7VXkg9q1zF7VC8NAzGkg46VWaH2rbeHI6VVaHB6UWAxpIPaqxjIr
ZkhqtJAKQGZytPWUip3gqB4yOlAFhJ6mWb3rNyVp4lIoA1kl96sLLWQk9WknFAGjvqN2BqBZgaGc
VcWSytc9DWDd96253yDmsW6IINehQepz1DDuBzVF1GavXJ5qi55r16b0OOW5EV5o2U6itESRFAaQ
x1LgUEUAVilIU4qcrSbeKLBcr7KYU5q1s44phXnmlYdyuVxTStTlTnoKayDuQKVn0GmQbcikK1IS
BxkfhTd6f7RP0o9UFxm2jFLiZyfLhZvwp6Wt/IPltGo93uO7IsYoq2ukarKQFs2qdPC2tyHi2YZ9
ql1ILdlKMmZuKTHtW2vgjXZBzEVH0qZPh5rjjjj8Kh1qf8yHySOe/Cj8K6YfDXXD1cD8KkHwy1o9
Zh+VT9Yo/wAw/ZyOUxntRjFdaPhhrH/Pf9KP+FYaz/z3/Sj6xQ7h7ORyVH4V1n/Cr9Y/57/pTG+G
msj/AJa/pR9Yodw9nI5b8KUcdq6VvhvrYH3/ANKi/wCFea4O/wClP21P+YXJI5/PtS/hW23gLXV7
Z/CmN4I15f8Alnn8Kaqwf2g5JGOc9uKTmtRvCWuJ/wAsDUZ8Na2vW2NHtIfzBySM/NANXDoWsL/y
6GozpGrr1szVKfmgs+xBmjJqQ6dqg62jU02eo/8APo1PmXcTXkNzRk0pttQ/59GpPIvh1tXo5o9x
W8hcmjJpPJvf+fV/yo8m9/59HpXj3Cz7Dgxp2aYIb3/n0eni1vz0tHNNOPcdn2FBpd5pPseo5x9k
YVIunao3SzNJyj3Cz7CCQ0ocnmpk0TWJD8tofyqynhXWpTxDt/Cl7SH8yF7ORT8zjpSiT1rWh8B6
5MR/Dn2rTg+GOqyY33G38KmWIpR3kHspvY5kTIvWlWeNnCh+T2rubb4USZBnvDVrUvh1Z6Tol1fe
fvkhTco9a562KpuDSfQ1hQkmmybwh/qkr1LT/wDVrXl3hAYiTPrXqOn/AOrWvDO4/9H36sXxP/yA
L7/rg38q2T2rG8Uf8gC+/wCuDfypS2HHdHxvP/x9T/8AXVv5mmA5p84/0qf/AK6N/M0wDFc73PYW
yQuacKbinCgq4tAzQKWlYpIKKKKCgp2ab3oPWiwx4J+tPVyORxUYNLmpaLi2i0lwe9TLIr9+aoin
K2OhqGjphVaLuDS5xVdJSBzU4kVhUNHRGSaJFkIqRZahwCODSYIpNG8JtF1JM1Ir81QDEVIjnPJq
GjWNRovb1P3snHSr2l6vf6TOJrO4Kkfw54rID1IHHeqjKxpKMKitJHuHhX4g22rpHb3mIrnp8x61
3GeOCCOx7V8uAkssoysicq4PSu98KfESfTTHa6nMZbYgL5jDd/8Aqrqp1u589j8oa9+mezg+vFKe
apWd/bX9ss9pOs0R6FWzirO7iupNPY+ekmnaQ8oCKjaOnhqd1oJuloVzHTSlWioNRlaQFYxg1E8V
WytNYe1MCg0NV3h9q1GTPaojFweKAMd4c9BVZ4M/w1tNEMdKgeDjpSAxXhGOlVJYea25IPaqkkBz
0pDMV4vao9gHStWSDjpVVocdqAKeDUgehlIPSmnjpQBOklPMuKp7yKXzc01uKw+aTINY1y/Wr0z4
zzWVcvjNehQ3MKiM24PNUnPNTXMnNU3bnrXrU3pqcU4u5JmjIqLcfXinBlxy2K3WxNmPJwcGnc4q
uZ0Bz8z/AEqe3tNQuyBbWkzA/wCzSbS3YhO9Nd0XgsK6XT/AOt34DSQvGp6kjFdXpnwpiXD3j5Pp
mueeMpw3LjRnLY8rMqA4HLfWporK/uSBBCxB6cE17xZeCdGswv7iNiO7KDW1FZWNuAIraEY6YQZr
lnmUV8KN44Z9TwW08E65egZjKA9yprXt/hPqEwUzXEgz1A4r2rIx8i7fwoLN/eauaWZVJaR0NFhk
jzO1+EVnGoM8zse4LVq23w10O3Hzx7seprsmUnk7iKjddi72HyisJYmvL7RrGijBh8I6Ha8pZRN9
V5q0mkaXH9yxiX320XetWcLbVzkdqhfUbqSLzYYd0Y9K5HitWnO7Rr7K2li15FonC2qD320uIByF
QfSqdrqsWoA20rGOXoAeKx9csb2w+ZJHZCexrnrYrkpOp8RShrytHQtcwqdu9Qad5pK5R8j2xXIs
yS2IYPK0voK1NCgYQ+ZNK646BjRTxEakkktGOVNJ6Gx50mT8zcU1bxScCXBpSQcsvKnvXPeJLEw+
XLBKysxxgGtqsnCF1qKMbux0fny4yrkj1pBLKwyHP6Vy0N3fadBGZg8sJ7iobnUT9vhEEz7ZDkr6
VzwxcWlfcqVNpnXebL/fakMso6u1ZOsSXFhbxXAY7W9aZpeqTag/3flArV14KsqT3J5Xa/Q2RcSH
+I0GZ+7EVUkv7WGTy2ky3pTI763kYg5A9a1vF6RaZLg10L3nMPU0nmeoX8qhWWGQHy5NxHYU7JPa
nzRekRNIfvQ9Y0/KgiI9Yk/Km4ozT+QtBTHbf88I/wAqTybU9baP8qKKFIdojTa2R62sf5U0WWn4
5tI/++akoquaS6isuxCdP009bKE/VajOk6Wxz9ih/wC+asmijnl3Cy7Fb+ydK/58Yf8Avmj+ytK/
58Yf++as0mKOefcLLsVv7K0v/nxh/wC+aeunaaOllCP+A1Niijnl3Cy7Ef2LTweLSL8Fp4t7Nelr
H+VLRRzS7hZdhwW3A+WCMfhShwOiAfSmUopPUdkSCdxnBIpTcSkffaoqKmyAk8126k/jWR4ncnwx
qGevl8fnWnnFZPiY/wDFNX//AFz/AK0wMLwhzEmfWvUdP/1a15d4Q/1SfWvUdP8A9WtAH//S99rF
8Uf8gC+/64N/KtqsXxR/yAL7/rg38qHsOO6PjuYf6RN/10b+ZphXNSy/8fE//XRv5mmdK5j3FG6G
YIoANSEZoC0XHyDQMUvWlANO21NylFjMUuKdsNG2lcrlYzFFOxijGaLisNpc0bTSVTDYeD607io6
UGpsNMlB4p6tioQacDzUtG0ZNFlZDn2qZXyKqBuKejGoaOiFQtEU3JBpgk5qQMCKlm6lceH4p6yV
F2oyQKVjRSZZWSpkcHNUQ5qRZSRgjFRa2xtGba1Z0nh7xNe+HroSW7O0WCGiB4P4V7L4b8Yad4jt
A0MojuF4aNjyK+e45McEn8DVi0vbmynWe0k8qZTnd61vCo0cOMwFPEK8VZn0+OO/B6U8GvNfCnxK
jvClpqgCSgbd+PvH1r0RZQ8YdGBQ8jFdsJpo+Vr4WeHdpItdqMVCr8daeGqjmFK4pjLmpAeaXimK
5CRxTCuasFc0wpQMqmIk1G8Zq4y+lMKnuKQGe8ftVaSGtVo81C0QoGY0kHHSqjwHmtySEGq8kIxS
AwJLfjpVR4SK6CSAEdKpy24A6UAYbIRVdyymtiW34rNnh2nOaa3AoSy9ay7hyQeeav3Xy5rJlEsp
2xpuY120mluYTTexQuXw/NZ8lwoJA3M3YLXUWPg++1Ft0rGNTXYaV4D0u02yXGZWFd31yEEYexk9
zy60sNT1BwlvaSDPdhXW6V8NNTu2DXUkcaHqCDmvTIILG0AFrbhMevNWTcOwGdo+grmnmMpaJFxw
1tWzB0v4e6VYIpuGV2HYiuotrWxs1AghTA9qqiTJp/mknnmuKdWc92bqEF0NIXO4YX5fpSiQnqTV
AS81IsvvWevRl27F4Nz1p+7iqKy81J5h7U2pJXYXLQbtT/lxgtzVdHyWH8WOK5G/1C/i1cpuIHVV
rmxGIdGKbV9Sox5na52uCBnimGMMCG6Gucg8SSQv5d5Fjj1ratdWtbpPlYCppYyhV92+pUqUlsUd
W0OK6t2a3AEgrJ0nUX06c2t2uFBxXWxzROSI2D+tYmoaG2oXxdW2JXPicK1NVqC978yoVLLlkVfE
SWS24u7dgLnPyqtTW5ub3QXNxCfMC8KavQaDaoyGb95t7mtPAACqoAHat6VGanzT2a2FKdjhNO02
9hk3mLIPYir91pV3dlRGfLXuBXSXl0tmgYqNh602C6trqLch5NYU6FCk3Sct9fMd5S1S0KNpbNaW
ohflgMZqlqekyantCvgLW/5JK5x0pphA6jr716DipKz2Mtea6MO0057eEW9zh0HTNZt14YQ3InhY
jDZxXVGM/UU3yzgispYenJWRTqPVdzmdVsb28gS3HIFQ6PaXenxvCyfMejV1QQr25pjruOSOfWiW
Hj7VVHuCqWjyHCy29zaar5t1G8iE5+UV0MdxY3EIVYnXjnpWu0auCHUEfSq32C1UkrGwY9fmrOlh
nRu49RyqXMywgtbKd5VuAM/wsadPrdqrFYgzNTrrw+ly25ZSh+maSXRoodPKQoWm/vZrS9VaLYSS
uVIPEKyXIhdCGJ71tMAoD569q42GzubS+SSWIkA8kmusk1K0it1ldwCB0rDB1qr5lVdvUqpBW90n
wcZJGfSkwwGSMe1crfa7NJcq8AwpOK0xrDW0KSXJyD39K1p42nUnpsJ0mjX5xnj6UVDb3MN7EJYW
DA+lS5GcV0Rak7xdzMDRRSZzTWoJ3dkO4pKSloAKSlpKACiiigBeKKbRQA6im0UALxWV4mx/wjV/
/wBc/wCtalZXib/kW77/AK5/1oAw/CH+qT616jp/+rWvLvCH+qT616jp/wDq1oA//9P330rG8Uf8
gC+/64N/KtntWN4n/wCQDff9cG/lQ9hw+JHx5L/x8T/9dG/maQe9OmB+0z/9dG/mabiuR7nvRVhc
U5RSZpwqWbxQ4KKUJmgU8UmzRRQmyjy81IBTgtTc0VO5AYuKbsxVvZkU3y/ajmH7EplDTdtXDFTD
FimpGUqLRVA60YxUpjwaYVquYy5GhB0pR1o6UmaBaokDU5TzUYpVNJo0iycHNOUkVEDxTw3FTY3j
MnRvWnnk1AGqQNUtG8ZXJMcUnNANLU2NExVbB5qRW96iIOKBxQ9i7talkEEg8gjo4PIrsvCvj+/0
WRbe7lE1qeNz9RXDbuBUm/I55pwm4iq0qVdWkj6Y0nWLPWrUTWUqSrjLYbmr6vj2r5p0rWb3RbhZ
7KZwO8e7g17B4X8e6frUKQXMnk3ecbSeprsp1U9z5rF5XOm3KOx3QYmpFb1qqHIPJXGO3SpA56nk
H0rbToeS15FgGjFRI9P3nNBIpTNNK+1SZyKDTGQFaYUqwRTCuTQBUeP2qFosg8VeZTUZTNAGc8PH
SqssGe1a7R+1V3iOKVgMSa3+XpWZPa7ugrpnhJ61UkgA7UAcydJV2zJVy2sbe3+5EC3qa0Wi56VC
Y8GnzsLE8czDjhR6AVYDnHWqajFTK3vRuBaDYHWnb/eq26lDUAWlkNPEhqoGp28jvQBb805qRZeK
oiQ55pwkwvXmgC+JSeAenSqmo61HpsQYNmQ9RQkn8R6gVh27W1zrTGc5bPGawqtR23ZcbM29N8Qj
UHCgbX9xUut2huIReRYM8XYd6aiQxODGoz6iqWs6rNpixMnMb9veq5Jez99hs9Bmlw/28xlvtsRj
+UrTZNKuU1AR2xKwd2FZ9pp13d3guC5SGT5sA118UojRY+uBXJTw1Oqv3it5luq0iawto9Pj2q5c
sOSavrLlcZGKy1n6jPXrTxMOPau6MVGKiuhje5pBxnrTwwz+FZyzVNHMD1q1a+oFHxBIPLVMZyKw
ollhQPHIQB2zV3X590ygHoKz4JwoAJyD2rwqGCjjsdNVLpI0xFX6vQVupsWWtyKwSblfWt2G4hul
yjLn0rkJItrbwQF96j+1JaNuFwqn611zw+MwXvQftIfijOniKdXSWjO3KY4wMe1NMY9K5/TvE8Mp
2NIDj0NdDDcxXABRwfataGOp1ttPJmk6TWu6GGPPao2i9qufL/8AqpCAeldastUZ2sUjF7VGYsdq
vlKaYxTAzyh9KZtK9Dmr7R+lRmIUXApPGsikPGD+FZt3oVrdqVwVNbbR+lRlDnrUuEJbj5mjmjoa
29kyqu988GsnT7FJLh4tTd/LDcA9BXcOpzmoJ7SK5UiQDJ71yzwcJvnWiX4miqso21rZ6fERbyr5
Z6DPNSi5tsYEgNUY/DaxXLSGUlD2zWJqu2zlxCHC+tVOsqcedqyJXvOx04vLQttEq5+tSA55/h7G
uX0nR5LyT7VK+yIH1610zT2sSCMSLsX0NGHrOpDmqK3Yc4JaR3H0UkcsUxyjinFSvJrpUkyGrCUl
AB60tMQmKMUtFACYop1IaAEooooAKyvE3/It3/8A1z/rWrWV4m/5Fq//AOuf9aAMLwh/qk+teo6f
/q1ry7wh/qk+teo6f/q1oA//1PfcYFY3ib/kBX3/AFwb+VbRrF8Tf8gK+/64N/Kk9iobo+QZl/0i
b/ro38zTCtWpEzcS/wDXRv5moytcblqfTKnoQYNOFPKU3BpXE4tC0oJzTSeacKVik7EympFIqAGp
FapaOiEifr0pcU1DUoqGdUUmM2UGPOcDOKlC1ueErBNS11bWQZDYojq7BVSUWzmWi9fpUTw81u65
YGw1y6tyuFVyF/Os5o81V7bmMacZxujOaI5phQ1oNFULRdapSMJ0Cp7UmeanMOM1EU5qrmThYAae
Dio8EGl3U9Cb2JQakU81ArcVIGqWjWEydTTwagVqeGqbHRCRPnjmjHpTAaUHBqWje9xxGBRkjpSj
5qXFTcsTdzkCpEcpIkqHZIpyGHUVERSAmhaA9VZnpHhT4ky2RjtNUBeIkASYya9Ys763v4hcWsoa
IjIHevmNeTjHHet3w/4q1Hw9dBoJWlh/uM1dFOs0rM8jGZbGd509z6LWQU8PmuW8OeL7DxFa7xIs
U3TYT1NdEJGUAMMV1xkpbHzlSjOm7SRbVsdaduNV1kyKfvqjMsDmgAVEr09WoAUrmoyKmBBpCBQB
AUNRNGatMtMK0AUZI6qyRZrTdM1XeOgDJeLFV3UDmtOVBiqcqcUDuUzxQGpzLTelAh4al3VETzS5
oAlDUu41ECPWlzQBJv8AWnpyS2egzUG6ob5pfshSD77Um/duhqxDb64kuoPbOMION2Kzda0+e0n+
12rF168VXfR7mKPfli554pIdSvLVvLmUlB1DV5c6zk3GvG3Zmygo2cWXLTWL2GPc8eRipLZLrXLn
fcjbCvQZpj+IYQEiFsCzVuwHZbo6qFLjpV4ak6i0qc0UKc+lrMuRusUSxIflUYFKsuKq7ufelD81
6VtLMybuWxKRTxMap76dv4oEXVnzUqTHdWcsmDUqy9fpQhPZ2MjWbkNecn5R1rm9S8aadpytGhLy
jgALnmr+uzF0lCnBrzqw0Dz72SaTc5L8ZrgyetTjVq15vRMePSkoU+pqv4l1zWWIjXyouxJxQNN1
S6H72Ykf71bcVvZaXEGuSF46VmXnjm1siUtIgx6ZNb1M8qynbDQuiqGV1qyvaxb0vRr6wfzEmLex
NdfZahcx4ByGry6Xxzqly37iMAe3/wCqpI/EPiSXDJCcD2/+tXm4nB43Fy53Gz8j0qeXukrSmvQ9
ysdeIwk69uoGa24bqGdQUYZr53XxN4kVgxhJA6g5/wAK6rQ/HVycJPCI2Hc5q4RzHCr97HmXkFXB
Qa92aPY8YGSaOK5vT/EyzKvm4Ireiu4ZwGVwcjpXbQxlOtpHc4KlKVP4iXbkZpuwU8kkYFFdW2hn
Yi8mo2iqyKaVoQalRoxULR5q+UzUbR0dRFHYeh6VVutNt71Akq4HqBWoY6jMeKJJS0krjucnrtvc
2FtHHZcxY55qGGys47NbmWcliMsua65olcbZFDKayLrw5b3D7kYqvXFcdTDpVPaL/gGkZq1mVbaO
1vLZpbSQhwM4PFR6Ze3klw8M8e1VPU+lV7l4dOnEVkCZB1UU9p9Uu02Rw+XnvisI4hQ91puXkrlO
Bt4V/mjbI9qTrn2rHsbXU7CXdI5aNjzkVuApIA0bZ9a76c3NarlfS5lKNiPFGKeVwaTFaOy06kiY
oxS0UAJijFLRQAlZPif/AJFq/wD+uf8AWtasnxP/AMi1f/8AXP8ArQBg+EP9Un1r1HT/APVrXl3h
D/VJ9a9R0/8A1a0Af//V9+rG8S/8gO9/64t/KtmsbxJ/yBL3/ri38qmexcPiR8mOv7+X/ro38zUZ
WrEg/fS/9dG/mabtrz76n2ShoivsppSrJUUxkppkOmVivtSLxUzLUZGKq5zuAtOBpg4pwoKRMjcV
Mj8iqoPNSI3NQ0dNOdi6CCa7H4axeZ4h83GdhHPpXEo2Oe1ejfCiHM1xMem44/Ciknzak4+ry4ds
T4oaT9m1MXyR4RjzgVwezgH1r3Hx3p/9peGbpkG5442YfhXiUYzlDwV6g1VaNmLKqqqUfMhZKheP
2q7tzzimtHmsj0nTTKBj46VC0XPStJo+KhaOmpHPOimZrR+1RshFaLR+1QvGatSOSdCxSwQacDUz
R4qJ1Iq7o53BocG5qQNzUAzmng80mioysWQ1PBz1qurVIGqWjpjMmB9Kdmog1PBqWjeMh4oIpART
qkvcYaA3rTsZpNuKW4axJ7e4ns5xcW0rRTLyNhr1Hwp8SEmWOz1dj5vAEjV5Nkg8H8aUgNw3I9a0
jUcNEcuIwsK8Xdan1DHKkkYeKRZI2Gd6npUqvkYJ5rwHwx42vfD86pI7S2g/gOSa9i0PxFp+v2/m
2kwDY+4/B/KuyFVSW581isBKk7paHQq/b0qQNVNJP4SefSplbtmtEcHkWgwpQc1AjZqQHrTAm60m
KYGxTt31ougGsvtVd1q0DkVE45ouBnyr7VSkXrWnIvWs+ZTzTAoSrUBqzLmqz9aAEozTaKAHClpu
aM0XAeMnp1oDgn5Wyw6gVHNIIrd5GOABXK2mqS215LIWLITWNbEQpO0tC4wctjsA78ZJx71l6pc2
8LhZoUKt1Yimxa/byn5yR+FRa5PbXFkGjILEcCprVlKlzU2n5FRhKEr2K2mWAn1PzR81uORntXSl
vmwPujpWfo0Xk6eAehq4CStVh4RpwTirNkzlzO5Luz3ozUYpc1te5BJupd1RZpc0ATA04NhHOe1Q
hqR3xFJ9KTdkCV2cxqBM08ijmsy61K08PWe+Ta1wRwvvUusaj/ZkM0+Mt0Fedxx3niTVQxJZWYcn
oBXz+BwU8VUklpHqeuoU/wCNPZD559S8Q3pyZmVjnHaut0LwRAiiS+xkjgHpW/p9pZ6ZbiGNQZMY
3Y6VPKJODv3V9hQw1KjG0FZnl4vN609KWiGRaRp9m+1LeIj121qRNBHAQkSDtwKpk74BkhW9zTlY
CLarAt9a3vf1PJnObfvO5Ophc48lOfapngsAm020Rc99tVI5BHknlsUfM7buh96fMQp2LSRRRDCY
A9BVmG5uYW3ROwA7ZqoojTktk083QHCivOxeV4fEK692XdHTRxlalpe6OmsvEQKhJ+CO5rcguop0
zHIprzzeH6gVJDczWxyjnGe1eTKjjcJo1zx7ndCrQrPezPRdwxgHmgEj3rmbHxEBtSbj3rdhu4Lj
BjkBPpW1HF06vu3+RdSk6av0LVBGajB5+8KdurqMxClMMdS5pBzQBXZKZtxVogUhWjcHY5q+0TF1
/aMI5HJX1oi1aa5VkiQIynHpXRbeozweorAm0Xy9S8zztkT+nrXPNSp+9SW5pHzZCYNUu8h52WM8
cGiz0q7sJiTO0iHsTVTUDPZXwjW5JiODwaqS6nepNtgLOtczxFGm7z1kV7OR0pU7s7eKQrxkdKr6
VcXNyD56FavFNuVFd1OopLmtYyZBikqUrTTGasRHRmn7aTbQAw1k+J/+Rav/APrn/WtgisjxP/yL
V/8A9c/60AYHhD/VJ9a9R0//AFa15d4QP7pPrXqOn/6taAP/1vfqxvEf/IFvf+uLfyrZrG8R/wDI
Evf+uLfypS+Eun8S+R8pyL++k/66N/M0Yp8g/fTf9dG/maTFeY92fdxj7qGbc01lqXFBGaVwcSsy
1HtFWmX2qMr7VSZhKmVWXmgVOy+1RFcVSdznlCwClQ/NTM4NPHNMV7D/ADCq8d69c+GMQh0MzMMF
pHH615EEMsiRpyXcD6V7XoEX9n6VbwYxhQT9a0oxvI4syrfu+Q7Ndtxby2zciRCK8F1q0Om67NCV
4diRXtVrdgMDmvPPibYiK6t76MYBcg4+hrTER0uYZPiOSpydzjV4GCc07ANRI2VBPfmpgRiuJM+w
b10GlMimGPipu1GKuyBxTKjR+1QtGfSr5SonTmpaM5UzPeOomi5rQaPionjxzQm0cs6JnsmKZjFX
HTPaoWjx2q1K5x1KTREDT1ak2U4DFURG6HbqkB4qLvThUs2jIlDU8GoVNSZFQ0dEZElFNBpwNSaX
uGKaafQaBMYD81W7DUbrS7pZ7SVkYHOAeDVXFGAPWmpNMmdONRWZ6FF8XdQtrdVlsBKy9XBHP609
PjfIPvaYfzH+Ned7+No6d6rzWqPyuM16eExNNWjNHhY3K9HKmepJ8cHP/MN/Uf41IPjdN/Dp36j/
ABrxx4zEelPVxivep0KNRXR83UjUp3jJHsY+Nk5/5hw/Mf408fGuU/8AMP8A1H+NePKQalUVqsHS
7GLqSR6+vxolP/MP/Uf41Kvxhd+tgPzH+NePr1FW4etJ4OmugKqz1tPig03/AC5gfjVhPGr3P/LA
LmvMrReRXQWQxiuSrQitiozbZ28esG46qBUqzb6xLToK1IvuivPqRs9DZNss5zRSDpS1kWFHPOKK
XOB9aAIbiAXluYi20MMGqqaHaLCYwQWpdaneC1CwHDsOMVhfbr6yxK7Hn1FcdetCEuWauaQi3szQ
l8OEn904HtWX9nkj1OK1kBI3dakGq30kn2iMMVrU0m8TUZCZYwJl7kc1xqFCrU5VFpmrfu2ZrqBH
Cka+lLmkIwcUV7GySe6OYdmikHWlzQAc5pRSd6XtQA4GmzHFvIfYUCo7okWrkVFR2g2OO6PPvFyv
NCIU+8xq54d0ZdK01H485xzU00K3E4kbt61Y3udoB4FLI4JUXPuGY4mUUqUdnuSbDnnk+tSLI8Y+
bae3NQ72P3RTtjkZava5bnke7FaHIeJptVspzOsiiE9Bg1iweJ9RgkSRnyvpmut8XRzXGlhIl3MB
XnKWl+8ix/Zn64rzMQ6sZrlPqMtlhqmH/fLU9e0nUf7RsEuCMMetaHmu3GKxvDtq1rpaJKMNjpWn
vdOccV6MPh1PnavKqk7bdCXDA1IrH0qATml+0MOoqkzGxZBb0qVZCv8ADmqq3DelD3yW4JlYL7Gn
zW3Ycty5kHqvNSwXNxatujP61Qh1CKUDkVaW4UnivLxWW4au+e9n3TOrD4qtR219TfsfEJ4E6/jW
9DexToGST8K4IuJPlHH0p0c1xbnMbkfjXlzo47BrmqLnj5bnfCvRqabM9DDEjmnhhXKWevSx4E+C
K3Le9huU3I4rahjKVfVOzXQc6c4+hfznpS5qssuOMHFOWbniuvz6md7bk2OaqarZm7091VirLyCK
s7804SZ4PT0qakVNWeg+pyVhoc15lrtm+U7Rn0rbi03T9PQCQgHsWrUyAOBj6VQ1TSk1WERGRkPq
DXLDCU6Sco6st1XsiZVjZf3e0r6iozFzRp9tFp0P2Yy5fsWNW9gAyOfcV1Qk+UizZRaLmmMlXzED
zTDGCKoRnlKaUq8YqjaKgCmUrH8ULjwzfn/pn/WugKVieKlx4X1D/rl/WgDmPCH+qT616lYf6ta8
u8H/AOqT6V6jp/8Aq1+lAH//1/fjWN4jH/EkvP8Ark38q2TWP4j/AOQLef8AXJv5VMvhNKXxo+V3
H72b/ro38zQOaWT/AFs3/XRv5mgCvMe7Pvl8KExSAU/FJipSbKcbK7GFTTCtTEe9NP1o1M2rsrsK
jZeKskCmMBitUzGSTKbKc5oBqZgKiZdzbB1bgVSOaatrc6HwXp/2/V2lZCYowMZ9c16xtwAB2HFc
v4S006XpKFxh2+Yn2ro43465rrpK2p83jKrqVLdCxFIyMKzfGUA1Dw0XI+aM7q0lANMu4vO0ueA8
jZVTV4syws/Z1UzxeBv3YHccVaQ5ANVLhWt9TuIj0U09JcivNasz7mhUvBO5dU05aro+alVqpM6V
JMlIGKYUFOzS9qY7kJQHtTDDVmiholxTKEkfPSoHjq9IBmoHXk1K0OSrFFIpioytW2Wo2SrTOaUS
vilzUhWmlaCbDO9ODUwjmih2KuTK9PDCoM4pd2KixcZlgnFLmoQ2aeDRY1UyQU3NANFJod7iZ5o+
lJjJNLiiwXaY0oJBhhzVSS3ZDkc/SruSGp2Tzx1ruw+NqUZJ30PPxWXwxF9NTMV8cdDU6vzT57VW
+ZfvVWVivUV9NhcZCsvM+TxmDnQlaxdU8jnNXIetZ8LjNXoTk11SbWjODlubNoeldBZckVzltzg1
0VieVrhrO6NI9jobQdBWrEOKzLOtSKvLqbm0SdeBS0gorAsKANzAHpRSqDuU9eelNJPcDE1ufyby
E9VU5NVtU1ZNQto4QmCvfFXL22ju9URZH2gHpT5NFsx9yZc/WvPq068pWg18zeLj1GWGtWcFqIZY
1yB6VX0cCbVpJoxtTPAqZ9BtnVis6lgOOadoFtNbzOJBx2NFNYhSSmloE3G2hsNzzSUrcg0ld+2h
gFGKKWgAFLmkooAcDVe/crZt71PVXUziyOawxLtRk/IumrzRzIRnPQ1Z8rauSwxUEUpxx0pS7E88
iujJotYSJxYyS9q0TGYLwo/GmZd5ACcj2pnBOPWphiJc9zxXptdjlW1hZdoYLgMKV0hj2/uUz1zi
olOZM96ddXMEW0O3OKLreWgXdyaYbgrx/lTkkJXa2PzqsmpWgikVjzt+XHrXnt7rOopqMvll/LB4
rnq4qENnc1hTlI9NEO44UjP1qteXI06IyzkKo9TXDWviO4AXecMD61avr3+2LcwyTBQw55rllmVO
3u3+4qNB9TdXxLC4zGQR296x9ckvdUdXgDADsCKy00SReIbkfIOOaU2+r24+QxkD/arz6mOq1fdv
obKklsWIrvVbVQvkOQPfNWU8S3sR+eKQfhWQfElzany5oDkdSppjeMIf47Zs+5Fc0YVF8P5lOCZv
f8JoVJBLBh6iki8ezlzGEJzXNl7jV5c2tuee5XFdHpfg50QTXcqoDycV6+Dp127tmUlT7Dn8TXss
wdQ23PKiuk0rxdGxCPKYm9DWRO9lbqbeyiMkg4LEVz89vNHMQw2t/sc1pisqw9f3rWkuqCjiqlNv
qj2rT/EO5RubcvrkVvW99b3K7kkGfSvBLe41PTUEzAGLrgnk102keLPPKoFeNsgcCvIqU8Zg9X78
fxO6NejX/us9d8wr3qQSDjvn0rjbTxE0JAnQtnvXQ2V7HcYkj6E9K6cLjaOJsoPUJ0pR30NH7dbp
P5LSAP6VY8xM/fGR71wWvNMusgwg7j0qRbXWCysTwR61nPFyhUajBuxSpK17nRa9pjalAslvPskT
k4PWk8MzTyW7wTksUbqTWELPVlUuGwcetaHhOZjNMkq7ZAeTnrWNKpKpXT5WipRSjudURnOKTaKZ
5nzGn5HFeoc4mwGmNEDUoIoxmgCuYRWD4vix4T1I/wDTL+tdNtzWD4yTHg/VD/0xP86AOG8H/wCp
Q+1epaf/AKpfpXlvhD/ULXqWn/6pfpQB/9D341j+I/8AkC3n/XJv5VsVj+IudFvP+uTfyqZfCaUv
jR8tP/rZv+ujfzNJSuP3s3/XRv5mjFeXLdn6DBe6hMd+9dH4X0zRtYkNteXbwXH4f1rngo79KXLq
/mRyMkg6MtVGVjOvSdSNkz1c/CnSsBv7SuQD0IVef0ph+FWlZI+33IPf5V5/SqHgvx8yhNO1WQkD
hZGr0wgPEsyNvjYZDA9a7YKEj5bE1MVh5as4A/CvSv8AoIXP/fK/4VE3wt0r/oIXP/fK/wCFeg4z
659KjZfrVeyRySx9bds86l+Ful9tSuh/wFP8Krr8NdOtrmOYX9xJ5bbgrKuD+Qr0d48jvVWSP2pq
khfXaskYDW6xIsa52qMVFkg1rzQk5zjFZ8sRBqkrHI23qOhkxirURDB1P8QxWcMqamjkOfemwvrc
4zWPAN9eaq91bOBGwHBqqnw71gMcSJj6V6Skm7qeaeVORgmsnSiz0IZlVgkonn0fw11pgCJU/Krk
fww11ufNTH0rvIZ2QgZNalvdE/xGpVFG6zrErqebp8LNa7yr+Aqwvwo1Ikbrlh+Ar1CN8qOTz71T
1bxBa6NA7zyKGxwCap04pFLNsVUdked3fw/GmW5kurw8djiuO1CKGBisT7ver/ibxpc6vcsscjJC
D0z1rnjMH53sc+tcs2tke1hXWkr1GRl8sRTWp23nNBHFZanda5ERTCoqTGeKTAoM3Ei20m2piMUm
3NFyeQrsgqFlIq8UFROmapMiUCqDS05ozTCpFMzasKDTgaZgil6+1MVyYNTs1AKeDSaNYyRKKUmm
ZpetSaXFPNGeKUCkIpj6CA01oVkGTwadtNOGKulVlTleJjXpQrR5ZIpmMxNntVy2YdRT1VX4YUv2
Yq2U6ele/hMz57QmfM43KHTvOBq2Z5FdHYfeFcxZnaRmumsCMiuus01eJ46i4uzOltOlakQ+Wsqz
Oa14vu15lTc0RMKU0YpSKwZQ2lU4cGloxRddQvYw9U0+e71ON4SQM8kVKdBcYzO2e/NS6tdyWkkT
R9CearnxAigcHdXHUnh4v39DRKUlohZPD0jA+VcMGHPWpdMu5PMNlMvzpwGHeqp8QSNny1OT0p+i
rLNcvPKpU5zzSjVpTny07sORrc2R1IoxTjSDpXatiGJRS0mKBBTqSigA71T1biyq53rP1hsWwHvX
NjH+5kaUvjRz8fUipOQpf+FfvUxRknA5rD8Taq1pD9mhb534bFdmAmqWBi2cOIjzV2jRTW7NrjYi
hgO4NWJdTt9u8gAdMZrnNLsktrTcwDSEdattbxOAWWuL+2JpvQn2CL8evWSyYYD865PVNUkOsGZD
uiycDPatoafbHnyxSHT7Vs5hT8q56+Z+2SUkXCmomdBrdrK37wBD9auCbS5Rzgk1BL4etpASFAJ6
YrMn8OXC5MTnHsa5l7Kps7GrXY1msdLmBx8p9c1UfQ7Qn93cNk+hrCmhvLR8OX4psd/uGHYgjsTi
t/Zz+zK47XNG5srqx+aG6Zh7nNVjqeqIM+YpX3FV2vFaQRxfvZD/AA9a3dK8N3l9iS4Vli9GFdNP
DVJdiHKMd2YcMOoapdBFQfMeSK63TvAtqWWa95Ydq6Ox02101MRRIGx97FWWJPOcGvXoYaMV76Oa
dWXQgjjttOjCWcI3e4pr289180z7U7gcVZQIGLd/elJUkbjXVLlWr0MW3exSS1H+rtlA9SRVmHTb
WFfMlXzJak3c4UYHsKnt7Ge4cYDAeteTiM4hF8tH3pL7jtp4KTXNPRGZPYNfNiUgRDoBWjp2hR4C
wIRjuRW7a6XFFzIMmtJdqDCKFHtXnSpYvFvmxEuVdkdsFTpL3FqU7XRokOZWyfStWJUh+WPjvUAf
PJ604OQc5ArqpYSnRShEidScviZWudbs4LkrLEGkXpn1qF/Fku44gCpioNT0Eag3nRkhzWfJ5+n2
MkD229ugbaTXLiJYrmetkaxlTUbGl/wk95Kv7uNcAVoeGJGleWdwAxOay9Dv7G206Q3UabyMYYc1
t6bJA9uZYFCjpVYelU9opSncKjVtjaWX5yalEtZqye9TLJ713mBoCSpFeqKy8dakWWgC4GzWJ4y/
5E7VP+uJrTWT3rI8YN/xR+p/9cT/ADoA4nwh/qFr1Gw/1a/SvLvCH+pUe1eo6f8A6pfpQB//0ffq
x/EX/IEvf+uTfyrYrG8R/wDIEvP+uTfypS+E0pfGj5cb/Wzf9dG/maUcUN/rpf8Aro38zSivLluz
9Cj8KDFLig0tIojeJZBhxkg5VhXbeD/HMulXEdnqO57Y4Ac9FrjcUhUFeRx61UJuL0OfEYWGIjqf
RsMsF1brPayiWJ+dw7UMteLeFPGF14euBHOTNZscdeleyaff22rWS3Vo4ZG6oDyK74VUz5DG4GeH
ei0HFeKgdavFeOuf6VCy1qzz73RmzR5FUJoetbTx8mqksIpAYLxEGouVNak8XtVJ0wTQIWJwOvWr
kcmQKzlIU5NTROc8dKRRf255FSRStECSdqj7zGsy91qy0qAy3ciqQOFz1rzvxB45vNVzBZr5EI75
6iolUikdWGwc6r2PQdb+IOn6TGYLd/PlIxlecGvKNX1271ad3ncspOQD2rJ5LsxyzHqxNKvJrllU
bPocPhIUdGgOSasQqSKaFqaOslqemop7Eg6YpccUnagUGqWgm2kIqSjbSZDRFjNJjmpdtJjmgLER
Wm1MVpNmaAcSIpkVC8eKtbcUhFNMiVMptGaj2Gr2wVGY8dKpM55QZV6U4VI0ZpAlMhJpgKeBTQMU
8GlY2VyQLSFaUGnZosbKwzFIBTjS96i+oNKwqjFW4c46VWA6VYjPSq5nfQyla2upowxqccc1sWak
OM1lW2OMCtu0wWGa9PD4qcfdep85j8LCV5LQ37I5xWxD92sez2jpWxAPlracufU8dx5HYsigilFO
FYsBmKG4GacV5pGA24oTa2Cxm6xZS3sUZh4APzGqqadYLGollXzB1rakYxW0hzwFrnrTSjqsszrO
VQVw4qneacYJvzNaUnY04NNs3PmxMCBV5QFACAAd8VhWDto981nO+6M87j71a1LVYrchbbk1tTnS
prmdoy6+opKbNMck0dqZA/m26THqRT63WvvdzO1hvelpaKYCUUUUAA61m60cW6/WtMdaytcbbCmf
WuPHu1Bs1o/xEY0bBEd26AZrgL6U33iJmHKqw4rtNRkNtpTsT1zXD6GPN1F5G7tRKo44SMPI5pRv
WnI6s/KAuMcU0A49u9V727FtcIh6E1ANTRLvyiflPOa8hQk1dCJbx5oV82D5lHUVDb65BL8knyt0
NaagMBk5Vq5XWLNILstHxk5rWklNcrQctzp43hkG5JAfY0lyJFt2ZGX8641LiWHmNyx9M1rWNvrG
q/u0DRp/eIrVYScvhDRGbdXck8xQ7mcHpirNr4NvddKEQlFznca7/QvA0ECCW5cM/U5rr4YYbZAk
Shcd8da9WhQ9n8QlJz2OU8P+ArXSYQ0qRtIP4jW89lHAhZmC46JWhuJbnpWZquWwrOK66c3eyHOP
KrbtmTK4dyQMDtTMimu2GwCCBT4Laa4b5AVrHE5tTovkpe9LyM6WBlN3loMJAO7rU8FlcXTAhPl9
a1rTSET5petaK7YxtQYFeY6eJxmteVl2O6mqVH+Gr+ZTtNJihALnJ9K0lKou2MAVFnNKK7KWHpUY
2jEmVST3JCffPrQCaaKXNbX5iEO3ZoaVIImllbCL2poHzYrH8SXPl2yQjOGPOKzqVIU4XkxpXZC/
itvthMEbGFepFdBZ6jBfW4lLjb3DCsWH+yV0jyx/rcc9KxrS2uXdlt5CFPvXEsZVpyXO1KL7G6pd
Tc8Rrp4st1vzKxArX0dDDpSh125xiuctdImmuUEsobbziuqVgqiNRwoxW2HhLmdWUbNmcydXFSB6
qhuaeH9K6zMtrJzUqyVTDmpFc0AXlkFZXix8+E9SH/TL+tWg5rL8UMT4X1Af9Mv60Ac14Q/1afSv
UtP/ANUv0ry7wh/qk+leo2H+rX6UAf/S9+rG8R/8gS8/65N/Kto1jeI/+QJe/wDXJv5UpbGlL418
j5cYfvpf+ujfzNKKG/10v/XRv5mlAry5bs/Q4/CgxmlpQKMUFBQemR1pcUEc1QhPvHGOPStbw94k
vvDl4GglJhJ+ZD3rKxg0w/KuCM96SfK9DOtTjUg4yR9A6Jrtrr1lHPAQHK5ZM9DWgVGa4H4U6eYt
PkunU/vCSvpivQNuACOCTXo05XjqfDY2lGlVaiQlBVeZParjCo3XirOQzJYsjpWfNB1NbUicVVmi
yKTGYTxYJ44HNc54h8VQ6MHhtzvucfKPQ12EsOCQRwR1rxzxrYNaeInkZSUfox7VnNtI7MFSjOXv
GVd6jd6lcNLdzFwxyF9KjB7HtUQ9/wAKcM55rilrqz6alFQ0RN97k/pQBg0i04daVzdMeD2qZDio
AOalQ80kbQZPnjpQKbu4pwambJjqUZpN1KDRYGkLSEUtFSIaaAKUigCgaGkc00ipcUhBoFJEWKTF
S7RQVpoyaIdtIYxU2KUrTuyHErlBTdtTstMxTRL0GYoxT8UhGKdhJjOlLnmkNKCBzWfK76G10lqS
qeKmiBFUZLhIxyeah+2M5wp4rvo4GpXt0R5uJzGlQvbVnRw3Ajxg5rXs5/MYGuTtWPHOa6XT+q8Y
r1YYWNFcr3PmsTjJV3e+h1lh9a3IAdtYNh2ret87awqHIu5aUcU7pQo4p2Oa5yhpFJgY96eRTCKL
N7AG3zEMZ5DDFcpcNNY3bwW7su49BXVjI5HWq72kH2n7W5AKjvXPiabxEVyuzW5UJ8pzZsbq7OZd
2/1NT/2IyQFpJAr44ya2bfVYruVkXYFU/eqtrE1teR+RFODIeAFPNc6wmHUb3v8AM09pN7Im0oML
UpI4JHTFXSMVzVrDeaPdo9yT5L9MmunIDIsinKtyK7KMm1a1rESXW40jFJSnmkrSzICiiihgA61k
a4AURT/erW/irI1sjeg/2q4cxt7DU2ofGcT4sumS1SFTxisLQE/fgDrnNW/FUu67SP61n6dcfY7n
J6YrOXv0kkznd7yZa8QSFpwq8MGz9KySzlsk/P2NTahci7uTIQeTmkgtJ7pvkTC+tOlDlXKkToty
VNYuoowhcce1LFb32rzjAYj6Vs6doEY+aX5n9K6e2iW2jAVFXAxwK7qOXtvmaMZ17bIyNN8LWtuF
e5Xc3pmujjuEt0EcSKqj2qKOOWdvlQsTWpbaPsG+5O0H1r0eSnRWhilKbu2S2Mk90Bg4UVpSMkC5
dgMDuay7nVLe0Hk2+AcdayXmnvXA+ZueleVicbRp6t69j0aVKb+HY07zWSQUg61lD7TePklmzWja
aMeGlG3NbEcMMAwiiuJRxOKWvux7G6jCGu7M200VAoebJPYVqoiRABFAo3H8KUV20cNToL3FqZTq
ynoxd2etGc9aSlFbt3IClBpKUULQB2aKSimlcCSP7xY8BeprlNSnjutVCtJhAMYzW1rd4LPT2VD+
8esDRo7UMXvWGWOcmuLFVUpqlK2u5tCLtdFo6JLsMsbEq3vUHl31kGIUqgHWuqgmgMQEDqyDpUkq
LNE0UqjDConl1KS5oafMFiGtGjC8OebNPJcu5bA6V0BbLE+9VrW2SziZYxxgVNkA+/FdlKDhGzZn
J82w/PNPDVFnmn5qySYNxTg/vUG6nKRQBYD1meJnz4Zvx/0z/rV3dWb4kbPhu+/65/1oAxvCH+qT
8q9RsP8AVr9K8u8If6pPrXqOn/6taAP/0/fqxvEX/IFvP+uTfyrZrG8R/wDIFvP+uTfypS2NKXxr
5Hy9J/rpf+ujfzNIKV/9dL/10b+ZpOleZL4mfocfhQ6nCkopFDqKKXFMBKafmkUL1bin4q7odqb7
XLaADhWBJ/Gmld2M60lCm2e1+ENPOneFdPhb73krn64rbxn8KFQRRJCOiKAKACW4FejFJRsfAYio
6lRyewxhzTCKnIyf51FIyRjMjBB2Jp3SMoxctiFl4NV5UyKuYDruU5HrUbL/APrpjSexlSxkc+le
dfEvTd9ul2B90ZNeoSISGyK57xXpgv8ARJ0Oc+WcYFZ1Fob4Opy1EvM8HGCocd+Kb0NLGCY1+XDA
5xQRXDvofVa2uOBqQHioBTw1FikycGpVNVg1So2aDaEiYGnhqh/GnA0jZMsg8U4GokNPFNbGiHU6
mA0+kMKAKXFKBRYtCEUmKkK00jFAMQClK5oFOoM3EZso2ipAM0u2mS4kBX0qJqsuMdqgZc1RE4Ox
ESaTBp+AKilkCLmtIwc9InI5JJthIQq8mqE14CMLUFzeFztU1WBya9rBZco+/I+fx+azl+7iTZLH
JqxEKqqeauQHPFeu0mtNDxuZ9Xc07P7wrptP6iuatBgiuksDyK5KuisLQ6vT+lb9t9ysDT+groLb
hRXm1Ny0W1FOoX0pT1rnZQhpD0pTSdqPnYBuD2qG6i86ydV+9ip+lIOD7HqKb+Fx7gpNdDA0aK3a
OSCd/LfJ5qkyR6dqO+NvNCnOTVnXrQ29z9ojJVWAHA70WujyXMayykhT1ryKkakWqVOF7dToTSXN
JkF9qUmqIFCY2Vr6HdG4s/Kbh4+Oas22mW1sMBdxx3rGv5xp2so8I/dn74FbRpVMPL21aXxEyan8
KOgK7fl/u0lIkguIVnT7rUuOK9CMlJXMrBRRmgUhAOtYutcMD7n+VbQHNYmtjJJz0rhzJ2w5tQ+M
8u12TzNUbk4AFUUieQhUHHqavX6D+0pS3IGO1aGnaPc3xDFTHF61vhMFKpTUpbHJWqKNyla6eiuM
/O3oK6Oz0uRsFxtXFXYLaw0xAOJJKuJM0q8javavWo4aMPh1OOVRsbHHHCuAMmnnJpOFNNEmWKqC
azxOPw+HXvvXsXSw9So/dL9rOtqPMPXHFRXOpXF/J8mQBTrfTJ7huSQvWtuCwgtkAI3GvDnWxWMf
uLlXc9KFKnQV3qzItNIkm+eWtmCzht1BAyamJ7DgUg4rooYKnTfM9WEqjYpJLdcCik6jmlrqbbM7
dbiijNJRRsA6iig0AGaWm0760AA609cIpkYfKBTByeOazNba8eEW9spyeCRSm3EFqYup36XGqRq+
fJJ4NaVz4dLRJLbvuVl3YqtZC2h222pQkMOjkV1Ee1YlEL5QDjFcVHD0qqk5q9++6NnN09InIA3m
nv8AMCqitLSHur+7E0jfu16Vr3ltHfW5jddrHjNFlarZQCJTkDv60UsLKnJWd4g6qa2LTEbjikzS
cHpRXdZLroY7i5paZmloAfTgeKjzTh0p2AeDWZ4jP/FO33/XP+taA6ZNZ/iFGPhu9bBx5f8AWk9A
2Mrwh/qh9a9SsP8AVr9K8u8Hj9zk8c16jp/+rX6UAf/U9+rG8R/8gS8/65N/KtmsbxH/AMgS8/65
N/KlLY0pfGvkfLz/AOul/wCujfzNJ3pX/wBdL/vt/M0CvMlufocfhQvanCm04UihRS0nSgHNMYpO
AT6V2nww00XWtzXDjIQjBx7ZriXOI/evYvhhpps/D0twwwZn3fpj+la0leR5ea1vZ0Wdo5LOTSZI
FOILlscY/WsjXPEFjoFi01zJ+8wdsQ9a7XJI+NpRqVHypblvUtQtdLs3uLtwqgZAz1rxfxV4vvPE
NyY45mhtE4TaxGT65HNUvEPiK78RXhlnY+Sv+rT0rIwOoOa5KtXXQ+qy/Ko0Vzz1PQvB3jyWOSHT
dVk3pnajHjtXpoKtGrxENG/IIOa+b2UOMGuw8H+NptEdbS+YvZt8o9qKdZ9TDMcqUl7SnuetyL1U
VXlgEsLxsMgqR+lWbaeC/tlubSQSRsOOadgKw469a67qSPnJc0GrrVHzhrNkbDW7iEDC7yAMVnOu
K7z4m6c1rq63gXhn5/GuIkX0rgl7sj6/DP2lKLKpFIKmZeaiIwaSCSsxwOBT0aos04GmOMmiypp9
QI1Sq2alo6IyuTIealBqsDzUitRsbxkSg81IDVfdUiNmi5asyYU8CmKaeDTRpFEiikZM0A0/PFFi
miHGKBUhpAB3osKwAU8DFAwKUGmCS3Y1huqMpU5GR16VWuLqOJcL9+tqNKdWXKkcuJr0aMXOTKt1
IsCHPWsC5vWlbAPAq3fM0iFieax+cmvfw+DVNXkfF43MHipPk0RICM5pymoh9aev1rti7HmtdWTK
eauQHmqKmrkJ4rS4r3Ni16iujsOq1zNoeldNp55Fc1VaDR1endBXQ2/3RXO6eeldDbfdrzKq1LRe
TrSnrTVp9czKGmjtSmmmgA70lLQelAEMsUdwoWUZAPFEsq21uSxwqjgU/jmqmq25utPk2ffUcVMp
OCfKtSorXUoDxFtZ9ycdBWZFGdQvss/yE8g1d0qOxe1lN3gTL0zWZIWju3aA4U9PevHrynaM670v
sjphZm0dSFjfrYg5hHetgkcMPukVzMOlXN+hYjZ/WtzTYZobbyZjnHSvQw1WtV1muVdPQxqQVyxS
0UV1vcyAdawNdOd4rfHDVz+tk7pTnoK83M7+xVlfU3w7fNoecPMkOqSu43DjjFbNvPqN/tSEGGDv
kYqnZLE99LI8ZdgeBXSRGVkG44HYV688XQoYeLnL5HmeynOcuVdRILCK2AaQ739TU+8ngfgKmt7G
e4OAuB61s22lRQgNJy1eXUzHF4v3KC5Y9zshg4U9ampkW9jPdHoQPcVs2ulQ2+DIATV4fKu0cCkp
UcFTpu8/el3NZVukVoGAMBOBSnBPrSUV326PVmTbYUUUUAFLSUUALRQKKADNLSUZAFAC0vOfWkXL
VVv9RisECq2Zv4QKmU4Q1m7IaVxNT1FLGMYYb25ArMHiG4GGVQxqK3jXULtjdR4kJ4am3WlXGl3X
2hVMsJ7DsK8+q685c8Je6bx5VuJeaqNQj2yx/vPUCoNP1K70xy0mXiJ4HWtuzbSbuMyZEZH3gatR
2ljcAtCuVBxmiOHrOaqe0uPnjbUsWtwLy3E4G3Papck9aaqBVCrwBThXoruczd2KOKKKKYC0opuc
mngFuAMmlu7IEJT0RmqK4urSwiMl5Kq4GcZrhNf+JKqZLfSwdw43AVtHDzqOyIlUSO41DVLLR4ml
uJVyBnbuFeda58QZdWk+w2q4tpPlY+1cVdT3F/KZruTzC3NSWnE0agYGelegsFGlTbeuhz+1bkj1
rwgCYkJ716jYf6tfpXl3hH/UivUbD/Vr9K8o6z//1ffqxvEf/IEvP+uTfyrZ7VjeJP8AkCXn/XJv
5UpfCaUvjXyPl1j++l/66N/M0opG/wBdL/10b+ZpRXmS3P0OPwoWnCm5pcZpFCg04YzTRinD1pgk
OhQzXMEQHzM+MV9C6FZ/YNAtbXksFz9a8T8HWA1DxRbxsMoqlicdOlek+MvG8GgwCzssPchMDB6V
00mkmz5/NFLETjRii/4o8W2Hh22cO2+5P3UB714vqmrXutXTXF43zHlUzkAVBd3d3qF1JcXUpeRz
naTwBUI9ufes6lRtndgsujQir7gCRR14ozRWJ6S0DpTSAwwQCPSnUmaPMTXU3/DHi268OThXJks8
8qWI259PWvZdN1O01uxS6tJA6sAcDrXz3jI9fY1paJ4hv/Dt0ktpIzR7gXjJ4xW9Kq72Z4+Y5XGt
Hnhuei/E/TDcaA1yoyY2XIH1rx0DKKa94bVrHxd4YuBDjzWjJZfcV4Y0PkSyQtwYzjmitZu6IyyU
lB0pborOtQstXHX5RULLWCZ3Tp2KxGKQNUjrUJGK0RzNNMlBqRWxVdTUqmhlRnZlhX56U7r7VCDT
1NSzoUrkgPapoziqxPNPVqk2Tsy4rVKDVNWqZXzTTN4yLGacDmogaeDVXLvckoNNzTgT1HNMbdlc
MDIH50qK8koijQtIf4RToIJLm5WC2BaV+wGa9g8F+BbfSrcX18olujgjcOlXTg2zzsdjoYWHvas8
ok8O6/MuItOkCn+I1EngTxC/JtDn3FfSwbbwML7AUu9j7/lXrUK7oq0EfE4rETxUm5vQ+ZpPAHiA
jmzP5VSf4c68W4s2/KvqcOcfeP5UBz3/AKVrLG1JfEcqo22PlgfDjXe9o/5U9fhvrmf+PZvyr6l3
H/OKad3f+lL65IPZHzCPhnrzdItv1WrkPwy17/pmPqDX0gxJHBNQkNVfXZWK5Dwm3+G2tIBuaL8j
Wxa+BtUhwWaP9a9YfdnGTVV8nOT+dZvFykCicXbeHruDG5o/zrVispYx82K1pBz2qu+O1Yym5FFc
IR1pTTz1pprMBppp6040mKAG0E07FIRQA2lUgHkcd6SgdaabYmjn9b0p0YXEGSCeVqzpWlxvAtxN
n2U1rEBuH5HpR8oGAMKOwrl+rwVTncbs153awnmKpA3BAOlDdc5yKp6jZPdBTExH0q3bxFYArE5H
c1vzOT95EO7DPPrS4I7VTvtUg09SDhn9uax11+5aUMB8pOKieIhTfv8AUapuSujo+rEdDXOawf8A
SypHB4NdHEfOhDnAJFVJNNR5vNkGcnPNYY6hOtSUYFUpqErs5u00n5maKHlu5rctdIRQGlJJHatJ
AkY2ooApTz1rOjl0IpSqe80XKtr7gAKgwigCkznrRRXobaIxbdwPNJS0lO/QQUUUUrAFFFFABRRR
QAZxS0hoFAC4NOVC1IoDE84ArIvNRuJWeCzGWHBNTOaj8ug7FnUdUislKp879CKzdFSG5u2mvXyf
4Qe1QafFP9raG8TczdzUd/aS2ErAkgN90jtXnVq1VP2trx6o2govQvDVYrbVmiliBjJ+VhWxNqlt
brEJCWSUAAHtmsLSIbGaNxe8upyGzWX5cmp6+8UBYwwuNvPFaU60lSvHZ7CcLuz0NbVtM3XMYtEI
Vz82K3bS2WxtliXnPJz60+L93EFcAsO9OznmuqFJRlzLcybb3HUUUVs/MV+gufQc0vJ+6MmlSNm5
6D1rH1vxTp+hAqzBpcdAeppxhKfwik1Hc2SFiQyTMEUDJNclrvj+x0+J4rLE03Tk4rhtb8Yanrcr
KjmG39jWCIxkMSWPcmvSoYFLWRzyq6aF/UtavtYk3TyMFz90Hiqaqq/dAHrS8ZPP0orvjBQVkc7b
e4VLbZ+1R5Peox0qa2H+kp9amqv3cvRjh8SPWPCP+pFeo2H+rX6V5d4R/wBSK9RsP9Wv0r55noH/
1vfqxvEX/IGvP+uLfyrZrG8R/wDIFvP+uTfypS+E0pfGvkfLr/62b/ro38zSikf/AF8w/wCmjfzN
ANeZLc/Q4/Ch4opM0tIoWjOCDSZpwHf0oC+pf0rV5dIWZ7fieTjcO1UJZHuJ2uJnMkzdWNKO/PNI
SarmIVOKlzJCckc0UCipepezugooFLRYBKOtLRigPIQ0g9qXFJinYSVmWNM1K50q6We0maMdHQdD
UN/OLy7kudu0ucke9N7EZ4NNPWi/czVGCvJbsjPNRMKnbntUbVInGyKzrULKKuMOKhdOM1SZzTgV
cYNODUrLTMVe5zNWZMrVIrVWB5qVWFJpmsJFgEGl4qIGpAc1DRunceGqVHxVfGKUNSNYyLyvTwc1
VR88VMj5zxTTNoy1J1bHPU1NbQT3lykFnG0kzEAAds1HZWtzqd19ls4iztgZxwK9u8HeDYfD1rFL
c4kvCoLHHAropwbODH5hHDJ66jvBngqDQ4FubqMSXLDdk/w11+d3WmswY5Jpc59q7IxSR8bWryrT
cpsUjFIOKXNIeaevcwSQoOaXim0CjXuBIDR1pKWgLIKjbFSU00AV5FqrIvFXZKqyc0AUJV4qsy1d
kXNVWFAEBFMI5qQ0w0ANNJSmkxQAHpSdqWkoAQ03FPxxSUDQ0ikxSmjtRdk9Sre3ElrF5kaliOwr
El1e51Zja2xMbDr610oO3tmqo023hna8iXEnU4rKrTcpXTNE0c/bw/2UzjUEaWR/us1R2cX2rUVI
Ubd33RVnVtUN3L5FxEQF+62KveHrMJGbk/dHcV50oqpieR6qOpvF8sGN8Rl7ZI5IpvL24+X1pdM1
lrrEcwJOKy9SZtWvGbP7lCeR7VNoyj7V5mQEX1rWpXmq6UXoyYQTpts6Qx88DHekKkcnPNc9q+vt
NfLBaghRwWFPstZumYRvCzAdSK6frNLncFv6GSptRubvQYxRxVRNYtH4Y7W9DU6XNtL9yZc+lbRl
GWzRLi0SUU7bkAgg0hUg4yM1QnoriUUpVgOf0o2njOOaAG0U4rxnIFRvIkClpGCj3o6XHbWw6lHI
wtU31eyRgPNBzUtzcLDZCdehXPFTzx112Dldrljb8uMjNJnPHcVy1nq8xu/Mc5QnpnpXUK6TIJYz
8p61nRrwrawY5QcVzMo66biPSzJa/ezzUHhadJbHkAT5O7Na20So0bdDXMPN/Y944ToxzWGJn7Ka
qPqXTV0dQAJG27V3jviqsrW+pbrZhlkHWqTeJIBbAr/rDxU+lQ4ie4cYL1usRTqK0VdEyg07swFs
5Lq/e0jBVVOCwrqLKxh0+3EcaDze7+tSxpHF8yKAzck0/qeamjhadJN21YSqSqLlewDnrS+w/Ok7
/wCFKxSJN80ixoOcmunVuyM27bj0Vm4C7qivr600uEy3U0YwM7Sea5LxD4/tbItbWCmSUD7ynivN
72/vdWnaa8lYq3bccCuyjg5T1kZTrJbHW+IfH9zeBrbTi6IDjetcY6y3EpmuZXlf1c9KVAEHyjGO
9L1PPNepTpRpq0Tkk3P4gGBwKXFLiitBCYpcUUZp2AUVLbf8fKfWoc1Lbf8AHyn1rOr/AA5ejKh8
SPWfCP8AqRXqNh/q1+leXeEf9SK9RsP9Wv0r52W56B//1/fu1Y3iP/kC3n/XJv5Vs9qxvEf/ACBL
z/rk38qUtjSl8a+R8uP/AMfEv/XRv5mlFK/+ul/32/maSvMlufocfhQtOpo606kUApc8Uh60o6UA
AoNLRQAgpT0pDRQACg0tFMBKWik70AFFFFACUEUtFIBlMI5qQimFaRLIyOajcVORxTCtBlKJVZah
K1bZaiZauMjmqUyv0NKG9qVlpnNXuc2tyZWqQGqwJqRXNS0axqWLIanFeM1DuHWnl9rD5WZz0UAn
P5VF22dHPG12KrAc5rU0bS7vXLwQWoO3uw6Ctfw94Gu9WdJ7tXit+GxgDNepabpdnotuIbKEKmOX
I5reFJvVnmYzNFRjy09WS+E/DFl4dtFwA9033mPOK6dX79ee9Y0UxB61ejlz3rsjFRR83WqyqPmb
3NAPkU8GqyPx1qUEnvVGJOKWo1b1qQMKACjpRyTSnnrQAA0uabSg0AOFIaM0E0ARyVXcVZYVA60A
UpB1qqw5q7IvNV3SgCoV5pjDmrBU0wpQBARSEVKVpCKAIcUEVJimlaAGU3vT9vNIRzQAw0dqcVFJ
igBoznig4xnn3FOxSGgCreafbX6bHG0gcEVhTjUtKtnt4ctCepxXS9T7incHh1DZ4waxqUua6juU
paHNR+VBobMP9Yykk+9VLK0ubti8Z2wr1Irp59PguU8rbtQc8Vl6hFdWlv5Fmh8kjkr1NclXDq/t
X0WxpGfu2MidI/tHlRDLE9a6rTbWKzslEi/OVyWzXO6TGkt2A/DL2NdNeMEsnwwyF6U8DTajKvLc
dWV0oo5GcCW/zGcAtjpWvcaNDDbK6Tnzjzism2t5dQuCiZDdeKs2dtdtqwhnZsoOC3SuWg01OTXx
MupZIit7jUQ7pvOFqeC/vrmYRR8tW1qsMcFs3lqA2PmYVztjdPZ3AmUZxW1ecqFSnBS90UYqUWXG
1a80y6xej90OtS3l5cyRC7tm/wBHfp7VnXks2vXPlbRgnmtieyGnaMluDnDE4+tWqjnCpZ6LYUop
NFHT7m5uZTLM/wC6TtUjXH9t3qxRsREDzjvUOkDcjx54LdKgsG+wajhD8pbp6VjHENwppv4txuC5
mal94fgeI+Q+HXvik8qeDQ2gm52kjn6VtbSQGXleprK1S8ilt3tk++Dy2favRnSjC82Yw1VjENvb
pp0csbfOVG4Va0jUmt2ETjKN61Y0PTbKS2DStvOORms69ikj1BoLeM7T904zXnVIzi41aWxtFp+7
I61TnDxn5aqXWlWt3JvfOao6TZX0D77iUmP0rYJyxI6dq9TWpG8o7mFuUzo9Cs0OetaCgKoRfur2
ozSruPRc040401yoLsPcflTkQvznAqK7vLTTYTNdOq8Z5NeeeIPiFcTlrbTSqJ03gV0UqE5mUqii
dnq/ibT9DibJEkuOBmvMta8X6lrbmJXMMHoB1rEkMtw4kuZmkf8A2jmnfhXq0cJCG5yyqNjQg3bm
zu9QetPI9f0pKUV0mV7igcc0uKBRQAUUd6KYBRTqKYCAVLbj/SE+tMqS3/4+E+tZ1f4cvRjh8SPV
/CP+pFeo2H+qX6V5d4R/1Ir1Kw/1K/SvnZbnon//0Pfu1Y3iP/kC3n/XJv5Vs9qxvEf/ACBbz/rk
38qUtjSl8a+R8uuf3s3/AF0b+ZoFDf62b/ro38zQK817n6HH4UL3pxptOX3pFBS9KXikoAM06kpK
AFxRikooAWiiigApMUtFABijFFFACUUd6KVgA02nUnenYBpFRmpTTCKlkMjIzUTripyKYRkmhaGU
o3KrA1GwFWXXHaoXXbzWil0OWpG3oQEY5LfhToQ8j7Y43dvRQT/KtfSvDGoaxIrKvl255LN1I9q7
/TPD9lpMYESbnxgsa2hTbPLr4uFPZ3OR0fwXqWoYe4VYIiOGDZP5V6DonhTTNJw4RHl7vjkmpY5S
uApwPYYq5DNzjA+praNNI8qtmFSeiZsxyAqMAAdBTz83Xn61Qjk561bjk4rVHG5Nu7HlSOlSxyle
ppoIIprJ3oJNCKfjrVtJM96xEcqetWopznmgDWVuakB5qlHLk9asK/NAFlTTxj1qEGnhqYEmaMU3
NOoAM4pC1BGaaRQApNMYZpxpO1AFV15qF0NXGXNRMlAFJkqMpVxk9qiKUAVTHTWWrLIaiKmgCuRT
SKnK89KYy0AQ9qaRUpWmkUAREUYp5FGOKAI8UmKcRSUANKg4oP0p1JimnYBvOc9KAxBPoadTSOaS
0dwWhALO2Wbzgnz+1U9S0y4u5PMikwvda08Ed6UAKMgkVEqcWmktx31uczb217pt0JViLD2qPUr+
7upQkELrKT1rqt74wD+dN8uPdu2/P64rBYeVNctN2RblfcxZpntdGWG7fM7CqOliKQtDLgMRxXRT
2UFzIHkGWHTNQ/2TaiUSYww54pVMPJ1lLdIcZ2OdjZtN1LJGMHt0xXQX17az6f5gcFscinz6bDc/
M2AenNQJolsvGTj0qaNCdLmpr4ZdOwOaZi6bexW11vdTsc8VJfaRcxT/AGiDLo/Ix2rdGlWYGGUE
DpVlPkTYCSBShgfc5Ju76BKt72hzsJ1QwMih/mGOae+hTyWqhD+9JyxNdBuK/doLkEkZzW8MO4/G
7shz7GZY6MtgVYtlgORnitEFVbcEG71ApOMck5NHKnAGa1jCNKPKthO97sUsTwOfpTRktjbT0RnO
M7B61lar4o0zRlZWfzJwOgOa0jCTdooltLc1WVIY980gQe9cn4g8e2WmqYLP95KeMiuL1rxff61I
yx5ijzwDxWEsYXnAJPUmvRoYFLWRzyrdi1qGpX2rzGW5lcp/CpPAFVwAuAoA+lHIwM0vSvQSSVo6
GEm5BRRRTJFxS4oFGKYCiiiigBcc0Ec0veg9aADFLiiimIKkt/8Aj4T61HUlv/x8J9air/Dl6MuH
xI9W8If6kV6lYf6pfpXlvhD/AFIr1Kw/1a/SvnXuegf/0ffqxvEf/IEvP+uTfyrZrG8R/wDIEvP+
uTfypS2NKXxr5Hy8/wDrpf8Afb+ZpKHP76b/AK6N/M0CvNe7P0SPwoKdmkxQBQMcOlKKQUtAC0UU
uKAEopcUmKAEooooAdSEUtJQACilxRQAmKTvS5oNABikIoHWlNFgG4ptONJUktDSKYwyQOo9PSpG
46nA9T3rW0HwzqHiG5CQW7JAesxPGKIxb0Mq1SNON2zEigkuZhBbxb5D0C8mu78PfDxFCXmrk7+q
x9q7rQvCOm+HoAIoUkuO8rDJrTmXccnn69q7KdGy1PmMZmbk3CGxhm1igjCQosaAYAA7VRlj9Bx6
1vywgjoKoTw8dOM1va2x4rdzHbKmpI5OnNSTR47VWIKmgSNKOXpzV6KTJ61hxy89avQzc9aY9zXj
k5qwrZrMilq2knANAiwyA00HaetOVww5pxCmgB8U2D1q5HOCaz8Y6UqSFTQBsxyZ71MGrJjnAPWr
iTAjrQBeDCnhqqq4PepVb3pgTE0hNN3UZoADSUuaaSBQAvamEU7dSc0ARstRlKsY9aaRQBVZKiKV
bZajK0AVSlRMvNWytRslAFVlqPbVl15qMrQBCVppXipitMI5oAjxxTStSkcU0igCI0lSYpMUAMxS
U8ikIpoBtBHFOpDSQDKXmlpafW4EZzS4p2KSpjdLzAaaTmn0lVrYNBppMYpx6UDGOf5UrX16he7G
80dKeAzfdUn3plzLb2SeZdTJGo7E80crfqD01Y5FZ2ACZ9T6VVvtQstJhaS7kG4dBmuQ1/4gJEJL
fT8E9Nw5rgLm8vdQcyXU8jZ7Z4rto4OUviMJ1lsjrPEHj+6vC0FiAsf98GuNfzLmQzXEjSOe+aAo
XhQAKcCR04r06dKNP4TnlOTABVHy/rRQeaStCLC4oxQKWn6AFFLikoAcKWkFKKADFGKWigBQKMUt
LQITFGKWimAmKkgH79PrTKkg/wBen1qKv8OXoy4fEj1Twh/qRXqVh/q1+leW+EP9SK9SsP8AVr9K
+de56B//0vfu1Y3iP/kCXn/XJv5Vs9qxvEf/ACBLz/rk38qUtjSl8a+R8uSf66b/AK6N/M0CiT/X
Tf8AXRv5mgV5r3Z+iQ+FDxQKQU4UFCinU0GnCgAooooAKKKKACkPWiigQopabSg0AFFFFACUtHai
gYlFLSFiE3MaPIWm7ExziljSSV9kEZkkPG1RWjo2h3uu3IitYmK5wWI+7XrvhzwLY6FEkk+2e5I6
kdK0hRcjzMXmcKCdtzj/AAt8OJ7kx32qMY4xyIGxmvT7e2gs4VhtkEcSjGFHWrLZBGMKg6AUw9Mi
uuFNJHyuKxdTES5rkLrznjHYCoHUVaIqJ1z2q7WOO7e5SdMiqkkXFabJxVZ48mgDHmh56VQniI7V
uyxc1RmgzmkBildpqRJNp61NNDgmqjKVNAzRinq/FLxzWEkhBq9DP6mgDZSQYqdWz3rNjlGKspJx
1piLopCtRxvxUwIxQBGDtNTpPjrTCoIqIqQaANKOcGrSyj0rFSQrVuOfJ5oA1RID0o3VSWUetThs
jrQBNuo3VFvzRuxQBKGFODVX31IG4pgT5pMUzd0pwORQAhFMZfapKMZFAFZlpjJVkpTGWgCoyVGV
q2VpjLQBUK00rVlkqJloAgK0wgVPt55prKPSgCHFNIqbbTSvNAERFIRUpXFNI4oAixQVp5HFJigB
mKSnlaTFACUmKdikxjrTC1xtJxSkE4wM090WOPzJ3VF9CaIxcmF7EeCwwBQ+y2jLTyrEoHO41zWt
ePbHS2aK2Tz2Axx2Nedan4q1TWXbMjRxk/dzXVSwlSo9NEZTrLod5r3j+wsFMNgWkk/vAZFeeapr
Ooa3KTcyYT0DGqAjHUsWfvmnDivTp4aFP1OaVRsakSJ0wKdnrnJpDRW97bGYpxRSUopDClpKWgAo
oooELSijFFMBccUCl7UCgBRS0lKBQIO9LRiigAope1AFMAFSQ/65PrTMU+Efvk+tRV/hy9GXD4ke
p+EP9SK9SsP9Wv0ry3wh/qRXqVh/q1+lfOvc9A//0/fu1Y3iP/kCXv8A1yb+VbNY3iP/AJAl7/1y
b+VKWxpS+NfI+XH/ANdL/wBdG/maKH/10v8Avt/M0lea92focfhQ6nCm04UFoBT6bSg0wFooooAW
ikpaQBSUtBoEJRmjFLigAFBoA5o70AFHsBknpSEgDJq5pul32s3HkWMDuQeWHAFOKcmROpGCvJlP
eAQoBZ+m0V2vhr4e3OrSx3GoBo4ByF6Zrr/C/wAPrPSYkuL5RLcnnDDPNdruJUKAqKvAUCumFJbs
+dxub3fJTKmn6ZZaTbrDZRBFAxnufxqzz7flSgUHNdG2x87Ocpy5pO4hGetIQKWgimSRkUwipMU0
ih6gQlc1AyYNW+1RuM0rAUJEzVSWPrxWoyiq0kftRYDFmhzziqM0WR0reki9qoyw+1AGKy7TTlkK
1alhx2qo6YNAF2GYkdauxSZHWsZGI6VbimwOtIZsxv6GrCuM4rKilPY1bjkBPWmI0A2etO69aqrI
c8VMr8UAOdB2poJWpAc9aQrmmALNjqasxz8dapslNBK0gNRZs07fmqEcmKnEmaALO6nB6rB/enB+
etMC4G4qRW4qmHqZG460AWAc08VCrZqRTQAppCoxT+tLgUAQFaYVqcrSbaAKrJUbJVtlqMp7UAVC
lMZKtlKjZaAKuykKVYKUwrQBXKU0rU5SmsuKAISvFMK1ORgUwjGM96NASIsUm05qcRse3FQXVxZ2
Kl7mZVHoTTScnZA2kIRzgc0siJChkmZQg55OK4/WPiRY2YaCxKSSD0rz/VPEeq6s7CSWSONjnCtj
iuungpz30MZV0j0XWPH1hpqslsRJL0xjOK881XxXq+suwMvlxdsDFZIiA+8dx/vHrSkcYzke1elT
w1OC1Rzzqtkax/NuYkt3OetSYGQR1FIKOlbmYHrmkpTSUAFGKKKAEpRS0UAJS0lLQAUtIKUUALRR
RigB1AoFKBQAopaKKBB3p2KTjNLQAUoFJilFNABp8P8Arl+tMNPh/wBcv1qKv8OXoyofEj1Lwh/q
RXqVh/q1+leW+EP9SK9SsP8AVr9K+de56J//1PfqxvEf/IEvP+uTfyrZrG8Rf8gW8/65N/KlLY0p
fGvkfLsn+um/66N/M00Urn97N/10b+ZpBXmvdn6HH4UOFOFMFOFBaHUUlKKYDgc0Ug4pRQAUDrS0
UALSGjNFCAKAaKPwpCfcXrTSy9FBJ9qR2EYyxABq3oniPTNKuTNd6Wl2yHK7mIFdVHCVKvwo4MXm
FLDxd3d+R0nhrwDqOtSpPcZt7Xrg/wAQr1zSdEsdDtxHZwrnHLEc15lH8b44oxFFo0SoOgEp/wAK
cfjgP+gRF/3+b/Cu+GAqR6HyOKzOdaWj0PWxz0OfWjHtXkn/AAvAf9AiL/v6f8KX/heA/wCgTF/3
+P8AhWn1Squhw+0S2PWtppCDivJf+F3j/oExf9/j/hR/wu8f9AmL/v8AH/Cj6pU7C509z1nn0pec
dK8l/wCF4L/0CIv+/wA3+FH/AAvAZ/5BEX/f5v8ACl9Uq9g50esEe1NI9q8oPxvH/QIi/wC/zf4U
jfG8Y40mL/v8f8Kf1Sp2DnR6uR7VGw9q8q/4XeMf8gmL/v8AH/Cmn43D/oERf9/m/wAKPqlQOdHq
bIfSoZIz6V5efjeP+gRF/wB/m/wqNvjcD/zCIv8Av83+FP6nUDnR6XJGc9KqyREnpXnR+Nasf+QR
F/3+b/Con+Myn/mExf8Af5v8KTwlQfMjvJ4RnpVKSDrgVxL/ABhDf8wqL/v8f8KryfFwEf8AILjH
0lJ/pUPC1EO52pQr2pASB0rg2+Kgb/mGp/38P+FQt8Uv+ocn/fw/4VDoSQ7npUUp4q9HLXk4+KZH
TTk/7+H/AAqVPizt/wCYcn/fw/4UlSkK569HIanR68jT4wY/5hkX/f0/4VKvxkx00uI/9tj/AIVp
9XmFz10OcVIrk15GvxnGOdKi/wC/x/wp6/GnH/MKi/7/AB/wprDTDmPW8Z7UxkOeleWD41j/AKBM
X/f4/wCFTx/GQP8A8wqL/v8AH/Cn9UqC5kel8jtTlY155D8Vo5Tg6ag/7aH/AArSt/H8U5/48EH0
c1DoTQcyO1DGnBuawLbxLFcAfuAuf9o1pxXqSjhMGs3FodzRD8VKr8VUWQEVKrelSMuI9So2TVJH
qZHOetAFxT708Gq6vUqk0AS4o20LTuaB2I2WmFKnxmk20CKzJUbJVormmMlAFQpTGSrTLik8hmOF
Umj1AplcU0qfXr2qzcG1tI2kuZwgA6cVymreP9J01CsISdxwDu5rSNOctkTKcUdB9nIOXIUepNZt
9rmkaYHNxOGK9ADXmWr/ABB1XUGZYMQxnpxmuVmee8dpbmVnJ967qWXNq8zCWIWyO91r4nhlaCwh
PXAbFcPf6pqOpvmeVtvXANV1RVHAoI5716FPD04bHO6kmRCNc9Pm9TS806k5rVti33GnNHNLzS1N
r7hoNxSEUtFOwCYpMU6kosAmKMU6kNACUUtJQAUUUtACUoooFADhQaKKAHClFJTgOKEAUUd6UCmI
THNOpcUUCF7UlLRQAlPh/wBav1php8P+uX61nV/hy9GXD4kepeEP9SK9SsP9Wv0ry3wh/qRXqVh/
q1+lfOvc9E//1ffqxvEX/IFvP+uTfyrZ7VjeI/8AkC3n/XJv5UpfCaUvjXyPltz+9m/66N/M0gof
/Wzf9dG/maBXm9T9Dj8KHUoptOzQWh1HSkBopgLS0Cg9aAFzRmkooAWlB7UlBIVcsQFqlGU5WQpz
jGPNIeOelQT3SRDAPzVUuL4MCkXA9apZ3HLEmvYwmWc3vTPm8xzuMI8tHclmnadvnyB6VHkdqQYp
a9+FKNNWij5KrWnVfNJi9KOtHaitbeZlZCijNJS0WQCGiiilp2C7FzSZ57UdqO1GnYLsQnNJR3pa
NAuxhzmjrTiKb0odh3Y00wrUpHem4qdBpkO2mkYqYrzTWWiyLUiEgUwj2qbbTStZSimVcgP40wj3
NTFaYVrCdNFJkR9iaAcdc07FIRXO42egxQfelzjvTRSmnGWoDwadmogaeGrZTESq2O1WoW6VSVqs
xSgcVqpCZs27dOTXSadtyvGfrXLWki8c102n8lc81lUs0COw03qMbQK6a0OAOc1y+nZAHy10tqfl
HFebVWpaNePkCplJFV4zwOKnBNcz3KJlapVaqwJqQNSAtBuRUyPVNW5FTKxzQBdV+al3VVQO3Rfx
qcKVGWkRfqaH5BoSj8Pzpw5qpLqen2ilp7uEEe4rEv8A4g6JYqdsxdx/dXIrSNKrLZXJdSC3OmEe
/jpTSYYFLTSoAPVhXlepfFO4n3LYRMB2JTFcjfa/qupMxmnZFPYGuylgKk99DGWJS+E9j1Txho+l
AlpUdh6GuF1r4oXEhZbAbQehFcD5Cud0jFz6saXYAMALXdTy+nD4tTmliJSJb3WdW1Ribi9l2nqu
azxbIDlssfU85q2Qe1MIrrUYwXuoybZCV47Uwg/hUxWmlaPUZDimkc1LtphXmkMjIpMVIVppFAxh
FFOIpMUrANopcUYoASkp2KbQMKSloxSAbQaXFBFADaWjFGKACijFOAoAKUUHrS0CF4pR0ptOHSmA
tKKBTsUAJSikpRQIKKKKACnxf61frUZNPhP75frWdX+HL0ZcPiR6l4Q/1Ir1Kw/1a/SvLfCH+pFe
pWH+rX6V869z0T//1vfqxvEf/IFvf+uLfyrZrG8Rj/iSXv8A1xb+VKXwmlL418j5ZkP76b/ro38z
S02T/XTf9dG/maM15vU/Q4/Ch2aUU0U4UXKHUZpuaUGgdx4ozSUmaY1qx2TjOM0Zz04NNzgcnAql
cX3JSP8AOumhhp1XojjxeOpYdblyW4jiXlvm9KzZrl5jzwvpUDMX5bk0ma+iwmXxpr3j43H5xUr6
J2Q7NHSm0V6KSWx4r3uOo70gpc80xDwaTNN5oGakB4PNHemjg0uapAO4pOKSjNO4DqO1Npe1IBKU
UlKKAAim4pxFJg0AIelNNPIppBoKGkcVGc4qXtzTSOKBpkTDjimmpscVGy1JSZGRUZFTYphU1nKJ
aZDimkVKVNNIrCUBkeKSnGkrCUbAJS0lLmhMY5TUgqIU9TWsZCZZjeRDwc1rWesXNsR8oI+tYqEZ
qymD7mtFZ7kNvod1pXjSOMgTR12OneNdLYASZFePJgjpip1QEdWH41EsLGZPtGj3mHxVo7gYmA+p
q4viDSyM/aF/OvAAGXG12/OlzOf+W7isv7OT6h9YZ78fEOlrybhcfWmnxbosfWYH6GvBP32MGZz+
NJsbvI/50v7Oj1YfWGe4zePtFi+6cke9Ztz8UrKH/UwsTXkIiGQSWP408KoPf860jgaK3IdaR6Ld
fFq7Ybbe3wPUmsW68c67eZKsqKevzVy49cD8alRh1xzW8cNTWyRm5yfUuy31/dsWnuHOfQ01EHUu
x9mqBX/yKlR884/M10pKK0MndlgBQMAUtRq3NPyDRcBaU80maWhabCGkUw5qU00ilYCLFMIqYimk
UPXcLkJFRkVORTCtTYoiOaaRUpFNYUwIyOKTFPxSUAMxSU8im4pFCc0mBTqbSAMUhpaQg0AIaSnE
UmKAEpaMUUAGKBRQBSAWlFJS9KAFxTh0pAOKUdKYCilzSCloAWiiikIKKKKYCGnw/wCuX60ynwn9
8v1rOr/Dl6MuHxI9S8If6kV6lYf6tfpXlvhD/UivUrD/AFa/SvnXueif/9f37tWP4j/5Al7/ANcm
/lWwaxvEX/IEvf8Ari38qUtjSl8a+R8sSH99N/10b+ZpBSSH99L/ANdG/maUV5bep+hw+FC0oNNN
GaNSh9KDTS3HPWjcAMngVW7stRSairseKjmnjhX5myaq3OoLGMIMmsx5GlOWJNerhcvc/ekeDj84
hTXJT3LU1205wuVFQfjyKZntS5GeK+hp0Y01aJ8fWxNStK8mSBqOtMyKM1rc53ruSDGaXPNR5pwN
GgDs0ZpM80uRTAXNLmmk0Z4oAdmgGm5op3AfmimilJ4ouIcDSmmA07NAC9qBSUZoAcTSDrSUUDFN
NNLRQA09KQDinUhouFxuKYRUuKaRSKTIiuKYRUxFNKj0oLTICKaRUpFMIqZIq5EVppFSkU0isJRK
TIiKSnkUhFYuIxuaeppmKcKjYCVDzVqM81VXrViPrWsGQy5GatIflqpH1q0lbxZjJsnHIp1MXpTs
1ZmLmlFNFLTQDh1pe9NB5pc07iHdqcDUeacDxRdiJVapUaqwNSK1NMVi0G5qRWqsG5qVWFMRODmn
A1EGp4amSPpMUA0tCAaRxTSKkNNIpgRlaaRUuKYwqR3Isc01hUpFRkUBcYV4ppU1JzTTSAiINIBT
zmm80iriEUmKU0UAmIaSlNJSGIaSlNNoAWikooAWigUtIAFKaSloAcOgpcUgpR0pgLRQKWgQUUUU
gCiikpgBp0P+uX602nQ/65frWdX+HL0ZcPiR6n4Q/wBSK9SsP9Wv0ry3wh/qRXqVh/q1+lfOvc9E
/9D341jeI/8AkC3v/XBv5VsmsbxH/wAgS9/64N/KlL4TSl8a+R8qyf66T/ro38zQDSSf66T/AK6N
/M0ma8xpan6DB2ikOzk0vOeKaM4POBVS51BIOEOWq6NKpU2MK+Jp0PiLkkyQqWc8+lZNxqDy5C8L
VWSZ7htztx6UzI7CvocJgI043Z8pj84qVHy09iVW9eTRuNRg04GvUVrHhtNtu+4/PNL3pmaXNN6k
WsPzS80wNS5ouFh3NLmmZpc0XEPB4pwPFR54pQ3FUmBIDS9qjDUu6ncQ8cUuaaDQTQIdRSA8UZpg
KKdmmA0uaYDgaXNMBpc0APzRTc0A0AOozSZooGFBoNJmgBT0ptLmigBpFNNPPSmkUikyM0wipTTT
igq5CRTDUxWo2Ws2ikxmM0win4INB5rOUSrkeKcBRjFOxWUohcVRzVmOqy9aspREllqOrSGqydKs
JW8TKRMDS5pop1WZiinU0GloAXNFJS0xC0opKKYhwzTgcGmijPNAyUNzUitUANSK1O5LRYDVIGqu
GqRWpisWFan5FQK1PDU0JolpDSA5paYgpjVJim4pAR4ppFSHApCOKQEJFMNTFaYVoGRGm4qXbTcY
NIZEetJUjY3U0ikNDDSYpxpKAEpMUtFIYmKKWkoAKKKKAClxSd6dSAXFKOlAoHSmAopaQdKWgQYo
paQ0AFJilooASnQj98v1ptPh/wBav1rOr/Dl6MuHxI9S8If6kV6lYf6tfpXlvhD/AFIr1Kw/1a/S
vnXueif/0ffqxfEZxol5/wBcW/lW0KxfEgzol5/1xb+VKW1i6P8AEi2fKchP2iXjjzG/maY0ixAs
5x7VDeXqQzSL1PmN0+prHmuXnb5jxWeHwUpybZ9Ris0p0YKMHqW7rUXkysXA9qojOck5JpowDx0p
ehr3aNFU1ax8tiMZUry98fS5pmaM10XOQfmlBpmaM0XCxLupd3FRAml3VaYWJAaXNRhqUHNFxWH5
pQaZmlBouDQ8GnZqOlBp3FYfmlBqPNLmmTYkzTgaizSincLEuaXNRbqcKpMVh1Lmm5oBp3FYfRmm
5paLhYdmgGm0UXCw/NKDTM0E5p3AeaOKb2ozRcBc0ZpKSlcB2aQ0lFAxKaRTjxTetA0xrA0mOKce
aQ1LKTImFMINS0hGelSykyHFLzTttGKhoq4qCrEY5qFRip4+tTYUnoWY+tWUqvHVlKpIxkPFLSCl
qyBaUUlGaYC0tNzTs0AFOFNFLTEOzSjrTKUHFAD+9LnBpgPNLTAlVjUgY1AGxT1amSyyrcU8MagD
08NTRLRYVqkBqurVIrUxWJKKQNS0AIQPSmmnmmkZoAaRxUZFS4xTSM0gISKaRUxWmEUrDIitNxip
SKY656UMBhFNxT8UhFIYw0lOIpMUFCUlLSYpMAooopALSjrSUCgB9A6UmaUdKYCjpS0gpaBC0UUU
AFIaXFIaAEp8P+tX60ynw/65frWdb+HL0ZcPiR6n4R/1Ir1Gw/1a/SvLvCP+pFeo2H+rX6V84z0T
/9L33vWL4o48P3//AFwf+VbdYfin/kXtQ/64N/KqiryBnxlOWN3OSc/vW/majp8//HzP/wBdW/ma
jr2IJKKsZSfM7scBQaQfWiruLfcXNGaBQaBCg0tNozTv3AdmlzTM07tT5kAuaUHimUoNO6EPzQGp
uaWndAPBpc1FmlBp8yES5ozTAaXNVzIVh+6nA8VHS5ouhWH5pQ1MBpc8UKSCxJmlB4qMGlzVXQiT
NKGqMGlzRdASZozTAaXNO6EOzQDTc0oNF0Kw7NGaaTRmnddwsPzSE03NLmi67hYXNGaSkNF0ApNI
KDRRdDA0winCkpOwDBS44oNBqdCrjcUuKKBSdhiqOanQVGoqVBS0EyzGOKmSok6VMop3RnJjxTqa
KWndEi0hpaKLoBB1p2RSUnendAPzQDSUoougFoozQKd0IB1p2aSindAOzxTgajp1F0BKrVIrVADT
w1NNCsWFapFaq4anhqd0IsBqk3cVXDVIDRdEkmaKaDThRdCENJind6Q0XQDCKYRUhFIVp3QyIimk
VIRTCKltAiM001IwphFK6GMNJTiKbii6GNNFKRQRSuhiGkooo07gLRSClpXQDhSjpSCnDpRdAAp1
NFLTugFozRRRdAGaQ0tIaLoA7U6H/XL9aZT4f9cv1rKs17OXoyofEj1Pwj/qRXqNh/q1+leW+EP9
SK9SsP8AVr9K+dPRP//T9+rF8ULnw9fjPWFsce1bVVrtBLEUYZB6jHGKcXZjPiG4gmF1PmGX/Wt/
yzPqfaodj90cfVDX1hq/hfT5GYrZQgNzkIK4288GwMzbbdB/wGuyOKsrGbieAhW/ut/3yaXa391/
++TXt3/CERf881/Kj/hCYv8AnmPyp/W0HIeI7W/ut/3yaMN/cf8A75Ne3f8ACExf88x+VH/CExf8
8x+VV9cQch4jhv7j/wDfJow39x/++TXt3/CExf8APMflR/whMX/PMflR9dS6C5DxLDf3H/75NLg4
+4//AHya9r/4QiL/AJ5j8qP+EIj/AOeY/Kj675ByHieG/uP/AN8mjDf3X/75Ne2/8IRF/wA8x+VJ
/wAIRF/zzH5UfXvIOQ8Uw391/wDvk0uD/df/AL5Ne1f8IRH/AM8x+VL/AMIRH/zzH5U/r3kHIeKY
P91/++TRhs/db/vk17X/AMIRH/zzH5Uf8IRH/wA8x+VH17yDkPFcN/db/vk0oz/df/vk17T/AMIT
H/zzH5Un/CEx/wDPMflT+v8AkHszxgZz91v++TS4P91v++TXs3/CEx/88x+VL/whKf8APMflTWPX
YPZnjIz/AHW/75NO5/ut/wB8mvZf+EJj/wCeY/Kj/hCo+0Y/Kj+0F2D2Z41z/db/AL5NGD6N/wB8
mvZP+EKT/nmPyo/4QmP+4Pyp/wBorsL2Z46M+jf98ml59G/75New/wDCEx/3B+VL/wAIVH/zzH5U
f2iuwnSPHsH0b/vk0vPo35GvX/8AhCo/+ef6Uf8ACFR/88/0p/2iuwexZ5Bz6N+RpcH0b8jXr3/C
FR/88/0o/wCELj/55/pR/aK7C9ieQ8+jfkaMH+635GvXv+ELj/ufpR/whUf9z9KP7RXYPYnkXP8A
db8jS8n+Fvyr1z/hCo/7n6Uf8IVH/cH5Uf2iuwexPIsN/dP5UEH+6fyr13/hCo/+eYo/4QqP/nkt
H9orsHsTyIhj/Cfyo2t/dP5V67/whUf/ADyWj/hCo/8AnmKP7RXYPYnkO1vQ/lRtb0P5V69/whUf
/PJaP+EKj/55gfQUf2iuwexPIdp/ut+RpNp9D+Vev/8ACFR/3P0pf+EJj/55LR/aK7D9izx/Y390
/lQEf+6fyr1//hCY/wDnktH/AAhSf88lpf2guweyZ5IiN/dP5VOiN2U/lXqv/CFR/wDPNaX/AIQt
B/yzFH9oLsHsmeZIjY+6amVG/umvSP8AhDR/cFH/AAh3+yKP7QXYn2J5yEb0NLsb0Nei/wDCH+wo
/wCEO9hR/aK7B7A862t6GjafQ16L/wAId7Uf8Id7Uf2iuwewPOtp9DRtPoa9F/4Q72o/4Q4elL+0
V2D2B51tb0NAB9DXov8Awhw9KP8AhDfaq/tFdg9ged7W9KXY3pXof/CG+1H/AAh3tR/aK7CdA89C
tnpS7W9DXoP/AAh3sKP+EPPoKX9o+QewPPxG/wDdNO2P/dNd/wD8IgfSg+ED6U/7R8g9gcB5b/3T
Tgj/AN2u8/4RA0f8If8AWj+0V2F9XucMEbHSnKreldx/wiFH/CIketP+0fIPqzOKVWz0qYA+ldf/
AMIg3Xmg+EWx3p/2muwvqzOSAPpUgBx0rqR4Sf3pf+ESf1NH9prsDwzOWCnPSlKk9q6j/hEn9TR/
wiT/AN40f2muwvqzOW20hGO1dV/wiT+9H/CJP70f2muwfVmckUJpm0+ldh/wiT+9H/CJN70f2kuw
fVmccUJ7UwofSu0/4RJvek/4RFvel/aS7D+rM4kxt6Uwo3pXdf8ACIt70n/CIHvmj+0l2H9WZwux
vSk2N/dNd3/wiB96T/hDz70nmS7B9WZwhR/7ppPLf+7Xe/8ACIH0o/4RA+lL+0V2D6szgQj/AN2n
bG9K7z/hED6Uf8IefQ0/7RXYPq7OE2N6Uu1vSu5/4Q8+9H/CHn3o/tBdg+rM4cKw7UYPpXcf8Ih7
Gj/hEP8AZNH9orsH1ZnEYPpRg+ldx/wiH+yaP+EQ/wBk0f2iuwfVmcPg+lBU+ldx/wAIh/smj/hE
P9k0f2guwvqzOG2n0qa1iZ7qNcdTXZ/8Iga0bHwoEdW2cjvUTx6lFxtuVHDtNM0vCtsUiXPevS7E
YjX6VzWj6X5KqCOldVbptUCvNOk//9T3+kYAiloPSgCpLbBhVR9Mjb+GtNulNNAGT/ZEf9yj+yI/
7la5pKAMn+yI/wC5R/ZEf9ytaigDJ/siP+5R/ZEf9ytaigDJ/siP+5R/ZEf9ytaigDJ/siP+5R/Z
Ef8AcrWooAyf7Ij/ALlH9kp/drWooAyf7JT+7R/ZMf8AdrWooAyf7Ij/ALlH9kR/3K1qKAMn+yI/
7lH9kR/3K1qKAMn+yI/7lH9kR/3a1qKAMn+yU/u0f2RH/crWooAyf7Ij/uUf2RH/AHK1qKAMn+yY
/wC7R/ZMf92taigDJ/siP+5R/ZEf9ytaigDJ/siP+5R/ZEf9ytaigDJ/siP+5R/ZEf8AcrWooAyf
7Ij/ALn6Uf2RH/crWooAyf7Ij/uUf2RH/c/StaigDJ/siP8AuUf2RH/crWooAyf7Ij/uUf2RH/cr
WooAyf7Ij/uUf2RH/crWooAyf7Ij/uUf2RH/AHK1qKAMn+yI/wC5R/ZEf9ytaigDJ/siP+5R/ZEf
9ytaigDJ/siP+5R/ZEf9ytaigDJ/siP+5R/ZEf8AcrWooAyf7Ij/ALlH9kR/3K1qKAMn+yI/7lH9
kR/3K1qKAMn+yI/7lH9kR/3K1qKAMn+yI/7tH9kR/wB2taigDJ/siP8AuUf2RH/crWooAyf7Ij/u
fpR/ZEf9z9K1qKAMn+yI/wC5R/ZEf9ytaigDJ/siP+5R/ZEf92taigDJ/siP+7R/ZEf9z9K1qKAM
n+yI/wC5R/ZEf9ytaigDJ/siP+5R/ZEf92taigDJ/siP+5R/ZEf9ytaigDJ/shP7tH9kR/3a1qKA
Mn+yI/7lH9kR/wBytaigDJ/siP8AuUf2RH/crWooAyf7Ij/uUf2RH/crWooAyf7Ij/uUf2RH/drW
ooAyf7Ij/u0f2RH/AHK1qKAMn+yY/wC7R/ZCf3a1qKAMn+yE/u0f2RH/AHa1qKAMn+yY/wC5+lSx
6YikELWjSigCCK2EdWVGBSU4UAf/2QplbmRzdHJlYW0KZW5kb2JqCjE3IDAgb2JqCiAgIDQwNTIz
CmVuZG9iagoxOSAwIG9iago8PCAvTGVuZ3RoIDIwIDAgUgogICAvRmlsdGVyIC9GbGF0ZURlY29k
ZQogICAvTGVuZ3RoMSA5NTgwCj4+CnN0cmVhbQp4nN15e3hUVZbv3medXY9z6lSdqkqlkkoq9co7
hIQKIRAeOSogCvJM04kSCQ8jJmISI2kKDAnSGgMoghgeYoSY5hFRMojIJQ2BaQbwjjbDFabH1u52
2tg93zVmtC/jtJic3HVOJRG17e/ON3/MN7fOdx577/NYa+3f+q21dhFKCBFIEwHiX7F6Wc2HzrbN
hMRfJoS7d0X9Y/6nPj28jZDEZEJoR0XNg6v/+PQXFwjx4jjZ8uDDkYri82eT8PooPpO46oFlK23i
nYcJSSrGvgmrsMP2qrkX21uxnbxq9WNrz3aYy7Ddhe2tD1evWEbo8T5CfFOw/dzqZWtr+AP8Omy/
g21/zaMP1OxYvL0Q23gPayQcqVBb+QrWgdIaiUex8FeI4Qo1sdUcT3IuXOsbR+Rrfdf6cp32gD0l
YA9U8GSgDhIGPlFbjdY//+lRQwa+o5wQw152nZiIi0xU4i3GemudQOrNRuqyET7FIZnTSUgMxso3
+nrD1/rsk/A3juT0hW/0hXNPHHP3uDlalpIXdthlLovS/Dx7KD/gJ3aZBLj9W/73+//06ZbBcz09
nEp30E71R2p1hI6hd9IZNOtmR4T/OKI2qbvUF9RGNKkmC+tCWdzkx8pYaafoet4p1tt22o3Pm3dA
vf1ZVufcQeuJbHFYM0wOQ4wjlifpDiHEBeNQvLAm37U+vNDkw3PfQJ/c2y/jIffE/PjqeBQ0Lyqf
vgeGr7VzeU8Pm7Z5cCttbmlRI1xziy7a/l+pgbODA2cHO36l7kf53Cjf71A+G6lWEsyMirDDWCeh
RLzDIDhM1nRLiKQbOFm+dqF3oPdan9yPkvSHb/SH0Wy5dHaXpXh2l7X4vtldcvF9JWeIPHQO3yrj
pky0F0wsVdyKfam93L6N38a2GbYZm0xN5iahSRTLNBkDrpA9Knmei9ZdVB9sYZeb1ZWXIvx7fXSN
uqXv6+wIAoVwQ5/jnM7R5XSQrcoCh0928Iy3+xgv4m4yc4KPMV5O4oBzJNkdAJzNyklJwFm0rkwH
iPWyZGZA66HOSHBmrZJFFEyMB05yGohTvvaO3a2hYEpvnxuN7piUO3tRiVFmnxnZZ+6wUTZ9pjdk
vaX3an2lwVB+HsXNhepAAPJceJDXceF/5fKeHZyxY/3glYbjPL3yhwhbguCI0HHqlQgX4iaPYKMO
dZLIVMUjmo1Qz+rMGhoM6SbBYUEgmBAH1mGYyr2a5fu/7A/LF3IVc66QK+ZaciV+FAGaLaPzDuQc
N6dZm+/I19l96hb8VvPQx2wO+5xkUKNSFApyyQGfRUzycV6/T7SImaLFH+Bj6W62gaTF7vZscDnW
p9Vk+kVLwGtyO1ycg5icrnHJXiex5WbKNy70XetFKMj9dkfUeeTeGxcQmhfVPrRi1HLWz/DSqB9L
g8cJOlKZ8rQhyeAzBtOFdDHdki6lW9N96f70QHowPVQoFIqFlkKp0FroK/QXBgqDhaESoUQssZRI
JdYSX4m/JFASLAlVCVVilaVKqrJW+ar8VYGqYFWoU+gUOy2dUqe109fp7wx0BjtDZ4Qz4hnLGemM
9YzvjP9M4EzwTKgoN2t+1v6sriy+jJQV2POSaF54Qv741Bw6luaPTw6Eebc9NJaGggZXTKyPJlFX
DB8IJrc1ev+p58X2R45+9MFxmkaFTTRhd6P3wps7d636+4/+oVu9rF7doX40iy4/fLD+0XtXZhVM
vHTqt/8+Zox6cu+2ByvKlo0vGP/h+d9/GibD3HQc5zyBJJOdyixRMIPF5AMejD6eh0wTTxKBT6wX
d4Wc9a46u8TX2wxGP88g3kRiwS+GvGC1GFg8OqY/OT5GTk+0hBzBlBGukHvlc+fsDvcktLpjkh03
DdL94TDCRu13TNK2UWDjPjw5NpycE6LRZuPKUGu3E+EMY2kWteu41umPd8UYUqLmyqJ8Uem67F/v
UV39M5YtnnpukCDmiilPE94ebN20ddeurZu496UlP1bLI/QXW+8Z/E1Ew+LVc/veDOx+5plWxP7Q
DbTDQrSDlWxWJlmlqJuKSYKInisiNPlvnDpTBIvuuUZSB6Nea7YRg23Ua29MQa+1j6o24rCmYYdF
HU1mDYAeEKloEswG0Sk5rbIckkJWv6zI82URIUFdIYqb5kpmPBkWNgy+2z/47jPcz7fT52krzlvk
ZgdbEokMhOA3GjFRshj96kv0Kw8pUuLJc+4NIG2zb7CY10NNgtVh8ZCYFIOUgNNz7R09ekX9RO3L
VaTcxOrENdz6+PWelxMNtIwa+OEgMwpDzi470OQF7MvJ6i9VVX1KvYu+Rdc9Sf0HGtN+eeTX1659
+MKZLNr5x4/oAfoAraAHlNvU7T/vVnvUN3A7d/AwGeYZKEdbi2SSEhNlGSQZAVkmhBzDBS3yjd7w
QG94NAYqNpuUKynSfKlcqpGaJOOtHJPnijLMuSi/eDU7cJodDPvRDiJGlBzFQTZYDBsc6y01cZDi
MqfYJC2aDRsAiQP5qzq+Mb4n/ko88leKHmmj6rqjJtCPsL7n9Omes93dZ9VmtZi+RtfSCD2qLlpC
b6ez6Rx6u9qtvqWeUrsjdB+txO0ldSXG3VZ1JdH1vhcxpqLeTrJBybb5jEaDwSfLtkzZSC0mqBdY
nZ3WW4k53ehIl0U8SmgO2cEFY4YptxfdqTfqQF9qTqSFvFucB1FlNFJSpiQqrvmuVYYaV7OhyfWy
y2g0xhpTjQXGAnmVbCgbNR4dYWnNr+7t6aHvwZNnOaFHvTmw+qxmza9/B4cjCDG+YOD2SFSHmRgj
2vnpxEsiyhhPjFFyU2hn7gNCW4LDCrSdHZKJ/W5n4iyDLd8pSzN5ku8xyNxtSVFGuHGLDv1upIAR
ys49SXw+4qOAwJvdJRRj6E4iCn4wiSQNndND98kc3zZflw9G534a0mWsa5gTxqdqNImNmbt20a+U
joY33to9+OTGGT+qWvlEBPIjrUuL33t38HokwuU3P/TSq2ooipNi9Bce9dFwkq04SYvF0OJo03Ay
zTXZPM0W1oByQwfKgAaUk3K8El8eDxpKJtjl1Cg334oS7mjNfffW1i5ZUqv+UT1Pi2g89dBp6vni
cxTV6Tmvqn9bi1RmoEaaof5K/Uq9qV4fta1pFsqSSx5Xivwep8QbsgjIxrT2DK98YCy0pQTiYkRm
bM84FIo1k3inMMvinhtvyrfIBtfceNkZnJXpl9OT81NvG6e70BRMkHqHYYNm1qweNTuCRzO8exIG
R0Ui4ZywEi4P14S3hTXH/8t2/V5jdAr4D+4+WvfWm7sHmxunLrp/VePg/sZpC5fi+WltKqbtf+SJ
dohULrtyVTM//fLSqu1PDf7p1ittesoWr9DmIwfnY6YhhsSQALlTSQ64mD0uqcMU12Gl7dBE2q01
pjZHwjRxipPLd9l5mUwMasjSoaXxRa+WkWqo0kF1vCiELFugZ3SaqNr8hIKpaSg/jYmNRg9No0u7
6c3s3TUfU6Z+/XHN7mzVQG8urVxdWrq6cmmEhdYObl20QL2ufo3btQWLmiO04vTBrk8+OXbwtDZv
mDzxc3De4siPlBQSazeZnZTZ2u3sQGybZG63HxKF8SYuj8h3OEyyJd96WzzODnrDaA6l+4F8QYuP
Dm1CfJ4cT5Fnnmepp9GjTchIEvA9w8+pNcyf89hT5wdn7mrn+PGvPu4r5fPUX/xo0Ttvqkt0u56p
rjIP45w/jTIaSSJ5QAkagAgyaTfJL0stMaaD0OJpi6nxynYyzTTJbChyh72aVbUoEUU+hoheGeO1
Ll+wPKkx6eWkK0l8D+kx9Bh7TD3mHuEKuWK4YrxiumK+IliQZKhuWi9lAZdu6oI8Ax8a8RPIn3v/
ffO4DwZTHt9c92zMwawh8ge1T30fEx+JmqiHK/lfRw7+wvET0y/fWvfYm50YBa3Yna6+PeKzqxAj
FsTIHCWFErtX4Ds8QkdMUru/SWqPqfG02Xz5Xsz6rfnSFOM0d1gDyY3egSlTer8PkpNFocbQsZDG
PMNw0OVlmrGtaHdNZDS2W7M7VJc/9EjpvasfKqfLd6nG7D01v1cHKfy+Zk82Qoj+7qHTB4998knX
waOR5kULsApj6OeZCxbRgbXRXItdRf6XSTy5Wwna6y1xWvCzYvCzGFxxDpvkyjHbMu1SyKzHQY/m
xBfQi6Mkaderwn4tdfpHJKL5CTUJTQkwyuZhzIj4kFa5wEhapAXGhV/RVPX9P6v9X3xR88SLezfV
aMT+2aXL/6raItzHr21/7tVRHiQ6r6djPTMuKZX45FgrS6W+dmvqAVPsy86WuIQ22m6qsYLfGuJj
89xcfpINHTAku8Vwhp6Da34YlRUFvdjbr17UUKP32B16/perjPFlFsYUuYpii9xFcUXxkzzzMhsz
hSxXTmyOu9HSKDVaG22NvkZ/Y6AxKGowso/MQ2r++AmTh6fIGMpHD/DzNH90vvhVu1XDzKOPvHLs
68HT65oq6+Jql75TS73UrLY9uaLynnkLV3LPDPZFmovnH3vljeNFG9f/eMUnweC1wd9ef/iBB1Y+
HOXgEvSTbLRDBrUrd2AeaLMsCPjNAmcSF/gD/pG65DUW+5qHtZCjaZ4W11FHm16bBEwWL+fOc6Gn
m+a5kr3ziC0crU0ujNQm9uHiZACrlT/067T8F8sTRRLNoiCKWApJotWAIb2pMevlrJ4syDBnCBni
GMsYKcM6ITQjVGouFUrFUkupVGot9ZX6SwOlwdJQpblSqBQrLZVSpbXSV+mvDFQGK0ObzZuFzeJm
y2Zps3Wzf3Ngc3BzaI95j7BH3GPZI+2x7vHvCewJ7gkdMR8RjohHLEekI9Yj/iOBI8EjoSll9PsV
yoSoW3yvQkktr7W2bny47q6Hdvxs5+c377++sdbc0vRwtbJo+9X96pD6xYrf+mjGTxpmz1RmelIy
9jzx2hFfQL2x+pEZt0+Y5krJ37flxKtJep1NctTFbCbOh4WESK2SNeLrUrstiM6OLt9mO+R/wVOT
7BtP0NGnBKy630sTk0fDgkaycq++VKGFvRG3H0kzkvU0I5kkD6cZillOKUppTDmWwmMCfkuUSBnh
3ZEoEqVjLmMkUqht3wkjHYPLd3OzHhqOFTonfBNF1FmR4Zxq3NDHcJjVYgZyv+J1C7KJtPOczsw1
Bu5QnGy0UzOTgUzEXGRKX/idaxc0VkZ6HuiVL4wufIjFmkLamkecrlEciRtJnObFL8XsFsqcIW2N
wx5wBezDlBz1q7/fu5cup2nq+2MKlWncC+aXzn2wD16P0LvVk5HBNVumL753/8aWt/T5wByF+xVy
r0hcZLISB51mR3vMIdnSbiWzDRJmIk5bvv222GgGf00PyeGBvg+xvhB97hx3uXubu8vNaJlTBw/W
cPh9OhrWfl6zYF519bwFNXTT7sFqLXtgxQuqq7Hzka/X6PFsOE/SZTCTcYrD0G5q4kk7R/OJbIR8
dpsQ/fbwl7XvijliubhN7BKZtow28i2uaPgTkYgW4ofXP55HfnaReUqGtFPc8e11sVuXxTIdQsig
k3TsNyR9oz88TND9KqJO7c09YXP73D+wJqbXLSyvZXA3Xd/Soj756bfXw3ZG6zktbm9C/HtIWHET
dwtI9haLuU2r5vK0am6aIXxrNTdwYeCCrF7IPW5LxMQHg+ZwxP2Wn2ozz29K/fR/qr3qZTqeOqp/
v6ZG3vDozoZ1m6s2Wumck2/QVCpqATczU32/edPlf//iStNaXZ4iLf9H23vJ2mj+TzH3xwqgKZr+
C23fTv/17J+/Q8//tZTnO/n/wDdB+D+c/tt/KP1v48h30n8tg2v4gfxfncRWoX19ZAx5TBk7xi8n
hmw0o8NJ2r0mS4uRD3XEt3kP8YedNdnmPGNSvj/RJpMpqdOMseFsjdxvRIPeKMVcVC9oHKOHa9RL
STQJcUK6UDSWJyZi5tG7ZXOM4Df5zcmCWY9vOmOm5Ue5dSq9NeVAwqG3pCT5/FX1vPqbyl/X1dq2
bOxovjX9oF+pxpHcBF4fKP/o3wIB9aGKly5Fbk1EmiPq3uEU5fSw/ot1/WORXxcpmSG30enxdwik
PYZhwu3pkNtiDsELQk0yP97tNMguLp9M8U6Twsl6QhWOZlR/gV1PVCOFciPhO8/+17XaNbii44eV
+TqAxcKpv6IG4kSrG7bwaZhZPaSEYmUmWpwHTG6Nlg6ZalCTuFmxvIzCz5TybbI40aNV1FpCGM0H
B5BWR2sGkkCHUaiRqkaoHh2KHuIZhuKJbQldCdy3UhMdkVF18JK/sUs1FOkgpDdvL6lasZFPG1gY
rUG5rMjg8xer2o7SD6L8P/QB1g/vo+xW0qAUCmbO9FPJKhl/ajBa8TTHZMRv84wDwxxKSaaRWExM
8zQ4RKyS2WQ08JSYbSL3zeLTwLcXn7S84rurT+lMW32SxvBZbDY/m93H38cMZYFvlprwROnbavMa
bvlGzMgtW+i29WozxoTIYDm3PxIZWKhbHYj2b46F8NxcPCdhZguoRSMZoovoMrqWbqA7uIvch/5U
f66/0H80EBwa0v5nIfvpQlqO4w3D404cnzQ6/sM/jQ8+pHvpPtqG2/7h7SJul6n2D5Hxrz79//Lj
ifbvFEXPSNTbon5kuEuopwvPJmJALQlGn7/0iyV25MYY4sRrH0rr0XsT0DJWYsOY7CcOjPPxWLkE
/9Oy/v/74whH12tHvWr6ksqkkgyv6+HIErocW8143EbK6XqKAZTMJUvIVPIk+RP2b9Sf99GNuB3V
33cWe85Gr7D/KL6FkGJSSzaS3fo3LvFL+Ap+PV+BadAWugV7fqONYSWQzWfgvRtxX49jy7VrWoRb
BqkgWCWQduz5EscjZC8V2Lv45r+jKWQVfmcu7h1IVyaU5Tq1chXUgvfWaQBDhKB+mGlUkjUkgs9d
17fPsb2SRNh1Qwz3Jeo1C8cMfDn5BN9eS2qpQPMgj/szPjsXe1o0rWgn4aASYVuOW5q+TSfL8T0H
8Y4I2cct5/L4NO0uXfap5ANyUpe7gmzH9kLSqR8JDJD3IJ9WoPyabeLZebLYeDcNGKw0x9iItiIG
L9nIVRAfTCd1BAF+0qCtelOCEbOLS7lrZZeyoMR/uTSQPeY7Tb9s9HeR+V1SxH9qaGh+CZ/ASrtY
YhekmLr4lNA//9DgP2ePmT2/xN91dcb04bfOKJ+OfYtK8FJrYTf2z5ieTXQW4u4/9Wia8/mltin/
RnwmfbLfe3/u/xk5fzV/4GPrdXMG3qsNUv0GPBo3qV5CbHk4XmO9Ptz/zS/Ev0sqDJ+TckM8KWc3
iNuQP/Q524/Xl0gz9zba5SCO5Q/dMNxPFsNZvP4zWm4+uZddJTPZYlJs+gmed5McvoBMZm5SjNfF
mDmWsxxSzG8kJdoYHCfjQCAztZ29Tsr53+F9V0mRdq++X8XnD2pxQv9Nx/0fUPgaVDoO9z6cvxLE
wEfRnf0LStWFmuGsGU8hYc1BspJxxzEBy1wRn7Mk446MKe0kxIrjVnzG9jkh9iZCHCsJceL9Thxz
4rtjsM+FbRc+H4u7+zAhcSu1/991a4U4M8kih9GqnPYvq8bBfBbdhG3+FNek9F5R4Zez4V0V3hHg
bStcDsOlbrjYDX93Ey60wt+qcF6Fcz13snMN0HMnnM2FMw3wcxG6VTitwv9Q4ZQNTgrwpgtOpMIb
Aryh8Mf/xsP+xgNdxzysKwmOeeD1lyX2egG8hqfXAnC0AF4VofOInXWG4YgdjjTxh8fCob1J7JAK
B3/mYAe98DMHdLySxTq64ZXHvOyVLGjHU3s3HNjvYQdU2O+BlyVoe6mbtanw0r4y9lI3vNTE73sx
he0rg30K/yK+7cUU2LvHzvYmwd5TQ+eUIX6PHXZbYLfC7/JCqwgvtMJOCZ6Phx3bV7IdKmzHT2xf
Cc9tE9lzMbBNhG0K/+wzEns2Bp6RYOsWgW0NwxYBNnuh5ekG1qLC0/jE0w3wlAhPJsFPsfHTMGx6
wsk2qfBErY094YSmRok1qdAoQaPCb8A7NqjQ8LiPNajwuA/Wr+tm61VYFylj67phXRMfWZvCImUQ
Ufi1KfCTAqjHJ+qrYA2e1tyEx7xQp8Kj+OZHVai1QW0TX1M9ltWoUD0WHlFhtQoPy1A1GyoFWKXC
gwI8qPAVAXigAVaqoDyzogqWd8OyBihX4f5YKBNtrEyF++xQWuJlpdlQ4oUfh2GxCMWLPKy4FRZ5
YKEHFsyPZQtSYL5VZvNjYR6e5rlh7j2JbG4D3HOXxO5JhHsUfo4tkc0ZB7NxeHYY7sb+uxvgLglm
3SmwWQ1wpwAzZ0hsZhhmTLewGRLMiE7JdAvccXscu6MVbo+D2xQru60BlAlmplhBaeKLpmawom6Y
hqdpZTAVPzE1A6ZMjmNTHDC50MEmx0HhJIEVOmCSABMLbGxiAxTg0wU2KGjiJ5hhgsLnj49j+a0w
PsvMxsdBntnL8lohnCGxsArjrJBrEVluEuQkZ7CcAhgbENjYJMgeY2fZrTAGnxljhzEKn2WGzFQT
y/RChgQZCp+eZmfprZCGfWl2SFP4VBOk4CtSuiHZGWDJGRDCU0iFIL4w2AoBv4kFBAg08X4T+BXe
h6O+TFBOJNmzWVIheAOQ2AAJLvCEIT4McTgcp4I7NoO5qyAWW7EZ4GICcyVBTBw40cjOADjwWUcD
2FElezbIaB1ZBRuO2RLBKoO1iZdQOekmWESwKLxoAwFvFbrB7AWT0clM3WB0ggFfa4gBJgBTeB4c
jHcD38QDtTFwACg8h1ecim2gWMhjEXmKrnzyGZr13/NH/qsF+ObnJf8Xhw6E+AplbmRzdHJlYW0K
ZW5kb2JqCjIwIDAgb2JqCiAgIDY1NzIKZW5kb2JqCjIxIDAgb2JqCjw8IC9MZW5ndGggMjIgMCBS
CiAgIC9GaWx0ZXIgL0ZsYXRlRGVjb2RlCj4+CnN0cmVhbQp4nF2Sy26DMBBF9/4KL9NFxCMwbiQU
qUo3WfSh0n4AsYcUqTHIIQv+vh7fKJW6AB/Gd8Z38GT7w/PBD7PO3sNoW551P3gX+DJeg2V95NPg
VVFqN9j59pXe9txNKovJ7XKZ+Xzw/aiaRmcfcfMyh0Wvntx45Aeltc7eguMw+JNefe1bhNrrNP3w
mf2sc7Xbacd9LPfSTa/dmXWWktcHF/eHeVnHtD/F5zKxLtN3AUt2dHyZOsuh8ydWTZ7vdNP3O8Xe
/dvbVEg59va7C6qpqijN87hErsF15BrxOsULxAthC7ai2UCziVzmieMS4yXipTCBSXKhr0RfbcFb
4R7cCzOYIxOYEkNDoiEHdsI4i+QsAzbChF5IeiH0QtJLDZ+1+CT0RdKXgTcj3gw0RjQGuUZyCZ5J
PBP+A8l/qNBjJT0S6pDUoUfwo7ABG6mJc006Fz6N+DSoExe5uNsNyRXKrN1nw15DiGORBjLNg0zC
4Pk+s9M4SVZ6fgEQhr4kCmVuZHN0cmVhbQplbmRvYmoKMjIgMCBvYmoKICAgMzc5CmVuZG9iagoy
MyAwIG9iago8PCAvVHlwZSAvRm9udERlc2NyaXB0b3IKICAgL0ZvbnROYW1lIC9LTVNMUkQrRGVq
YVZ1U2VyaWYtQm9sZAogICAvRm9udEZhbWlseSAoRGVqYVZ1IFNlcmlmKQogICAvRmxhZ3MgMzIK
ICAgL0ZvbnRCQm94IFsgLTgzNSAtMzg5IDE4NTQgMTE0NSBdCiAgIC9JdGFsaWNBbmdsZSAwCiAg
IC9Bc2NlbnQgOTM4CiAgIC9EZXNjZW50IC0yMzUKICAgL0NhcEhlaWdodCAxMTQ1CiAgIC9TdGVt
ViA4MAogICAvU3RlbUggODAKICAgL0ZvbnRGaWxlMiAxOSAwIFIKPj4KZW5kb2JqCjggMCBvYmoK
PDwgL1R5cGUgL0ZvbnQKICAgL1N1YnR5cGUgL1RydWVUeXBlCiAgIC9CYXNlRm9udCAvS01TTFJE
K0RlamFWdVNlcmlmLUJvbGQKICAgL0ZpcnN0Q2hhciAzMgogICAvTGFzdENoYXIgMTE4CiAgIC9G
b250RGVzY3JpcHRvciAyMyAwIFIKICAgL0VuY29kaW5nIC9XaW5BbnNpRW5jb2RpbmcKICAgL1dp
ZHRocyBbIDM0OCAwIDAgMCAwIDAgMCAwIDAgMCAwIDAgMCAwIDAgMCAwIDAgMCAwIDAgMCAwIDAg
MCAwIDAgMCAwIDAgMCAwIDAgNzc1IDAgNzk1IDg2NyA3NjIgNzA5IDAgMCA0NjcgMCAwIDcwMyAw
IDkxNCA4NzEgNzUxIDAgODMxIDcyMiA3NDQgMCA3NzUgMCAwIDAgMCAwIDAgMCAwIDAgMCA2NDcg
Njk5IDYwOCA2OTkgNjM2IDAgNjk5IDcyNyAzNzkgMCAwIDM3OSAxMDU4IDcyNyA2NjYgNjk5IDY5
OSA1MjYgNTYyIDQ2MSA3MjcgNTgxIF0KICAgIC9Ub1VuaWNvZGUgMjEgMCBSCj4+CmVuZG9iagoy
NCAwIG9iago8PCAvTGVuZ3RoIDI1IDAgUgogICAvRmlsdGVyIC9GbGF0ZURlY29kZQogICAvTGVu
Z3RoMSAxMDA4OAo+PgpzdHJlYW0KeJztenlcFFf27711qqr37uqNbhroBWhaoIG2EZWIplxjXIhR
x58hQ0QFl0ZFo0ZFiSbGHcUVSUKUGMdkTKJojEOiUWKIiUkcZiYasziTTCSLM4SX+Q2TMQSKd6oa
0Pxm5v373h+v7ud2Vd17q+rs53suEEoI0ZJ1BIh39sKZi6/ff6CBkLjrhDAFsx9Z5q3KfrGdEPdg
QujeOYvnLvxm3d+aCPF8gE9tm7tg1Zwv/vpEMl6/hM+E5pXMLDbvu+ckId7pODZwHg5YvLrf4/1O
vE+et3DZypNTDKvx/hTe1ywomz2TMLGHCfFNwPvahTNXLmaf4LLx/lu89y5+uGTx8lX8D4Qkqgnh
HiIMmSNVs3O4w0itirhEPfsO4d+haq6QYUlW05XW/kS40nqlNWQ1+8x+n9k3hyWdSyGu8yupWmW8
9d8P86mEdk+VpjHXuKvERhaKcWqThpJibpHFoCnTzbI8bmdMRJ9sNGvVduFKU2eL8s7W9taw0CZd
NOfmhuj4eu3U6W8QOxEJxV97d+Ng86DBD5wMxdBCnDROHV9vmvqgvKK7MbqCiMoKyMl20+zwwBxz
Uo7PnmS28UmJKS89DNOnr3joW2bJuYvX79kjPfXX2TOrP+VyS0s7zv/zeiKKnQzqvsF+xgZILFku
JjrMvN5gYzZonIZyE6nVFLEk6OACEKR3GYNCQJ/lEtpbW9pbOvNa+pMsPMmUh5HwKOk6mXSXQrqL
uHpIP7U2rj6OkYm3K9MK3S55mTJNfeZsuy/HSJFchXazLSbKBnOVTj8mPZV9qPTE80fojBnl6zbW
sYHOkZGzkbJL15jc0q59F3aefYXeIDIfS7tvwEl2FEkln4jDkxKZZN8wvc7tYRK8w3R63USd3utj
Y+izpI6rCsQ8a69zVVkqA0VpXp3el6B2ZNgThpnUAfuYZCbDREanCe1NrVdaWoU2oc1skdlDPbV0
oqaEth/azI7c0Pgp01WC8Tu8VCm/DySe9KZTWihOD3gC3oAvkBhIKtAW6Ar0BYYCT4G3wFeQOD1p
o2ejd6NvY+LGpGpPtbfaV51YnXTEc8R7xHck8UhSgpi+Nv247bj9eMxxx3Hn8djztvP28zHnHeed
52ONhaRwUK+OB6Rk0UyaM2BgdjjGYU/KROHxdluMh7qpXVH80gi7feuax2c8uWHL6o/emPr67Ai7
efmyFQWbdu/f8M37c5uG3FrxSOEDY6b1zwg+MWf3kWDat3OXTZ488v60jKztZftfDhJFpkNQpgFu
CXGQeWKCQ0sEQ5WNVZNynqm1FTlVgpkGNWgdJMsptKMptFz5IConvG4SpKYegzbIancqVuEkzh6r
EO2cilPbVXZ1iipFnRW7NrYq9mCsttCalJNtzjb77D12MCg7ahl/PHToNVogHRkwZuwIZpt6x66D
T8DZUjpOOl3aVbhpwi9m7Nq4/ddE9mG05wjagQ6pThetpErPo6b1RU5w2UdpXKY0pBX1GNWn0BY6
5Y0ti2VooV8Ra1SOjkSSM4Bkh4ndRph5e/fv37t3f82eb6WvaezNmzRW+mbMX1pabt5safnLbJot
STQs/VaSpMuyzLpbMZZ8hf5vJLvFXBYYplilVtFiQtV4Ehiq0WoMRoYIWq1mIlVreQZImZ6dpTZo
NWoVMJRoTJzOJFz5AI0KfQzl6kAHi9ob950jrBLU30W7fIdmp6KUFIqJaqpmWGBZtcZJnYxTE2+I
N/Zj0gxpRoOKxtAAhUJaqGGU4ECx4ZnOoa/Rhhfo6V1df32pq20f4+UiP21kyzE6VHOR0lLSK89p
KE8biSP5optR28uJ+kmuSu+sIk/Lgo1Xa+wuEkdRtPEo2jCGyA+i0m0VpBahzZIbEi3eBDFhbQI0
k2bazDTbm+M4pIb67HfouEfkKsWYVey0zm8OHVj1tGdv8Ls3b0pf0Zgv/0aZK/yuzWt3CwxRX/ts
bcXxepR+Jx0gXTvx+hvnXiNReqVc9gbS6yFBMkfMDhITtQrxXkgl5Qmpe63qAyp9FZu0N7bSWsQ+
k1CboclQuYPeeFOA5KS4VINi0jKE9hY5JIeRdjk6typ28qevlVjgyMVoIHOkIZlC5trM+kwW+YgG
20CPdw6lMjtMzgCL7J2ynHvtSnZdNrvz5vzG6UWWjRWH9g98fnXTj7feXv38QDpPqtlTuWPXrh2V
e+Bs54Nf/ZiS8vm8ot80VRXPoIM6OujAGcVHSqXK8+998cfrX15q7NPNNuRVS/qRR8WsOJ8ulgh6
Wh67R11l9e1I2u6uSkE+9eVGJpYjvoxEQ9BlIgEd50qMSUtVYlyUTznGobG1tUhtP3ythLjcXLPC
Z7KQVpa2sl9jGlver5E2Mo3QxDZxTXyTvSmmydHobIxtdBlkXeb0sWi9I6BjhPJF3UqVlDMMpRMD
Wd9t2bh52dLtDYelw0PrSk/8ru0TyuzZsOhxYUbRq9P++A3N//Mj5WWP76Bnu/4QWTpuzNm6X52+
d9WG4lnXUlM/i8alDkKgnfse+V4pxrPFHM9BMc9NBJ6lHD9fTZcSjcrMEkaHSbapswk5aw23Yzjq
8SMWnYf97oHE3mSrU2KTjuh6Y5PGS7w0S5OlZQt7s5pOSVs6ea2yxoeJisvxy5EKvYmVPqQLtlIM
PJ++tb61ozwSpXMbIWw+0hlPJoo+vY2YDGQZU+wq4eYbVphtBr2DaKmDVxu1ArXoElAfMrwQZOEr
2vihTWoTlCgq6sZox+jG6MfYxtg5FHaSWZYla7dRXkV9GDF9OXQYjQqa8otLP5l3kxql3zr10iam
bHnnUPp29bpntlbVskuoNjfvywufSc0OnGuQDi+kTdU/bd1/dIdMby3a01qkNw3pTdcklHisyywl
jhKPKXUZKUkpgfmmonSvW5OQlKolSTzv4vU2LbEw6VFL6iVdyQHtreg1F2UG2nJDVkXzmJlUcn5i
fegr5r5Mlk5zsntjryrpneXXHvrsh6O1De9L30i3ln++aLH22IEnT5yunxE+fnznpk37DIu56mDm
Gy9setXruvbi7z8PZ9PEnXtPPFX/6pxdu9dvW/co+sXdKPd65IMhZnJQ9DPFGHRpsRJxtXqy1Iix
c6l2PjBqlidmA5h0asYitF/JQ2PJQ3lHoc0VzGK9gZdVwi0G2ywN5vjTXo3X4DVC1DjG1+unPihn
uQd7oZlFsRULtqitiE4dddHB9F7K8kwM0087kBmsvYcZq1VhTqdmTa8Go2kvm3lfYuB01/Tvu5Yx
Oy7SBOnG97QDXJ1fS3yE+hdCe6e2VPpM1tcx1NcqzDUe8rLoBz5hpauEF5aZSmwlvJ6uILP0Rd4E
M6N1EwevcZu1JsaLARqNrElWVFRLUR1JLRYlVWumyhz1MeJVGEFn6MVq4+stuMIanVS8xisvinKZ
YgITa+JMvEllUptiTS5TnCnelGBy600YhD3EQ7NIFuVlnpFN2STk/PpzY1BswMzyXVMHbJv239Qp
fdVN5n68ZInmuT0Hjv76YMGWnGnc1cPS1ORkqf3b76R/ytrfUf27ty40iyOZNjkmbkGZVKPudcRP
ZouJesKXmEiJ3bPAvSqpJG6+vSjFq3XHAG+x63kN59SloEhaexGBYrVtH6F0QqJfo9cYzKzACbyg
MquteqtBMAomQTCbU/WphnxPvjffZ/kZboBepjCbmQXi6wNnDHNge03N9qrqmtdGvbTgcwrSzZtd
0vd0BPXfd+zBJfrHF104N6b5woXmd9945yPm+/HjkLsb0v+iq+hDdDM95nb/UBKRPlViCtZC7HrU
uZo8LCYA4AgDiAAmchRWqGZRRBBAWC3hGY3slT0govU2gogasqJrVKJG0bAG2x0alscV5Wrk+SiI
d1AnMIUajHVyceFj13c17GMyuvKXwzWurGMX17+B/lLOSd1DpFx6kruB8neT+WKiW3DoQeOIiauy
ajAP1Vqf8TgzYgjwMQNNAUNQH/JgupULoWiy7ZRt86OLwm/ljBQ6neUt8i72Au2rHjwKvWhLPfSe
WupY6mRIoVWBwlHsa1WKiDszcs7lkVmZI4eHskZmHKNz3npx7PphM1S/mPzgf3FLMkeNyswaMUIq
L/1pyeEzPt9nRQWrH5PtaJNUqyrjDqEcJmIlN2TE8PGjA/nJejJ+dL9kMIwu14wvN5WLsCa5PF2z
xlmePig/0M9iHBvHD9eTOGO8JWEoH++OG9qfyUc9oFVJXW3hcG+mlYs/eSivDeNjE47Jwz2nkL8v
dcrwIdusBPZASrLsGzxjt1kcMayMmhw8m5SYHEiRkcaggcmYDxwYXgXCQc4dgIMzDtlTePzTT48X
7hlSe/TsqJERqfmVgvpp731RPGMhTX/5sS+KchZIbc/9Rnql4rENG9etpQ9c+IjOXDEhX3odAW/V
0lWbNpc/vOPW5Ekdly79OGnyjs5Of8fZsotTN2xPCRRKm/75vPTN3BUVEyaMKSzcsHotveeNBjpm
7aObj9TO+nqN1C5dAlo1v+Lp4wcOHn9GlivWFGwDb0M86SP3iH4fZ7YDce9VO/caaTksIeXGInWl
Jc6ly7EyQbsZK9NQoqDAsbDso1mtLYqPKlgsN3RybRIG5EFK3Sg7n8VuY2TFIwChUbwVFUXrCTpf
Blu3bjUh2JL20/l7Krfv2rW9ck+EEyNdC4tnSO91dEiXEGRF6PLGS19e/+MX752X/U3GWAmIsVwk
R3SRJx1VYNiv32eu0lRCUZwxQ+8iNhefFockXvngSk9ZIeu2JXSyLB5po1FsKxBZm+a+Uk1WIJsQ
+FO9XFW4vi15t6TUvn39vpr91St2uOjdR08itCXdtH9WSPq+ct03X3/97ZoKxf/HIfb5EOlxkn0I
+jVWjhJTuZlwMZUGTbm5VqdVMxlECFrUAX3QGIqVwWxYdi8ZBbW1haWLF1F4FxUsJA4WiIA1iQCC
HObsQozgEJxZLpGIVGREEFmRG2UXY0SH6LTLgUZe7KVehi+87ZGxikfGYuuJIL08KigwW9mNiAK/
DyNc/vjNu652XT5ST+cNPFqeMZtNlX64L/9sveSKRGDq/DfKSo0yj29236DvkzaMIYNPGXhC9MKV
zibMO/dPP6VF7M/m5Ql5eQ/0J6dgpqZIj6KPzmEI1Kmic6FBdwSENyfkDsrPH5Q7Yd7g/PzBg/In
9shR9RDKMUR+LQ73uqwGlk8noEoQNkCgPLXW73PadJyqPBMqk2I0JNaqHapPDHrVQX2Av9sxNDZg
D1rv7hdM8waSgymh/lExy5GsvbVFwIaejALPy2sLtznCMgoKo706ZCR3d3hGuCy8M1wf5m5Lsb8i
xf7YeiCDNUubpctyZDmbtc26ZkezszGsKaRRHNUj2ahl/7ubPpmz/pxfLXr+8BGJqSsqW/1YnaTu
OTOyCrIPFK85AtOXr2j+fdfFSITxP7f19ZOyKpjgwU3RK1kpkcWrZb+VprENKC89SSK/EIOUmBPA
wO51GcpNie5yr3avrdJV5H3cVJvsCRKVC+seYzBBIAFDKLnPfYWW2wVVuM+HT6311/uxAqf2Ozw2
0MtDr0dHWaOHe/224Wcefazr5glm7Pwex3219Mhth5bisJJV9M22If0JZLGYqTLYXCxQxwYtlHO1
cRYj0HJtpUDMQ63xQd4UtAYMd7FBFx8gQSbk7lFuVLGyVttQp53K1pBDTlKetZ56zx1Jyq0o040t
qszsO1XyLwqbqqjiuQX1Rw5L7MGiVes21kVgcukbCxa995GiFvLWrjOvoDKi9e0mjEdVCr5xkCTR
Skr0fIllvry/gWFFw5t0t/c35N2qkD9sMQsoQcYsWBwKLEGIgr/Mtidrap6U+98RaJj/3k4F6fsx
dBKdQqfSSVK99JL0slQ/m9bQRbSM1kjzpF3SbmmeEoMK6DWmgFlKgAivMoSlhBWUmv/KByErQtgC
hkiEWVqLa0HBY9t76M0iw8TEZCeU2DUlblNJ2nx3USjZqbdwAT2XQfg4O88HfLqQDFzae8uJXkY+
apN3k+5IbHDHdbSuwGyIWXNQ78YYOj+8fnDnzoNyT926ZvW2bavXbF1w9Jz0w61/Sv849+L+Z299
8smtZ2lN3YkTdc+eOAGPbK6p2bylpuaS4/LBP9y48YeDlx1xxzefam4+tfm4LPurGJc+h1UKLx7R
hNHHPtOkKXJaeHQLpyBXDDK5MuU/C0DmO66vThw8eOKE3NwJEwfnTpiQO3iiEpQGT5zINPWMR/X8
WI/cYhHHForJxOUtAesCyypHiQlcJRosxVJsWgvhkzi9PYG3xPAykpU3LqJICmWGSEoOPHKgj/NQ
D+MBD+vhPG6Px+P1+DyJw63DbcPtht4MNaDHMHx9uMlC+3YtBqTAuZHHFv5J6qaOm13UJJ2TriNy
XWx4fOGFc9K5Hfv379ixv4Z5Zvw4qv/2BjVLm6RD0kppstt9q2QB9bOJCG5/dwnBrWI/Rd03+FmI
YWPJItGv52OtRLMhxmxggZSZmFkxRS5I5ozJepOQbKHJnJn4lG3nKxhdlQjSomyK9RSboVOeuKI4
RvG+28XJv2xC74yrkzeho3vjgsxTbO8N8XmJmXrOM2PPn/nqqzPn6a1zUod0Eds/5F2wzk7pyy+/
pG5g8fpb6UXM1/F0iqIjjClMkYJ17eRe0QEaS7mtVkCYi/gWsW3AagqaQzGolnB0qz+rNdyJMCF0
sspBb4eLGCVcxGCLhoufYdm+gP6ODGFHZGWN/Ouxrr/UY8jow64/9YvIAaNnP+hGD7a6T0yJYQXE
VrF7DZ69KnO5FbGVqshQyViCdgECNEhy4l3aNBlcyRv6yo7+z8GVqCFJQtLapPoklhb6ezd1eje2
ZKJ+hjTZ7Hqp5vaOFiLtht4drUjkyO1tLCY18tP783s2spSaoZ0Q7jO0BwZL5pfF+4m8o8MUU4bn
OYuZEYp5zqQMYdSSN1MFtcqIXadnDIJarZrI8MYyIujVwJbxs7RgFkxGg06twgcoMVg1YO3bTc1r
QcO50mq5cz8VSyKub0dVdXuLVan3+1nkPf0YuYA1GU0mth/Xj+9n6GcMmtMtSiXr01DMSthkPYEP
su30KSZZausau56xvcDY93T9+UhFV2XFYSaBufhTQoQr7dgXidCxUkPPHtEQFMBk1BlWXKKFL1cv
YUk5g8oJqCDIhbRR4+kxHTQc3R2Go1UMR4stajj+PmOhh+WEiBkyEpHxrfydTxQZs2irPtFEVPCw
hnJqlugZLY/wKk/e+cCvXMnDc4gqGxFY5iGqhqNM/67muq5mpj/HdjUfki8OMf1JlHq5/kR8Rlgm
H89uIuCIkaxF5DqFzqQr6aN0N3ORue5N8Ya8d3lf8iV2d8t/eyN1dDItwvmKnnkrzuf2zf/nQ06r
1+lTtJYewFbX0y5ie5e+q8z/u8OPPR5jNiFxyL+eGJBGE9JqRjTgwTfePqyIbv7nwfzbd3qJ6t+O
a9H77CQR63OCOiXoiRb8TUa87iI8RjyCfs4SDuX0/4//eFAtWYpybyDvY/sQryaQCFlCNpE6vP6K
rFbG32TVcsORTzh57YekgabiOkZuNIvImjuH78nGua9w/Ry8ryOzlPkOuKy0p+Ays4IwMAmvJilP
1JEGGMKycDnalafeJ0PJ6+SofM1dJtW4bjK5hm0Evn0cOUs+oevJYXqVVJDtZCkrM5BAtRjPItgw
zynte/JL5cvyWIS7ih5fRyLI51l8++HoOE2lk6EI5tDpyCFDj8JYHN1AImwRtoDSRin8RXlgmNX4
/R5+yWXml0wqG6BH8TvyNy7j+4+SoUjvHKR0LHZGph9ukjrQI4Wx3JtknGocr6e8qoJMxdnVkE2f
4hNIEamAqfiGfBzbTvLpNfwKGvVpnmPlv08FvUI947+3uF68f7r33Qd8GcH/cesVVN56MqnesMrb
0N09aTobxz1Qz8XXg19dz/qT/vyfJv+cERw/abq3/tLoUT1vHV00CsemTMdL+Q6HcXz0qIyonzMP
Newq+9WsGaa8fxCPWrGbDz/J/1vv+cePu+4SPlZ/gbfyZDQy4K9qoZRAsHr58ePOxcLH/xIxUliU
GLMNoWtO91QuQAaxcWQpDCJD2N+TOdw73a3sWTx7yBz2bTw7SAf2bdhrsd+N/Rj2LdhfYlZ3D8EP
b8K1Q9jVZA58SMbhe99UVZNx8hi+exyu28ScIgXyM8xJchXPj/HnSBFTpayRv9eO10P4U3L8Vo5R
PR1zJj2LVArYm7C2wTHOhh2v+Xrk8gVke1I0BGkwMmpxTIdz+sOEGHCtEW3AVEyIgM8IOGbejL0V
A2A89uuobxyz98M+FQOWF3slIQ5E/84Q9kY0n5WEuJZhvy7/b4YixRRGQ9JJDZE9UiBPyvGR1dG/
4z3bwKwTv3hHgotWeLspmXu7GN4W2aZkeMsAF94McBeK4c0ANBbC+Qo4q4MzOnj9NRv3ehhes0FD
GH4jwWkJXpXgFQlOSnCi/h7uRAfU3wPHJThWAS9L8JIRXjyq5160wVE9/DoMLxTD8244HIbnDhVz
z0lwqBierTZyz/qhbqWWq/PDwfFwQIBnMqF2s5urleDppwTu6QR4SoAna4zck36owXU1RqgR2f34
4H4b7F/HVhuhWmT3+WHvEyFurwR7dlu5PX7YvcvA7bbC7gYqihp2104tt8sAuxooEe9ld2phZyNb
VVbBVZ2BHY/puB1m2CGy2/Fq+11Que0MVynBtq2F3LYzsG0du3WLn9taCFtFdgvStcUPmzeZuc1u
2NzQ3Sh2s5vMsAE/vaEYngjB+hh4vBoe08G64mJunQRrFwjc2lh4tMLIPRqGCiOsWW3i1lhhtQnK
q2GVGVZqYcUjXm5FBzyyPJ57xAvL42EZPrTMDUsleFiCJYsN3BIJFhtgsciWVcCihcO4RaWwcBgs
KNVzCwRYsI4t1UOpyEbwk5EOmD/vDDdfgnlzC7l5Z2DeOnbuHD83txDmiuwcP5TgopIOKC6G2XaY
JcFMCYpmZHJFEszIhIckKJTgl+PhwQookOCBUTBdgv+SYNoZ+IUEU4phsg3uD8Ok+0zcpAq4zwT5
w8URMEEH44rh3kQ1d281jA3DPSBw91hhjAVGM1pudCyMGmnlRpXCyBECN9IKI4bruBECDBc13HAd
iBoQZTlOYe+uhmFsBjdsIgzNs3FDx0PeEC2XZ4M8kR2ihbtyLdxdhZA72MzlWmCwGQYZYKCEUNfG
5UgwINvKDbBBdljLZVsh3F/DhbUQjuqnvwZCWU4uNAqyMu1clhOyGtlMt5bLtEPmOjZDU8xlVEMw
3cYFx0M6MpFug3SRTUPS04ohtV+ISx0O/ZCwfiEI4CkgQcpd4Dc4OX8hJCdZuOQpkISPJVkgSWQT
1eDzOjlfIXg9Zs7rBG8j68GPeczgWce6teAW2YQkiDdBXDK4YkOcawrE4ltjQ+CUwIEfdUgQI4Dd
ZuPspWCzWjmbDWwia7WCBddZzoAZxWuWQMCTMAJMSL+pGow4Z5TAgC8wOMEgsnoJdHijEweXghbX
aCtAUwxqlZlT20BlBp4Lc3wFcPgcFwYWX8ZmAL6U0QKdAkQC2kCLN2yn6f/PHuT/NgH/xwOz2f8G
5dBgXgplbmRzdHJlYW0KZW5kb2JqCjI1IDAgb2JqCiAgIDcxNjUKZW5kb2JqCjI2IDAgb2JqCjw8
IC9MZW5ndGggMjcgMCBSCiAgIC9GaWx0ZXIgL0ZsYXRlRGVjb2RlCj4+CnN0cmVhbQp4nF1Sy26D
MBC8+yt8TA8RhCWmkVCkKr1w6ENN+wFgLylSMcghh/x9vZ4olXqAHY93Zx/e7NA8N35YdPYeJnvk
RfeDd4HP0yVY1h2fBq82hXaDXW6n9LdjO6ssBh+v54XHxveTqmudfcTL8xKuevXkpo4flNY6ewuO
w+BPevV1OII6Xub5h0f2i87Vfq8d91HupZ1f25F1loLXjYv3w3Jdx7A/j8/rzLpI5w1KspPj89xa
Dq0/sarzfK/rvt8r9u7fHVUI6Xr73QZVF+Ka59GoumwTjkbV1TbhaCImYBJcApcRmz7haFS9NQlH
E3nEGok1FXAleAO8iZiAKeECuBCMXCS5CLlIchE0STQJuUhyEfQp6aN+I/WX6KuUvgz0jegb6JvU
C/hK+IIxBxYfBx8nPtCpkg58jPgQeBK+gH8h/vQI/lEw6iGph3bAO5kVetmm+YA3whv0a6TfEvMp
ZT7GgreSq0OuLj3u7RXlmWUf7/tjLyHE1UlLm3ZGtmXwfN/reZolKn2/fOTF4wplbmRzdHJlYW0K
ZW5kb2JqCjI3IDAgb2JqCiAgIDM5NQplbmRvYmoKMjggMCBvYmoKPDwgL1R5cGUgL0ZvbnREZXNj
cmlwdG9yCiAgIC9Gb250TmFtZSAvVFZDV1VBK0RlamFWdVNlcmlmCiAgIC9Gb250RmFtaWx5IChE
ZWphVnUgU2VyaWYpCiAgIC9GbGFncyAzMgogICAvRm9udEJCb3ggWyAtNzY5IC0zNDYgMjEwNSAx
MTA5IF0KICAgL0l0YWxpY0FuZ2xlIDAKICAgL0FzY2VudCA5MjgKICAgL0Rlc2NlbnQgLTIzNQog
ICAvQ2FwSGVpZ2h0IDExMDkKICAgL1N0ZW1WIDgwCiAgIC9TdGVtSCA4MAogICAvRm9udEZpbGUy
IDI0IDAgUgo+PgplbmRvYmoKOSAwIG9iago8PCAvVHlwZSAvRm9udAogICAvU3VidHlwZSAvVHJ1
ZVR5cGUKICAgL0Jhc2VGb250IC9UVkNXVUErRGVqYVZ1U2VyaWYKICAgL0ZpcnN0Q2hhciAzMgog
ICAvTGFzdENoYXIgMTE3CiAgIC9Gb250RGVzY3JpcHRvciAyOCAwIFIKICAgL0VuY29kaW5nIC9X
aW5BbnNpRW5jb2RpbmcKICAgL1dpZHRocyBbIDMxNyAwIDAgMCAwIDAgMCAwIDAgMCAwIDgzNyAw
IDMzNyAzMTcgMCA2MzYgNjM2IDYzNiA2MzYgNjM2IDYzNiA2MzYgNjM2IDYzNiA2MzYgMzM2IDAg
MCAwIDAgMCAxMDAwIDcyMiAwIDAgMCAwIDAgMCAwIDAgNDAwIDAgMCAwIDAgMCAwIDAgMCAwIDAg
ODQyIDcyMiAwIDAgMCAwIDAgMCAwIDAgMCAwIDU5NiA2NDAgNTYwIDY0MCA1OTEgMCA2NDAgMCAz
MTkgMzEwIDAgMzE5IDk0OCA2NDQgNjAyIDY0MCAwIDQ3OCA1MTMgNDAxIDY0NCBdCiAgICAvVG9V
bmljb2RlIDI2IDAgUgo+PgplbmRvYmoKMSAwIG9iago8PCAvVHlwZSAvUGFnZXMKICAgL0tpZHMg
WyAyIDAgUiBdCiAgIC9Db3VudCAxCj4+CmVuZG9iagoyOSAwIG9iago8PCAvVHlwZSAvT3V0bGlu
ZXMKICAgL0ZpcnN0IDE4IDAgUgogICAvTGFzdCAxOCAwIFIKICAgL0NvdW50IC0xCj4+CmVuZG9i
agoxOCAwIG9iago8PCAvVGl0bGUgKERFVEFMTEVTIERFIExBIFJFU0VSVkFDSU9OKQogICAvUGFy
ZW50IDI5IDAgUgogICAvRiAwCiAgIC9EZXN0IFsyIDAgUiAvWFlaIDc1IDc2MyAwXQo+PgplbmRv
YmoKMzAgMCBvYmoKPDwgL1Byb2R1Y2VyIChjYWlybyAxLjE1LjEwIChodHRwOi8vY2Fpcm9ncmFw
aGljcy5vcmcpKQogICAvVGl0bGUgKFJlc2VydmFjaW9uKQogICAvQXV0aG9yICgpCiAgIC9LZXl3
b3JkcyAoKQogICAvQ3JlYXRpb25EYXRlIChEOjIwMjEwMTI4MjAyNDU1WikKPj4KZW5kb2JqCjMx
IDAgb2JqCjw8IC9UeXBlIC9DYXRhbG9nCiAgIC9QYWdlcyAxIDAgUgogICAvT3V0bGluZXMgMjkg
MCBSCj4+CmVuZG9iagp4cmVmCjAgMzIKMDAwMDAwMDAwMCA2NTUzNSBmIAowMDAwMDU5NDc1IDAw
MDAwIG4gCjAwMDAwMDE0NTMgMDAwMDAgbiAKMDAwMDAwMDAxNSAwMDAwMCBuIAowMDAwMDAwMDE1
IDAwMDAwIG4gCjAwMDAwMDA3MjMgMDAwMDAgbiAKMDAwMDAwMDAxNSAwMDAwMCBuIAowMDAwMDAw
NzAxIDAwMDAwIG4gCjAwMDAwNTA0OTQgMDAwMDAgbiAKMDAwMDA1OTAxMyAwMDAwMCBuIAowMDAw
MDAxNzIwIDAwMDAwIG4gCjAwMDAwMDA5MTMgMDAwMDAgbiAKMDAwMDAwMTE3MCAwMDAwMCBuIAow
MDAwMDAxNDE3IDAwMDAwIG4gCjAwMDAwMDIxNzkgMDAwMDAgbiAKMDAwMDAwMjE1NiAwMDAwMCBu
IAowMDAwMDAyMjgyIDAwMDAwIG4gCjAwMDAwNDMwMTggMDAwMDAgbiAKMDAwMDA1OTYyNCAwMDAw
MCBuIAowMDAwMDQzMDQzIDAwMDAwIG4gCjAwMDAwNDk3MTEgMDAwMDAgbiAKMDAwMDA0OTczNSAw
MDAwMCBuIAowMDAwMDUwMTkzIDAwMDAwIG4gCjAwMDAwNTAyMTYgMDAwMDAgbiAKMDAwMDA1MDk1
NyAwMDAwMCBuIAowMDAwMDU4MjE5IDAwMDAwIG4gCjAwMDAwNTgyNDMgMDAwMDAgbiAKMDAwMDA1
ODcxNyAwMDAwMCBuIAowMDAwMDU4NzQwIDAwMDAwIG4gCjAwMDAwNTk1NDAgMDAwMDAgbiAKMDAw
MDA1OTczOSAwMDAwMCBuIAowMDAwMDU5OTA1IDAwMDAwIG4gCnRyYWlsZXIKPDwgL1NpemUgMzIK
ICAgL1Jvb3QgMzEgMCBSCiAgIC9JbmZvIDMwIDAgUgo+PgpzdGFydHhyZWYKNTk5NzgKJSVFT0YK

--===============6709809474541496362==--

-------------------------------------------------------------------------------
