Content-Type: multipart/mixed; boundary="===============8586019609640459618=="
MIME-Version: 1.0
Subject: =?utf-8?q?Hotel_Real_-_Confirmaci=C3=B3n_de_Reservaci=C3=B3n?=
From: reservaenrealnicaragua@gmail.com
To: justo@becerra.com
Date: Tue, 02 Feb 2021 13:22:43 -0000
Message-ID: <161227216392.25612.1373409513121434471@localhost>

--===============8586019609640459618==
Content-Type: text/html; charset="utf-8"
MIME-Version: 1.0
Content-Transfer-Encoding: 7bit

Pronto nos pondremos en contacto con usted. recibimos su solicitud para RealNicaragua
--===============8586019609640459618==
Content-Type: application/pdf
MIME-Version: 1.0
Content-Transfer-Encoding: base64
Content-Disposition: attachment;
 filename="justo@becerra.com_1234567_2021-02-02 13:22:41.495672.pdf"

JVBERi0xLjUKJbXtrvsKNiAwIG9iago8PCAvTGVuZ3RoIDcgMCBSCiAgIC9GaWx0ZXIgL0ZsYXRl
RGVjb2RlCj4+CnN0cmVhbQp4nJ1U23KbMBB911fsI54Osi4IQSeTKbFpJx2naWLal0weFCw7JAZs
IG0+vwsmtyZ268AAGqQ95+yudDgwvF2Or8DjkOZkTVj3r1rA0DBY1OQoIcLbrMOvZpQppgMOnDEa
+FLgMMnJcO4ylwGO5+TCGcfJQCknmkziKYxjmERwHk/j84FUzs+BDpxodHz6bXCZfCVc9BoEIBZl
MmS+AO4HVDDN5AM4fwB3YJDcvKBzBaeScyUkKqRK+NLXkMyIE0FR5leVhZntY3agtBKoJ7yAqTb4
wvk+ENoxtVmVVWM7qXsBOHFusuV7eW1Vl4Wpt9ByTpkvPa0Bu8GUkjLYcIoOfboyBRwcwDBKmzuz
TOx9AwdzO58zZtghHB7C0XjUQ8UnOFr1dK9L+8TUqpRMynCj8nPbX5teGywuxEVTmZnZWy0TuFS4
DLdX8JF772SfmmX2fnLh70fuRLYql1lhzdu93Ur4o8gaO4Moq9roehefwEg/kH4Xd3pV2+qXSbPy
KWorp8uo0n6AR6ENLZuq3J2Xrx/3a7SwRWNhfWehsh3lngmOru/SWxiZullacDe7K9nYCQ1le7Wu
gnby7MiLUFPPCwUPQSpMG41FqFdHPr1Z5TwM5KdFe6ZoWuZvgZ9/wbHfXhp+49RXfG7IxWWrE2aE
MziBNfCOe/NGv+sFILvEL4ccPNmayOOPJUzh7MkUX8rv1vJQoU3tkO/+Vyk86WPvvH+U4oOSKmCh
FqG3pQavUuyBn6WohKAhNvBljmsyNBwdH4b3WKtxSc7IcJIVt52VnIyOxwjXe0frGn/N8edzZ+QP
YUZsygplbmRzdHJlYW0KZW5kb2JqCjcgMCBvYmoKICAgNjE0CmVuZG9iago1IDAgb2JqCjw8CiAg
IC9FeHRHU3RhdGUgPDwKICAgICAgL2EwIDw8IC9DQSAxIC9jYSAxID4+CiAgICAgIC9hMSA8PCAv
Q0EgMC43IC9jYSAwLjcgPj4KICAgPj4KICAgL1hPYmplY3QgPDwgL3gxMCAxMCAwIFIgPj4KICAg
L0ZvbnQgPDwKICAgICAgL2YtMC0wIDggMCBSCiAgICAgIC9mLTEtMCA5IDAgUgogICA+Pgo+Pgpl
bmRvYmoKMTEgMCBvYmoKPDwgL1R5cGUgL0Fubm90CiAgIC9TdWJ0eXBlIC9MaW5rCiAgIC9TdHJ1
Y3RQYXJlbnQgMAogICAvUXVhZFBvaW50cyBbIDI5NyA1MDAgNDMyIDUwMCA0MzIgNDg2IDI5NyA0
ODYgXQogICAvUmVjdCBbIDI5NyA0ODYgNDMyIDUwMCBdCiAgIC9BIDw8CiAgICAgIC9UeXBlIC9B
Y3Rpb24KICAgICAgL1MgL1VSSQogICAgICAvVVJJIChtYWlsdG86Y2pwbTE5ODNAZ21haWwuY29t
KQogICA+PgogICAvQlMgPDwgL1cgMCA+Pj4+CmVuZG9iagoxMiAwIG9iago8PCAvVHlwZSAvQW5u
b3QKICAgL1N1YnR5cGUgL0xpbmsKICAgL1N0cnVjdFBhcmVudCAxCiAgIC9RdWFkUG9pbnRzIFsg
NDM3IDUwMCA1MjMgNTAwIDUyMyA0ODYgNDM3IDQ4NiBdCiAgIC9SZWN0IFsgNDM3IDQ4NiA1MjMg
NTAwIF0KICAgL0EgPDwKICAgICAgL1R5cGUgL0FjdGlvbgogICAgICAvUyAvVVJJCiAgICAgIC9V
UkkgKHRlbDorNTM1ODA5NzI5NCkKICAgPj4KICAgL0JTIDw8IC9XIDAgPj4+PgplbmRvYmoKMTMg
MCBvYmoKWwogIDMgMCBSCiAgNCAwIFIKXQplbmRvYmoKMiAwIG9iago8PCAvVHlwZSAvUGFnZSAl
IDEKICAgL1BhcmVudCAxIDAgUgogICAvTWVkaWFCb3ggWyAwIDAgNTk1IDg0MSBdCiAgIC9Db250
ZW50cyA2IDAgUgogICAvR3JvdXAgPDwKICAgICAgL1R5cGUgL0dyb3VwCiAgICAgIC9TIC9UcmFu
c3BhcmVuY3kKICAgICAgL0kgdHJ1ZQogICAgICAvQ1MgL0RldmljZVJHQgogICA+PgogICAvUmVz
b3VyY2VzIDUgMCBSCiAgIC9TdHJ1Y3RQYXJlbnRzIDIKICAgL0Fubm90cyBbIDExIDAgUiAxMiAw
IFIgXQo+PgplbmRvYmoKMTAgMCBvYmoKPDwgL0xlbmd0aCAxNSAwIFIKICAgL0ZpbHRlciAvRmxh
dGVEZWNvZGUKICAgL1R5cGUgL1hPYmplY3QKICAgL1N1YnR5cGUgL0Zvcm0KICAgL0JCb3ggWyAw
IDAgNTk1IDg0MSBdCiAgIC9Hcm91cCA8PAogICAgICAvVHlwZSAvR3JvdXAKICAgICAgL1MgL1Ry
YW5zcGFyZW5jeQogICAgICAvSSB0cnVlCiAgICAgIC9DUyAvRGV2aWNlUkdCCiAgID4+CiAgIC9S
ZXNvdXJjZXMgMTQgMCBSCj4+CnN0cmVhbQp4nEWQwRLCIAxE73zF/oBpCJDA3R/oybPTcbxUnerF
z5dWSienfSy7gcWNWJyowYtABdHwvuGC5wpJQoYPTJ4THuhEEhVNEGNKJa5XSXnVkWw7/+sJQaoj
FNfRXFEkPTxBMnEoPbPr1jodRJmMzW0ZO4qUY+6ZmknY9taup2OzRuZ9d9dRf1zLPPRWW0PWT1lc
lRlc5xQTabOZldSSUvCC6eGGK+P+wfD1ivPLjXV+S5xIMwplbmRzdHJlYW0KZW5kb2JqCjE1IDAg
b2JqCiAgIDE3OQplbmRvYmoKMTQgMCBvYmoKPDwKICAgL0V4dEdTdGF0ZSA8PAogICAgICAvYTAg
PDwgL0NBIDEgL2NhIDEgPj4KICAgPj4KICAgL1hPYmplY3QgPDwgL3gxNiAxNiAwIFIgPj4KPj4K
ZW5kb2JqCjE2IDAgb2JqCjw8IC9MZW5ndGggMTcgMCBSCiAgIC9UeXBlIC9YT2JqZWN0CiAgIC9T
dWJ0eXBlIC9JbWFnZQogICAvV2lkdGggODAwCiAgIC9IZWlnaHQgNjAwCiAgIC9Db2xvclNwYWNl
IC9EZXZpY2VSR0IKICAgL0ludGVycG9sYXRlIHRydWUKICAgL0JpdHNQZXJDb21wb25lbnQgOAog
ICAvRmlsdGVyIC9EQ1REZWNvZGUKPj4Kc3RyZWFtCv/Y/+AAEEpGSUYAAQEAAEgASAAA/+EAjEV4
aWYAAE1NACoAAAAIAAUBEgADAAAAAQABAAABGgAFAAAAAQAAAEoBGwAFAAAAAQAAAFIBKAADAAAA
AQACAACHaQAEAAAAAQAAAFoAAAAAAAAASAAAAAEAAABIAAAAAQADoAEAAwAAAAEAAQAAoAIABAAA
AAEAAAMgoAMABAAAAAEAAAJYAAAAAP/tADhQaG90b3Nob3AgMy4wADhCSU0EBAAAAAAAADhCSU0E
JQAAAAAAENQdjNmPALIE6YAJmOz4Qn7/wAARCAJYAyADASIAAhEBAxEB/8QAHwAAAQUBAQEBAQEA
AAAAAAAAAAECAwQFBgcICQoL/8QAtRAAAgEDAwIEAwUFBAQAAAF9AQIDAAQRBRIhMUEGE1FhByJx
FDKBkaEII0KxwRVS0fAkM2JyggkKFhcYGRolJicoKSo0NTY3ODk6Q0RFRkdISUpTVFVWV1hZWmNk
ZWZnaGlqc3R1dnd4eXqDhIWGh4iJipKTlJWWl5iZmqKjpKWmp6ipqrKztLW2t7i5usLDxMXGx8jJ
ytLT1NXW19jZ2uHi4+Tl5ufo6erx8vP09fb3+Pn6/8QAHwEAAwEBAQEBAQEBAQAAAAAAAAECAwQF
BgcICQoL/8QAtREAAgECBAQDBAcFBAQAAQJ3AAECAxEEBSExBhJBUQdhcRMiMoEIFEKRobHBCSMz
UvAVYnLRChYkNOEl8RcYGRomJygpKjU2Nzg5OkNERUZHSElKU1RVVldYWVpjZGVmZ2hpanN0dXZ3
eHl6goOEhYaHiImKkpOUlZaXmJmaoqOkpaanqKmqsrO0tba3uLm6wsPExcbHyMnK0tPU1dbX2Nna
4uPk5ebn6Onq8vP09fb3+Pn6/9sAQwAIBgYHBgUIBwcHCQkICgwUDQwLCwwZEhMPFB0aHx4dGhwc
ICQuJyAiLCMcHCg3KSwwMTQ0NB8nOT04MjwuMzQy/9sAQwEJCQkMCwwYDQ0YMiEcITIyMjIyMjIy
MjIyMjIyMjIyMjIyMjIyMjIyMjIyMjIyMjIyMjIyMjIyMjIyMjIyMjIy/90ABAAy/9oADAMBAAIR
AxEAPwD3+kNLUckixozuQqqMkk9KAH8UuaxJfEmkoT/xMrXj/pqKqyeK9JXpqNsf+2gp8rA6TOaK
5j/hLNL/AOghbf8AfwUf8Jbpf/QQtv8Av4KfKwOnormP+Eu0r/oIW3/fwUf8JbpX/QRtv+/go5WB
09Fcz/wlulf9BG2/7+Cq15450axtzPNfRlB/cO40ckmK6R19Fedj4teGSM/a5f8Av0aP+Fs+Gv8A
n7k/79mrVGQudHolFeef8LZ8Nf8AP3J/37NH/C2PDf8Az9yf9+zR7Gr2DnR6HRXnv/C2PDef+PuT
/v2aX/ha3hv/AJ+5P+/Zpewq9g50eg0V5/8A8LV8Of8AP3J/3waP+FqeHD/y9v8A98Gj2FXsHOj0
CiuA/wCFp+Hf+ft/++DR/wALT8O/8/b/APfBo9hUDnR39FcB/wALT8O/8/b/APfBo/4Wl4e/5+3/
AO+DT+r1A50d/RXAf8LS8O/8/b/98Gj/AIWl4d/5+3/74NH1eoHOjv6M1wP/AAtHw9/z9v8A98Gk
PxS8Oj/l7f8A74NHsKgudHf5ozXn/wDwtPw7/wA/Un/fBpf+Fp+Hf+fqT/vg0vYVOw+eJ3+aM15/
/wALT8O/8/Un/fs0f8LU8Oj/AJepP+/ZqvYVOzDniegUV5//AMLV8O/8/Uv/AH7NJ/wtbw7/AM/U
v/fs0fV6n8oe0ieg0ZNeff8AC1fDn/P1L/37NH/C1fDv/PzL/wB+zS9hU/lF7SJ6DmjNeff8LW8N
/wDPzL/37NJ/wtbw5/z8y/8Afs0ewq/yh7SJ6Fk0ZNee/wDC1vDn/PzL/wB+zS/8LW8Of8/Uv/fs
0ewqdg9pE9BzRmvPf+FreHP+fqX/AL9mj/ha/hz/AJ+pf+/Zo9hU/lH7SJ6FmjNeff8AC1vDn/P1
L/37NH/C1vDn/P1L/wB+zR7Cp/KHtInoOaM159/wtbw5/wA/Un/fs0f8LV8Of8/Uv/fs0ewqfyh7
SJ6DmjNeff8AC1fDv/P1J/37NL/wtPw7/wA/Uv8A37NHsKn8rD2kT0DNGa8//wCFp+Hj0uZf+/Zp
4+J+gH/lvN+ERo9hV/lYvaRO9zRmuDHxN0I9JZ/+/Rpf+Fl6Gf8Alrcf9+jT+r1f5WL2sDus0ZFc
L/wsvRP+elx/36NH/Cy9D/56XH/fo0fV6v8AKx+1gd1kUZrhP+FmaF/z0uP+/JpP+FnaEP8Alpcf
9+TR9Xq/ysPawO8zS5rgT8T9B/56XH/fk0n/AAtLQP8Anrcf9+Wo+r1f5WL2sDv80Zrz/wD4Wl4f
z/rrj/vy1J/wtTw/n/W3H/flqPq9X+Vh7WB6DmjNeff8LU8P/wDPa4/78tR/wtTw/wD89rj/AL8t
R9Xq/wArH7SB6DmjNeff8LU8P/8APa4/78tR/wALV8P/APPW4/78tR9Xqfyh7SB6DRXn3/C1PD//
AD2uP+/LUf8AC1PD/wDz2uP+/LUfV6v8oe0geg0V5/8A8LT8P/8APa4/78tR/wALT8P/APPa4/78
tR9Xq/yh7SB6BRXn3/C1PD//AD1uP+/LUf8AC1NA/wCetx/35aj6vU/lD2kO56DRXn//AAtTw/8A
89rj/vy1H/C09A7S3H/flqPq9X+UPaQ7noFJmuB/4WjoP/PW4/78ml/4WfoX/PS4/wC/Jo+r1f5Q
9pA73NGa4MfE7Qj/AMtLj/vyad/wszQv+etx/wB+TR9Xq/yh7WB3eaM1wn/CzNC/563H/fk0n/Cz
dC/563H/AH5NH1er/Kw9rA7zNJmuD/4WdoX/AD1uP+/Jo/4WfoP/AD1uP+/Jo9hV/lYe1gd5mjNc
F/ws/Qf+etx/35NH/C0NB/563H/fk0ewq/ysPawO+orgP+Fo6B/z2uP+/Jo/4WloH/PW4/78mj2F
X+UPaQO/orz/AP4WnoH/AD1uP+/LUf8AC0/D/wDz2uP+/LUewq/yh7SB6BRXnx+Kvh8f8tbj/vw1
J/wtbw9/z2uf+/DUewq/yh7WB6FRXnv/AAtfw7/z2uf+/DUf8LY8O/8APa5/78NS9jV/lD2kT0Ki
vPP+Fs+HP+e1z/34ak/4Wz4c/wCe1z/34aj2NX+UPaRPRKK87/4W14b/AOe1z/34aj/hbXhv/nvc
/wDgO1Hsav8AKHtIdz0SivOz8W/Df/Pe5/8AAdqT/hbfhv8A57XP/gO1Hsav8oe0h3PRaSvO/wDh
bfhv/ntc/wDgO1H/AAtzw1/z2uf/AAHaj2NTrEPaQ7nonFHevO/+FueGv+e1z/4DtVvTvidoGp6h
DZW0s5mlJChoWUcDPU0nRmtWgVSLO6paqRXSyDKnIqyrZFZln//Q9/7VkeJH2eHtQ5x+4f8AlWvW
H4pOPD2of9cH/lTW4HxlcTzm6uP384xK3/LQ+p96i86b/nvN/wB/D/jROf8ASbj/AK6t/M1HmuyN
uXYVyTzpv+e83/fw/wCNHnTf895v+/h/xqOiq07CJPOl/wCe03/fw/40edL/AM95v+/h/wAajoos
uwEnmy/89pT7eYf8aDLIw2vM7D+6XYj+dNzxSU0kAc9mP5mjn+9+pooqhWQvP979TSZbPX9TRRTs
FkBLZ6/qaXLf3j+ZpKKQWQuX/vH/AL6NG5/7x/76NFFF2FkG5vU/99Gjc3qf++jSYop87DlQ4O3q
f++jS+Y395v++jTKWqU2HKh4c/3j/wB9Gjef7x/76NMzRmnzsXKiQO394/8AfRpfMb+8f++jUWaM
0/aByom3t/eP/fRpRKR/Ef8Avo1Buo31SqtCcUWRKT3/APHjTw59f1NVQ1LvNaKtITgXA3+1+po5
/vfqarrIRT/MrVVWyOUlGezfqaduYd/1NRBqcGNXzMlofu9/1NGfQ/qab1pcU7sVhcn1/U0c+v6m
kp2KLsWg059f1NHPr+ppSKMUXY7ob83r+ppDn1/U08ikxRdhcbk/3v1NBJ/vfqadijFHMx6CDP8A
e/U1MoP979TUQFTR8UrsHYswg8f4mtKEdP8AGqER6VoQnGKpNmci9Dj0/WrAAA61VRqlD8Vab7mL
JsimFgKj30wvTuwSJGemb6jLZpuaV2OxIXphfJ6U0mkzRzMB2R6U0kZ6UhoouwF49KPwoApR1pXY
CYHpRgelO70oXNF2Mbj2ox7U4g9Kcqmi7JGAD0pdvtUojzTtlF2BAEyelO8r2qwqACgsBRdgQrD7
VKIV7ilEtNMtLmYx+xAOlLhR6VCZaiMpo5mFi0XUdBSeaBVTzTTGkzRzsVi55wqNpRVXfSb6XMyr
FgzUzzf85qAtSFqXMwsWPN/zmkMtVt1G6jmY7E5l9qTzfaoN1BalzMdicy+1NMnt+tQ7qTNHMwsS
l/wpN/vURNGaOZhYkEh9qTzPpUWaKnmZRJ5nPagt9KZRRzMQpb6UmfpSGko5mA4sPakz9KbmijmY
x2R7UmaSik5MBcitTwzP9n8S2Uw6qx/lWTmrWnPs1CFh1BrOq/3cvRjj8SPo3RtTNxGPTFdXbvvU
EeleX+FZ2aMc16XYnMSk+leCdx//0ff6w/FP/Ivah/1wb+VbdYnigbtAvx/0wb+VK9mFrnxZP/x9
3A/6at/M0zFT3ULLczsAf9a/b/aNVq6oTuglBxF6UuaSiruSGaUc0lFO4DqM03NLTTAUUUlGaq4h
RQaBRTuAUuKSlqkwCiiincAoxRS07BcTFFLSUuUVxD1oFLS0uUY2loxzS4osA2inYoxSsO4gpc0n
elqrBcMmlBNNoqk2hMlDkU4OTUIpQcVpGpYm1y0pz3p+aqbsU8SE1tGpclxLGadmoVapAa0UjNxH
5o4pBSjFUTYUim4p2aWgBuKMU7FJtp2C4gqVRmmAYqRaVgbLMfarsZxiqMZ6VcQ9KpEMuoak7VAh
4qQGqRDQu40hz60h60maBC5xSdaDRSATFFOAyaXbzQA2gCnbKcqUANC0oHNTBeKAAKAI9tPVadxR
mkAbB60oAphbmmlqOYRLkUjOAKh3801mqXIaJjJx1phlqAtSFqVx2Ji9Rs9MJ4phNK47EhbPemlq
jzS5ouFhdxoJpmaUmlcdgzSUlGaLjDNJSZ5pM0XAWikNJmlcB2KQikzQTRcBcUYpuaM0XAXFJRmk
JpXAWim5oJpDFzRmm5ozRcB1H40wmjNK47C5opuaKdxDqTNFFK4C1PZf8fsX1qCp7L/j9i+tRUfu
P0Kj8SPZvCP+rFeoWH+qUe1eX+Ef9WK9QsP9Wv0rw2dp/9L32sXxN/yAL7/rg38q2qxvE3/IBvv+
uDfyoexUPiR8ez/6+b/ro38zVWa2BGUq3OP9ImH/AE0b+ZqM1zRnys9ydHnSMwgqcMKM+laDxLIO
RzVKWF42zjiu6nVUkeTXwzg/dI6UUnFKK3Vmcr0Ciiii9gunsKKKSjNHMAtGaTNLVJisLmikxRmq
uAo606m5pc00wDvTh0popc1SYC0lL2pKtAFFFAoEKKMUdKM07AGKKKKLAHFBxRQaLAJS0lGaVgFo
pM0ZovYBO9PBxTaWjmaGPDVIr1DmlBrWMyWrlkPTwarBsVKr1upIzcSYGnDmog1PDVaJcR9LigGg
HNWmS0AFSKtIBUgFMlkkY5q3HVaMc1aTNBLLCdKeCaainFShCaZLY3GaNtSbD2pwjNIVyILS7KlC
GnBKAuRBOacE5qTbRigLibaUcUE03vRcQ4tTSaaTSGpbBAWpC/FNJpO1TcYbqaWpM0maCgJ5ppPN
KTSZpMBGPFNzTj0pppAGaTNFJikMM0E0YpKAEzRmgikoAdTaWkoGIaSlNGKAEpDS0hoASiijrSGG
aTNLikxSACaTNIaKADNBNGKQikMM0ZoxRigANJS4oxSASlFGKCMUwCiilxQAVPZf8fkX1qCp7L/j
8i+tRU+B+g4/Ej2bwj/qxXqFh/q1+leX+Ef9WK9QsP8AVr9K8Nnaf//T9+rF8TDOhX3/AFwf+Vbd
YniXnQ73/ri38qT2Kh8SPkKZP9Im/wCujfzNRlKvTR5nlOP+WjfzNRmL2rh5rs+s9g7IqbKaV3fK
3NW/L9qaY+elNTsZuh3M2e0zyn5VVIK8EYrZKc9KhmtVdTx81ddKvZ2Z5mIwLtdGXRUz27w8NyKi
ALdK74uMldHkzpyg7NCUUvPcUUWZKV9hKWjFGKACijFFVcTFoooouAoopM0uapMQvaik70tWpAFF
FFUmAopaQdaWrELRikFLTsAYpCKdQaLANxRilpcUWAbijFKRRilYBMUlOxRiiwDaBTsUYosAlOBp
tFNMCYNUitUANLuraMhOJbBzTgaro9SqwraLuZSViwtSCoVNSqatMyZZj61ajGTVWIDNXYhzVEMs
IpxVhENNiHNWVWnYzY0JTwnFSKtP20hXK/l0bcdan2UhSkFyAqMU2p9lNZKAuV2603vVjZTGXnpS
GQN1ppqbYc9KGT2qWhornrSVNs9qaye1KwyuetFSlfam49qCiI0lSkU0ilYBhppp+KTFKwDKDT8U
0ilYY2kp2DSZosAmKMUtFADaDTsUUDIzRTzSYoAaaaaeabQAhpBTiKSkMSkNLSUMBDSU6jFIBtBp
aKBjaKdRSsA2inUUWATvS0uKAKdhXExS4pcUYosFxMVNZ/8AH5F9aixU1mP9Mi+tRUXuP0Ki/eR7
J4R/1Yr1Cw/1a/SvL/CP+rFeoWH+rX6V4TO0/9T37tWN4j/5Al7/ANcW/lWyax/Ef/IEvf8Ark38
qUvhNKXxo+WZIx5sv/XRv5mojDU8jfvpf+ujfzNJmvMe5+hxgnFFZoSDUbRH0q/x3oKg0iHRTM0x
47Uzy60jFntTDBVJsylh7ozmhDDBGaz7ixZTujrdaGo/LwOfyraGIlBnn18vjUWxzTKVPzUm3vW5
cWCTDKjDVly27xHDqfY169CvGotT5vE4CpRehWxRin7aXbXU6Zw3I8UYp+KMVHIMZRTiKMUuQBuK
KdijFJxEJmjNLSUbALSim06qTAMU7imUuatMBaM0UVaYC5pabTqpAIOTTqQdaWrEFJS0tFgExSU6
kAosAlHNOxR1osA00mKdjFFS4gNwaUZFLg+tJjFGwDgxFPQ1FTgcVpGQmi0jGp1YVRBNWIm45rdM
zlE0Imq9A3NZsTcdauxHpVpmEkacbirKyVnISKmEhwKdzNo0Q4p4cGs7zsCni44pk2NEEGl4NUFu
uKcLn3oCxd2igoDVX7R704Tj1oEWPL4pvlc0wTj1pwmX1osAGIelNaLPapBID3FL5g9qLAQ+Tx0p
jQ+1WwwIo4NKwXKBgOelMMPtWltBpDCCOtFh3Mww0wxe1aZgFJ9mFFguZbRcUzyq1Taimm1FS4ju
Zflmm+XzWr9lpptKOUfMZnl0hjrTNrTTa+1LlDmM0pSbK0Ta8dKYbajlC5QKUmyrptzTTBipsO5S
KUhU1aaE00xUWGmVyvFNxU5j5ppSiwXIKSptlN2VI7kdB4qTZSFKLBcjxmjFP20baLBcixRipdvt
Rt9qLDIsUYqXb7UbaLARgcdKXHtT8UYosAzFLinY9qMU7ANxRgU7FG2iwDcVNaD/AEuL61HiprUf
6VH9azqr3JejKh8SPYPCP+rFeoWH+rX6V5d4R/1Qr1HT/wDVr9K8Bncf/9X341j+Iv8AkCXv/XJv
5Vs1i+Iz/wASS9/64t/KlL4TSl8aPllz++m/66N/M0Bqjd/30vvI38zQGrzHufoEKi5UTA07OKiB
9KfnNI1TTJAaXg9ajDc08GncvQUqDTTGvpT80oI9KdriaXUgaAH2NQS2iuuHHB71fGCelKUFVGTj
sZ1MPTqLU5m5014SWUbkqkUwa7ExjGMcVn3WlRzZaMEN9eK9fCY9fDU3Pm8dkurnTOc280hWrktq
8LEMp4qBkK9a9iKjNXPmZp05cskRFaTbUxWm4pSpEpp7EW3mgjmpdtJtqHSHcixRipMUm2odILjM
UYp2KTFQ6Y7iUUuKTmp5Wh3A0CiijUQuaUU3vSiqUgHUuabmlrSMhWHA0U3NKDWnMA7FAFJuNKDV
J3AWkpaMCqshDTRilopWASkNOxRik0A3FL3pcUlKwDhUqMaiBp6k007Ca0LsLc1fhas2I4q9Ca3i
zCaNBG4p4aoENSA1ojJokzRmm5ozQIcTSgmm5pCTQIl3HFAciosmjJphYm80inecar5NG40BYtC4
OKVbk5qpuNKCaAsXhdYpwu6z9xoyaA5TRF57077XnvWZuNG40XFymqLoetOF2PWsnefWnbzjrRcO
U1xcrSi4Q1kBznrThIR3ouKxr+ctKJFNZHnGnic4607isau5DS/KayxOfWpVuSKVwsXtq9KaY1qu
txzTvPFAWJDCKjMAp4mzTt4NFhXKzQc8VE1vxV7IppANK1xpmcYDUZgOa09gNNMQ9KOUdzM8kim+
Qa0jDntSeT7VPKVczDDSeSa0zD7Uhg9qOULmb5RFHle1aPkZ7UfZ6OULmd5XtR5VaHk+1J5Ge1Ll
C5nmKm+Ua0DDz0pDCPejlHcoeVR5dXWhphiNHKFyrs4puyrXlGkMWKVh3K+ymleasFDTShosFyHb
zUtqMXcf1oKU+2X/AElPrWdVfu5ejKg/eR614Q/1Ir1Gw/1a/SvLvCP+pFeo2H+rX6V88z0D/9b3
6sXxJxod9/1xb+VbPWsbxN/yAr7/AK4t/KlLYun8SPk6R/8ASJf+ujfzNKsg9arysRcS/wDXRv5m
mqxrznHU+whWdkXg/vUivVESVIstTY6I1y5u9DTg1VVcetSh/ekbxqlgNTwwqvu96cr0J2N1JMnD
c1IDkc1XD1IGq73KTHke9KM9KZnmnbqL63B6jZoI5lIZQDjrWTc6c0ZLKpYe1bYPFBKlcEV3YbGz
pb7Hm4zLKWIV0tTl2h5xjmomi56V0NzYrIodOvpVNNOu52IgtWf6V9Dh8ZSqx0Z8Vi8BWwsnzLQx
zHSbMVrnRNXBP/Eum/I/4U3+wdYP/MNmz+P+FbucO5yLmexkbaQgVsf8I5rjf8w2X9f8KafDWuf9
A2X9f8Kzc4dx6mORSEYrYPhrXP8AoHS/r/hTG8O62oydOl/X/CocqfcZlYppHNaT6Lq69dPm/I/4
VCdL1NethLj/AHT/AIVD5RlLFGKsmwvv+fKUf8ANIbO9H/LpL/3yam0QKxFIM1Y+yXn/AD6S/wDf
JprW10Bzay/98msmkMhpc0/7Pcf8+0n/AHyaaYZx1hk/75NJOwxAc04GmlJQP9U//fJoCv3if/vk
1SmIcKdmo/nH8DflS7j3VvyrRTQh+aUGmb8fwt+VHmqO5/KtFNMViTijio/OXsT+VL569yfyrRSQ
EnHakpolU+v5UvmL2J/Km2rAOxSUnmL/AHqN4PelZAOAp6imAg/xVIpH96iyC7Jo6vQ9qpx4OPmq
9H0HOa0iYyLUfWpgKjjHFSgGtUYsKKXBpOaCRaSjmloASik70tMAooopAFLSUZoAWikzRQAUc0UU
BYKM0UUALk0ZNJRQMdup2/io6KBEm6lD1GKXNAWJhJSiSoQaN1ArFkSmpBN71U30u+ncLFwT+9OE
2e9Ug9Kr0XFYvCUetO8z3qiHpwf3pXAuCUU7eDVISUvm1QrF3IoBFVRL704Se9AWLPBpce9VxJ70
qyc9aAsTkCk2+1M3jPWnbwe9AhfLFIYwe1G73pQfekA0w5qMw1Yz70hFAXKph9KYYjnpVvApCuaV
h3KRiOelRtHV8pTGizSaGmUNlOhX9+n1qy0eDimomJAcd6yqr93L0ZcH7yPTfCP+pFeo2H+rX6V5
d4Q/1KV6jp/+qWvnWekf/9f30dKxvE3/ACAr708hv5Vs1i+J/wDkAX3/AFwb+VJ7FU9JI+RpJF+0
TevmN/M0gwehqrMf9Kn5/wCWjfzNNDEdDXI46n0UK9kXipHvQBn2qqs7r71MLkH7wxUuJvGsmTAk
U9XqNZFbuKeRnpUNG8Zkok96lVxVTBpwYipcTaNVouh/SpFfis8Oe1SLKamzOiNUvhxTgwNU1kqQ
PRc1Uy2GGKcCMVWDU8E4p3NE3e6JweuK0dI1270S4WW3SKRQclJE3ZrKVqeprSFXl+EirThWVqiu
e5eGfGeka7EkctrDBP0IKjk11hhhC8W8J9D5Yr5iRnjkWSGRo3U5BU4rvPC/xIvNOdYNXkEkHRXJ
5/GuqFZS3Z81jska96lseutCgGfIhB9NgqLYv/PGH/v2KNN1Sy1W2We1lR1YZwDnFWtnUYrdS7M+
flTcHyyKLKP+eMP/AH7FMMakcwQ/9+xV3ywTUbR4NPmkTZGe9vE3W3h/79iq72Nsc5tov++BWqU9
qjZPahSl3DQxX0uxb/l0jP8AwGom0fTz1sk/Ktsxj0pjRD0NDlJdR2MCTRNOzxZpVeTRNOx/x5Ka
6FocnpUDQ/N0NLml3Cxz7aHpn/Piv51Xl0HSz/y4j866N4arvDzS55Ac03h/Ss82I/Oom0DSB/y4
j/vqujaHnpVeSHmjml3CxgHQNGPWw/8AHqb/AMI/ogP/ACD8/wDAjWy8VQNH9aOeXcLFFfD2gHrp
v/j5qVfDPhxv+YZ/4+akxtPJNSLIR3p+0n3CxF/wifhtv+YaR/20NKPBfht/+XDH/bQ1aWc+tWY5
uOTTVWfcLGX/AMID4bfpbEf8DNMb4b+HX/5Zlfo5reWXnqKmWXPTiq9tPuDRyrfC3w+/RmH/AAI/
41Xb4SaCw4uZR+P/ANeu3WQU/Puaarz7iscA3wf0MjIvZ/wqB/hHpCfdv5x+FeisBj/GoJVGO1XH
ETDlPOZPhrpsH3bxzj3qjP4StLbpOxr0K5U4OcVg3q8HFd9GpJ7nNUOMk02KHgMxqAxY6Cty5Tk9
aoMgzXow1Ryt6meU5ppXFXTGM0xovaqsK5UxRirDRimmM+lA7kBUUlTmM46U3y/agCLFJipdtNKn
NIYw0lPKmk2n0oAbRTsUnFABRRRQAUUUUAFFFFABRRiigAzS0lFAC0UnNHNAC5pTTRSmgBRS5ptF
ADs0uaZRQFiTdRmmZoyaLiH7qcGqLJoBNAEwf3pwcjvUGTS7qALHme9PWQ461Vz70oY0CLYk96eJ
PeqYY0u80xNFwSe9SB896ohz61IHNAWLWadmqquaf5nNAiekxUYf3pd1Fh6ikc0m0Zpd1GazrL93
L0ZVP40eieEP9Uleo2H+rWvLvCH+qSvUbD/VrXzT3PUP/9D37tWL4n/5AF9/1wb+VbXasXxP/wAg
C+/64N/Kk9iofEfHM3/HzP8A9dW/maZTpj/pU/8A11b+Zpua53uexH4UKDQTSUdaC0x/0zSh3Toa
Z0NOpWKjOROtzIO1Srcg/eFU6M1LRqq0kaAljY8Gnk/3azgTUiyMvepcTohXLwY04SEVVScHrUyl
X6Gs3E6YVCdZamWXI61UIIoDYOKVrHRGrYvLIKmD5FZ4fFTLJUtG0aly4p96fkYI+UZ6k96qrJ3q
QSAnpTUjVSurM1NJ1a90SZZLGVkwckbuteteGfiNp+qCO2vW8i66crjP414rvBFKD8wdeGHQ+law
q2OHFZbRrq63PqJSrLvXa69iGzSAA/Q14d4X8f3uiyrDdgzwHjJJ4FevaNr2n63aie0mHunfNdcK
ikfKYnAVMPLVXNF4xjiojH7VYBJ4PFBweR0rTTocKtcplMdqay+1XCgNRslAtepT8vvUbJnjFXdh
FNKZ60AZzRe1QtD7VpNHUbR8dKQGW0PtVeSD2rXMXtULw0DMaSDjpVZofatt4cjpVVocHpRYDGkg
9qrGMitmSGq0kApAZnK09ZSKneCoHjI6UAWEnqZZves3JWniUigDWSX3qwstZCT1aScUAaO+o3YG
oFmBoZxVxZLK1z0NYN33rbnfIOaxbogg16FB6nPUMO4HNUXUZq9cnmqLnmvXpvQ45bkRXmjZTqK0
RJEUBpDHUuBQRQBWKUhTipytJt4osFyvsphTmrWzjimFeeaVh3K5XFNK1OVOegprIO5ApWfQaZBt
yKQrUhIHGR+FN3p/tE/Sj1QXGbaMUuJnJ8uFm/Cnpa38g+W0aj3e47sixiira6RqspAWzap08La3
IeLZhn2qXUgt2UoyZm4pMe1ba+CNdkHMRUfSpk+HmuOOOPwqHWp/zIfJI578KPwrph8NdcPVwPwq
QfDLWj1mH5VP1ij/ADD9nI5TGe1GMV1o+GGsf89/0o/4VhrP/Pf9KPrFDuHs5HJUfhXWf8Kv1j/n
v+lMb4aayP8Alr+lH1ih3D2cjlvwpRx2rpW+G+tgff8A0qL/AIV5rg7/AKU/bU/5hckjn8+1L+Fb
beAtdXtn8KY3gjXl/wCWefwpqrB/aDkkY5z24pOa1G8Ja4n/ACwNRnw1ra9bY0e0h/MHJIz80A1c
Ohawv/LoajOkauvWzNUp+aCz7EGaMmpDp2qDraNTTZ6j/wA+jU+ZdxNeQ3NGTSm21D/n0ak8i+HW
1ejmj3FbyFyaMmk8m9/59X/Kjyb3/n0elePcLPsODGnZpghvf+fR6eLW/PS0c0049x2fYUGl3mk+
x6jnH2RhUi6dqjdLM0nKPcLPsIJDShyeamTRNYkPy2h/KrKeFdalPEO38KXtIfzIXs5FPzOOlKJP
WtaHwHrkxH8OfatOD4Y6rJjfcbfwqZYilHeQeym9jmRMi9aVZ42cKH5Pau5tvhRJkGe8NWtS+HVn
pOiXV95++SFNyj1rnrYqm4NJ9DWFCSabJvCH+qSvUtP/ANWteXeEBiJM+teo6f8A6ta8M7j/0ffq
xfE//IAvv+uDfyrZPasbxR/yAL7/AK4N/KlLYcd0fG8//H1P/wBdW/maYDmnzj/Sp/8Aro38zTAM
Vzvc9hbJC5pwpuKcKCri0DNApaVikgooooKCnZpveg9aLDHgn609XI5HFRg0ualouLaLSXB71Msi
v35qiKcrY6GoaOmFVou4NLnFV0lIHNTiRWFQ0dEZJokWQipFlqHAI4NJgik0bwm0XUkzUivzVAMR
UiOc8moaNY1Gi9vU/eycdKvaXq9/pM4ms7gqR/DnisgPUgcd6qMrGkowqK0ke4eFfiDbaukdveYi
uenzHrXcZ44II7HtXy4CSyyjKyJyrg9K73wp8RJ9NMdrqcxltiAvmMN3/wCquqnW7nz2Pyhr36Z7
OD68Up5qlZ39tf2yz2k6zRHoVbOKs7uK6k09j56SadpDygIqNo6eGp3Wgm6WhXMdNKVaKg1GVpAV
jGDUTxVbK01h7UwKDQ1XeH2rUZM9qiMXB4oAx3hz0FVngz/DW00Qx0qB4OOlIDFeEY6VUlh5rbkg
9qqSQHPSkMxXi9qj2AdK1ZIOOlVWhx2oAp4NSB6GUg9KaeOlAE6SU8y4qnvIpfNzTW4rD5pMg1jX
L9avTPjPNZVy+M16FDcwqIzbg81Sc81Ncyc1TduetetTempxTi7kmaMiotx9eKcGXHLYrdbE2Y8n
Bwadziq5nQHPzP8ASp7e01C7IFtaTMD/ALNJtLdiE7013ReCwrpdP8A63fgNJC8anqSMV1emfCmJ
cPePk+ma554ynDcuNGctjysyoDgct9amisr+5IEELEHpwTXvFl4J0azC/uI2I7soNbUVlY24Aito
RjphBmuWeZRXwo3jhn1PBbTwTrl6BmMoD3Kmte3+E+oTBTNcSDPUDivasjHyLt/Cgs395q5pZlUl
pHQ0WGSPM7X4RWcagzzOx7gtWrbfDXQ7cfPHux6muyZSeTuIqN12LvYfKKwlia8vtGsaKMGHwjod
ryllE31XmrSaRpcf3LGJffbRd61ZwttXOR2qF9RupIvNhh3Rj0rkeK1ac7tGvsraWLXkWicLaoPf
bS4gHIVB9Kp2uqxagDbSsY5egB4rH1yxvbD5kkdkJ7GuetiuSk6nxFKGvK0dC1zCp271Bp3mkrlH
yPbFcizJLYhg8rS+grU0KBhD5k0rrjoGNFPERqSSS0Y5U0nobHnSZPzNxTVvFJwJcGlJByy8qe9c
94ksTD5csErKzHGAa2qycIXWooxu7HR+fLjKuSPWkEsrDIc/pXLQ3d9p0EZmDywnuKhudRP2+EQT
PtkOSvpXPDFxaV9ypU2mdd5sv99qQyyjq7Vk6xJcWFvFcBjtb1pml6pNqD/d+UCtXXgqypPcnldr
9DZFxIf4jQZn7sRVSS/tYZPLaTLelMjvreRiDkD1rW8XpFpkuDXQvecw9TSeZ6hfyqFZYZAfLk3E
dhTsk9qfNF6RE0h+9D1jT8qCIj1iT8qbijNP5C0FMdt/zwj/ACpPJtT1to/yoooUh2iNNrZHrax/
lTRZafjm0j/75qSiq5pLqKy7EJ0/TT1soT9VqM6TpbHP2KH/AL5qyaKOeXcLLsVv7J0r/nxh/wC+
aP7K0r/nxh/75qzSYo559wsuxW/srS/+fGH/AL5p66dpo6WUI/4DU2KKOeXcLLsR/YtPB4tIvwWn
i3s16Wsf5UtFHNLuFl2HBbcD5YIx+FKHA6IB9KZSik9R2RIJ3GcEilNxKR99qioqbICTzXbqT+NZ
HidyfDGoZ6+Xx+daecVk+Jj/AMU1f/8AXP8ArTAwvCHMSZ9a9R0//VrXl3hD/VJ9a9R0/wD1a0Af
/9L32sXxR/yAL7/rg38q2qxfFH/IAvv+uDfyoew47o+O5h/pE3/XRv5mmFc1LL/x8T/9dG/maZ0r
mPcUboZgigA1IRmgLRcfINAxS9aUA07bU3KUWMxS4p2w0baVyuVjMUU7GKMZouKw2lzRtNJVMNh4
PrTuKjpQamw0yUHinq2KhBpwPNS0bRk0WVkOfaplfIqoG4p6Maho6IVC0RTckGmCTmpAwIqWbqVx
4finrJUXajJApWNFJllZKmRwc1RDmpFlJGCMVFrbG0ZtrVnSeHvE174euhJbs7RYIaIHg/hXsvhv
xhp3iO0DQyiO4Xho2PIr57jkxwSfwNWLS9ubKdZ7STyplOd3rW8KjRw4zAU8QrxVmfT4478HpTwa
818KfEqO8KWmqAJKBt34+8fWvRFlDxh0YFDyMV2wmmj5WvhZ4d2ki12oxUKvx1p4aqOYUrimMuak
B5peKYrkJHFMK5qwVzTClAyqYiTUbxmrjL6Uwqe4pAZ7x+1VpIa1WjzULRCgZjSQcdKqPAea3JIQ
aryQjFIDAkt+OlVHhIroJIAR0qnLbgDpQBhshFV3LKa2Jbfis2eHac5prcChLL1rLuHJB55q/dfL
msmUSynbGm5jXbSaW5hNN7FC5fD81nyXCgkDczdgtdRY+D77UW3SsY1NdhpXgPS7TbJcZlYV3fXI
QRh7GT3PLrSw1PUHCW9pIM92FdbpXw01O7YNdSRxoeoIOa9MggsbQAWtuEx681ZNw7AZ2j6CuaeY
ylokXHDW1bMHS/h7pVgim4ZXYdiK6i2tbGzUCCFMD2qqJMmn+aSeea4p1Zz3ZuoQXQ0hc7hhfl+l
KJCepNUBLzUiy+9Z69GXbsXg3PWn7uKorLzUnmHtTakldhctBu1P+XGC3NV0fJYfxY4rkb/UL+LV
ym4gdVWubEYh0YptX1KjHmdrna4IGeKYYwwIboa5yDxJJC/l3kWOPWtq11a1uk+VgKmljKFX3b6l
SpSWxR1bQ4rq3ZrcASCsnSdRfTpza3a4UHFdbHNE5IjYP61iahobahfF1bYlc+JwrU1WoL3vzKhU
suWRV8RJZLbi7t2Auc/Kq1Nbm5vdBc3EJ8wLwpq9BoNqjIZv3m3ua08AAKqgAdq3pUZqfNPZrYUp
2OE07Tb2GTeYsg9iKv3WlXd2VEZ8te4FdJeXS2aBio2HrTYLq2uotyHk1hToUKTdJy318x3lLVLQ
o2ls1paiF+WAxmqWp6TJqe0K+Atb/kkrnHSmmEDqOvvXoOKkrPYy15row7TTnt4Rb3OHQdM1m3Xh
hDcieFiMNnFdUYz9RTfLOCKylh6clZFOo9V3OZ1WxvbyBLccgVDo9pd6fG8LJ8x6NXVBCvbmmOu4
5I59aJYePtVUe4KpaPIcLLb3Npqvm3UbyITn5RXQx3FjcQhVideOela7Rq4IdQR9KrfYLVSSsbBj
1+as6WGdG7j1HKpczLCC1sp3lW4Az/Cxp0+t2qsViDM1OuvD6XLbllKH6ZpJdGih08pChab+9mtL
1VothJK5Ug8QrJciF0IYnvW0wCgPnr2rjYbO5tL5JJYiQDySa6yTUrSK3WV3AIHSsMHWqvmVV29S
qkFb3SfBxkkZ9KTDAZIx7Vyt9rs0lyrwDCk4rTGsNbQpJcnIPf0rWnjadSemwnSaNfnGePpRUNvc
w3sQlhYMD6VLkZxXRFqTvF3MwNFFJnNNagnd2Q7ikpKWgApKWkoAKKKKAF4optFADqKbRQAvFZXi
bH/CNX//AFz/AK1qVleJv+Rbvv8Arn/WgDD8If6pPrXqOn/6ta8u8If6pPrXqOn/AOrWgD//0/ff
SsbxR/yAL7/rg38q2e1Y3if/AJAN9/1wb+VD2HD4kfHkv/HxP/10b+ZpB706YH7TP/10b+ZpuK5H
ue9FWFxTlFJmnCpZvFDgopQmaBTxSbNFFCbKPLzUgFOC1NzRU7kBi4puzFW9mRTfL9qOYfsSmUNN
21cMVMMWKakZSotFUDrRjFSmPBphWq5jLkaEHSlHWjpSZoFqiQNTlPNRilU0mjSLJwc05SRUQPFP
DcVNjeMydG9aeeTUAapA1S0bxlckxxSc0A0tTY0TFVsHmpFb3qIg4oHFD2Lu1qWQQSDyCOjg8iuy
8K+P7/RZFt7uUTWp43P1FcNu4FSb8jnmnCbiKrSpV1aSPpjSdYs9atRNZSpKuMthuavq+PavmnSt
ZvdFuFnspnA7x7uDXsHhfx7p+tQpBcyeTd5xtJ6muynVT3PmsXlc6bco7HdBiakVvWqocg8lcY7d
KkDnqeQfSttOh5LXkWAaMVEj0/ec0EilM00r7VJnIoNMZAVphSrBFMK5NAFR4/aoWiyDxV5lNRlM
0AZzw8dKqywZ7VrtH7VXeI4pWAxJrf5elZk9ru6CumeEnrVSSADtQBzJ0lXbMlXLaxt7f7kQLepr
RaLnpUJjwafOwsTxzMOOFHoBVgOcdapqMVMre9G4FoNgdadv96rbqUNQBaWQ08SGqganbyO9AFvz
TmpFl4qiJDnmnCTC9eaAL4lJ4B6dKqajrUemxBg2ZD1FCSfxHqBWHbtbXOtMZzls8ZrCq1Hbdlxs
zb03xCNQcKBtf3FS63aG4hF5Fgzxdh3pqJDE4MajPqKpazqs2mLEycxv296rkl7P32Gz0GaXD/bz
GW+2xGP5StNk0q5TUBHbErB3YVn2mnXd3eC4LlIZPmwDXXxSiNFj64FclPDU6q/eK3mW6rSJrC2j
0+Parlyw5Jq+suVxkYrLWfqM9etPEw49q7oxUYqK6GN7mkHGetPDDP4VnLNU0cwPWrVr6gUfEEg8
tUxnIrCiWWFA8chAHbNXdfn3TKAegrPgnCgAnIPavCoYKOOx01UukjTEVfq9BW6mxZa3IrBJuV9a
3YbiG6XKMufSuQki2tvBAX3qP7Ulo24XCqfrXXPD4zBe9B+0h+KM6eIp1dJaM7cpjjAx7U0xj0rn
9O8TwynY0gOPQ10MNzFcAFHB9q1oY6nW208maTpNa7oYY89qjaL2q58v/wCqkIB6V1qy1RnaxSMX
tUZix2q+UppjFMDPKH0pm0r0OavtH6VGYhRcCk8ayKQ8YP4Vm3ehWt2pXBU1ttH6VGUOetS4QluP
maOaOhrb2TKq73zwaydPsUkuHi1N38sNwD0Fdw6nOagntIrlSJAMnvXLPBwm+daJfiaKqyjbWtnp
8RFvKvlnoM81KLm2xgSA1Rj8NrFctIZSUPbNYmq7bOXEIcL61U6ypx52rIle87HTi8tC20Srn61I
Dnn+Hsa5fSdHkvJPtUr7IgfXrXTNPaxIIxIuxfQ0Yes6kOaordhzglpHcfRSRyxTHKOKcVK8mulS
TIasJSUAHrS0xCYoxS0UAJiinUhoASiiigArK8Tf8i3f/wDXP+tatZXib/kWr/8A65/1oAwvCH+q
T616jp/+rWvLvCH+qT616jp/+rWgD//U99xgVjeJv+QFff8AXBv5VtGsXxN/yAr7/rg38qT2Khuj
5BmX/SJv+ujfzNMK1akTNxL/ANdG/majK1xuWp9MqehBg04U8pTcGlcTi0LSgnNNJ5pwpWKTsTKa
kUioAakVqlo6ISJ+vSlxTUNSioZ1RSYzZQY85wM4qULW54SsE1LXVtZBkNiiOrsFVJRbOZaL1+lR
PDzW7rlgbDXLq3K4VXIX86zmjzVXtuYxpxnG6M5ojmmFDWg0VQtF1qlIwnQKntSZ5qcw4zURTmqu
ZOFgBp4OKjwQaXdT0JvYlBqRTzUCtxUgapaNYTJ1NPBqBWp4apsdEJE+eOaMelMBpQcGpaN73HEY
FGSOlKPmpcVNyxN3OQKkRykiSodkinIYdRURFICaFoD1VmekeFPiTLZGO01QF4iQBJjJr1izvre/
iFxayhoiMgd6+Y15OMcd63fD/irUfD10GglaWH+4zV0U6zSszyMZlsZ3nT3PotZBTw+a5bw54vsP
EVrvEixTdNhPU10QkZQAwxXXGSlsfOVKM6btJFtWx1p241XWTIp++qMywOaABUSvT1agBSuajIqY
EGkIFAEBQ1E0Zq0y0wrQBRkjqrJFmtN0zVd46AMl4sVXdQOa05UGKpypxQO5TPFAanMtN6UCHhqX
dURPNLmgCUNS7jUQI9aXNAEm/wBaenJLZ6DNQbqhvml+yFIPvtSb926GrENvriS6g9s4wg43YrN1
rT57Sf7XasXXrxVd9HuYo9+WLnnikh1K8tW8uZSUHUNXlzrOTca8bdmbKCjZxZctNYvYY9zx5GKk
tkutcud9yNsK9BmmP4hhASIWwLNW7AdlujqoUuOlXhqTqLSpzRQpz6Wsy5G6xRLEh+VRgUqy4qru
596UPzXpW0szJu5bEpFPExqnvp2/igRdWfNSpMd1ZyyYNSrL1+lCE9nYyNZuQ15yflHWub1Lxpp2
nK0aEvKOAAueav67MXSUKcGvOrDQPPvZJpNzkvxmuDJ61ONWrXm9Ex49KShT6mq/iXXNZYiNfKi7
EnFA03VLofvZiR/vVtxW9lpcQa5IXjpWZeeObWyJS0iDHpk1vUzyrKdsNC6KoZXWrK9rFvS9GvrB
/MSYt7E119lqFzHgHIavLpfHOqXLfuIwB7f/AKqkj8Q+JJcMkJwPb/61ebicHjcXLncbPyPSp5e6
StKa9D3Kx14jCTr26gZrbhuoZ1BRhmvndfE3iRWDGEkDqDn/AArqtD8dXJwk8IjYdzmrhHMcKv3s
eZeQVcFBr3Zo9jxgZJo4rm9P8TLMq+bgit6K7hnAZXByOldtDGU62kdzgqUpU/iJduRmm7BTySRg
UV1baGdiLyajaKrIppWhBqVGjFQtHmr5TNRtHR1EUdh6HpVW6023vUCSrgeoFahjqMx4oklLSSuO
5yeu29zYW0cdlzFjnmoYbKzjs1uZZyWIyy5rrmiVxtkUMprIuvDlvcPuRiq9cVx1MOlU9ov+AaRm
rWZVto7W8tmltJCHAzg8VHpl7eSXDwzx7VU9T6VXuXh06cRWQJkHVRT2n1S7TZHD5ee+KwjiFD3W
m5eSuU4G3hX+aNsj2pOufasextdTsJd0jlo2PORW4CkgDRtn1rvpzc1quV9LmUo2I8UYp5XBpMVo
7LTqSJijFLRQAmKMUtFACVk+J/8AkWr/AP65/wBa1qyfE/8AyLV//wBc/wCtAGD4Q/1SfWvUdP8A
9WteXeEP9Un1r1HT/wDVrQB//9X36sbxL/yA73/ri38q2axvEn/IEvf+uLfyqZ7Fw+JHyY6/v5f+
ujfzNRlasSD99L/10b+Zpu2vPvqfZKGiK+ymlKslRTGSmmQ6ZWK+1IvFTMtRkYqrnO4C04GmDinC
gpEyNxUyPyKqg81Ijc1DR0052LoIJrsfhrF5niHzcZ2Ec+lcSjY57V6N8KIczXEx6bjj8KKSfNqT
j6vLh2xPihpP2bUxfJHhGPOBXB7OAfWvcfHen/2l4ZumQbnjjZh+FeJRjOUPBXqDVVo2YsqqqpR8
yFkqF4/aru3POKa0eayPSdNMoGPjpULRc9K0mj4qFo6akc86KZmtH7VGyEVotH7VC8Zq1I5J0LFL
BBpwNTNHionUirujncGhwbmpA3NQDOaeDzSaKjKxZDU8HPWq6tUgapaOmMyYH0p2aiDU8GpaN4yH
igikBFOqS9xhoDetOxmk24pbhrEnt7ieznFxbStFMvI2GvUfCnxISZY7PV2Pm8ASNXk2SDwfxpSA
3Dcj1rSNRw0Ry4jCwrxd1qfUMcqSRh4pFkjYZ3qelSq+RgnmvAfDHja98PzqkjtLaD+A5Jr2LQ/E
Wn6/b+baTANj7j8H8q7IVVJbnzWKwEqTulodCr9vSpA1U0k/hJ59KmVu2a0RweRaDClBzUCNmpAe
tMCbrSYpgbFO3fWi6Aay+1V3WrQORUTjmi4GfKvtVKRetaci9az5lPNMChKtQGrMuarP1oASjNNo
oAcKWm5ozRcB4yenWgOCflbLDqBUc0git3kY4AFcraapLbXkshYshNY1sRCk7S0LjBy2OwDvxknH
vWXqlzbwuFmhQq3ViKbFr9vKfnJH4VFrk9tcWQaMgsRwKmtWUqXNTafkVGEoSvYraZYCfU/NHzW4
5Ge1dKW+bA+6OlZ+jReTp4B6GrgJK1WHhGnBOKs2TOXM7ku7PejNRilzW17kEm6l3VFmlzQBMDTg
2Ec57VCGpHfEUn0pN2QJXZzGoEzTyKOazLrUrTw9Z75NrXBHC+9S6xqP9mQzT4y3QV53HHeeJNVD
EllZhyegFfP4HBTxVSSWkep66hT/AI09kPnn1LxDenJmZWOcdq63QvBECKJL7GSOAelb+n2lnplu
IY1BkxjdjpU8ok4O/dX2FDDUqMbQVmeXi83rT0paIZFpGn2b7Ut4iPXbWpE0EcBCRIO3AqmTvgGS
Fb3NOVgItqsC31re9/U8mc5t+87k6mFzjyU59qmeCwCbTbRFz321UjkEeSeWxR8ztu6H3p8xCnYt
JFFEMJgD0FWYbm5hbdE7ADtmqiiNOS2TTzdAcKK87F5Xh8Qrr3Zd0dNHGVqWl7o6ay8RAqEn4I7m
tyC6inTMcimvPN4fqBUkNzNbHKOcZ7V5MqONwmjXPHud0KtCs97M9F3DGAeaASPeuZsfEQG1JuPe
t2G7guMGOQE+lbUcXTq+7f5F1KTpq/QtUEZqMHn7wp26uozEKUwx1LmkHNAFdkpm3FWiBSFaNwdj
mr7RMXX9owjkclfWiLVprlWSJAjKceldFt6jPB6isCbRfL1LzPO2RP6etc81Kn71JbmkfNkJg1S7
yHnZYzxwaLPSruwmJM7SIexNVNQM9lfCNbkmI4PBqpLqd6k22As61zPEUabvPWRXs5HSlTuzt4pC
vGR0qvpVxc3IPnoVq8U25UV3U6ikua1jJkGKSpStNMZqxEdGaftpNtADDWT4n/5Fq/8A+uf9a2CK
yPE//ItX/wD1z/rQBgeEP9Un1r1HT/8AVrXl3hA/uk+teo6f/q1oA//W9+rG8R/8gW9/64t/Ktms
bxH/AMgS9/64t/KlL4S6fxL5HynIv76T/ro38zRinyD99N/10b+ZpMV5j3Z93GPuoZtzTWWpcUEZ
pXBxKzLUe0VaZfaoyvtVJmEqZVZeaBU7L7VEVxVJ3OeULAKVD81Mzg08c0xXsP8AMKrx3r1z4YxC
HQzMwwWkcfrXkQQyyJGnJdwPpXtegRf2fpVvBjGFBP1rSjG8jizKt+75Ds123FvLbNyJEIrwXWrQ
6brs0JXh2JFe1Wt2AwOa88+JtiIrq3voxgFyDj6GtMRHS5hk+I5KnJ3ONXgYJzTsA1EjZUE9+amB
GK4kz7BvXQaUyKYY+Km7UYq7IHFMqNH7VC0Z9KvlKidOalozlTM946iaLmtBo+KiePHNCbRyzome
yYpmMVcdM9qhaPHarUrnHUpNEQNPVqTZTgMVREboduqQHiou9OFSzaMiUNTwahU1JkVDR0RkSUU0
GnA1Jpe4Yppp9BoExgPzVbsNRutLulntJWRgc4B4NVcUYA9aak0yZ041FZnoUXxd1C2t1WWwErL1
cEc/rT0+N8g+9ph/Mf4153v42jp3qvNao/K4zXp4TE01aM0eFjcr0cqZ6knxwc/8w39R/jUg+N03
8OnfqP8AGvHHjMR6U9XGK96nQo1FdHzdSNSneMkexj42Tn/mHD8x/jTx8a5T/wAw/wDUf4148pBq
VRWqwdLsYupJHr6/GiU/8w/9R/jUq/GF362A/Mf414+vUVbh60ng6a6AqrPW0+KDTf8ALmB+NWE8
avc/8sAua8ytF5FdBZDGK5KtCK2KjNtnbx6wbjqoFSrNvrEtOgrUi+6K8+pGz0Nk2yznNFIOlLWR
YUc84opc4H1oAhuIBeW5iLbQwwaqpodosJjBBal1qd4LULAcOw4xWF9uvrLErsefUVx160IS5Zq5
pCLezNCXw4Sf3Tge1Zf2eSPU4rWQEjd1qQarfSSfaIwxWtTSbxNRkJljAmXuRzXGoUKtTlUWmat+
7ZmuoEcKRr6UuaQjBxRXsbJJ7o5h2aKQdaXNABzmlFJ3pe1ADgabMcW8h9hQKjuiRauRUVHaDY47
o8+8XK80IhT7zGrnh3Rl0rTUfjznHNTTQrcTiRu3rVje52gHgUsjglRc+4ZjiZRSpR2e5JsOeeT6
1Isjxj5tp7c1DvY/dFO2ORlq9rlueR7sVoch4mm1WynM6yKIT0GDWLB4n1GCRJGfK+ma63xdHNca
WEiXcwFecpaX7yLH9mfrivMxDqxmuU+oy2WGqYf98tT17SdR/tGwS4Iwx61oea7cYrG8O2rWulok
ow2Olae905xxXow+HU+dq8qqTtt0JcMDUisfSoBOaX7Qw6iqTMbFkFvSpVkK/wAOaqrcN6UPfJbg
mVgvsafNbdhy3LmQeq81LBc3Fq26M/rVCHUIpQORVpbhSeK8vFZbhq7572fdM6sPiq1HbX1N+x8Q
ngTr+Nb0N7FOgZJPwrgi4k+UcfSnRzXFucxuR+NeXOjjsGuaouePlud8K9Gppsz0MMSOaeGFcpZ6
9LHgT4Irct72G5TcjitqGMpV9U7NdBzpzj6F/OelLmqyy44wcU5ZueK6/PqZ3tuTY5qpqtmbvT3V
WKsvIIqzvzThJng9PSpqRU1Z6D6nJWGhzXmWu2b5TtGfStuLTdP09AJCAexatTIA4GPpVDVNKTVY
REZGQ+oNcsMJTpJyjqy3VeyJlWNl/d7SvqKjMXNGn20WnQ/ZjLl+xY1b2ADI59xXVCT5SLNlFoua
YyVfMQPNMMYIqhGeUppSrxiqNoqAKZSsfxQuPDN+f+mf9a6ApWJ4qXHhfUP+uX9aAOY8If6pPrXq
Vh/q1ry7wf8A6pPpXqOn/wCrX6UAf//X9+NY3iMf8SS8/wCuTfyrZNY/iP8A5At5/wBcm/lUy+E0
pfGj5XcfvZv+ujfzNA5pZP8AWzf9dG/maAK8x7s++XwoTFIBT8UmKlJspxsrsYVNMK1MR700/WjU
zauyuwqNl4qyQKYwGK1TMZJMpspzmgGpmAqJl3NsHVuBVI5pq2tzofBen/b9XaVkJijAxn1zXrG3
AAHYcVy/hLTTpekoXGHb5ifaujjfjrmuukranzeMqupUt0LEUjIwrN8ZQDUPDRcj5ozurSUA0y7i
87S54DyNlVNXizLCz9nVTPF4G/dgdxxVpDkA1UuFa31O4iPRTT0lyK81qzPuaFS8E7l1TTlquj5q
VWqkzpUkyUgYphQU7NL2pjuQlAe1MMNWaKGiXFMoSR89KgeOr0gGagdeTUrQ5KsUUimKjK1bZajZ
KtM5pRK+KXNSFaaVoJsM704NTCOaKHYq5Mr08MKgzil3YqLFxmWCcUuahDZp4NFjVTJBTc0A0Umh
3uJnmj6UmMk0uKLBdpjSgkGGHNVJLdkORz9Ku5IanZPPHWu7D42pRknfQ8/FZfDEX01MxXxx0NTq
/NPntVb5l+9VZWK9RX02FxkKy8z5PGYOdCVrF1TyOc1ch61nwuM1ehOTXVJtaM4OW5s2h6V0FlyR
XOW3ODXRWJ5WuGs7o0j2OhtB0FasQ4rMs61Iq8upubRJ14FLSCisCwoA3MAelFKoO5T156U0k9wM
TW5/JvIT1VTk1W1TVk1C2jhCYK98VcvbaO71RFkfaAelPk0WzH3Jlz9a8+rTrylaDXzN4uPUZYa1
ZwWohljXIHpVfRwJtWkmjG1M8Cpn0G2dWKzqWA45p2gW01vM4kHHY0U1iFJKaWgTcbaGw3PNJSty
DSV37aGAUYopaAAUuaSigBwNV79ytm3vU9VdTOLI5rDEu1GT8i6avNHMhGc9DVnytq5LDFQRSnHH
SlLsTzyK6Mmi1hInFjJL2rRMZgvCj8aZl3kAJyPamcE49amGIlz3PFem12OVbWFl2hguAwpXSGPb
+5TPXOKiU5kz3p11cwRbQ7c4out5aBd3JphuCvH+VOSQldrY/OqyalaCKRWPO35cetee3us6imoy
+WX8sHiuerioQ2dzWFOUj00Q7jhSM/Wq15cjTojLOQqj1NcNa+I7gBd5wwPrVq+vf7YtzDJMFDDn
muWWZU7e7f7io0H1N1fEsLjMZBHb3rH1yS91R1eAMAOwIrLTRJF4huR8g45pTb6vbj5DGQP9qvPq
Y6rV92+hsqSWxYiu9VtVC+Q5A981ZTxLexH54pB+FZB8SXNqfLmgOR1KmmN4wh/jtmz7kVzRhUXw
/mU4Jm9/wmhUkEsGHqKSLx7OXMYQnNc2XuNXlza2557lcV0el+DnRBNdyqgPJxXr4OnXbu2ZSVPs
OfxNeyzB1Dbc8qK6TSvF0bEI8pib0NZE72Vupt7KIySDgsRXPz280cxDDa3+xzWmKyrD1/etaS6o
KOKqU2+qPatP8Q7lG5ty+uRW9b31vcruSQZ9K8Et7jU9NQTMAYuuCeTXTaR4s88qgV42yBwK8ipT
xmD1fvx/E7o16Nf+6z13zCvepBIOO+fSuNtPETQkCdC2e9dDZXsdxiSPoT0rpwuNo4myg9QnSlHf
Q0ft1uk/ktIA/pVjzEz98ZHvXBa80y6yDCDuPSpFtdYLKxPBHrWc8XKFRqMG7FKkrXudFr2mNqUC
yW8+yROTg9aTwzNPJbvBOSxRupNYQs9WVS4bBx61oeE5mM0ySrtkB5OetY0qkqldPlaKlFKO51RG
c4pNopnmfMafkcV6hzibAaY0QNSgijGaAK5hFYPi+LHhPUj/ANMv61023NYPjJMeD9UP/TE/zoA4
bwf/AKlD7V6lp/8Aql+leW+EP9Qtepaf/ql+lAH/0PfjWP4j/wCQLef9cm/lWxWP4i50W8/65N/K
pl8JpS+NHy0/+tm/66N/M0lK4/ezf9dG/maMV5ct2foMF7qEx3710fhfTNG1iQ215dvBcfh/WueC
jv0pcur+ZHIySDoy1UZWM69J1I2TPVz8KdKwG/tK5APQhV5/SmH4VaVkj7fcg9/lXn9KoeC/HzKE
07VZCQOFkavTCA8SzI2+NhkMD1rtgoSPlsTUxWHlqzgD8K9K/wCghc/98r/hUTfC3Sv+ghc/98r/
AIV6DjPrn0qNl+tV7JHJLH1t2zzqX4W6X21K6H/AU/wquvw1062uY5hf3EnltuCsq4P5CvR3jyO9
VZI/amqSF9dqyRgNbrEixrnaoxUWSDWvNCTnOMVnyxEGqSscjbeo6GTGKtREMHU/xDFZwypqaOQ5
96bC+tzjNY8A315qr3Vs4EbAcGqqfDvWAxxImPpXpKSbup5p5U5GCaydKLPQhmVWCSiefR/DXWmA
IlT8quR/DDXW581MfSu8hnZCBk1qW90T/EalUUbrOsSup5unws1rvKv4CrC/CjUiRuuWH4CvUI3y
o5PPvVPVvEFro0DvPIobHAJqnTikUs2xVR2R53d/D8aZbmS6vDx2OK47UIoYGKxPu96v+JvGlzq9
yyxyMkIPTPWueMwfnexz61yza2R7WFdaSvUZGXyxFNanbec0EcVlqd1rkRFMKipMZ4pMCgzcSLbS
bamIxSbc0XJ5CuyCoWUirxQVE6ZqkyJQKoNLTmjNMKkUzNqwoNOBpmCKXr7UxXJg1OzUAp4NJo1j
JEopSaZml61JpcU80Z4pQKQimPoIDTWhWQZPBp2004Yq6VWVOV4mNelCtHlkimYzE2e1XLZh1FPV
VfhhS/ZirZTp6V7+EzPntCZ8zjcodO84GrZnkV0dh94VzFmdpGa6awIyK66zTV4njqLi7M6W06Vq
RD5ayrM5rXi+7XmVNzREwpTRilIrBlDaVThwaWjFF11C9jD1TT57vU43hJAzyRUp0FxjM7Z781Lq
13JaSRNH0J5qufECKBwd1cdSeHi/f0NEpSWiFk8PSMD5VwwYc9al0y7k8w2Uy/OnAYd6qnxBI2fL
U5PSn6Kss1y88qlTnPNKNWlOfLTuw5GtzZHUijFONIOldq2IYlFLSYoEFOpKKADvVPVuLKrnes/W
GxbAe9c2Mf7mRpS+NHPx9SKk5Cl/4V+9TFGScDmsPxNqrWkP2aFvnfhsV2YCapYGLZw4iPNXaNFN
bs2uNiKGA7g1Yl1O327yAB0xmuc0uyS2tNzANIR1q21vE4BZa4v7Ymm9CfYIvx69ZLJhgPzrk9U1
SQ6wZkO6LJwM9q2hp9sefLFIdPtWzmFPyrnr5n7ZJSRcKaiZ0Gt2srfvAEP1q4JtLlHOCTUEvh62
kBIUAnpisyfw5cLkxOcexrmXsqmzsatdjWax0uYHHyn1zVR9DtCf3dw2T6GsKaG8tHw5fimx3+4Y
diCOxOK39nP7Mrjtc0bmyurH5obpmHuc1WOp6ogz5ilfcVXa8VpBHF+9kP8AD1rd0rw3eX2JLhWW
L0YV008NUl2Icox3Zhww6hql0EVB8x5IrrdO8C2pZZr3lh2ro7HTbXTUxFEgbH3sVZYk85wa9ehh
oxXvo5p1ZdCCOO206MJZwjd7imvbz3XzTPtTuBxVlAgYt396UlSRuNdUuVavQxbd7FJLUf6u2UD1
JFWYdNtYV8yVfMlqTdzhRgewqe3sZ7hxgMB615OIziEXy0fekvuO2ngpNc09EZk9g182JSBEOgFa
OnaFHgLAhGO5FbtrpcUXMgya0l2oMIoUe1edKli8W+bES5V2R2wVOkvcWpTtdGiQ5lbJ9K1YlSH5
Y+O9QB88nrTg5BzkCuqlhKdFKESJ1Jy+Jla51uzguSssQaRemfWoX8WS7jiAKmKg1PQRqDedGSHN
Z8nn6fYyQPbb26BtpNcuIliuZ62RrGVNRsaX/CT3kq/u41wBWh4YkaV5Z3ADE5rL0O/sbbTpDdRp
vIxhhzW3pskD25lgUKOlVh6VT2ilKdwqNW2NpZfnJqUS1mrJ71MsnvXeYGgJKkV6orLx1qRZaALg
bNYnjL/kTtU/64mtNZPesjxg3/FH6n/1xP8AOgDifCH+oWvUbD/Vr9K8u8If6lR7V6jp/wDql+lA
H//R9+rH8Rf8gS9/65N/KtisbxH/AMgS8/65N/KlL4TSl8aPlxv9bN/10b+ZpRxQ3+ul/wCujfzN
KK8uW7P0KPwoMUuKDS0iiN4lkGHGSDlWFdt4P8cy6VcR2eo7ntjgBz0WuNxSFQV5HHrVQm4vQ58R
hYYiOp9GwywXVus9rKJYn53DtQy14t4U8YXXh64Ec5M1mxx16V7Jp9/batZLdWjhkbqgPIrvhVTP
kMbgZ4d6LQcV4qB1q8V465/pULLWrPPvdGbNHkVQmh61tPHyaqSwikBgvEQai5U1qTxe1UnTBNAh
YnA69auRyZArOUhTk1NE5zx0pFF/bnkVJFK0QJJ2qPvMazL3WrLSoDLdyKpA4XPWvO/EHjm81XMF
mvkQjvnqKiVSKR1YbBzqvY9B1v4g6fpMZgt38+UjGV5wa8o1fXbvVp3edyyk5APasnkuzHLMerE0
q8muWVRs+hw+EhR0aA5JqxCpIpoWpo6yWp6ainsSDpilxxSdqBQapaCbaQipKNtJkNEWM0mOal20
mOaAsRFabUxWk2ZoBxIimRULx4q1txSEU0yJUym0ZqPYavbBUZjx0qkznlBlXpThUjRmkCUyEmmA
p4FNAxTwaVjZXJAtIVpQadmixsrDMUgFONL3qL6g0rCqMVbhzjpVYDpViM9Krmd9DKVra6mjDGpx
xzWxZqQ4zWVbY4wK27TBYZr08Pipx916nzmPwsJXktDfsjnFbEP3ax7PaOlbEA+Wtpy59Tx3Hkdi
yKCKUU4ViwGYobgZpxXmkYDbihNrYLGbrFlLexRmHgA/Maqpp1gsaiWVfMHWtqRjFbSHPAWuetNK
OqyzOs5VBXDiqd5pxgm/M1pSdjTg02zc+bEwIFXlAUAIAB3xWFYO2j3zWc77ozzuPvVrUtVityFt
uTW1OdKmuZ2jLr6ikps0xyTR2pkD+bbpMepFPrda+93M7WG96WlopgJRRRQADrWbrRxbr9a0x1rK
1xtsKZ9a48e7UGzWj/ERjRsER3boBmuAvpTfeImYcqrDiu01GQ22lOxPXNcPoY83UXkbu1EqjjhI
w8jmlG9acjqz8oC4xxTQDj271XvbsW1wiHoTUA1NEu/KJ+U85ryFCTV0IlvHmhXzYPmUdRUNvrkE
vySfK3Q1pqAwGTlWrldYs0guy0fGTmtaSU1ytBy3OnjeGQbkkB9jSXIkW3ZkZfzrjUuJYeY3LH0z
WtY2+sar+7QNGn94itVhJy+ENEZt1dyTzFDuZwemKs2vg2910oRCUXOdxrv9C8DQQIJblwz9Tmuv
hhhtkCRKFx3x1r1aFD2fxCUnPY5Tw/4CtdJhDSpG0g/iNbz2UcCFmYLjolaG4luelZmq5bCs4rrp
zd7Ic48qtu2ZMrh3JAwO1MyKa7YbAIIFPgtprhvkBWscTm1Oi+Sl70vIzpYGU3eWgwkA7utTwWVx
dMCE+X1rWtNIRPml61ortjG1BgV5jp4nGa15WXY7qapUf4av5lO00mKEAucn0rSUqi7YwBUWc0or
spYelRjaMSZVJPckJ98+tAJpopc1tfmIQ7dmhpUgiaWVsIvamgfNisfxJc+XbJCM4Y84rOpUhThe
TGldkL+K2+2EwRsYV6kV0FnqMF9biUuNvcMKxYf7JXSPLH+txz0rGtLa5d2W3kIU+9cSxlWnJc7U
ovsbql1NzxGuniy3W/MrECtfR0MOlKHXbnGK5y10iaa5QSyhtvOK6pWCqI1HCjFbYeEuZ1ZRs2Zz
J1cVIHqqG5p4f0rrMy2snNSrJVMOakVzQBeWQVleLHz4T1If9Mv61aDmsvxQxPhfUB/0y/rQBzXh
D/Vp9K9S0/8A1S/SvLvCH+qT6V6jYf6tfpQB/9L36sbxH/yBLz/rk38q2jWN4j/5Al7/ANcm/lSl
saUvjXyPlxh++l/66N/M0oob/XS/9dG/maUCvLluz9Dj8KDGaWlAoxQUFB6ZHWlxQRzVCE+8cY49
K1vD3iS+8OXgaCUmEn5kPesrGDTD8q4Iz3pJ8r0M61ONSDjJH0Domu2uvWUc8BAcrlkz0NaBUZrg
fhTp5i0+S6dT+8JK+mK9A24AI4JNejTleOp8NjaUaVVqJCUFV5k9quMKjdeKs5DMliyOlZ80HU1t
SJxVWaLIpMZhPFgnjgc1zniHxVDoweG3O+5x8o9DXYSw4JBHBHWvHPGtg1p4ieRlJR+jHtWc20js
wVKM5e8ZV3qN3qVw0t3MXDHIX0qMHse1RD3/AApwznmuKWurPpqUVDRE33uT+lAGDSLTh1pXN0x4
PapkOKgA5qVDzSRtBk+eOlApu7inBqZsmOpRmk3UoNFgaQtIRS0VIhpoApSKAKBoaRzTSKlxSEGg
UkRYpMVLtFBWmjJoh20hjFTYpStO7IcSuUFN21Oy0zFNEvQZijFPxSEYp2EmM6UueaQ0oIHNZ8rv
obXSWpKp4qaIEVRkuEjHJ5qH7YznCniu+jgale3RHm4nMaVC9tWdHDcCPGDmtezn8xga5O1Y8c5r
pdP6rxivVhhY0Vyvc+axOMlXd76HWWH1rcgB21g2Hat63ztrCoci7lpRxTulCjinY5rnKGkUmBj3
p5FMIos3sAbfMQxnkMMVylw01jdvBbuy7j0FdWMjkdarvaQfaftbkAqO9c+JpvERXK7NblQnynNm
xurs5l3b/U1P/YjJAWkkCvjjJrZt9Viu5WRdgVT96q2sTW15H5EU4Mh4AU81zrCYdRve/wAzT2k3
sibSgwtSkjgkdMVdIxXNWsN5o92j3JPkv0ya6cgMiyKcq3IrsoybVrWsRJdbjSMUlKeaStLMgKKK
KGADrWRrgBRFP96tb+KsjWyN6D/arhzG3sNTah8ZxPiy6ZLVIVPGKwtAT9+AOuc1b8VS7rtI/rWf
p1x9jucnpis5e/SSTOd3vJlrxBIWnCrwwbP0rJLOWyT8/Y1NqFyLu5MhB5OaSC0num+RML606UOV
cqROi3JU1i6ijCFxx7UsVvfavOMBiPpWzp2gRj5pfmf0rp7aJbaMBUVcDHAruo5e2+ZoxnXtsjI0
3wta24V7ldzema6OO4S3QRxIqqPaoo45Z2+VCxNalto+wb7k7QfWvR5KdFaGKUpu7ZLYyT3QGDhR
WlIyQLl2AwO5rLudUt7QeTb4Bx1rJeae9cD5m56V5WJxtGnq3r2PRpUpv4djTvNZJBSDrWUPtN4+
SWbNaNpox4aUbc1sRwwwDCKK4lHE4pa+7HsbqMIa7szbTRUCh5sk9hWqiJEAEUCjcfwpRXbRw1Og
vcWplOrKejF3Z60Zz1pKUVu3cgKUGkpRQtAHZopKKaVwJI/vFjwF6muU1KeO61UK0mEAxjNbWt3g
s9PZUP7x6wNGjtQxe9YZY5ya4sVVSmqUra7m0Iu10WjokuwyxsSre9QeXfWQYhSqAda6qCaAxAQO
rIOlSSos0TRSqMMKieXUpLmhp8wWIa0aMLw55s08ly7lsDpXQFssT71WtbZLOJljHGBU2QD78V2U
oOEbNmcnzbD8808NUWeafmrJJg3FOD+9QbqcpFAFgPWZ4mfPhm/H/TP+tXd1ZviRs+G77/rn/WgD
G8If6pPyr1Gw/wBWv0ry7wh/qk+teo6f/q1oA//T9+rG8Rf8gW8/65N/KtmsbxH/AMgW8/65N/Kl
LY0pfGvkfL0n+ul/66N/M0gpX/10v/XRv5mk6V5kviZ+hx+FDqcKSikUOoopcUwEpp+aRQvVuKfi
ruh2pvtctoAOFYEn8aaV3YzrSUKbZ7X4Q086d4V0+FvveSufritvGfwoVBFEkI6IoAoAJbgV6MUl
Gx8BiKjqVHJ7DGHNMIqcjJ/nUUjJGMyMEHYmndIyjFy2IWXg1XlTIq5gOu5TketRsv8A+umNJ7GV
LGRz6V518S9N326XYH3Rk16hIhIbIrnvFemC/wBEnQ5z5ZxgVnUWhvg6nLUS8zwcYKhx34pvQ0sY
JjX5cMDnFBFcO+h9Vra44GpAeKgFPDUWKTJwalU1WDVKjZoNoSJgaeGqH8acDSNkyyDxTgaiQ08U
1saIdTqYDT6QwoApcUoFFi0IRSYqQrTSMUAxAKUrmgU6gzcRmyjaKkAzS7aZLiQFfSomqy4x2qBl
zVETg7ERJpMGn4AqKWQIua0jBz0icjkkm2EhCryaoTXgIwtQXN4XO1TVYHJr2sFlyj78j5/H5rOX
7uJNkscmrEQqqp5q5Ac8V67Sa00PG5n1dzTs/vCum0/qK5q0GCK6SwPIrkq6KwtDq9P6Vv233KwN
P6CugtuFFebU3LRbUU6hfSlPWudlCGkPSlNJ2o+dgG4PaobqLzrJ1X72Kn6Ug4Pseopv4XHuCk10
MDRordo5IJ38t8nmqTJHp2o74280Kc5NWdetDb3P2iMlVYAcDvRa6PJcxrLKSFPWvIqRqRapU4Xt
1OhNJc0mQX2pSaogUJjZWvod0biz8puHj45qzbaZbWwwF3HHesa/nGnayjwj92fvgVtGlUw8vbVp
fETJqfwo6Art+X+7SUiSC4hWdPutS44r0IyUlcysFFGaBSEA61i61wwPuf5VtAc1ia2MknPSuHMn
bDm1D4zy7XZPM1RuTgAVRSJ5CFQcepq9foP7SlLcgY7Voado9zfEMVMcXrW+EwUqlNSlsclaoo3K
Vrp6K4z87egro7PS5GwXG1cVdgtrDTEA4kkq4kzSryNq9q9ajhow+HU45VGxscccK4Ayaecmk4U0
0SZYqoJrPE4/D4de+9exdLD1Kj90v2s62o8w9ccVFc6lcX8nyZAFOt9MnuG5JC9a24LCC2QAjca8
OdbFYx+4uVdz0oUqdBXerMi00iSb55a2YLOG3UEDJqYnsOBSDiuihgqdN8z1YSqNikkt1wKKTqOa
Wuptszt1uKKM0lFGwDqKKDQAZpabTvrQADrT1wimRh8oFMHJ45rM1trx4Rb2ynJ4JFKbcQWpi6nf
pcapGr58kng1pXPh0tEktu+5WXdiq1kLaHbbalCQw6ORXUR7ViUQvlAOMVxUcPSqqTmr377o2c3T
0icgDeae/wAwKqK0tIe6v7sTSN+7XpWveW0d9bmN12seM0WVqtlAIlOQO/rRSwsqclZ3iDqprYtM
RuOKTNJwelFd1kuuhjuLmlpmaWgB9OB4qPNOHSnYB4NZniM/8U7ff9c/61oDpk1n+IUY+G71sHHl
/wBaT0DYyvCH+qH1r1Kw/wBWv0ry7weP3OTxzXqOn/6tfpQB/9T36sbxH/yBLz/rk38q2axvEf8A
yBLz/rk38qUtjSl8a+R8vP8A66X/AK6N/M0nelf/AF0v++38zQK8yW5+hx+FC9qcKbThSKFFLSdK
Ac0xik4BPpXafDDTRda3NcOMhCMHHtmuJc4j969i+GGmmz8PS3DDBmfd+mP6VrSV5Hl5rW9nRZ2j
ks5NJkgU4guWxxj9ayNc8QWOgWLTXMn7zB2xD1rtckj42lGpUfKluW9S1C10uze4u3CqBkDPWvF/
FXi+88Q3JjjmaG0ThNrEZPrkc1S8Q+IrvxFeGWdj5K/6tPSsjA6g5rkq1ddD6rL8qjRXPPU9C8He
PJY5IdN1WTemdqMeO1emgq0avEQ0b8gg5r5vZQ4wa7Dwf42m0R1tL5i9m3yj2op1n1MMxypSXtKe
563IvVRVeWASwvGwyCpH6VZtp4L+2W5tJBJGw45p2ArDjr1rrupI+clzQautUfOGs2RsNbuIQMLv
IAxWc64rvPibpzWurreBeGfn8a4iRfSuCXuyPr8M/aUosqkUgqZl5qIjBpIJKzHA4FPRqizTgaY4
yaLKmn1AjVKrZqWjojK5Mh5qUGqwPNSK1GxvGRKDzUgNV91SI2aLlqzJhTwKYpp4NNGkUSKKRkzQ
DT88UWKaIcYoFSGkAHeiwrABTwMUDApQaYJLdjWG6oylTkZHXpVa4uo4lwv362o0p1ZcqRy4mvRo
xc5Mq3UiwIc9awLm9aVsA8Crd8zSIWJ5rH5ya9/D4NU1eR8XjcweKk+TREgIzmnKaiH1p6/Wu2Ls
ea11ZMp5q5AeaoqauQnitLivc2LXqK6Ow6rXM2h6V02nnkVzVVoNHV6d0FdDb/dFc7p56V0Nt92v
MqrUtF5OtKetNWn1zMoaaO1KaaaADvSUtB6UAQyxR3ChZRkA8USyrbW5LHCqOBT+Oaqarbm60+TZ
99RxUyk4J8q1KitdSgPEW1n3Jx0FZkUZ1C+yz/ITyDV3So7F7WU3eBMvTNZkhaO7doDhT0968evK
dozrvS+yOmFmbR1IWN+tiDmEd62CRww+6RXMw6Vc36FiNn9a3NNhmhtvJmOcdK9DDVa1XWa5V09D
GpBXLFLRRXW9zIB1rA1053it8cNXP62TulOegrzczv7FWV9TfDt82h5w8yQ6pK7jcOOMVs28+o3+
1IQYYO+RiqdksT30sjxl2B4FdJEZWQbjgdhXrzxdChh4ucvkeZ7Kc5y5V1EgsIrYBpDvf1NT7yeB
+Aqa3sZ7g4C4HrWzbaVFCA0nLV5dTMcXi/coLlj3OyGDhT1qamRb2M90ehA9xWza6VDb4MgBNXh8
q7RwKSlRwVOm7z96Xc1lW6RWgYAwE4FKcE+tJRXfbo9WZNthRRRQAUtJRQAtFAooAM0tJRkAUALS
859aRctVW/1GKwQKrZm/hAqZThDWbshpXE1PUUsYxhhvbkCsweIbgYZVDGoreNdQu2N1HiQnhqbd
aVcaXdfaFUywnsOwrz6rrzlzwl7pvHlW4l5qo1CPbLH+89QKg0/UrvTHLSZeIngda27NtJu4zJkR
kfeBq1HaWNwC0K5UHGaI4es5qp7S4+eNtSxa3AvLcTgbc9qlyT1pqoFUKvAFOFeiu5zN3Yo4ooop
gLSim5yaeAW4AyaW7sgQlPRGaori6tLCIyXkqrgZxmuE1/4kqpkt9LB3DjcBW0cPOo7IiVRI7jUN
UstHiaW4lXIGdu4V51rnxBl1aT7Dari2k+Vj7VxV1PcX8pmu5PMLc1JacTRqBgZ6V6CwUaVNt66H
P7VuSPWvCAJiQnvXqNh/q1+leXeEf9SK9RsP9Wv0ryjrP//V9+rG8R/8gS8/65N/KtntWN4k/wCQ
Jef9cm/lSl8JpS+NfI+XWP76X/ro38zSikb/AF0v/XRv5mlFeZLc/Q4/ChacKbmlxmkUKDThjNNG
KcPWmCQ6FDNcwRAfMz4xX0LoVn9g0C1teSwXP1rxPwdYDUPFFvGwyiqWJx06V6T4y8bwaDALOyw9
yEwMHpXTSaSbPn80UsRONGKL/ijxbYeHbZw7b7k/dQHvXi+qate61dNcXjfMeVTOQBUF3d3eoXUl
xdSl5HOdpPAFQj2596zqVG2d2Cy6NCKvuAJFHXijNFYnpLQOlNIDDBAI9KdSZo8xNdTf8MeLbrw5
OFcmSzzypYjbn09a9l03U7TW7FLq0kDqwBwOtfPeMj19jWloniG/8O3SS2kjNHuBeMnjFb0qrvZn
j5jlca0eeG56L8T9MNxoDXKjJjZcgfWvHQMopr3htWsfF3hi4EOPNaMll9xXhjQ+RLJC3BjOOaK1
m7ojLJSUHSluis61Cy1cdflFQstYJndOnYrEYpA1SOtQkYrRHM00yUGpFbFV1NSqaGVGdmWFfnpT
uvtUINPU1LOhSuSA9qmjOKrE809WqTZOzLitUoNU1aplfNNM3jIsZpwOaiBp4NVcu9ySg03NOBPU
c0xt2VwwMgfnSorySiKNC0h/hFOggkublYLYFpX7AZr2DwX4Ft9KtxfXyiW6OCNw6VdODbPOx2Oh
hYe9qzyiTw7r8y4i06QKf4jUSeBPEL8m0OfcV9LBtvAwvsBS72Pv+VetQruirQR8TisRPFSbm9D5
mk8AeICObM/lVJ/hzrxbizb8q+pw5x94/lQHPf8ApWssbUl8RyqjbY+WB8ONd72j/lT1+G+uZ/49
m/KvqXcf84pp3d/6Uvrkg9kfMI+GevN0i2/VauQ/DLXv+mY+oNfSDEkcE1CQ1V9dlYrkPCbf4ba0
gG5ovyNbFr4G1SHBZo/1r1h92cZNVXyc5P51m8XKQKJxdt4eu4Mbmj/OtWKyljHzYrWkHPaq747V
jKbkUVwhHWlNPPWmmswGmmnrTjSYoAbQTTsUhFADaVSAeRx3pKB1pptiaOf1vSnRhcQZIJ5WrOla
XG8C3E2fZTWsQG4fkelHygYAwo7CuX6vBVOdxuzXndrCeYqkDcEA6UN1znIqnqNk90FMTEfSrdvE
VgCsTkdzW/M5P3kQ7sM8+tLgjtVO+1SDT1IOGf25rHXX7lpQwHyk4qJ4iFN+/wBRqm5K6Oj6sR0N
c5rB/wBLKkcHg10cR86EOcAkVUk01Hm82QZyc81hjqE61JRgVSmoSuzm7TSfmZooeW7mty10hFAa
Ukkdq0kCRjaigClPPWs6OXQilKp7zRcq2vuAAqDCKAKTOetFFehtojFt3A80lLSU79BBRRRSsAUU
UUAFFFFABnFLSGgUALg05ULUigMTzgCsi81G4lZ4LMZYcE1M5qPy6DsWdR1SKyUqnzv0IrN0VIbm
7aa9fJ/hB7VBp8U/2tobxNzN3NR39pLYSsCSA33SO1edWrVU/a2vHqjaCi9C8NVittWaKWIGMn5W
FbE2qW1usQkJZJQAAe2awtIhsZo3F7y6nIbNZflyanr7xQFjDC4288VpTrSVK8dnsJwu7PQ1tW0z
dcxi0QhXPzYrdtLZbG2WJec8nPrT4v3cQVwCw707Oea6oUlGXMtzJtvcdRRRWz8xX6C59BzS8n7o
yaVI2bnoPWsfW/FOn6ECrMGlx0B6mnGEp/CKTUdzZIWJDJMwRQMk1yWu+P7HT4nissTTdOTiuG1v
xhqetysqOYbf2NYIjGQxJY9ya9KhgUtZHPKrpoX9S1q+1iTdPIwXP3QeKpqqr90AetLxk8/Siu+M
FBWRztt7hUttn7VHk96jHSprYf6Sn1qaq/dy9GOHxI9Y8I/6kV6jYf6tfpXl3hH/AFIr1Gw/1a/S
vnmegf/W9+rG8Rf8ga8/64t/KtmsbxH/AMgW8/65N/KlL4TSl8a+R8uv/rZv+ujfzNKKR/8AXzD/
AKaN/M0A15ktz9Dj8KHiikzS0ihaM4INJmnAd/SgL6l/StXl0hZnt+J5ONw7VQlke4na4mcyTN1Y
0o7880hJquYhU4qXMkJyRzRQKKl6l7O6CigUtFgEo60tGKA8hDSD2pcUmKdhJWZY0zUrnSrpZ7SZ
ox0dB0NQ384vLuS527S5yR703sRng009aL9zNUYK8luyM81Ewqdue1RtUicbIrOtQsoq4w4qF04z
VJnNOBVxg04NSstMxV7nM1ZkytUitVYHmpVYUmmawkWAQaXiogakBzUNG6dx4apUfFV8YpQ1I1jI
vK9PBzVVHzxUyPnPFNM2jLUnVsc9TU1tBPeXKQWcbSTMQAB2zUdla3Op3X2WziLO2BnHAr27wd4N
h8PWsUtziS8KgsccCuinBs4MfmEcMnrqO8GeCoNDgW5uoxJcsN2T/DXX53daazBjkmlzn2rsjFJH
xtavKtNymxSMUg4pc0h5p69zBJCg5peKbQKNe4EgNHWkpaAsgqNsVJTTQBXkWqsi8VdkqrJzQBQl
XiqzLV2Rc1VYUAQEUwjmpDTDQA00lKaTFAAelJ2paSgBDTcU/HFJQNDSKTFKaO1F2T1Kt7cSWsXm
RqWI7CsSXV7nVmNrbExsOvrXSg7e2aqjTbeGdryJcSdTisqtNyldM0TRz9vD/ZTONQRpZH+6zVHZ
xfatRUhRt3fdFWdW1Q3cvkXERAX7rYq94eswkZuT90dxXnSiqmJ5Hqo6m8XywY3xGXtkjkim8vbj
5fWl0zWWusRzAk4rL1Jm1a8Zs/uUJ5HtU2jKPtXmZARfWtalearpRejJhBOm2zpDHzwMd6QqRyc8
1z2r6+018sFqCFHBYU+y1m6ZhG8LMB1Irp+s0udwW/oZKm1G5u9BjFHFVE1i0fhjtb0NTpc20v3J
lz6VtGUZbNEuLRJRTtuQCCDSFSDjIzVCeiuJRSlWA5/SjaeM45oAbRTivGcgVG8iQKWkYKPejpcd
tbDqUcjC1TfV7JGA80HNS3NwsNkJ16Fc8VPPHXXYOV2uWNvy4yM0mc8dxXLWerzG78xzlCemeldQ
rpMgljPynrWdGvCtrBjlBxXMyjrpuI9LMlr97PNQeFp0lseQBPk7s1rbRKjRt0Ncw839j3jhOjHN
YYmfspqo+pdNXR1AAkbbtXeO+Kqytb6lutmGWQdapN4kgFsCv+sPFT6VDiJ7hxgvW6xFOorRV0TK
DTuzAWzkur97SMFVU4LCuosrGHT7cRxoPN7v61LGkcXzIoDNyTT+p5qaOFp0k3bVhKpKouV7AOet
L7D86Tv/AIUrFIk3zSLGg5ya6dW7IzbtuPRWbgLuqK+vrTS4TLdTRjAztJ5rkvEPj+1si1tYKZJQ
PvKeK83vb+91adpryVirdtxwK7KODlPWRlOslsdb4h8f3N4GttOLogON61xjrLcSma5leV/Vz0pU
AQfKMY70vU8816lOlGmrROSTc/iAYHApcUuKK0EJilxRRmnYBRUtt/x8p9ahzUtt/wAfKfWs6v8A
Dl6MqHxI9Z8I/wCpFeo2H+rX6V5d4R/1Ir1Gw/1a/SvnZbnoH//X9+7VjeI/+QLef9cm/lWz2rG8
R/8AIEvP+uTfypS2NKXxr5Hy4/8Ax8S/9dG/maUUr/66X/fb+ZpK8yW5+hx+FC06mjrTqRQClzxS
HrSjpQACg0tFACClPSkNFAAKDS0UwEpaKTvQAUUUUAJQRS0UgGUwjmpCKYVpEsjI5qNxU5HFMK0G
UolVlqErVtlqJlq4yOapTK/Q0ob2pWWmc1e5za3JlapAarAmpFc1LRrGpYshqcV4zUO4daeX2sPl
ZnPRQCc/lUXbZ0c8bXYqsBzmtTRtLu9cvBBag7e7DoK1/D3ga71Z0nu1eK34bGAM16lpul2ei24h
soQqY5cjmt4Um9WeZjM0VGPLT1ZL4T8MWXh20XAD3TfeY84rp1fv1571jRTEHrV6OXPeuyMVFHzd
arKo+Zvc0A+RTwarI/HWpQSe9UYk4pajVvWpAwoAKOlHJNKeetAADS5ptKDQA4UhozQTQBHJVdxV
lhUDrQBSkHWqrDmrsi81XdKAKhXmmMOasFTTClAEBFIRUpWkIoAhxQRUmKaVoAZTe9P280hHNADD
R2pxUUmKAGjOeKDjGefcU7FIaAKt5p9tfpscbSBwRWFONS0q2e3hy0J6nFdL1PuKdweHUNnjBrGp
S5rqO5Sloc1H5UGhsw/1jKST71UsrS5u2LxnbCvUiunn0+C5Tytu1BzxWXqEV1aW/kWaHySOSvU1
yVcOr+1fRbGkZ+7YyJ0j+0eVEMsT1rqtNtYrOyUSL85XJbNc7pMaS3YD8MvY1014wSyfDDIXpTwN
NqMq8tx1ZXSijkZwJb/MZwC2Ola9xo0MNsrpOfOPOKyba3l1C4KJkN14qzZ2122rCGdmyg4LdK5a
DTU5NfEy6lkiK3uNRDum84Wp4L++uZhFHy1bWqwxwWzeWoDY+ZhXO2N09ncCZRnFbV5yoVKcFL3R
RipRZcbVrzTLrF6P3Q61LeXlzJELu2b/AEd+ntWdeSza9c+VtGCea2J7IadoyW4OcMTj61aqOcKl
nothSik0UdPubm5lMsz/ALpO1SNcf23erFGxEQPOO9Q6QNyPHngt0qCwb7BqOEPylunpWMcQ3Cmm
/i3G4LmZqX3h+B4j5D4de+KTyp4NDaCbnaSOfpW1tJAZeV6msrVLyKW3e2T74PLZ9q9GdKMLzZjD
VWMQ29umnRyxt85UbhVrSNSa3YROMo3rVjQ9NspLYNK2845Gazr2KSPUGgt4ztP3TjNedUjOLjVp
bG0Wn7sjrVOcPGflqpdaVa3cm985qjpNlfQPvuJSY/StgnLEjp2r1NakbyjuYW5TOj0KzQ561oKA
qhF+6vajNKu49FzTjTjTXKguw9x+VORC/OcCoru8tNNhM106rxnk1554g+IVxOWttNKonTeBXRSo
TmZSqKJ2er+JtP0OJskSS44Ga8y1rxfqWtuYlcwwegHWsSQy3DiS5maR/wDaOad+FerRwkIbnLKo
2NCDdubO71B608j1/SkpRXSZXuKBxzS4oFFABRR3opgFFOopgIBUtuP9IT60ypLf/j4T61nV/hy9
GOHxI9X8I/6kV6jYf6pfpXl3hH/UivUrD/Ur9K+dlueif//Q9+7VjeI/+QLef9cm/lWz2rG8R/8A
IFvP+uTfypS2NKXxr5Hy65/ezf8AXRv5mgUN/rZv+ujfzNArzXufocfhQvenGm05fekUFL0peKSg
AzTqSkoAXFGKSigBaKKKACkxS0UAGKMUUUAJRR3opWADTadSd6dgGkVGalNMIqWQyMjNROuKnIph
GSaFoZSjcqsDUbAVZdcdqhddvNaKXQ5akbehARjkt+FOhDyPtjjd29FBP8q19K8MahrEisq+Xbnk
s3Uj2rv9M8P2WkxgRJufGCxraFNs8uvi4U9nc5HR/Bepahh7hVgiI4YNk/lXoOieFNM0nDhEeXu+
OSaljlK4CnA9hirkM3OMD6mto00jyq2YVJ6JmzHICowAB0FPPzdefrVCOTnrVuOTitUcbk27seVI
6VLHKV6mmggimsnegk0Ip+OtW0kz3rERyp61ainOeaANZW5qQHmqUcuT1qwr80AWVNPGPWoQaeGp
gSZoxTc06gAzikLUEZppFACk0xhmnGk7UAVXXmoXQ1cZc1EyUAUmSoylXGT2qIpQBVMdNZasshqI
qaAK5FNIqcrz0pjLQBD2ppFSlaaRQBERRinkUY4oAjxSYpxFJQA0qDig/SnUmKadgG85z0oDEE+h
p1NI5pLR3BaEAs7ZZvOCfP7VT1LTLi7k8yKTC91rTwR3pQAoyCRUSpxaaS3HfW5zNvbXum3QlWIs
Pao9Sv7u6lCQQuspPWuq3vjAP503y4927b8/risFh5U1y03ZFuV9zFmme10ZYbt8zsKo6WIpC0Mu
AxHFdFPZQXMgeQZYdM1D/ZNqJRJjDDnilUw8nWUt0hxnY52Nm03UskYwe3TFdBfXtrPp/mBwWxyK
fPpsNz8zYB6c1AmiWy8ZOPSpo0J0uamvhl07A5pmLpt7FbXW91OxzxUl9pFzFP8AaIMuj8jHat0a
VZgYZQQOlWU+RNgJIFKGB9zkm7voEq3vaHOwnVDAyKH+YY5p76FPJaqEP70nLE10G4r92guQSRnN
bww7j8buyHPsZljoy2BVi2WA5GeK0QVVtwQbvUCk4xyTk0cqcAZrWMI0o8q2E73uxSxPA5+lNGS2
NtPRGc4zsHrWVqvijTNGVlZ/MnA6A5rSMJN2iiW0tzVZUhj3zSBB71yfiDx7Zaapgs/3kp4yK4vW
vF9/rUjLHmKPPAPFYSxhecAk9Sa9GhgUtZHPKt2LWoalfavMZbmVyn8Kk8AVXAC4CgD6UcjAzS9K
9BJJWjoYSbkFFFFMkXFLigUYpgKKKKKAFxzQRzS96D1oAMUuKKKYgqS3/wCPhPrUdSW//Hwn1qKv
8OXoy4fEj1bwh/qRXqVh/ql+leW+EP8AUivUrD/Vr9K+de56B//R9+rG8R/8gS8/65N/KtmsbxH/
AMgS8/65N/KlLY0pfGvkfLz/AOul/wB9v5mkoc/vpv8Aro38zQK817s/RI/Cgp2aTFAFAxw6UopB
S0ALRRS4oASilxSYoASiiigB1IRS0lAAKKXFFACYpO9Lmg0AGKQigdaU0WAbim040lSS0NIpjDJA
6j09KkbjqcD1PetbQfDOoeIbkJBbskB6zE8YojFvQyrVI043bMSKCS5mEFvFvkPQLya7vw98PEUJ
eauTv6rH2rutC8I6b4egAihSS47ysMmtOZdxyefr2rsp0bLU+YxmZuTcIbGGbWKCMJCixoBgADtV
GWP0HHrW/LCCOgqhPDx04zW9rbHit3Mdsqakjk6c1JNHjtVYgqaBI0o5enNXopMnrWHHLz1q9DNz
1pj3NeOTmrCtmsyKWraScA0CLDIDTQdp605XDDmnEKaAHxTYPWrkc4JrPxjpSpIVNAGzHJnvUwas
mOcA9auJMCOtAF4MKeGqqrg96lVvemBMTSE03dRmgANJS5ppIFAC9qYRTt1JzQBGy1GUqxj1ppFA
FVkqIpVtlqMrQBVKVEy81bK1GyUAVWWo9tWXXmoytAEJWmleKmK0wjmgCPHFNK1KRxTSKAIjSVJi
kxQAzFJTyKQimgG0EcU6kNJAMpeaWlp9bgRnNLinYpKmN0vMBppOafSVWtg0GmkxinHpQMY5/lSt
fXqF7sbzR0p4DN91SfemXMtvZJ5l1MkajsTzRyt+oPTVjkVnYAJn1PpVW+1Cy0mFpLuQbh0Ga5DX
/iAkQkt9PwT03DmuAuby91BzJdTyNntniu2jg5S+IwnWWyOs8QeP7q8LQWICx/3wa41/MuZDNcSN
I575oCheFAApwJHTivTp0o0/hOeU5MAFUfL+tFB5pK0IsLijFApafoAUUuKSgBwpaQUooAMUYpaK
AFAoxS0tAhMUYpaKYCYqSAfv0+tMqSD/AF6fWoq/w5ejLh8SPVPCH+pFepWH+rX6V5b4Q/1Ir1Kw
/wBWv0r517noH//S9+7VjeI/+QJef9cm/lWz2rG8R/8AIEvP+uTfypS2NKXxr5Hy5J/rpv8Aro38
zQKJP9dN/wBdG/maBXmvdn6JD4UPFApBThQUKKdTQacKACiiigAooooAKQ9aKKBCilptKDQAUUUU
AJS0dqKBiUUtIWITcxo8habsTHOKWNJJX2QRmSQ8bVFaOjaHe67ciK1iYrnBYj7teu+HPAtjoUSS
T7Z7kjqR0rSFFyPMxeZwoJ23OP8AC3w4nuTHfaoxjjHIgbGa9Pt7aCzhWG2QRxKMYUdastkEYwqD
oBTD0yK64U0kfK4rF1MRLmuQuvOeMdgKgdRVoionXPartY47t7lJ0yKqSRcVpsnFVnjyaAMeaHnp
VCeIjtW7LFzVGaDOaQGKV2mpEk2nrU00OCaqMpU0DNGKer8UvHNYSSEGr0M/qaANlJBip1bPes2O
UYqyknHWmIuikK1HG/FTAjFAEYO01Ok+OtMKgioipBoA0o5watLKPSsVJCtW458nmgDVEgPSjdVJ
ZR61OGyOtAE26jdUW/NG7FAEoYU4NVffUgbimBPmkxTN3SnA5FACEUxl9qkoxkUAVmWmMlWSlMZa
AKjJUZWrZWmMtAFQrTStWWSomWgCArTCBU+3nmmso9KAIcU0ipttNK80AREUhFSlcU0jigCLFBWn
kcUmKAGYpKeVpMUAJSYp2KTGOtMLXG0nFKQTjAzT3RY4/MndUX0JojFyYXsR4LDAFD7LaMtPKsSg
c7jXNa149sdLZorZPPYDHHY151qfirVNZdsyNHGT93NdVLCVKj00RlOsuh3mveP7CwUw2BaST+8B
kV55qms6hrcpNzJhPQMaoCMdSxZ++acOK9OnhoU/U5pVGxqRInTAp2eucmkNFb3tsZinFFJSikMK
WkpaACiiigQtKKMUUwFxxQKXtQKAFFLSUoFAg70tGKKACil7UAUwAVJD/rk+tMxT4R++T61FX+HL
0ZcPiR6n4Q/1Ir1Kw/1a/SvLfCH+pFepWH+rX6V869z0D//T9+7VjeI/+QJe/wDXJv5Vs1jeI/8A
kCXv/XJv5UpbGlL418j5cf8A10v/AF0b+Zoof/XS/wC+38zSV5r3Z+hx+FDqcKbThQWgFPptKDTA
WiiigBaKSlpAFJS0GgQlGaMUuKAAUGgDmjvQAUewGSelISAMmrmm6XfazceRYwO5B5YcAU4pyZE6
kYK8mU94BCgFn6bRXa+Gvh7c6tLHcagGjgHIXpmuv8L/AA+s9JiS4vlEtyecMM812u4lQoCoq8BQ
K6YUluz53G5vd8lMqafpllpNusNlEEUDGe5/GrPPt+VKBQc10bbHzs5ynLmk7iEZ60hApaCKZJGR
TCKkxTSKHqBCVzUDJg1b7VG4zSsBQkTNVJY+vFajKKrSR+1FgMWaHPOKozRZHSt6SL2qjLD7UAYr
LtNOWQrVqWHHaqjpg0AXYZiR1q7FJkdaxkYjpVuKbA60hmzG/oasK4zisqKU9jVuOQE9aYjQDZ60
7r1qqshzxUyvxQA50HamglakBz1pCuaYAs2OpqzHPx1qmyU0ErSA1FmzTt+aoRyYqcSZoAs7qcHq
sH96cH560wLgbipFbiqYepkbjrQBYBzTxUKtmpFNACmkKjFP60uBQBAVphWpytJtoAqslRslW2Wo
yntQBUKUxkq2UqNloAq7KQpVgpTCtAFcpTStTlKay4oAhK8UwrU5GBTCMYz3o0BIixSbTmpxGx7c
VBdXFnYqXuZlUehNNJydkDaQhHOBzSyIkKGSZlCDnk4rj9Y+JFjZhoLEpJIPSvP9U8R6rqzsJJZI
42OcK2OK66eCnPfQxlXSPRdY8fWGmqyWxEkvTGM4rzzVfFer6y7Ay+XF2wMVkiID7x3H+8etKRxj
OR7V6VPDU4LVHPOq2RrH825iS3c561JgZBHUUgo6VuZgeuaSlNJQAUYoooASlFLRQAlLSUtABS0g
pRQAtFFGKAHUCgUoFACiloooEHenYpOM0tABSgUmKUU0AGnw/wCuX60w0+H/AFy/Woq/w5ejKh8S
PUvCH+pFepWH+rX6V5b4Q/1Ir1Kw/wBWv0r517non//U9+rG8R/8gS8/65N/KtmsbxF/yBbz/rk3
8qUtjSl8a+R8uyf66b/ro38zTRSuf3s3/XRv5mkFea92focfhQ4U4UwU4UFodRSUopgOBzRSDilF
ABQOtLRQAtIaM0UIAoBoo/CkJ9xetNLL0UEn2pHYRjLEAGreieI9M0q5M13paXbIcruYgV1UcJUq
/CjgxeYUsPF3d35HSeGvAOo61Kk9xm3teuD/ABCvXNJ0Sx0O3EdnCuccsRzXmUfxvjijEUWjRKg6
ASn/AApx+OA/6BEX/f5v8K74YCpHofI4rM51paPQ9bHPQ59aMe1eSf8AC8B/0CIv+/p/wpf+F4D/
AKBMX/f4/wCFafVKq6HD7RLY9a2mkIOK8l/4XeP+gTF/3+P+FH/C7x/0CYv+/wAf8KPqlTsLnT3P
WefSl5x0ryX/AIXgv/QIi/7/ADf4Uf8AC8Bn/kERf9/m/wAKX1Sr2DnR6wR7U0j2ryg/G8f9AiL/
AL/N/hSN8bxjjSYv+/x/wp/VKnYOdHq5HtUbD2ryr/hd4x/yCYv+/wAf8KafjcP+gRF/3+b/AAo+
qVA50epsh9KhkjPpXl5+N4/6BEX/AH+b/Co2+NwP/MIi/wC/zf4U/qdQOdHpckZz0qrJESeledH4
1qx/5BEX/f5v8Kif4zKf+YTF/wB/m/wpPCVB8yO8nhGelUpIOuBXEv8AGEN/zCov+/x/wqvJ8XAR
/wAguMfSUn+lQ8LUQ7nalCvakBIHSuDb4qBv+Yan/fw/4VC3xS/6hyf9/D/hUOhJDuelRSnir0ct
eTj4pkdNOT/v4f8ACpU+LO3/AJhyf9/D/hSVKQrnr0chqdHryNPjBj/mGRf9/T/hUq/GTHTS4j/2
2P8AhWn1eYXPXQ5xUiuTXka/GcY50qL/AL/H/Cnr8acf8wqL/v8AH/CmsNMOY9bxntTGQ56V5YPj
WP8AoExf9/j/AIVPH8ZA/wDzCov+/wAf8Kf1SoLmR6XyO1OVjXnkPxWjlODpqD/tof8ACtK38fxT
n/jwQfRzUOhNBzI7UMacG5rAtvEsVwB+4C5/2jWnFepKOEwazcWh3NEPxUqvxVRZARUqt6VIy4j1
KjZNUkepkc560AXFPvTwarq9SqTQBLijbQtO5oHYjZaYUqfGaTbQIrMlRslWiuaYyUAVClMZKtMu
KTyGY4VSaPUCmVxTSp9evarNwbW0jaS5nCADpxXKat4/0nTUKwhJ3HAO7mtI05y2RMpxR0H2cg5c
hR6k1m32uaRpgc3E4Yr0ANeZav8AEHVdQZlgxDGenGa5WZ57x2luZWcn3rupZc2rzMJYhbI73Wvi
eGVoLCE9cBsVw9/qmo6m+Z5W29cA1XVFUcCgjnvXoU8PThsc7qSZEI1z0+b1NLzTqTmtW2Lfcac0
c0vNLU2vuGg3FIRS0U7AJikxTqSiwCYoxTqQ0AJRS0lABRRS0AJSiigUAOFBoooAcKUUlOA4oQBR
R3pQKYhMc06lxRQIXtSUtFACU+H/AFq/WmGnw/65frWdX+HL0ZcPiR6l4Q/1Ir1Kw/1a/SvLfCH+
pFepWH+rX6V869z0T//V9+rG8Rf8gW8/65N/KtntWN4j/wCQLef9cm/lSl8JpS+NfI+W3P72b/ro
38zSCh/9bN/10b+ZoFeb1P0OPwodSim07NBaHUdKQGimAtLQKD1oAXNGaSigBaUHtSUEhVyxAWqU
ZTlZCnOMY80h456VBPdJEMA/NVS4vgwKRcD1qlnccsSa9jCZZze9M+bzHO4wjy0dyWadp2+fIHpU
eR2pBilr34Uo01aKPkqtadV80mL0o60dqK1t5mVkKKM0lLRZAIaKKKWnYLsXNJnntR2o7UadguxC
c0lHelo0C7GHOaOtOIpvSh2HdjTTCtSkd6bip0GmQ7aaRipivNNZaLItSISBTCPapttNK1lKKZVy
A/jTCPc1MVphWsJ00UmRH2JoBx1zTsUhFc7jZ6DFB96XOO9NFKacZagPBp2aiBp4atlMRKrY7Vah
bpVJWqzFKBxWqkJmzbt05NdJp23K8Z+tctaSLxzXTafyVzzWVSzQI7DTeoxtArprQ4A5zXL6dkAf
LXS2p+UcV5tValo14+QKmUkVXjPA4qcE1zPcomVqlVqrAmpA1IC0G5FTI9U1bkVMrHNAF1X5qXdV
VA7dF/GpwpUZaRF+pofkGhKPw/OnDmqkup6faKWnu4QR7isS/wDiDolip2zF3H91citI0qstlcl1
ILc6YR7+OlNJhgUtNKgA9WFeV6l8U7ifcthEwHYlMVyN9r+q6kzGadkU9ga7KWAqT30MZYlL4T2P
VPGGj6UCWlR2Hoa4XWvihcSFlsBtB6EVwPkK53SMXPqxpdgAwAtd1PL6cPi1OaWIlIlvdZ1bVGJu
L2Xaeq5rPFsgOWyx9TzmrZB7UwiutRjBe6jJtkJXjtTCD+FTFaaVo9RkOKaRzUu2mFeaQyMikxUh
WmkUDGEUU4ikxSsA2ilxRigBKSnYptAwpKWjFIBtBpcUEUANpaMUYoAKKMU4CgApRQetLQIXilHS
m04dKYC0ooFOxQAlKKSlFAgooooAKfF/rV+tRk0+E/vl+tZ1f4cvRlw+JHqXhD/UivUrD/Vr9K8t
8If6kV6lYf6tfpXzr3PRP//W9+rG8R/8gW9/64t/KtmsbxGP+JJe/wDXFv5UpfCaUvjXyPlmQ/vp
v+ujfzNLTZP9dN/10b+ZozXm9T9Dj8KHZpRTRThRcodRmm5pQaB3HijNJSZpjWrHZOM4zRnPTg03
OBycCqVxfclI/wA66aGGnVeiOPF46lh1uXJbiOJeW+b0rNmuXmPPC+lQMxfluTSZr6LCZfGmvePj
cfnFSvonZDs0dKbRXopJbHive46jvSClzzTEPBpM03mgZqQHg80d6aODS5qkA7ik4pKM07gOo7U2
l7UgEpRSUooACKbinEUmDQAh6U008imkGgoaRxUZzipe3NNI4oGmRMOOKaamxxUbLUlJkZFRkVNi
mFTWcolpkOKaRUpU00isJQGR4pKcaSsJRsAlLSUuaExjlNSCohT1NaxkJlmN5EPBzWtZ6xc2xHyg
j61ioRmrKYPua0VnuQ2+h3WleNI4yBNHXY6d410tgBJkV48mCOmKnVAR1YfjUSwsZk+0aPeYfFWj
uBiYD6mri+INLIz9oX868AAZcbXb86XM5/5buKy/s5PqH1hnvx8Q6WvJuFx9aafFuix9Zgfoa8E/
fYwZnP40mxu8j/nS/s6PVh9YZ7jN4+0WL7pyR71m3PxSsof9TCxNeQiIZBJY/jTwqg9/zrSOBorc
h1pHot18Wrthtt7fA9Saxbrxzrt5kqyop6/NXLj1wPxqVGHXHNbxw1NbJGbnJ9S7LfX92xae4c59
DTUQdS7H2aoFf/IqVHzzj8zXSkorQyd2WAFAwBS1Grc0/INFwFpTzSZpaFpsIaRTDmpTTSKVgIsU
wipiKaRQ9dwuQkVGRU5FMK1NiiI5ppFSkU1hTAjI4pMU/FJQAzFJTyKbikUJzSYFOptIAxSGlpCD
QAhpKcRSYoASloxRQAYoFFAFIBaUUlL0oAXFOHSkA4pR0pgKKXNIKWgBaKKKQgooopgIafD/AK5f
rTKfCf3y/Ws6v8OXoy4fEj1Lwh/qRXqVh/q1+leW+EP9SK9SsP8AVr9K+de56J//1/fu1Y/iP/kC
Xv8A1yb+VbBrG8Rf8gS9/wCuLfypS2NKXxr5HyxIf303/XRv5mkFJIf30v8A10b+ZpRXlt6n6HD4
ULSg000Zo1KH0oNNLcc9aNwAyeBVbuy1FJqKux4qOaeOFfmbJqrc6gsYwgyazHkaU5Yk16uFy9z9
6R4OPziFNclPctTXbTnC5UVB+PIpme1LkZ4r6GnRjTVonx9bE1K0ryZIGo60zIozWtzneu5IMZpc
81HmnA0aAOzRmkzzS5FMBc0uaaTRnigB2aAabmincB+aKaKUnii4hwNKaYDTs0AL2oFJRmgBxNIO
tJRQMU000tFADT0pAOKdSGi4XG4phFS4ppFIpMiK4phFTEU0qPSgtMgIppFSkUwipkirkRWmkVKR
TSKwlEpMiIpKeRSEVi4jG5p6mmYpwqNgJUPNWozzVVetWI+tawZDLkZq0h+WqkfWrSVvFmMmycci
nUxelOzVmYuaUU0UtNAOHWl700HmlzTuId2pwNR5pwPFF2IlVqlRqrA1IrU0xWLQbmpFaqwbmpVY
UxE4OacDUQanhqZI+kxQDS0IBpHFNIqQ00imBGVppFS4pjCpHcixzTWFSkVGRQFxhXimlTUnNNNI
CIg0gFPOabzSKuIRSYpTRQCYhpKU0lIYhpKU02gBaKSigBaKBS0gAUppKWgBw6ClxSClHSmAtFAp
aBBRRRSAKKKSmAGnQ/65frTadD/rl+tZ1f4cvRlw+JHqfhD/AFIr1Kw/1a/SvLfCH+pFepWH+rX6
V869z0T/0PfjWN4j/wCQLe/9cG/lWyaxvEf/ACBL3/rg38qUvhNKXxr5HyrJ/rpP+ujfzNANJJ/r
pP8Aro38zSZrzGlqfoMHaKQ7OTS854pozg84FVLnUEg4Q5aro0qlTYwr4mnQ+IuSTJCpZzz6Vk3G
oPLkLwtVZJnuG3O3HpTMjsK+hwmAjTjdnymPzipUfLT2JVb15NG41GDTga9RWseG02277j880vem
Zpc03qRaw/NLzTA1Lmi4WHc0uaZmlzRcQ8HinA8VHnilDcVSYEgNL2qMNS7qdxDxxS5poNBNAh1F
IDxRmmAop2aYDS5pgOBpc0wGlzQA/NFNzQDQA6jNJmigYUGg0maAFPSm0uaKAGkU0089KaRSKTIz
TCKlNNOKCrkJFMNTFajZazaKTGYzTCKfgg0Hms5RKuR4pwFGMU7FZSiFxVHNWY6rL1qylESWWo6t
IarJ0qwlbxMpEwNLmminVZmKKdTQaWgBc0UlLTELSikopiHDNOBwaaKM80DJQ3NSK1QA1IrU7ktF
gNUgaq4apFamKxYVqfkVArU8NTQmiWkNIDmlpiCmNUmKbikBHimkVIcCkI4pAQkUw1MVphWgZEab
ipdtNxg0hkR60lSNjdTSKQ0MNJinGkoASkxS0UhiYopaSgAooooAKXFJ3p1IBcUo6UCgdKYCilpB
0paBBiilpDQAUmKWigBKdCP3y/Wm0+H/AFq/Ws6v8OXoy4fEj1Lwh/qRXqVh/q1+leW+EP8AUivU
rD/Vr9K+de56J//R9+rF8RnGiXn/AFxb+VbQrF8SDOiXn/XFv5UpbWLo/wASLZ8pyE/aJeOPMb+Z
pjSLECznHtUN5epDNIvU+Y3T6msea5edvmPFZ4fBSnJtn1GKzSnRgowepbutReTKxcD2qiM5yTkm
mjAPHSl6Gvdo0VTVrHy2IxlSvL3x9LmmZozXRc5B+aUGmZozRcLEu6l3cVECaXdVphYkBpc1GGpQ
c0XFYfmlBpmaUGi4NDwadmo6UGncVh+aUGo80uaZNiTNOBqLNKKdwsS5pc1FupwqkxWHUuabmgGn
cVh9GabmlouFh2aAabRRcLD80oNMzQTmncB5o4pvajNFwFzRmkpKVwHZpDSUUDEppFOPFN60DTGs
DSY4px5pDUspMiYUwg1LSEZ6VLKTIcUvNO20YqGirioKsRjmoVGKnj61NhSehZj61ZSq8dWUqkjG
Q8UtIKWrIFpRSUZpgLS03NOzQAU4U0UtMQ7NKOtMpQcUAP70ucGmA80tMCVWNSBjUAbFPVqZLLKt
xTwxqAPTw1NEtFhWqQGq6tUitTFYkopA1LQAhA9KaaeaaRmgBpHFRkVLjFNIzSAhIppFTFaYRSsM
iK03GKlIpjrnpQwGEU3FPxSEUhjDSU4ikxQUJSUtJikwCiiikAtKOtJQKAH0DpSZpR0pgKOlLSCl
oELRRRQAUhpcUhoASnw/61frTKfD/rl+tZ1v4cvRlw+JHqfhH/UivUbD/Vr9K8u8I/6kV6jYf6tf
pXzjPRP/0vfe9Yvijjw/f/8AXB/5Vt1h+Kf+Re1D/rg38qqKvIGfGU5Y3c5Jz+9b+ZqOnz/8fM//
AF1b+ZqOvYgkoqxlJ8zuxwFBpB9aKu4t9xc0ZoFBoEKDS02jNO/cB2aXNMzTu1PmQC5pQeKZSg07
oQ/NAam5pad0A8GlzUWaUGnzIRLmjNMBpc1XMhWH7qcDxUdLmi6FYfmlDUwGlzxQpILEmaUHiowa
XNVdCJM0oaowaXNF0BJmjNMBpc07oQ7NANNzSg0XQrDs0ZppNGad13Cw/NITTc0uaLruFhc0ZpKQ
0XQCk0goNFF0MDTCKcKSk7AMFLjig0Gp0KuNxS4ooFJ2GKo5qdBUaipUFLQTLMY4qZKiTpUyindG
cmPFOpopad0SLSGloougEHWnZFJSd6d0A/NANJSii6AWijNAp3QgHWnZpKKd0A7PFOBqOnUXQEqt
UitUANPDU00KxYVqkVqrhqeGp3QiwGqTdxVcNUgNF0SSZopoNOFF0IQ0mKd3pDRdAMIphFSEUhWn
dDIiKaRUhFMIqW0CIzTTUjCmEUroYw0lOIpuKLoY00UpFBFK6GIaSiijTuAtFIKWldAOFKOlIKcO
lF0ACnU0UtO6AWjNFFF0AZpDS0hougDtTof9cv1plPh/1y/WsqzXs5ejKh8SPU/CP+pFeo2H+rX6
V5b4Q/1Ir1Kw/wBWv0r509E//9P36sXxQufD1+M9YWxx7VtVWu0EsRRhkHqMcYpxdmM+IbiCYXU+
YZf9a3/LM+p9qh2P3Rx9UNfWGr+F9PkZitlCA3OQgrjbzwbAzNtt0H/Aa7I4qysZuJ4CFb+63/fJ
pdrf3X/75Ne3f8IRF/zzX8qP+EJi/wCeY/Kn9bQch4jtb+63/fJow39x/wDvk17d/wAITF/zzH5U
f8ITF/zzH5VX1xByHiOG/uP/AN8mjDf3H/75Ne3f8ITF/wA8x+VH/CExf88x+VH11LoLkPEsN/cf
/vk0uDj7j/8AfJr2v/hCIv8AnmPyo/4QiP8A55j8qPrvkHIeJ4b+4/8A3yaMN/df/vk17b/whEX/
ADzH5Un/AAhEX/PMflR9e8g5DxTDf3X/AO+TS4P91/8Avk17V/whEf8AzzH5Uv8AwhEf/PMflT+v
eQch4pg/3X/75NGGz91v++TXtf8AwhEf/PMflR/whEf/ADzH5UfXvIOQ8Vw391v++TSjP91/++TX
tP8AwhMf/PMflSf8ITH/AM8x+VP6/wCQezPGBnP3W/75NLg/3W/75Nezf8ITH/zzH5Uv/CEp/wA8
x+VNY9dg9meMjP8Adb/vk07n+63/AHya9l/4QmP/AJ5j8qP+EKj7Rj8qP7QXYPZnjXP91v8Avk0Y
Po3/AHya9k/4QpP+eY/Kj/hCY/7g/Kn/AGiuwvZnjoz6N/3yaXn0b/vk17D/AMITH/cH5Uv/AAhU
f/PMflR/aK7CdI8ewfRv++TS8+jfka9f/wCEKj/55/pR/wAIVH/zz/Sn/aK7B7FnkHPo35GlwfRv
yNevf8IVH/zz/Sj/AIQuP/nn+lH9orsL2J5Dz6N+Rowf7rfka9e/4QuP+5+lH/CFR/3P0o/tFdg9
ieRc/wB1vyNLyf4W/KvXP+EKj/ufpR/whUf9wflR/aK7B7E8iw390/lQQf7p/KvXf+EKj/55ij/h
Co/+eS0f2iuwexPIiGP8J/Kja390/lXrv/CFR/8APJaP+EKj/wCeYo/tFdg9ieQ7W9D+VG1vQ/lX
r3/CFR/88lo/4QqP/nmB9BR/aK7B7E8h2n+635Gk2n0P5V6//wAIVH/c/Sl/4QmP/nktH9orsP2L
PH9jf3T+VAR/7p/KvX/+EJj/AOeS0f8ACFJ/zyWl/aC7B7JnkiI390/lU6I3ZT+Veq/8IVH/AM81
pf8AhC0H/LMUf2guweyZ5kiNj7pqZUb+6a9I/wCENH9wUf8ACHf7Io/tBdifYnnIRvQ0uxvQ16L/
AMIf7Cj/AIQ72FH9orsHsDzra3oaNp9DXov/AAh3tR/wh3tR/aK7B7A862n0NG0+hr0X/hDvaj/h
Dh6Uv7RXYPYHnW1vQ0AH0Nei/wDCHD0o/wCEN9qr+0V2D2B53tb0pdjeleh/8Ib7Uf8ACHe1H9or
sJ0Dz0K2elLtb0Neg/8ACHewo/4Q8+gpf2j5B7A8/Eb/AN007Y/9013/APwiB9KD4QPpT/tHyD2B
wHlv/dNOCP8A3a7z/hEDR/wh/wBaP7RXYX1e5wwRsdKcqt6V3H/CIUf8IiR60/7R8g+rM4pVbPSp
gD6V1/8AwiDdeaD4RbHen/aa7C+rM5IA+lSAHHSupHhJ/el/4RJ/U0f2muwPDM5YKc9KUqT2rqP+
ESf1NH/CJP8A3jR/aa7C+rM5bbSEY7V1X/CJP70f8Ik/vR/aa7B9WZyRQmmbT6V2H/CJP70f8Ik3
vR/aS7B9WZxxQntTCh9K7T/hEm96T/hEW96X9pLsP6sziTG3pTCjeld1/wAIi3vSf8Ige+aP7SXY
f1ZnC7G9KTY39013f/CIH3pP+EPPvSeZLsH1ZnCFH/umk8t/7td7/wAIgfSj/hED6Uv7RXYPqzOB
CP8A3adsb0rvP+EQPpR/wh59DT/tFdg+rs4TY3pS7W9K7n/hDz70f8Iefej+0F2D6szhwrDtRg+l
dx/wiHsaP+EQ/wBk0f2iuwfVmcRg+lGD6V3H/CIf7Jo/4RD/AGTR/aK7B9WZw+D6UFT6V3H/AAiH
+yaP+EQ/2TR/aC7C+rM4bafSprWJnuo1x1Ndn/wiBrRsfCgR1bZyO9RPHqUXG25UcO00zS8K2xSJ
c969LsRiNfpXNaPpfkqoI6V1Vum1QK806T//1Pf6RgCKWg9KAKktsGFVH0yNv4a026U00AZP9kR/
3KP7Ij/uVrmkoAyf7Ij/ALlH9kR/3K1qKAMn+yI/7lH9kR/3K1qKAMn+yI/7lH9kR/3K1qKAMn+y
I/7lH9kR/wBytaigDJ/siP8AuUf2Sn92taigDJ/slP7tH9kx/wB2taigDJ/siP8AuUf2RH/crWoo
Ayf7Ij/uUf2RH/crWooAyf7Ij/uUf2RH/drWooAyf7JT+7R/ZEf9ytaigDJ/siP+5R/ZEf8AcrWo
oAyf7Jj/ALtH9kx/3a1qKAMn+yI/7lH9kR/3K1qKAMn+yI/7lH9kR/3K1qKAMn+yI/7lH9kR/wBy
taigDJ/siP8AufpR/ZEf9ytaigDJ/siP+5R/ZEf9z9K1qKAMn+yI/wC5R/ZEf9ytaigDJ/siP+5R
/ZEf9ytaigDJ/siP+5R/ZEf9ytaigDJ/siP+5R/ZEf8AcrWooAyf7Ij/ALlH9kR/3K1qKAMn+yI/
7lH9kR/3K1qKAMn+yI/7lH9kR/3K1qKAMn+yI/7lH9kR/wBytaigDJ/siP8AuUf2RH/crWooAyf7
Ij/uUf2RH/crWooAyf7Ij/uUf2RH/crWooAyf7Ij/u0f2RH/AHa1qKAMn+yI/wC5R/ZEf9ytaigD
J/siP+5+lH9kR/3P0rWooAyf7Ij/ALlH9kR/3K1qKAMn+yI/7lH9kR/3a1qKAMn+yI/7tH9kR/3P
0rWooAyf7Ij/ALlH9kR/3K1qKAMn+yI/7lH9kR/3a1qKAMn+yI/7lH9kR/3K1qKAMn+yE/u0f2RH
/drWooAyf7Ij/uUf2RH/AHK1qKAMn+yI/wC5R/ZEf9ytaigDJ/siP+5R/ZEf9ytaigDJ/siP+5R/
ZEf92taigDJ/siP+7R/ZEf8AcrWooAyf7Jj/ALtH9kJ/drWooAyf7IT+7R/ZEf8AdrWooAyf7Jj/
ALn6VLHpiKQQtaNKKAIIrYR1ZUYFJThQB//ZCmVuZHN0cmVhbQplbmRvYmoKMTcgMCBvYmoKICAg
NDA1MjMKZW5kb2JqCjE5IDAgb2JqCjw8IC9MZW5ndGggMjAgMCBSCiAgIC9GaWx0ZXIgL0ZsYXRl
RGVjb2RlCiAgIC9MZW5ndGgxIDk1ODAKPj4Kc3RyZWFtCnic7Xl7eBRVtu/etWr3o6qru7o7nU46
6fQrCXkQEjqEQEBSKiAK8swwiRIJDyMmYhIjGRoMCTIaw0MEMQTECDHDI6LkICKXDATOcADP0eFw
hDvH0ZnxjHHmfteYo3M5nhGTyllVnUR8zXfvX/e733drf1W79t71WM/fWquKUEKIQBoJEP+K1cuq
P5TbthESf5kQ7r4VdY/7n/708HZCEpMJoR3l1Q+t/vMzX1wgxIvrZMtDj0TKi86fTcLzo3hP4qoH
l620iXcdJiSpCOcmrsIJ26vmXhxvxXHyqtWPrz3bYS7FcReOtz5StWIZocefI8Q3FcfPrV62tpo/
wK/D8Ts49lc/9mD1zsU7CnDcRwhrIBwpV1v4ctaB1BqJR7HwV4jhCjWx1RxPsi9c6xtP5Gt91/py
nPaAPSVgD5TzZKAWEgY+UVuM1r/+5TFDOj6jjBDDXnadmIiLTFLiLcY6a61A6sxG6rIRPsUhmdNI
SAzGyjf6esPX+uyTcRtPsvvCN/rCOSeOuXvcHC1NyQ077DKXSWlerj2UF/ATu0wC3P4t//P9f/10
y+C5nh5OpTtpp/oTtSpCx9K76AyaebMjwn8cURvV3eoLagOKVKOFdSEtbvJTZZy0S3Q97xTrbLvs
xufNO6HO/iyrde6kdUS2OKzpJochxhHLkzSHEOKCcUheWKPvWh+eaPRh3zfQJ/f2y3jIOTE/vioe
Cc2N0qfvgeFzrS/r6WHTNg9upU3NzWqEa2rWSdv/GzVwdnDg7GDHb9T9SJ8b6fsD0mcjVUqCmVER
dhprJaSIdxgEh8maZgmRNAMny9cu9A70XuuT+5GS/vCN/jCKLYfO7rIUze6yFt0/u0suur/4DJGH
zuFTZWzKJHv+pBLFrdiX2svs2/ntbLthu7HR1GhuFBpFsVSjMeAK2aOU57po7UX1oWZ2uUldeSnC
v9dH16hb+r7OiqChEG7oc9TpHJ1OB9mqLHD4ZAfPeLuP8SLuJjMn+Bjj5SQOOEeS3QHA2ayclASc
RZvKcIBYJ0tmBrQOao0ENWuVLKJgYjxwktNAnPK1d+xuzQqm9va5UeiOyTmzFxUbZfaZkX3mDhtl
02f6QNZH+qw2VxIM5eVSbC5kBwKQ68KDvI4L/zuX++zgjJ3rB6/UH+fplT9F2BI0jggdr16JcCFu
yoht1CJPErlN8YhmI9SxWrNmDYY0k+CwoCGY0A6sw2Yq92qS7/+yPyxfyFHMOUKOmGPJkfhRC9Bk
GdU7kHPcnCZN35Gvs/rULfiupqGP2Rz2OUmnRqUwFOSSAz6LmOTjvH6faBEzRIs/wMfSVraBjIlt
9WxwOdaPqc7wi5aA1+R2uDgHMTld45O9TmLLyZBvXOi71oumIPfbHVHnkXtvXEDTvKj2oRSjkrN+
hqdG/VgSPE7QkUqVZwxJBp8xmCakiWmWNCnNmuZL86cF0oJpoQKhQCywFEgF1gJfgb8gUBAsCBUL
xWKxpVgqthb7iv3FgeJgcahSqBQrLZVSpbXSV+mvDFQGK0OdQqfYaemUOq2dvk5/Z6Az2Bk6I5wR
z1jOSGesZ3xn/GcCZ4JnQoU5mfMz92d2ZfKlpDTfnptEc8MT8yakZtNxNG9CciDMu+2hcTQUNLhi
Yn00ibpi+EAwua3B+689L7Y/evSjD47TMVTYRBNaG7wX3ty1e9U/ffTP3epl9epO9aNZdPnhg3WP
3bcyM3/SpVO//8+xY9WTe7c/VF66bEL+hA/P//HTMBnGpuOo8wSSTHYps0TBDBaTD3gw+ngeMkw8
SQQ+sU7cHXLWuWrtEl9nMxj9PIN4E4kFvxjygtViYPHomP7k+Bg5LdEScgRTRrBC7pXPnbM73JNR
6o7JdmyaSfeHw2g2ar9jstZGDRv3YeXYUDknRKPNxpUi124nmjOMo5nUrtu1Dn+8K8aQEhVXJuUL
S9Zl/XaP6uqfsWzxbecGCdpcEeVpwtuDLZu27t69dRP3vrTkp2pZhP5q672Dv4totnj13L43A63b
trWg7Q/dQDksRDlYyWZlslWKuqmYJIjouSKaJv+NU2eIYNE910hqYdRrzTZisI167Y2p6LX2UdZG
HNY07LDIo8msGaAHRCqaBLNBdEpOqyyHpJDVLyvyfFlEk6CuEMWmuZIZO8PC+sF3+wff3cb9cgd9
nrag3iI3O9iSSGQgBL/TgImSxehXX6JfeUihEk+ec28Aabt9g8W8HqoTrA6Lh8SkGKQEVM+1d/To
FfUTtS9HkXISqxLXcOvj13teTjTQUmrgh4PMqBlydtmBIs9nX05Rf62q6tPq3fQtuu4p6j/QMObX
R3577dqHL5zJpJ1//ogeoA/ScnpAuV3d8ctutUd9A9u5g4fJMM5AGcpaJJOVmCjKIMgIiDIhxBgu
aJFv9IYHesOjMVCx2aQcSZHmS2VStdQoGW/FmFxXFGHORfHFq8mB0+Rg2I9yEDGiZCsOssFi2OBY
b6mOgxSXOcUmadFsWAAIHIhfVfEN8T3xV+IRv1L0SBtl1x0VgX6E9T2nT/ec7e4+qzapRfQ1upZG
6FF10RJ6B51N59A71G71LfWU2h2h+2gFtpfUlRh3W9SVROf7PrQxFfl2kg1Kls1nNBoMPlm2ZchG
ajFBncBq7bTOSsxpRkeaLOJRQnHIDi4YMwy5vehOvVEH+lJzIi3k3eI8aFVGIyWlSqLimu9aZah2
NRkaXS+7jEZjrDHVmG/Ml1fJhtJR4dERlNb86r6eHvoePHWWE3rUmwOrz2rS/PoPcDiCJsbnD9wR
ifIwE2NEOz+deElEGeuJMUpuCu3MfUBoS3BYgbazQzKx3+NMnGWw5TllaSZP8jwGmbs9KYoIN27h
od+NEDAC2Tknic9HfBTQ8GZ3CUUYupOIgi9MIklD5/TQfTLbt93X5YNR3U9DuIx1DWPChFQNJnEw
c/du+pXSUf/GW62DT22c8ZPKlU9GIC/SsrTovXcHr0ciXF7Twy+9qoaidlKE/sIjP5qdZClO0mwx
NDvaNDuZ5ppinmYLa4ZyQzeUAc1QTsrxSnxZPGhWMtEup0ax+VYr4Y5W339fTc2SJTXqn9XztJDG
Uw+dpp4vOkeRnZ7zqvr3NQhlBmqk6epv1K/Um+r1UdmaZiEtOeQJpdDvcUq8IZOAbBzTnu6VD4yD
tpRAXIzIjO3ph0KxZhLvFGZZ3HPjTXkW2eCaGy87g7My/HJacl7q7eN1F5qKCVLvsNmgmDWpR8WO
xqMJ3j0Zg6MikXB2WAmXhavD28Oa4/+wXL83GFUB/8E9R2vferN1sKnhtkUPrGoY3N8wbeFS7J/R
VDFt/6NPtkOkYtmVq5r46ZeXVu14evAvt55p6ildvELTRzbqY6YhhsSQALlLSQ64mD0uqcMU12Gl
7dBI2q3VpjZHwjRxqpPLc9l5mUwKapalm5aGF71aRqpZlW5UxwtDiLL5ekankarpJxRMHYP005jY
aPTQOLrUSm9mtVZ/TJn69cfVrVmqgd5cWrG6pGR1xdIIC60d3LpogXpd/RrbtQWLmiK0/PTBrk8+
OXbwtKY3TJ74Oai3OPITJYXE2k1mJ2W2djs7ENsmmdvth0RhgonLJfKdDpNsybPeHo/aQW8YzaF0
P5AvaPHRoSnE58n2FHrmeZZ6GjyaQkaSgO8Jfk6NYf6cx58+PzhzdzvHT3j1CV8Jn6v+6ieL3nlT
XaLL9UxVpXnYzvnTSKORJJIHlaABiCCTdpP8stQcYzoIzZ62mGqvbCfTTJPNhkJ32KtJVYsSUcvH
ENErY7zW6QuWJTUkvZx0JYnvIT2GHmOPqcfcI1whVwxXjFdMV8xXBAuCDNVF66Us4NJFnZ9r4EMj
fgJ5cx+4fx73wWDKE5trn405mDlE/qT2qe9j4iNRE/Vwxf9y5OCvHD8z/fqtdY+/2YlR0IrTaerb
Iz67Cm3EgjYyR0mhxO4V+A6P0BGT1O5vlNpjqj1tNl+eF7N+a5401TjNHdaM5EbvwNSpvd83kpOF
oYbQsZCGPMPmoNPLNGFbUe4ayShstyZ3qCp7+NGS+1Y/XEaX71aNWXuq/6gOUvhj9Z4sNCH6h4dP
Hzz2ySddB49GmhYtwCqMoZ9nLFhEB9ZGcy12FfFfJvHkHiVor7PEacHPisHPYnDFOWySK9tsy7BL
IbMeBz2aE19AL46CpF2vCvu11Om/IxDNT6hOaEyAUTQPY0bEh7TKBUbSIi0wLvyKpqrv/1Xt/+KL
6idf3LupWgP2zy5d/nfVFuE+fm3Hc6+O4iDRcT0N65nxSanEJ8daWSr1tVtTD5hiX3Y2xyW00XZT
tRX81hAfm+vm8pJs6IAh2S2G0/UcXPPDKK1I6MXefvWiZjX6jN2h5385ylhfRkFMoaswttBdGFcY
P9kzL6MhQ8h0ZcdmuxssDVKDtcHW4GvwNwQagqJmRvYRPaTmTZg4ZVhFxlAeeoCfp3mj+uJXtaqG
mUcffeXY14On1zVW1MbVLH2nhnqpWW17akXFvfMWruS2DfZFmormH3vljeOFG9f/dMUnweC1wd9f
f+TBB1c+EsXgYvSTLJRDOrUrd2IeaLMsCPjNAmcSF/gD/pG65DUW+5qHNZOjYzzNrqOONr02CZgs
Xs6d60JPN81zJXvnEVs4WptcGKlN7MPFyQBWK3/q12H5B8sTRRLNoiCKWApJotWAIb2xIfPlzJ5M
SDenC+niWMtYKd06MTQjVGIuEUrEEkuJVGIt8ZX4SwIlwZJQhblCqBArLBVShbXCV+GvCFQEK0Kb
zZuFzeJmy2Zps3Wzf3Ngc3BzaI95j7BH3GPZI+2x7vHvCewJ7gkdMR8RjohHLEekI9Yj/iOBI8Ej
oaml9PsVysSoW3yvQkktq7G2bHyk9u6Hd/5i1+c3H7i+scbc3PhIlbJox9X96pD6xYrf+2j6z+pn
z1RmelLS9zz52hFfQL2x+tEZd0yc5krJ27flxKtJep1NstXFbCbqw0JCpEbJHPF1qd0WRGdHl2+z
HfK/4KlO9k0g6OhTA1bd76VJyaNhQQNZuVf/VKGFvRG3H0kzkvU0I5kkD6cZillOKUxpSDmWwmMC
fkuUSBnB3ZEoEoVjLn0kUqht3wkjHYPLW7lZDw/HCh0Tvoki6qzIcE41fuhjOMxqMAN5QPG6BdlE
2nlOR+ZqA3coTjbaqZnJQCZhLjK1L/zOtQsaKiM8D/TKF0Y/fIhFGkPaN484naM4EjeSOM2LX4rZ
LZQ6Q9o3DnvAFbAPQ3LUr/5p7166nI5R3x9boEzjXjC/dO6DffB6hN6jnowMrtkyffF9+zc2v6Xr
A3MU7jeIvSJxkSlKHHSaHe0xh2RLu5XMNkiYiThtefbbY6MZ/DU9JIcH+j7E+kL0ubPdZe7t7i43
o6VO3XiwhsP309Gw9svqBfOqquYtqKabWgertOyBFS2oqsLJR79eo8ez4TxJp8FMxisOQ7upkSft
HM0jshHy2O1C9N3Db9beK2aLZeJ2sUtk2me0kXdxhcOviES0ED/8/eN5xGcXmaekS7vEnd/+Lnbr
Z7EMhxAy6CAd+w1I3+gPDwN0v4pWp/bmnLC5fe4f+Sam1y0st3mwla5vblaf+vTb38N2Res5LW5v
Qvv3kLDiJu5mkOzNFnObVs3latXcNEP41mpu4MLABVm9kHPcloiJDwbN4Yj7LT/VNM9vSv30H9Ve
9TKdQB1Vf1xTLW94bFf9us2VG610zsk3aCoVtYCbkaG+37Tp8n9+caVxrU5PoZb/o+y9ZG00/6eY
+2MF0BhN/4W2b6f/evbP36nn/1rK8538f+CbIPx/nP7bfyz9b+PId9J/LYOr/6H8nw59gLnb+/wY
rPvrlQLBzJl+Llkl488NRit2c0xGJIFnHBjmUEoyjMRiYhqXcIhYJbPJaOApMdtE7pvCf+Dbhb+G
6d+t/NOYVvlLY/lMNpufze7n72eG0sA3ZT52lL6tNq3hlm/EbMiyhW5frzahP0YGy7j9WOwv1OK1
OpmtQrvwkbHkcWXcWL+cGLLR9A4nafeaLM1GPtQR3+Y9xB92VmeZc41Jef5Em0ympk4zxoaztKB0
IxqsR6HxonpBw0Y9zUB9KIkmIU5IEwrH8cREzDyikmyOEfwmvzlZMOtxWUf6MXnRmHAbvTVVQh7o
LalUHn9VPa/+ruK3tTW2LRs7mm5Nm+hXqnEkp4LXB8o++o9AQH24/KVLkVsTqKaIunc4tTodzVcw
Lmj8x2JcWKRkhNxGp8ffIZD2GIaFgqdDbos5BC8I1cn8BLfTILu4PDLVO00KJ+uJYDiaCf5AVDhR
hdDPjaQdufa/zdXuwRUdP87M1wEsck79DTbQuLR6ZwvaXzx5WAnFyky0OA+Y3BqcHjJVIydxs2J5
GYmfKeXZZHGSR/sSoCWy0TwWrS08WuuQBDrsPVow0AKBR3chD/EMu9CJ7QldCdy3Uirdk6Ls4Cl/
Y7dqKNSdh968o7hyxUZ+zMDCaO3MZUYGn79Y2XaUfqDHLY16INrfHAvhubnYJ2FmC+hJDWSILqLL
6Fq6ge7kLnIf+lP9Of4C/9FAcGhI+89C9tOFtAzX64fXnbg+eXT9xzcNDz6ke+k+2oZt/3C7iO0y
1f4QGf/m3f87G0+0v1MULSxRH4v6keEuIZ8u7E3EgFwSjD4/tMUSO2JjDHHqfCah8LUtASVjJTaM
yQHiwDgfT4Louf9/+7GNIxxdrx31qulLKpMKMvxdD1eW0OU4asLjdlJG11MMoGQuWUJuI0+Rv+D8
Rv1+H92I7aj+vLM4czZ6hvNH8SmEFJEaspG06u+4xC/hy/n1fDmmQVvoFpz5nbaGlUAWn47XbsR9
Pa4t185pIbZ0Uk6wSiDtOPMlrkfIXiqwd/HJ/0BTyCp8z1zcO9DtTUjLdWrlyqkFr63VDAwtBPnD
TKOCrCERvO+63j7H8UoSYdcNMdyXyNcsXDPwZeQTfHoNqaECzYVc7q9471ycada4op2Egwo02zJs
Y/Q2nSzH5xzEKyJkH7ecy+XHaFfptN9GPiAndbrLyQ4cLySd+pHAAHkP8mg50q/JJp6dJ4uN99CA
wUqzjQ0oK2Lwko1cOfHBdFJL0MBPGrSv3pRg5OniUu5e2aUsKPZfLglkjf3O0C8b/V1kfpcU8Z8a
GppfzCewki6W2AUppi4+JfRvP7b4b1ljZ88v9nddnTF9+Kkzyqbj3KJiPNVGOI3zM6ZnER2FuAdO
PZYVM2Opbep/EJ9JV/Z778/9XyP9V/MHPrZeN6fjtdoi1S/Ao3GT6iXElovr1dbrw/PfbCH+XVJu
+JyUGeJJGbtB3Ia8oc/Zfjy/RJq4t1EuB3Etb+iG4QGyGM7i+V9RcvPJfewqmckWkyLTz7BvJdl8
PpnC3KQIz4swcyxj2aSI30iKtTU4TsaDQGZqO3udlPF/wOuukkL+4NAH2vX6fpVkD9M0Hfd/RuKr
kek43PtQf8VoAx9Fd/Y/kKou5Ay1ZjyFgDUHwUrGHdcELHNFvM+SjDsiprSLECuuW/Ee2+eE2BsJ
cawkxInXO3HNic+OwTkXjl14f2wrIW7c48q0/++6tEKcmWSSwyhVTvvLqmEwn0k34Zg/xTUqvVdU
+PVseFeFdwR42wqXw3CpGy52wz/chAst8PcqnFfhXM9d7Fw99NwFZ3PgTD38UoRuFU6r8N9UOGWD
kwK86YITqfCGAG8o/PG/87C/80DXMQ/rSoJjHnj9ZYm9ng+vYfdaAI7mw6sidB6xs84wHLHDkUb+
8Dg4tDeJHVLh4C8c7KAXfuGAjlcyWUc3vPK4l72SCe3YtXfDgf0edkCF/R54WYK2l7pZmwov7Stl
L3XDS438vhdT2L5S2KfwL+LTXkyBvXvsbG8S7D01dE4Z4vfYodUCrQq/2wstIrzQArskeD4edu5Y
yXaqsANfsWMlPLddZM/FwHYRtiv8s9sk9mwMbJNg6xaBbQ3DFgE2e6H5mXrWrMIzeMcz9fC0CE8l
wc9x8PMwbHrSyTap8GSNjT3phMYGiTWq0CBBg8JvwCs2qFD/hI/Vq/CED9av62brVVgXKWXrumFd
Ix9Zm8IipRBR+LUp8LN8qMM76iphDXZrbsLjXqhV4TF88mMq1NigppGvrhrHqlWoGgePqrBahUdk
qJwNFQKsUuEhAR5S+PIAPFgPK1VQtq2ohOXdsKweylR4IBZKRRsrVeF+O5QUe1lJFhR74adhWCxC
0SIPK2qBRR5Y6IEF82PZghSYb5XZ/FiYh908N8y9N5HNrYd775bYvYlwr8LPsSWyOeNhNi7PDsM9
OH9PPdwtway7BDarHu4SYOYMic0Mw4zpFjZDghlRlUy3wJ13xLE7W+COOLhdsbLb60GZaGaKFZRG
vvC2dFbYDdOwm1YKt+ErbkuHqVPi2FQHTClwsClxUDBZYAUOmCzApHwbm1QP+Xh3vg3yG/mJZpio
8HkT4lheC0zINLMJcZBr9rLcFginSyyswngr5FhElpME2cnpLDsfxgUENi4JssbaWVYLjMV7xtph
rMJnmiEj1cQyvJAuQbrCp42xs7QWGINzY+wwRuFTTZCCj0jphmRngCWnQwi7kApBfGCwBQJ+EwsI
EGjk/SbwK7wPV30ZoJxIsmexpALwBiCxHhJc4AlDfBjicDlOBXdsOnNXQiyOYtPBxQTmSoKYOHCi
kJ0BcOC9jnqwI0v2LJBROrIKNlyzJYJVBmsjLyFz0k2wiGBReNEGAl4qdIPZCyajk5m6wegEAz7W
EANMAKbwPDgY7wa+kQdqY+AAUHgOzzgVx0CxkMci8hRd+dQ2mvn/5kb+bxPwzeYl/wXrloP5CmVu
ZHN0cmVhbQplbmRvYmoKMjAgMCBvYmoKICAgNjU3NQplbmRvYmoKMjEgMCBvYmoKPDwgL0xlbmd0
aCAyMiAwIFIKICAgL0ZpbHRlciAvRmxhdGVEZWNvZGUKPj4Kc3RyZWFtCnicXZLLbsMgEEX3fAXL
dBH5EXtoJCtSlW6y6EN1+wEOjFNLDbaIs/Dfl+FGqdSFzWG4A3dgsv3h+eCHWWfvYbQtz7ofvAt8
Ga/Bsj7yafCqKLUb7Hybpb89d5PKYnK7XGY+H3w/qqbR2UdcvMxh0asnNx75QWmts7fgOAz+pFdf
+xah9jpNP3xmP+tc7XbacR+3e+mm1+7MOkvJ64OL68O8rGPan+JzmViXaV7Akh0dX6bOcuj8iVWT
5zvd9P1OsXf/1jYVUo69/e6CaqoqSvM8DpFrcB25RrxO8QLxQtiCrWg20Gwil3niOMR4iXgpTGCS
XOgr0Vdb8Fa4B/fCDObIBKbE0JBoyIGdMM4iOcuAjTChFpJaCLWQ1FLDZy0+CXWR1GXgzYg3A40R
jUGukVyCZxLPhHsguYcKNVZSI2Efkn3oEfwo+0BjksYgbiQODyZ5gOc4yMPdXkieUHrt3hv2GkJs
i9SQqR+kEwbP956dxkmy0vcLERa+JAplbmRzdHJlYW0KZW5kb2JqCjIyIDAgb2JqCiAgIDM3OApl
bmRvYmoKMjMgMCBvYmoKPDwgL1R5cGUgL0ZvbnREZXNjcmlwdG9yCiAgIC9Gb250TmFtZSAvV0RK
Q1BaK0RlamFWdVNlcmlmLUJvbGQKICAgL0ZvbnRGYW1pbHkgKERlamFWdSBTZXJpZikKICAgL0Zs
YWdzIDMyCiAgIC9Gb250QkJveCBbIC04MzUgLTM4OSAxODU0IDExNDUgXQogICAvSXRhbGljQW5n
bGUgMAogICAvQXNjZW50IDkzOAogICAvRGVzY2VudCAtMjM1CiAgIC9DYXBIZWlnaHQgMTE0NQog
ICAvU3RlbVYgODAKICAgL1N0ZW1IIDgwCiAgIC9Gb250RmlsZTIgMTkgMCBSCj4+CmVuZG9iago4
IDAgb2JqCjw8IC9UeXBlIC9Gb250CiAgIC9TdWJ0eXBlIC9UcnVlVHlwZQogICAvQmFzZUZvbnQg
L1dESkNQWitEZWphVnVTZXJpZi1Cb2xkCiAgIC9GaXJzdENoYXIgMzIKICAgL0xhc3RDaGFyIDEx
OAogICAvRm9udERlc2NyaXB0b3IgMjMgMCBSCiAgIC9FbmNvZGluZyAvV2luQW5zaUVuY29kaW5n
CiAgIC9XaWR0aHMgWyAzNDggMCAwIDAgMCAwIDAgMCAwIDAgMCAwIDAgMCAwIDAgMCAwIDAgMCAw
IDAgMCAwIDAgMCAwIDAgMCAwIDAgMCAwIDc3NSAwIDc5NSA4NjcgNzYyIDcwOSAwIDAgNDY3IDAg
MCA3MDMgMCA5MTQgODcxIDc1MSAwIDgzMSA3MjIgNzQ0IDAgNzc1IDAgMCAwIDAgMCAwIDAgMCAw
IDAgNjQ3IDY5OSA2MDggNjk5IDYzNiAwIDY5OSA3MjcgMzc5IDAgMCAzNzkgMTA1OCA3MjcgNjY2
IDY5OSA2OTkgNTI2IDU2MiA0NjEgNzI3IDU4MSBdCiAgICAvVG9Vbmljb2RlIDIxIDAgUgo+Pgpl
bmRvYmoKMjQgMCBvYmoKPDwgL0xlbmd0aCAyNSAwIFIKICAgL0ZpbHRlciAvRmxhdGVEZWNvZGUK
ICAgL0xlbmd0aDEgMTAzNjAKPj4Kc3RyZWFtCnic7Vp7fBRVlr63blV1V7+q+t3ppNPd6SSdR+dB
hwCRgAUERB4RARmIRhpMQugAAQGBQAw+eAfCyxA0kohsnEGFgMhEQIgYUXSYjCOIqDM+iA9mY8bZ
yTgYk2JPVSeAOzv729/+s/vH9qW6q269zrn3O9/5zg0II4Q0aC0iyPPQwjmLP/muIQahmE6EqIKH
Hlnmqcl6sRsh93iE8O6SxfMWfrP2L20IeT6Fu7bMW7Cq5K/3FKTB/ktwj1haPKfI+NRdRxHylkLf
kFLoMHm078NxIxzHly5ctvLYfYbrcAzPQHULyh+agygKnh33ABzXL5yzcjH9JJMFx3AN8ix+uHjx
8lXsDwj5HAgxDyIKlUi1dAlzAKxVIaeoo99G7NtYzRRSNMpou9g5CAkXOy92ZpqNXmOC1+gtoVHv
UhLd+5VUqzJc/7eH2WSE0RaE6HzmexSDJotenQXxerSMKnIWM/P1K4wWvc6ONNjOqg0aAZu0LqG7
TX6k0GXMyckZhDK6fuiSuoQ2OMoUteM047TjdOMs46wMLsQ+40icFaStFsyqsDc7y+jNxiNx9uBE
XxyL2cVlV0qvYYP0W4dO2kCVL+8dgd+qXfvs5pp6egnW5OR+efYTqd0O51qkAwtxW+1Pm/cc3AbT
gIZLM+gWOg/pkA/dJwYwMrqInt7t1FfwcbEVHs1uS7Uz5Hmcr493B5DKac/2GgIuAfn1mfFCd2cw
2BHs7hQ6YGg6Ozt6wZGg0AXe2MGBY1UJzQkUWG612LKCQyKW+n3ZXqvsiMlqoXxxiX5jlhWcwQd2
VW/dsWNr9a6WI3j+kBdWt12/3rb6hSGH+q4docbPbz3/5ad/+PzdV8uaimZL7/b0SOdnF0nRZWXy
nN24Ss8A+y0oGuWLsZTaWoHUe5kanaMGPWOq1oVi1JzViaKxk0+JkS2G8f4NmAvGdgpSh9BlgqE2
eVyiq8pF2lE7bqfare3RTCEY7o1YPjTLgH1xKHswygoiVTrssyp6Ru83+/etesa9O/DdG9ekr7Dt
y79g6iK7Y2PVToFC6sufVFUebsZZUi8eLF0+cuL1068B6AAfExAiH4C9DvSUGKfmzAxGfIURMbZq
PVdhrNdq1FQaEgImtV8XMGRGCd0dncEOQEibjI6uoHTuHAzwOWOOEcweJiABC5RABFpgBKtgE+yC
I8MpIhGLlEhEWmTyrKJNtIsOK7yaki/2YA/Fys5NbLZOn/k6irrRCqeioInDjEOHzcJGn+KhNTIx
xoH5spEPwkz+xI07LvVdaGrGpUMOVqQ9RCdLP9yTf6pZcobDZPr818vLDLKPS29cJUfBx2R0RRzl
i6PivSN12lg35fKM1Oq0k7U6j5e24edQI1Pjtz1nbXTWmKr9oRSPVud1qe1pVtdIXu23joun0ng0
NgVipPNiR6eCK1OOEify7AHsIFoAaZkTp81UCYbvYFelfM+KO+pJxbhQnOl3+z1+rz/O7yvQFGgL
dAX6AneBp8BbEDfTt9693rPeuz5uva/WXeup9dbG1fqa3E2eJm9TXJPPJaZWpR62HLYeth22H3Yc
jjpjOWM9YztjP+M4E2UoRIVDs7NicQTWGTgd4nAIjJHd2j94FpsbxwLwWYD40jC9dfOax2fvXbdp
9YevTz/xUJjeuHzZioINO/es++a9eW3Dr694pHDWuBmD0gJPluxsCqR8O2/Z1Klj7k1Jy9havufl
gIybCM7DMKZaZEepohnV6NgaGd4O4rTmcQBuB4C7uzMyNkJX5jFPVHkURF/CQOSBTfYBEFstiCrd
vWfP7t176nZ9K32No65dw1HSN+P+1NFx7VpHx58eAuRKOCj9VpKkCwO4pbvg/S60WExX6S1OmmD7
Og2pYOqjTQaCKzTVAjKOMMcEWD5g9uvvoANO1o8CVGZsBMPdnR1Ch8wUGbldXfZgrzKdMHvHM9xV
7mY3uQXJWAWSsdAikMy6HYYDuIz4BAfTZTRmPb+guemARDeEVq1d3xgmU8teX7Do3Q/7zoXDFHpz
x8lXAKG3xnEL+KFBSehRMSPaq41Cgg5XRO1S15i923xbY2sSq80hXYWBimKQNy1OH3DyyK9lnHG2
lGQFizLrRbAox2SH1PXD1woUcyAoZTaJF1LKU1YmtabQFUmtuJVqJW10G9PGtlnbbG32VkdrVKtT
L4dgdmRaAEVmxSuZZhJlJHkjU6byZUdCL+O7Tes3Llu6teWAdGBEY9mR33VdwdSudYseF2aHXp3x
h29w/hePVJQ/vg2f6vt9eOmEcaca/+X43avWFc29nJz8ScTvDeB3DeQlGT8+wE+xji02zZfxAyZw
LK+9hR85sjITgiajAAxNGQUT4MYoyLiBb2rL3rq6vfL2V+nP2PjXbixI34/DU/A0PB1PkZqll6SX
peaHcB1ehMtxnVQq7ZB2SqUKhnqA+7rBBg1aKcbQRQzLkCKWmUxYGjPsfDVeijiVkUaUVrjY1tYr
M15nsLtN4To5xunvVAL93aw4wIlGxokWifBQLdLeaFVwInIe5MEZXIaGlrGkVa5RsKSVr1Wu8WZ7
jUx2AmRPK/ZhWvoAL9iMIbA+fvOJzp6KcISjC/BlqoBaCjpAeJVCNEa0oOSMi7/JNHut3gIKSYha
Wq+M650QF83gE4WMqEFMoIo4DYeLNBpuMtbo0FKDSmCWauYTSk2zyKgnvFZNmYTui7ngYC64Bj52
9OZezO0M9jspyF4y4OXRDA447LiH8+g9BhJxaGKzbvr9E5v18hc//X7wz6T4Z4IW8U90aLETD8N3
Y5qlbFSSZgg1THMXNV6jAs7CRm5AOcgD4DVmUe9JFDneN/P7vmXUtnPYJV39HvcQZ+/XEhvGCQtJ
d6+mTAIEEbQJ8LO1Hz8ZaKQYF+8gxVauOJYvTpkfG8qMd+hMjF/HpCE22sqyfq82Uw6W7gF1MwCs
D7tAGuABRgLok9v2VTJn0r64eAiCoQOkCixKTjRs394gb8mb16zesmX1ms0LDp6Wfrj+d+lvp1/c
89z1K1euP4frGo8caXzuyBHyyMa6uo2b6urO2y80/P7q1d83XLBHH954rL392MbD8pxdunEVf0ZW
Kb64RZ7M4axzeC7kMLEggxyCPBuyubLlmUMHbIDQNN62f2nysGGTJ+XkTJo8LGfSpJxhk0uH5edD
12Sqrb8/EnfyuNUq45aAHhLjdIgt5lGx1b0gdpWvOHq+NZTo0cTaCGuy6liOcWgTIQw7b0VirzJk
crJP4HSc3ignelZQGdVmnVkvGAReEIzGZF2yPt+d78n3mn7G90RmD5nsfUoAe28mKIrat7WubmtN
bd1reS8t+AwT6dq1Pul7PBon3HPo/iW6xxedPT2u/ezZ9ndef/tD6vuJE6Tub69CuK/CD+KN+FBs
7A/FYeljJVZCN66yc5lLoB8WiQk6NsqMuHU2o54mqJyn5tpCThLPGOJ1vBBvwvGMEXmd4GDHxY5e
JReAi7md9mBE/4JkdEeHoiklE5gA7GYF4k4lzJ3I2R/mx7ZHN0ZTIIghJfiMgoybqIED5PUgI3af
ocafOfnVVyfP4OunpR7pHLS/MeGyst5e6csvv8SxhIb9b6UXIfPF4GnKPEF+o0LMVZgnK7pbtBPO
VGGpFyANIMLqAzq/mQ8YM22QyoK9HXIpANTUC0oy82iNHd9KXTYlHG3QIuFovg0x5puC6u0xGelj
RmdkjPnXQ31/aob0xSxJz8tLzxg9+qeksJy84BnDQUP5mSWA0FLRZdcgQV9jodWogqXqLSGHSjDi
AMf4CcoA3s6VJeJvIroI9tsESakgsMwUYJRDGUAHcgzwpJVRMWqryqpOVCWqM6KqomqiGqI0hWYf
mBchhtt0b2L2H/bvfw0XSE2Dx40fTW1Rb9vR8CQ5VYYnSMfL+go3TLpv9o71W381kFuvshbQ4l50
j5hoowUrQVG79e7dKmOFeQmqUIX01ZQpYBWIHwdQdoxTkxInpx0wO1dWBp0dCuD7CwiRQz7BV+Vr
9tGgYwYSJJU92CRLLXkgSfZt5EFnNUt1cunw4/W35NIBl7Tsqt62Y8e26l3hMBQOeGhPDx4yu4hK
Dv/03vwz737+h0+/PC/P/Q2oQZlPAMMU0OjL4r1IzkxUEaZYljEZKQFyFK90QfZTqVVYUKsMsGl1
lF5Qq1WTKdZQDhpCTehydq6GGAXeoNeqVXADRnozR8yQOMAhWfl0ANgvdpr6qZ75zh5UMd/J/wS1
Qvsqpav/AHJAkknWsTYe8Zg38DydxCSxSfokQ8CYamJlRvdyGKonaDK2iJdkWfHTVLzU1Tf+Ccry
S8q6q++Lpsq+6soDlIs695MrzJT1PBUO4/FSS3+uGw4DMBXmjEOiaGIr1EtoVEHB5PhVJMBkaiKA
74c7gF17G9g1Ctg10CJgT7gJcHxALtygkguHw4wY7q8JmAPAgy40TIx2LkJEqOKLLIt080ko1sjz
iS4/shu4BBCLkDFuY79zIGUFd7lbZgWWlivGRCpb5jLaHqlUZIEig5U5MFo637WzZ87ihXgnvrsC
WxqWJHx2/s8//PDnFz7KxFvev1w0ZzF2HcMP4BfFUdIvTx0FofJrqUV6uWHfgL6FcXChcjHgtKj0
/ep2yf9c3SqU9t+Wt8b/jrydXSHLWxjSvhm36duaE0f79S1GQyEGP6H9wMfLxTi7kdXpLdQ6zgHl
PKrnQjQK2IE1AvgOQ0Dw6zIUMpbDryMiRDqBioMRwwcU1D/Qb1V0s0y//d44FW+c8mWR+tF7m5RV
/IpU/0YfdQnPPCQ9nbW/7MgLTXi24grt7x0TPhUuP3+Zyinre+rs9lOv4KuKHzKXuECnO1G26ER7
7TVEv0f3lLGGqyahaEOazoksTjYlWobLby72lz29ckWfebQ8RgZppGaXZavNbrxZlslIoV3+PzbL
VY/z2+J3isusW594qm5P7YptTnznwaNQ+KAbeFBGpvR99dpvvv762zWVA3FCfwP4iMJV4kx7A6e2
NVhtnJpvEHg1pzY0cJzabKFM1pGCwPMjDbzNZp1s49WEgrJeS1ewSxwWgVAV2noTwgzhrGZep2GN
NpXJiGBOVH4mQDJhNuSpEFpbTTlQGkGFIeOpEzhDWVm5WetG6EGud4V+6oB/sjI+ykfLfPGxSs3x
nE1tt6mdvNOWqE7mk23D+Bxbjn08P0P9C36eeh4/z1ZqX6HeaKvlj6sdNKfSqLSMjtGzBmRgebVZ
a1HZTJxZY9bKSsNkEAxWPtrisNptSVySJkmbaEjm04QUY4op1RKwJtsyoofohuiHGHKEbHOO9c7o
cVyeLk+fZxhrnsXN1MzU/oKfYZxhmmEu5Up0Jfp5hmJ+njDHOMc011xsKbGFoldyKzUrtRXCSuNK
0yPmCusW8xbLJusmW010LV8rvMad0JzQttimA+cl4/6AiSR9LsJ9WAVqdkJfbxOwDm7di784LrXh
3Xv7uuukszua5JDp1eJny8qkT6FECuNXN0i/V7h/uJSDjyp5PxbNF+NiBbuOcHZbdI2Zg+Rfb37W
7UizgQawDeH9oAMy3fIcKdJQXvPq7WwDfXZO+K1cDUKse0KexZ7bYt2tRIcbWiQ6ji21L3VQqPBn
ukAJEnnPP7CmcEEWCKMyM8akQRZ788XxT4ycrbpv6v2/uKkTpIqyn5YcOOn1fhIqWP1Yf32uehDi
JRP9ShzlcZr1NJuKiMolrCP+iuT6BK/DomVUFemk2mfjUJRZM0IXF/CoQdmwd9pHRPmtAfOdSYEU
jz8+kJg5qJ/UwNN+YuvHYm5XENhN6oqg0S6vUt4ZnB0sD24PNgeZW34PUvweBK2/LDFnaDK0GfYM
R7umXdtub3e0BrlC/J9T3j8c3Cz+6YTsf1n0woEmiWoMla9+rFFS9/9SCkvuK1rTRGYuX9H+vkKM
Cc9vVogxTAUaNkT25EWq8OLVkOkf669nokCXF4rxyOkpJuYFplX2Yp44i7n5fCjRojEh1sforC7W
ZGNlZd4BmSky8zAuMPOSQvOZYrQbuyk3cdNuxh3rdrs9bq87bpR5lGWUVT/ARIP7C2jvzXk24QFK
AhlDTo85tPCP0g1sv9aHeem09Cko8cX6xxeePS2d3rZnz7Zte+qoZydOwLpvr2KjtEHaL62UpsbG
Xi9egBPoOBDrvzsPYl3hqnrwrQp8S0GTxVTOVew2LzMV24vdfPIyVJxYTMC5VE8s5/Ila5CPZZ2s
zqJBJio1sroxsBydc1sOlh3NyTRH5svCRuo0r7J8O7AKlgphOVB7qHxvL7/84Cc/HKxveU/6Rrq+
/LNFizWH9u09crx5dvDw4e0bNjylX8zUBtJf/+WGVz3Oyy++/1kwC8dt333k6eZXS3bsfGLL2kfl
NQupXlXO7IcENBktFIePHjVxrD8/Xocmjk2KJ/qxFdzECr5CJGviK1K5NY6K1KH5/iSTYXw0O0qH
og0xJtcINiY2esQgKh88k5NDX1cwOLByI1yMdEG+FrraoE/u7v/JTLi5FAPZAxCoLLT7E+Nl31jK
ajHZbbScSuyyJImXJclg09Ah8VmgSmBoBMT8TJkyhuG7Cg9//PHhwl3D6w+eyhsTltpfKWie8e7n
RbMX4tSXH/s8lL1A6nr+19IrlY+tW7+2Cs86+yGes2JSvnQC0lTN0lUbNlY8vO361Ck958//OGXq
tt7ehJ5T5eemr9ua6C+UNvz9BembeSsqJ00aV1i4bnUVvuv1Fjyu6tGNTfVzv14jdUvnCa6ZX/nM
4X0Nh59VdLqUQ18FrnCjACoRswKgLs1CjIckowpX8m6zep9KV0P7dkdVm0P0s676NC5NFRvwxPB+
lJ3oVA21paRFQkFZB7u19P/Hr/ulO4ygSZHv6UJ6VXpzOsh3/HOGG4Fvl/IQ3revCGTTWb3X5rfO
DJnWV+7fc0vR41KpbkDRk1O993/1Y2LiZ6WhX7fV3BL3TWVSdb+0b1Vi4Q2o9d9DXcDvw47pWYR0
wsXeNigt7515TEMhNZ2bK+TmzhqEjpE5XEgHciJyjsFEq4qc+9kSwBuTcobm5w/NmaSU+0PzJ8vv
uKLUDzS8wyvySEUe5jCjppGO0rDwulx5pQfI82Iu/GZipb7yGeWFKHKQGtTX3tjXTg1i6L72/fLO
fmqQYvchiOFVUJO4oSJJIKxrpbOYFZbxxZZiVodXoLm6kMdlpDSxyM5ysUYNT3nA9raLMisZBxZb
lLiVOkyKmOOmy4Lu5sKRR2FoD7R+3XZ7ye1RNJ9HvihC34k84Wme4Vlexav5KN7JR/MxvIuP1cml
CeQ3nIEysFKRWCNKVl52+DlBKLxgpNm+6YO3zPg37JC+uoHmfbRkCff8rn0Hf9VQsCl7BnPpgDQ9
Pl7q/vY76e8yI2yr/d2bZ9vFMVSXPCYvgQZ7AsZEjR4WXYTIf9IgGKPJMFkrVHMxoTBBtAaxFCcz
WaTk6u403qy2IkWVMhbgJKeMACdXPrdGQO5XnOfk85GcbccOQhVy2IflNQYv/URfy1NUWl/+cnKZ
Ke/ZwQxqwfJfGGULZZsAY4im8uE3FgnQY0BVoCin4Tl4JX4U76TOUZ96Ej2Znjs8L3njbtyQ/xaJ
GvFUHILzlf3nzXA+5+b5f/6R64hP8dO4Hu+D1tjfzkF7B7+jnP/PPj7Fxjjlb7Na4AM30qN4sDUB
bI1F/G1XepAVvu3/pQ2Rj/Gf9HOwgVZHNPx6kQMq7BgUjWxQZ6mRCkYHQgexyAx5+P8///SDNWgp
zFMLeg/aB7A3CYXRErQBNcL+V2i10v8GrZYb9Fxh5Gs/QC04Ga6j5AbxKTP/aXhOFpz7Cq4vgeNG
NFc530MuKO1pcoFaAVE1BfamKHc0ohYynKbJhcim3PUeGoFOoIPyPnMB1cJ1U9FlaKPh6RPQKXQF
P4EO4EuoEm1FS+WJRy6sgbgNQ5vLXFLa9+gB5c1yX5i5BJVVIwqDn6fg6Qci/TgZTyUhUoJngocU
PkjGQ+86FKZD0PxKy1P8i/hAUavh/f3+ogvUA1Qy7ccH4T3yOy7A8w+iEWBvCVg6HjZKtp9cQ41E
BxZGMW+gCaoJQK6sqhJNh7OrSRZ+mnWhEKok0+EJ+dC3FeXjy/AWAPRxlqGBcVDAIzRTCXcXNYv3
zvS8M8ubFvgPhx5B5WlGU5r1qzwtN25MmUlHM7OamZhmkqBuphN8X/yzk1+kBSZOmelpPj82r/+p
Y0N50DdtJuzKR9AN/WPz0iJxTj3YMn9BVNNsPvdvyK1WcPPBlfy/DPz++FHfHcJH6s/hUD4ZYQb4
Vi2UXBC+rh8/6l0sfPQPjJFIw4hRWyBM7WgL40bD6VOohHyAJtDRMLfvoxLGD/tvwa8dbYCthzqG
CuD3Ttg2UUfRJfmXPY1CVA2aQIai4fCMEubtG91wPJx1o6Xy/bANpVejEvoKGk6tvjFcVQt9dvQY
bPVg7Ab5HrDhDfYYYNuODsH2Ur99ef1bNzhzDAahCCHACaLrweIY2DoQYj8FL0PgNjxKPRgoCfq5
b4H8piOkhWNtL9BhNUJ6EbbrCBngWTwwOg/9QhuMDZwzwT1m6LecQsjaiZAN2NW+HSEHPCfqIlDc
MNjguuhG+f+qKKOYSHEoFdUhOSIFtBfYDtFa/Fc4pluoteLnb0vknJm81RbPvFVE3hLptnjypp6c
fcPPnC0ib/hJayE5U0lOaclJLTnxmoU5ESSvWUhLkPxaIscl8qpEXpHIUYkcab6LOdJDmu8ihyVy
qJK8LJGXDOTFgzrmRQs5qCO/CpJfFpEXYsmBIHl+fxHzvET2F5Hnag3McwmkcaWGaUwgDRPJPoE8
m07qN8Yy9RJ55mmBecZFnhbI3joDszeB1MF1dQZSJ9J74MY9FrJnLV1rILUi/VQC2f1kJrNbIrt2
mpldCWTnDj2z00x2tmBR5Ogd2zXMDj3Z0YKReDe9XUO2t9I15ZVMzUmy7TEts81Iton0Vtjbegep
3nKSqZbIls2FzJaTZMtaevOmBGZzIdks0pvArk0JZOMGI7MxlmxsudEq3qA3GMk6ePW6IvJkJnnC
Rh6vJY9pydqiImatRKoWCExVFHm00sA8GiSVBrJmNc+sMZPVPKmoJauMZKWGrHjEw6zoIY8sj2Ee
8ZDlMWQZ3LQsliyVyMMSWbJYzyyRyGI9WSzS5ZVk0cKRzKIysnAkWVCmYxYIZMFaukxHykQ6DK8M
95D5pSeZ+RIpnVfIlJ4kpWvpeSUJzLxCMk+kSxJIMVxU3EOKishDVjJXInMkEpqdzoQkMjudPCiR
Qok8MJHcX0kKJDIrj8yUyC8kMuMkuU8i04rIVAu5N0im3MMzUyrJPTzJHyWOJpO0ZEIRuTtOzdxd
S8YHyV1EYO4yk3EmMpbSMGOjSN4YM5NXRsaMFpgxZjJ6lJYZLZBRIseM0hKRI6I8jtPoO2vJSDqN
GTmZjMi1MCMmktzhGibXQnJFeriG3JFjYu4oJDnDjEyOiQwzkqF6MkSCAsfCZEtkcJaZGWwhWUEN
k2UmwUEcE9SQYGR+BnEkM8PBZOaRjHQrk+EgGa10eqyGSbeS9LV0GlfEpNWSQKqFCUwkqeBEqoWk
inQKmJ5SRJKTMpnkUSQJDEvKJH748Usk8Q6SoHcwCYUk3mdi4qcRH9zmMxGfSMepidfjYLyFxOM2
Mh4H8bTSbniZ20jca+lYDYkVaZePxPAkOp44ozIZ5zQSBU+NyiQOidjhpXaJ2ARitVgYaxmxmM2M
xUIsIm02ExNcZzpJjDC8RokI8COMJjzYz9cSA5wzSEQPD9A7iF6kdRLRwoFWHFZGNHCNppJwRUSt
MjJqC1EZCcsEGbaSMHAfEyQ0PIxOI/BQSkPwNIIkgltw0bqtOPX/7Af9bxvwX34gm/0716OhKgpl
bmRzdHJlYW0KZW5kb2JqCjI1IDAgb2JqCiAgIDczODAKZW5kb2JqCjI2IDAgb2JqCjw8IC9MZW5n
dGggMjcgMCBSCiAgIC9GaWx0ZXIgL0ZsYXRlRGVjb2RlCj4+CnN0cmVhbQp4nF1Sy27DIBC88xUc
00PkBw40kmWpSi859KGm/QAbltRSgy3iHPL3ZZkolXqwGYbZ3WHZYrd/3odxkcV7nOyBFunH4CKd
p0u0JAc6jkFUtXSjXW67/LenfhZFCj5czwud9sFPom1l8ZEOz0u8ytWTmwZ6EFLK4i06imM4ytXX
7gDqcJnnHzpRWGQpuk468indSz+/9ieSRQ5e7106H5frOoX9KT6vM8k67ytYspOj89xbin04kmjL
spOt952g4P6dKYOQwdvvPoq2ZmlZpkW0qs44LaI14A3zepNxWhIPjckaBaxY46HxjAmYGFfAFedH
TpVrgVfM1w4eHPMN+IbxI/Aj4x64Z6yBdcIbeNuwN71FrS17Qx7DeTSwZtygbsN1tQVvmcddmnwX
1NVc1yC/yfmh0VkzAA+M4U2zN4276HwX+FHsRyFWcWyDPjS5twZ6w31A32ruW438NedX8KDYg4I+
Lfy4t1fkZ+Z5vM+PvcSYRicPbZ4ZnpYx0H2u52nmqPz9ArFfxe0KZW5kc3RyZWFtCmVuZG9iagoy
NyAwIG9iagogICAzOTMKZW5kb2JqCjI4IDAgb2JqCjw8IC9UeXBlIC9Gb250RGVzY3JpcHRvcgog
ICAvRm9udE5hbWUgL1JURllEUytEZWphVnVTZXJpZgogICAvRm9udEZhbWlseSAoRGVqYVZ1IFNl
cmlmKQogICAvRmxhZ3MgMzIKICAgL0ZvbnRCQm94IFsgLTc2OSAtMzQ2IDIxMDUgMTEwOSBdCiAg
IC9JdGFsaWNBbmdsZSAwCiAgIC9Bc2NlbnQgOTI4CiAgIC9EZXNjZW50IC0yMzUKICAgL0NhcEhl
aWdodCAxMTA5CiAgIC9TdGVtViA4MAogICAvU3RlbUggODAKICAgL0ZvbnRGaWxlMiAyNCAwIFIK
Pj4KZW5kb2JqCjkgMCBvYmoKPDwgL1R5cGUgL0ZvbnQKICAgL1N1YnR5cGUgL1RydWVUeXBlCiAg
IC9CYXNlRm9udCAvUlRGWURTK0RlamFWdVNlcmlmCiAgIC9GaXJzdENoYXIgMzIKICAgL0xhc3RD
aGFyIDExNwogICAvRm9udERlc2NyaXB0b3IgMjggMCBSCiAgIC9FbmNvZGluZyAvV2luQW5zaUVu
Y29kaW5nCiAgIC9XaWR0aHMgWyAzMTcgMCAwIDAgMCAwIDAgMCAwIDAgMCA4MzcgMCAzMzcgMzE3
IDAgNjM2IDYzNiA2MzYgNjM2IDYzNiA2MzYgNjM2IDYzNiA2MzYgNjM2IDMzNiAwIDAgMCAwIDAg
MTAwMCA3MjIgMCA3NjUgMCAwIDAgMCAwIDAgMCAwIDAgMCAwIDAgMCAwIDAgMCAwIDg0MiAwIDAg
MCAwIDAgMCAwIDAgMCAwIDAgNTk2IDAgNTYwIDY0MCA1OTEgMCA2NDAgNjQ0IDMxOSAzMTAgNjA1
IDMxOSA5NDggNjQ0IDYwMiA2NDAgMCA0NzggNTEzIDQwMSA2NDQgXQogICAgL1RvVW5pY29kZSAy
NiAwIFIKPj4KZW5kb2JqCjEgMCBvYmoKPDwgL1R5cGUgL1BhZ2VzCiAgIC9LaWRzIFsgMiAwIFIg
XQogICAvQ291bnQgMQo+PgplbmRvYmoKMjkgMCBvYmoKPDwgL1R5cGUgL091dGxpbmVzCiAgIC9G
aXJzdCAxOCAwIFIKICAgL0xhc3QgMTggMCBSCiAgIC9Db3VudCAtMQo+PgplbmRvYmoKMTggMCBv
YmoKPDwgL1RpdGxlIChERVRBTExFUyBERSBMQSBSRVNFUlZBQ0lPTikKICAgL1BhcmVudCAyOSAw
IFIKICAgL0YgMAogICAvRGVzdCBbMiAwIFIgL1hZWiA3MCA3NjMgMF0KPj4KZW5kb2JqCjMwIDAg
b2JqCjw8IC9OYW1lcyBbCiAgIChpZF9PYnNlcnZhY2lvbmVzKSBbMiAwIFIgL1hZWiAyMDUgNTM0
IDBdCiAgXQo+PgplbmRvYmoKMzEgMCBvYmoKPDwgL0Rlc3RzIDMwIDAgUiA+PgplbmRvYmoKMzIg
MCBvYmoKPDwgL1Byb2R1Y2VyIChjYWlybyAxLjE1LjEwIChodHRwOi8vY2Fpcm9ncmFwaGljcy5v
cmcpKQogICAvVGl0bGUgKFJlc2VydmFjaW9uKQogICAvQXV0aG9yICgpCiAgIC9LZXl3b3JkcyAo
KQogICAvQ3JlYXRpb25EYXRlIChEOjIwMjEwMjAyMTMyMjQzWikKPj4KZW5kb2JqCjMzIDAgb2Jq
Cjw8IC9UeXBlIC9DYXRhbG9nCiAgIC9QYWdlcyAxIDAgUgogICAvT3V0bGluZXMgMjkgMCBSCiAg
IC9OYW1lcyAzMSAwIFIKPj4KZW5kb2JqCnhyZWYKMCAzNAowMDAwMDAwMDAwIDY1NTM1IGYgCjAw
MDAwNTk2OTUgMDAwMDAgbiAKMDAwMDAwMTQ1OCAwMDAwMCBuIAowMDAwMDAwMDE1IDAwMDAwIG4g
CjAwMDAwMDAwMTUgMDAwMDAgbiAKMDAwMDAwMDcyOCAwMDAwMCBuIAowMDAwMDAwMDE1IDAwMDAw
IG4gCjAwMDAwMDA3MDYgMDAwMDAgbiAKMDAwMDA1MDUwMSAwMDAwMCBuIAowMDAwMDU5MjMzIDAw
MDAwIG4gCjAwMDAwMDE3MjUgMDAwMDAgbiAKMDAwMDAwMDkxOCAwMDAwMCBuIAowMDAwMDAxMTc1
IDAwMDAwIG4gCjAwMDAwMDE0MjIgMDAwMDAgbiAKMDAwMDAwMjE4NCAwMDAwMCBuIAowMDAwMDAy
MTYxIDAwMDAwIG4gCjAwMDAwMDIyODcgMDAwMDAgbiAKMDAwMDA0MzAyMyAwMDAwMCBuIAowMDAw
MDU5ODQ0IDAwMDAwIG4gCjAwMDAwNDMwNDggMDAwMDAgbiAKMDAwMDA0OTcxOSAwMDAwMCBuIAow
MDAwMDQ5NzQzIDAwMDAwIG4gCjAwMDAwNTAyMDAgMDAwMDAgbiAKMDAwMDA1MDIyMyAwMDAwMCBu
IAowMDAwMDUwOTY0IDAwMDAwIG4gCjAwMDAwNTg0NDEgMDAwMDAgbiAKMDAwMDA1ODQ2NSAwMDAw
MCBuIAowMDAwMDU4OTM3IDAwMDAwIG4gCjAwMDAwNTg5NjAgMDAwMDAgbiAKMDAwMDA1OTc2MCAw
MDAwMCBuIAowMDAwMDU5OTU5IDAwMDAwIG4gCjAwMDAwNjAwMzkgMDAwMDAgbiAKMDAwMDA2MDA3
NSAwMDAwMCBuIAowMDAwMDYwMjQxIDAwMDAwIG4gCnRyYWlsZXIKPDwgL1NpemUgMzQKICAgL1Jv
b3QgMzMgMCBSCiAgIC9JbmZvIDMyIDAgUgo+PgpzdGFydHhyZWYKNjAzMzEKJSVFT0YK

--===============8586019609640459618==--

-------------------------------------------------------------------------------
