Content-Type: multipart/mixed; boundary="===============1698930733084561847=="
MIME-Version: 1.0
Subject: =?utf-8?q?Hotel_Real_-_Confirmaci=C3=B3n_de_Reservaci=C3=B3n?=
From: reservaenrealnicaragua@gmail.com
To: justo@becerra.com
Date: Tue, 04 May 2021 16:29:32 -0000
Message-ID: <162014577239.3470.13870555002816327623@localhost>

--===============1698930733084561847==
Content-Type: text/html; charset="utf-8"
MIME-Version: 1.0
Content-Transfer-Encoding: 7bit

Pronto nos pondremos en contacto con usted. recibimos su solicitud para RealNicaragua
--===============1698930733084561847==
Content-Type: application/pdf
MIME-Version: 1.0
Content-Transfer-Encoding: base64
Content-Disposition: attachment;
 filename="justo@becerra.com_1234567_2021-05-04 16:29:30.809841.pdf"

JVBERi0xLjUKJbXtrvsKNiAwIG9iago8PCAvTGVuZ3RoIDcgMCBSCiAgIC9GaWx0ZXIgL0ZsYXRl
RGVjb2RlCj4+CnN0cmVhbQp4nJ1V226bQBB936+YR6wKmL1wqyyrjk2rRE7TxLQvUR42eO3gcLGB
tPn8LpjGdhKncUDAip0558zucKCA+jSpvvmCQpyRNcH2XbkAWyIsKnISESY2cfrpoYUOej4Fimj5
Lmd6GGXEnptoIujxnFwb4zDqOY4xnEzCKYxDmAzhKpyGVz3uGL96nm8MR6cX33s30RmhrNPAgAtm
eRyFGwDl3PIEo77fgdN/4Ab0oiUxmQ5lnKOnMy3qCnQZRDNi2FUt6yS2ZVWpurKTTC5UZafFomDW
crVocvFZSiqrugXdrQEt6ntOE8ldxtFpI4eQF9ltqWCmuvhnsvYQmmTBhL9JvjZ+9JhnyEquirJW
be1HARhhJpP0o7yqrIpcVgdoKbXQ5cLzQG8vOgx9zltO2qJPVzKHfh/sYVw/yDRSjzX052o+R5Q4
gMEATsajDio816NVR/dCnLllalRyRMo3Kr82DaPiO6kXF8K8LuVMHquWIdOhjokCKPuMwQfZpzJN
PkrumkiPIzeGqizSJFfy9b09SPgzT2o1g2FSNtnVu/kubitV/pZxUmyz3ssp/9cPrttcTz3RQtMN
dB+1hEHXIoeVuv52ZRYqrxWsHxSUqhV9pNzR3UN8DyP9gacKzE1/RhuHswLeHI3RaYfbcSEWeJYQ
AaMBcOppF3IxEC9cKF6uMhr4/Mui+SqtuMheA7/6psduc3jwR0+d6WtJrm8anTAjFOEc1kBb7s1d
W3AnQLMHFsUAMhCcWQ57epHCFC63Pr0vv42lgcPpW/LNdy2F4K7lNDb85lJ8crjjY+CxQBxYgxcl
dsA7JTra0AO9gfs1roktqf4Jgf1IKYwLcknsSZLft813Pjoda7iu09qm2p+ju3OX5C/B8pNMCmVu
ZHN0cmVhbQplbmRvYmoKNyAwIG9iagogICA2NjQKZW5kb2JqCjUgMCBvYmoKPDwKICAgL0V4dEdT
dGF0ZSA8PAogICAgICAvYTAgPDwgL0NBIDEgL2NhIDEgPj4KICAgICAgL2ExIDw8IC9DQSAwLjcg
L2NhIDAuNyA+PgogICA+PgogICAvWE9iamVjdCA8PCAveDExIDExIDAgUiA+PgogICAvRm9udCA8
PAogICAgICAvZi0wLTAgOCAwIFIKICAgICAgL2YtMS0wIDkgMCBSCiAgICAgIC9mLTEtMSAxMCAw
IFIKICAgPj4KPj4KZW5kb2JqCjEyIDAgb2JqCjw8IC9UeXBlIC9Bbm5vdAogICAvU3VidHlwZSAv
TGluawogICAvU3RydWN0UGFyZW50IDAKICAgL1F1YWRQb2ludHMgWyAyOTcgNTM0IDQzMiA1MzQg
NDMyIDUyMCAyOTcgNTIwIF0KICAgL1JlY3QgWyAyOTcgNTIwIDQzMiA1MzQgXQogICAvQSA8PAog
ICAgICAvVHlwZSAvQWN0aW9uCiAgICAgIC9TIC9VUkkKICAgICAgL1VSSSAobWFpbHRvOmNqcG0x
OTgzQGdtYWlsLmNvbSkKICAgPj4KICAgL0JTIDw8IC9XIDAgPj4+PgplbmRvYmoKMTMgMCBvYmoK
PDwgL1R5cGUgL0Fubm90CiAgIC9TdWJ0eXBlIC9MaW5rCiAgIC9TdHJ1Y3RQYXJlbnQgMQogICAv
UXVhZFBvaW50cyBbIDQzNyA1MzQgNTIzIDUzNCA1MjMgNTIwIDQzNyA1MjAgXQogICAvUmVjdCBb
IDQzNyA1MjAgNTIzIDUzNCBdCiAgIC9BIDw8CiAgICAgIC9UeXBlIC9BY3Rpb24KICAgICAgL1Mg
L1VSSQogICAgICAvVVJJICh0ZWw6KzUzNTgwOTcyOTQpCiAgID4+CiAgIC9CUyA8PCAvVyAwID4+
Pj4KZW5kb2JqCjE0IDAgb2JqClsKICAzIDAgUgogIDQgMCBSCl0KZW5kb2JqCjIgMCBvYmoKPDwg
L1R5cGUgL1BhZ2UgJSAxCiAgIC9QYXJlbnQgMSAwIFIKICAgL01lZGlhQm94IFsgMCAwIDU5NSA4
NDEgXQogICAvQ29udGVudHMgNiAwIFIKICAgL0dyb3VwIDw8CiAgICAgIC9UeXBlIC9Hcm91cAog
ICAgICAvUyAvVHJhbnNwYXJlbmN5CiAgICAgIC9JIHRydWUKICAgICAgL0NTIC9EZXZpY2VSR0IK
ICAgPj4KICAgL1Jlc291cmNlcyA1IDAgUgogICAvU3RydWN0UGFyZW50cyAyCiAgIC9Bbm5vdHMg
WyAxMiAwIFIgMTMgMCBSIF0KPj4KZW5kb2JqCjExIDAgb2JqCjw8IC9MZW5ndGggMTYgMCBSCiAg
IC9GaWx0ZXIgL0ZsYXRlRGVjb2RlCiAgIC9UeXBlIC9YT2JqZWN0CiAgIC9TdWJ0eXBlIC9Gb3Jt
CiAgIC9CQm94IFsgMCAwIDU5NSA4NDEgXQogICAvR3JvdXAgPDwKICAgICAgL1R5cGUgL0dyb3Vw
CiAgICAgIC9TIC9UcmFuc3BhcmVuY3kKICAgICAgL0kgdHJ1ZQogICAgICAvQ1MgL0RldmljZVJH
QgogICA+PgogICAvUmVzb3VyY2VzIDE1IDAgUgo+PgpzdHJlYW0KeJwr5DJQAMGidAX9RAOF9GIu
pxAuQyOwmC6QNjI10jM1MbMwN1UwNDbWMzcxMrSwUAjJ5dJP0zXUNVAwVAhJ49LIy0xOLEpML01M
Lk1K1AzJ4nIN4QrkAgCgthWWCmVuZHN0cmVhbQplbmRvYmoKMTYgMCBvYmoKICAgOTMKZW5kb2Jq
CjE1IDAgb2JqCjw8CiAgIC9FeHRHU3RhdGUgPDwKICAgICAgL2EwIDw8IC9DQSAxIC9jYSAxID4+
CiAgID4+CiAgIC9Gb250IDw8CiAgICAgIC9mLTEtMCA5IDAgUgogICA+Pgo+PgplbmRvYmoKMTgg
MCBvYmoKPDwgL0xlbmd0aCAxOSAwIFIKICAgL0ZpbHRlciAvRmxhdGVEZWNvZGUKICAgL0xlbmd0
aDEgOTU4MAo+PgpzdHJlYW0KeJzteXt4FFW27961avejqqu7ujudTjrp9CsJeRASOoRAQFIqIAry
zDCJEgkPIyZiEiMZGgwJMhrDQwQxBMQIMcMjouQgIpcMBM5wAM/R4XCEO8fRmfGMceZ+15ijczme
EZPKWVWdRHzNd+9f97vfd2t/Vbv23vVYz99aq4pQQohAGgkQ/4rVy6o/lNu2ERJ/mRDuvhV1j/uf
/vTwdkISkwmhHeXVD63+8zNfXCDEi+tky0OPRMqLzp9NwvOjeE/iqgeXrbSJdx0mJKkI5yauwgnb
q+ZeHG/FcfKq1Y+vPdthLsVxF463PlK1Yhmhx58jxDcVx8+tXra2mj/Ar8PxOzj2Vz/2YPXOxTsK
cNxHCGsgHClXW/hy1oHUGolHsfBXiOEKNbHVHE+yL1zrG0/ka33X+nKc9oA9JWAPlPNkoBYSBj5R
W4zWv/7lMUM6PqOMEMNedp2YiItMUuItxjprrUDqzEbqshE+xSGZ00hIDMbKN/p6w9f67JNxG0+y
+8I3+sI5J465e9wcLU3JDTvsMpdJaV6uPZQX8BO7TALc/i3/8/1//XTL4LmeHk6lO2mn+hO1KkLH
0rvoDJp5syPCfxxRG9Xd6gtqA4pUo4V1IS1u8lNlnLRLdD3vFOtsu+zG5807oc7+LKt17qR1RLY4
rOkmhyHGEcuTNIcQ4oJxSF5Yo+9aH55o9GHfN9An9/bLeMg5MT++Kh4JzY3Sp++B4XOtL+vpYdM2
D26lTc3NaoRratZJ2/8bNXB2cODsYMdv1P1Inxvp+wPSZyNVSoKZURF2GmslpIh3GASHyZpmCZE0
AyfL1y70DvRe65P7kZL+8I3+MIoth87ushTN7rIW3T+7Sy66v/gMkYfO4VNlbMoke/6kEsWt2Jfa
y+zb+e1su2G7sdHUaG4UGkWxVKMx4ArZo5TnumjtRfWhZna5SV15KcK/10fXqFv6vs6KoKEQbuhz
1OkcnU4H2aoscPhkB894u4/xIu4mMyf4GOPlJA44R5LdAcDZrJyUBJxFm8pwgFgnS2YGtA5qjQQ1
a5UsomBiPHCS00Cc8rV37G7NCqb29rlR6I7JObMXFRtl9pmRfeYOG2XTZ/pA1kf6rDZXEgzl5VJs
LmQHApDrwoO8jgv/O5f77OCMnesHr9Qf5+mVP0XYEjSOCB2vXolwIW7KiG3UIk8SuU3xiGYj1LFa
s2YNhjST4LCgIZjQDqzDZir3apLv/7I/LF/IUcw5Qo6YY8mR+FEL0GQZ1TuQc9ycJk3fka+z+tQt
+K6moY/ZHPY5SadGpTAU5JIDPouY5OO8fp9oETNEiz/Ax9JWtoGMiW31bHA51o+pzvCLloDX5Ha4
OAcxOV3jk71OYsvJkG9c6LvWi6Yg99sdUeeRe29cQNO8qPahFKOSs36Gp0b9WBI8TtCRSpVnDEkG
nzGYJqSJaZY0Kc2a5kvzpwXSgmmhAqFALLAUSAXWAl+BvyBQECwIFQvFYrGlWCq2FvuK/cWB4mBx
qFKoFCstlVKltdJX6a8MVAYrQ51Cp9hp6ZQ6rZ2+Tn9noDPYGTojnBHPWM5IZ6xnfGf8ZwJngmdC
hTmZ8zP3Z3Zl8qWkNN+em0RzwxPzJqRm03E0b0JyIMy77aFxNBQ0uGJifTSJumL4QDC5rcH7rz0v
tj969KMPjtMxVNhEE1obvBfe3LV71T999M/d6mX16k71o1l0+eGDdY/dtzIzf9KlU7//z7Fj1ZN7
tz9UXrpsQv6ED8//8dMwGcam46jzBJJMdimzRMEMFpMPeDD6eB4yTDxJBD6xTtwdcta5au0SX2cz
GP08g3gTiQW/GPKC1WJg8eiY/uT4GDkt0RJyBFNGsELulc+dszvck1Hqjsl2bJpJ94fDaDZqv2Oy
1kYNG/dh5dhQOSdEo83GlSLXbieaM4yjmdSu27UOf7wrxpASFVcm5QtL1mX9do/q6p+xbPFt5wYJ
2lwR5WnC24Mtm7bu3r11E/e+tOSnalmE/mrrvYO/i2i2ePXcvjcDrdu2taDtD91AOSxEOVjJZmWy
VYq6qZgkiOi5Ipom/41TZ4hg0T3XSGph1GvNNmKwjXrtjanotfZR1kYc1jTssMijyawZoAdEKpoE
s0F0Sk6rLIekkNUvK/J8WUSToK4Qxaa5khk7w8L6wXf7B9/dxv1yB32etqDeIjc72JJIZCAEv9OA
iZLF6Fdfol95SKEST55zbwBpu32DxbweqhOsDouHxKQYpARUz7V39OgV9RO1L0eRchKrEtdw6+PX
e15ONNBSauCHg8yoGXJ22YEiz2dfTlF/rarq0+rd9C267inqP9Aw5tdHfnvt2ocvnMmknX/+iB6g
D9JyekC5Xd3xy261R30D27mDh8kwzkAZylokk5WYKMogyAiIMiHEGC5okW/0hgd6w6MxULHZpBxJ
keZLZVK11CgZb8WYXFcUYc5F8cWryYHT5GDYj3IQMaJkKw6ywWLY4FhvqY6DFJc5xSZp0WxYAAgc
iF9V8Q3xPfFX4hG/UvRIG2XXHRWBfoT1PadP95zt7j6rNqlF9DW6lkboUXXREnoHnU3n0DvUbvUt
9ZTaHaH7aAW2l9SVGHdb1JVE5/s+tDEV+XaSDUqWzWc0Ggw+WbZlyEZqMUGdwGrttM5KzGlGR5os
4lFCccgOLhgzDLm96E69UQf6UnMiLeTd4jxoVUYjJaVKouKa71plqHY1GRpdL7uMRmOsMdWYb8yX
V8mG0lHh0RGU1vzqvp4e+h48dZYTetSbA6vPatL8+g9wOIImxucP3BGJ8jATY0Q7P514SUQZ64kx
Sm4K7cx9QGhLcFiBtrNDMrHf40ycZbDlOWVpJk/yPAaZuz0pigg3buGh340QMALZOSeJz0d8FNDw
ZncJRRi6k4iCL0wiSUPn9NB9Mtu33dflg1HdT0O4jHUNY8KEVA0mcTBz9276ldJR/8ZbrYNPbZzx
k8qVT0YgL9KytOi9dwevRyJcXtPDL72qhqJ2UoT+wiM/mp1kKU7SbDE0O9o0O5nmmmKeZgtrhnJD
N5QBzVBOyvFKfFk8aFYy0S6nRrH5Vivhjlbff19NzZIlNeqf1fO0kMZTD52mni86R5GdnvOq+vc1
CGUGaqTp6m/Ur9Sb6vVR2ZpmIS055Aml0O9xSrwhk4BsHNOe7pUPjIO2lEBcjMiM7emHQrFmEu8U
Zlncc+NNeRbZ4JobLzuDszL8clpyXurt43UXmooJUu+w2aCYNalHxY7GownePRmDoyKRcHZYCZeF
q8Pbw5rj/7BcvzcYVQH/wT1Ha996s3WwqeG2RQ+sahjc3zBt4VLsn9FUMW3/o0+2Q6Ri2ZWrmvjp
l5dW7Xh68C+3nmnqKV28QtNHNupjpiGGxJAAuUtJDriYPS6pwxTXYaXt0EjardWmNkfCNHGqk8tz
2XmZTApqlqWbloYXvVpGqlmVblTHC0OIsvl6RqeRquknFEwdg/TTmNho9NA4utRKb2a1Vn9Mmfr1
x9WtWaqB3lxasbqkZHXF0ggLrR3cumiBel39Gtu1BYuaIrT89MGuTz45dvC0pjdMnvg5qLc48hMl
hcTaTWYnZbZ2OzsQ2yaZ2+2HRGGCicsl8p0Ok2zJs94ej9pBbxjNoXQ/kC9o8dGhKcTnyfYUeuZ5
lnoaPJpCRpKA7wl+To1h/pzHnz4/OHN3O8dPePUJXwmfq/7qJ4veeVNdosv1TFWledjO+dNIo5Ek
kgeVoAGIIJN2k/yy1BxjOgjNnraYaq9sJ9NMk82GQnfYq0lVixJRy8cQ0StjvNbpC5YlNSS9nHQl
ie8hPYYeY4+px9wjXCFXDFeMV0xXzFcEC4IM1UXrpSzg0kWdn2vgQyN+AnlzH7h/HvfBYMoTm2uf
jTmYOUT+pPap72PiI1ET9XDF/3Lk4K8cPzP9+q11j7/ZiVHQitNp6tsjPrsKbcSCNjJHSaHE7hX4
Do/QEZPU7m+U2mOqPW02X54Xs35rnjTVOM0d1ozkRu/A1Km93zeSk4WhhtCxkIY8w+ag08s0YVtR
7hrJKGy3JneoKnv40ZL7Vj9cRpfvVo1Ze6r/qA5S+GP1niw0IfqHh08fPPbJJ10Hj0aaFi3AKoyh
n2csWEQH1kZzLXYV8V8m8eQeJWivs8Rpwc+Kwc9icMU5bJIr22zLsEshsx4HPZoTX0AvjoKkXa8K
+7XU6b8jEM1PqE5oTIBRNA9jRsSHtMoFRtIiLTAu/Iqmqu//Ve3/4ovqJ1/cu6laA/bPLl3+d9UW
4T5+bcdzr47iINFxPQ3rmfFJqcQnx1pZKvW1W1MPmGJfdjbHJbTRdlO1FfzWEB+b6+bykmzogCHZ
LYbT9Rxc88MorUjoxd5+9aJmNfqM3aHnfznKWF9GQUyhqzC20F0YVxg/2TMvoyFDyHRlx2a7GywN
UoO1wdbga/A3BBqComZG9hE9pOZNmDhlWEXGUB56gJ+neaP64le1qoaZRx995djXg6fXNVbUxtUs
faeGeqlZbXtqRcW98xau5LYN9kWaiuYfe+WN44Ub1/90xSfB4LXB319/5MEHVz4SxeBi9JMslEM6
tSt3Yh5osywI+M0CZxIX+AP+kbrkNRb7moc1k6NjPM2uo442vTYJmCxezp3rQk83zXMle+cRWzha
m1wYqU3sw8XJAFYrf+rXYfkHyxNFEs2iIIpYCkmi1YAhvbEh8+XMnkxIN6cL6eJYy1gp3ToxNCNU
Yi4RSsQSS4lUYi3xlfhLAiXBklCFuUKoECssFVKFtcJX4a8IVAQrQpvNm4XN4mbLZmmzdbN/c2Bz
cHNoj3mPsEfcY9kj7bHu8e8J7AnuCR0xHxGOiEcsR6Qj1iP+I4EjwSOhqaX0+xXKxKhbfK9CSS2r
sbZsfKT27od3/mLX5zcfuL6xxtzc+EiVsmjH1f3qkPrFit/7aPrP6mfPVGZ6UtL3PPnaEV9AvbH6
0Rl3TJzmSsnbt+XEq0l6nU2y1cVsJurDQkKkRskc8XWp3RZEZ0eXb7Md8r/gqU72TSDo6FMDVt3v
pUnJo2FBA1m5V/9UoYW9EbcfSTOS9TQjmSQPpxmKWU4pTGlIOZbCYwJ+S5RIGcHdkSgShWMufSRS
qG3fCSMdg8tbuVkPD8cKHRO+iSLqrMhwTjV+6GM4zGowA3lA8boF2UTaeU5H5moDdyhONtqpmclA
JmEuMrUv/M61CxoqIzwP9MoXRj98iEUaQ9o3jzidozgSN5I4zYtfitktlDpD2jcOe8AVsA9DctSv
/mnvXrqcjlHfH1ugTONeML907oN98HqE3qOejAyu2TJ98X37Nza/pesDcxTuN4i9InGRKUocdJod
7TGHZEu7lcw2SJiJOG159ttjoxn8NT0khwf6PsT6QvS5s91l7u3uLjejpU7deLCGw/fT0bD2y+oF
86qq5i2opptaB6u07IEVLaiqwslHv16jx7PhPEmnwUzGKw5Du6mRJ+0czSOyEfLY7UL03cNv1t4r
Zotl4naxS2TaZ7SRd3GFw6+IRLQQP/z943nEZxeZp6RLu8Sd3/4udutnsQyHEDLoIB37DUjf6A8P
A3S/ilan9uacsLl97h/5JqbXLSy3ebCVrm9uVp/69Nvfw3ZF6zktbm9C+/eQsOIm7maQ7M0Wc5tW
zeVq1dw0Q/jWam7gwsAFWb2Qc9yWiIkPBs3hiPstP9U0z29K/fQf1V71Mp1AHVV/XFMtb3hsV/26
zZUbrXTOyTdoKhW1gJuRob7ftOnyf35xpXGtTk+hlv+j7L1kbTT/p5j7YwXQGE3/hbZvp/969s/f
qef/Wsrznfx/4Jsg/H+c/tt/LP1v48h30n8tg6v/ofyfDn2Audv7/Bis++uVAsHMmX4uWSXjzw1G
K3ZzTEYkgWccGOZQSjKMxGJiGpdwiFgls8lo4Ckx20Tum8J/4NuFv4bp363805hW+Utj+Uw2m5/N
7ufvZ4bSwDdlPnaUvq02reGWb8RsyLKFbl+vNqE/RgbLuP1Y7C/U4rU6ma1Cu/CRseRxZdxYv5wY
stH0Didp95oszUY+1BHf5j3EH3ZWZ5lzjUl5/kSbTKamTjPGhrO0oHQjGqxHofGiekHDRj3NQH0o
iSYhTkgTCsfxxETMPKKSbI4R/Ca/OVkw63FZR/oxedGYcBu9NVVCHugtqVQef1U9r/6u4re1NbYt
Gzuabk2b6FeqcSSngtcHyj76j0BAfbj8pUuRWxOopoi6dzi1Oh3NVzAuaPzHYlxYpGSE3Eanx98h
kPYYhoWCp0NuizkELwjVyfwEt9Mgu7g8MtU7TQon64lgOJoJ/kBUOFGF0M+NpB259r/N1e7BFR0/
zszXASxyTv0NNtC4tHpnC9pfPHlYCcXKTLQ4D5jcGpweMlUjJ3GzYnkZiZ8p5dlkcZJH+xKgJbLR
PBatLTxa65AEOuw9WjDQAoFHdyEP8Qy70IntCV0J3LdSKt2TouzgKX9jt2oo1J2H3ryjuHLFRn7M
wMJo7cxlRgafv1jZdpR+oMctjXog2t8cC+G5udgnYWYL6EkNZIguosvoWrqB7uQuch/6U/05/gL/
0UBwaEj7z0L204W0DNfrh9eduD55dP3HNw0PPqR76T7ahm3/cLuI7TLV/hAZ/+bd/zsbT7S/UxQt
LFEfi/qR4S4hny7sTcSAXBKMPj+0xRI7YmMMcep8JqHwtS0BJWMlNozJAeLAOB9Pgui5/3/7sY0j
HF2vHfWq6Usqkwoy/F0PV5bQ5ThqwuN2UkbXUwygZC5ZQm4jT5G/4PxG/X4f3YjtqP68szhzNnqG
80fxKYQUkRqykbTq77jEL+HL+fV8OaZBW+gWnPmdtoaVQBafjtduxH09ri3XzmkhtnRSTrBKIO04
8yWuR8heKrB38cn/QFPIKnzPXNw70O1NSMt1auXKqQWvrdUMDC0E+cNMo4KsIRG877rePsfxShJh
1w0x3JfI1yxcM/Bl5BN8eg2poQLNhVzur3jvXJxp1riinYSDCjTbMmxj9DadLMfnHMQrImQft5zL
5cdoV+m030Y+ICd1usvJDhwvJJ36kcAAeQ/yaDnSr8kmnp0ni4330IDBSrONDSgrYvCSjVw58cF0
UkvQwE8atK/elGDk6eJS7l7ZpSwo9l8uCWSN/c7QLxv9XWR+lxTxnxoaml/MJ7CSLpbYBSmmLj4l
9G8/tvhvWWNnzy/2d12dMX34qTPKpuPcomI81UY4jfMzpmcRHYW4B049lhUzY6lt6n8Qn0lX9nvv
z/1fI/1X8wc+tl43p+O12iLVL8CjcZPqJcSWi+vV1uvD899sIf5dUm74nJQZ4kkZu0Hchryhz9l+
PL9Emri3US4HcS1v6IbhAbIYzuL5X1Fy88l97CqZyRaTItPPsG8l2Xw+mcLcpAjPizBzLGPZpIjf
SIq1NThOxoNAZmo7e52U8X/A666SQv7g0Afa9fp+lWQP0zQd939G4quR6Tjc+1B/xWgDH0V39j+Q
qi7kDLVmPIWANQfBSsYd1wQsc0W8z5KMOyKmtIsQK65b8R7b54TYGwlxrCTEidc7cc2Jz47BOReO
XXh/bCshbtzjyrT/77q0QpyZZJLDKFVO+8uqYTCfSTfhmD/FNSq9V1T49Wx4V4V3BHjbCpfDcKkb
LnbDP9yECy3w9yqcV+Fcz13sXD303AVnc+BMPfxShG4VTqvw31Q4ZYOTArzpghOp8IYAbyj88b/z
sL/zQNcxD+tKgmMeeP1lib2eD69h91oAjubDqyJ0HrGzzjAcscORRv7wODi0N4kdUuHgLxzsoBd+
4YCOVzJZRze88riXvZIJ7di1d8OB/R52QIX9HnhZgraXulmbCi/tK2UvdcNLjfy+F1PYvlLYp/Av
4tNeTIG9e+xsbxLsPTV0Thni99ih1QKtCr/bCy0ivNACuyR4Ph527ljJdqqwA1+xYyU8t11kz8XA
dhG2K/yz2yT2bAxsk2DrFoFtDcMWATZ7ofmZetaswjN4xzP18LQITyXBz3Hw8zBsetLJNqnwZI2N
PemExgaJNarQIEGDwm/AKzaoUP+Ej9Wr8IQP1q/rZutVWBcpZeu6YV0jH1mbwiKlEFH4tSnws3yo
wzvqKmENdmtuwuNeqFXhMXzyYyrU2KCmka+uGseqVagaB4+qsFqFR2SonA0VAqxS4SEBHlL48gA8
WA8rVVC2raiE5d2wrB7KVHggFkpFGytV4X47lBR7WUkWFHvhp2FYLELRIg8raoFFHljogQXzY9mC
FJhvldn8WJiH3Tw3zL03kc2th3vvlti9iXCvws+xJbI542E2Ls8Owz04f0893C3BrLsENqse7hJg
5gyJzQzDjOkWNkOCGVGVTLfAnXfEsTtb4I44uF2xstvrQZloZooVlEa+8LZ0VtgN07CbVgq34Stu
S4epU+LYVAdMKXCwKXFQMFlgBQ6YLMCkfBubVA/5eHe+DfIb+YlmmKjweRPiWF4LTMg0swlxkGv2
stwWCKdLLKzCeCvkWESWkwTZyeksOx/GBQQ2LgmyxtpZVguMxXvG2mGswmeaISPVxDK8kC5BusKn
jbGztBYYg3Nj7DBG4VNNkIKPSOmGZGeAJadDCLuQCkF8YLAFAn4TCwgQaOT9JvArvA9XfRmgnEiy
Z7GkAvAGILEeElzgCUN8GOJwOU4Fd2w6c1dCLI5i08HFBOZKgpg4cKKQnQFw4L2OerAjS/YskFE6
sgo2XLMlglUGayMvIXPSTbCIYFF40QYCXip0g9kLJqOTmbrB6AQDPtYQA0wApvA8OBjvBr6RB2pj
4ABQeA7POBXHQLGQxyLyFF351Daa+f/mRv5vE/DN5iX/BeuWg/kKZW5kc3RyZWFtCmVuZG9iagox
OSAwIG9iagogICA2NTc1CmVuZG9iagoyMCAwIG9iago8PCAvTGVuZ3RoIDIxIDAgUgogICAvRmls
dGVyIC9GbGF0ZURlY29kZQo+PgpzdHJlYW0KeJxdkstuwyAQRfd8Bct0EfkRe2gkK1KVbrLoQ3X7
AQ6MU0sNtoiz8N+X4Uap1IXNYbgDd2Cy/eH54IdZZ+9htC3Puh+8C3wZr8GyPvJp8KootRvsfJul
vz13k8picrtcZj4ffD+qptHZR1y8zGHRqyc3HvlBaa2zt+A4DP6kV1/7FqH2Ok0/fGY/61ztdtpx
H7d76abX7sw6S8nrg4vrw7ysY9qf4nOZWJdpXsCSHR1fps5y6PyJVZPnO930/U6xd//WNhVSjr39
7oJqqipK8zwOkWtwHblGvE7xAvFC2IKtaDbQbCKXeeI4xHiJeClMYJJc6CvRV1vwVrgH98IM5sgE
psTQkGjIgZ0wziI5y4CNMKEWkloItZDUUsNnLT4JdZHUZeDNiDcDjRGNQa6RXIJnEs+EeyC5hwo1
VlIjYR+SfegR/Cj7QGOSxiBuJA4PJnmA5zjIw91eSJ5Qeu3eG/YaQmyL1JCpH6QTBs/3np3GSbLS
9wsRFr4kCmVuZHN0cmVhbQplbmRvYmoKMjEgMCBvYmoKICAgMzc4CmVuZG9iagoyMiAwIG9iago8
PCAvVHlwZSAvRm9udERlc2NyaXB0b3IKICAgL0ZvbnROYW1lIC9XREpDUForRGVqYVZ1U2VyaWYt
Qm9sZAogICAvRm9udEZhbWlseSAoRGVqYVZ1IFNlcmlmKQogICAvRmxhZ3MgMzIKICAgL0ZvbnRC
Qm94IFsgLTgzNSAtMzg5IDE4NTQgMTE0NSBdCiAgIC9JdGFsaWNBbmdsZSAwCiAgIC9Bc2NlbnQg
OTM4CiAgIC9EZXNjZW50IC0yMzUKICAgL0NhcEhlaWdodCAxMTQ1CiAgIC9TdGVtViA4MAogICAv
U3RlbUggODAKICAgL0ZvbnRGaWxlMiAxOCAwIFIKPj4KZW5kb2JqCjggMCBvYmoKPDwgL1R5cGUg
L0ZvbnQKICAgL1N1YnR5cGUgL1RydWVUeXBlCiAgIC9CYXNlRm9udCAvV0RKQ1BaK0RlamFWdVNl
cmlmLUJvbGQKICAgL0ZpcnN0Q2hhciAzMgogICAvTGFzdENoYXIgMTE4CiAgIC9Gb250RGVzY3Jp
cHRvciAyMiAwIFIKICAgL0VuY29kaW5nIC9XaW5BbnNpRW5jb2RpbmcKICAgL1dpZHRocyBbIDM0
OCAwIDAgMCAwIDAgMCAwIDAgMCAwIDAgMCAwIDAgMCAwIDAgMCAwIDAgMCAwIDAgMCAwIDAgMCAw
IDAgMCAwIDAgNzc1IDAgNzk1IDg2NyA3NjIgNzA5IDAgMCA0NjcgMCAwIDcwMyAwIDkxNCA4NzEg
NzUxIDAgODMxIDcyMiA3NDQgMCA3NzUgMCAwIDAgMCAwIDAgMCAwIDAgMCA2NDcgNjk5IDYwOCA2
OTkgNjM2IDAgNjk5IDcyNyAzNzkgMCAwIDM3OSAxMDU4IDcyNyA2NjYgNjk5IDY5OSA1MjYgNTYy
IDQ2MSA3MjcgNTgxIF0KICAgIC9Ub1VuaWNvZGUgMjAgMCBSCj4+CmVuZG9iagoyMyAwIG9iago8
PCAvTGVuZ3RoIDI0IDAgUgogICAvRmlsdGVyIC9GbGF0ZURlY29kZQogICAvTGVuZ3RoMSAxMDYy
NAo+PgpzdHJlYW0KeJztenl8FFX27711q6q7equq3tNZujudTmfpLHQIJLJYQEBkiYgMQjTSYBIg
AQICAoEY1GEPhM0QNEJEJjqoEBCZCAgRI4rKZEZBRJ1xIS7MixnnNxkGMam8U9UJ4G9+897v8/55
74/X10rVXerWWb/nnIsII4R0aDUiyPPw/JkLP79/Ty9Cse0IUQUPP7rEU5P1UhdCHgkhvLNk4ez5
363+WytC3gvw1qbZ81aUfPObvw+E55fhnZw5xTOLxKfuOoJQfBjGBs2BAbNH/xH066CfMGf+kuUn
E/ks6J+EfsO88odnIiqYh5DvQejvnz9z+UJ6LQPzCdBFnoWPFC9cuoK9Bn0PQsxDiEIlci1dwuwH
ajXIJRnodxD7DtYyhRSNMlovdAxAwoWOCx2ZFtEr+r2it4RG3YtJdPc3cq3GdP0/HmGTEfDbO5I6
wlyEPVIkkSJwxxSeSKG5NIUwyfggNxe26fogc/x90zQCc065psfjLOyjzA09nQ3MxZ/mA3UYLe69
Qo7QeSgZXZZG+OKpBO9wgz7OTcV6husN+ol6g8dL2/FzqIGpCdifszW4aszVgXCKR2/wxmodabbY
4bw2YBuTQKXxaHSK0NXacaG9Q+gUOkVzbq5KRHt3RxeMXOsUHbkRckw/wKNG/Ts9/ognFeNCaVrA
HfAEvIH4gK9AV6AvMBQYC9wFngJvQfw031r3Ws9a79r4tb5ad62n1lsbX+trdDd6Gr2N8Y2+WCm1
KvWQ9ZDtkP2Q45DzUNRp62nbaftpx2nn6ShTISocnJ0Vh7NCg7IHJmbgdJw9cFBWyO6w+dKxL561
We1uHIdtVtYXn7i4lN68cdUTM3av2bDy4zemHH+4lF6/dMmygnXbd6357v3ZrUOuL3u0cPqYqQPS
gr8u2d4YTPl+9pLJk0fdm5KWsbl81ytBpMp0CMg0wCxCDjRHinXokGCssdJaVMFS9dawUyOIOMgx
AYIynELX0I5Q+4UPInKC51ZBbhVzczPx+CbjlGlvICeSYEMncva25IiDc6ZLNkbDaG0amzZRk6jN
iKqKqonaG6UrtPiys8Qs0WvzilY7sDo4ywTMJWb/ad++13GB3DhwzNiR1Cbtlm17f01OluFx8rGy
nsJ1E341Y9vazb9Fik32XqE3gR3oUBJ6TMqI9uqjkGDAFVE7tDUW7xbf5riaxGpL2FBhoqIY5E2L
NwZdPAroGVe8PSVZ1XtHKNQe0fsAlNHZLnde+1ZVe26umGvOzZQShJTylOVJLSl0RVILbqFaSCvd
yrSyrbZWe6ujxdkS1eIyFuJCnB1RC7BhEbNs3uwIK6A1L2gQ5jS+7OGgTzvJ+GHD2vVLFm9u3i/v
H9ZQdvgPnZcxtWPNgieEGeHXpv7pO5z/1aMV5U9swSd7PixdPG7MyYbfHLt7xZqiWZeSkz9TdEWh
cfAnzFxBemRDd0sOwpkrrPUCsIkIawwaAhY+KGbaha72UHe74poZHaHujgsfZB6pcYDZgppsiprs
vS2gJjs0SVWTRTWxiE1ZFBayRF+2951RGemjRmZkjPofB3v+0tSE5zCL0vPy0jNGjvw5qbSUTC6D
PRQ9xIIeXChbcqHdjhpi3GV4Sqzhqkk42pRmcCGri02JFrqACBUqwL26OwS5PfNIeYxCkSIslC0g
xcTFmyaumAQdG/hz0/fyt9j1ffG7xWW2zU8+VberdtkWF77zwBGcJaNePCAjU/6xevV33377/apK
1G8XU4EeK4pG+VIcpbVVIO1upsbgrEHPmKsN4RgtZ3OhaOziU2KAqhBA1wcRshSqhE5F82ZPrBRb
FUvaUBtuo9psbdGMomev7TZbRdkDgWakUSnW0FO7v9u3Z8Uz7p3BH968Kn+D7V//DVMX2G3rq7YL
FNJe+qyq8lATEN2NB8qXDh9/49TrEd8DfWoeAnoz0W+lER6XxUizqYhoYoU1JFCRXO/3Oq16RlOR
Tqp9dg5FWXTDDPFBjxY0zd7pGBYVsAUtdyYFUzyBhGBi5gDQO/hnV3t3e1dHuwANrBtsYOjQzlCn
IyQDzIUAxADXJP2doRmh8tDWUFOIuWUXA1S7GAAtYheSJUOXoc9wZDjbdG36NkebsyXEFWLVmm1i
xFBUE/8vO2BCNnUp7c/+zYIX9jfKVEO4fOXjDbK27041glVl7Sla1UimLV3W9sees6WllP/5jceP
yC54Cu5dF3kiU+a+UbpwpRqLcukrIC83CqISKSuIeGwRYjwkGVXEJu+0aPdoDDW0b2cU+D79bGx9
GpemiQt6YvgAyk50aQbbU9IUGXVFfB/03tEBmhc6//ytGgMc4Piq73MoXUivSm9Kp0E4ouoXgT5U
HqaaLJU90KyYLLCII0yrtpFNZ3VfndsyLWxeW7lv16AXVrb+dP3tlS8MwnPkuh3VW7Zt21K9g5zs
fuCbnxITv5gT/l1rTdEMPPjGDTxoRlFjmVx9+r0v//T51+daIrgMBj2ZtSIOSZKZrdAuolEFhYMo
oCFBJlMXcfI+FwcH19/m4DpVkTpoEUX6b2oE7z/Yc/XwYTy3tLSUkUr7faYUZKqHCJAqWVCNga1R
XMVJXLY8DhwFcB9EFvESoTPzqCeqPIrChX41REV4d/Q7hM2KqDk7d+3auXNX3Q7Fe6OuXsVR8ndj
/tLefvVqe/tfHgYvkHFI/r0sy+dVPjchROczP6IYNFHyGqyIN6IlVJGrmJlrXCZajQYH0mEHqzXp
BGzWxwJ2K+mGoAC1itzXOsGw1Sgk6cfoxujHGMZYx9gUq/aJivnRNitmNVjh35sNthuhGbMLyy7P
uYpN8u+dBnkdVb60exh+u3b1sxtr6ulFWJc79Oszn8ltDphrlvfPx621P2/cdWCLQu+bvVfw+6gT
5JVz1MgiZBAudLeOb7LcO+2oDnydHjpUGDp0+gB0lMzkwgaQXWSOwUSvicxlDr4NcN+ckDs4P39w
7oQ5Ofn5OYPzJ4JOeofIufiIivNxaK4UHyc4DIRz2KNrLByAfb3lWbczzQ6Ybx/EBwD3M92C4vWK
WBSj7u5oFTo/Piv8XolumccyPGHPQg+5ZR5u1Tzc0CLmcXSxY7GTQoW/iANgLL+0/OzzSkAYkZkx
Ku0gLnnrpbFPDp+h+dXkB+6/GRfkirKfF+0/4fV+Fi5Y+bhiW0PkqXQz2JYB+dCvpCBGYiwx0jtd
xgo+Pq7Co9tprXaFPU/w9QnuINK4wJ9MwVgBBYyZCYLqpSFIxtpvOWqoz09zM49W+Zv8YIW4z/NU
rQb6Mcdss1IK6REowvt3VG/etm1z9Y5msHzFLa9fbwW3VFyBGju35dzXn//py/deK2ssmiG/d+OG
fG5GkRxdpsS3GwiRLrBNHVouxdBFDMuQIpaZSFgaM+xcLV6MOI1II0ovXGht7W5VvbELjFGM5I70
DxqB/gEy2fFNOkXwejU/0iN9f37EeZAHZ3AZOlpRjl5doypHr6xV13hBD0y2X8mWsA/T8kd43kYM
DvvpW0923KgovRlHyEcgZyd6SorXchYGI75CRIy92shViPV6nZZKQ0LQrA0YgqbMqEigAHNRKO7s
DMlnz4Jgz6p0SzkCErBACUSgBUawCXbBITgzXBKSsERJRKIlJs8m2SWH5LTBpyllsQd7KLbwloVF
qUxEQYswgftj+3+ODeSjUiZ//PptF3vOK8Fg0IGKtIfpZPnaPfknm/qhv7zM1Mcj3Qk8xqKFUrrG
aHXRBDvW6EgFUx9tNhFcoasWkDjMEhNk+aAlYLyDDrrYAApSmXF9gTESFJWI2AnxsFtN+x2Kg7ir
3E3u2xwkTiU/DlqE/KzbSf6XYDdFDWPPz2tq3C/Te8MrVq9tUNKjN+YteO9jNaSht7adeBW4ieRw
6wBva8CmFLz1Ad4WG9hi81wFbwFJOZbX38JbpRLJ9IfMogDWTImCGXBWVJIl5S+1aXdd3W7l+rv8
Vyz+vQsL8o9j8CR8H56CJ8lN8svyK3LTw7gOL8DluE6eI2+Tt8tzVHspwJeoAmox1GHCaxSiMaIF
NQ+CVNECWXkBhWRELa5X1x4EeldA7eZGr0h+wsYudxWzwhK+2FrMGvAyNMsQ9sSKlC4OOVguTtTx
lAfoB5BuVTC6j4uzCkjL7Wa1VOCmKKb+wPgmfsoDIGyPKmxwhH5bGd9khhWWyKTqMR5lUcRjEnnC
0zzDs7yG1/JRvIuP5mP4WD7OwEMyAJiGM1AGZqGOwlBdKApTYpJXxYL+skpNykWa7ZkycNPU/8BO
+ZteNPuTRYu453fsOfDbvQUbsqcyF/fLUxIS5K7vf5D/GcrC8Vtq//DWmTZpFNWp6PBOsMUm0CGF
RLRX8lNFnI7DRTodNxHrDGixCQrYxbq5hNLSLBKNhNdrKbPQdWEogMTQVkUqGVA/XYAKqg8oBAUp
GECKIxkcxPFjHs5j9JhIBBTGNxkUaRlvicysiswMrS9Rc+qxC+fguzHNUnYqSTeIytHdRY3VaRQ5
iFx/9IuUXFnU+zJFjvVM+7FnCbXlLI6Vr/yIbxBX97cyW4r980lXt65M/kzh8yLEui/ICtVW3RIP
Ec02k+fCTjMLkO4UFA4UDSuB5xdBTbzt+eLEnJyJE3JzJ0zMyZ0wITdnohrociZOpFr7xiN+8TjY
2WaQaRTyo0IpAbk8xcQyz7zCUcwTVzE3lw8nWnVmxPoYgy2WNdtZfWIkmYtEPTAzsDglyVVALNqN
3ZSbuGk3445zu90et9cdP8IywjrCZuyvOgb2OZL3Zowz45uZ3MBEcmrUwfl/lnux42oP5uVT8uf3
HHxgofGJ+WdOyae27Nq1ZcuuOurZ8eOw4fsrWJTXyfvk5fLkuLjrxfOwn45vO3PmD+feeOdjlbcN
wFut6vN+9LAUb0BsMY+Kbe55cSt8xdFzbeFEjy7OTlizzcByjFPhrKPjFgoooe9jlS8/Z+CMogLM
rKARtRaDxSiYBF4QRDHZkGzMd+d78r3mX+RmpN8JfCp4eG8eJlDUns11dZtrautez3t53heYyFev
9sg/4pHYD5wuMjyx4MypMcBG27vABvXj+HHgDVcAalbgh/B6fDAu7lpxqfypihHh3ivsLMCIKLRA
8hvYKAvi1thFI01QOU/NsoddJIExJRh4IcGMExgReV3AYPsFyFnU6N7eNbTDEYrkdBDa3dHhaEpF
41tA4FKBwIVcfUBwdGt0QzQFSR7Ask8UFJ1F9XeQ14NE7D5NjT194ptvTpzG10/JN+Sz0P7BlJaV
dXfLX3/9NY4jNDx/L78EWWoMvu9m/XgFcm5ADHSPlGinBRtBUTuN7p0ascKyCFVowsZqyhy0CSQA
qXh2jEuXEq/ANbjzUDUZb1eV1ZekQCHhE3xVviYfFBL+/sOB/uJBCSkk+7bygc5qkutuVQ2QZTX3
Vw2lpY23SgUqufTn9+f2FQsK3b1dCDGfgfwpgIRXpHuRkqlQRZhiWcYsUgLkLLw6BFFDo9VgQasx
waU3UEZBq9VMpFhTORIMWkKXs7N0RBR4k1Gv1cALGBktHLFAYACGlMjZDoq60GHugy3mB0dIw/yg
/CdoVQjTqEN9HcCzJLNyXmZXwJk38TydxCSxScYkU1BMNaso7eUwZGjQlKBKvCTLhp+mEuTOnrFP
UtYXKduOnq8aK3uqK/dTsdTZn2NLmbIbT5WW4rFyc1/us7j3CrMffCsW5UjRrgWICFV8kXWBYS4J
x4k8nxgbQA4T549TDiFu96izUMoI7nK3YmksrWSLiVS24h9030mEEnCVgp/ZP1I+17n9xsyF8/F2
fHcFtu5d5P/i3F+vXfvrC59k4k1/vFQ0cyGOPYofxC9JI+QXTx6BwPs7uVl+Ze+e/rwFbCoWlUtB
l1Vj7MtaFv2fZy2qm/y30xbxv5O2zKhQ0hYoCXum3pa31KgFeETOg8E3PqMD4ONLpXiHyBqMVmoN
54RUHtVzYRoFHUyABPEdpqAQMGSoDq64RXsk2HWElNMHlfD+TPdfXLoquklx6T5uXCo3LmVZJC/w
3na8pvIVQWrRR13E0w7KT2ftKzv8QiOeobJCB7pHlZ4sLT93icot63nqzNaTr+Ir/XU1/R3oIwpX
SdMcezmtfa/Nzmn5vQKv5bSmvRyntVgps224IPD8cBNvt9sm2nktoSCV1tMV7CKnVSBUhb7ejDBD
OJuFN+hY0a4xiwhkoAkwQZLpElTWhZYWcy6kmH3nMB3gO2oVc/NsOeImyvmy0OdC8J9SMRzhoxW/
+VSj5XjOrnXYtS7eZU/UJvPJ9hw+157rGMtP1d7Pz9bO5mfb5ziWadfba/ljWifNaXQaPWNgjKwJ
mVhea9FbNXYzZ9FZ9Eq0MJsEk42PtjptDnsSl6RL0ieakvk0IUVMMadag7Zke0b0IMMg4yBTrpBt
ybXdGT2GyzPkGfNMoy3TuWm6afr7+aniVPNUyxyuxFBinG0q5mcLM8WZ5lmWYmuJPRy9nFuuW66v
EJaLy82PWipsmyybrBtsG+w10bV8rfA6d1x3XN9snwK+n4z7DDQC3FwEA7AGMpRxPd2NUKvhlt34
q2NyK965u6erTj6zrVEx0W49frasTP6850MAgtfWyR+CXokaYzf35dUZaLgUn+AkxTauOI4vTpkb
F85McBrMTMDApCE22sayAa8+UzkI7uo/TehPuD/uVGz0Nlgmtz1rlLN3AIuE7IGDBvcfzkOeQ47v
3bp1r3Ilb1y1ctOmlas2zjtwSr52/Z/yP069tOu565cvX38O1zUcPtzw3OHD5NH1dXXrN9TVnXOc
3/vhlSsf7j3viD60/mhb29H1hxQbrQdeqoCXFDRRSuVii92WJeZiR7GbT16CihOLCSRDqZ44LtaX
rEM+lnWxBqsOmanUyMl2//FI7m1YpyRGuZmWCBRY2Qgfv0yLU0Edt/Ljd5Zeeuizawfqm9+Xv5Ov
L/1iwULdwT27Dx9rmhE6dGjrunVPGRcytcH0N15c95rHdemlP36hZMlbdx5+uum1km3bn9y0+jGl
1pHrNeXMPnD0iWi+NGTkiPGjA/kJBjR+dFICMY6u4MZX8BUSWZVQkcqtclakDs4PJJlNY6PZEQYU
bYoxxw5jY+Kihw2g8oEz5eC4pzMU6j+1h5pbHQJcFDpbYUwZ7rtl+m8ewyvHdFmievATSExQeGMp
m9XssNMKuDsU6E9QoH+gefCghCxAfxCNgJhfRGbGNGRH4aFPPz1UuGNI/YGTeaNK5bZXC5qmvvdl
0Yz5OPWVx78MZ8+TO5//nfxq5eNr1q6uwtPPfIxnLpuQLx+H9KJm8Yp16yse2XJ98qQb5879NGny
lu5u/42T5WenrNmcGCiU1/3zBfm72csqJ0wYU1i4ZmUVvuuNZjym6rH1jfWzvl0ld8nnCK6ZW/nM
oT17Dz2r2MdlNd7TYOteiUca8giHGS2NDJSONUBWrlQZADgXhsI9E6tJv09UDhLIAWpAT1tDTxs1
gKF72vYpD/uoASouvgy4+CTkEFr0iBRLiFLaE4zRRAaTZZpZmFCYIFqHWIpTrCySDnR1iDczgUjA
V+s7QG9ORW9OOb28VdUp4yroc8p8BPQd2EmoQg77sJK7eekne5qfotJ68peSS0z5jW3MgGb8oJqb
DQGfaO7Lze6S/F5GhNwsbqfWudOEKwjkZqawttoc7dJnW6igTYRIlRl/8xDpX1KzI1U+ANjBN+Nj
/4kRIBC+7UTJ1vGLEyN5F57bf5akBsv5t46MGkvx0r6jpNORiKnIEEGhRFP5cI9DAoyYUBXqhRJ9
Jl6OH8PbqbPU555ET6bnDs/L3vjeXuXfYFEDnozDMF/ZN2+B+dyb8//+p8T+z/HTuB7vgdbQ185C
exe/q87/Vz8/XDagiwLJisiIfICfdoi6iSgeYr3ztpUJkMMofPzvf9H/ZpxBAaRBMWBjyr+AuxGL
eNCmHuzBAnISYNQMMqJBBv//929/WIcWg7aa0fvQPoKnCagULULrUAM8f4NWquNv0lqlwchlRln7
EWrGybCOUhrOQIpHnYJ9smDuG1hfAv0GNEudv0HOq+1pcp5aBigwCZ4mqW80oGYyhKbJ+cilvvU+
GoaOowPKM3Me1cK6yegStJGw+zh0El3GT6L9+CKqRJvRYlphIBbrAGdKoUHNqLYf0YPql5WxUuYi
eHkDKgU+T8Lu+yPjOBlPJmFSgqcBhxQ+QMbC6BpUSoehBdSWp/IX4YGiVsL3+/hF56kHqWQ6gA/A
d5RvnIf9D6BhQG8JUDoWLkqhn1xFDcQAFEYxb6JxmnGsAbOaSjQFZleSLPw0G4vCqJJMgR3yYWwz
yseX4CvgOMdYhgaEREGP0ET57y5qku6d5nl3ujct+J+6HkHjaUKTmowrPM29vZOm0dHM9CYmpon4
tU203/fVv5v8Ki04ftI0T9O50Xl9u44O58HYfdPgUenBMIyPzkuL+Dn1UPOSvA3LZ/BD/4HcWtVu
Prqc/7f++0+f9NwhfKL9ErrKZAQZ4K9mvgw+Lsb+9En3QuGTf0GMJBokRm2C7Y9AtIhGi8lgNIR+
G8Zq0Dh6JSqhT6ISTS0ax7jVsSH0H1EJ40Cb4J03qZW9Q2B8CPRvkI9gTQAuB1pHHUUFcD8I152w
70W4Pw7XBvYUCiv7MO/0drFutFhdH0CD6cvqHhvgqgfi17FHwcYd6GVl7z468/quamAKeKR2QoII
z3QMXBDnGIgoLPQ1y+GCeW0YIQ7Qh1sCsDQUrm6E9PsButcjZATLN15AAJAI8Va4YE6YAzKC/c0J
cHUgZIG11gaAUQkhO5Bk/wNCzhfBjGA/F+wXDd+P/h6hmPXK/7OjSjWJ4lAqqkOKhwpoN6AiovX4
79Cnm6nV0pfvyOSshbzdmsC8XUTelujWBPKWkZx5M8CcKSJvBkhLITldSU7qyQk9Of66lTkeIq9b
SXOI/E4mx2TymkxelckRmRxuuos5fIM03UUOyeRgJXlFJi+byEsHDMxLVnLAQH4bIi8WkRfiyP4Q
eX5fEfO8TPYVkedqTcxzftKwXMc0+Mne8WSPQJ5NJ/Xr45h6mTzztMA8E0ueFsjuOhOz20/qYF2d
idRJ9C54cZeV7FpN15pIrUQ/5Sc7f53J7JTJju0WZoefbN9mZLZbyPZmLEkcvW2rjtlmJNuaMZLu
prfqyNYWuqa8kqk5QbY8rme2iGSLRG+Gp813kOpNJ5hqmWzaWMhsOkE2raY3bvAzGwvJRoneAHRt
8JP160RmfRxZ39zbIvXS60SyBj69poj8OpM8aSdP1JLH9WR1URGzWiZV8wSmKoo8VmliHguRShNZ
tZJnVlnISp5U1JIVIlmuI8se9TDLbpBHl8Ywj3rI0hiyBF5aEkcWy+QRmSxaaGQWyWShkSyU6PJK
smD+cGZBGZk/nMwrMzDzBDJvNV1mIGUSXQqfLL1B5s45wcyVyZzZhcycE2TOanp2iZ+ZXUhmS3SJ
nxTDouIbpKiIPGwjs2QyUybhGelMWCYz0slDMimUyYPjyQOVpEAm0/PINJncL5OpJ8ivZHJfEZls
JfeGyKR7eGZSJbmHJ/kjpJFkgp6MKyJ3x2uZu2vJ2BC5iwjMXRYyxkxGUzpmdBTJG2Vh8srIqJEC
M8pCRo7QMyMFMkLimBF6InFEUuR4H31nLRlOpzHDJ5JhQ63MsPFk6BAdM9RKhkr0EB25I9fM3FFI
cnNEJtdMckQy2EgGyZA8W5lsmQzMsjADrSQrpGOyLCQ0gGNCOhKK6GcARzIznExmHslItzEZTpLR
QqfH6Zh0G0lfTadxRUxaLQmmWpngeJIKTKRaSapEpwDpKUUkOSmTSR5BkoCwpEwSgFtAJol3EL/R
yfgLSYLPzCTcR3zwms9MfBIdryVej5PxFhKPW2Q8TuJpod3wMbdI3KvpOB2Jk+hYH4nhSXQCcUVl
Mq77SBTsGpVJnDJxwEcdMrELxGa1MrYyYrVYGKuVWCXaYiFmWGc+QUQQrygTAW7CSMID/XwtMcGc
SSZG2MDoJEaJNshEDx29lFNGdLBGV0m4IqLViIzWSjQiYZkQw1YSBt5jQoSGzeg0AptSOoLvI0gm
uBkXrdmMU/+f/aH/2wT8L38Q3f4nKdLt8AplbmRzdHJlYW0KZW5kb2JqCjI0IDAgb2JqCiAgIDc1
MzcKZW5kb2JqCjI1IDAgb2JqCjw8IC9MZW5ndGggMjYgMCBSCiAgIC9GaWx0ZXIgL0ZsYXRlRGVj
b2RlCj4+CnN0cmVhbQp4nF2SzW7CMBCE73kKH+kBJWSDU6QIqaIXDv1RaR8gsTc0UnEiEw68fXc9
iEo9wH6JZ+JZe/Pd/nkfhtnk73F0B55NPwQf+TxeomPT8XEI2ao0fnDz7Sn9u1M7ZbmYD9fzzKd9
6MesaUz+IYvnOV7N4smPHT9kxpj8LXqOQziaxdfugFeHyzT98InDbIpsuzWee/ncSzu9tic2eTIv
917Wh/m6FNuf4vM6sSnT8wqR3Oj5PLWOYxuOnDVFsTVN328zDv7fGm1g6Xr33casKVVaFFKEe7AY
m5oSSxGuwJWwXSWWIrwBb5Sht6q3a/Ba2YO9cg2ulR3YKWNfq/tSmViK5GHkYdW00LSaB5lrzUzI
Q5qnhrdWr4XXqpegp9Qj8pSah5CTNCehR9IeCXuR7kXokbRHsmArvIZ3nXqE16q3Qp5K81Q4kyqd
ySM0j5oT3jp5O7zv9PvQkGoIXlJvhfxVyg99mfQ4T0rnid6l6KXfblevX+f0PlfuEqOMVBrmNEs6
RUPg+7xP46Su9PsFo2DK6wplbmRzdHJlYW0KZW5kb2JqCjI2IDAgb2JqCiAgIDQwMQplbmRvYmoK
MjcgMCBvYmoKPDwgL1R5cGUgL0ZvbnREZXNjcmlwdG9yCiAgIC9Gb250TmFtZSAvRkNVSlNMK0Rl
amFWdVNlcmlmCiAgIC9Gb250RmFtaWx5IChEZWphVnUgU2VyaWYpCiAgIC9GbGFncyAzMgogICAv
Rm9udEJCb3ggWyAtNzY5IC0zNDYgMjEwNSAxMTA5IF0KICAgL0l0YWxpY0FuZ2xlIDAKICAgL0Fz
Y2VudCA5MjgKICAgL0Rlc2NlbnQgLTIzNQogICAvQ2FwSGVpZ2h0IDExMDkKICAgL1N0ZW1WIDgw
CiAgIC9TdGVtSCA4MAogICAvRm9udEZpbGUyIDIzIDAgUgo+PgplbmRvYmoKOSAwIG9iago8PCAv
VHlwZSAvRm9udAogICAvU3VidHlwZSAvVHJ1ZVR5cGUKICAgL0Jhc2VGb250IC9GQ1VKU0wrRGVq
YVZ1U2VyaWYKICAgL0ZpcnN0Q2hhciAzMgogICAvTGFzdENoYXIgMTE3CiAgIC9Gb250RGVzY3Jp
cHRvciAyNyAwIFIKICAgL0VuY29kaW5nIC9XaW5BbnNpRW5jb2RpbmcKICAgL1dpZHRocyBbIDMx
NyAwIDAgMCAwIDAgMCAwIDAgMCAwIDgzNyAwIDMzNyAzMTcgMzM2IDYzNiA2MzYgNjM2IDYzNiA2
MzYgNjM2IDYzNiA2MzYgNjM2IDYzNiAzMzYgMCAwIDAgMCAwIDEwMDAgNzIyIDAgNzY1IDAgMCAw
IDAgMCAwIDAgMCAwIDAgMCAwIDAgMCAwIDAgMCA4NDIgMCAwIDAgMCAwIDAgMCAwIDAgMCAwIDU5
NiA2NDAgNTYwIDY0MCA1OTEgMCA2NDAgNjQ0IDMxOSAzMTAgNjA1IDMxOSA5NDggNjQ0IDYwMiA2
NDAgMCA0NzggNTEzIDQwMSA2NDQgXQogICAgL1RvVW5pY29kZSAyNSAwIFIKPj4KZW5kb2JqCjI4
IDAgb2JqCjw8IC9MZW5ndGggMjkgMCBSCiAgIC9GaWx0ZXIgL0ZsYXRlRGVjb2RlCiAgIC9MZW5n
dGgxIDI1NTYKPj4Kc3RyZWFtCniczVR7UFTXGT/3/s63u+yycJe9CKjgrrBF5LXsCvWB9opQVFJC
xLbYiqKuC+ERwfdrk02j9RVUjFkfsS1JnGmLeWxsajfitJpqbJvhL7XR/5IZnUxnHKdp007j4KXf
gp102mn/bc83957v9/ue55x7rlCEECkiKiC0dVs3e44Ez30uhHKfn+Ph3vaeT6OfXRUCUfY61N69
I+zd+Oko62fY3tSxfk3I9XL9eSFkKnNVHUxkeBxvMq5lXNDRs3m7fbeIM+5gbOvesG5NMi/jXsap
PWu298o2CjLezdjTu3F975Ydlr8y5vy0SqgibMZkmM5yd1Yx2UiV14XlumKjVlWK8qs371cI7eb9
m/f9bpfX5fO6vGEpRjdhyug9M2ZN+9ufNlqKhCKWjo1ZZlp0USm2Gp7SCl9pQUVJeWFB1aySqcKq
l7qhTC50V6VQicPqr9I+r74buDtafVV7oN2svjuhueZUCMNbnDs5VRaUK7adUwrc+Rkzso540vv8
lSqsOx1TSs4Eqbz6QSDwICtg8vz76g8CGsOMrDl+xecKZnorg678ymDlrKpgYFJWZn6Zkj/dkqt4
/43I9E54491H5v1Hb8Tj8cS7Nd+vaVOXNYWXq+o/AWWGeTvpgWFl9K3OTizr2nv+QnbO7xoa+wYO
7PlS7UpaeYMVu9jEe5oQH7LcYO0J0Sn6xD4xyPo9sWucvyJtSWHmDiV9b4iEUsR+alKUck6jil9y
niDb7rF/mPGgWDtuf4iRcTmNEXWbUNHEWtN4xKBIYJ6UGJl4xqM+FPPFRTGU1GlExNhvmfiIpYaz
LxWXxB3lBXFWuSUiol9skmwWuYqdbnEvnWIt3RqXP4qV45WTXCfd4lMeFJ28zkuc/ewErxQpy9CG
sNLCK1SVISxmdq/olG0sheNSO76+iTWo6i6u/3i9YkRdqRbJQmWI6yRrjHD+ITGf+w1zp4v5UZP9
4w9iEMk7kENXxFLrUkuqYrFGxHK27kJQOW3JFW0iguWcoZG5ftGofMRVhC4uWEhCVUSJR4urviWh
uPFUi+c3K7ylJf8CPZrVExdNcecOT2JsrKlFTqEVcZoah88Wl778T/6T8ZPSkoamFk/8t3W1j7PW
tdUy19zCahIxzXxdbSl/IMmzWpXY3XNv0ur06r+Iabbkrosbdxo/+8f8xe1Hc7Xbto+T91lMRIy/
rT1mrhCu3C9uj/Zqtx/zXw5V8o7R23yuE6M2+f+YqKemiGJxUiS/OE2c4nsupEP5M2OZUKPGx9dN
fODGtasFdC2Ea4a8WoBfO/H+lUJ6P4Qrhbjcil9FcMmBYQcuvqfTxQDe05EI4BcmLpj4uYmfmThv
4p14Pb3zEPF6vG3irQjeNPFGGs4NpdI5HUOp+GkAPwnhx3k4G8Drr4XodROvhfBqLI1e9WFwu50G
ffhRA36o4QdlOLM/j86YeOW0Rq/k4rSGUyfT6JQPJ9nvZBpOGvIEB57QcSIqY2mIGfJlH47v8dNx
Ey8dc9NLPhwbcNIxN44lFMNIkQNH7TTgxEBCEcYSedSOo5flkQ0ROjKMw8876LALhw3Zz1r/XLx4
aJheNHHoYCsdGsahqDx4wEcHW3HQkAe4rwM+7N/nov152J8Yu2yMyX0u7OXSe0PY48cLk/C9GJ53
IBoKUdTEc90aPZeDZyNp9GwAkTTs3pVOu93YlY6dMexwYbsd27Z6aNtDbN0ylbZ6sGUqNnPQ5jxs
MrHRRF+vk/pM9DrRa8gNETzTs4Ce6ULPAnR3pVK3hu6o7EpFlyE7uWTnQzzdMUxPm+hob6WOYXRE
ZXvYR+2taDdk2If17LT+IUIhrMvEWhNrTLStLqM2E6vLsMpEq4mVDfhuBN8xsaIWLSa+beJbw/im
ieYQlul4KoCmJ9OpKYIn09G40KjBEw4sDWHJdBstiWFxAPXQqN6Nr2egTrVTXQ5qF7mptguLajRa
5EbNQgfVaFhopNBCB4wUGMl9bJZfi2GBLKUF38D8ap3mN6B6np2qdVQbcp4dc+dk0NxWzJntojkZ
mO3CV52oMlE5S6dKE7OCbpqlIxiwU9CNQEUKBewITJxPRQr85dnkr0V5WSaVZ6P8sizLs1NZJsqi
sjQlRKUxlBTrVNKAYl5EsY5iQ87k1meGUDTDT0ULMYMbm+FHIU+FJr4yFz5nNvlaUZCfQQXNyOew
/AzkG3K6DV5PNnlb4ZnmIk82PJflNC42zYVpUZlnR54hc/MxNR1TCjA5x0+Tm5HDWXP8yDaRxUWz
TEzSkKnrlNkF3e0mXYduSLcbGeyXMQwXb6/LhMaTVoN07j89hjS2pZlwcgJnNpyGTDXhYOAwZnfB
zj72CFJCsFldZNNhdcFCAbJEQBxHAUhOJkvBSVU7lGYIE0pCCe3tV4r/b4f4XzfwXwf/rf8Ong1T
EgplbmRzdHJlYW0KZW5kb2JqCjI5IDAgb2JqCiAgIDE4MDYKZW5kb2JqCjMwIDAgb2JqCjw8IC9M
ZW5ndGggMzEgMCBSCiAgIC9GaWx0ZXIgL0ZsYXRlRGVjb2RlCj4+CnN0cmVhbQp4nF2Qz2rDMAzG
734KHdtDcdNzCIzuksP+0GwP4NhyZmhkoziHvP1kN3QwgQ3S9/3MZ+lr/9pTyKA/OdoBM/hAjnGJ
K1uEEadAqrmACzbvXb3tbJLSAg/bknHuyUfVtqBvIi6ZNzi8uDjiUQGA/mCHHGiCw/d1eIyGNaU7
zkgZzqrrwKGX595Mejczgq7wqXeih7ydBPtzfG0J4VL75hHJRodLMhbZ0ISqPUt10HqpTiG5f/pO
jd7+GK7uprhHgYp7nxeufPIZyq7MkqduogYpEQLhc1kppkLV8wtTRnDHCmVuZHN0cmVhbQplbmRv
YmoKMzEgMCBvYmoKICAgMjIzCmVuZG9iagozMiAwIG9iago8PCAvVHlwZSAvRm9udERlc2NyaXB0
b3IKICAgL0ZvbnROYW1lIC9LR0lTVVMrRGVqYVZ1U2VyaWYKICAgL0ZvbnRGYW1pbHkgKERlamFW
dSBTZXJpZikKICAgL0ZsYWdzIDQKICAgL0ZvbnRCQm94IFsgLTc2OSAtMzQ2IDIxMDUgMTEwOSBd
CiAgIC9JdGFsaWNBbmdsZSAwCiAgIC9Bc2NlbnQgOTI4CiAgIC9EZXNjZW50IC0yMzUKICAgL0Nh
cEhlaWdodCAxMTA5CiAgIC9TdGVtViA4MAogICAvU3RlbUggODAKICAgL0ZvbnRGaWxlMiAyOCAw
IFIKPj4KZW5kb2JqCjMzIDAgb2JqCjw8IC9UeXBlIC9Gb250CiAgIC9TdWJ0eXBlIC9DSURGb250
VHlwZTIKICAgL0Jhc2VGb250IC9LR0lTVVMrRGVqYVZ1U2VyaWYKICAgL0NJRFN5c3RlbUluZm8K
ICAgPDwgL1JlZ2lzdHJ5IChBZG9iZSkKICAgICAgL09yZGVyaW5nIChJZGVudGl0eSkKICAgICAg
L1N1cHBsZW1lbnQgMAogICA+PgogICAvRm9udERlc2NyaXB0b3IgMzIgMCBSCiAgIC9XIFswIFsg
NjAwIDcxMCBdXQo+PgplbmRvYmoKMTAgMCBvYmoKPDwgL1R5cGUgL0ZvbnQKICAgL1N1YnR5cGUg
L1R5cGUwCiAgIC9CYXNlRm9udCAvS0dJU1VTK0RlamFWdVNlcmlmCiAgIC9FbmNvZGluZyAvSWRl
bnRpdHktSAogICAvRGVzY2VuZGFudEZvbnRzIFsgMzMgMCBSXQogICAvVG9Vbmljb2RlIDMwIDAg
Ugo+PgplbmRvYmoKMSAwIG9iago8PCAvVHlwZSAvUGFnZXMKICAgL0tpZHMgWyAyIDAgUiBdCiAg
IC9Db3VudCAxCj4+CmVuZG9iagozNCAwIG9iago8PCAvVHlwZSAvT3V0bGluZXMKICAgL0ZpcnN0
IDE3IDAgUgogICAvTGFzdCAxNyAwIFIKICAgL0NvdW50IC0xCj4+CmVuZG9iagoxNyAwIG9iago8
PCAvVGl0bGUgKERFVEFMTEVTIERFIExBIFJFU0VSVkFDSU9OKQogICAvUGFyZW50IDM0IDAgUgog
ICAvRiAwCiAgIC9EZXN0IFsyIDAgUiAvWFlaIDcwIDc2MyAwXQo+PgplbmRvYmoKMzUgMCBvYmoK
PDwgL1Byb2R1Y2VyIChjYWlybyAxLjE1LjEwIChodHRwOi8vY2Fpcm9ncmFwaGljcy5vcmcpKQog
ICAvVGl0bGUgKFJlc2VydmFjaW9uKQogICAvQXV0aG9yICgpCiAgIC9LZXl3b3JkcyAoKQogICAv
Q3JlYXRpb25EYXRlIChEOjIwMjEwNTA0MTYyOTMyWikKPj4KZW5kb2JqCjM2IDAgb2JqCjw8IC9U
eXBlIC9DYXRhbG9nCiAgIC9QYWdlcyAxIDAgUgogICAvT3V0bGluZXMgMzQgMCBSCj4+CmVuZG9i
agp4cmVmCjAgMzcKMDAwMDAwMDAwMCA2NTUzNSBmIAowMDAwMDIyMDE0IDAwMDAwIG4gCjAwMDAw
MDE1MjggMDAwMDAgbiAKMDAwMDAwMDAxNSAwMDAwMCBuIAowMDAwMDAwMDE1IDAwMDAwIG4gCjAw
MDAwMDA3NzggMDAwMDAgbiAKMDAwMDAwMDAxNSAwMDAwMCBuIAowMDAwMDAwNzU2IDAwMDAwIG4g
CjAwMDAwMDk3MzAgMDAwMDAgbiAKMDAwMDAxODYyNyAwMDAwMCBuIAowMDAwMDIxODUyIDAwMDAw
IG4gCjAwMDAwMDE3OTUgMDAwMDAgbiAKMDAwMDAwMDk4OCAwMDAwMCBuIAowMDAwMDAxMjQ1IDAw
MDAwIG4gCjAwMDAwMDE0OTIgMDAwMDAgbiAKMDAwMDAwMjE2NyAwMDAwMCBuIAowMDAwMDAyMTQ1
IDAwMDAwIG4gCjAwMDAwMjIxNjMgMDAwMDAgbiAKMDAwMDAwMjI3NyAwMDAwMCBuIAowMDAwMDA4
OTQ4IDAwMDAwIG4gCjAwMDAwMDg5NzIgMDAwMDAgbiAKMDAwMDAwOTQyOSAwMDAwMCBuIAowMDAw
MDA5NDUyIDAwMDAwIG4gCjAwMDAwMTAxOTMgMDAwMDAgbiAKMDAwMDAxNzgyNyAwMDAwMCBuIAow
MDAwMDE3ODUxIDAwMDAwIG4gCjAwMDAwMTgzMzEgMDAwMDAgbiAKMDAwMDAxODM1NCAwMDAwMCBu
IAowMDAwMDE5MDkzIDAwMDAwIG4gCjAwMDAwMjA5OTUgMDAwMDAgbiAKMDAwMDAyMTAxOSAwMDAw
MCBuIAowMDAwMDIxMzIxIDAwMDAwIG4gCjAwMDAwMjEzNDQgMDAwMDAgbiAKMDAwMDAyMTYxNiAw
MDAwMCBuIAowMDAwMDIyMDc5IDAwMDAwIG4gCjAwMDAwMjIyNzggMDAwMDAgbiAKMDAwMDAyMjQ0
NCAwMDAwMCBuIAp0cmFpbGVyCjw8IC9TaXplIDM3CiAgIC9Sb290IDM2IDAgUgogICAvSW5mbyAz
NSAwIFIKPj4Kc3RhcnR4cmVmCjIyNTE3CiUlRU9GCg==

--===============1698930733084561847==--

-------------------------------------------------------------------------------
