Content-Type: multipart/mixed; boundary="===============7012093355020177712=="
MIME-Version: 1.0
Subject: =?utf-8?q?Hotel_Real_-_Confirmaci=C3=B3n_de_Reservaci=C3=B3n?=
From: reservaenrealnicaragua@gmail.com
To: gustabo@gmail.com
Date: Thu, 28 Jan 2021 19:44:16 -0000
Message-ID: <161186305677.9963.5417280371941655487@localhost>

--===============7012093355020177712==
Content-Type: text/html; charset="utf-8"
MIME-Version: 1.0
Content-Transfer-Encoding: 7bit

Pronto nos pondremos en contacto con usted. recibimos su solicitud para RealNicaragua
--===============7012093355020177712==
Content-Type: application/pdf
MIME-Version: 1.0
Content-Transfer-Encoding: base64
Content-Disposition: attachment;
 filename="gustabo@gmail.com_5ku4534_2021-01-28 19:44:16.217591.pdf"

JVBERi0xLjUKJbXtrvsKNiAwIG9iago8PCAvTGVuZ3RoIDcgMCBSCiAgIC9GaWx0ZXIgL0ZsYXRl
RGVjb2RlCj4+CnN0cmVhbQp4nN1VS3ObMBC+61fsEU8HeSUhEJmMpySmnWTsto5pL5kcFFt2nRiw
Abf5+RWY1InTPJxjYRAaSfs9hHZhgPZ2mW2Ux2CSkjXBZqyYQ1cjzEtykhDubdfZdyAp5770OTBE
qnzBFYMkJd2Ziy6C7c/IpdOPk46UTjQYxGPoxzCI4CIexxcdIZ0fnUA50enZ1y+dq+ScMN5q4GCx
KIoQa3BfUY4Bintwdg/uQCe5eUTncitEIUdlFVLJfeEHkEyJE0GWp9eFgalpY/ZQGKPoCy8IACmi
lEIo2UTON2Wlr/OnVLsIl1FPoBBhHXDpfOvwwNGlXuVFZRpjB9DJ240nhfdmOidO9WL5Pk8f53Us
neTpoe5MUeaZLg81xxqa8UpncHwM3WhSbfQyMXcVHM/MbIaosQe9Hpz0T1uoeGh7q5buv1P5qc4M
M/mp7bGEOKsKPdWHquXI7VLmMg+Yd+ThO9nHerl4P7lA4HiEbyZ3IlPky0Vm9P7JfZbqe7aozBSi
RVHHlS8z+WrHNDdZZWC9MVCY0hS/nlC+4tHdfuJkWw1pKOqrLoq2Gj6oWJwpyjAUgQQbSrlQu3K4
o5rcrFIWKrFLvX+BX3y2fb++Avhtp87tc0Mur2ppMCUMYQhrYA33trXluhVg2UPqI4cUhBSUqb8D
SxjDaFfTH8tv1gahr9RL8t03bYWQgQXwXtmKD1JIhWHAQ++ZPXhisQV+YNHzBPVFsOdxTbqa2R8W
dO/sXvVzMiLdwSK7bfJ5eHrWt3BtAtepuzfHHs6NyB8PjZnkCmVuZHN0cmVhbQplbmRvYmoKNyAw
IG9iagogICA1ODkKZW5kb2JqCjUgMCBvYmoKPDwKICAgL0V4dEdTdGF0ZSA8PAogICAgICAvYTAg
PDwgL0NBIDEgL2NhIDEgPj4KICAgICAgL2ExIDw8IC9DQSAwLjcgL2NhIDAuNyA+PgogICA+Pgog
ICAvWE9iamVjdCA8PCAveDEwIDEwIDAgUiA+PgogICAvRm9udCA8PAogICAgICAvZi0wLTAgOCAw
IFIKICAgICAgL2YtMS0wIDkgMCBSCiAgID4+Cj4+CmVuZG9iagoxMSAwIG9iago8PCAvVHlwZSAv
QW5ub3QKICAgL1N1YnR5cGUgL0xpbmsKICAgL1N0cnVjdFBhcmVudCAwCiAgIC9RdWFkUG9pbnRz
IFsgMjE4IDUxNCAzNTMgNTE0IDM1MyA1MDAgMjE4IDUwMCBdCiAgIC9SZWN0IFsgMjE4IDUwMCAz
NTMgNTE0IF0KICAgL0EgPDwKICAgICAgL1R5cGUgL0FjdGlvbgogICAgICAvUyAvVVJJCiAgICAg
IC9VUkkgKG1haWx0bzpjanBtMTk4M0BnbWFpbC5jb20pCiAgID4+CiAgIC9CUyA8PCAvVyAwID4+
Pj4KZW5kb2JqCjEyIDAgb2JqCjw8IC9UeXBlIC9Bbm5vdAogICAvU3VidHlwZSAvTGluawogICAv
U3RydWN0UGFyZW50IDEKICAgL1F1YWRQb2ludHMgWyAzNTcgNTE0IDQ0MyA1MTQgNDQzIDUwMCAz
NTcgNTAwIF0KICAgL1JlY3QgWyAzNTcgNTAwIDQ0MyA1MTQgXQogICAvQSA8PAogICAgICAvVHlw
ZSAvQWN0aW9uCiAgICAgIC9TIC9VUkkKICAgICAgL1VSSSAodGVsOis1MzU4MDk3Mjk0KQogICA+
PgogICAvQlMgPDwgL1cgMCA+Pj4+CmVuZG9iagoxMyAwIG9iagpbCiAgMyAwIFIKICA0IDAgUgpd
CmVuZG9iagoyIDAgb2JqCjw8IC9UeXBlIC9QYWdlICUgMQogICAvUGFyZW50IDEgMCBSCiAgIC9N
ZWRpYUJveCBbIDAgMCA1OTUgODQxIF0KICAgL0NvbnRlbnRzIDYgMCBSCiAgIC9Hcm91cCA8PAog
ICAgICAvVHlwZSAvR3JvdXAKICAgICAgL1MgL1RyYW5zcGFyZW5jeQogICAgICAvSSB0cnVlCiAg
ICAgIC9DUyAvRGV2aWNlUkdCCiAgID4+CiAgIC9SZXNvdXJjZXMgNSAwIFIKICAgL1N0cnVjdFBh
cmVudHMgMgogICAvQW5ub3RzIFsgMTEgMCBSIDEyIDAgUiBdCj4+CmVuZG9iagoxMCAwIG9iago8
PCAvTGVuZ3RoIDE1IDAgUgogICAvRmlsdGVyIC9GbGF0ZURlY29kZQogICAvVHlwZSAvWE9iamVj
dAogICAvU3VidHlwZSAvRm9ybQogICAvQkJveCBbIDAgMCA1OTUgODQxIF0KICAgL0dyb3VwIDw8
CiAgICAgIC9UeXBlIC9Hcm91cAogICAgICAvUyAvVHJhbnNwYXJlbmN5CiAgICAgIC9JIHRydWUK
ICAgICAgL0NTIC9EZXZpY2VSR0IKICAgPj4KICAgL1Jlc291cmNlcyAxNCAwIFIKPj4Kc3RyZWFt
CnicRZDBEsIgDETvfMX+gGkIkMDdH+jJs9NxvFSd6sXPl1ZKJ6d9LLuBxY1YnKjBi0AF0fC+4YLn
CklChg9MnhMe6EQSFU0QY0olrldJedWRbDv/6wlBqiMU19FcUSQ9PEEycSg9s+vWOh1EmYzNbRk7
ipRj7pmaSdj21q6nY7NG5n1311F/XMs89FZbQ9ZPWVyVGVznFBNps5mV1JJS8ILp4YYr4/7B8PWK
88uNdX5LnEgzCmVuZHN0cmVhbQplbmRvYmoKMTUgMCBvYmoKICAgMTc5CmVuZG9iagoxNCAwIG9i
ago8PAogICAvRXh0R1N0YXRlIDw8CiAgICAgIC9hMCA8PCAvQ0EgMSAvY2EgMSA+PgogICA+Pgog
ICAvWE9iamVjdCA8PCAveDE2IDE2IDAgUiA+Pgo+PgplbmRvYmoKMTYgMCBvYmoKPDwgL0xlbmd0
aCAxNyAwIFIKICAgL1R5cGUgL1hPYmplY3QKICAgL1N1YnR5cGUgL0ltYWdlCiAgIC9XaWR0aCA4
MDAKICAgL0hlaWdodCA2MDAKICAgL0NvbG9yU3BhY2UgL0RldmljZVJHQgogICAvSW50ZXJwb2xh
dGUgdHJ1ZQogICAvQml0c1BlckNvbXBvbmVudCA4CiAgIC9GaWx0ZXIgL0RDVERlY29kZQo+Pgpz
dHJlYW0K/9j/4AAQSkZJRgABAQAASABIAAD/4QCMRXhpZgAATU0AKgAAAAgABQESAAMAAAABAAEA
AAEaAAUAAAABAAAASgEbAAUAAAABAAAAUgEoAAMAAAABAAIAAIdpAAQAAAABAAAAWgAAAAAAAABI
AAAAAQAAAEgAAAABAAOgAQADAAAAAQABAACgAgAEAAAAAQAAAyCgAwAEAAAAAQAAAlgAAAAA/+0A
OFBob3Rvc2hvcCAzLjAAOEJJTQQEAAAAAAAAOEJJTQQlAAAAAAAQ1B2M2Y8AsgTpgAmY7PhCfv/A
ABEIAlgDIAMBIgACEQEDEQH/xAAfAAABBQEBAQEBAQAAAAAAAAAAAQIDBAUGBwgJCgv/xAC1EAAC
AQMDAgQDBQUEBAAAAX0BAgMABBEFEiExQQYTUWEHInEUMoGRoQgjQrHBFVLR8CQzYnKCCQoWFxgZ
GiUmJygpKjQ1Njc4OTpDREVGR0hJSlNUVVZXWFlaY2RlZmdoaWpzdHV2d3h5eoOEhYaHiImKkpOU
lZaXmJmaoqOkpaanqKmqsrO0tba3uLm6wsPExcbHyMnK0tPU1dbX2Nna4eLj5OXm5+jp6vHy8/T1
9vf4+fr/xAAfAQADAQEBAQEBAQEBAAAAAAAAAQIDBAUGBwgJCgv/xAC1EQACAQIEBAMEBwUEBAAB
AncAAQIDEQQFITEGEkFRB2FxEyIygQgUQpGhscEJIzNS8BVictEKFiQ04SXxFxgZGiYnKCkqNTY3
ODk6Q0RFRkdISUpTVFVWV1hZWmNkZWZnaGlqc3R1dnd4eXqCg4SFhoeIiYqSk5SVlpeYmZqio6Sl
pqeoqaqys7S1tre4ubrCw8TFxsfIycrS09TV1tfY2dri4+Tl5ufo6ery8/T19vf4+fr/2wBDAAgG
BgcGBQgHBwcJCQgKDBQNDAsLDBkSEw8UHRofHh0aHBwgJC4nICIsIxwcKDcpLDAxNDQ0Hyc5PTgy
PC4zNDL/2wBDAQkJCQwLDBgNDRgyIRwhMjIyMjIyMjIyMjIyMjIyMjIyMjIyMjIyMjIyMjIyMjIy
MjIyMjIyMjIyMjIyMjIyMjL/3QAEADL/2gAMAwEAAhEDEQA/APf6Q0tRySLGjO5CqoyST0oAfxS5
rEl8SaShP/EyteP+moqrJ4r0lemo2x/7aCnysDpM5ormP+Es0v8A6CFt/wB/BR/wlul/9BC2/wC/
gp8rA6eiuY/4S7Sv+ghbf9/BR/wlulf9BG2/7+CjlYHT0VzP/CW6V/0Ebb/v4KrXnjnRrG3M819G
UH9w7jRySYrpHX0V52Pi14ZIz9rl/wC/Ro/4Wz4a/wCfuT/v2atUZC50eiUV55/wtnw1/wA/cn/f
s0f8LY8N/wDP3J/37NHsavYOdHodFee/8LY8N5/4+5P+/Zpf+FreG/8An7k/79ml7Cr2DnR6DRXn
/wDwtXw5/wA/cn/fBo/4Wp4cP/L2/wD3waPYVewc6PQKK4D/AIWn4d/5+3/74NH/AAtPw7/z9v8A
98Gj2FQOdHf0VwH/AAtPw7/z9v8A98Gj/haXh7/n7f8A74NP6vUDnR39FcB/wtLw7/z9v/3waP8A
haXh3/n7f/vg0fV6gc6O/ozXA/8AC0fD3/P2/wD3waQ/FLw6P+Xt/wDvg0ewqC50d/mjNef/APC0
/Dv/AD9Sf98Gl/4Wn4d/5+pP++DS9hU7D54nf5ozXn//AAtPw7/z9Sf9+zR/wtTw6P8Al6k/79mq
9hU7MOeJ6BRXn/8AwtXw7/z9S/8Afs0n/C1vDv8Az9S/9+zR9Xqfyh7SJ6DRk159/wALV8Of8/Uv
/fs0f8LV8O/8/Mv/AH7NL2FT+UXtInoOaM159/wtbw3/AM/Mv/fs0n/C1vDn/PzL/wB+zR7Cr/KH
tInoWTRk157/AMLW8Of8/Mv/AH7NL/wtbw5/z9S/9+zR7Cp2D2kT0HNGa89/4Wt4c/5+pf8Av2aP
+Fr+HP8An6l/79mj2FT+UftInoWaM159/wALW8Of8/Uv/fs0f8LW8Of8/Uv/AH7NHsKn8oe0ieg5
ozXn3/C1vDn/AD9Sf9+zR/wtXw5/z9S/9+zR7Cp/KHtInoOaM159/wALV8O/8/Un/fs0v/C0/Dv/
AD9S/wDfs0ewqfysPaRPQM0Zrz//AIWn4ePS5l/79mnj4n6Af+W834RGj2FX+Vi9pE73NGa4MfE3
Qj0ln/79Gl/4WXoZ/wCWtx/36NP6vV/lYvawO6zRkVwv/Cy9E/56XH/fo0f8LL0P/npcf9+jR9Xq
/wArH7WB3WRRmuE/4WZoX/PS4/78mk/4WdoQ/wCWlx/35NH1er/Kw9rA7zNLmuBPxP0H/npcf9+T
Sf8AC0tA/wCetx/35aj6vV/lYvawO/zRmvP/APhaXh/P+uuP+/LUn/C1PD+f9bcf9+Wo+r1f5WHt
YHoOaM159/wtTw//AM9rj/vy1H/C1PD/APz2uP8Avy1H1er/ACsftIHoOaM159/wtTw//wA9rj/v
y1H/AAtXw/8A89bj/vy1H1ep/KHtIHoNFeff8LU8P/8APa4/78tR/wALU8P/APPa4/78tR9Xq/yh
7SB6DRXn/wDwtPw//wA9rj/vy1H/AAtPw/8A89rj/vy1H1er/KHtIHoFFeff8LU8P/8APW4/78tR
/wALU0D/AJ63H/flqPq9T+UPaQ7noNFef/8AC1PD/wDz2uP+/LUf8LT0DtLcf9+Wo+r1f5Q9pDue
gUma4H/haOg/89bj/vyaX/hZ+hf89Lj/AL8mj6vV/lD2kDvc0Zrgx8TtCP8Ay0uP+/Jp3/CzNC/5
63H/AH5NH1er/KHtYHd5ozXCf8LM0L/nrcf9+TSf8LN0L/nrcf8Afk0fV6v8rD2sDvM0ma4P/hZ2
hf8APW4/78mj/hZ+g/8APW4/78mj2FX+Vh7WB3maM1wX/Cz9B/563H/fk0f8LQ0H/nrcf9+TR7Cr
/Kw9rA76iuA/4WjoH/Pa4/78mj/haWgf89bj/vyaPYVf5Q9pA7+ivP8A/haegf8APW4/78tR/wAL
T8P/APPa4/78tR7Cr/KHtIHoFFefH4q+Hx/y1uP+/DUn/C1vD3/Pa5/78NR7Cr/KHtYHoVFee/8A
C1/Dv/Pa5/78NR/wtjw7/wA9rn/vw1L2NX+UPaRPQqK88/4Wz4c/57XP/fhqT/hbPhz/AJ7XP/fh
qPY1f5Q9pE9Eorzv/hbXhv8A57XP/fhqP+FteG/+e9z/AOA7Uexq/wAoe0h3PRKK87Pxb8N/897n
/wAB2pP+Ft+G/wDntc/+A7Uexq/yh7SHc9FpK87/AOFt+G/+e1z/AOA7Uf8AC3PDX/Pa5/8AAdqP
Y1OsQ9pDueicUd687/4W54a/57XP/gO1W9O+J2ganqENlbSzmaUkKGhZRwM9TSdGa1aBVIs7qlqp
FdLIMqcirKtkVmWf/9D3/tWR4kfZ4e1DnH7h/wCVa9Yfik48Pah/1wf+VNbgfGVxPObq4/fzjErf
8tD6n3qLzpv+e83/AH8P+NE5/wBJuP8Arq38zUea7I25dhXJPOm/57zf9/D/AI0edN/z3m/7+H/G
o6KrTsIk86X/AJ7Tf9/D/jR50v8Az3m/7+H/ABqOiiy7ASebL/z2lPt5h/xoMsjDa8zsP7pdiP50
3PFJTSQBz2Y/maOf736miiqFZC8/3v1NJls9f1NFFOwWQEtnr+ppct/eP5mkopBZC5f+8f8Avo0b
n/vH/vo0UUXYWQbm9T/30aNzep/76NJiinzsOVDg7ep/76NL5jf3m/76NMpapTYcqHhz/eP/AH0a
N5/vH/vo0zNGafOxcqJA7f3j/wB9Gl8xv7x/76NRZozT9oHKibe394/99GlEpH8R/wC+jUG6jfVK
q0JxRZEpPf8A8eNPDn1/U1VDUu81oq0hOBcDf7X6mjn+9+pqushFP8ytVVbI5SUZ7N+pp25h3/U1
EGpwY1fMyWh+73/U0Z9D+ppvWlxTuxWFyfX9TRz6/qaSnYouxaDTn1/U0c+v6mlIoxRdjuhvzev6
mkOfX9TTyKTFF2FxuT/e/U0En+9+pp2KMUczHoIM/wB79TUyg/3v1NRAVNHxSuwdizCDx/ia0oR0
/wAaoRHpWhCcYqk2ZyL0OPT9asAADrVVGqUPxVpvuYsmyKYWAqPfTC9O7BIkZ6ZvqMtmm5pXY7Eh
emF8npTSaTNHMwHZHpTSRnpSGii7AXj0o/CgClHWldgJgelGB6U7vShc0XYxuPajHtTiD0pyqaLs
kYAPSl2+1SiPNO2UXYEATJ6U7yvarCoAKCwFF2BCsPtUohXuKUS00y0uZjH7EA6UuFHpUJlqIymj
mYWLRdR0FJ5oFVPNNMaTNHOxWLnnCo2lFVd9JvpczKsWDNTPN/zmoC1IWpczCxY83/OaQy1W3Ubq
OZjsTmX2pPN9qg3UFqXMx2JzL7U0ye361DupM0czCxKX/Ck3+9RE0Zo5mFiQSH2pPM+lRZoqeZlE
nmc9qC30plFHMxClvpSZ+lIaSjmYDiw9qTP0puaKOZjHZHtSZpKKTkwFyK1PDM/2fxLZTDqrH+VZ
Oatac+zUIWHUGs6r/dy9GOPxI+jdG1M3EY9MV1du+9QR6V5f4VnZoxzXpdicxKT6V4J3H//R9/rD
8U/8i9qH/XBv5Vt1ieKBu0C/H/TBv5Ur2YWufFk//H3cD/pq38zTMVPdQstzOwB/1r9v9o1WrqhO
6CUHEXpS5pKKu5IZpRzSUU7gOozTc0tNMBRRSUZqriFFBoFFO4BS4pKWqTAKKKKdwCjFFLTsFxMU
UtJS5RXEPWgUtLS5RjaWjHNLiiwDaKdijFKw7iClzSd6WqsFwyaUE02iqTaEyUORTg5NQilBxWka
libXLSnPen5qpuxTxITW0alyXEsZp2ahVqkBrRSM3EfmjikFKMVRNhSKbinZpaAG4oxTsUm2nYLi
CpVGaYBipFpWBssx9quxnGKoxnpVxD0qkQy6hqTtUCHipAapENC7jSHPrSHrSZoELnFJ1oNFIBMU
U4DJpdvNADaAKdspypQA0LSgc1MF4oAAoAj209Vp3FGaQBsHrSgCmFuaaWo5hEuRSM4AqHfzTWap
chomMnHWmGWoC1IWpXHYmL1Gz0wnimE0rjsSFs96aWqPNLmi4WF3GgmmZpSaVx2DNJSUZouMM0lJ
nmkzRcBaKQ0maVwHYpCKTNBNFwFxRim5ozRcBcUlGaQmlcBaKbmgmkMXNGabmjNFwHUfjTCaM0rj
sLmim5op3EOpM0UUrgLU9l/x+xfWoKnsv+P2L61FR+4/QqPxI9m8I/6sV6hYf6pR7V5f4R/1Yr1C
w/1a/SvDZ2n/0vfaxfE3/IAvv+uDfyrarG8Tf8gG+/64N/Kh7FQ+JHx7P/r5v+ujfzNVZrYEZSrc
4/0iYf8ATRv5mozXNGfKz3J0edIzCCpwwoz6VoPEsg5HNUpYXjbOOK7qdVSR5NfDOD90jpRScUor
dWZyvQKKKKL2C6ewoopKM0cwC0ZpM0tUmKwuaKTFGaq4CjrTqbmlzTTAO9OHSmilzVJgLSUvakq0
AUUUCgQooxR0ozTsAYoooosAcUHFFBosAlLSUZpWAWikzRmi9gE708HFNpaOZoY8NUivUOaUGtYz
JauWQ9PBqsGxUqvW6kjNxJgacOaiDU8NVolxH0uKAaAc1aZLQAVIq0gFSAUyWSRjmrcdVoxzVpM0
EssJ0p4JpqKcVKEJpktjcZo21JsPanCM0hXIgtLsqUIacEoC5EE5pwTmpNtGKAuJtpRxQTTe9FxD
i1NJppNIalsEBakL8U0mk7VNxhuppakzSZoKAnmmk80pNJmkwEY8U3NOPSmmkAZpM0UmKQwzQTRi
koATNGaCKSgB1NpaSgYhpKU0YoASkNLSGgBKKKOtIYZpM0uKTFIAJpM0hooAM0E0YpCKQwzRmjFG
KAA0lLijFIBKUUYoIxTAKKKXFABU9l/x+RfWoKnsv+PyL61FT4H6Dj8SPZvCP+rFeoWH+rX6V5f4
R/1Yr1Cw/wBWv0rw2dp//9P36sXxMM6Fff8AXB/5Vt1ieJedDvf+uLfypPYqHxI+Qpk/0ib/AK6N
/M1GUq9NHmeU4/5aN/M1GYvauHmuz6z2DsipsppXd8rc1b8v2ppj56U1Oxm6HczZ7TPKflVUgrwR
itkpz0qGa1V1PHzV10q9nZnmYjAu10ZdFTPbvDw3IqIAt0rvi4yV0eTOnKDs0JRS89xRRZkpX2Ep
aMUYoAKKMUVVxMWiiii4CiikzS5qkxC9qKTvS1akAUUUVSYCilpB1pasQtGKQUtOwBikIp1BosA3
FGKWlxRYBuKMUpFGKVgExSU7FGKLANoFOxRiiwCU4Gm0U0wJg1SK1QA0u6toyE4lsHNOBquj1KrC
tou5lJWLC1IKhU1Kpq0zJlmPrVqMZNVYgM1diHNUQywinFWEQ02Ic1ZVadjNjQlPCcVIq0/bSFcr
+XRtx1qfZSFKQXICoxTan2U1koC5XbrTe9WNlMZeelIZA3Wmmpthz0oZPapaGiuetJU2z2prJ7Ur
DK560VKV9qbj2oKIjSVKRTSKVgGGmmn4pMUrAMoNPxTSKVhjaSnYNJmiwCYoxS0UANoNOxRQMjNF
PNJigBpppp5ptACGkFOIpKQxKQ0tJQwENJTqMUgG0GlooGNop1FKwDaKdRRYBO9LS4oAp2FcTFLi
lxRiiwXExU1n/wAfkX1qLFTWY/0yL61FRe4/QqL95HsnhH/VivULD/Vr9K8v8I/6sV6hYf6tfpXh
M7T/1Pfu1Y3iP/kCXv8A1xb+VbJrH8R/8gS9/wCuTfypS+E0pfGj5ZkjHmy/9dG/maiMNTyN++l/
66N/M0ma8x7n6HGCcUVmhINRtEfSr/HegqDSIdFMzTHjtTPLrSMWe1MMFUmzKWHujOaEMMEZrPuL
FlO6Ot1oaj8vA5/KtoYiUGefXy+NRbHNMpU/NSbe9blxYJMMqMNWXLbvEcOp9jXr0K8ai1Pm8TgK
lF6FbFGKftpdtdTpnDcjxRin4oxUcgxlFOIoxS5AG4op2KMUnEQmaM0tJRsAtKKbTqpMAxTuKZS5
q0wFozRRVpgLmlptOqkAg5NOpB1pasQUlLS0WATFJTqQCiwCUc07FHWiwDTSYp2MUVLiA3BpRkUu
D60mMUbAODEU9DUVOBxWkZCaLSManVhVEE1Yibjmt0zOUTQiar0Dc1mxNx1q7EelWmYSRpxuKsrJ
WchIqYSHAp3M2jRDinhwazvOwKeLjimTY0QQaXg1QW64pwufegLF3aKCgNVftHvThOPWgRY8vim+
VzTBOPWnCZfWiwAYh6U1os9qkEgPcUvmD2osBD5PHSmND7VbDAijg0rBcoGA56Uww+1aW0GkMII6
0WHczDDTDF7VpmAUn2YUWC5ltFxTPKrVNqKabUVLiO5l+Wab5fNav2Wmm0o5R8xmeXSGOtM2tNNr
7UuUOYzSlJsrRNrx0phtqOULlApSbKum3NNMGKmw7lIpSFTVpoTTTFRYaZXK8U3FTmPmmlKLBcgp
Km2U3ZUjuR0HipNlIUosFyPGaMU/bRtosFyLFGKl2+1G32osMixRipdvtRtosBGBx0pce1PxRiiw
DMUuKdj2oxTsA3FGBTsUbaLANxU1oP8AS4vrUeKmtR/pUf1rOqvcl6MqHxI9g8I/6sV6hYf6tfpX
l3hH/VCvUdP/ANWv0rwGdx//1ffjWP4i/wCQJe/9cm/lWzWL4jP/ABJL3/ri38qUvhNKXxo+WXP7
6b/ro38zQGqN3/fS+8jfzNAavMe5+gQqLlRMDTs4qIH0p+c0jVNMkBpeD1qMNzTwady9BSoNNMa+
lPzSgj0p2uJpdSBoAfY1BLaK64ccHvV8YJ6UpQVUZOOxnUw9OotTmbnTXhJZRuSqRTBrsTGMYxxW
fdaVHNlowQ314r18Jj18NTc+bx2S6udM5zbzSFauS2rwsQynioGQr1r2IqM1c+ZmnTlyyREVpNtT
FabilKkSmnsRbeaCOal20m2odIdyLFGKkxSbah0guMxRinYpMVDpjuJRS4pOanlaHcDQKKKNRC5p
RTe9KKpSAdS5puaWtIyFYcDRTc0oNacwDsUAUm40oNUncBaSlowKqyENNGKWilYBKQ07FGKTQDcU
velxSUrAOFSoxqIGnqTTTsJrQuwtzV+FqzYjir0JreLMJo0EbinhqgQ1IDWiMmiTNGabmjNAhxNK
CabmkJNAiXccUByKiyaMmmFibzSKd5xqvk0bjQFi0Lg4pVuTmqm40oJoCxeF1inC7rP3GjJoDlNE
XnvTvtee9Zm40bjRcXKaouh604XY9ayd59advOOtFw5TXFytKLhDWQHOetOEhHei4rGv5y0okU1k
ecaeJzjrTuKxq7kNL8prLE59alW5IpXCxe2r0ppjWq63HNO88UBYkMIqMwCnibNO3g0WFcrNBzxU
TW/FXsimkA0rXGmZxgNRmA5rT2A00xD0o5R3MzySKb5BrSMOe1J5PtU8pVzMMNJ5JrTMPtSGD2o5
QuZvlEUeV7Vo+RntR9no5QuZ3le1HlVoeT7UnkZ7UuULmeYqb5RrQMPPSkMI96OUdyh5VHl1daGm
GI0coXKuzim7KteUaQxYpWHcr7KaV5qwUNNKGiwXIdvNS2oxdx/WgpT7Zf8ASU+tZ1V+7l6MqD95
HrXhD/UivUbD/Vr9K8u8I/6kV6jYf6tfpXzzPQP/1vfqxfEnGh33/XFv5Vs9axvE3/ICvv8Ari38
qUti6fxI+TpH/wBIl/66N/M0qyD1qvKxFxL/ANdG/maarGvOcdT7CFZ2ReD+9SK9URJUiy1NjojX
Lm70NODVVVx61KH96RvGqWA1PDCq+73pyvQnY3UkycNzUgORzVcPUgarvcpMeR70oz0pmeaduovr
cHqNmgjmUhlAOOtZNzpzRksqlh7Vtg8UEqVwRXdhsbOlvsebjMspYhXS1OXaHnGOaiaLnpXQ3Nis
ih06+lU0067nYiC1Z/pX0OHxlKrHRnxWLwFbCyfMtDHMdJsxWudE1cE/8S6b8j/hTf7B1g/8w2bP
4/4Vu5w7nIuZ7GRtpCBWx/wjmuN/zDZf1/wpp8Na5/0DZf1/wrNzh3HqY5FIRitg+Gtc/wCgdL+v
+FMbw7rajJ06X9f8Khyp9xmVimkc1pPourr10+b8j/hUJ0vU162EuP8AdP8AhUPlGUsUYqybC+/5
8pR/wA0hs70f8ukv/fJqbRArEUgzVj7Jef8APpL/AN8mmtbXQHNrL/3yayaQyGlzT/s9x/z7Sf8A
fJpphnHWGT/vk0k7DEBzTgaaUlA/1T/98mgK/eJ/++TVKYhwp2aj+cfwN+VLuPdW/KtFNCH5pQaZ
vx/C35Ueao7n8q0U0xWJOKOKj85exP5Uvnr3J/KtFJAScdqSmiVT6/lS+YvYn8qbasA7FJSeYv8A
eo3g96VkA4CnqKYCD/FUikf3qLILsmjq9D2qnHg4+ar0fQc5rSJjItR9amAqOMcVKAa1RiwopcGk
5oJFpKOaWgBKKTvS0wCiiikAUtJRmgBaKTNFABRzRRQFgozRRQAuTRk0lFAx26nb+KjooESbqUPU
Ypc0BYmElKJKhBo3UCsWRKakE3vVTfS76dwsXBP704TZ71SD0qvRcVi8JR607zPeqIenB/elcC4J
RTt4NUhJS+bVCsXcigEVVEvvThJ70BYs8Glx71XEnvSrJz1oCxOQKTb7UzeM9advB70CF8sUhjB7
UbvelB96QDTDmozDVjPvSEUBcqmH0phiOelW8CkK5pWHcpGI56VG0dXylMaLNJoaZQ2U6Ff36fWr
LR4OKaiYkBx3rKqv3cvRlwfvI9N8I/6kV6jYf6tfpXl3hD/UpXqOn/6pa+dZ6R//1/fR0rG8Tf8A
ICvvTyG/lWzWL4n/AOQBff8AXBv5UnsVT0kj5GkkX7RN6+Y38zSDB6Gqsx/0qfn/AJaN/M00MR0N
cjjqfRQr2ReKke9AGfaqqzuvvUwuQfvDFS4m8ayZMCRT1eo1kVu4p5GelQ0bxmSiT3qVXFVMGnBi
KlxNo1Wi6H9KkV+Kzw57VIspqbM6I1S+HFODA1TWSpA9FzVTLYYYpwIxVYNTwTinc0Td7onB64rR
0jXbvRLhZbdIpFByUkTdmspWp6mtIVeX4SKtOFZWqK57l4Z8Z6RrsSRy2sME/QgqOTXWGGELxbwn
0PlivmJGeORZIZGjdTkFTiu88L/Ei8051g1eQSQdFcnn8a6oVlLdnzWOyRr3qWx660KAZ8iEH02C
oti/88Yf+/Yo03VLLVbZZ7WVHVhnAOcVa2dRit1Lsz5+VNwfLIoso/54w/8AfsUwxqRzBD/37FXf
LBNRtHg0+aRNkZ728TdbeH/v2KrvY2xzm2i/74FapT2qNk9qFKXcNDFfS7Fv+XSM/wDAaibR9PPW
yT8q2zGPSmNEPQ0OUl1HYwJNE07PFmlV5NE07H/HkproWhyelQND83Q0uaXcLHPtoemf8+K/nVeX
QdLP/LiPzro3hqu8PNLnkBzTeH9KzzYj86ibQNIH/LiP++q6NoeelV5IeaOaXcLGAdA0Y9bD/wAe
pv8Awj+iA/8AIPz/AMCNbLxVA0f1o55dwsUV8PaAeum/+PmpV8M+HG/5hn/j5qTG08k1IshHen7S
fcLEX/CJ+G2/5hpH/bQ0o8F+G3/5cMf9tDVpZz61Zjm45NNVZ9wsZf8AwgPht+lsR/wM0xvhv4df
/lmV+jmt5ZeeoqZZc9OKr20+4NHKt8LfD79GYf8AAj/jVdvhJoLDi5lH4/8A167dZBT8+5pqvPuK
xwDfB/QyMi9n/CoH+EekJ92/nH4V6KwGP8aglUY7VccRMOU85k+GumwfdvHOPeqM/hK0tuk7GvQr
lTg5xWDerwcV30aknuc1Q4yTTYoeAzGoDFjoK3LlOT1qgyDNejDVHK3qZ5TmmlcVdMYzTGi9qqwr
lTFGKsNGKaYz6UDuQFRSVOYzjpTfL9qAIsUmKl200qc0hjDSU8qaTafSgBtFOxScUAFFFFABRRRQ
AUUUUAFFGKKADNLSUUALRSc0c0ALmlNNFKaAFFLmm0UAOzS5plFAWJN1GaZmjJouIfupwaosmgE0
ATB/enByO9QZNLuoAseZ709ZDjrVXPvShjQItiT3p4k96phjS7zTE0XBJ71IHz3qiHPrUgc0BYtZ
p2aqq5p/mc0CJ6TFRh/el3UWHqKRzSbRml3UZrOsv3cvRlU/jR6J4Q/1SV6jYf6ta8u8If6pK9Rs
P9WtfNPc9Q//0Pfu1Yvif/kAX3/XBv5VtdqxfE//ACAL7/rg38qT2Kh8R8czf8fM/wD11b+ZplOm
P+lT/wDXVv5mm5rne57EfhQoNBNJR1oLTH/TNKHdOhpnQ06lYqM5E63Mg7VKtyD94VTozUtGqrSR
oCWNjwaeT/drOBNSLIy96lxOiFcvBjThIRVVJwetTKVfoazcTphUJ1lqZZcjrVQgigNg4pWsdEat
i8sgqYPkVnh8VMslS0bRqXLin3p+Rgj5RnqT3qqsnepBICelNSNVK6szU0nVr3RJlksZWTByRu61
614Z+I2n6oI7a9byLrpyuM/jXiu8EUoPzB14YdD6VrCrY4cVltGurrc+olKsu9drr2IbNIAD9DXh
3hfx/e6LKsN2DPAeMkngV69o2vafrdqJ7SYe6d811wqKR8picBUw8tVc0XjGOKiMftVgEng8UHB5
HStNOhwq1ymUx2prL7VcKA1GyUC16lPy+9RsmeMVd2EU0pnrQBnNF7VC0PtWk0dRtHx0pAZbQ+1V
5IPatcxe1QvDQMxpIOOlVmh9q23hyOlVWhwelFgMaSD2qsYyK2ZIarSQCkBmcrT1lIqd4KgeMjpQ
BYSeplm96zclaeJSKANZJferCy1kJPVpJxQBo76jdgagWYGhnFXFksrXPQ1g3fetud8g5rFuiCDX
oUHqc9Qw7gc1RdRmr1yeaouea9em9DjluRFeaNlOorREkRQGkMdS4FBFAFYpSFOKnK0m3iiwXK+y
mFOatbOOKYV55pWHcrlcU0rU5U56Cmsg7kClZ9BpkG3IpCtSEgcZH4U3en+0T9KPVBcZtoxS4mcn
y4Wb8KelrfyD5bRqPd7juyLGKKtrpGqykBbNqnTwtrch4tmGfapdSC3ZSjJmbikx7Vtr4I12QcxF
R9KmT4ea4444/Codan/Mh8kjnvwo/CumHw11w9XA/CpB8MtaPWYflU/WKP8AMP2cjlMZ7UYxXWj4
Yax/z3/Sj/hWGs/89/0o+sUO4ezkclR+FdZ/wq/WP+e/6UxvhprI/wCWv6UfWKHcPZyOW/ClHHau
lb4b62B9/wDSov8AhXmuDv8ApT9tT/mFySOfz7Uv4Vtt4C11e2fwpjeCNeX/AJZ5/CmqsH9oOSRj
nPbik5rUbwlrif8ALA1GfDWtr1tjR7SH8wckjPzQDVw6FrC/8uhqM6Rq69bM1Sn5oLPsQZoyakOn
aoOto1NNnqP/AD6NT5l3E15Dc0ZNKbbUP+fRqTyL4dbV6OaPcVvIXJoyaTyb3/n1f8qPJvf+fR6V
49ws+w4MadmmCG9/59Hp4tb89LRzTTj3HZ9hQaXeaT7HqOcfZGFSLp2qN0szSco9ws+wgkNKHJ5q
ZNE1iQ/LaH8qsp4V1qU8Q7fwpe0h/MhezkU/M46Uok9a1ofAeuTEfw59q04PhjqsmN9xt/CpliKU
d5B7Kb2OZEyL1pVnjZwofk9q7m2+FEmQZ7w1a1L4dWek6JdX3n75IU3KPWuetiqbg0n0NYUJJpsm
8If6pK9S0/8A1a15d4QGIkz616jp/wDq1rwzuP/R9+rF8T/8gC+/64N/Ktk9qxvFH/IAvv8Arg38
qUthx3R8bz/8fU//AF1b+ZpgOafOP9Kn/wCujfzNMAxXO9z2FskLmnCm4pwoKuLQM0ClpWKSCiii
goKdmm96D1osMeCfrT1cjkcVGDS5qWi4totJcHvUyyK/fmqIpytjoaho6YVWi7g0ucVXSUgc1OJF
YVDR0RkmiRZCKkWWocAjg0mCKTRvCbRdSTNSK/NUAxFSI5zyaho1jUaL29T97Jx0q9per3+kziaz
uCpH8OeKyA9SBx3qoysaSjCorSR7h4V+INtq6R295iK56fMetdxnjggjse1fLgJLLKMrInKuD0rv
fCnxEn00x2upzGW2IC+Yw3f/AKq6qdbufPY/KGvfpns4PrxSnmqVnf21/bLPaTrNEehVs4qzu4rq
TT2PnpJp2kPKAio2jp4andaCbpaFcx00pVoqDUZWkBWMYNRPFVsrTWHtTAoNDVd4fatRkz2qIxcH
igDHeHPQVWeDP8NbTRDHSoHg46UgMV4RjpVSWHmtuSD2qpJAc9KQzFeL2qPYB0rVkg46VVaHHagC
ng1IHoZSD0pp46UATpJTzLiqe8il83NNbisPmkyDWNcv1q9M+M81lXL4zXoUNzCojNuDzVJzzU1z
JzVN256161N6anFOLuSZoyKi3H14pwZcctit1sTZjycHBp3OKrmdAc/M/wBKnt7TULsgW1pMwP8A
s0m0t2ITvTXdF4LCul0/wDrd+A0kLxqepIxXV6Z8KYlw94+T6ZrnnjKcNy40Zy2PKzKgOBy31qaK
yv7kgQQsQenBNe8WXgnRrML+4jYjuyg1tRWVjbgCK2hGOmEGa5Z5lFfCjeOGfU8FtPBOuXoGYygP
cqa17f4T6hMFM1xIM9QOK9qyMfIu38KCzf3mrmlmVSWkdDRYZI8ztfhFZxqDPM7HuC1att8NdDtx
88e7Hqa7JlJ5O4io3XYu9h8orCWJry+0axoowYfCOh2vKWUTfVeatJpGlx/csYl99tF3rVnC21c5
HaoX1G6ki82GHdGPSuR4rVpzu0a+ytpYteRaJwtqg99tLiAchUH0qna6rFqANtKxjl6AHisfXLG9
sPmSR2Qnsa562K5KTqfEUoa8rR0LXMKnbvUGneaSuUfI9sVyLMktiGDytL6CtTQoGEPmTSuuOgY0
U8RGpJJLRjlTSehsedJk/M3FNW8UnAlwaUkHLLyp71z3iSxMPlywSsrMcYBrarJwhdaijG7sdH58
uMq5I9aQSysMhz+lctDd32nQRmYPLCe4qG51E/b4RBM+2Q5K+lc8MXFpX3KlTaZ13my/32pDLKOr
tWTrElxYW8VwGO1vWmaXqk2oP935QK1deCrKk9yeV2v0NkXEh/iNBmfuxFVJL+1hk8tpMt6UyO+t
5GIOQPWtbxekWmS4NdC95zD1NJ5nqF/KoVlhkB8uTcR2FOyT2p80XpETSH70PWNPyoIiPWJPypuK
M0/kLQUx23/PCP8AKk8m1PW2j/KiihSHaI02tketrH+VNFlp+ObSP/vmpKKrmkuorLsQnT9NPWyh
P1WozpOlsc/Yof8AvmrJoo55dwsuxW/snSv+fGH/AL5o/srSv+fGH/vmrNJijnn3Cy7Fb+ytL/58
Yf8Avmnrp2mjpZQj/gNTYoo55dwsuxH9i08Hi0i/BaeLezXpax/lS0Uc0u4WXYcFtwPlgjH4UocD
ogH0plKKT1HZEgncZwSKU3EpH32qKipsgJPNdupP41keJ3J8Mahnr5fH51p5xWT4mP8AxTV//wBc
/wCtMDC8IcxJn1r1HT/9WteXeEP9Un1r1HT/APVrQB//0vfaxfFH/IAvv+uDfyrarF8Uf8gC+/64
N/Kh7Djuj47mH+kTf9dG/maYVzUsv/HxP/10b+ZpnSuY9xRuhmCKADUhGaAtFx8g0DFL1pQDTttT
cpRYzFLinbDRtpXK5WMxRTsYoxmi4rDaXNG00lUw2Hg+tO4qOlBqbDTJQeKerYqEGnA81LRtGTRZ
WQ59qmV8iqgbinoxqGjohULRFNyQaYJOakDAipZupXHh+KeslRdqMkClY0UmWVkqZHBzVEOakWUk
YIxUWtsbRm2tWdJ4e8TXvh66EluztFghogeD+Fey+G/GGneI7QNDKI7heGjY8ivnuOTHBJ/A1YtL
25sp1ntJPKmU53etbwqNHDjMBTxCvFWZ9PjjvwelPBrzXwp8So7wpaaoAkoG3fj7x9a9EWUPGHRg
UPIxXbCaaPla+Fnh3aSLXajFQq/HWnhqo5hSuKYy5qQHml4piuQkcUwrmrBXNMKUDKpiJNRvGauM
vpTCp7ikBnvH7VWkhrVaPNQtEKBmNJBx0qo8B5rckhBqvJCMUgMCS346VUeEiugkgBHSqctuAOlA
GGyEVXcsprYlt+KzZ4dpzmmtwKEsvWsu4ckHnmr918uayZRLKdsabmNdtJpbmE03sULl8PzWfJcK
CQNzN2C11Fj4PvtRbdKxjU12GleA9LtNslxmVhXd9chBGHsZPc8utLDU9QcJb2kgz3YV1ulfDTU7
tg11JHGh6gg5r0yCCxtABa24THrzVk3DsBnaPoK5p5jKWiRccNbVswdL+HulWCKbhldh2IrqLa1s
bNQIIUwPaqokyaf5pJ55rinVnPdm6hBdDSFzuGF+X6UokJ6k1QEvNSLL71nr0ZduxeDc9afu4qis
vNSeYe1NqSV2Fy0G7U/5cYLc1XR8lh/FjiuRv9Qv4tXKbiB1Va5sRiHRim1fUqMeZ2udrggZ4phj
DAhuhrnIPEkkL+XeRY49a2rXVrW6T5WAqaWMoVfdvqVKlJbFHVtDiurdmtwBIKydJ1F9OnNrdrhQ
cV1sc0TkiNg/rWJqGhtqF8XVtiVz4nCtTVagve/MqFSy5ZFXxElktuLu3YC5z8qrU1ubm90FzcQn
zAvCmr0Gg2qMhm/ebe5rTwAAqqAB2relRmp809mthSnY4TTtNvYZN5iyD2Iq/daVd3ZURny17gV0
l5dLZoGKjYetNgura6i3IeTWFOhQpN0nLfXzHeUtUtCjaWzWlqIX5YDGapanpMmp7Qr4C1v+SSuc
dKaYQOo6+9eg4qSs9jLXmujDtNOe3hFvc4dB0zWbdeGENyJ4WIw2cV1RjP1FN8s4IrKWHpyVkU6j
1Xc5nVbG9vIEtxyBUOj2l3p8bwsnzHo1dUEK9uaY67jkjn1olh4+1VR7gqlo8hwstvc2mq+bdRvI
hOflFdDHcWNxCFWJ1456VrtGrgh1BH0qt9gtVJKxsGPX5qzpYZ0buPUcqlzMsILWyneVbgDP8LGn
T63aqxWIMzU668PpctuWUofpmkl0aKHTykKFpv72a0vVWi2EkrlSDxCslyIXQhie9bTAKA+evauN
hs7m0vkkliJAPJJrrJNStIrdZXcAgdKwwdaq+ZVXb1KqQVvdJ8HGSRn0pMMBkjHtXK32uzSXKvAM
KTitMaw1tCklycg9/StaeNp1J6bCdJo1+cZ4+lFQ29zDexCWFgwPpUuRnFdEWpO8XczA0UUmc01q
Cd3ZDuKSkpaACkpaSgAooooAXiim0UAOoptFAC8VleJsf8I1f/8AXP8ArWpWV4m/5Fu+/wCuf9aA
MPwh/qk+teo6f/q1ry7wh/qk+teo6f8A6taAP//T999KxvFH/IAvv+uDfyrZ7VjeJ/8AkA33/XBv
5UPYcPiR8eS/8fE//XRv5mkHvTpgftM//XRv5mm4rke570VYXFOUUmacKlm8UOCilCZoFPFJs0UU
Jso8vNSAU4LU3NFTuQGLim7MVb2ZFN8v2o5h+xKZQ03bVwxUwxYpqRlKi0VQOtGMVKY8GmFarmMu
RoQdKUdaOlJmgWqJA1OU81GKVTSaNIsnBzTlJFRA8U8NxU2N4zJ0b1p55NQBqkDVLRvGVyTHFJzQ
DS1NjRMVWweakVveoiDigcUPYu7WpZBBIPII6ODyK7Lwr4/v9FkW3u5RNanjc/UVw27gVJvyOeac
JuIqtKlXVpI+mNJ1iz1q1E1lKkq4y2G5q+r49q+adK1m90W4WeymcDvHu4NeweF/Hun61CkFzJ5N
3nG0nqa7KdVPc+axeVzptyjsd0GJqRW9aqhyDyVxjt0qQOep5B9K206HkteRYBoxUSPT95zQSKUz
TSvtUmcig0xkBWmFKsEUwrk0AVHj9qhaLIPFXmU1GUzQBnPDx0qrLBntWu0ftVd4jilYDEmt/l6V
mT2u7oK6Z4SetVJIAO1AHMnSVdsyVctrG3t/uRAt6mtFouelQmPBp87CxPHMw44UegFWA5x1qmox
Uyt70bgWg2B1p2/3qtupQ1AFpZDTxIaqBqdvI70AW/NOakWXiqIkOeacJML15oAviUngHp0qpqOt
R6bEGDZkPUUJJ/EeoFYdu1tc60xnOWzxmsKrUdt2XGzNvTfEI1BwoG1/cVLrdobiEXkWDPF2Hemo
kMTgxqM+oqlrOqzaYsTJzG/b3quSXs/fYbPQZpcP9vMZb7bEY/lK02TSrlNQEdsSsHdhWfaadd3d
4LguUhk+bANdfFKI0WPrgVyU8NTqr94reZbqtImsLaPT49quXLDkmr6y5XGRistZ+oz1608TDj2r
ujFRioroY3uaQcZ608MM/hWcs1TRzA9atWvqBR8QSDy1TGcisKJZYUDxyEAds1d1+fdMoB6Cs+Cc
KACcg9q8Khgo47HTVS6SNMRV+r0FbqbFlrcisEm5X1rdhuIbpcoy59K5CSLa28EBfeo/tSWjbhcK
p+tdc8PjMF70H7SH4ozp4inV0loztymOMDHtTTGPSuf07xPDKdjSA49DXQw3MVwAUcH2rWhjqdbb
TyZpOk1ruhhjz2qNovarny//AKqQgHpXWrLVGdrFIxe1RmLHar5SmmMUwM8ofSmbSvQ5q+0fpUZi
FFwKTxrIpDxg/hWbd6Fa3alcFTW20fpUZQ561LhCW4+Zo5o6GtvZMqrvfPBrJ0+xSS4eLU3fyw3A
PQV3Dqc5qCe0iuVIkAye9cs8HCb51ol+JoqrKNta2enxEW8q+WegzzUoubbGBIDVGPw2sVy0hlJQ
9s1iarts5cQhwvrVTrKnHnasiV7zsdOLy0LbRKufrUgOef4exrl9J0eS8k+1SvsiB9etdM09rEgj
Ei7F9DRh6zqQ5qit2HOCWkdx9FJHLFMco4pxUrya6VJMhqwlJQAetLTEJijFLRQAmKKdSGgBKKKK
ACsrxN/yLd//ANc/61q1leJv+Rav/wDrn/WgDC8If6pPrXqOn/6ta8u8If6pPrXqOn/6taAP/9T3
3GBWN4m/5AV9/wBcG/lW0axfE3/ICvv+uDfypPYqG6PkGZf9Im/66N/M0wrVqRM3Ev8A10b+ZqMr
XG5an0yp6EGDThTylNwaVxOLQtKCc00nmnClYpOxMpqRSKgBqRWqWjohIn69KXFNQ1KKhnVFJjNl
BjznAzipQtbnhKwTUtdW1kGQ2KI6uwVUlFs5lovX6VE8PNbuuWBsNcurcrhVchfzrOaPNVe25jGn
GcbozmiOaYUNaDRVC0XWqUjCdAqe1JnmpzDjNRFOaq5k4WAGng4qPBBpd1PQm9iUGpFPNQK3FSBq
lo1hMnU08GoFanhqmx0QkT545ox6UwGlBwalo3vccRgUZI6Uo+alxU3LE3c5AqRHKSJKh2SKchh1
FREUgJoWgPVWZ6R4U+JMtkY7TVAXiJAEmMmvWLO+t7+IXFrKGiIyB3r5jXk4xx3rd8P+KtR8PXQa
CVpYf7jNXRTrNKzPIxmWxnedPc+i1kFPD5rlvDni+w8RWu8SLFN02E9TXRCRlADDFdcZKWx85Uoz
pu0kW1bHWnbjVdZMin76ozLA5oAFRK9PVqAFK5qMipgQaQgUAQFDUTRmrTLTCtAFGSOqskWa03TN
V3joAyXixVd1A5rTlQYqnKnFA7lM8UBqcy03pQIeGpd1RE80uaAJQ1LuNRAj1pc0ASb/AFp6cktn
oM1BuqG+aX7IUg++1Jv3boasQ2+uJLqD2zjCDjdis3WtPntJ/tdqxdevFV30e5ij35YueeKSHUry
1by5lJQdQ1eXOs5Nxrxt2ZsoKNnFly01i9hj3PHkYqS2S61y533I2wr0GaY/iGEBIhbAs1bsB2W6
OqhS46VeGpOotKnNFCnPpazLkbrFEsSH5VGBSrLiqu7n3pQ/NelbSzMm7lsSkU8TGqe+nb+KBF1Z
81Kkx3VnLJg1KsvX6UIT2djI1m5DXnJ+Uda5vUvGmnacrRoS8o4AC55q/rsxdJQpwa86sNA8+9km
k3OS/Ga4MnrU41ateb0THj0pKFPqar+Jdc1liI18qLsScUDTdUuh+9mJH+9W3Fb2WlxBrkheOlZl
545tbIlLSIMemTW9TPKsp2w0Loqhldasr2sW9L0a+sH8xJi3sTXX2WoXMeAchq8ul8c6pct+4jAH
t/8AqqSPxD4klwyQnA9v/rV5uJweNxcudxs/I9Knl7pK0pr0PcrHXiMJOvbqBmtuG6hnUFGGa+d1
8TeJFYMYSQOoOf8ACuq0Px1cnCTwiNh3OauEcxwq/ex5l5BVwUGvdmj2PGBkmjiub0/xMsyr5uCK
3oruGcBlcHI6V20MZTraR3OCpSlT+Il25GabsFPJJGBRXVtoZ2IvJqNoqsimlaEGpUaMVC0eavlM
1G0dHURR2HoelVbrTbe9QJKuB6gVqGOozHiiSUtJK47nJ67b3NhbRx2XMWOeahhsrOOzW5lnJYjL
LmuuaJXG2RQymsi68OW9w+5GKr1xXHUw6VT2i/4BpGatZlW2jtby2aW0kIcDODxUemXt5JcPDPHt
VT1PpVe5eHTpxFZAmQdVFPafVLtNkcPl574rCOIUPdabl5K5TgbeFf5o2yPak659qx7G11Owl3SO
WjY85FbgKSANG2fWu+nNzWq5X0uZSjYjxRinlcGkxWjstOpImKMUtFACYoxS0UAJWT4n/wCRav8A
/rn/AFrWrJ8T/wDItX//AFz/AK0AYPhD/VJ9a9R0/wD1a15d4Q/1SfWvUdP/ANWtAH//1ffqxvEv
/IDvf+uLfyrZrG8Sf8gS9/64t/KpnsXD4kfJjr+/l/66N/M1GVqxIP30v/XRv5mm7a8++p9koaIr
7KaUqyVFMZKaZDplYr7Ui8VMy1GRiquc7gLTgaYOKcKCkTI3FTI/IqqDzUiNzUNHTTnYuggmux+G
sXmeIfNxnYRz6VxKNjntXo3wohzNcTHpuOPwopJ82pOPq8uHbE+KGk/ZtTF8keEY84FcHs4B9a9x
8d6f/aXhm6ZBueONmH4V4lGM5Q8FeoNVWjZiyqqqlHzIWSoXj9qu7c84prR5rI9J00ygY+OlQtFz
0rSaPioWjpqRzzopma0ftUbIRWi0ftULxmrUjknQsUsEGnA1M0eKidSKu6OdwaHBuakDc1AM5p4P
NJoqMrFkNTwc9arq1SBqlo6YzJgfSnZqINTwalo3jIeKCKQEU6pL3GGgN607GaTbiluGsSe3uJ7O
cXFtK0Uy8jYa9R8KfEhJljs9XY+bwBI1eTZIPB/GlIDcNyPWtI1HDRHLiMLCvF3Wp9QxypJGHikW
SNhnep6VKr5GCea8B8MeNr3w/OqSO0toP4DkmvYtD8Rafr9v5tpMA2PuPwfyrshVUlufNYrASpO6
Wh0Kv29KkDVTST+Enn0qZW7ZrRHB5FoMKUHNQI2akB60wJutJimBsU7d9aLoBrL7VXdatA5FROOa
LgZ8q+1UpF61pyL1rPmU80wKEq1Aasy5qs/WgBKM02igBwpabmjNFwHjJ6daA4J+VssOoFRzSCK3
eRjgAVytpqktteSyFiyE1jWxEKTtLQuMHLY7AO/GSce9ZeqXNvC4WaFCrdWIpsWv28p+ckfhUWuT
21xZBoyCxHAqa1ZSpc1Np+RUYShK9itplgJ9T80fNbjkZ7V0pb5sD7o6Vn6NF5OngHoauAkrVYeE
acE4qzZM5czuS7s96M1GKXNbXuQSbqXdUWaXNAEwNODYRzntUIakd8RSfSk3ZAldnMagTNPIo5rM
utStPD1nvk2tcEcL71LrGo/2ZDNPjLdBXnccd54k1UMSWVmHJ6AV8/gcFPFVJJaR6nrqFP8AjT2Q
+efUvEN6cmZlY5x2rrdC8EQIokvsZI4B6Vv6faWemW4hjUGTGN2OlTyiTg791fYUMNSoxtBWZ5eL
zetPSlohkWkafZvtS3iI9dtakTQRwEJEg7cCqZO+AZIVvc05WAi2qwLfWt739TyZzm37zuTqYXOP
JTn2qZ4LAJtNtEXPfbVSOQR5J5bFHzO27ofenzEKdi0kUUQwmAPQVZhubmFt0TsAO2aqKI05LZNP
N0BworzsXleHxCuvdl3R00cZWpaXujprLxECoSfgjua3ILqKdMxyKa883h+oFSQ3M1sco5xntXky
o43CaNc8e53Qq0Kz3sz0XcMYB5oBI965mx8RAbUm4963YbuC4wY5AT6VtRxdOr7t/kXUpOmr9C1Q
RmowefvCnbq6jMQpTDHUuaQc0AV2SmbcVaIFIVo3B2OavtExdf2jCORyV9aItWmuVZIkCMpx6V0W
3qM8HqKwJtF8vUvM87ZE/p61zzUqfvUluaR82QmDVLvIedljPHBos9Ku7CYkztIh7E1U1Az2V8I1
uSYjg8Gqkup3qTbYCzrXM8RRpu89ZFezkdKVO7O3ikK8ZHSq+lXFzcg+ehWrxTblRXdTqKS5rWMm
QYpKlK00xmrER0Zp+2k20AMNZPif/kWr/wD65/1rYIrI8T/8i1f/APXP+tAGB4Q/1SfWvUdP/wBW
teXeED+6T616jp/+rWgD/9b36sbxH/yBb3/ri38q2axvEf8AyBL3/ri38qUvhLp/EvkfKci/vpP+
ujfzNGKfIP303/XRv5mkxXmPdn3cY+6hm3NNZalxQRmlcHErMtR7RVpl9qjK+1UmYSplVl5oFTsv
tURXFUnc55QsApUPzUzODTxzTFew/wAwqvHevXPhjEIdDMzDBaRx+teRBDLIkacl3A+le16BF/Z+
lW8GMYUE/WtKMbyOLMq37vkOzXbcW8ts3IkQivBdatDpuuzQleHYkV7Va3YDA5rzz4m2Iiure+jG
AXIOPoa0xEdLmGT4jkqcnc41eBgnNOwDUSNlQT35qYEYriTPsG9dBpTIphj4qbtRirsgcUyo0ftU
LRn0q+UqJ05qWjOVMz3jqJoua0Gj4qJ48c0JtHLOiZ7JimYxVx0z2qFo8dqtSucdSk0RA09WpNlO
AxVERuh26pAeKi704VLNoyJQ1PBqFTUmRUNHRGRJRTQacDUml7himmn0GgTGA/NVuw1G60u6We0l
ZGBzgHg1VxRgD1pqTTJnTjUVmehRfF3ULa3VZbASsvVwRz+tPT43yD72mH8x/jXne/jaOneq81qj
8rjNenhMTTVozR4WNyvRypnqSfHBz/zDf1H+NSD43Tfw6d+o/wAa8ceMxHpT1cYr3qdCjUV0fN1I
1Kd4yR7GPjZOf+YcPzH+NPHxrlP/ADD/ANR/jXjykGpVFarB0uxi6kkevr8aJT/zD/1H+NSr8YXf
rYD8x/jXj69RVuHrSeDproCqs9bT4oNN/wAuYH41YTxq9z/ywC5rzK0XkV0FkMYrkq0IrYqM22dv
HrBuOqgVKs2+sS06CtSL7orz6kbPQ2TbLOc0Ug6UtZFhRzziilzgfWgCG4gF5bmIttDDBqqmh2iw
mMEFqXWp3gtQsBw7DjFYX26+ssSux59RXHXrQhLlmrmkIt7M0JfDhJ/dOB7Vl/Z5I9TitZASN3Wp
Bqt9JJ9ojDFa1NJvE1GQmWMCZe5HNcahQq1OVRaZq37tma6gRwpGvpS5pCMHFFexsknujmHZopB1
pc0AHOaUUnel7UAOBpsxxbyH2FAqO6JFq5FRUdoNjjujz7xcrzQiFPvMaueHdGXStNR+POcc1NNC
txOJG7etWN7naAeBSyOCVFz7hmOJlFKlHZ7kmw555PrUiyPGPm2ntzUO9j90U7Y5GWr2uW55HuxW
hyHiabVbKczrIohPQYNYsHifUYJEkZ8r6ZrrfF0c1xpYSJdzAV5ylpfvIsf2Z+uK8zEOrGa5T6jL
ZYaph/3y1PXtJ1H+0bBLgjDHrWh5rtxisbw7ata6WiSjDY6Vp73TnHFejD4dT52ryqpO23QlwwNS
Kx9KgE5pftDDqKpMxsWQW9KlWQr/AA5qqtw3pQ98luCZWC+xp81t2HLcuZB6rzUsFzcWrboz+tUI
dQilA5FWluFJ4ry8VluGrvnvZ90zqw+KrUdtfU37HxCeBOv41vQ3sU6Bkk/CuCLiT5Rx9KdHNcW5
zG5H415c6OOwa5qi54+W53wr0ammzPQwxI5p4YVylnr0seBPgity3vYblNyOK2oYylX1Ts10HOnO
PoX856UuarLLjjBxTlm54rr8+pne25Njmqmq2Zu9PdVYqy8girO/NOEmeD09KmpFTVnoPqclYaHN
eZa7ZvlO0Z9K24tN0/T0AkIB7Fq1MgDgY+lUNU0pNVhERkZD6g1ywwlOknKOrLdV7ImVY2X93tK+
oqMxc0afbRadD9mMuX7FjVvYAMjn3FdUJPlIs2UWi5pjJV8xA80wxgiqEZ5SmlKvGKo2ioAplKx/
FC48M35/6Z/1roClYnipceF9Q/65f1oA5jwh/qk+tepWH+rWvLvB/wDqk+leo6f/AKtfpQB//9f3
41jeIx/xJLz/AK5N/Ktk1j+I/wDkC3n/AFyb+VTL4TSl8aPldx+9m/66N/M0Dmlk/wBbN/10b+Zo
ArzHuz75fChMUgFPxSYqUmynGyuxhU0wrUxHvTT9aNTNq7K7Co2XirJApjAYrVMxkkymynOaAamY
ComXc2wdW4FUjmmra3Oh8F6f9v1dpWQmKMDGfXNesbcAAdhxXL+EtNOl6ShcYdvmJ9q6ON+Oua66
StqfN4yq6lS3QsRSMjCs3xlANQ8NFyPmjO6tJQDTLuLztLngPI2VU1eLMsLP2dVM8Xgb92B3HFWk
OQDVS4VrfU7iI9FNPSXIrzWrM+5oVLwTuXVNOWq6PmpVaqTOlSTJSBimFBTs0vamO5CUB7Uww1Zo
oaJcUyhJHz0qB46vSAZqB15NStDkqxRSKYqMrVtlqNkq0zmlEr4pc1IVppWgmwzvTg1MI5oodirk
yvTwwqDOKXdiosXGZYJxS5qENmng0WNVMkFNzQDRSaHe4meaPpSYyTS4osF2mNKCQYYc1Ukt2Q5H
P0q7khqdk88da7sPjalGSd9Dz8Vl8MRfTUzFfHHQ1Or80+e1VvmX71VlYr1FfTYXGQrLzPk8Zg50
JWsXVPI5zVyHrWfC4zV6E5NdUm1ozg5bmzaHpXQWXJFc5bc4NdFYnla4azujSPY6G0HQVqxDisyz
rUiry6m5tEnXgUtIKKwLCgDcwB6UUqg7lPXnpTST3AxNbn8m8hPVVOTVbVNWTULaOEJgr3xVy9to
7vVEWR9oB6U+TRbMfcmXP1rz6tOvKVoNfM3i49RlhrVnBaiGWNcgelV9HAm1aSaMbUzwKmfQbZ1Y
rOpYDjmnaBbTW8ziQcdjRTWIUkppaBNxtobDc80lK3INJXftoYBRiiloABS5pKKAHA1Xv3K2be9T
1V1M4sjmsMS7UZPyLpq80cyEZz0NWfK2rksMVBFKccdKUuxPPIroyaLWEicWMkvatExmC8KPxpmX
eQAnI9qZwTj1qYYiXPc8V6bXY5VtYWXaGC4DCldIY9v7lM9c4qJTmTPenXVzBFtDtzii63loF3cm
mG4K8f5U5JCV2tj86rJqVoIpFY87flx6157e6zqKajL5ZfyweK56uKhDZ3NYU5SPTRDuOFIz9arX
lyNOiMs5CqPU1w1r4juAF3nDA+tWr69/ti3MMkwUMOea5ZZlTt7t/uKjQfU3V8SwuMxkEdvesfXJ
L3VHV4AwA7AistNEkXiG5HyDjmlNvq9uPkMZA/2q8+pjqtX3b6GypJbFiK71W1UL5DkD3zVlPEt7
EfnikH4VkHxJc2p8uaA5HUqaY3jCH+O2bPuRXNGFRfD+ZTgmb3/CaFSQSwYeopIvHs5cxhCc1zZe
41eXNrbnnuVxXR6X4OdEE13KqA8nFevg6ddu7ZlJU+w5/E17LMHUNtzyorpNK8XRsQjymJvQ1kTv
ZW6m3sojJIOCxFc/PbzRzEMNrf7HNaYrKsPX961pLqgo4qpTb6o9q0/xDuUbm3L65Fb1vfW9yu5J
Bn0rwS3uNT01BMwBi64J5NdNpHizzyqBXjbIHAryKlPGYPV+/H8TujXo1/7rPXfMK96kEg4759K4
208RNCQJ0LZ710Nlex3GJI+hPSunC42jibKD1CdKUd9DR+3W6T+S0gD+lWPMTP3xke9cFrzTLrIM
IO49KkW11gsrE8EetZzxcoVGowbsUqSte50WvaY2pQLJbz7JE5OD1pPDM08lu8E5LFG6k1hCz1ZV
LhsHHrWh4TmYzTJKu2QHk561jSqSqV0+VoqUUo7nVEZzik2imeZ8xp+RxXqHOJsBpjRA1KCKMZoA
rmEVg+L4seE9SP8A0y/rXTbc1g+Mkx4P1Q/9MT/OgDhvB/8AqUPtXqWn/wCqX6V5b4Q/1C16lp/+
qX6UAf/Q9+NY/iP/AJAt5/1yb+VbFY/iLnRbz/rk38qmXwmlL40fLT/62b/ro38zSUrj97N/10b+
ZoxXly3Z+gwXuoTHfvXR+F9M0bWJDbXl28Fx+H9a54KO/Sly6v5kcjJIOjLVRlYzr0nUjZM9XPwp
0rAb+0rkA9CFXn9KYfhVpWSPt9yD3+Vef0qh4L8fMoTTtVkJA4WRq9MIDxLMjb42GQwPWu2ChI+W
xNTFYeWrOAPwr0r/AKCFz/3yv+FRN8LdK/6CFz/3yv8AhXoOM+ufSo2X61XskcksfW3bPOpfhbpf
bUrof8BT/Cq6/DXTra5jmF/cSeW24Kyrg/kK9HePI71Vkj9qapIX12rJGA1usSLGudqjFRZINa80
JOc4xWfLEQapKxyNt6joZMYq1EQwdT/EMVnDKmpo5Dn3psL63OM1jwDfXmqvdWzgRsBwaqp8O9YD
HEiY+lekpJu6nmnlTkYJrJ0os9CGZVYJKJ59H8NdaYAiVPyq5H8MNdbnzUx9K7yGdkIGTWpb3RP8
RqVRRus6xK6nm6fCzWu8q/gKsL8KNSJG65YfgK9QjfKjk8+9U9W8QWujQO88ihscAmqdOKRSzbFV
HZHnd38PxpluZLq8PHY4rjtQihgYrE+73q/4m8aXOr3LLHIyQg9M9a54zB+d7HPrXLNrZHtYV1pK
9RkZfLEU1qdt5zQRxWWp3WuREUwqKkxnikwKDNxIttJtqYjFJtzRcnkK7IKhZSKvFBUTpmqTIlAq
g0tOaM0wqRTM2rCg04GmYIpevtTFcmDU7NQCng0mjWMkSilJpmaXrUmlxTzRnilApCKY+ggNNaFZ
Bk8GnbTThirpVZU5XiY16UK0eWSKZjMTZ7VctmHUU9VV+GFL9mKtlOnpXv4TM+e0JnzONyh07zga
tmeRXR2H3hXMWZ2kZrprAjIrrrNNXieOouLszpbTpWpEPlrKszmteL7teZU3NETClNGKUisGUNpV
OHBpaMUXXUL2MPVNPnu9TjeEkDPJFSnQXGMztnvzUurXclpJE0fQnmq58QIoHB3Vx1J4eL9/Q0Sl
JaIWTw9IwPlXDBhz1qXTLuTzDZTL86cBh3qqfEEjZ8tTk9KfoqyzXLzyqVOc80o1aU58tO7Dka3N
kdSKMU40g6V2rYhiUUtJigQU6kooAO9U9W4squd6z9YbFsB71zYx/uZGlL40c/H1IqTkKX/hX71M
UZJwOaw/E2qtaQ/ZoW+d+GxXZgJqlgYtnDiI81do0U1uza42IoYDuDViXU7fbvIAHTGa5zS7JLa0
3MA0hHWrbW8TgFlri/tiab0J9gi/Hr1ksmGA/OuT1TVJDrBmQ7osnAz2raGn2x58sUh0+1bOYU/K
uevmftklJFwpqJnQa3ayt+8AQ/Wrgm0uUc4JNQS+HraQEhQCemKzJ/DlwuTE5x7GuZeyqbOxq12N
ZrHS5gcfKfXNVH0O0J/d3DZPoawpoby0fDl+KbHf7hh2II7E4rf2c/syuO1zRubK6sfmhumYe5zV
Y6nqiDPmKV9xVdrxWkEcX72Q/wAPWt3SvDd5fYkuFZYvRhXTTw1SXYhyjHdmHDDqGqXQRUHzHkiu
t07wLallmveWHaujsdNtdNTEUSBsfexVliTznBr16GGjFe+jmnVl0II47bTowlnCN3uKa9vPdfNM
+1O4HFWUCBi3f3pSVJG411S5Vq9DFt3sUktR/q7ZQPUkVZh021hXzJV8yWpN3OFGB7Cp7exnuHGA
wHrXk4jOIRfLR96S+47aeCk1zT0RmT2DXzYlIEQ6AVo6doUeAsCEY7kVu2ulxRcyDJrSXagwihR7
V50qWLxb5sRLlXZHbBU6S9xalO10aJDmVsn0rViVIflj471AHzyetODkHOQK6qWEp0UoRInUnL4m
VrnW7OC5KyxBpF6Z9ahfxZLuOIAqYqDU9BGoN50ZIc1nyefp9jJA9tvboG2k1y4iWK5nrZGsZU1G
xpf8JPeSr+7jXAFaHhiRpXlncAMTmsvQ7+xttOkN1Gm8jGGHNbemyQPbmWBQo6VWHpVPaKUp3Co1
bY2ll+cmpRLWasnvUyye9d5gaAkqRXqisvHWpFloAuBs1ieMv+RO1T/ria01k96yPGDf8Ufqf/XE
/wA6AOJ8If6ha9RsP9Wv0ry7wh/qVHtXqOn/AOqX6UAf/9H36sfxF/yBL3/rk38q2KxvEf8AyBLz
/rk38qUvhNKXxo+XG/1s3/XRv5mlHFDf66X/AK6N/M0ory5bs/Qo/CgxS4oNLSKI3iWQYcZIOVYV
23g/xzLpVxHZ6jue2OAHPRa43FIVBXkcetVCbi9DnxGFhiI6n0bDLBdW6z2solifncO1DLXi3hTx
hdeHrgRzkzWbHHXpXsmn39tq1kt1aOGRuqA8iu+FVM+QxuBnh3otBxXioHWrxXjrn+lQstas8+90
Zs0eRVCaHrW08fJqpLCKQGC8RBqLlTWpPF7VSdME0CFicDr1q5HJkCs5SFOTU0TnPHSkUX9ueRUk
UrRAknao+8xrMvdastKgMt3IqkDhc9a878QeObzVcwWa+RCO+eoqJVIpHVhsHOq9j0HW/iDp+kxm
C3fz5SMZXnBryjV9du9Wnd53LKTkA9qyeS7Mcsx6sTSrya5ZVGz6HD4SFHRoDkmrEKkimhamjrJa
npqKexIOmKXHFJ2oFBqloJtpCKko20mQ0RYzSY5qXbSY5oCxEVptTFaTZmgHEiKZFQvHirW3FIRT
TIlTKbRmo9hq9sFRmPHSqTOeUGVelOFSNGaQJTISaYCngU0DFPBpWNlckC0hWlBp2aLGysMxSAU4
0veovqDSsKoxVuHOOlVgOlWIz0quZ30MpWtrqaMManHHNbFmpDjNZVtjjArbtMFhmvTw+KnH3Xqf
OY/CwleS0N+yOcVsQ/drHs9o6VsQD5a2nLn1PHceR2LIoIpRThWLAZihuBmnFeaRgNuKE2tgsZus
WUt7FGYeAD8xqqmnWCxqJZV8wda2pGMVtIc8Ba5600o6rLM6zlUFcOKp3mnGCb8zWlJ2NODTbNz5
sTAgVeUBQAgAHfFYVg7aPfNZzvujPO4+9WtS1WK3IW25NbU50qa5naMuvqKSmzTHJNHamQP5tukx
6kU+t1r73cztYb3paWimAlFFFAAOtZutHFuv1rTHWsrXG2wpn1rjx7tQbNaP8RGNGwRHdugGa4C+
lN94iZhyqsOK7TUZDbaU7E9c1w+hjzdReRu7USqOOEjDyOaUb1pyOrPygLjHFNAOPbvVe9uxbXCI
ehNQDU0S78on5TzmvIUJNXQiW8eaFfNg+ZR1FQ2+uQS/JJ8rdDWmoDAZOVauV1izSC7LR8ZOa1pJ
TXK0HLc6eN4ZBuSQH2NJciRbdmRl/OuNS4lh5jcsfTNa1jb6xqv7tA0af3iK1WEnL4Q0Rm3V3JPM
UO5nB6Yqza+Db3XShEJRc53Gu/0LwNBAgluXDP1Oa6+GGG2QJEoXHfHWvVoUPZ/EJSc9jlPD/gK1
0mENKkbSD+I1vPZRwIWZguOiVobiW56VmarlsKziuunN3shzjyq27ZkyuHckDA7UzIprthsAggU+
C2muG+QFaxxObU6L5KXvS8jOlgZTd5aDCQDu61PBZXF0wIT5fWta00hE+aXrWiu2MbUGBXmOnicZ
rXlZdjupqlR/hq/mU7TSYoQC5yfStJSqLtjAFRZzSiuylh6VGNoxJlUk9yQn3z60AmmilzW1+YhD
t2aGlSCJpZWwi9qaB82Kx/Elz5dskIzhjzis6lSFOF5MaV2Qv4rb7YTBGxhXqRXQWeowX1uJS429
wwrFh/sldI8sf63HPSsa0trl3ZbeQhT71xLGVaclztSi+xuqXU3PEa6eLLdb8ysQK19HQw6Uoddu
cYrnLXSJprlBLKG284rqlYKojUcKMVth4S5nVlGzZnMnVxUgeqobmnh/SuszLayc1KslUw5qRXNA
F5ZBWV4sfPhPUh/0y/rVoOay/FDE+F9QH/TL+tAHNeEP9Wn0r1LT/wDVL9K8u8If6pPpXqNh/q1+
lAH/0vfqxvEf/IEvP+uTfyraNY3iP/kCXv8A1yb+VKWxpS+NfI+XGH76X/ro38zSihv9dL/10b+Z
pQK8uW7P0OPwoMZpaUCjFBQUHpkdaXFBHNUIT7xxjj0rW8PeJL7w5eBoJSYSfmQ96ysYNMPyrgjP
eknyvQzrU41IOMkfQOia7a69ZRzwEByuWTPQ1oFRmuB+FOnmLT5Lp1P7wkr6Yr0DbgAjgk16NOV4
6nw2NpRpVWokJQVXmT2q4wqN14qzkMyWLI6VnzQdTW1InFVZosikxmE8WCeOBzXOeIfFUOjB4bc7
7nHyj0NdhLDgkEcEda8c8a2DWniJ5GUlH6Me1ZzbSOzBUozl7xlXeo3epXDS3cxcMchfSowex7VE
Pf8ACnDOea4pa6s+mpRUNETfe5P6UAYNItOHWlc3THg9qmQ4qADmpUPNJG0GT546UCm7uKcGpmyY
6lGaTdSg0WBpC0hFLRUiGmgClIoAoGhpHNNIqXFIQaBSRFikxUu0UFaaMmiHbSGMVNilK07shxK5
QU3bU7LTMU0S9BmKMU/FIRinYSYzpS55pDSggc1nyu+htdJakqnipogRVGS4SMcnmoftjOcKeK76
OBqV7dEebicxpUL21Z0cNwI8YOa17OfzGBrk7Vjxzmul0/qvGK9WGFjRXK9z5rE4yVd3vodZYfWt
yAHbWDYdq3rfO2sKhyLuWlHFO6UKOKdjmucoaRSYGPenkUwiizewBt8xDGeQwxXKXDTWN28Fu7Lu
PQV1YyOR1qu9pB9p+1uQCo71z4mm8RFcrs1uVCfKc2bG6uzmXdv9TU/9iMkBaSQK+OMmtm31WK7l
ZF2BVP3qraxNbXkfkRTgyHgBTzXOsJh1G97/ADNPaTeyJtKDC1KSOCR0xV0jFc1aw3mj3aPck+S/
TJrpyAyLIpyrciuyjJtWtaxEl1uNIxSUp5pK0syAooooYAOtZGuAFEU/3q1v4qyNbI3oP9quHMbe
w1NqHxnE+LLpktUhU8YrC0BP34A65zVvxVLuu0j+tZ+nXH2O5yemKzl79JJM53e8mWvEEhacKvDB
s/Ssks5bJPz9jU2oXIu7kyEHk5pILSe6b5EwvrTpQ5VypE6LclTWLqKMIXHHtSxW99q84wGI+lbO
naBGPml+Z/SuntoltowFRVwMcCu6jl7b5mjGde2yMjTfC1rbhXuV3N6Zro47hLdBHEiqo9qijjln
b5ULE1qW2j7BvuTtB9a9Hkp0VoYpSm7tktjJPdAYOFFaUjJAuXYDA7msu51S3tB5NvgHHWsl5p71
wPmbnpXlYnG0aerevY9GlSm/h2NO81kkFIOtZQ+03j5JZs1o2mjHhpRtzWxHDDAMIoriUcTilr7s
exuowhruzNtNFQKHmyT2FaqIkQARQKNx/ClFdtHDU6C9xamU6sp6MXdnrRnPWkpRW7dyApQaSlFC
0AdmikoppXAkj+8WPAXqa5TUp47rVQrSYQDGM1ta3eCz09lQ/vHrA0aO1DF71hljnJrixVVKapSt
rubQi7XRaOiS7DLGxKt71B5d9ZBiFKoB1rqoJoDEBA6sg6VJKizRNFKowwqJ5dSkuaGnzBYhrRow
vDnmzTyXLuWwOldAWyxPvVa1tks4mWMcYFTZAPvxXZSg4Rs2ZyfNsPzzTw1RZ5p+askmDcU4P71B
upykUAWA9ZniZ8+Gb8f9M/61d3Vm+JGz4bvv+uf9aAMbwh/qk/KvUbD/AFa/SvLvCH+qT616jp/+
rWgD/9P36sbxF/yBbz/rk38q2axvEf8AyBbz/rk38qUtjSl8a+R8vSf66X/ro38zSClf/XS/9dG/
maTpXmS+Jn6HH4UOpwpKKRQ6iilxTASmn5pFC9W4p+Ku6Ham+1y2gA4VgSfxppXdjOtJQptntfhD
Tzp3hXT4W+95K5+uK28Z/ChUEUSQjoigCgAluBXoxSUbHwGIqOpUcnsMYc0wipyMn+dRSMkYzIwQ
diad0jKMXLYhZeDVeVMirmA67lOR61Gy/wD66Y0nsZUsZHPpXnXxL03fbpdgfdGTXqEiEhsiue8V
6YL/AESdDnPlnGBWdRaG+DqctRLzPBxgqHHfim9DSxgmNflwwOcUEVw76H1WtrjgakB4qAU8NRYp
MnBqVTVYNUqNmg2hImBp4aofxpwNI2TLIPFOBqJDTxTWxoh1OpgNPpDCgClxSgUWLQhFJipCtNIx
QDEApSuaBTqDNxGbKNoqQDNLtpkuJAV9KiarLjHaoGXNURODsREmkwafgCopZAi5rSMHPSJyOSSb
YSEKvJqhNeAjC1Bc3hc7VNVgcmvawWXKPvyPn8fms5fu4k2SxyasRCqqnmrkBzxXrtJrTQ8bmfV3
NOz+8K6bT+ormrQYIrpLA8iuSrorC0Or0/pW/bfcrA0/oK6C24UV5tTctFtRTqF9KU9a52UIaQ9K
U0naj52Abg9qhuovOsnVfvYqfpSDg+x6im/hce4KTXQwNGit2jkgnfy3yeapMkenajvjbzQpzk1Z
160Nvc/aIyVVgBwO9Fro8lzGsspIU9a8ipGpFqlThe3U6E0lzSZBfalJqiBQmNla+h3RuLPym4eP
jmrNtpltbDAXccd6xr+cadrKPCP3Z++BW0aVTDy9tWl8RMmp/CjoCu35f7tJSJILiFZ0+61LjivQ
jJSVzKwUUZoFIQDrWLrXDA+5/lW0BzWJrYySc9K4cydsObUPjPLtdk8zVG5OABVFInkIVBx6mr1+
g/tKUtyBjtWhp2j3N8QxUxxetb4TBSqU1KWxyVqijcpWunorjPzt6Cujs9LkbBcbVxV2C2sNMQDi
SSriTNKvI2r2r1qOGjD4dTjlUbGxxxwrgDJp5yaThTTRJliqgms8Tj8Ph17717F0sPUqP3S/azra
jzD1xxUVzqVxfyfJkAU630ye4bkkL1rbgsILZACNxrw51sVjH7i5V3PShSp0Fd6syLTSJJvnlrZg
s4bdQQMmpiew4FIOK6KGCp03zPVhKo2KSS3XAopOo5pa6m2zO3W4oozSUUbAOoooNABmlptO+tAA
OtPXCKZGHygUwcnjmszW2vHhFvbKcngkUptxBamLqd+lxqkavnySeDWlc+HS0SS277lZd2KrWQto
dttqUJDDo5FdRHtWJRC+UA4xXFRw9KqpOavfvujZzdPSJyAN5p7/ADAqorS0h7q/uxNI37tela95
bR31uY3Xax4zRZWq2UAiU5A7+tFLCypyVneIOqmti0xG44pM0nB6UV3WS66GO4uaWmZpaAH04Hio
804dKdgHg1meIz/xTt9/1z/rWgOmTWf4hRj4bvWwceX/AFpPQNjK8If6ofWvUrD/AFa/SvLvB4/c
5PHNeo6f/q1+lAH/1PfqxvEf/IEvP+uTfyrZrG8R/wDIEvP+uTfypS2NKXxr5Hy8/wDrpf8Aro38
zSd6V/8AXS/77fzNArzJbn6HH4UL2pwptOFIoUUtJ0oBzTGKTgE+ldp8MNNF1rc1w4yEIwce2a4l
ziP3r2L4YaabPw9LcMMGZ936Y/pWtJXkeXmtb2dFnaOSzk0mSBTiC5bHGP1rI1zxBY6BYtNcyfvM
HbEPWu1ySPjaUalR8qW5b1LULXS7N7i7cKoGQM9a8X8VeL7zxDcmOOZobROE2sRk+uRzVLxD4iu/
EV4ZZ2Pkr/q09KyMDqDmuSrV10PqsvyqNFc89T0Lwd48ljkh03VZN6Z2ox47V6aCrRq8RDRvyCDm
vm9lDjBrsPB/jabRHW0vmL2bfKPainWfUwzHKlJe0p7nrci9VFV5YBLC8bDIKkfpVm2ngv7Zbm0k
EkbDjmnYCsOOvWuu6kj5yXNBq61R84azZGw1u4hAwu8gDFZzriu8+JunNa6ut4F4Z+fxriJF9K4J
e7I+vwz9pSiyqRSCpmXmoiMGkgkrMcDgU9GqLNOBpjjJosqafUCNUqtmpaOiMrkyHmpQarA81IrU
bG8ZEoPNSA1X3VIjZouWrMmFPApimng00aRRIopGTNANPzxRYpohxigVIaQAd6LCsAFPAxQMClBp
gkt2NYbqjKVORkdelVri6jiXC/frajSnVlypHLia9GjFzkyrdSLAhz1rAub1pWwDwKt3zNIhYnms
fnJr38Pg1TV5HxeNzB4qT5NESAjOacpqIfWnr9a7Yux5rXVkynmrkB5qipq5CeK0uK9zYteoro7D
qtczaHpXTaeeRXNVWg0dXp3QV0Nv90VzunnpXQ233a8yqtS0Xk60p601afXMyhpo7UpppoAO9JS0
HpQBDLFHcKFlGQDxRLKttbkscKo4FP45qpqtubrT5Nn31HFTKTgnyrUqK11KA8RbWfcnHQVmRRnU
L7LP8hPINXdKjsXtZTd4Ey9M1mSFo7t2gOFPT3rx68p2jOu9L7I6YWZtHUhY362IOYR3rYJHDD7p
FczDpVzfoWI2f1rc02GaG28mY5x0r0MNVrVdZrlXT0MakFcsUtFFdb3MgHWsDXTneK3xw1c/rZO6
U56CvNzO/sVZX1N8O3zaHnDzJDqkruNw44xWzbz6jf7UhBhg75GKp2SxPfSyPGXYHgV0kRlZBuOB
2FevPF0KGHi5y+R5nspznLlXUSCwitgGkO9/U1PvJ4H4CprexnuDgLgetbNtpUUIDSctXl1MxxeL
9yguWPc7IYOFPWpqZFvYz3R6ED3FbNrpUNvgyAE1eHyrtHApKVHBU6bvP3pdzWVbpFaBgDATgUpw
T60lFd9uj1Zk22FFFFABS0lFAC0UCigAzS0lGQBQAtLzn1pFy1Vb/UYrBAqtmb+ECplOENZuyGlc
TU9RSxjGGG9uQKzB4huBhlUMait411C7Y3UeJCeGpt1pVxpd19oVTLCew7CvPquvOXPCXum8eVbi
XmqjUI9ssf7z1AqDT9Su9MctJl4ieB1rbs20m7jMmRGR94GrUdpY3ALQrlQcZojh6zmqntLj5421
LFrcC8txOBtz2qXJPWmqgVQq8AU4V6K7nM3dijiiiimAtKKbnJp4BbgDJpbuyBCU9EZqiuLq0sIj
JeSquBnGa4TX/iSqmS30sHcONwFbRw86jsiJVEjuNQ1Sy0eJpbiVcgZ27hXnWufEGXVpPsNquLaT
5WPtXFXU9xfyma7k8wtzUlpxNGoGBnpXoLBRpU23roc/tW5I9a8IAmJCe9eo2H+rX6V5d4R/1Ir1
Gw/1a/SvKOs//9X36sbxH/yBLz/rk38q2e1Y3iT/AJAl5/1yb+VKXwmlL418j5dY/vpf+ujfzNKK
Rv8AXS/9dG/maUV5ktz9Dj8KFpwpuaXGaRQoNOGM00Ypw9aYJDoUM1zBEB8zPjFfQuhWf2DQLW15
LBc/WvE/B1gNQ8UW8bDKKpYnHTpXpPjLxvBoMAs7LD3ITAweldNJpJs+fzRSxE40Yov+KPFth4dt
nDtvuT91Ae9eL6pq17rV01xeN8x5VM5AFQXd3d6hdSXF1KXkc52k8AVCPbn3rOpUbZ3YLLo0Iq+4
AkUdeKM0ViektA6U0gMMEAj0p1JmjzE11N/wx4tuvDk4VyZLPPKliNufT1r2XTdTtNbsUurSQOrA
HA61894yPX2NaWieIb/w7dJLaSM0e4F4yeMVvSqu9mePmOVxrR54bnovxP0w3GgNcqMmNlyB9a8d
AyimveG1ax8XeGLgQ481oyWX3FeGND5EskLcGM45orWbuiMslJQdKW6KzrULLVx1+UVCy1gmd06d
isRikDVI61CRitEczTTJQakVsVXU1KpoZUZ2ZYV+elO6+1Qg09TUs6FK5ID2qaM4qsTzT1apNk7M
uK1Sg1TVqmV800zeMixmnA5qIGng1Vy73JKDTc04E9RzTG3ZXDAyB+dKivJKIo0LSH+EU6CCS5uV
gtgWlfsBmvYPBfgW30q3F9fKJbo4I3DpV04Ns87HY6GFh72rPKJPDuvzLiLTpAp/iNRJ4E8QvybQ
59xX0sG28DC+wFLvY+/5V61Cu6KtBHxOKxE8VJub0PmaTwB4gI5sz+VUn+HOvFuLNvyr6nDnH3j+
VAc9/wClayxtSXxHKqNtj5YHw413vaP+VPX4b65n/j2b8q+pdx/zimnd3/pS+uSD2R8wj4Z683SL
b9Vq5D8Mte/6Zj6g19IMSRwTUJDVX12ViuQ8Jt/htrSAbmi/I1sWvgbVIcFmj/WvWH3Zxk1VfJzk
/nWbxcpAonF23h67gxuaP861YrKWMfNitaQc9qrvjtWMpuRRXCEdaU089aaazAaaaetONJigBtBN
OxSEUANpVIB5HHekoHWmm2Jo5/W9KdGFxBkgnlas6VpcbwLcTZ9lNaxAbh+R6UfKBgDCjsK5fq8F
U53G7Ned2sJ5iqQNwQDpQ3XOciqeo2T3QUxMR9Kt28RWAKxOR3Nb8zk/eRDuwzz60uCO1U77VINP
Ug4Z/bmsddfuWlDAfKTioniIU37/AFGqbkro6PqxHQ1zmsH/AEsqRweDXRxHzoQ5wCRVSTTUebzZ
BnJzzWGOoTrUlGBVKahK7ObtNJ+Zmih5bua3LXSEUBpSSR2rSQJGNqKAKU89azo5dCKUqnvNFyra
+4ACoMIoApM560UV6G2iMW3cDzSUtJTv0EFFFFKwBRRRQAUUUUAGcUtIaBQAuDTlQtSKAxPOAKyL
zUbiVngsxlhwTUzmo/LoOxZ1HVIrJSqfO/Qis3RUhubtpr18n+EHtUGnxT/a2hvE3M3c1Hf2kthK
wJIDfdI7V51atVT9ra8eqNoKL0Lw1WK21ZopYgYyflYVsTapbW6xCQlklAAB7ZrC0iGxmjcXvLqc
hs1l+XJqevvFAWMMLjbzxWlOtJUrx2ewnC7s9DW1bTN1zGLRCFc/Nit20tlsbZYl5zyc+tPi/dxB
XALDvTs55rqhSUZcy3Mm29x1FFFbPzFfoLn0HNLyfujJpUjZueg9ax9b8U6foQKswaXHQHqacYSn
8IpNR3NkhYkMkzBFAyTXJa74/sdPieKyxNN05OK4bW/GGp63Kyo5ht/Y1giMZDElj3Jr0qGBS1kc
8qumhf1LWr7WJN08jBc/dB4qmqqv3QB60vGTz9KK74wUFZHO23uFS22ftUeT3qMdKmth/pKfWpqr
93L0Y4fEj1jwj/qRXqNh/q1+leXeEf8AUivUbD/Vr9K+eZ6B/9b36sbxF/yBrz/ri38q2axvEf8A
yBbz/rk38qUvhNKXxr5Hy6/+tm/66N/M0opH/wBfMP8Apo38zQDXmS3P0OPwoeKKTNLSKFozgg0m
acB39KAvqX9K1eXSFme34nk43DtVCWR7idriZzJM3VjSjvzzSEmq5iFTipcyQnJHNFAoqXqXs7oK
KBS0WASjrS0YoDyENIPalxSYp2ElZljTNSudKulntJmjHR0HQ1Dfzi8u5LnbtLnJHvTexGeDTT1o
v3M1RgryW7IzzUTCp257VG1SJxsis61CyirjDioXTjNUmc04FXGDTg1Ky0zFXuczVmTK1SK1Vgea
lVhSaZrCRYBBpeKiBqQHNQ0bp3HhqlR8VXxilDUjWMi8r08HNVUfPFTI+c8U0zaMtSdWxz1NTW0E
95cpBZxtJMxAAHbNR2Vrc6ndfZbOIs7YGccCvbvB3g2Hw9axS3OJLwqCxxwK6KcGzgx+YRwyeuo7
wZ4Kg0OBbm6jElyw3ZP8Ndfnd1prMGOSaXOfauyMUkfG1q8q03KbFIxSDilzSHmnr3MEkKDml4pt
Ao17gSA0daSloCyCo2xUlNNAFeRaqyLxV2SqsnNAFCVeKrMtXZFzVVhQBARTCOakNMNADTSUppMU
AB6UnalpKAENNxT8cUlA0NIpMUpo7UXZPUq3txJaxeZGpYjsKxJdXudWY2tsTGw6+tdKDt7ZqqNN
t4Z2vIlxJ1OKyq03KV0zRNHP28P9lM41BGlkf7rNUdnF9q1FSFG3d90VZ1bVDdy+RcREBfutir3h
6zCRm5P3R3FedKKqYnkeqjqbxfLBjfEZe2SOSKby9uPl9aXTNZa6xHMCTisvUmbVrxmz+5Qnke1T
aMo+1eZkBF9a1qV5qulF6MmEE6bbOkMfPAx3pCpHJzzXPavr7TXywWoIUcFhT7LWbpmEbwswHUiu
n6zS53Bb+hkqbUbm70GMUcVUTWLR+GO1vQ1OlzbS/cmXPpW0ZRls0S4tElFO25AIINIVIOMjNUJ6
K4lFKVYDn9KNp4zjmgBtFOK8ZyBUbyJApaRgo96Olx21sOpRyMLVN9XskYDzQc1Lc3Cw2QnXoVzx
U88dddg5Xa5Y2/LjIzSZzx3FctZ6vMbvzHOUJ6Z6V1CukyCWM/KetZ0a8K2sGOUHFczKOum4j0sy
Wv3s81B4WnSWx5AE+TuzWttEqNG3Q1zDzf2PeOE6Mc1hiZ+ymqj6l01dHUACRtu1d474qrK1vqW6
2YZZB1qk3iSAWwK/6w8VPpUOInuHGC9brEU6itFXRMoNO7MBbOS6v3tIwVVTgsK6iysYdPtxHGg8
3u/rUsaRxfMigM3JNP6nmpo4WnSTdtWEqkqi5XsA560vsPzpO/8AhSsUiTfNIsaDnJrp1bsjNu24
9FZuAu6or6+tNLhMt1NGMDO0nmuS8Q+P7WyLW1gpklA+8p4rze9v73Vp2mvJWKt23HArso4OU9ZG
U6yWx1viHx/c3ga204uiA43rXGOstxKZrmV5X9XPSlQBB8oxjvS9TzzXqU6UaatE5JNz+IBgcClx
S4orQQmKXFFGadgFFS23/Hyn1qHNS23/AB8p9azq/wAOXoyofEj1nwj/AKkV6jYf6tfpXl3hH/Ui
vUbD/Vr9K+dluegf/9f37tWN4j/5At5/1yb+VbPasbxH/wAgS8/65N/KlLY0pfGvkfLj/wDHxL/1
0b+ZpRSv/rpf99v5mkrzJbn6HH4ULTqaOtOpFAKXPFIetKOlAAKDS0UAIKU9KQ0UAAoNLRTASlop
O9ABRRRQAlBFLRSAZTCOakIphWkSyMjmo3FTkcUwrQZSiVWWoStW2WomWrjI5qlMr9DShvalZaZz
V7nNrcmVqkBqsCakVzUtGsaliyGpxXjNQ7h1p5faw+Vmc9FAJz+VRdtnRzxtdiqwHOa1NG0u71y8
EFqDt7sOgrX8PeBrvVnSe7V4rfhsYAzXqWm6XZ6LbiGyhCpjlyOa3hSb1Z5mMzRUY8tPVkvhPwxZ
eHbRcAPdN95jziunV+/XnvWNFMQetXo5c967IxUUfN1qsqj5m9zQD5FPBqsj8dalBJ71RiTilqNW
9akDCgAo6Uck0p560AANLmm0oNADhSGjNBNAEclV3FWWFQOtAFKQdaqsOauyLzVd0oAqFeaYw5qw
VNMKUAQEUhFSlaQigCHFBFSYppWgBlN70/bzSEc0AMNHanFRSYoAaM54oOMZ59xTsUhoAq3mn21+
mxxtIHBFYU41LSrZ7eHLQnqcV0vU+4p3B4dQ2eMGsalLmuo7lKWhzUflQaGzD/WMpJPvVSytLm7Y
vGdsK9SK6efT4LlPK27UHPFZeoRXVpb+RZofJI5K9TXJVw6v7V9FsaRn7tjInSP7R5UQyxPWuq02
1is7JRIvzlcls1zukxpLdgPwy9jXTXjBLJ8MMhelPA02oyry3HVldKKORnAlv8xnALY6Vr3GjQw2
yuk58484rJtreXULgomQ3XirNnbXbasIZ2bKDgt0rloNNTk18TLqWSIre41EO6bzhangv765mEUf
LVtarDHBbN5agNj5mFc7Y3T2dwJlGcVtXnKhUpwUvdFGKlFlxtWvNMusXo/dDrUt5eXMkQu7Zv8A
R36e1Z15LNr1z5W0YJ5rYnshp2jJbg5wxOPrVqo5wqWei2FKKTRR0+5ubmUyzP8Auk7VI1x/bd6s
UbERA8471DpA3I8eeC3SoLBvsGo4Q/KW6elYxxDcKab+LcbguZmpfeH4HiPkPh174pPKng0NoJud
pI5+lbW0kBl5XqaytUvIpbd7ZPvg8tn2r0Z0owvNmMNVYxDb26adHLG3zlRuFWtI1JrdhE4yjetW
ND02yktg0rbzjkZrOvYpI9QaC3jO0/dOM151SM4uNWlsbRafuyOtU5w8Z+Wql1pVrdyb3zmqOk2V
9A++4lJj9K2CcsSOnavU1qRvKO5hblM6PQrNDnrWgoCqEX7q9qM0q7j0XNONONNcqC7D3H5U5EL8
5wKiu7y002EzXTqvGeTXnniD4hXE5a200qidN4FdFKhOZlKoonZ6v4m0/Q4myRJLjgZrzLWvF+pa
25iVzDB6AdaxJDLcOJLmZpH/ANo5p34V6tHCQhucsqjY0IN25s7vUHrTyPX9KSlFdJle4oHHNLig
UUAFFHeimAUU6imAgFS24/0hPrTKkt/+PhPrWdX+HL0Y4fEj1fwj/qRXqNh/ql+leXeEf9SK9SsP
9Sv0r52W56J//9D37tWN4j/5At5/1yb+VbPasbxH/wAgW8/65N/KlLY0pfGvkfLrn97N/wBdG/ma
BQ3+tm/66N/M0CvNe5+hx+FC96cabTl96RQUvSl4pKADNOpKSgBcUYpKKAFooooAKTFLRQAYoxRR
QAlFHeilYANNp1J3p2AaRUZqU0wipZDIyM1E64qcimEZJoWhlKNyqwNRsBVl1x2qF1281opdDlqR
t6EBGOS34U6EPI+2ON3b0UE/yrX0rwxqGsSKyr5dueSzdSPau/0zw/ZaTGBEm58YLGtoU2zy6+Lh
T2dzkdH8F6lqGHuFWCIjhg2T+Veg6J4U0zScOER5e745JqWOUrgKcD2GKuQzc4wPqa2jTSPKrZhU
nombMcgKjAAHQU8/N15+tUI5OetW45OK1RxuTbux5UjpUscpXqaaCCKayd6CTQin461bSTPesRHK
nrVqKc55oA1lbmpAeapRy5PWrCvzQBZU08Y9ahBp4amBJmjFNzTqADOKQtQRmmkUAKTTGGacaTtQ
BVdeahdDVxlzUTJQBSZKjKVcZPaoilAFUx01lqyyGoipoArkU0ipyvPSmMtAEPamkVKVppFAERFG
KeRRjigCPFJinEUlADSoOKD9KdSYpp2AbznPSgMQT6GnU0jmktHcFoQCztlm84J8/tVPUtMuLuTz
IpML3WtPBHelACjIJFRKnFppLcd9bnM29te6bdCVYiw9qj1K/u7qUJBC6yk9a6re+MA/nTfLj3bt
vz+uKwWHlTXLTdkW5X3MWaZ7XRlhu3zOwqjpYikLQy4DEcV0U9lBcyB5Blh0zUP9k2olEmMMOeKV
TDydZS3SHGdjnY2bTdSyRjB7dMV0F9e2s+n+YHBbHIp8+mw3PzNgHpzUCaJbLxk49KmjQnS5qa+G
XTsDmmYum3sVtdb3U7HPFSX2kXMU/wBogy6PyMdq3RpVmBhlBA6VZT5E2AkgUoYH3OSbu+gSre9o
c7CdUMDIof5hjmnvoU8lqoQ/vScsTXQbiv3aC5BJGc1vDDuPxu7Ic+xmWOjLYFWLZYDkZ4rRBVW3
BBu9QKTjHJOTRypwBmtYwjSjyrYTve7FLE8Dn6U0ZLY209EZzjOwetZWq+KNM0ZWVn8ycDoDmtIw
k3aKJbS3NVlSGPfNIEHvXJ+IPHtlpqmCz/eSnjIri9a8X3+tSMseYo88A8VhLGF5wCT1Jr0aGBS1
kc8q3YtahqV9q8xluZXKfwqTwBVcALgKAPpRyMDNL0r0EklaOhhJuQUUUUyRcUuKBRimAoooooAX
HNBHNL3oPWgAxS4oopiCpLf/AI+E+tR1Jb/8fCfWoq/w5ejLh8SPVvCH+pFepWH+qX6V5b4Q/wBS
K9SsP9Wv0r517noH/9H36sbxH/yBLz/rk38q2axvEf8AyBLz/rk38qUtjSl8a+R8vP8A66X/AH2/
maShz++m/wCujfzNArzXuz9Ej8KCnZpMUAUDHDpSikFLQAtFFLigBKKXFJigBKKKKAHUhFLSUAAo
pcUUAJik70uaDQAYpCKB1pTRYBuKbTjSVJLQ0imMMkDqPT0qRuOpwPU961tB8M6h4huQkFuyQHrM
TxiiMW9DKtUjTjdsxIoJLmYQW8W+Q9AvJru/D3w8RQl5q5O/qsfau60Lwjpvh6ACKFJLjvKwya05
l3HJ5+vauynRstT5jGZm5NwhsYZtYoIwkKLGgGAAO1UZY/Qcetb8sII6CqE8PHTjNb2tseK3cx2y
pqSOTpzUk0eO1ViCpoEjSjl6c1eikyetYccvPWr0M3PWmPc145OasK2azIpatpJwDQIsMgNNB2nr
TlcMOacQpoAfFNg9auRzgms/GOlKkhU0AbMcme9TBqyY5wD1q4kwI60AXgwp4aqquD3qVW96YExN
ITTd1GaAA0lLmmkgUAL2phFO3UnNAEbLUZSrGPWmkUAVWSoilW2WoytAFUpUTLzVsrUbJQBVZaj2
1ZdeajK0AQlaaV4qYrTCOaAI8cU0rUpHFNIoAiNJUmKTFADMUlPIpCKaAbQRxTqQ0kAyl5paWn1u
BGc0uKdikqY3S8wGmk5p9JVa2DQaaTGKcelAxjn+VK19eoXuxvNHSngM33VJ96Zcy29knmXUyRqO
xPNHK36g9NWORWdgAmfU+lVb7ULLSYWku5BuHQZrkNf+ICRCS30/BPTcOa4C5vL3UHMl1PI2e2eK
7aODlL4jCdZbI6zxB4/urwtBYgLH/fBrjX8y5kM1xI0jnvmgKF4UACnAkdOK9OnSjT+E55TkwAVR
8v60UHmkrQiwuKMUClp+gBRS4pKAHClpBSigAxRilooAUCjFLS0CExRilopgJipIB+/T60ypIP8A
Xp9air/Dl6MuHxI9U8If6kV6lYf6tfpXlvhD/UivUrD/AFa/SvnXuegf/9L37tWN4j/5Al5/1yb+
VbPasbxH/wAgS8/65N/KlLY0pfGvkfLkn+um/wCujfzNAok/103/AF0b+ZoFea92fokPhQ8UCkFO
FBQop1NBpwoAKKKKACiiigApD1oooEKKWm0oNABRRRQAlLR2ooGJRS0hYhNzGjyFpuxMc4pY0klf
ZBGZJDxtUVo6Nod7rtyIrWJiucFiPu1674c8C2OhRJJPtnuSOpHStIUXI8zF5nCgnbc4/wALfDie
5Md9qjGOMciBsZr0+3toLOFYbZBHEoxhR1qy2QRjCoOgFMPTIrrhTSR8risXUxEua5C6854x2AqB
1FWiKidc9qu1jju3uUnTIqpJFxWmycVWePJoAx5oeelUJ4iO1bssXNUZoM5pAYpXaakSTaetTTQ4
JqoylTQM0Yp6vxS8c1hJIQavQz+poA2UkGKnVs96zY5RirKScdaYi6KQrUcb8VMCMUARg7TU6T46
0wqCKiKkGgDSjnBq0so9KxUkK1bjnyeaANUSA9KN1UllHrU4bI60ATbqN1Rb80bsUAShhTg1V99S
BuKYE+aTFM3dKcDkUAIRTGX2qSjGRQBWZaYyVZKUxloAqMlRlatlaYy0AVCtNK1ZZKiZaAICtMIF
T7eeaayj0oAhxTSKm200rzQBERSEVKVxTSOKAIsUFaeRxSYoAZikp5WkxQAlJinYpMY60wtcbScU
pBOMDNPdFjj8yd1RfQmiMXJhexHgsMAUPstoy08qxKBzuNc1rXj2x0tmitk89gMcdjXnWp+KtU1l
2zI0cZP3c11UsJUqPTRGU6y6Hea94/sLBTDYFpJP7wGRXnmqazqGtyk3MmE9AxqgIx1LFn75pw4r
06eGhT9TmlUbGpEidMCnZ65yaQ0Vve2xmKcUUlKKQwpaSloAKKKKBC0ooxRTAXHFApe1AoAUUtJS
gUCDvS0YooAKKXtQBTABUkP+uT60zFPhH75PrUVf4cvRlw+JHqfhD/UivUrD/Vr9K8t8If6kV6lY
f6tfpXzr3PQP/9P37tWN4j/5Al7/ANcm/lWzWN4j/wCQJe/9cm/lSlsaUvjXyPlx/wDXS/8AXRv5
mih/9dL/AL7fzNJXmvdn6HH4UOpwptOFBaAU+m0oNMBaKKKAFopKWkAUlLQaBCUZoxS4oABQaAOa
O9ABR7AZJ6UhIAyauabpd9rNx5FjA7kHlhwBTinJkTqRgryZT3gEKAWfptFdr4a+Htzq0sdxqAaO
Achema6/wv8AD6z0mJLi+US3J5wwzzXa7iVCgKirwFArphSW7Pncbm93yUypp+mWWk26w2UQRQMZ
7n8as8+35UoFBzXRtsfOznKcuaTuIRnrSECloIpkkZFMIqTFNIoeoEJXNQMmDVvtUbjNKwFCRM1U
lj68VqMoqtJH7UWAxZoc84qjNFkdK3pIvaqMsPtQBisu005ZCtWpYcdqqOmDQBdhmJHWrsUmR1rG
RiOlW4psDrSGbMb+hqwrjOKyopT2NW45AT1piNANnrTuvWqqyHPFTK/FADnQdqaCVqQHPWkK5pgC
zY6mrMc/HWqbJTQStIDUWbNO35qhHJipxJmgCzupweqwf3pwfnrTAuBuKkVuKph6mRuOtAFgHNPF
Qq2akU0AKaQqMU/rS4FAEBWmFanK0m2gCqyVGyVbZajKe1AFQpTGSrZSo2WgCrspClWClMK0AVyl
NK1OUprLigCErxTCtTkYFMIxjPejQEiLFJtOanEbHtxUF1cWdipe5mVR6E00nJ2QNpCEc4HNLIiQ
oZJmUIOeTiuP1j4kWNmGgsSkkg9K8/1TxHqurOwklkjjY5wrY4rrp4Kc99DGVdI9F1jx9YaarJbE
SS9MYzivPNV8V6vrLsDL5cXbAxWSIgPvHcf7x60pHGM5HtXpU8NTgtUc86rZGsfzbmJLdznrUmBk
EdRSCjpW5mB65pKU0lABRiiigBKUUtFACUtJS0AFLSClFAC0UUYoAdQKBSgUAKKWiigQd6dik4zS
0AFKBSYpRTQAafD/AK5frTDT4f8AXL9air/Dl6MqHxI9S8If6kV6lYf6tfpXlvhD/UivUrD/AFa/
SvnXueif/9T36sbxH/yBLz/rk38q2axvEX/IFvP+uTfypS2NKXxr5Hy7J/rpv+ujfzNNFK5/ezf9
dG/maQV5r3Z+hx+FDhThTBThQWh1FJSimA4HNFIOKUUAFA60tFAC0hozRQgCgGij8KQn3F600svR
QSfakdhGMsQAat6J4j0zSrkzXelpdshyu5iBXVRwlSr8KODF5hSw8Xd3fkdJ4a8A6jrUqT3Gbe16
4P8AEK9c0nRLHQ7cR2cK5xyxHNeZR/G+OKMRRaNEqDoBKf8ACnH44D/oERf9/m/wrvhgKkeh8jis
znWlo9D1sc9Dn1ox7V5J/wALwH/QIi/7+n/Cl/4XgP8AoExf9/j/AIVp9UqrocPtEtj1raaQg4ry
X/hd4/6BMX/f4/4Uf8LvH/QJi/7/AB/wo+qVOwudPc9Z59KXnHSvJf8AheC/9AiL/v8AN/hR/wAL
wGf+QRF/3+b/AApfVKvYOdHrBHtTSPavKD8bx/0CIv8Av83+FI3xvGONJi/7/H/Cn9Uqdg50erke
1RsPavKv+F3jH/IJi/7/AB/wpp+Nw/6BEX/f5v8ACj6pUDnR6myH0qGSM+leXn43j/oERf8Af5v8
Kjb43A/8wiL/AL/N/hT+p1A50elyRnPSqskRJ6V50fjWrH/kERf9/m/wqJ/jMp/5hMX/AH+b/Ck8
JUHzI7yeEZ6VSkg64FcS/wAYQ3/MKi/7/H/Cq8nxcBH/ACC4x9JSf6VDwtRDudqUK9qQEgdK4Nvi
oG/5hqf9/D/hULfFL/qHJ/38P+FQ6EkO56VFKeKvRy15OPimR005P+/h/wAKlT4s7f8AmHJ/38P+
FJUpCuevRyGp0evI0+MGP+YZF/39P+FSr8ZMdNLiP/bY/wCFafV5hc9dDnFSK5NeRr8ZxjnSov8A
v8f8Kevxpx/zCov+/wAf8Kaw0w5j1vGe1MZDnpXlg+NY/wCgTF/3+P8AhU8fxkD/APMKi/7/AB/w
p/VKguZHpfI7U5WNeeQ/FaOU4OmoP+2h/wAK0rfx/FOf+PBB9HNQ6E0HMjtQxpwbmsC28SxXAH7g
Ln/aNacV6ko4TBrNxaHc0Q/FSq/FVFkBFSq3pUjLiPUqNk1SR6mRznrQBcU+9PBqur1KpNAEuKNt
C07mgdiNlphSp8ZpNtAisyVGyVaK5pjJQBUKUxkq0y4pPIZjhVJo9QKZXFNKn169qs3BtbSNpLmc
IAOnFcpq3j/SdNQrCEnccA7ua0jTnLZEynFHQfZyDlyFHqTWbfa5pGmBzcThivQA15lq/wAQdV1B
mWDEMZ6cZrlZnnvHaW5lZyfeu6llzavMwliFsjvda+J4ZWgsIT1wGxXD3+qajqb5nlbb1wDVdUVR
wKCOe9ehTw9OGxzupJkQjXPT5vU0vNOpOa1bYt9xpzRzS80tTa+4aDcUhFLRTsAmKTFOpKLAJijF
OpDQAlFLSUAFFFLQAlKKKBQA4UGiigBwpRSU4DihAFFHelApiExzTqXFFAhe1JS0UAJT4f8AWr9a
YafD/rl+tZ1f4cvRlw+JHqXhD/UivUrD/Vr9K8t8If6kV6lYf6tfpXzr3PRP/9X36sbxF/yBbz/r
k38q2e1Y3iP/AJAt5/1yb+VKXwmlL418j5bc/vZv+ujfzNIKH/1s3/XRv5mgV5vU/Q4/Ch1KKbTs
0FodR0pAaKYC0tAoPWgBc0ZpKKAFpQe1JQSFXLEBapRlOVkKc4xjzSHjnpUE90kQwD81VLi+DApF
wPWqWdxyxJr2MJlnN70z5vMc7jCPLR3JZp2nb58gelR5HakGKWvfhSjTVoo+Sq1p1XzSYvSjrR2o
rW3mZWQoozSUtFkAhooopadguxc0mee1HajtRp2C7EJzSUd6WjQLsYc5o604im9KHYd2NNMK1KR3
puKnQaZDtppGKmK801losi1IhIFMI9qm200rWUoplXID+NMI9zUxWmFawnTRSZEfYmgHHXNOxSEV
zuNnoMUH3pc4700UppxlqA8GnZqIGnhq2UxEqtjtVqFulUlarMUoHFaqQmbNu3Tk10mnbcrxn61y
1pIvHNdNp/JXPNZVLNAjsNN6jG0CumtDgDnNcvp2QB8tdLan5RxXm1VqWjXj5AqZSRVeM8DipwTX
M9yiZWqVWqsCakDUgLQbkVMj1TVuRUysc0AXVfmpd1VUDt0X8anClRlpEX6mh+QaEo/D86cOaqS6
np9opae7hBHuKxL/AOIOiWKnbMXcf3VyK0jSqy2VyXUgtzphHv46U0mGBS00qAD1YV5XqXxTuJ9y
2ETAdiUxXI32v6rqTMZp2RT2BrspYCpPfQxliUvhPY9U8YaPpQJaVHYehrhda+KFxIWWwG0HoRXA
+QrndIxc+rGl2ADAC13U8vpw+LU5pYiUiW91nVtUYm4vZdp6rms8WyA5bLH1POatkHtTCK61GMF7
qMm2QleO1MIP4VMVppWj1GQ4ppHNS7aYV5pDIyKTFSFaaRQMYRRTiKTFKwDaKXFGKAEpKdim0DCk
paMUgG0GlxQRQA2loxRigAooxTgKAClFB60tAheKUdKbTh0pgLSigU7FACUopKUUCCiiigAp8X+t
X61GTT4T++X61nV/hy9GXD4kepeEP9SK9SsP9Wv0ry3wh/qRXqVh/q1+lfOvc9E//9b36sbxH/yB
b3/ri38q2axvEY/4kl7/ANcW/lSl8JpS+NfI+WZD++m/66N/M0tNk/103/XRv5mjNeb1P0OPwodm
lFNFOFFyh1GabmlBoHceKM0lJmmNasdk4zjNGc9ODTc4HJwKpXF9yUj/ADrpoYadV6I48XjqWHW5
cluI4l5b5vSs2a5eY88L6VAzF+W5NJmvosJl8aa94+Nx+cVK+idkOzR0ptFeiklseK97jqO9IKXP
NMQ8GkzTeaBmpAeDzR3po4NLmqQDuKTikozTuA6jtTaXtSASlFJSigAIpuKcRSYNACHpTTTyKaQa
ChpHFRnOKl7c00jigaZEw44ppqbHFRstSUmRkVGRU2KYVNZyiWmQ4ppFSlTTSKwlAZHikpxpKwlG
wCUtJS5oTGOU1IKiFPU1rGQmWY3kQ8HNa1nrFzbEfKCPrWKhGaspg+5rRWe5Db6HdaV40jjIE0dd
jp3jXS2AEmRXjyYI6YqdUBHVh+NRLCxmT7Ro95h8VaO4GJgPqauL4g0sjP2hfzrwABlxtdvzpczn
/lu4rL+zk+ofWGe/HxDpa8m4XH1pp8W6LH1mB+hrwT99jBmc/jSbG7yP+dL+zo9WH1hnuM3j7RYv
unJHvWbc/FKyh/1MLE15CIhkElj+NPCqD3/OtI4GityHWkei3Xxau2G23t8D1JrFuvHOu3mSrKin
r81cuPXA/GpUYdcc1vHDU1skZucn1Lst9f3bFp7hzn0NNRB1LsfZqgV/8ipUfPOPzNdKSitDJ3ZY
AUDAFLUatzT8g0XAWlPNJmloWmwhpFMOalNNIpWAixTCKmIppFD13C5CRUZFTkUwrU2KIjmmkVKR
TWFMCMjikxT8UlADMUlPIpuKRQnNJgU6m0gDFIaWkINACGkpxFJigBKWjFFABigUUAUgFpRSUvSg
BcU4dKQDilHSmAopc0gpaAFooopCCiiimAhp8P8Arl+tMp8J/fL9azq/w5ejLh8SPUvCH+pFepWH
+rX6V5b4Q/1Ir1Kw/wBWv0r517non//X9+7Vj+I/+QJe/wDXJv5VsGsbxF/yBL3/AK4t/KlLY0pf
GvkfLEh/fTf9dG/maQUkh/fS/wDXRv5mlFeW3qfocPhQtKDTTRmjUofSg00txz1o3ADJ4FVu7LUU
moq7Hio5p44V+ZsmqtzqCxjCDJrMeRpTliTXq4XL3P3pHg4/OIU1yU9y1NdtOcLlRUH48imZ7UuR
nivoadGNNWifH1sTUrSvJkgajrTMijNa3Od67kgxmlzzUeacDRoA7NGaTPNLkUwFzS5ppNGeKAHZ
oBpuaKdwH5opopSeKLiHA0ppgNOzQAvagUlGaAHE0g60lFAxTTTS0UANPSkA4p1IaLhcbimEVLim
kUikyIrimEVMRTSo9KC0yAimkVKRTCKmSKuRFaaRUpFNIrCUSkyIikp5FIRWLiMbmnqaZinCo2Al
Q81ajPNVV61Yj61rBkMuRmrSH5aqR9atJW8WYybJxyKdTF6U7NWZi5pRTRS00A4daXvTQeaXNO4h
3anA1HmnA8UXYiVWqVGqsDUitTTFYtBuakVqrBualVhTETg5pwNRBqeGpkj6TFANLQgGkcU0ipDT
SKYEZWmkVLimMKkdyLHNNYVKRUZFAXGFeKaVNSc000gIiDSAU85pvNIq4hFJilNFAJiGkpTSUhiG
kpTTaAFopKKAFooFLSABSmkpaAHDoKXFIKUdKYC0UCloEFFFFIAoopKYAadD/rl+tNp0P+uX61nV
/hy9GXD4kep+EP8AUivUrD/Vr9K8t8If6kV6lYf6tfpXzr3PRP/Q9+NY3iP/AJAt7/1wb+VbJrG8
R/8AIEvf+uDfypS+E0pfGvkfKsn+uk/66N/M0A0kn+uk/wCujfzNJmvMaWp+gwdopDs5NLznimjO
DzgVUudQSDhDlqujSqVNjCviadD4i5JMkKlnPPpWTcag8uQvC1Vkme4bc7celMyOwr6HCYCNON2f
KY/OKlR8tPYlVvXk0bjUYNOBr1Fax4bTbbvuPzzS96ZmlzTepFrD80vNMDUuaLhYdzS5pmaXNFxD
weKcDxUeeKUNxVJgSA0vaow1Lup3EPHFLmmg0E0CHUUgPFGaYCinZpgNLmmA4GlzTAaXNAD80U3N
ANADqM0maKBhQaDSZoAU9KbS5ooAaRTTTz0ppFIpMjNMIqU004oKuQkUw1MVqNlrNopMZjNMIp+C
DQeazlEq5HinAUYxTsVlKIXFUc1ZjqsvWrKURJZajq0hqsnSrCVvEykTA0uaaKdVmYop1NBpaAFz
RSUtMQtKKSimIcM04HBpoozzQMlDc1IrVADUitTuS0WA1SBqrhqkVqYrFhWp+RUCtTw1NCaJaQ0g
OaWmIKY1SYpuKQEeKaRUhwKQjikBCRTDUxWmFaBkRpuKl203GDSGRHrSVI2N1NIpDQw0mKcaSgBK
TFLRSGJiilpKACiiigApcUnenUgFxSjpQKB0pgKKWkHSloEGKKWkNABSYpaKAEp0I/fL9abT4f8A
Wr9azq/w5ejLh8SPUvCH+pFepWH+rX6V5b4Q/wBSK9SsP9Wv0r517non/9H36sXxGcaJef8AXFv5
VtCsXxIM6Jef9cW/lSltYuj/ABItnynIT9ol448xv5mmNIsQLOce1Q3l6kM0i9T5jdPqax5rl52+
Y8Vnh8FKcm2fUYrNKdGCjB6lu61F5MrFwPaqIznJOSaaMA8dKXoa92jRVNWsfLYjGVK8vfH0uaZm
jNdFzkH5pQaZmjNFwsS7qXdxUQJpd1WmFiQGlzUYalBzRcVh+aUGmZpQaLg0PBp2ajpQadxWH5pQ
ajzS5pk2JM04Gos0op3CxLmlzUW6nCqTFYdS5puaAadxWH0ZpuaWi4WHZoBptFFwsPzSg0zNBOad
wHmjim9qM0XAXNGaSkpXAdmkNJRQMSmkU48U3rQNMawNJjinHmkNSykyJhTCDUtIRnpUspMhxS80
7bRioaKuKgqxGOahUYqePrU2FJ6FmPrVlKrx1ZSqSMZDxS0gpasgWlFJRmmAtLTc07NABThTRS0x
Ds0o60ylBxQA/vS5waYDzS0wJVY1IGNQBsU9Wpkssq3FPDGoA9PDU0S0WFapAarq1SK1MViSikDU
tACED0ppp5ppGaAGkcVGRUuMU0jNICEimkVMVphFKwyIrTcYqUimOuelDAYRTcU/FIRSGMNJTiKT
FBQlJS0mKTAKKKKQC0o60lAoAfQOlJmlHSmAo6UtIKWgQtFFFABSGlxSGgBKfD/rV+tMp8P+uX61
nW/hy9GXD4kep+Ef9SK9RsP9Wv0ry7wj/qRXqNh/q1+lfOM9E//S9971i+KOPD9//wBcH/lW3WH4
p/5F7UP+uDfyqoq8gZ8ZTljdzknP71v5mo6fP/x8z/8AXVv5mo69iCSirGUnzO7HAUGkH1oq7i33
FzRmgUGgQoNLTaM079wHZpc0zNO7U+ZALmlB4plKDTuhD80Bqbmlp3QDwaXNRZpQafMhEuaM0wGl
zVcyFYfupwPFR0uaLoVh+aUNTAaXPFCkgsSZpQeKjBpc1V0IkzShqjBpc0XQEmaM0wGlzTuhDs0A
03NKDRdCsOzRmmk0Zp3XcLD80hNNzS5ouu4WFzRmkpDRdAKTSCg0UXQwNMIpwpKTsAwUuOKDQanQ
q43FLiigUnYYqjmp0FRqKlQUtBMsxjipkqJOlTKKd0ZyY8U6milp3RItIaWii6AQdadkUlJ3p3QD
80A0lKKLoBaKM0CndCAdadmkop3QDs8U4Go6dRdASq1SK1QA08NTTQrFhWqRWquGp4andCLAapN3
FVw1SA0XRJJmimg04UXQhDSYp3ekNF0AwimEVIRSFad0MiIppFSEUwipbQIjNNNSMKYRSuhjDSU4
im4ouhjTRSkUEUroYhpKKKNO4C0UgpaV0A4Uo6Ugpw6UXQAKdTRS07oBaM0UUXQBmkNLSGi6AO1O
h/1y/WmU+H/XL9ayrNezl6MqHxI9T8I/6kV6jYf6tfpXlvhD/UivUrD/AFa/SvnT0T//0/fqxfFC
58PX4z1hbHHtW1Va7QSxFGGQeoxxinF2Yz4huIJhdT5hl/1rf8sz6n2qHY/dHH1Q19Yav4X0+RmK
2UIDc5CCuNvPBsDM223Qf8BrsjirKxm4ngIVv7rf98ml2t/df/vk17d/whEX/PNfyo/4QmL/AJ5j
8qf1tByHiO1v7rf98mjDf3H/AO+TXt3/AAhMX/PMflR/whMX/PMflVfXEHIeI4b+4/8A3yaMN/cf
/vk17d/whMX/ADzH5Uf8ITF/zzH5UfXUuguQ8Sw39x/++TS4OPuP/wB8mva/+EIi/wCeY/Kj/hCI
/wDnmPyo+u+Qch4nhv7j/wDfJow391/++TXtv/CERf8APMflSf8ACERf88x+VH17yDkPFMN/df8A
75NLg/3X/wC+TXtX/CER/wDPMflS/wDCER/88x+VP695ByHimD/df/vk0YbP3W/75Ne1/wDCER/8
8x+VH/CER/8APMflR9e8g5DxXDf3W/75NKM/3X/75Ne0/wDCEx/88x+VJ/whMf8AzzH5U/r/AJB7
M8YGc/db/vk0uD/db/vk17N/whMf/PMflS/8ISn/ADzH5U1j12D2Z4yM/wB1v++TTuf7rf8AfJr2
X/hCY/8AnmPyo/4QqPtGPyo/tBdg9meNc/3W/wC+TRg+jf8AfJr2T/hCk/55j8qP+EJj/uD8qf8A
aK7C9meOjPo3/fJpefRv++TXsP8AwhMf9wflS/8ACFR/88x+VH9orsJ0jx7B9G/75NLz6N+Rr1//
AIQqP/nn+lH/AAhUf/PP9Kf9orsHsWeQc+jfkaXB9G/I169/whUf/PP9KP8AhC4/+ef6Uf2iuwvY
nkPPo35GjB/ut+Rr17/hC4/7n6Uf8IVH/c/Sj+0V2D2J5Fz/AHW/I0vJ/hb8q9c/4QqP+5+lH/CF
R/3B+VH9orsHsTyLDf3T+VBB/un8q9d/4QqP/nmKP+EKj/55LR/aK7B7E8iIY/wn8qNrf3T+Veu/
8IVH/wA8lo/4QqP/AJ5ij+0V2D2J5Dtb0P5UbW9D+Vevf8IVH/zyWj/hCo/+eYH0FH9orsHsTyHa
f7rfkaTafQ/lXr//AAhUf9z9KX/hCY/+eS0f2iuw/Ys8f2N/dP5UBH/un8q9f/4QmP8A55LR/wAI
Un/PJaX9oLsHsmeSIjf3T+VTojdlP5V6r/whUf8AzzWl/wCELQf8sxR/aC7B7JnmSI2PumplRv7p
r0j/AIQ0f3BR/wAId/sij+0F2J9iechG9DS7G9DXov8Awh/sKP8AhDvYUf2iuwewPOtreho2n0Ne
i/8ACHe1H/CHe1H9orsHsDzrafQ0bT6GvRf+EO9qP+EOHpS/tFdg9gedbW9DQAfQ16L/AMIcPSj/
AIQ32qv7RXYPYHne1vSl2N6V6H/whvtR/wAId7Uf2iuwnQPPQrZ6Uu1vQ16D/wAId7Cj/hDz6Cl/
aPkHsDz8Rv8A3TTtj/3TXf8A/CIH0oPhA+lP+0fIPYHAeW/9004I/wDdrvP+EQNH/CH/AFo/tFdh
fV7nDBGx0pyq3pXcf8IhR/wiJHrT/tHyD6szilVs9KmAPpXX/wDCIN15oPhFsd6f9prsL6szkgD6
VIAcdK6keEn96X/hEn9TR/aa7A8Mzlgpz0pSpPauo/4RJ/U0f8Ik/wDeNH9prsL6szlttIRjtXVf
8Ik/vR/wiT+9H9prsH1ZnJFCaZtPpXYf8Ik/vR/wiTe9H9pLsH1ZnHFCe1MKH0rtP+ESb3pP+ERb
3pf2kuw/qzOJMbelMKN6V3X/AAiLe9J/wiB75o/tJdh/VmcLsb0pNjf3TXd/8Igfek/4Q8+9J5ku
wfVmcIUf+6aTy3/u13v/AAiB9KP+EQPpS/tFdg+rM4EI/wDdp2xvSu8/4RA+lH/CHn0NP+0V2D6u
zhNjelLtb0ruf+EPPvR/wh596P7QXYPqzOHCsO1GD6V3H/CIexo/4RD/AGTR/aK7B9WZxGD6UYPp
Xcf8Ih/smj/hEP8AZNH9orsH1ZnD4PpQVPpXcf8ACIf7Jo/4RD/ZNH9oLsL6szhtp9KmtYme6jXH
U12f/CIGtGx8KBHVtnI71E8epRcbblRw7TTNLwrbFIlz3r0uxGI1+lc1o+l+SqgjpXVW6bVArzTp
P//U9/pGAIpaD0oAqS2wYVUfTI2/hrTbpTTQBk/2RH/co/siP+5WuaSgDJ/siP8AuUf2RH/crWoo
Ayf7Ij/uUf2RH/crWooAyf7Ij/uUf2RH/crWooAyf7Ij/uUf2RH/AHK1qKAMn+yI/wC5R/ZKf3a1
qKAMn+yU/u0f2TH/AHa1qKAMn+yI/wC5R/ZEf9ytaigDJ/siP+5R/ZEf9ytaigDJ/siP+5R/ZEf9
2taigDJ/slP7tH9kR/3K1qKAMn+yI/7lH9kR/wBytaigDJ/smP8Au0f2TH/drWooAyf7Ij/uUf2R
H/crWooAyf7Ij/uUf2RH/crWooAyf7Ij/uUf2RH/AHK1qKAMn+yI/wC5+lH9kR/3K1qKAMn+yI/7
lH9kR/3P0rWooAyf7Ij/ALlH9kR/3K1qKAMn+yI/7lH9kR/3K1qKAMn+yI/7lH9kR/3K1qKAMn+y
I/7lH9kR/wBytaigDJ/siP8AuUf2RH/crWooAyf7Ij/uUf2RH/crWooAyf7Ij/uUf2RH/crWooAy
f7Ij/uUf2RH/AHK1qKAMn+yI/wC5R/ZEf9ytaigDJ/siP+5R/ZEf9ytaigDJ/siP+5R/ZEf9ytai
gDJ/siP+7R/ZEf8AdrWooAyf7Ij/ALlH9kR/3K1qKAMn+yI/7n6Uf2RH/c/StaigDJ/siP8AuUf2
RH/crWooAyf7Ij/uUf2RH/drWooAyf7Ij/u0f2RH/c/StaigDJ/siP8AuUf2RH/crWooAyf7Ij/u
Uf2RH/drWooAyf7Ij/uUf2RH/crWooAyf7IT+7R/ZEf92taigDJ/siP+5R/ZEf8AcrWooAyf7Ij/
ALlH9kR/3K1qKAMn+yI/7lH9kR/3K1qKAMn+yI/7lH9kR/3a1qKAMn+yI/7tH9kR/wBytaigDJ/s
mP8Au0f2Qn92taigDJ/shP7tH9kR/wB2taigDJ/smP8AufpUsemIpBC1o0ooAgithHVlRgUlOFAH
/9kKZW5kc3RyZWFtCmVuZG9iagoxNyAwIG9iagogICA0MDUyMwplbmRvYmoKMTkgMCBvYmoKPDwg
L0xlbmd0aCAyMCAwIFIKICAgL0ZpbHRlciAvRmxhdGVEZWNvZGUKICAgL0xlbmd0aDEgOTU4MAo+
PgpzdHJlYW0KeJzdeXt4VFWW795nnV2Pc+pUnapKpZJKKvXKO4SECiEQHjkqIAryTNOJEgkPIyZi
EiNpCgwJ0hoDKIIYHmKEmOYRUTKIyCUNgWkG8I42wxWmx9budtrYPd81ZrQv47SYnNx1TiURte3v
zjd/zDe3zncee+/zWGvt3/qttXYRSggRSBMB4l+xelnNh862zYTEXyaEu3dF/WP+pz49vI2QxGRC
aEdFzYOr//j0FxcI8eI42fLgw5GK4vNnk/D6KD6TuOqBZStt4p2HCUkqxr4Jq7DD9qq5F9tbsZ28
avVja892mMuw3YXtrQ9Xr1hG6PE+QnxTsP3c6mVra/gD/Dpsv4Ntf82jD9TsWLy9ENt4D2skHKlQ
W/kK1oHSGolHsfBXiOEKNbHVHE9yLlzrG0fka33X+nKd9oA9JWAPVPBkoA4SBj5RW43WP//pUUMG
vqOcEMNedp2YiItMVOItxnprnUDqzUbqshE+xSGZ00lIDMbKN/p6w9f67JPwN47k9IVv9IVzTxxz
97g5WpaSF3bYZS6L0vw8eyg/4Cd2mQS4/Vv+9/v/9OmWwXM9PZxKd9BO9UdqdYSOoXfSGTTrZkeE
/ziiNqm71BfURjSpJgvrQlnc5MfKWGmn6HreKdbbdtqNz5t3QL39WVbn3EHriWxxWDNMDkOMI5Yn
6Q4hxAXjULywJt+1PrzQ5MNz30Cf3Nsv4yH3xPz46ngUNC8qn74Hhq+1c3lPD5u2eXArbW5pUSNc
c4su2v5fqYGzgwNnBzt+pe5H+dwo3+9QPhupVhLMjIqww1gnoUS8wyA4TNZ0S4ikGzhZvnahd6D3
Wp/cj5L0h2/0h9FsuXR2l6V4dpe1+L7ZXXLxfSVniDx0Dt8q46ZMtBdMLFXcin2pvdy+jd/Gthm2
GZtMTeYmoUkUyzQZA66QPSp5novWXVQfbGGXm9WVlyL8e310jbql7+vsCAKFcEOf45zO0eV0kK3K
AodPdvCMt/sYL+JuMnOCjzFeTuKAcyTZHQCczcpJScBZtK5MB4j1smRmQOuhzkhwZq2SRRRMjAdO
chqIU772jt2toWBKb58bje6YlDt7UYlRZp8Z2WfusFE2faY3ZL2l92p9pcFQfh7FzYXqQADyXHiQ
13Hhf+Xynh2csWP94JWG4zy98ocIW4LgiNBx6pUIF+Imj2CjDnWSyFTFI5qNUM/qzBoaDOkmwWFB
IJgQB9ZhmMq9muX7v+wPyxdyFXOukCvmWnIlfhQBmi2j8w7kHDenWZvvyNfZfeoW/Fbz0MdsDvuc
ZFCjUhQKcskBn0VM8nFev0+0iJmixR/gY+lutoGkxe72bHA51qfVZPpFS8BrcjtcnIOYnK5xyV4n
seVmyjcu9F3rRSjI/XZH1Hnk3hsXEJoX1T60YtRy1s/w0qgfS4PHCTpSmfK0IcngMwbThXQx3ZIu
pVvTfen+9EB6MD1UKBSKhZZCqdBa6Cv0FwYKg4WhEqFELLGUSCXWEl+JvyRQEiwJVQlVYpWlSqqy
Vvmq/FWBqmBVqFPoFDstnVKntdPX6e8MdAY7Q2eEM+IZyxnpjPWM74z/TOBM8EyoKDdrftb+rK4s
voyUFdjzkmheeEL++NQcOpbmj08OhHm3PTSWhoIGV0ysjyZRVwwfCCa3NXr/qefF9keOfvTBcZpG
hU00YXej98KbO3et+vuP/qFbvaxe3aF+NIsuP3yw/tF7V2YVTLx06rf/PmaMenLvtgcrypaNLxj/
4fnffxomw9x0HOc8gSSTncosUTCDxeQDHow+nodME08SgU+sF3eFnPWuOrvE19sMRj/PIN5EYsEv
hrxgtRhYPDqmPzk+Rk5PtIQcwZQRrpB75XPn7A73JLS6Y5IdNw3S/eEwwkbtd0zStlFg4z48OTac
nBOi0WbjylBrtxPhDGNpFrXruNbpj3fFGFKi5sqifFHpuuxf71Fd/TOWLZ56bpAg5oopTxPeHmzd
tHXXrq2buPelJT9WyyP0F1vvGfxNRMPi1XP73gzsfuaZVsT+0A20w0K0g5VsViZZpaibikmCiJ4r
IjT5b5w6UwSL7rlGUgejXmu2EYNt1GtvTEGvtY+qNuKwpmGHRR1NZg2AHhCpaBLMBtEpOa2yHJJC
Vr+syPNlESFBXSGKm+ZKZjwZFjYMvts/+O4z3M+30+dpK85b5GYHWxKJDITgNxoxUbIY/epL9CsP
KVLiyXPuDSBts2+wmNdDTYLVYfGQmBSDlIDTc+0dPXpF/UTty1Wk3MTqxDXc+vj1npcTDbSMGvjh
IDMKQ84uO9DkBezLyeovVVV9Sr2LvkXXPUn9BxrTfnnk19euffjCmSza+ceP6AH6AK2gB5Tb1O0/
71Z71DdwO3fwMBnmGShHW4tkkhITZRkkGQFZJoQcwwUt8o3e8EBveDQGKjablCsp0nypXKqRmiTj
rRyT54oyzLkov3g1O3CaHQz70Q4iRpQcxUE2WAwbHOstNXGQ4jKn2CQtmg0bAIkD+as6vjG+J/5K
PPJXih5po+q6oybQj7C+5/TpnrPd3WfVZrWYvkbX0gg9qi5aQm+ns+kcervarb6lnlK7I3QfrcTt
JXUlxt1WdSXR9b4XMaai3k6yQcm2+YxGg8Eny7ZM2UgtJqgXWJ2d1luJOd3oSJdFPEpoDtnBBWOG
KbcX3ak36kBfak6khbxbnAdRZTRSUqYkKq75rlWGGlezocn1sstoNMYaU40FxgJ5lWwoGzUeHWFp
za/u7emh78GTZzmhR705sPqsZs2vfweHIwgxvmDg9khUh5kYI9r56cRLIsoYT4xRclNoZ+4DQluC
wwq0nR2Sif1uZ+Isgy3fKUszeZLvMcjcbUlRRrhxiw79bqSAEcrOPUl8PuKjgMCb3SUUY+hOIgp+
MIkkDZ3TQ/fJHN82X5cPRud+GtJlrGuYE8anajSJjZm7dtGvlI6GN97aPfjkxhk/qlr5RATyI61L
i997d/B6JMLlNz/00qtqKIqTYvQXHvXRcJKtOEmLxdDiaNNwMs012TzNFtaAckMHyoAGlJNyvBJf
Hg8aSibY5dQoN9+KEu5ozX331tYuWVKr/lE9T4toPPXQaer54nMU1ek5r6p/W4tUZqBGmqH+Sv1K
valeH7WtaRbKkkseV4r8HqfEG7IIyMa09gyvfGAstKUE4mJEZmzPOBSKNZN4pzDL4p4bb8q3yAbX
3HjZGZyV6ZfTk/NTbxunu9AUTJB6h2GDZtasHjU7gkczvHsSBkdFIuGcsBIuD9eEt4U1x//Ldv1e
Y3QK+A/uPlr31pu7B5sbpy66f1Xj4P7GaQuX4vlpbSqm7X/kiXaIVC67clUzP/3y0qrtTw3+6dYr
bXrKFq/Q5iMH52OmIYbEkAC5U0kOuJg9LqnDFNdhpe3QRNqtNaY2R8I0cYqTy3fZeZlMDGrI0qGl
8UWvlpFqqNJBdbwohCxboGd0mqja/ISCqWkoP42JjUYPTaNLu+nN7N01H1Omfv1xze5s1UBvLq1c
XVq6unJphIXWDm5dtEC9rn6N27UFi5ojtOL0wa5PPjl28LQ2b5g88XNw3uLIj5QUEms3mZ2U2drt
7EBsm2Rutx8ShfEmLo/IdzhMsiXfels8zg56w2gOpfuBfEGLjw5tQnyeHE+RZ55nqafRo03ISBLw
PcPPqTXMn/PYU+cHZ+5q5/jxrz7uK+Xz1F/8aNE7b6pLdLueqa4yD+OcP40yGkkieUAJGoAIMmk3
yS9LLTGmg9DiaYup8cp2Ms00yWwocoe9mlW1KBFFPoaIXhnjtS5fsDypMenlpCtJfA/pMfQYe0w9
5h7hCrliuGK8YrpiviJYkGSoblovZQGXbuqCPAMfGvETyJ97/33zuA8GUx7fXPdszMGsIfIHtU99
HxMfiZqohyv5X0cO/sLxE9Mv31r32JudGAWt2J2uvj3is6sQIxbEyBwlhRK7V+A7PEJHTFK7v0lq
j6nxtNl8+V7M+q350hTjNHdYA8mN3oEpU3q/D5KTRaHG0LGQxjzDcNDlZZqxrWh3TWQ0tluzO1SX
P/RI6b2rHyqny3epxuw9Nb9XByn8vmZPNkKI/u6h0wePffJJ18GjkeZFC7AKY+jnmQsW0YG10VyL
XUX+l0k8uVsJ2ustcVrws2LwsxhccQ6b5Mox2zLtUsisx0GP5sQX0IujJGnXq8J+LXX6RySi+Qk1
CU0JMMrmYcyI+JBWucBIWqQFxoVf0VT1/T+r/V98UfPEi3s31WjE/tmly/+q2iLcx69tf+7VUR4k
Oq+nYz0zLimV+ORYK0ulvnZr6gFT7MvOlriENtpuqrGC3xriY/PcXH6SDR0wJLvFcIaeg2t+GJUV
Bb3Y269e1FCj99gdev6Xq4zxZRbGFLmKYovcRXFF8ZM88zIbM4UsV05sjrvR0ig1Whttjb5Gf2Og
MShqMLKPzENq/vgJk4enyBjKRw/w8zR/dL74VbtVw8yjj7xy7OvB0+uaKuviape+U0u91Ky2Pbmi
8p55C1dyzwz2RZqL5x975Y3jRRvX/3jFJ8HgtcHfXn/4gQdWPhzl4BL0k2y0Qwa1K3dgHmizLAj4
zQJnEhf4A/6RuuQ1Fvuah7WQo2meFtdRR5temwRMFi/nznOhp5vmuZK984gtHK1NLozUJvbh4mQA
q5U/9Ou0/BfLE0USzaIgilgKSaLVgCG9qTHr5ayeLMgwZwgZ4hjLGCnDOiE0I1RqLhVKxVJLqVRq
LfWV+ksDpcHSUKW5UqgUKy2VUqW10lfprwxUBitDm82bhc3iZstmabN1s39zYHNwc2iPeY+wR9xj
2SPtse7x7wnsCe4JHTEfEY6IRyxHpCPWI/4jgSPBI6EpZfT7FcqEqFt8r0JJLa+1tm58uO6uh3b8
bOfnN++/vrHW3NL0cLWyaPvV/eqQ+sWK3/poxk8aZs9UZnpSMvY88doRX0C9sfqRGbdPmOZKyd+3
5cSrSXqdTXLUxWwmzoeFhEitkjXi61K7LYjOji7fZjvkf8FTk+wbT9DRpwSsut9LE5NHw4JGsnKv
vlShhb0Rtx9JM5L1NCOZJA+nGYpZTilKaUw5lsJjAn5LlEgZ4d2RKBKlYy5jJFKobd8JIx2Dy3dz
sx4ajhU6J3wTRdRZkeGcatzQx3CY1WIGcr/idQuyibTznM7MNQbuUJxstFMzk4FMxFxkSl/4nWsX
NFZGeh7olS+MLnyIxZpC2ppHnK5RHIkbSZzmxS/F7BbKnCFtjcMecAXsw5Qc9au/37uXLqdp6vtj
CpVp3Avml859sA9ej9C71ZORwTVbpi++d//Glrf0+cAchfsVcq9IXGSyEgedZkd7zCHZ0m4lsw0S
ZiJOW779tthoBn9ND8nhgb4Psb4Qfe4cd7l7m7vLzWiZUwcP1nD4fToa1n5es2BedfW8BTV00+7B
ai17YMULqqux85Gv1+jxbDhP0mUwk3GKw9BuauJJO0fziWyEfHabEP328Je174o5Yrm4TewSmbaM
NvItrmj4E5GIFuKH1z+eR352kXlKhrRT3PHtdbFbl8UyHULIoJN07DckfaM/PEzQ/SqiTu3NPWFz
+9w/sCam1y0sr2VwN13f0qI++em318N2Rus5LW5vQvx7SFhxE3cLSPYWi7lNq+bytGpumiF8azU3
cGHggqxeyD1uS8TEB4PmcMT9lp9qM89vSv30f6q96mU6njqqf7+mRt7w6M6GdZurNlrpnJNv0FQq
agE3M1N9v3nT5X//4krTWl2eIi3/R9t7ydpo/k8x98cKoCma/gtt307/9eyfv0PP/7WU5zv5/8A3
Qfg/nP7bfyj9b+PId9J/LYNr+IH8X53EVqF9fWQMeUwZO8YvJ4ZsNKPDSdq9JkuLkQ91xLd5D/GH
nTXZ5jxjUr4/0SaTKanTjLHhbI3cb0SD3ijFXFQvaByjh2vUS0k0CXFCulA0licmYubRu2VzjOA3
+c3JglmPbzpjpuVHuXUqvTXlQMKht6Qk+fxV9bz6m8pf19XatmzsaL41/aBfqcaR3AReHyj/6N8C
AfWhipcuRW5NRJoj6t7hFOX0sP6Ldf1jkV8XKZkht9Hp8XcIpD2GYcLt6ZDbYg7BC0JNMj/e7TTI
Li6fTPFOk8LJekIVjmZUf4FdT1QjhXIj4TvP/te12jW4ouOHlfk6gMXCqb+iBuJEqxu28GmYWT2k
hGJlJlqcB0xujZYOmWpQk7hZsbyMws+U8m2yONGjVdRaQhjNBweQVkdrBpJAh1GokapGqB4dih7i
GYbiiW0JXQnct1ITHZFRdfCSv7FLNRTpIKQ3by+pWrGRTxtYGK1BuazI4PMXq9qO0g+i/D/0AdYP
76PsVtKgFApmzvRTySoZf2owWvE0x2TEb/OMA8McSkmmkVhMTPM0OESsktlkNPCUmG0i983i08C3
F5+0vOK7q0/pTFt9ksbwWWw2P5vdx9/HDGWBb5aa8ETp22rzGm75RszILVvotvVqM8aEyGA5tz8S
GVioWx2I9m+OhfDcXDwnYWYLqEUjGaKL6DK6lm6gO7iL3If+VH+uv9B/NBAcGtL+ZyH76UJajuMN
w+NOHJ80Ov7DP40PPqR76T7ahtv+4e0ibpep9g+R8a8+/f/y44n27xRFz0jU26J+ZLhLqKcLzyZi
QC0JRp+/9IslduTGGOLEax9K69F7E9AyVmLDmOwnDozz8Vi5BP/Tsv7/++MIR9drR71q+pLKpJIM
r+vhyBK6HFvNeNxGyul6igGUzCVLyFTyJPkT9m/Un/fRjbgd1d93FnvORq+w/yi+hZBiUks2kt36
Ny7xS/gKfj1fgWnQFroFe36jjWElkM1n4L0bcV+PY8u1a1qEWwapIFglkHbs+RLHI2QvFdi7+Oa/
oylkFX5nLu4dSFcmlOU6tXIV1IL31mkAQ4SgfphpVJI1JILPXde3z7G9kkTYdUMM9yXqNQvHDHw5
+QTfXktqqUDzII/7Mz47F3taNK1oJ+GgEmFbjluavk0ny/E9B/GOCNnHLefy+DTtLl32qeQDclKX
u4Jsx/ZC0qkfCQyQ9yCfVqD8mm3i2Xmy2Hg3DRisNMfYiLYiBi/ZyFUQH0wndQQBftKgrXpTghGz
i0u5a2WXsqDEf7k0kD3mO02/bPR3kfldUsR/amhofgmfwEq7WGIXpJi6+JTQP//Q4D9nj5k9v8Tf
dXXG9OG3ziifjn2LSvBSa2E39s+Ynk10FuLuP/VomvP5pbYp/0Z8Jn2y33t/7v8ZOX81f+Bj63Vz
Bt6rDVL9BjwaN6leQmx5OF5jvT7c/80vxL9LKgyfk3JDPClnN4jbkD/0OduP15dIM/c22uUgjuUP
3TDcTxbDWbz+M1puPrmXXSUz2WJSbPoJnneTHL6ATGZuUozXxZg5lrMcUsxvJCXaGBwn40AgM7Wd
vU7K+d/hfVdJkXavvl/F5w9qcUL/Tcf9H1D4GlQ6Dvc+nL8SxMBH0Z39C0rVhZrhrBlPIWHNQbKS
cccxActcEZ+zJOOOjCntJMSK41Z8xvY5IfYmQhwrCXHi/U4cc+K7Y7DPhW0XPh+Lu/swIXErtf/f
dWuFODPJIofRqpz2L6vGwXwW3YRt/hTXpPReUeGXs+FdFd4R4G0rXA7DpW642A1/dxMutMLfqnBe
hXM9d7JzDdBzJ5zNhTMN8HMRulU4rcL/UOGUDU4K8KYLTqTCGwK8ofDH/8bD/sYDXcc8rCsJjnng
9Zcl9noBvIan1wJwtABeFaHziJ11huGIHY408YfHwqG9SeyQCgd/5mAHvfAzB3S8ksU6uuGVx7zs
lSxox1N7NxzY72EHVNjvgZclaHupm7Wp8NK+MvZSN7zUxO97MYXtK4N9Cv8ivu3FFNi7x872JsHe
U0PnlCF+jx12W2C3wu/yQqsIL7TCTgmej4cd21eyHSpsx09sXwnPbRPZczGwTYRtCv/sMxJ7Ngae
kWDrFoFtDcMWATZ7oeXpBtaiwtP4xNMN8JQITybBT7Hx0zBsesLJNqnwRK2NPeGEpkaJNanQKEGj
wm/AOzao0PC4jzWo8LgP1q/rZutVWBcpY+u6YV0TH1mbwiJlEFH4tSnwkwKoxyfqq2ANntbchMe8
UKfCo/jmR1WotUFtE19TPZbVqFA9Fh5RYbUKD8tQNRsqBVilwoMCPKjwFQF4oAFWqqA8s6IKlnfD
sgYoV+H+WCgTbaxMhfvsUFriZaXZUOKFH4dhsQjFizysuBUWeWChBxbMj2ULUmC+VWbzY2Eenua5
Ye49iWxuA9xzl8TuSYR7FH6OLZHNGQezcXh2GO7G/rsb4C4JZt0psFkNcKcAM2dIbGYYZky3sBkS
zIhOyXQL3HF7HLujFW6Pg9sUK7utAZQJZqZYQWnii6ZmsKJumIanaWUwFT8xNQOmTI5jUxwwudDB
JsdB4SSBFTpgkgATC2xsYgMU4NMFNiho4ieYYYLC54+PY/mtMD7LzMbHQZ7Zy/JaIZwhsbAK46yQ
axFZbhLkJGewnAIYGxDY2CTIHmNn2a0wBp8ZY4cxCp9lhsxUE8v0QoYEGQqfnmZn6a2Qhn1pdkhT
+FQTpOArUroh2RlgyRkQwlNIhSC+MNgKAb+JBQQINPF+E/gV3oejvkxQTiTZs1lSIXgDkNgACS7w
hCE+DHE4HKeCOzaDuasgFluxGeBiAnMlQUwcONHIzgA48FlHA9hRJXs2yGgdWQUbjtkSwSqDtYmX
UDnpJlhEsCi8aAMBbxW6wewFk9HJTN1gdIIBX2uIASYAU3geHIx3A9/EA7UxcAAoPIdXnIptoFjI
YxF5iq588hma9d/zR/6rBfjm5yX/F4cOhPgKZW5kc3RyZWFtCmVuZG9iagoyMCAwIG9iagogICA2
NTcyCmVuZG9iagoyMSAwIG9iago8PCAvTGVuZ3RoIDIyIDAgUgogICAvRmlsdGVyIC9GbGF0ZURl
Y29kZQo+PgpzdHJlYW0KeJxdkstugzAQRff+Ci/TRcQjMG4kFKlKN1n0odJ+ALGHFKkxyCEL/r4e
3yiVugAfxnfGd/Bk+8PzwQ+zzt7DaFuedT94F/gyXoNlfeTT4FVRajfY+faV3vbcTSqLye1ymfl8
8P2omkZnH3HzModFr57ceOQHpbXO3oLjMPiTXn3tW4Ta6zT98Jn9rHO122nHfSz30k2v3Zl1lpLX
Bxf3h3lZx7Q/xecysS7TdwFLdnR8mTrLofMnVk2e73TT9zvF3v3b21RIOfb2uwuqqaoozfO4RK7B
deQa8TrFC8QLYQu2otlAs4lc5onjEuMl4qUwgUlyoa9EX23BW+Ee3AszmCMTmBJDQ6IhB3bCOIvk
LAM2woReSHoh9ELSSw2ftfgk9EXSl4E3I94MNEY0BrlGcgmeSTwT/gPJf6jQYyU9EuqQ1KFH8KOw
ARupiXNNOhc+jfg0qBMXubjbDckVyqzdZ8NeQ4hjkQYyzYNMwuD5PrPTOElWen4BEIa+JAplbmRz
dHJlYW0KZW5kb2JqCjIyIDAgb2JqCiAgIDM3OQplbmRvYmoKMjMgMCBvYmoKPDwgL1R5cGUgL0Zv
bnREZXNjcmlwdG9yCiAgIC9Gb250TmFtZSAvS01TTFJEK0RlamFWdVNlcmlmLUJvbGQKICAgL0Zv
bnRGYW1pbHkgKERlamFWdSBTZXJpZikKICAgL0ZsYWdzIDMyCiAgIC9Gb250QkJveCBbIC04MzUg
LTM4OSAxODU0IDExNDUgXQogICAvSXRhbGljQW5nbGUgMAogICAvQXNjZW50IDkzOAogICAvRGVz
Y2VudCAtMjM1CiAgIC9DYXBIZWlnaHQgMTE0NQogICAvU3RlbVYgODAKICAgL1N0ZW1IIDgwCiAg
IC9Gb250RmlsZTIgMTkgMCBSCj4+CmVuZG9iago4IDAgb2JqCjw8IC9UeXBlIC9Gb250CiAgIC9T
dWJ0eXBlIC9UcnVlVHlwZQogICAvQmFzZUZvbnQgL0tNU0xSRCtEZWphVnVTZXJpZi1Cb2xkCiAg
IC9GaXJzdENoYXIgMzIKICAgL0xhc3RDaGFyIDExOAogICAvRm9udERlc2NyaXB0b3IgMjMgMCBS
CiAgIC9FbmNvZGluZyAvV2luQW5zaUVuY29kaW5nCiAgIC9XaWR0aHMgWyAzNDggMCAwIDAgMCAw
IDAgMCAwIDAgMCAwIDAgMCAwIDAgMCAwIDAgMCAwIDAgMCAwIDAgMCAwIDAgMCAwIDAgMCAwIDc3
NSAwIDc5NSA4NjcgNzYyIDcwOSAwIDAgNDY3IDAgMCA3MDMgMCA5MTQgODcxIDc1MSAwIDgzMSA3
MjIgNzQ0IDAgNzc1IDAgMCAwIDAgMCAwIDAgMCAwIDAgNjQ3IDY5OSA2MDggNjk5IDYzNiAwIDY5
OSA3MjcgMzc5IDAgMCAzNzkgMTA1OCA3MjcgNjY2IDY5OSA2OTkgNTI2IDU2MiA0NjEgNzI3IDU4
MSBdCiAgICAvVG9Vbmljb2RlIDIxIDAgUgo+PgplbmRvYmoKMjQgMCBvYmoKPDwgL0xlbmd0aCAy
NSAwIFIKICAgL0ZpbHRlciAvRmxhdGVEZWNvZGUKICAgL0xlbmd0aDEgOTkzNgo+PgpzdHJlYW0K
eJztentcFEf2b1VXd8/0vLp73gzCzDDA8BhgHEQlomkVjfFBjLoukiWiAVTQoFGjjhJMXMU3PhET
osT4I4lJFI1xiRolhpg1WZfdjca4ye4mkcS4l3Czv2WzhkBzT/eAmt/+9n7uf/f+cbvo6a5HV51T
55zvOacUYYSQDq1FBHkeWzRn8WeWA68jFD0DIargsSeXeWoyX+1CKKYJIbyndPG8RTfX/q0VIXcu
fLVl3sJVpdJvTzvg/TWEXC/PL5lTLO594AT0/w7ahs6HBrNH34aQRwv1+PmLlq18xWH8FuoBqO9Y
WPHYHIRlmNtzFup7Fs1ZuZh+hslEyDsV6p7FT5QsXr6K/R7qixFiHkUUKpVr6VLmMFCrQS7JQL+P
2PexlimkaJTReqVjMBKudFzpCFpEr5jgFb2lNOpZSqJ7vpJrNabb//kEm6zOkU3foHORGwVQqZQZ
QDy2CIM8JBmFY5L3WLQHNIYa2rcnaquliH4+pj6NS9PEBjyDeD/KSnRphtlT0oSu9o6ujlCoXeiE
FTs62ns6hM4/fy10Cp2iI9ucDX9BiUPpQnpVelM6jQuxaGV9cYn+rMxYnBkaOhKbsC+OyhpizgzZ
HVleGx6S6ItjbVY7dGbRmT23FrTkF5k3VB7aN/Sl1a0/3H5v9UtD8Xy5bvfW7Tt3bt+6m5zteeSr
HxIT/zK/6FetNcWz8bDubjx0dnFjubz1/Aef/+mzLy+1wA5iNKzvBv0p7UdRaLkU5xBZg9FKreec
xjCP6rkiGgUcjJ8E8H2mgOA3ZLiEro72rvaenPbBKAMeHSGhMyRmwxXEk5r0M/LfRi4kwbQu5Opr
GS4OGz7rZFV0UzRVCN02tbuvJdKNJLUbe8VMmzdLYTcxS/RlecUIj6KPuorzj8rPZh4qP/5SI549
O7x2QwPt7xlbdras4tI1Kru8d++FHWffwDdUPpb23SAnQGbJ6Lo0GrYu3jvKoI91UzGeUXqDfore
4PHSdvwCamBq/PYXbA2uGvNWf1GKR2/wxmgdabaYUbzWbxsfT6XxaFyK0NXacaW9Q5WXWWEPpAgy
7IKW7xUJBidNz9cIpm/hVaP+zoo74UnFuFDK97v9Hr/XH+f3FegK9AWGAmOBu8BT4C2Iy/dtcG/w
bPBuiNvgq3XXemq9tXG1vkZ3o6fR2xjX6IuRUqtSj1mP2Y7ZjzmOOY9Fnbeet523n3ecd56PMhWi
wmH92pE1JDEDp+OsIUMV7bD50nFEN9w4FttUPVpaRm/bvOaZ2fvXb1r98dszTj9WRm9cvmxFQfWu
fetvfjivdcTtFU8Wzho/c3Ba4JeluxoDKd/MWzZt2tiHU9IytlXse10xPtjTEbCnfmYJcqD5UoxD
hwRjjZXWojBL1VuLnBpBxAEOtANlOIUuUIX2K7+J7BO8twpyqxjRCqMidqeqFU7k7NcKycZoGK1N
Y9MmahK1GVFVUTVRB6N0hRZfVqaYKXpt/XowLDOiGX86dOgtXCA3Dhk/YQy1Rbt958FfkrPleKJ8
qry3sHryz2bv3LDtFaTYLujzFtADHUpCT0kZ0V59FBIMOBy1W1tj8W73bYutSQS7NYRNVBSDvGlx
xoCLR34944qzpySrco/YrSJ3UPLOdrnz+69VsWdni6rdxgspFSkrk1pS6HBSC26hWkgr3cq0sq22
Vnuro8XZEtXiMhaCTWfdMVnLPUoOUvNmqeas8WWNAnnaSca3mzZsXLZ0W/Nh+fDIhvLjv+u8jqnd
6x9/Rphd9ObMP93EeV88Ga54Zjs+2/uHsqUTx59t+I9TD65aXzz3WnLyp4qsKEVWdDNrRVbkRQ9I
CV5GtBEUu0fr3GPCYbIEhU1F2q3maJc+y0IFbCJYfDBOUCEq1AWomNHR3tHT0Y9P2cETVT5Q5mGq
PSokmm1WSoEnYAJH7DOCRx3H8QIFgG7fbgUAkvfhBbu3btu5c9vW3WWMVNa7qHi2/EF3t3wJgKcM
L2+59OVnf/r8g/MDcioDOelBu1IlC6oxsGCRhiIncdlyORefAjrVoVAmqNgZPOmJqoiicGHCnbWt
dkccyhqCMkPIZkXU/D379u3Zs69u9zfy1zjq1i0cJd8c/9f29lu32tv/+hjOlGUckn8ry/JlVbeP
wvqrmKuA8a9LCYSNWekqYYVlfIm1hDXgFWiuocgTI1K6WORguVhRx1MeoAccSCvskKrlgAUXO+VO
QW43q2rOzVAA8JFJTfyMR0DhPSrOeaD049ykJjOMsEQ6VWvwKIMi1pDIE57mGZ7lNbyWj+JdfDQ/
iI/hYw08OB83cuMMlIFZwABsi0hE4dkLEhHvQIKqUCLN9s4YsmXmf2Kn/FUfmvfJkiXci7sPHHnl
YMGmrJnM1cPyjPh4ueubb+V/hjJx3Pba3717oU0aS3Wq9o4QfRN0KApXSfmOg5zWftBm57T8QYHX
clrTQY7TWqyU2TZKEHh+lIm3221T7LyWUEYurKfD7BKnVSBUWF9vRpghnM3CG3SsaNeYRQR+RONn
AiQIHkRxH0JLiznb7MgGKwPly+nocIQUMYfuYKv2W43AqPgKD7UKf/S3gLN8tIKzf9RoOZ6zax12
rYt32RO1yXyyfTifbc92TOBnan/Oz9PO4+fZ5ztWaDfaa/lTWifNaXQaPWNgjKwJmVhea9FbNXYz
Z9FZ9BaDxWg2CSYbH2112hz2JC5Jl6RPNCXzaUKKmGJOtQZsyfaM6KGGocahpmwhy5Jtuz96PJdr
yDXmmsZZZnH5unz9z/mZ4kzzTMt8rtRQapxnKuHnCXPEOea5lhJrqb0oeiW3UrdSHxZWiivNT1rC
ti2WLdZNtk32muhavlZ4izutO61vts8AKSdjgEHF+DD82HwcVuAjE2vETGpib08jWB1u2Y+/OCW3
4j37e7vq5As7GxWL69Hj58vL5c8AJsrwm9XyH1RsuB/k2sR8B28iOiglUMWcjsPFOh03BesMaKkJ
tnipbgGhtDSLRCPh9VrKLHRdyWlt7clpVbRdcfVXANXFfuHQqnBAFhkcyOKUh/MYPSZSqIYAk5oM
ihUY75qCWTUFM5SIKUhOPXbh4fhBTLOUnUrSDaWG6x6gJug0in6LHAZWRQCaiBvIpD6UKXKqN/+7
3mXU9os4Rr7xHe4mrp6vZbYMJywiXT26cvlTRX/rwaargM8UNEVK5WJK3JZl5hJHiZtPXoZKEkvI
Ar4o1RPLxfiSdcjHsi7WYNUhM5UaQf0rHYpp9/v6LgUNVfvuzA5aVJQGz6pR/Cv9U7NLBVHdtb/3
l1979NPvj9Q3fyjflG8v/8vji3VHD+w/fqppdujYsR3V1XuNi5naQPrbL1e/6XFde/X3f1GscMee
4882vVm6c9e6LWufAilVy/WaCuYQgMQUtEgaMWb0pHH+vHgDmjQuKZ4Yx4W5SWE+LJE18eFUbo0z
nDosz59kNk2IZkcbULRpkDlmJDsoNnrkYCoPOAM+5N7OUGjAowlXIk05ncBbK7Qpzf2PYMIdF6WE
nZmANMCYPzFe4Y2lbFazw04rXtnB0r64eH+iEqEOGxqfGaIdsDUCYkjWPYEqYxqxu/DYH/94rHD3
iPojZ3PHlsltbxQ0zfzg8+LZi3Dq609/XpS1UO588VfyG5VPr9+wtgrPuvAxnrNicp58GkC8Zumq
6o3hJ7bfnja1+9KlH6ZO297Tk9B9tuLijPXbEv2FcvU/X5JvzltROXny+MLC9aur8ANvN+PxVU9t
bKyf+/UauUu+RHDNgsrnjh04eOx5RT8mIqR5FHxOEL0ijfa4LEaaTUVEEyOsJ/5wcn2C12nVM5pw
Otnqs3MoyqIbaYgLeLQBg5+93zEyym8LWO5PCqR4/PGBxOBgJcYPKcEwKEu7AKUfy3I6Q52OkKI5
CpoBnkn6+0OzQxWhHaGmEIPvRMKDVbMYDKXfLCwZugx9hiPD2aZr07c52pwtIa4QR3RPjR8yxcjm
/ncVBSfUoXRC1n88/tLhRplqKKpY/XSDrO1/Uo1NeH7mgeI1jSR/+Yq23/deLCujEl7cfPqE7IK3
wMHqyBuZseDtssWrQQ9hv6gi5gb4aBt6UHIQzhy21gsQOiHCGmFXLHxADNphH0I97VfUIAJA/Mpv
gidqHPgun3aVTzuUCJ8WVbsicarlDvHvj81IHzsmI2Ps/zja+9cmoJRZkp6bm54xZsyPSUDTtPKI
f6KmgX/ikCSZ2bB2CY3CFA4gv4YEmKAuQkg/GUCE/h4idCoROigRIhLuLIwPH+29dRwQtaxMQVBF
T97pu4E/RJ3A9/CTRhYhg3ClpxV898P5J3UU0tI5OUJOzqzB6CSZwxUZIC6I9DGY6DWRvuCwe5h8
Z3L2sLy8YdmT5w/Pyxs+LG+KsoYS/8SALrpQluRC+x01xLjPsFes4baSomhTmsGFrC42JRomv/Kb
K/1hkGK37cETFYMUxhRLRVkCUixVvJMCKMZJx/j/3KREQa5vSn5dUm7btm5v3b7aFdtd+P4jJyAQ
Qn14cEZQ/m7r2ptff/3Nmko1HupGiHQBdurQSmkQXcywDClmmSmEpTHDLtDipYjTiDSi9IAfrT2t
6i53gXPodwmKR1C8M+y3TtlvvRrh6JF+IMLhINrBGVyGji4cyBT1qkz0ylh1jBf8HZOVoMA+9mFa
/ggv3IwhSPzju+s6usNl/XGuPJNuhn0zIB/6mRTASIwhRnqPCxLWuNiwR7fHutVV5HmGr493B5DG
BbmzKRAjIL8xGH8n3BXa7ybloTsx78mqhKYEiDCx7Z4I1z9gVwMRcMTc8OGBOLf5JxGwokrUhAX9
ge6b5Y13A2A5ury8P+6dCfRbUTTKk2IprS2MtPuZGoOzBj2nBMCDtJzNhaIxhMCDFIrBMf0mIn5F
+kKnkoGYPTFSTFUMaUNtuI1qs7VFM0q+4bXdkzP1h8YaVTM09Myem4cOrHrOvSfw7Tu35K+w/cu/
YeoKu3Nj1S4BdPrap1WVx5pAOXrwEPna8dNvn3srkgMCBpCPgF4n2ivFaTkLgxEfFhFj3wpBn1iv
12mpNCQEzFq/IWAKRkVAEVypoiGdnSH54kXY4IuqnkjDBSRggRKIQAuMYBPsgkNwZrgkJGGJkohE
S0yuTbJLDslpg6UpZbAHeyi28K4hR6lKEwWlP64e0P3/ioPkozImb9LGnVd7LyvAN/RIOO0xOln+
/qG8s00DMFdRburnke4EHmPQYildY7S6aIId63UkzNRHm00Eh3VbBSSOtAwKsHzA4jfeRwdcrB8F
qGBsvxOIOAAF/TsB+3vUYwNA/lMZ7ip3k5vcJT9WJT8WSoT8zHtJ/hdgn6FC9osLmxoPy/TBolVr
NzQoUPj2wsc/+FiFb/TuzjNvADcRWW0BPvLAhgdB/OM1WBFvRMuoYlcJs8C4QrQaDQ6kww5Wa9IJ
2KyPgdjgbtCjSOt7JdxRs3ZJP143Xj/eMN463qZ4LJ+actA2K2Y1A9GZGhoAnZhdXH59/i1skn/r
NMjVVMXynpH4vdq1z2+uqaeXYF12zpcXPpXbHNDXLB9ehFtrf9y878h2xZarwRZqgF4lB/RBDlhi
YEvMC5QcEKCMY3n93RxQOXkJJoTMogBWSImCGXI/UQE/5Zfasr+ubr9y/13+n1j8excW5O/G46l4
Op6Bp8pN8mvy63LTY7gOP44rcJ08X94p75Lnq3tWgK9RBdRSRJDwJoVojGhBtTdwYxYIPwsoJCNq
ab2KPVfBL/yFrFLpdUs8oL9tDs8VOc0swJFTUCJkhVZlT3/iAMR73q9OGT58yuTs7MlThmdPnpw9
fIrqFIZPmUK19rdHZFnUd4OdC/lpFHpcSjCwURbErbeLRpqgCp6aay9ykXjGFG/ghXgzjmdE5FWP
5q5ANKKiW3tXDqRU/QFt8KQ7uiiaUrXwbhL6Lwd1O6IblIM6NeMQBQVJogYqyOtBInafpyacP/PV
V2fO49vn5G75IpR/MGXl5T098pdffoljCQ3v38ivgu8ZhKejgTz/Rv+5xENSop0WbARF7TG692jE
sGUJCmuKjFspc8AmED+48qxBLl2KcjChZInqKeNPDyYkDvkEX5WvyUfjwoSBQ5WBg1LFlH4SgdKZ
TXLd3RPSo7i0eeCEtKys8e6xKJVc9uOHC/oPRhW6+7oQYj6F/acgbXldehgpHpEqxhTLMmaREsA3
8moTaJ9Gq8GCVmOCW2+gjIJWq5lCsaYKJBi0hK5g5+qIKPAmo16rgQ8wMlo4YgEFA4YUxGgHQV3p
MPenVsy3jpAGMt7+pFdQX6GpvwI5V5JZyX/tysEAb+J5OolJYpOMSaaAmGpWTwi8HKQkODOSMxIv
ybThZ6l4ubN3wjrK+jJl2937RWNl79bKw1QMdfHHmDKmvHsvpIsT5OaIj+0bIWfjE2rcF4sWSHGx
gsNAOIc9usbCQfBXb3ne7UyzQwxoH8r7IQ4MupWcXlV7xa/2KGckH18UfqtmFKcyPEWexZ57INCt
QqAbSgQCTy51LHVSqPAncaF6EHzviXjWZSVAHB3MGJsGUnz31QnrRs3W/GzaIz+/EyfK4fIflxw+
4/V+WlSw+mlF954G3dsG+BKFElChFI9cnhJiWWhe5SjhiauEg3Qw0aozI9bHGGwxrNnO6hMjB/cR
TgB0gBMlkFecV7Qbuyk3cdNuxh3rdrs9bq87brRltHW0zTgQjQ3pByTvHbrN+M6p/ZBEcm7s0UV/
lvuw41Yv5uVz8mcPHX1ksfGZRRfOyee279u3ffu+Our5SROx4ZsbWJSr5UPySnlabOztkoU4gY5r
u3Dhd5fefv9jkBFBm/p5U7AoA42S4uKdpMTGlcTyJSkLYouC8U6DmfEbmDTERttY1u/VB5U0t2sA
8QdA9eNO5ZT2HpMh97xH8l3I9CAjHDZw4AwSIqcP7thxULmTN69ZvWXL6jWbFx45J39/+5/yP869
uu+F29ev334B1zUcP97wwvHj5MmNdXUbN9XVXXJcPviHGzf+cPCyI/rYxpNtbSc3HlOw7rpqazTw
4pV4pCFPcJjR0shA6VgIvXOUUwgwlCs58Axi9VDAJyrBIjlCDe5ta+htowYzdG/bIeXlEDVYxc/X
wBeuA/vVoiekGEKUcIJgjKZAkL5CMxcTChNE6xBLccq2REyxq0O8Y4URY1PP9UBnOVVnOSXzuHua
p7SrGMop/RFddmAnoQo5iF8V3PTS63qb91JpvXnLyTWmonsnM7gZ/wJFEF6hCXILRFN58IxFArSY
UBVE59PxHLwSP4V3URepzzyJnqDnPs9r3ri+PuXfvFADnoaLoL+yv98C/dl3+v/9pYQdn+FncT0+
AKWhv1yE8mv8a7X/v7vi4HYhEX6jkAWiQANIiYOaD/DcAzHs3csI8/+fXYP+TTuLNIC2MZBtKtaL
EA8YoYN9MYGOa8GDIMghacTAPv3/699eWIeWwu41ow+hfARvk1EZWoKqUQO8f4VWq+3v0FqlQMt1
Rhn7EWrGyTCOUgrOQMr+n4N5MqHvKxhfCvUGNFft7yaX1fIsuUytAKuaCm9T1S8aUDMZQdPkcuRW
v/oQjUSn0RHlnbmMamHcNHQNyhiYfSI6i67jdegwvooq0Ta0lFYYiME6sNsyKBD/qOU79At1ZaWt
jLkK0UQDKgM+z8LshyPtOBlPI0WkFOcDhxQ+QiZA63pURhdB8aslV+UvwgNFrYb1+/lFl6lfUMm0
Hx+BdZQ1LsP8R9BIoLcUKJ0AN6XQT26hBmIACqOYd9BEzUTWAOFwJZoBvatJJn6WjUFFqJLMgBny
oG0bysPXYBVQ3FMsQwPioIBHaKISHixukh7O9/x6ljct8F+qHkHjaUJTm4yrPM19fVPz6WhmVhMz
qIkkaJvoBN8X/67zi7TApKn5nqZL43L7Zx1XlAtt0/PhValBM7SPy02L2Dn1aHP7C8viZvM5/0Bu
rao3H13P+9vA84dPeu8TPtF+DlWlM4IM8KtZJMcgyLh/+KRnsfDJvyBGPA07RkEWwrhRKeNHw+ho
tJQMQyPo96Duhufv4elAR+nraAQ874e7Hhao1tSiiVSNeo+A79+hV6vjutVvzqJS8hGaCPNNhLYt
cFdTJ1EBdQJdZc+hInWt9/u6qNV9ypxPw72JPQl67VB8gHrlRm4chPs2OM/J4BugiYZ35mWAnSTg
LAchDhCG60FI1wqwDBhlhHHGzxAywbcmGMcPhxv2RGiAPQCNNw+BG8ZbYB0rzG0FZLcCktp2AFBN
QMgB3zlBX5zfgMqcBBjVKv8HQt21eIpDqagOKRYooP2Ae4jW479DnW6m1kqfvy+TixbyXms8814x
eU+iW+PJu0Zy4R0/c6GYvOMnLYXkfCU5qydn9OT0W1bmdIi8ZSXNIfIrmZySyZsyeUMmJ2RyvOkB
5ng3aXqAHJPJ0UryukxeM5FXjxiYV63kiIG8EiIvF5OXYsnhEHnxUDHzokwOFZMXak3MCwmkYaWO
aUggByeRAwJ5Pp3Ub4xl6mXy3LMC81wMeVYg++tMzP4EUgfj6kykTqL3wYf7rGTfWrrWRGolem8C
2fPLILNHJrt3WZjdCWTXTiOzy0J2NWNJ4uidO3TMTiPZ2YyR9CC9Q0d2tNA1FZVMzRmy/Wk9s10k
2yV6G7xtu49s3XKG2SqTLZsLmS1nyJa19OZNCczmQrJZojcBXZsSyMZqkdkYSzY297VIfXS1SNbD
0uuLyS+DZJ2dPFNLntaTtcXFzFqZVC0UmKoo8lSliXkqRCpNZM1qnlljIat5Eq4lq0SyUkdWPOlh
VnSTJ5cPYp70kOWDyDL4aFksWSqTJ2SyZLGRWSKTxUayWKIrKsnji0Yxj5eTRaPIwnIDs1AgC9fS
5QZSLtFlsGRZN1kw/wyzQCbz5xUy88+Q+WvpeaUJzLxCMk+iSxNICQwq6SbFxeQxG5krkzkyKZqd
zhTJZHY6eVQmhTL5xSTySCUpkMmsXJIvk5/LZOYZ8jOZTC8m06zk4RCZ+hDPTK0kD/Ekb7Q0hkzW
k4nF5ME4LfNgLZkQIg8QgXnAQsabyThKx4yLIrljLUxuORk7RmDGWsiY0XpmjEBGSxwzWk8kjkjK
Pk6n768lo+g0ZtQUMjLHyoycRHJG6JgcK8mR6BE6cl+2mbmvkGQPF5lsMxkukmFGMlSGFMzKZMlk
SKaFGWIlmSEdk2khocEcE9KRUEQ+gzkSzHAywVySkW5jMpwko4VOj9Ux6TaSvpZO44qZtFoSSLUy
gUkkFZhItZJUiU4B0lOKSXJSkEkeTZKAsKQg8cPDL5PE+0iC0ckkFJJ4n5mJn0588JnPTHwSHacl
Xo+T8RYSj1tkPE7iaaHdsJhbJO61dKyOxEp0jI8M4kl0PHFFBRnXdBIFs0YFiVMmDljUIRO7QGxW
K2MrJ1aLhbFaiVWiLRZihnHmM0SE7RVlIsBDGEN4oJ+vJSboM8nECBMYncQo0QaZ6KGil4aXEx2M
0VUSrphoNSKjtRKNSFgmxLCVhIHvmBChYTI6jcCklI7g6QTJBDfj4vXbcOr/sxf6v03A//YC7/W/
AOZOHZEKZW5kc3RyZWFtCmVuZG9iagoyNSAwIG9iagogICA3MTMwCmVuZG9iagoyNiAwIG9iago8
PCAvTGVuZ3RoIDI3IDAgUgogICAvRmlsdGVyIC9GbGF0ZURlY29kZQo+PgpzdHJlYW0KeJxdkk1u
gzAQhfc+hZfpIoJ4CDQSilSlGxb9UdMeAOwhRSoGOWSR29fjF6VSF+DP45mnN/Zkh+a58cOis/cw
2SMvuh+8C3yeLsGy7vg0eLUx2g12ue3S347trLJYfLyeFx4b30+qrnX2EQ/PS7jq1ZObOn5QWuvs
LTgOgz/p1dfhiNDxMs8/PLJfdK72e+24j3Iv7fzajqyzVLxuXDwflus6lv1lfF5n1ibtN7BkJ8fn
ubUcWn9iVef5Xtd9v1fs3b8z2qKk6+13G1RtJDXP46LqskocF1VX28RxiUxgEi7AheRvkL8RNmAj
3IOjgZqgQ6JTdoh3EocOiQ5Bn0S/gJ8i+XHId8I78E7Ygm1kw/DPEodOKToEbyTeKmhWSRN+ytQX
PFfJM3RK0SHESeKEWpJaAz9G/FCLeBt5C81t6hF9ldJXAQ9Fuh/kl5JP6IWkF3oEP4o+7sek+8Fb
xEUe8fZa8pwyd/c5sZcQ4oik4UyzIVMxeL7P7zzNUpW+X7NYwUMKZW5kc3RyZWFtCmVuZG9iagoy
NyAwIG9iagogICAzODYKZW5kb2JqCjI4IDAgb2JqCjw8IC9UeXBlIC9Gb250RGVzY3JpcHRvcgog
ICAvRm9udE5hbWUgL0NDTVdTUytEZWphVnVTZXJpZgogICAvRm9udEZhbWlseSAoRGVqYVZ1IFNl
cmlmKQogICAvRmxhZ3MgMzIKICAgL0ZvbnRCQm94IFsgLTc2OSAtMzQ2IDIxMDUgMTEwOSBdCiAg
IC9JdGFsaWNBbmdsZSAwCiAgIC9Bc2NlbnQgOTI4CiAgIC9EZXNjZW50IC0yMzUKICAgL0NhcEhl
aWdodCAxMTA5CiAgIC9TdGVtViA4MAogICAvU3RlbUggODAKICAgL0ZvbnRGaWxlMiAyNCAwIFIK
Pj4KZW5kb2JqCjkgMCBvYmoKPDwgL1R5cGUgL0ZvbnQKICAgL1N1YnR5cGUgL1RydWVUeXBlCiAg
IC9CYXNlRm9udCAvQ0NNV1NTK0RlamFWdVNlcmlmCiAgIC9GaXJzdENoYXIgMzIKICAgL0xhc3RD
aGFyIDExNwogICAvRm9udERlc2NyaXB0b3IgMjggMCBSCiAgIC9FbmNvZGluZyAvV2luQW5zaUVu
Y29kaW5nCiAgIC9XaWR0aHMgWyAzMTcgMCAwIDAgMCAwIDAgMCAwIDAgMCA4MzcgMCAzMzcgMzE3
IDAgNjM2IDYzNiA2MzYgNjM2IDYzNiA2MzYgMCA2MzYgNjM2IDYzNiAzMzYgMCAwIDAgMCAwIDEw
MDAgNzIyIDAgMCAwIDAgMCAwIDAgMCAwIDAgMCAwIDAgMCAwIDAgMCAwIDAgODQyIDAgMCAwIDAg
MCAwIDAgMCAwIDAgMCA1OTYgNjQwIDU2MCA2NDAgNTkxIDAgNjQwIDAgMzE5IDMxMCA2MDUgMzE5
IDk0OCA2NDQgNjAyIDY0MCAwIDQ3OCA1MTMgNDAxIDY0NCBdCiAgICAvVG9Vbmljb2RlIDI2IDAg
Ugo+PgplbmRvYmoKMSAwIG9iago8PCAvVHlwZSAvUGFnZXMKICAgL0tpZHMgWyAyIDAgUiBdCiAg
IC9Db3VudCAxCj4+CmVuZG9iagoyOSAwIG9iago8PCAvVHlwZSAvT3V0bGluZXMKICAgL0ZpcnN0
IDE4IDAgUgogICAvTGFzdCAxOCAwIFIKICAgL0NvdW50IC0xCj4+CmVuZG9iagoxOCAwIG9iago8
PCAvVGl0bGUgKERFVEFMTEVTIERFIExBIFJFU0VSVkFDSU9OKQogICAvUGFyZW50IDI5IDAgUgog
ICAvRiAwCiAgIC9EZXN0IFsyIDAgUiAvWFlaIDc1IDc2MyAwXQo+PgplbmRvYmoKMzAgMCBvYmoK
PDwgL1Byb2R1Y2VyIChjYWlybyAxLjE1LjEwIChodHRwOi8vY2Fpcm9ncmFwaGljcy5vcmcpKQog
ICAvVGl0bGUgKFJlc2VydmFjaW9uKQogICAvQXV0aG9yICgpCiAgIC9LZXl3b3JkcyAoKQogICAv
Q3JlYXRpb25EYXRlIChEOjIwMjEwMTI4MTk0NDE2WikKPj4KZW5kb2JqCjMxIDAgb2JqCjw8IC9U
eXBlIC9DYXRhbG9nCiAgIC9QYWdlcyAxIDAgUgogICAvT3V0bGluZXMgMjkgMCBSCj4+CmVuZG9i
agp4cmVmCjAgMzIKMDAwMDAwMDAwMCA2NTUzNSBmIAowMDAwMDU5NDA2IDAwMDAwIG4gCjAwMDAw
MDE0MzMgMDAwMDAgbiAKMDAwMDAwMDAxNSAwMDAwMCBuIAowMDAwMDAwMDE1IDAwMDAwIG4gCjAw
MDAwMDA3MDMgMDAwMDAgbiAKMDAwMDAwMDAxNSAwMDAwMCBuIAowMDAwMDAwNjgxIDAwMDAwIG4g
CjAwMDAwNTA0NzQgMDAwMDAgbiAKMDAwMDA1ODk0OCAwMDAwMCBuIAowMDAwMDAxNzAwIDAwMDAw
IG4gCjAwMDAwMDA4OTMgMDAwMDAgbiAKMDAwMDAwMTE1MCAwMDAwMCBuIAowMDAwMDAxMzk3IDAw
MDAwIG4gCjAwMDAwMDIxNTkgMDAwMDAgbiAKMDAwMDAwMjEzNiAwMDAwMCBuIAowMDAwMDAyMjYy
IDAwMDAwIG4gCjAwMDAwNDI5OTggMDAwMDAgbiAKMDAwMDA1OTU1NSAwMDAwMCBuIAowMDAwMDQz
MDIzIDAwMDAwIG4gCjAwMDAwNDk2OTEgMDAwMDAgbiAKMDAwMDA0OTcxNSAwMDAwMCBuIAowMDAw
MDUwMTczIDAwMDAwIG4gCjAwMDAwNTAxOTYgMDAwMDAgbiAKMDAwMDA1MDkzNyAwMDAwMCBuIAow
MDAwMDU4MTYzIDAwMDAwIG4gCjAwMDAwNTgxODcgMDAwMDAgbiAKMDAwMDA1ODY1MiAwMDAwMCBu
IAowMDAwMDU4Njc1IDAwMDAwIG4gCjAwMDAwNTk0NzEgMDAwMDAgbiAKMDAwMDA1OTY3MCAwMDAw
MCBuIAowMDAwMDU5ODM2IDAwMDAwIG4gCnRyYWlsZXIKPDwgL1NpemUgMzIKICAgL1Jvb3QgMzEg
MCBSCiAgIC9JbmZvIDMwIDAgUgo+PgpzdGFydHhyZWYKNTk5MDkKJSVFT0YK

--===============7012093355020177712==--

-------------------------------------------------------------------------------
