Content-Type: multipart/mixed; boundary="===============1749031959189254430=="
MIME-Version: 1.0
Subject: =?utf-8?q?Hotel_Real_-_Confirmaci=C3=B3n_de_Reservaci=C3=B3n?=
From: reservaenrealnicaragua@gmail.com
To: justo@becerra.com
Date: Sun, 09 May 2021 19:31:21 -0000
Message-ID: <162058868142.16210.9996502634870314313@localhost>

--===============1749031959189254430==
Content-Type: text/html; charset="utf-8"
MIME-Version: 1.0
Content-Transfer-Encoding: 7bit

Pronto nos pondremos en contacto con usted. recibimos su solicitud para RealNicaragua
--===============1749031959189254430==
Content-Type: application/pdf
MIME-Version: 1.0
Content-Transfer-Encoding: base64
Content-Disposition: attachment;
 filename="justo@becerra.com_1234567_2021-05-09 19:31:19.239252.pdf"

JVBERi0xLjUKJbXtrvsKMTIgMCBvYmoKPDwgL0xlbmd0aCAxMyAwIFIKICAgL0ZpbHRlciAvRmxh
dGVEZWNvZGUKPj4Kc3RyZWFtCnicrVXbTttAEH33V8xj8pDN3i8SQgokokFcChj1AXiwHAdCEzs4
oaV/39n1hQIhBQlbcXbPjM+cmZ1dM6B49xg+rGSQLqKH6AweIs0JV8CUJtRJkIYSYwxwJ4iUDsoM
fkDeOGlBFDotoHnJEakEaEU0dS2HdsQ8M6aguCKKmwaJYI6QI1rb1kkJQWhwqRjbeR0xbREpOaFS
eI4KiRDShFnZkqJuotClidvM01pZM583wmsgqtNq+JpZFTANhWDg7/IW+gmF21Xka6qcCiXFWk1D
SWkodXBi3mkvjhivy89rWiOIcFTjKF5E/WmP9igSx9OoA934PhrFFQtxwl+e7CULU5xI7rS1YA0R
ygnzQarzAxxrfxn4jaZD/N1HVzeIUphEjMIxPAALkaon9koIJ8BaYrjABvALxyVvgDlcwNl/FftX
tF/udxVfdb6dxqMjOB8NjuBkvD84HxxcdgXrDKB7Ex9uymWD1BDnWavgnDAs9Ce0uqq/GS4St2zD
Io1R3Pj0vfq+0dTwSaId8+UTijjHW+QTmrghftk3rPYgTbNJVn5WFLfYDV6TZMTh1q+Bj0hqjgFB
uFabenlYpI+LLF8Xq4+KaiixLtyFShniNGuRWhY6UWeRijOnaTVQ2uq3Gq0kYQXRTpyV726THiWC
GYNcPUaYlrg3IZ5gR54UXWY7BL53peokq2RZlOssdGP/YpnksLMD/UG6fkzmcfa0hp1pNp1SmtBd
2N2FveF+sw2Pm9HmQLVtE/hSmpHSuGDcL1brAoazpJwVwRGzYm1WozmkwWGS4dG0yspfSTq7Flrk
sEzKBB7zBJZZuSrwP8v99FmAUUyEEHmR3mWQrYBTuLwY1kFele6rErqqM4q7xnaKdTKvNv2LrC6y
eZamsyLHwzZL7xL4AwUmgzlim5XJxAOrZD6bJF+k9eMgQtZS7rk5njR+R3jjQ9Q5r8rfbs3q4wH9
J6ZhWERnz1+MV73LmnNyy1F0zRHcJKo1+IhHs/xnaNXj/fEQ6eve9F35ysa22PgWm9hik1tsaotN
b7GZf21n0V/gyu9DCmVuZHN0cmVhbQplbmRvYmoKMTMgMCBvYmoKICAgNzkxCmVuZG9iagoxMSAw
IG9iago8PAogICAvRXh0R1N0YXRlIDw8CiAgICAgIC9hMCA8PCAvQ0EgMC43IC9jYSAwLjcgPj4K
ICAgICAgL2ExIDw8IC9DQSAxIC9jYSAxID4+CiAgID4+CiAgIC9YT2JqZWN0IDw8IC94MTYgMTYg
MCBSID4+CiAgIC9Gb250IDw8CiAgICAgIC9mLTAtMCAxNCAwIFIKICAgICAgL2YtMS0wIDE1IDAg
UgogICA+Pgo+PgplbmRvYmoKMTcgMCBvYmoKPDwgL1R5cGUgL0Fubm90CiAgIC9TdWJ0eXBlIC9M
aW5rCiAgIC9TdHJ1Y3RQYXJlbnQgMAogICAvUXVhZFBvaW50cyBbIDYyIDc2NSAxNTYgNzY1IDE1
NiA3NTEgNjIgNzUxIF0KICAgL1JlY3QgWyA2MiA3NTEgMTU2IDc2NSBdCiAgIC9BIDw8CiAgICAg
IC9UeXBlIC9BY3Rpb24KICAgICAgL1MgL1VSSQogICAgICAvVVJJICgvKQogICA+PgogICAvQlMg
PDwgL1cgMCA+Pj4+CmVuZG9iagoxOCAwIG9iago8PCAvVHlwZSAvQW5ub3QKICAgL1N1YnR5cGUg
L0xpbmsKICAgL1N0cnVjdFBhcmVudCAxCiAgIC9RdWFkUG9pbnRzIFsgNjIgNzY1IDE1MiA3NjUg
MTUyIDc1MSA2MiA3NTEgXQogICAvUmVjdCBbIDYyIDc1MSAxNTIgNzY1IF0KICAgL0EgPDwKICAg
ICAgL1R5cGUgL0FjdGlvbgogICAgICAvUyAvVVJJCiAgICAgIC9VUkkgKC8pCiAgID4+CiAgIC9C
UyA8PCAvVyAwID4+Pj4KZW5kb2JqCjE5IDAgb2JqCjw8IC9UeXBlIC9Bbm5vdAogICAvU3VidHlw
ZSAvTGluawogICAvU3RydWN0UGFyZW50IDIKICAgL1F1YWRQb2ludHMgWyAxNTYgNzY1IDMyMiA3
NjUgMzIyIDc1MSAxNTYgNzUxIF0KICAgL1JlY3QgWyAxNTYgNzUxIDMyMiA3NjUgXQogICAvQSA8
PAogICAgICAvVHlwZSAvQWN0aW9uCiAgICAgIC9TIC9VUkkKICAgICAgL1VSSSAoLykKICAgPj4K
ICAgL0JTIDw8IC9XIDAgPj4+PgplbmRvYmoKMjAgMCBvYmoKPDwgL1R5cGUgL0Fubm90CiAgIC9T
dWJ0eXBlIC9MaW5rCiAgIC9TdHJ1Y3RQYXJlbnQgMwogICAvUXVhZFBvaW50cyBbIDkyIDczOSAx
MzYgNzM5IDEzNiA3MjUgOTIgNzI1IF0KICAgL1JlY3QgWyA5MiA3MjUgMTM2IDczOSBdCiAgIC9B
IDw8CiAgICAgIC9UeXBlIC9BY3Rpb24KICAgICAgL1MgL1VSSQogICAgICAvVVJJICgvKQogICA+
PgogICAvQlMgPDwgL1cgMCA+Pj4+CmVuZG9iagoyMSAwIG9iago8PCAvVHlwZSAvQW5ub3QKICAg
L1N1YnR5cGUgL0xpbmsKICAgL1N0cnVjdFBhcmVudCA0CiAgIC9RdWFkUG9pbnRzIFsgOTIgNzM5
IDkyIDczOSA5MiA3MjUgOTIgNzI1IF0KICAgL1JlY3QgWyA5MiA3MjUgOTIgNzM5IF0KICAgL0Eg
PDwKICAgICAgL1R5cGUgL0FjdGlvbgogICAgICAvUyAvVVJJCiAgICAgIC9VUkkgKC8pCiAgID4+
CiAgIC9CUyA8PCAvVyAwID4+Pj4KZW5kb2JqCjIyIDAgb2JqCjw8IC9UeXBlIC9Bbm5vdAogICAv
U3VidHlwZSAvTGluawogICAvU3RydWN0UGFyZW50IDUKICAgL1F1YWRQb2ludHMgWyA5MiA3MjUg
MTQyIDcyNSAxNDIgNzExIDkyIDcxMSBdCiAgIC9SZWN0IFsgOTIgNzExIDE0MiA3MjUgXQogICAv
QSA8PAogICAgICAvVHlwZSAvQWN0aW9uCiAgICAgIC9TIC9VUkkKICAgICAgL1VSSSAoL2FjY291
bnRzL2xvZ2luLykKICAgPj4KICAgL0JTIDw8IC9XIDAgPj4+PgplbmRvYmoKMjMgMCBvYmoKPDwg
L1R5cGUgL0Fubm90CiAgIC9TdWJ0eXBlIC9MaW5rCiAgIC9TdHJ1Y3RQYXJlbnQgNgogICAvUXVh
ZFBvaW50cyBbIDkyIDcyNSA5MiA3MjUgOTIgNzExIDkyIDcxMSBdCiAgIC9SZWN0IFsgOTIgNzEx
IDkyIDcyNSBdCiAgIC9BIDw8CiAgICAgIC9UeXBlIC9BY3Rpb24KICAgICAgL1MgL1VSSQogICAg
ICAvVVJJICgvYWNjb3VudHMvbG9naW4vKQogICA+PgogICAvQlMgPDwgL1cgMCA+Pj4+CmVuZG9i
agoyNCAwIG9iago8PCAvVHlwZSAvQW5ub3QKICAgL1N1YnR5cGUgL0xpbmsKICAgL1N0cnVjdFBh
cmVudCA3CiAgIC9RdWFkUG9pbnRzIFsgNjIgNjk5IDEzOCA2OTkgMTM4IDY4NSA2MiA2ODUgXQog
ICAvUmVjdCBbIDYyIDY4NSAxMzggNjk5IF0KICAgL0EgPDwKICAgICAgL1R5cGUgL0FjdGlvbgog
ICAgICAvUyAvVVJJCiAgICAgIC9VUkkgKCMpCiAgID4+CiAgIC9CUyA8PCAvVyAwID4+Pj4KZW5k
b2JqCjI1IDAgb2JqClsKICAzIDAgUgogIDQgMCBSCiAgNSAwIFIKICA2IDAgUgogIDcgMCBSCiAg
OCAwIFIKICA5IDAgUgogIDEwIDAgUgpdCmVuZG9iagoyIDAgb2JqCjw8IC9UeXBlIC9QYWdlICUg
MQogICAvUGFyZW50IDEgMCBSCiAgIC9NZWRpYUJveCBbIDAgMCA1OTUgODQxIF0KICAgL0NvbnRl
bnRzIDEyIDAgUgogICAvR3JvdXAgPDwKICAgICAgL1R5cGUgL0dyb3VwCiAgICAgIC9TIC9UcmFu
c3BhcmVuY3kKICAgICAgL0kgdHJ1ZQogICAgICAvQ1MgL0RldmljZVJHQgogICA+PgogICAvUmVz
b3VyY2VzIDExIDAgUgogICAvU3RydWN0UGFyZW50cyA4CiAgIC9Bbm5vdHMgWyAxNyAwIFIgMTgg
MCBSIDE5IDAgUiAyMCAwIFIgMjEgMCBSIDIyIDAgUiAyMyAwIFIgMjQgMCBSIF0KPj4KZW5kb2Jq
CjE2IDAgb2JqCjw8IC9MZW5ndGggMjcgMCBSCiAgIC9GaWx0ZXIgL0ZsYXRlRGVjb2RlCiAgIC9U
eXBlIC9YT2JqZWN0CiAgIC9TdWJ0eXBlIC9Gb3JtCiAgIC9CQm94IFsgMCAwIDU5NSA4NDEgXQog
ICAvR3JvdXAgPDwKICAgICAgL1R5cGUgL0dyb3VwCiAgICAgIC9TIC9UcmFuc3BhcmVuY3kKICAg
ICAgL0kgdHJ1ZQogICAgICAvQ1MgL0RldmljZVJHQgogICA+PgogICAvUmVzb3VyY2VzIDI2IDAg
Ugo+PgpzdHJlYW0KeJxVTcsKwjAQvO9XzFEPSfMwTXsVRBA8VHMTDzHSYrFCK8Xfd4N6cJZ9zbCz
IylwyNpmYOpQRIXuSetA2mQJgntppHGovLSutt4hDFS0QgkFjdDS4nFLcYrdHNN8icvQ0yb8Gx+2
PJcZHi+Wdpw9nc7MKlxJK+wxslk++tQ00PdrJb2xGKCdkSv72+84oqGG3j6QKbcKZW5kc3RyZWFt
CmVuZG9iagoyNyAwIG9iagogICAxNDkKZW5kb2JqCjI2IDAgb2JqCjw8CiAgIC9FeHRHU3RhdGUg
PDwKICAgICAgL2EwIDw8IC9DQSAxIC9jYSAxID4+CiAgID4+CiAgIC9Gb250IDw8CiAgICAgIC9m
LTAtMCAxNCAwIFIKICAgPj4KPj4KZW5kb2JqCjI4IDAgb2JqCjw8IC9MZW5ndGggMjkgMCBSCiAg
IC9GaWx0ZXIgL0ZsYXRlRGVjb2RlCiAgIC9MZW5ndGgxIDkxNjgKPj4Kc3RyZWFtCnic3Xl7fBRV
tu7etWr3+1HVj3S6k06600kaQidpOoQQCVgCyksQgfEAGmlCDNAROgzKIzEk6oAogfAMiIxEZeIM
PogMMlEQwkxE0WEYrzjqUWdU4oM5MTNzL/JjYlI5q6o7wLkzc373v3t/t3eqq/au17fW/ta31u4Q
SggxkEYCxLd4+aKaTy1PNxOSeg8h3ILFqx/wNRe9cJkQTwchdFdVzZLl3zT+rYuQ9Nvxrs1L7l9X
tf4P+tV4/CIhrval9y2qFHdPPoLnP8Kx0UtxwOYz/o4Qr4D97KXLH1h7+CkTnveOwn7T/fHFiwjd
+Sn2O7G/bfmitTX8w6yIkIxZ2PfV/Pi+mgfXaa5gv4YQdi/hSJXcwlexg4hWSzySiX+LaN6iOlbO
8aSw60LPSCJc6LnQE7aLfjHHL/qreNK/CtL6v5JbtJar//PHmuGEkpWEaB5nH5A0cq9U4GrUW41a
gLiZVbidItC4fr2dOEzZBo8mW2ezZKcYRIEn2ak6kfOnC5d7It2RC8qXoP6NJIVlvb2uyJUy/BJ6
w5Le563xNnpPeXlaXlRcJAaK/c4Aoknsi5x+HPPjfuXJk9zkk6BRvk8OvHayv+9kjJHq6oF+jq+u
/oHEYtwjA+tjOA1k1eBFjZf9lRiJj4QkG1lh0qxIXWaK+sGSprfYcvyISjW9+3IPQji2MCue1ZoF
tDwnYhMFLpDFiYLNlZUbzOWKR9lKxtMiHxEdnNZCYcr3fX3fX+nru7J3cFHN8uU1Ff376K102wo8
mEnvpNPodHqnfFh+VT4mH66uXFRD0199lXprKhbLd8nP/VL+Il6xGCcKferA+ZmAPrWSOilNz4wQ
11aYaZwYrDreqrFk60wiydZwgnChq7u/q1voFXrRdb2Ry3JZVyRMp7fr5857gwhEwmcJRBjsHCOW
jJl/JFOk5XjSOHd6u2nu3coVg52JK4ikXiEZC8Wo2Cy2iqdEVq46d8jd6GT62Cl5ah0rqJOnnorx
ly/RqNx66QdTLIEZecCKELOLzJbynHbrw2Kj+WGjVt8IcVZB4/ZG43oimKwWnVXjsKYgB2wG5EDq
EAeUpsx/T0/P5Z7+LqFb7ha6wkfD7jvc3LW5Vzd/8ljZ47zzR+oGZtNLdXWyiztZp8y6fPQ92XRc
Fo4PNL8nHx3ClonYzCQseYx6rQJJ34gORVIarCYEo/DRglgUKEK34szeK70RRHAD6xLvQ4Zxh9T3
VP8g9smbFU4pMVCixkA22SRNMRr0YNIJwINW4HmYoeNJOvDpceOjAXvcWSGa+bhVo3UHvEYd77Pw
DNwpxGfRMLcl2+SzuB1CdrpJtPlzhnwjdAudnaKttFQstZWKNhfu1UiJRBCj3GsrVVp4+px5WoF9
p2yiq3R+Fs2gLjuGCBTQETQZK2hJJMXp0OT4I6OLR+UG/PDBbfcN+/gYTuTEmoo/vT9wEA38/t+/
e2mglgb3bNu2R/6Y+8p+92z51hj95Ik7B47GFMN/f2rfK7nNLS1b0fZB1DP2CdrOERt5SbqTVDIN
4yopp9Ewm8gJlRpmVYcEwml1WirotBbcjCbOLOh02hmcxhJHXuiAj2sqDCAKVovZqNPiDZSY7Xqw
Cxd+i+Yo9nb3uNAZ1y11RbRormKxTrVaqw4lO/OzjgyzUVoupViJlVotVis/jA3TDDMPs4TEETZN
OSmnfj0tLqLYFN+AH5Di+7hsuXdgyqOc4+ecc+fAF231A031Bzkvd+YHb4xV9+2OxegUuSPJ+UrU
kja03U5qpHxB0Gg1WsEqWGcIWooWxQ2sQqRxC9Fna23ZgjFbazUj1QQr53ckqdaNU6uw7UyvonmR
iFiatI7/TtnQCJ9TMcLCtDTsvMNZ42x0HnAyBJ/kJU2SM6DMcOXZs7QBGt7mTGfX9U86q0zVD1V8
YXV13zr+zz/8NDYUp1wHYjaSEslh0MR1FTyJc3qaTUQtZDO/SbjcHelXtbgnggQMS+aweZY5aq4x
N5oPmDUohNe45AzQPkVulaCIqdSoVt+BGssOosZ6yRgpzbOCgNBgrXSsMC2DaIZoteZ6g8Rl0edk
qFJ7OSm2/T3Cmd7wUSEznokRTzV8ICGyAvFHeJcYKKAJ7S2KjC5hByfIZ3t39KHM0h10ai11HFiZ
86ezf7ly5S/PfxSmm9/7UJFX71F6D31BukX++Ykj8kvyr+QO+aUDTyfx/QbxZZDJUpZJ1JvjVv0K
B2nwVsIKzzJHNJNYvRaT6M0VNBZXTqYCE3VWEdkk0N4/9CpTdcznC/vu8GFyoIjOh+iIgg6lwi8i
fkwMSfAsM/DHM7IsU4288nfl8je0e4N87rD8sryM7qXzG6m4j3cd/6V8VG5HlC+PGUMfrh54f8YM
+jxdSCvoz8aWyU8rfo0i3ypw7txkhZRj0rjtRL8hBeUESNzKVaREPTiBqCFWIdtGs5lI/B6FZ4hd
ZRliL+tR8ipCR/BHM9OiaZyaEWyYEexqRvCoOcNDPMmccXRbWmsaV04TLBNS0Dz3UIf40UCaeYqb
cur4V18dP0WvnpT75DPYvmex6ur+fvnLL7+kGYAZuP9b+QX5a5pO56j8qBq8yHv5SfieYslDnnQ1
g3mPabfYrG+CaJol3+QhDo8mL03x+28Tubhf8brcHT4ST8d4oBbkAilWvJ2SZIbG6VDAlfDe4B/b
v8V3eb697+37qp1bHt29d0/Lmq0eevOhI7RIJoN0ZGFY/mtT4zdff/3tQ/VE0W8Fz12Ix4EKPlPK
4HTOWqJ7kjWbUpvJU7YmUzRdp3d6SBr1WPPUqgWz1W8TsBRUAkpwWLL5vJK3wQvnyXl6njvvPJ/G
yhGqPwmsKIF5FGImWhWxlr+r/5tnn173VOau0HenL8lf0ZQv/0a5C5rtmxp2CBzRffhJQ/3hdgTd
T0fJH77y+hsnXyPX8F7UOBCvn9wh5abwghOIe5c5c5dWrLWvJLXaqLmJs4WcAgRpiBSnewx5WYj7
cnd/WZmiNz3dKouRCi5kgqQnASHQEGgP8MnoVrAq5U3Cv8V+UJLFkI/5onZ57+jn67r+fvXNuudH
v0yrOnY2bd2+fWvTzlisrXIhLenro6MXVnLDYz+8u+zUO59/9umXZ9V5n0YIvI9+TiW7pSyd3s4o
sdaKhKU0mfW14n6jQcflEyFk0wVNIUvYjUqECRDzX5eakCPymTOI+YyI+S8sjcGyhQqcAAIvMMEp
pAguIbXQIxGJSpwEEi+xSU4pRXJJqU58Nadc7KM+TlOuUt6pVEhutf5xY0vUP3SIS9fTpRMLvEgK
vB9jM6dv2v7BwLm2drp09KHa/MX8cPnKHTNPtMueWAzmLnsjXm1J1gLsMsaojjjJOMlt0sYtFQYS
12up00p4i82sR6U1+lOSGUCNxetaqw+77nA1ug641JlICEiAJqAkerTvdRqgJfI78qevy2tQemfT
R+hheZbcEKO309HYpvS1qGXQavkZuVV+IMmXGPrdiNXZCMlOmk2aZoXWqeBxTtIjqZUy7HIy0LDo
Pepzx5WyKydRJagT7xoir9NBuKW79uzZtWvP3p1KpLkvXaJu+Zvb/tzdfelSd/efFyNjZRqRf4eC
d06d9xJ8/yd8EP38oJTlEjUms4PboE8111rJfn2UJyEXC0KI3mQJCUFToSpaClUVpuKuByUrktAs
tXr9ZzLVkNauyFRyXj3qvHqUyxLz6heHWJ1brBaPKpHxkPuAzntZ3lf0bPUrz7fRhQtrGze28sH+
ibETsfjZD7nS6oHdv9524pf04hB/tfeiH8PkF9ItPo/dzGtGENB6hQ0QrB2+P8ef6jAybW0BNAVS
9MRtN4wzZYV8upApqLnZNc4ddIbsNw8L5fmC2aHc8MgEvdFQzClqIYAlnlLnYCGAyx+5V7HaVepC
rhtvjiyMxCPbIu0Rdp29I1UrR2JLVu/2QkOhsdBVmHrecN543nU+tTOiL6cqgYcYnZjNf9a5xnU+
p/hnK54/2CZzrdF43cOtsi655xTqFz1d+VAbzHtwzfn3Bs7gsirnuSdeP6KEABc68FjiSAmGWE1d
wl98L/rLi/VRgdbs8PBAXRsMUMv2p9ksQGsNTQIRx9nTQxpryB4038SHPJogCXHhjKRzrlVI6rqw
X1EsrH/DxwozGzLbM+G6MzJUZ2RgSzij6EaT/sHguaopz93f3nZQ5g9E1+Gsx2B29Rv3r3jnD6pZ
5DfbMR97knXe2MGLEGQrMXqWSl6XgQjmZgevI7Uabr8jmqoVRBrSI4NJIcZRmSJZvy1VYwmPuwS5
S0ww16zgTFWZm0pSk8yVnEzLdE6tU5erzdUVuhvcze4DbkO5PYB4lfVXkquJ/JFb/Nmzz75GF8ht
o26bMoHbrNu6/cBP4EQ1nSYfqx4of+z2Hy3cvnHLL5I1GBxB3w8nH0u3oJpn+8ebjBmZnNc33mgy
zjCafH4+hT5DWllzMOUZZ6sHFSEYzfMZTX6vzpXv9I636oLO27K5fCu5NU+43IU1UCJl2BKSpWiF
skS+oiSRRNVqUVYeWkti/XHEN0IpXecFM4O+oD+YFQwsMCwwLjAtMC/IXOBb4F+QNS+wMXOjb6N/
Y9bGQEtmi6/F35LVEmjLbPO1+duy2gJeaUTDiMOOw87DKYddh1MPu085TjlPpZxynUo95bZgEVxS
XJRBi1SRKsQKrHjUaCVhOa8VBJm4BsLVDvptVYzf8sRDjyx8csPjdX94Y+7ri2P8pgcfWLPgsR17
Nnzz7pKusVfXrC6ff9tdI/NDP6na0RbK+3bJA7NnT7wzL79wS3zPS6EED04PXqTvkl7U0TFHzRpC
TMKF/i4sne6cd9SA+ZovKxPKyuaPJEdhkT6KhXRP4hyjYNQmzoVLVIwJUKdvLy2ZObOk9PalY2bO
HFMyc8ZQ/nCr+cNNJkp+Enc+quYQlyGRQ/jUQDKNpCh5xHNtkfj1UCrpTSwLw0cWpim10tBSL5lF
IrzTwQfU9Xwf1e3ev3+3fFXNI7/+HKvTvs/lt77hrj6z98nWRBa5eLqze+Cz2PW6YzNyykCGkfVS
YZrf6Ma1G61179Q12/1bA1symnOb7FFTrYVzM+LPzzKHPFYSNDJPVkrecJVDPZFId4JDCtJuuffK
1yqFEovbsJQt5MXz1g7rzONrh3XSTq4Tuvgu1qXpcnaldLk6UzvdnR6zksKLr9Uj9hvEHb3rT6Qs
baA4kboLv3t846YHVm3pOCgfHNda/crvez+m3M4NKx4RFkZfveuzb+jML1bXxh/ZSk8M/I/Yqmm3
nWj92bGp6zZUVnw4fPgnCbvHynfxHWi3iQTIj6QQJaIXzPwuDyawrIxan2GXo8kT9T1i3Z+dGSJa
j6vYbwl5BRI0h7OV6cH5uaz+qiD09KgJNnKt9DrakNOeoxThCVMS0INDwmVzOjhlFZSQL3pwZ9OW
7du3NO3seIUuUwqwq1e7lAJs4NIr3JRlnWe//PSzz995tRpLMPmdvj757MJKOQ1XZJyiw1yUXUTe
OslUyQV6W61jv4DTREBjxuxkt4bEcEpi4afU21iN9GOFGz7S7KLXJTZFldgUbAmJtd9AZfu1JPLW
xMKCiRMKCyf+x8sDf25HmWUrCyZNKiicMOGHYTFFZBU9RTyzsX7VE0myaWp1K3lSy2GhGtRCiIUN
CSBJGAjCeAMIgwrCgC0B4vpilB5UHIGeUVaiEjKWDvZh/mnAusNCOqRSg57THTBbzNoDGq0Fd+N1
WnwSzzjNeErJDC0x6ZiSkmA/sZj1Oq2Gp0RvNXLWa79A9CvLJ/HG3x/UHxsSPzi4Iih5OoMieVM0
2hRtUOvTztEu1q7WanU6nT6NT2NOvdOQQ/L4PJanzzPkWcaQsDCFTDZPtvwbmWdZQpZaVvOr2RrN
Wt1a/VrDWnM6Spw/sdrSJ3aU9snr1tFLh+gIOuIAbV4jr0P1rx7I4T7BRdYktJkW0fdgA+/HuRZe
1YNJo4iUslbB6aQ3TBgtemn9Qy+8WF//Itf30AsvPFT/4ovJGJdL+YvI9UwSIlVSUYhYqV1I98Fw
Uusdvsuue1prauYDu9wY5/xPvfvz9fnajJAv3RokxbkebUlKXr6Sui8n4vw65f/4dZLzGPk2dclR
IBQ0FLQXYKFLRRVSMKnm4+iNyw80m96w+Cjmi/ovLeucF7VtrH92z/VVCF0q7x1ahcCJ/ru/+ntu
7p+WRn/V1Xx9QdJWLTcllyOdibhGPetIrqMmSzl+JuI6KmOXLnWXhdYCrqMsUV2TLc1jLLZzIaeI
TApnXQvof1hGHWnA+SkvUevLG6MXCUpviG5nz3+JXnkPXTYU1wpvB5ZfD9+2GH0wGdanEhkIiPIf
BhPhuZm4zyACjlhIA65q59BFdC1dT3dwZ7hPfbm+sO8m34v+rMFB5bd/0kpn0yier0+et+P50mvn
//VHKak+pfvofvo0ttZkO4Ptbfq2ev5ff9z/7ZOHPjrcjMRGmGoXh4GtfDC5ojoAVvBYcuPGE/O/
uD+NZKEHBGLFYz9uXnU0A5UuhdhJOh6LWG65cI4z/4/w/P/+8f2zQWogq9D3HeRdbO/j0e0khpXI
Y6QVj78ider4aV6nNBz5mCnXvk866HC8jlMaLSRKRJ3E5xThua/w+irst5IK9XwfnFPbPjjHrSEc
zMKjWeodraQDxvI8nEts6l3vknHkdXJIOWbnSAteN5t8iG0CPn0aOUE+po+Sg/QDUk+2kFW8YoCX
GrBmimGrYB+o7a/kHvXNyliMfYBR3kpiaOcJfPrBxDgdTmdDFKroPLSQo4dgCo5uIDE+ii2otkmq
fQkbOK4O35+0l5zj7uGG80F6CN+jvOMcPv8QGYd4qxDpFNw4BT9cIq1gQoRudppM007TmKhGW0/m
4tk6KKL7NF4SJfUwF58wE8e2kJn0Q3wL0vWYhvHAURLyCe1cztTKdunOeb635/vzQ/9b1ydofe1k
Vrt5na9jcHDWPMw089tZejvk6Nr5nMAX/+rkF/mh6bPm+drP3jop+dRbo5NwbM48PFR6OIzjt07K
T8Q5d2/H3XvebVpoLfueZOpU3rz/8cy/De3//tHATcJHus9JIqYTyoDf2uUyxqTo/ftH/TXCR/+g
GAEePcZtxpDvIys1zWQVu4s42IdkJZuFfQ3u3xq8jBJQiRlopSaTrNJU4naSRPk6UsWfIFUsk1TB
+2SaBhnLv4f9ICnRtpBpuJ8GJWQsn0ZW4fNPswo8/6Z6/ViumUzDbSy/YbCP76BFyjOU8SSmScnt
MhqwFw2/HbdvCUF+EGQEYZLyGw8inofbVbSwHU1ei4KFdus7CDHUoKTNxQ3vMS0lxBwmxBIlxDoM
t0/RF9gXdxFiw70dx+x4nQPvd6DvnBcISXEQFCzlf8CqtwKcnowge4kSeQJ5UtFD3kj/F/b5Dq5R
+vwtGc7Y4c2ubPZmJbwp8V3Z8Bsz/Pp0kP26Ek4HobMcTtXDCSMcN8LrrznY6xF4zQEdEfiVDMdk
eFWGX8pwRIZX2iezV/qgfTIcluHlenhJhhct8MIhE3vBAYdM8IsI/LwSns+AgxF47tlK9pwMz1bC
My0W9kwOtK41sNYcODAdnhbgpwWwf1MG2y/DU/sE9pQX9gnw5F4LezIH9uJ1ey2wV+L34I17HLCn
kW+xQIvE786BXT8Js10y7NxhZztzYMd2M9thhx0dVJL0/PZtBrbdDNs7KJGm8tsMsK2Tb47Xs+bj
sPVhI9sqwlaJ34JHW26Cps3HWZMMm58oZ5uPw+ZG/onHc9gT5fCExD+OuB7PgU2PiWxTBmzqGOyU
BvnHRNiAr95QCT8Jw6Mp8EgLPGyExspK1ihDw/0Ca3DD+noLWx+Begs8VGdlD9mhzgq1LbBOhLUG
WLPax9b0weoH09lqHzyYDg/gTQ9kwCoZfizDyhozWylDjRlqJD5eDyuWj2crqmH5eLi/2sTuF+D+
Rr7aBNUSH8NXxvpg2dLjbJkMS5eUs6XHYWkjv6Qqhy0phyUSX5UD9+FF9/VBZSUsdkKFDItkiC4s
YFEZFhbAvTKUy3DPdLi7HhbIMH8SzJPh32S46zj8SIY5lTDbAXdGYNYdVjarHu6wwsxbpAlwuxGm
VcLULB2b2gJTIjAZBDbZDrfZ4FbOwG51w6SJdjapGiZOENhEO0y4xcgmCHCLpGe3GEHSg6T4cQ5/
cwuM5/PZ+BkwrszBxk2HsrEGVuaAMokfa4CbSm3spnIoHSOyUhuMEaHEDKNlKB7lYMUyjCqys1EO
KIoYWJEdIiP1LGKASGJ+RuohXJjKwpOgsMDJClOhsJMvyDCwAicUNPL5+kqW3wKhEQ4Wmg4j0IgR
Dhgh8XkIPQ9lY1iYDb8FhiGwYWEI4i4oQ+5NkGNOZTnlkB2wsew5EMDbAjYISHyWDvy+VOYvB1+m
yHyp4OvkM/FlmSJkNvIZBsiQeG8A0q2Qlg0ed5h55oAbn+oOQ6oMLnypS4YUAZwOB3NWg8NuZw4H
OCTebgcbXmc7DiK6V5RBwJ0wAayI39oCFjxnkcGMDzCnglniTTIYsWOUxlSDAa8x1IO+EnRakekc
oBVBwyJMUw8M72MR4PFhfD7gQzkD0DlAZKAdtHLDFjri/9kP+b8N4L/9YNb6T0ZkRzcKZW5kc3Ry
ZWFtCmVuZG9iagoyOSAwIG9iagogICA2NDQyCmVuZG9iagozMCAwIG9iago8PCAvTGVuZ3RoIDMx
IDAgUgogICAvRmlsdGVyIC9GbGF0ZURlY29kZQo+PgpzdHJlYW0KeJxdUstuwjAQvPsrfKQHlGCS
dZEipIpeOPShpv2AYG9opOJEJhz4+3o9iEo9JB6PZ3dn7S12++d9GGZdvMfRtTzrfgg+8nm8RMf6
wMchqJXRfnDzbZf/7tRNqkjB7fU882kf+lE1jS4+0uF5jle9ePLjgR+U1rp4i57jEI568bVrQbWX
afrhE4dZl2q71Z77lO6lm167E+siBy/3Pp0P83WZwv4Un9eJtcn7FSy50fN56hzHLhxZNWW51U3f
bxUH/+9sXSHk0LvvLqrGiLQs06Ka6jHjtCTcA6ckTV1lnJbE1+BrwQ7YicZAY4RfgV8JZmAWvAHe
CF4DrwVbYCt5kL+W/AQNiYbAU+bhh8SPRV2b64KvhCf4J/FvEWtzrAfvBcMbiTeLWJtzoq6VugYa
I5oad1XLXRF6JOnRgreZR48kPRLuh+R+LEFDCW/EjymNeCb0TtI7oZe0yMPdXkieUGbtPhvuEmMa
izyQeR5kEobA95mdxkmi8vcLQZa+ggplbmRzdHJlYW0KZW5kb2JqCjMxIDAgb2JqCiAgIDM4Mgpl
bmRvYmoKMzIgMCBvYmoKPDwgL1R5cGUgL0ZvbnREZXNjcmlwdG9yCiAgIC9Gb250TmFtZSAvUVBQ
QktYK0RlamFWdVNlcmlmCiAgIC9Gb250RmFtaWx5IChEZWphVnUgU2VyaWYpCiAgIC9GbGFncyAz
MgogICAvRm9udEJCb3ggWyAtNzY5IC0zNDYgMjEwNSAxMTA5IF0KICAgL0l0YWxpY0FuZ2xlIDAK
ICAgL0FzY2VudCA5MjgKICAgL0Rlc2NlbnQgLTIzNQogICAvQ2FwSGVpZ2h0IDExMDkKICAgL1N0
ZW1WIDgwCiAgIC9TdGVtSCA4MAogICAvRm9udEZpbGUyIDI4IDAgUgo+PgplbmRvYmoKMTQgMCBv
YmoKPDwgL1R5cGUgL0ZvbnQKICAgL1N1YnR5cGUgL1RydWVUeXBlCiAgIC9CYXNlRm9udCAvUVBQ
QktYK0RlamFWdVNlcmlmCiAgIC9GaXJzdENoYXIgMzIKICAgL0xhc3RDaGFyIDE0OQogICAvRm9u
dERlc2NyaXB0b3IgMzIgMCBSCiAgIC9FbmNvZGluZyAvV2luQW5zaUVuY29kaW5nCiAgIC9XaWR0
aHMgWyAzMTcgMCAwIDAgMCAwIDAgMCAwIDAgMCAwIDAgMCAzMTcgMCAwIDAgMCAwIDAgMCAwIDAg
MCAwIDAgMCAwIDAgMCAwIDAgNzIyIDAgNzY1IDgwMSA3MjkgMCA3OTggODcyIDM5NSAwIDAgNjY0
IDAgODc1IDgxOSA2NzIgMCA3NTIgMCA2NjYgODQyIDAgMCAwIDAgMCAwIDAgMCAwIDAgMCA1OTYg
NjQwIDU2MCA2NDAgNTkxIDAgNjQwIDAgMzE5IDAgMCAzMTkgOTQ4IDY0NCA2MDIgNjQwIDAgNDc4
IDUxMyA0MDEgNjQ0IDU2NCAwIDAgMCAwIDAgMCAwIDAgMCAwIDAgMCAwIDAgMCAwIDAgMCAwIDAg
MCAwIDAgMCAwIDAgMCAwIDAgMCA1ODkgXQogICAgL1RvVW5pY29kZSAzMCAwIFIKPj4KZW5kb2Jq
CjMzIDAgb2JqCjw8IC9MZW5ndGggMzQgMCBSCiAgIC9GaWx0ZXIgL0ZsYXRlRGVjb2RlCiAgIC9M
ZW5ndGgxIDc4NjAKPj4Kc3RyZWFtCnic1Vl7fBRVlr63Tt1+VVd39TvppNOvvB8kdGhCQiSF8lKQ
hyCTKNEIGDEBSUSQBmMSQSGgRhEhQQwYEUxEyaCia8SgZnzsoIwrrOPg6IyGmZ01Ms4sMzuDSWVP
VSfMOqP7+GN/u1v3V3Xr3lt165x7vvOdc7sJJYSYSBMBEli26qa6s488PkSIYz4h3HXL1t0RuO/L
p1sJcR0mhB6orrtl1a+3/q6fEA+Ok+23rIxV37X1mmN4j+P2Aytuvmm5VZj5NI5/gn0TV2CH9Rkj
3ic4sZ26YtUd6+8rNFRhexK2V65cvewmQn47gO0D2K5bddP6Or6d30BIovp8oO72m+t2LH64BNsT
CGGNhCPVyi6+mh1AafXEK5v5U0R3ihrYKo4n+f2nB8cT6fTg6cEChy1oSwvagtU8GVoDSUPnlF16
y59+f7sui1CC32c97AzxkB/I48SdgusRh7DOutOmf8S4A9bZHmRrHDvoOiKZ7ZYsg13ntLt5kmk3
hblQgnRhMDIQUT+BN+NJ/iDWg0OD0sB5CS8FL8xPXJ3I0crCaKEtHA1qZ3D0Xq2r+vrYlG3D99Mt
LS1KjNvSEuO/iCn7P1KCrw0PvTZ84CNlP8o3A9f+I52TGMl42a7rNDTxpJOjUSLpIcqmmqQLA5Gh
AfXjkaHBAlnwC/lCldAq9AiMVqYVukY/yJW1Da/evZv+ORaLsfB6nHfRyBf8Jn4a8ZKI7CGeFhBt
LWZjB9QlWQrNXuKcooskoYKnT2rrODDUP9QvKf0FR63JlFZSCw0HiE0iwYjbYwuPo+GQzuV0F0Ym
FvGb0r/8e2VAeYdOoPbVn6+tk+6+fWfDhm21zRY659jzNJ0K1EAzs7OVj7dseudff3eqaT1al1Pl
YTzKI6Al8mQHaTHrWuwd5roEmOKabJxijajLfSEuy6B0vuCYlCgnViUCahmZaJPS4xJ44lJpV+5w
3fXX1dcvWVKv/Fp5nZbRROqlU5TXF52gqH/f64ryRj3NoTqqp1nKR8qflYvKGRQFx8pxbfJQlixq
k6+wiJzVvCAYMJo4g7AgEAxkC+ZAkHfTZ5n7WS9rIYczvC2uw/aOjLrsgBA0mH2cp9DFFRLDPFeq
bx6xRrKlC/2Dp/tRaum8zV5sKy4u1tQYGJR+dV4akAZsnuKC2QvL9ZLlK7zVa9eKkCwKRsEkCIJZ
EAWLjlTKTY05+3L6ciDLmGXKEnLNuWKWZWJ4erjCWGGqECrMFWKFpcJfEagIVoQqwjXGGlONUGOu
EWssNf6aQE2wJlQT3mbcZtombDNvE7dZtgW2BbeFtoXbje2mdqHd3C62W9oD7cH2UHu4y9hl6hK6
zF1il6Ur0BXsCnWFSytpZZGtMIWioaMT0vPpOBqdMLHwWxjw0xTqcvLBUHpVvWVX88o1V96646md
X1+84UxzvbGlaeVqeeHDH+xXRpTfLfvUT7PubJg9Q57hTctqv+fZLn9QubDqtumXT5ziSovu3f7C
Mylxe4wf+QKeZvWIjBtkn8ckGUgnz0n7xBZnnY47lCDpbdTIJCCTECOlg5GTp/tP4gIPRi4MDUj9
5yO44AV0do+waHaPadH15cdJApFx1gSSMHJikq1oUsWxeYk3JjYmQqUjjO6C3ukK2uJoLkSgh9Kj
P96zhy6lGcrHuSXyFO5R4+Mnzu6F52L0KuVYbHjt9mmLr9vf3PLSJRyvQH81kyCZI6dRYvOZ+ANe
0wFnSmegSex01nk7rP6oTyKSJSqW6qd4IiEV2QNDpaWaHw+oFKIiBWFSXHCsLNwYPhJGmONSp19y
M6Z6tiqbCvS4AaJBWF11620V1626tYou3a3o89rrPleGKXxe157XRi/Sz2595eCRc+d6Dh6ObVm4
gOZShtjPXrCQDq2Py82/gpjXk2RysxzSATFJpNOgrbLhILR4O5x1PslGphiKjboyT8Snsp/KD3GP
HJSUAek8gtteXCCHqlIaU/alnErh+0ifrk/fZ+gz9plOkVO6U/pThlPGUyYzIolq+vgoC45SR6GO
D4/5L0Tn3nD9PO7scNpd29Y86DyYM0J+pQwqHyPkROQPL1f+D10H37TfaXj/pQ13vNhNw0hJSCvK
uypeJhPCz0FdEsi1chpx2wxGB2XWTht7wt0hGjtthwTTBAN6qHSF3SCZo5apiUijyOWnkbbRBOfP
RxQ0gNSPrqrpI/q9+d4y7zzvjd5Grw4lH4O77RLBuqagU7j5OfW6+XPuuO/14Rm7Ozl+wjN3+Sv4
QuXNaxeefFFZEotBNHZ8da0RZRw5izJ+zGcQC2mQS0xGzrBZtIj6zTq9Bas5Bj2qwTMOdHMoJdl6
YjYwoJ0mOEQsotGg1/GUGK0CZ5VOn0SyQKGHSgc9iPQ4jzCNRyTDV/GTfeWJVISOZjKkblnM5XPY
bH42u56/nukqg1SVPmyMV5S+q2xZyy1txlU2b6etG5UtiPPYcBW3PxYbumYU3wTX1kcyyf3y+JR0
4pfcFpZO/Z2W9CcM7n2OloSkDtppqLNAwBLm3YUeLppi5SUSljxCJEvjwsFIZEDjQlXytwbOK2+p
6Imzo71YpcgCOdefXeIsc5W5yzxlCWWJxd552Y3ZphxXvjvf02huFBstjdZGf2OgMdgYElQ42cZ8
Ih1JafKou+jDUbRMgKfRS77Dr2hTdDMO3/bkkW+GX9nQVLMmof7Gk/XUR41Kx73Laq6ed81y7oHh
wdiWRfOPPPn80bLmjT9Ydi4UOj386ZmVN9+8fCXR/HwsLgvERSbLCdBttHc6D0nmTguZrROjZslh
jdqmuuPxWY2hWoT+RIvRnnxPlafV0+PBGO3QCNTl1KHc9BKcXq1bMG/16nkL6uim0cDNFi1YvRo7
b/tmrYYjMjISj5m6ans6YQQTAozlhzW+RNlYp2ajmJzrdepFD4VO5nnC1JFktyCM2CGJ2K5yJM/S
WaMOSZzBk6hXJ3FTU+IZzYXBATUqocil5897NF9QTaWyEfH7iZ+qbKRyKVJpikalKSRljErz/a3+
Hj+MZT1xvxhzlDiDYWOGqpJ8oOH5l9qG722efm3t8ntUpXbduOjD94bPxGJcdMutjz+jhGPaWucr
i9kM1MdMwqRezhnjVLHTGkJSRWrtsB4KPOqtS/VPIEiopUGLxq/ipFRVIU0jVR1pQEvPzkf+Qq9j
aqRqaqSS1FE1ZKOUVpbWmHYkja+kcdjE8ZQ2ppPKU2iyjLhmXNaNNasqKlbV3Kh0INfmtdV9QZny
zRd1bXkHhpe2cbOQe3vOnTsS517ljPINltMLFiqzYrF4jMtHW25HPkgkt8pht8QEs+MJg0eF0yFD
He2EhFluXuKiZIYYtUrCJC9qNqAGjXjMQO+PjOl0lCTRUQOpQU8NeF5NPS/xjqr3QmtSTxL3LZfR
0tK4onjLX9it6Mo0+9CLl5fXLmvmM4auiduHy4kNP/JWbcdhenZU9jIVb+gLPrI+jjeKWEPENcXh
Zur4Ntw0tPFXaHhTafev8Db0l+D334ab7fvg1sGRv4IbpsHDDd+FN0paVG5mX5MkUi7nmB1Oh4ka
BafTke0wC8RiJolrObbRfK+kNt0eg2i32oiJ6pLRJv3qdiCe4eUPXlCT5n5b8SVaflejZfZuRYiG
bRovoePrqSprMFqUao9jjFrWb/jtBiSksp4/KVXcmy3f9PycJr3a2rLuQX45vTwt7Tc/2fnlE8pv
e5SrLrS/Se0vPftiq+YnVYih8Si3mkOHZDtZa9attW9Uc2iPy+ixutQUOp7OX1BT6EuJs036duL8
7vqKivXqiUB9g07BJDkbE+c3yn9GX6IvfPozZZZy5c/W0lZ6J5aHlDqlBUu9yjsjX+jew71UIpkr
p5p1jkRidNtEHsg6K7fGXeeFTGbJNNulTDvNZGEyTgPxaUyE4955QQ1h0vtx28vGsqR9SUeS+pJ4
NL8WnFBMhGfiWEOTlvKvAel77sP3n32NM/QpP1WeVJ5S/pFhrB12Kb/57JfUxX2J90TpVn6Oe49r
NftuwXWag+uURfVyWTjEpQb9ZiHFz/kCfky2x/L7NnY3yXC3ee922Tdqub056DN47C7OTgwO1/hU
n4NYC+K5/cBYbj+a2qPhB6W3lMHvTuyPkhw1EG/Vpej8+lCmKVPINGeKmZZMf2YgM5gZygyXmEqE
EnOJWGIp8ZcESoIloZJwualcKDeXi+WWcn95oDxYHioP15pqhVpzrVhrqfXXBmqDtaHacLepW+g2
d4vdlm5/d6A72B3qDh83HReOm4+Lxy3H/ccDx4PHQ8fDZQU583P25/Tk8JXkb7P61GCE/66sPrWj
0ffTvsc6bzv8i7NHaQY1baJJbY2+/hd37l7x41/8pFd5R/lgh/KLWXTp0wfX3X7d8pyiSW+//Om/
5uYqx/a03lJdedOEogmfvP75lxENr4To9iBeDBhDJ8mJZv06yxoTWWfUU5eV8Gl20ZhJwkLIrcIk
Encrza+QzyMFLxzx9Hk4dZMbsdskDpc0TgFxIHP7t//zxz/9cvvwib4+TqE7aLdyrbI6hlnvTDqd
5lw8oG22m5TdyqNK4yiHwWfIYWr2m653E7up00D28S3JiU0Y1J2GQxZaSMQco6CXrFHicNmmYgZc
2t+P1NuPuYuaNkYwb9QSmYj934UWn0ZZPuIb494CY4EJuTe+tj6qbjbG4n7h6HYKPqszzJ4+fxYV
lD+8N1yyu6Pj87PXds5lprlz1jS3xIZ+rKUA9/7wJYdDzSXPKcX8Rxg7ksnv5CXWzZKVJJtFzrKZ
kOTEBM6zOZkkuze73Nh0z/G4rZLV4eRccyTJmu32SToBLBLRCy2Q5HGC1JloPwRP+5ITPG6Xw2I1
eA2ST0e8hkKd1+aTTverZtDSNDXrlAa1tFNSRlNlNVseTUA9kW/nn6NXw1cq/p0Ud7OXM9FgAQdx
gJM4wcUn8IkeUXJITpfL5U5zpDmjjqiz1FOaUJpY6i1NKk2ekTAjcaFjoXNxwuLEFKvT5cZVrGRa
+MqIejT8ltHRPNahVVxjwdY149fPrIcrrpg6P1NSxq/hbm6klqEHaGvz12uXul2f0quvmrksjY8i
SWzn1qrRmNLr+POwRldNgOS9yBGeAi9p+5zTJwvI7B4jhlWLFlb5kRNqmo5F1kxLMZnmllCPsv2A
rlrZSuLREYj6q5qZ8NxcrFOIhD0W0khG6EJ6E11P76Y7uLe4TwLpgYJASeBwMISZHSEBsp9eQ6tw
vGF03IHjxZfGv/9Q4+MndA/dSzuw7B8tb2F5h76D4/Afvk2I+mub4z95Rj08ml7fdyDa0Ku/+zDj
yaPXG3GHRoidiFovh6cVM1mJqL9B6nAnasNIph6J/wVp/q8dlv/xL3CEoxvVq8akf6QSqSHxfHkx
jiyhS7G1Ba+tpIpupG347FyyhFxG7iW/x/5m7X0/bcZyWJvvNex5LX6H/YdxFkIWkXrSTNq0b7zN
L+Gr+Y18NV1Kt9Pt2PNzdYzPw5KFzzbjuRHHlqr3tAxLFqkm00gW6cSeP+J4jOyhJvYezvwjmkZW
4Hfm4nmA6qgBZTlDLVw1VbGxhlel8Kn6YXSoIWtJDN87o5Wvsb2cxNgZnZP7I+o1C8d0fBU5h7PX
k3pqooVQyP0J352LPS2qVrSbcFCDkKvCkqGVaWQpznMQn4iRvdxSrpDPUJ/SZL+MnCXHNLmrycPY
voZ0a1cCQ+RDiNJqlF9dm0T2Olmsv4oGdRaar2/EtSI6H2nmqokfppE1qiMd0zEeOEpyA1IPl3bl
8h55QXngnYpgXu5fNQOSPtBD5veIscDLIyPzy/kkVtHDknsgzdDDp4V/+X2Dv8zLnT2/PNDzwfRp
o7NOr5qGfQvL8VZtYTf2T5+WRzRv5W54eecDL2bdaC39A/EbNGN/+PHcfxmr/zx/6AvLGaP6u7g6
GPdvvOo3KT50zkIcr7Oc+Ru/T+LfI9W6RFIFJjKDexdX+jOyiC0mi/hmUg5HyXjWhm0PtovIZP7g
yFmWTxapz6rPsA+wbiP5WKtnGXuYtOBZpbuI/W+TLbqvcd56UobvneMJvW70m9PwHEDhSkfPk6hc
Odron/DrO3E/MgetgeyiexWlv4MQw10E6QZP7DPiMyZ8XkCGNuM7IjKO+BC67CTU8QTupPFdG+pv
L1f/x9C0TeKMJIc8javCIT/JyE2Ez6GbsM2/zDXJA6cUeH82vKfASRO8a4F3IvB2L7zVCz+6CP27
4A0FXlfgRN9MdqIB+mbCawVwvAFeFaBXgVcU+DsFXrbCMRO86IIX0uF5Ezwv80d/6GU/9ELPES/r
SYEjXnhun8ieK4JnsXo2CIeL4BkBurtsrDsCXTboauKfHgeH9qSwQwocfMrODvrgKTsceDKHHeiF
J+/wsSdzoBOrzl54Yr+XPaHAfi/sE6Hj8V7WocDjeyvZ473weBO/97E0trcS9sr8YzjbY2mwp93G
9qTAnpdHTsgjfLsN2szQJvO7fbBLgEd3wU4RHkmEHQ8vZzsUeBg/8fByeKhVYA85oVWAVpl/8AGR
PeiEB0S4f7uJ3R+B7SbY5oOWrQ2sRYGt+MbWBrhPgHtTYDM2Nkdg0z0OtkmBe+qt7B4HNDWKrEmB
RhEaZf5ufOJuBRru8rMGBe7yw8YNvWyjAhtilWxDL2xo4mPr01isEmIyvz4N7iyCdfjGulpYi9Xa
i3CHD9YocDvOfLsC9Vaob+LrVo9jdQqsHge3KbBKgZUS1M6GGhOsUOAWE9wi89VBuLkBlisgP7Cs
Fpb2wk0NUKXADW6oFKysUoHrbVBR7mMVeVDugx9EYLEAixZ62aJdsNAL13hhwXw3W5AG8y0Sm++G
eVjN88Dcq5PZ3Aa4+kqRXZ0MV8v8HGsymzMeZuPw7Ahchf1XNcCVIsyaaWKzGmCmCWZMF9mMCEyf
ZmbTRZgeN8k0M1xxeQK7YhdcngBTZQub2gDyRCOTLSA38WWXZbGyXpiC1ZRKuAw/cVkWlE5OYKV2
mFxiZ5MToKTYxErsUGyCSUVWNqkBivDtIisUNfETjTBR5qMTElh0F0zIMbIJCVBo9LHCXRDJEllE
gfEWKDALrCAF8lOzWH4RjAua2LgUyMu1sbxdkIvv5NogV+ZzjJCdbmDZPsgSIUvmMzNsLHMXZGBf
hg0yZD7dAGk4RVovpDqCLDULwliFFQjhhKFdEAwYWNAEwSY+YICAzPtx1J8N8gsptjyWUgK+ICQ3
QJILvBFIjEACDico4HFnMU8tuLHlzgIXMzFXCjgTwIGL7AiCHd+1N4ANVbLlgYSrIylgxTFrMqbF
YGniRVROvAhmAcwyL1jBhI+aesHoA4PewQy9oHeADqfVOYGZgMk8D3bGe4Bv4oFaGdgBZJ7DO07B
NtAmnliAvkyX3/sAzfn/eZD/bQH+cvjIvwEq5oNpCmVuZHN0cmVhbQplbmRvYmoKMzQgMCBvYmoK
ICAgNTUzNwplbmRvYmoKMzUgMCBvYmoKPDwgL0xlbmd0aCAzNiAwIFIKICAgL0ZpbHRlciAvRmxh
dGVEZWNvZGUKPj4Kc3RyZWFtCnicXVK7bsMwDNz1FRzTIfDbagDBQJEuHvpA036AI1GpgVoWZGfw
31cUgxToYPNEHY8HUtmxf+7duEL2HmZ9whXs6EzAZb4GjXDGy+hEUYIZ9Xo7pb+eBi+yWHzalhWn
3tlZKAXZR7xc1rDB7snMZ3wQAJC9BYNhdBfYfR1PnDpdvf/BCd0Kueg6MGij3MvgX4cJIUvF+97E
+3Hd9rHsj/G5eYQynQu2pGeDix80hsFdUKg870BZ2wl05t9d2XDJ2ervIQhVN5Ga5zEI1eqEYxCq
zBOOIeYrzleELeMoriTnJeVlzbgmDuM2YdZvSV+WzCkJt4xb4hTMKQgfGB8itqxvU1/kPFIte5Pk
TbK+TP4fmfMYccW9KupVMb8ifsP8hvgN6zekX7PnOnlmby15k+wnBhrmbWo0Vtr/fV/6GkJcVXok
aUe0ndHh/R352VNV+n4B2raoPAplbmRzdHJlYW0KZW5kb2JqCjM2IDAgb2JqCiAgIDM0MgplbmRv
YmoKMzcgMCBvYmoKPDwgL1R5cGUgL0ZvbnREZXNjcmlwdG9yCiAgIC9Gb250TmFtZSAvT05NSEVa
K0RlamFWdVNlcmlmLUJvbGQKICAgL0ZvbnRGYW1pbHkgKERlamFWdSBTZXJpZikKICAgL0ZsYWdz
IDMyCiAgIC9Gb250QkJveCBbIC04MzUgLTM4OSAxODU0IDExNDUgXQogICAvSXRhbGljQW5nbGUg
MAogICAvQXNjZW50IDkzOAogICAvRGVzY2VudCAtMjM1CiAgIC9DYXBIZWlnaHQgMTE0NQogICAv
U3RlbVYgODAKICAgL1N0ZW1IIDgwCiAgIC9Gb250RmlsZTIgMzMgMCBSCj4+CmVuZG9iagoxNSAw
IG9iago8PCAvVHlwZSAvRm9udAogICAvU3VidHlwZSAvVHJ1ZVR5cGUKICAgL0Jhc2VGb250IC9P
Tk1IRVorRGVqYVZ1U2VyaWYtQm9sZAogICAvRmlyc3RDaGFyIDMyCiAgIC9MYXN0Q2hhciAyNDMK
ICAgL0ZvbnREZXNjcmlwdG9yIDM3IDAgUgogICAvRW5jb2RpbmcgL1dpbkFuc2lFbmNvZGluZwog
ICAvV2lkdGhzIFsgMzQ4IDAgMCAwIDAgMCAwIDAgMCAwIDAgMCAwIDAgMCAwIDY5NSAwIDY5NSAw
IDAgMCAwIDAgMCAwIDAgMCAwIDAgMCAwIDAgMCAwIDAgODY3IDc2MiAwIDAgMCAwIDAgMCAwIDAg
MCAwIDAgMCAwIDcyMiAwIDg3MiAwIDAgMCAwIDAgMCAwIDAgMCAwIDAgNjQ3IDAgNjA4IDY5OSA2
MzYgNDMwIDAgNzI3IDM3OSAwIDAgMzc5IDAgNzI3IDY2NiA2OTkgMCA1MjYgNTYyIDQ2MSA3Mjcg
NTgxIDAgMCA1ODEgMCAwIDAgMCAwIDAgMCAwIDAgMCAwIDAgMCAwIDAgMCAwIDAgMCAwIDAgMCAw
IDAgMCAwIDAgMCAwIDAgMCAwIDAgMCAwIDAgMCAwIDAgMCAwIDAgMCAwIDAgMCAwIDAgMCAwIDAg
MCAwIDAgMCAwIDAgMCAwIDAgMCAwIDAgMCAwIDAgMCAwIDAgMCAwIDAgMCAwIDAgMCAwIDAgMCAw
IDAgMCAwIDAgMCAwIDAgMCAwIDAgMCAwIDAgMCAwIDAgMCAwIDAgMCAwIDAgMCAwIDAgMCAwIDAg
MCAwIDAgMCAwIDAgMCAwIDAgMCAwIDAgMCA2NjYgXQogICAgL1RvVW5pY29kZSAzNSAwIFIKPj4K
ZW5kb2JqCjEgMCBvYmoKPDwgL1R5cGUgL1BhZ2VzCiAgIC9LaWRzIFsgMiAwIFIgXQogICAvQ291
bnQgMQo+PgplbmRvYmoKMzggMCBvYmoKPDwgL05hbWVzIFsKICAgKGNvc3RvKSBbMiAwIFIgL1hZ
WiAxNjEgNTgwIDBdCiAgIChjb3N0b1RvdGFsKSBbMiAwIFIgL1hZWiAxNTMgNTI0IDBdCiAgICho
ZWFkZXIyLXUpIFsyIDAgUiAvWFlaIDYyIDY4NSAwXQogICAobWVudTEtMCkgWzIgMCBSIC9YWVog
NjIgNzc5IDBdCiAgIChuYXZiYXJTdXBwb3J0ZWRDb250ZW50KSBbMiAwIFIgL1hZWiA2MiA3Mzkg
MF0KICBdCj4+CmVuZG9iagozOSAwIG9iago8PCAvRGVzdHMgMzggMCBSID4+CmVuZG9iago0MCAw
IG9iago8PCAvUHJvZHVjZXIgKGNhaXJvIDEuMTUuMTAgKGh0dHA6Ly9jYWlyb2dyYXBoaWNzLm9y
ZykpCiAgIC9UaXRsZSA8RkVGRjAwMEEwMDIwMDAyMDAwMjAwMDIwMDAyMDAwNDgwMDZGMDA3MzAw
NzQwMDYxMDA2QzAwNjUwMDczMDAyMDAwNTIwMDY1MDA3MzAwNjUwMDcyMDA3NjAwNjEwMDIwMDAy
MDAwMEEwMDIwMDAyMD4KICAgL0F1dGhvciAoKQogICAvU3ViamVjdCAoKQogICAvS2V5d29yZHMg
KCkKICAgL0NyZWF0aW9uRGF0ZSAoRDoyMDIxMDUwOTE5MzEyMVopCj4+CmVuZG9iago0MSAwIG9i
ago8PCAvVHlwZSAvQ2F0YWxvZwogICAvUGFnZXMgMSAwIFIKICAgL05hbWVzIDM5IDAgUgo+Pgpl
bmRvYmoKeHJlZgowIDQyCjAwMDAwMDAwMDAgNjU1MzUgZiAKMDAwMDAxODgxNyAwMDAwMCBuIAow
MDAwMDAzMDUzIDAwMDAwIG4gCjAwMDAwMDAwMTUgMDAwMDAgbiAKMDAwMDAwMDAxNSAwMDAwMCBu
IAowMDAwMDAwMDE1IDAwMDAwIG4gCjAwMDAwMDAwMTUgMDAwMDAgbiAKMDAwMDAwMDAxNSAwMDAw
MCBuIAowMDAwMDAwMDE1IDAwMDAwIG4gCjAwMDAwMDAwMTUgMDAwMDAgbiAKMDAwMDAwMDAxNSAw
MDAwMCBuIAowMDAwMDAwOTA4IDAwMDAwIG4gCjAwMDAwMDAwMTUgMDAwMDAgbiAKMDAwMDAwMDg4
NSAwMDAwMCBuIAowMDAwMDExMjIzIDAwMDAwIG4gCjAwMDAwMTgxMjIgMDAwMDAgbiAKMDAwMDAw
MzM2NCAwMDAwMCBuIAowMDAwMDAxMTAxIDAwMDAwIG4gCjAwMDAwMDEzMzEgMDAwMDAgbiAKMDAw
MDAwMTU2MSAwMDAwMCBuIAowMDAwMDAxNzk0IDAwMDAwIG4gCjAwMDAwMDIwMjQgMDAwMDAgbiAK
MDAwMDAwMjI1MSAwMDAwMCBuIAowMDAwMDAyNDk2IDAwMDAwIG4gCjAwMDAwMDI3MzggMDAwMDAg
biAKMDAwMDAwMjk2OCAwMDAwMCBuIAowMDAwMDAzNzkzIDAwMDAwIG4gCjAwMDAwMDM3NzAgMDAw
MDAgbiAKMDAwMDAwMzkwNCAwMDAwMCBuIAowMDAwMDEwNDQyIDAwMDAwIG4gCjAwMDAwMTA0NjYg
MDAwMDAgbiAKMDAwMDAxMDkyNyAwMDAwMCBuIAowMDAwMDEwOTUwIDAwMDAwIG4gCjAwMDAwMTE3
NDMgMDAwMDAgbiAKMDAwMDAxNzM3NiAwMDAwMCBuIAowMDAwMDE3NDAwIDAwMDAwIG4gCjAwMDAw
MTc4MjEgMDAwMDAgbiAKMDAwMDAxNzg0NCAwMDAwMCBuIAowMDAwMDE4ODgyIDAwMDAwIG4gCjAw
MDAwMTkxMTIgMDAwMDAgbiAKMDAwMDAxOTE0OCAwMDAwMCBuIAowMDAwMDE5NDMwIDAwMDAwIG4g
CnRyYWlsZXIKPDwgL1NpemUgNDIKICAgL1Jvb3QgNDEgMCBSCiAgIC9JbmZvIDQwIDAgUgo+Pgpz
dGFydHhyZWYKMTk1MDAKJSVFT0YK

--===============1749031959189254430==--

-------------------------------------------------------------------------------
