Content-Type: multipart/mixed; boundary="===============0314299057491575616=="
MIME-Version: 1.0
Subject: =?utf-8?q?Hotel_Real_-_Confirmaci=C3=B3n_de_Reservaci=C3=B3n?=
From: reservaenrealnicaragua@gmail.com
To: magdiel@gmail.com
Date: Thu, 28 Jan 2021 20:28:34 -0000
Message-ID: <161186571481.13641.2554925952372410117@localhost>

--===============0314299057491575616==
Content-Type: text/html; charset="utf-8"
MIME-Version: 1.0
Content-Transfer-Encoding: 7bit

Pronto nos pondremos en contacto con usted. recibimos su solicitud para RealNicaragua
--===============0314299057491575616==
Content-Type: application/pdf
MIME-Version: 1.0
Content-Transfer-Encoding: base64
Content-Disposition: attachment;
 filename="magdiel@gmail.com_5ku4534_2021-01-28 20:28:34.234949.pdf"

JVBERi0xLjUKJbXtrvsKNiAwIG9iago8PCAvTGVuZ3RoIDcgMCBSCiAgIC9GaWx0ZXIgL0ZsYXRl
RGVjb2RlCj4+CnN0cmVhbQp4nJ1VXW+bMBR996+4j0QTxJ8YqioaTdjUKtnWBu2l6oNHnJQ2kASS
rtqv34XQpR9bV2qEubJ977nH1z4woPi4DLtAMkhzsiG0GSsX0DcUFhU5SQiX+3X41dSjiuqAAaPU
C3zB0Uxy0p+71KWA9pxcOqM46SnlRONxPIVRDOMILuJpfNETyvne04ETDU+/fuldJWeE8TYHDhjL
oyKkPgfmBx6nmoqH4OwhuAO95OYJnMuZJxhTXGCGnuK+8DUkM+JEUKzyH6WFmW19nkVhzKO+kFoD
sqJKCRGoxnNiFrPMLmG6M6X99RLx4OgyTwoqRFj7XTrfelw7pjLrVbm1Db8OqOp2J5WQb4Zz4txk
y47U8j21j4va10tXeVd2tqxWham6kuMNzHRtCjg+hn6Ubndmmdj7LRzP7XxOqaEDGAzgZDRsQ8UT
tNYtXIcsP9VHz6bXBusOcbEtzcx0zpZyXMpcgcvVEQ/eiT41y+y94MLlGlh4ROmbz0Nky9UyK6zp
eCai3JZZipWJsrL2r15H9IMD4sIWWwubnYXSVra86wo9vN6ltzA01XZpwd3XPdlrkBeKutVShBr0
SCd4qD0pQ85ClAzmMYmKoV7oRHqzzlkYiMNJ/1vwi89o+3XT8BOnzvC9IZdXdZ4wI4zCBDbAGux9
jyLZJoDoqDdUQg5S1MrzZwCVA84PSvo0/WYtCxVq2yvpu2/aCil8T2n5n634oIQKaKh5KP+xBy8o
toEfUVRohVjApxw3pG8Y/iagf497NVqRc9IfZ8Vtc8knw9MRhmtvdX2fn82xx3Pn5DdK1HmJCmVu
ZHN0cmVhbQplbmRvYmoKNyAwIG9iagogICA2MDcKZW5kb2JqCjUgMCBvYmoKPDwKICAgL0V4dEdT
dGF0ZSA8PAogICAgICAvYTAgPDwgL0NBIDEgL2NhIDEgPj4KICAgICAgL2ExIDw8IC9DQSAwLjcg
L2NhIDAuNyA+PgogICA+PgogICAvWE9iamVjdCA8PCAveDEwIDEwIDAgUiA+PgogICAvRm9udCA8
PAogICAgICAvZi0wLTAgOCAwIFIKICAgICAgL2YtMS0wIDkgMCBSCiAgID4+Cj4+CmVuZG9iagox
MSAwIG9iago8PCAvVHlwZSAvQW5ub3QKICAgL1N1YnR5cGUgL0xpbmsKICAgL1N0cnVjdFBhcmVu
dCAwCiAgIC9RdWFkUG9pbnRzIFsgMjk3IDUzMSA0MzIgNTMxIDQzMiA1MTcgMjk3IDUxNyBdCiAg
IC9SZWN0IFsgMjk3IDUxNyA0MzIgNTMxIF0KICAgL0EgPDwKICAgICAgL1R5cGUgL0FjdGlvbgog
ICAgICAvUyAvVVJJCiAgICAgIC9VUkkgKG1haWx0bzpjanBtMTk4M0BnbWFpbC5jb20pCiAgID4+
CiAgIC9CUyA8PCAvVyAwID4+Pj4KZW5kb2JqCjEyIDAgb2JqCjw8IC9UeXBlIC9Bbm5vdAogICAv
U3VidHlwZSAvTGluawogICAvU3RydWN0UGFyZW50IDEKICAgL1F1YWRQb2ludHMgWyA0MzcgNTMx
IDUyMyA1MzEgNTIzIDUxNyA0MzcgNTE3IF0KICAgL1JlY3QgWyA0MzcgNTE3IDUyMyA1MzEgXQog
ICAvQSA8PAogICAgICAvVHlwZSAvQWN0aW9uCiAgICAgIC9TIC9VUkkKICAgICAgL1VSSSAodGVs
Ois1MzU4MDk3Mjk0KQogICA+PgogICAvQlMgPDwgL1cgMCA+Pj4+CmVuZG9iagoxMyAwIG9iagpb
CiAgMyAwIFIKICA0IDAgUgpdCmVuZG9iagoyIDAgb2JqCjw8IC9UeXBlIC9QYWdlICUgMQogICAv
UGFyZW50IDEgMCBSCiAgIC9NZWRpYUJveCBbIDAgMCA1OTUgODQxIF0KICAgL0NvbnRlbnRzIDYg
MCBSCiAgIC9Hcm91cCA8PAogICAgICAvVHlwZSAvR3JvdXAKICAgICAgL1MgL1RyYW5zcGFyZW5j
eQogICAgICAvSSB0cnVlCiAgICAgIC9DUyAvRGV2aWNlUkdCCiAgID4+CiAgIC9SZXNvdXJjZXMg
NSAwIFIKICAgL1N0cnVjdFBhcmVudHMgMgogICAvQW5ub3RzIFsgMTEgMCBSIDEyIDAgUiBdCj4+
CmVuZG9iagoxMCAwIG9iago8PCAvTGVuZ3RoIDE1IDAgUgogICAvRmlsdGVyIC9GbGF0ZURlY29k
ZQogICAvVHlwZSAvWE9iamVjdAogICAvU3VidHlwZSAvRm9ybQogICAvQkJveCBbIDAgMCA1OTUg
ODQxIF0KICAgL0dyb3VwIDw8CiAgICAgIC9UeXBlIC9Hcm91cAogICAgICAvUyAvVHJhbnNwYXJl
bmN5CiAgICAgIC9JIHRydWUKICAgICAgL0NTIC9EZXZpY2VSR0IKICAgPj4KICAgL1Jlc291cmNl
cyAxNCAwIFIKPj4Kc3RyZWFtCnicRZDBEsIgDETvfMX+gGkIkMDdH+jJs9NxvFSd6sXPl1ZKJ6d9
LLuBxY1YnKjBi0AF0fC+4YLnCklChg9MnhMe6EQSFU0QY0olrldJedWRbDv/6wlBqiMU19FcUSQ9
PEEycSg9s+vWOh1EmYzNbRk7ipRj7pmaSdj21q6nY7NG5n1311F/XMs89FZbQ9ZPWVyVGVznFBNp
s5mV1JJS8ILp4YYr4/7B8PWK88uNdX5LnEgzCmVuZHN0cmVhbQplbmRvYmoKMTUgMCBvYmoKICAg
MTc5CmVuZG9iagoxNCAwIG9iago8PAogICAvRXh0R1N0YXRlIDw8CiAgICAgIC9hMCA8PCAvQ0Eg
MSAvY2EgMSA+PgogICA+PgogICAvWE9iamVjdCA8PCAveDE2IDE2IDAgUiA+Pgo+PgplbmRvYmoK
MTYgMCBvYmoKPDwgL0xlbmd0aCAxNyAwIFIKICAgL1R5cGUgL1hPYmplY3QKICAgL1N1YnR5cGUg
L0ltYWdlCiAgIC9XaWR0aCA4MDAKICAgL0hlaWdodCA2MDAKICAgL0NvbG9yU3BhY2UgL0Rldmlj
ZVJHQgogICAvSW50ZXJwb2xhdGUgdHJ1ZQogICAvQml0c1BlckNvbXBvbmVudCA4CiAgIC9GaWx0
ZXIgL0RDVERlY29kZQo+PgpzdHJlYW0K/9j/4AAQSkZJRgABAQAASABIAAD/4QCMRXhpZgAATU0A
KgAAAAgABQESAAMAAAABAAEAAAEaAAUAAAABAAAASgEbAAUAAAABAAAAUgEoAAMAAAABAAIAAIdp
AAQAAAABAAAAWgAAAAAAAABIAAAAAQAAAEgAAAABAAOgAQADAAAAAQABAACgAgAEAAAAAQAAAyCg
AwAEAAAAAQAAAlgAAAAA/+0AOFBob3Rvc2hvcCAzLjAAOEJJTQQEAAAAAAAAOEJJTQQlAAAAAAAQ
1B2M2Y8AsgTpgAmY7PhCfv/AABEIAlgDIAMBIgACEQEDEQH/xAAfAAABBQEBAQEBAQAAAAAAAAAA
AQIDBAUGBwgJCgv/xAC1EAACAQMDAgQDBQUEBAAAAX0BAgMABBEFEiExQQYTUWEHInEUMoGRoQgj
QrHBFVLR8CQzYnKCCQoWFxgZGiUmJygpKjQ1Njc4OTpDREVGR0hJSlNUVVZXWFlaY2RlZmdoaWpz
dHV2d3h5eoOEhYaHiImKkpOUlZaXmJmaoqOkpaanqKmqsrO0tba3uLm6wsPExcbHyMnK0tPU1dbX
2Nna4eLj5OXm5+jp6vHy8/T19vf4+fr/xAAfAQADAQEBAQEBAQEBAAAAAAAAAQIDBAUGBwgJCgv/
xAC1EQACAQIEBAMEBwUEBAABAncAAQIDEQQFITEGEkFRB2FxEyIygQgUQpGhscEJIzNS8BVictEK
FiQ04SXxFxgZGiYnKCkqNTY3ODk6Q0RFRkdISUpTVFVWV1hZWmNkZWZnaGlqc3R1dnd4eXqCg4SF
hoeIiYqSk5SVlpeYmZqio6Slpqeoqaqys7S1tre4ubrCw8TFxsfIycrS09TV1tfY2dri4+Tl5ufo
6ery8/T19vf4+fr/2wBDAAgGBgcGBQgHBwcJCQgKDBQNDAsLDBkSEw8UHRofHh0aHBwgJC4nICIs
IxwcKDcpLDAxNDQ0Hyc5PTgyPC4zNDL/2wBDAQkJCQwLDBgNDRgyIRwhMjIyMjIyMjIyMjIyMjIy
MjIyMjIyMjIyMjIyMjIyMjIyMjIyMjIyMjIyMjIyMjIyMjL/3QAEADL/2gAMAwEAAhEDEQA/APf6
Q0tRySLGjO5CqoyST0oAfxS5rEl8SaShP/EyteP+moqrJ4r0lemo2x/7aCnysDpM5ormP+Es0v8A
6CFt/wB/BR/wlul/9BC2/wC/gp8rA6eiuY/4S7Sv+ghbf9/BR/wlulf9BG2/7+CjlYHT0VzP/CW6
V/0Ebb/v4KrXnjnRrG3M819GUH9w7jRySYrpHX0V52Pi14ZIz9rl/wC/Ro/4Wz4a/wCfuT/v2atU
ZC50eiUV55/wtnw1/wA/cn/fs0f8LY8N/wDP3J/37NHsavYOdHodFee/8LY8N5/4+5P+/Zpf+Fre
G/8An7k/79ml7Cr2DnR6DRXn/wDwtXw5/wA/cn/fBo/4Wp4cP/L2/wD3waPYVewc6PQKK4D/AIWn
4d/5+3/74NH/AAtPw7/z9v8A98Gj2FQOdHf0VwH/AAtPw7/z9v8A98Gj/haXh7/n7f8A74NP6vUD
nR39FcB/wtLw7/z9v/3waP8AhaXh3/n7f/vg0fV6gc6O/ozXA/8AC0fD3/P2/wD3waQ/FLw6P+Xt
/wDvg0ewqC50d/mjNef/APC0/Dv/AD9Sf98Gl/4Wn4d/5+pP++DS9hU7D54nf5ozXn//AAtPw7/z
9Sf9+zR/wtTw6P8Al6k/79mq9hU7MOeJ6BRXn/8AwtXw7/z9S/8Afs0n/C1vDv8Az9S/9+zR9Xqf
yh7SJ6DRk159/wALV8Of8/Uv/fs0f8LV8O/8/Mv/AH7NL2FT+UXtInoOaM159/wtbw3/AM/Mv/fs
0n/C1vDn/PzL/wB+zR7Cr/KHtInoWTRk157/AMLW8Of8/Mv/AH7NL/wtbw5/z9S/9+zR7Cp2D2kT
0HNGa89/4Wt4c/5+pf8Av2aP+Fr+HP8An6l/79mj2FT+UftInoWaM159/wALW8Of8/Uv/fs0f8LW
8Of8/Uv/AH7NHsKn8oe0ieg5ozXn3/C1vDn/AD9Sf9+zR/wtXw5/z9S/9+zR7Cp/KHtInoOaM159
/wALV8O/8/Un/fs0v/C0/Dv/AD9S/wDfs0ewqfysPaRPQM0Zrz//AIWn4ePS5l/79mnj4n6Af+W8
34RGj2FX+Vi9pE73NGa4MfE3Qj0ln/79Gl/4WXoZ/wCWtx/36NP6vV/lYvawO6zRkVwv/Cy9E/56
XH/fo0f8LL0P/npcf9+jR9Xq/wArH7WB3WRRmuE/4WZoX/PS4/78mk/4WdoQ/wCWlx/35NH1er/K
w9rA7zNLmuBPxP0H/npcf9+TSf8AC0tA/wCetx/35aj6vV/lYvawO/zRmvP/APhaXh/P+uuP+/LU
n/C1PD+f9bcf9+Wo+r1f5WHtYHoOaM159/wtTw//AM9rj/vy1H/C1PD/APz2uP8Avy1H1er/ACsf
tIHoOaM159/wtTw//wA9rj/vy1H/AAtXw/8A89bj/vy1H1ep/KHtIHoNFeff8LU8P/8APa4/78tR
/wALU8P/APPa4/78tR9Xq/yh7SB6DRXn/wDwtPw//wA9rj/vy1H/AAtPw/8A89rj/vy1H1er/KHt
IHoFFeff8LU8P/8APW4/78tR/wALU0D/AJ63H/flqPq9T+UPaQ7noNFef/8AC1PD/wDz2uP+/LUf
8LT0DtLcf9+Wo+r1f5Q9pDuegUma4H/haOg/89bj/vyaX/hZ+hf89Lj/AL8mj6vV/lD2kDvc0Zrg
x8TtCP8Ay0uP+/Jp3/CzNC/563H/AH5NH1er/KHtYHd5ozXCf8LM0L/nrcf9+TSf8LN0L/nrcf8A
fk0fV6v8rD2sDvM0ma4P/hZ2hf8APW4/78mj/hZ+g/8APW4/78mj2FX+Vh7WB3maM1wX/Cz9B/56
3H/fk0f8LQ0H/nrcf9+TR7Cr/Kw9rA76iuA/4WjoH/Pa4/78mj/haWgf89bj/vyaPYVf5Q9pA7+i
vP8A/haegf8APW4/78tR/wALT8P/APPa4/78tR7Cr/KHtIHoFFefH4q+Hx/y1uP+/DUn/C1vD3/P
a5/78NR7Cr/KHtYHoVFee/8AC1/Dv/Pa5/78NR/wtjw7/wA9rn/vw1L2NX+UPaRPQqK88/4Wz4c/
57XP/fhqT/hbPhz/AJ7XP/fhqPY1f5Q9pE9Eorzv/hbXhv8A57XP/fhqP+FteG/+e9z/AOA7Uexq
/wAoe0h3PRKK87Pxb8N/897n/wAB2pP+Ft+G/wDntc/+A7Uexq/yh7SHc9FpK87/AOFt+G/+e1z/
AOA7Uf8AC3PDX/Pa5/8AAdqPY1OsQ9pDueicUd687/4W54a/57XP/gO1W9O+J2ganqENlbSzmaUk
KGhZRwM9TSdGa1aBVIs7qlqpFdLIMqcirKtkVmWf/9D3/tWR4kfZ4e1DnH7h/wCVa9Yfik48Pah/
1wf+VNbgfGVxPObq4/fzjErf8tD6n3qLzpv+e83/AH8P+NE5/wBJuP8Arq38zUea7I25dhXJPOm/
57zf9/D/AI0edN/z3m/7+H/Go6KrTsIk86X/AJ7Tf9/D/jR50v8Az3m/7+H/ABqOiiy7ASebL/z2
lPt5h/xoMsjDa8zsP7pdiP503PFJTSQBz2Y/maOf736miiqFZC8/3v1NJls9f1NFFOwWQEtnr+pp
ct/eP5mkopBZC5f+8f8Avo0bn/vH/vo0UUXYWQbm9T/30aNzep/76NJiinzsOVDg7ep/76NL5jf3
m/76NMpapTYcqHhz/eP/AH0aN5/vH/vo0zNGafOxcqJA7f3j/wB9Gl8xv7x/76NRZozT9oHKibe3
94/99GlEpH8R/wC+jUG6jfVKq0JxRZEpPf8A8eNPDn1/U1VDUu81oq0hOBcDf7X6mjn+9+pqushF
P8ytVVbI5SUZ7N+pp25h3/U1EGpwY1fMyWh+73/U0Z9D+ppvWlxTuxWFyfX9TRz6/qaSnYouxaDT
n1/U0c+v6mlIoxRdjuhvzev6mkOfX9TTyKTFF2FxuT/e/U0En+9+pp2KMUczHoIM/wB79TUyg/3v
1NRAVNHxSuwdizCDx/ia0oR0/wAaoRHpWhCcYqk2ZyL0OPT9asAADrVVGqUPxVpvuYsmyKYWAqPf
TC9O7BIkZ6ZvqMtmm5pXY7EhemF8npTSaTNHMwHZHpTSRnpSGii7AXj0o/CgClHWldgJgelGB6U7
vShc0XYxuPajHtTiD0pyqaLskYAPSl2+1SiPNO2UXYEATJ6U7yvarCoAKCwFF2BCsPtUohXuKUS0
0y0uZjH7EA6UuFHpUJlqIymjmYWLRdR0FJ5oFVPNNMaTNHOxWLnnCo2lFVd9JvpczKsWDNTPN/zm
oC1IWpczCxY83/OaQy1W3UbqOZjsTmX2pPN9qg3UFqXMx2JzL7U0ye361DupM0czCxKX/Ck3+9RE
0Zo5mFiQSH2pPM+lRZoqeZlEnmc9qC30plFHMxClvpSZ+lIaSjmYDiw9qTP0puaKOZjHZHtSZpKK
TkwFyK1PDM/2fxLZTDqrH+VZOatac+zUIWHUGs6r/dy9GOPxI+jdG1M3EY9MV1du+9QR6V5f4VnZ
oxzXpdicxKT6V4J3H//R9/rD8U/8i9qH/XBv5Vt1ieKBu0C/H/TBv5Ur2YWufFk//H3cD/pq38zT
MVPdQstzOwB/1r9v9o1WrqhO6CUHEXpS5pKKu5IZpRzSUU7gOozTc0tNMBRRSUZqriFFBoFFO4BS
4pKWqTAKKKKdwCjFFLTsFxMUUtJS5RXEPWgUtLS5RjaWjHNLiiwDaKdijFKw7iClzSd6WqsFwyaU
E02iqTaEyUORTg5NQilBxWkalibXLSnPen5qpuxTxITW0alyXEsZp2ahVqkBrRSM3EfmjikFKMVR
NhSKbinZpaAG4oxTsUm2nYLiCpVGaYBipFpWBssx9quxnGKoxnpVxD0qkQy6hqTtUCHipAapENC7
jSHPrSHrSZoELnFJ1oNFIBMUU4DJpdvNADaAKdspypQA0LSgc1MF4oAAoAj209Vp3FGaQBsHrSgC
mFuaaWo5hEuRSM4AqHfzTWapchomMnHWmGWoC1IWpXHYmL1Gz0wnimE0rjsSFs96aWqPNLmi4WF3
GgmmZpSaVx2DNJSUZouMM0lJnmkzRcBaKQ0maVwHYpCKTNBNFwFxRim5ozRcBcUlGaQmlcBaKbmg
mkMXNGabmjNFwHUfjTCaM0rjsLmim5op3EOpM0UUrgLU9l/x+xfWoKnsv+P2L61FR+4/QqPxI9m8
I/6sV6hYf6pR7V5f4R/1Yr1Cw/1a/SvDZ2n/0vfaxfE3/IAvv+uDfyrarG8Tf8gG+/64N/Kh7FQ+
JHx7P/r5v+ujfzNVZrYEZSrc4/0iYf8ATRv5mozXNGfKz3J0edIzCCpwwoz6VoPEsg5HNUpYXjbO
OK7qdVSR5NfDOD90jpRScUordWZyvQKKKKL2C6ewoopKM0cwC0ZpM0tUmKwuaKTFGaq4CjrTqbml
zTTAO9OHSmilzVJgLSUvakq0AUUUCgQooxR0ozTsAYoooosAcUHFFBosAlLSUZpWAWikzRmi9gE7
08HFNpaOZoY8NUivUOaUGtYzJauWQ9PBqsGxUqvW6kjNxJgacOaiDU8NVolxH0uKAaAc1aZLQAVI
q0gFSAUyWSRjmrcdVoxzVpM0EssJ0p4JpqKcVKEJpktjcZo21JsPanCM0hXIgtLsqUIacEoC5EE5
pwTmpNtGKAuJtpRxQTTe9FxDi1NJppNIalsEBakL8U0mk7VNxhuppakzSZoKAnmmk80pNJmkwEY8
U3NOPSmmkAZpM0UmKQwzQTRikoATNGaCKSgB1NpaSgYhpKU0YoASkNLSGgBKKKOtIYZpM0uKTFIA
JpM0hooAM0E0YpCKQwzRmjFGKAA0lLijFIBKUUYoIxTAKKKXFABU9l/x+RfWoKnsv+PyL61FT4H6
Dj8SPZvCP+rFeoWH+rX6V5f4R/1Yr1Cw/wBWv0rw2dp//9P36sXxMM6Fff8AXB/5Vt1ieJedDvf+
uLfypPYqHxI+Qpk/0ib/AK6N/M1GUq9NHmeU4/5aN/M1GYvauHmuz6z2DsipsppXd8rc1b8v2ppj
56U1Oxm6HczZ7TPKflVUgrwRitkpz0qGa1V1PHzV10q9nZnmYjAu10ZdFTPbvDw3IqIAt0rvi4yV
0eTOnKDs0JRS89xRRZkpX2EpaMUYoAKKMUVVxMWiiii4CiikzS5qkxC9qKTvS1akAUUUVSYCilpB
1pasQtGKQUtOwBikIp1BosA3FGKWlxRYBuKMUpFGKVgExSU7FGKLANoFOxRiiwCU4Gm0U0wJg1SK
1QA0u6toyE4lsHNOBquj1KrCtou5lJWLC1IKhU1Kpq0zJlmPrVqMZNVYgM1diHNUQywinFWEQ02I
c1ZVadjNjQlPCcVIq0/bSFcr+XRtx1qfZSFKQXICoxTan2U1koC5XbrTe9WNlMZeelIZA3Wmmpth
z0oZPapaGiuetJU2z2prJ7UrDK560VKV9qbj2oKIjSVKRTSKVgGGmmn4pMUrAMoNPxTSKVhjaSnY
NJmiwCYoxS0UANoNOxRQMjNFPNJigBpppp5ptACGkFOIpKQxKQ0tJQwENJTqMUgG0GlooGNop1FK
wDaKdRRYBO9LS4oAp2FcTFLilxRiiwXExU1n/wAfkX1qLFTWY/0yL61FRe4/QqL95HsnhH/VivUL
D/Vr9K8v8I/6sV6hYf6tfpXhM7T/1Pfu1Y3iP/kCXv8A1xb+VbJrH8R/8gS9/wCuTfypS+E0pfGj
5ZkjHmy/9dG/maiMNTyN++l/66N/M0ma8x7n6HGCcUVmhINRtEfSr/HegqDSIdFMzTHjtTPLrSMW
e1MMFUmzKWHujOaEMMEZrPuLFlO6Ot1oaj8vA5/KtoYiUGefXy+NRbHNMpU/NSbe9blxYJMMqMNW
XLbvEcOp9jXr0K8ai1Pm8TgKlF6FbFGKftpdtdTpnDcjxRin4oxUcgxlFOIoxS5AG4op2KMUnEQm
aM0tJRsAtKKbTqpMAxTuKZS5q0wFozRRVpgLmlptOqkAg5NOpB1pasQUlLS0WATFJTqQCiwCUc07
FHWiwDTSYp2MUVLiA3BpRkUuD60mMUbAODEU9DUVOBxWkZCaLSManVhVEE1Yibjmt0zOUTQiar0D
c1mxNx1q7EelWmYSRpxuKsrJWchIqYSHAp3M2jRDinhwazvOwKeLjimTY0QQaXg1QW64pwufegLF
3aKCgNVftHvThOPWgRY8vim+VzTBOPWnCZfWiwAYh6U1os9qkEgPcUvmD2osBD5PHSmND7VbDAij
g0rBcoGA56Uww+1aW0GkMII60WHczDDTDF7VpmAUn2YUWC5ltFxTPKrVNqKabUVLiO5l+Wab5fNa
v2Wmm0o5R8xmeXSGOtM2tNNr7UuUOYzSlJsrRNrx0phtqOULlApSbKum3NNMGKmw7lIpSFTVpoTT
TFRYaZXK8U3FTmPmmlKLBcgpKm2U3ZUjuR0HipNlIUosFyPGaMU/bRtosFyLFGKl2+1G32osMixR
ipdvtRtosBGBx0pce1PxRiiwDMUuKdj2oxTsA3FGBTsUbaLANxU1oP8AS4vrUeKmtR/pUf1rOqvc
l6MqHxI9g8I/6sV6hYf6tfpXl3hH/VCvUdP/ANWv0rwGdx//1ffjWP4i/wCQJe/9cm/lWzWL4jP/
ABJL3/ri38qUvhNKXxo+WXP76b/ro38zQGqN3/fS+8jfzNAavMe5+gQqLlRMDTs4qIH0p+c0jVNM
kBpeD1qMNzTwady9BSoNNMa+lPzSgj0p2uJpdSBoAfY1BLaK64ccHvV8YJ6UpQVUZOOxnUw9OotT
mbnTXhJZRuSqRTBrsTGMYxxWfdaVHNlowQ314r18Jj18NTc+bx2S6udM5zbzSFauS2rwsQynioGQ
r1r2IqM1c+ZmnTlyyREVpNtTFabilKkSmnsRbeaCOal20m2odIdyLFGKkxSbah0guMxRinYpMVDp
juJRS4pOanlaHcDQKKKNRC5pRTe9KKpSAdS5puaWtIyFYcDRTc0oNacwDsUAUm40oNUncBaSlowK
qyENNGKWilYBKQ07FGKTQDcUvelxSUrAOFSoxqIGnqTTTsJrQuwtzV+FqzYjir0JreLMJo0Ebinh
qgQ1IDWiMmiTNGabmjNAhxNKCabmkJNAiXccUByKiyaMmmFibzSKd5xqvk0bjQFi0Lg4pVuTmqm4
0oJoCxeF1inC7rP3GjJoDlNEXnvTvtee9Zm40bjRcXKaouh604XY9ayd59advOOtFw5TXFytKLhD
WQHOetOEhHei4rGv5y0okU1kecaeJzjrTuKxq7kNL8prLE59alW5IpXCxe2r0ppjWq63HNO88UBY
kMIqMwCnibNO3g0WFcrNBzxUTW/FXsimkA0rXGmZxgNRmA5rT2A00xD0o5R3MzySKb5BrSMOe1J5
PtU8pVzMMNJ5JrTMPtSGD2o5QuZvlEUeV7Vo+RntR9no5QuZ3le1HlVoeT7UnkZ7UuULmeYqb5Rr
QMPPSkMI96OUdyh5VHl1daGmGI0coXKuzim7KteUaQxYpWHcr7KaV5qwUNNKGiwXIdvNS2oxdx/W
gpT7Zf8ASU+tZ1V+7l6MqD95HrXhD/UivUbD/Vr9K8u8I/6kV6jYf6tfpXzzPQP/1vfqxfEnGh33
/XFv5Vs9axvE3/ICvv8Ari38qUti6fxI+TpH/wBIl/66N/M0qyD1qvKxFxL/ANdG/maarGvOcdT7
CFZ2ReD+9SK9URJUiy1NjojXLm70NODVVVx61KH96RvGqWA1PDCq+73pyvQnY3UkycNzUgORzVcP
UgarvcpMeR70oz0pmeaduovrcHqNmgjmUhlAOOtZNzpzRksqlh7Vtg8UEqVwRXdhsbOlvsebjMsp
YhXS1OXaHnGOaiaLnpXQ3Nisih06+lU0067nYiC1Z/pX0OHxlKrHRnxWLwFbCyfMtDHMdJsxWudE
1cE/8S6b8j/hTf7B1g/8w2bP4/4Vu5w7nIuZ7GRtpCBWx/wjmuN/zDZf1/wpp8Na5/0DZf1/wrNz
h3HqY5FIRitg+Gtc/wCgdL+v+FMbw7rajJ06X9f8Khyp9xmVimkc1pPourr10+b8j/hUJ0vU162E
uP8AdP8AhUPlGUsUYqybC+/58pR/wA0hs70f8ukv/fJqbRArEUgzVj7Jef8APpL/AN8mmtbXQHNr
L/3yayaQyGlzT/s9x/z7Sf8AfJpphnHWGT/vk0k7DEBzTgaaUlA/1T/98mgK/eJ/++TVKYhwp2aj
+cfwN+VLuPdW/KtFNCH5pQaZvx/C35Ueao7n8q0U0xWJOKOKj85exP5Uvnr3J/KtFJAScdqSmiVT
6/lS+YvYn8qbasA7FJSeYv8Aeo3g96VkA4CnqKYCD/FUikf3qLILsmjq9D2qnHg4+ar0fQc5rSJj
ItR9amAqOMcVKAa1RiwopcGk5oJFpKOaWgBKKTvS0wCiiikAUtJRmgBaKTNFABRzRRQFgozRRQAu
TRk0lFAx26nb+KjooESbqUPUYpc0BYmElKJKhBo3UCsWRKakE3vVTfS76dwsXBP704TZ71SD0qvR
cVi8JR607zPeqIenB/elcC4JRTt4NUhJS+bVCsXcigEVVEvvThJ70BYs8Glx71XEnvSrJz1oCxOQ
KTb7UzeM9advB70CF8sUhjB7UbvelB96QDTDmozDVjPvSEUBcqmH0phiOelW8CkK5pWHcpGI56VG
0dXylMaLNJoaZQ2U6Ff36fWrLR4OKaiYkBx3rKqv3cvRlwfvI9N8I/6kV6jYf6tfpXl3hD/UpXqO
n/6pa+dZ6R//1/fR0rG8Tf8AICvvTyG/lWzWL4n/AOQBff8AXBv5UnsVT0kj5GkkX7RN6+Y38zSD
B6Gqsx/0qfn/AJaN/M00MR0NcjjqfRQr2ReKke9AGfaqqzuvvUwuQfvDFS4m8ayZMCRT1eo1kVu4
p5GelQ0bxmSiT3qVXFVMGnBiKlxNo1Wi6H9KkV+Kzw57VIspqbM6I1S+HFODA1TWSpA9FzVTLYYY
pwIxVYNTwTinc0Td7onB64rR0jXbvRLhZbdIpFByUkTdmspWp6mtIVeX4SKtOFZWqK57l4Z8Z6Rr
sSRy2sME/QgqOTXWGGELxbwn0PlivmJGeORZIZGjdTkFTiu88L/Ei8051g1eQSQdFcnn8a6oVlLd
nzWOyRr3qWx660KAZ8iEH02Coti/88Yf+/Yo03VLLVbZZ7WVHVhnAOcVa2dRit1Lsz5+VNwfLIos
o/54w/8AfsUwxqRzBD/37FXfLBNRtHg0+aRNkZ728TdbeH/v2KrvY2xzm2i/74FapT2qNk9qFKXc
NDFfS7Fv+XSM/wDAaibR9PPWyT8q2zGPSmNEPQ0OUl1HYwJNE07PFmlV5NE07H/HkproWhyelQND
83Q0uaXcLHPtoemf8+K/nVeXQdLP/LiPzro3hqu8PNLnkBzTeH9KzzYj86ibQNIH/LiP++q6Noee
lV5IeaOaXcLGAdA0Y9bD/wAepv8Awj+iA/8AIPz/AMCNbLxVA0f1o55dwsUV8PaAeum/+PmpV8M+
HG/5hn/j5qTG08k1IshHen7SfcLEX/CJ+G2/5hpH/bQ0o8F+G3/5cMf9tDVpZz61Zjm45NNVZ9ws
Zf8AwgPht+lsR/wM0xvhv4df/lmV+jmt5ZeeoqZZc9OKr20+4NHKt8LfD79GYf8AAj/jVdvhJoLD
i5lH4/8A167dZBT8+5pqvPuKxwDfB/QyMi9n/CoH+EekJ92/nH4V6KwGP8aglUY7VccRMOU85k+G
umwfdvHOPeqM/hK0tuk7GvQrlTg5xWDerwcV30aknuc1Q4yTTYoeAzGoDFjoK3LlOT1qgyDNejDV
HK3qZ5TmmlcVdMYzTGi9qqwrlTFGKsNGKaYz6UDuQFRSVOYzjpTfL9qAIsUmKl200qc0hjDSU8qa
TafSgBtFOxScUAFFFFABRRRQAUUUUAFFGKKADNLSUUALRSc0c0ALmlNNFKaAFFLmm0UAOzS5plFA
WJN1GaZmjJouIfupwaosmgE0ATB/enByO9QZNLuoAseZ709ZDjrVXPvShjQItiT3p4k96phjS7zT
E0XBJ71IHz3qiHPrUgc0BYtZp2aqq5p/mc0CJ6TFRh/el3UWHqKRzSbRml3UZrOsv3cvRlU/jR6J
4Q/1SV6jYf6ta8u8If6pK9RsP9WtfNPc9Q//0Pfu1Yvif/kAX3/XBv5VtdqxfE//ACAL7/rg38qT
2Kh8R8czf8fM/wD11b+ZplOmP+lT/wDXVv5mm5rne57EfhQoNBNJR1oLTH/TNKHdOhpnQ06lYqM5
E63Mg7VKtyD94VTozUtGqrSRoCWNjwaeT/drOBNSLIy96lxOiFcvBjThIRVVJwetTKVfoazcTphU
J1lqZZcjrVQgigNg4pWsdEati8sgqYPkVnh8VMslS0bRqXLin3p+Rgj5RnqT3qqsnepBICelNSNV
K6szU0nVr3RJlksZWTByRu61614Z+I2n6oI7a9byLrpyuM/jXiu8EUoPzB14YdD6VrCrY4cVltGu
rrc+olKsu9drr2IbNIAD9DXh3hfx/e6LKsN2DPAeMkngV69o2vafrdqJ7SYe6d811wqKR8picBUw
8tVc0XjGOKiMftVgEng8UHB5HStNOhwq1ymUx2prL7VcKA1GyUC16lPy+9RsmeMVd2EU0pnrQBnN
F7VC0PtWk0dRtHx0pAZbQ+1V5IPatcxe1QvDQMxpIOOlVmh9q23hyOlVWhwelFgMaSD2qsYyK2ZI
arSQCkBmcrT1lIqd4KgeMjpQBYSeplm96zclaeJSKANZJferCy1kJPVpJxQBo76jdgagWYGhnFXF
ksrXPQ1g3fetud8g5rFuiCDXoUHqc9Qw7gc1RdRmr1yeaouea9em9DjluRFeaNlOorREkRQGkMdS
4FBFAFYpSFOKnK0m3iiwXK+ymFOatbOOKYV55pWHcrlcU0rU5U56Cmsg7kClZ9BpkG3IpCtSEgcZ
H4U3en+0T9KPVBcZtoxS4mcny4Wb8KelrfyD5bRqPd7juyLGKKtrpGqykBbNqnTwtrch4tmGfapd
SC3ZSjJmbikx7Vtr4I12QcxFR9KmT4ea4444/Codan/Mh8kjnvwo/CumHw11w9XA/CpB8MtaPWYf
lU/WKP8AMP2cjlMZ7UYxXWj4Yax/z3/Sj/hWGs/89/0o+sUO4ezkclR+FdZ/wq/WP+e/6UxvhprI
/wCWv6UfWKHcPZyOW/ClHHaulb4b62B9/wDSov8AhXmuDv8ApT9tT/mFySOfz7Uv4Vtt4C11e2fw
pjeCNeX/AJZ5/CmqsH9oOSRjnPbik5rUbwlrif8ALA1GfDWtr1tjR7SH8wckjPzQDVw6FrC/8uhq
M6Rq69bM1Sn5oLPsQZoyakOnaoOto1NNnqP/AD6NT5l3E15Dc0ZNKbbUP+fRqTyL4dbV6OaPcVvI
XJoyaTyb3/n1f8qPJvf+fR6V49ws+w4MadmmCG9/59Hp4tb89LRzTTj3HZ9hQaXeaT7HqOcfZGFS
Lp2qN0szSco9ws+wgkNKHJ5qZNE1iQ/LaH8qsp4V1qU8Q7fwpe0h/MhezkU/M46Uok9a1ofAeuTE
fw59q04PhjqsmN9xt/CpliKUd5B7Kb2OZEyL1pVnjZwofk9q7m2+FEmQZ7w1a1L4dWek6JdX3n75
IU3KPWuetiqbg0n0NYUJJpsm8If6pK9S0/8A1a15d4QGIkz616jp/wDq1rwzuP/R9+rF8T/8gC+/
64N/Ktk9qxvFH/IAvv8Arg38qUthx3R8bz/8fU//AF1b+ZpgOafOP9Kn/wCujfzNMAxXO9z2FskL
mnCm4pwoKuLQM0ClpWKSCiiigoKdmm96D1osMeCfrT1cjkcVGDS5qWi4totJcHvUyyK/fmqIpytj
oaho6YVWi7g0ucVXSUgc1OJFYVDR0RkmiRZCKkWWocAjg0mCKTRvCbRdSTNSK/NUAxFSI5zyaho1
jUaL29T97Jx0q9per3+kziazuCpH8OeKyA9SBx3qoysaSjCorSR7h4V+INtq6R295iK56fMetdxn
jggjse1fLgJLLKMrInKuD0rvfCnxEn00x2upzGW2IC+Yw3f/AKq6qdbufPY/KGvfpns4PrxSnmqV
nf21/bLPaTrNEehVs4qzu4rqTT2PnpJp2kPKAio2jp4andaCbpaFcx00pVoqDUZWkBWMYNRPFVsr
TWHtTAoNDVd4fatRkz2qIxcHigDHeHPQVWeDP8NbTRDHSoHg46UgMV4RjpVSWHmtuSD2qpJAc9KQ
zFeL2qPYB0rVkg46VVaHHagCng1IHoZSD0pp46UATpJTzLiqe8il83NNbisPmkyDWNcv1q9M+M81
lXL4zXoUNzCojNuDzVJzzU1zJzVN256161N6anFOLuSZoyKi3H14pwZcctit1sTZjycHBp3OKrmd
Ac/M/wBKnt7TULsgW1pMwP8As0m0t2ITvTXdF4LCul0/wDrd+A0kLxqepIxXV6Z8KYlw94+T6Zrn
njKcNy40Zy2PKzKgOBy31qaKyv7kgQQsQenBNe8WXgnRrML+4jYjuyg1tRWVjbgCK2hGOmEGa5Z5
lFfCjeOGfU8FtPBOuXoGYygPcqa17f4T6hMFM1xIM9QOK9qyMfIu38KCzf3mrmlmVSWkdDRYZI8z
tfhFZxqDPM7HuC1att8NdDtx88e7Hqa7JlJ5O4io3XYu9h8orCWJry+0axoowYfCOh2vKWUTfVea
tJpGlx/csYl99tF3rVnC21c5HaoX1G6ki82GHdGPSuR4rVpzu0a+ytpYteRaJwtqg99tLiAchUH0
qna6rFqANtKxjl6AHisfXLG9sPmSR2Qnsa562K5KTqfEUoa8rR0LXMKnbvUGneaSuUfI9sVyLMkt
iGDytL6CtTQoGEPmTSuuOgY0U8RGpJJLRjlTSehsedJk/M3FNW8UnAlwaUkHLLyp71z3iSxMPlyw
SsrMcYBrarJwhdaijG7sdH58uMq5I9aQSysMhz+lctDd32nQRmYPLCe4qG51E/b4RBM+2Q5K+lc8
MXFpX3KlTaZ13my/32pDLKOrtWTrElxYW8VwGO1vWmaXqk2oP935QK1deCrKk9yeV2v0NkXEh/iN
BmfuxFVJL+1hk8tpMt6UyO+t5GIOQPWtbxekWmS4NdC95zD1NJ5nqF/KoVlhkB8uTcR2FOyT2p80
XpETSH70PWNPyoIiPWJPypuKM0/kLQUx23/PCP8AKk8m1PW2j/KiihSHaI02tketrH+VNFlp+ObS
P/vmpKKrmkuorLsQnT9NPWyhP1WozpOlsc/Yof8AvmrJoo55dwsuxW/snSv+fGH/AL5o/srSv+fG
H/vmrNJijnn3Cy7Fb+ytL/58Yf8Avmnrp2mjpZQj/gNTYoo55dwsuxH9i08Hi0i/BaeLezXpax/l
S0Uc0u4WXYcFtwPlgjH4UocDogH0plKKT1HZEgncZwSKU3EpH32qKipsgJPNdupP41keJ3J8Mahn
r5fH51p5xWT4mP8AxTV//wBc/wCtMDC8IcxJn1r1HT/9WteXeEP9Un1r1HT/APVrQB//0vfaxfFH
/IAvv+uDfyrarF8Uf8gC+/64N/Kh7Djuj47mH+kTf9dG/maYVzUsv/HxP/10b+ZpnSuY9xRuhmCK
ADUhGaAtFx8g0DFL1pQDTttTcpRYzFLinbDRtpXK5WMxRTsYoxmi4rDaXNG00lUw2Hg+tO4qOlBq
bDTJQeKerYqEGnA81LRtGTRZWQ59qmV8iqgbinoxqGjohULRFNyQaYJOakDAipZupXHh+KeslRdq
MkClY0UmWVkqZHBzVEOakWUkYIxUWtsbRm2tWdJ4e8TXvh66EluztFghogeD+Fey+G/GGneI7QND
KI7heGjY8ivnuOTHBJ/A1YtL25sp1ntJPKmU53etbwqNHDjMBTxCvFWZ9PjjvwelPBrzXwp8So7w
paaoAkoG3fj7x9a9EWUPGHRgUPIxXbCaaPla+Fnh3aSLXajFQq/HWnhqo5hSuKYy5qQHml4piuQk
cUwrmrBXNMKUDKpiJNRvGauMvpTCp7ikBnvH7VWkhrVaPNQtEKBmNJBx0qo8B5rckhBqvJCMUgMC
S346VUeEiugkgBHSqctuAOlAGGyEVXcsprYlt+KzZ4dpzmmtwKEsvWsu4ckHnmr918uayZRLKdsa
bmNdtJpbmE03sULl8PzWfJcKCQNzN2C11Fj4PvtRbdKxjU12GleA9LtNslxmVhXd9chBGHsZPc8u
tLDU9QcJb2kgz3YV1ulfDTU7tg11JHGh6gg5r0yCCxtABa24THrzVk3DsBnaPoK5p5jKWiRccNbV
swdL+HulWCKbhldh2IrqLa1sbNQIIUwPaqokyaf5pJ55rinVnPdm6hBdDSFzuGF+X6UokJ6k1QEv
NSLL71nr0ZduxeDc9afu4qisvNSeYe1NqSV2Fy0G7U/5cYLc1XR8lh/FjiuRv9Qv4tXKbiB1Va5s
RiHRim1fUqMeZ2udrggZ4phjDAhuhrnIPEkkL+XeRY49a2rXVrW6T5WAqaWMoVfdvqVKlJbFHVtD
iurdmtwBIKydJ1F9OnNrdrhQcV1sc0TkiNg/rWJqGhtqF8XVtiVz4nCtTVagve/MqFSy5ZFXxElk
tuLu3YC5z8qrU1ubm90FzcQnzAvCmr0Gg2qMhm/ebe5rTwAAqqAB2relRmp809mthSnY4TTtNvYZ
N5iyD2Iq/daVd3ZURny17gV0l5dLZoGKjYetNgura6i3IeTWFOhQpN0nLfXzHeUtUtCjaWzWlqIX
5YDGapanpMmp7Qr4C1v+SSucdKaYQOo6+9eg4qSs9jLXmujDtNOe3hFvc4dB0zWbdeGENyJ4WIw2
cV1RjP1FN8s4IrKWHpyVkU6j1Xc5nVbG9vIEtxyBUOj2l3p8bwsnzHo1dUEK9uaY67jkjn1olh4+
1VR7gqlo8hwstvc2mq+bdRvIhOflFdDHcWNxCFWJ1456VrtGrgh1BH0qt9gtVJKxsGPX5qzpYZ0b
uPUcqlzMsILWyneVbgDP8LGnT63aqxWIMzU668PpctuWUofpmkl0aKHTykKFpv72a0vVWi2EkrlS
DxCslyIXQhie9bTAKA+evauNhs7m0vkkliJAPJJrrJNStIrdZXcAgdKwwdaq+ZVXb1KqQVvdJ8HG
SRn0pMMBkjHtXK32uzSXKvAMKTitMaw1tCklycg9/StaeNp1J6bCdJo1+cZ4+lFQ29zDexCWFgwP
pUuRnFdEWpO8XczA0UUmc01qCd3ZDuKSkpaACkpaSgAooooAXiim0UAOoptFAC8VleJsf8I1f/8A
XP8ArWpWV4m/5Fu+/wCuf9aAMPwh/qk+teo6f/q1ry7wh/qk+teo6f8A6taAP//T999KxvFH/IAv
v+uDfyrZ7VjeJ/8AkA33/XBv5UPYcPiR8eS/8fE//XRv5mkHvTpgftM//XRv5mm4rke570VYXFOU
UmacKlm8UOCilCZoFPFJs0UUJso8vNSAU4LU3NFTuQGLim7MVb2ZFN8v2o5h+xKZQ03bVwxUwxYp
qRlKi0VQOtGMVKY8GmFarmMuRoQdKUdaOlJmgWqJA1OU81GKVTSaNIsnBzTlJFRA8U8NxU2N4zJ0
b1p55NQBqkDVLRvGVyTHFJzQDS1NjRMVWweakVveoiDigcUPYu7WpZBBIPII6ODyK7Lwr4/v9FkW
3u5RNanjc/UVw27gVJvyOeacJuIqtKlXVpI+mNJ1iz1q1E1lKkq4y2G5q+r49q+adK1m90W4Weym
cDvHu4NeweF/Hun61CkFzJ5N3nG0nqa7KdVPc+axeVzptyjsd0GJqRW9aqhyDyVxjt0qQOep5B9K
206HkteRYBoxUSPT95zQSKUzTSvtUmcig0xkBWmFKsEUwrk0AVHj9qhaLIPFXmU1GUzQBnPDx0qr
LBntWu0ftVd4jilYDEmt/l6VmT2u7oK6Z4SetVJIAO1AHMnSVdsyVctrG3t/uRAt6mtFouelQmPB
p87CxPHMw44UegFWA5x1qmoxUyt70bgWg2B1p2/3qtupQ1AFpZDTxIaqBqdvI70AW/NOakWXiqIk
OeacJML15oAviUngHp0qpqOtR6bEGDZkPUUJJ/EeoFYdu1tc60xnOWzxmsKrUdt2XGzNvTfEI1Bw
oG1/cVLrdobiEXkWDPF2HemokMTgxqM+oqlrOqzaYsTJzG/b3quSXs/fYbPQZpcP9vMZb7bEY/lK
02TSrlNQEdsSsHdhWfaadd3d4LguUhk+bANdfFKI0WPrgVyU8NTqr94reZbqtImsLaPT49quXLDk
mr6y5XGRistZ+oz1608TDj2rujFRioroY3uaQcZ608MM/hWcs1TRzA9atWvqBR8QSDy1TGcisKJZ
YUDxyEAds1d1+fdMoB6Cs+CcKACcg9q8Khgo47HTVS6SNMRV+r0FbqbFlrcisEm5X1rdhuIbpcoy
59K5CSLa28EBfeo/tSWjbhcKp+tdc8PjMF70H7SH4ozp4inV0loztymOMDHtTTGPSuf07xPDKdjS
A49DXQw3MVwAUcH2rWhjqdbbTyZpOk1ruhhjz2qNovarny//AKqQgHpXWrLVGdrFIxe1RmLHar5S
mmMUwM8ofSmbSvQ5q+0fpUZiFFwKTxrIpDxg/hWbd6Fa3alcFTW20fpUZQ561LhCW4+Zo5o6GtvZ
MqrvfPBrJ0+xSS4eLU3fyw3APQV3Dqc5qCe0iuVIkAye9cs8HCb51ol+JoqrKNta2enxEW8q+Weg
zzUoubbGBIDVGPw2sVy0hlJQ9s1iarts5cQhwvrVTrKnHnasiV7zsdOLy0LbRKufrUgOef4exrl9
J0eS8k+1SvsiB9etdM09rEgjEi7F9DRh6zqQ5qit2HOCWkdx9FJHLFMco4pxUrya6VJMhqwlJQAe
tLTEJijFLRQAmKKdSGgBKKKKACsrxN/yLd//ANc/61q1leJv+Rav/wDrn/WgDC8If6pPrXqOn/6t
a8u8If6pPrXqOn/6taAP/9T33GBWN4m/5AV9/wBcG/lW0axfE3/ICvv+uDfypPYqG6PkGZf9Im/6
6N/M0wrVqRM3Ev8A10b+ZqMrXG5an0yp6EGDThTylNwaVxOLQtKCc00nmnClYpOxMpqRSKgBqRWq
WjohIn69KXFNQ1KKhnVFJjNlBjznAzipQtbnhKwTUtdW1kGQ2KI6uwVUlFs5lovX6VE8PNbuuWBs
NcurcrhVchfzrOaPNVe25jGnGcbozmiOaYUNaDRVC0XWqUjCdAqe1JnmpzDjNRFOaq5k4WAGng4q
PBBpd1PQm9iUGpFPNQK3FSBqlo1hMnU08GoFanhqmx0QkT545ox6UwGlBwalo3vccRgUZI6Uo+al
xU3LE3c5AqRHKSJKh2SKchh1FREUgJoWgPVWZ6R4U+JMtkY7TVAXiJAEmMmvWLO+t7+IXFrKGiIy
B3r5jXk4xx3rd8P+KtR8PXQaCVpYf7jNXRTrNKzPIxmWxnedPc+i1kFPD5rlvDni+w8RWu8SLFN0
2E9TXRCRlADDFdcZKWx85Uozpu0kW1bHWnbjVdZMin76ozLA5oAFRK9PVqAFK5qMipgQaQgUAQFD
UTRmrTLTCtAFGSOqskWa03TNV3joAyXixVd1A5rTlQYqnKnFA7lM8UBqcy03pQIeGpd1RE80uaAJ
Q1LuNRAj1pc0ASb/AFp6cktnoM1BuqG+aX7IUg++1Jv3boasQ2+uJLqD2zjCDjdis3WtPntJ/tdq
xdevFV30e5ij35YueeKSHUry1by5lJQdQ1eXOs5Nxrxt2ZsoKNnFly01i9hj3PHkYqS2S61y533I
2wr0GaY/iGEBIhbAs1bsB2W6OqhS46VeGpOotKnNFCnPpazLkbrFEsSH5VGBSrLiqu7n3pQ/Nelb
SzMm7lsSkU8TGqe+nb+KBF1Z81Kkx3VnLJg1KsvX6UIT2djI1m5DXnJ+Uda5vUvGmnacrRoS8o4A
C55q/rsxdJQpwa86sNA8+9kmk3OS/Ga4MnrU41ateb0THj0pKFPqar+Jdc1liI18qLsScUDTdUuh
+9mJH+9W3Fb2WlxBrkheOlZl545tbIlLSIMemTW9TPKsp2w0Loqhldasr2sW9L0a+sH8xJi3sTXX
2WoXMeAchq8ul8c6pct+4jAHt/8AqqSPxD4klwyQnA9v/rV5uJweNxcudxs/I9Knl7pK0pr0PcrH
XiMJOvbqBmtuG6hnUFGGa+d18TeJFYMYSQOoOf8ACuq0Px1cnCTwiNh3OauEcxwq/ex5l5BVwUGv
dmj2PGBkmjiub0/xMsyr5uCK3oruGcBlcHI6V20MZTraR3OCpSlT+Il25GabsFPJJGBRXVtoZ2Iv
JqNoqsimlaEGpUaMVC0eavlM1G0dHURR2HoelVbrTbe9QJKuB6gVqGOozHiiSUtJK47nJ67b3Nhb
Rx2XMWOeahhsrOOzW5lnJYjLLmuuaJXG2RQymsi68OW9w+5GKr1xXHUw6VT2i/4BpGatZlW2jtby
2aW0kIcDODxUemXt5JcPDPHtVT1PpVe5eHTpxFZAmQdVFPafVLtNkcPl574rCOIUPdabl5K5Tgbe
Ff5o2yPak659qx7G11Owl3SOWjY85FbgKSANG2fWu+nNzWq5X0uZSjYjxRinlcGkxWjstOpImKMU
tFACYoxS0UAJWT4n/wCRav8A/rn/AFrWrJ8T/wDItX//AFz/AK0AYPhD/VJ9a9R0/wD1a15d4Q/1
SfWvUdP/ANWtAH//1ffqxvEv/IDvf+uLfyrZrG8Sf8gS9/64t/KpnsXD4kfJjr+/l/66N/M1GVqx
IP30v/XRv5mm7a8++p9koaIr7KaUqyVFMZKaZDplYr7Ui8VMy1GRiquc7gLTgaYOKcKCkTI3FTI/
IqqDzUiNzUNHTTnYuggmux+GsXmeIfNxnYRz6VxKNjntXo3wohzNcTHpuOPwopJ82pOPq8uHbE+K
Gk/ZtTF8keEY84FcHs4B9a9x8d6f/aXhm6ZBueONmH4V4lGM5Q8FeoNVWjZiyqqqlHzIWSoXj9qu
7c84prR5rI9J00ygY+OlQtFz0rSaPioWjpqRzzopma0ftUbIRWi0ftULxmrUjknQsUsEGnA1M0eK
idSKu6OdwaHBuakDc1AM5p4PNJoqMrFkNTwc9arq1SBqlo6YzJgfSnZqINTwalo3jIeKCKQEU6pL
3GGgN607GaTbiluGsSe3uJ7OcXFtK0Uy8jYa9R8KfEhJljs9XY+bwBI1eTZIPB/GlIDcNyPWtI1H
DRHLiMLCvF3Wp9QxypJGHikWSNhnep6VKr5GCea8B8MeNr3w/OqSO0toP4DkmvYtD8Rafr9v5tpM
A2PuPwfyrshVUlufNYrASpO6Wh0Kv29KkDVTST+Enn0qZW7ZrRHB5FoMKUHNQI2akB60wJutJimB
sU7d9aLoBrL7VXdatA5FROOaLgZ8q+1UpF61pyL1rPmU80wKEq1Aasy5qs/WgBKM02igBwpabmjN
FwHjJ6daA4J+VssOoFRzSCK3eRjgAVytpqktteSyFiyE1jWxEKTtLQuMHLY7AO/GSce9ZeqXNvC4
WaFCrdWIpsWv28p+ckfhUWuT21xZBoyCxHAqa1ZSpc1Np+RUYShK9itplgJ9T80fNbjkZ7V0pb5s
D7o6Vn6NF5OngHoauAkrVYeEacE4qzZM5czuS7s96M1GKXNbXuQSbqXdUWaXNAEwNODYRzntUIak
d8RSfSk3ZAldnMagTNPIo5rMutStPD1nvk2tcEcL71LrGo/2ZDNPjLdBXnccd54k1UMSWVmHJ6AV
8/gcFPFVJJaR6nrqFP8AjT2Q+efUvEN6cmZlY5x2rrdC8EQIokvsZI4B6Vv6faWemW4hjUGTGN2O
lTyiTg791fYUMNSoxtBWZ5eLzetPSlohkWkafZvtS3iI9dtakTQRwEJEg7cCqZO+AZIVvc05WAi2
qwLfWt739TyZzm37zuTqYXOPJTn2qZ4LAJtNtEXPfbVSOQR5J5bFHzO27ofenzEKdi0kUUQwmAPQ
VZhubmFt0TsAO2aqKI05LZNPN0BworzsXleHxCuvdl3R00cZWpaXujprLxECoSfgjua3ILqKdMxy
Ka883h+oFSQ3M1sco5xntXkyo43CaNc8e53Qq0Kz3sz0XcMYB5oBI965mx8RAbUm4963YbuC4wY5
AT6VtRxdOr7t/kXUpOmr9C1QRmowefvCnbq6jMQpTDHUuaQc0AV2SmbcVaIFIVo3B2OavtExdf2j
CORyV9aItWmuVZIkCMpx6V0W3qM8HqKwJtF8vUvM87ZE/p61zzUqfvUluaR82QmDVLvIedljPHBo
s9Ku7CYkztIh7E1U1Az2V8I1uSYjg8Gqkup3qTbYCzrXM8RRpu89ZFezkdKVO7O3ikK8ZHSq+lXF
zcg+ehWrxTblRXdTqKS5rWMmQYpKlK00xmrER0Zp+2k20AMNZPif/kWr/wD65/1rYIrI8T/8i1f/
APXP+tAGB4Q/1SfWvUdP/wBWteXeED+6T616jp/+rWgD/9b36sbxH/yBb3/ri38q2axvEf8AyBL3
/ri38qUvhLp/EvkfKci/vpP+ujfzNGKfIP303/XRv5mkxXmPdn3cY+6hm3NNZalxQRmlcHErMtR7
RVpl9qjK+1UmYSplVl5oFTsvtURXFUnc55QsApUPzUzODTxzTFew/wAwqvHevXPhjEIdDMzDBaRx
+teRBDLIkacl3A+le16BF/Z+lW8GMYUE/WtKMbyOLMq37vkOzXbcW8ts3IkQivBdatDpuuzQleHY
kV7Va3YDA5rzz4m2Iiure+jGAXIOPoa0xEdLmGT4jkqcnc41eBgnNOwDUSNlQT35qYEYriTPsG9d
BpTIphj4qbtRirsgcUyo0ftULRn0q+UqJ05qWjOVMz3jqJoua0Gj4qJ48c0JtHLOiZ7JimYxVx0z
2qFo8dqtSucdSk0RA09WpNlOAxVERuh26pAeKi704VLNoyJQ1PBqFTUmRUNHRGRJRTQacDUml7hi
mmn0GgTGA/NVuw1G60u6We0lZGBzgHg1VxRgD1pqTTJnTjUVmehRfF3ULa3VZbASsvVwRz+tPT43
yD72mH8x/jXne/jaOneq81qj8rjNenhMTTVozR4WNyvRypnqSfHBz/zDf1H+NSD43Tfw6d+o/wAa
8ceMxHpT1cYr3qdCjUV0fN1I1Kd4yR7GPjZOf+YcPzH+NPHxrlP/ADD/ANR/jXjykGpVFarB0uxi
6kkevr8aJT/zD/1H+NSr8YXfrYD8x/jXj69RVuHrSeDproCqs9bT4oNN/wAuYH41YTxq9z/ywC5r
zK0XkV0FkMYrkq0IrYqM22dvHrBuOqgVKs2+sS06CtSL7orz6kbPQ2TbLOc0Ug6UtZFhRzziilzg
fWgCG4gF5bmIttDDBqqmh2iwmMEFqXWp3gtQsBw7DjFYX26+ssSux59RXHXrQhLlmrmkIt7M0JfD
hJ/dOB7Vl/Z5I9TitZASN3WpBqt9JJ9ojDFa1NJvE1GQmWMCZe5HNcahQq1OVRaZq37tma6gRwpG
vpS5pCMHFFexsknujmHZopB1pc0AHOaUUnel7UAOBpsxxbyH2FAqO6JFq5FRUdoNjjujz7xcrzQi
FPvMaueHdGXStNR+POcc1NNCtxOJG7etWN7naAeBSyOCVFz7hmOJlFKlHZ7kmw555PrUiyPGPm2n
tzUO9j90U7Y5GWr2uW55HuxWhyHiabVbKczrIohPQYNYsHifUYJEkZ8r6ZrrfF0c1xpYSJdzAV5y
lpfvIsf2Z+uK8zEOrGa5T6jLZYaph/3y1PXtJ1H+0bBLgjDHrWh5rtxisbw7ata6WiSjDY6Vp73T
nHFejD4dT52ryqpO23QlwwNSKx9KgE5pftDDqKpMxsWQW9KlWQr/AA5qqtw3pQ98luCZWC+xp81t
2HLcuZB6rzUsFzcWrboz+tUIdQilA5FWluFJ4ry8VluGrvnvZ90zqw+KrUdtfU37HxCeBOv41vQ3
sU6Bkk/CuCLiT5Rx9KdHNcW5zG5H415c6OOwa5qi54+W53wr0ammzPQwxI5p4YVylnr0seBPgity
3vYblNyOK2oYylX1Ts10HOnOPoX856UuarLLjjBxTlm54rr8+pne25Njmqmq2Zu9PdVYqy8girO/
NOEmeD09KmpFTVnoPqclYaHNeZa7ZvlO0Z9K24tN0/T0AkIB7Fq1MgDgY+lUNU0pNVhERkZD6g1y
wwlOknKOrLdV7ImVY2X93tK+oqMxc0afbRadD9mMuX7FjVvYAMjn3FdUJPlIs2UWi5pjJV8xA80w
xgiqEZ5SmlKvGKo2ioAplKx/FC48M35/6Z/1roClYnipceF9Q/65f1oA5jwh/qk+tepWH+rWvLvB
/wDqk+leo6f/AKtfpQB//9f341jeIx/xJLz/AK5N/Ktk1j+I/wDkC3n/AFyb+VTL4TSl8aPldx+9
m/66N/M0Dmlk/wBbN/10b+ZoArzHuz75fChMUgFPxSYqUmynGyuxhU0wrUxHvTT9aNTNq7K7Co2X
irJApjAYrVMxkkymynOaAamYComXc2wdW4FUjmmra3Oh8F6f9v1dpWQmKMDGfXNesbcAAdhxXL+E
tNOl6ShcYdvmJ9q6ON+Oua66StqfN4yq6lS3QsRSMjCs3xlANQ8NFyPmjO6tJQDTLuLztLngPI2V
U1eLMsLP2dVM8Xgb92B3HFWkOQDVS4VrfU7iI9FNPSXIrzWrM+5oVLwTuXVNOWq6PmpVaqTOlSTJ
SBimFBTs0vamO5CUB7Uww1ZooaJcUyhJHz0qB46vSAZqB15NStDkqxRSKYqMrVtlqNkq0zmlEr4p
c1IVppWgmwzvTg1MI5oodirkyvTwwqDOKXdiosXGZYJxS5qENmng0WNVMkFNzQDRSaHe4meaPpSY
yTS4osF2mNKCQYYc1Ukt2Q5HP0q7khqdk88da7sPjalGSd9Dz8Vl8MRfTUzFfHHQ1Or80+e1VvmX
71VlYr1FfTYXGQrLzPk8Zg50JWsXVPI5zVyHrWfC4zV6E5NdUm1ozg5bmzaHpXQWXJFc5bc4NdFY
nla4azujSPY6G0HQVqxDisyzrUiry6m5tEnXgUtIKKwLCgDcwB6UUqg7lPXnpTST3AxNbn8m8hPV
VOTVbVNWTULaOEJgr3xVy9to7vVEWR9oB6U+TRbMfcmXP1rz6tOvKVoNfM3i49RlhrVnBaiGWNcg
elV9HAm1aSaMbUzwKmfQbZ1YrOpYDjmnaBbTW8ziQcdjRTWIUkppaBNxtobDc80lK3INJXftoYBR
iiloABS5pKKAHA1Xv3K2be9T1V1M4sjmsMS7UZPyLpq80cyEZz0NWfK2rksMVBFKccdKUuxPPIro
yaLWEicWMkvatExmC8KPxpmXeQAnI9qZwTj1qYYiXPc8V6bXY5VtYWXaGC4DCldIY9v7lM9c4qJT
mTPenXVzBFtDtzii63loF3cmmG4K8f5U5JCV2tj86rJqVoIpFY87flx6157e6zqKajL5ZfyweK56
uKhDZ3NYU5SPTRDuOFIz9arXlyNOiMs5CqPU1w1r4juAF3nDA+tWr69/ti3MMkwUMOea5ZZlTt7t
/uKjQfU3V8SwuMxkEdvesfXJL3VHV4AwA7AistNEkXiG5HyDjmlNvq9uPkMZA/2q8+pjqtX3b6Gy
pJbFiK71W1UL5DkD3zVlPEt7EfnikH4VkHxJc2p8uaA5HUqaY3jCH+O2bPuRXNGFRfD+ZTgmb3/C
aFSQSwYeopIvHs5cxhCc1zZe41eXNrbnnuVxXR6X4OdEE13KqA8nFevg6ddu7ZlJU+w5/E17LMHU
NtzyorpNK8XRsQjymJvQ1kTvZW6m3sojJIOCxFc/PbzRzEMNrf7HNaYrKsPX961pLqgo4qpTb6o9
q0/xDuUbm3L65Fb1vfW9yu5JBn0rwS3uNT01BMwBi64J5NdNpHizzyqBXjbIHAryKlPGYPV+/H8T
ujXo1/7rPXfMK96kEg4759K4208RNCQJ0LZ710Nlex3GJI+hPSunC42jibKD1CdKUd9DR+3W6T+S
0gD+lWPMTP3xke9cFrzTLrIMIO49KkW11gsrE8EetZzxcoVGowbsUqSte50WvaY2pQLJbz7JE5OD
1pPDM08lu8E5LFG6k1hCz1ZVLhsHHrWh4TmYzTJKu2QHk561jSqSqV0+VoqUUo7nVEZzik2imeZ8
xp+RxXqHOJsBpjRA1KCKMZoArmEVg+L4seE9SP8A0y/rXTbc1g+Mkx4P1Q/9MT/OgDhvB/8AqUPt
XqWn/wCqX6V5b4Q/1C16lp/+qX6UAf/Q9+NY/iP/AJAt5/1yb+VbFY/iLnRbz/rk38qmXwmlL40f
LT/62b/ro38zSUrj97N/10b+ZoxXly3Z+gwXuoTHfvXR+F9M0bWJDbXl28Fx+H9a54KO/Sly6v5k
cjJIOjLVRlYzr0nUjZM9XPwp0rAb+0rkA9CFXn9KYfhVpWSPt9yD3+Vef0qh4L8fMoTTtVkJA4WR
q9MIDxLMjb42GQwPWu2ChI+WxNTFYeWrOAPwr0r/AKCFz/3yv+FRN8LdK/6CFz/3yv8AhXoOM+uf
So2X61XskcksfW3bPOpfhbpfbUrof8BT/Cq6/DXTra5jmF/cSeW24Kyrg/kK9HePI71Vkj9qapIX
12rJGA1usSLGudqjFRZINa80JOc4xWfLEQapKxyNt6joZMYq1EQwdT/EMVnDKmpo5Dn3psL63OM1
jwDfXmqvdWzgRsBwaqp8O9YDHEiY+lekpJu6nmnlTkYJrJ0os9CGZVYJKJ59H8NdaYAiVPyq5H8M
NdbnzUx9K7yGdkIGTWpb3RP8RqVRRus6xK6nm6fCzWu8q/gKsL8KNSJG65YfgK9QjfKjk8+9U9W8
QWujQO88ihscAmqdOKRSzbFVHZHnd38PxpluZLq8PHY4rjtQihgYrE+73q/4m8aXOr3LLHIyQg9M
9a54zB+d7HPrXLNrZHtYV1pK9RkZfLEU1qdt5zQRxWWp3WuREUwqKkxnikwKDNxIttJtqYjFJtzR
cnkK7IKhZSKvFBUTpmqTIlAqg0tOaM0wqRTM2rCg04GmYIpevtTFcmDU7NQCng0mjWMkSilJpmaX
rUmlxTzRnilApCKY+ggNNaFZBk8GnbTThirpVZU5XiY16UK0eWSKZjMTZ7VctmHUU9VV+GFL9mKt
lOnpXv4TM+e0JnzONyh07zgatmeRXR2H3hXMWZ2kZrprAjIrrrNNXieOouLszpbTpWpEPlrKszmt
eL7teZU3NETClNGKUisGUNpVOHBpaMUXXUL2MPVNPnu9TjeEkDPJFSnQXGMztnvzUurXclpJE0fQ
nmq58QIoHB3Vx1J4eL9/Q0SlJaIWTw9IwPlXDBhz1qXTLuTzDZTL86cBh3qqfEEjZ8tTk9Kfoqyz
XLzyqVOc80o1aU58tO7Dka3NkdSKMU40g6V2rYhiUUtJigQU6kooAO9U9W4squd6z9YbFsB71zYx
/uZGlL40c/H1IqTkKX/hX71MUZJwOaw/E2qtaQ/ZoW+d+GxXZgJqlgYtnDiI81do0U1uza42IoYD
uDViXU7fbvIAHTGa5zS7JLa03MA0hHWrbW8TgFlri/tiab0J9gi/Hr1ksmGA/OuT1TVJDrBmQ7os
nAz2raGn2x58sUh0+1bOYU/KuevmftklJFwpqJnQa3ayt+8AQ/Wrgm0uUc4JNQS+HraQEhQCemKz
J/DlwuTE5x7GuZeyqbOxq12NZrHS5gcfKfXNVH0O0J/d3DZPoawpoby0fDl+KbHf7hh2II7E4rf2
c/syuO1zRubK6sfmhumYe5zVY6nqiDPmKV9xVdrxWkEcX72Q/wAPWt3SvDd5fYkuFZYvRhXTTw1S
XYhyjHdmHDDqGqXQRUHzHkiut07wLallmveWHaujsdNtdNTEUSBsfexVliTznBr16GGjFe+jmnVl
0II47bTowlnCN3uKa9vPdfNM+1O4HFWUCBi3f3pSVJG411S5Vq9DFt3sUktR/q7ZQPUkVZh021hX
zJV8yWpN3OFGB7Cp7exnuHGAwHrXk4jOIRfLR96S+47aeCk1zT0RmT2DXzYlIEQ6AVo6doUeAsCE
Y7kVu2ulxRcyDJrSXagwihR7V50qWLxb5sRLlXZHbBU6S9xalO10aJDmVsn0rViVIflj471AHzye
tODkHOQK6qWEp0UoRInUnL4mVrnW7OC5KyxBpF6Z9ahfxZLuOIAqYqDU9BGoN50ZIc1nyefp9jJA
9tvboG2k1y4iWK5nrZGsZU1Gxpf8JPeSr+7jXAFaHhiRpXlncAMTmsvQ7+xttOkN1Gm8jGGHNbem
yQPbmWBQo6VWHpVPaKUp3Co1bY2ll+cmpRLWasnvUyye9d5gaAkqRXqisvHWpFloAuBs1ieMv+RO
1T/ria01k96yPGDf8Ufqf/XE/wA6AOJ8If6ha9RsP9Wv0ry7wh/qVHtXqOn/AOqX6UAf/9H36sfx
F/yBL3/rk38q2KxvEf8AyBLz/rk38qUvhNKXxo+XG/1s3/XRv5mlHFDf66X/AK6N/M0ory5bs/Qo
/CgxS4oNLSKI3iWQYcZIOVYV23g/xzLpVxHZ6jue2OAHPRa43FIVBXkcetVCbi9DnxGFhiI6n0bD
LBdW6z2solifncO1DLXi3hTxhdeHrgRzkzWbHHXpXsmn39tq1kt1aOGRuqA8iu+FVM+QxuBnh3ot
BxXioHWrxXjrn+lQstas8+90Zs0eRVCaHrW08fJqpLCKQGC8RBqLlTWpPF7VSdME0CFicDr1q5HJ
kCs5SFOTU0TnPHSkUX9ueRUkUrRAknao+8xrMvdastKgMt3IqkDhc9a878QeObzVcwWa+RCO+eoq
JVIpHVhsHOq9j0HW/iDp+kxmC3fz5SMZXnBryjV9du9Wnd53LKTkA9qyeS7Mcsx6sTSrya5ZVGz6
HD4SFHRoDkmrEKkimhamjrJanpqKexIOmKXHFJ2oFBqloJtpCKko20mQ0RYzSY5qXbSY5oCxEVpt
TFaTZmgHEiKZFQvHirW3FIRTTIlTKbRmo9hq9sFRmPHSqTOeUGVelOFSNGaQJTISaYCngU0DFPBp
WNlckC0hWlBp2aLGysMxSAU40veovqDSsKoxVuHOOlVgOlWIz0quZ30MpWtrqaMManHHNbFmpDjN
ZVtjjArbtMFhmvTw+KnH3XqfOY/CwleS0N+yOcVsQ/drHs9o6VsQD5a2nLn1PHceR2LIoIpRThWL
AZihuBmnFeaRgNuKE2tgsZusWUt7FGYeAD8xqqmnWCxqJZV8wda2pGMVtIc8Ba5600o6rLM6zlUF
cOKp3mnGCb8zWlJ2NODTbNz5sTAgVeUBQAgAHfFYVg7aPfNZzvujPO4+9WtS1WK3IW25NbU50qa5
naMuvqKSmzTHJNHamQP5tukx6kU+t1r73cztYb3paWimAlFFFAAOtZutHFuv1rTHWsrXG2wpn1rj
x7tQbNaP8RGNGwRHdugGa4C+lN94iZhyqsOK7TUZDbaU7E9c1w+hjzdReRu7USqOOEjDyOaUb1py
OrPygLjHFNAOPbvVe9uxbXCIehNQDU0S78on5TzmvIUJNXQiW8eaFfNg+ZR1FQ2+uQS/JJ8rdDWm
oDAZOVauV1izSC7LR8ZOa1pJTXK0HLc6eN4ZBuSQH2NJciRbdmRl/OuNS4lh5jcsfTNa1jb6xqv7
tA0af3iK1WEnL4Q0Rm3V3JPMUO5nB6Yqza+Db3XShEJRc53Gu/0LwNBAgluXDP1Oa6+GGG2QJEoX
HfHWvVoUPZ/EJSc9jlPD/gK10mENKkbSD+I1vPZRwIWZguOiVobiW56VmarlsKziuunN3shzjyq2
7ZkyuHckDA7UzIprthsAggU+C2muG+QFaxxObU6L5KXvS8jOlgZTd5aDCQDu61PBZXF0wIT5fWta
00hE+aXrWiu2MbUGBXmOnicZrXlZdjupqlR/hq/mU7TSYoQC5yfStJSqLtjAFRZzSiuylh6VGNox
JlUk9yQn3z60AmmilzW1+YhDt2aGlSCJpZWwi9qaB82Kx/Elz5dskIzhjzis6lSFOF5MaV2Qv4rb
7YTBGxhXqRXQWeowX1uJS429wwrFh/sldI8sf63HPSsa0trl3ZbeQhT71xLGVaclztSi+xuqXU3P
Ea6eLLdb8ysQK19HQw6UodducYrnLXSJprlBLKG284rqlYKojUcKMVth4S5nVlGzZnMnVxUgeqob
mnh/SuszLayc1KslUw5qRXNAF5ZBWV4sfPhPUh/0y/rVoOay/FDE+F9QH/TL+tAHNeEP9Wn0r1LT
/wDVL9K8u8If6pPpXqNh/q1+lAH/0vfqxvEf/IEvP+uTfyraNY3iP/kCXv8A1yb+VKWxpS+NfI+X
GH76X/ro38zSihv9dL/10b+ZpQK8uW7P0OPwoMZpaUCjFBQUHpkdaXFBHNUIT7xxjj0rW8PeJL7w
5eBoJSYSfmQ96ysYNMPyrgjPeknyvQzrU41IOMkfQOia7a69ZRzwEByuWTPQ1oFRmuB+FOnmLT5L
p1P7wkr6Yr0DbgAjgk16NOV46nw2NpRpVWokJQVXmT2q4wqN14qzkMyWLI6VnzQdTW1InFVZosik
xmE8WCeOBzXOeIfFUOjB4bc77nHyj0NdhLDgkEcEda8c8a2DWniJ5GUlH6Me1ZzbSOzBUozl7xlX
eo3epXDS3cxcMchfSowex7VEPf8ACnDOea4pa6s+mpRUNETfe5P6UAYNItOHWlc3THg9qmQ4qADm
pUPNJG0GT546UCm7uKcGpmyY6lGaTdSg0WBpC0hFLRUiGmgClIoAoGhpHNNIqXFIQaBSRFikxUu0
UFaaMmiHbSGMVNilK07shxK5QU3bU7LTMU0S9BmKMU/FIRinYSYzpS55pDSggc1nyu+htdJakqni
pogRVGS4SMcnmoftjOcKeK76OBqV7dEebicxpUL21Z0cNwI8YOa17OfzGBrk7Vjxzmul0/qvGK9W
GFjRXK9z5rE4yVd3vodZYfWtyAHbWDYdq3rfO2sKhyLuWlHFO6UKOKdjmucoaRSYGPenkUwiizew
Bt8xDGeQwxXKXDTWN28Fu7LuPQV1YyOR1qu9pB9p+1uQCo71z4mm8RFcrs1uVCfKc2bG6uzmXdv9
TU/9iMkBaSQK+OMmtm31WK7lZF2BVP3qraxNbXkfkRTgyHgBTzXOsJh1G97/ADNPaTeyJtKDC1KS
OCR0xV0jFc1aw3mj3aPck+S/TJrpyAyLIpyrciuyjJtWtaxEl1uNIxSUp5pK0syAooooYAOtZGuA
FEU/3q1v4qyNbI3oP9quHMbew1NqHxnE+LLpktUhU8YrC0BP34A65zVvxVLuu0j+tZ+nXH2O5yem
Kzl79JJM53e8mWvEEhacKvDBs/Ssks5bJPz9jU2oXIu7kyEHk5pILSe6b5EwvrTpQ5VypE6LclTW
LqKMIXHHtSxW99q84wGI+lbOnaBGPml+Z/SuntoltowFRVwMcCu6jl7b5mjGde2yMjTfC1rbhXuV
3N6Zro47hLdBHEiqo9qijjlnb5ULE1qW2j7BvuTtB9a9Hkp0VoYpSm7tktjJPdAYOFFaUjJAuXYD
A7msu51S3tB5NvgHHWsl5p71wPmbnpXlYnG0aerevY9GlSm/h2NO81kkFIOtZQ+03j5JZs1o2mjH
hpRtzWxHDDAMIoriUcTilr7sexuowhruzNtNFQKHmyT2FaqIkQARQKNx/ClFdtHDU6C9xamU6sp6
MXdnrRnPWkpRW7dyApQaSlFC0AdmikoppXAkj+8WPAXqa5TUp47rVQrSYQDGM1ta3eCz09lQ/vHr
A0aO1DF71hljnJrixVVKapStrubQi7XRaOiS7DLGxKt71B5d9ZBiFKoB1rqoJoDEBA6sg6VJKizR
NFKowwqJ5dSkuaGnzBYhrRowvDnmzTyXLuWwOldAWyxPvVa1tks4mWMcYFTZAPvxXZSg4Rs2ZyfN
sPzzTw1RZ5p+askmDcU4P71BupykUAWA9ZniZ8+Gb8f9M/61d3Vm+JGz4bvv+uf9aAMbwh/qk/Kv
UbD/AFa/SvLvCH+qT616jp/+rWgD/9P36sbxF/yBbz/rk38q2axvEf8AyBbz/rk38qUtjSl8a+R8
vSf66X/ro38zSClf/XS/9dG/maTpXmS+Jn6HH4UOpwpKKRQ6iilxTASmn5pFC9W4p+Ku6Ham+1y2
gA4VgSfxppXdjOtJQptntfhDTzp3hXT4W+95K5+uK28Z/ChUEUSQjoigCgAluBXoxSUbHwGIqOpU
cnsMYc0wipyMn+dRSMkYzIwQdiad0jKMXLYhZeDVeVMirmA67lOR61Gy/wD66Y0nsZUsZHPpXnXx
L03fbpdgfdGTXqEiEhsiue8V6YL/AESdDnPlnGBWdRaG+DqctRLzPBxgqHHfim9DSxgmNflwwOcU
EVw76H1WtrjgakB4qAU8NRYpMnBqVTVYNUqNmg2hImBp4aofxpwNI2TLIPFOBqJDTxTWxoh1OpgN
PpDCgClxSgUWLQhFJipCtNIxQDEApSuaBTqDNxGbKNoqQDNLtpkuJAV9KiarLjHaoGXNURODsREm
kwafgCopZAi5rSMHPSJyOSSbYSEKvJqhNeAjC1Bc3hc7VNVgcmvawWXKPvyPn8fms5fu4k2Sxyas
RCqqnmrkBzxXrtJrTQ8bmfV3NOz+8K6bT+ormrQYIrpLA8iuSrorC0Or0/pW/bfcrA0/oK6C24UV
5tTctFtRTqF9KU9a52UIaQ9KU0naj52Abg9qhuovOsnVfvYqfpSDg+x6im/hce4KTXQwNGit2jkg
nfy3yeapMkenajvjbzQpzk1Z160Nvc/aIyVVgBwO9Fro8lzGsspIU9a8ipGpFqlThe3U6E0lzSZB
falJqiBQmNla+h3RuLPym4ePjmrNtpltbDAXccd6xr+cadrKPCP3Z++BW0aVTDy9tWl8RMmp/Cjo
Cu35f7tJSJILiFZ0+61LjivQjJSVzKwUUZoFIQDrWLrXDA+5/lW0BzWJrYySc9K4cydsObUPjPLt
dk8zVG5OABVFInkIVBx6mr1+g/tKUtyBjtWhp2j3N8QxUxxetb4TBSqU1KWxyVqijcpWunorjPzt
6Cujs9LkbBcbVxV2C2sNMQDiSSriTNKvI2r2r1qOGjD4dTjlUbGxxxwrgDJp5yaThTTRJliqgms8
Tj8Ph17717F0sPUqP3S/azrajzD1xxUVzqVxfyfJkAU630ye4bkkL1rbgsILZACNxrw51sVjH7i5
V3PShSp0Fd6syLTSJJvnlrZgs4bdQQMmpiew4FIOK6KGCp03zPVhKo2KSS3XAopOo5pa6m2zO3W4
oozSUUbAOoooNABmlptO+tAAOtPXCKZGHygUwcnjmszW2vHhFvbKcngkUptxBamLqd+lxqkavnyS
eDWlc+HS0SS277lZd2KrWQtodttqUJDDo5FdRHtWJRC+UA4xXFRw9KqpOavfvujZzdPSJyAN5p7/
ADAqorS0h7q/uxNI37tela95bR31uY3Xax4zRZWq2UAiU5A7+tFLCypyVneIOqmti0xG44pM0nB6
UV3WS66GO4uaWmZpaAH04Hio804dKdgHg1meIz/xTt9/1z/rWgOmTWf4hRj4bvWwceX/AFpPQNjK
8If6ofWvUrD/AFa/SvLvB4/c5PHNeo6f/q1+lAH/1PfqxvEf/IEvP+uTfyrZrG8R/wDIEvP+uTfy
pS2NKXxr5Hy8/wDrpf8Aro38zSd6V/8AXS/77fzNArzJbn6HH4UL2pwptOFIoUUtJ0oBzTGKTgE+
ldp8MNNF1rc1w4yEIwce2a4lziP3r2L4YaabPw9LcMMGZ936Y/pWtJXkeXmtb2dFnaOSzk0mSBTi
C5bHGP1rI1zxBY6BYtNcyfvMHbEPWu1ySPjaUalR8qW5b1LULXS7N7i7cKoGQM9a8X8VeL7zxDcm
OOZobROE2sRk+uRzVLxD4iu/EV4ZZ2Pkr/q09KyMDqDmuSrV10PqsvyqNFc89T0Lwd48ljkh03VZ
N6Z2ox47V6aCrRq8RDRvyCDmvm9lDjBrsPB/jabRHW0vmL2bfKPainWfUwzHKlJe0p7nrci9VFV5
YBLC8bDIKkfpVm2ngv7Zbm0kEkbDjmnYCsOOvWuu6kj5yXNBq61R84azZGw1u4hAwu8gDFZzriu8
+JunNa6ut4F4Z+fxriJF9K4Je7I+vwz9pSiyqRSCpmXmoiMGkgkrMcDgU9GqLNOBpjjJosqafUCN
UqtmpaOiMrkyHmpQarA81IrUbG8ZEoPNSA1X3VIjZouWrMmFPApimng00aRRIopGTNANPzxRYpoh
xigVIaQAd6LCsAFPAxQMClBpgkt2NYbqjKVORkdelVri6jiXC/frajSnVlypHLia9GjFzkyrdSLA
hz1rAub1pWwDwKt3zNIhYnmsfnJr38Pg1TV5HxeNzB4qT5NESAjOacpqIfWnr9a7Yux5rXVkynmr
kB5qipq5CeK0uK9zYteoro7DqtczaHpXTaeeRXNVWg0dXp3QV0Nv90VzunnpXQ233a8yqtS0Xk60
p601afXMyhpo7UpppoAO9JS0HpQBDLFHcKFlGQDxRLKttbkscKo4FP45qpqtubrT5Nn31HFTKTgn
yrUqK11KA8RbWfcnHQVmRRnUL7LP8hPINXdKjsXtZTd4Ey9M1mSFo7t2gOFPT3rx68p2jOu9L7I6
YWZtHUhY362IOYR3rYJHDD7pFczDpVzfoWI2f1rc02GaG28mY5x0r0MNVrVdZrlXT0MakFcsUtFF
db3MgHWsDXTneK3xw1c/rZO6U56CvNzO/sVZX1N8O3zaHnDzJDqkruNw44xWzbz6jf7UhBhg75GK
p2SxPfSyPGXYHgV0kRlZBuOB2FevPF0KGHi5y+R5nspznLlXUSCwitgGkO9/U1PvJ4H4CprexnuD
gLgetbNtpUUIDSctXl1MxxeL9yguWPc7IYOFPWpqZFvYz3R6ED3FbNrpUNvgyAE1eHyrtHApKVHB
U6bvP3pdzWVbpFaBgDATgUpwT60lFd9uj1Zk22FFFFABS0lFAC0UCigAzS0lGQBQAtLzn1pFy1Vb
/UYrBAqtmb+ECplOENZuyGlcTU9RSxjGGG9uQKzB4huBhlUMait411C7Y3UeJCeGpt1pVxpd19oV
TLCew7CvPquvOXPCXum8eVbiXmqjUI9ssf7z1AqDT9Su9MctJl4ieB1rbs20m7jMmRGR94GrUdpY
3ALQrlQcZojh6zmqntLj5421LFrcC8txOBtz2qXJPWmqgVQq8AU4V6K7nM3dijiiiimAtKKbnJp4
BbgDJpbuyBCU9EZqiuLq0sIjJeSquBnGa4TX/iSqmS30sHcONwFbRw86jsiJVEjuNQ1Sy0eJpbiV
cgZ27hXnWufEGXVpPsNquLaT5WPtXFXU9xfyma7k8wtzUlpxNGoGBnpXoLBRpU23roc/tW5I9a8I
AmJCe9eo2H+rX6V5d4R/1Ir1Gw/1a/SvKOs//9X36sbxH/yBLz/rk38q2e1Y3iT/AJAl5/1yb+VK
XwmlL418j5dY/vpf+ujfzNKKRv8AXS/9dG/maUV5ktz9Dj8KFpwpuaXGaRQoNOGM00Ypw9aYJDoU
M1zBEB8zPjFfQuhWf2DQLW15LBc/WvE/B1gNQ8UW8bDKKpYnHTpXpPjLxvBoMAs7LD3ITAweldNJ
pJs+fzRSxE40Yov+KPFth4dtnDtvuT91Ae9eL6pq17rV01xeN8x5VM5AFQXd3d6hdSXF1KXkc52k
8AVCPbn3rOpUbZ3YLLo0Iq+4AkUdeKM0ViektA6U0gMMEAj0p1JmjzE11N/wx4tuvDk4VyZLPPKl
iNufT1r2XTdTtNbsUurSQOrAHA61894yPX2NaWieIb/w7dJLaSM0e4F4yeMVvSqu9mePmOVxrR54
bnovxP0w3GgNcqMmNlyB9a8dAyimveG1ax8XeGLgQ481oyWX3FeGND5EskLcGM45orWbuiMslJQd
KW6KzrULLVx1+UVCy1gmd06disRikDVI61CRitEczTTJQakVsVXU1KpoZUZ2ZYV+elO6+1Qg09TU
s6FK5ID2qaM4qsTzT1apNk7MuK1Sg1TVqmV800zeMixmnA5qIGng1Vy73JKDTc04E9RzTG3ZXDAy
B+dKivJKIo0LSH+EU6CCS5uVgtgWlfsBmvYPBfgW30q3F9fKJbo4I3DpV04Ns87HY6GFh72rPKJP
DuvzLiLTpAp/iNRJ4E8QvybQ59xX0sG28DC+wFLvY+/5V61Cu6KtBHxOKxE8VJub0PmaTwB4gI5s
z+VUn+HOvFuLNvyr6nDnH3j+VAc9/wClayxtSXxHKqNtj5YHw413vaP+VPX4b65n/j2b8q+pdx/z
imnd3/pS+uSD2R8wj4Z683SLb9Vq5D8Mte/6Zj6g19IMSRwTUJDVX12ViuQ8Jt/htrSAbmi/I1sW
vgbVIcFmj/WvWH3Zxk1VfJzk/nWbxcpAonF23h67gxuaP861YrKWMfNitaQc9qrvjtWMpuRRXCEd
aU089aaazAaaaetONJigBtBNOxSEUANpVIB5HHekoHWmm2Jo5/W9KdGFxBkgnlas6VpcbwLcTZ9l
NaxAbh+R6UfKBgDCjsK5fq8FU53G7Ned2sJ5iqQNwQDpQ3XOciqeo2T3QUxMR9Kt28RWAKxOR3Nb
8zk/eRDuwzz60uCO1U77VINPUg4Z/bmsddfuWlDAfKTioniIU37/AFGqbkro6PqxHQ1zmsH/AEsq
RweDXRxHzoQ5wCRVSTTUebzZBnJzzWGOoTrUlGBVKahK7ObtNJ+Zmih5bua3LXSEUBpSSR2rSQJG
NqKAKU89azo5dCKUqnvNFyra+4ACoMIoApM560UV6G2iMW3cDzSUtJTv0EFFFFKwBRRRQAUUUUAG
cUtIaBQAuDTlQtSKAxPOAKyLzUbiVngsxlhwTUzmo/LoOxZ1HVIrJSqfO/Qis3RUhubtpr18n+EH
tUGnxT/a2hvE3M3c1Hf2kthKwJIDfdI7V51atVT9ra8eqNoKL0Lw1WK21ZopYgYyflYVsTapbW6x
CQlklAAB7ZrC0iGxmjcXvLqchs1l+XJqevvFAWMMLjbzxWlOtJUrx2ewnC7s9DW1bTN1zGLRCFc/
Nit20tlsbZYl5zyc+tPi/dxBXALDvTs55rqhSUZcy3Mm29x1FFFbPzFfoLn0HNLyfujJpUjZueg9
ax9b8U6foQKswaXHQHqacYSn8IpNR3NkhYkMkzBFAyTXJa74/sdPieKyxNN05OK4bW/GGp63Kyo5
ht/Y1giMZDElj3Jr0qGBS1kc8qumhf1LWr7WJN08jBc/dB4qmqqv3QB60vGTz9KK74wUFZHO23uF
S22ftUeT3qMdKmth/pKfWpqr93L0Y4fEj1jwj/qRXqNh/q1+leXeEf8AUivUbD/Vr9K+eZ6B/9b3
6sbxF/yBrz/ri38q2axvEf8AyBbz/rk38qUvhNKXxr5Hy6/+tm/66N/M0opH/wBfMP8Apo38zQDX
mS3P0OPwoeKKTNLSKFozgg0macB39KAvqX9K1eXSFme34nk43DtVCWR7idriZzJM3VjSjvzzSEmq
5iFTipcyQnJHNFAoqXqXs7oKKBS0WASjrS0YoDyENIPalxSYp2ElZljTNSudKulntJmjHR0HQ1Df
zi8u5LnbtLnJHvTexGeDTT1ov3M1RgryW7IzzUTCp257VG1SJxsis61CyirjDioXTjNUmc04FXGD
Tg1Ky0zFXuczVmTK1SK1VgealVhSaZrCRYBBpeKiBqQHNQ0bp3HhqlR8VXxilDUjWMi8r08HNVUf
PFTI+c8U0zaMtSdWxz1NTW0E95cpBZxtJMxAAHbNR2Vrc6ndfZbOIs7YGccCvbvB3g2Hw9axS3OJ
LwqCxxwK6KcGzgx+YRwyeuo7wZ4Kg0OBbm6jElyw3ZP8Ndfnd1prMGOSaXOfauyMUkfG1q8q03Kb
FIxSDilzSHmnr3MEkKDml4ptAo17gSA0daSloCyCo2xUlNNAFeRaqyLxV2SqsnNAFCVeKrMtXZFz
VVhQBARTCOakNMNADTSUppMUAB6UnalpKAENNxT8cUlA0NIpMUpo7UXZPUq3txJaxeZGpYjsKxJd
XudWY2tsTGw6+tdKDt7ZqqNNt4Z2vIlxJ1OKyq03KV0zRNHP28P9lM41BGlkf7rNUdnF9q1FSFG3
d90VZ1bVDdy+RcREBfutir3h6zCRm5P3R3FedKKqYnkeqjqbxfLBjfEZe2SOSKby9uPl9aXTNZa6
xHMCTisvUmbVrxmz+5Qnke1TaMo+1eZkBF9a1qV5qulF6MmEE6bbOkMfPAx3pCpHJzzXPavr7TXy
wWoIUcFhT7LWbpmEbwswHUiun6zS53Bb+hkqbUbm70GMUcVUTWLR+GO1vQ1OlzbS/cmXPpW0ZRls
0S4tElFO25AIINIVIOMjNUJ6K4lFKVYDn9KNp4zjmgBtFOK8ZyBUbyJApaRgo96Olx21sOpRyMLV
N9XskYDzQc1Lc3Cw2QnXoVzxU88dddg5Xa5Y2/LjIzSZzx3FctZ6vMbvzHOUJ6Z6V1CukyCWM/Ke
tZ0a8K2sGOUHFczKOum4j0syWv3s81B4WnSWx5AE+TuzWttEqNG3Q1zDzf2PeOE6Mc1hiZ+ymqj6
l01dHUACRtu1d474qrK1vqW62YZZB1qk3iSAWwK/6w8VPpUOInuHGC9brEU6itFXRMoNO7MBbOS6
v3tIwVVTgsK6iysYdPtxHGg83u/rUsaRxfMigM3JNP6nmpo4WnSTdtWEqkqi5XsA560vsPzpO/8A
hSsUiTfNIsaDnJrp1bsjNu249FZuAu6or6+tNLhMt1NGMDO0nmuS8Q+P7WyLW1gpklA+8p4rze9v
73Vp2mvJWKt23HArso4OU9ZGU6yWx1viHx/c3ga204uiA43rXGOstxKZrmV5X9XPSlQBB8oxjvS9
TzzXqU6UaatE5JNz+IBgcClxS4orQQmKXFFGadgFFS23/Hyn1qHNS23/AB8p9azq/wAOXoyofEj1
nwj/AKkV6jYf6tfpXl3hH/UivUbD/Vr9K+dluegf/9f37tWN4j/5At5/1yb+VbPasbxH/wAgS8/6
5N/KlLY0pfGvkfLj/wDHxL/10b+ZpRSv/rpf99v5mkrzJbn6HH4ULTqaOtOpFAKXPFIetKOlAAKD
S0UAIKU9KQ0UAAoNLRTASlopO9ABRRRQAlBFLRSAZTCOakIphWkSyMjmo3FTkcUwrQZSiVWWoStW
2WomWrjI5qlMr9DShvalZaZzV7nNrcmVqkBqsCakVzUtGsaliyGpxXjNQ7h1p5faw+Vmc9FAJz+V
RdtnRzxtdiqwHOa1NG0u71y8EFqDt7sOgrX8PeBrvVnSe7V4rfhsYAzXqWm6XZ6LbiGyhCpjlyOa
3hSb1Z5mMzRUY8tPVkvhPwxZeHbRcAPdN95jziunV+/XnvWNFMQetXo5c967IxUUfN1qsqj5m9zQ
D5FPBqsj8dalBJ71RiTilqNW9akDCgAo6Uck0p560AANLmm0oNADhSGjNBNAEclV3FWWFQOtAFKQ
daqsOauyLzVd0oAqFeaYw5qwVNMKUAQEUhFSlaQigCHFBFSYppWgBlN70/bzSEc0AMNHanFRSYoA
aM54oOMZ59xTsUhoAq3mn21+mxxtIHBFYU41LSrZ7eHLQnqcV0vU+4p3B4dQ2eMGsalLmuo7lKWh
zUflQaGzD/WMpJPvVSytLm7YvGdsK9SK6efT4LlPK27UHPFZeoRXVpb+RZofJI5K9TXJVw6v7V9F
saRn7tjInSP7R5UQyxPWuq021is7JRIvzlcls1zukxpLdgPwy9jXTXjBLJ8MMhelPA02oyry3HVl
dKKORnAlv8xnALY6Vr3GjQw2yuk58484rJtreXULgomQ3XirNnbXbasIZ2bKDgt0rloNNTk18TLq
WSIre41EO6bzhangv765mEUfLVtarDHBbN5agNj5mFc7Y3T2dwJlGcVtXnKhUpwUvdFGKlFlxtWv
NMusXo/dDrUt5eXMkQu7Zv8AR36e1Z15LNr1z5W0YJ5rYnshp2jJbg5wxOPrVqo5wqWei2FKKTRR
0+5ubmUyzP8Auk7VI1x/bd6sUbERA8471DpA3I8eeC3SoLBvsGo4Q/KW6elYxxDcKab+LcbguZmp
feH4HiPkPh174pPKng0NoJudpI5+lbW0kBl5XqaytUvIpbd7ZPvg8tn2r0Z0owvNmMNVYxDb26ad
HLG3zlRuFWtI1JrdhE4yjetWND02yktg0rbzjkZrOvYpI9QaC3jO0/dOM151SM4uNWlsbRafuyOt
U5w8Z+Wql1pVrdyb3zmqOk2V9A++4lJj9K2CcsSOnavU1qRvKO5hblM6PQrNDnrWgoCqEX7q9qM0
q7j0XNONONNcqC7D3H5U5EL85wKiu7y002EzXTqvGeTXnniD4hXE5a200qidN4FdFKhOZlKoonZ6
v4m0/Q4myRJLjgZrzLWvF+pa25iVzDB6AdaxJDLcOJLmZpH/ANo5p34V6tHCQhucsqjY0IN25s7v
UHrTyPX9KSlFdJle4oHHNLigUUAFFHeimAUU6imAgFS24/0hPrTKkt/+PhPrWdX+HL0Y4fEj1fwj
/qRXqNh/ql+leXeEf9SK9SsP9Sv0r52W56J//9D37tWN4j/5At5/1yb+VbPasbxH/wAgW8/65N/K
lLY0pfGvkfLrn97N/wBdG/maBQ3+tm/66N/M0CvNe5+hx+FC96cabTl96RQUvSl4pKADNOpKSgBc
UYpKKAFooooAKTFLRQAYoxRRQAlFHeilYANNp1J3p2AaRUZqU0wipZDIyM1E64qcimEZJoWhlKNy
qwNRsBVl1x2qF1281opdDlqRt6EBGOS34U6EPI+2ON3b0UE/yrX0rwxqGsSKyr5dueSzdSPau/0z
w/ZaTGBEm58YLGtoU2zy6+LhT2dzkdH8F6lqGHuFWCIjhg2T+Veg6J4U0zScOER5e745JqWOUrgK
cD2GKuQzc4wPqa2jTSPKrZhUnombMcgKjAAHQU8/N15+tUI5OetW45OK1RxuTbux5UjpUscpXqaa
CCKayd6CTQin461bSTPesRHKnrVqKc55oA1lbmpAeapRy5PWrCvzQBZU08Y9ahBp4amBJmjFNzTq
ADOKQtQRmmkUAKTTGGacaTtQBVdeahdDVxlzUTJQBSZKjKVcZPaoilAFUx01lqyyGoipoArkU0ip
yvPSmMtAEPamkVKVppFAERFGKeRRjigCPFJinEUlADSoOKD9KdSYpp2AbznPSgMQT6GnU0jmktHc
FoQCztlm84J8/tVPUtMuLuTzIpML3WtPBHelACjIJFRKnFppLcd9bnM29te6bdCVYiw9qj1K/u7q
UJBC6yk9a6re+MA/nTfLj3btvz+uKwWHlTXLTdkW5X3MWaZ7XRlhu3zOwqjpYikLQy4DEcV0U9lB
cyB5Blh0zUP9k2olEmMMOeKVTDydZS3SHGdjnY2bTdSyRjB7dMV0F9e2s+n+YHBbHIp8+mw3PzNg
HpzUCaJbLxk49KmjQnS5qa+GXTsDmmYum3sVtdb3U7HPFSX2kXMU/wBogy6PyMdq3RpVmBhlBA6V
ZT5E2AkgUoYH3OSbu+gSre9oc7CdUMDIof5hjmnvoU8lqoQ/vScsTXQbiv3aC5BJGc1vDDuPxu7I
c+xmWOjLYFWLZYDkZ4rRBVW3BBu9QKTjHJOTRypwBmtYwjSjyrYTve7FLE8Dn6U0ZLY209EZzjOw
etZWq+KNM0ZWVn8ycDoDmtIwk3aKJbS3NVlSGPfNIEHvXJ+IPHtlpqmCz/eSnjIri9a8X3+tSMse
Yo88A8VhLGF5wCT1Jr0aGBS1kc8q3YtahqV9q8xluZXKfwqTwBVcALgKAPpRyMDNL0r0EklaOhhJ
uQUUUUyRcUuKBRimAoooooAXHNBHNL3oPWgAxS4oopiCpLf/AI+E+tR1Jb/8fCfWoq/w5ejLh8SP
VvCH+pFepWH+qX6V5b4Q/wBSK9SsP9Wv0r517noH/9H36sbxH/yBLz/rk38q2axvEf8AyBLz/rk3
8qUtjSl8a+R8vP8A66X/AH2/maShz++m/wCujfzNArzXuz9Ej8KCnZpMUAUDHDpSikFLQAtFFLig
BKKXFJigBKKKKAHUhFLSUAAopcUUAJik70uaDQAYpCKB1pTRYBuKbTjSVJLQ0imMMkDqPT0qRuOp
wPU961tB8M6h4huQkFuyQHrMTxiiMW9DKtUjTjdsxIoJLmYQW8W+Q9AvJru/D3w8RQl5q5O/qsfa
u60Lwjpvh6ACKFJLjvKwya05l3HJ5+vauynRstT5jGZm5NwhsYZtYoIwkKLGgGAAO1UZY/Qcetb8
sII6CqE8PHTjNb2tseK3cx2ypqSOTpzUk0eO1ViCpoEjSjl6c1eikyetYccvPWr0M3PWmPc145Oa
sK2azIpatpJwDQIsMgNNB2nrTlcMOacQpoAfFNg9auRzgms/GOlKkhU0AbMcme9TBqyY5wD1q4kw
I60AXgwp4aqquD3qVW96YExNITTd1GaAA0lLmmkgUAL2phFO3UnNAEbLUZSrGPWmkUAVWSoilW2W
oytAFUpUTLzVsrUbJQBVZaj21ZdeajK0AQlaaV4qYrTCOaAI8cU0rUpHFNIoAiNJUmKTFADMUlPI
pCKaAbQRxTqQ0kAyl5paWn1uBGc0uKdikqY3S8wGmk5p9JVa2DQaaTGKcelAxjn+VK19eoXuxvNH
SngM33VJ96Zcy29knmXUyRqOxPNHK36g9NWORWdgAmfU+lVb7ULLSYWku5BuHQZrkNf+ICRCS30/
BPTcOa4C5vL3UHMl1PI2e2eK7aODlL4jCdZbI6zxB4/urwtBYgLH/fBrjX8y5kM1xI0jnvmgKF4U
ACnAkdOK9OnSjT+E55TkwAVR8v60UHmkrQiwuKMUClp+gBRS4pKAHClpBSigAxRilooAUCjFLS0C
ExRilopgJipIB+/T60ypIP8AXp9air/Dl6MuHxI9U8If6kV6lYf6tfpXlvhD/UivUrD/AFa/SvnX
uegf/9L37tWN4j/5Al5/1yb+VbPasbxH/wAgS8/65N/KlLY0pfGvkfLkn+um/wCujfzNAok/103/
AF0b+ZoFea92fokPhQ8UCkFOFBQop1NBpwoAKKKKACiiigApD1oooEKKWm0oNABRRRQAlLR2ooGJ
RS0hYhNzGjyFpuxMc4pY0klfZBGZJDxtUVo6Nod7rtyIrWJiucFiPu1674c8C2OhRJJPtnuSOpHS
tIUXI8zF5nCgnbc4/wALfDie5Md9qjGOMciBsZr0+3toLOFYbZBHEoxhR1qy2QRjCoOgFMPTIrrh
TSR8risXUxEua5C6854x2AqB1FWiKidc9qu1jju3uUnTIqpJFxWmycVWePJoAx5oeelUJ4iO1bss
XNUZoM5pAYpXaakSTaetTTQ4JqoylTQM0Yp6vxS8c1hJIQavQz+poA2UkGKnVs96zY5RirKScdaY
i6KQrUcb8VMCMUARg7TU6T460wqCKiKkGgDSjnBq0so9KxUkK1bjnyeaANUSA9KN1UllHrU4bI60
ATbqN1Rb80bsUAShhTg1V99SBuKYE+aTFM3dKcDkUAIRTGX2qSjGRQBWZaYyVZKUxloAqMlRlatl
aYy0AVCtNK1ZZKiZaAICtMIFT7eeaayj0oAhxTSKm200rzQBERSEVKVxTSOKAIsUFaeRxSYoAZik
p5WkxQAlJinYpMY60wtcbScUpBOMDNPdFjj8yd1RfQmiMXJhexHgsMAUPstoy08qxKBzuNc1rXj2
x0tmitk89gMcdjXnWp+KtU1l2zI0cZP3c11UsJUqPTRGU6y6Hea94/sLBTDYFpJP7wGRXnmqazqG
tyk3MmE9AxqgIx1LFn75pw4r06eGhT9TmlUbGpEidMCnZ65yaQ0Vve2xmKcUUlKKQwpaSloAKKKK
BC0ooxRTAXHFApe1AoAUUtJSgUCDvS0YooAKKXtQBTABUkP+uT60zFPhH75PrUVf4cvRlw+JHqfh
D/UivUrD/Vr9K8t8If6kV6lYf6tfpXzr3PQP/9P37tWN4j/5Al7/ANcm/lWzWN4j/wCQJe/9cm/l
SlsaUvjXyPlx/wDXS/8AXRv5mih/9dL/AL7fzNJXmvdn6HH4UOpwptOFBaAU+m0oNMBaKKKAFopK
WkAUlLQaBCUZoxS4oABQaAOaO9ABR7AZJ6UhIAyauabpd9rNx5FjA7kHlhwBTinJkTqRgryZT3gE
KAWfptFdr4a+Htzq0sdxqAaOAchema6/wv8AD6z0mJLi+US3J5wwzzXa7iVCgKirwFArphSW7Pnc
bm93yUypp+mWWk26w2UQRQMZ7n8as8+35UoFBzXRtsfOznKcuaTuIRnrSECloIpkkZFMIqTFNIoe
oEJXNQMmDVvtUbjNKwFCRM1Ulj68VqMoqtJH7UWAxZoc84qjNFkdK3pIvaqMsPtQBisu005ZCtWp
YcdqqOmDQBdhmJHWrsUmR1rGRiOlW4psDrSGbMb+hqwrjOKyopT2NW45AT1piNANnrTuvWqqyHPF
TK/FADnQdqaCVqQHPWkK5pgCzY6mrMc/HWqbJTQStIDUWbNO35qhHJipxJmgCzupweqwf3pwfnrT
AuBuKkVuKph6mRuOtAFgHNPFQq2akU0AKaQqMU/rS4FAEBWmFanK0m2gCqyVGyVbZajKe1AFQpTG
SrZSo2WgCrspClWClMK0AVylNK1OUprLigCErxTCtTkYFMIxjPejQEiLFJtOanEbHtxUF1cWdipe
5mVR6E00nJ2QNpCEc4HNLIiQoZJmUIOeTiuP1j4kWNmGgsSkkg9K8/1TxHqurOwklkjjY5wrY4rr
p4Kc99DGVdI9F1jx9YaarJbESS9MYzivPNV8V6vrLsDL5cXbAxWSIgPvHcf7x60pHGM5HtXpU8NT
gtUc86rZGsfzbmJLdznrUmBkEdRSCjpW5mB65pKU0lABRiiigBKUUtFACUtJS0AFLSClFAC0UUYo
AdQKBSgUAKKWiigQd6dik4zS0AFKBSYpRTQAafD/AK5frTDT4f8AXL9air/Dl6MqHxI9S8If6kV6
lYf6tfpXlvhD/UivUrD/AFa/SvnXueif/9T36sbxH/yBLz/rk38q2axvEX/IFvP+uTfypS2NKXxr
5Hy7J/rpv+ujfzNNFK5/ezf9dG/maQV5r3Z+hx+FDhThTBThQWh1FJSimA4HNFIOKUUAFA60tFAC
0hozRQgCgGij8KQn3F600svRQSfakdhGMsQAat6J4j0zSrkzXelpdshyu5iBXVRwlSr8KODF5hSw
8Xd3fkdJ4a8A6jrUqT3Gbe164P8AEK9c0nRLHQ7cR2cK5xyxHNeZR/G+OKMRRaNEqDoBKf8ACnH4
4D/oERf9/m/wrvhgKkeh8jisznWlo9D1sc9Dn1ox7V5J/wALwH/QIi/7+n/Cl/4XgP8AoExf9/j/
AIVp9UqrocPtEtj1raaQg4ryX/hd4/6BMX/f4/4Uf8LvH/QJi/7/AB/wo+qVOwudPc9Z59KXnHSv
Jf8AheC/9AiL/v8AN/hR/wALwGf+QRF/3+b/AApfVKvYOdHrBHtTSPavKD8bx/0CIv8Av83+FI3x
vGONJi/7/H/Cn9Uqdg50erke1RsPavKv+F3jH/IJi/7/AB/wpp+Nw/6BEX/f5v8ACj6pUDnR6myH
0qGSM+leXn43j/oERf8Af5v8Kjb43A/8wiL/AL/N/hT+p1A50elyRnPSqskRJ6V50fjWrH/kERf9
/m/wqJ/jMp/5hMX/AH+b/Ck8JUHzI7yeEZ6VSkg64FcS/wAYQ3/MKi/7/H/Cq8nxcBH/ACC4x9JS
f6VDwtRDudqUK9qQEgdK4NvioG/5hqf9/D/hULfFL/qHJ/38P+FQ6EkO56VFKeKvRy15OPimR005
P+/h/wAKlT4s7f8AmHJ/38P+FJUpCuevRyGp0evI0+MGP+YZF/39P+FSr8ZMdNLiP/bY/wCFafV5
hc9dDnFSK5NeRr8ZxjnSov8Av8f8Kevxpx/zCov+/wAf8Kaw0w5j1vGe1MZDnpXlg+NY/wCgTF/3
+P8AhU8fxkD/APMKi/7/AB/wp/VKguZHpfI7U5WNeeQ/FaOU4OmoP+2h/wAK0rfx/FOf+PBB9HNQ
6E0HMjtQxpwbmsC28SxXAH7gLn/aNacV6ko4TBrNxaHc0Q/FSq/FVFkBFSq3pUjLiPUqNk1SR6mR
znrQBcU+9PBqur1KpNAEuKNtC07mgdiNlphSp8ZpNtAisyVGyVaK5pjJQBUKUxkq0y4pPIZjhVJo
9QKZXFNKn169qs3BtbSNpLmcIAOnFcpq3j/SdNQrCEnccA7ua0jTnLZEynFHQfZyDlyFHqTWbfa5
pGmBzcThivQA15lq/wAQdV1BmWDEMZ6cZrlZnnvHaW5lZyfeu6llzavMwliFsjvda+J4ZWgsIT1w
GxXD3+qajqb5nlbb1wDVdUVRwKCOe9ehTw9OGxzupJkQjXPT5vU0vNOpOa1bYt9xpzRzS80tTa+4
aDcUhFLRTsAmKTFOpKLAJijFOpDQAlFLSUAFFFLQAlKKKBQA4UGiigBwpRSU4DihAFFHelApiExz
TqXFFAhe1JS0UAJT4f8AWr9aYafD/rl+tZ1f4cvRlw+JHqXhD/UivUrD/Vr9K8t8If6kV6lYf6tf
pXzr3PRP/9X36sbxF/yBbz/rk38q2e1Y3iP/AJAt5/1yb+VKXwmlL418j5bc/vZv+ujfzNIKH/1s
3/XRv5mgV5vU/Q4/Ch1KKbTs0FodR0pAaKYC0tAoPWgBc0ZpKKAFpQe1JQSFXLEBapRlOVkKc4xj
zSHjnpUE90kQwD81VLi+DApFwPWqWdxyxJr2MJlnN70z5vMc7jCPLR3JZp2nb58gelR5HakGKWvf
hSjTVoo+Sq1p1XzSYvSjrR2orW3mZWQoozSUtFkAhooopadguxc0mee1HajtRp2C7EJzSUd6WjQL
sYc5o604im9KHYd2NNMK1KR3puKnQaZDtppGKmK801losi1IhIFMI9qm200rWUoplXID+NMI9zUx
WmFawnTRSZEfYmgHHXNOxSEVzuNnoMUH3pc4700UppxlqA8GnZqIGnhq2UxEqtjtVqFulUlarMUo
HFaqQmbNu3Tk10mnbcrxn61y1pIvHNdNp/JXPNZVLNAjsNN6jG0CumtDgDnNcvp2QB8tdLan5RxX
m1VqWjXj5AqZSRVeM8DipwTXM9yiZWqVWqsCakDUgLQbkVMj1TVuRUysc0AXVfmpd1VUDt0X8anC
lRlpEX6mh+QaEo/D86cOaqS6np9opae7hBHuKxL/AOIOiWKnbMXcf3VyK0jSqy2VyXUgtzphHv46
U0mGBS00qAD1YV5XqXxTuJ9y2ETAdiUxXI32v6rqTMZp2RT2BrspYCpPfQxliUvhPY9U8YaPpQJa
VHYehrhda+KFxIWWwG0HoRXA+QrndIxc+rGl2ADAC13U8vpw+LU5pYiUiW91nVtUYm4vZdp6rms8
WyA5bLH1POatkHtTCK61GMF7qMm2QleO1MIP4VMVppWj1GQ4ppHNS7aYV5pDIyKTFSFaaRQMYRRT
iKTFKwDaKXFGKAEpKdim0DCkpaMUgG0GlxQRQA2loxRigAooxTgKAClFB60tAheKUdKbTh0pgLSi
gU7FACUopKUUCCiiigAp8X+tX61GTT4T++X61nV/hy9GXD4kepeEP9SK9SsP9Wv0ry3wh/qRXqVh
/q1+lfOvc9E//9b36sbxH/yBb3/ri38q2axvEY/4kl7/ANcW/lSl8JpS+NfI+WZD++m/66N/M0tN
k/103/XRv5mjNeb1P0OPwodmlFNFOFFyh1GabmlBoHceKM0lJmmNasdk4zjNGc9ODTc4HJwKpXF9
yUj/ADrpoYadV6I48XjqWHW5cluI4l5b5vSs2a5eY88L6VAzF+W5NJmvosJl8aa94+Nx+cVK+idk
OzR0ptFeiklseK97jqO9IKXPNMQ8GkzTeaBmpAeDzR3po4NLmqQDuKTikozTuA6jtTaXtSASlFJS
igAIpuKcRSYNACHpTTTyKaQaChpHFRnOKl7c00jigaZEw44ppqbHFRstSUmRkVGRU2KYVNZyiWmQ
4ppFSlTTSKwlAZHikpxpKwlGwCUtJS5oTGOU1IKiFPU1rGQmWY3kQ8HNa1nrFzbEfKCPrWKhGasp
g+5rRWe5Db6HdaV40jjIE0ddjp3jXS2AEmRXjyYI6YqdUBHVh+NRLCxmT7Ro95h8VaO4GJgPqauL
4g0sjP2hfzrwABlxtdvzpczn/lu4rL+zk+ofWGe/HxDpa8m4XH1pp8W6LH1mB+hrwT99jBmc/jSb
G7yP+dL+zo9WH1hnuM3j7RYvunJHvWbc/FKyh/1MLE15CIhkElj+NPCqD3/OtI4GityHWkei3Xxa
u2G23t8D1JrFuvHOu3mSrKinr81cuPXA/GpUYdcc1vHDU1skZucn1Lst9f3bFp7hzn0NNRB1LsfZ
qgV/8ipUfPOPzNdKSitDJ3ZYAUDAFLUatzT8g0XAWlPNJmloWmwhpFMOalNNIpWAixTCKmIppFD1
3C5CRUZFTkUwrU2KIjmmkVKRTWFMCMjikxT8UlADMUlPIpuKRQnNJgU6m0gDFIaWkINACGkpxFJi
gBKWjFFABigUUAUgFpRSUvSgBcU4dKQDilHSmAopc0gpaAFooopCCiiimAhp8P8Arl+tMp8J/fL9
azq/w5ejLh8SPUvCH+pFepWH+rX6V5b4Q/1Ir1Kw/wBWv0r517non//X9+7Vj+I/+QJe/wDXJv5V
sGsbxF/yBL3/AK4t/KlLY0pfGvkfLEh/fTf9dG/maQUkh/fS/wDXRv5mlFeW3qfocPhQtKDTTRmj
UofSg00txz1o3ADJ4FVu7LUUmoq7Hio5p44V+ZsmqtzqCxjCDJrMeRpTliTXq4XL3P3pHg4/OIU1
yU9y1NdtOcLlRUH48imZ7UuRnivoadGNNWifH1sTUrSvJkgajrTMijNa3Od67kgxmlzzUeacDRoA
7NGaTPNLkUwFzS5ppNGeKAHZoBpuaKdwH5opopSeKLiHA0ppgNOzQAvagUlGaAHE0g60lFAxTTTS
0UANPSkA4p1IaLhcbimEVLimkUikyIrimEVMRTSo9KC0yAimkVKRTCKmSKuRFaaRUpFNIrCUSkyI
ikp5FIRWLiMbmnqaZinCo2AlQ81ajPNVV61Yj61rBkMuRmrSH5aqR9atJW8WYybJxyKdTF6U7NWZ
i5pRTRS00A4daXvTQeaXNO4h3anA1HmnA8UXYiVWqVGqsDUitTTFYtBuakVqrBualVhTETg5pwNR
BqeGpkj6TFANLQgGkcU0ipDTSKYEZWmkVLimMKkdyLHNNYVKRUZFAXGFeKaVNSc000gIiDSAU85p
vNIq4hFJilNFAJiGkpTSUhiGkpTTaAFopKKAFooFLSABSmkpaAHDoKXFIKUdKYC0UCloEFFFFIAo
opKYAadD/rl+tNp0P+uX61nV/hy9GXD4kep+EP8AUivUrD/Vr9K8t8If6kV6lYf6tfpXzr3PRP/Q
9+NY3iP/AJAt7/1wb+VbJrG8R/8AIEvf+uDfypS+E0pfGvkfKsn+uk/66N/M0A0kn+uk/wCujfzN
JmvMaWp+gwdopDs5NLznimjODzgVUudQSDhDlqujSqVNjCviadD4i5JMkKlnPPpWTcag8uQvC1Vk
me4bc7celMyOwr6HCYCNON2fKY/OKlR8tPYlVvXk0bjUYNOBr1Fax4bTbbvuPzzS96ZmlzTepFrD
80vNMDUuaLhYdzS5pmaXNFxDweKcDxUeeKUNxVJgSA0vaow1Lup3EPHFLmmg0E0CHUUgPFGaYCin
ZpgNLmmA4GlzTAaXNAD80U3NANADqM0maKBhQaDSZoAU9KbS5ooAaRTTTz0ppFIpMjNMIqU004oK
uQkUw1MVqNlrNopMZjNMIp+CDQeazlEq5HinAUYxTsVlKIXFUc1ZjqsvWrKURJZajq0hqsnSrCVv
EykTA0uaaKdVmYop1NBpaAFzRSUtMQtKKSimIcM04HBpoozzQMlDc1IrVADUitTuS0WA1SBqrhqk
VqYrFhWp+RUCtTw1NCaJaQ0gOaWmIKY1SYpuKQEeKaRUhwKQjikBCRTDUxWmFaBkRpuKl203GDSG
RHrSVI2N1NIpDQw0mKcaSgBKTFLRSGJiilpKACiiigApcUnenUgFxSjpQKB0pgKKWkHSloEGKKWk
NABSYpaKAEp0I/fL9abT4f8AWr9azq/w5ejLh8SPUvCH+pFepWH+rX6V5b4Q/wBSK9SsP9Wv0r51
7non/9H36sXxGcaJef8AXFv5VtCsXxIM6Jef9cW/lSltYuj/ABItnynIT9ol448xv5mmNIsQLOce
1Q3l6kM0i9T5jdPqax5rl52+Y8Vnh8FKcm2fUYrNKdGCjB6lu61F5MrFwPaqIznJOSaaMA8dKXoa
92jRVNWsfLYjGVK8vfH0uaZmjNdFzkH5pQaZmjNFwsS7qXdxUQJpd1WmFiQGlzUYalBzRcVh+aUG
mZpQaLg0PBp2ajpQadxWH5pQajzS5pk2JM04Gos0op3CxLmlzUW6nCqTFYdS5puaAadxWH0ZpuaW
i4WHZoBptFFwsPzSg0zNBOadwHmjim9qM0XAXNGaSkpXAdmkNJRQMSmkU48U3rQNMawNJjinHmkN
SykyJhTCDUtIRnpUspMhxS807bRioaKuKgqxGOahUYqePrU2FJ6FmPrVlKrx1ZSqSMZDxS0gpasg
WlFJRmmAtLTc07NABThTRS0xDs0o60ylBxQA/vS5waYDzS0wJVY1IGNQBsU9Wpkssq3FPDGoA9PD
U0S0WFapAarq1SK1MViSikDUtACED0ppp5ppGaAGkcVGRUuMU0jNICEimkVMVphFKwyIrTcYqUim
OuelDAYRTcU/FIRSGMNJTiKTFBQlJS0mKTAKKKKQC0o60lAoAfQOlJmlHSmAo6UtIKWgQtFFFABS
GlxSGgBKfD/rV+tMp8P+uX61nW/hy9GXD4kep+Ef9SK9RsP9Wv0ry7wj/qRXqNh/q1+lfOM9E//S
9971i+KOPD9//wBcH/lW3WH4p/5F7UP+uDfyqoq8gZ8ZTljdzknP71v5mo6fP/x8z/8AXVv5mo69
iCSirGUnzO7HAUGkH1oq7i33FzRmgUGgQoNLTaM079wHZpc0zNO7U+ZALmlB4plKDTuhD80Bqbml
p3QDwaXNRZpQafMhEuaM0wGlzVcyFYfupwPFR0uaLoVh+aUNTAaXPFCkgsSZpQeKjBpc1V0IkzSh
qjBpc0XQEmaM0wGlzTuhDs0A03NKDRdCsOzRmmk0Zp3XcLD80hNNzS5ouu4WFzRmkpDRdAKTSCg0
UXQwNMIpwpKTsAwUuOKDQanQq43FLiigUnYYqjmp0FRqKlQUtBMsxjipkqJOlTKKd0ZyY8U6milp
3RItIaWii6AQdadkUlJ3p3QD80A0lKKLoBaKM0CndCAdadmkop3QDs8U4Go6dRdASq1SK1QA08NT
TQrFhWqRWquGp4andCLAapN3FVw1SA0XRJJmimg04UXQhDSYp3ekNF0AwimEVIRSFad0MiIppFSE
UwipbQIjNNNSMKYRSuhjDSU4im4ouhjTRSkUEUroYhpKKKNO4C0UgpaV0A4Uo6Ugpw6UXQAKdTRS
07oBaM0UUXQBmkNLSGi6AO1Oh/1y/WmU+H/XL9ayrNezl6MqHxI9T8I/6kV6jYf6tfpXlvhD/Uiv
UrD/AFa/SvnT0T//0/fqxfFC58PX4z1hbHHtW1Va7QSxFGGQeoxxinF2Yz4huIJhdT5hl/1rf8sz
6n2qHY/dHH1Q19Yav4X0+RmK2UIDc5CCuNvPBsDM223Qf8BrsjirKxm4ngIVv7rf98ml2t/df/vk
17d/whEX/PNfyo/4QmL/AJ5j8qf1tByHiO1v7rf98mjDf3H/AO+TXt3/AAhMX/PMflR/whMX/PMf
lVfXEHIeI4b+4/8A3yaMN/cf/vk17d/whMX/ADzH5Uf8ITF/zzH5UfXUuguQ8Sw39x/++TS4OPuP
/wB8mva/+EIi/wCeY/Kj/hCI/wDnmPyo+u+Qch4nhv7j/wDfJow391/++TXtv/CERf8APMflSf8A
CERf88x+VH17yDkPFMN/df8A75NLg/3X/wC+TXtX/CER/wDPMflS/wDCER/88x+VP695ByHimD/d
f/vk0YbP3W/75Ne1/wDCER/88x+VH/CER/8APMflR9e8g5DxXDf3W/75NKM/3X/75Ne0/wDCEx/8
8x+VJ/whMf8AzzH5U/r/AJB7M8YGc/db/vk0uD/db/vk17N/whMf/PMflS/8ISn/ADzH5U1j12D2
Z4yM/wB1v++TTuf7rf8AfJr2X/hCY/8AnmPyo/4QqPtGPyo/tBdg9meNc/3W/wC+TRg+jf8AfJr2
T/hCk/55j8qP+EJj/uD8qf8AaK7C9meOjPo3/fJpefRv++TXsP8AwhMf9wflS/8ACFR/88x+VH9o
rsJ0jx7B9G/75NLz6N+Rr1//AIQqP/nn+lH/AAhUf/PP9Kf9orsHsWeQc+jfkaXB9G/I169/whUf
/PP9KP8AhC4/+ef6Uf2iuwvYnkPPo35GjB/ut+Rr17/hC4/7n6Uf8IVH/c/Sj+0V2D2J5Fz/AHW/
I0vJ/hb8q9c/4QqP+5+lH/CFR/3B+VH9orsHsTyLDf3T+VBB/un8q9d/4QqP/nmKP+EKj/55LR/a
K7B7E8iIY/wn8qNrf3T+Veu/8IVH/wA8lo/4QqP/AJ5ij+0V2D2J5Dtb0P5UbW9D+Vevf8IVH/zy
Wj/hCo/+eYH0FH9orsHsTyHaf7rfkaTafQ/lXr//AAhUf9z9KX/hCY/+eS0f2iuw/Ys8f2N/dP5U
BH/un8q9f/4QmP8A55LR/wAIUn/PJaX9oLsHsmeSIjf3T+VTojdlP5V6r/whUf8AzzWl/wCELQf8
sxR/aC7B7JnmSI2PumplRv7pr0j/AIQ0f3BR/wAId/sij+0F2J9iechG9DS7G9DXov8Awh/sKP8A
hDvYUf2iuwewPOtreho2n0Nei/8ACHe1H/CHe1H9orsHsDzrafQ0bT6GvRf+EO9qP+EOHpS/tFdg
9gedbW9DQAfQ16L/AMIcPSj/AIQ32qv7RXYPYHne1vSl2N6V6H/whvtR/wAId7Uf2iuwnQPPQrZ6
Uu1vQ16D/wAId7Cj/hDz6Cl/aPkHsDz8Rv8A3TTtj/3TXf8A/CIH0oPhA+lP+0fIPYHAeW/9004I
/wDdrvP+EQNH/CH/AFo/tFdhfV7nDBGx0pyq3pXcf8IhR/wiJHrT/tHyD6szilVs9KmAPpXX/wDC
IN15oPhFsd6f9prsL6szkgD6VIAcdK6keEn96X/hEn9TR/aa7A8Mzlgpz0pSpPauo/4RJ/U0f8Ik
/wDeNH9prsL6szlttIRjtXVf8Ik/vR/wiT+9H9prsH1ZnJFCaZtPpXYf8Ik/vR/wiTe9H9pLsH1Z
nHFCe1MKH0rtP+ESb3pP+ERb3pf2kuw/qzOJMbelMKN6V3X/AAiLe9J/wiB75o/tJdh/VmcLsb0p
Njf3TXd/8Igfek/4Q8+9J5kuwfVmcIUf+6aTy3/u13v/AAiB9KP+EQPpS/tFdg+rM4EI/wDdp2xv
Su8/4RA+lH/CHn0NP+0V2D6uzhNjelLtb0ruf+EPPvR/wh596P7QXYPqzOHCsO1GD6V3H/CIexo/
4RD/AGTR/aK7B9WZxGD6UYPpXcf8Ih/smj/hEP8AZNH9orsH1ZnD4PpQVPpXcf8ACIf7Jo/4RD/Z
NH9oLsL6szhtp9KmtYme6jXHU12f/CIGtGx8KBHVtnI71E8epRcbblRw7TTNLwrbFIlz3r0uxGI1
+lc1o+l+SqgjpXVW6bVArzTpP//U9/pGAIpaD0oAqS2wYVUfTI2/hrTbpTTQBk/2RH/co/siP+5W
uaSgDJ/siP8AuUf2RH/crWooAyf7Ij/uUf2RH/crWooAyf7Ij/uUf2RH/crWooAyf7Ij/uUf2RH/
AHK1qKAMn+yI/wC5R/ZKf3a1qKAMn+yU/u0f2TH/AHa1qKAMn+yI/wC5R/ZEf9ytaigDJ/siP+5R
/ZEf9ytaigDJ/siP+5R/ZEf92taigDJ/slP7tH9kR/3K1qKAMn+yI/7lH9kR/wBytaigDJ/smP8A
u0f2TH/drWooAyf7Ij/uUf2RH/crWooAyf7Ij/uUf2RH/crWooAyf7Ij/uUf2RH/AHK1qKAMn+yI
/wC5+lH9kR/3K1qKAMn+yI/7lH9kR/3P0rWooAyf7Ij/ALlH9kR/3K1qKAMn+yI/7lH9kR/3K1qK
AMn+yI/7lH9kR/3K1qKAMn+yI/7lH9kR/wBytaigDJ/siP8AuUf2RH/crWooAyf7Ij/uUf2RH/cr
WooAyf7Ij/uUf2RH/crWooAyf7Ij/uUf2RH/AHK1qKAMn+yI/wC5R/ZEf9ytaigDJ/siP+5R/ZEf
9ytaigDJ/siP+5R/ZEf9ytaigDJ/siP+7R/ZEf8AdrWooAyf7Ij/ALlH9kR/3K1qKAMn+yI/7n6U
f2RH/c/StaigDJ/siP8AuUf2RH/crWooAyf7Ij/uUf2RH/drWooAyf7Ij/u0f2RH/c/StaigDJ/s
iP8AuUf2RH/crWooAyf7Ij/uUf2RH/drWooAyf7Ij/uUf2RH/crWooAyf7IT+7R/ZEf92taigDJ/
siP+5R/ZEf8AcrWooAyf7Ij/ALlH9kR/3K1qKAMn+yI/7lH9kR/3K1qKAMn+yI/7lH9kR/3a1qKA
Mn+yI/7tH9kR/wBytaigDJ/smP8Au0f2Qn92taigDJ/shP7tH9kR/wB2taigDJ/smP8AufpUsemI
pBC1o0ooAgithHVlRgUlOFAH/9kKZW5kc3RyZWFtCmVuZG9iagoxNyAwIG9iagogICA0MDUyMwpl
bmRvYmoKMTkgMCBvYmoKPDwgL0xlbmd0aCAyMCAwIFIKICAgL0ZpbHRlciAvRmxhdGVEZWNvZGUK
ICAgL0xlbmd0aDEgOTU4MAo+PgpzdHJlYW0KeJzdeXt4VFWW795nnV2Pc+pUnapKpZJKKvXKO4SE
CiEQHjkqIAryTNOJEgkPIyZiEiNpCgwJ0hoDKIIYHmKEmOYRUTKIyCUNgWkG8I42wxWmx9budtrY
Pd81ZrQv47SYnNx1TiURte3vzjd/zDe3zncee+/zWGvt3/qttXYRSggRSBMB4l+xelnNh862zYTE
XyaEu3dF/WP+pz49vI2QxGRCaEdFzYOr//j0FxcI8eI42fLgw5GK4vNnk/D6KD6TuOqBZStt4p2H
CUkqxr4Jq7DD9qq5F9tbsZ28avVja892mMuw3YXtrQ9Xr1hG6PE+QnxTsP3c6mVra/gD/Dpsv4Nt
f82jD9TsWLy9ENt4D2skHKlQW/kK1oHSGolHsfBXiOEKNbHVHE9yLlzrG0fka33X+nKd9oA9JWAP
VPBkoA4SBj5RW43WP//pUUMGvqOcEMNedp2YiItMVOItxnprnUDqzUbqshE+xSGZ00lIDMbKN/p6
w9f67JPwN47k9IVv9IVzTxxz97g5WpaSF3bYZS6L0vw8eyg/4Cd2mQS4/Vv+9/v/9OmWwXM9PZxK
d9BO9UdqdYSOoXfSGTTrZkeE/ziiNqm71BfURjSpJgvrQlnc5MfKWGmn6HreKdbbdtqNz5t3QL39
WVbn3EHriWxxWDNMDkOMI5Yn6Q4hxAXjULywJt+1PrzQ5MNz30Cf3Nsv4yH3xPz46ngUNC8qn74H
hq+1c3lPD5u2eXArbW5pUSNcc4su2v5fqYGzgwNnBzt+pe5H+dwo3+9QPhupVhLMjIqww1gnoUS8
wyA4TNZ0S4ikGzhZvnahd6D3Wp/cj5L0h2/0h9FsuXR2l6V4dpe1+L7ZXXLxfSVniDx0Dt8q46ZM
tBdMLFXcin2pvdy+jd/Gthm2GZtMTeYmoUkUyzQZA66QPSp5novWXVQfbGGXm9WVlyL8e310jbql
7+vsCAKFcEOf45zO0eV0kK3KAodPdvCMt/sYL+JuMnOCjzFeTuKAcyTZHQCczcpJScBZtK5MB4j1
smRmQOuhzkhwZq2SRRRMjAdOchqIU772jt2toWBKb58bje6YlDt7UYlRZp8Z2WfusFE2faY3ZL2l
92p9pcFQfh7FzYXqQADyXHiQ13Hhf+Xynh2csWP94JWG4zy98ocIW4LgiNBx6pUIF+Imj2CjDnWS
yFTFI5qNUM/qzBoaDOkmwWFBIJgQB9ZhmMq9muX7v+wPyxdyFXOukCvmWnIlfhQBmi2j8w7kHDen
WZvvyNfZfeoW/Fbz0MdsDvucZFCjUhQKcskBn0VM8nFev0+0iJmixR/gY+lutoGkxe72bHA51qfV
ZPpFS8BrcjtcnIOYnK5xyV4nseVmyjcu9F3rRSjI/XZH1Hnk3hsXEJoX1T60YtRy1s/w0qgfS4PH
CTpSmfK0IcngMwbThXQx3ZIupVvTfen+9EB6MD1UKBSKhZZCqdBa6Cv0FwYKg4WhEqFELLGUSCXW
El+JvyRQEiwJVQlVYpWlSqqyVvmq/FWBqmBVqFPoFDstnVKntdPX6e8MdAY7Q2eEM+IZyxnpjPWM
74z/TOBM8EyoKDdrftb+rK4svoyUFdjzkmheeEL++NQcOpbmj08OhHm3PTSWhoIGV0ysjyZRVwwf
CCa3NXr/qefF9keOfvTBcZpGhU00YXej98KbO3et+vuP/qFbvaxe3aF+NIsuP3yw/tF7V2YVTLx0
6rf/PmaMenLvtgcrypaNLxj/4fnffxomw9x0HOc8gSSTncosUTCDxeQDHow+nodME08SgU+sF3eF
nPWuOrvE19sMRj/PIN5EYsEvhrxgtRhYPDqmPzk+Rk5PtIQcwZQRrpB75XPn7A73JLS6Y5IdNw3S
/eEwwkbtd0zStlFg4z48OTacnBOi0WbjylBrtxPhDGNpFrXruNbpj3fFGFKi5sqifFHpuuxf71Fd
/TOWLZ56bpAg5oopTxPeHmzdtHXXrq2buPelJT9WyyP0F1vvGfxNRMPi1XP73gzsfuaZVsT+0A20
w0K0g5VsViZZpaibikmCiJ4rIjT5b5w6UwSL7rlGUgejXmu2EYNt1GtvTEGvtY+qNuKwpmGHRR1N
Zg2AHhCpaBLMBtEpOa2yHJJCVr+syPNlESFBXSGKm+ZKZjwZFjYMvts/+O4z3M+30+dpK85b5GYH
WxKJDITgNxoxUbIY/epL9CsPKVLiyXPuDSBts2+wmNdDTYLVYfGQmBSDlIDTc+0dPXpF/UTty1Wk
3MTqxDXc+vj1npcTDbSMGvjhIDMKQ84uO9DkBezLyeovVVV9Sr2LvkXXPUn9BxrTfnnk19euffjC
mSza+ceP6AH6AK2gB5Tb1O0/71Z71DdwO3fwMBnmGShHW4tkkhITZRkkGQFZJoQcwwUt8o3e8EBv
eDQGKjablCsp0nypXKqRmiTjrRyT54oyzLkov3g1O3CaHQz70Q4iRpQcxUE2WAwbHOstNXGQ4jKn
2CQtmg0bAIkD+as6vjG+J/5KPPJXih5po+q6oybQj7C+5/TpnrPd3WfVZrWYvkbX0gg9qi5aQm+n
s+kcervarb6lnlK7I3QfrcTtJXUlxt1WdSXR9b4XMaai3k6yQcm2+YxGg8Eny7ZM2UgtJqgXWJ2d
1luJOd3oSJdFPEpoDtnBBWOGKbcX3ak36kBfak6khbxbnAdRZTRSUqYkKq75rlWGGlezocn1ssto
NMYaU40FxgJ5lWwoGzUeHWFpza/u7emh78GTZzmhR705sPqsZs2vfweHIwgxvmDg9khUh5kYI9r5
6cRLIsoYT4xRclNoZ+4DQluCwwq0nR2Sif1uZ+Isgy3fKUszeZLvMcjcbUlRRrhxiw79bqSAEcrO
PUl8PuKjgMCb3SUUY+hOIgp+MIkkDZ3TQ/fJHN82X5cPRud+GtJlrGuYE8anajSJjZm7dtGvlI6G
N97aPfjkxhk/qlr5RATyI61Li997d/B6JMLlNz/00qtqKIqTYvQXHvXRcJKtOEmLxdDiaNNwMs01
2TzNFtaAckMHyoAGlJNyvBJfHg8aSibY5dQoN9+KEu5ozX331tYuWVKr/lE9T4toPPXQaer54nMU
1ek5r6p/W4tUZqBGmqH+Sv1KvaleH7WtaRbKkkseV4r8HqfEG7IIyMa09gyvfGAstKUE4mJEZmzP
OBSKNZN4pzDL4p4bb8q3yAbX3HjZGZyV6ZfTk/NTbxunu9AUTJB6h2GDZtasHjU7gkczvHsSBkdF
IuGcsBIuD9eEt4U1x//Ldv1eY3QK+A/uPlr31pu7B5sbpy66f1Xj4P7GaQuX4vlpbSqm7X/kiXaI
VC67clUzP/3y0qrtTw3+6dYrbXrKFq/Q5iMH52OmIYbEkAC5U0kOuJg9LqnDFNdhpe3QRNqtNaY2
R8I0cYqTy3fZeZlMDGrI0qGl8UWvlpFqqNJBdbwohCxboGd0mqja/ISCqWkoP42JjUYPTaNLu+nN
7N01H1Omfv1xze5s1UBvLq1cXVq6unJphIXWDm5dtEC9rn6N27UFi5ojtOL0wa5PPjl28LQ2b5g8
8XNw3uLIj5QUEms3mZ2U2drt7EBsm2Rutx8ShfEmLo/IdzhMsiXfels8zg56w2gOpfuBfEGLjw5t
QnyeHE+RZ55nqafRo03ISBLwPcPPqTXMn/PYU+cHZ+5q5/jxrz7uK+Xz1F/8aNE7b6pLdLueqa4y
D+OcP40yGkkieUAJGoAIMmk3yS9LLTGmg9DiaYup8cp2Ms00yWwocoe9mlW1KBFFPoaIXhnjtS5f
sDypMenlpCtJfA/pMfQYe0w95h7hCrliuGK8YrpiviJYkGSoblovZQGXbuqCPAMfGvETyJ97/33z
uA8GUx7fXPdszMGsIfIHtU99HxMfiZqohyv5X0cO/sLxE9Mv31r32JudGAWt2J2uvj3is6sQIxbE
yBwlhRK7V+A7PEJHTFK7v0lqj6nxtNl8+V7M+q350hTjNHdYA8mN3oEpU3q/D5KTRaHG0LGQxjzD
cNDlZZqxrWh3TWQ0tluzO1SXP/RI6b2rHyqny3epxuw9Nb9XByn8vmZPNkKI/u6h0wePffJJ18Gj
keZFC7AKY+jnmQsW0YG10VyLXUX+l0k8uVsJ2ustcVrws2LwsxhccQ6b5Mox2zLtUsisx0GP5sQX
0IujJGnXq8J+LXX6RySi+Qk1CU0JMMrmYcyI+JBWucBIWqQFxoVf0VT1/T+r/V98UfPEi3s31WjE
/tmly/+q2iLcx69tf+7VUR4kOq+nYz0zLimV+ORYK0ulvnZr6gFT7MvOlriENtpuqrGC3xriY/Pc
XH6SDR0wJLvFcIaeg2t+GJUVBb3Y269e1FCj99gdev6Xq4zxZRbGFLmKYovcRXFF8ZM88zIbM4Us
V05sjrvR0ig1Whttjb5Gf2OgMShqMLKPzENq/vgJk4enyBjKRw/w8zR/dL74VbtVw8yjj7xy7OvB
0+uaKuviape+U0u91Ky2Pbmi8p55C1dyzwz2RZqL5x975Y3jRRvX/3jFJ8HgtcHfXn/4gQdWPhzl
4BL0k2y0Qwa1K3dgHmizLAj4zQJnEhf4A/6RuuQ1Fvuah7WQo2meFtdRR5temwRMFi/nznOhp5vm
uZK984gtHK1NLozUJvbh4mQAq5U/9Ou0/BfLE0USzaIgilgKSaLVgCG9qTHr5ayeLMgwZwgZ4hjL
GCnDOiE0I1RqLhVKxVJLqVRqLfWV+ksDpcHSUKW5UqgUKy2VUqW10lfprwxUBitDm82bhc3iZstm
abN1s39zYHNwc2iPeY+wR9xj2SPtse7x7wnsCe4JHTEfEY6IRyxHpCPWI/4jgSPBI6EpZfT7FcqE
qFt8r0JJLa+1tm58uO6uh3b8bOfnN++/vrHW3NL0cLWyaPvV/eqQ+sWK3/poxk8aZs9UZnpSMvY8
8doRX0C9sfqRGbdPmOZKyd+35cSrSXqdTXLUxWwmzoeFhEitkjXi61K7LYjOji7fZjvkf8FTk+wb
T9DRpwSsut9LE5NHw4JGsnKvvlShhb0Rtx9JM5L1NCOZJA+nGYpZTilKaUw5lsJjAn5LlEgZ4d2R
KBKlYy5jJFKobd8JIx2Dy3dzsx4ajhU6J3wTRdRZkeGcatzQx3CY1WIGcr/idQuyibTznM7MNQbu
UJxstFMzk4FMxFxkSl/4nWsXNFZGeh7olS+MLnyIxZpC2ppHnK5RHIkbSZzmxS/F7BbKnCFtjcMe
cAXsw5Qc9au/37uXLqdp6vtjCpVp3Avml859sA9ej9C71ZORwTVbpi++d//Glrf0+cAchfsVcq9I
XGSyEgedZkd7zCHZ0m4lsw0SZiJOW779tthoBn9ND8nhgb4Psb4Qfe4cd7l7m7vLzWiZUwcP1nD4
fToa1n5es2BedfW8BTV00+7Bai17YMULqqux85Gv1+jxbDhP0mUwk3GKw9BuauJJO0fziWyEfHab
EP328Je174o5Yrm4TewSmbaMNvItrmj4E5GIFuKH1z+eR352kXlKhrRT3PHtdbFbl8UyHULIoJN0
7DckfaM/PEzQ/SqiTu3NPWFz+9w/sCam1y0sr2VwN13f0qI++em318N2Rus5LW5vQvx7SFhxE3cL
SPYWi7lNq+bytGpumiF8azU3cGHggqxeyD1uS8TEB4PmcMT9lp9qM89vSv30f6q96mU6njqqf7+m
Rt7w6M6GdZurNlrpnJNv0FQqagE3M1N9v3nT5X//4krTWl2eIi3/R9t7ydpo/k8x98cKoCma/gtt
307/9eyfv0PP/7WU5zv5/8A3Qfg/nP7bfyj9b+PId9J/LYNr+IH8X53EVqF9fWQMeUwZO8YvJ4Zs
NKPDSdq9JkuLkQ91xLd5D/GHnTXZ5jxjUr4/0SaTKanTjLHhbI3cb0SD3ijFXFQvaByjh2vUS0k0
CXFCulA0licmYubRu2VzjOA3+c3JglmPbzpjpuVHuXUqvTXlQMKht6Qk+fxV9bz6m8pf19Xatmzs
aL41/aBfqcaR3AReHyj/6N8CAfWhipcuRW5NRJoj6t7hFOX0sP6Ldf1jkV8XKZkht9Hp8XcIpD2G
YcLt6ZDbYg7BC0JNMj/e7TTILi6fTPFOk8LJekIVjmZUf4FdT1QjhXIj4TvP/te12jW4ouOHlfk6
gMXCqb+iBuJEqxu28GmYWT2khGJlJlqcB0xujZYOmWpQk7hZsbyMws+U8m2yONGjVdRaQhjNBweQ
VkdrBpJAh1GokapGqB4dih7iGYbiiW0JXQnct1ITHZFRdfCSv7FLNRTpIKQ3by+pWrGRTxtYGK1B
uazI4PMXq9qO0g+i/D/0AdYP76PsVtKgFApmzvRTySoZf2owWvE0x2TEb/OMA8McSkmmkVhMTPM0
OESsktlkNPCUmG0i983i08C3F5+0vOK7q0/pTFt9ksbwWWw2P5vdx9/HDGWBb5aa8ETp22rzGm75
RszILVvotvVqM8aEyGA5tz8SGVioWx2I9m+OhfDcXDwnYWYLqEUjGaKL6DK6lm6gO7iL3If+VH+u
v9B/NBAcGtL+ZyH76UJajuMNw+NOHJ80Ov7DP40PPqR76T7ahtv+4e0ibpep9g+R8a8+/f/y44n2
7xRFz0jU26J+ZLhLqKcLzyZiQC0JRp+/9IslduTGGOLEax9K69F7E9AyVmLDmOwnDozz8Vi5BP/T
sv7/++MIR9drR71q+pLKpJIMr+vhyBK6HFvNeNxGyul6igGUzCVLyFTyJPkT9m/Un/fRjbgd1d93
FnvORq+w/yi+hZBiUks2kt36Ny7xS/gKfj1fgWnQFroFe36jjWElkM1n4L0bcV+PY8u1a1qEWwap
IFglkHbs+RLHI2QvFdi7+Oa/oylkFX5nLu4dSFcmlOU6tXIV1IL31mkAQ4SgfphpVJI1JILPXde3
z7G9kkTYdUMM9yXqNQvHDHw5+QTfXktqqUDzII/7Mz47F3taNK1oJ+GgEmFbjluavk0ny/E9B/GO
CNnHLefy+DTtLl32qeQDclKXu4Jsx/ZC0qkfCQyQ9yCfVqD8mm3i2Xmy2Hg3DRisNMfYiLYiBi/Z
yFUQH0wndQQBftKgrXpTghGzi0u5a2WXsqDEf7k0kD3mO02/bPR3kfldUsR/amhofgmfwEq7WGIX
pJi6+JTQP//Q4D9nj5k9v8TfdXXG9OG3ziifjn2LSvBSa2E39s+Ynk10FuLuP/VomvP5pbYp/0Z8
Jn2y33t/7v8ZOX81f+Bj63VzBt6rDVL9BjwaN6leQmx5OF5jvT7c/80vxL9LKgyfk3JDPClnN4jb
kD/0OduP15dIM/c22uUgjuUP3TDcTxbDWbz+M1puPrmXXSUz2WJSbPoJnneTHL6ATGZuUozXxZg5
lrMcUsxvJCXaGBwn40AgM7WdvU7K+d/hfVdJkXavvl/F5w9qcUL/Tcf9H1D4GlQ6Dvc+nL8SxMBH
0Z39C0rVhZrhrBlPIWHNQbKScccxActcEZ+zJOOOjCntJMSK41Z8xvY5IfYmQhwrCXHi/U4cc+K7
Y7DPhW0XPh+Lu/swIXErtf/fdWuFODPJIofRqpz2L6vGwXwW3YRt/hTXpPReUeGXs+FdFd4R4G0r
XA7DpW642A1/dxMutMLfqnBehXM9d7JzDdBzJ5zNhTMN8HMRulU4rcL/UOGUDU4K8KYLTqTCGwK8
ofDH/8bD/sYDXcc8rCsJjnng9Zcl9noBvIan1wJwtABeFaHziJ11huGIHY408YfHwqG9SeyQCgd/
5mAHvfAzB3S8ksU6uuGVx7zslSxox1N7NxzY72EHVNjvgZclaHupm7Wp8NK+MvZSN7zUxO97MYXt
K4N9Cv8ivu3FFNi7x872JsHeU0PnlCF+jx12W2C3wu/yQqsIL7TCTgmej4cd21eyHSpsx09sXwnP
bRPZczGwTYRtCv/sMxJ7NgaekWDrFoFtDcMWATZ7oeXpBtaiwtP4xNMN8JQITybBT7Hx0zBsesLJ
NqnwRK2NPeGEpkaJNanQKEGjwm/AOzao0PC4jzWo8LgP1q/rZutVWBcpY+u6YV0TH1mbwiJlEFH4
tSnwkwKoxyfqq2ANntbchMe8UKfCo/jmR1WotUFtE19TPZbVqFA9Fh5RYbUKD8tQNRsqBVilwoMC
PKjwFQF4oAFWqqA8s6IKlnfDsgYoV+H+WCgTbaxMhfvsUFriZaXZUOKFH4dhsQjFizysuBUWeWCh
BxbMj2ULUmC+VWbzY2Eenua5Ye49iWxuA9xzl8TuSYR7FH6OLZHNGQezcXh2GO7G/rsb4C4JZt0p
sFkNcKcAM2dIbGYYZky3sBkSzIhOyXQL3HF7HLujFW6Pg9sUK7utAZQJZqZYQWnii6ZmsKJumIan
aWUwFT8xNQOmTI5jUxwwudDBJsdB4SSBFTpgkgATC2xsYgMU4NMFNiho4ieYYYLC54+PY/mtMD7L
zMbHQZ7Zy/JaIZwhsbAK46yQaxFZbhLkJGewnAIYGxDY2CTIHmNn2a0wBp8ZY4cxCp9lhsxUE8v0
QoYEGQqfnmZn6a2Qhn1pdkhT+FQTpOArUroh2RlgyRkQwlNIhSC+MNgKAb+JBQQINPF+E/gV3oej
vkxQTiTZs1lSIXgDkNgACS7whCE+DHE4HKeCOzaDuasgFluxGeBiAnMlQUwcONHIzgA48FlHA9hR
JXs2yGgdWQUbjtkSwSqDtYmXUDnpJlhEsCi8aAMBbxW6wewFk9HJTN1gdIIBX2uIASYAU3geHIx3
A9/EA7UxcAAoPIdXnIptoFjIYxF5iq588hma9d/zR/6rBfjm5yX/F4cOhPgKZW5kc3RyZWFtCmVu
ZG9iagoyMCAwIG9iagogICA2NTcyCmVuZG9iagoyMSAwIG9iago8PCAvTGVuZ3RoIDIyIDAgUgog
ICAvRmlsdGVyIC9GbGF0ZURlY29kZQo+PgpzdHJlYW0KeJxdkstugzAQRff+Ci/TRcQjMG4kFKlK
N1n0odJ+ALGHFKkxyCEL/r4e3yiVugAfxnfGd/Bk+8PzwQ+zzt7DaFuedT94F/gyXoNlfeTT4FVR
ajfY+faV3vbcTSqLye1ymfl88P2omkZnH3HzModFr57ceOQHpbXO3oLjMPiTXn3tW4Ta6zT98Jn9
rHO122nHfSz30k2v3Zl1lpLXBxf3h3lZx7Q/xecysS7TdwFLdnR8mTrLofMnVk2e73TT9zvF3v3b
21RIOfb2uwuqqaoozfO4RK7BdeQa8TrFC8QLYQu2otlAs4lc5onjEuMl4qUwgUlyoa9EX23BW+Ee
3AszmCMTmBJDQ6IhB3bCOIvkLAM2woReSHoh9ELSSw2ftfgk9EXSl4E3I94MNEY0BrlGcgmeSTwT
/gPJf6jQYyU9EuqQ1KFH8KOwARupiXNNOhc+jfg0qBMXubjbDckVyqzdZ8NeQ4hjkQYyzYNMwuD5
PrPTOElWen4BEIa+JAplbmRzdHJlYW0KZW5kb2JqCjIyIDAgb2JqCiAgIDM3OQplbmRvYmoKMjMg
MCBvYmoKPDwgL1R5cGUgL0ZvbnREZXNjcmlwdG9yCiAgIC9Gb250TmFtZSAvS01TTFJEK0RlamFW
dVNlcmlmLUJvbGQKICAgL0ZvbnRGYW1pbHkgKERlamFWdSBTZXJpZikKICAgL0ZsYWdzIDMyCiAg
IC9Gb250QkJveCBbIC04MzUgLTM4OSAxODU0IDExNDUgXQogICAvSXRhbGljQW5nbGUgMAogICAv
QXNjZW50IDkzOAogICAvRGVzY2VudCAtMjM1CiAgIC9DYXBIZWlnaHQgMTE0NQogICAvU3RlbVYg
ODAKICAgL1N0ZW1IIDgwCiAgIC9Gb250RmlsZTIgMTkgMCBSCj4+CmVuZG9iago4IDAgb2JqCjw8
IC9UeXBlIC9Gb250CiAgIC9TdWJ0eXBlIC9UcnVlVHlwZQogICAvQmFzZUZvbnQgL0tNU0xSRCtE
ZWphVnVTZXJpZi1Cb2xkCiAgIC9GaXJzdENoYXIgMzIKICAgL0xhc3RDaGFyIDExOAogICAvRm9u
dERlc2NyaXB0b3IgMjMgMCBSCiAgIC9FbmNvZGluZyAvV2luQW5zaUVuY29kaW5nCiAgIC9XaWR0
aHMgWyAzNDggMCAwIDAgMCAwIDAgMCAwIDAgMCAwIDAgMCAwIDAgMCAwIDAgMCAwIDAgMCAwIDAg
MCAwIDAgMCAwIDAgMCAwIDc3NSAwIDc5NSA4NjcgNzYyIDcwOSAwIDAgNDY3IDAgMCA3MDMgMCA5
MTQgODcxIDc1MSAwIDgzMSA3MjIgNzQ0IDAgNzc1IDAgMCAwIDAgMCAwIDAgMCAwIDAgNjQ3IDY5
OSA2MDggNjk5IDYzNiAwIDY5OSA3MjcgMzc5IDAgMCAzNzkgMTA1OCA3MjcgNjY2IDY5OSA2OTkg
NTI2IDU2MiA0NjEgNzI3IDU4MSBdCiAgICAvVG9Vbmljb2RlIDIxIDAgUgo+PgplbmRvYmoKMjQg
MCBvYmoKPDwgL0xlbmd0aCAyNSAwIFIKICAgL0ZpbHRlciAvRmxhdGVEZWNvZGUKICAgL0xlbmd0
aDEgMTA4ODgKPj4Kc3RyZWFtCnic5Xp7eBRVtu/etauqu/pV1e9Oh6S700k6jw5pOoQkELB4yjMi
IhOikQBJyAsSDAh0iEEd3oHwMgSNJCKDigoBkYmAEDHioDLMKIiMzqhDfM2NGedMjoOYFHdVdQJ4
Zs5857v/3Pt9t3eqq/beVbvW87fW2h2EEUIatAYR5F64eH7Vp+P3diMU3YsQlbfwkWXuhrSX4Noz
EyG8q7hq0eKv1/ytE6GYLnhq86KKVcW2zY0L4PpleGZySdH8QuOTdx9FyFsFYyNKYMDk1n4A/Reg
H1uyeNnKEwv5aui/D/3misqF8xH1cL08Bf3WxfNXVtFrmTSE4tTQd1c9XFS1fBX7A/QTEGIeQhQq
lhrpYmY/UKtCTlFHv4PYd7CayadolNp5qXsYEi51X+oOmI0eY5zH6CmmUV81iez7UmpUGa7/x8Ns
IsKoGCHVeeYycmCzeLe5UKVWmQrVapVVYFWsRVCp2BlWs0lFYw2pVDMLbIKO4EoDYq0Ws4rY1Xys
0R5rNRr1sVyslo618iiW8kQIvV3dXZe6urqFLqEry2jPMmUNQ6nZPfZgb3ZPEPqBafflqgTmO5VA
DxzMd3NjjvJOjPPFDZxKbeJNESqHyWVKMKWaEs2JlkzTXaYsc5Zlimqy6R7TVPNUS64q1zTPlGfO
s5SqSkyVplJzqWWFqs7kYlkgXU3MaotNZVFbzPGqWHW8Od4yQpWmTjenWyapJqonmCdZ7lfNVt9v
nm0pVBWqC80LLctUy9XLzNWWNc4W52HnGWdsPspPS08zetM9HPZYvcY0qwe62Ivhaunp8/hVSkfp
cNM7Z/rbT0toi4ROlzGo/KertK/8J1RWRj/+019p40+PloH2QFc3r9Gb6QlgXQnoUTE10qONQIIO
hyJ2qhvMnq3eLdEN8fXmAl3IQEUwyJMSo/c7eeTTMs4YW1Ki0NsJmgwGu4QeoylLlmZPl9Tzw1dC
zw89xqwsI0g4IMYKSZVJKxM6kuhQQgfuoDpIJ93JdLKd1k5bp73D0RHR4dTn43yc7o0BBdrSgiPM
ClMG7I2JTx8+Is2TPjwe5lTe9DE4LWgjqd9tXLdhWfWW9v3S/tGt5Ud+13MVUzvXLnlcmFfw2pw/
fo1zvngkVPn4Vnyq/4Oy6qmTTrX+6viUVWsLF1xJTPwEhfmWsuhrwLcL+VGxmOZHPDYLQ9wkEYWi
EneZ1XtVugbauysCeKefiWpO4VJU0X73EN6H0uOdqgxbUopsTb1h3sGiu7u7+rqFnj8B6yAL2bQU
3jk0VBhaN7RtKA38GS0sMORLT4sGLkaMxjJ/VPpwE7BkT/dYscJkWADpdFrft6UduQWmdbX7do94
vqbzx+tv1zw/ApdITTvrt27fvrV+JznV98CXP8bHf1ZS8OvOhsJ5OOPGDTxiXuGBcqn+zLuf//HT
P5/vuKXja6wFWZAH3SPG22jBSlDELr1rl8oYMi9FIVWBvp4y+a0C8WE/Sh/i1CTFCL3dvV192dld
oNTurm6ZOYUxhSmv4K3ztnmBqbhBRQ0yItslSb+DFTqtTWq6zcEhXNw+yEFZ2YHbZFOJZT+9VzpA
uEL3VPgqYK4hLbKiKaKdcKaQpVkAU0SE1ft1PjPvNwZsoIdgX5cMK6ndwb7uS+8HjjbYwWHxtDbr
7Nw3kO1mB+CJDZqYaczInGsGgwrarIouzGHfAZLfGZ86dPy41NTx/+tQ/1/a2nAJs3TohAlDU8eN
+ymhrIzMKh+Q4xywGQuKRDliNKW2hpB6D9OgczSgp031uoIhas7qRJHYyScNAfkFAebeB9sAy+gW
JLAT2SJM7igxqi6KXEQX8UXqovViJCPbvicsrIw0WZYofThKCyLVUCxbPT2n7+t9e1c97drl/+7N
b6Uvse3Pf8PUJXb7hrodAoXUVz6pqz3chtOkPjxcunLkxBunX5dtHKNRIL9ZoHcOiaKJDamX0ihE
gYJ9KuJnApqw4AbEBkLT3iE0jSI0DbSw0OJuCQrvP9T/7ZEjuLSsrIwRy+T3vAxy+ZL5HiVinzgO
LCHWI2h12mgXFeUWdDrtDK3O7aFtuA4VMkt8tjproXOJqdRXkOTW6jxRajtvpXikTrSqYqMSEU8l
KaDSFbY3cCMZVoSuXsUCpZ5bKG34Di4HToDRQrKM0Vp3ciB5ZnJV8ppkRubFNHtam3n2A9PaLLMf
AK6SkAjkJqGkmx0KV+KyBE2iNlGXqE90JboTPYkxmVyWZqR2pG6kPsuQFT3SNdI90pMVk+mdopmi
naqbop/smuKe4pkSM1czVztXN1c/1z3XMzemjKvQVGgrdOX6cleFu8JTEVPqrdHUaGt0NfpVhhpX
jbvGUxOzypvRmtyWTAF+ZxjtCgaAn6TioTh9eGzYdRSFgyW4cDS2WmhPTPzpaubkmaMnlx5/+6PD
2NBbcr1+qfHIa3t/tfr86++9Iv1F+q7m5mQ8Gx98bsv6imUZo8aeffH0BynJ0tm9Wx6rKQ9lZ4x+
o+Xqp8GwPWSAnj6hfSgCLRdj7EZWp7dQazmHPsSjZq6ARn474yN+PNLgF3y6VCdYcJcMAbKJwKk7
KECQlPURAMlqZStxKvJ0IueAPI/VRbZFUreMyKkYkVO+TZnGnjtgXbYlYxjrjF7qMs49JD2Vtq/8
yPMH8Lx5oTXrWmlf3/iyU2WV569QWeX9T57ddupVfE3hA3CBfAh+6EBPijFqzsxgxIeMiLHV67mQ
sVmrUVMpSPCb1D6d3xBQwn4QAELolONTT1A6dw5s65wRwlNAzBSQgAVKIAItMIJVsAl2wZHqFJGI
RUokIi0yE6yiTbSLDiu8mpJvdmM3xebfdpYIhc8IaAN8DirSeMtrrOHA9WEZkzNtw/bL/RcOAMSM
OBhKWUgnSj/ck3OqTXICzMwufaOy3CDzOAt47AZd6VGZGMONwRSmxqg59QwtR1MhtpkLIY7SkBRG
k6LSMcggXOq81AkOYgwHYUnqFDpvZzNyFqPobFqbTnEEg0KxAVqY4mOlVDFHQVqhJBQQimSyZ1FP
9f+tjBT3F1PjyueQ4nbsndO3503pskzfIbClVZCfudArYhxho1Y6i1hhGV9kKWJ1eAVaoCtwRxkp
TTSys1y0UcNTbjAnSP46ZRrDDi2cA38GXDQpBsXNlgkEV+UVCt0KhW5oAzK95czypGJ3bvmmsB/H
84SneYZneRWv5iN4Jx/JD+Gj+GgdD4HdhVw4FaViFjwPWz1GWRfICtEQgrExbdARlQTDSLP9s4dv
nvMf2CF9eRMt+njpUu65nXsPvtiStzF9DnN5vzQ7Nlbq/eY76R/BNByztfF3b529KI6negbwlv4a
8DYC14m59hZObWux2jg13yLwoDpDC8epzRbKZB0jCDw/xsDbbNYZNl5NKDBbLR1ilzosAqFC2mYT
wgzhrGZep2GNNpXJiMA3VT7GTwLglbJLCh0dpiyTPcsYTmG7u+1BGR9vJ7FqRe0KRMoWAF34o5Vs
NlJGyj+o1BzP2dR2m9rJO23x6kQ+0ZbJZ9my7JP5Oepf8IvUi/hFthL7CvUGWyN/XO2gOZVGpWV0
jJ4Fw2F5tVlrUdlMnFlj1pp1Zr3JIBisfKTFYbXbErgETYI23pDIpwhJxiRTssVvTbSlRo7QjdCP
MGQJ6eYs612Rk7gJugn6CYaJ5rlcriZX+wt+jnGOaY65hCvWFesXGYr4RcJ843zTAnORpdhWELmS
W6lZqQ0JK40rTY+YQ9bN5s2WjdaNtobIRr5ReJ07oTmhbbfNBi0n4rDbQVYMvuflsOKIWGVMo6b2
9x2A6IU79uAvjkudeNee/t4m6ez2A3I069PiZ8rLpU8hbSzDr62XPlDykLtAr20Q3yhkRC1iHFXI
aThcqNFwM7BGh6oNIOJqTSmh1DSLjHrCa9WUSei9lN3Z2ZfdKVu7DJ+XAECNA8q5VVmkcqCL427O
rXcbSP5tF53Wpr/tCibFFUzQwq4gOrTYiTPxFEyzlI1K0IygMjV3U5M1Ktm+jZzivJ50DF9g7GnU
exJFjvfnft+/jNp6DkdJ177HN4iz7yuJLcNxi0lvn6Zc+kS232bw6TrgMwnNEJO5qCKXeZmpyF7k
4hOXoaL4IlLKFyS7o7kob6IGeVnWyeosGmSiksNVwKUw/NwRrhX/7skKmBXwg4xLNRjV7nC7ZFDV
bf97Z/mVhz754WBz+3vS19L15Z8tqdIc2rvnyPG2ecHDh7etX/+kvopp9A9944X1r7mdV176/Wey
F27bdeSptteKt+94YvOaR8PxQfUQxIcAelEc63aa9TSbjIgqSlhLfKHE5jiPw6JlVKGhpN5r41CE
WTNaF+N3qyGjZO+yj47wWf3muxL8SW5frD8+MCwcPsDrgKkuuXIc8DkoGaFylDmUvQ78TtTeFZwX
rAxuC7YFmdvRYZiivmHQBtRnTtWkalPtqY6Lmovai/aLjo4gl4/DMhqIGOH0+V91bsUSOi79V0ue
339AoloLKmsea5XUA2dKDi1pewtXHyC5y1dc/H3/ubIyKu65TSeOyiGG8resD1/Jwaasqgaser3U
rKpk9gGozkCLxVHjxk6b6MuJ1aFpExNiiX5iiJsW4kMiWR0bSuZWO0LJGTm+BJNhciQ7VociDUNM
UaPZIdGRo4dROWAJoHepvycYHKwIITIpQ9k9IKlOGJOHB06BuFslnlwCpQEygyH44mNlW2Apq8Vk
t9FyVmxnaW9MrC9eLjIyRkCyREP+ZBUQ87NKgzGM2pl/+A9/OJy/c1TzwVMTxpdJF1/Na5vz7ueF
8xbj5Fce+7wgvULqee7X0qu1j61dt6YOzz37EZ6/YnqOdEL6CjdUr1q/IfTw1uuzZt44f/7HmbO2
9vXF3ThVeW722i3xvnxp/T+el75etKJ2+vRJ+flra+rw3W+040l1j2440Lzgq9VSr3Se4IbS2qcP
7205/IzsT2/evIbfQz1Qv2Qe07MI6YRLfZ0Qw+7NPaaBvJ3Ozhays+cOQ8fIfK5AB/ExPMdgolWF
5wIZdxQrb07PysjJyciaXpKZk5OZkTNDfodck0SBrTtRuuhEe+wNRL9b96SxgasnBZGGFJ0TWZxs
UiQsful9ZesFihFZH12Bo5VD5IQ/XG8I6OcJqCx0Osr3p7ZvQDDOb4p+U1Ru3fLEk027G1dsdeK7
Dh6FcgPdxMNSA9L39Wu+/uqrb1bX3qo1y4AeLbKjZNGMGnRsg1waOYjTOoGDwsghF5YDhAg9gWPu
iMoICurIQQyAl9sHCyCI0VTJrt27d+3a3bRTpiTi229xhPT1pL90dX37bVfXXxYCGRIOSr+VJOmC
khtuBqzOAQwbAhjm0VkQr0fLqEJnEVOqX2G06HV2pMF2Vm3QCNikjQJ7vQ1ccuL0gwxZgNmyN0/S
TNJO0k2yTLLK3uxV0gbaasGsahBhFXMFmjFbVX615FtskH7r0EnrqcrlfaPx241rntnU0EwvxZqs
7D+f/US6aIe5dmn/YtzZ+NOm3Qe3yvIaJc2h20FeOuRF94t+jIxRRE/vckJSHhMdcmt2WeqdBe7H
+eZYlx+pnPZ0j8EfJSCfPhArKLsPQUikum5vQARvlenH6uLa4kCyeGBHQaHUN4gfJquF8ipArETG
/Tvrt2zfvqV+ZzvERrlYv369Uy7WodSjJpd2nP/zp3/8/N3XyqFcl969cUM6P69QiiwvB3lX37xG
jgL9ieiqOFap/cYMlH5jtLdLv2dRK9Pgsz1rbXWCNdwu/VKsUWN4tc86KZZK4dHEf1369YG9KBtK
Py/9Bis/t1L55fpcPrfP44vxefM0edo8XZ4+z5XnzvPkxeR617nWudd51sWs8za6Gt2NnsaYRu8B
1wH3Ac+BmAPeKDG5Lvmw5bD1sO2w/bDjcMQZyxnrGdsZ+xnHmQiDXK2lp/28WlPgyvpfqjXZRavL
6C2bVj8+b8/ajTUfvTH7xMIyesPyZSvy1u/Yvfbr9xZ1jrq+4pH8uZPmDEvx/7J4xwF/0jeLls2a
Nf7epJTULZW7X/GjwfqG7gGZRqEqcahKb3HSBNvXakiIaY40GQgOaeoFZBxtHuJneb/Zpx9J+52s
D/mpQPRAsAoHKmVzE2JUnyJOkN7xVFedq81FbgenaCU4RUMLB6e0O0PMPwWg2Upoea6i7cB+iW4p
WAVVmrw18kbFknc/UsIMemv7yVchuIT32NYDFjSAL8pY4AUsKNKxRaZSGQtAahzLa29jgazhQFzQ
ZBTAKimjYAIMMMqgJH9Tm/c0Ne2Rj79Lf8XGv/diQfp+Ep6J74PKd6bUJr0svSK1LcRNeAmuxE1S
ibRd2iGVKLK8AXVUL9CgQSvFIXQhwzKkkGVmEJbGDFuqxtWIUxlpRGkhTnX2dSq7Ib2dSm0o21p4
H1ipnjSyvLRK5aFF2sHKg4MqBKdyqRo6f7Aq1ioy1cr3Kvd4IA9l0uPkdAx7MS19iCs2YQDJP7z1
RPeNUFlY53n4CpVHVSOChNcoRGNEC8re0aX3A2ZI4/IoJCGqulmR62WIK5+RVYpcXSIP0cM6n+cK
HCYWYMQhyJmmLFMZ134WQIx3XF+ekZk5Y3pW1vQZmVnTp2dlzlCCSuaMGVTnwLhMF0EbQYdbBnSY
isaIMbEOUmTliqL5oqTS6IJArENnYnw6JgWxkVaW9Xm0AdmJewdRdVC5H/XI+wZ3BGtyx3U4L4QI
D66VMehgQCc50bJtW4t8JG5aXbN5c83qTRUHT0s/XP+H9J+nX9r97PWrV68/i5tajxxpffbIEfLI
hqamDRubms7bL7R8cO3aBy0X7JGHNxy7ePHYhsPKPhX41RNQs6rRw2IUIXI5TzBGMyDgrlAtwITC
BNEaxFKczAKgC1hDb7cx658KaU5WM6eomZN3125XqPK4YiKcPB+ure3YQah8DnSvFNf0E/3tT1Ip
/TnLyRWm8sZ2Zlg7flDR62MDso5AcShfjEVOdxExV5hW2Yt44iziIP2Ot2hMiPUyOmsUa7Kx2vjw
JnS3sgUNcu4UlJRb3tiIdGEX5SIu2sW4ol0ul9vlccWMNY+1jLXqB6P+8AEH89zalTbhWzvQw+PJ
6fGHFv9Juont3/ZjXjotfXrPoQeq9I8vPntaOr119+6tW3c3Uc9Mm4p131zDRmm9tE9aKc2Kjr5e
VIHj6JiLZ8/+7vwb73wk83azFyHmE5A9BWXMK+K9SPZEqhBTLMuYjJQAPskrQ+DtKrUKC2qVAQ6t
jtILarVqBsUaKpGgUxO6kl2gIUaBN+i1ahU8gJHezBEzOEpYYdldUAtf6jbd0po9qALVDRTBgnIJ
QwMdiB8JJjl+2OSNAt7A83QCk8Am6BMMfmOySdkx8HBQouC0cA1JPCTNip+iYqWe/slPUJYXKOvO
/i8O1PbX1+6noqhzP0WVMeU3noTycbLUPuDbECOZ/aDXKJQpRjqXICLU8YWWJbpSUhBt5Pn4KB+y
G7i4aDlJu4WHSv0UOCa4Kl1yEJcT4Hg5AQZtQfYbztRkoJQzNWb/OOl8z44b86sW4x14SghbWpbG
fXb+rz/88NfnPw7gzb+/Uji/Ckcdww/il8Sx0gunjgJg/lpql15p2TsYb1gL0Fcp+p0WlX4g2iz9
P482yjbh/zjcGP8n4UbZFJSL9P45d8SbBqWYGdjvhlzExywFpCoRo+waJOgbLLQahViq2VLgUAlG
7OcYH0GpEHey5S3B98P5BVx3CpKS9WG58gZCHYoTO5BjEOetjIpRW1VWdbwqXp0aURfRENESock3
e4HgcKF9x/59fPof9+17HedJB4ZPmjyO2qzeur3ll+RUOZ4qHS/vz18//f5529dteVH2i1FSFj6q
/MYRjUrFmGjBriOc3RbZYOZ0IUOz+RmXI8WGCGsbwfv0fl3AJe//KNAu53x9ssd/dE74rVJNHU91
F7ir3HfI26XI2wVtYJ+v2l7toFD+z34DUTZi7/xlKv2C/GPI2EDq+JRDuPitlyY/MWae6v5ZD/zi
1m8iUqj8p6X7T3o8nxTk1Twmy/6q4t808OEReaQiD3OYUdNIR2lYKHuy5Z0QMJBL2XAOYEVeAIXw
YnKQGtZ/sbX/IjWMofsv7pMv9lHDUFijMkZD3YRoKgfO0UiAEQOqg8rjPjwfr8SP4h3UOepTd7w7
4B7pftkTc/Om/Js0asWzcAHM1w7Mm2E+69b8f/+RbfNT/BRuxnuhtQ60c9B+g3+jzP+rTzwcQ5AZ
vp0oEtmASh7poeeC1dzgVbc/JuSB75h/sQZ1xzX3bygkcFgQg1RwpqFmYCFWGCCiGSFqWMHyEWjA
gWIh3xn86P4tx/9ffrAGVYPE29F70D6Eq+moDC1F61ErXH+JapTxN2m13GDkKiPf+yFqx4lwHyU3
nIpknZ2GddJg7ku4vxj6rWiBMn+DXFDaU+QCtQKyjJlwNVN5ohW1k1E0TS6ED+Wp99BodAIdlK+Z
C6gR7puFrkAbB6tPRafQVfwE2o8vo1q0BVXTMgNRWAOxtAzaAuay0r5HDypvlsfKmMuA5q2oDPg8
BavvD4/jRDyLFJBinAscUvggmQyja1EZXQDNp7QJCn9hHiiqBt4/wC+6QD1IJdI+fBDeI7/jAqx/
EI0GeouB0slwUDL95FvUSmSLi2DeRFNVU1kdlMu1aDbM1pA0/BQbhQpQLZkNK+TA2BaUg6/AW8Ck
j7MMDRkY8ruFNipuSmGbeG+u+zdzPSn+/9J1Cyp3G5rZpl/lbr95c2YuHcnMbWOGtJE4dRsd5/3i
v5v8IsU/bWauu+38xAkDq04smABj9+XCpdyDYRifOCEl7OfUQ+22hJfa5vHZ/4lcasVuPrya87fB
848f948UPlZ/Dl15MowM8K1aLIHHG6N+/LivSvj4nxDDR4PEqM3w0DBUTL+NihlX+KAa0FT6lHIe
xdSglxkfyiAfwlgGmsXY0SH6Kozb0V1wNKsa0VR46XpY5026Btb5PaxhR5thnVF0JKqGZ6dCfz0c
N6hjKI86ii7D9UY4XobjMeadm72sK3wfyUCjqJqbo9hjMoYrnwnhA0O+TO0HyNkGUDMZjo8B4zfA
8T1w2QQcFABUwX1cF0Ka6wA0v0NI346QYQ1CfBvIAEg0VsDRB8C3GiEzlLfmboSsIkI2mLPVI2Qf
DgesY38fIQesGZEJIGpBKFKAA9YYshKMHZ6L6pX/d0mRpo/iUDJqQrJnCmiPjIS0Fv8d+nQ7tUb8
/B2JnDOTtztjmbcLydsi3RlL3tKTs2/6mLOF5E0f6cgnZ2rJKS05qSUnXrcwJ4LkdQtpD5JfS+S4
RF6TyKsSOSqRI213M0dukLa7yWGJHKolr0jkZQN56aCOeclCDurIi0HyQiF5PprsD5Ln9hUyz0lk
XyF5ttHAPBtHWldqmNY40jKN7BXIM0NJ84ZoplkiTz8lME9HkacEsqfJwOyJI01wX5OBNIn0bnhw
t4XsXkM3GkijSD8ZR3b9MsDsksjOHWZmZxzZsV3P7DCTHe1YFDl6+zYNs11PtrdjJE6ht2nItg66
obKWaThJtj6mZbYayVaR3gJXW0aS+s0nmXqJbN6Uz2w+STavoTdtjGM25ZNNIr0R6NoYRzasNzIb
osmG9psd4k16vZGshVevLSS/DJAnbOTxRvKYlqwpLGTWSKSuQmDqIsijtQbm0SCpNZDVNTyz2kxq
eBJqJKuMZKWGrHjEzay4QR5ZPoR5xE2WDyHL4KFl0aRaIg9LZGmVnlkqkSo9qRLpylqyZPEYZkk5
WTyGVJTrmAqBVKyhy3WkXKTL4JVlN0hpyUmmVCIli/KZkpOkZA29qDiOWZRPFol0cRwpgpuKbpDC
QrLQShZIZL5ECuYNZQokMm8oeUgi+RJ5cBp5oJbkSWTuBJIrkV9IZM5Jcr9E7isksyzk3iCZeQ/P
zKwl9/AkZ6w4jkzXkqmFZEqMmpnSSCYHyd1EYO42k0kmMpHSMBMjyITxZmZCORk/TmDGm8m4sVpm
nEDGihwzVktEjoiyHO+j72okY+gUZswMMjrbwoyeRrJHaZhsC8kW6VEaMjLLxIzMJ1mZRibLRDKN
JENPRkgkfbiFSZfI8DQzM9xC0oIaJs1MgsM4JqghwbB+hnEkkOpgAhNI6lArk+ogqR300GgNM9RK
hq6hU7hCJqWR+JMtjH8aSQYmki0kWaSTgPSkQpKYEGASx5IEICwhQHxw8kkkfiSJ0zuYuHwS6zUx
sfcRLzzmNRGvSMeoicftYDz5xO0yMm4HcXfQLniZy0hca+hoDYkW6SgvGcKTyFjijAgwzvtIBKwa
ESAOidjhpXaJ2ARitVgYazmxmM2MxUIsIm02ExPcZzpJjCBeo0QEOAnjCA/0843EAHMGiehhAb2D
6EVaJxEtdLRiZjnRwD2aWsIVErXKyKgtRGUkLBNk2FrCwHNMkNCwGJ1CYFFKQ/B9BEkEt+PCtVtw
8v+zH/R/m4B/+4Go9r8BZRwH6wplbmRzdHJlYW0KZW5kb2JqCjI1IDAgb2JqCiAgIDc4MDkKZW5k
b2JqCjI2IDAgb2JqCjw8IC9MZW5ndGggMjcgMCBSCiAgIC9GaWx0ZXIgL0ZsYXRlRGVjb2RlCj4+
CnN0cmVhbQp4nF2STU7DMBCF9z6Fl7BAST1u3EpRJQSbLvgRhQMk9qREok7kpoveHo8fAolF4i/x
m+eZ8VQP+8d9HBddvabJH3jRwxhD4vN0SZ51z8cxqpXRYfTLz1d5+1M3qyoHH67nhU/7OEyqbXX1
ljfPS7rqm/sw9XyrtNbVSwqcxnjUNx8PB/w6XOb5i08cF12r3U4HHrLdUzc/dyfWVQm+24e8Py7X
uxz2p3i/zqxN+V4hJT8FPs+d59TFI6u2rne6HYad4hj+7dEGIf3gP7ukWiPSus6Lam0onBfVNqvC
ecnswE7Ygq3wFrwVXoPXwh7sM6+pcF5U66BxonEGbIQ7cJeZoKHi08Onl/84l+RcgieJZ4OcG8nZ
ohYrtRhGXSwa6JuiH8CD+CAHKjkg1kmsg94VPXwa8SFoSDSE/pD0xyAHIzkQaqFSywa8EUYPSXpI
6BtJ3yx8rPhYnGvLuYhtJNahdld6Dv9G/A36kxe56J8blSuX2fydJX9JKY9RGeAyPzI5Y+TfGZ+n
WaLK8w2NwMj2CmVuZHN0cmVhbQplbmRvYmoKMjcgMCBvYmoKICAgNDAwCmVuZG9iagoyOCAwIG9i
ago8PCAvVHlwZSAvRm9udERlc2NyaXB0b3IKICAgL0ZvbnROYW1lIC9ZQ0VBWlQrRGVqYVZ1U2Vy
aWYKICAgL0ZvbnRGYW1pbHkgKERlamFWdSBTZXJpZikKICAgL0ZsYWdzIDMyCiAgIC9Gb250QkJv
eCBbIC03NjkgLTM0NiAyMTA1IDExMDkgXQogICAvSXRhbGljQW5nbGUgMAogICAvQXNjZW50IDky
OAogICAvRGVzY2VudCAtMjM1CiAgIC9DYXBIZWlnaHQgMTEwOQogICAvU3RlbVYgODAKICAgL1N0
ZW1IIDgwCiAgIC9Gb250RmlsZTIgMjQgMCBSCj4+CmVuZG9iago5IDAgb2JqCjw8IC9UeXBlIC9G
b250CiAgIC9TdWJ0eXBlIC9UcnVlVHlwZQogICAvQmFzZUZvbnQgL1lDRUFaVCtEZWphVnVTZXJp
ZgogICAvRmlyc3RDaGFyIDMyCiAgIC9MYXN0Q2hhciAxMjIKICAgL0ZvbnREZXNjcmlwdG9yIDI4
IDAgUgogICAvRW5jb2RpbmcgL1dpbkFuc2lFbmNvZGluZwogICAvV2lkdGhzIFsgMzE3IDAgMCAw
IDAgMCAwIDAgMCAwIDAgODM3IDAgMzM3IDMxNyAwIDYzNiA2MzYgNjM2IDYzNiA2MzYgNjM2IDAg
NjM2IDYzNiA2MzYgMzM2IDAgMCAwIDAgMCAxMDAwIDcyMiAwIDc2NSAwIDAgMCAwIDAgMCAwIDAg
MCAxMDIzIDAgMCAwIDAgMCA2ODUgMCAwIDAgMCAwIDAgMCAwIDAgMCAwIDAgMCA1OTYgMCA1NjAg
NjQwIDU5MSAwIDY0MCA2NDQgMzE5IDMxMCA2MDUgMzE5IDk0OCA2NDQgNjAyIDY0MCAwIDQ3OCA1
MTMgNDAxIDY0NCAwIDAgMCAwIDUyNiBdCiAgICAvVG9Vbmljb2RlIDI2IDAgUgo+PgplbmRvYmoK
MSAwIG9iago8PCAvVHlwZSAvUGFnZXMKICAgL0tpZHMgWyAyIDAgUiBdCiAgIC9Db3VudCAxCj4+
CmVuZG9iagoyOSAwIG9iago8PCAvVHlwZSAvT3V0bGluZXMKICAgL0ZpcnN0IDE4IDAgUgogICAv
TGFzdCAxOCAwIFIKICAgL0NvdW50IC0xCj4+CmVuZG9iagoxOCAwIG9iago8PCAvVGl0bGUgKERF
VEFMTEVTIERFIExBIFJFU0VSVkFDSU9OKQogICAvUGFyZW50IDI5IDAgUgogICAvRiAwCiAgIC9E
ZXN0IFsyIDAgUiAvWFlaIDcwIDc2MyAwXQo+PgplbmRvYmoKMzAgMCBvYmoKPDwgL1Byb2R1Y2Vy
IChjYWlybyAxLjE1LjEwIChodHRwOi8vY2Fpcm9ncmFwaGljcy5vcmcpKQogICAvVGl0bGUgKFJl
c2VydmFjaW9uKQogICAvQXV0aG9yICgpCiAgIC9LZXl3b3JkcyAoKQogICAvQ3JlYXRpb25EYXRl
IChEOjIwMjEwMTI4MjAyODM0WikKPj4KZW5kb2JqCjMxIDAgb2JqCjw8IC9UeXBlIC9DYXRhbG9n
CiAgIC9QYWdlcyAxIDAgUgogICAvT3V0bGluZXMgMjkgMCBSCj4+CmVuZG9iagp4cmVmCjAgMzIK
MDAwMDAwMDAwMCA2NTUzNSBmIAowMDAwMDYwMTM1IDAwMDAwIG4gCjAwMDAwMDE0NTEgMDAwMDAg
biAKMDAwMDAwMDAxNSAwMDAwMCBuIAowMDAwMDAwMDE1IDAwMDAwIG4gCjAwMDAwMDA3MjEgMDAw
MDAgbiAKMDAwMDAwMDAxNSAwMDAwMCBuIAowMDAwMDAwNjk5IDAwMDAwIG4gCjAwMDAwNTA0OTIg
MDAwMDAgbiAKMDAwMDA1OTY2MCAwMDAwMCBuIAowMDAwMDAxNzE4IDAwMDAwIG4gCjAwMDAwMDA5
MTEgMDAwMDAgbiAKMDAwMDAwMTE2OCAwMDAwMCBuIAowMDAwMDAxNDE1IDAwMDAwIG4gCjAwMDAw
MDIxNzcgMDAwMDAgbiAKMDAwMDAwMjE1NCAwMDAwMCBuIAowMDAwMDAyMjgwIDAwMDAwIG4gCjAw
MDAwNDMwMTYgMDAwMDAgbiAKMDAwMDA2MDI4NCAwMDAwMCBuIAowMDAwMDQzMDQxIDAwMDAwIG4g
CjAwMDAwNDk3MDkgMDAwMDAgbiAKMDAwMDA0OTczMyAwMDAwMCBuIAowMDAwMDUwMTkxIDAwMDAw
IG4gCjAwMDAwNTAyMTQgMDAwMDAgbiAKMDAwMDA1MDk1NSAwMDAwMCBuIAowMDAwMDU4ODYxIDAw
MDAwIG4gCjAwMDAwNTg4ODUgMDAwMDAgbiAKMDAwMDA1OTM2NCAwMDAwMCBuIAowMDAwMDU5Mzg3
IDAwMDAwIG4gCjAwMDAwNjAyMDAgMDAwMDAgbiAKMDAwMDA2MDM5OSAwMDAwMCBuIAowMDAwMDYw
NTY1IDAwMDAwIG4gCnRyYWlsZXIKPDwgL1NpemUgMzIKICAgL1Jvb3QgMzEgMCBSCiAgIC9JbmZv
IDMwIDAgUgo+PgpzdGFydHhyZWYKNjA2MzgKJSVFT0YK

--===============0314299057491575616==--

-------------------------------------------------------------------------------
