Content-Type: multipart/mixed; boundary="===============0997257496354745341=="
MIME-Version: 1.0
Subject: =?utf-8?q?Hotel_Real_-_Confirmaci=C3=B3n_de_Reservaci=C3=B3n?=
From: reservaenrealnicaragua@gmail.com
To: justo@becerra.com
Date: Sun, 31 Jan 2021 07:57:14 -0000
Message-ID: <161207983448.5117.17008866907881477384@localhost>

--===============0997257496354745341==
Content-Type: text/html; charset="utf-8"
MIME-Version: 1.0
Content-Transfer-Encoding: 7bit

Pronto nos pondremos en contacto con usted. recibimos su solicitud para RealNicaragua
--===============0997257496354745341==
Content-Type: application/pdf
MIME-Version: 1.0
Content-Transfer-Encoding: base64
Content-Disposition: attachment;
 filename="justo@becerra.com_1234567_2021-01-31 07:57:12.995564.pdf"

JVBERi0xLjUKJbXtrvsKNiAwIG9iago8PCAvTGVuZ3RoIDcgMCBSCiAgIC9GaWx0ZXIgL0ZsYXRl
RGVjb2RlCj4+CnN0cmVhbQp4nJ1VW3OaQBh931/xPeJ0wL2wXDqZTIjSTjLaVKV9yeRhg6vBCChg
m5/fD8QmJk0agiPssHu+c85eDgwo/kyGN89mEKdkS2jzrlhCX1FYluQ8Itzej8OnSy0qqesxYJRa
niM4NqOU9BcmNSlge0GujWEY9aQ0gtEonMEwhFEA03AWTntCGj97rmcEg4urb72b6JIw3mrggLUs
KnzqcGCOZ3HqUnEozg7FDehFqyM6kzNLMCa5QIWW5I5wXIjmxAggy9PbQsNct5hnVRizqCNs1wV0
RaUUwpM18tr43rOloTcaGo1HbI8gk1m2oEL4Bwx3DVWqTV5U+oB7J6PBuLAl6n5h7hU6I0xVsu5m
y1jtyio/u9WxLgplxXn6brrWnS7KPFNlZ3MNzWyjMjg5gX4QVzu1jvRDBScLvVhQqugpnJ7C+XDQ
lgrH2Nq0dB1Ufqm3nY7vFK45hFlVqLnqqpZTjkOZyT2g/LOUH2SfqXXycXJBu5EbgS7ydZJp1XFP
/MiSSs8hSIoaXb7FxxHpeMJpcFe3pS5+qTjJH1GvcprUkq7j4Qmtocu71du2HNf26F5esNRZpWG7
01DohrGjv8HdLr6HgSqrtQZzv7mifchZvqivOusw5J4EEfddy7Z9znwQEl1j3HH5Ioji1SZlvifO
lvVRrI/Tv4pPv2LbqS8XfmPXJf5X5Pqm1glzwiiMYQus4d7fMYVbAcgu8MkgBVvU0fb3xRpmMHmM
6mP5zVjmSwzPN+Sb75oKWzi4dPZ/puKTFNKjvst9+5U5eGGxLfzEouTc8nEBjz1uSV8x/A5B/wHn
apiTCemPkuy+SZLx4GKI5droqEPjWR972jchfwBxvY6RCmVuZHN0cmVhbQplbmRvYmoKNyAwIG9i
agogICA2NDMKZW5kb2JqCjUgMCBvYmoKPDwKICAgL0V4dEdTdGF0ZSA8PAogICAgICAvYTAgPDwg
L0NBIDEgL2NhIDEgPj4KICAgICAgL2ExIDw8IC9DQSAwLjcgL2NhIDAuNyA+PgogICA+PgogICAv
WE9iamVjdCA8PCAveDEwIDEwIDAgUiA+PgogICAvRm9udCA8PAogICAgICAvZi0wLTAgOCAwIFIK
ICAgICAgL2YtMS0wIDkgMCBSCiAgID4+Cj4+CmVuZG9iagoxMSAwIG9iago8PCAvVHlwZSAvQW5u
b3QKICAgL1N1YnR5cGUgL0xpbmsKICAgL1N0cnVjdFBhcmVudCAwCiAgIC9RdWFkUG9pbnRzIFsg
Mjk3IDUwMCA0MzIgNTAwIDQzMiA0ODYgMjk3IDQ4NiBdCiAgIC9SZWN0IFsgMjk3IDQ4NiA0MzIg
NTAwIF0KICAgL0EgPDwKICAgICAgL1R5cGUgL0FjdGlvbgogICAgICAvUyAvVVJJCiAgICAgIC9V
UkkgKG1haWx0bzpjanBtMTk4M0BnbWFpbC5jb20pCiAgID4+CiAgIC9CUyA8PCAvVyAwID4+Pj4K
ZW5kb2JqCjEyIDAgb2JqCjw8IC9UeXBlIC9Bbm5vdAogICAvU3VidHlwZSAvTGluawogICAvU3Ry
dWN0UGFyZW50IDEKICAgL1F1YWRQb2ludHMgWyA0MzcgNTAwIDUyMyA1MDAgNTIzIDQ4NiA0Mzcg
NDg2IF0KICAgL1JlY3QgWyA0MzcgNDg2IDUyMyA1MDAgXQogICAvQSA8PAogICAgICAvVHlwZSAv
QWN0aW9uCiAgICAgIC9TIC9VUkkKICAgICAgL1VSSSAodGVsOis1MzU4MDk3Mjk0KQogICA+Pgog
ICAvQlMgPDwgL1cgMCA+Pj4+CmVuZG9iagoxMyAwIG9iagpbCiAgMyAwIFIKICA0IDAgUgpdCmVu
ZG9iagoyIDAgb2JqCjw8IC9UeXBlIC9QYWdlICUgMQogICAvUGFyZW50IDEgMCBSCiAgIC9NZWRp
YUJveCBbIDAgMCA1OTUgODQxIF0KICAgL0NvbnRlbnRzIDYgMCBSCiAgIC9Hcm91cCA8PAogICAg
ICAvVHlwZSAvR3JvdXAKICAgICAgL1MgL1RyYW5zcGFyZW5jeQogICAgICAvSSB0cnVlCiAgICAg
IC9DUyAvRGV2aWNlUkdCCiAgID4+CiAgIC9SZXNvdXJjZXMgNSAwIFIKICAgL1N0cnVjdFBhcmVu
dHMgMgogICAvQW5ub3RzIFsgMTEgMCBSIDEyIDAgUiBdCj4+CmVuZG9iagoxMCAwIG9iago8PCAv
TGVuZ3RoIDE1IDAgUgogICAvRmlsdGVyIC9GbGF0ZURlY29kZQogICAvVHlwZSAvWE9iamVjdAog
ICAvU3VidHlwZSAvRm9ybQogICAvQkJveCBbIDAgMCA1OTUgODQxIF0KICAgL0dyb3VwIDw8CiAg
ICAgIC9UeXBlIC9Hcm91cAogICAgICAvUyAvVHJhbnNwYXJlbmN5CiAgICAgIC9JIHRydWUKICAg
ICAgL0NTIC9EZXZpY2VSR0IKICAgPj4KICAgL1Jlc291cmNlcyAxNCAwIFIKPj4Kc3RyZWFtCnic
RZDBEsIgDETvfMX+gGkIkMDdH+jJs9NxvFSd6sXPl1ZKJ6d9LLuBxY1YnKjBi0AF0fC+4YLnCklC
hg9MnhMe6EQSFU0QY0olrldJedWRbDv/6wlBqiMU19FcUSQ9PEEycSg9s+vWOh1EmYzNbRk7ipRj
7pmaSdj21q6nY7NG5n1311F/XMs89FZbQ9ZPWVyVGVznFBNps5mV1JJS8ILp4YYr4/7B8PWK88uN
dX5LnEgzCmVuZHN0cmVhbQplbmRvYmoKMTUgMCBvYmoKICAgMTc5CmVuZG9iagoxNCAwIG9iago8
PAogICAvRXh0R1N0YXRlIDw8CiAgICAgIC9hMCA8PCAvQ0EgMSAvY2EgMSA+PgogICA+PgogICAv
WE9iamVjdCA8PCAveDE2IDE2IDAgUiA+Pgo+PgplbmRvYmoKMTYgMCBvYmoKPDwgL0xlbmd0aCAx
NyAwIFIKICAgL1R5cGUgL1hPYmplY3QKICAgL1N1YnR5cGUgL0ltYWdlCiAgIC9XaWR0aCA4MDAK
ICAgL0hlaWdodCA2MDAKICAgL0NvbG9yU3BhY2UgL0RldmljZVJHQgogICAvSW50ZXJwb2xhdGUg
dHJ1ZQogICAvQml0c1BlckNvbXBvbmVudCA4CiAgIC9GaWx0ZXIgL0RDVERlY29kZQo+PgpzdHJl
YW0K/9j/4AAQSkZJRgABAQAASABIAAD/4QCMRXhpZgAATU0AKgAAAAgABQESAAMAAAABAAEAAAEa
AAUAAAABAAAASgEbAAUAAAABAAAAUgEoAAMAAAABAAIAAIdpAAQAAAABAAAAWgAAAAAAAABIAAAA
AQAAAEgAAAABAAOgAQADAAAAAQABAACgAgAEAAAAAQAAAyCgAwAEAAAAAQAAAlgAAAAA/+0AOFBo
b3Rvc2hvcCAzLjAAOEJJTQQEAAAAAAAAOEJJTQQlAAAAAAAQ1B2M2Y8AsgTpgAmY7PhCfv/AABEI
AlgDIAMBIgACEQEDEQH/xAAfAAABBQEBAQEBAQAAAAAAAAAAAQIDBAUGBwgJCgv/xAC1EAACAQMD
AgQDBQUEBAAAAX0BAgMABBEFEiExQQYTUWEHInEUMoGRoQgjQrHBFVLR8CQzYnKCCQoWFxgZGiUm
JygpKjQ1Njc4OTpDREVGR0hJSlNUVVZXWFlaY2RlZmdoaWpzdHV2d3h5eoOEhYaHiImKkpOUlZaX
mJmaoqOkpaanqKmqsrO0tba3uLm6wsPExcbHyMnK0tPU1dbX2Nna4eLj5OXm5+jp6vHy8/T19vf4
+fr/xAAfAQADAQEBAQEBAQEBAAAAAAAAAQIDBAUGBwgJCgv/xAC1EQACAQIEBAMEBwUEBAABAncA
AQIDEQQFITEGEkFRB2FxEyIygQgUQpGhscEJIzNS8BVictEKFiQ04SXxFxgZGiYnKCkqNTY3ODk6
Q0RFRkdISUpTVFVWV1hZWmNkZWZnaGlqc3R1dnd4eXqCg4SFhoeIiYqSk5SVlpeYmZqio6Slpqeo
qaqys7S1tre4ubrCw8TFxsfIycrS09TV1tfY2dri4+Tl5ufo6ery8/T19vf4+fr/2wBDAAgGBgcG
BQgHBwcJCQgKDBQNDAsLDBkSEw8UHRofHh0aHBwgJC4nICIsIxwcKDcpLDAxNDQ0Hyc5PTgyPC4z
NDL/2wBDAQkJCQwLDBgNDRgyIRwhMjIyMjIyMjIyMjIyMjIyMjIyMjIyMjIyMjIyMjIyMjIyMjIy
MjIyMjIyMjIyMjIyMjL/3QAEADL/2gAMAwEAAhEDEQA/APf6Q0tRySLGjO5CqoyST0oAfxS5rEl8
SaShP/EyteP+moqrJ4r0lemo2x/7aCnysDpM5ormP+Es0v8A6CFt/wB/BR/wlul/9BC2/wC/gp8r
A6eiuY/4S7Sv+ghbf9/BR/wlulf9BG2/7+CjlYHT0VzP/CW6V/0Ebb/v4KrXnjnRrG3M819GUH9w
7jRySYrpHX0V52Pi14ZIz9rl/wC/Ro/4Wz4a/wCfuT/v2atUZC50eiUV55/wtnw1/wA/cn/fs0f8
LY8N/wDP3J/37NHsavYOdHodFee/8LY8N5/4+5P+/Zpf+FreG/8An7k/79ml7Cr2DnR6DRXn/wDw
tXw5/wA/cn/fBo/4Wp4cP/L2/wD3waPYVewc6PQKK4D/AIWn4d/5+3/74NH/AAtPw7/z9v8A98Gj
2FQOdHf0VwH/AAtPw7/z9v8A98Gj/haXh7/n7f8A74NP6vUDnR39FcB/wtLw7/z9v/3waP8AhaXh
3/n7f/vg0fV6gc6O/ozXA/8AC0fD3/P2/wD3waQ/FLw6P+Xt/wDvg0ewqC50d/mjNef/APC0/Dv/
AD9Sf98Gl/4Wn4d/5+pP++DS9hU7D54nf5ozXn//AAtPw7/z9Sf9+zR/wtTw6P8Al6k/79mq9hU7
MOeJ6BRXn/8AwtXw7/z9S/8Afs0n/C1vDv8Az9S/9+zR9Xqfyh7SJ6DRk159/wALV8Of8/Uv/fs0
f8LV8O/8/Mv/AH7NL2FT+UXtInoOaM159/wtbw3/AM/Mv/fs0n/C1vDn/PzL/wB+zR7Cr/KHtIno
WTRk157/AMLW8Of8/Mv/AH7NL/wtbw5/z9S/9+zR7Cp2D2kT0HNGa89/4Wt4c/5+pf8Av2aP+Fr+
HP8An6l/79mj2FT+UftInoWaM159/wALW8Of8/Uv/fs0f8LW8Of8/Uv/AH7NHsKn8oe0ieg5ozXn
3/C1vDn/AD9Sf9+zR/wtXw5/z9S/9+zR7Cp/KHtInoOaM159/wALV8O/8/Un/fs0v/C0/Dv/AD9S
/wDfs0ewqfysPaRPQM0Zrz//AIWn4ePS5l/79mnj4n6Af+W834RGj2FX+Vi9pE73NGa4MfE3Qj0l
n/79Gl/4WXoZ/wCWtx/36NP6vV/lYvawO6zRkVwv/Cy9E/56XH/fo0f8LL0P/npcf9+jR9Xq/wAr
H7WB3WRRmuE/4WZoX/PS4/78mk/4WdoQ/wCWlx/35NH1er/Kw9rA7zNLmuBPxP0H/npcf9+TSf8A
C0tA/wCetx/35aj6vV/lYvawO/zRmvP/APhaXh/P+uuP+/LUn/C1PD+f9bcf9+Wo+r1f5WHtYHoO
aM159/wtTw//AM9rj/vy1H/C1PD/APz2uP8Avy1H1er/ACsftIHoOaM159/wtTw//wA9rj/vy1H/
AAtXw/8A89bj/vy1H1ep/KHtIHoNFeff8LU8P/8APa4/78tR/wALU8P/APPa4/78tR9Xq/yh7SB6
DRXn/wDwtPw//wA9rj/vy1H/AAtPw/8A89rj/vy1H1er/KHtIHoFFeff8LU8P/8APW4/78tR/wAL
U0D/AJ63H/flqPq9T+UPaQ7noNFef/8AC1PD/wDz2uP+/LUf8LT0DtLcf9+Wo+r1f5Q9pDuegUma
4H/haOg/89bj/vyaX/hZ+hf89Lj/AL8mj6vV/lD2kDvc0Zrgx8TtCP8Ay0uP+/Jp3/CzNC/563H/
AH5NH1er/KHtYHd5ozXCf8LM0L/nrcf9+TSf8LN0L/nrcf8Afk0fV6v8rD2sDvM0ma4P/hZ2hf8A
PW4/78mj/hZ+g/8APW4/78mj2FX+Vh7WB3maM1wX/Cz9B/563H/fk0f8LQ0H/nrcf9+TR7Cr/Kw9
rA76iuA/4WjoH/Pa4/78mj/haWgf89bj/vyaPYVf5Q9pA7+ivP8A/haegf8APW4/78tR/wALT8P/
APPa4/78tR7Cr/KHtIHoFFefH4q+Hx/y1uP+/DUn/C1vD3/Pa5/78NR7Cr/KHtYHoVFee/8AC1/D
v/Pa5/78NR/wtjw7/wA9rn/vw1L2NX+UPaRPQqK88/4Wz4c/57XP/fhqT/hbPhz/AJ7XP/fhqPY1
f5Q9pE9Eorzv/hbXhv8A57XP/fhqP+FteG/+e9z/AOA7Uexq/wAoe0h3PRKK87Pxb8N/897n/wAB
2pP+Ft+G/wDntc/+A7Uexq/yh7SHc9FpK87/AOFt+G/+e1z/AOA7Uf8AC3PDX/Pa5/8AAdqPY1Os
Q9pDueicUd687/4W54a/57XP/gO1W9O+J2ganqENlbSzmaUkKGhZRwM9TSdGa1aBVIs7qlqpFdLI
MqcirKtkVmWf/9D3/tWR4kfZ4e1DnH7h/wCVa9Yfik48Pah/1wf+VNbgfGVxPObq4/fzjErf8tD6
n3qLzpv+e83/AH8P+NE5/wBJuP8Arq38zUea7I25dhXJPOm/57zf9/D/AI0edN/z3m/7+H/Go6Kr
TsIk86X/AJ7Tf9/D/jR50v8Az3m/7+H/ABqOiiy7ASebL/z2lPt5h/xoMsjDa8zsP7pdiP503PFJ
TSQBz2Y/maOf736miiqFZC8/3v1NJls9f1NFFOwWQEtnr+ppct/eP5mkopBZC5f+8f8Avo0bn/vH
/vo0UUXYWQbm9T/30aNzep/76NJiinzsOVDg7ep/76NL5jf3m/76NMpapTYcqHhz/eP/AH0aN5/v
H/vo0zNGafOxcqJA7f3j/wB9Gl8xv7x/76NRZozT9oHKibe394/99GlEpH8R/wC+jUG6jfVKq0Jx
RZEpPf8A8eNPDn1/U1VDUu81oq0hOBcDf7X6mjn+9+pqushFP8ytVVbI5SUZ7N+pp25h3/U1EGpw
Y1fMyWh+73/U0Z9D+ppvWlxTuxWFyfX9TRz6/qaSnYouxaDTn1/U0c+v6mlIoxRdjuhvzev6mkOf
X9TTyKTFF2FxuT/e/U0En+9+pp2KMUczHoIM/wB79TUyg/3v1NRAVNHxSuwdizCDx/ia0oR0/wAa
oRHpWhCcYqk2ZyL0OPT9asAADrVVGqUPxVpvuYsmyKYWAqPfTC9O7BIkZ6ZvqMtmm5pXY7EhemF8
npTSaTNHMwHZHpTSRnpSGii7AXj0o/CgClHWldgJgelGB6U7vShc0XYxuPajHtTiD0pyqaLskYAP
Sl2+1SiPNO2UXYEATJ6U7yvarCoAKCwFF2BCsPtUohXuKUS00y0uZjH7EA6UuFHpUJlqIymjmYWL
RdR0FJ5oFVPNNMaTNHOxWLnnCo2lFVd9JvpczKsWDNTPN/zmoC1IWpczCxY83/OaQy1W3UbqOZjs
TmX2pPN9qg3UFqXMx2JzL7U0ye361DupM0czCxKX/Ck3+9RE0Zo5mFiQSH2pPM+lRZoqeZlEnmc9
qC30plFHMxClvpSZ+lIaSjmYDiw9qTP0puaKOZjHZHtSZpKKTkwFyK1PDM/2fxLZTDqrH+VZOata
c+zUIWHUGs6r/dy9GOPxI+jdG1M3EY9MV1du+9QR6V5f4VnZoxzXpdicxKT6V4J3H//R9/rD8U/8
i9qH/XBv5Vt1ieKBu0C/H/TBv5Ur2YWufFk//H3cD/pq38zTMVPdQstzOwB/1r9v9o1WrqhO6CUH
EXpS5pKKu5IZpRzSUU7gOozTc0tNMBRRSUZqriFFBoFFO4BS4pKWqTAKKKKdwCjFFLTsFxMUUtJS
5RXEPWgUtLS5RjaWjHNLiiwDaKdijFKw7iClzSd6WqsFwyaUE02iqTaEyUORTg5NQilBxWkalibX
LSnPen5qpuxTxITW0alyXEsZp2ahVqkBrRSM3EfmjikFKMVRNhSKbinZpaAG4oxTsUm2nYLiCpVG
aYBipFpWBssx9quxnGKoxnpVxD0qkQy6hqTtUCHipAapENC7jSHPrSHrSZoELnFJ1oNFIBMUU4DJ
pdvNADaAKdspypQA0LSgc1MF4oAAoAj209Vp3FGaQBsHrSgCmFuaaWo5hEuRSM4AqHfzTWapchom
MnHWmGWoC1IWpXHYmL1Gz0wnimE0rjsSFs96aWqPNLmi4WF3GgmmZpSaVx2DNJSUZouMM0lJnmkz
RcBaKQ0maVwHYpCKTNBNFwFxRim5ozRcBcUlGaQmlcBaKbmgmkMXNGabmjNFwHUfjTCaM0rjsLmi
m5op3EOpM0UUrgLU9l/x+xfWoKnsv+P2L61FR+4/QqPxI9m8I/6sV6hYf6pR7V5f4R/1Yr1Cw/1a
/SvDZ2n/0vfaxfE3/IAvv+uDfyrarG8Tf8gG+/64N/Kh7FQ+JHx7P/r5v+ujfzNVZrYEZSrc4/0i
Yf8ATRv5mozXNGfKz3J0edIzCCpwwoz6VoPEsg5HNUpYXjbOOK7qdVSR5NfDOD90jpRScUordWZy
vQKKKKL2C6ewoopKM0cwC0ZpM0tUmKwuaKTFGaq4CjrTqbmlzTTAO9OHSmilzVJgLSUvakq0AUUU
CgQooxR0ozTsAYoooosAcUHFFBosAlLSUZpWAWikzRmi9gE708HFNpaOZoY8NUivUOaUGtYzJauW
Q9PBqsGxUqvW6kjNxJgacOaiDU8NVolxH0uKAaAc1aZLQAVIq0gFSAUyWSRjmrcdVoxzVpM0EssJ
0p4JpqKcVKEJpktjcZo21JsPanCM0hXIgtLsqUIacEoC5EE5pwTmpNtGKAuJtpRxQTTe9FxDi1NJ
ppNIalsEBakL8U0mk7VNxhuppakzSZoKAnmmk80pNJmkwEY8U3NOPSmmkAZpM0UmKQwzQTRikoAT
NGaCKSgB1NpaSgYhpKU0YoASkNLSGgBKKKOtIYZpM0uKTFIAJpM0hooAM0E0YpCKQwzRmjFGKAA0
lLijFIBKUUYoIxTAKKKXFABU9l/x+RfWoKnsv+PyL61FT4H6Dj8SPZvCP+rFeoWH+rX6V5f4R/1Y
r1Cw/wBWv0rw2dp//9P36sXxMM6Fff8AXB/5Vt1ieJedDvf+uLfypPYqHxI+Qpk/0ib/AK6N/M1G
Uq9NHmeU4/5aN/M1GYvauHmuz6z2DsipsppXd8rc1b8v2ppj56U1Oxm6HczZ7TPKflVUgrwRitkp
z0qGa1V1PHzV10q9nZnmYjAu10ZdFTPbvDw3IqIAt0rvi4yV0eTOnKDs0JRS89xRRZkpX2EpaMUY
oAKKMUVVxMWiiii4CiikzS5qkxC9qKTvS1akAUUUVSYCilpB1pasQtGKQUtOwBikIp1BosA3FGKW
lxRYBuKMUpFGKVgExSU7FGKLANoFOxRiiwCU4Gm0U0wJg1SK1QA0u6toyE4lsHNOBquj1KrCtou5
lJWLC1IKhU1Kpq0zJlmPrVqMZNVYgM1diHNUQywinFWEQ02Ic1ZVadjNjQlPCcVIq0/bSFcr+XRt
x1qfZSFKQXICoxTan2U1koC5XbrTe9WNlMZeelIZA3Wmmpthz0oZPapaGiuetJU2z2prJ7UrDK56
0VKV9qbj2oKIjSVKRTSKVgGGmmn4pMUrAMoNPxTSKVhjaSnYNJmiwCYoxS0UANoNOxRQMjNFPNJi
gBpppp5ptACGkFOIpKQxKQ0tJQwENJTqMUgG0GlooGNop1FKwDaKdRRYBO9LS4oAp2FcTFLilxRi
iwXExU1n/wAfkX1qLFTWY/0yL61FRe4/QqL95HsnhH/VivULD/Vr9K8v8I/6sV6hYf6tfpXhM7T/
1Pfu1Y3iP/kCXv8A1xb+VbJrH8R/8gS9/wCuTfypS+E0pfGj5ZkjHmy/9dG/maiMNTyN++l/66N/
M0ma8x7n6HGCcUVmhINRtEfSr/HegqDSIdFMzTHjtTPLrSMWe1MMFUmzKWHujOaEMMEZrPuLFlO6
Ot1oaj8vA5/KtoYiUGefXy+NRbHNMpU/NSbe9blxYJMMqMNWXLbvEcOp9jXr0K8ai1Pm8TgKlF6F
bFGKftpdtdTpnDcjxRin4oxUcgxlFOIoxS5AG4op2KMUnEQmaM0tJRsAtKKbTqpMAxTuKZS5q0wF
ozRRVpgLmlptOqkAg5NOpB1pasQUlLS0WATFJTqQCiwCUc07FHWiwDTSYp2MUVLiA3BpRkUuD60m
MUbAODEU9DUVOBxWkZCaLSManVhVEE1Yibjmt0zOUTQiar0Dc1mxNx1q7EelWmYSRpxuKsrJWchI
qYSHAp3M2jRDinhwazvOwKeLjimTY0QQaXg1QW64pwufegLF3aKCgNVftHvThOPWgRY8vim+VzTB
OPWnCZfWiwAYh6U1os9qkEgPcUvmD2osBD5PHSmND7VbDAijg0rBcoGA56Uww+1aW0GkMII60WHc
zDDTDF7VpmAUn2YUWC5ltFxTPKrVNqKabUVLiO5l+Wab5fNav2Wmm0o5R8xmeXSGOtM2tNNr7UuU
OYzSlJsrRNrx0phtqOULlApSbKum3NNMGKmw7lIpSFTVpoTTTFRYaZXK8U3FTmPmmlKLBcgpKm2U
3ZUjuR0HipNlIUosFyPGaMU/bRtosFyLFGKl2+1G32osMixRipdvtRtosBGBx0pce1PxRiiwDMUu
Kdj2oxTsA3FGBTsUbaLANxU1oP8AS4vrUeKmtR/pUf1rOqvcl6MqHxI9g8I/6sV6hYf6tfpXl3hH
/VCvUdP/ANWv0rwGdx//1ffjWP4i/wCQJe/9cm/lWzWL4jP/ABJL3/ri38qUvhNKXxo+WXP76b/r
o38zQGqN3/fS+8jfzNAavMe5+gQqLlRMDTs4qIH0p+c0jVNMkBpeD1qMNzTwady9BSoNNMa+lPzS
gj0p2uJpdSBoAfY1BLaK64ccHvV8YJ6UpQVUZOOxnUw9OotTmbnTXhJZRuSqRTBrsTGMYxxWfdaV
HNlowQ314r18Jj18NTc+bx2S6udM5zbzSFauS2rwsQynioGQr1r2IqM1c+ZmnTlyyREVpNtTFabi
lKkSmnsRbeaCOal20m2odIdyLFGKkxSbah0guMxRinYpMVDpjuJRS4pOanlaHcDQKKKNRC5pRTe9
KKpSAdS5puaWtIyFYcDRTc0oNacwDsUAUm40oNUncBaSlowKqyENNGKWilYBKQ07FGKTQDcUvelx
SUrAOFSoxqIGnqTTTsJrQuwtzV+FqzYjir0JreLMJo0EbinhqgQ1IDWiMmiTNGabmjNAhxNKCabm
kJNAiXccUByKiyaMmmFibzSKd5xqvk0bjQFi0Lg4pVuTmqm40oJoCxeF1inC7rP3GjJoDlNEXnvT
vtee9Zm40bjRcXKaouh604XY9ayd59advOOtFw5TXFytKLhDWQHOetOEhHei4rGv5y0okU1kecae
JzjrTuKxq7kNL8prLE59alW5IpXCxe2r0ppjWq63HNO88UBYkMIqMwCnibNO3g0WFcrNBzxUTW/F
XsimkA0rXGmZxgNRmA5rT2A00xD0o5R3MzySKb5BrSMOe1J5PtU8pVzMMNJ5JrTMPtSGD2o5QuZv
lEUeV7Vo+RntR9no5QuZ3le1HlVoeT7UnkZ7UuULmeYqb5RrQMPPSkMI96OUdyh5VHl1daGmGI0c
oXKuzim7KteUaQxYpWHcr7KaV5qwUNNKGiwXIdvNS2oxdx/WgpT7Zf8ASU+tZ1V+7l6MqD95HrXh
D/UivUbD/Vr9K8u8I/6kV6jYf6tfpXzzPQP/1vfqxfEnGh33/XFv5Vs9axvE3/ICvv8Ari38qUti
6fxI+TpH/wBIl/66N/M0qyD1qvKxFxL/ANdG/maarGvOcdT7CFZ2ReD+9SK9URJUiy1NjojXLm70
NODVVVx61KH96RvGqWA1PDCq+73pyvQnY3UkycNzUgORzVcPUgarvcpMeR70oz0pmeaduovrcHqN
mgjmUhlAOOtZNzpzRksqlh7Vtg8UEqVwRXdhsbOlvsebjMspYhXS1OXaHnGOaiaLnpXQ3Nisih06
+lU0067nYiC1Z/pX0OHxlKrHRnxWLwFbCyfMtDHMdJsxWudE1cE/8S6b8j/hTf7B1g/8w2bP4/4V
u5w7nIuZ7GRtpCBWx/wjmuN/zDZf1/wpp8Na5/0DZf1/wrNzh3HqY5FIRitg+Gtc/wCgdL+v+FMb
w7rajJ06X9f8Khyp9xmVimkc1pPourr10+b8j/hUJ0vU162EuP8AdP8AhUPlGUsUYqybC+/58pR/
wA0hs70f8ukv/fJqbRArEUgzVj7Jef8APpL/AN8mmtbXQHNrL/3yayaQyGlzT/s9x/z7Sf8AfJpp
hnHWGT/vk0k7DEBzTgaaUlA/1T/98mgK/eJ/++TVKYhwp2aj+cfwN+VLuPdW/KtFNCH5pQaZvx/C
35Ueao7n8q0U0xWJOKOKj85exP5Uvnr3J/KtFJAScdqSmiVT6/lS+YvYn8qbasA7FJSeYv8Aeo3g
96VkA4CnqKYCD/FUikf3qLILsmjq9D2qnHg4+ar0fQc5rSJjItR9amAqOMcVKAa1RiwopcGk5oJF
pKOaWgBKKTvS0wCiiikAUtJRmgBaKTNFABRzRRQFgozRRQAuTRk0lFAx26nb+KjooESbqUPUYpc0
BYmElKJKhBo3UCsWRKakE3vVTfS76dwsXBP704TZ71SD0qvRcVi8JR607zPeqIenB/elcC4JRTt4
NUhJS+bVCsXcigEVVEvvThJ70BYs8Glx71XEnvSrJz1oCxOQKTb7UzeM9advB70CF8sUhjB7Ubve
lB96QDTDmozDVjPvSEUBcqmH0phiOelW8CkK5pWHcpGI56VG0dXylMaLNJoaZQ2U6Ff36fWrLR4O
KaiYkBx3rKqv3cvRlwfvI9N8I/6kV6jYf6tfpXl3hD/UpXqOn/6pa+dZ6R//1/fR0rG8Tf8AICvv
TyG/lWzWL4n/AOQBff8AXBv5UnsVT0kj5GkkX7RN6+Y38zSDB6Gqsx/0qfn/AJaN/M00MR0Ncjjq
fRQr2ReKke9AGfaqqzuvvUwuQfvDFS4m8ayZMCRT1eo1kVu4p5GelQ0bxmSiT3qVXFVMGnBiKlxN
o1Wi6H9KkV+Kzw57VIspqbM6I1S+HFODA1TWSpA9FzVTLYYYpwIxVYNTwTinc0Td7onB64rR0jXb
vRLhZbdIpFByUkTdmspWp6mtIVeX4SKtOFZWqK57l4Z8Z6RrsSRy2sME/QgqOTXWGGELxbwn0Pli
vmJGeORZIZGjdTkFTiu88L/Ei8051g1eQSQdFcnn8a6oVlLdnzWOyRr3qWx660KAZ8iEH02Coti/
88Yf+/Yo03VLLVbZZ7WVHVhnAOcVa2dRit1Lsz5+VNwfLIoso/54w/8AfsUwxqRzBD/37FXfLBNR
tHg0+aRNkZ728TdbeH/v2KrvY2xzm2i/74FapT2qNk9qFKXcNDFfS7Fv+XSM/wDAaibR9PPWyT8q
2zGPSmNEPQ0OUl1HYwJNE07PFmlV5NE07H/HkproWhyelQND83Q0uaXcLHPtoemf8+K/nVeXQdLP
/LiPzro3hqu8PNLnkBzTeH9KzzYj86ibQNIH/LiP++q6NoeelV5IeaOaXcLGAdA0Y9bD/wAepv8A
wj+iA/8AIPz/AMCNbLxVA0f1o55dwsUV8PaAeum/+PmpV8M+HG/5hn/j5qTG08k1IshHen7SfcLE
X/CJ+G2/5hpH/bQ0o8F+G3/5cMf9tDVpZz61Zjm45NNVZ9wsZf8AwgPht+lsR/wM0xvhv4df/lmV
+jmt5ZeeoqZZc9OKr20+4NHKt8LfD79GYf8AAj/jVdvhJoLDi5lH4/8A167dZBT8+5pqvPuKxwDf
B/QyMi9n/CoH+EekJ92/nH4V6KwGP8aglUY7VccRMOU85k+GumwfdvHOPeqM/hK0tuk7GvQrlTg5
xWDerwcV30aknuc1Q4yTTYoeAzGoDFjoK3LlOT1qgyDNejDVHK3qZ5TmmlcVdMYzTGi9qqwrlTFG
KsNGKaYz6UDuQFRSVOYzjpTfL9qAIsUmKl200qc0hjDSU8qaTafSgBtFOxScUAFFFFABRRRQAUUU
UAFFGKKADNLSUUALRSc0c0ALmlNNFKaAFFLmm0UAOzS5plFAWJN1GaZmjJouIfupwaosmgE0ATB/
enByO9QZNLuoAseZ709ZDjrVXPvShjQItiT3p4k96phjS7zTE0XBJ71IHz3qiHPrUgc0BYtZp2aq
q5p/mc0CJ6TFRh/el3UWHqKRzSbRml3UZrOsv3cvRlU/jR6J4Q/1SV6jYf6ta8u8If6pK9RsP9Wt
fNPc9Q//0Pfu1Yvif/kAX3/XBv5VtdqxfE//ACAL7/rg38qT2Kh8R8czf8fM/wD11b+ZplOmP+lT
/wDXVv5mm5rne57EfhQoNBNJR1oLTH/TNKHdOhpnQ06lYqM5E63Mg7VKtyD94VTozUtGqrSRoCWN
jwaeT/drOBNSLIy96lxOiFcvBjThIRVVJwetTKVfoazcTphUJ1lqZZcjrVQgigNg4pWsdEati8sg
qYPkVnh8VMslS0bRqXLin3p+Rgj5RnqT3qqsnepBICelNSNVK6szU0nVr3RJlksZWTByRu61614Z
+I2n6oI7a9byLrpyuM/jXiu8EUoPzB14YdD6VrCrY4cVltGurrc+olKsu9drr2IbNIAD9DXh3hfx
/e6LKsN2DPAeMkngV69o2vafrdqJ7SYe6d811wqKR8picBUw8tVc0XjGOKiMftVgEng8UHB5HStN
Ohwq1ymUx2prL7VcKA1GyUC16lPy+9RsmeMVd2EU0pnrQBnNF7VC0PtWk0dRtHx0pAZbQ+1V5IPa
tcxe1QvDQMxpIOOlVmh9q23hyOlVWhwelFgMaSD2qsYyK2ZIarSQCkBmcrT1lIqd4KgeMjpQBYSe
plm96zclaeJSKANZJferCy1kJPVpJxQBo76jdgagWYGhnFXFksrXPQ1g3fetud8g5rFuiCDXoUHq
c9Qw7gc1RdRmr1yeaouea9em9DjluRFeaNlOorREkRQGkMdS4FBFAFYpSFOKnK0m3iiwXK+ymFOa
tbOOKYV55pWHcrlcU0rU5U56Cmsg7kClZ9BpkG3IpCtSEgcZH4U3en+0T9KPVBcZtoxS4mcny4Wb
8KelrfyD5bRqPd7juyLGKKtrpGqykBbNqnTwtrch4tmGfapdSC3ZSjJmbikx7Vtr4I12QcxFR9Km
T4ea4444/Codan/Mh8kjnvwo/CumHw11w9XA/CpB8MtaPWYflU/WKP8AMP2cjlMZ7UYxXWj4Yax/
z3/Sj/hWGs/89/0o+sUO4ezkclR+FdZ/wq/WP+e/6UxvhprI/wCWv6UfWKHcPZyOW/ClHHaulb4b
62B9/wDSov8AhXmuDv8ApT9tT/mFySOfz7Uv4Vtt4C11e2fwpjeCNeX/AJZ5/CmqsH9oOSRjnPbi
k5rUbwlrif8ALA1GfDWtr1tjR7SH8wckjPzQDVw6FrC/8uhqM6Rq69bM1Sn5oLPsQZoyakOnaoOt
o1NNnqP/AD6NT5l3E15Dc0ZNKbbUP+fRqTyL4dbV6OaPcVvIXJoyaTyb3/n1f8qPJvf+fR6V49ws
+w4MadmmCG9/59Hp4tb89LRzTTj3HZ9hQaXeaT7HqOcfZGFSLp2qN0szSco9ws+wgkNKHJ5qZNE1
iQ/LaH8qsp4V1qU8Q7fwpe0h/MhezkU/M46Uok9a1ofAeuTEfw59q04PhjqsmN9xt/CpliKUd5B7
Kb2OZEyL1pVnjZwofk9q7m2+FEmQZ7w1a1L4dWek6JdX3n75IU3KPWuetiqbg0n0NYUJJpsm8If6
pK9S0/8A1a15d4QGIkz616jp/wDq1rwzuP/R9+rF8T/8gC+/64N/Ktk9qxvFH/IAvv8Arg38qUth
x3R8bz/8fU//AF1b+ZpgOafOP9Kn/wCujfzNMAxXO9z2FskLmnCm4pwoKuLQM0ClpWKSCiiigoKd
mm96D1osMeCfrT1cjkcVGDS5qWi4totJcHvUyyK/fmqIpytjoaho6YVWi7g0ucVXSUgc1OJFYVDR
0RkmiRZCKkWWocAjg0mCKTRvCbRdSTNSK/NUAxFSI5zyaho1jUaL29T97Jx0q9per3+kziazuCpH
8OeKyA9SBx3qoysaSjCorSR7h4V+INtq6R295iK56fMetdxnjggjse1fLgJLLKMrInKuD0rvfCnx
En00x2upzGW2IC+Yw3f/AKq6qdbufPY/KGvfpns4PrxSnmqVnf21/bLPaTrNEehVs4qzu4rqTT2P
npJp2kPKAio2jp4andaCbpaFcx00pVoqDUZWkBWMYNRPFVsrTWHtTAoNDVd4fatRkz2qIxcHigDH
eHPQVWeDP8NbTRDHSoHg46UgMV4RjpVSWHmtuSD2qpJAc9KQzFeL2qPYB0rVkg46VVaHHagCng1I
HoZSD0pp46UATpJTzLiqe8il83NNbisPmkyDWNcv1q9M+M81lXL4zXoUNzCojNuDzVJzzU1zJzVN
256161N6anFOLuSZoyKi3H14pwZcctit1sTZjycHBp3OKrmdAc/M/wBKnt7TULsgW1pMwP8As0m0
t2ITvTXdF4LCul0/wDrd+A0kLxqepIxXV6Z8KYlw94+T6ZrnnjKcNy40Zy2PKzKgOBy31qaKyv7k
gQQsQenBNe8WXgnRrML+4jYjuyg1tRWVjbgCK2hGOmEGa5Z5lFfCjeOGfU8FtPBOuXoGYygPcqa1
7f4T6hMFM1xIM9QOK9qyMfIu38KCzf3mrmlmVSWkdDRYZI8ztfhFZxqDPM7HuC1att8NdDtx88e7
Hqa7JlJ5O4io3XYu9h8orCWJry+0axoowYfCOh2vKWUTfVeatJpGlx/csYl99tF3rVnC21c5HaoX
1G6ki82GHdGPSuR4rVpzu0a+ytpYteRaJwtqg99tLiAchUH0qna6rFqANtKxjl6AHisfXLG9sPmS
R2Qnsa562K5KTqfEUoa8rR0LXMKnbvUGneaSuUfI9sVyLMktiGDytL6CtTQoGEPmTSuuOgY0U8RG
pJJLRjlTSehsedJk/M3FNW8UnAlwaUkHLLyp71z3iSxMPlywSsrMcYBrarJwhdaijG7sdH58uMq5
I9aQSysMhz+lctDd32nQRmYPLCe4qG51E/b4RBM+2Q5K+lc8MXFpX3KlTaZ13my/32pDLKOrtWTr
ElxYW8VwGO1vWmaXqk2oP935QK1deCrKk9yeV2v0NkXEh/iNBmfuxFVJL+1hk8tpMt6UyO+t5GIO
QPWtbxekWmS4NdC95zD1NJ5nqF/KoVlhkB8uTcR2FOyT2p80XpETSH70PWNPyoIiPWJPypuKM0/k
LQUx23/PCP8AKk8m1PW2j/KiihSHaI02tketrH+VNFlp+ObSP/vmpKKrmkuorLsQnT9NPWyhP1Wo
zpOlsc/Yof8AvmrJoo55dwsuxW/snSv+fGH/AL5o/srSv+fGH/vmrNJijnn3Cy7Fb+ytL/58Yf8A
vmnrp2mjpZQj/gNTYoo55dwsuxH9i08Hi0i/BaeLezXpax/lS0Uc0u4WXYcFtwPlgjH4UocDogH0
plKKT1HZEgncZwSKU3EpH32qKipsgJPNdupP41keJ3J8Mahnr5fH51p5xWT4mP8AxTV//wBc/wCt
MDC8IcxJn1r1HT/9WteXeEP9Un1r1HT/APVrQB//0vfaxfFH/IAvv+uDfyrarF8Uf8gC+/64N/Kh
7Djuj47mH+kTf9dG/maYVzUsv/HxP/10b+ZpnSuY9xRuhmCKADUhGaAtFx8g0DFL1pQDTttTcpRY
zFLinbDRtpXK5WMxRTsYoxmi4rDaXNG00lUw2Hg+tO4qOlBqbDTJQeKerYqEGnA81LRtGTRZWQ59
qmV8iqgbinoxqGjohULRFNyQaYJOakDAipZupXHh+KeslRdqMkClY0UmWVkqZHBzVEOakWUkYIxU
WtsbRm2tWdJ4e8TXvh66EluztFghogeD+Fey+G/GGneI7QNDKI7heGjY8ivnuOTHBJ/A1YtL25sp
1ntJPKmU53etbwqNHDjMBTxCvFWZ9PjjvwelPBrzXwp8So7wpaaoAkoG3fj7x9a9EWUPGHRgUPIx
XbCaaPla+Fnh3aSLXajFQq/HWnhqo5hSuKYy5qQHml4piuQkcUwrmrBXNMKUDKpiJNRvGauMvpTC
p7ikBnvH7VWkhrVaPNQtEKBmNJBx0qo8B5rckhBqvJCMUgMCS346VUeEiugkgBHSqctuAOlAGGyE
VXcsprYlt+KzZ4dpzmmtwKEsvWsu4ckHnmr918uayZRLKdsabmNdtJpbmE03sULl8PzWfJcKCQNz
N2C11Fj4PvtRbdKxjU12GleA9LtNslxmVhXd9chBGHsZPc8utLDU9QcJb2kgz3YV1ulfDTU7tg11
JHGh6gg5r0yCCxtABa24THrzVk3DsBnaPoK5p5jKWiRccNbVswdL+HulWCKbhldh2IrqLa1sbNQI
IUwPaqokyaf5pJ55rinVnPdm6hBdDSFzuGF+X6UokJ6k1QEvNSLL71nr0ZduxeDc9afu4qisvNSe
Ye1NqSV2Fy0G7U/5cYLc1XR8lh/FjiuRv9Qv4tXKbiB1Va5sRiHRim1fUqMeZ2udrggZ4phjDAhu
hrnIPEkkL+XeRY49a2rXVrW6T5WAqaWMoVfdvqVKlJbFHVtDiurdmtwBIKydJ1F9OnNrdrhQcV1s
c0TkiNg/rWJqGhtqF8XVtiVz4nCtTVagve/MqFSy5ZFXxElktuLu3YC5z8qrU1ubm90FzcQnzAvC
mr0Gg2qMhm/ebe5rTwAAqqAB2relRmp809mthSnY4TTtNvYZN5iyD2Iq/daVd3ZURny17gV0l5dL
ZoGKjYetNgura6i3IeTWFOhQpN0nLfXzHeUtUtCjaWzWlqIX5YDGapanpMmp7Qr4C1v+SSucdKaY
QOo6+9eg4qSs9jLXmujDtNOe3hFvc4dB0zWbdeGENyJ4WIw2cV1RjP1FN8s4IrKWHpyVkU6j1Xc5
nVbG9vIEtxyBUOj2l3p8bwsnzHo1dUEK9uaY67jkjn1olh4+1VR7gqlo8hwstvc2mq+bdRvIhOfl
FdDHcWNxCFWJ1456VrtGrgh1BH0qt9gtVJKxsGPX5qzpYZ0buPUcqlzMsILWyneVbgDP8LGnT63a
qxWIMzU668PpctuWUofpmkl0aKHTykKFpv72a0vVWi2EkrlSDxCslyIXQhie9bTAKA+evauNhs7m
0vkkliJAPJJrrJNStIrdZXcAgdKwwdaq+ZVXb1KqQVvdJ8HGSRn0pMMBkjHtXK32uzSXKvAMKTit
Maw1tCklycg9/StaeNp1J6bCdJo1+cZ4+lFQ29zDexCWFgwPpUuRnFdEWpO8XczA0UUmc01qCd3Z
DuKSkpaACkpaSgAooooAXiim0UAOoptFAC8VleJsf8I1f/8AXP8ArWpWV4m/5Fu+/wCuf9aAMPwh
/qk+teo6f/q1ry7wh/qk+teo6f8A6taAP//T999KxvFH/IAvv+uDfyrZ7VjeJ/8AkA33/XBv5UPY
cPiR8eS/8fE//XRv5mkHvTpgftM//XRv5mm4rke570VYXFOUUmacKlm8UOCilCZoFPFJs0UUJso8
vNSAU4LU3NFTuQGLim7MVb2ZFN8v2o5h+xKZQ03bVwxUwxYpqRlKi0VQOtGMVKY8GmFarmMuRoQd
KUdaOlJmgWqJA1OU81GKVTSaNIsnBzTlJFRA8U8NxU2N4zJ0b1p55NQBqkDVLRvGVyTHFJzQDS1N
jRMVWweakVveoiDigcUPYu7WpZBBIPII6ODyK7Lwr4/v9FkW3u5RNanjc/UVw27gVJvyOeacJuIq
tKlXVpI+mNJ1iz1q1E1lKkq4y2G5q+r49q+adK1m90W4WeymcDvHu4NeweF/Hun61CkFzJ5N3nG0
nqa7KdVPc+axeVzptyjsd0GJqRW9aqhyDyVxjt0qQOep5B9K206HkteRYBoxUSPT95zQSKUzTSvt
Umcig0xkBWmFKsEUwrk0AVHj9qhaLIPFXmU1GUzQBnPDx0qrLBntWu0ftVd4jilYDEmt/l6VmT2u
7oK6Z4SetVJIAO1AHMnSVdsyVctrG3t/uRAt6mtFouelQmPBp87CxPHMw44UegFWA5x1qmoxUyt7
0bgWg2B1p2/3qtupQ1AFpZDTxIaqBqdvI70AW/NOakWXiqIkOeacJML15oAviUngHp0qpqOtR6bE
GDZkPUUJJ/EeoFYdu1tc60xnOWzxmsKrUdt2XGzNvTfEI1BwoG1/cVLrdobiEXkWDPF2HemokMTg
xqM+oqlrOqzaYsTJzG/b3quSXs/fYbPQZpcP9vMZb7bEY/lK02TSrlNQEdsSsHdhWfaadd3d4Lgu
Uhk+bANdfFKI0WPrgVyU8NTqr94reZbqtImsLaPT49quXLDkmr6y5XGRistZ+oz1608TDj2rujFR
ioroY3uaQcZ608MM/hWcs1TRzA9atWvqBR8QSDy1TGcisKJZYUDxyEAds1d1+fdMoB6Cs+CcKACc
g9q8Khgo47HTVS6SNMRV+r0FbqbFlrcisEm5X1rdhuIbpcoy59K5CSLa28EBfeo/tSWjbhcKp+td
c8PjMF70H7SH4ozp4inV0loztymOMDHtTTGPSuf07xPDKdjSA49DXQw3MVwAUcH2rWhjqdbbTyZp
Ok1ruhhjz2qNovarny//AKqQgHpXWrLVGdrFIxe1RmLHar5SmmMUwM8ofSmbSvQ5q+0fpUZiFFwK
TxrIpDxg/hWbd6Fa3alcFTW20fpUZQ561LhCW4+Zo5o6GtvZMqrvfPBrJ0+xSS4eLU3fyw3APQV3
Dqc5qCe0iuVIkAye9cs8HCb51ol+JoqrKNta2enxEW8q+WegzzUoubbGBIDVGPw2sVy0hlJQ9s1i
arts5cQhwvrVTrKnHnasiV7zsdOLy0LbRKufrUgOef4exrl9J0eS8k+1SvsiB9etdM09rEgjEi7F
9DRh6zqQ5qit2HOCWkdx9FJHLFMco4pxUrya6VJMhqwlJQAetLTEJijFLRQAmKKdSGgBKKKKACsr
xN/yLd//ANc/61q1leJv+Rav/wDrn/WgDC8If6pPrXqOn/6ta8u8If6pPrXqOn/6taAP/9T33GBW
N4m/5AV9/wBcG/lW0axfE3/ICvv+uDfypPYqG6PkGZf9Im/66N/M0wrVqRM3Ev8A10b+ZqMrXG5a
n0yp6EGDThTylNwaVxOLQtKCc00nmnClYpOxMpqRSKgBqRWqWjohIn69KXFNQ1KKhnVFJjNlBjzn
AzipQtbnhKwTUtdW1kGQ2KI6uwVUlFs5lovX6VE8PNbuuWBsNcurcrhVchfzrOaPNVe25jGnGcbo
zmiOaYUNaDRVC0XWqUjCdAqe1JnmpzDjNRFOaq5k4WAGng4qPBBpd1PQm9iUGpFPNQK3FSBqlo1h
MnU08GoFanhqmx0QkT545ox6UwGlBwalo3vccRgUZI6Uo+alxU3LE3c5AqRHKSJKh2SKchh1FREU
gJoWgPVWZ6R4U+JMtkY7TVAXiJAEmMmvWLO+t7+IXFrKGiIyB3r5jXk4xx3rd8P+KtR8PXQaCVpY
f7jNXRTrNKzPIxmWxnedPc+i1kFPD5rlvDni+w8RWu8SLFN02E9TXRCRlADDFdcZKWx85Uozpu0k
W1bHWnbjVdZMin76ozLA5oAFRK9PVqAFK5qMipgQaQgUAQFDUTRmrTLTCtAFGSOqskWa03TNV3jo
AyXixVd1A5rTlQYqnKnFA7lM8UBqcy03pQIeGpd1RE80uaAJQ1LuNRAj1pc0ASb/AFp6cktnoM1B
uqG+aX7IUg++1Jv3boasQ2+uJLqD2zjCDjdis3WtPntJ/tdqxdevFV30e5ij35YueeKSHUry1by5
lJQdQ1eXOs5Nxrxt2ZsoKNnFly01i9hj3PHkYqS2S61y533I2wr0GaY/iGEBIhbAs1bsB2W6OqhS
46VeGpOotKnNFCnPpazLkbrFEsSH5VGBSrLiqu7n3pQ/NelbSzMm7lsSkU8TGqe+nb+KBF1Z81Kk
x3VnLJg1KsvX6UIT2djI1m5DXnJ+Uda5vUvGmnacrRoS8o4AC55q/rsxdJQpwa86sNA8+9kmk3OS
/Ga4MnrU41ateb0THj0pKFPqar+Jdc1liI18qLsScUDTdUuh+9mJH+9W3Fb2WlxBrkheOlZl545t
bIlLSIMemTW9TPKsp2w0Loqhldasr2sW9L0a+sH8xJi3sTXX2WoXMeAchq8ul8c6pct+4jAHt/8A
qqSPxD4klwyQnA9v/rV5uJweNxcudxs/I9Knl7pK0pr0PcrHXiMJOvbqBmtuG6hnUFGGa+d18TeJ
FYMYSQOoOf8ACuq0Px1cnCTwiNh3OauEcxwq/ex5l5BVwUGvdmj2PGBkmjiub0/xMsyr5uCK3oru
GcBlcHI6V20MZTraR3OCpSlT+Il25GabsFPJJGBRXVtoZ2IvJqNoqsimlaEGpUaMVC0eavlM1G0d
HURR2HoelVbrTbe9QJKuB6gVqGOozHiiSUtJK47nJ67b3NhbRx2XMWOeahhsrOOzW5lnJYjLLmuu
aJXG2RQymsi68OW9w+5GKr1xXHUw6VT2i/4BpGatZlW2jtby2aW0kIcDODxUemXt5JcPDPHtVT1P
pVe5eHTpxFZAmQdVFPafVLtNkcPl574rCOIUPdabl5K5TgbeFf5o2yPak659qx7G11Owl3SOWjY8
5FbgKSANG2fWu+nNzWq5X0uZSjYjxRinlcGkxWjstOpImKMUtFACYoxS0UAJWT4n/wCRav8A/rn/
AFrWrJ8T/wDItX//AFz/AK0AYPhD/VJ9a9R0/wD1a15d4Q/1SfWvUdP/ANWtAH//1ffqxvEv/IDv
f+uLfyrZrG8Sf8gS9/64t/KpnsXD4kfJjr+/l/66N/M1GVqxIP30v/XRv5mm7a8++p9koaIr7KaU
qyVFMZKaZDplYr7Ui8VMy1GRiquc7gLTgaYOKcKCkTI3FTI/IqqDzUiNzUNHTTnYuggmux+GsXme
IfNxnYRz6VxKNjntXo3wohzNcTHpuOPwopJ82pOPq8uHbE+KGk/ZtTF8keEY84FcHs4B9a9x8d6f
/aXhm6ZBueONmH4V4lGM5Q8FeoNVWjZiyqqqlHzIWSoXj9qu7c84prR5rI9J00ygY+OlQtFz0rSa
PioWjpqRzzopma0ftUbIRWi0ftULxmrUjknQsUsEGnA1M0eKidSKu6OdwaHBuakDc1AM5p4PNJoq
MrFkNTwc9arq1SBqlo6YzJgfSnZqINTwalo3jIeKCKQEU6pL3GGgN607GaTbiluGsSe3uJ7OcXFt
K0Uy8jYa9R8KfEhJljs9XY+bwBI1eTZIPB/GlIDcNyPWtI1HDRHLiMLCvF3Wp9QxypJGHikWSNhn
ep6VKr5GCea8B8MeNr3w/OqSO0toP4DkmvYtD8Rafr9v5tpMA2PuPwfyrshVUlufNYrASpO6Wh0K
v29KkDVTST+Enn0qZW7ZrRHB5FoMKUHNQI2akB60wJutJimBsU7d9aLoBrL7VXdatA5FROOaLgZ8
q+1UpF61pyL1rPmU80wKEq1Aasy5qs/WgBKM02igBwpabmjNFwHjJ6daA4J+VssOoFRzSCK3eRjg
AVytpqktteSyFiyE1jWxEKTtLQuMHLY7AO/GSce9ZeqXNvC4WaFCrdWIpsWv28p+ckfhUWuT21xZ
BoyCxHAqa1ZSpc1Np+RUYShK9itplgJ9T80fNbjkZ7V0pb5sD7o6Vn6NF5OngHoauAkrVYeEacE4
qzZM5czuS7s96M1GKXNbXuQSbqXdUWaXNAEwNODYRzntUIakd8RSfSk3ZAldnMagTNPIo5rMutSt
PD1nvk2tcEcL71LrGo/2ZDNPjLdBXnccd54k1UMSWVmHJ6AV8/gcFPFVJJaR6nrqFP8AjT2Q+efU
vEN6cmZlY5x2rrdC8EQIokvsZI4B6Vv6faWemW4hjUGTGN2OlTyiTg791fYUMNSoxtBWZ5eLzetP
SlohkWkafZvtS3iI9dtakTQRwEJEg7cCqZO+AZIVvc05WAi2qwLfWt739TyZzm37zuTqYXOPJTn2
qZ4LAJtNtEXPfbVSOQR5J5bFHzO27ofenzEKdi0kUUQwmAPQVZhubmFt0TsAO2aqKI05LZNPN0Bw
orzsXleHxCuvdl3R00cZWpaXujprLxECoSfgjua3ILqKdMxyKa883h+oFSQ3M1sco5xntXkyo43C
aNc8e53Qq0Kz3sz0XcMYB5oBI965mx8RAbUm4963YbuC4wY5AT6VtRxdOr7t/kXUpOmr9C1QRmow
efvCnbq6jMQpTDHUuaQc0AV2SmbcVaIFIVo3B2OavtExdf2jCORyV9aItWmuVZIkCMpx6V0W3qM8
HqKwJtF8vUvM87ZE/p61zzUqfvUluaR82QmDVLvIedljPHBos9Ku7CYkztIh7E1U1Az2V8I1uSYj
g8Gqkup3qTbYCzrXM8RRpu89ZFezkdKVO7O3ikK8ZHSq+lXFzcg+ehWrxTblRXdTqKS5rWMmQYpK
lK00xmrER0Zp+2k20AMNZPif/kWr/wD65/1rYIrI8T/8i1f/APXP+tAGB4Q/1SfWvUdP/wBWteXe
ED+6T616jp/+rWgD/9b36sbxH/yBb3/ri38q2axvEf8AyBL3/ri38qUvhLp/EvkfKci/vpP+ujfz
NGKfIP303/XRv5mkxXmPdn3cY+6hm3NNZalxQRmlcHErMtR7RVpl9qjK+1UmYSplVl5oFTsvtURX
FUnc55QsApUPzUzODTxzTFew/wAwqvHevXPhjEIdDMzDBaRx+teRBDLIkacl3A+le16BF/Z+lW8G
MYUE/WtKMbyOLMq37vkOzXbcW8ts3IkQivBdatDpuuzQleHYkV7Va3YDA5rzz4m2Iiure+jGAXIO
Poa0xEdLmGT4jkqcnc41eBgnNOwDUSNlQT35qYEYriTPsG9dBpTIphj4qbtRirsgcUyo0ftULRn0
q+UqJ05qWjOVMz3jqJoua0Gj4qJ48c0JtHLOiZ7JimYxVx0z2qFo8dqtSucdSk0RA09WpNlOAxVE
Ruh26pAeKi704VLNoyJQ1PBqFTUmRUNHRGRJRTQacDUml7himmn0GgTGA/NVuw1G60u6We0lZGBz
gHg1VxRgD1pqTTJnTjUVmehRfF3ULa3VZbASsvVwRz+tPT43yD72mH8x/jXne/jaOneq81qj8rjN
enhMTTVozR4WNyvRypnqSfHBz/zDf1H+NSD43Tfw6d+o/wAa8ceMxHpT1cYr3qdCjUV0fN1I1Kd4
yR7GPjZOf+YcPzH+NPHxrlP/ADD/ANR/jXjykGpVFarB0uxi6kkevr8aJT/zD/1H+NSr8YXfrYD8
x/jXj69RVuHrSeDproCqs9bT4oNN/wAuYH41YTxq9z/ywC5rzK0XkV0FkMYrkq0IrYqM22dvHrBu
OqgVKs2+sS06CtSL7orz6kbPQ2TbLOc0Ug6UtZFhRzziilzgfWgCG4gF5bmIttDDBqqmh2iwmMEF
qXWp3gtQsBw7DjFYX26+ssSux59RXHXrQhLlmrmkIt7M0JfDhJ/dOB7Vl/Z5I9TitZASN3WpBqt9
JJ9ojDFa1NJvE1GQmWMCZe5HNcahQq1OVRaZq37tma6gRwpGvpS5pCMHFFexsknujmHZopB1pc0A
HOaUUnel7UAOBpsxxbyH2FAqO6JFq5FRUdoNjjujz7xcrzQiFPvMaueHdGXStNR+POcc1NNCtxOJ
G7etWN7naAeBSyOCVFz7hmOJlFKlHZ7kmw555PrUiyPGPm2ntzUO9j90U7Y5GWr2uW55HuxWhyHi
abVbKczrIohPQYNYsHifUYJEkZ8r6ZrrfF0c1xpYSJdzAV5ylpfvIsf2Z+uK8zEOrGa5T6jLZYap
h/3y1PXtJ1H+0bBLgjDHrWh5rtxisbw7ata6WiSjDY6Vp73TnHFejD4dT52ryqpO23QlwwNSKx9K
gE5pftDDqKpMxsWQW9KlWQr/AA5qqtw3pQ98luCZWC+xp81t2HLcuZB6rzUsFzcWrboz+tUIdQil
A5FWluFJ4ry8VluGrvnvZ90zqw+KrUdtfU37HxCeBOv41vQ3sU6Bkk/CuCLiT5Rx9KdHNcW5zG5H
415c6OOwa5qi54+W53wr0ammzPQwxI5p4YVylnr0seBPgity3vYblNyOK2oYylX1Ts10HOnOPoX8
56UuarLLjjBxTlm54rr8+pne25Njmqmq2Zu9PdVYqy8girO/NOEmeD09KmpFTVnoPqclYaHNeZa7
ZvlO0Z9K24tN0/T0AkIB7Fq1MgDgY+lUNU0pNVhERkZD6g1ywwlOknKOrLdV7ImVY2X93tK+oqMx
c0afbRadD9mMuX7FjVvYAMjn3FdUJPlIs2UWi5pjJV8xA80wxgiqEZ5SmlKvGKo2ioAplKx/FC48
M35/6Z/1roClYnipceF9Q/65f1oA5jwh/qk+tepWH+rWvLvB/wDqk+leo6f/AKtfpQB//9f341je
Ix/xJLz/AK5N/Ktk1j+I/wDkC3n/AFyb+VTL4TSl8aPldx+9m/66N/M0Dmlk/wBbN/10b+ZoArzH
uz75fChMUgFPxSYqUmynGyuxhU0wrUxHvTT9aNTNq7K7Co2XirJApjAYrVMxkkymynOaAamYComX
c2wdW4FUjmmra3Oh8F6f9v1dpWQmKMDGfXNesbcAAdhxXL+EtNOl6ShcYdvmJ9q6ON+Oua66Stqf
N4yq6lS3QsRSMjCs3xlANQ8NFyPmjO6tJQDTLuLztLngPI2VU1eLMsLP2dVM8Xgb92B3HFWkOQDV
S4VrfU7iI9FNPSXIrzWrM+5oVLwTuXVNOWq6PmpVaqTOlSTJSBimFBTs0vamO5CUB7Uww1ZooaJc
UyhJHz0qB46vSAZqB15NStDkqxRSKYqMrVtlqNkq0zmlEr4pc1IVppWgmwzvTg1MI5oodirkyvTw
wqDOKXdiosXGZYJxS5qENmng0WNVMkFNzQDRSaHe4meaPpSYyTS4osF2mNKCQYYc1Ukt2Q5HP0q7
khqdk88da7sPjalGSd9Dz8Vl8MRfTUzFfHHQ1Or80+e1VvmX71VlYr1FfTYXGQrLzPk8Zg50JWsX
VPI5zVyHrWfC4zV6E5NdUm1ozg5bmzaHpXQWXJFc5bc4NdFYnla4azujSPY6G0HQVqxDisyzrUir
y6m5tEnXgUtIKKwLCgDcwB6UUqg7lPXnpTST3AxNbn8m8hPVVOTVbVNWTULaOEJgr3xVy9to7vVE
WR9oB6U+TRbMfcmXP1rz6tOvKVoNfM3i49RlhrVnBaiGWNcgelV9HAm1aSaMbUzwKmfQbZ1YrOpY
DjmnaBbTW8ziQcdjRTWIUkppaBNxtobDc80lK3INJXftoYBRiiloABS5pKKAHA1Xv3K2be9T1V1M
4sjmsMS7UZPyLpq80cyEZz0NWfK2rksMVBFKccdKUuxPPIroyaLWEicWMkvatExmC8KPxpmXeQAn
I9qZwTj1qYYiXPc8V6bXY5VtYWXaGC4DCldIY9v7lM9c4qJTmTPenXVzBFtDtzii63loF3cmmG4K
8f5U5JCV2tj86rJqVoIpFY87flx6157e6zqKajL5ZfyweK56uKhDZ3NYU5SPTRDuOFIz9arXlyNO
iMs5CqPU1w1r4juAF3nDA+tWr69/ti3MMkwUMOea5ZZlTt7t/uKjQfU3V8SwuMxkEdvesfXJL3VH
V4AwA7AistNEkXiG5HyDjmlNvq9uPkMZA/2q8+pjqtX3b6GypJbFiK71W1UL5DkD3zVlPEt7Efni
kH4VkHxJc2p8uaA5HUqaY3jCH+O2bPuRXNGFRfD+ZTgmb3/CaFSQSwYeopIvHs5cxhCc1zZe41eX
NrbnnuVxXR6X4OdEE13KqA8nFevg6ddu7ZlJU+w5/E17LMHUNtzyorpNK8XRsQjymJvQ1kTvZW6m
3sojJIOCxFc/PbzRzEMNrf7HNaYrKsPX961pLqgo4qpTb6o9q0/xDuUbm3L65Fb1vfW9yu5JBn0r
wS3uNT01BMwBi64J5NdNpHizzyqBXjbIHAryKlPGYPV+/H8TujXo1/7rPXfMK96kEg4759K4208R
NCQJ0LZ710Nlex3GJI+hPSunC42jibKD1CdKUd9DR+3W6T+S0gD+lWPMTP3xke9cFrzTLrIMIO49
KkW11gsrE8EetZzxcoVGowbsUqSte50WvaY2pQLJbz7JE5OD1pPDM08lu8E5LFG6k1hCz1ZVLhsH
HrWh4TmYzTJKu2QHk561jSqSqV0+VoqUUo7nVEZzik2imeZ8xp+RxXqHOJsBpjRA1KCKMZoArmEV
g+L4seE9SP8A0y/rXTbc1g+Mkx4P1Q/9MT/OgDhvB/8AqUPtXqWn/wCqX6V5b4Q/1C16lp/+qX6U
Af/Q9+NY/iP/AJAt5/1yb+VbFY/iLnRbz/rk38qmXwmlL40fLT/62b/ro38zSUrj97N/10b+ZoxX
ly3Z+gwXuoTHfvXR+F9M0bWJDbXl28Fx+H9a54KO/Sly6v5kcjJIOjLVRlYzr0nUjZM9XPwp0rAb
+0rkA9CFXn9KYfhVpWSPt9yD3+Vef0qh4L8fMoTTtVkJA4WRq9MIDxLMjb42GQwPWu2ChI+WxNTF
YeWrOAPwr0r/AKCFz/3yv+FRN8LdK/6CFz/3yv8AhXoOM+ufSo2X61XskcksfW3bPOpfhbpfbUro
f8BT/Cq6/DXTra5jmF/cSeW24Kyrg/kK9HePI71Vkj9qapIX12rJGA1usSLGudqjFRZINa80JOc4
xWfLEQapKxyNt6joZMYq1EQwdT/EMVnDKmpo5Dn3psL63OM1jwDfXmqvdWzgRsBwaqp8O9YDHEiY
+lekpJu6nmnlTkYJrJ0os9CGZVYJKJ59H8NdaYAiVPyq5H8MNdbnzUx9K7yGdkIGTWpb3RP8RqVR
Rus6xK6nm6fCzWu8q/gKsL8KNSJG65YfgK9QjfKjk8+9U9W8QWujQO88ihscAmqdOKRSzbFVHZHn
d38PxpluZLq8PHY4rjtQihgYrE+73q/4m8aXOr3LLHIyQg9M9a54zB+d7HPrXLNrZHtYV1pK9RkZ
fLEU1qdt5zQRxWWp3WuREUwqKkxnikwKDNxIttJtqYjFJtzRcnkK7IKhZSKvFBUTpmqTIlAqg0tO
aM0wqRTM2rCg04GmYIpevtTFcmDU7NQCng0mjWMkSilJpmaXrUmlxTzRnilApCKY+ggNNaFZBk8G
nbTThirpVZU5XiY16UK0eWSKZjMTZ7VctmHUU9VV+GFL9mKtlOnpXv4TM+e0JnzONyh07zgatmeR
XR2H3hXMWZ2kZrprAjIrrrNNXieOouLszpbTpWpEPlrKszmteL7teZU3NETClNGKUisGUNpVOHBp
aMUXXUL2MPVNPnu9TjeEkDPJFSnQXGMztnvzUurXclpJE0fQnmq58QIoHB3Vx1J4eL9/Q0SlJaIW
Tw9IwPlXDBhz1qXTLuTzDZTL86cBh3qqfEEjZ8tTk9KfoqyzXLzyqVOc80o1aU58tO7Dka3NkdSK
MU40g6V2rYhiUUtJigQU6kooAO9U9W4squd6z9YbFsB71zYx/uZGlL40c/H1IqTkKX/hX71MUZJw
Oaw/E2qtaQ/ZoW+d+GxXZgJqlgYtnDiI81do0U1uza42IoYDuDViXU7fbvIAHTGa5zS7JLa03MA0
hHWrbW8TgFlri/tiab0J9gi/Hr1ksmGA/OuT1TVJDrBmQ7osnAz2raGn2x58sUh0+1bOYU/Kuevm
ftklJFwpqJnQa3ayt+8AQ/Wrgm0uUc4JNQS+HraQEhQCemKzJ/DlwuTE5x7GuZeyqbOxq12NZrHS
5gcfKfXNVH0O0J/d3DZPoawpoby0fDl+KbHf7hh2II7E4rf2c/syuO1zRubK6sfmhumYe5zVY6nq
iDPmKV9xVdrxWkEcX72Q/wAPWt3SvDd5fYkuFZYvRhXTTw1SXYhyjHdmHDDqGqXQRUHzHkiut07w
LallmveWHaujsdNtdNTEUSBsfexVliTznBr16GGjFe+jmnVl0II47bTowlnCN3uKa9vPdfNM+1O4
HFWUCBi3f3pSVJG411S5Vq9DFt3sUktR/q7ZQPUkVZh021hXzJV8yWpN3OFGB7Cp7exnuHGAwHrX
k4jOIRfLR96S+47aeCk1zT0RmT2DXzYlIEQ6AVo6doUeAsCEY7kVu2ulxRcyDJrSXagwihR7V50q
WLxb5sRLlXZHbBU6S9xalO10aJDmVsn0rViVIflj471AHzyetODkHOQK6qWEp0UoRInUnL4mVrnW
7OC5KyxBpF6Z9ahfxZLuOIAqYqDU9BGoN50ZIc1nyefp9jJA9tvboG2k1y4iWK5nrZGsZU1Gxpf8
JPeSr+7jXAFaHhiRpXlncAMTmsvQ7+xttOkN1Gm8jGGHNbemyQPbmWBQo6VWHpVPaKUp3Co1bY2l
l+cmpRLWasnvUyye9d5gaAkqRXqisvHWpFloAuBs1ieMv+RO1T/ria01k96yPGDf8Ufqf/XE/wA6
AOJ8If6ha9RsP9Wv0ry7wh/qVHtXqOn/AOqX6UAf/9H36sfxF/yBL3/rk38q2KxvEf8AyBLz/rk3
8qUvhNKXxo+XG/1s3/XRv5mlHFDf66X/AK6N/M0ory5bs/Qo/CgxS4oNLSKI3iWQYcZIOVYV23g/
xzLpVxHZ6jue2OAHPRa43FIVBXkcetVCbi9DnxGFhiI6n0bDLBdW6z2solifncO1DLXi3hTxhdeH
rgRzkzWbHHXpXsmn39tq1kt1aOGRuqA8iu+FVM+QxuBnh3otBxXioHWrxXjrn+lQstas8+90Zs0e
RVCaHrW08fJqpLCKQGC8RBqLlTWpPF7VSdME0CFicDr1q5HJkCs5SFOTU0TnPHSkUX9ueRUkUrRA
knao+8xrMvdastKgMt3IqkDhc9a878QeObzVcwWa+RCO+eoqJVIpHVhsHOq9j0HW/iDp+kxmC3fz
5SMZXnBryjV9du9Wnd53LKTkA9qyeS7Mcsx6sTSrya5ZVGz6HD4SFHRoDkmrEKkimhamjrJanpqK
exIOmKXHFJ2oFBqloJtpCKko20mQ0RYzSY5qXbSY5oCxEVptTFaTZmgHEiKZFQvHirW3FIRTTIlT
KbRmo9hq9sFRmPHSqTOeUGVelOFSNGaQJTISaYCngU0DFPBpWNlckC0hWlBp2aLGysMxSAU40veo
vqDSsKoxVuHOOlVgOlWIz0quZ30MpWtrqaMManHHNbFmpDjNZVtjjArbtMFhmvTw+KnH3XqfOY/C
wleS0N+yOcVsQ/drHs9o6VsQD5a2nLn1PHceR2LIoIpRThWLAZihuBmnFeaRgNuKE2tgsZusWUt7
FGYeAD8xqqmnWCxqJZV8wda2pGMVtIc8Ba5600o6rLM6zlUFcOKp3mnGCb8zWlJ2NODTbNz5sTAg
VeUBQAgAHfFYVg7aPfNZzvujPO4+9WtS1WK3IW25NbU50qa5naMuvqKSmzTHJNHamQP5tukx6kU+
t1r73cztYb3paWimAlFFFAAOtZutHFuv1rTHWsrXG2wpn1rjx7tQbNaP8RGNGwRHdugGa4C+lN94
iZhyqsOK7TUZDbaU7E9c1w+hjzdReRu7USqOOEjDyOaUb1pyOrPygLjHFNAOPbvVe9uxbXCIehNQ
DU0S78on5TzmvIUJNXQiW8eaFfNg+ZR1FQ2+uQS/JJ8rdDWmoDAZOVauV1izSC7LR8ZOa1pJTXK0
HLc6eN4ZBuSQH2NJciRbdmRl/OuNS4lh5jcsfTNa1jb6xqv7tA0af3iK1WEnL4Q0Rm3V3JPMUO5n
B6Yqza+Db3XShEJRc53Gu/0LwNBAgluXDP1Oa6+GGG2QJEoXHfHWvVoUPZ/EJSc9jlPD/gK10mEN
KkbSD+I1vPZRwIWZguOiVobiW56VmarlsKziuunN3shzjyq27ZkyuHckDA7UzIprthsAggU+C2mu
G+QFaxxObU6L5KXvS8jOlgZTd5aDCQDu61PBZXF0wIT5fWta00hE+aXrWiu2MbUGBXmOnicZrXlZ
djupqlR/hq/mU7TSYoQC5yfStJSqLtjAFRZzSiuylh6VGNoxJlUk9yQn3z60AmmilzW1+YhDt2aG
lSCJpZWwi9qaB82Kx/Elz5dskIzhjzis6lSFOF5MaV2Qv4rb7YTBGxhXqRXQWeowX1uJS429wwrF
h/sldI8sf63HPSsa0trl3ZbeQhT71xLGVaclztSi+xuqXU3PEa6eLLdb8ysQK19HQw6UodducYrn
LXSJprlBLKG284rqlYKojUcKMVth4S5nVlGzZnMnVxUgeqobmnh/SuszLayc1KslUw5qRXNAF5ZB
WV4sfPhPUh/0y/rVoOay/FDE+F9QH/TL+tAHNeEP9Wn0r1LT/wDVL9K8u8If6pPpXqNh/q1+lAH/
0vfqxvEf/IEvP+uTfyraNY3iP/kCXv8A1yb+VKWxpS+NfI+XGH76X/ro38zSihv9dL/10b+ZpQK8
uW7P0OPwoMZpaUCjFBQUHpkdaXFBHNUIT7xxjj0rW8PeJL7w5eBoJSYSfmQ96ysYNMPyrgjPekny
vQzrU41IOMkfQOia7a69ZRzwEByuWTPQ1oFRmuB+FOnmLT5Lp1P7wkr6Yr0DbgAjgk16NOV46nw2
NpRpVWokJQVXmT2q4wqN14qzkMyWLI6VnzQdTW1InFVZosikxmE8WCeOBzXOeIfFUOjB4bc77nHy
j0NdhLDgkEcEda8c8a2DWniJ5GUlH6Me1ZzbSOzBUozl7xlXeo3epXDS3cxcMchfSowex7VEPf8A
CnDOea4pa6s+mpRUNETfe5P6UAYNItOHWlc3THg9qmQ4qADmpUPNJG0GT546UCm7uKcGpmyY6lGa
TdSg0WBpC0hFLRUiGmgClIoAoGhpHNNIqXFIQaBSRFikxUu0UFaaMmiHbSGMVNilK07shxK5QU3b
U7LTMU0S9BmKMU/FIRinYSYzpS55pDSggc1nyu+htdJakqnipogRVGS4SMcnmoftjOcKeK76OBqV
7dEebicxpUL21Z0cNwI8YOa17OfzGBrk7Vjxzmul0/qvGK9WGFjRXK9z5rE4yVd3vodZYfWtyAHb
WDYdq3rfO2sKhyLuWlHFO6UKOKdjmucoaRSYGPenkUwiizewBt8xDGeQwxXKXDTWN28Fu7LuPQV1
YyOR1qu9pB9p+1uQCo71z4mm8RFcrs1uVCfKc2bG6uzmXdv9TU/9iMkBaSQK+OMmtm31WK7lZF2B
VP3qraxNbXkfkRTgyHgBTzXOsJh1G97/ADNPaTeyJtKDC1KSOCR0xV0jFc1aw3mj3aPck+S/TJrp
yAyLIpyrciuyjJtWtaxEl1uNIxSUp5pK0syAooooYAOtZGuAFEU/3q1v4qyNbI3oP9quHMbew1Nq
HxnE+LLpktUhU8YrC0BP34A65zVvxVLuu0j+tZ+nXH2O5yemKzl79JJM53e8mWvEEhacKvDBs/Ss
ks5bJPz9jU2oXIu7kyEHk5pILSe6b5EwvrTpQ5VypE6LclTWLqKMIXHHtSxW99q84wGI+lbOnaBG
Pml+Z/SuntoltowFRVwMcCu6jl7b5mjGde2yMjTfC1rbhXuV3N6Zro47hLdBHEiqo9qijjlnb5UL
E1qW2j7BvuTtB9a9Hkp0VoYpSm7tktjJPdAYOFFaUjJAuXYDA7msu51S3tB5NvgHHWsl5p71wPmb
npXlYnG0aerevY9GlSm/h2NO81kkFIOtZQ+03j5JZs1o2mjHhpRtzWxHDDAMIoriUcTilr7sexuo
whruzNtNFQKHmyT2FaqIkQARQKNx/ClFdtHDU6C9xamU6sp6MXdnrRnPWkpRW7dyApQaSlFC0Adm
ikoppXAkj+8WPAXqa5TUp47rVQrSYQDGM1ta3eCz09lQ/vHrA0aO1DF71hljnJrixVVKapStrubQ
i7XRaOiS7DLGxKt71B5d9ZBiFKoB1rqoJoDEBA6sg6VJKizRNFKowwqJ5dSkuaGnzBYhrRowvDnm
zTyXLuWwOldAWyxPvVa1tks4mWMcYFTZAPvxXZSg4Rs2ZyfNsPzzTw1RZ5p+askmDcU4P71Bupyk
UAWA9ZniZ8+Gb8f9M/61d3Vm+JGz4bvv+uf9aAMbwh/qk/KvUbD/AFa/SvLvCH+qT616jp/+rWgD
/9P36sbxF/yBbz/rk38q2axvEf8AyBbz/rk38qUtjSl8a+R8vSf66X/ro38zSClf/XS/9dG/maTp
XmS+Jn6HH4UOpwpKKRQ6iilxTASmn5pFC9W4p+Ku6Ham+1y2gA4VgSfxppXdjOtJQptntfhDTzp3
hXT4W+95K5+uK28Z/ChUEUSQjoigCgAluBXoxSUbHwGIqOpUcnsMYc0wipyMn+dRSMkYzIwQdiad
0jKMXLYhZeDVeVMirmA67lOR61Gy/wD66Y0nsZUsZHPpXnXxL03fbpdgfdGTXqEiEhsiue8V6YL/
AESdDnPlnGBWdRaG+DqctRLzPBxgqHHfim9DSxgmNflwwOcUEVw76H1WtrjgakB4qAU8NRYpMnBq
VTVYNUqNmg2hImBp4aofxpwNI2TLIPFOBqJDTxTWxoh1OpgNPpDCgClxSgUWLQhFJipCtNIxQDEA
pSuaBTqDNxGbKNoqQDNLtpkuJAV9KiarLjHaoGXNURODsREmkwafgCopZAi5rSMHPSJyOSSbYSEK
vJqhNeAjC1Bc3hc7VNVgcmvawWXKPvyPn8fms5fu4k2SxyasRCqqnmrkBzxXrtJrTQ8bmfV3NOz+
8K6bT+ormrQYIrpLA8iuSrorC0Or0/pW/bfcrA0/oK6C24UV5tTctFtRTqF9KU9a52UIaQ9KU0na
j52Abg9qhuovOsnVfvYqfpSDg+x6im/hce4KTXQwNGit2jkgnfy3yeapMkenajvjbzQpzk1Z160N
vc/aIyVVgBwO9Fro8lzGsspIU9a8ipGpFqlThe3U6E0lzSZBfalJqiBQmNla+h3RuLPym4ePjmrN
tpltbDAXccd6xr+cadrKPCP3Z++BW0aVTDy9tWl8RMmp/CjoCu35f7tJSJILiFZ0+61LjivQjJSV
zKwUUZoFIQDrWLrXDA+5/lW0BzWJrYySc9K4cydsObUPjPLtdk8zVG5OABVFInkIVBx6mr1+g/tK
UtyBjtWhp2j3N8QxUxxetb4TBSqU1KWxyVqijcpWunorjPzt6Cujs9LkbBcbVxV2C2sNMQDiSSri
TNKvI2r2r1qOGjD4dTjlUbGxxxwrgDJp5yaThTTRJliqgms8Tj8Ph17717F0sPUqP3S/azrajzD1
xxUVzqVxfyfJkAU630ye4bkkL1rbgsILZACNxrw51sVjH7i5V3PShSp0Fd6syLTSJJvnlrZgs4bd
QQMmpiew4FIOK6KGCp03zPVhKo2KSS3XAopOo5pa6m2zO3W4oozSUUbAOoooNABmlptO+tAAOtPX
CKZGHygUwcnjmszW2vHhFvbKcngkUptxBamLqd+lxqkavnySeDWlc+HS0SS277lZd2KrWQtodttq
UJDDo5FdRHtWJRC+UA4xXFRw9KqpOavfvujZzdPSJyAN5p7/ADAqorS0h7q/uxNI37tela95bR31
uY3Xax4zRZWq2UAiU5A7+tFLCypyVneIOqmti0xG44pM0nB6UV3WS66GO4uaWmZpaAH04Hio804d
KdgHg1meIz/xTt9/1z/rWgOmTWf4hRj4bvWwceX/AFpPQNjK8If6ofWvUrD/AFa/SvLvB4/c5PHN
eo6f/q1+lAH/1PfqxvEf/IEvP+uTfyrZrG8R/wDIEvP+uTfypS2NKXxr5Hy8/wDrpf8Aro38zSd6
V/8AXS/77fzNArzJbn6HH4UL2pwptOFIoUUtJ0oBzTGKTgE+ldp8MNNF1rc1w4yEIwce2a4lziP3
r2L4YaabPw9LcMMGZ936Y/pWtJXkeXmtb2dFnaOSzk0mSBTiC5bHGP1rI1zxBY6BYtNcyfvMHbEP
Wu1ySPjaUalR8qW5b1LULXS7N7i7cKoGQM9a8X8VeL7zxDcmOOZobROE2sRk+uRzVLxD4iu/EV4Z
Z2Pkr/q09KyMDqDmuSrV10PqsvyqNFc89T0Lwd48ljkh03VZN6Z2ox47V6aCrRq8RDRvyCDmvm9l
DjBrsPB/jabRHW0vmL2bfKPainWfUwzHKlJe0p7nrci9VFV5YBLC8bDIKkfpVm2ngv7Zbm0kEkbD
jmnYCsOOvWuu6kj5yXNBq61R84azZGw1u4hAwu8gDFZzriu8+JunNa6ut4F4Z+fxriJF9K4Je7I+
vwz9pSiyqRSCpmXmoiMGkgkrMcDgU9GqLNOBpjjJosqafUCNUqtmpaOiMrkyHmpQarA81IrUbG8Z
EoPNSA1X3VIjZouWrMmFPApimng00aRRIopGTNANPzxRYpohxigVIaQAd6LCsAFPAxQMClBpgkt2
NYbqjKVORkdelVri6jiXC/frajSnVlypHLia9GjFzkyrdSLAhz1rAub1pWwDwKt3zNIhYnmsfnJr
38Pg1TV5HxeNzB4qT5NESAjOacpqIfWnr9a7Yux5rXVkynmrkB5qipq5CeK0uK9zYteoro7Dqtcz
aHpXTaeeRXNVWg0dXp3QV0Nv90VzunnpXQ233a8yqtS0Xk60p601afXMyhpo7UpppoAO9JS0HpQB
DLFHcKFlGQDxRLKttbkscKo4FP45qpqtubrT5Nn31HFTKTgnyrUqK11KA8RbWfcnHQVmRRnUL7LP
8hPINXdKjsXtZTd4Ey9M1mSFo7t2gOFPT3rx68p2jOu9L7I6YWZtHUhY362IOYR3rYJHDD7pFczD
pVzfoWI2f1rc02GaG28mY5x0r0MNVrVdZrlXT0MakFcsUtFFdb3MgHWsDXTneK3xw1c/rZO6U56C
vNzO/sVZX1N8O3zaHnDzJDqkruNw44xWzbz6jf7UhBhg75GKp2SxPfSyPGXYHgV0kRlZBuOB2Fev
PF0KGHi5y+R5nspznLlXUSCwitgGkO9/U1PvJ4H4CprexnuDgLgetbNtpUUIDSctXl1MxxeL9ygu
WPc7IYOFPWpqZFvYz3R6ED3FbNrpUNvgyAE1eHyrtHApKVHBU6bvP3pdzWVbpFaBgDATgUpwT60l
Fd9uj1Zk22FFFFABS0lFAC0UCigAzS0lGQBQAtLzn1pFy1Vb/UYrBAqtmb+ECplOENZuyGlcTU9R
SxjGGG9uQKzB4huBhlUMait411C7Y3UeJCeGpt1pVxpd19oVTLCew7CvPquvOXPCXum8eVbiXmqj
UI9ssf7z1AqDT9Su9MctJl4ieB1rbs20m7jMmRGR94GrUdpY3ALQrlQcZojh6zmqntLj5421LFrc
C8txOBtz2qXJPWmqgVQq8AU4V6K7nM3dijiiiimAtKKbnJp4BbgDJpbuyBCU9EZqiuLq0sIjJeSq
uBnGa4TX/iSqmS30sHcONwFbRw86jsiJVEjuNQ1Sy0eJpbiVcgZ27hXnWufEGXVpPsNquLaT5WPt
XFXU9xfyma7k8wtzUlpxNGoGBnpXoLBRpU23roc/tW5I9a8IAmJCe9eo2H+rX6V5d4R/1Ir1Gw/1
a/SvKOs//9X36sbxH/yBLz/rk38q2e1Y3iT/AJAl5/1yb+VKXwmlL418j5dY/vpf+ujfzNKKRv8A
XS/9dG/maUV5ktz9Dj8KFpwpuaXGaRQoNOGM00Ypw9aYJDoUM1zBEB8zPjFfQuhWf2DQLW15LBc/
WvE/B1gNQ8UW8bDKKpYnHTpXpPjLxvBoMAs7LD3ITAweldNJpJs+fzRSxE40Yov+KPFth4dtnDtv
uT91Ae9eL6pq17rV01xeN8x5VM5AFQXd3d6hdSXF1KXkc52k8AVCPbn3rOpUbZ3YLLo0Iq+4AkUd
eKM0ViektA6U0gMMEAj0p1JmjzE11N/wx4tuvDk4VyZLPPKliNufT1r2XTdTtNbsUurSQOrAHA61
894yPX2NaWieIb/w7dJLaSM0e4F4yeMVvSqu9mePmOVxrR54bnovxP0w3GgNcqMmNlyB9a8dAyim
veG1ax8XeGLgQ481oyWX3FeGND5EskLcGM45orWbuiMslJQdKW6KzrULLVx1+UVCy1gmd06disRi
kDVI61CRitEczTTJQakVsVXU1KpoZUZ2ZYV+elO6+1Qg09TUs6FK5ID2qaM4qsTzT1apNk7MuK1S
g1TVqmV800zeMixmnA5qIGng1Vy73JKDTc04E9RzTG3ZXDAyB+dKivJKIo0LSH+EU6CCS5uVgtgW
lfsBmvYPBfgW30q3F9fKJbo4I3DpV04Ns87HY6GFh72rPKJPDuvzLiLTpAp/iNRJ4E8QvybQ59xX
0sG28DC+wFLvY+/5V61Cu6KtBHxOKxE8VJub0PmaTwB4gI5sz+VUn+HOvFuLNvyr6nDnH3j+VAc9
/wClayxtSXxHKqNtj5YHw413vaP+VPX4b65n/j2b8q+pdx/zimnd3/pS+uSD2R8wj4Z683SLb9Vq
5D8Mte/6Zj6g19IMSRwTUJDVX12ViuQ8Jt/htrSAbmi/I1sWvgbVIcFmj/WvWH3Zxk1VfJzk/nWb
xcpAonF23h67gxuaP861YrKWMfNitaQc9qrvjtWMpuRRXCEdaU089aaazAaaaetONJigBtBNOxSE
UANpVIB5HHekoHWmm2Jo5/W9KdGFxBkgnlas6VpcbwLcTZ9lNaxAbh+R6UfKBgDCjsK5fq8FU53G
7Ned2sJ5iqQNwQDpQ3XOciqeo2T3QUxMR9Kt28RWAKxOR3Nb8zk/eRDuwzz60uCO1U77VINPUg4Z
/bmsddfuWlDAfKTioniIU37/AFGqbkro6PqxHQ1zmsH/AEsqRweDXRxHzoQ5wCRVSTTUebzZBnJz
zWGOoTrUlGBVKahK7ObtNJ+Zmih5bua3LXSEUBpSSR2rSQJGNqKAKU89azo5dCKUqnvNFyra+4AC
oMIoApM560UV6G2iMW3cDzSUtJTv0EFFFFKwBRRRQAUUUUAGcUtIaBQAuDTlQtSKAxPOAKyLzUbi
VngsxlhwTUzmo/LoOxZ1HVIrJSqfO/Qis3RUhubtpr18n+EHtUGnxT/a2hvE3M3c1Hf2kthKwJID
fdI7V51atVT9ra8eqNoKL0Lw1WK21ZopYgYyflYVsTapbW6xCQlklAAB7ZrC0iGxmjcXvLqchs1l
+XJqevvFAWMMLjbzxWlOtJUrx2ewnC7s9DW1bTN1zGLRCFc/Nit20tlsbZYl5zyc+tPi/dxBXALD
vTs55rqhSUZcy3Mm29x1FFFbPzFfoLn0HNLyfujJpUjZueg9ax9b8U6foQKswaXHQHqacYSn8IpN
R3NkhYkMkzBFAyTXJa74/sdPieKyxNN05OK4bW/GGp63Kyo5ht/Y1giMZDElj3Jr0qGBS1kc8qum
hf1LWr7WJN08jBc/dB4qmqqv3QB60vGTz9KK74wUFZHO23uFS22ftUeT3qMdKmth/pKfWpqr93L0
Y4fEj1jwj/qRXqNh/q1+leXeEf8AUivUbD/Vr9K+eZ6B/9b36sbxF/yBrz/ri38q2axvEf8AyBbz
/rk38qUvhNKXxr5Hy6/+tm/66N/M0opH/wBfMP8Apo38zQDXmS3P0OPwoeKKTNLSKFozgg0macB3
9KAvqX9K1eXSFme34nk43DtVCWR7idriZzJM3VjSjvzzSEmq5iFTipcyQnJHNFAoqXqXs7oKKBS0
WASjrS0YoDyENIPalxSYp2ElZljTNSudKulntJmjHR0HQ1Dfzi8u5LnbtLnJHvTexGeDTT1ov3M1
RgryW7IzzUTCp257VG1SJxsis61CyirjDioXTjNUmc04FXGDTg1Ky0zFXuczVmTK1SK1VgealVhS
aZrCRYBBpeKiBqQHNQ0bp3HhqlR8VXxilDUjWMi8r08HNVUfPFTI+c8U0zaMtSdWxz1NTW0E95cp
BZxtJMxAAHbNR2Vrc6ndfZbOIs7YGccCvbvB3g2Hw9axS3OJLwqCxxwK6KcGzgx+YRwyeuo7wZ4K
g0OBbm6jElyw3ZP8Ndfnd1prMGOSaXOfauyMUkfG1q8q03KbFIxSDilzSHmnr3MEkKDml4ptAo17
gSA0daSloCyCo2xUlNNAFeRaqyLxV2SqsnNAFCVeKrMtXZFzVVhQBARTCOakNMNADTSUppMUAB6U
nalpKAENNxT8cUlA0NIpMUpo7UXZPUq3txJaxeZGpYjsKxJdXudWY2tsTGw6+tdKDt7ZqqNNt4Z2
vIlxJ1OKyq03KV0zRNHP28P9lM41BGlkf7rNUdnF9q1FSFG3d90VZ1bVDdy+RcREBfutir3h6zCR
m5P3R3FedKKqYnkeqjqbxfLBjfEZe2SOSKby9uPl9aXTNZa6xHMCTisvUmbVrxmz+5Qnke1TaMo+
1eZkBF9a1qV5qulF6MmEE6bbOkMfPAx3pCpHJzzXPavr7TXywWoIUcFhT7LWbpmEbwswHUiun6zS
53Bb+hkqbUbm70GMUcVUTWLR+GO1vQ1OlzbS/cmXPpW0ZRls0S4tElFO25AIINIVIOMjNUJ6K4lF
KVYDn9KNp4zjmgBtFOK8ZyBUbyJApaRgo96Olx21sOpRyMLVN9XskYDzQc1Lc3Cw2QnXoVzxU88d
ddg5Xa5Y2/LjIzSZzx3FctZ6vMbvzHOUJ6Z6V1CukyCWM/KetZ0a8K2sGOUHFczKOum4j0syWv3s
81B4WnSWx5AE+TuzWttEqNG3Q1zDzf2PeOE6Mc1hiZ+ymqj6l01dHUACRtu1d474qrK1vqW62YZZ
B1qk3iSAWwK/6w8VPpUOInuHGC9brEU6itFXRMoNO7MBbOS6v3tIwVVTgsK6iysYdPtxHGg83u/r
UsaRxfMigM3JNP6nmpo4WnSTdtWEqkqi5XsA560vsPzpO/8AhSsUiTfNIsaDnJrp1bsjNu249FZu
Au6or6+tNLhMt1NGMDO0nmuS8Q+P7WyLW1gpklA+8p4rze9v73Vp2mvJWKt23HArso4OU9ZGU6yW
x1viHx/c3ga204uiA43rXGOstxKZrmV5X9XPSlQBB8oxjvS9TzzXqU6UaatE5JNz+IBgcClxS4or
QQmKXFFGadgFFS23/Hyn1qHNS23/AB8p9azq/wAOXoyofEj1nwj/AKkV6jYf6tfpXl3hH/UivUbD
/Vr9K+dluegf/9f37tWN4j/5At5/1yb+VbPasbxH/wAgS8/65N/KlLY0pfGvkfLj/wDHxL/10b+Z
pRSv/rpf99v5mkrzJbn6HH4ULTqaOtOpFAKXPFIetKOlAAKDS0UAIKU9KQ0UAAoNLRTASlopO9AB
RRRQAlBFLRSAZTCOakIphWkSyMjmo3FTkcUwrQZSiVWWoStW2WomWrjI5qlMr9DShvalZaZzV7nN
rcmVqkBqsCakVzUtGsaliyGpxXjNQ7h1p5faw+Vmc9FAJz+VRdtnRzxtdiqwHOa1NG0u71y8EFqD
t7sOgrX8PeBrvVnSe7V4rfhsYAzXqWm6XZ6LbiGyhCpjlyOa3hSb1Z5mMzRUY8tPVkvhPwxZeHbR
cAPdN95jziunV+/XnvWNFMQetXo5c967IxUUfN1qsqj5m9zQD5FPBqsj8dalBJ71RiTilqNW9akD
CgAo6Uck0p560AANLmm0oNADhSGjNBNAEclV3FWWFQOtAFKQdaqsOauyLzVd0oAqFeaYw5qwVNMK
UAQEUhFSlaQigCHFBFSYppWgBlN70/bzSEc0AMNHanFRSYoAaM54oOMZ59xTsUhoAq3mn21+mxxt
IHBFYU41LSrZ7eHLQnqcV0vU+4p3B4dQ2eMGsalLmuo7lKWhzUflQaGzD/WMpJPvVSytLm7YvGds
K9SK6efT4LlPK27UHPFZeoRXVpb+RZofJI5K9TXJVw6v7V9FsaRn7tjInSP7R5UQyxPWuq021is7
JRIvzlcls1zukxpLdgPwy9jXTXjBLJ8MMhelPA02oyry3HVldKKORnAlv8xnALY6Vr3GjQw2yuk5
8484rJtreXULgomQ3XirNnbXbasIZ2bKDgt0rloNNTk18TLqWSIre41EO6bzhangv765mEUfLVta
rDHBbN5agNj5mFc7Y3T2dwJlGcVtXnKhUpwUvdFGKlFlxtWvNMusXo/dDrUt5eXMkQu7Zv8AR36e
1Z15LNr1z5W0YJ5rYnshp2jJbg5wxOPrVqo5wqWei2FKKTRR0+5ubmUyzP8Auk7VI1x/bd6sUbER
A8471DpA3I8eeC3SoLBvsGo4Q/KW6elYxxDcKab+LcbguZmpfeH4HiPkPh174pPKng0NoJudpI5+
lbW0kBl5XqaytUvIpbd7ZPvg8tn2r0Z0owvNmMNVYxDb26adHLG3zlRuFWtI1JrdhE4yjetWND02
yktg0rbzjkZrOvYpI9QaC3jO0/dOM151SM4uNWlsbRafuyOtU5w8Z+Wql1pVrdyb3zmqOk2V9A++
4lJj9K2CcsSOnavU1qRvKO5hblM6PQrNDnrWgoCqEX7q9qM0q7j0XNONONNcqC7D3H5U5EL85wKi
u7y002EzXTqvGeTXnniD4hXE5a200qidN4FdFKhOZlKoonZ6v4m0/Q4myRJLjgZrzLWvF+pa25iV
zDB6AdaxJDLcOJLmZpH/ANo5p34V6tHCQhucsqjY0IN25s7vUHrTyPX9KSlFdJle4oHHNLigUUAF
FHeimAUU6imAgFS24/0hPrTKkt/+PhPrWdX+HL0Y4fEj1fwj/qRXqNh/ql+leXeEf9SK9SsP9Sv0
r52W56J//9D37tWN4j/5At5/1yb+VbPasbxH/wAgW8/65N/KlLY0pfGvkfLrn97N/wBdG/maBQ3+
tm/66N/M0CvNe5+hx+FC96cabTl96RQUvSl4pKADNOpKSgBcUYpKKAFooooAKTFLRQAYoxRRQAlF
HeilYANNp1J3p2AaRUZqU0wipZDIyM1E64qcimEZJoWhlKNyqwNRsBVl1x2qF1281opdDlqRt6EB
GOS34U6EPI+2ON3b0UE/yrX0rwxqGsSKyr5dueSzdSPau/0zw/ZaTGBEm58YLGtoU2zy6+LhT2dz
kdH8F6lqGHuFWCIjhg2T+Veg6J4U0zScOER5e745JqWOUrgKcD2GKuQzc4wPqa2jTSPKrZhUnomb
McgKjAAHQU8/N15+tUI5OetW45OK1RxuTbux5UjpUscpXqaaCCKayd6CTQin461bSTPesRHKnrVq
Kc55oA1lbmpAeapRy5PWrCvzQBZU08Y9ahBp4amBJmjFNzTqADOKQtQRmmkUAKTTGGacaTtQBVde
ahdDVxlzUTJQBSZKjKVcZPaoilAFUx01lqyyGoipoArkU0ipyvPSmMtAEPamkVKVppFAERFGKeRR
jigCPFJinEUlADSoOKD9KdSYpp2AbznPSgMQT6GnU0jmktHcFoQCztlm84J8/tVPUtMuLuTzIpML
3WtPBHelACjIJFRKnFppLcd9bnM29te6bdCVYiw9qj1K/u7qUJBC6yk9a6re+MA/nTfLj3btvz+u
KwWHlTXLTdkW5X3MWaZ7XRlhu3zOwqjpYikLQy4DEcV0U9lBcyB5Blh0zUP9k2olEmMMOeKVTDyd
ZS3SHGdjnY2bTdSyRjB7dMV0F9e2s+n+YHBbHIp8+mw3PzNgHpzUCaJbLxk49KmjQnS5qa+GXTsD
mmYum3sVtdb3U7HPFSX2kXMU/wBogy6PyMdq3RpVmBhlBA6VZT5E2AkgUoYH3OSbu+gSre9oc7Cd
UMDIof5hjmnvoU8lqoQ/vScsTXQbiv3aC5BJGc1vDDuPxu7Ic+xmWOjLYFWLZYDkZ4rRBVW3BBu9
QKTjHJOTRypwBmtYwjSjyrYTve7FLE8Dn6U0ZLY209EZzjOwetZWq+KNM0ZWVn8ycDoDmtIwk3aK
JbS3NVlSGPfNIEHvXJ+IPHtlpqmCz/eSnjIri9a8X3+tSMseYo88A8VhLGF5wCT1Jr0aGBS1kc8q
3YtahqV9q8xluZXKfwqTwBVcALgKAPpRyMDNL0r0EklaOhhJuQUUUUyRcUuKBRimAoooooAXHNBH
NL3oPWgAxS4oopiCpLf/AI+E+tR1Jb/8fCfWoq/w5ejLh8SPVvCH+pFepWH+qX6V5b4Q/wBSK9Ss
P9Wv0r517noH/9H36sbxH/yBLz/rk38q2axvEf8AyBLz/rk38qUtjSl8a+R8vP8A66X/AH2/maSh
z++m/wCujfzNArzXuz9Ej8KCnZpMUAUDHDpSikFLQAtFFLigBKKXFJigBKKKKAHUhFLSUAAopcUU
AJik70uaDQAYpCKB1pTRYBuKbTjSVJLQ0imMMkDqPT0qRuOpwPU961tB8M6h4huQkFuyQHrMTxii
MW9DKtUjTjdsxIoJLmYQW8W+Q9AvJru/D3w8RQl5q5O/qsfau60Lwjpvh6ACKFJLjvKwya05l3HJ
5+vauynRstT5jGZm5NwhsYZtYoIwkKLGgGAAO1UZY/Qcetb8sII6CqE8PHTjNb2tseK3cx2ypqSO
TpzUk0eO1ViCpoEjSjl6c1eikyetYccvPWr0M3PWmPc145OasK2azIpatpJwDQIsMgNNB2nrTlcM
OacQpoAfFNg9auRzgms/GOlKkhU0AbMcme9TBqyY5wD1q4kwI60AXgwp4aqquD3qVW96YExNITTd
1GaAA0lLmmkgUAL2phFO3UnNAEbLUZSrGPWmkUAVWSoilW2WoytAFUpUTLzVsrUbJQBVZaj21Zde
ajK0AQlaaV4qYrTCOaAI8cU0rUpHFNIoAiNJUmKTFADMUlPIpCKaAbQRxTqQ0kAyl5paWn1uBGc0
uKdikqY3S8wGmk5p9JVa2DQaaTGKcelAxjn+VK19eoXuxvNHSngM33VJ96Zcy29knmXUyRqOxPNH
K36g9NWORWdgAmfU+lVb7ULLSYWku5BuHQZrkNf+ICRCS30/BPTcOa4C5vL3UHMl1PI2e2eK7aOD
lL4jCdZbI6zxB4/urwtBYgLH/fBrjX8y5kM1xI0jnvmgKF4UACnAkdOK9OnSjT+E55TkwAVR8v60
UHmkrQiwuKMUClp+gBRS4pKAHClpBSigAxRilooAUCjFLS0CExRilopgJipIB+/T60ypIP8AXp9a
ir/Dl6MuHxI9U8If6kV6lYf6tfpXlvhD/UivUrD/AFa/SvnXuegf/9L37tWN4j/5Al5/1yb+VbPa
sbxH/wAgS8/65N/KlLY0pfGvkfLkn+um/wCujfzNAok/103/AF0b+ZoFea92fokPhQ8UCkFOFBQo
p1NBpwoAKKKKACiiigApD1oooEKKWm0oNABRRRQAlLR2ooGJRS0hYhNzGjyFpuxMc4pY0klfZBGZ
JDxtUVo6Nod7rtyIrWJiucFiPu1674c8C2OhRJJPtnuSOpHStIUXI8zF5nCgnbc4/wALfDie5Md9
qjGOMciBsZr0+3toLOFYbZBHEoxhR1qy2QRjCoOgFMPTIrrhTSR8risXUxEua5C6854x2AqB1FWi
Kidc9qu1jju3uUnTIqpJFxWmycVWePJoAx5oeelUJ4iO1bssXNUZoM5pAYpXaakSTaetTTQ4Jqoy
lTQM0Yp6vxS8c1hJIQavQz+poA2UkGKnVs96zY5RirKScdaYi6KQrUcb8VMCMUARg7TU6T460wqC
KiKkGgDSjnBq0so9KxUkK1bjnyeaANUSA9KN1UllHrU4bI60ATbqN1Rb80bsUAShhTg1V99SBuKY
E+aTFM3dKcDkUAIRTGX2qSjGRQBWZaYyVZKUxloAqMlRlatlaYy0AVCtNK1ZZKiZaAICtMIFT7ee
aayj0oAhxTSKm200rzQBERSEVKVxTSOKAIsUFaeRxSYoAZikp5WkxQAlJinYpMY60wtcbScUpBOM
DNPdFjj8yd1RfQmiMXJhexHgsMAUPstoy08qxKBzuNc1rXj2x0tmitk89gMcdjXnWp+KtU1l2zI0
cZP3c11UsJUqPTRGU6y6Hea94/sLBTDYFpJP7wGRXnmqazqGtyk3MmE9AxqgIx1LFn75pw4r06eG
hT9TmlUbGpEidMCnZ65yaQ0Vve2xmKcUUlKKQwpaSloAKKKKBC0ooxRTAXHFApe1AoAUUtJSgUCD
vS0YooAKKXtQBTABUkP+uT60zFPhH75PrUVf4cvRlw+JHqfhD/UivUrD/Vr9K8t8If6kV6lYf6tf
pXzr3PQP/9P37tWN4j/5Al7/ANcm/lWzWN4j/wCQJe/9cm/lSlsaUvjXyPlx/wDXS/8AXRv5mih/
9dL/AL7fzNJXmvdn6HH4UOpwptOFBaAU+m0oNMBaKKKAFopKWkAUlLQaBCUZoxS4oABQaAOaO9AB
R7AZJ6UhIAyauabpd9rNx5FjA7kHlhwBTinJkTqRgryZT3gEKAWfptFdr4a+Htzq0sdxqAaOAche
ma6/wv8AD6z0mJLi+US3J5wwzzXa7iVCgKirwFArphSW7Pncbm93yUypp+mWWk26w2UQRQMZ7n8a
s8+35UoFBzXRtsfOznKcuaTuIRnrSECloIpkkZFMIqTFNIoeoEJXNQMmDVvtUbjNKwFCRM1Ulj68
VqMoqtJH7UWAxZoc84qjNFkdK3pIvaqMsPtQBisu005ZCtWpYcdqqOmDQBdhmJHWrsUmR1rGRiOl
W4psDrSGbMb+hqwrjOKyopT2NW45AT1piNANnrTuvWqqyHPFTK/FADnQdqaCVqQHPWkK5pgCzY6m
rMc/HWqbJTQStIDUWbNO35qhHJipxJmgCzupweqwf3pwfnrTAuBuKkVuKph6mRuOtAFgHNPFQq2a
kU0AKaQqMU/rS4FAEBWmFanK0m2gCqyVGyVbZajKe1AFQpTGSrZSo2WgCrspClWClMK0AVylNK1O
UprLigCErxTCtTkYFMIxjPejQEiLFJtOanEbHtxUF1cWdipe5mVR6E00nJ2QNpCEc4HNLIiQoZJm
UIOeTiuP1j4kWNmGgsSkkg9K8/1TxHqurOwklkjjY5wrY4rrp4Kc99DGVdI9F1jx9YaarJbESS9M
YzivPNV8V6vrLsDL5cXbAxWSIgPvHcf7x60pHGM5HtXpU8NTgtUc86rZGsfzbmJLdznrUmBkEdRS
CjpW5mB65pKU0lABRiiigBKUUtFACUtJS0AFLSClFAC0UUYoAdQKBSgUAKKWiigQd6dik4zS0AFK
BSYpRTQAafD/AK5frTDT4f8AXL9air/Dl6MqHxI9S8If6kV6lYf6tfpXlvhD/UivUrD/AFa/SvnX
ueif/9T36sbxH/yBLz/rk38q2axvEX/IFvP+uTfypS2NKXxr5Hy7J/rpv+ujfzNNFK5/ezf9dG/m
aQV5r3Z+hx+FDhThTBThQWh1FJSimA4HNFIOKUUAFA60tFAC0hozRQgCgGij8KQn3F600svRQSfa
kdhGMsQAat6J4j0zSrkzXelpdshyu5iBXVRwlSr8KODF5hSw8Xd3fkdJ4a8A6jrUqT3Gbe164P8A
EK9c0nRLHQ7cR2cK5xyxHNeZR/G+OKMRRaNEqDoBKf8ACnH44D/oERf9/m/wrvhgKkeh8jisznWl
o9D1sc9Dn1ox7V5J/wALwH/QIi/7+n/Cl/4XgP8AoExf9/j/AIVp9UqrocPtEtj1raaQg4ryX/hd
4/6BMX/f4/4Uf8LvH/QJi/7/AB/wo+qVOwudPc9Z59KXnHSvJf8AheC/9AiL/v8AN/hR/wALwGf+
QRF/3+b/AApfVKvYOdHrBHtTSPavKD8bx/0CIv8Av83+FI3xvGONJi/7/H/Cn9Uqdg50erke1RsP
avKv+F3jH/IJi/7/AB/wpp+Nw/6BEX/f5v8ACj6pUDnR6myH0qGSM+leXn43j/oERf8Af5v8Kjb4
3A/8wiL/AL/N/hT+p1A50elyRnPSqskRJ6V50fjWrH/kERf9/m/wqJ/jMp/5hMX/AH+b/Ck8JUHz
I7yeEZ6VSkg64FcS/wAYQ3/MKi/7/H/Cq8nxcBH/ACC4x9JSf6VDwtRDudqUK9qQEgdK4NvioG/5
hqf9/D/hULfFL/qHJ/38P+FQ6EkO56VFKeKvRy15OPimR005P+/h/wAKlT4s7f8AmHJ/38P+FJUp
CuevRyGp0evI0+MGP+YZF/39P+FSr8ZMdNLiP/bY/wCFafV5hc9dDnFSK5NeRr8ZxjnSov8Av8f8
Kevxpx/zCov+/wAf8Kaw0w5j1vGe1MZDnpXlg+NY/wCgTF/3+P8AhU8fxkD/APMKi/7/AB/wp/VK
guZHpfI7U5WNeeQ/FaOU4OmoP+2h/wAK0rfx/FOf+PBB9HNQ6E0HMjtQxpwbmsC28SxXAH7gLn/a
NacV6ko4TBrNxaHc0Q/FSq/FVFkBFSq3pUjLiPUqNk1SR6mRznrQBcU+9PBqur1KpNAEuKNtC07m
gdiNlphSp8ZpNtAisyVGyVaK5pjJQBUKUxkq0y4pPIZjhVJo9QKZXFNKn169qs3BtbSNpLmcIAOn
Fcpq3j/SdNQrCEnccA7ua0jTnLZEynFHQfZyDlyFHqTWbfa5pGmBzcThivQA15lq/wAQdV1BmWDE
MZ6cZrlZnnvHaW5lZyfeu6llzavMwliFsjvda+J4ZWgsIT1wGxXD3+qajqb5nlbb1wDVdUVRwKCO
e9ehTw9OGxzupJkQjXPT5vU0vNOpOa1bYt9xpzRzS80tTa+4aDcUhFLRTsAmKTFOpKLAJijFOpDQ
AlFLSUAFFFLQAlKKKBQA4UGiigBwpRSU4DihAFFHelApiExzTqXFFAhe1JS0UAJT4f8AWr9aYafD
/rl+tZ1f4cvRlw+JHqXhD/UivUrD/Vr9K8t8If6kV6lYf6tfpXzr3PRP/9X36sbxF/yBbz/rk38q
2e1Y3iP/AJAt5/1yb+VKXwmlL418j5bc/vZv+ujfzNIKH/1s3/XRv5mgV5vU/Q4/Ch1KKbTs0Fod
R0pAaKYC0tAoPWgBc0ZpKKAFpQe1JQSFXLEBapRlOVkKc4xjzSHjnpUE90kQwD81VLi+DApFwPWq
WdxyxJr2MJlnN70z5vMc7jCPLR3JZp2nb58gelR5HakGKWvfhSjTVoo+Sq1p1XzSYvSjrR2orW3m
ZWQoozSUtFkAhooopadguxc0mee1HajtRp2C7EJzSUd6WjQLsYc5o604im9KHYd2NNMK1KR3puKn
QaZDtppGKmK801losi1IhIFMI9qm200rWUoplXID+NMI9zUxWmFawnTRSZEfYmgHHXNOxSEVzuNn
oMUH3pc4700UppxlqA8GnZqIGnhq2UxEqtjtVqFulUlarMUoHFaqQmbNu3Tk10mnbcrxn61y1pIv
HNdNp/JXPNZVLNAjsNN6jG0CumtDgDnNcvp2QB8tdLan5RxXm1VqWjXj5AqZSRVeM8DipwTXM9yi
ZWqVWqsCakDUgLQbkVMj1TVuRUysc0AXVfmpd1VUDt0X8anClRlpEX6mh+QaEo/D86cOaqS6np9o
pae7hBHuKxL/AOIOiWKnbMXcf3VyK0jSqy2VyXUgtzphHv46U0mGBS00qAD1YV5XqXxTuJ9y2ETA
diUxXI32v6rqTMZp2RT2BrspYCpPfQxliUvhPY9U8YaPpQJaVHYehrhda+KFxIWWwG0HoRXA+Qrn
dIxc+rGl2ADAC13U8vpw+LU5pYiUiW91nVtUYm4vZdp6rms8WyA5bLH1POatkHtTCK61GMF7qMm2
QleO1MIP4VMVppWj1GQ4ppHNS7aYV5pDIyKTFSFaaRQMYRRTiKTFKwDaKXFGKAEpKdim0DCkpaMU
gG0GlxQRQA2loxRigAooxTgKAClFB60tAheKUdKbTh0pgLSigU7FACUopKUUCCiiigAp8X+tX61G
TT4T++X61nV/hy9GXD4kepeEP9SK9SsP9Wv0ry3wh/qRXqVh/q1+lfOvc9E//9b36sbxH/yBb3/r
i38q2axvEY/4kl7/ANcW/lSl8JpS+NfI+WZD++m/66N/M0tNk/103/XRv5mjNeb1P0OPwodmlFNF
OFFyh1GabmlBoHceKM0lJmmNasdk4zjNGc9ODTc4HJwKpXF9yUj/ADrpoYadV6I48XjqWHW5cluI
4l5b5vSs2a5eY88L6VAzF+W5NJmvosJl8aa94+Nx+cVK+idkOzR0ptFeiklseK97jqO9IKXPNMQ8
GkzTeaBmpAeDzR3po4NLmqQDuKTikozTuA6jtTaXtSASlFJSigAIpuKcRSYNACHpTTTyKaQaChpH
FRnOKl7c00jigaZEw44ppqbHFRstSUmRkVGRU2KYVNZyiWmQ4ppFSlTTSKwlAZHikpxpKwlGwCUt
JS5oTGOU1IKiFPU1rGQmWY3kQ8HNa1nrFzbEfKCPrWKhGaspg+5rRWe5Db6HdaV40jjIE0ddjp3j
XS2AEmRXjyYI6YqdUBHVh+NRLCxmT7Ro95h8VaO4GJgPqauL4g0sjP2hfzrwABlxtdvzpczn/lu4
rL+zk+ofWGe/HxDpa8m4XH1pp8W6LH1mB+hrwT99jBmc/jSbG7yP+dL+zo9WH1hnuM3j7RYvunJH
vWbc/FKyh/1MLE15CIhkElj+NPCqD3/OtI4GityHWkei3Xxau2G23t8D1JrFuvHOu3mSrKinr81c
uPXA/GpUYdcc1vHDU1skZucn1Lst9f3bFp7hzn0NNRB1LsfZqgV/8ipUfPOPzNdKSitDJ3ZYAUDA
FLUatzT8g0XAWlPNJmloWmwhpFMOalNNIpWAixTCKmIppFD13C5CRUZFTkUwrU2KIjmmkVKRTWFM
CMjikxT8UlADMUlPIpuKRQnNJgU6m0gDFIaWkINACGkpxFJigBKWjFFABigUUAUgFpRSUvSgBcU4
dKQDilHSmAopc0gpaAFooopCCiiimAhp8P8Arl+tMp8J/fL9azq/w5ejLh8SPUvCH+pFepWH+rX6
V5b4Q/1Ir1Kw/wBWv0r517non//X9+7Vj+I/+QJe/wDXJv5VsGsbxF/yBL3/AK4t/KlLY0pfGvkf
LEh/fTf9dG/maQUkh/fS/wDXRv5mlFeW3qfocPhQtKDTTRmjUofSg00txz1o3ADJ4FVu7LUUmoq7
Hio5p44V+ZsmqtzqCxjCDJrMeRpTliTXq4XL3P3pHg4/OIU1yU9y1NdtOcLlRUH48imZ7UuRnivo
adGNNWifH1sTUrSvJkgajrTMijNa3Od67kgxmlzzUeacDRoA7NGaTPNLkUwFzS5ppNGeKAHZoBpu
aKdwH5opopSeKLiHA0ppgNOzQAvagUlGaAHE0g60lFAxTTTS0UANPSkA4p1IaLhcbimEVLimkUik
yIrimEVMRTSo9KC0yAimkVKRTCKmSKuRFaaRUpFNIrCUSkyIikp5FIRWLiMbmnqaZinCo2AlQ81a
jPNVV61Yj61rBkMuRmrSH5aqR9atJW8WYybJxyKdTF6U7NWZi5pRTRS00A4daXvTQeaXNO4h3anA
1HmnA8UXYiVWqVGqsDUitTTFYtBuakVqrBualVhTETg5pwNRBqeGpkj6TFANLQgGkcU0ipDTSKYE
ZWmkVLimMKkdyLHNNYVKRUZFAXGFeKaVNSc000gIiDSAU85pvNIq4hFJilNFAJiGkpTSUhiGkpTT
aAFopKKAFooFLSABSmkpaAHDoKXFIKUdKYC0UCloEFFFFIAoopKYAadD/rl+tNp0P+uX61nV/hy9
GXD4kep+EP8AUivUrD/Vr9K8t8If6kV6lYf6tfpXzr3PRP/Q9+NY3iP/AJAt7/1wb+VbJrG8R/8A
IEvf+uDfypS+E0pfGvkfKsn+uk/66N/M0A0kn+uk/wCujfzNJmvMaWp+gwdopDs5NLznimjODzgV
UudQSDhDlqujSqVNjCviadD4i5JMkKlnPPpWTcag8uQvC1Vkme4bc7celMyOwr6HCYCNON2fKY/O
KlR8tPYlVvXk0bjUYNOBr1Fax4bTbbvuPzzS96ZmlzTepFrD80vNMDUuaLhYdzS5pmaXNFxDweKc
DxUeeKUNxVJgSA0vaow1Lup3EPHFLmmg0E0CHUUgPFGaYCinZpgNLmmA4GlzTAaXNAD80U3NANAD
qM0maKBhQaDSZoAU9KbS5ooAaRTTTz0ppFIpMjNMIqU004oKuQkUw1MVqNlrNopMZjNMIp+CDQea
zlEq5HinAUYxTsVlKIXFUc1ZjqsvWrKURJZajq0hqsnSrCVvEykTA0uaaKdVmYop1NBpaAFzRSUt
MQtKKSimIcM04HBpoozzQMlDc1IrVADUitTuS0WA1SBqrhqkVqYrFhWp+RUCtTw1NCaJaQ0gOaWm
IKY1SYpuKQEeKaRUhwKQjikBCRTDUxWmFaBkRpuKl203GDSGRHrSVI2N1NIpDQw0mKcaSgBKTFLR
SGJiilpKACiiigApcUnenUgFxSjpQKB0pgKKWkHSloEGKKWkNABSYpaKAEp0I/fL9abT4f8AWr9a
zq/w5ejLh8SPUvCH+pFepWH+rX6V5b4Q/wBSK9SsP9Wv0r517non/9H36sXxGcaJef8AXFv5VtCs
XxIM6Jef9cW/lSltYuj/ABItnynIT9ol448xv5mmNIsQLOce1Q3l6kM0i9T5jdPqax5rl52+Y8Vn
h8FKcm2fUYrNKdGCjB6lu61F5MrFwPaqIznJOSaaMA8dKXoa92jRVNWsfLYjGVK8vfH0uaZmjNdF
zkH5pQaZmjNFwsS7qXdxUQJpd1WmFiQGlzUYalBzRcVh+aUGmZpQaLg0PBp2ajpQadxWH5pQajzS
5pk2JM04Gos0op3CxLmlzUW6nCqTFYdS5puaAadxWH0ZpuaWi4WHZoBptFFwsPzSg0zNBOadwHmj
im9qM0XAXNGaSkpXAdmkNJRQMSmkU48U3rQNMawNJjinHmkNSykyJhTCDUtIRnpUspMhxS807bRi
oaKuKgqxGOahUYqePrU2FJ6FmPrVlKrx1ZSqSMZDxS0gpasgWlFJRmmAtLTc07NABThTRS0xDs0o
60ylBxQA/vS5waYDzS0wJVY1IGNQBsU9Wpkssq3FPDGoA9PDU0S0WFapAarq1SK1MViSikDUtACE
D0ppp5ppGaAGkcVGRUuMU0jNICEimkVMVphFKwyIrTcYqUimOuelDAYRTcU/FIRSGMNJTiKTFBQl
JS0mKTAKKKKQC0o60lAoAfQOlJmlHSmAo6UtIKWgQtFFFABSGlxSGgBKfD/rV+tMp8P+uX61nW/h
y9GXD4kep+Ef9SK9RsP9Wv0ry7wj/qRXqNh/q1+lfOM9E//S9971i+KOPD9//wBcH/lW3WH4p/5F
7UP+uDfyqoq8gZ8ZTljdzknP71v5mo6fP/x8z/8AXVv5mo69iCSirGUnzO7HAUGkH1oq7i33FzRm
gUGgQoNLTaM079wHZpc0zNO7U+ZALmlB4plKDTuhD80Bqbmlp3QDwaXNRZpQafMhEuaM0wGlzVcy
FYfupwPFR0uaLoVh+aUNTAaXPFCkgsSZpQeKjBpc1V0IkzShqjBpc0XQEmaM0wGlzTuhDs0A03NK
DRdCsOzRmmk0Zp3XcLD80hNNzS5ouu4WFzRmkpDRdAKTSCg0UXQwNMIpwpKTsAwUuOKDQanQq43F
LiigUnYYqjmp0FRqKlQUtBMsxjipkqJOlTKKd0ZyY8U6milp3RItIaWii6AQdadkUlJ3p3QD80A0
lKKLoBaKM0CndCAdadmkop3QDs8U4Go6dRdASq1SK1QA08NTTQrFhWqRWquGp4andCLAapN3FVw1
SA0XRJJmimg04UXQhDSYp3ekNF0AwimEVIRSFad0MiIppFSEUwipbQIjNNNSMKYRSuhjDSU4im4o
uhjTRSkUEUroYhpKKKNO4C0UgpaV0A4Uo6Ugpw6UXQAKdTRS07oBaM0UUXQBmkNLSGi6AO1Oh/1y
/WmU+H/XL9ayrNezl6MqHxI9T8I/6kV6jYf6tfpXlvhD/UivUrD/AFa/SvnT0T//0/fqxfFC58PX
4z1hbHHtW1Va7QSxFGGQeoxxinF2Yz4huIJhdT5hl/1rf8sz6n2qHY/dHH1Q19Yav4X0+RmK2UID
c5CCuNvPBsDM223Qf8BrsjirKxm4ngIVv7rf98ml2t/df/vk17d/whEX/PNfyo/4QmL/AJ5j8qf1
tByHiO1v7rf98mjDf3H/AO+TXt3/AAhMX/PMflR/whMX/PMflVfXEHIeI4b+4/8A3yaMN/cf/vk1
7d/whMX/ADzH5Uf8ITF/zzH5UfXUuguQ8Sw39x/++TS4OPuP/wB8mva/+EIi/wCeY/Kj/hCI/wDn
mPyo+u+Qch4nhv7j/wDfJow391/++TXtv/CERf8APMflSf8ACERf88x+VH17yDkPFMN/df8A75NL
g/3X/wC+TXtX/CER/wDPMflS/wDCER/88x+VP695ByHimD/df/vk0YbP3W/75Ne1/wDCER/88x+V
H/CER/8APMflR9e8g5DxXDf3W/75NKM/3X/75Ne0/wDCEx/88x+VJ/whMf8AzzH5U/r/AJB7M8YG
c/db/vk0uD/db/vk17N/whMf/PMflS/8ISn/ADzH5U1j12D2Z4yM/wB1v++TTuf7rf8AfJr2X/hC
Y/8AnmPyo/4QqPtGPyo/tBdg9meNc/3W/wC+TRg+jf8AfJr2T/hCk/55j8qP+EJj/uD8qf8AaK7C
9meOjPo3/fJpefRv++TXsP8AwhMf9wflS/8ACFR/88x+VH9orsJ0jx7B9G/75NLz6N+Rr1//AIQq
P/nn+lH/AAhUf/PP9Kf9orsHsWeQc+jfkaXB9G/I169/whUf/PP9KP8AhC4/+ef6Uf2iuwvYnkPP
o35GjB/ut+Rr17/hC4/7n6Uf8IVH/c/Sj+0V2D2J5Fz/AHW/I0vJ/hb8q9c/4QqP+5+lH/CFR/3B
+VH9orsHsTyLDf3T+VBB/un8q9d/4QqP/nmKP+EKj/55LR/aK7B7E8iIY/wn8qNrf3T+Veu/8IVH
/wA8lo/4QqP/AJ5ij+0V2D2J5Dtb0P5UbW9D+Vevf8IVH/zyWj/hCo/+eYH0FH9orsHsTyHaf7rf
kaTafQ/lXr//AAhUf9z9KX/hCY/+eS0f2iuw/Ys8f2N/dP5UBH/un8q9f/4QmP8A55LR/wAIUn/P
JaX9oLsHsmeSIjf3T+VTojdlP5V6r/whUf8AzzWl/wCELQf8sxR/aC7B7JnmSI2PumplRv7pr0j/
AIQ0f3BR/wAId/sij+0F2J9iechG9DS7G9DXov8Awh/sKP8AhDvYUf2iuwewPOtreho2n0Nei/8A
CHe1H/CHe1H9orsHsDzrafQ0bT6GvRf+EO9qP+EOHpS/tFdg9gedbW9DQAfQ16L/AMIcPSj/AIQ3
2qv7RXYPYHne1vSl2N6V6H/whvtR/wAId7Uf2iuwnQPPQrZ6Uu1vQ16D/wAId7Cj/hDz6Cl/aPkH
sDz8Rv8A3TTtj/3TXf8A/CIH0oPhA+lP+0fIPYHAeW/9004I/wDdrvP+EQNH/CH/AFo/tFdhfV7n
DBGx0pyq3pXcf8IhR/wiJHrT/tHyD6szilVs9KmAPpXX/wDCIN15oPhFsd6f9prsL6szkgD6VIAc
dK6keEn96X/hEn9TR/aa7A8Mzlgpz0pSpPauo/4RJ/U0f8Ik/wDeNH9prsL6szlttIRjtXVf8Ik/
vR/wiT+9H9prsH1ZnJFCaZtPpXYf8Ik/vR/wiTe9H9pLsH1ZnHFCe1MKH0rtP+ESb3pP+ERb3pf2
kuw/qzOJMbelMKN6V3X/AAiLe9J/wiB75o/tJdh/VmcLsb0pNjf3TXd/8Igfek/4Q8+9J5kuwfVm
cIUf+6aTy3/u13v/AAiB9KP+EQPpS/tFdg+rM4EI/wDdp2xvSu8/4RA+lH/CHn0NP+0V2D6uzhNj
elLtb0ruf+EPPvR/wh596P7QXYPqzOHCsO1GD6V3H/CIexo/4RD/AGTR/aK7B9WZxGD6UYPpXcf8
Ih/smj/hEP8AZNH9orsH1ZnD4PpQVPpXcf8ACIf7Jo/4RD/ZNH9oLsL6szhtp9KmtYme6jXHU12f
/CIGtGx8KBHVtnI71E8epRcbblRw7TTNLwrbFIlz3r0uxGI1+lc1o+l+SqgjpXVW6bVArzTpP//U
9/pGAIpaD0oAqS2wYVUfTI2/hrTbpTTQBk/2RH/co/siP+5WuaSgDJ/siP8AuUf2RH/crWooAyf7
Ij/uUf2RH/crWooAyf7Ij/uUf2RH/crWooAyf7Ij/uUf2RH/AHK1qKAMn+yI/wC5R/ZKf3a1qKAM
n+yU/u0f2TH/AHa1qKAMn+yI/wC5R/ZEf9ytaigDJ/siP+5R/ZEf9ytaigDJ/siP+5R/ZEf92tai
gDJ/slP7tH9kR/3K1qKAMn+yI/7lH9kR/wBytaigDJ/smP8Au0f2TH/drWooAyf7Ij/uUf2RH/cr
WooAyf7Ij/uUf2RH/crWooAyf7Ij/uUf2RH/AHK1qKAMn+yI/wC5+lH9kR/3K1qKAMn+yI/7lH9k
R/3P0rWooAyf7Ij/ALlH9kR/3K1qKAMn+yI/7lH9kR/3K1qKAMn+yI/7lH9kR/3K1qKAMn+yI/7l
H9kR/wBytaigDJ/siP8AuUf2RH/crWooAyf7Ij/uUf2RH/crWooAyf7Ij/uUf2RH/crWooAyf7Ij
/uUf2RH/AHK1qKAMn+yI/wC5R/ZEf9ytaigDJ/siP+5R/ZEf9ytaigDJ/siP+5R/ZEf9ytaigDJ/
siP+7R/ZEf8AdrWooAyf7Ij/ALlH9kR/3K1qKAMn+yI/7n6Uf2RH/c/StaigDJ/siP8AuUf2RH/c
rWooAyf7Ij/uUf2RH/drWooAyf7Ij/u0f2RH/c/StaigDJ/siP8AuUf2RH/crWooAyf7Ij/uUf2R
H/drWooAyf7Ij/uUf2RH/crWooAyf7IT+7R/ZEf92taigDJ/siP+5R/ZEf8AcrWooAyf7Ij/ALlH
9kR/3K1qKAMn+yI/7lH9kR/3K1qKAMn+yI/7lH9kR/3a1qKAMn+yI/7tH9kR/wBytaigDJ/smP8A
u0f2Qn92taigDJ/shP7tH9kR/wB2taigDJ/smP8AufpUsemIpBC1o0ooAgithHVlRgUlOFAH/9kK
ZW5kc3RyZWFtCmVuZG9iagoxNyAwIG9iagogICA0MDUyMwplbmRvYmoKMTkgMCBvYmoKPDwgL0xl
bmd0aCAyMCAwIFIKICAgL0ZpbHRlciAvRmxhdGVEZWNvZGUKICAgL0xlbmd0aDEgOTU4MAo+Pgpz
dHJlYW0KeJzteXt4FFW27961avejqqu7ujudTjrp9CsJeRASOoRAQFIqIAryzDCJEgkPIyZiEiMZ
GgwJMhrDQwQxBMQIMcMjouQgIpcMBM5wAM/R4XCEO8fRmfGMceZ+15ijczmeEZPKWVWdRHzNd+9f
97vfd2t/Vbv23vVYz99aq4pQQohAGgkQ/4rVy6o/lNu2ERJ/mRDuvhV1j/uf/vTwdkISkwmhHeXV
D63+8zNfXCDEi+tky0OPRMqLzp9NwvOjeE/iqgeXrbSJdx0mJKkI5yauwgnbq+ZeHG/FcfKq1Y+v
PdthLsVxF463PlK1Yhmhx58jxDcVx8+tXra2mj/Ar8PxOzj2Vz/2YPXOxTsKcNxHCGsgHClXW/hy
1oHUGolHsfBXiOEKNbHVHE+yL1zrG0/ka33X+nKc9oA9JWAPlPNkoBYSBj5RW4zWv/7lMUM6PqOM
EMNedp2YiItMUuItxjprrUDqzEbqshE+xSGZ00hIDMbKN/p6w9f67JNxG0+y+8I3+sI5J465e9wc
LU3JDTvsMpdJaV6uPZQX8BO7TALc/i3/8/1//XTL4LmeHk6lO2mn+hO1KkLH0rvoDJp5syPCfxxR
G9Xd6gtqA4pUo4V1IS1u8lNlnLRLdD3vFOtsu+zG5807oc7+LKt17qR1RLY4rOkmhyHGEcuTNIcQ
4oJxSF5Yo+9aH55o9GHfN9An9/bLeMg5MT++Kh4JzY3Sp++B4XOtL+vpYdM2D26lTc3NaoRratZJ
2/8bNXB2cODsYMdv1P1Inxvp+wPSZyNVSoKZURF2GmslpIh3GASHyZpmCZE0AyfL1y70DvRe65P7
kZL+8I3+MIoth87ushTN7rIW3T+7Sy66v/gMkYfO4VNlbMoke/6kEsWt2Jfay+zb+e1su2G7sdHU
aG4UGkWxVKMx4ArZo5TnumjtRfWhZna5SV15KcK/10fXqFv6vs6KoKEQbuhz1OkcnU4H2aoscPhk
B894u4/xIu4mMyf4GOPlJA44R5LdAcDZrJyUBJxFm8pwgFgnS2YGtA5qjQQ1a5UsomBiPHCS00Cc
8rV37G7NCqb29rlR6I7JObMXFRtl9pmRfeYOG2XTZ/pA1kf6rDZXEgzl5VJsLmQHApDrwoO8jgv/
O5f77OCMnesHr9Qf5+mVP0XYEjSOCB2vXolwIW7KiG3UIk8SuU3xiGYj1LFas2YNhjST4LCgIZjQ
DqzDZir3apLv/7I/LF/IUcw5Qo6YY8mR+FEL0GQZ1TuQc9ycJk3fka+z+tQt+K6moY/ZHPY5SadG
pTAU5JIDPouY5OO8fp9oETNEiz/Ax9JWtoGMiW31bHA51o+pzvCLloDX5Ha4OAcxOV3jk71OYsvJ
kG9c6LvWi6Yg99sdUeeRe29cQNO8qPahFKOSs36Gp0b9WBI8TtCRSpVnDEkGnzGYJqSJaZY0Kc2a
5kvzpwXSgmmhAqFALLAUSAXWAl+BvyBQECwIFQvFYrGlWCq2FvuK/cWB4mBxqFKoFCstlVKltdJX
6a8MVAYrQ51Cp9hp6ZQ6rZ2+Tn9noDPYGTojnBHPWM5IZ6xnfGf8ZwJngmdChTmZ8zP3Z3Zl8qWk
NN+em0RzwxPzJqRm03E0b0JyIMy77aFxNBQ0uGJifTSJumL4QDC5rcH7rz0vtj969KMPjtMxVNhE
E1obvBfe3LV71T999M/d6mX16k71o1l0+eGDdY/dtzIzf9KlU7//z7Fj1ZN7tz9UXrpsQv6ED8//
8dMwGcam46jzBJJMdimzRMEMFpMPeDD6eB4yTDxJBD6xTtwdcta5au0SX2czGP08g3gTiQW/GPKC
1WJg8eiY/uT4GDkt0RJyBFNGsELulc+dszvck1Hqjsl2bJpJ94fDaDZqv2Oy1kYNG/dh5dhQOSdE
o83GlSLXbieaM4yjmdSu27UOf7wrxpASFVcm5QtL1mX9do/q6p+xbPFt5wYJ2lwR5WnC24Mtm7bu
3r11E/e+tOSnalmE/mrrvYO/i2i2ePXcvjcDrdu2taDtD91AOSxEOVjJZmWyVYq6qZgkiOi5Ipom
/41TZ4hg0T3XSGph1GvNNmKwjXrtjanotfZR1kYc1jTssMijyawZoAdEKpoEs0F0Sk6rLIekkNUv
K/J8WUSToK4Qxaa5khk7w8L6wXf7B9/dxv1yB32etqDeIjc72JJIZCAEv9OAiZLF6Fdfol95SKES
T55zbwBpu32DxbweqhOsDouHxKQYpARUz7V39OgV9RO1L0eRchKrEtdw6+PXe15ONNBSauCHg8yo
GXJ22YEiz2dfTlF/rarq0+rd9C267inqP9Aw5tdHfnvt2ocvnMmknX/+iB6gD9JyekC5Xd3xy261
R30D27mDh8kwzkAZylokk5WYKMogyAiIMiHEGC5okW/0hgd6w6MxULHZpBxJkeZLZVK11CgZb8WY
XFcUYc5F8cWryYHT5GDYj3IQMaJkKw6ywWLY4FhvqY6DFJc5xSZp0WxYAAgciF9V8Q3xPfFX4hG/
UvRIG2XXHRWBfoT1PadP95zt7j6rNqlF9DW6lkboUXXREnoHnU3n0DvUbvUt9ZTaHaH7aAW2l9SV
GHdb1JVE5/s+tDEV+XaSDUqWzWc0Ggw+WbZlyEZqMUGdwGrttM5KzGlGR5os4lFCccgOLhgzDLm9
6E69UQf6UnMiLeTd4jxoVUYjJaVKouKa71plqHY1GRpdL7uMRmOsMdWYb8yXV8mG0lHh0RGU1vzq
vp4e+h48dZYTetSbA6vPatL8+g9wOIImxucP3BGJ8jATY0Q7P514SUQZ64kxSm4K7cx9QGhLcFiB
trNDMrHf40ycZbDlOWVpJk/yPAaZuz0pigg3buGh340QMALZOSeJz0d8FNDwZncJRRi6k4iCL0wi
SUPn9NB9Mtu33dflg1HdT0O4jHUNY8KEVA0mcTBz9276ldJR/8ZbrYNPbZzxk8qVT0YgL9KytOi9
dwevRyJcXtPDL72qhqJ2UoT+wiM/mp1kKU7SbDE0O9o0O5nmmmKeZgtrhnJDN5QBzVBOyvFKfFk8
aFYy0S6nRrH5Vivhjlbff19NzZIlNeqf1fO0kMZTD52mni86R5GdnvOq+vc1CGUGaqTp6m/Ur9Sb
6vVR2ZpmIS055Aml0O9xSrwhk4BsHNOe7pUPjIO2lEBcjMiM7emHQrFmEu8UZlncc+NNeRbZ4Job
LzuDszL8clpyXurt43UXmooJUu+w2aCYNalHxY7GownePRmDoyKRcHZYCZeFq8Pbw5rj/7BcvzcY
VQH/wT1Ha996s3WwqeG2RQ+sahjc3zBt4VLsn9FUMW3/o0+2Q6Ri2ZWrmvjpl5dW7Xh68C+3nmnq
KV28QtNHNupjpiGGxJAAuUtJDriYPS6pwxTXYaXt0EjardWmNkfCNHGqk8tz2XmZTApqlqWbloYX
vVpGqlmVblTHC0OIsvl6RqeRquknFEwdg/TTmNho9NA4utRKb2a1Vn9Mmfr1x9WtWaqB3lxasbqk
ZHXF0ggLrR3cumiBel39Gtu1BYuaIrT89MGuTz45dvC0pjdMnvg5qLc48hMlhcTaTWYnZbZ2OzsQ
2yaZ2+2HRGGCicsl8p0Ok2zJs94ej9pBbxjNoXQ/kC9o8dGhKcTnyfYUeuZ5lnoaPJpCRpKA7wl+
To1h/pzHnz4/OHN3O8dPePUJXwmfq/7qJ4veeVNdosv1TFWledjO+dNIo5EkkgeVoAGIIJN2k/yy
1BxjOgjNnraYaq9sJ9NMk82GQnfYq0lVixJRy8cQ0StjvNbpC5YlNSS9nHQlie8hPYYeY4+px9wj
XCFXDFeMV0xXzFcEC4IM1UXrpSzg0kWdn2vgQyN+AnlzH7h/HvfBYMoTm2ufjTmYOUT+pPap72Pi
I1ET9XDF/3Lk4K8cPzP9+q11j7/ZiVHQitNp6tsjPrsKbcSCNjJHSaHE7hX4Do/QEZPU7m+U2mOq
PW02X54Xs35rnjTVOM0d1ozkRu/A1Km93zeSk4WhhtCxkIY8w+ag08s0YVtR7hrJKGy3JneoKnv4
0ZL7Vj9cRpfvVo1Ze6r/qA5S+GP1niw0IfqHh08fPPbJJ10Hj0aaFi3AKoyhn2csWEQH1kZzLXYV
8V8m8eQeJWivs8Rpwc+Kwc9icMU5bJIr22zLsEshsx4HPZoTX0AvjoKkXa8K+7XU6b8jEM1PqE5o
TIBRNA9jRsSHtMoFRtIiLTAu/Iqmqu//Ve3/4ovqJ1/cu6laA/bPLl3+d9UW4T5+bcdzr47iINFx
PQ3rmfFJqcQnx1pZKvW1W1MPmGJfdjbHJbTRdlO1FfzWEB+b6+bykmzogCHZLYbT9Rxc88MorUjo
xd5+9aJmNfqM3aHnfznKWF9GQUyhqzC20F0YVxg/2TMvoyFDyHRlx2a7GywNUoO1wdbga/A3BBqC
omZG9hE9pOZNmDhlWEXGUB56gJ+neaP64le1qoaZRx995djXg6fXNVbUxtUsfaeGeqlZbXtqRcW9
8xau5LYN9kWaiuYfe+WN44Ub1/90xSfB4LXB319/5MEHVz4SxeBi9JMslEM6tSt3Yh5osywI+M0C
ZxIX+AP+kbrkNRb7moc1k6NjPM2uo442vTYJmCxezp3rQk83zXMle+cRWzham1wYqU3sw8XJAFYr
f+rXYfkHyxNFEs2iIIpYCkmi1YAhvbEh8+XMnkxIN6cL6eJYy1gp3ToxNCNUYi4RSsQSS4lUYi3x
lfhLAiXBklCFuUKoECssFVKFtcJX4a8IVAQrQpvNm4XN4mbLZmmzdbN/c2BzcHNoj3mPsEfcY9kj
7bHu8e8J7AnuCR0xHxGOiEcsR6Qj1iP+I4EjwSOhqaX0+xXKxKhbfK9CSS2rsbZsfKT27od3/mLX
5zcfuL6xxtzc+EiVsmjH1f3qkPrFit/7aPrP6mfPVGZ6UtL3PPnaEV9AvbH60Rl3TJzmSsnbt+XE
q0l6nU2y1cVsJurDQkKkRskc8XWp3RZEZ0eXb7Md8r/gqU72TSDo6FMDVt3vpUnJo2FBA1m5V/9U
oYW9EbcfSTOS9TQjmSQPpxmKWU4pTGlIOZbCYwJ+S5RIGcHdkSgShWMufSRSqG3fCSMdg8tbuVkP
D8cKHRO+iSLqrMhwTjV+6GM4zGowA3lA8boF2UTaeU5H5moDdyhONtqpmclAJmEuMrUv/M61Cxoq
IzwP9MoXRj98iEUaQ9o3jzidozgSN5I4zYtfitktlDpD2jcOe8AVsA9DctSv/mnvXrqcjlHfH1ug
TONeML907oN98HqE3qOejAyu2TJ98X37Nza/pesDcxTuN4i9InGRKUocdJod7TGHZEu7lcw2SJiJ
OG159ttjoxn8NT0khwf6PsT6QvS5s91l7u3uLjejpU7deLCGw/fT0bD2y+oF86qq5i2opptaB6u0
7IEVLaiqwslHv16jx7PhPEmnwUzGKw5Du6mRJ+0czSOyEfLY7UL03cNv1t4rZotl4naxS2TaZ7SR
d3GFw6+IRLQQP/z943nEZxeZp6RLu8Sd3/4udutnsQyHEDLoIB37DUjf6A8PA3S/ilan9uacsLl9
7h/5JqbXLSy3ebCVrm9uVp/69Nvfw3ZF6zktbm9C+/eQsOIm7maQ7M0Wc5tWzeVq1dw0Q/jWam7g
wsAFWb2Qc9yWiIkPBs3hiPstP9U0z29K/fQf1V71Mp1AHVV/XFMtb3hsV/26zZUbrXTOyTdoKhW1
gJuRob7ftOnyf35xpXGtTk+hlv+j7L1kbTT/p5j7YwXQGE3/hbZvp/969s/fqef/Wsrznfx/4Jsg
/H+c/tt/LP1v48h30n8tg6v/ofyfDn2Audv7/Bis++uVAsHMmX4uWSXjzw1GK3ZzTEYkgWccGOZQ
SjKMxGJiGpdwiFgls8lo4Ckx20Tum8J/4NuFv4bp363805hW+Utj+Uw2m5/N7ufvZ4bSwDdlPnaU
vq02reGWb8RsyLKFbl+vNqE/RgbLuP1Y7C/U4rU6ma1Cu/CRseRxZdxYv5wYstH0Didp95oszUY+
1BHf5j3EH3ZWZ5lzjUl5/kSbTKamTjPGhrO0oHQjGqxHofGiekHDRj3NQH0oiSYhTkgTCsfxxETM
PKKSbI4R/Ca/OVkw63FZR/oxedGYcBu9NVVCHugtqVQef1U9r/6u4re1NbYtGzuabk2b6FeqcSSn
gtcHyj76j0BAfbj8pUuRWxOopoi6dzi1Oh3NVzAuaPzHYlxYpGSE3Eanx98hkPYYhoWCp0NuizkE
LwjVyfwEt9Mgu7g8MtU7TQon64lgOJoJ/kBUOFGF0M+NpB259r/N1e7BFR0/zszXASxyTv0NNtC4
tHpnC9pfPHlYCcXKTLQ4D5jcGpweMlUjJ3GzYnkZiZ8p5dlkcZJH+xKgJbLRPBatLTxa65AEOuw9
WjDQAoFHdyEP8Qy70IntCV0J3LdSKt2TouzgKX9jt2oo1J2H3ryjuHLFRn7MwMJo7cxlRgafv1jZ
dpR+oMctjXog2t8cC+G5udgnYWYL6EkNZIguosvoWrqB7uQuch/6U/05/gL/0UBwaEj7z0L204W0
DNfrh9eduD55dP3HNw0PPqR76T7ahm3/cLuI7TLV/hAZ/+bd/zsbT7S/UxQtLFEfi/qR4S4hny7s
TcSAXBKMPj+0xRI7YmMMcep8JqHwtS0BJWMlNozJAeLAOB9Pgui5/3/7sY0jHF2vHfWq6Usqkwoy
/F0PV5bQ5ThqwuN2UkbXUwygZC5ZQm4jT5G/4PxG/X4f3YjtqP68szhzNnqG80fxKYQUkRqykbTq
77jEL+HL+fV8OaZBW+gWnPmdtoaVQBafjtduxH09ri3XzmkhtnRSTrBKIO048yWuR8heKrB38cn/
QFPIKnzPXNw70O1NSMt1auXKqQWvrdUMDC0E+cNMo4KsIRG877rePsfxShJh1w0x3JfI1yxcM/Bl
5BN8eg2poQLNhVzur3jvXJxp1riinYSDCjTbMmxj9DadLMfnHMQrImQft5zL5cdoV+m030Y+ICd1
usvJDhwvJJ36kcAAeQ/yaDnSr8kmnp0ni4330IDBSrONDSgrYvCSjVw58cF0UkvQwE8atK/elGDk
6eJS7l7ZpSwo9l8uCWSN/c7QLxv9XWR+lxTxnxoaml/MJ7CSLpbYBSmmLj4l9G8/tvhvWWNnzy/2
d12dMX34qTPKpuPcomI81UY4jfMzpmcRHYW4B049lhUzY6lt6n8Qn0lX9nvvz/1fI/1X8wc+tl43
p+O12iLVL8CjcZPqJcSWi+vV1uvD899sIf5dUm74nJQZ4kkZu0Hchryhz9l+PL9Emri3US4HcS1v
6IbhAbIYzuL5X1Fy88l97CqZyRaTItPPsG8l2Xw+mcLcpAjPizBzLGPZpIjfSIq1NThOxoNAZmo7
e52U8X/A666SQv7g0Afa9fp+lWQP0zQd939G4quR6Tjc+1B/xWgDH0V39j+Qqi7kDLVmPIWANQfB
SsYd1wQsc0W8z5KMOyKmtIsQK65b8R7b54TYGwlxrCTEidc7cc2Jz47BOReOXXh/bCshbtzjyrT/
77q0QpyZZJLDKFVO+8uqYTCfSTfhmD/FNSq9V1T49Wx4V4V3BHjbCpfDcKkbLnbDP9yECy3w9yqc
V+Fcz13sXD303AVnc+BMPfxShG4VTqvw31Q4ZYOTArzpghOp8IYAbyj88b/zsL/zQNcxD+tKgmMe
eP1lib2eD69h91oAjubDqyJ0HrGzzjAcscORRv7wODi0N4kdUuHgLxzsoBd+4YCOVzJZRze88riX
vZIJ7di1d8OB/R52QIX9HnhZgraXulmbCi/tK2UvdcNLjfy+F1PYvlLYp/Av4tNeTIG9e+xsbxLs
PTV0Thni99ih1QKtCr/bCy0ivNACuyR4Ph527ljJdqqwA1+xYyU8t11kz8XAdhG2K/yz2yT2bAxs
k2DrFoFtDcMWATZ7ofmZetaswjN4xzP18LQITyXBz3Hw8zBsetLJNqnwZI2NPemExgaJNarQIEGD
wm/AKzaoUP+Ej9Wr8IQP1q/rZutVWBcpZeu6YV0jH1mbwiKlEFH4tSnws3yowzvqKmENdmtuwuNe
qFXhMXzyYyrU2KCmka+uGseqVagaB4+qsFqFR2SonA0VAqxS4SEBHlL48gA8WA8rVVC2raiE5d2w
rB7KVHggFkpFGytV4X47lBR7WUkWFHvhp2FYLELRIg8raoFFHljogQXzY9mCFJhvldn8WJiH3Tw3
zL03kc2th3vvlti9iXCvws+xJbI542E2Ls8Owz04f0893C3BrLsENqse7hJg5gyJzQzDjOkWNkOC
GVGVTLfAnXfEsTtb4I44uF2xstvrQZloZooVlEa+8LZ0VtgN07CbVgq34StuS4epU+LYVAdMKXCw
KXFQMFlgBQ6YLMCkfBubVA/5eHe+DfIb+YlmmKjweRPiWF4LTMg0swlxkGv2stwWCKdLLKzCeCvk
WESWkwTZyeksOx/GBQQ2LgmyxtpZVguMxXvG2mGswmeaISPVxDK8kC5BusKnjbGztBYYg3Nj7DBG
4VNNkIKPSOmGZGeAJadDCLuQCkF8YLAFAn4TCwgQaOT9JvArvA9XfRmgnEiyZ7GkAvAGILEeElzg
CUN8GOJwOU4Fd2w6c1dCLI5i08HFBOZKgpg4cKKQnQFw4L2OerAjS/YskFE6sgo2XLMlglUGayMv
IXPSTbCIYFF40QYCXip0g9kLJqOTmbrB6AQDPtYQA0wApvA8OBjvBr6RB2pj4ABQeA7POBXHQLGQ
xyLyFF351Daa+f/mRv5vE/DN5iX/BeuWg/kKZW5kc3RyZWFtCmVuZG9iagoyMCAwIG9iagogICA2
NTc1CmVuZG9iagoyMSAwIG9iago8PCAvTGVuZ3RoIDIyIDAgUgogICAvRmlsdGVyIC9GbGF0ZURl
Y29kZQo+PgpzdHJlYW0KeJxdkstuwyAQRfd8Bct0EfkRe2gkK1KVbrLoQ3X7AQ6MU0sNtoiz8N+X
4Uap1IXNYbgDd2Cy/eH54IdZZ+9htC3Puh+8C3wZr8GyPvJp8KootRvsfJulvz13k8picrtcZj4f
fD+qptHZR1y8zGHRqyc3HvlBaa2zt+A4DP6kV1/7FqH2Ok0/fGY/61ztdtpxH7d76abX7sw6S8nr
g4vrw7ysY9qf4nOZWJdpXsCSHR1fps5y6PyJVZPnO930/U6xd//WNhVSjr397oJqqipK8zwOkWtw
HblGvE7xAvFC2IKtaDbQbCKXeeI4xHiJeClMYJJc6CvRV1vwVrgH98IM5sgEpsTQkGjIgZ0wziI5
y4CNMKEWkloItZDUUsNnLT4JdZHUZeDNiDcDjRGNQa6RXIJnEs+EeyC5hwo1VlIjYR+SfegR/Cj7
QGOSxiBuJA4PJnmA5zjIw91eSJ5Qeu3eG/YaQmyL1JCpH6QTBs/3np3GSbLS9wsRFr4kCmVuZHN0
cmVhbQplbmRvYmoKMjIgMCBvYmoKICAgMzc4CmVuZG9iagoyMyAwIG9iago8PCAvVHlwZSAvRm9u
dERlc2NyaXB0b3IKICAgL0ZvbnROYW1lIC9XREpDUForRGVqYVZ1U2VyaWYtQm9sZAogICAvRm9u
dEZhbWlseSAoRGVqYVZ1IFNlcmlmKQogICAvRmxhZ3MgMzIKICAgL0ZvbnRCQm94IFsgLTgzNSAt
Mzg5IDE4NTQgMTE0NSBdCiAgIC9JdGFsaWNBbmdsZSAwCiAgIC9Bc2NlbnQgOTM4CiAgIC9EZXNj
ZW50IC0yMzUKICAgL0NhcEhlaWdodCAxMTQ1CiAgIC9TdGVtViA4MAogICAvU3RlbUggODAKICAg
L0ZvbnRGaWxlMiAxOSAwIFIKPj4KZW5kb2JqCjggMCBvYmoKPDwgL1R5cGUgL0ZvbnQKICAgL1N1
YnR5cGUgL1RydWVUeXBlCiAgIC9CYXNlRm9udCAvV0RKQ1BaK0RlamFWdVNlcmlmLUJvbGQKICAg
L0ZpcnN0Q2hhciAzMgogICAvTGFzdENoYXIgMTE4CiAgIC9Gb250RGVzY3JpcHRvciAyMyAwIFIK
ICAgL0VuY29kaW5nIC9XaW5BbnNpRW5jb2RpbmcKICAgL1dpZHRocyBbIDM0OCAwIDAgMCAwIDAg
MCAwIDAgMCAwIDAgMCAwIDAgMCAwIDAgMCAwIDAgMCAwIDAgMCAwIDAgMCAwIDAgMCAwIDAgNzc1
IDAgNzk1IDg2NyA3NjIgNzA5IDAgMCA0NjcgMCAwIDcwMyAwIDkxNCA4NzEgNzUxIDAgODMxIDcy
MiA3NDQgMCA3NzUgMCAwIDAgMCAwIDAgMCAwIDAgMCA2NDcgNjk5IDYwOCA2OTkgNjM2IDAgNjk5
IDcyNyAzNzkgMCAwIDM3OSAxMDU4IDcyNyA2NjYgNjk5IDY5OSA1MjYgNTYyIDQ2MSA3MjcgNTgx
IF0KICAgIC9Ub1VuaWNvZGUgMjEgMCBSCj4+CmVuZG9iagoyNCAwIG9iago8PCAvTGVuZ3RoIDI1
IDAgUgogICAvRmlsdGVyIC9GbGF0ZURlY29kZQogICAvTGVuZ3RoMSAxMDcwOAo+PgpzdHJlYW0K
eJzlent4FFW27961q6rfXVX9Tod+pZN0Qjqk6RBIJGABAZFHRGAYRCMBkwAdICAgEIhBkfcjPEPQ
CBE5UVEhIGIEhIgRRGUyM6KIj/FBFJkTM86ZDIMxKc6q6g7gnTPnO9/9597vO72p9K5du6rWWvu3
1vqt3SCMENKiFYgg7yNzps37ImuvDyF3NkLUlEceW+ityny5AyHvDoTwjpJ5M+ZcXfHXZoQSUuCu
DTNmLy35a8cbL0H/FYRcG2cWTysSdt5zBK4fhbH+M2HA5NV9BOdtcJ44c87CJac+4fYj5OfhvG52
2SPTEDViOZw3wPn+OdOWzKNXM5kwdSKce+c9Wjxv0VL2OpwvRIh5GFGoRKqmS5j9IK0KOUU9fQ6x
57CaKaBolNF8sa0v4i+2XWwLmQWfkOQTfCU06lpA4ru+k6pVxhv/8SibCs+YD8+KYz5GahSHhok+
VGZdqVeVGafbtWUaFbZytMOPaKPJoEm0IUHnc/IdbeHW8MU2/nshBz59UUZ7+Hp7WGoPHZkaj3EB
9oX7Z/VL9vtwVqbgz/KFaauF9vuETCvuxOqdtbU7pRvS4lOnqDNfY1bq/Fo6d5W68VzN7rrO6giD
Sq+83dTa/WUEFJb1u3mFnkTnIQuKR/mim1Jby5F6N1Old1ShZ0wb9YW91BqrE8VjJ9e7lywYqPsh
aN3a1dbGS618uyknJJq8LtFV6SItqAW3UC3WlnimQBbTarFlhvsPyDRifwLK6ocyw0jVB/qsip7U
dXXfnqXPeHYEf3z7mvQdtn37V0xdZLeurdzGU0h96fPKikMNOFPqwv2kS4ePv3Xqzai8A6VJdCPI
q0d+9BsxiJHgIgZ6h9NQziW4y73aHZaNzkLvk1xtoieIVE57ls8YdPEoYAglytKDXTva+FZQoK0N
VODbw3w73y7Yc3JCRyuTGpIoEDsqtWzgBDYA5rUOxplhk9VC+ROSA2BkX1Ym3r9946atWzdt3N54
GM/q/8Ky5hs3mpe90P9g97XD1MhZTee//eLLr99/vbS+aKr0fmendH5qkRRfWoow6kSIdDA/gQcs
EXvRRQzLkCKWGUtYGjPsLDVegDQqgUaUjr/Y3NzVDGvfFu5oFnKEnNDoCZNV9I8qnv7xgQQ8ukE7
cfJbSIdEeKgO6W42ZQsDsh8QNV7kxRmaDC1dAHN0ypybTdE5SFTm+LJ8ApOVlCn4rNiPaekjPHs9
piP0Z++sbOssV3CB0QaE6HyQsxcaK/r0FsQZ0EKqyFnMzDIsFiwGvR1psZ1VG7U8NulcfEez7AZg
yRher7dL7TyIDeDQjdCO0I3Qj7CMsDJgXb8gmxMQi1kVBlMKviw8GEetjdl5pZdnXsNG6XcOvbSG
KlvUNQi/W73i2fVVtfR8rM3J/fbM51KLHa41Svvn4ObqX9bvOrBZlrcWcFwJ8vYGedM0rmKPeaGp
2F7s4VIXouLkYjKLK0zzujUuf6oW+VnWyeotWmSi0kDyttui58jI7mgDYJyVFWjPCZllaW1WC6ty
AzBonwIBN44CJA0csAcpKv+5RZce/vz6gdrGD6Sr0o1FX82dpz24Z/fhYw1Tw4cObVmzZqdhHlMd
7PPWi2te9zovvfyHr8KZOGHLjsNPN7xesnXbyg0rHgd83w12bwA9KCSgvWISVaTRanCRVqsZi7V6
tMCo4pkF2lmEUtMsEgyE06kpE99xMRfAkgv2Btu3duVezG0LxwDDy4hhADFHMjQQOo55NV6D10ii
4BjdoJ/44OgGg/yHm/ggYMWkYMUELYoV0aHDTpyN78U0S9moFG1/Klt7DzVSqypABVjQ9KygDCYI
QNQHEkWOdU/+qXshtfksdklXfsKdxNn1vcRGcNIc0tGlLZU+l9frIKzXUoiJHvSqmERY1xJnMcsv
5IotxaweL0bT9YVel0Bp3cjOatyClqO84L4AsmZ5oaKrFF0jqRUiEGijmShrdEsRr6IIOENMEZhh
ghnm6EXFa7zypKiWyRzhaI7hWE7Fqbk4zsnFc704F+fWc4jDHuTBGSgDs7LOoKYMCWS1oF+DQcGA
QLPdE/ttmPQf2CF9dxPN+HT+fM3z2/cceGnvlHVZk5iP90sTExOljh9+lP4hr/7m6t+/c6ZFHEa1
y7FtHdikGtZeh5LQI2KCHrHFHCq2ema7l/qL42dZC5O9WreNsCarntUwDl0ymKStA9ot1LZ/AtYJ
iUkavcYg0DzDs7xKUJv1ZgNv5DmeF4RUfaoh35PvzfeZCpJ65IaIR3qUgkgt8MgXttmtfjlWU9Se
TTU1m6qqa97Me2X2V5hI1651Sz/hoTjpvoMPztc/OffMqREtZ860vPfWuU+on0aPAu2uSH/BS/HD
eC0+6HZfL45InykxBXI2vVLJg4+KLkJghCIYo7EMJotV0zGhMEG0FrGURvZKCMqA5o62HiAzMSAr
aw2LqFFWWAPtjhWWx5XF1cjXlfGjduwgVIEGYp3P6hd89Mruxp1Uenf+InKJKevcyvRtxA/JueXm
QCkHH2GugP3daJaY4ObteqKx2+KrzBp9ubHW/KzHkW5DhLX15wKGoD7k4Ttau1rl2CHnky4Zm5+c
5X8nmCDsHcvwFnrneQmWPc0qy+VR5AUsxeQ9usC+wEGhAnO//tEIA+nFDOlGUHqBrBiwLgzL6DNs
SChjWPpBXPLOyyNXDp6q+s34B3/LzO+Tl9cnY+hQqbz0l/n7T/h8nxdOWfaEbOcBgKPP6QCwjUVi
gl1g9QYLtUrjgBSJajWFNAramQAJ4ruMQT6gz5DpRisoktsaDR5tkBLDSjAM9WQQp2JSJ3L2mLQy
viGeuqWZU9HMKU+LroRPyZJy1k/OEhSVlIwq+KmP8eSD0tOZ+0oPv1CPp04tX7G6jg50DYucjJSd
v0TllHbvPLPl5Gv4ioKXBTevkCOQ61PRZXEIIDHRN1ivc3sol3ewTq8bq9N7fbQNP4fqmKqA7Tlr
nbPKtDFQ2Nur0/tcanu61TWYUwesIxKpdA4N761E+tY2Jd+bemJ9F3gPD9kKwBZFmfFH6KqUvxAz
vWkQM8XJAU/AG/AFEgL+Kdopuin6KYYpnineKb4pCZP9qz2rvat9qxNW+6s91d5qX3VCtb/eU++t
99Un1PtdYlpl2iHLIesh2yH7IcehuNOW09bTttP2047TcUaIJwOybgWQDNwH8qAMhpjryX7pwXLe
kRGxIEJvWr/8yam7V61b9slbE48/EqHXLlq4eMqabbtWXf1gRvPAG4sfK3hgxKS+6cGnSrbVB3v/
MGPh+PHD7u+dnrGpbNerwWheHwg2DTDzkR3NFF12LeINVRZajcpZqtZS6FDxAg5qAB0ow8F3ABRa
L34YtRP0m3lJyehYzhiw7A4FFQ7k6ImiVkbFqK0qqzpZlazOiKuMq4rbG6ctAFBnCtEEcQcfTM76
ct++N/EUqb7fiJFDqQ3qzVv3PkVOluJR0rHS7oI1Y34zdevqTS/1cNQI4EAHUqeJZlSlZ6tkauog
TmueBogpyBqLgnIMDB31xpXFAZO7M77ZewgohDhq5o5du3bs2FWz/Qfpexx37RqOk66O+HNr67Vr
ra1/fgRYp4TD0u8kSbqgcM41Uq2qjNkH6o5Fc8SBQ4eMHh7IT9Sj0cNTEolheLlmdDlXLpLlieVp
muWO8rQB+YEUk3FkPDtEj+KNvUyuQWwvd/ygvlQ+YBAklLrbw+EoCuX6ITqU2w7AbIYxeTj2FUqK
WioKCrCiQpQCyYlyrmEpq8Vkt9GyRe0s7U9IDCRTWf1MA/onAr+yA2x4xJBbBoBpjHHg9oJDn312
qGD7wNoDJ/OGRaSW16Y0THr/66Kpc3Daq098XZg1W2p//g3ptYonVq1eUYkfOPMJnrZ4TL50HAxV
tWDpmrXlj26+MX5c5/nzP48bv7mrK6nzZNnZias2JQcKpDX/eEG6OmNxxZgxIwoKVi2rxPe81YhH
VD6+tr52+vfLpQ7pPMFVsyqeObRn76FnFS4P69rIWqD28KF7xCQfI1gJcu9QO3YYcTmZj8qNheqN
pninLstMBa0CRLRQwi0SLzPjViXnxfj7kUo/OOsAJd7cydghEuE7GL217VeMXdqFZ/Vw+QgjRrrn
3Kbs9RG8KEblT8u+I+PQBTh0oizRiXbbq4hhl36nUKXZSArjjel6J7I42d7xIOLFDy/G4CivbWvo
SFkvuW6L1kE8kldTuOXi8gLSrsCfGmQ0On8ofq+41Lpp5c6aXdWLNzvx3QeOACDRTdw3IyT9tHHF
1e+//2F5heLLo6CW+AjkcaCdYoJaY2Yw4soFxNg2GjTlQq1Oq6bSER80qQP6oDEUB9lKdug2Xq4q
2qGePHsWjHdWqS3EbB7xmKd4wsu0wcrbeDvvyHCKSMQiJRKRFpk8q2gT7aLDKiduebIXeym24HaG
i1PyQBy0WB7o0TFaNAk9tZSNfBRh8kev3fpx94X6Bjyz/4Hy9EfoVOn6ffknGyRnJEImznqrrNTY
4/sbQEctSkGPixnxPl0c4vW4PG67usrs2+zf5K5K3mguhPxMxTHIl55gCDo5FNAxzgRb79QouwfA
9HhbRnur1H79eyXkg5vlyNVrIt+7rPeSlKbedHlKE26imkgz3cw0s83WZluzvcnRFNfkNMhqZt1a
L/MdCQ6c09dD/7Ki6mX8uG712oULNjXul/YPqis9/Pv2y5javmruk/zUwtcnfXkV53/zWHnZk5vx
ye4/RhaMGnGy7t+O3bt0VdH0S6mpn0fj9Ns3r+APUDvEvOyjBhYhPX+xqxn46/2Tj2qhPqZzc/nc
3Af6oqNkmqZQD5CLXgMqpVNFr4UG3EEs3h6TMyA/f0DOmJnZ+fnZA/LHxvCjehhsG0IviUO8TrOB
ZtMQUbn4VSRQnlqb5HNYdIyqvA/Z6LdpUJxZO0ifEPSqg/oAe7d9UFzAGjTfnRLs7Q0kBpNDfaPw
khkR8AkeGlgcDJ6b2x5ut4flaioMfmqXK8K7w1PDZeEt4YYwcxs9fRX09IUWKz3MGdoMXYY9w9Gi
bdG12FscTWFNAY7WYzFERT36vzq5hTU6Kevf5r6wv16i6grLlj1RJ6lj35QMvcw9RcvryeRFi1v+
0H02EqGSnl9//IgMQSq4d020J4MxMm9Z1F50O9jLheaJfVQGi5Mm2L5KS8qZ2niTkeBy7UYeCYPM
vYIsFzQHDHfRQScbQEEq5I4ZJ2oY2SrtYJMuhYrYZbLoqfQ0eO4gi27FGG5oUWNk3qnSPyk8UVHl
+dkN9fslem/hUmBVETK+9K3Zc9//RFELvbP1xGugTHQPZQ34VJVSZ9iRH/JpsZ4tNs2S8ynAW8Ny
utv5VGZHoaSwSeAhllICb7Ir5QHkUfhLbdhdU7NbPv4GhF/4WwfmpZ9G4HF4Ap6Ix0kN0ivSq1LD
I7gGz8VluEaaKW2VtkkzFXxPwZeoKdQCRBD/OoVojGhe2Ve6+GHIDExhCoUkRC2ohblEqYs2xeTN
QIPFhEQHKbZqit1cce9Z7sJQokNvYgJ6Jh2x8VaWDfh0IdnxO3rK+h5FPmmX2csdCZHc0Y/W95BF
waEH9BAxcB5yfO+WLXvlI3X98mUbNixbvn72gVPS9Rv/kP5+6uVdz924fPnGc7im7vDhuucOHyaP
ra2pWbuupua8/cLeP1658se9F+zxh9YebWk5uvaQbPuPwa+/IksVXTwiB95rncZpCh0mFumRg5cr
d1lcWfJfObBwR//jsdnZY8fk5IwZm50zZkxO9ljFqbPHjqWaY+PRGFJ48wo7HeqtODRXTNKzcWak
WWUTDDRBZRw13VboJImMMVHP8YkmnMgISNl5bL0IHqzskLUCAbSHYxsjoaOe+MJ4SkHo7UL6nwqD
LfF1cmEgQ9Uv8LJd43pOkM+LBOw5TY08feK7706cxjdOSZ3SWWh/ZyKlpV1d0rfffovdhIb+D9LL
kAt74QkKXsHvqEKlLrOie0U70ZjKLbU8hHyoxaAOC5i5oBCygYuF5WpM2TLrghQcOlJlx7ddyqa4
lA1a1KV+VXfdChrn5HJraEbGsH8/2P3nBnCrW3XWLykR2aliOelKjLfcJybbaB54S9wOg2eHSig3
A29RFRo2UqaglScBHERZvZza3jJxkYsspcr6NXERNcjP+yv9DX4aOGtPYpGpXJQnZPl+xeLozAap
RiYwP994V95yxCWN2zdu3rp1MxCYSH3RVDygsxP3n1pEpUZ++WDW6fe//vKLb88r9W0HQszngAcK
mdCr4v1I3n2kijDFsoxJoPgiluGUIfBslVqFebXKCIdOTxl4tVo1lmKNZZB71YQuY6dricBzRoNO
rYIbMDKYNcQMzhst2nNbATgX20y3Knd7WAXlu1zBq5UqXqUMxU6gzkoxyXWWTd5s4YwcR6cwKWyK
IcUYFNJMyq6LT4OzMjE0eZ2Ij2Ra8dNUotTePXIlZXmRsm7v/qa+ontjxX7KRZ39xRVhSjt3RiJ4
pNQY288cCAYYD2umQaJoYsvV82lUTsHiBFQkyIS0UfDEoAPA0d0BHK0CHC20KHCSboEF75c3fIFP
RiIyd1T4ipRDX4Ec4UFBVCJmBkEjM9/LS1JRuSt1h1m9R6Wvov074oCz0M+6atM16Sp30NuLC6Cs
ZKdqgK13upwqOqKc5fY29Z++j8EFWIxJgUwfvk9ln4Y+ABn86x2DQfhO+IDv3RnxsujMrmuzmiYX
mlZX7Nt1G0V4plTTgyJysuvB735OTv5qZuEbzVW3AVVfKm2Mwamph3/S7WBTFyoTg06LyhDLhvP/
77OhEmr+x+lQ+J+kQ2WTQaH2k+7Ih1VKckc9+wzMfsgvLpQtxjvnIsJXckWWufpZpNAtcFyyK4Ds
Rk2SWyb2d+62nYVSk/eUeeSoKBdgyXIBJu+d0TF2LydMmd0z+4dK59u3dU6bNwdvw/eWY8ve+Ulf
nf/L9et/eeHTEN7wh0tF0+Zh11H8EH5ZHCK9ePIIJM43pEbp1b17otilr4Kd43ClONm+V6O27bXa
NGpuL8+pNWrjXo1GbbZQJutgnue4wUbOZrOOtXFqQkEZoKPL2fkOC0+ocl2tCWGGaKxmTq9lBZvK
JCAUtKsCTJCEnLyyBcQ3NZlygJLEuFsb+LHyK8mt/ZGoy8p7JHzMneGf/IvEEU7+aUr8TKXWcBqb
2m5TOzmnLVmdyqXasrkcW459JDdJ/VtuhnoGN8M2075YvdZWzR1TO2iNSqvSMXrGwBqRkeXUZp1F
ZTNpzFqzTt65NBl5o5WLtzisdluKJkWboks2pnLpfG+htynNErSm2jLi++v7G/obc/gsc4717vgR
mjx9niHPONz8gGaydrLut9wkYZJpknmmpkRfYphhLOZm8NOEaabp5mJLia0wfolmiXaJrpxfIiwx
PWYut24wb7Css66zVcVXc9X8m5rj2uO6RttEiEOpsV/chGhS00TjEVYJmdSo7q56iAS4aTf+5pjU
jHfs7u6okc5srZeh16XDz5aWSl8A3Y/g19dIf1Ty2hMxXhOHklCBmIic3mJinm1aai/miLNYM4sr
TLZoTYj1M3qrizXZWHnHVw4O0R1HAGEzr/xMIRdw8R7soTzEQ3sYj9vj8Xg9Pk/CEPMQyxCroafy
7Bcjbr5b0cKEb0WGfsnk1LCDc/4k3cT2a92Yk05JX9x38MF5hifnnDklndq8a9fmzbtqqGdHj8L6
H65gQVoj7ZOWSOPd7hvFs3ESndBy5szvz7917hPFpy4ruYaGnO0TOaQij2owo6aRntKyUMrkyr9W
AMAu5sJ3CCt7Q35B/mGKHKD6drfUdbdQfRm6u2Wf3NlH9UVRT5X3jKEWQjSVD99uxMOIEVVCdTwB
T8NL8ON4G3WW+sKb7A157/K+4ku4eVP+XRfV4fG4EK5XxK6b4XrOrev/+iPHnC/w07gW74FWF2tn
ob2H31Ou/1efABxO4BkIVpZBLFIhNeQdLdgiHiWjXnfMFEA2hBL/5fupWz3Xv5hhhVxuhmxDoJ+A
/CCvHtDkA3bpAOvQMGoBC3HI8N/q+b/8g7VoAdi6EX0A7SPojUERNB+tQXXQ/w4tU8bfptVyg5HL
jDz3I9SIU2EeJTecgeTVOgXPyYRr38H8EjivQ9OV653kgtKeJheoxYgi46A3TrmjDjWSgTRNLkQP
5a4P0CB0HB2Q+8wFVA3zxqNL0IbC00ehk+gyXon2449RBdqEFshLjFxYC7wuAg34vtJ+Qg8pb5bH
IszHkD3qUAT0PAlP3x8dx6l4PCkkJXgyaEjhA2QkjK5CEboQWkBpeYp+UR0oahm8P6YvukA9RKXS
AXwA3iO/4wI8/wAaBPKWgKQj4aBk+ck1VEf0IGEc8zYapRrF6jGrqkAT4eoykomfZl2oEFWQifCE
fBjbhPLxJXgLgPYYy9AEmGXQyzdQSfcWNYj3T/a+94AvPfh/nHp5lbcBjWswLPU23rw5bjIdzzzQ
wPRqIEnqBjrJ/82/uvhNenD0uMnehvPD82JPHV6YB2MTJkNXPoNhGB+elx71c+rhxknrzzVM5XL/
jjxqBTcfXc7/a8/3z59238V/qv4aTuWL0cgAf1VzJPBdwfXzp13z+E//KWKk0GAxagNEy+loPn0S
lTAeNJCxo044NsBRC8fdcByEYx0cr1DLbg5kAmgAHY8WkAFoIP0HVAIvXCPfRy9DJeQjNIp+V3nm
26pqNArmjoL71lBH0RT5GdQR9DF7ChVSVTDugfedu9kB/YFKH+ayHsDUZUWGJ9ijchxXPnmxA/TD
W8AYgF7qBhTnLwI3mQfST0aInQ3ajoGjDUxwFCHNcoS0v0dI9xSEbICp4SGEjIAFI1T13AqE+CVw
fIGQCcZMFxEywzPMMNcCz7achNAGfZsFjg8RskO0dYQARhA941ohvMK1XvA8V7b8/4AUq6ZQGpSG
apDsoTzaDVEX0Tr8NzinG6kV4tfnJHLWTN5tTmTeLSLvinRzInnHQM68HWDOFJG3A6SpgJyuICd1
5ISOHH/TwhwPkzctpDFM3pDIMYm8LpHXJHJEIocb7mEOd5KGe8ghiRysIK9K5BUjefmAnnnZQg7o
yUth8mIRecFN9ofJ8/uKmOclsq+IPFdtZJ5LInVLtExdEtk7muzhybN9SO1aN1MrkWee5plnXORp
nuyuMTK7k0gNzKsxkhqR3gU37rKQXSvoaiOpFumdSWTHUyFmh0S2bzMz25PItq0GZpuZbGvEoqih
t27RMlsNZGsjRuK99BYt2dJEV5VVMFUnyOYndMxmgWwW6U3Q23QX2bjhBLNRIhvWFzAbTpANK+j1
65KY9QVkvUivA7nWJZG1awRmrZusbbzZJN6k1whkFbx6VRF5KkRW2siT1eQJHVlRVMSskEjlbJ6p
jCOPVxiZx8OkwkiWL+OY5WayjCPl1WSpQJZoyeLHvMziTvLYol7MY16yqBdZCDctdJMFEnlUIvPn
GZj5EplnIPNEuqyCzJ0zmJlbSuYMJrNL9cxsnsxeQZfqSalIR+CVkU4ya+YJZpZEZs4oYGaeIDNX
0DNKkpgZBWSGSJckkWKYVNxJiorII1YyXSLTJFI4tQ9TKJGpfcjDEimQyEOjyYMVZIpEHsgjkyXy
W4lMOkF+I5EJRWS8hdwfJuPu45hxFeQ+juQPEYeSMToyqojcm6Bm7q0mI8PkHsIz95jJCBMZTmmZ
4XEkb5iZySslw4byzDAzGTpExwzlyRBRwwzREVFDRNmOE+i7q8lgOp0ZPJYMyrUwg0aT3IFaJtdC
ckV6oJbclWNi7iogOdkCk2Mi2QIZYCD9JZLVz8JkSaRfppnpZyGZYS2TaSbhvhomrCXh6Pr01ZBQ
hoMJ5ZGMPlYmw0Eymug+bi3Tx0r6rKDTNUVMejUJplmY4GiSBkqkWUiaSPcG0XsXkdSUEJM6hKSA
YCkhEoCvgESS7yJJBgeTVEAS/SYmcQLxw21+E/GLdIKa+LwOxldAvB6B8TqIt4n2wMs8AvGsoN1a
4hZpl5/04kh8InHGhRjnBBIHT40LEYdE7PBSu0RsPLFaLIy1lFjMZsZiIRaRNpuJCeaZThABzCtI
hIcvfijhQH6umhjhmlEiBniAwUEMIq2XiA5OdGJ2KdHCHG0F0RQRtUpg1BaiEgjLhBm2gjBwHxMm
NDyMTifwUEpL8ASCJIIbcdGqTTjt/9sP+n8twH/7gez2nwihEeIKZW5kc3RyZWFtCmVuZG9iagoy
NSAwIG9iagogICA3NjE5CmVuZG9iagoyNiAwIG9iago8PCAvTGVuZ3RoIDI3IDAgUgogICAvRmls
dGVyIC9GbGF0ZURlY29kZQo+PgpzdHJlYW0KeJxdUkFu2zAQvPMVPKaHQDIpkTEgGCjSiw9Ji7p9
gESuHAG1JNDywb8vhxMkQA7SDoe7s0Nyq+fjj+M8bbr6lZZwkk2P0xyTXJdbCqIHOU+z2hkdp7C9
r8o/XPpVVbn4dL9ucjnO46K6Tle/8+Z1S3f98D0ug3xTWuvqZ4qSpvmsH/4+n0idbuv6Ty4yb7pW
h4OOMma5l3597S+iq1L8eIx5f9ruj7nsM+PPfRVtynpHS2GJcl37IKmfz6K6uj7obhwPSub4Zc/u
WTKM4a1PqjNIrescVNcSt8CuLTgH1XnyHrzdFZxDxobYAFtiC9wQN8DUsdCxjtgBe2KPXj179ejF
fF/6UtND01PTQ9ONzM8H7Bp6a4pn+nHw41jrSi15X3j6d/BvhGcX8JF8BCbvwFvqW+gb5hjk2Cfy
T8D0b+G/pf8W/t2eOntg+nfw39BDAw8ukA/AvBNX7oT6DvoNz9LgLG4gP6Av9S30Dfkc8Ojvr4vn
x5x+zFW4pZRHqgxzmSVM0TTLx7yvy4qq8v0HghHKhQplbmRzdHJlYW0KZW5kb2JqCjI3IDAgb2Jq
CiAgIDQwMwplbmRvYmoKMjggMCBvYmoKPDwgL1R5cGUgL0ZvbnREZXNjcmlwdG9yCiAgIC9Gb250
TmFtZSAvVk1JVkZVK0RlamFWdVNlcmlmCiAgIC9Gb250RmFtaWx5IChEZWphVnUgU2VyaWYpCiAg
IC9GbGFncyAzMgogICAvRm9udEJCb3ggWyAtNzY5IC0zNDYgMjEwNSAxMTA5IF0KICAgL0l0YWxp
Y0FuZ2xlIDAKICAgL0FzY2VudCA5MjgKICAgL0Rlc2NlbnQgLTIzNQogICAvQ2FwSGVpZ2h0IDEx
MDkKICAgL1N0ZW1WIDgwCiAgIC9TdGVtSCA4MAogICAvRm9udEZpbGUyIDI0IDAgUgo+PgplbmRv
YmoKOSAwIG9iago8PCAvVHlwZSAvRm9udAogICAvU3VidHlwZSAvVHJ1ZVR5cGUKICAgL0Jhc2VG
b250IC9WTUlWRlUrRGVqYVZ1U2VyaWYKICAgL0ZpcnN0Q2hhciAzMgogICAvTGFzdENoYXIgMTE3
CiAgIC9Gb250RGVzY3JpcHRvciAyOCAwIFIKICAgL0VuY29kaW5nIC9XaW5BbnNpRW5jb2RpbmcK
ICAgL1dpZHRocyBbIDMxNyAwIDAgMCAwIDAgMCAwIDAgMCAwIDgzNyAwIDMzNyAzMTcgMCA2MzYg
NjM2IDYzNiA2MzYgNjM2IDYzNiA2MzYgNjM2IDYzNiA2MzYgMzM2IDAgMCAwIDAgMCAxMDAwIDcy
MiAwIDc2NSAwIDAgMCAwIDAgMCAwIDAgMCAwIDAgMCA2NzIgMCAwIDAgMCA4NDIgMCAwIDAgMCAw
IDAgMCAwIDAgMCAwIDU5NiA2NDAgNTYwIDY0MCA1OTEgMCA2NDAgNjQ0IDMxOSAzMTAgNjA1IDMx
OSA5NDggNjQ0IDYwMiA2NDAgMCA0NzggNTEzIDQwMSA2NDQgXQogICAgL1RvVW5pY29kZSAyNiAw
IFIKPj4KZW5kb2JqCjEgMCBvYmoKPDwgL1R5cGUgL1BhZ2VzCiAgIC9LaWRzIFsgMiAwIFIgXQog
ICAvQ291bnQgMQo+PgplbmRvYmoKMjkgMCBvYmoKPDwgL1R5cGUgL091dGxpbmVzCiAgIC9GaXJz
dCAxOCAwIFIKICAgL0xhc3QgMTggMCBSCiAgIC9Db3VudCAtMQo+PgplbmRvYmoKMTggMCBvYmoK
PDwgL1RpdGxlIChERVRBTExFUyBERSBMQSBSRVNFUlZBQ0lPTikKICAgL1BhcmVudCAyOSAwIFIK
ICAgL0YgMAogICAvRGVzdCBbMiAwIFIgL1hZWiA3MCA3NjMgMF0KPj4KZW5kb2JqCjMwIDAgb2Jq
Cjw8IC9OYW1lcyBbCiAgIChpZF9PYnNlcnZhY2lvbmVzKSBbMiAwIFIgL1hZWiAyMDUgNTM0IDBd
CiAgXQo+PgplbmRvYmoKMzEgMCBvYmoKPDwgL0Rlc3RzIDMwIDAgUiA+PgplbmRvYmoKMzIgMCBv
YmoKPDwgL1Byb2R1Y2VyIChjYWlybyAxLjE1LjEwIChodHRwOi8vY2Fpcm9ncmFwaGljcy5vcmcp
KQogICAvVGl0bGUgKFJlc2VydmFjaW9uKQogICAvQXV0aG9yICgpCiAgIC9LZXl3b3JkcyAoKQog
ICAvQ3JlYXRpb25EYXRlIChEOjIwMjEwMTMxMDc1NzE0WikKPj4KZW5kb2JqCjMzIDAgb2JqCjw8
IC9UeXBlIC9DYXRhbG9nCiAgIC9QYWdlcyAxIDAgUgogICAvT3V0bGluZXMgMjkgMCBSCiAgIC9O
YW1lcyAzMSAwIFIKPj4KZW5kb2JqCnhyZWYKMCAzNAowMDAwMDAwMDAwIDY1NTM1IGYgCjAwMDAw
NTk5NzcgMDAwMDAgbiAKMDAwMDAwMTQ4NyAwMDAwMCBuIAowMDAwMDAwMDE1IDAwMDAwIG4gCjAw
MDAwMDAwMTUgMDAwMDAgbiAKMDAwMDAwMDc1NyAwMDAwMCBuIAowMDAwMDAwMDE1IDAwMDAwIG4g
CjAwMDAwMDA3MzUgMDAwMDAgbiAKMDAwMDA1MDUzMCAwMDAwMCBuIAowMDAwMDU5NTExIDAwMDAw
IG4gCjAwMDAwMDE3NTQgMDAwMDAgbiAKMDAwMDAwMDk0NyAwMDAwMCBuIAowMDAwMDAxMjA0IDAw
MDAwIG4gCjAwMDAwMDE0NTEgMDAwMDAgbiAKMDAwMDAwMjIxMyAwMDAwMCBuIAowMDAwMDAyMTkw
IDAwMDAwIG4gCjAwMDAwMDIzMTYgMDAwMDAgbiAKMDAwMDA0MzA1MiAwMDAwMCBuIAowMDAwMDYw
MTI2IDAwMDAwIG4gCjAwMDAwNDMwNzcgMDAwMDAgbiAKMDAwMDA0OTc0OCAwMDAwMCBuIAowMDAw
MDQ5NzcyIDAwMDAwIG4gCjAwMDAwNTAyMjkgMDAwMDAgbiAKMDAwMDA1MDI1MiAwMDAwMCBuIAow
MDAwMDUwOTkzIDAwMDAwIG4gCjAwMDAwNTg3MDkgMDAwMDAgbiAKMDAwMDA1ODczMyAwMDAwMCBu
IAowMDAwMDU5MjE1IDAwMDAwIG4gCjAwMDAwNTkyMzggMDAwMDAgbiAKMDAwMDA2MDA0MiAwMDAw
MCBuIAowMDAwMDYwMjQxIDAwMDAwIG4gCjAwMDAwNjAzMjEgMDAwMDAgbiAKMDAwMDA2MDM1NyAw
MDAwMCBuIAowMDAwMDYwNTIzIDAwMDAwIG4gCnRyYWlsZXIKPDwgL1NpemUgMzQKICAgL1Jvb3Qg
MzMgMCBSCiAgIC9JbmZvIDMyIDAgUgo+PgpzdGFydHhyZWYKNjA2MTMKJSVFT0YK

--===============0997257496354745341==--

-------------------------------------------------------------------------------
