Content-Type: multipart/mixed; boundary="===============4180926964362001951=="
MIME-Version: 1.0
Subject: =?utf-8?q?Hotel_Real_-_Confirmaci=C3=B3n_de_Reservaci=C3=B3n?=
From: reservaenrealnicaragua@gmail.com
To: cjpm1983@gmail.com
Date: Tue, 04 May 2021 16:52:14 -0000
Message-ID: <162014713474.9895.17823178374057718964@localhost>

--===============4180926964362001951==
Content-Type: text/html; charset="utf-8"
MIME-Version: 1.0
Content-Transfer-Encoding: 7bit

Pronto nos pondremos en contacto con usted. recibimos su solicitud para RealNicaragua
--===============4180926964362001951==
Content-Type: application/pdf
MIME-Version: 1.0
Content-Transfer-Encoding: base64
Content-Disposition: attachment;
 filename="cjpm1983@gmail.com_1234567_2021-05-04 16:52:06.057731.pdf"

JVBERi0xLjUKJbXtrvsKNiAwIG9iago8PCAvTGVuZ3RoIDcgMCBSCiAgIC9GaWx0ZXIgL0ZsYXRl
RGVjb2RlCj4+CnN0cmVhbQp4nJ2VW0/bMBiG7/0rvstUU1yf7UwILbTZxFTGoNluEBcmdUuhSdq0
bPz8OYfRjtMoqZpYsf0+rz8nbygQ/wupPxlBIcvRCpHmXjWDviUwW6OjFDHRjvNXxTCTQAnBRnFm
KKQ56k9DEhLw7Sm6CIZJ2pMyiEejZAzDBEYxnCfj5LzHZfCzp00QD45Pv/Uu06+Iso7PgCuCGWNK
KqBCY01JxE0nTv+KB2EvvUEMa8KoMBAKTLiinEM6QQHUfbtWQqYxF1IT7p1jyRRXuhkZQ1HmV5WD
ievmbAlPVGp7WDBhiKwnXwTfe0wHdm2XZbVxzTL2EgiS3M4X7+W6al0Wdv0CllJMFBdaA8GESMm5
aZm0UR8vbQEHB9CPs82dXaTufgMHUzedEmLJIRwewtFw0EklJ7617HBPS7sl1S454TxqXX6u995l
19YXF5JiU9mJ3dct89sbEhkSAZR9FPKd9LFdzN8P53Q/eBC7qlzMC2ef39sXgT+K+cZNIJ5X9ez1
m3mnV2tX/bLZvNzOeitz8jpFme2qZq7YOFjdOahcA9wTNbi+y25hYNebhYOwfbbSNmRwxOujzhof
MjthwEyElTDCJwBXClMt9UPSbLnZzTKnkeGfZvUbhbMyf078/Itvq/rQ8Nt3ffX/G3RxWfuECaIE
TmAFtGG3Z5+CnQFP11j6SuTg30QfStHDnQWM4Wyblf/6bwcbLV+zH76pFIIZrDX/Tyk+SC4NiTSL
xAs1eLLETnhniZJKr68eLXGF+pb67wD0732thiU6Q/3RvLhtguRkcDz0cl1y1JnxqI/u9p2hP5IX
cOsKZW5kc3RyZWFtCmVuZG9iago3IDAgb2JqCiAgIDYxMgplbmRvYmoKNSAwIG9iago8PAogICAv
RXh0R1N0YXRlIDw8CiAgICAgIC9hMCA8PCAvQ0EgMSAvY2EgMSA+PgogICAgICAvYTEgPDwgL0NB
IDAuNyAvY2EgMC43ID4+CiAgID4+CiAgIC9YT2JqZWN0IDw8IC94MTAgMTAgMCBSID4+CiAgIC9G
b250IDw8CiAgICAgIC9mLTAtMCA4IDAgUgogICAgICAvZi0xLTAgOSAwIFIKICAgPj4KPj4KZW5k
b2JqCjExIDAgb2JqCjw8IC9UeXBlIC9Bbm5vdAogICAvU3VidHlwZSAvTGluawogICAvU3RydWN0
UGFyZW50IDAKICAgL1F1YWRQb2ludHMgWyAyOTAgNDg2IDQyNSA0ODYgNDI1IDQ3MiAyOTAgNDcy
IF0KICAgL1JlY3QgWyAyOTAgNDcyIDQyNSA0ODYgXQogICAvQSA8PAogICAgICAvVHlwZSAvQWN0
aW9uCiAgICAgIC9TIC9VUkkKICAgICAgL1VSSSAobWFpbHRvOmNqcG0xOTgzQGdtYWlsLmNvbSkK
ICAgPj4KICAgL0JTIDw8IC9XIDAgPj4+PgplbmRvYmoKMTIgMCBvYmoKPDwgL1R5cGUgL0Fubm90
CiAgIC9TdWJ0eXBlIC9MaW5rCiAgIC9TdHJ1Y3RQYXJlbnQgMQogICAvUXVhZFBvaW50cyBbIDQy
OSA0ODYgNTE1IDQ4NiA1MTUgNDcyIDQyOSA0NzIgXQogICAvUmVjdCBbIDQyOSA0NzIgNTE1IDQ4
NiBdCiAgIC9BIDw8CiAgICAgIC9UeXBlIC9BY3Rpb24KICAgICAgL1MgL1VSSQogICAgICAvVVJJ
ICh0ZWw6KzUzNTgwOTcyOTQpCiAgID4+CiAgIC9CUyA8PCAvVyAwID4+Pj4KZW5kb2JqCjEzIDAg
b2JqClsKICAzIDAgUgogIDQgMCBSCl0KZW5kb2JqCjIgMCBvYmoKPDwgL1R5cGUgL1BhZ2UgJSAx
CiAgIC9QYXJlbnQgMSAwIFIKICAgL01lZGlhQm94IFsgMCAwIDU5NSA4NDEgXQogICAvQ29udGVu
dHMgNiAwIFIKICAgL0dyb3VwIDw8CiAgICAgIC9UeXBlIC9Hcm91cAogICAgICAvUyAvVHJhbnNw
YXJlbmN5CiAgICAgIC9JIHRydWUKICAgICAgL0NTIC9EZXZpY2VSR0IKICAgPj4KICAgL1Jlc291
cmNlcyA1IDAgUgogICAvU3RydWN0UGFyZW50cyAyCiAgIC9Bbm5vdHMgWyAxMSAwIFIgMTIgMCBS
IF0KPj4KZW5kb2JqCjEwIDAgb2JqCjw8IC9MZW5ndGggMTUgMCBSCiAgIC9GaWx0ZXIgL0ZsYXRl
RGVjb2RlCiAgIC9UeXBlIC9YT2JqZWN0CiAgIC9TdWJ0eXBlIC9Gb3JtCiAgIC9CQm94IFsgMCAw
IDU5NSA4NDEgXQogICAvR3JvdXAgPDwKICAgICAgL1R5cGUgL0dyb3VwCiAgICAgIC9TIC9UcmFu
c3BhcmVuY3kKICAgICAgL0kgdHJ1ZQogICAgICAvQ1MgL0RldmljZVJHQgogICA+PgogICAvUmVz
b3VyY2VzIDE0IDAgUgo+PgpzdHJlYW0KeJwli7sNgDAMBXtP8RbAsZ2PQs8CqagRQlSAAg3jkwhd
d6erVFDJe+UcDRqFY/BIwlkUIXISw71hxkmVuoY0hl7wX9AxsQbLalgPcotgf+BeTZguKo0PCXkU
1gplbmRzdHJlYW0KZW5kb2JqCjE1IDAgb2JqCiAgIDkxCmVuZG9iagoxNCAwIG9iago8PAogICAv
RXh0R1N0YXRlIDw8CiAgICAgIC9hMCA8PCAvQ0EgMSAvY2EgMSA+PgogICA+PgogICAvWE9iamVj
dCA8PCAveDE2IDE2IDAgUiA+Pgo+PgplbmRvYmoKMTYgMCBvYmoKPDwgL0xlbmd0aCAxNyAwIFIK
ICAgL1R5cGUgL1hPYmplY3QKICAgL1N1YnR5cGUgL0ltYWdlCiAgIC9XaWR0aCA4MDAKICAgL0hl
aWdodCA2MDAKICAgL0NvbG9yU3BhY2UgL0RldmljZVJHQgogICAvSW50ZXJwb2xhdGUgdHJ1ZQog
ICAvQml0c1BlckNvbXBvbmVudCA4CiAgIC9GaWx0ZXIgL0RDVERlY29kZQo+PgpzdHJlYW0K/9j/
4AAQSkZJRgABAQAASABIAAD/4QCMRXhpZgAATU0AKgAAAAgABQESAAMAAAABAAEAAAEaAAUAAAAB
AAAASgEbAAUAAAABAAAAUgEoAAMAAAABAAIAAIdpAAQAAAABAAAAWgAAAAAAAABIAAAAAQAAAEgA
AAABAAOgAQADAAAAAQABAACgAgAEAAAAAQAAAyCgAwAEAAAAAQAAAlgAAAAA/+0AOFBob3Rvc2hv
cCAzLjAAOEJJTQQEAAAAAAAAOEJJTQQlAAAAAAAQ1B2M2Y8AsgTpgAmY7PhCfv/AABEIAlgDIAMB
IgACEQEDEQH/xAAfAAABBQEBAQEBAQAAAAAAAAAAAQIDBAUGBwgJCgv/xAC1EAACAQMDAgQDBQUE
BAAAAX0BAgMABBEFEiExQQYTUWEHInEUMoGRoQgjQrHBFVLR8CQzYnKCCQoWFxgZGiUmJygpKjQ1
Njc4OTpDREVGR0hJSlNUVVZXWFlaY2RlZmdoaWpzdHV2d3h5eoOEhYaHiImKkpOUlZaXmJmaoqOk
paanqKmqsrO0tba3uLm6wsPExcbHyMnK0tPU1dbX2Nna4eLj5OXm5+jp6vHy8/T19vf4+fr/xAAf
AQADAQEBAQEBAQEBAAAAAAAAAQIDBAUGBwgJCgv/xAC1EQACAQIEBAMEBwUEBAABAncAAQIDEQQF
ITEGEkFRB2FxEyIygQgUQpGhscEJIzNS8BVictEKFiQ04SXxFxgZGiYnKCkqNTY3ODk6Q0RFRkdI
SUpTVFVWV1hZWmNkZWZnaGlqc3R1dnd4eXqCg4SFhoeIiYqSk5SVlpeYmZqio6Slpqeoqaqys7S1
tre4ubrCw8TFxsfIycrS09TV1tfY2dri4+Tl5ufo6ery8/T19vf4+fr/2wBDAAgGBgcGBQgHBwcJ
CQgKDBQNDAsLDBkSEw8UHRofHh0aHBwgJC4nICIsIxwcKDcpLDAxNDQ0Hyc5PTgyPC4zNDL/2wBD
AQkJCQwLDBgNDRgyIRwhMjIyMjIyMjIyMjIyMjIyMjIyMjIyMjIyMjIyMjIyMjIyMjIyMjIyMjIy
MjIyMjIyMjL/3QAEADL/2gAMAwEAAhEDEQA/APf6Q0tRySLGjO5CqoyST0oAfxS5rEl8SaShP/Ey
teP+moqrJ4r0lemo2x/7aCnysDpM5ormP+Es0v8A6CFt/wB/BR/wlul/9BC2/wC/gp8rA6eiuY/4
S7Sv+ghbf9/BR/wlulf9BG2/7+CjlYHT0VzP/CW6V/0Ebb/v4KrXnjnRrG3M819GUH9w7jRySYrp
HX0V52Pi14ZIz9rl/wC/Ro/4Wz4a/wCfuT/v2atUZC50eiUV55/wtnw1/wA/cn/fs0f8LY8N/wDP
3J/37NHsavYOdHodFee/8LY8N5/4+5P+/Zpf+FreG/8An7k/79ml7Cr2DnR6DRXn/wDwtXw5/wA/
cn/fBo/4Wp4cP/L2/wD3waPYVewc6PQKK4D/AIWn4d/5+3/74NH/AAtPw7/z9v8A98Gj2FQOdHf0
VwH/AAtPw7/z9v8A98Gj/haXh7/n7f8A74NP6vUDnR39FcB/wtLw7/z9v/3waP8AhaXh3/n7f/vg
0fV6gc6O/ozXA/8AC0fD3/P2/wD3waQ/FLw6P+Xt/wDvg0ewqC50d/mjNef/APC0/Dv/AD9Sf98G
l/4Wn4d/5+pP++DS9hU7D54nf5ozXn//AAtPw7/z9Sf9+zR/wtTw6P8Al6k/79mq9hU7MOeJ6BRX
n/8AwtXw7/z9S/8Afs0n/C1vDv8Az9S/9+zR9Xqfyh7SJ6DRk159/wALV8Of8/Uv/fs0f8LV8O/8
/Mv/AH7NL2FT+UXtInoOaM159/wtbw3/AM/Mv/fs0n/C1vDn/PzL/wB+zR7Cr/KHtInoWTRk157/
AMLW8Of8/Mv/AH7NL/wtbw5/z9S/9+zR7Cp2D2kT0HNGa89/4Wt4c/5+pf8Av2aP+Fr+HP8An6l/
79mj2FT+UftInoWaM159/wALW8Of8/Uv/fs0f8LW8Of8/Uv/AH7NHsKn8oe0ieg5ozXn3/C1vDn/
AD9Sf9+zR/wtXw5/z9S/9+zR7Cp/KHtInoOaM159/wALV8O/8/Un/fs0v/C0/Dv/AD9S/wDfs0ew
qfysPaRPQM0Zrz//AIWn4ePS5l/79mnj4n6Af+W834RGj2FX+Vi9pE73NGa4MfE3Qj0ln/79Gl/4
WXoZ/wCWtx/36NP6vV/lYvawO6zRkVwv/Cy9E/56XH/fo0f8LL0P/npcf9+jR9Xq/wArH7WB3WRR
muE/4WZoX/PS4/78mk/4WdoQ/wCWlx/35NH1er/Kw9rA7zNLmuBPxP0H/npcf9+TSf8AC0tA/wCe
tx/35aj6vV/lYvawO/zRmvP/APhaXh/P+uuP+/LUn/C1PD+f9bcf9+Wo+r1f5WHtYHoOaM159/wt
Tw//AM9rj/vy1H/C1PD/APz2uP8Avy1H1er/ACsftIHoOaM159/wtTw//wA9rj/vy1H/AAtXw/8A
89bj/vy1H1ep/KHtIHoNFeff8LU8P/8APa4/78tR/wALU8P/APPa4/78tR9Xq/yh7SB6DRXn/wDw
tPw//wA9rj/vy1H/AAtPw/8A89rj/vy1H1er/KHtIHoFFeff8LU8P/8APW4/78tR/wALU0D/AJ63
H/flqPq9T+UPaQ7noNFef/8AC1PD/wDz2uP+/LUf8LT0DtLcf9+Wo+r1f5Q9pDuegUma4H/haOg/
89bj/vyaX/hZ+hf89Lj/AL8mj6vV/lD2kDvc0Zrgx8TtCP8Ay0uP+/Jp3/CzNC/563H/AH5NH1er
/KHtYHd5ozXCf8LM0L/nrcf9+TSf8LN0L/nrcf8Afk0fV6v8rD2sDvM0ma4P/hZ2hf8APW4/78mj
/hZ+g/8APW4/78mj2FX+Vh7WB3maM1wX/Cz9B/563H/fk0f8LQ0H/nrcf9+TR7Cr/Kw9rA76iuA/
4WjoH/Pa4/78mj/haWgf89bj/vyaPYVf5Q9pA7+ivP8A/haegf8APW4/78tR/wALT8P/APPa4/78
tR7Cr/KHtIHoFFefH4q+Hx/y1uP+/DUn/C1vD3/Pa5/78NR7Cr/KHtYHoVFee/8AC1/Dv/Pa5/78
NR/wtjw7/wA9rn/vw1L2NX+UPaRPQqK88/4Wz4c/57XP/fhqT/hbPhz/AJ7XP/fhqPY1f5Q9pE9E
orzv/hbXhv8A57XP/fhqP+FteG/+e9z/AOA7Uexq/wAoe0h3PRKK87Pxb8N/897n/wAB2pP+Ft+G
/wDntc/+A7Uexq/yh7SHc9FpK87/AOFt+G/+e1z/AOA7Uf8AC3PDX/Pa5/8AAdqPY1OsQ9pDueic
Ud687/4W54a/57XP/gO1W9O+J2ganqENlbSzmaUkKGhZRwM9TSdGa1aBVIs7qlqpFdLIMqcirKtk
VmWf/9D3/tWR4kfZ4e1DnH7h/wCVa9Yfik48Pah/1wf+VNbgfGVxPObq4/fzjErf8tD6n3qLzpv+
e83/AH8P+NE5/wBJuP8Arq38zUea7I25dhXJPOm/57zf9/D/AI0edN/z3m/7+H/Go6KrTsIk86X/
AJ7Tf9/D/jR50v8Az3m/7+H/ABqOiiy7ASebL/z2lPt5h/xoMsjDa8zsP7pdiP503PFJTSQBz2Y/
maOf736miiqFZC8/3v1NJls9f1NFFOwWQEtnr+ppct/eP5mkopBZC5f+8f8Avo0bn/vH/vo0UUXY
WQbm9T/30aNzep/76NJiinzsOVDg7ep/76NL5jf3m/76NMpapTYcqHhz/eP/AH0aN5/vH/vo0zNG
afOxcqJA7f3j/wB9Gl8xv7x/76NRZozT9oHKibe394/99GlEpH8R/wC+jUG6jfVKq0JxRZEpPf8A
8eNPDn1/U1VDUu81oq0hOBcDf7X6mjn+9+pqushFP8ytVVbI5SUZ7N+pp25h3/U1EGpwY1fMyWh+
73/U0Z9D+ppvWlxTuxWFyfX9TRz6/qaSnYouxaDTn1/U0c+v6mlIoxRdjuhvzev6mkOfX9TTyKTF
F2FxuT/e/U0En+9+pp2KMUczHoIM/wB79TUyg/3v1NRAVNHxSuwdizCDx/ia0oR0/wAaoRHpWhCc
Yqk2ZyL0OPT9asAADrVVGqUPxVpvuYsmyKYWAqPfTC9O7BIkZ6ZvqMtmm5pXY7EhemF8npTSaTNH
MwHZHpTSRnpSGii7AXj0o/CgClHWldgJgelGB6U7vShc0XYxuPajHtTiD0pyqaLskYAPSl2+1SiP
NO2UXYEATJ6U7yvarCoAKCwFF2BCsPtUohXuKUS00y0uZjH7EA6UuFHpUJlqIymjmYWLRdR0FJ5o
FVPNNMaTNHOxWLnnCo2lFVd9JvpczKsWDNTPN/zmoC1IWpczCxY83/OaQy1W3UbqOZjsTmX2pPN9
qg3UFqXMx2JzL7U0ye361DupM0czCxKX/Ck3+9RE0Zo5mFiQSH2pPM+lRZoqeZlEnmc9qC30plFH
MxClvpSZ+lIaSjmYDiw9qTP0puaKOZjHZHtSZpKKTkwFyK1PDM/2fxLZTDqrH+VZOatac+zUIWHU
Gs6r/dy9GOPxI+jdG1M3EY9MV1du+9QR6V5f4VnZoxzXpdicxKT6V4J3H//R9/rD8U/8i9qH/XBv
5Vt1ieKBu0C/H/TBv5Ur2YWufFk//H3cD/pq38zTMVPdQstzOwB/1r9v9o1WrqhO6CUHEXpS5pKK
u5IZpRzSUU7gOozTc0tNMBRRSUZqriFFBoFFO4BS4pKWqTAKKKKdwCjFFLTsFxMUUtJS5RXEPWgU
tLS5RjaWjHNLiiwDaKdijFKw7iClzSd6WqsFwyaUE02iqTaEyUORTg5NQilBxWkalibXLSnPen5q
puxTxITW0alyXEsZp2ahVqkBrRSM3EfmjikFKMVRNhSKbinZpaAG4oxTsUm2nYLiCpVGaYBipFpW
Bssx9quxnGKoxnpVxD0qkQy6hqTtUCHipAapENC7jSHPrSHrSZoELnFJ1oNFIBMUU4DJpdvNADaA
KdspypQA0LSgc1MF4oAAoAj209Vp3FGaQBsHrSgCmFuaaWo5hEuRSM4AqHfzTWapchomMnHWmGWo
C1IWpXHYmL1Gz0wnimE0rjsSFs96aWqPNLmi4WF3GgmmZpSaVx2DNJSUZouMM0lJnmkzRcBaKQ0m
aVwHYpCKTNBNFwFxRim5ozRcBcUlGaQmlcBaKbmgmkMXNGabmjNFwHUfjTCaM0rjsLmim5op3EOp
M0UUrgLU9l/x+xfWoKnsv+P2L61FR+4/QqPxI9m8I/6sV6hYf6pR7V5f4R/1Yr1Cw/1a/SvDZ2n/
0vfaxfE3/IAvv+uDfyrarG8Tf8gG+/64N/Kh7FQ+JHx7P/r5v+ujfzNVZrYEZSrc4/0iYf8ATRv5
mozXNGfKz3J0edIzCCpwwoz6VoPEsg5HNUpYXjbOOK7qdVSR5NfDOD90jpRScUordWZyvQKKKKL2
C6ewoopKM0cwC0ZpM0tUmKwuaKTFGaq4CjrTqbmlzTTAO9OHSmilzVJgLSUvakq0AUUUCgQooxR0
ozTsAYoooosAcUHFFBosAlLSUZpWAWikzRmi9gE708HFNpaOZoY8NUivUOaUGtYzJauWQ9PBqsGx
UqvW6kjNxJgacOaiDU8NVolxH0uKAaAc1aZLQAVIq0gFSAUyWSRjmrcdVoxzVpM0EssJ0p4JpqKc
VKEJpktjcZo21JsPanCM0hXIgtLsqUIacEoC5EE5pwTmpNtGKAuJtpRxQTTe9FxDi1NJppNIalsE
BakL8U0mk7VNxhuppakzSZoKAnmmk80pNJmkwEY8U3NOPSmmkAZpM0UmKQwzQTRikoATNGaCKSgB
1NpaSgYhpKU0YoASkNLSGgBKKKOtIYZpM0uKTFIAJpM0hooAM0E0YpCKQwzRmjFGKAA0lLijFIBK
UUYoIxTAKKKXFABU9l/x+RfWoKnsv+PyL61FT4H6Dj8SPZvCP+rFeoWH+rX6V5f4R/1Yr1Cw/wBW
v0rw2dp//9P36sXxMM6Fff8AXB/5Vt1ieJedDvf+uLfypPYqHxI+Qpk/0ib/AK6N/M1GUq9NHmeU
4/5aN/M1GYvauHmuz6z2DsipsppXd8rc1b8v2ppj56U1Oxm6HczZ7TPKflVUgrwRitkpz0qGa1V1
PHzV10q9nZnmYjAu10ZdFTPbvDw3IqIAt0rvi4yV0eTOnKDs0JRS89xRRZkpX2EpaMUYoAKKMUVV
xMWiiii4CiikzS5qkxC9qKTvS1akAUUUVSYCilpB1pasQtGKQUtOwBikIp1BosA3FGKWlxRYBuKM
UpFGKVgExSU7FGKLANoFOxRiiwCU4Gm0U0wJg1SK1QA0u6toyE4lsHNOBquj1KrCtou5lJWLC1IK
hU1Kpq0zJlmPrVqMZNVYgM1diHNUQywinFWEQ02Ic1ZVadjNjQlPCcVIq0/bSFcr+XRtx1qfZSFK
QXICoxTan2U1koC5XbrTe9WNlMZeelIZA3Wmmpthz0oZPapaGiuetJU2z2prJ7UrDK560VKV9qbj
2oKIjSVKRTSKVgGGmmn4pMUrAMoNPxTSKVhjaSnYNJmiwCYoxS0UANoNOxRQMjNFPNJigBpppp5p
tACGkFOIpKQxKQ0tJQwENJTqMUgG0GlooGNop1FKwDaKdRRYBO9LS4oAp2FcTFLilxRiiwXExU1n
/wAfkX1qLFTWY/0yL61FRe4/QqL95HsnhH/VivULD/Vr9K8v8I/6sV6hYf6tfpXhM7T/1Pfu1Y3i
P/kCXv8A1xb+VbJrH8R/8gS9/wCuTfypS+E0pfGj5ZkjHmy/9dG/maiMNTyN++l/66N/M0ma8x7n
6HGCcUVmhINRtEfSr/HegqDSIdFMzTHjtTPLrSMWe1MMFUmzKWHujOaEMMEZrPuLFlO6Ot1oaj8v
A5/KtoYiUGefXy+NRbHNMpU/NSbe9blxYJMMqMNWXLbvEcOp9jXr0K8ai1Pm8TgKlF6FbFGKftpd
tdTpnDcjxRin4oxUcgxlFOIoxS5AG4op2KMUnEQmaM0tJRsAtKKbTqpMAxTuKZS5q0wFozRRVpgL
mlptOqkAg5NOpB1pasQUlLS0WATFJTqQCiwCUc07FHWiwDTSYp2MUVLiA3BpRkUuD60mMUbAODEU
9DUVOBxWkZCaLSManVhVEE1Yibjmt0zOUTQiar0Dc1mxNx1q7EelWmYSRpxuKsrJWchIqYSHAp3M
2jRDinhwazvOwKeLjimTY0QQaXg1QW64pwufegLF3aKCgNVftHvThOPWgRY8vim+VzTBOPWnCZfW
iwAYh6U1os9qkEgPcUvmD2osBD5PHSmND7VbDAijg0rBcoGA56Uww+1aW0GkMII60WHczDDTDF7V
pmAUn2YUWC5ltFxTPKrVNqKabUVLiO5l+Wab5fNav2Wmm0o5R8xmeXSGOtM2tNNr7UuUOYzSlJsr
RNrx0phtqOULlApSbKum3NNMGKmw7lIpSFTVpoTTTFRYaZXK8U3FTmPmmlKLBcgpKm2U3ZUjuR0H
ipNlIUosFyPGaMU/bRtosFyLFGKl2+1G32osMixRipdvtRtosBGBx0pce1PxRiiwDMUuKdj2oxTs
A3FGBTsUbaLANxU1oP8AS4vrUeKmtR/pUf1rOqvcl6MqHxI9g8I/6sV6hYf6tfpXl3hH/VCvUdP/
ANWv0rwGdx//1ffjWP4i/wCQJe/9cm/lWzWL4jP/ABJL3/ri38qUvhNKXxo+WXP76b/ro38zQGqN
3/fS+8jfzNAavMe5+gQqLlRMDTs4qIH0p+c0jVNMkBpeD1qMNzTwady9BSoNNMa+lPzSgj0p2uJp
dSBoAfY1BLaK64ccHvV8YJ6UpQVUZOOxnUw9OotTmbnTXhJZRuSqRTBrsTGMYxxWfdaVHNlowQ31
4r18Jj18NTc+bx2S6udM5zbzSFauS2rwsQynioGQr1r2IqM1c+ZmnTlyyREVpNtTFabilKkSmnsR
beaCOal20m2odIdyLFGKkxSbah0guMxRinYpMVDpjuJRS4pOanlaHcDQKKKNRC5pRTe9KKpSAdS5
puaWtIyFYcDRTc0oNacwDsUAUm40oNUncBaSlowKqyENNGKWilYBKQ07FGKTQDcUvelxSUrAOFSo
xqIGnqTTTsJrQuwtzV+FqzYjir0JreLMJo0EbinhqgQ1IDWiMmiTNGabmjNAhxNKCabmkJNAiXcc
UByKiyaMmmFibzSKd5xqvk0bjQFi0Lg4pVuTmqm40oJoCxeF1inC7rP3GjJoDlNEXnvTvtee9Zm4
0bjRcXKaouh604XY9ayd59advOOtFw5TXFytKLhDWQHOetOEhHei4rGv5y0okU1kecaeJzjrTuKx
q7kNL8prLE59alW5IpXCxe2r0ppjWq63HNO88UBYkMIqMwCnibNO3g0WFcrNBzxUTW/FXsimkA0r
XGmZxgNRmA5rT2A00xD0o5R3MzySKb5BrSMOe1J5PtU8pVzMMNJ5JrTMPtSGD2o5QuZvlEUeV7Vo
+RntR9no5QuZ3le1HlVoeT7UnkZ7UuULmeYqb5RrQMPPSkMI96OUdyh5VHl1daGmGI0coXKuzim7
KteUaQxYpWHcr7KaV5qwUNNKGiwXIdvNS2oxdx/WgpT7Zf8ASU+tZ1V+7l6MqD95HrXhD/UivUbD
/Vr9K8u8I/6kV6jYf6tfpXzzPQP/1vfqxfEnGh33/XFv5Vs9axvE3/ICvv8Ari38qUti6fxI+TpH
/wBIl/66N/M0qyD1qvKxFxL/ANdG/maarGvOcdT7CFZ2ReD+9SK9URJUiy1NjojXLm70NODVVVx6
1KH96RvGqWA1PDCq+73pyvQnY3UkycNzUgORzVcPUgarvcpMeR70oz0pmeaduovrcHqNmgjmUhlA
OOtZNzpzRksqlh7Vtg8UEqVwRXdhsbOlvsebjMspYhXS1OXaHnGOaiaLnpXQ3Nisih06+lU0067n
YiC1Z/pX0OHxlKrHRnxWLwFbCyfMtDHMdJsxWudE1cE/8S6b8j/hTf7B1g/8w2bP4/4Vu5w7nIuZ
7GRtpCBWx/wjmuN/zDZf1/wpp8Na5/0DZf1/wrNzh3HqY5FIRitg+Gtc/wCgdL+v+FMbw7rajJ06
X9f8Khyp9xmVimkc1pPourr10+b8j/hUJ0vU162EuP8AdP8AhUPlGUsUYqybC+/58pR/wA0hs70f
8ukv/fJqbRArEUgzVj7Jef8APpL/AN8mmtbXQHNrL/3yayaQyGlzT/s9x/z7Sf8AfJpphnHWGT/v
k0k7DEBzTgaaUlA/1T/98mgK/eJ/++TVKYhwp2aj+cfwN+VLuPdW/KtFNCH5pQaZvx/C35Ueao7n
8q0U0xWJOKOKj85exP5Uvnr3J/KtFJAScdqSmiVT6/lS+YvYn8qbasA7FJSeYv8Aeo3g96VkA4Cn
qKYCD/FUikf3qLILsmjq9D2qnHg4+ar0fQc5rSJjItR9amAqOMcVKAa1RiwopcGk5oJFpKOaWgBK
KTvS0wCiiikAUtJRmgBaKTNFABRzRRQFgozRRQAuTRk0lFAx26nb+KjooESbqUPUYpc0BYmElKJK
hBo3UCsWRKakE3vVTfS76dwsXBP704TZ71SD0qvRcVi8JR607zPeqIenB/elcC4JRTt4NUhJS+bV
CsXcigEVVEvvThJ70BYs8Glx71XEnvSrJz1oCxOQKTb7UzeM9advB70CF8sUhjB7UbvelB96QDTD
mozDVjPvSEUBcqmH0phiOelW8CkK5pWHcpGI56VG0dXylMaLNJoaZQ2U6Ff36fWrLR4OKaiYkBx3
rKqv3cvRlwfvI9N8I/6kV6jYf6tfpXl3hD/UpXqOn/6pa+dZ6R//1/fR0rG8Tf8AICvvTyG/lWzW
L4n/AOQBff8AXBv5UnsVT0kj5GkkX7RN6+Y38zSDB6Gqsx/0qfn/AJaN/M00MR0NcjjqfRQr2ReK
ke9AGfaqqzuvvUwuQfvDFS4m8ayZMCRT1eo1kVu4p5GelQ0bxmSiT3qVXFVMGnBiKlxNo1Wi6H9K
kV+Kzw57VIspqbM6I1S+HFODA1TWSpA9FzVTLYYYpwIxVYNTwTinc0Td7onB64rR0jXbvRLhZbdI
pFByUkTdmspWp6mtIVeX4SKtOFZWqK57l4Z8Z6RrsSRy2sME/QgqOTXWGGELxbwn0PlivmJGeORZ
IZGjdTkFTiu88L/Ei8051g1eQSQdFcnn8a6oVlLdnzWOyRr3qWx660KAZ8iEH02Coti/88Yf+/Yo
03VLLVbZZ7WVHVhnAOcVa2dRit1Lsz5+VNwfLIoso/54w/8AfsUwxqRzBD/37FXfLBNRtHg0+aRN
kZ728TdbeH/v2KrvY2xzm2i/74FapT2qNk9qFKXcNDFfS7Fv+XSM/wDAaibR9PPWyT8q2zGPSmNE
PQ0OUl1HYwJNE07PFmlV5NE07H/HkproWhyelQND83Q0uaXcLHPtoemf8+K/nVeXQdLP/LiPzro3
hqu8PNLnkBzTeH9KzzYj86ibQNIH/LiP++q6NoeelV5IeaOaXcLGAdA0Y9bD/wAepv8Awj+iA/8A
IPz/AMCNbLxVA0f1o55dwsUV8PaAeum/+PmpV8M+HG/5hn/j5qTG08k1IshHen7SfcLEX/CJ+G2/
5hpH/bQ0o8F+G3/5cMf9tDVpZz61Zjm45NNVZ9wsZf8AwgPht+lsR/wM0xvhv4df/lmV+jmt5Zee
oqZZc9OKr20+4NHKt8LfD79GYf8AAj/jVdvhJoLDi5lH4/8A167dZBT8+5pqvPuKxwDfB/QyMi9n
/CoH+EekJ92/nH4V6KwGP8aglUY7VccRMOU85k+GumwfdvHOPeqM/hK0tuk7GvQrlTg5xWDerwcV
30aknuc1Q4yTTYoeAzGoDFjoK3LlOT1qgyDNejDVHK3qZ5TmmlcVdMYzTGi9qqwrlTFGKsNGKaYz
6UDuQFRSVOYzjpTfL9qAIsUmKl200qc0hjDSU8qaTafSgBtFOxScUAFFFFABRRRQAUUUUAFFGKKA
DNLSUUALRSc0c0ALmlNNFKaAFFLmm0UAOzS5plFAWJN1GaZmjJouIfupwaosmgE0ATB/enByO9QZ
NLuoAseZ709ZDjrVXPvShjQItiT3p4k96phjS7zTE0XBJ71IHz3qiHPrUgc0BYtZp2aqq5p/mc0C
J6TFRh/el3UWHqKRzSbRml3UZrOsv3cvRlU/jR6J4Q/1SV6jYf6ta8u8If6pK9RsP9WtfNPc9Q//
0Pfu1Yvif/kAX3/XBv5VtdqxfE//ACAL7/rg38qT2Kh8R8czf8fM/wD11b+ZplOmP+lT/wDXVv5m
m5rne57EfhQoNBNJR1oLTH/TNKHdOhpnQ06lYqM5E63Mg7VKtyD94VTozUtGqrSRoCWNjwaeT/dr
OBNSLIy96lxOiFcvBjThIRVVJwetTKVfoazcTphUJ1lqZZcjrVQgigNg4pWsdEati8sgqYPkVnh8
VMslS0bRqXLin3p+Rgj5RnqT3qqsnepBICelNSNVK6szU0nVr3RJlksZWTByRu61614Z+I2n6oI7
a9byLrpyuM/jXiu8EUoPzB14YdD6VrCrY4cVltGurrc+olKsu9drr2IbNIAD9DXh3hfx/e6LKsN2
DPAeMkngV69o2vafrdqJ7SYe6d811wqKR8picBUw8tVc0XjGOKiMftVgEng8UHB5HStNOhwq1ymU
x2prL7VcKA1GyUC16lPy+9RsmeMVd2EU0pnrQBnNF7VC0PtWk0dRtHx0pAZbQ+1V5IPatcxe1QvD
QMxpIOOlVmh9q23hyOlVWhwelFgMaSD2qsYyK2ZIarSQCkBmcrT1lIqd4KgeMjpQBYSeplm96zcl
aeJSKANZJferCy1kJPVpJxQBo76jdgagWYGhnFXFksrXPQ1g3fetud8g5rFuiCDXoUHqc9Qw7gc1
RdRmr1yeaouea9em9DjluRFeaNlOorREkRQGkMdS4FBFAFYpSFOKnK0m3iiwXK+ymFOatbOOKYV5
5pWHcrlcU0rU5U56Cmsg7kClZ9BpkG3IpCtSEgcZH4U3en+0T9KPVBcZtoxS4mcny4Wb8KelrfyD
5bRqPd7juyLGKKtrpGqykBbNqnTwtrch4tmGfapdSC3ZSjJmbikx7Vtr4I12QcxFR9KmT4ea4444
/Codan/Mh8kjnvwo/CumHw11w9XA/CpB8MtaPWYflU/WKP8AMP2cjlMZ7UYxXWj4Yax/z3/Sj/hW
Gs/89/0o+sUO4ezkclR+FdZ/wq/WP+e/6UxvhprI/wCWv6UfWKHcPZyOW/ClHHaulb4b62B9/wDS
ov8AhXmuDv8ApT9tT/mFySOfz7Uv4Vtt4C11e2fwpjeCNeX/AJZ5/CmqsH9oOSRjnPbik5rUbwlr
if8ALA1GfDWtr1tjR7SH8wckjPzQDVw6FrC/8uhqM6Rq69bM1Sn5oLPsQZoyakOnaoOto1NNnqP/
AD6NT5l3E15Dc0ZNKbbUP+fRqTyL4dbV6OaPcVvIXJoyaTyb3/n1f8qPJvf+fR6V49ws+w4Madmm
CG9/59Hp4tb89LRzTTj3HZ9hQaXeaT7HqOcfZGFSLp2qN0szSco9ws+wgkNKHJ5qZNE1iQ/LaH8q
sp4V1qU8Q7fwpe0h/MhezkU/M46Uok9a1ofAeuTEfw59q04PhjqsmN9xt/CpliKUd5B7Kb2OZEyL
1pVnjZwofk9q7m2+FEmQZ7w1a1L4dWek6JdX3n75IU3KPWuetiqbg0n0NYUJJpsm8If6pK9S0/8A
1a15d4QGIkz616jp/wDq1rwzuP/R9+rF8T/8gC+/64N/Ktk9qxvFH/IAvv8Arg38qUthx3R8bz/8
fU//AF1b+ZpgOafOP9Kn/wCujfzNMAxXO9z2FskLmnCm4pwoKuLQM0ClpWKSCiiigoKdmm96D1os
MeCfrT1cjkcVGDS5qWi4totJcHvUyyK/fmqIpytjoaho6YVWi7g0ucVXSUgc1OJFYVDR0RkmiRZC
KkWWocAjg0mCKTRvCbRdSTNSK/NUAxFSI5zyaho1jUaL29T97Jx0q9per3+kziazuCpH8OeKyA9S
Bx3qoysaSjCorSR7h4V+INtq6R295iK56fMetdxnjggjse1fLgJLLKMrInKuD0rvfCnxEn00x2up
zGW2IC+Yw3f/AKq6qdbufPY/KGvfpns4PrxSnmqVnf21/bLPaTrNEehVs4qzu4rqTT2PnpJp2kPK
Aio2jp4andaCbpaFcx00pVoqDUZWkBWMYNRPFVsrTWHtTAoNDVd4fatRkz2qIxcHigDHeHPQVWeD
P8NbTRDHSoHg46UgMV4RjpVSWHmtuSD2qpJAc9KQzFeL2qPYB0rVkg46VVaHHagCng1IHoZSD0pp
46UATpJTzLiqe8il83NNbisPmkyDWNcv1q9M+M81lXL4zXoUNzCojNuDzVJzzU1zJzVN256161N6
anFOLuSZoyKi3H14pwZcctit1sTZjycHBp3OKrmdAc/M/wBKnt7TULsgW1pMwP8As0m0t2ITvTXd
F4LCul0/wDrd+A0kLxqepIxXV6Z8KYlw94+T6ZrnnjKcNy40Zy2PKzKgOBy31qaKyv7kgQQsQenB
Ne8WXgnRrML+4jYjuyg1tRWVjbgCK2hGOmEGa5Z5lFfCjeOGfU8FtPBOuXoGYygPcqa17f4T6hMF
M1xIM9QOK9qyMfIu38KCzf3mrmlmVSWkdDRYZI8ztfhFZxqDPM7HuC1att8NdDtx88e7Hqa7JlJ5
O4io3XYu9h8orCWJry+0axoowYfCOh2vKWUTfVeatJpGlx/csYl99tF3rVnC21c5HaoX1G6ki82G
HdGPSuR4rVpzu0a+ytpYteRaJwtqg99tLiAchUH0qna6rFqANtKxjl6AHisfXLG9sPmSR2Qnsa56
2K5KTqfEUoa8rR0LXMKnbvUGneaSuUfI9sVyLMktiGDytL6CtTQoGEPmTSuuOgY0U8RGpJJLRjlT
SehsedJk/M3FNW8UnAlwaUkHLLyp71z3iSxMPlywSsrMcYBrarJwhdaijG7sdH58uMq5I9aQSysM
hz+lctDd32nQRmYPLCe4qG51E/b4RBM+2Q5K+lc8MXFpX3KlTaZ13my/32pDLKOrtWTrElxYW8Vw
GO1vWmaXqk2oP935QK1deCrKk9yeV2v0NkXEh/iNBmfuxFVJL+1hk8tpMt6UyO+t5GIOQPWtbxek
WmS4NdC95zD1NJ5nqF/KoVlhkB8uTcR2FOyT2p80XpETSH70PWNPyoIiPWJPypuKM0/kLQUx23/P
CP8AKk8m1PW2j/KiihSHaI02tketrH+VNFlp+ObSP/vmpKKrmkuorLsQnT9NPWyhP1WozpOlsc/Y
of8AvmrJoo55dwsuxW/snSv+fGH/AL5o/srSv+fGH/vmrNJijnn3Cy7Fb+ytL/58Yf8Avmnrp2mj
pZQj/gNTYoo55dwsuxH9i08Hi0i/BaeLezXpax/lS0Uc0u4WXYcFtwPlgjH4UocDogH0plKKT1HZ
EgncZwSKU3EpH32qKipsgJPNdupP41keJ3J8Mahnr5fH51p5xWT4mP8AxTV//wBc/wCtMDC8IcxJ
n1r1HT/9WteXeEP9Un1r1HT/APVrQB//0vfaxfFH/IAvv+uDfyrarF8Uf8gC+/64N/Kh7Djuj47m
H+kTf9dG/maYVzUsv/HxP/10b+ZpnSuY9xRuhmCKADUhGaAtFx8g0DFL1pQDTttTcpRYzFLinbDR
tpXK5WMxRTsYoxmi4rDaXNG00lUw2Hg+tO4qOlBqbDTJQeKerYqEGnA81LRtGTRZWQ59qmV8iqgb
inoxqGjohULRFNyQaYJOakDAipZupXHh+KeslRdqMkClY0UmWVkqZHBzVEOakWUkYIxUWtsbRm2t
WdJ4e8TXvh66EluztFghogeD+Fey+G/GGneI7QNDKI7heGjY8ivnuOTHBJ/A1YtL25sp1ntJPKmU
53etbwqNHDjMBTxCvFWZ9PjjvwelPBrzXwp8So7wpaaoAkoG3fj7x9a9EWUPGHRgUPIxXbCaaPla
+Fnh3aSLXajFQq/HWnhqo5hSuKYy5qQHml4piuQkcUwrmrBXNMKUDKpiJNRvGauMvpTCp7ikBnvH
7VWkhrVaPNQtEKBmNJBx0qo8B5rckhBqvJCMUgMCS346VUeEiugkgBHSqctuAOlAGGyEVXcsprYl
t+KzZ4dpzmmtwKEsvWsu4ckHnmr918uayZRLKdsabmNdtJpbmE03sULl8PzWfJcKCQNzN2C11Fj4
PvtRbdKxjU12GleA9LtNslxmVhXd9chBGHsZPc8utLDU9QcJb2kgz3YV1ulfDTU7tg11JHGh6gg5
r0yCCxtABa24THrzVk3DsBnaPoK5p5jKWiRccNbVswdL+HulWCKbhldh2IrqLa1sbNQIIUwPaqok
yaf5pJ55rinVnPdm6hBdDSFzuGF+X6UokJ6k1QEvNSLL71nr0ZduxeDc9afu4qisvNSeYe1NqSV2
Fy0G7U/5cYLc1XR8lh/FjiuRv9Qv4tXKbiB1Va5sRiHRim1fUqMeZ2udrggZ4phjDAhuhrnIPEkk
L+XeRY49a2rXVrW6T5WAqaWMoVfdvqVKlJbFHVtDiurdmtwBIKydJ1F9OnNrdrhQcV1sc0TkiNg/
rWJqGhtqF8XVtiVz4nCtTVagve/MqFSy5ZFXxElktuLu3YC5z8qrU1ubm90FzcQnzAvCmr0Gg2qM
hm/ebe5rTwAAqqAB2relRmp809mthSnY4TTtNvYZN5iyD2Iq/daVd3ZURny17gV0l5dLZoGKjYet
Ngura6i3IeTWFOhQpN0nLfXzHeUtUtCjaWzWlqIX5YDGapanpMmp7Qr4C1v+SSucdKaYQOo6+9eg
4qSs9jLXmujDtNOe3hFvc4dB0zWbdeGENyJ4WIw2cV1RjP1FN8s4IrKWHpyVkU6j1Xc5nVbG9vIE
txyBUOj2l3p8bwsnzHo1dUEK9uaY67jkjn1olh4+1VR7gqlo8hwstvc2mq+bdRvIhOflFdDHcWNx
CFWJ1456VrtGrgh1BH0qt9gtVJKxsGPX5qzpYZ0buPUcqlzMsILWyneVbgDP8LGnT63aqxWIMzU6
68PpctuWUofpmkl0aKHTykKFpv72a0vVWi2EkrlSDxCslyIXQhie9bTAKA+evauNhs7m0vkkliJA
PJJrrJNStIrdZXcAgdKwwdaq+ZVXb1KqQVvdJ8HGSRn0pMMBkjHtXK32uzSXKvAMKTitMaw1tCkl
ycg9/StaeNp1J6bCdJo1+cZ4+lFQ29zDexCWFgwPpUuRnFdEWpO8XczA0UUmc01qCd3ZDuKSkpaA
CkpaSgAooooAXiim0UAOoptFAC8VleJsf8I1f/8AXP8ArWpWV4m/5Fu+/wCuf9aAMPwh/qk+teo6
f/q1ry7wh/qk+teo6f8A6taAP//T999KxvFH/IAvv+uDfyrZ7VjeJ/8AkA33/XBv5UPYcPiR8eS/
8fE//XRv5mkHvTpgftM//XRv5mm4rke570VYXFOUUmacKlm8UOCilCZoFPFJs0UUJso8vNSAU4LU
3NFTuQGLim7MVb2ZFN8v2o5h+xKZQ03bVwxUwxYpqRlKi0VQOtGMVKY8GmFarmMuRoQdKUdaOlJm
gWqJA1OU81GKVTSaNIsnBzTlJFRA8U8NxU2N4zJ0b1p55NQBqkDVLRvGVyTHFJzQDS1NjRMVWwea
kVveoiDigcUPYu7WpZBBIPII6ODyK7Lwr4/v9FkW3u5RNanjc/UVw27gVJvyOeacJuIqtKlXVpI+
mNJ1iz1q1E1lKkq4y2G5q+r49q+adK1m90W4WeymcDvHu4NeweF/Hun61CkFzJ5N3nG0nqa7KdVP
c+axeVzptyjsd0GJqRW9aqhyDyVxjt0qQOep5B9K206HkteRYBoxUSPT95zQSKUzTSvtUmcig0xk
BWmFKsEUwrk0AVHj9qhaLIPFXmU1GUzQBnPDx0qrLBntWu0ftVd4jilYDEmt/l6VmT2u7oK6Z4Se
tVJIAO1AHMnSVdsyVctrG3t/uRAt6mtFouelQmPBp87CxPHMw44UegFWA5x1qmoxUyt70bgWg2B1
p2/3qtupQ1AFpZDTxIaqBqdvI70AW/NOakWXiqIkOeacJML15oAviUngHp0qpqOtR6bEGDZkPUUJ
J/EeoFYdu1tc60xnOWzxmsKrUdt2XGzNvTfEI1BwoG1/cVLrdobiEXkWDPF2HemokMTgxqM+oqlr
OqzaYsTJzG/b3quSXs/fYbPQZpcP9vMZb7bEY/lK02TSrlNQEdsSsHdhWfaadd3d4LguUhk+bANd
fFKI0WPrgVyU8NTqr94reZbqtImsLaPT49quXLDkmr6y5XGRistZ+oz1608TDj2rujFRioroY3ua
QcZ608MM/hWcs1TRzA9atWvqBR8QSDy1TGcisKJZYUDxyEAds1d1+fdMoB6Cs+CcKACcg9q8Khgo
47HTVS6SNMRV+r0FbqbFlrcisEm5X1rdhuIbpcoy59K5CSLa28EBfeo/tSWjbhcKp+tdc8PjMF70
H7SH4ozp4inV0loztymOMDHtTTGPSuf07xPDKdjSA49DXQw3MVwAUcH2rWhjqdbbTyZpOk1ruhhj
z2qNovarny//AKqQgHpXWrLVGdrFIxe1RmLHar5SmmMUwM8ofSmbSvQ5q+0fpUZiFFwKTxrIpDxg
/hWbd6Fa3alcFTW20fpUZQ561LhCW4+Zo5o6GtvZMqrvfPBrJ0+xSS4eLU3fyw3APQV3Dqc5qCe0
iuVIkAye9cs8HCb51ol+JoqrKNta2enxEW8q+WegzzUoubbGBIDVGPw2sVy0hlJQ9s1iarts5cQh
wvrVTrKnHnasiV7zsdOLy0LbRKufrUgOef4exrl9J0eS8k+1SvsiB9etdM09rEgjEi7F9DRh6zqQ
5qit2HOCWkdx9FJHLFMco4pxUrya6VJMhqwlJQAetLTEJijFLRQAmKKdSGgBKKKKACsrxN/yLd//
ANc/61q1leJv+Rav/wDrn/WgDC8If6pPrXqOn/6ta8u8If6pPrXqOn/6taAP/9T33GBWN4m/5AV9
/wBcG/lW0axfE3/ICvv+uDfypPYqG6PkGZf9Im/66N/M0wrVqRM3Ev8A10b+ZqMrXG5an0yp6EGD
ThTylNwaVxOLQtKCc00nmnClYpOxMpqRSKgBqRWqWjohIn69KXFNQ1KKhnVFJjNlBjznAzipQtbn
hKwTUtdW1kGQ2KI6uwVUlFs5lovX6VE8PNbuuWBsNcurcrhVchfzrOaPNVe25jGnGcbozmiOaYUN
aDRVC0XWqUjCdAqe1JnmpzDjNRFOaq5k4WAGng4qPBBpd1PQm9iUGpFPNQK3FSBqlo1hMnU08GoF
anhqmx0QkT545ox6UwGlBwalo3vccRgUZI6Uo+alxU3LE3c5AqRHKSJKh2SKchh1FREUgJoWgPVW
Z6R4U+JMtkY7TVAXiJAEmMmvWLO+t7+IXFrKGiIyB3r5jXk4xx3rd8P+KtR8PXQaCVpYf7jNXRTr
NKzPIxmWxnedPc+i1kFPD5rlvDni+w8RWu8SLFN02E9TXRCRlADDFdcZKWx85Uozpu0kW1bHWnbj
VdZMin76ozLA5oAFRK9PVqAFK5qMipgQaQgUAQFDUTRmrTLTCtAFGSOqskWa03TNV3joAyXixVd1
A5rTlQYqnKnFA7lM8UBqcy03pQIeGpd1RE80uaAJQ1LuNRAj1pc0ASb/AFp6cktnoM1BuqG+aX7I
Ug++1Jv3boasQ2+uJLqD2zjCDjdis3WtPntJ/tdqxdevFV30e5ij35YueeKSHUry1by5lJQdQ1eX
Os5Nxrxt2ZsoKNnFly01i9hj3PHkYqS2S61y533I2wr0GaY/iGEBIhbAs1bsB2W6OqhS46VeGpOo
tKnNFCnPpazLkbrFEsSH5VGBSrLiqu7n3pQ/NelbSzMm7lsSkU8TGqe+nb+KBF1Z81Kkx3VnLJg1
KsvX6UIT2djI1m5DXnJ+Uda5vUvGmnacrRoS8o4AC55q/rsxdJQpwa86sNA8+9kmk3OS/Ga4MnrU
41ateb0THj0pKFPqar+Jdc1liI18qLsScUDTdUuh+9mJH+9W3Fb2WlxBrkheOlZl545tbIlLSIMe
mTW9TPKsp2w0Loqhldasr2sW9L0a+sH8xJi3sTXX2WoXMeAchq8ul8c6pct+4jAHt/8AqqSPxD4k
lwyQnA9v/rV5uJweNxcudxs/I9Knl7pK0pr0PcrHXiMJOvbqBmtuG6hnUFGGa+d18TeJFYMYSQOo
Of8ACuq0Px1cnCTwiNh3OauEcxwq/ex5l5BVwUGvdmj2PGBkmjiub0/xMsyr5uCK3oruGcBlcHI6
V20MZTraR3OCpSlT+Il25GabsFPJJGBRXVtoZ2IvJqNoqsimlaEGpUaMVC0eavlM1G0dHURR2Hoe
lVbrTbe9QJKuB6gVqGOozHiiSUtJK47nJ67b3NhbRx2XMWOeahhsrOOzW5lnJYjLLmuuaJXG2RQy
msi68OW9w+5GKr1xXHUw6VT2i/4BpGatZlW2jtby2aW0kIcDODxUemXt5JcPDPHtVT1PpVe5eHTp
xFZAmQdVFPafVLtNkcPl574rCOIUPdabl5K5TgbeFf5o2yPak659qx7G11Owl3SOWjY85FbgKSAN
G2fWu+nNzWq5X0uZSjYjxRinlcGkxWjstOpImKMUtFACYoxS0UAJWT4n/wCRav8A/rn/AFrWrJ8T
/wDItX//AFz/AK0AYPhD/VJ9a9R0/wD1a15d4Q/1SfWvUdP/ANWtAH//1ffqxvEv/IDvf+uLfyrZ
rG8Sf8gS9/64t/KpnsXD4kfJjr+/l/66N/M1GVqxIP30v/XRv5mm7a8++p9koaIr7KaUqyVFMZKa
ZDplYr7Ui8VMy1GRiquc7gLTgaYOKcKCkTI3FTI/IqqDzUiNzUNHTTnYuggmux+GsXmeIfNxnYRz
6VxKNjntXo3wohzNcTHpuOPwopJ82pOPq8uHbE+KGk/ZtTF8keEY84FcHs4B9a9x8d6f/aXhm6ZB
ueONmH4V4lGM5Q8FeoNVWjZiyqqqlHzIWSoXj9qu7c84prR5rI9J00ygY+OlQtFz0rSaPioWjpqR
zzopma0ftUbIRWi0ftULxmrUjknQsUsEGnA1M0eKidSKu6OdwaHBuakDc1AM5p4PNJoqMrFkNTwc
9arq1SBqlo6YzJgfSnZqINTwalo3jIeKCKQEU6pL3GGgN607GaTbiluGsSe3uJ7OcXFtK0Uy8jYa
9R8KfEhJljs9XY+bwBI1eTZIPB/GlIDcNyPWtI1HDRHLiMLCvF3Wp9QxypJGHikWSNhnep6VKr5G
Cea8B8MeNr3w/OqSO0toP4DkmvYtD8Rafr9v5tpMA2PuPwfyrshVUlufNYrASpO6Wh0Kv29KkDVT
ST+Enn0qZW7ZrRHB5FoMKUHNQI2akB60wJutJimBsU7d9aLoBrL7VXdatA5FROOaLgZ8q+1UpF61
pyL1rPmU80wKEq1Aasy5qs/WgBKM02igBwpabmjNFwHjJ6daA4J+VssOoFRzSCK3eRjgAVytpqkt
teSyFiyE1jWxEKTtLQuMHLY7AO/GSce9ZeqXNvC4WaFCrdWIpsWv28p+ckfhUWuT21xZBoyCxHAq
a1ZSpc1Np+RUYShK9itplgJ9T80fNbjkZ7V0pb5sD7o6Vn6NF5OngHoauAkrVYeEacE4qzZM5czu
S7s96M1GKXNbXuQSbqXdUWaXNAEwNODYRzntUIakd8RSfSk3ZAldnMagTNPIo5rMutStPD1nvk2t
cEcL71LrGo/2ZDNPjLdBXnccd54k1UMSWVmHJ6AV8/gcFPFVJJaR6nrqFP8AjT2Q+efUvEN6cmZl
Y5x2rrdC8EQIokvsZI4B6Vv6faWemW4hjUGTGN2OlTyiTg791fYUMNSoxtBWZ5eLzetPSlohkWka
fZvtS3iI9dtakTQRwEJEg7cCqZO+AZIVvc05WAi2qwLfWt739TyZzm37zuTqYXOPJTn2qZ4LAJtN
tEXPfbVSOQR5J5bFHzO27ofenzEKdi0kUUQwmAPQVZhubmFt0TsAO2aqKI05LZNPN0BworzsXleH
xCuvdl3R00cZWpaXujprLxECoSfgjua3ILqKdMxyKa883h+oFSQ3M1sco5xntXkyo43CaNc8e53Q
q0Kz3sz0XcMYB5oBI965mx8RAbUm4963YbuC4wY5AT6VtRxdOr7t/kXUpOmr9C1QRmowefvCnbq6
jMQpTDHUuaQc0AV2SmbcVaIFIVo3B2OavtExdf2jCORyV9aItWmuVZIkCMpx6V0W3qM8HqKwJtF8
vUvM87ZE/p61zzUqfvUluaR82QmDVLvIedljPHBos9Ku7CYkztIh7E1U1Az2V8I1uSYjg8Gqkup3
qTbYCzrXM8RRpu89ZFezkdKVO7O3ikK8ZHSq+lXFzcg+ehWrxTblRXdTqKS5rWMmQYpKlK00xmrE
R0Zp+2k20AMNZPif/kWr/wD65/1rYIrI8T/8i1f/APXP+tAGB4Q/1SfWvUdP/wBWteXeED+6T616
jp/+rWgD/9b36sbxH/yBb3/ri38q2axvEf8AyBL3/ri38qUvhLp/EvkfKci/vpP+ujfzNGKfIP30
3/XRv5mkxXmPdn3cY+6hm3NNZalxQRmlcHErMtR7RVpl9qjK+1UmYSplVl5oFTsvtURXFUnc55Qs
ApUPzUzODTxzTFew/wAwqvHevXPhjEIdDMzDBaRx+teRBDLIkacl3A+le16BF/Z+lW8GMYUE/WtK
MbyOLMq37vkOzXbcW8ts3IkQivBdatDpuuzQleHYkV7Va3YDA5rzz4m2Iiure+jGAXIOPoa0xEdL
mGT4jkqcnc41eBgnNOwDUSNlQT35qYEYriTPsG9dBpTIphj4qbtRirsgcUyo0ftULRn0q+UqJ05q
WjOVMz3jqJoua0Gj4qJ48c0JtHLOiZ7JimYxVx0z2qFo8dqtSucdSk0RA09WpNlOAxVERuh26pAe
Ki704VLNoyJQ1PBqFTUmRUNHRGRJRTQacDUml7himmn0GgTGA/NVuw1G60u6We0lZGBzgHg1VxRg
D1pqTTJnTjUVmehRfF3ULa3VZbASsvVwRz+tPT43yD72mH8x/jXne/jaOneq81qj8rjNenhMTTVo
zR4WNyvRypnqSfHBz/zDf1H+NSD43Tfw6d+o/wAa8ceMxHpT1cYr3qdCjUV0fN1I1Kd4yR7GPjZO
f+YcPzH+NPHxrlP/ADD/ANR/jXjykGpVFarB0uxi6kkevr8aJT/zD/1H+NSr8YXfrYD8x/jXj69R
VuHrSeDproCqs9bT4oNN/wAuYH41YTxq9z/ywC5rzK0XkV0FkMYrkq0IrYqM22dvHrBuOqgVKs2+
sS06CtSL7orz6kbPQ2TbLOc0Ug6UtZFhRzziilzgfWgCG4gF5bmIttDDBqqmh2iwmMEFqXWp3gtQ
sBw7DjFYX26+ssSux59RXHXrQhLlmrmkIt7M0JfDhJ/dOB7Vl/Z5I9TitZASN3WpBqt9JJ9ojDFa
1NJvE1GQmWMCZe5HNcahQq1OVRaZq37tma6gRwpGvpS5pCMHFFexsknujmHZopB1pc0AHOaUUnel
7UAOBpsxxbyH2FAqO6JFq5FRUdoNjjujz7xcrzQiFPvMaueHdGXStNR+POcc1NNCtxOJG7etWN7n
aAeBSyOCVFz7hmOJlFKlHZ7kmw555PrUiyPGPm2ntzUO9j90U7Y5GWr2uW55HuxWhyHiabVbKczr
IohPQYNYsHifUYJEkZ8r6ZrrfF0c1xpYSJdzAV5ylpfvIsf2Z+uK8zEOrGa5T6jLZYaph/3y1PXt
J1H+0bBLgjDHrWh5rtxisbw7ata6WiSjDY6Vp73TnHFejD4dT52ryqpO23QlwwNSKx9KgE5pftDD
qKpMxsWQW9KlWQr/AA5qqtw3pQ98luCZWC+xp81t2HLcuZB6rzUsFzcWrboz+tUIdQilA5FWluFJ
4ry8VluGrvnvZ90zqw+KrUdtfU37HxCeBOv41vQ3sU6Bkk/CuCLiT5Rx9KdHNcW5zG5H415c6OOw
a5qi54+W53wr0ammzPQwxI5p4YVylnr0seBPgity3vYblNyOK2oYylX1Ts10HOnOPoX856UuarLL
jjBxTlm54rr8+pne25Njmqmq2Zu9PdVYqy8girO/NOEmeD09KmpFTVnoPqclYaHNeZa7ZvlO0Z9K
24tN0/T0AkIB7Fq1MgDgY+lUNU0pNVhERkZD6g1ywwlOknKOrLdV7ImVY2X93tK+oqMxc0afbRad
D9mMuX7FjVvYAMjn3FdUJPlIs2UWi5pjJV8xA80wxgiqEZ5SmlKvGKo2ioAplKx/FC48M35/6Z/1
roClYnipceF9Q/65f1oA5jwh/qk+tepWH+rWvLvB/wDqk+leo6f/AKtfpQB//9f341jeIx/xJLz/
AK5N/Ktk1j+I/wDkC3n/AFyb+VTL4TSl8aPldx+9m/66N/M0Dmlk/wBbN/10b+ZoArzHuz75fChM
UgFPxSYqUmynGyuxhU0wrUxHvTT9aNTNq7K7Co2XirJApjAYrVMxkkymynOaAamYComXc2wdW4FU
jmmra3Oh8F6f9v1dpWQmKMDGfXNesbcAAdhxXL+EtNOl6ShcYdvmJ9q6ON+Oua66StqfN4yq6lS3
QsRSMjCs3xlANQ8NFyPmjO6tJQDTLuLztLngPI2VU1eLMsLP2dVM8Xgb92B3HFWkOQDVS4VrfU7i
I9FNPSXIrzWrM+5oVLwTuXVNOWq6PmpVaqTOlSTJSBimFBTs0vamO5CUB7Uww1ZooaJcUyhJHz0q
B46vSAZqB15NStDkqxRSKYqMrVtlqNkq0zmlEr4pc1IVppWgmwzvTg1MI5oodirkyvTwwqDOKXdi
osXGZYJxS5qENmng0WNVMkFNzQDRSaHe4meaPpSYyTS4osF2mNKCQYYc1Ukt2Q5HP0q7khqdk88d
a7sPjalGSd9Dz8Vl8MRfTUzFfHHQ1Or80+e1VvmX71VlYr1FfTYXGQrLzPk8Zg50JWsXVPI5zVyH
rWfC4zV6E5NdUm1ozg5bmzaHpXQWXJFc5bc4NdFYnla4azujSPY6G0HQVqxDisyzrUiry6m5tEnX
gUtIKKwLCgDcwB6UUqg7lPXnpTST3AxNbn8m8hPVVOTVbVNWTULaOEJgr3xVy9to7vVEWR9oB6U+
TRbMfcmXP1rz6tOvKVoNfM3i49RlhrVnBaiGWNcgelV9HAm1aSaMbUzwKmfQbZ1YrOpYDjmnaBbT
W8ziQcdjRTWIUkppaBNxtobDc80lK3INJXftoYBRiiloABS5pKKAHA1Xv3K2be9T1V1M4sjmsMS7
UZPyLpq80cyEZz0NWfK2rksMVBFKccdKUuxPPIroyaLWEicWMkvatExmC8KPxpmXeQAnI9qZwTj1
qYYiXPc8V6bXY5VtYWXaGC4DCldIY9v7lM9c4qJTmTPenXVzBFtDtzii63loF3cmmG4K8f5U5JCV
2tj86rJqVoIpFY87flx6157e6zqKajL5ZfyweK56uKhDZ3NYU5SPTRDuOFIz9arXlyNOiMs5CqPU
1w1r4juAF3nDA+tWr69/ti3MMkwUMOea5ZZlTt7t/uKjQfU3V8SwuMxkEdvesfXJL3VHV4AwA7Ai
stNEkXiG5HyDjmlNvq9uPkMZA/2q8+pjqtX3b6GypJbFiK71W1UL5DkD3zVlPEt7EfnikH4VkHxJ
c2p8uaA5HUqaY3jCH+O2bPuRXNGFRfD+ZTgmb3/CaFSQSwYeopIvHs5cxhCc1zZe41eXNrbnnuVx
XR6X4OdEE13KqA8nFevg6ddu7ZlJU+w5/E17LMHUNtzyorpNK8XRsQjymJvQ1kTvZW6m3sojJIOC
xFc/PbzRzEMNrf7HNaYrKsPX961pLqgo4qpTb6o9q0/xDuUbm3L65Fb1vfW9yu5JBn0rwS3uNT01
BMwBi64J5NdNpHizzyqBXjbIHAryKlPGYPV+/H8TujXo1/7rPXfMK96kEg4759K4208RNCQJ0LZ7
10Nlex3GJI+hPSunC42jibKD1CdKUd9DR+3W6T+S0gD+lWPMTP3xke9cFrzTLrIMIO49KkW11gsr
E8EetZzxcoVGowbsUqSte50WvaY2pQLJbz7JE5OD1pPDM08lu8E5LFG6k1hCz1ZVLhsHHrWh4TmY
zTJKu2QHk561jSqSqV0+VoqUUo7nVEZzik2imeZ8xp+RxXqHOJsBpjRA1KCKMZoArmEVg+L4seE9
SP8A0y/rXTbc1g+Mkx4P1Q/9MT/OgDhvB/8AqUPtXqWn/wCqX6V5b4Q/1C16lp/+qX6UAf/Q9+NY
/iP/AJAt5/1yb+VbFY/iLnRbz/rk38qmXwmlL40fLT/62b/ro38zSUrj97N/10b+ZoxXly3Z+gwX
uoTHfvXR+F9M0bWJDbXl28Fx+H9a54KO/Sly6v5kcjJIOjLVRlYzr0nUjZM9XPwp0rAb+0rkA9CF
Xn9KYfhVpWSPt9yD3+Vef0qh4L8fMoTTtVkJA4WRq9MIDxLMjb42GQwPWu2ChI+WxNTFYeWrOAPw
r0r/AKCFz/3yv+FRN8LdK/6CFz/3yv8AhXoOM+ufSo2X61XskcksfW3bPOpfhbpfbUrof8BT/Cq6
/DXTra5jmF/cSeW24Kyrg/kK9HePI71Vkj9qapIX12rJGA1usSLGudqjFRZINa80JOc4xWfLEQap
KxyNt6joZMYq1EQwdT/EMVnDKmpo5Dn3psL63OM1jwDfXmqvdWzgRsBwaqp8O9YDHEiY+lekpJu6
nmnlTkYJrJ0os9CGZVYJKJ59H8NdaYAiVPyq5H8MNdbnzUx9K7yGdkIGTWpb3RP8RqVRRus6xK6n
m6fCzWu8q/gKsL8KNSJG65YfgK9QjfKjk8+9U9W8QWujQO88ihscAmqdOKRSzbFVHZHnd38Pxplu
ZLq8PHY4rjtQihgYrE+73q/4m8aXOr3LLHIyQg9M9a54zB+d7HPrXLNrZHtYV1pK9RkZfLEU1qdt
5zQRxWWp3WuREUwqKkxnikwKDNxIttJtqYjFJtzRcnkK7IKhZSKvFBUTpmqTIlAqg0tOaM0wqRTM
2rCg04GmYIpevtTFcmDU7NQCng0mjWMkSilJpmaXrUmlxTzRnilApCKY+ggNNaFZBk8GnbTThirp
VZU5XiY16UK0eWSKZjMTZ7VctmHUU9VV+GFL9mKtlOnpXv4TM+e0JnzONyh07zgatmeRXR2H3hXM
WZ2kZrprAjIrrrNNXieOouLszpbTpWpEPlrKszmteL7teZU3NETClNGKUisGUNpVOHBpaMUXXUL2
MPVNPnu9TjeEkDPJFSnQXGMztnvzUurXclpJE0fQnmq58QIoHB3Vx1J4eL9/Q0SlJaIWTw9IwPlX
DBhz1qXTLuTzDZTL86cBh3qqfEEjZ8tTk9KfoqyzXLzyqVOc80o1aU58tO7Dka3NkdSKMU40g6V2
rYhiUUtJigQU6kooAO9U9W4squd6z9YbFsB71zYx/uZGlL40c/H1IqTkKX/hX71MUZJwOaw/E2qt
aQ/ZoW+d+GxXZgJqlgYtnDiI81do0U1uza42IoYDuDViXU7fbvIAHTGa5zS7JLa03MA0hHWrbW8T
gFlri/tiab0J9gi/Hr1ksmGA/OuT1TVJDrBmQ7osnAz2raGn2x58sUh0+1bOYU/KuevmftklJFwp
qJnQa3ayt+8AQ/Wrgm0uUc4JNQS+HraQEhQCemKzJ/DlwuTE5x7GuZeyqbOxq12NZrHS5gcfKfXN
VH0O0J/d3DZPoawpoby0fDl+KbHf7hh2II7E4rf2c/syuO1zRubK6sfmhumYe5zVY6nqiDPmKV9x
VdrxWkEcX72Q/wAPWt3SvDd5fYkuFZYvRhXTTw1SXYhyjHdmHDDqGqXQRUHzHkiut07wLallmveW
HaujsdNtdNTEUSBsfexVliTznBr16GGjFe+jmnVl0II47bTowlnCN3uKa9vPdfNM+1O4HFWUCBi3
f3pSVJG411S5Vq9DFt3sUktR/q7ZQPUkVZh021hXzJV8yWpN3OFGB7Cp7exnuHGAwHrXk4jOIRfL
R96S+47aeCk1zT0RmT2DXzYlIEQ6AVo6doUeAsCEY7kVu2ulxRcyDJrSXagwihR7V50qWLxb5sRL
lXZHbBU6S9xalO10aJDmVsn0rViVIflj471AHzyetODkHOQK6qWEp0UoRInUnL4mVrnW7OC5KyxB
pF6Z9ahfxZLuOIAqYqDU9BGoN50ZIc1nyefp9jJA9tvboG2k1y4iWK5nrZGsZU1Gxpf8JPeSr+7j
XAFaHhiRpXlncAMTmsvQ7+xttOkN1Gm8jGGHNbemyQPbmWBQo6VWHpVPaKUp3Co1bY2ll+cmpRLW
asnvUyye9d5gaAkqRXqisvHWpFloAuBs1ieMv+RO1T/ria01k96yPGDf8Ufqf/XE/wA6AOJ8If6h
a9RsP9Wv0ry7wh/qVHtXqOn/AOqX6UAf/9H36sfxF/yBL3/rk38q2KxvEf8AyBLz/rk38qUvhNKX
xo+XG/1s3/XRv5mlHFDf66X/AK6N/M0ory5bs/Qo/CgxS4oNLSKI3iWQYcZIOVYV23g/xzLpVxHZ
6jue2OAHPRa43FIVBXkcetVCbi9DnxGFhiI6n0bDLBdW6z2solifncO1DLXi3hTxhdeHrgRzkzWb
HHXpXsmn39tq1kt1aOGRuqA8iu+FVM+QxuBnh3otBxXioHWrxXjrn+lQstas8+90Zs0eRVCaHrW0
8fJqpLCKQGC8RBqLlTWpPF7VSdME0CFicDr1q5HJkCs5SFOTU0TnPHSkUX9ueRUkUrRAknao+8xr
MvdastKgMt3IqkDhc9a878QeObzVcwWa+RCO+eoqJVIpHVhsHOq9j0HW/iDp+kxmC3fz5SMZXnBr
yjV9du9Wnd53LKTkA9qyeS7Mcsx6sTSrya5ZVGz6HD4SFHRoDkmrEKkimhamjrJanpqKexIOmKXH
FJ2oFBqloJtpCKko20mQ0RYzSY5qXbSY5oCxEVptTFaTZmgHEiKZFQvHirW3FIRTTIlTKbRmo9hq
9sFRmPHSqTOeUGVelOFSNGaQJTISaYCngU0DFPBpWNlckC0hWlBp2aLGysMxSAU40veovqDSsKox
VuHOOlVgOlWIz0quZ30MpWtrqaMManHHNbFmpDjNZVtjjArbtMFhmvTw+KnH3XqfOY/CwleS0N+y
OcVsQ/drHs9o6VsQD5a2nLn1PHceR2LIoIpRThWLAZihuBmnFeaRgNuKE2tgsZusWUt7FGYeAD8x
qqmnWCxqJZV8wda2pGMVtIc8Ba5600o6rLM6zlUFcOKp3mnGCb8zWlJ2NODTbNz5sTAgVeUBQAgA
HfFYVg7aPfNZzvujPO4+9WtS1WK3IW25NbU50qa5naMuvqKSmzTHJNHamQP5tukx6kU+t1r73czt
Yb3paWimAlFFFAAOtZutHFuv1rTHWsrXG2wpn1rjx7tQbNaP8RGNGwRHdugGa4C+lN94iZhyqsOK
7TUZDbaU7E9c1w+hjzdReRu7USqOOEjDyOaUb1pyOrPygLjHFNAOPbvVe9uxbXCIehNQDU0S78on
5TzmvIUJNXQiW8eaFfNg+ZR1FQ2+uQS/JJ8rdDWmoDAZOVauV1izSC7LR8ZOa1pJTXK0HLc6eN4Z
BuSQH2NJciRbdmRl/OuNS4lh5jcsfTNa1jb6xqv7tA0af3iK1WEnL4Q0Rm3V3JPMUO5nB6Yqza+D
b3XShEJRc53Gu/0LwNBAgluXDP1Oa6+GGG2QJEoXHfHWvVoUPZ/EJSc9jlPD/gK10mENKkbSD+I1
vPZRwIWZguOiVobiW56VmarlsKziuunN3shzjyq27ZkyuHckDA7UzIprthsAggU+C2muG+QFaxxO
bU6L5KXvS8jOlgZTd5aDCQDu61PBZXF0wIT5fWta00hE+aXrWiu2MbUGBXmOnicZrXlZdjupqlR/
hq/mU7TSYoQC5yfStJSqLtjAFRZzSiuylh6VGNoxJlUk9yQn3z60AmmilzW1+YhDt2aGlSCJpZWw
i9qaB82Kx/Elz5dskIzhjzis6lSFOF5MaV2Qv4rb7YTBGxhXqRXQWeowX1uJS429wwrFh/sldI8s
f63HPSsa0trl3ZbeQhT71xLGVaclztSi+xuqXU3PEa6eLLdb8ysQK19HQw6UodducYrnLXSJprlB
LKG284rqlYKojUcKMVth4S5nVlGzZnMnVxUgeqobmnh/SuszLayc1KslUw5qRXNAF5ZBWV4sfPhP
Uh/0y/rVoOay/FDE+F9QH/TL+tAHNeEP9Wn0r1LT/wDVL9K8u8If6pPpXqNh/q1+lAH/0vfqxvEf
/IEvP+uTfyraNY3iP/kCXv8A1yb+VKWxpS+NfI+XGH76X/ro38zSihv9dL/10b+ZpQK8uW7P0OPw
oMZpaUCjFBQUHpkdaXFBHNUIT7xxjj0rW8PeJL7w5eBoJSYSfmQ96ysYNMPyrgjPeknyvQzrU41I
OMkfQOia7a69ZRzwEByuWTPQ1oFRmuB+FOnmLT5Lp1P7wkr6Yr0DbgAjgk16NOV46nw2NpRpVWok
JQVXmT2q4wqN14qzkMyWLI6VnzQdTW1InFVZosikxmE8WCeOBzXOeIfFUOjB4bc77nHyj0NdhLDg
kEcEda8c8a2DWniJ5GUlH6Me1ZzbSOzBUozl7xlXeo3epXDS3cxcMchfSowex7VEPf8ACnDOea4p
a6s+mpRUNETfe5P6UAYNItOHWlc3THg9qmQ4qADmpUPNJG0GT546UCm7uKcGpmyY6lGaTdSg0WBp
C0hFLRUiGmgClIoAoGhpHNNIqXFIQaBSRFikxUu0UFaaMmiHbSGMVNilK07shxK5QU3bU7LTMU0S
9BmKMU/FIRinYSYzpS55pDSggc1nyu+htdJakqnipogRVGS4SMcnmoftjOcKeK76OBqV7dEebicx
pUL21Z0cNwI8YOa17OfzGBrk7Vjxzmul0/qvGK9WGFjRXK9z5rE4yVd3vodZYfWtyAHbWDYdq3rf
O2sKhyLuWlHFO6UKOKdjmucoaRSYGPenkUwiizewBt8xDGeQwxXKXDTWN28Fu7LuPQV1YyOR1qu9
pB9p+1uQCo71z4mm8RFcrs1uVCfKc2bG6uzmXdv9TU/9iMkBaSQK+OMmtm31WK7lZF2BVP3qraxN
bXkfkRTgyHgBTzXOsJh1G97/ADNPaTeyJtKDC1KSOCR0xV0jFc1aw3mj3aPck+S/TJrpyAyLIpyr
ciuyjJtWtaxEl1uNIxSUp5pK0syAooooYAOtZGuAFEU/3q1v4qyNbI3oP9quHMbew1NqHxnE+LLp
ktUhU8YrC0BP34A65zVvxVLuu0j+tZ+nXH2O5yemKzl79JJM53e8mWvEEhacKvDBs/Ssks5bJPz9
jU2oXIu7kyEHk5pILSe6b5EwvrTpQ5VypE6LclTWLqKMIXHHtSxW99q84wGI+lbOnaBGPml+Z/Su
ntoltowFRVwMcCu6jl7b5mjGde2yMjTfC1rbhXuV3N6Zro47hLdBHEiqo9qijjlnb5ULE1qW2j7B
vuTtB9a9Hkp0VoYpSm7tktjJPdAYOFFaUjJAuXYDA7msu51S3tB5NvgHHWsl5p71wPmbnpXlYnG0
aerevY9GlSm/h2NO81kkFIOtZQ+03j5JZs1o2mjHhpRtzWxHDDAMIoriUcTilr7sexuowhruzNtN
FQKHmyT2FaqIkQARQKNx/ClFdtHDU6C9xamU6sp6MXdnrRnPWkpRW7dyApQaSlFC0AdmikoppXAk
j+8WPAXqa5TUp47rVQrSYQDGM1ta3eCz09lQ/vHrA0aO1DF71hljnJrixVVKapStrubQi7XRaOiS
7DLGxKt71B5d9ZBiFKoB1rqoJoDEBA6sg6VJKizRNFKowwqJ5dSkuaGnzBYhrRowvDnmzTyXLuWw
OldAWyxPvVa1tks4mWMcYFTZAPvxXZSg4Rs2ZyfNsPzzTw1RZ5p+askmDcU4P71BupykUAWA9Zni
Z8+Gb8f9M/61d3Vm+JGz4bvv+uf9aAMbwh/qk/KvUbD/AFa/SvLvCH+qT616jp/+rWgD/9P36sbx
F/yBbz/rk38q2axvEf8AyBbz/rk38qUtjSl8a+R8vSf66X/ro38zSClf/XS/9dG/maTpXmS+Jn6H
H4UOpwpKKRQ6iilxTASmn5pFC9W4p+Ku6Ham+1y2gA4VgSfxppXdjOtJQptntfhDTzp3hXT4W+95
K5+uK28Z/ChUEUSQjoigCgAluBXoxSUbHwGIqOpUcnsMYc0wipyMn+dRSMkYzIwQdiad0jKMXLYh
ZeDVeVMirmA67lOR61Gy/wD66Y0nsZUsZHPpXnXxL03fbpdgfdGTXqEiEhsiue8V6YL/AESdDnPl
nGBWdRaG+DqctRLzPBxgqHHfim9DSxgmNflwwOcUEVw76H1WtrjgakB4qAU8NRYpMnBqVTVYNUqN
mg2hImBp4aofxpwNI2TLIPFOBqJDTxTWxoh1OpgNPpDCgClxSgUWLQhFJipCtNIxQDEApSuaBTqD
NxGbKNoqQDNLtpkuJAV9KiarLjHaoGXNURODsREmkwafgCopZAi5rSMHPSJyOSSbYSEKvJqhNeAj
C1Bc3hc7VNVgcmvawWXKPvyPn8fms5fu4k2SxyasRCqqnmrkBzxXrtJrTQ8bmfV3NOz+8K6bT+or
mrQYIrpLA8iuSrorC0Or0/pW/bfcrA0/oK6C24UV5tTctFtRTqF9KU9a52UIaQ9KU0naj52Abg9q
huovOsnVfvYqfpSDg+x6im/hce4KTXQwNGit2jkgnfy3yeapMkenajvjbzQpzk1Z160Nvc/aIyVV
gBwO9Fro8lzGsspIU9a8ipGpFqlThe3U6E0lzSZBfalJqiBQmNla+h3RuLPym4ePjmrNtpltbDAX
ccd6xr+cadrKPCP3Z++BW0aVTDy9tWl8RMmp/CjoCu35f7tJSJILiFZ0+61LjivQjJSVzKwUUZoF
IQDrWLrXDA+5/lW0BzWJrYySc9K4cydsObUPjPLtdk8zVG5OABVFInkIVBx6mr1+g/tKUtyBjtWh
p2j3N8QxUxxetb4TBSqU1KWxyVqijcpWunorjPzt6Cujs9LkbBcbVxV2C2sNMQDiSSriTNKvI2r2
r1qOGjD4dTjlUbGxxxwrgDJp5yaThTTRJliqgms8Tj8Ph17717F0sPUqP3S/azrajzD1xxUVzqVx
fyfJkAU630ye4bkkL1rbgsILZACNxrw51sVjH7i5V3PShSp0Fd6syLTSJJvnlrZgs4bdQQMmpiew
4FIOK6KGCp03zPVhKo2KSS3XAopOo5pa6m2zO3W4oozSUUbAOoooNABmlptO+tAAOtPXCKZGHygU
wcnjmszW2vHhFvbKcngkUptxBamLqd+lxqkavnySeDWlc+HS0SS277lZd2KrWQtodttqUJDDo5Fd
RHtWJRC+UA4xXFRw9KqpOavfvujZzdPSJyAN5p7/ADAqorS0h7q/uxNI37tela95bR31uY3Xax4z
RZWq2UAiU5A7+tFLCypyVneIOqmti0xG44pM0nB6UV3WS66GO4uaWmZpaAH04Hio804dKdgHg1me
Iz/xTt9/1z/rWgOmTWf4hRj4bvWwceX/AFpPQNjK8If6ofWvUrD/AFa/SvLvB4/c5PHNeo6f/q1+
lAH/1PfqxvEf/IEvP+uTfyrZrG8R/wDIEvP+uTfypS2NKXxr5Hy8/wDrpf8Aro38zSd6V/8AXS/7
7fzNArzJbn6HH4UL2pwptOFIoUUtJ0oBzTGKTgE+ldp8MNNF1rc1w4yEIwce2a4lziP3r2L4Yaab
Pw9LcMMGZ936Y/pWtJXkeXmtb2dFnaOSzk0mSBTiC5bHGP1rI1zxBY6BYtNcyfvMHbEPWu1ySPja
UalR8qW5b1LULXS7N7i7cKoGQM9a8X8VeL7zxDcmOOZobROE2sRk+uRzVLxD4iu/EV4ZZ2Pkr/q0
9KyMDqDmuSrV10PqsvyqNFc89T0Lwd48ljkh03VZN6Z2ox47V6aCrRq8RDRvyCDmvm9lDjBrsPB/
jabRHW0vmL2bfKPainWfUwzHKlJe0p7nrci9VFV5YBLC8bDIKkfpVm2ngv7Zbm0kEkbDjmnYCsOO
vWuu6kj5yXNBq61R84azZGw1u4hAwu8gDFZzriu8+JunNa6ut4F4Z+fxriJF9K4Je7I+vwz9pSiy
qRSCpmXmoiMGkgkrMcDgU9GqLNOBpjjJosqafUCNUqtmpaOiMrkyHmpQarA81IrUbG8ZEoPNSA1X
3VIjZouWrMmFPApimng00aRRIopGTNANPzxRYpohxigVIaQAd6LCsAFPAxQMClBpgkt2NYbqjKVO
RkdelVri6jiXC/frajSnVlypHLia9GjFzkyrdSLAhz1rAub1pWwDwKt3zNIhYnmsfnJr38Pg1TV5
HxeNzB4qT5NESAjOacpqIfWnr9a7Yux5rXVkynmrkB5qipq5CeK0uK9zYteoro7DqtczaHpXTaee
RXNVWg0dXp3QV0Nv90VzunnpXQ233a8yqtS0Xk60p601afXMyhpo7UpppoAO9JS0HpQBDLFHcKFl
GQDxRLKttbkscKo4FP45qpqtubrT5Nn31HFTKTgnyrUqK11KA8RbWfcnHQVmRRnUL7LP8hPINXdK
jsXtZTd4Ey9M1mSFo7t2gOFPT3rx68p2jOu9L7I6YWZtHUhY362IOYR3rYJHDD7pFczDpVzfoWI2
f1rc02GaG28mY5x0r0MNVrVdZrlXT0MakFcsUtFFdb3MgHWsDXTneK3xw1c/rZO6U56CvNzO/sVZ
X1N8O3zaHnDzJDqkruNw44xWzbz6jf7UhBhg75GKp2SxPfSyPGXYHgV0kRlZBuOB2FevPF0KGHi5
y+R5nspznLlXUSCwitgGkO9/U1PvJ4H4CprexnuDgLgetbNtpUUIDSctXl1MxxeL9yguWPc7IYOF
PWpqZFvYz3R6ED3FbNrpUNvgyAE1eHyrtHApKVHBU6bvP3pdzWVbpFaBgDATgUpwT60lFd9uj1Zk
22FFFFABS0lFAC0UCigAzS0lGQBQAtLzn1pFy1Vb/UYrBAqtmb+ECplOENZuyGlcTU9RSxjGGG9u
QKzB4huBhlUMait411C7Y3UeJCeGpt1pVxpd19oVTLCew7CvPquvOXPCXum8eVbiXmqjUI9ssf7z
1AqDT9Su9MctJl4ieB1rbs20m7jMmRGR94GrUdpY3ALQrlQcZojh6zmqntLj5421LFrcC8txOBtz
2qXJPWmqgVQq8AU4V6K7nM3dijiiiimAtKKbnJp4BbgDJpbuyBCU9EZqiuLq0sIjJeSquBnGa4TX
/iSqmS30sHcONwFbRw86jsiJVEjuNQ1Sy0eJpbiVcgZ27hXnWufEGXVpPsNquLaT5WPtXFXU9xfy
ma7k8wtzUlpxNGoGBnpXoLBRpU23roc/tW5I9a8IAmJCe9eo2H+rX6V5d4R/1Ir1Gw/1a/SvKOs/
/9X36sbxH/yBLz/rk38q2e1Y3iT/AJAl5/1yb+VKXwmlL418j5dY/vpf+ujfzNKKRv8AXS/9dG/m
aUV5ktz9Dj8KFpwpuaXGaRQoNOGM00Ypw9aYJDoUM1zBEB8zPjFfQuhWf2DQLW15LBc/WvE/B1gN
Q8UW8bDKKpYnHTpXpPjLxvBoMAs7LD3ITAweldNJpJs+fzRSxE40Yov+KPFth4dtnDtvuT91Ae9e
L6pq17rV01xeN8x5VM5AFQXd3d6hdSXF1KXkc52k8AVCPbn3rOpUbZ3YLLo0Iq+4AkUdeKM0Viek
tA6U0gMMEAj0p1JmjzE11N/wx4tuvDk4VyZLPPKliNufT1r2XTdTtNbsUurSQOrAHA61894yPX2N
aWieIb/w7dJLaSM0e4F4yeMVvSqu9mePmOVxrR54bnovxP0w3GgNcqMmNlyB9a8dAyimveG1ax8X
eGLgQ481oyWX3FeGND5EskLcGM45orWbuiMslJQdKW6KzrULLVx1+UVCy1gmd06disRikDVI61CR
itEczTTJQakVsVXU1KpoZUZ2ZYV+elO6+1Qg09TUs6FK5ID2qaM4qsTzT1apNk7MuK1Sg1TVqmV8
00zeMixmnA5qIGng1Vy73JKDTc04E9RzTG3ZXDAyB+dKivJKIo0LSH+EU6CCS5uVgtgWlfsBmvYP
BfgW30q3F9fKJbo4I3DpV04Ns87HY6GFh72rPKJPDuvzLiLTpAp/iNRJ4E8QvybQ59xX0sG28DC+
wFLvY+/5V61Cu6KtBHxOKxE8VJub0PmaTwB4gI5sz+VUn+HOvFuLNvyr6nDnH3j+VAc9/wClayxt
SXxHKqNtj5YHw413vaP+VPX4b65n/j2b8q+pdx/zimnd3/pS+uSD2R8wj4Z683SLb9Vq5D8Mte/6
Zj6g19IMSRwTUJDVX12ViuQ8Jt/htrSAbmi/I1sWvgbVIcFmj/WvWH3Zxk1VfJzk/nWbxcpAonF2
3h67gxuaP861YrKWMfNitaQc9qrvjtWMpuRRXCEdaU089aaazAaaaetONJigBtBNOxSEUANpVIB5
HHekoHWmm2Jo5/W9KdGFxBkgnlas6VpcbwLcTZ9lNaxAbh+R6UfKBgDCjsK5fq8FU53G7Ned2sJ5
iqQNwQDpQ3XOciqeo2T3QUxMR9Kt28RWAKxOR3Nb8zk/eRDuwzz60uCO1U77VINPUg4Z/bmsddfu
WlDAfKTioniIU37/AFGqbkro6PqxHQ1zmsH/AEsqRweDXRxHzoQ5wCRVSTTUebzZBnJzzWGOoTrU
lGBVKahK7ObtNJ+Zmih5bua3LXSEUBpSSR2rSQJGNqKAKU89azo5dCKUqnvNFyra+4ACoMIoApM5
60UV6G2iMW3cDzSUtJTv0EFFFFKwBRRRQAUUUUAGcUtIaBQAuDTlQtSKAxPOAKyLzUbiVngsxlhw
TUzmo/LoOxZ1HVIrJSqfO/Qis3RUhubtpr18n+EHtUGnxT/a2hvE3M3c1Hf2kthKwJIDfdI7V51a
tVT9ra8eqNoKL0Lw1WK21ZopYgYyflYVsTapbW6xCQlklAAB7ZrC0iGxmjcXvLqchs1l+XJqevvF
AWMMLjbzxWlOtJUrx2ewnC7s9DW1bTN1zGLRCFc/Nit20tlsbZYl5zyc+tPi/dxBXALDvTs55rqh
SUZcy3Mm29x1FFFbPzFfoLn0HNLyfujJpUjZueg9ax9b8U6foQKswaXHQHqacYSn8IpNR3NkhYkM
kzBFAyTXJa74/sdPieKyxNN05OK4bW/GGp63Kyo5ht/Y1giMZDElj3Jr0qGBS1kc8qumhf1LWr7W
JN08jBc/dB4qmqqv3QB60vGTz9KK74wUFZHO23uFS22ftUeT3qMdKmth/pKfWpqr93L0Y4fEj1jw
j/qRXqNh/q1+leXeEf8AUivUbD/Vr9K+eZ6B/9b36sbxF/yBrz/ri38q2axvEf8AyBbz/rk38qUv
hNKXxr5Hy6/+tm/66N/M0opH/wBfMP8Apo38zQDXmS3P0OPwoeKKTNLSKFozgg0macB39KAvqX9K
1eXSFme34nk43DtVCWR7idriZzJM3VjSjvzzSEmq5iFTipcyQnJHNFAoqXqXs7oKKBS0WASjrS0Y
oDyENIPalxSYp2ElZljTNSudKulntJmjHR0HQ1Dfzi8u5LnbtLnJHvTexGeDTT1ov3M1RgryW7Iz
zUTCp257VG1SJxsis61CyirjDioXTjNUmc04FXGDTg1Ky0zFXuczVmTK1SK1VgealVhSaZrCRYBB
peKiBqQHNQ0bp3HhqlR8VXxilDUjWMi8r08HNVUfPFTI+c8U0zaMtSdWxz1NTW0E95cpBZxtJMxA
AHbNR2Vrc6ndfZbOIs7YGccCvbvB3g2Hw9axS3OJLwqCxxwK6KcGzgx+YRwyeuo7wZ4Kg0OBbm6j
Elyw3ZP8Ndfnd1prMGOSaXOfauyMUkfG1q8q03KbFIxSDilzSHmnr3MEkKDml4ptAo17gSA0daSl
oCyCo2xUlNNAFeRaqyLxV2SqsnNAFCVeKrMtXZFzVVhQBARTCOakNMNADTSUppMUAB6UnalpKAEN
NxT8cUlA0NIpMUpo7UXZPUq3txJaxeZGpYjsKxJdXudWY2tsTGw6+tdKDt7ZqqNNt4Z2vIlxJ1OK
yq03KV0zRNHP28P9lM41BGlkf7rNUdnF9q1FSFG3d90VZ1bVDdy+RcREBfutir3h6zCRm5P3R3Fe
dKKqYnkeqjqbxfLBjfEZe2SOSKby9uPl9aXTNZa6xHMCTisvUmbVrxmz+5Qnke1TaMo+1eZkBF9a
1qV5qulF6MmEE6bbOkMfPAx3pCpHJzzXPavr7TXywWoIUcFhT7LWbpmEbwswHUiun6zS53Bb+hkq
bUbm70GMUcVUTWLR+GO1vQ1OlzbS/cmXPpW0ZRls0S4tElFO25AIINIVIOMjNUJ6K4lFKVYDn9KN
p4zjmgBtFOK8ZyBUbyJApaRgo96Olx21sOpRyMLVN9XskYDzQc1Lc3Cw2QnXoVzxU88dddg5Xa5Y
2/LjIzSZzx3FctZ6vMbvzHOUJ6Z6V1CukyCWM/KetZ0a8K2sGOUHFczKOum4j0syWv3s81B4WnSW
x5AE+TuzWttEqNG3Q1zDzf2PeOE6Mc1hiZ+ymqj6l01dHUACRtu1d474qrK1vqW62YZZB1qk3iSA
WwK/6w8VPpUOInuHGC9brEU6itFXRMoNO7MBbOS6v3tIwVVTgsK6iysYdPtxHGg83u/rUsaRxfMi
gM3JNP6nmpo4WnSTdtWEqkqi5XsA560vsPzpO/8AhSsUiTfNIsaDnJrp1bsjNu249FZuAu6or6+t
NLhMt1NGMDO0nmuS8Q+P7WyLW1gpklA+8p4rze9v73Vp2mvJWKt23HArso4OU9ZGU6yWx1viHx/c
3ga204uiA43rXGOstxKZrmV5X9XPSlQBB8oxjvS9TzzXqU6UaatE5JNz+IBgcClxS4orQQmKXFFG
adgFFS23/Hyn1qHNS23/AB8p9azq/wAOXoyofEj1nwj/AKkV6jYf6tfpXl3hH/UivUbD/Vr9K+dl
uegf/9f37tWN4j/5At5/1yb+VbPasbxH/wAgS8/65N/KlLY0pfGvkfLj/wDHxL/10b+ZpRSv/rpf
99v5mkrzJbn6HH4ULTqaOtOpFAKXPFIetKOlAAKDS0UAIKU9KQ0UAAoNLRTASlopO9ABRRRQAlBF
LRSAZTCOakIphWkSyMjmo3FTkcUwrQZSiVWWoStW2WomWrjI5qlMr9DShvalZaZzV7nNrcmVqkBq
sCakVzUtGsaliyGpxXjNQ7h1p5faw+Vmc9FAJz+VRdtnRzxtdiqwHOa1NG0u71y8EFqDt7sOgrX8
PeBrvVnSe7V4rfhsYAzXqWm6XZ6LbiGyhCpjlyOa3hSb1Z5mMzRUY8tPVkvhPwxZeHbRcAPdN95j
ziunV+/XnvWNFMQetXo5c967IxUUfN1qsqj5m9zQD5FPBqsj8dalBJ71RiTilqNW9akDCgAo6Uck
0p560AANLmm0oNADhSGjNBNAEclV3FWWFQOtAFKQdaqsOauyLzVd0oAqFeaYw5qwVNMKUAQEUhFS
laQigCHFBFSYppWgBlN70/bzSEc0AMNHanFRSYoAaM54oOMZ59xTsUhoAq3mn21+mxxtIHBFYU41
LSrZ7eHLQnqcV0vU+4p3B4dQ2eMGsalLmuo7lKWhzUflQaGzD/WMpJPvVSytLm7YvGdsK9SK6efT
4LlPK27UHPFZeoRXVpb+RZofJI5K9TXJVw6v7V9FsaRn7tjInSP7R5UQyxPWuq021is7JRIvzlcl
s1zukxpLdgPwy9jXTXjBLJ8MMhelPA02oyry3HVldKKORnAlv8xnALY6Vr3GjQw2yuk58484rJtr
eXULgomQ3XirNnbXbasIZ2bKDgt0rloNNTk18TLqWSIre41EO6bzhangv765mEUfLVtarDHBbN5a
gNj5mFc7Y3T2dwJlGcVtXnKhUpwUvdFGKlFlxtWvNMusXo/dDrUt5eXMkQu7Zv8AR36e1Z15LNr1
z5W0YJ5rYnshp2jJbg5wxOPrVqo5wqWei2FKKTRR0+5ubmUyzP8Auk7VI1x/bd6sUbERA8471DpA
3I8eeC3SoLBvsGo4Q/KW6elYxxDcKab+LcbguZmpfeH4HiPkPh174pPKng0NoJudpI5+lbW0kBl5
XqaytUvIpbd7ZPvg8tn2r0Z0owvNmMNVYxDb26adHLG3zlRuFWtI1JrdhE4yjetWND02yktg0rbz
jkZrOvYpI9QaC3jO0/dOM151SM4uNWlsbRafuyOtU5w8Z+Wql1pVrdyb3zmqOk2V9A++4lJj9K2C
csSOnavU1qRvKO5hblM6PQrNDnrWgoCqEX7q9qM0q7j0XNONONNcqC7D3H5U5EL85wKiu7y002Ez
XTqvGeTXnniD4hXE5a200qidN4FdFKhOZlKoonZ6v4m0/Q4myRJLjgZrzLWvF+pa25iVzDB6Adax
JDLcOJLmZpH/ANo5p34V6tHCQhucsqjY0IN25s7vUHrTyPX9KSlFdJle4oHHNLigUUAFFHeimAUU
6imAgFS24/0hPrTKkt/+PhPrWdX+HL0Y4fEj1fwj/qRXqNh/ql+leXeEf9SK9SsP9Sv0r52W56J/
/9D37tWN4j/5At5/1yb+VbPasbxH/wAgW8/65N/KlLY0pfGvkfLrn97N/wBdG/maBQ3+tm/66N/M
0CvNe5+hx+FC96cabTl96RQUvSl4pKADNOpKSgBcUYpKKAFooooAKTFLRQAYoxRRQAlFHeilYANN
p1J3p2AaRUZqU0wipZDIyM1E64qcimEZJoWhlKNyqwNRsBVl1x2qF1281opdDlqRt6EBGOS34U6E
PI+2ON3b0UE/yrX0rwxqGsSKyr5dueSzdSPau/0zw/ZaTGBEm58YLGtoU2zy6+LhT2dzkdH8F6lq
GHuFWCIjhg2T+Veg6J4U0zScOER5e745JqWOUrgKcD2GKuQzc4wPqa2jTSPKrZhUnombMcgKjAAH
QU8/N15+tUI5OetW45OK1RxuTbux5UjpUscpXqaaCCKayd6CTQin461bSTPesRHKnrVqKc55oA1l
bmpAeapRy5PWrCvzQBZU08Y9ahBp4amBJmjFNzTqADOKQtQRmmkUAKTTGGacaTtQBVdeahdDVxlz
UTJQBSZKjKVcZPaoilAFUx01lqyyGoipoArkU0ipyvPSmMtAEPamkVKVppFAERFGKeRRjigCPFJi
nEUlADSoOKD9KdSYpp2AbznPSgMQT6GnU0jmktHcFoQCztlm84J8/tVPUtMuLuTzIpML3WtPBHel
ACjIJFRKnFppLcd9bnM29te6bdCVYiw9qj1K/u7qUJBC6yk9a6re+MA/nTfLj3btvz+uKwWHlTXL
TdkW5X3MWaZ7XRlhu3zOwqjpYikLQy4DEcV0U9lBcyB5Blh0zUP9k2olEmMMOeKVTDydZS3SHGdj
nY2bTdSyRjB7dMV0F9e2s+n+YHBbHIp8+mw3PzNgHpzUCaJbLxk49KmjQnS5qa+GXTsDmmYum3sV
tdb3U7HPFSX2kXMU/wBogy6PyMdq3RpVmBhlBA6VZT5E2AkgUoYH3OSbu+gSre9oc7CdUMDIof5h
jmnvoU8lqoQ/vScsTXQbiv3aC5BJGc1vDDuPxu7Ic+xmWOjLYFWLZYDkZ4rRBVW3BBu9QKTjHJOT
RypwBmtYwjSjyrYTve7FLE8Dn6U0ZLY209EZzjOwetZWq+KNM0ZWVn8ycDoDmtIwk3aKJbS3NVlS
GPfNIEHvXJ+IPHtlpqmCz/eSnjIri9a8X3+tSMseYo88A8VhLGF5wCT1Jr0aGBS1kc8q3YtahqV9
q8xluZXKfwqTwBVcALgKAPpRyMDNL0r0EklaOhhJuQUUUUyRcUuKBRimAoooooAXHNBHNL3oPWgA
xS4oopiCpLf/AI+E+tR1Jb/8fCfWoq/w5ejLh8SPVvCH+pFepWH+qX6V5b4Q/wBSK9SsP9Wv0r51
7noH/9H36sbxH/yBLz/rk38q2axvEf8AyBLz/rk38qUtjSl8a+R8vP8A66X/AH2/maShz++m/wCu
jfzNArzXuz9Ej8KCnZpMUAUDHDpSikFLQAtFFLigBKKXFJigBKKKKAHUhFLSUAAopcUUAJik70ua
DQAYpCKB1pTRYBuKbTjSVJLQ0imMMkDqPT0qRuOpwPU961tB8M6h4huQkFuyQHrMTxiiMW9DKtUj
TjdsxIoJLmYQW8W+Q9AvJru/D3w8RQl5q5O/qsfau60Lwjpvh6ACKFJLjvKwya05l3HJ5+vauynR
stT5jGZm5NwhsYZtYoIwkKLGgGAAO1UZY/Qcetb8sII6CqE8PHTjNb2tseK3cx2ypqSOTpzUk0eO
1ViCpoEjSjl6c1eikyetYccvPWr0M3PWmPc145OasK2azIpatpJwDQIsMgNNB2nrTlcMOacQpoAf
FNg9auRzgms/GOlKkhU0AbMcme9TBqyY5wD1q4kwI60AXgwp4aqquD3qVW96YExNITTd1GaAA0lL
mmkgUAL2phFO3UnNAEbLUZSrGPWmkUAVWSoilW2WoytAFUpUTLzVsrUbJQBVZaj21ZdeajK0AQla
aV4qYrTCOaAI8cU0rUpHFNIoAiNJUmKTFADMUlPIpCKaAbQRxTqQ0kAyl5paWn1uBGc0uKdikqY3
S8wGmk5p9JVa2DQaaTGKcelAxjn+VK19eoXuxvNHSngM33VJ96Zcy29knmXUyRqOxPNHK36g9NWO
RWdgAmfU+lVb7ULLSYWku5BuHQZrkNf+ICRCS30/BPTcOa4C5vL3UHMl1PI2e2eK7aODlL4jCdZb
I6zxB4/urwtBYgLH/fBrjX8y5kM1xI0jnvmgKF4UACnAkdOK9OnSjT+E55TkwAVR8v60UHmkrQiw
uKMUClp+gBRS4pKAHClpBSigAxRilooAUCjFLS0CExRilopgJipIB+/T60ypIP8AXp9air/Dl6Mu
HxI9U8If6kV6lYf6tfpXlvhD/UivUrD/AFa/SvnXuegf/9L37tWN4j/5Al5/1yb+VbPasbxH/wAg
S8/65N/KlLY0pfGvkfLkn+um/wCujfzNAok/103/AF0b+ZoFea92fokPhQ8UCkFOFBQop1NBpwoA
KKKKACiiigApD1oooEKKWm0oNABRRRQAlLR2ooGJRS0hYhNzGjyFpuxMc4pY0klfZBGZJDxtUVo6
Nod7rtyIrWJiucFiPu1674c8C2OhRJJPtnuSOpHStIUXI8zF5nCgnbc4/wALfDie5Md9qjGOMciB
sZr0+3toLOFYbZBHEoxhR1qy2QRjCoOgFMPTIrrhTSR8risXUxEua5C6854x2AqB1FWiKidc9qu1
jju3uUnTIqpJFxWmycVWePJoAx5oeelUJ4iO1bssXNUZoM5pAYpXaakSTaetTTQ4JqoylTQM0Yp6
vxS8c1hJIQavQz+poA2UkGKnVs96zY5RirKScdaYi6KQrUcb8VMCMUARg7TU6T460wqCKiKkGgDS
jnBq0so9KxUkK1bjnyeaANUSA9KN1UllHrU4bI60ATbqN1Rb80bsUAShhTg1V99SBuKYE+aTFM3d
KcDkUAIRTGX2qSjGRQBWZaYyVZKUxloAqMlRlatlaYy0AVCtNK1ZZKiZaAICtMIFT7eeaayj0oAh
xTSKm200rzQBERSEVKVxTSOKAIsUFaeRxSYoAZikp5WkxQAlJinYpMY60wtcbScUpBOMDNPdFjj8
yd1RfQmiMXJhexHgsMAUPstoy08qxKBzuNc1rXj2x0tmitk89gMcdjXnWp+KtU1l2zI0cZP3c11U
sJUqPTRGU6y6Hea94/sLBTDYFpJP7wGRXnmqazqGtyk3MmE9AxqgIx1LFn75pw4r06eGhT9TmlUb
GpEidMCnZ65yaQ0Vve2xmKcUUlKKQwpaSloAKKKKBC0ooxRTAXHFApe1AoAUUtJSgUCDvS0YooAK
KXtQBTABUkP+uT60zFPhH75PrUVf4cvRlw+JHqfhD/UivUrD/Vr9K8t8If6kV6lYf6tfpXzr3PQP
/9P37tWN4j/5Al7/ANcm/lWzWN4j/wCQJe/9cm/lSlsaUvjXyPlx/wDXS/8AXRv5mih/9dL/AL7f
zNJXmvdn6HH4UOpwptOFBaAU+m0oNMBaKKKAFopKWkAUlLQaBCUZoxS4oABQaAOaO9ABR7AZJ6Uh
IAyauabpd9rNx5FjA7kHlhwBTinJkTqRgryZT3gEKAWfptFdr4a+Htzq0sdxqAaOAchema6/wv8A
D6z0mJLi+US3J5wwzzXa7iVCgKirwFArphSW7Pncbm93yUypp+mWWk26w2UQRQMZ7n8as8+35UoF
BzXRtsfOznKcuaTuIRnrSECloIpkkZFMIqTFNIoeoEJXNQMmDVvtUbjNKwFCRM1Ulj68VqMoqtJH
7UWAxZoc84qjNFkdK3pIvaqMsPtQBisu005ZCtWpYcdqqOmDQBdhmJHWrsUmR1rGRiOlW4psDrSG
bMb+hqwrjOKyopT2NW45AT1piNANnrTuvWqqyHPFTK/FADnQdqaCVqQHPWkK5pgCzY6mrMc/HWqb
JTQStIDUWbNO35qhHJipxJmgCzupweqwf3pwfnrTAuBuKkVuKph6mRuOtAFgHNPFQq2akU0AKaQq
MU/rS4FAEBWmFanK0m2gCqyVGyVbZajKe1AFQpTGSrZSo2WgCrspClWClMK0AVylNK1OUprLigCE
rxTCtTkYFMIxjPejQEiLFJtOanEbHtxUF1cWdipe5mVR6E00nJ2QNpCEc4HNLIiQoZJmUIOeTiuP
1j4kWNmGgsSkkg9K8/1TxHqurOwklkjjY5wrY4rrp4Kc99DGVdI9F1jx9YaarJbESS9MYzivPNV8
V6vrLsDL5cXbAxWSIgPvHcf7x60pHGM5HtXpU8NTgtUc86rZGsfzbmJLdznrUmBkEdRSCjpW5mB6
5pKU0lABRiiigBKUUtFACUtJS0AFLSClFAC0UUYoAdQKBSgUAKKWiigQd6dik4zS0AFKBSYpRTQA
afD/AK5frTDT4f8AXL9air/Dl6MqHxI9S8If6kV6lYf6tfpXlvhD/UivUrD/AFa/SvnXueif/9T3
6sbxH/yBLz/rk38q2axvEX/IFvP+uTfypS2NKXxr5Hy7J/rpv+ujfzNNFK5/ezf9dG/maQV5r3Z+
hx+FDhThTBThQWh1FJSimA4HNFIOKUUAFA60tFAC0hozRQgCgGij8KQn3F600svRQSfakdhGMsQA
at6J4j0zSrkzXelpdshyu5iBXVRwlSr8KODF5hSw8Xd3fkdJ4a8A6jrUqT3Gbe164P8AEK9c0nRL
HQ7cR2cK5xyxHNeZR/G+OKMRRaNEqDoBKf8ACnH44D/oERf9/m/wrvhgKkeh8jisznWlo9D1sc9D
n1ox7V5J/wALwH/QIi/7+n/Cl/4XgP8AoExf9/j/AIVp9UqrocPtEtj1raaQg4ryX/hd4/6BMX/f
4/4Uf8LvH/QJi/7/AB/wo+qVOwudPc9Z59KXnHSvJf8AheC/9AiL/v8AN/hR/wALwGf+QRF/3+b/
AApfVKvYOdHrBHtTSPavKD8bx/0CIv8Av83+FI3xvGONJi/7/H/Cn9Uqdg50erke1RsPavKv+F3j
H/IJi/7/AB/wpp+Nw/6BEX/f5v8ACj6pUDnR6myH0qGSM+leXn43j/oERf8Af5v8Kjb43A/8wiL/
AL/N/hT+p1A50elyRnPSqskRJ6V50fjWrH/kERf9/m/wqJ/jMp/5hMX/AH+b/Ck8JUHzI7yeEZ6V
Skg64FcS/wAYQ3/MKi/7/H/Cq8nxcBH/ACC4x9JSf6VDwtRDudqUK9qQEgdK4NvioG/5hqf9/D/h
ULfFL/qHJ/38P+FQ6EkO56VFKeKvRy15OPimR005P+/h/wAKlT4s7f8AmHJ/38P+FJUpCuevRyGp
0evI0+MGP+YZF/39P+FSr8ZMdNLiP/bY/wCFafV5hc9dDnFSK5NeRr8ZxjnSov8Av8f8Kevxpx/z
Cov+/wAf8Kaw0w5j1vGe1MZDnpXlg+NY/wCgTF/3+P8AhU8fxkD/APMKi/7/AB/wp/VKguZHpfI7
U5WNeeQ/FaOU4OmoP+2h/wAK0rfx/FOf+PBB9HNQ6E0HMjtQxpwbmsC28SxXAH7gLn/aNacV6ko4
TBrNxaHc0Q/FSq/FVFkBFSq3pUjLiPUqNk1SR6mRznrQBcU+9PBqur1KpNAEuKNtC07mgdiNlphS
p8ZpNtAisyVGyVaK5pjJQBUKUxkq0y4pPIZjhVJo9QKZXFNKn169qs3BtbSNpLmcIAOnFcpq3j/S
dNQrCEnccA7ua0jTnLZEynFHQfZyDlyFHqTWbfa5pGmBzcThivQA15lq/wAQdV1BmWDEMZ6cZrlZ
nnvHaW5lZyfeu6llzavMwliFsjvda+J4ZWgsIT1wGxXD3+qajqb5nlbb1wDVdUVRwKCOe9ehTw9O
GxzupJkQjXPT5vU0vNOpOa1bYt9xpzRzS80tTa+4aDcUhFLRTsAmKTFOpKLAJijFOpDQAlFLSUAF
FFLQAlKKKBQA4UGiigBwpRSU4DihAFFHelApiExzTqXFFAhe1JS0UAJT4f8AWr9aYafD/rl+tZ1f
4cvRlw+JHqXhD/UivUrD/Vr9K8t8If6kV6lYf6tfpXzr3PRP/9X36sbxF/yBbz/rk38q2e1Y3iP/
AJAt5/1yb+VKXwmlL418j5bc/vZv+ujfzNIKH/1s3/XRv5mgV5vU/Q4/Ch1KKbTs0FodR0pAaKYC
0tAoPWgBc0ZpKKAFpQe1JQSFXLEBapRlOVkKc4xjzSHjnpUE90kQwD81VLi+DApFwPWqWdxyxJr2
MJlnN70z5vMc7jCPLR3JZp2nb58gelR5HakGKWvfhSjTVoo+Sq1p1XzSYvSjrR2orW3mZWQoozSU
tFkAhooopadguxc0mee1HajtRp2C7EJzSUd6WjQLsYc5o604im9KHYd2NNMK1KR3puKnQaZDtppG
KmK801losi1IhIFMI9qm200rWUoplXID+NMI9zUxWmFawnTRSZEfYmgHHXNOxSEVzuNnoMUH3pc4
700UppxlqA8GnZqIGnhq2UxEqtjtVqFulUlarMUoHFaqQmbNu3Tk10mnbcrxn61y1pIvHNdNp/JX
PNZVLNAjsNN6jG0CumtDgDnNcvp2QB8tdLan5RxXm1VqWjXj5AqZSRVeM8DipwTXM9yiZWqVWqsC
akDUgLQbkVMj1TVuRUysc0AXVfmpd1VUDt0X8anClRlpEX6mh+QaEo/D86cOaqS6np9opae7hBHu
KxL/AOIOiWKnbMXcf3VyK0jSqy2VyXUgtzphHv46U0mGBS00qAD1YV5XqXxTuJ9y2ETAdiUxXI32
v6rqTMZp2RT2BrspYCpPfQxliUvhPY9U8YaPpQJaVHYehrhda+KFxIWWwG0HoRXA+QrndIxc+rGl
2ADAC13U8vpw+LU5pYiUiW91nVtUYm4vZdp6rms8WyA5bLH1POatkHtTCK61GMF7qMm2QleO1MIP
4VMVppWj1GQ4ppHNS7aYV5pDIyKTFSFaaRQMYRRTiKTFKwDaKXFGKAEpKdim0DCkpaMUgG0GlxQR
QA2loxRigAooxTgKAClFB60tAheKUdKbTh0pgLSigU7FACUopKUUCCiiigAp8X+tX61GTT4T++X6
1nV/hy9GXD4kepeEP9SK9SsP9Wv0ry3wh/qRXqVh/q1+lfOvc9E//9b36sbxH/yBb3/ri38q2axv
EY/4kl7/ANcW/lSl8JpS+NfI+WZD++m/66N/M0tNk/103/XRv5mjNeb1P0OPwodmlFNFOFFyh1Ga
bmlBoHceKM0lJmmNasdk4zjNGc9ODTc4HJwKpXF9yUj/ADrpoYadV6I48XjqWHW5cluI4l5b5vSs
2a5eY88L6VAzF+W5NJmvosJl8aa94+Nx+cVK+idkOzR0ptFeiklseK97jqO9IKXPNMQ8GkzTeaBm
pAeDzR3po4NLmqQDuKTikozTuA6jtTaXtSASlFJSigAIpuKcRSYNACHpTTTyKaQaChpHFRnOKl7c
00jigaZEw44ppqbHFRstSUmRkVGRU2KYVNZyiWmQ4ppFSlTTSKwlAZHikpxpKwlGwCUtJS5oTGOU
1IKiFPU1rGQmWY3kQ8HNa1nrFzbEfKCPrWKhGaspg+5rRWe5Db6HdaV40jjIE0ddjp3jXS2AEmRX
jyYI6YqdUBHVh+NRLCxmT7Ro95h8VaO4GJgPqauL4g0sjP2hfzrwABlxtdvzpczn/lu4rL+zk+of
WGe/HxDpa8m4XH1pp8W6LH1mB+hrwT99jBmc/jSbG7yP+dL+zo9WH1hnuM3j7RYvunJHvWbc/FKy
h/1MLE15CIhkElj+NPCqD3/OtI4GityHWkei3Xxau2G23t8D1JrFuvHOu3mSrKinr81cuPXA/GpU
Ydcc1vHDU1skZucn1Lst9f3bFp7hzn0NNRB1LsfZqgV/8ipUfPOPzNdKSitDJ3ZYAUDAFLUatzT8
g0XAWlPNJmloWmwhpFMOalNNIpWAixTCKmIppFD13C5CRUZFTkUwrU2KIjmmkVKRTWFMCMjikxT8
UlADMUlPIpuKRQnNJgU6m0gDFIaWkINACGkpxFJigBKWjFFABigUUAUgFpRSUvSgBcU4dKQDilHS
mAopc0gpaAFooopCCiiimAhp8P8Arl+tMp8J/fL9azq/w5ejLh8SPUvCH+pFepWH+rX6V5b4Q/1I
r1Kw/wBWv0r517non//X9+7Vj+I/+QJe/wDXJv5VsGsbxF/yBL3/AK4t/KlLY0pfGvkfLEh/fTf9
dG/maQUkh/fS/wDXRv5mlFeW3qfocPhQtKDTTRmjUofSg00txz1o3ADJ4FVu7LUUmoq7Hio5p44V
+ZsmqtzqCxjCDJrMeRpTliTXq4XL3P3pHg4/OIU1yU9y1NdtOcLlRUH48imZ7UuRnivoadGNNWif
H1sTUrSvJkgajrTMijNa3Od67kgxmlzzUeacDRoA7NGaTPNLkUwFzS5ppNGeKAHZoBpuaKdwH5op
opSeKLiHA0ppgNOzQAvagUlGaAHE0g60lFAxTTTS0UANPSkA4p1IaLhcbimEVLimkUikyIrimEVM
RTSo9KC0yAimkVKRTCKmSKuRFaaRUpFNIrCUSkyIikp5FIRWLiMbmnqaZinCo2AlQ81ajPNVV61Y
j61rBkMuRmrSH5aqR9atJW8WYybJxyKdTF6U7NWZi5pRTRS00A4daXvTQeaXNO4h3anA1HmnA8UX
YiVWqVGqsDUitTTFYtBuakVqrBualVhTETg5pwNRBqeGpkj6TFANLQgGkcU0ipDTSKYEZWmkVLim
MKkdyLHNNYVKRUZFAXGFeKaVNSc000gIiDSAU85pvNIq4hFJilNFAJiGkpTSUhiGkpTTaAFopKKA
FooFLSABSmkpaAHDoKXFIKUdKYC0UCloEFFFFIAoopKYAadD/rl+tNp0P+uX61nV/hy9GXD4kep+
EP8AUivUrD/Vr9K8t8If6kV6lYf6tfpXzr3PRP/Q9+NY3iP/AJAt7/1wb+VbJrG8R/8AIEvf+uDf
ypS+E0pfGvkfKsn+uk/66N/M0A0kn+uk/wCujfzNJmvMaWp+gwdopDs5NLznimjODzgVUudQSDhD
lqujSqVNjCviadD4i5JMkKlnPPpWTcag8uQvC1Vkme4bc7celMyOwr6HCYCNON2fKY/OKlR8tPYl
VvXk0bjUYNOBr1Fax4bTbbvuPzzS96ZmlzTepFrD80vNMDUuaLhYdzS5pmaXNFxDweKcDxUeeKUN
xVJgSA0vaow1Lup3EPHFLmmg0E0CHUUgPFGaYCinZpgNLmmA4GlzTAaXNAD80U3NANADqM0maKBh
QaDSZoAU9KbS5ooAaRTTTz0ppFIpMjNMIqU004oKuQkUw1MVqNlrNopMZjNMIp+CDQeazlEq5Hin
AUYxTsVlKIXFUc1ZjqsvWrKURJZajq0hqsnSrCVvEykTA0uaaKdVmYop1NBpaAFzRSUtMQtKKSim
IcM04HBpoozzQMlDc1IrVADUitTuS0WA1SBqrhqkVqYrFhWp+RUCtTw1NCaJaQ0gOaWmIKY1SYpu
KQEeKaRUhwKQjikBCRTDUxWmFaBkRpuKl203GDSGRHrSVI2N1NIpDQw0mKcaSgBKTFLRSGJiilpK
ACiiigApcUnenUgFxSjpQKB0pgKKWkHSloEGKKWkNABSYpaKAEp0I/fL9abT4f8AWr9azq/w5ejL
h8SPUvCH+pFepWH+rX6V5b4Q/wBSK9SsP9Wv0r517non/9H36sXxGcaJef8AXFv5VtCsXxIM6Jef
9cW/lSltYuj/ABItnynIT9ol448xv5mmNIsQLOce1Q3l6kM0i9T5jdPqax5rl52+Y8Vnh8FKcm2f
UYrNKdGCjB6lu61F5MrFwPaqIznJOSaaMA8dKXoa92jRVNWsfLYjGVK8vfH0uaZmjNdFzkH5pQaZ
mjNFwsS7qXdxUQJpd1WmFiQGlzUYalBzRcVh+aUGmZpQaLg0PBp2ajpQadxWH5pQajzS5pk2JM04
Gos0op3CxLmlzUW6nCqTFYdS5puaAadxWH0ZpuaWi4WHZoBptFFwsPzSg0zNBOadwHmjim9qM0XA
XNGaSkpXAdmkNJRQMSmkU48U3rQNMawNJjinHmkNSykyJhTCDUtIRnpUspMhxS807bRioaKuKgqx
GOahUYqePrU2FJ6FmPrVlKrx1ZSqSMZDxS0gpasgWlFJRmmAtLTc07NABThTRS0xDs0o60ylBxQA
/vS5waYDzS0wJVY1IGNQBsU9Wpkssq3FPDGoA9PDU0S0WFapAarq1SK1MViSikDUtACED0ppp5pp
GaAGkcVGRUuMU0jNICEimkVMVphFKwyIrTcYqUimOuelDAYRTcU/FIRSGMNJTiKTFBQlJS0mKTAK
KKKQC0o60lAoAfQOlJmlHSmAo6UtIKWgQtFFFABSGlxSGgBKfD/rV+tMp8P+uX61nW/hy9GXD4ke
p+Ef9SK9RsP9Wv0ry7wj/qRXqNh/q1+lfOM9E//S9971i+KOPD9//wBcH/lW3WH4p/5F7UP+uDfy
qoq8gZ8ZTljdzknP71v5mo6fP/x8z/8AXVv5mo69iCSirGUnzO7HAUGkH1oq7i33FzRmgUGgQoNL
TaM079wHZpc0zNO7U+ZALmlB4plKDTuhD80Bqbmlp3QDwaXNRZpQafMhEuaM0wGlzVcyFYfupwPF
R0uaLoVh+aUNTAaXPFCkgsSZpQeKjBpc1V0IkzShqjBpc0XQEmaM0wGlzTuhDs0A03NKDRdCsOzR
mmk0Zp3XcLD80hNNzS5ouu4WFzRmkpDRdAKTSCg0UXQwNMIpwpKTsAwUuOKDQanQq43FLiigUnYY
qjmp0FRqKlQUtBMsxjipkqJOlTKKd0ZyY8U6milp3RItIaWii6AQdadkUlJ3p3QD80A0lKKLoBaK
M0CndCAdadmkop3QDs8U4Go6dRdASq1SK1QA08NTTQrFhWqRWquGp4andCLAapN3FVw1SA0XRJJm
img04UXQhDSYp3ekNF0AwimEVIRSFad0MiIppFSEUwipbQIjNNNSMKYRSuhjDSU4im4ouhjTRSkU
EUroYhpKKKNO4C0UgpaV0A4Uo6Ugpw6UXQAKdTRS07oBaM0UUXQBmkNLSGi6AO1Oh/1y/WmU+H/X
L9ayrNezl6MqHxI9T8I/6kV6jYf6tfpXlvhD/UivUrD/AFa/SvnT0T//0/fqxfFC58PX4z1hbHHt
W1Va7QSxFGGQeoxxinF2Yz4huIJhdT5hl/1rf8sz6n2qHY/dHH1Q19Yav4X0+RmK2UIDc5CCuNvP
BsDM223Qf8BrsjirKxm4ngIVv7rf98ml2t/df/vk17d/whEX/PNfyo/4QmL/AJ5j8qf1tByHiO1v
7rf98mjDf3H/AO+TXt3/AAhMX/PMflR/whMX/PMflVfXEHIeI4b+4/8A3yaMN/cf/vk17d/whMX/
ADzH5Uf8ITF/zzH5UfXUuguQ8Sw39x/++TS4OPuP/wB8mva/+EIi/wCeY/Kj/hCI/wDnmPyo+u+Q
ch4nhv7j/wDfJow391/++TXtv/CERf8APMflSf8ACERf88x+VH17yDkPFMN/df8A75NLg/3X/wC+
TXtX/CER/wDPMflS/wDCER/88x+VP695ByHimD/df/vk0YbP3W/75Ne1/wDCER/88x+VH/CER/8A
PMflR9e8g5DxXDf3W/75NKM/3X/75Ne0/wDCEx/88x+VJ/whMf8AzzH5U/r/AJB7M8YGc/db/vk0
uD/db/vk17N/whMf/PMflS/8ISn/ADzH5U1j12D2Z4yM/wB1v++TTuf7rf8AfJr2X/hCY/8AnmPy
o/4QqPtGPyo/tBdg9meNc/3W/wC+TRg+jf8AfJr2T/hCk/55j8qP+EJj/uD8qf8AaK7C9meOjPo3
/fJpefRv++TXsP8AwhMf9wflS/8ACFR/88x+VH9orsJ0jx7B9G/75NLz6N+Rr1//AIQqP/nn+lH/
AAhUf/PP9Kf9orsHsWeQc+jfkaXB9G/I169/whUf/PP9KP8AhC4/+ef6Uf2iuwvYnkPPo35GjB/u
t+Rr17/hC4/7n6Uf8IVH/c/Sj+0V2D2J5Fz/AHW/I0vJ/hb8q9c/4QqP+5+lH/CFR/3B+VH9orsH
sTyLDf3T+VBB/un8q9d/4QqP/nmKP+EKj/55LR/aK7B7E8iIY/wn8qNrf3T+Veu/8IVH/wA8lo/4
QqP/AJ5ij+0V2D2J5Dtb0P5UbW9D+Vevf8IVH/zyWj/hCo/+eYH0FH9orsHsTyHaf7rfkaTafQ/l
Xr//AAhUf9z9KX/hCY/+eS0f2iuw/Ys8f2N/dP5UBH/un8q9f/4QmP8A55LR/wAIUn/PJaX9oLsH
smeSIjf3T+VTojdlP5V6r/whUf8AzzWl/wCELQf8sxR/aC7B7JnmSI2PumplRv7pr0j/AIQ0f3BR
/wAId/sij+0F2J9iechG9DS7G9DXov8Awh/sKP8AhDvYUf2iuwewPOtreho2n0Nei/8ACHe1H/CH
e1H9orsHsDzrafQ0bT6GvRf+EO9qP+EOHpS/tFdg9gedbW9DQAfQ16L/AMIcPSj/AIQ32qv7RXYP
YHne1vSl2N6V6H/whvtR/wAId7Uf2iuwnQPPQrZ6Uu1vQ16D/wAId7Cj/hDz6Cl/aPkHsDz8Rv8A
3TTtj/3TXf8A/CIH0oPhA+lP+0fIPYHAeW/9004I/wDdrvP+EQNH/CH/AFo/tFdhfV7nDBGx0pyq
3pXcf8IhR/wiJHrT/tHyD6szilVs9KmAPpXX/wDCIN15oPhFsd6f9prsL6szkgD6VIAcdK6keEn9
6X/hEn9TR/aa7A8Mzlgpz0pSpPauo/4RJ/U0f8Ik/wDeNH9prsL6szlttIRjtXVf8Ik/vR/wiT+9
H9prsH1ZnJFCaZtPpXYf8Ik/vR/wiTe9H9pLsH1ZnHFCe1MKH0rtP+ESb3pP+ERb3pf2kuw/qzOJ
MbelMKN6V3X/AAiLe9J/wiB75o/tJdh/VmcLsb0pNjf3TXd/8Igfek/4Q8+9J5kuwfVmcIUf+6aT
y3/u13v/AAiB9KP+EQPpS/tFdg+rM4EI/wDdp2xvSu8/4RA+lH/CHn0NP+0V2D6uzhNjelLtb0ru
f+EPPvR/wh596P7QXYPqzOHCsO1GD6V3H/CIexo/4RD/AGTR/aK7B9WZxGD6UYPpXcf8Ih/smj/h
EP8AZNH9orsH1ZnD4PpQVPpXcf8ACIf7Jo/4RD/ZNH9oLsL6szhtp9KmtYme6jXHU12f/CIGtGx8
KBHVtnI71E8epRcbblRw7TTNLwrbFIlz3r0uxGI1+lc1o+l+SqgjpXVW6bVArzTpP//U9/pGAIpa
D0oAqS2wYVUfTI2/hrTbpTTQBk/2RH/co/siP+5WuaSgDJ/siP8AuUf2RH/crWooAyf7Ij/uUf2R
H/crWooAyf7Ij/uUf2RH/crWooAyf7Ij/uUf2RH/AHK1qKAMn+yI/wC5R/ZKf3a1qKAMn+yU/u0f
2TH/AHa1qKAMn+yI/wC5R/ZEf9ytaigDJ/siP+5R/ZEf9ytaigDJ/siP+5R/ZEf92taigDJ/slP7
tH9kR/3K1qKAMn+yI/7lH9kR/wBytaigDJ/smP8Au0f2TH/drWooAyf7Ij/uUf2RH/crWooAyf7I
j/uUf2RH/crWooAyf7Ij/uUf2RH/AHK1qKAMn+yI/wC5+lH9kR/3K1qKAMn+yI/7lH9kR/3P0rWo
oAyf7Ij/ALlH9kR/3K1qKAMn+yI/7lH9kR/3K1qKAMn+yI/7lH9kR/3K1qKAMn+yI/7lH9kR/wBy
taigDJ/siP8AuUf2RH/crWooAyf7Ij/uUf2RH/crWooAyf7Ij/uUf2RH/crWooAyf7Ij/uUf2RH/
AHK1qKAMn+yI/wC5R/ZEf9ytaigDJ/siP+5R/ZEf9ytaigDJ/siP+5R/ZEf9ytaigDJ/siP+7R/Z
Ef8AdrWooAyf7Ij/ALlH9kR/3K1qKAMn+yI/7n6Uf2RH/c/StaigDJ/siP8AuUf2RH/crWooAyf7
Ij/uUf2RH/drWooAyf7Ij/u0f2RH/c/StaigDJ/siP8AuUf2RH/crWooAyf7Ij/uUf2RH/drWooA
yf7Ij/uUf2RH/crWooAyf7IT+7R/ZEf92taigDJ/siP+5R/ZEf8AcrWooAyf7Ij/ALlH9kR/3K1q
KAMn+yI/7lH9kR/3K1qKAMn+yI/7lH9kR/3a1qKAMn+yI/7tH9kR/wBytaigDJ/smP8Au0f2Qn92
taigDJ/shP7tH9kR/wB2taigDJ/smP8AufpUsemIpBC1o0ooAgithHVlRgUlOFAH/9kKZW5kc3Ry
ZWFtCmVuZG9iagoxNyAwIG9iagogICA0MDUyMwplbmRvYmoKMTkgMCBvYmoKPDwgL0xlbmd0aCAy
MCAwIFIKICAgL0ZpbHRlciAvRmxhdGVEZWNvZGUKICAgL0xlbmd0aDEgOTU4MAo+PgpzdHJlYW0K
eJzteXt4FFW27961avejqqu7ujudTjrp9CsJeRASOoRAQFIqIAryzDCJEgkPIyZiEiMZGgwJMhrD
QwQxBMQIMcMjouQgIpcMBM5wAM/R4XCEO8fRmfGMceZ+15ijczmeEZPKWVWdRHzNd+9f97vfd2t/
Vbv23vVYz99aq4pQQohAGgkQ/4rVy6o/lNu2ERJ/mRDuvhV1j/uf/vTwdkISkwmhHeXVD63+8zNf
XCDEi+tky0OPRMqLzp9NwvOjeE/iqgeXrbSJdx0mJKkI5yauwgnbq+ZeHG/FcfKq1Y+vPdthLsVx
F463PlK1Yhmhx58jxDcVx8+tXra2mj/Ar8PxOzj2Vz/2YPXOxTsKcNxHCGsgHClXW/hy1oHUGolH
sfBXiOEKNbHVHE+yL1zrG0/ka33X+nKc9oA9JWAPlPNkoBYSBj5RW4zWv/7lMUM6PqOMEMNedp2Y
iItMUuItxjprrUDqzEbqshE+xSGZ00hIDMbKN/p6w9f67JNxG0+y+8I3+sI5J465e9wcLU3JDTvs
MpdJaV6uPZQX8BO7TALc/i3/8/1//XTL4LmeHk6lO2mn+hO1KkLH0rvoDJp5syPCfxxRG9Xd6gtq
A4pUo4V1IS1u8lNlnLRLdD3vFOtsu+zG5807oc7+LKt17qR1RLY4rOkmhyHGEcuTNIcQ4oJxSF5Y
o+9aH55o9GHfN9An9/bLeMg5MT++Kh4JzY3Sp++B4XOtL+vpYdM2D26lTc3NaoRratZJ2/8bNXB2
cODsYMdv1P1Inxvp+wPSZyNVSoKZURF2GmslpIh3GASHyZpmCZE0AyfL1y70DvRe65P7kZL+8I3+
MIoth87ushTN7rIW3T+7Sy66v/gMkYfO4VNlbMoke/6kEsWt2Jfay+zb+e1su2G7sdHUaG4UGkWx
VKMx4ArZo5TnumjtRfWhZna5SV15KcK/10fXqFv6vs6KoKEQbuhz1OkcnU4H2aoscPhkB894u4/x
Iu4mMyf4GOPlJA44R5LdAcDZrJyUBJxFm8pwgFgnS2YGtA5qjQQ1a5UsomBiPHCS00Cc8rV37G7N
Cqb29rlR6I7JObMXFRtl9pmRfeYOG2XTZ/pA1kf6rDZXEgzl5VJsLmQHApDrwoO8jgv/O5f77OCM
nesHr9Qf5+mVP0XYEjSOCB2vXolwIW7KiG3UIk8SuU3xiGYj1LFas2YNhjST4LCgIZjQDqzDZir3
apLv/7I/LF/IUcw5Qo6YY8mR+FEL0GQZ1TuQc9ycJk3fka+z+tQt+K6moY/ZHPY5SadGpTAU5JID
PouY5OO8fp9oETNEiz/Ax9JWtoGMiW31bHA51o+pzvCLloDX5Ha4OAcxOV3jk71OYsvJkG9c6LvW
i6Yg99sdUeeRe29cQNO8qPahFKOSs36Gp0b9WBI8TtCRSpVnDEkGnzGYJqSJaZY0Kc2a5kvzpwXS
gmmhAqFALLAUSAXWAl+BvyBQECwIFQvFYrGlWCq2FvuK/cWB4mBxqFKoFCstlVKltdJX6a8MVAYr
Q51Cp9hp6ZQ6rZ2+Tn9noDPYGTojnBHPWM5IZ6xnfGf8ZwJngmdChTmZ8zP3Z3Zl8qWkNN+em0Rz
wxPzJqRm03E0b0JyIMy77aFxNBQ0uGJifTSJumL4QDC5rcH7rz0vtj969KMPjtMxVNhEE1obvBfe
3LV71T999M/d6mX16k71o1l0+eGDdY/dtzIzf9KlU7//z7Fj1ZN7tz9UXrpsQv6ED8//8dMwGcam
46jzBJJMdimzRMEMFpMPeDD6eB4yTDxJBD6xTtwdcta5au0SX2czGP08g3gTiQW/GPKC1WJg8eiY
/uT4GDkt0RJyBFNGsELulc+dszvck1Hqjsl2bJpJ94fDaDZqv2Oy1kYNG/dh5dhQOSdEo83GlSLX
bieaM4yjmdSu27UOf7wrxpASFVcm5QtL1mX9do/q6p+xbPFt5wYJ2lwR5WnC24Mtm7bu3r11E/e+
tOSnalmE/mrrvYO/i2i2ePXcvjcDrdu2taDtD91AOSxEOVjJZmWyVYq6qZgkiOi5Ipom/41TZ4hg
0T3XSGph1GvNNmKwjXrtjanotfZR1kYc1jTssMijyawZoAdEKpoEs0F0Sk6rLIekkNUvK/J8WUST
oK4Qxaa5khk7w8L6wXf7B9/dxv1yB32etqDeIjc72JJIZCAEv9OAiZLF6Fdfol95SKEST55zbwBp
u32DxbweqhOsDouHxKQYpARUz7V39OgV9RO1L0eRchKrEtdw6+PXe15ONNBSauCHg8yoGXJ22YEi
z2dfTlF/rarq0+rd9C267inqP9Aw5tdHfnvt2ocvnMmknX/+iB6gD9JyekC5Xd3xy261R30D27mD
h8kwzkAZylokk5WYKMogyAiIMiHEGC5okW/0hgd6w6MxULHZpBxJkeZLZVK11CgZb8WYXFcUYc5F
8cWryYHT5GDYj3IQMaJkKw6ywWLY4FhvqY6DFJc5xSZp0WxYAAgciF9V8Q3xPfFX4hG/UvRIG2XX
HRWBfoT1PadP95zt7j6rNqlF9DW6lkboUXXREnoHnU3n0DvUbvUt9ZTaHaH7aAW2l9SVGHdb1JVE
5/s+tDEV+XaSDUqWzWc0Ggw+WbZlyEZqMUGdwGrttM5KzGlGR5os4lFCccgOLhgzDLm96E69UQf6
UnMiLeTd4jxoVUYjJaVKouKa71plqHY1GRpdL7uMRmOsMdWYb8yXV8mG0lHh0RGU1vzqvp4e+h48
dZYTetSbA6vPatL8+g9wOIImxucP3BGJ8jATY0Q7P514SUQZ64kxSm4K7cx9QGhLcFiBtrNDMrHf
40ycZbDlOWVpJk/yPAaZuz0pigg3buGh340QMALZOSeJz0d8FNDwZncJRRi6k4iCL0wiSUPn9NB9
Mtu33dflg1HdT0O4jHUNY8KEVA0mcTBz9276ldJR/8ZbrYNPbZzxk8qVT0YgL9KytOi9dwevRyJc
XtPDL72qhqJ2UoT+wiM/mp1kKU7SbDE0O9o0O5nmmmKeZgtrhnJDN5QBzVBOyvFKfFk8aFYy0S6n
RrH5Vivhjlbff19NzZIlNeqf1fO0kMZTD52mni86R5GdnvOq+vc1CGUGaqTp6m/Ur9Sb6vVR2Zpm
IS055Aml0O9xSrwhk4BsHNOe7pUPjIO2lEBcjMiM7emHQrFmEu8UZlncc+NNeRbZ4JobLzuDszL8
clpyXurt43UXmooJUu+w2aCYNalHxY7GownePRmDoyKRcHZYCZeFq8Pbw5rj/7BcvzcYVQH/wT1H
a996s3WwqeG2RQ+sahjc3zBt4VLsn9FUMW3/o0+2Q6Ri2ZWrmvjpl5dW7Xh68C+3nmnqKV28QtNH
NupjpiGGxJAAuUtJDriYPS6pwxTXYaXt0EjardWmNkfCNHGqk8tz2XmZTApqlqWbloYXvVpGqlmV
blTHC0OIsvl6RqeRquknFEwdg/TTmNho9NA4utRKb2a1Vn9Mmfr1x9WtWaqB3lxasbqkZHXF0ggL
rR3cumiBel39Gtu1BYuaIrT89MGuTz45dvC0pjdMnvg5qLc48hMlhcTaTWYnZbZ2OzsQ2yaZ2+2H
RGGCicsl8p0Ok2zJs94ej9pBbxjNoXQ/kC9o8dGhKcTnyfYUeuZ5lnoaPJpCRpKA7wl+To1h/pzH
nz4/OHN3O8dPePUJXwmfq/7qJ4veeVNdosv1TFWledjO+dNIo5EkkgeVoAGIIJN2k/yy1BxjOgjN
nraYaq9sJ9NMk82GQnfYq0lVixJRy8cQ0StjvNbpC5YlNSS9nHQlie8hPYYeY4+px9wjXCFXDFeM
V0xXzFcEC4IM1UXrpSzg0kWdn2vgQyN+AnlzH7h/HvfBYMoTm2ufjTmYOUT+pPap72PiI1ET9XDF
/3Lk4K8cPzP9+q11j7/ZiVHQitNp6tsjPrsKbcSCNjJHSaHE7hX4Do/QEZPU7m+U2mOqPW02X54X
s35rnjTVOM0d1ozkRu/A1Km93zeSk4WhhtCxkIY8w+ag08s0YVtR7hrJKGy3JneoKnv40ZL7Vj9c
RpfvVo1Ze6r/qA5S+GP1niw0IfqHh08fPPbJJ10Hj0aaFi3AKoyhn2csWEQH1kZzLXYV8V8m8eQe
JWivs8Rpwc+Kwc9icMU5bJIr22zLsEshsx4HPZoTX0AvjoKkXa8K+7XU6b8jEM1PqE5oTIBRNA9j
RsSHtMoFRtIiLTAu/Iqmqu//Ve3/4ovqJ1/cu6laA/bPLl3+d9UW4T5+bcdzr47iINFxPQ3rmfFJ
qcQnx1pZKvW1W1MPmGJfdjbHJbTRdlO1FfzWEB+b6+bykmzogCHZLYbT9Rxc88MorUjoxd5+9aJm
NfqM3aHnfznKWF9GQUyhqzC20F0YVxg/2TMvoyFDyHRlx2a7GywNUoO1wdbga/A3BBqComZG9hE9
pOZNmDhlWEXGUB56gJ+neaP64le1qoaZRx995djXg6fXNVbUxtUsfaeGeqlZbXtqRcW98xau5LYN
9kWaiuYfe+WN44Ub1/90xSfB4LXB319/5MEHVz4SxeBi9JMslEM6tSt3Yh5osywI+M0CZxIX+AP+
kbrkNRb7moc1k6NjPM2uo442vTYJmCxezp3rQk83zXMle+cRWzham1wYqU3sw8XJAFYrf+rXYfkH
yxNFEs2iIIpYCkmi1YAhvbEh8+XMnkxIN6cL6eJYy1gp3ToxNCNUYi4RSsQSS4lUYi3xlfhLAiXB
klCFuUKoECssFVKFtcJX4a8IVAQrQpvNm4XN4mbLZmmzdbN/c2BzcHNoj3mPsEfcY9kj7bHu8e8J
7AnuCR0xHxGOiEcsR6Qj1iP+I4EjwSOhqaX0+xXKxKhbfK9CSS2rsbZsfKT27od3/mLX5zcfuL6x
xtzc+EiVsmjH1f3qkPrFit/7aPrP6mfPVGZ6UtL3PPnaEV9AvbH60Rl3TJzmSsnbt+XEq0l6nU2y
1cVsJurDQkKkRskc8XWp3RZEZ0eXb7Md8r/gqU72TSDo6FMDVt3vpUnJo2FBA1m5V/9UoYW9Ebcf
STOS9TQjmSQPpxmKWU4pTGlIOZbCYwJ+S5RIGcHdkSgShWMufSRSqG3fCSMdg8tbuVkPD8cKHRO+
iSLqrMhwTjV+6GM4zGowA3lA8boF2UTaeU5H5moDdyhONtqpmclAJmEuMrUv/M61CxoqIzwP9MoX
Rj98iEUaQ9o3jzidozgSN5I4zYtfitktlDpD2jcOe8AVsA9DctSv/mnvXrqcjlHfH1ugTONeML90
7oN98HqE3qOejAyu2TJ98X37Nza/pesDcxTuN4i9InGRKUocdJod7TGHZEu7lcw2SJiJOG159ttj
oxn8NT0khwf6PsT6QvS5s91l7u3uLjejpU7deLCGw/fT0bD2y+oF86qq5i2opptaB6u07IEVLaiq
wslHv16jx7PhPEmnwUzGKw5Du6mRJ+0czSOyEfLY7UL03cNv1t4rZotl4naxS2TaZ7SRd3GFw6+I
RLQQP/z943nEZxeZp6RLu8Sd3/4udutnsQyHEDLoIB37DUjf6A8PA3S/ilan9uacsLl97h/5JqbX
LSy3ebCVrm9uVp/69Nvfw3ZF6zktbm9C+/eQsOIm7maQ7M0Wc5tWzeVq1dw0Q/jWam7gwsAFWb2Q
c9yWiIkPBs3hiPstP9U0z29K/fQf1V71Mp1AHVV/XFMtb3hsV/26zZUbrXTOyTdoKhW1gJuRob7f
tOnyf35xpXGtTk+hlv+j7L1kbTT/p5j7YwXQGE3/hbZvp/969s/fqef/Wsrznfx/4Jsg/H+c/tt/
LP1v48h30n8tg6v/ofyfDn2Audv7/Bis++uVAsHMmX4uWSXjzw1GK3ZzTEYkgWccGOZQSjKMxGJi
GpdwiFgls8lo4Ckx20Tum8J/4NuFv4bp363805hW+Utj+Uw2m5/N7ufvZ4bSwDdlPnaUvq02reGW
b8RsyLKFbl+vNqE/RgbLuP1Y7C/U4rU6ma1Cu/CRseRxZdxYv5wYstH0Didp95oszUY+1BHf5j3E
H3ZWZ5lzjUl5/kSbTKamTjPGhrO0oHQjGqxHofGiekHDRj3NQH0oiSYhTkgTCsfxxETMPKKSbI4R
/Ca/OVkw63FZR/oxedGYcBu9NVVCHugtqVQef1U9r/6u4re1NbYtGzuabk2b6FeqcSSngtcHyj76
j0BAfbj8pUuRWxOopoi6dzi1Oh3NVzAuaPzHYlxYpGSE3Eanx98hkPYYhoWCp0NuizkELwjVyfwE
t9Mgu7g8MtU7TQon64lgOJoJ/kBUOFGF0M+NpB259r/N1e7BFR0/zszXASxyTv0NNtC4tHpnC9pf
PHlYCcXKTLQ4D5jcGpweMlUjJ3GzYnkZiZ8p5dlkcZJH+xKgJbLRPBatLTxa65AEOuw9WjDQAoFH
dyEP8Qy70IntCV0J3LdSKt2TouzgKX9jt2oo1J2H3ryjuHLFRn7MwMJo7cxlRgafv1jZdpR+oMct
jXog2t8cC+G5udgnYWYL6EkNZIguosvoWrqB7uQuch/6U/05/gL/0UBwaEj7z0L204W0DNfrh9ed
uD55dP3HNw0PPqR76T7ahm3/cLuI7TLV/hAZ/+bd/zsbT7S/UxQtLFEfi/qR4S4hny7sTcSAXBKM
Pj+0xRI7YmMMcep8JqHwtS0BJWMlNozJAeLAOB9Pgui5/3/7sY0jHF2vHfWq6Usqkwoy/F0PV5bQ
5ThqwuN2UkbXUwygZC5ZQm4jT5G/4PxG/X4f3YjtqP68szhzNnqG80fxKYQUkRqykbTq77jEL+HL
+fV8OaZBW+gWnPmdtoaVQBafjtduxH09ri3XzmkhtnRSTrBKIO048yWuR8heKrB38cn/QFPIKnzP
XNw70O1NSMt1auXKqQWvrdUMDC0E+cNMo4KsIRG877rePsfxShJh1w0x3JfI1yxcM/Bl5BN8eg2p
oQLNhVzur3jvXJxp1riinYSDCjTbMmxj9DadLMfnHMQrImQft5zL5cdoV+m030Y+ICd1usvJDhwv
JJ36kcAAeQ/yaDnSr8kmnp0ni4330IDBSrONDSgrYvCSjVw58cF0UkvQwE8atK/elGDk6eJS7l7Z
pSwo9l8uCWSN/c7QLxv9XWR+lxTxnxoaml/MJ7CSLpbYBSmmLj4l9G8/tvhvWWNnzy/2d12dMX34
qTPKpuPcomI81UY4jfMzpmcRHYW4B049lhUzY6lt6n8Qn0lX9nvvz/1fI/1X8wc+tl43p+O12iLV
L8CjcZPqJcSWi+vV1uvD899sIf5dUm74nJQZ4kkZu0Hchryhz9l+PL9Emri3US4HcS1v6IbhAbIY
zuL5X1Fy88l97CqZyRaTItPPsG8l2Xw+mcLcpAjPizBzLGPZpIjfSIq1NThOxoNAZmo7e52U8X/A
666SQv7g0Afa9fp+lWQP0zQd939G4quR6Tjc+1B/xWgDH0V39j+Qqi7kDLVmPIWANQfBSsYd1wQs
c0W8z5KMOyKmtIsQK65b8R7b54TYGwlxrCTEidc7cc2Jz47BOReOXXh/bCshbtzjyrT/77q0QpyZ
ZJLDKFVO+8uqYTCfSTfhmD/FNSq9V1T49Wx4V4V3BHjbCpfDcKkbLnbDP9yECy3w9yqcV+Fcz13s
XD303AVnc+BMPfxShG4VTqvw31Q4ZYOTArzpghOp8IYAbyj88b/zsL/zQNcxD+tKgmMeeP1lib2e
D69h91oAjubDqyJ0HrGzzjAcscORRv7wODi0N4kdUuHgLxzsoBd+4YCOVzJZRze88riXvZIJ7di1
d8OB/R52QIX9HnhZgraXulmbCi/tK2UvdcNLjfy+F1PYvlLYp/Av4tNeTIG9e+xsbxLsPTV0Thni
99ih1QKtCr/bCy0ivNACuyR4Ph527ljJdqqwA1+xYyU8t11kz8XAdhG2K/yz2yT2bAxsk2DrFoFt
DcMWATZ7ofmZetaswjN4xzP18LQITyXBz3Hw8zBsetLJNqnwZI2NPemExgaJNarQIEGDwm/AKzao
UP+Ej9Wr8IQP1q/rZutVWBcpZeu6YV0jH1mbwiKlEFH4tSnws3yowzvqKmENdmtuwuNeqFXhMXzy
YyrU2KCmka+uGseqVagaB4+qsFqFR2SonA0VAqxS4SEBHlL48gA8WA8rVVC2raiE5d2wrB7KVHgg
FkpFGytV4X47lBR7WUkWFHvhp2FYLELRIg8raoFFHljogQXzY9mCFJhvldn8WJiH3Tw3zL03kc2t
h3vvlti9iXCvws+xJbI542E2Ls8Owz04f0893C3BrLsENqse7hJg5gyJzQzDjOkWNkOCGVGVTLfA
nXfEsTtb4I44uF2xstvrQZloZooVlEa+8LZ0VtgN07CbVgq34StuS4epU+LYVAdMKXCwKXFQMFlg
BQ6YLMCkfBubVA/5eHe+DfIb+YlmmKjweRPiWF4LTMg0swlxkGv2stwWCKdLLKzCeCvkWESWkwTZ
yeksOx/GBQQ2LgmyxtpZVguMxXvG2mGswmeaISPVxDK8kC5BusKnjbGztBYYg3Nj7DBG4VNNkIKP
SOmGZGeAJadDCLuQCkF8YLAFAn4TCwgQaOT9JvArvA9XfRmgnEiyZ7GkAvAGILEeElzgCUN8GOJw
OU4Fd2w6c1dCLI5i08HFBOZKgpg4cKKQnQFw4L2OerAjS/YskFE6sgo2XLMlglUGayMvIXPSTbCI
YFF40QYCXip0g9kLJqOTmbrB6AQDPtYQA0wApvA8OBjvBr6RB2pj4ABQeA7POBXHQLGQxyLyFF35
1Daa+f/mRv5vE/DN5iX/BeuWg/kKZW5kc3RyZWFtCmVuZG9iagoyMCAwIG9iagogICA2NTc1CmVu
ZG9iagoyMSAwIG9iago8PCAvTGVuZ3RoIDIyIDAgUgogICAvRmlsdGVyIC9GbGF0ZURlY29kZQo+
PgpzdHJlYW0KeJxdkstuwyAQRfd8Bct0EfkRe2gkK1KVbrLoQ3X7AQ6MU0sNtoiz8N+X4Uap1IXN
YbgDd2Cy/eH54IdZZ+9htC3Puh+8C3wZr8GyPvJp8KootRvsfJulvz13k8picrtcZj4ffD+qptHZ
R1y8zGHRqyc3HvlBaa2zt+A4DP6kV1/7FqH2Ok0/fGY/61ztdtpxH7d76abX7sw6S8nrg4vrw7ys
Y9qf4nOZWJdpXsCSHR1fps5y6PyJVZPnO930/U6xd//WNhVSjr397oJqqipK8zwOkWtwHblGvE7x
AvFC2IKtaDbQbCKXeeI4xHiJeClMYJJc6CvRV1vwVrgH98IM5sgEpsTQkGjIgZ0wziI5y4CNMKEW
kloItZDUUsNnLT4JdZHUZeDNiDcDjRGNQa6RXIJnEs+EeyC5hwo1VlIjYR+SfegR/Cj7QGOSxiBu
JA4PJnmA5zjIw91eSJ5Qeu3eG/YaQmyL1JCpH6QTBs/3np3GSbLS9wsRFr4kCmVuZHN0cmVhbQpl
bmRvYmoKMjIgMCBvYmoKICAgMzc4CmVuZG9iagoyMyAwIG9iago8PCAvVHlwZSAvRm9udERlc2Ny
aXB0b3IKICAgL0ZvbnROYW1lIC9XREpDUForRGVqYVZ1U2VyaWYtQm9sZAogICAvRm9udEZhbWls
eSAoRGVqYVZ1IFNlcmlmKQogICAvRmxhZ3MgMzIKICAgL0ZvbnRCQm94IFsgLTgzNSAtMzg5IDE4
NTQgMTE0NSBdCiAgIC9JdGFsaWNBbmdsZSAwCiAgIC9Bc2NlbnQgOTM4CiAgIC9EZXNjZW50IC0y
MzUKICAgL0NhcEhlaWdodCAxMTQ1CiAgIC9TdGVtViA4MAogICAvU3RlbUggODAKICAgL0ZvbnRG
aWxlMiAxOSAwIFIKPj4KZW5kb2JqCjggMCBvYmoKPDwgL1R5cGUgL0ZvbnQKICAgL1N1YnR5cGUg
L1RydWVUeXBlCiAgIC9CYXNlRm9udCAvV0RKQ1BaK0RlamFWdVNlcmlmLUJvbGQKICAgL0ZpcnN0
Q2hhciAzMgogICAvTGFzdENoYXIgMTE4CiAgIC9Gb250RGVzY3JpcHRvciAyMyAwIFIKICAgL0Vu
Y29kaW5nIC9XaW5BbnNpRW5jb2RpbmcKICAgL1dpZHRocyBbIDM0OCAwIDAgMCAwIDAgMCAwIDAg
MCAwIDAgMCAwIDAgMCAwIDAgMCAwIDAgMCAwIDAgMCAwIDAgMCAwIDAgMCAwIDAgNzc1IDAgNzk1
IDg2NyA3NjIgNzA5IDAgMCA0NjcgMCAwIDcwMyAwIDkxNCA4NzEgNzUxIDAgODMxIDcyMiA3NDQg
MCA3NzUgMCAwIDAgMCAwIDAgMCAwIDAgMCA2NDcgNjk5IDYwOCA2OTkgNjM2IDAgNjk5IDcyNyAz
NzkgMCAwIDM3OSAxMDU4IDcyNyA2NjYgNjk5IDY5OSA1MjYgNTYyIDQ2MSA3MjcgNTgxIF0KICAg
IC9Ub1VuaWNvZGUgMjEgMCBSCj4+CmVuZG9iagoyNCAwIG9iago8PCAvTGVuZ3RoIDI1IDAgUgog
ICAvRmlsdGVyIC9GbGF0ZURlY29kZQogICAvTGVuZ3RoMSAxMDEyOAo+PgpzdHJlYW0KeJztentc
FEe2f1VXd8/0vLrnPQwMM8MAw2OAcRCViKZ9xvggRl1XSYijAcRBBaNGRQkmrm8Un4gJUWK8Ztc8
RGNcokaJIWZN1mV3ozFuspuH5OH+CJu9y2YNgeae7gE19969937uP7/fH78ui66uru4+dep7zvme
GhFGCGnQWkSQ59FFcys+kg58iVCcDiGq4NHHl3lqs1/sQii+FCG8p6Ri/qKv1v61FSF3Dzy1df7C
VSV9Wv90aL+EUGy4tHhukXHvfScQ8myCviGl0GHyaH8L1y1wnVi6aNnKYyMN5XDdDtd7FpY/Ohfh
9ocR8q6E6/pFc1dW0OuYbIQSBLj2VDxWXLF8FfsdXAcRYh5BFCqR6ugS5jBIq0JOUUe/g9h3sJop
pGiU1XqlYxASrnRc6QiajV5jktfoLaFRz1IS2/OFVKcy3PrXx9hUhFEBvkYVUEvhHcJrFKIxooUr
v5af/HXQ7LV6CygkIWppA0iAUTdCpIv5FjS0UoyjixiWIUUsM4WwNGbYBWq8FHEqI40orXCltbWn
dRDK6gh1tRpzjbnBSdNnqehvVAL9zewEPKlJM2PWG0iLRHipFmn7WoYZhw6bLXIe5MFZXJaGLoQx
WmVMX0t0DBKVMd4cr5HJSco2eq3Yh2npfbxwC6Yj9B/eWtfRXRkBMUEvw6WZdDM9FumQD/1EDGBk
dBE9vcepr+QT4is9mj2WGmfY8xTfkOgOIJXTnuM1BFwC8uuDiUJXRyjUHurqENpBCR0d7T0dQmdI
6BQ6jfbc3ODJ6qSmJAoXYqvFlh0akjM42ZfA+n05XutInB0yWS2ULyHZb8y2enOy8eHdNdt27txW
s7v5OF4w5IXVrbduta5+YcgrvTePUxMWtFz6/OM/fvrua2VHiuZI73Z3S5fmFEmxZWXyuvbdoGeC
/BYUi/LFeEptrUTq/UytzlGLnjHV6MJxas7qRLHYyafFyRLDMstrBsJ2CFK70GnKDYomj0t0VbtI
G2rDbVSbtS2WKQTBvVHJh2YbsC8B5QxG2SGkyoQ2q6Jn9nx16MCqZ9x7At+8eVP6Ats+/yumrrA7
N1XvEiikvvZRddWxJpwt9eDB0rXjp9849zpScDERcPE+yOtAe8UENWdmMOIrjYix1ei5SmODVqOm
MpAQMKn9uoAhGCN0tXeE2q90CDJCOjtD0sWLoOCLCk7EYQISsEAJRKAFRrAKNsEuOLKcIhKxSIlE
pEVmrFW0iXbRYYVPU/JgD/ZQrDy5SU1WGTQxCmhioERBg40+ZYbW6MIYB9bLRt6PMPmTNu282nv5
SBMuHXK0MuNROlX67oH8s02SMxIhMxa8UV5mkOe4tO8GOQFzTEXXxVG+BCrRO1KnjXdTLs9IrU47
RavzeGkbfg41MrV+23PWRmetqcYfTvNodV6X2p5hdY3k1X7r+EQqg0fj0oSu1o4r7R0Krky5cERX
D2DX+Z2MNMVeBMM30FQpf2cnnPCkY1wozvK7/R6/15/g9xVoCrQFugJ9gbvAU+AtSJjl2+De4Nng
3ZCwwVfnrvPUeesS6nxH3Ec8R7xHEo74XGJ6dfoxyzHrMdsx+zHHsZjzlvPW87bz9vOO8zGGQlQ4
NCc7HkdhnYUzcc7gIaAju7VfeRabG8cD8FmA+NIIvW3Lmqfm7F+/efUHb8w4/WiE3rR82YqCjbv2
rf/qvfmtw2+teLxw9viZgzICPyvZdSSQ9vX8ZdOmjXkwLSNrW/m+lwNRO5VxHgGdapEdpYtmVKtj
a2V4O4jTOpYDcDsA3F0dUd0IncGTnpjyGLC+pAHLA5nsAyC2WhBVumffvj179tXv/lr6EsfcvIlj
pK/G/7m9/ebN9vY/PwrIlXBI+o0kSZcHcEt3wvddqELMVOktTppg+3oNqWQaYk0Ggis1NQIyjjDH
BVg+YPbr76EDTtaPAlQwPorhro52oV32FFl5nZ32UI+ynLB6p7Lc1e4mN7kDyXgFkvFQopDMvhuG
A7iMzgkuZshozH5+YdORwxJ9MLxq7YbGCJlW9sbCxe9+0HsxEqHQWzvPvAoIvaPHrTAPDUpBT4hZ
sV5tDBJ0uDJmt7rW7N3u2xZfm1xjDusqDVQMg7wZCfqAk0d+LeNMsKWlKliUvV4Ui7JNtkud332p
QDEXjFL2JolCWnnaypSWNLoypQW3UC2klW5lWtlWa6ut1d7iaIlpceplE8yJLgugyKzMSnYzyTKS
vNElU/lyoqaX9c3mDZuWLd3WfFg6PKKx7PhvO69javf6xU8Jc8KvzfzjVzj/s8cry5/ajs/2/j6y
dOL4s43/cur+VeuL5l1LTf0o6ne2wvrlQzyKQ1NEr86CeD1aRhU5i5kF+hVGi15nRxpsZ9UGjYBN
WhfMUw6HgjwpZZbfdUqdAoQnmJ52vGa8drxuvGW8lYFJ+IyyjLTVglkVllfGm4NH4ugEMFtRdr30
JjZIv3HopI1U+fKeEfjturXPbqltoJdgTW7e5xc+ktrscK9ZOrwIt9b9sGXf0e3yOm2EdaoFeWW8
+wDvxTq22LRAxjuojGN57R28y54gmBQyGQWIKJRRMAHOjYKMc/hLbd1fX79frn+T/oKNf+vCgvTt
eDwVT8cz8FSpSXpJellqehTX48W4HNdLpdJOaZdUqujsFZBhFXMVudHLYhJhXSudxaywjC+2FLM6
vALN04U9LiOliUd2los3anjKAzKB4lplvfVLdlFWnNQOuAB4czPkUP3QpCZ+xkMAdI8CdAjkA753
UpMJRpijN5WI75EHRSN+Mk94mmd4llfxaj6Gd/KxfBzv4uN1POKxG7lxFsrCLPgmbPUqiyLbuVeJ
sQOuSgGVkWZ7ZwzeOvNfsUP6og/N/3DJEu753QeO/uJgweacmczVw9KMxESp6+tvpH+EsnHC9rrf
vnWhTRxDdcrrci/gqAnWhUJGdFBMooo4DYeLNBpuCtbo0FKDSmCWahYQSk2zyKgnvFZNmYSuK3lA
cvJaZa1ktffkXcnrCPUTHUFmOgwwnRNZHPjsUx7Oo/cYSJTUTGrSydrS31GZSVGZCUpUZaJDi514
GL4f0yxlo1I0Q6hhmvuoCRqVrAcjN4BImQR5jdnUexJFTvXO+rZ3GbX9InZJN77F3cTZ86XERnDS
ItLVoymTPpLnebXvBv6ErFLw5xZ5MpezzuW5sMPEAlVyCPIM5BWWbSQ4VHH+UW9vvKt9dcqwYVMm
5+ZOnjIsd/Lk3GFTSofl50PXFKq1vz9qmw2As2rQaRrYZjrnKnabl5mK7cVuPnUZKk4uJgv4cLon
nnP5UjXIx7JOVmfRIBOVHvVGA2baj7iefsx15gbNUY9pYVVyLKJ/DIV0nHMXJt5Zfu2Rj7472tD8
nvSVdGv5J4srNK8c2H/8VNOc0LFjOzZu3KuvYOoCmW/8fONrHue1F3/3iYyMHXuOP930WsnOXeu2
rn0C5hHuu8HOA3uJQYvFJB0bY0bceptRTxNUzlPzbGEnSWQMiTpeSDThRMaIvE6wl/Yr7T1KXADh
8zrsof7JBE+6Y8OxlBIV7hiFUzEKJ3L2G8XJHbGNsRQ4IQgPPqMgu9KYgQvk9SAjdp+nJpw/88UX
Z87jW+ekbukilL8zkbKynh7p888/x/GEhvbX0osQBePwdCVGQKyjwswNWHsrul+0E85UaWkQICQg
wuoDOr+ZDxiDNghroZ52OXUA6t4DrDJ4otaO74QxmwJVG5QoVM13IcN8m1y9MyYrc8zorKwx/+eV
3j83QShjlmSOHZuZNXr0DykROZDBO4YDn/IzSwCJpaLLrkGCvtZCq1ElSzVYwg6VYMQBjvETlAU+
MU+mi7+OciRotwqS4rWxbEUglENRoAM5BryKlVExaqvKqk5WJauzYqpjamMOxmgKzT4QL2o0d3Hg
5Jw/Hjr0Oi6QjgweP2E0tVW9fefBn5GzZXiidKqst3Dj5J/M2blh2y8G4uwN1gK83IseEJNttGAl
KGaP3r1HZaw0L0GVqrC+hjIFrALx4wDKiXNq0hJklw5i58ksoaNdhvJAMiFyyCf4qn1NPho4zUCw
pHIGm2TaJSuS3KY5IC6d3STVy2nE97feltMIXNK8u2b7zp3ba3ZHIpBE4KHd3XjInCIqNfLDewvO
v/vpHz/+/JK89n2QszIfAYYpcDEviw8iOXOjijDFsozJSAmQw/FKF0QWlVqFBbXKAFWro/SCWq2a
QrGQpQo6NaHL2XkaYhR4g16rVsEDGOnNHDFDsggTkllQO4D9Soep3w0y39hDKuYb+Z+gVlyiSunq
vwD/mGKSOa1Ndva8gefpFCaFTdGnGALGdJPi9b0cmDSGImOLeEm2FT9NJUqdvRPWUZafU9bdvZ8d
qeqtqTpMuaiLP7giTFn33kgET5CaI1E/NBwUMA3WjEOiaGIr1UtoVEnB4vhVJMAENVHA98MdwK69
C+waBewaKFGwJ90GOD4sJ3GQ1UUiEUaM9OcHzGHwdy40TIx1LkZEqOaLLIt1C0g43sjzyS4/shu4
JCCO4NwGYrzi14InBXe5W/YKLC1nj8lUDth5iLZHsxY5+MtgZQ6Pli517uqeW7EI78L3V2LLwSVJ
n1z6y3ff/eWFD4N46++uFc2twK6T+GH8ojhK+vnZE0ACfik1Sy8fPDDAdUEPLlQuBpwWlb6f6S75
3zNdxaX9j6mu8X9CdedUylQXVNo78y6uW3v6RD/XxWgo2OBHtB/88XIxwW5kdXoLtZ5zQGqPGrgw
jQJ28BoBfI8hIPh1WYozls2vPRqkO8AVh6KCD+ww/Af3Wx3bJLvf/tk4ldk45WFRPuO9i9Yq84ru
BBh91FU86xXp6exDZcdfOILnKFOh/T1jImcj5ZeuUbllvXsv7Dj7Kr6hzEP2JS7g7E6UIzrRfnst
0e/T7TXWcjUkHGvI0DmRxcmmxcpw+fWV/hSoR87ugyfK42SQRvN3mRLa7MbbKZqMFNrl/1OTnAE5
vy7+VXGZddu6vfX76lZsd+J7j56AJAj14UFZQenbmrVfffnl12uqBuyE/grwEYOrxVn2g5zadtBq
49T8QYFXc2rDQY5Tmy2UyTpSEHh+pIG32axTbLyaUJDia+lKdonDIhCqUttgQpghnNXM6zSs0aYy
GRGsicrPBEgQVkNeCqGlxZQLaRJkGzKeOsBnKLsst/PeqHuQc1+h33XAP3nn6AQfK/uLP6jUHM/Z
1Hab2sk7bcnqVD7VNozPteXaJ/Az1T/l56vn8/NtpfYV6k22Ov6U2kFzKo1Ky+gYPWtABpZXm7UW
lc3EmTVmrVln1psMgsHKx1ocVrsthUvRpGiTDal8hpBmTDOlWwLWVFtW7BDdEP0QQ66QY8613hs7
nhurG6sfaxhnns3N0szS/pSfaZxpmmku5Up0Jfr5hmJ+vjDXONc0z1xsKbGFY1dyKzUrtZXCSuNK
0+PmSutW81bLZutmW21sHV8nvM6d1pzWNttmgM9Lxf0GEw36XNT3YRUwvYm9PUfA6+CW/fizU1Ir
3rO/t6teurDziGwyPVr8bFmZ9DGkSxH82kbp94rvHy7l4hNK3I9HC8SEeMGuI5zdFltr5iD4N5if
dTsybMABbEN4P/CAoFteI4UCyvtfPTLv/+Ci8Bs5MwRb94Q9FZ67bN2tWAfw9H7rOLnUvtRBocIf
8QLFSOSWf2B/4bJMEEYFs8ZkQBR768UJ60bOUf1k2kM/vc0TpMqyH5YcPuP1fhQuWP1kf66uegTs
JYh+IY7yOM16mk1HROUS1hN/ZWpDktdh0TKqykxS47NxKMasGaFLCHjUwGzYe+0jYvzWgPnelECa
x58YSA4O6ndqMNN+x9aPxbzOEHg3mWnKaLTLmeG9oTmh8tCOUFOIuTPvQcq8B0Hpp+zmLE2WNsue
5WjTtGnb7G2OlhBXiP9zl/cfLm5vBNBJOf+y+IXDRySqMVy++slGSd1/phQveaBozREya/mKtt8p
jjHp+S2KY4xQgYMboy15wypSsRoi/ZPgX7ZBPIpBSahQTEROTzExLzStshfzxFnMAf1OtmhMiPUx
OquLNdlYbbKslK6O6MqDXmDlJcXNB8VYN3ZTbuKm3Yw73u12e9xed8Io8yjLKKt+wBMN7k9OvbfX
2YQHXBLQGHJuzCuL/iT1YfvNXsxL56SPH3jloQr9U4sunJPObd+3b/v2ffXUs5MmYt3XN7BR2igd
klZK0+LjbxUvxEl0QtuFC7+99MY7HwCmCdrcPzc5j8lCI8WERAcptnLF8Xxx2oL4cDDRoTMxfh2T
gdhYK8v6vdqgnFZ0DaQVAwn2B51yHLiLYpG72tH8wpeQmDN4yNCBzTBANDl9cMeOg3JN3bJm9dat
q9dsWXj0nPTdrX9Ifz/34r7nbl2/fus5XN94/Hjjc8ePk8c31ddv2lxff8l++eDvb9z4/cHL9thj
m062tZ3cdEzZE5AaVOXMIQhCU9AicfjoUZPG+fMTdWjSuJREoh9XyU2q5CtFsiaxMp1b46hMH5rv
TzEZJsSyo3Qo1hBnco1g4+JjRwyi8mGKcoDo7QyFBnZyhCvRLojZQmcr9Mnd/adg0u2tGYgggEJl
g8OfnCjnTixltZjsNloOJ3aZliTKtGSwaeiQxGxgJqAaATE/YqeMYfjuwmN/+MOxwt3DG46eHTsm
IrW9WtA0891Pi+YswukvP/lpOGeh1Pn8L6VXq55cv2FtNZ594QM8d8XkfOk0hKrapas2bqp8bPut
aVO7L136fuq07T09Sd1nyy/OWL8t2V8obfzHC9JX81dUTZ48vrBw/epqfN8bzXh89RObjjTM+3KN
1CVdIrh2QdUzxw4cPPaswtWlXPoG+As3CqASMTsADNMsxHlIKqp0pe4xqw+odLW0b09MjTlMP+tq
yOAyVPEBTxzvRznJTtVQW1pG1ByUfbE7PwX86ct++g4aNCkUPlPIrM5sygQKj3/s5Ubgu+k8mPjd
SMuhs3tuLmiZFTZtqDq07w6rx6VS/QCrJ2d7Hvri++TkT0rDv2ytvUPwj5RJNf30vkWJ3W9CXv8e
6gR7GHZSzyKkE670tEJ6+eCskxoKqem8PCEvb/YgdBIy/rAOKEX0HoOJVhW996N0/83JuUPz84fm
TlZS+6H5U+RvXFdyCBq+4RV5pCKPcZhR00hHaVj4XJ68EwIO9EoenINYybF8RvnHGnKUGtTb1tjb
Rg1i6N62Q3LjEDVIkfsl4BzrIC9Ro8dEFyHydj7BGE0BwVao5mFCYYJoDWIpTjbfaIrR1WG8nV1E
kwhlDwp8Mqf4ZE5m+nd2nuR+heBx8v1ojLJjB6EKOezDck7tpdf1Nu+lMnrzl5NrTHn3TmZQM34Y
RdmmLBPoE9FUPpzjkQA9BlQNDGo6notX4ifwLuoi9bEn2RP03ON5yZvQ1yf/Voca8TQchvtV/ffN
cD/39v1/fsi8+WP8NG7AB6A09peLUH6Ff6Xk8f/Z4VOeTFAkJbBCAsiol39jBPTHI/6ukR7I/hF4
zf/+MP6Tfg1U4KaIgbMXkm4TikOxyAZ5BQfrSEMvi1TIDHHn/x//9MAatBTWshm9B+V9aE1GEbQE
bUSN0P4CrVb636TVcoGe64w89n3UjFNhHCUXnIVkNJyD92TDvS9gfAlcN6J5yv1uclkpT5PL1Aqw
qqnQmqo80YiayXCaJpejVXnqPTQCnUZH5TZzGdXBuGnoGpTR8PaJ6Cy6jtehw/gqqkLb0FJ5iZEL
a8BuI1DmMVeV8i16WPmy3BdhrkIm0YgiMM+z8PbD0X6ciqeRMCnBs2CGFD5KJkDvehShw1D8Shmr
zC86B4paDd/vny+6TD1MpdJ+fBS+I3/jMrz/KBoB8paApBOgUrL85CZqJDqQMIZ5E01UTWR1mFVV
oRlwdzXJxk+zLhRGVWQGvCEf+rahfHwNvgKAPsUyNHgcFPAITVTS/UVN4oOzPL+a7c0I/LtLj6Dy
NKGpTfpVnua+vqmz6FhmdhMT10SS1E10ku+zf3bzs4zApKmzPE2Xxo3tf+u48Fjomz4LmvIVdEP/
uLEZSPE61CPND1Nvb5/D5/0dudUKbt6/nv/XgfP3H/beI3yo/hQu5Zs4CixgyYskF5iv6/sPeyqE
D/v77xxJNGiMOokKqK3g0e2om3Gj4fRZVELeRxPpWFjf36ESxg/tt+FsR1uhboT6CtR7qRPoKpwb
2HMoTNWiiWQoGg7PlzDv9HXB9XDWjZbKz0IdSq9GJfR1NJxa3TdcVQd9dvQk1M0g7Eb5Gfj+m+xJ
wLZdjgPKMRZqRbRiB9QPQQmbgPAthDjRAtKK4FzgcRUMUTXBtAcjxE0AlxSE2oCQtggcYADqWYT0
8A5DCkJ8ItQahAToF7pAL3DPNBnWG/otHQjZ4qDeApfYCpCBthPe74TvOVvk/8OhaC+J4lA6qkey
JQpov/x5Wov/Jnu7Zmqt+Ok7ErloJm+3JjJvF5G3Rbo1kbylJxfe9DMXisibftJSSM5XkbNackZL
Tr9uYU6HyOsW0hwiv5TIKYm8JpFXJXJCIseb7mOOd5Om+8gxibxSRV6WyEsG8uJRHfOihRzVkV+E
yM+LyAvx5HCIPH+oiHleIoeKyHN1Bua5JNK4UsM0JpGDk8gBgTybSRo2xTMNEnnmaYF5xkWeFsj+
egOzP4nUw7h6A6kX6X3w4D4L2beWrjOQOpHem0T2/CzI7JHI7l1mZncS2bVTz+wyk13NWBQ5eucO
DbNTT3Y2YyTeT+/QkB0tdG15FVN7hmx/UstsN5LtIr0NWtvuITVbzzA1Etm6pZDZeoZsXUtv2ZzE
bCkkW0R6M8i1OYls2mhkNsWTTc19LWIfvdFI1sOn1xeRnwXJOht5qo48qSVri4qYtRKpXigw1THk
iSoD80SIVBnImtU8s8ZMVvOkso6sMpKVGrLicQ+zops8vjyOedxDlseRZfDQsniyVCKPSWRJhZ5Z
IpEKPakQ6fIqsnjRSGZxGVk0kiws0zELBbJwLV2mI2UiHYFPRrrJgtIzzAKJlM4vZErPkNK19PyS
JGZ+IZkv0iVJpBgGFXeToiLyqJXMk8hciYTnZDJhiczJJI9IpFAiD08iD1WRAonMHktmSeSnEpl5
hvxEItOLyDQLeTBEpj7AM1OryAM8yR8ljiaTtWRiEbk/Qc3cX0cmhMh9RGDuM5PxJjKO0jDjYsjY
MWZmbBkZM1pgxpjJ6FFaZrRARokcM0pLRI6Ish6n0/fWkZF0BjNyChmRZ2FGTCJ5wzVMnoXkifRw
Dbkn18TcU0hyhxmZXBMZZiRD9WSIBCTewuRIZHC2mRlsIdkhDZNtJqFBHBPSkFB0fQZxJJjlYIJj
SVamlclykKwWOjNew2RaSeZaOoMrYjLqSCDdwgQmkXSYRLqFpIt0GoieVkRSU4JM6iiSAoKlBIkf
Tn6JJN9DkvQOJqmQJPpMTOJ04oPHfCbiE+kENfF6HIy3kHjcRsbjIJ4W2g0fcxuJey0dryHxIu3y
kTiexCYSZ0yQcU4nMfDWmCBxSMQOH7VLxCYQq8XCWMuIxWxmLBZiEWmzmZhgnOkMMYJ6jRIR4CSM
JjzIz9cRA9wzSEQPL9A7iF6kdRLRwoVWHFZGNDBGU0W4IqJWGRm1haiMhGVCDFtFGHiOCREaXkZn
EHgppSF4OkESwc24aP02nP7/7IH+bwvwXx4Qxf4N521UZwplbmRzdHJlYW0KZW5kb2JqCjI1IDAg
b2JqCiAgIDcyMjIKZW5kb2JqCjI2IDAgb2JqCjw8IC9MZW5ndGggMjcgMCBSCiAgIC9GaWx0ZXIg
L0ZsYXRlRGVjb2RlCj4+CnN0cmVhbQp4nF1Sy26DMBC8+yt8TA8RBBPTSAipSi8c+lBpPwDsJUUq
Bhly4O/r9USp1AN4WM+Mh/Um5/q5dsMqk3c/mYZW2Q/OelqmqzckO7oMThwyaQez3r7i24ztLJIg
brZlpbF2/STKUiYfYXNZ/SZ3T3bq6EFIKZM3b8kP7iJ3X+cGpeY6zz80kltlKqpKWuqD3Us7v7Yj
ySSK97UN+8O67YPsj/G5zSSz+H1AJDNZWubWkG/dhUSZppUs+74S5Oy/PaUh6Xrz3XpRZjZQ0zQs
AafAacDqEHFYRFmgXnBdHyMOS6hnqGeMFbBiTg9Oz5iAiTE8NXsqaBVrFfxVPBf+iv1VDpwzboFb
xjhL8VlH8I/M1yf4nzgPtAVrNbBmnCNDzhm0Qd1wHZ55zP+I+iP7wL+I/uDoyOmAO8bIpjmbRj81
91Mhj+I8Cp6KPXP8bx77WYBfcP/Rq4x7lcE/Y38FTlj4Qm83x1fLM3ifGXP1PoxLHNQ4Jzwhg6P7
LM/TzKr4/AIf+sOcCmVuZHN0cmVhbQplbmRvYmoKMjcgMCBvYmoKICAgMzg4CmVuZG9iagoyOCAw
IG9iago8PCAvVHlwZSAvRm9udERlc2NyaXB0b3IKICAgL0ZvbnROYW1lIC9ZT0dCTVorRGVqYVZ1
U2VyaWYKICAgL0ZvbnRGYW1pbHkgKERlamFWdSBTZXJpZikKICAgL0ZsYWdzIDMyCiAgIC9Gb250
QkJveCBbIC03NjkgLTM0NiAyMTA1IDExMDkgXQogICAvSXRhbGljQW5nbGUgMAogICAvQXNjZW50
IDkyOAogICAvRGVzY2VudCAtMjM1CiAgIC9DYXBIZWlnaHQgMTEwOQogICAvU3RlbVYgODAKICAg
L1N0ZW1IIDgwCiAgIC9Gb250RmlsZTIgMjQgMCBSCj4+CmVuZG9iago5IDAgb2JqCjw8IC9UeXBl
IC9Gb250CiAgIC9TdWJ0eXBlIC9UcnVlVHlwZQogICAvQmFzZUZvbnQgL1lPR0JNWitEZWphVnVT
ZXJpZgogICAvRmlyc3RDaGFyIDMyCiAgIC9MYXN0Q2hhciAxMTcKICAgL0ZvbnREZXNjcmlwdG9y
IDI4IDAgUgogICAvRW5jb2RpbmcgL1dpbkFuc2lFbmNvZGluZwogICAvV2lkdGhzIFsgMzE3IDAg
MCAwIDAgMCAwIDAgMCAwIDAgODM3IDAgMzM3IDMxNyAwIDYzNiA2MzYgNjM2IDYzNiA2MzYgNjM2
IDAgNjM2IDYzNiA2MzYgMzM2IDAgMCAwIDAgMCAxMDAwIDcyMiAwIDc2NSAwIDAgMCAwIDAgMCAw
IDAgMCAwIDAgMCAwIDAgMCAwIDAgODQyIDAgMCAwIDAgMCAwIDAgMCAwIDAgMCA1OTYgMCA1NjAg
NjQwIDU5MSAwIDY0MCA2NDQgMzE5IDMxMCA2MDUgMzE5IDk0OCA2NDQgNjAyIDY0MCAwIDQ3OCA1
MTMgNDAxIDY0NCBdCiAgICAvVG9Vbmljb2RlIDI2IDAgUgo+PgplbmRvYmoKMSAwIG9iago8PCAv
VHlwZSAvUGFnZXMKICAgL0tpZHMgWyAyIDAgUiBdCiAgIC9Db3VudCAxCj4+CmVuZG9iagoyOSAw
IG9iago8PCAvVHlwZSAvT3V0bGluZXMKICAgL0ZpcnN0IDE4IDAgUgogICAvTGFzdCAxOCAwIFIK
ICAgL0NvdW50IC0xCj4+CmVuZG9iagoxOCAwIG9iago8PCAvVGl0bGUgKERFVEFMTEVTIERFIExB
IFJFU0VSVkFDSU9OKQogICAvUGFyZW50IDI5IDAgUgogICAvRiAwCiAgIC9EZXN0IFsyIDAgUiAv
WFlaIDYyIDc2MyAwXQo+PgplbmRvYmoKMzAgMCBvYmoKPDwgL1Byb2R1Y2VyIChjYWlybyAxLjE1
LjEwIChodHRwOi8vY2Fpcm9ncmFwaGljcy5vcmcpKQogICAvVGl0bGUgKFJlc2VydmFjaW9uKQog
ICAvQXV0aG9yICgpCiAgIC9LZXl3b3JkcyAoKQogICAvQ3JlYXRpb25EYXRlIChEOjIwMjEwNTA0
MTY1MjE0WikKPj4KZW5kb2JqCjMxIDAgb2JqCjw8IC9UeXBlIC9DYXRhbG9nCiAgIC9QYWdlcyAx
IDAgUgogICAvT3V0bGluZXMgMjkgMCBSCj4+CmVuZG9iagp4cmVmCjAgMzIKMDAwMDAwMDAwMCA2
NTUzNSBmIAowMDAwMDU5NDM5IDAwMDAwIG4gCjAwMDAwMDE0NTYgMDAwMDAgbiAKMDAwMDAwMDAx
NSAwMDAwMCBuIAowMDAwMDAwMDE1IDAwMDAwIG4gCjAwMDAwMDA3MjYgMDAwMDAgbiAKMDAwMDAw
MDAxNSAwMDAwMCBuIAowMDAwMDAwNzA0IDAwMDAwIG4gCjAwMDAwNTA0MTAgMDAwMDAgbiAKMDAw
MDA1ODk3OSAwMDAwMCBuIAowMDAwMDAxNzIzIDAwMDAwIG4gCjAwMDAwMDA5MTYgMDAwMDAgbiAK
MDAwMDAwMTE3MyAwMDAwMCBuIAowMDAwMDAxNDIwIDAwMDAwIG4gCjAwMDAwMDIwOTMgMDAwMDAg
biAKMDAwMDAwMjA3MSAwMDAwMCBuIAowMDAwMDAyMTk2IDAwMDAwIG4gCjAwMDAwNDI5MzIgMDAw
MDAgbiAKMDAwMDA1OTU4OCAwMDAwMCBuIAowMDAwMDQyOTU3IDAwMDAwIG4gCjAwMDAwNDk2Mjgg
MDAwMDAgbiAKMDAwMDA0OTY1MiAwMDAwMCBuIAowMDAwMDUwMTA5IDAwMDAwIG4gCjAwMDAwNTAx
MzIgMDAwMDAgbiAKMDAwMDA1MDg3MyAwMDAwMCBuIAowMDAwMDU4MTkyIDAwMDAwIG4gCjAwMDAw
NTgyMTYgMDAwMDAgbiAKMDAwMDA1ODY4MyAwMDAwMCBuIAowMDAwMDU4NzA2IDAwMDAwIG4gCjAw
MDAwNTk1MDQgMDAwMDAgbiAKMDAwMDA1OTcwMyAwMDAwMCBuIAowMDAwMDU5ODY5IDAwMDAwIG4g
CnRyYWlsZXIKPDwgL1NpemUgMzIKICAgL1Jvb3QgMzEgMCBSCiAgIC9JbmZvIDMwIDAgUgo+Pgpz
dGFydHhyZWYKNTk5NDIKJSVFT0YK

--===============4180926964362001951==--

-------------------------------------------------------------------------------
