Content-Type: multipart/mixed; boundary="===============1681745097365608133=="
MIME-Version: 1.0
Subject: =?utf-8?q?Hotel_Real_-_Confirmaci=C3=B3n_de_Reservaci=C3=B3n?=
From: reservaenrealnicaragua@gmail.com
To: justo@becerra.com
Date: Sun, 09 May 2021 19:30:54 -0000
Message-ID: <162058865423.16060.1185721114009682491@localhost>

--===============1681745097365608133==
Content-Type: text/html; charset="utf-8"
MIME-Version: 1.0
Content-Transfer-Encoding: 7bit

Pronto nos pondremos en contacto con usted. recibimos su solicitud para RealNicaragua
--===============1681745097365608133==
Content-Type: application/pdf
MIME-Version: 1.0
Content-Transfer-Encoding: base64
Content-Disposition: attachment;
 filename="justo@becerra.com_1234567_2021-05-09 19:30:51.834662.pdf"

JVBERi0xLjUKJbXtrvsKNiAwIG9iago8PCAvTGVuZ3RoIDcgMCBSCiAgIC9GaWx0ZXIgL0ZsYXRl
RGVjb2RlCj4+CnN0cmVhbQp4nJ2VXXOaQBSG7/kV5xKnw7ofLCydTCZGaScZbWqk7UUmFxtcDUZB
AdNMf30PSGo+2lSCI+ywe85z3sPywoDiz2F4Ui6DeGVtrDFsLI8TLoFxTjwqwfUp8X0fXEVcAbmB
H5BaGEgkZYFXBedz6GoK86K6DTKQdTpcOavT0RqzX3QaWdzdofHawCglyhNcMYhWVnfmUIcCjmfW
lT0Io46Udm84DCcwCGHYg8twEl52hLS/d3xl9/pnF18619G5xXgjiYPgHmFcBdQD5inCqU/FY3L2
mNyGTrR4hnM4I4pylwZYHZHcE54P0dSye5BmqxsUNTVNzIssjBHqCRc7RQmlUgqhZB050vNpYpYw
2erc/HpN3Ac6DFtMhQiquCv7a4f7ti70OstLU+trQWVcuBJrPxRnhyudLFtKW2yLMju5MbHJc03i
bNVWncmLLNVFa3E1ZrLWKRwdQbcXl1u9jMxDCUczM5tRqukxHB/D6aDfpApHOFo3uBZVfqq2nolv
NT53CNMy11PdtlpOOS6VDsPl8iP330mf6GXyfjhvCbd7Js+WSWp0yz3xLU1KM4VeklfRxcG8i5vC
5Pc6TrJ91KFM8zbFU3tVc5OWBjZbgwZVA1ui+rfb+A76uiiXBpzd3op2HkcCUR2V1aHHPfEitCHi
ucoVCjAP4ULtjW7PjRfrFQuUOJlXb2L1Nv0t+eVnHHvV4cNPnDrH/8K6uq7qhKmFe2wEG2A1e3dG
X28KQDpeKYcVuNwlPgv+3EF7gvHeqp/Xv1usfPlW+c5BrXC5wq+J+E8rPkghFQ18Hrj/6MEriU3i
JxIlk4T53guJG6urGX6GoPuAvRpk1tjqDpP0rjaSUf9sgOka56g848Ucezo3tn4D8SShcQplbmRz
dHJlYW0KZW5kb2JqCjcgMCBvYmoKICAgNjYyCmVuZG9iago1IDAgb2JqCjw8CiAgIC9FeHRHU3Rh
dGUgPDwKICAgICAgL2EwIDw8IC9DQSAxIC9jYSAxID4+CiAgICAgIC9hMSA8PCAvQ0EgMC43IC9j
YSAwLjcgPj4KICAgPj4KICAgL1hPYmplY3QgPDwgL3gxMCAxMCAwIFIgPj4KICAgL0ZvbnQgPDwK
ICAgICAgL2YtMC0wIDggMCBSCiAgICAgIC9mLTEtMCA5IDAgUgogICA+Pgo+PgplbmRvYmoKMTEg
MCBvYmoKPDwgL1R5cGUgL0Fubm90CiAgIC9TdWJ0eXBlIC9MaW5rCiAgIC9TdHJ1Y3RQYXJlbnQg
MAogICAvUXVhZFBvaW50cyBbIDI5MCA1MTQgNDI1IDUxNCA0MjUgNTAwIDI5MCA1MDAgXQogICAv
UmVjdCBbIDI5MCA1MDAgNDI1IDUxNCBdCiAgIC9BIDw8CiAgICAgIC9UeXBlIC9BY3Rpb24KICAg
ICAgL1MgL1VSSQogICAgICAvVVJJIChtYWlsdG86Y2pwbTE5ODNAZ21haWwuY29tKQogICA+Pgog
ICAvQlMgPDwgL1cgMCA+Pj4+CmVuZG9iagoxMiAwIG9iago8PCAvVHlwZSAvQW5ub3QKICAgL1N1
YnR5cGUgL0xpbmsKICAgL1N0cnVjdFBhcmVudCAxCiAgIC9RdWFkUG9pbnRzIFsgNDI5IDUxNCA1
MTUgNTE0IDUxNSA1MDAgNDI5IDUwMCBdCiAgIC9SZWN0IFsgNDI5IDUwMCA1MTUgNTE0IF0KICAg
L0EgPDwKICAgICAgL1R5cGUgL0FjdGlvbgogICAgICAvUyAvVVJJCiAgICAgIC9VUkkgKHRlbDor
NTM1ODA5NzI5NCkKICAgPj4KICAgL0JTIDw8IC9XIDAgPj4+PgplbmRvYmoKMTMgMCBvYmoKWwog
IDMgMCBSCiAgNCAwIFIKXQplbmRvYmoKMiAwIG9iago8PCAvVHlwZSAvUGFnZSAlIDEKICAgL1Bh
cmVudCAxIDAgUgogICAvTWVkaWFCb3ggWyAwIDAgNTk1IDg0MSBdCiAgIC9Db250ZW50cyA2IDAg
UgogICAvR3JvdXAgPDwKICAgICAgL1R5cGUgL0dyb3VwCiAgICAgIC9TIC9UcmFuc3BhcmVuY3kK
ICAgICAgL0kgdHJ1ZQogICAgICAvQ1MgL0RldmljZVJHQgogICA+PgogICAvUmVzb3VyY2VzIDUg
MCBSCiAgIC9TdHJ1Y3RQYXJlbnRzIDIKICAgL0Fubm90cyBbIDExIDAgUiAxMiAwIFIgXQo+Pgpl
bmRvYmoKMTAgMCBvYmoKPDwgL0xlbmd0aCAxNSAwIFIKICAgL0ZpbHRlciAvRmxhdGVEZWNvZGUK
ICAgL1R5cGUgL1hPYmplY3QKICAgL1N1YnR5cGUgL0Zvcm0KICAgL0JCb3ggWyAwIDAgNTk1IDg0
MSBdCiAgIC9Hcm91cCA8PAogICAgICAvVHlwZSAvR3JvdXAKICAgICAgL1MgL1RyYW5zcGFyZW5j
eQogICAgICAvSSB0cnVlCiAgICAgIC9DUyAvRGV2aWNlUkdCCiAgID4+CiAgIC9SZXNvdXJjZXMg
MTQgMCBSCj4+CnN0cmVhbQp4nCWLsQ2AMAwEe0/xC5DYDrZCzwKpqBFCVIACDeMThK76e12lgkrq
FlJSiGpwNjiHzILe2lJcKyYcVOnT4Eb3PfgrNh8gnoOyJVEsO8WZsd2IjzjGk0rjBVrqFaAKZW5k
c3RyZWFtCmVuZG9iagoxNSAwIG9iagogICA5MwplbmRvYmoKMTQgMCBvYmoKPDwKICAgL0V4dEdT
dGF0ZSA8PAogICAgICAvYTAgPDwgL0NBIDEgL2NhIDEgPj4KICAgPj4KICAgL1hPYmplY3QgPDwg
L3gxNiAxNiAwIFIgPj4KPj4KZW5kb2JqCjE2IDAgb2JqCjw8IC9MZW5ndGggMTcgMCBSCiAgIC9U
eXBlIC9YT2JqZWN0CiAgIC9TdWJ0eXBlIC9JbWFnZQogICAvV2lkdGggODAwCiAgIC9IZWlnaHQg
NjAwCiAgIC9Db2xvclNwYWNlIC9EZXZpY2VSR0IKICAgL0ludGVycG9sYXRlIHRydWUKICAgL0Jp
dHNQZXJDb21wb25lbnQgOAogICAvRmlsdGVyIC9EQ1REZWNvZGUKPj4Kc3RyZWFtCv/Y/+AAEEpG
SUYAAQEAAEgASAAA/+EAjEV4aWYAAE1NACoAAAAIAAUBEgADAAAAAQABAAABGgAFAAAAAQAAAEoB
GwAFAAAAAQAAAFIBKAADAAAAAQACAACHaQAEAAAAAQAAAFoAAAAAAAAASAAAAAEAAABIAAAAAQAD
oAEAAwAAAAEAAQAAoAIABAAAAAEAAAMgoAMABAAAAAEAAAJYAAAAAP/tADhQaG90b3Nob3AgMy4w
ADhCSU0EBAAAAAAAADhCSU0EJQAAAAAAENQdjNmPALIE6YAJmOz4Qn7/wAARCAJYAyADASIAAhEB
AxEB/8QAHwAAAQUBAQEBAQEAAAAAAAAAAAECAwQFBgcICQoL/8QAtRAAAgEDAwIEAwUFBAQAAAF9
AQIDAAQRBRIhMUEGE1FhByJxFDKBkaEII0KxwRVS0fAkM2JyggkKFhcYGRolJicoKSo0NTY3ODk6
Q0RFRkdISUpTVFVWV1hZWmNkZWZnaGlqc3R1dnd4eXqDhIWGh4iJipKTlJWWl5iZmqKjpKWmp6ip
qrKztLW2t7i5usLDxMXGx8jJytLT1NXW19jZ2uHi4+Tl5ufo6erx8vP09fb3+Pn6/8QAHwEAAwEB
AQEBAQEBAQAAAAAAAAECAwQFBgcICQoL/8QAtREAAgECBAQDBAcFBAQAAQJ3AAECAxEEBSExBhJB
UQdhcRMiMoEIFEKRobHBCSMzUvAVYnLRChYkNOEl8RcYGRomJygpKjU2Nzg5OkNERUZHSElKU1RV
VldYWVpjZGVmZ2hpanN0dXZ3eHl6goOEhYaHiImKkpOUlZaXmJmaoqOkpaanqKmqsrO0tba3uLm6
wsPExcbHyMnK0tPU1dbX2Nna4uPk5ebn6Onq8vP09fb3+Pn6/9sAQwAIBgYHBgUIBwcHCQkICgwU
DQwLCwwZEhMPFB0aHx4dGhwcICQuJyAiLCMcHCg3KSwwMTQ0NB8nOT04MjwuMzQy/9sAQwEJCQkM
CwwYDQ0YMiEcITIyMjIyMjIyMjIyMjIyMjIyMjIyMjIyMjIyMjIyMjIyMjIyMjIyMjIyMjIyMjIy
MjIy/90ABAAy/9oADAMBAAIRAxEAPwD3+kNLUckixozuQqqMkk9KAH8UuaxJfEmkoT/xMrXj/pqK
qyeK9JXpqNsf+2gp8rA6TOaK5j/hLNL/AOghbf8AfwUf8Jbpf/QQtv8Av4KfKwOnormP+Eu0r/oI
W3/fwUf8JbpX/QRtv+/go5WB09Fcz/wlulf9BG2/7+Cq15450axtzPNfRlB/cO40ckmK6R19Fedj
4teGSM/a5f8Av0aP+Fs+Gv8An7k/79mrVGQudHolFeef8LZ8Nf8AP3J/37NH/C2PDf8Az9yf9+zR
7Gr2DnR6HRXnv/C2PDef+PuT/v2aX/ha3hv/AJ+5P+/Zpewq9g50eg0V5/8A8LV8Of8AP3J/3waP
+FqeHD/y9v8A98Gj2FXsHOj0CiuA/wCFp+Hf+ft/++DR/wALT8O/8/b/APfBo9hUDnR39FcB/wAL
T8O/8/b/APfBo/4Wl4e/5+3/AO+DT+r1A50d/RXAf8LS8O/8/b/98Gj/AIWl4d/5+3/74NH1eoHO
jv6M1wP/AAtHw9/z9v8A98GkPxS8Oj/l7f8A74NHsKgudHf5ozXn/wDwtPw7/wA/Un/fBpf+Fp+H
f+fqT/vg0vYVOw+eJ3+aM15//wALT8O/8/Un/fs0f8LU8Oj/AJepP+/ZqvYVOzDniegUV5//AMLV
8O/8/Uv/AH7NJ/wtbw7/AM/Uv/fs0fV6n8oe0ieg0ZNeff8AC1fDn/P1L/37NH/C1fDv/PzL/wB+
zS9hU/lF7SJ6DmjNeff8LW8N/wDPzL/37NJ/wtbw5/z8y/8Afs0ewq/yh7SJ6Fk0ZNee/wDC1vDn
/PzL/wB+zS/8LW8Of8/Uv/fs0ewqdg9pE9BzRmvPf+FreHP+fqX/AL9mj/ha/hz/AJ+pf+/Zo9hU
/lH7SJ6FmjNeff8AC1vDn/P1L/37NH/C1vDn/P1L/wB+zR7Cp/KHtInoOaM159/wtbw5/wA/Un/f
s0f8LV8Of8/Uv/fs0ewqfyh7SJ6DmjNeff8AC1fDv/P1J/37NL/wtPw7/wA/Uv8A37NHsKn8rD2k
T0DNGa8//wCFp+Hj0uZf+/Zp4+J+gH/lvN+ERo9hV/lYvaRO9zRmuDHxN0I9JZ/+/Rpf+Fl6Gf8A
lrcf9+jT+r1f5WL2sDus0ZFcL/wsvRP+elx/36NH/Cy9D/56XH/fo0fV6v8AKx+1gd1kUZrhP+Fm
aF/z0uP+/JpP+FnaEP8Alpcf9+TR9Xq/ysPawO8zS5rgT8T9B/56XH/fk0n/AAtLQP8Anrcf9+Wo
+r1f5WL2sDv80Zrz/wD4Wl4fz/rrj/vy1J/wtTw/n/W3H/flqPq9X+Vh7WB6DmjNeff8LU8P/wDP
a4/78tR/wtTw/wD89rj/AL8tR9Xq/wArH7SB6DmjNeff8LU8P/8APa4/78tR/wALV8P/APPW4/78
tR9Xqfyh7SB6DRXn3/C1PD//AD2uP+/LUf8AC1PD/wDz2uP+/LUfV6v8oe0geg0V5/8A8LT8P/8A
Pa4/78tR/wALT8P/APPa4/78tR9Xq/yh7SB6BRXn3/C1PD//AD1uP+/LUf8AC1NA/wCetx/35aj6
vU/lD2kO56DRXn//AAtTw/8A89rj/vy1H/C09A7S3H/flqPq9X+UPaQ7noFJmuB/4WjoP/PW4/78
ml/4WfoX/PS4/wC/Jo+r1f5Q9pA73NGa4MfE7Qj/AMtLj/vyad/wszQv+etx/wB+TR9Xq/yh7WB3
eaM1wn/CzNC/563H/fk0n/CzdC/563H/AH5NH1er/Kw9rA7zNJmuD/4WdoX/AD1uP+/Jo/4WfoP/
AD1uP+/Jo9hV/lYe1gd5mjNcF/ws/Qf+etx/35NH/C0NB/563H/fk0ewq/ysPawO+orgP+Fo6B/z
2uP+/Jo/4WloH/PW4/78mj2FX+UPaQO/orz/AP4WnoH/AD1uP+/LUf8AC0/D/wDz2uP+/LUewq/y
h7SB6BRXnx+Kvh8f8tbj/vw1J/wtbw9/z2uf+/DUewq/yh7WB6FRXnv/AAtfw7/z2uf+/DUf8LY8
O/8APa5/78NS9jV/lD2kT0KivPP+Fs+HP+e1z/34ak/4Wz4c/wCe1z/34aj2NX+UPaRPRKK87/4W
14b/AOe1z/34aj/hbXhv/nvc/wDgO1Hsav8AKHtIdz0SivOz8W/Df/Pe5/8AAdqT/hbfhv8A57XP
/gO1Hsav8oe0h3PRaSvO/wDhbfhv/ntc/wDgO1H/AAtzw1/z2uf/AAHaj2NTrEPaQ7nonFHevO/+
FueGv+e1z/4DtVvTvidoGp6hDZW0s5mlJChoWUcDPU0nRmtWgVSLO6paqRXSyDKnIqyrZFZln//Q
9/7VkeJH2eHtQ5x+4f8AlWvWH4pOPD2of9cH/lTW4HxlcTzm6uP384xK3/LQ+p96i86b/nvN/wB/
D/jROf8ASbj/AK6t/M1HmuyNuXYVyTzpv+e83/fw/wCNHnTf895v+/h/xqOiq07CJPOl/wCe03/f
w/40edL/AM95v+/h/wAajoosuwEnmy/89pT7eYf8aDLIw2vM7D+6XYj+dNzxSU0kAc9mP5mjn+9+
pooqhWQvP979TSZbPX9TRRTsFkBLZ6/qaXLf3j+ZpKKQWQuX/vH/AL6NG5/7x/76NFFF2FkG5vU/
99Gjc3qf++jSYop87DlQ4O3qf++jS+Y395v++jTKWqU2HKh4c/3j/wB9Gjef7x/76NMzRmnzsXKi
QO394/8AfRpfMb+8f++jUWaM0/aByom3t/eP/fRpRKR/Ef8Avo1Buo31SqtCcUWRKT3/APHjTw59
f1NVQ1LvNaKtITgXA3+1+po5/vfqarrIRT/MrVVWyOUlGezfqaduYd/1NRBqcGNXzMlofu9/1NGf
Q/qab1pcU7sVhcn1/U0c+v6mkp2KLsWg059f1NHPr+ppSKMUXY7ob83r+ppDn1/U08ikxRdhcbk/
3v1NBJ/vfqadijFHMx6CDP8Ae/U1MoP979TUQFTR8UrsHYswg8f4mtKEdP8AGqER6VoQnGKpNmci
9Dj0/WrAAA61VRqlD8Vab7mLJsimFgKj30wvTuwSJGemb6jLZpuaV2OxIXphfJ6U0mkzRzMB2R6U
0kZ6UhoouwF49KPwoApR1pXYCYHpRgelO70oXNF2Mbj2ox7U4g9Kcqmi7JGAD0pdvtUojzTtlF2B
AEyelO8r2qwqACgsBRdgQrD7VKIV7ilEtNMtLmYx+xAOlLhR6VCZaiMpo5mFi0XUdBSeaBVTzTTG
kzRzsVi55wqNpRVXfSb6XMyrFgzUzzf85qAtSFqXMwsWPN/zmkMtVt1G6jmY7E5l9qTzfaoN1Bal
zMdicy+1NMnt+tQ7qTNHMwsSl/wpN/vURNGaOZhYkEh9qTzPpUWaKnmZRJ5nPagt9KZRRzMQpb6U
mfpSGko5mA4sPakz9KbmijmYx2R7UmaSik5MBcitTwzP9n8S2Uw6qx/lWTmrWnPs1CFh1BrOq/3c
vRjj8SPo3RtTNxGPTFdXbvvUEeleX+FZ2aMc16XYnMSk+leCdx//0ff6w/FP/Ivah/1wb+VbdYni
gbtAvx/0wb+VK9mFrnxZP/x93A/6at/M0zFT3ULLczsAf9a/b/aNVq6oTuglBxF6UuaSiruSGaUc
0lFO4DqM03NLTTAUUUlGaq4hRQaBRTuAUuKSlqkwCiiincAoxRS07BcTFFLSUuUVxD1oFLS0uUY2
loxzS4osA2inYoxSsO4gpc0nelqrBcMmlBNNoqk2hMlDkU4OTUIpQcVpGpYm1y0pz3p+aqbsU8SE
1tGpclxLGadmoVapAa0UjNxH5o4pBSjFUTYUim4p2aWgBuKMU7FJtp2C4gqVRmmAYqRaVgbLMfar
sZxiqMZ6VcQ9KpEMuoak7VAh4qQGqRDQu40hz60h60maBC5xSdaDRSATFFOAyaXbzQA2gCnbKcqU
ANC0oHNTBeKAAKAI9tPVadxRmkAbB60oAphbmmlqOYRLkUjOAKh3801mqXIaJjJx1phlqAtSFqVx
2Ji9Rs9MJ4phNK47EhbPemlqjzS5ouFhdxoJpmaUmlcdgzSUlGaLjDNJSZ5pM0XAWikNJmlcB2KQ
ikzQTRcBcUYpuaM0XAXFJRmkJpXAWim5oJpDFzRmm5ozRcB1H40wmjNK47C5opuaKdxDqTNFFK4C
1PZf8fsX1qCp7L/j9i+tRUfuP0Kj8SPZvCP+rFeoWH+qUe1eX+Ef9WK9QsP9Wv0rw2dp/9L32sXx
N/yAL7/rg38q2qxvE3/IBvv+uDfyoexUPiR8ez/6+b/ro38zVWa2BGUq3OP9ImH/AE0b+ZqM1zRn
ys9ydHnSMwgqcMKM+laDxLIORzVKWF42zjiu6nVUkeTXwzg/dI6UUnFKK3Vmcr0Ciiii9gunsKKK
SjNHMAtGaTNLVJisLmikxRmquAo606m5pc00wDvTh0popc1SYC0lL2pKtAFFFAoEKKMUdKM07AGK
KKKLAHFBxRQaLAJS0lGaVgFopM0ZovYBO9PBxTaWjmaGPDVIr1DmlBrWMyWrlkPTwarBsVKr1upI
zcSYGnDmog1PDVaJcR9LigGgHNWmS0AFSKtIBUgFMlkkY5q3HVaMc1aTNBLLCdKeCaainFShCaZL
Y3GaNtSbD2pwjNIVyILS7KlCGnBKAuRBOacE5qTbRigLibaUcUE03vRcQ4tTSaaTSGpbBAWpC/FN
JpO1TcYbqaWpM0maCgJ5ppPNKTSZpMBGPFNzTj0pppAGaTNFJikMM0E0YpKAEzRmgikoAdTaWkoG
IaSlNGKAEpDS0hoASiijrSGGaTNLikxSACaTNIaKADNBNGKQikMM0ZoxRigANJS4oxSASlFGKCMU
wCiilxQAVPZf8fkX1qCp7L/j8i+tRU+B+g4/Ej2bwj/qxXqFh/q1+leX+Ef9WK9QsP8AVr9K8Nna
f//T9+rF8TDOhX3/AFwf+VbdYniXnQ73/ri38qT2Kh8SPkKZP9Im/wCujfzNRlKvTR5nlOP+Wjfz
NRmL2rh5rs+s9g7IqbKaV3fK3NW/L9qaY+elNTsZuh3M2e0zyn5VVIK8EYrZKc9KhmtVdTx81ddK
vZ2Z5mIwLtdGXRUz27w8NyKiALdK74uMldHkzpyg7NCUUvPcUUWZKV9hKWjFGKACijFFVcTFoooo
uAoopM0uapMQvaik70tWpAFFFFUmAopaQdaWrELRikFLTsAYpCKdQaLANxRilpcUWAbijFKRRilY
BMUlOxRiiwDaBTsUYosAlOBptFNMCYNUitUANLuraMhOJbBzTgaro9SqwraLuZSViwtSCoVNSqat
MyZZj61ajGTVWIDNXYhzVEMsIpxVhENNiHNWVWnYzY0JTwnFSKtP20hXK/l0bcdan2UhSkFyAqMU
2p9lNZKAuV2603vVjZTGXnpSGQN1ppqbYc9KGT2qWhornrSVNs9qaye1KwyuetFSlfam49qCiI0l
SkU0ilYBhppp+KTFKwDKDT8U0ilYY2kp2DSZosAmKMUtFADaDTsUUDIzRTzSYoAaaaaeabQAhpBT
iKSkMSkNLSUMBDSU6jFIBtBpaKBjaKdRSsA2inUUWATvS0uKAKdhXExS4pcUYosFxMVNZ/8AH5F9
aixU1mP9Mi+tRUXuP0Ki/eR7J4R/1Yr1Cw/1a/SvL/CP+rFeoWH+rX6V4TO0/9T37tWN4j/5Al7/
ANcW/lWyax/Ef/IEvf8Ark38qUvhNKXxo+WZIx5sv/XRv5mojDU8jfvpf+ujfzNJmvMe5+hxgnFF
ZoSDUbRH0q/x3oKg0iHRTM0x47Uzy60jFntTDBVJsylh7ozmhDDBGaz7ixZTujrdaGo/LwOfyraG
IlBnn18vjUWxzTKVPzUm3vW5cWCTDKjDVly27xHDqfY169CvGotT5vE4CpRehWxRin7aXbXU6Zw3
I8UYp+KMVHIMZRTiKMUuQBuKKdijFJxEJmjNLSUbALSim06qTAMU7imUuatMBaM0UVaYC5pabTqp
AIOTTqQdaWrEFJS0tFgExSU6kAosAlHNOxR1osA00mKdjFFS4gNwaUZFLg+tJjFGwDgxFPQ1FTgc
VpGQmi0jGp1YVRBNWIm45rdMzlE0Imq9A3NZsTcdauxHpVpmEkacbirKyVnISKmEhwKdzNo0Q4p4
cGs7zsCni44pk2NEEGl4NUFuuKcLn3oCxd2igoDVX7R704Tj1oEWPL4pvlc0wTj1pwmX1osAGIel
NaLPapBID3FL5g9qLAQ+Tx0pjQ+1WwwIo4NKwXKBgOelMMPtWltBpDCCOtFh3Mww0wxe1aZgFJ9m
FFguZbRcUzyq1Taimm1FS4juZflmm+XzWr9lpptKOUfMZnl0hjrTNrTTa+1LlDmM0pSbK0Ta8dKY
bajlC5QKUmyrptzTTBipsO5SKUhU1aaE00xUWGmVyvFNxU5j5ppSiwXIKSptlN2VI7kdB4qTZSFK
LBcjxmjFP20baLBcixRipdvtRt9qLDIsUYqXb7UbaLARgcdKXHtT8UYosAzFLinY9qMU7ANxRgU7
FG2iwDcVNaD/AEuL61HiprUf6VH9azqr3JejKh8SPYPCP+rFeoWH+rX6V5d4R/1Qr1HT/wDVr9K8
Bncf/9X341j+Iv8AkCXv/XJv5Vs1i+Iz/wASS9/64t/KlL4TSl8aPllz++m/66N/M0Bqjd/30vvI
38zQGrzHufoEKi5UTA07OKiB9KfnNI1TTJAaXg9ajDc08GncvQUqDTTGvpT80oI9KdriaXUgaAH2
NQS2iuuHHB71fGCelKUFVGTjsZ1MPTqLU5m5014SWUbkqkUwa7ExjGMcVn3WlRzZaMEN9eK9fCY9
fDU3Pm8dkurnTOc280hWrktq8LEMp4qBkK9a9iKjNXPmZp05cskRFaTbUxWm4pSpEpp7EW3mgjmp
dtJtqHSHcixRipMUm2odILjMUYp2KTFQ6Y7iUUuKTmp5Wh3A0CiijUQuaUU3vSiqUgHUuabmlrSM
hWHA0U3NKDWnMA7FAFJuNKDVJ3AWkpaMCqshDTRilopWASkNOxRik0A3FL3pcUlKwDhUqMaiBp6k
007Ca0LsLc1fhas2I4q9Ca3izCaNBG4p4aoENSA1ojJokzRmm5ozQIcTSgmm5pCTQIl3HFAciosm
jJphYm80inecar5NG40BYtC4OKVbk5qpuNKCaAsXhdYpwu6z9xoyaA5TRF57077XnvWZuNG40XFy
mqLoetOF2PWsnefWnbzjrRcOU1xcrSi4Q1kBznrThIR3ouKxr+ctKJFNZHnGnic4607isau5DS/K
ayxOfWpVuSKVwsXtq9KaY1qutxzTvPFAWJDCKjMAp4mzTt4NFhXKzQc8VE1vxV7IppANK1xpmcYD
UZgOa09gNNMQ9KOUdzM8kim+Qa0jDntSeT7VPKVczDDSeSa0zD7Uhg9qOULmb5RFHle1aPkZ7UfZ
6OULmd5XtR5VaHk+1J5Ge1LlC5nmKm+Ua0DDz0pDCPejlHcoeVR5dXWhphiNHKFyrs4puyrXlGkM
WKVh3K+ymleasFDTShosFyHbzUtqMXcf1oKU+2X/AElPrWdVfu5ejKg/eR614Q/1Ir1Gw/1a/SvL
vCP+pFeo2H+rX6V88z0D/9b36sXxJxod9/1xb+VbPWsbxN/yAr7/AK4t/KlLYun8SPk6R/8ASJf+
ujfzNKsg9arysRcS/wDXRv5mmqxrznHU+whWdkXg/vUivVESVIstTY6I1y5u9DTg1VVcetSh/ekb
xqlgNTwwqvu96cr0J2N1JMnDc1IDkc1XD1IGq73KTHke9KM9KZnmnbqL63B6jZoI5lIZQDjrWTc6
c0ZLKpYe1bYPFBKlcEV3YbGzpb7Hm4zLKWIV0tTl2h5xjmomi56V0NzYrIodOvpVNNOu52IgtWf6
V9Dh8ZSqx0Z8Vi8BWwsnzLQxzHSbMVrnRNXBP/Eum/I/4U3+wdYP/MNmz+P+FbucO5yLmexkbaQg
Vsf8I5rjf8w2X9f8KafDWuf9A2X9f8Kzc4dx6mORSEYrYPhrXP8AoHS/r/hTG8O62oydOl/X/Coc
qfcZlYppHNaT6Lq69dPm/I/4VCdL1NethLj/AHT/AIVD5RlLFGKsmwvv+fKUf8ANIbO9H/LpL/3y
am0QKxFIM1Y+yXn/AD6S/wDfJprW10Bzay/98msmkMhpc0/7Pcf8+0n/AHyaaYZx1hk/75NJOwxA
c04GmlJQP9U//fJoCv3if/vk1SmIcKdmo/nH8DflS7j3VvyrRTQh+aUGmb8fwt+VHmqO5/KtFNMV
iTijio/OXsT+VL569yfyrRSQEnHakpolU+v5UvmL2J/Km2rAOxSUnmL/AHqN4PelZAOAp6imAg/x
VIpH96iyC7Jo6vQ9qpx4OPmq9H0HOa0iYyLUfWpgKjjHFSgGtUYsKKXBpOaCRaSjmloASik70tMA
ooopAFLSUZoAWikzRQAUc0UUBYKM0UUALk0ZNJRQMdup2/io6KBEm6lD1GKXNAWJhJSiSoQaN1Ar
FkSmpBN71U30u+ncLFwT+9OE2e9Ug9Kr0XFYvCUetO8z3qiHpwf3pXAuCUU7eDVISUvm1QrF3IoB
FVRL704Se9AWLPBpce9VxJ70qyc9aAsTkCk2+1M3jPWnbwe9AhfLFIYwe1G73pQfekA0w5qMw1Yz
70hFAXKph9KYYjnpVvApCuaVh3KRiOelRtHV8pTGizSaGmUNlOhX9+n1qy0eDimomJAcd6yqr93L
0ZcH7yPTfCP+pFeo2H+rX6V5d4Q/1KV6jp/+qWvnWekf/9f30dKxvE3/ACAr708hv5Vs1i+J/wDk
AX3/AFwb+VJ7FU9JI+RpJF+0TevmN/M0gwehqrMf9Kn5/wCWjfzNNDEdDXI46n0UK9kXipHvQBn2
qqs7r71MLkH7wxUuJvGsmTAkU9XqNZFbuKeRnpUNG8Zkok96lVxVTBpwYipcTaNVouh/SpFfis8O
e1SLKamzOiNUvhxTgwNU1kqQPRc1Uy2GGKcCMVWDU8E4p3NE3e6JweuK0dI1270S4WW3SKRQclJE
3ZrKVqeprSFXl+EirThWVqiue5eGfGeka7EkctrDBP0IKjk11hhhC8W8J9D5Yr5iRnjkWSGRo3U5
BU4rvPC/xIvNOdYNXkEkHRXJ5/GuqFZS3Z81jska96lseutCgGfIhB9NgqLYv/PGH/v2KNN1Sy1W
2We1lR1YZwDnFWtnUYrdS7M+flTcHyyKLKP+eMP/AH7FMMakcwQ/9+xV3ywTUbR4NPmkTZGe9vE3
W3h/79iq72Nsc5tov++BWqU9qjZPahSl3DQxX0uxb/l0jP8AwGom0fTz1sk/Ktsxj0pjRD0NDlJd
R2MCTRNOzxZpVeTRNOx/x5Ka6FocnpUDQ/N0NLml3Cxz7aHpn/Piv51Xl0HSz/y4j866N4arvDzS
55Ac03h/Ss82I/Oom0DSB/y4j/vqujaHnpVeSHmjml3CxgHQNGPWw/8AHqb/AMI/ogP/ACD8/wDA
jWy8VQNH9aOeXcLFFfD2gHrpv/j5qVfDPhxv+YZ/4+akxtPJNSLIR3p+0n3CxF/wifhtv+YaR/20
NKPBfht/+XDH/bQ1aWc+tWY5uOTTVWfcLGX/AMID4bfpbEf8DNMb4b+HX/5Zlfo5reWXnqKmWXPT
iq9tPuDRyrfC3w+/RmH/AAI/41Xb4SaCw4uZR+P/ANeu3WQU/Puaarz7iscA3wf0MjIvZ/wqB/hH
pCfdv5x+FeisBj/GoJVGO1XHETDlPOZPhrpsH3bxzj3qjP4StLbpOxr0K5U4OcVg3q8HFd9GpJ7n
NUOMk02KHgMxqAxY6Cty5Tk9aoMgzXow1Ryt6meU5ppXFXTGM0xovaqsK5UxRirDRimmM+lA7kBU
UlTmM46U3y/agCLFJipdtNKnNIYw0lPKmk2n0oAbRTsUnFABRRRQAUUUUAFFFFABRRiigAzS0lFA
C0UnNHNAC5pTTRSmgBRS5ptFADs0uaZRQFiTdRmmZoyaLiH7qcGqLJoBNAEwf3pwcjvUGTS7qALH
me9PWQ461Vz70oY0CLYk96eJPeqYY0u80xNFwSe9SB896ohz61IHNAWLWadmqquaf5nNAiekxUYf
3pd1Fh6ikc0m0Zpd1GazrL93L0ZVP40eieEP9Uleo2H+rWvLvCH+qSvUbD/VrXzT3PUP/9D37tWL
4n/5AF9/1wb+VbXasXxP/wAgC+/64N/Kk9iofEfHM3/HzP8A9dW/maZTpj/pU/8A11b+Zpua53ue
xH4UKDQTSUdaC0x/0zSh3ToaZ0NOpWKjOROtzIO1Srcg/eFU6M1LRqq0kaAljY8Gnk/3azgTUiyM
vepcTohXLwY04SEVVScHrUylX6Gs3E6YVCdZamWXI61UIIoDYOKVrHRGrYvLIKmD5FZ4fFTLJUtG
0aly4p96fkYI+UZ6k96qrJ3qQSAnpTUjVSurM1NJ1a90SZZLGVkwckbuteteGfiNp+qCO2vW8i66
crjP414rvBFKD8wdeGHQ+lawq2OHFZbRrq63PqJSrLvXa69iGzSAA/Q14d4X8f3uiyrDdgzwHjJJ
4FevaNr2n63aie0mHunfNdcKikfKYnAVMPLVXNF4xjiojH7VYBJ4PFBweR0rTTocKtcplMdqay+1
XCgNRslAtepT8vvUbJnjFXdhFNKZ60AZzRe1QtD7VpNHUbR8dKQGW0PtVeSD2rXMXtULw0DMaSDj
pVZofatt4cjpVVocHpRYDGkg9qrGMitmSGq0kApAZnK09ZSKneCoHjI6UAWEnqZZves3JWniUigD
WSX3qwstZCT1aScUAaO+o3YGoFmBoZxVxZLK1z0NYN33rbnfIOaxbogg16FB6nPUMO4HNUXUZq9c
nmqLnmvXpvQ45bkRXmjZTqK0RJEUBpDHUuBQRQBWKUhTipytJt4osFyvsphTmrWzjimFeeaVh3K5
XFNK1OVOegprIO5ApWfQaZBtyKQrUhIHGR+FN3p/tE/Sj1QXGbaMUuJnJ8uFm/Cnpa38g+W0aj3e
47sixiira6RqspAWzap08La3IeLZhn2qXUgt2UoyZm4pMe1ba+CNdkHMRUfSpk+HmuOOOPwqHWp/
zIfJI578KPwrph8NdcPVwPwqQfDLWj1mH5VP1ij/ADD9nI5TGe1GMV1o+GGsf89/0o/4VhrP/Pf9
KPrFDuHs5HJUfhXWf8Kv1j/nv+lMb4aayP8Alr+lH1ih3D2cjlvwpRx2rpW+G+tgff8A0qL/AIV5
rg7/AKU/bU/5hckjn8+1L+FbbeAtdXtn8KY3gjXl/wCWefwpqrB/aDkkY5z24pOa1G8Ja4n/ACwN
Rnw1ra9bY0e0h/MHJIz80A1cOhawv/LoajOkauvWzNUp+aCz7EGaMmpDp2qDraNTTZ6j/wA+jU+Z
dxNeQ3NGTSm21D/n0ak8i+HW1ejmj3FbyFyaMmk8m9/59X/Kjyb3/n0elePcLPsODGnZpghvf+fR
6eLW/PS0c0049x2fYUGl3mk+x6jnH2RhUi6dqjdLM0nKPcLPsIJDShyeamTRNYkPy2h/KrKeFdal
PEO38KXtIfzIXs5FPzOOlKJPWtaHwHrkxH8OfatOD4Y6rJjfcbfwqZYilHeQeym9jmRMi9aVZ42c
KH5Pau5tvhRJkGe8NWtS+HVnpOiXV95++SFNyj1rnrYqm4NJ9DWFCSabJvCH+qSvUtP/ANWteXeE
BiJM+teo6f8A6ta8M7j/0ffqxfE//IAvv+uDfyrZPasbxR/yAL7/AK4N/KlLYcd0fG8//H1P/wBd
W/maYDmnzj/Sp/8Aro38zTAMVzvc9hbJC5pwpuKcKCri0DNApaVikgooooKCnZpveg9aLDHgn609
XI5HFRg0ualouLaLSXB71Msiv35qiKcrY6GoaOmFVou4NLnFV0lIHNTiRWFQ0dEZJokWQipFlqHA
I4NJgik0bwm0XUkzUivzVAMRUiOc8moaNY1Gi9vU/eycdKvaXq9/pM4ms7gqR/DnisgPUgcd6qMr
GkowqK0ke4eFfiDbaukdveYiuenzHrXcZ44II7HtXy4CSyyjKyJyrg9K73wp8RJ9NMdrqcxltiAv
mMN3/wCquqnW7nz2Pyhr36Z7OD68Up5qlZ39tf2yz2k6zRHoVbOKs7uK6k09j56SadpDygIqNo6e
Gp3Wgm6WhXMdNKVaKg1GVpAVjGDUTxVbK01h7UwKDQ1XeH2rUZM9qiMXB4oAx3hz0FVngz/DW00Q
x0qB4OOlIDFeEY6VUlh5rbkg9qqSQHPSkMxXi9qj2AdK1ZIOOlVWhx2oAp4NSB6GUg9KaeOlAE6S
U8y4qnvIpfNzTW4rD5pMg1jXL9avTPjPNZVy+M16FDcwqIzbg81Sc81Ncyc1TduetetTempxTi7k
maMiotx9eKcGXHLYrdbE2Y8nBwadziq5nQHPzP8ASp7e01C7IFtaTMD/ALNJtLdiE7013ReCwrpd
P8A63fgNJC8anqSMV1emfCmJcPePk+ma554ynDcuNGctjysyoDgct9amisr+5IEELEHpwTXvFl4J
0azC/uI2I7soNbUVlY24AitoRjphBmuWeZRXwo3jhn1PBbTwTrl6BmMoD3Kmte3+E+oTBTNcSDPU
DivasjHyLt/Cgs395q5pZlUlpHQ0WGSPM7X4RWcagzzOx7gtWrbfDXQ7cfPHux6muyZSeTuIqN12
LvYfKKwlia8vtGsaKMGHwjodryllE31XmrSaRpcf3LGJffbRd61ZwttXOR2qF9RupIvNhh3Rj0rk
eK1ac7tGvsraWLXkWicLaoPfbS4gHIVB9Kp2uqxagDbSsY5egB4rH1yxvbD5kkdkJ7GuetiuSk6n
xFKGvK0dC1zCp271Bp3mkrlHyPbFcizJLYhg8rS+grU0KBhD5k0rrjoGNFPERqSSS0Y5U0nobHnS
ZPzNxTVvFJwJcGlJByy8qe9c94ksTD5csErKzHGAa2qycIXWooxu7HR+fLjKuSPWkEsrDIc/pXLQ
3d9p0EZmDywnuKhudRP2+EQTPtkOSvpXPDFxaV9ypU2mdd5sv99qQyyjq7Vk6xJcWFvFcBjtb1pm
l6pNqD/d+UCtXXgqypPcnldr9DZFxIf4jQZn7sRVSS/tYZPLaTLelMjvreRiDkD1rW8XpFpkuDXQ
vecw9TSeZ6hfyqFZYZAfLk3EdhTsk9qfNF6RE0h+9D1jT8qCIj1iT8qbijNP5C0FMdt/zwj/ACpP
JtT1to/yoooUh2iNNrZHrax/lTRZafjm0j/75qSiq5pLqKy7EJ0/TT1soT9VqM6TpbHP2KH/AL5q
yaKOeXcLLsVv7J0r/nxh/wC+aP7K0r/nxh/75qzSYo559wsuxW/srS/+fGH/AL5p66dpo6WUI/4D
U2KKOeXcLLsR/YtPB4tIvwWni3s16Wsf5UtFHNLuFl2HBbcD5YIx+FKHA6IB9KZSik9R2RIJ3GcE
ilNxKR99qioqbICTzXbqT+NZHidyfDGoZ6+Xx+daecVk+Jj/AMU1f/8AXP8ArTAwvCHMSZ9a9R0/
/VrXl3hD/VJ9a9R0/wD1a0Af/9L32sXxR/yAL7/rg38q2qxfFH/IAvv+uDfyoew47o+O5h/pE3/X
Rv5mmFc1LL/x8T/9dG/maZ0rmPcUboZgigA1IRmgLRcfINAxS9aUA07bU3KUWMxS4p2w0baVyuVj
MUU7GKMZouKw2lzRtNJVMNh4PrTuKjpQamw0yUHinq2KhBpwPNS0bRk0WVkOfaplfIqoG4p6Maho
6IVC0RTckGmCTmpAwIqWbqVx4finrJUXajJApWNFJllZKmRwc1RDmpFlJGCMVFrbG0ZtrVnSeHvE
174euhJbs7RYIaIHg/hXsvhvxhp3iO0DQyiO4Xho2PIr57jkxwSfwNWLS9ubKdZ7STyplOd3rW8K
jRw4zAU8QrxVmfT4478HpTwa818KfEqO8KWmqAJKBt34+8fWvRFlDxh0YFDyMV2wmmj5WvhZ4d2k
i12oxUKvx1p4aqOYUrimMuakB5peKYrkJHFMK5qwVzTClAyqYiTUbxmrjL6Uwqe4pAZ7x+1VpIa1
WjzULRCgZjSQcdKqPAea3JIQaryQjFIDAkt+OlVHhIroJIAR0qnLbgDpQBhshFV3LKa2Jbfis2eH
ac5prcChLL1rLuHJB55q/dfLmsmUSynbGm5jXbSaW5hNN7FC5fD81nyXCgkDczdgtdRY+D77UW3S
sY1NdhpXgPS7TbJcZlYV3fXIQRh7GT3PLrSw1PUHCW9pIM92FdbpXw01O7YNdSRxoeoIOa9Mggsb
QAWtuEx681ZNw7AZ2j6CuaeYylokXHDW1bMHS/h7pVgim4ZXYdiK6i2tbGzUCCFMD2qqJMmn+aSe
ea4p1Zz3ZuoQXQ0hc7hhfl+lKJCepNUBLzUiy+9Z69GXbsXg3PWn7uKorLzUnmHtTakldhctBu1P
+XGC3NV0fJYfxY4rkb/UL+LVym4gdVWubEYh0YptX1KjHmdrna4IGeKYYwwIboa5yDxJJC/l3kWO
PWtq11a1uk+VgKmljKFX3b6lSpSWxR1bQ4rq3ZrcASCsnSdRfTpza3a4UHFdbHNE5IjYP61iahob
ahfF1bYlc+JwrU1WoL3vzKhUsuWRV8RJZLbi7t2Auc/Kq1Nbm5vdBc3EJ8wLwpq9BoNqjIZv3m3u
a08AAKqgAdq3pUZqfNPZrYUp2OE07Tb2GTeYsg9iKv3WlXd2VEZ8te4FdJeXS2aBio2HrTYLq2uo
tyHk1hToUKTdJy318x3lLVLQo2ls1paiF+WAxmqWp6TJqe0K+Atb/kkrnHSmmEDqOvvXoOKkrPYy
15row7TTnt4Rb3OHQdM1m3XhhDcieFiMNnFdUYz9RTfLOCKylh6clZFOo9V3OZ1WxvbyBLccgVDo
9pd6fG8LJ8x6NXVBCvbmmOu45I59aJYePtVUe4KpaPIcLLb3Npqvm3UbyITn5RXQx3FjcQhVideO
ela7Rq4IdQR9KrfYLVSSsbBj1+as6WGdG7j1HKpczLCC1sp3lW4Az/Cxp0+t2qsViDM1OuvD6XLb
llKH6ZpJdGih08pChab+9mtL1VothJK5Ug8QrJciF0IYnvW0wCgPnr2rjYbO5tL5JJYiQDySa6yT
UrSK3WV3AIHSsMHWqvmVV29SqkFb3SfBxkkZ9KTDAZIx7Vyt9rs0lyrwDCk4rTGsNbQpJcnIPf0r
WnjadSemwnSaNfnGePpRUNvcw3sQlhYMD6VLkZxXRFqTvF3MwNFFJnNNagnd2Q7ikpKWgApKWkoA
KKKKAF4optFADqKbRQAvFZXibH/CNX//AFz/AK1qVleJv+Rbvv8Arn/WgDD8If6pPrXqOn/6ta8u
8If6pPrXqOn/AOrWgD//0/ffSsbxR/yAL7/rg38q2e1Y3if/AJAN9/1wb+VD2HD4kfHkv/HxP/10
b+ZpB706YH7TP/10b+ZpuK5Hue9FWFxTlFJmnCpZvFDgopQmaBTxSbNFFCbKPLzUgFOC1NzRU7kB
i4puzFW9mRTfL9qOYfsSmUNN21cMVMMWKakZSotFUDrRjFSmPBphWq5jLkaEHSlHWjpSZoFqiQNT
lPNRilU0mjSLJwc05SRUQPFPDcVNjeMydG9aeeTUAapA1S0bxlckxxSc0A0tTY0TFVsHmpFb3qIg
4oHFD2Lu1qWQQSDyCOjg8iuy8K+P7/RZFt7uUTWp43P1FcNu4FSb8jnmnCbiKrSpV1aSPpjSdYs9
atRNZSpKuMthuavq+PavmnStZvdFuFnspnA7x7uDXsHhfx7p+tQpBcyeTd5xtJ6muynVT3PmsXlc
6bco7HdBiakVvWqocg8lcY7dKkDnqeQfSttOh5LXkWAaMVEj0/ec0EilM00r7VJnIoNMZAVphSrB
FMK5NAFR4/aoWiyDxV5lNRlM0AZzw8dKqywZ7VrtH7VXeI4pWAxJrf5elZk9ru6CumeEnrVSSADt
QBzJ0lXbMlXLaxt7f7kQLeprRaLnpUJjwafOwsTxzMOOFHoBVgOcdapqMVMre9G4FoNgdadv96rb
qUNQBaWQ08SGqganbyO9AFvzTmpFl4qiJDnmnCTC9eaAL4lJ4B6dKqajrUemxBg2ZD1FCSfxHqBW
HbtbXOtMZzls8ZrCq1Hbdlxszb03xCNQcKBtf3FS63aG4hF5Fgzxdh3pqJDE4MajPqKpazqs2mLE
ycxv296rkl7P32Gz0GaXD/bzGW+2xGP5StNk0q5TUBHbErB3YVn2mnXd3eC4LlIZPmwDXXxSiNFj
64FclPDU6q/eK3mW6rSJrC2j0+Parlyw5Jq+suVxkYrLWfqM9etPEw49q7oxUYqK6GN7mkHGetPD
DP4VnLNU0cwPWrVr6gUfEEg8tUxnIrCiWWFA8chAHbNXdfn3TKAegrPgnCgAnIPavCoYKOOx01Uu
kjTEVfq9BW6mxZa3IrBJuV9a3YbiG6XKMufSuQki2tvBAX3qP7Ulo24XCqfrXXPD4zBe9B+0h+KM
6eIp1dJaM7cpjjAx7U0xj0rn9O8TwynY0gOPQ10MNzFcAFHB9q1oY6nW208maTpNa7oYY89qjaL2
q58v/wCqkIB6V1qy1RnaxSMXtUZix2q+UppjFMDPKH0pm0r0OavtH6VGYhRcCk8ayKQ8YP4Vm3eh
Wt2pXBU1ttH6VGUOetS4QluPmaOaOhrb2TKq73zwaydPsUkuHi1N38sNwD0Fdw6nOagntIrlSJAM
nvXLPBwm+daJfiaKqyjbWtnp8RFvKvlnoM81KLm2xgSA1Rj8NrFctIZSUPbNYmq7bOXEIcL61U6y
px52rIle87HTi8tC20Srn61IDnn+Hsa5fSdHkvJPtUr7IgfXrXTNPaxIIxIuxfQ0Yes6kOaordhz
glpHcfRSRyxTHKOKcVK8mulSTIasJSUAHrS0xCYoxS0UAJiinUhoASiiigArK8Tf8i3f/wDXP+ta
tZXib/kWr/8A65/1oAwvCH+qT616jp/+rWvLvCH+qT616jp/+rWgD//U99xgVjeJv+QFff8AXBv5
VtGsXxN/yAr7/rg38qT2Khuj5BmX/SJv+ujfzNMK1akTNxL/ANdG/majK1xuWp9MqehBg04U8pTc
GlcTi0LSgnNNJ5pwpWKTsTKakUioAakVqlo6ISJ+vSlxTUNSioZ1RSYzZQY85wM4qULW54SsE1LX
VtZBkNiiOrsFVJRbOZaL1+lRPDzW7rlgbDXLq3K4VXIX86zmjzVXtuYxpxnG6M5ojmmFDWg0VQtF
1qlIwnQKntSZ5qcw4zURTmquZOFgBp4OKjwQaXdT0JvYlBqRTzUCtxUgapaNYTJ1NPBqBWp4apsd
EJE+eOaMelMBpQcGpaN73HEYFGSOlKPmpcVNyxN3OQKkRykiSodkinIYdRURFICaFoD1VmekeFPi
TLZGO01QF4iQBJjJr1izvre/iFxayhoiMgd6+Y15OMcd63fD/irUfD10GglaWH+4zV0U6zSszyMZ
lsZ3nT3PotZBTw+a5bw54vsPEVrvEixTdNhPU10QkZQAwxXXGSlsfOVKM6btJFtWx1p241XWTIp+
+qMywOaABUSvT1agBSuajIqYEGkIFAEBQ1E0Zq0y0wrQBRkjqrJFmtN0zVd46AMl4sVXdQOa05UG
KpypxQO5TPFAanMtN6UCHhqXdURPNLmgCUNS7jUQI9aXNAEm/wBaenJLZ6DNQbqhvml+yFIPvtSb
926GrENvriS6g9s4wg43YrN1rT57Sf7XasXXrxVd9HuYo9+WLnnikh1K8tW8uZSUHUNXlzrOTca8
bdmbKCjZxZctNYvYY9zx5GKktkutcud9yNsK9BmmP4hhASIWwLNW7AdlujqoUuOlXhqTqLSpzRQp
z6Wsy5G6xRLEh+VRgUqy4qru596UPzXpW0szJu5bEpFPExqnvp2/igRdWfNSpMd1ZyyYNSrL1+lC
E9nYyNZuQ15yflHWub1Lxpp2nK0aEvKOAAueav67MXSUKcGvOrDQPPvZJpNzkvxmuDJ61ONWrXm9
Ex49KShT6mq/iXXNZYiNfKi7EnFA03VLofvZiR/vVtxW9lpcQa5IXjpWZeeObWyJS0iDHpk1vUzy
rKdsNC6KoZXWrK9rFvS9GvrB/MSYt7E119lqFzHgHIavLpfHOqXLfuIwB7f/AKqkj8Q+JJcMkJwP
b/61ebicHjcXLncbPyPSp5e6StKa9D3Kx14jCTr26gZrbhuoZ1BRhmvndfE3iRWDGEkDqDn/AArq
tD8dXJwk8IjYdzmrhHMcKv3seZeQVcFBr3Zo9jxgZJo4rm9P8TLMq+bgit6K7hnAZXByOldtDGU6
2kdzgqUpU/iJduRmm7BTySRgUV1baGdiLyajaKrIppWhBqVGjFQtHmr5TNRtHR1EUdh6HpVW6023
vUCSrgeoFahjqMx4oklLSSuO5yeu29zYW0cdlzFjnmoYbKzjs1uZZyWIyy5rrmiVxtkUMprIuvDl
vcPuRiq9cVx1MOlU9ov+AaRmrWZVto7W8tmltJCHAzg8VHpl7eSXDwzx7VU9T6VXuXh06cRWQJkH
VRT2n1S7TZHD5ee+KwjiFD3Wm5eSuU4G3hX+aNsj2pOufasextdTsJd0jlo2PORW4CkgDRtn1rvp
zc1quV9LmUo2I8UYp5XBpMVo7LTqSJijFLRQAmKMUtFACVk+J/8AkWr/AP65/wBa1qyfE/8AyLV/
/wBc/wCtAGD4Q/1SfWvUdP8A9WteXeEP9Un1r1HT/wDVrQB//9X36sbxL/yA73/ri38q2axvEn/I
Evf+uLfyqZ7Fw+JHyY6/v5f+ujfzNRlasSD99L/10b+Zpu2vPvqfZKGiK+ymlKslRTGSmmQ6ZWK+
1IvFTMtRkYqrnO4C04GmDinCgpEyNxUyPyKqg81Ijc1DR0052LoIJrsfhrF5niHzcZ2Ec+lcSjY5
7V6N8KIczXEx6bjj8KKSfNqTj6vLh2xPihpP2bUxfJHhGPOBXB7OAfWvcfHen/2l4ZumQbnjjZh+
FeJRjOUPBXqDVVo2YsqqqpR8yFkqF4/aru3POKa0eayPSdNMoGPjpULRc9K0mj4qFo6akc86KZmt
H7VGyEVotH7VC8Zq1I5J0LFLBBpwNTNHionUirujncGhwbmpA3NQDOaeDzSaKjKxZDU8HPWq6tUg
apaOmMyYH0p2aiDU8GpaN4yHigikBFOqS9xhoDetOxmk24pbhrEnt7ieznFxbStFMvI2GvUfCnxI
SZY7PV2Pm8ASNXk2SDwfxpSA3Dcj1rSNRw0Ry4jCwrxd1qfUMcqSRh4pFkjYZ3qelSq+RgnmvAfD
Hja98PzqkjtLaD+A5Jr2LQ/EWn6/b+baTANj7j8H8q7IVVJbnzWKwEqTulodCr9vSpA1U0k/hJ59
KmVu2a0RweRaDClBzUCNmpAetMCbrSYpgbFO3fWi6Aay+1V3WrQORUTjmi4GfKvtVKRetaci9az5
lPNMChKtQGrMuarP1oASjNNooAcKWm5ozRcB4yenWgOCflbLDqBUc0git3kY4AFcraapLbXkshYs
hNY1sRCk7S0LjBy2OwDvxknHvWXqlzbwuFmhQq3ViKbFr9vKfnJH4VFrk9tcWQaMgsRwKmtWUqXN
TafkVGEoSvYraZYCfU/NHzW45Ge1dKW+bA+6OlZ+jReTp4B6GrgJK1WHhGnBOKs2TOXM7ku7PejN
RilzW17kEm6l3VFmlzQBMDTg2Ec57VCGpHfEUn0pN2QJXZzGoEzTyKOazLrUrTw9Z75NrXBHC+9S
6xqP9mQzT4y3QV53HHeeJNVDEllZhyegFfP4HBTxVSSWkep66hT/AI09kPnn1LxDenJmZWOcdq63
QvBECKJL7GSOAelb+n2lnpluIY1BkxjdjpU8ok4O/dX2FDDUqMbQVmeXi83rT0paIZFpGn2b7Ut4
iPXbWpE0EcBCRIO3AqmTvgGSFb3NOVgItqsC31re9/U8mc5t+87k6mFzjyU59qmeCwCbTbRFz321
UjkEeSeWxR8ztu6H3p8xCnYtJFFEMJgD0FWYbm5hbdE7ADtmqiiNOS2TTzdAcKK87F5Xh8Qrr3Zd
0dNHGVqWl7o6ay8RAqEn4I7mtyC6inTMcimvPN4fqBUkNzNbHKOcZ7V5MqONwmjXPHud0KtCs97M
9F3DGAeaASPeuZsfEQG1JuPet2G7guMGOQE+lbUcXTq+7f5F1KTpq/QtUEZqMHn7wp26uozEKUwx
1LmkHNAFdkpm3FWiBSFaNwdjmr7RMXX9owjkclfWiLVprlWSJAjKceldFt6jPB6isCbRfL1LzPO2
RP6etc81Kn71JbmkfNkJg1S7yHnZYzxwaLPSruwmJM7SIexNVNQM9lfCNbkmI4PBqpLqd6k22As6
1zPEUabvPWRXs5HSlTuzt4pCvGR0qvpVxc3IPnoVq8U25UV3U6ikua1jJkGKSpStNMZqxEdGaftp
NtADDWT4n/5Fq/8A+uf9a2CKyPE//ItX/wD1z/rQBgeEP9Un1r1HT/8AVrXl3hA/uk+teo6f/q1o
A//W9+rG8R/8gW9/64t/KtmsbxH/AMgS9/64t/KlL4S6fxL5HynIv76T/ro38zRinyD99N/10b+Z
pMV5j3Z93GPuoZtzTWWpcUEZpXBxKzLUe0VaZfaoyvtVJmEqZVZeaBU7L7VEVxVJ3OeULAKVD81M
zg08c0xXsP8AMKrx3r1z4YxCHQzMwwWkcfrXkQQyyJGnJdwPpXtegRf2fpVvBjGFBP1rSjG8jizK
t+75Ds123FvLbNyJEIrwXWrQ6brs0JXh2JFe1Wt2AwOa88+JtiIrq3voxgFyDj6GtMRHS5hk+I5K
nJ3ONXgYJzTsA1EjZUE9+amBGK4kz7BvXQaUyKYY+Km7UYq7IHFMqNH7VC0Z9KvlKidOalozlTM9
46iaLmtBo+KiePHNCbRyzomeyYpmMVcdM9qhaPHarUrnHUpNEQNPVqTZTgMVREboduqQHiou9OFS
zaMiUNTwahU1JkVDR0RkSUU0GnA1Jpe4Yppp9BoExgPzVbsNRutLulntJWRgc4B4NVcUYA9aak0y
Z041FZnoUXxd1C2t1WWwErL1cEc/rT0+N8g+9ph/Mf4153v42jp3qvNao/K4zXp4TE01aM0eFjcr
0cqZ6knxwc/8w39R/jUg+N038OnfqP8AGvHHjMR6U9XGK96nQo1FdHzdSNSneMkexj42Tn/mHD8x
/jTx8a5T/wAw/wDUf4148pBqVRWqwdLsYupJHr6/GiU/8w/9R/jUq/GF362A/Mf414+vUVbh60ng
6a6AqrPW0+KDTf8ALmB+NWE8avc/8sAua8ytF5FdBZDGK5KtCK2KjNtnbx6wbjqoFSrNvrEtOgrU
i+6K8+pGz0Nk2yznNFIOlLWRYUc84opc4H1oAhuIBeW5iLbQwwaqpodosJjBBal1qd4LULAcOw4x
WF9uvrLErsefUVx160IS5Zq5pCLezNCXw4Sf3Tge1Zf2eSPU4rWQEjd1qQarfSSfaIwxWtTSbxNR
kJljAmXuRzXGoUKtTlUWmat+7ZmuoEcKRr6UuaQjBxRXsbJJ7o5h2aKQdaXNABzmlFJ3pe1ADgab
McW8h9hQKjuiRauRUVHaDY47o8+8XK80IhT7zGrnh3Rl0rTUfjznHNTTQrcTiRu3rVje52gHgUsj
glRc+4ZjiZRSpR2e5JsOeeT61Isjxj5tp7c1DvY/dFO2ORlq9rlueR7sVoch4mm1WynM6yKIT0GD
WLB4n1GCRJGfK+ma63xdHNcaWEiXcwFecpaX7yLH9mfrivMxDqxmuU+oy2WGqYf98tT17SdR/tGw
S4Iwx61oea7cYrG8O2rWulokow2Olae905xxXow+HU+dq8qqTtt0JcMDUisfSoBOaX7Qw6iqTMbF
kFvSpVkK/wAOaqrcN6UPfJbgmVgvsafNbdhy3LmQeq81LBc3Fq26M/rVCHUIpQORVpbhSeK8vFZb
hq7572fdM6sPiq1HbX1N+x8QngTr+Nb0N7FOgZJPwrgi4k+UcfSnRzXFucxuR+NeXOjjsGuaoueP
lud8K9Gppsz0MMSOaeGFcpZ69LHgT4Irct72G5TcjitqGMpV9U7NdBzpzj6F/OelLmqyy44wcU5Z
ueK6/PqZ3tuTY5qpqtmbvT3VWKsvIIqzvzThJng9PSpqRU1Z6D6nJWGhzXmWu2b5TtGfStuLTdP0
9AJCAexatTIA4GPpVDVNKTVYREZGQ+oNcsMJTpJyjqy3VeyJlWNl/d7SvqKjMXNGn20WnQ/ZjLl+
xY1b2ADI59xXVCT5SLNlFouaYyVfMQPNMMYIqhGeUppSrxiqNoqAKZSsfxQuPDN+f+mf9a6ApWJ4
qXHhfUP+uX9aAOY8If6pPrXqVh/q1ry7wf8A6pPpXqOn/wCrX6UAf//X9+NY3iMf8SS8/wCuTfyr
ZNY/iP8A5At5/wBcm/lUy+E0pfGj5XcfvZv+ujfzNA5pZP8AWzf9dG/maAK8x7s++XwoTFIBT8Um
KlJspxsrsYVNMK1MR700/WjUzauyuwqNl4qyQKYwGK1TMZJMpspzmgGpmAqJl3NsHVuBVI5pq2tz
ofBen/b9XaVkJijAxn1zXrG3AAHYcVy/hLTTpekoXGHb5ifaujjfjrmuukranzeMqupUt0LEUjIw
rN8ZQDUPDRcj5ozurSUA0y7i87S54DyNlVNXizLCz9nVTPF4G/dgdxxVpDkA1UuFa31O4iPRTT0l
yK81qzPuaFS8E7l1TTlquj5qVWqkzpUkyUgYphQU7NL2pjuQlAe1MMNWaKGiXFMoSR89KgeOr0gG
agdeTUrQ5KsUUimKjK1bZajZKtM5pRK+KXNSFaaVoJsM704NTCOaKHYq5Mr08MKgzil3YqLFxmWC
cUuahDZp4NFjVTJBTc0A0Umh3uJnmj6UmMk0uKLBdpjSgkGGHNVJLdkORz9Ku5IanZPPHWu7D42p
RknfQ8/FZfDEX01MxXxx0NTq/NPntVb5l+9VZWK9RX02FxkKy8z5PGYOdCVrF1TyOc1ch61nwuM1
ehOTXVJtaM4OW5s2h6V0FlyRXOW3ODXRWJ5WuGs7o0j2OhtB0FasQ4rMs61Iq8upubRJ14FLSCis
CwoA3MAelFKoO5T156U0k9wMTW5/JvIT1VTk1W1TVk1C2jhCYK98VcvbaO71RFkfaAelPk0WzH3J
lz9a8+rTrylaDXzN4uPUZYa1ZwWohljXIHpVfRwJtWkmjG1M8Cpn0G2dWKzqWA45p2gW01vM4kHH
Y0U1iFJKaWgTcbaGw3PNJStyDSV37aGAUYopaAAUuaSigBwNV79ytm3vU9VdTOLI5rDEu1GT8i6a
vNHMhGc9DVnytq5LDFQRSnHHSlLsTzyK6Mmi1hInFjJL2rRMZgvCj8aZl3kAJyPamcE49amGIlz3
PFem12OVbWFl2hguAwpXSGPb+5TPXOKiU5kz3p11cwRbQ7c4out5aBd3JphuCvH+VOSQldrY/Oqy
alaCKRWPO35cetee3us6imoy+WX8sHiuerioQ2dzWFOUj00Q7jhSM/Wq15cjTojLOQqj1NcNa+I7
gBd5wwPrVq+vf7YtzDJMFDDnmuWWZU7e7f7io0H1N1fEsLjMZBHb3rH1yS91R1eAMAOwIrLTRJF4
huR8g45pTb6vbj5DGQP9qvPqY6rV92+hsqSWxYiu9VtVC+Q5A981ZTxLexH54pB+FZB8SXNqfLmg
OR1KmmN4wh/jtmz7kVzRhUXw/mU4Jm9/wmhUkEsGHqKSLx7OXMYQnNc2XuNXlza2557lcV0el+Dn
RBNdyqgPJxXr4OnXbu2ZSVPsOfxNeyzB1Dbc8qK6TSvF0bEI8pib0NZE72Vupt7KIySDgsRXPz28
0cxDDa3+xzWmKyrD1/etaS6oKOKqU2+qPatP8Q7lG5ty+uRW9b31vcruSQZ9K8Et7jU9NQTMAYuu
CeTXTaR4s88qgV42yBwK8ipTxmD1fvx/E7o16Nf+6z13zCvepBIOO+fSuNtPETQkCdC2e9dDZXsd
xiSPoT0rpwuNo4myg9QnSlHfQ0ft1uk/ktIA/pVjzEz98ZHvXBa80y6yDCDuPSpFtdYLKxPBHrWc
8XKFRqMG7FKkrXudFr2mNqUCyW8+yROTg9aTwzNPJbvBOSxRupNYQs9WVS4bBx61oeE5mM0ySrtk
B5OetY0qkqldPlaKlFKO51RGc4pNopnmfMafkcV6hzibAaY0QNSgijGaAK5hFYPi+LHhPUj/ANMv
61023NYPjJMeD9UP/TE/zoA4bwf/AKlD7V6lp/8Aql+leW+EP9Qtepaf/ql+lAH/0PfjWP4j/wCQ
Lef9cm/lWxWP4i50W8/65N/Kpl8JpS+NHy0/+tm/66N/M0lK4/ezf9dG/maMV5ct2foMF7qEx371
0fhfTNG1iQ215dvBcfh/WueCjv0pcur+ZHIySDoy1UZWM69J1I2TPVz8KdKwG/tK5APQhV5/SmH4
VaVkj7fcg9/lXn9KoeC/HzKE07VZCQOFkavTCA8SzI2+NhkMD1rtgoSPlsTUxWHlqzgD8K9K/wCg
hc/98r/hUTfC3Sv+ghc/98r/AIV6DjPrn0qNl+tV7JHJLH1t2zzqX4W6X21K6H/AU/wquvw1062u
Y5hf3EnltuCsq4P5CvR3jyO9VZI/amqSF9dqyRgNbrEixrnaoxUWSDWvNCTnOMVnyxEGqSscjbeo
6GTGKtREMHU/xDFZwypqaOQ596bC+tzjNY8A315qr3Vs4EbAcGqqfDvWAxxImPpXpKSbup5p5U5G
CaydKLPQhmVWCSiefR/DXWmAIlT8quR/DDXW581MfSu8hnZCBk1qW90T/EalUUbrOsSup5unws1r
vKv4CrC/CjUiRuuWH4CvUI3yo5PPvVPVvEFro0DvPIobHAJqnTikUs2xVR2R53d/D8aZbmS6vDx2
OK47UIoYGKxPu96v+JvGlzq9yyxyMkIPTPWueMwfnexz61yza2R7WFdaSvUZGXyxFNanbec0EcVl
qd1rkRFMKipMZ4pMCgzcSLbSbamIxSbc0XJ5CuyCoWUirxQVE6ZqkyJQKoNLTmjNMKkUzNqwoNOB
pmCKXr7UxXJg1OzUAp4NJo1jJEopSaZml61JpcU80Z4pQKQimPoIDTWhWQZPBp2004Yq6VWVOV4m
NelCtHlkimYzE2e1XLZh1FPVVfhhS/ZirZTp6V7+EzPntCZ8zjcodO84GrZnkV0dh94VzFmdpGa6
awIyK66zTV4njqLi7M6W06VqRD5ayrM5rXi+7XmVNzREwpTRilIrBlDaVThwaWjFF11C9jD1TT57
vU43hJAzyRUp0FxjM7Z781Lq13JaSRNH0J5qufECKBwd1cdSeHi/f0NEpSWiFk8PSMD5VwwYc9al
0y7k8w2Uy/OnAYd6qnxBI2fLU5PSn6Kss1y88qlTnPNKNWlOfLTuw5GtzZHUijFONIOldq2IYlFL
SYoEFOpKKADvVPVuLKrnes/WGxbAe9c2Mf7mRpS+NHPx9SKk5Cl/4V+9TFGScDmsPxNqrWkP2aFv
nfhsV2YCapYGLZw4iPNXaNFNbs2uNiKGA7g1Yl1O327yAB0xmuc0uyS2tNzANIR1q21vE4BZa4v7
Ymm9CfYIvx69ZLJhgPzrk9U1SQ6wZkO6LJwM9q2hp9sefLFIdPtWzmFPyrnr5n7ZJSRcKaiZ0Gt2
srfvAEP1q4JtLlHOCTUEvh62kBIUAnpisyfw5cLkxOcexrmXsqmzsatdjWax0uYHHyn1zVR9DtCf
3dw2T6GsKaG8tHw5fimx3+4YdiCOxOK39nP7Mrjtc0bmyurH5obpmHuc1WOp6ogz5ilfcVXa8VpB
HF+9kP8AD1rd0rw3eX2JLhWWL0YV008NUl2Icox3Zhww6hql0EVB8x5IrrdO8C2pZZr3lh2ro7HT
bXTUxFEgbH3sVZYk85wa9ehhoxXvo5p1ZdCCOO206MJZwjd7imvbz3XzTPtTuBxVlAgYt396UlSR
uNdUuVavQxbd7FJLUf6u2UD1JFWYdNtYV8yVfMlqTdzhRgewqe3sZ7hxgMB615OIziEXy0fekvuO
2ngpNc09EZk9g182JSBEOgFaOnaFHgLAhGO5FbtrpcUXMgya0l2oMIoUe1edKli8W+bES5V2R2wV
OkvcWpTtdGiQ5lbJ9K1YlSH5Y+O9QB88nrTg5BzkCuqlhKdFKESJ1Jy+Jla51uzguSssQaRemfWo
X8WS7jiAKmKg1PQRqDedGSHNZ8nn6fYyQPbb26BtpNcuIliuZ62RrGVNRsaX/CT3kq/u41wBWh4Y
kaV5Z3ADE5rL0O/sbbTpDdRpvIxhhzW3pskD25lgUKOlVh6VT2ilKdwqNW2NpZfnJqUS1mrJ71Ms
nvXeYGgJKkV6orLx1qRZaALgbNYnjL/kTtU/64mtNZPesjxg3/FH6n/1xP8AOgDifCH+oWvUbD/V
r9K8u8If6lR7V6jp/wDql+lAH//R9+rH8Rf8gS9/65N/KtisbxH/AMgS8/65N/KlL4TSl8aPlxv9
bN/10b+ZpRxQ3+ul/wCujfzNKK8uW7P0KPwoMUuKDS0iiN4lkGHGSDlWFdt4P8cy6VcR2eo7ntjg
Bz0WuNxSFQV5HHrVQm4vQ58RhYYiOp9GwywXVus9rKJYn53DtQy14t4U8YXXh64Ec5M1mxx16V7J
p9/batZLdWjhkbqgPIrvhVTPkMbgZ4d6LQcV4qB1q8V465/pULLWrPPvdGbNHkVQmh61tPHyaqSw
ikBgvEQai5U1qTxe1UnTBNAhYnA69auRyZArOUhTk1NE5zx0pFF/bnkVJFK0QJJ2qPvMazL3WrLS
oDLdyKpA4XPWvO/EHjm81XMFmvkQjvnqKiVSKR1YbBzqvY9B1v4g6fpMZgt38+UjGV5wa8o1fXbv
Vp3edyyk5APasnkuzHLMerE0q8muWVRs+hw+EhR0aA5JqxCpIpoWpo6yWp6ainsSDpilxxSdqBQa
paCbaQipKNtJkNEWM0mOal20mOaAsRFabUxWk2ZoBxIimRULx4q1txSEU0yJUym0ZqPYavbBUZjx
0qkznlBlXpThUjRmkCUyEmmAp4FNAxTwaVjZXJAtIVpQadmixsrDMUgFONL3qL6g0rCqMVbhzjpV
YDpViM9Krmd9DKVra6mjDGpxxzWxZqQ4zWVbY4wK27TBYZr08Pipx916nzmPwsJXktDfsjnFbEP3
ax7PaOlbEA+Wtpy59Tx3HkdiyKCKUU4ViwGYobgZpxXmkYDbihNrYLGbrFlLexRmHgA/Maqpp1gs
aiWVfMHWtqRjFbSHPAWuetNKOqyzOs5VBXDiqd5pxgm/M1pSdjTg02zc+bEwIFXlAUAIAB3xWFYO
2j3zWc77ozzuPvVrUtVityFtuTW1OdKmuZ2jLr6ikps0xyTR2pkD+bbpMepFPrda+93M7WG96Wlo
pgJRRRQADrWbrRxbr9a0x1rK1xtsKZ9a48e7UGzWj/ERjRsER3boBmuAvpTfeImYcqrDiu01GQ22
lOxPXNcPoY83UXkbu1EqjjhIw8jmlG9acjqz8oC4xxTQDj271XvbsW1wiHoTUA1NEu/KJ+U85ryF
CTV0IlvHmhXzYPmUdRUNvrkEvySfK3Q1pqAwGTlWrldYs0guy0fGTmtaSU1ytBy3OnjeGQbkkB9j
SXIkW3ZkZfzrjUuJYeY3LH0zWtY2+sar+7QNGn94itVhJy+ENEZt1dyTzFDuZwemKs2vg2910oRC
UXOdxrv9C8DQQIJblwz9TmuvhhhtkCRKFx3x1r1aFD2fxCUnPY5Tw/4CtdJhDSpG0g/iNbz2UcCF
mYLjolaG4luelZmq5bCs4rrpzd7Ic48qtu2ZMrh3JAwO1MyKa7YbAIIFPgtprhvkBWscTm1Oi+Sl
70vIzpYGU3eWgwkA7utTwWVxdMCE+X1rWtNIRPml61ortjG1BgV5jp4nGa15WXY7qapUf4av5lO0
0mKEAucn0rSUqi7YwBUWc0orspYelRjaMSZVJPckJ98+tAJpopc1tfmIQ7dmhpUgiaWVsIvamgfN
isfxJc+XbJCM4Y84rOpUhTheTGldkL+K2+2EwRsYV6kV0FnqMF9biUuNvcMKxYf7JXSPLH+txz0r
GtLa5d2W3kIU+9cSxlWnJc7Uovsbql1NzxGuniy3W/MrECtfR0MOlKHXbnGK5y10iaa5QSyhtvOK
6pWCqI1HCjFbYeEuZ1ZRs2ZzJ1cVIHqqG5p4f0rrMy2snNSrJVMOakVzQBeWQVleLHz4T1If9Mv6
1aDmsvxQxPhfUB/0y/rQBzXhD/Vp9K9S0/8A1S/SvLvCH+qT6V6jYf6tfpQB/9L36sbxH/yBLz/r
k38q2jWN4j/5Al7/ANcm/lSlsaUvjXyPlxh++l/66N/M0oob/XS/9dG/maUCvLluz9Dj8KDGaWlA
oxQUFB6ZHWlxQRzVCE+8cY49K1vD3iS+8OXgaCUmEn5kPesrGDTD8q4Iz3pJ8r0M61ONSDjJH0Do
mu2uvWUc8BAcrlkz0NaBUZrgfhTp5i0+S6dT+8JK+mK9A24AI4JNejTleOp8NjaUaVVqJCUFV5k9
quMKjdeKs5DMliyOlZ80HU1tSJxVWaLIpMZhPFgnjgc1zniHxVDoweG3O+5x8o9DXYSw4JBHBHWv
HPGtg1p4ieRlJR+jHtWc20jswVKM5e8ZV3qN3qVw0t3MXDHIX0qMHse1RD3/AApwznmuKWurPpqU
VDRE33uT+lAGDSLTh1pXN0x4PapkOKgA5qVDzSRtBk+eOlApu7inBqZsmOpRmk3UoNFgaQtIRS0V
IhpoApSKAKBoaRzTSKlxSEGgUkRYpMVLtFBWmjJoh20hjFTYpStO7IcSuUFN21Oy0zFNEvQZijFP
xSEYp2EmM6UueaQ0oIHNZ8rvobXSWpKp4qaIEVRkuEjHJ5qH7YznCniu+jgale3RHm4nMaVC9tWd
HDcCPGDmtezn8xga5O1Y8c5rpdP6rxivVhhY0Vyvc+axOMlXd76HWWH1rcgB21g2Hat63ztrCoci
7lpRxTulCjinY5rnKGkUmBj3p5FMIos3sAbfMQxnkMMVylw01jdvBbuy7j0FdWMjkdarvaQfaftb
kAqO9c+JpvERXK7NblQnynNmxurs5l3b/U1P/YjJAWkkCvjjJrZt9Viu5WRdgVT96q2sTW15H5EU
4Mh4AU81zrCYdRve/wAzT2k3sibSgwtSkjgkdMVdIxXNWsN5o92j3JPkv0ya6cgMiyKcq3Irsoyb
VrWsRJdbjSMUlKeaStLMgKKKKGADrWRrgBRFP96tb+KsjWyN6D/arhzG3sNTah8ZxPiy6ZLVIVPG
KwtAT9+AOuc1b8VS7rtI/rWfp1x9jucnpis5e/SSTOd3vJlrxBIWnCrwwbP0rJLOWyT8/Y1NqFyL
u5MhB5OaSC0num+RML606UOVcqROi3JU1i6ijCFxx7UsVvfavOMBiPpWzp2gRj5pfmf0rp7aJbaM
BUVcDHAruo5e2+ZoxnXtsjI03wta24V7ldzema6OO4S3QRxIqqPaoo45Z2+VCxNalto+wb7k7QfW
vR5KdFaGKUpu7ZLYyT3QGDhRWlIyQLl2AwO5rLudUt7QeTb4Bx1rJeae9cD5m56V5WJxtGnq3r2P
RpUpv4djTvNZJBSDrWUPtN4+SWbNaNpox4aUbc1sRwwwDCKK4lHE4pa+7HsbqMIa7szbTRUCh5sk
9hWqiJEAEUCjcfwpRXbRw1OgvcWplOrKejF3Z60Zz1pKUVu3cgKUGkpRQtAHZopKKaVwJI/vFjwF
6muU1KeO61UK0mEAxjNbWt3gs9PZUP7x6wNGjtQxe9YZY5ya4sVVSmqUra7m0Iu10WjokuwyxsSr
e9QeXfWQYhSqAda6qCaAxAQOrIOlSSos0TRSqMMKieXUpLmhp8wWIa0aMLw55s08ly7lsDpXQFss
T71WtbZLOJljHGBU2QD78V2UoOEbNmcnzbD8808NUWeafmrJJg3FOD+9QbqcpFAFgPWZ4mfPhm/H
/TP+tXd1ZviRs+G77/rn/WgDG8If6pPyr1Gw/wBWv0ry7wh/qk+teo6f/q1oA//T9+rG8Rf8gW8/
65N/KtmsbxH/AMgW8/65N/KlLY0pfGvkfL0n+ul/66N/M0gpX/10v/XRv5mk6V5kviZ+hx+FDqcK
SikUOoopcUwEpp+aRQvVuKfiruh2pvtctoAOFYEn8aaV3YzrSUKbZ7X4Q086d4V0+FvveSufritv
GfwoVBFEkI6IoAoAJbgV6MUlGx8BiKjqVHJ7DGHNMIqcjJ/nUUjJGMyMEHYmndIyjFy2IWXg1XlT
Iq5gOu5TketRsv8A+umNJ7GVLGRz6V518S9N326XYH3Rk16hIhIbIrnvFemC/wBEnQ5z5ZxgVnUW
hvg6nLUS8zwcYKhx34pvQ0sYJjX5cMDnFBFcO+h9Vra44GpAeKgFPDUWKTJwalU1WDVKjZoNoSJg
aeGqH8acDSNkyyDxTgaiQ08U1saIdTqYDT6QwoApcUoFFi0IRSYqQrTSMUAxAKUrmgU6gzcRmyja
KkAzS7aZLiQFfSomqy4x2qBlzVETg7ERJpMGn4AqKWQIua0jBz0icjkkm2EhCryaoTXgIwtQXN4X
O1TVYHJr2sFlyj78j5/H5rOX7uJNkscmrEQqqp5q5Ac8V67Sa00PG5n1dzTs/vCum0/qK5q0GCK6
SwPIrkq6KwtDq9P6Vv233KwNP6CugtuFFebU3LRbUU6hfSlPWudlCGkPSlNJ2o+dgG4PaobqLzrJ
1X72Kn6Ug4Pseopv4XHuCk10MDRordo5IJ38t8nmqTJHp2o74280Kc5NWdetDb3P2iMlVYAcDvRa
6PJcxrLKSFPWvIqRqRapU4Xt1OhNJc0mQX2pSaogUJjZWvod0biz8puHj45qzbaZbWwwF3HHesa/
nGnayjwj92fvgVtGlUw8vbVpfETJqfwo6Art+X+7SUiSC4hWdPutS44r0IyUlcysFFGaBSEA61i6
1wwPuf5VtAc1ia2MknPSuHMnbDm1D4zy7XZPM1RuTgAVRSJ5CFQcepq9foP7SlLcgY7Voado9zfE
MVMcXrW+EwUqlNSlsclaoo3KVrp6K4z87egro7PS5GwXG1cVdgtrDTEA4kkq4kzSryNq9q9ajhow
+HU45VGxscccK4Ayaecmk4U00SZYqoJrPE4/D4de+9exdLD1Kj90v2s62o8w9ccVFc6lcX8nyZAF
Ot9MnuG5JC9a24LCC2QAjca8OdbFYx+4uVdz0oUqdBXerMi00iSb55a2YLOG3UEDJqYnsOBSDiui
hgqdN8z1YSqNikkt1wKKTqOaWuptszt1uKKM0lFGwDqKKDQAZpabTvrQADrT1wimRh8oFMHJ45rM
1trx4Rb2ynJ4JFKbcQWpi6nfpcapGr58kng1pXPh0tEktu+5WXdiq1kLaHbbalCQw6ORXUR7ViUQ
vlAOMVxUcPSqqTmr377o2c3T0icgDeae/wAwKqK0tIe6v7sTSN+7XpWveW0d9bmN12seM0WVqtlA
IlOQO/rRSwsqclZ3iDqprYtMRuOKTNJwelFd1kuuhjuLmlpmaWgB9OB4qPNOHSnYB4NZniM/8U7f
f9c/61oDpk1n+IUY+G71sHHl/wBaT0DYyvCH+qH1r1Kw/wBWv0ry7weP3OTxzXqOn/6tfpQB/9T3
6sbxH/yBLz/rk38q2axvEf8AyBLz/rk38qUtjSl8a+R8vP8A66X/AK6N/M0nelf/AF0v++38zQK8
yW5+hx+FC9qcKbThSKFFLSdKAc0xik4BPpXafDDTRda3NcOMhCMHHtmuJc4j969i+GGmmz8PS3DD
Bmfd+mP6VrSV5Hl5rW9nRZ2jks5NJkgU4guWxxj9ayNc8QWOgWLTXMn7zB2xD1rtckj42lGpUfKl
uW9S1C10uze4u3CqBkDPWvF/FXi+88Q3JjjmaG0ThNrEZPrkc1S8Q+IrvxFeGWdj5K/6tPSsjA6g
5rkq1ddD6rL8qjRXPPU9C8HePJY5IdN1WTemdqMeO1emgq0avEQ0b8gg5r5vZQ4wa7Dwf42m0R1t
L5i9m3yj2op1n1MMxypSXtKe563IvVRVeWASwvGwyCpH6VZtp4L+2W5tJBJGw45p2ArDjr1rrupI
+clzQautUfOGs2RsNbuIQMLvIAxWc64rvPibpzWurreBeGfn8a4iRfSuCXuyPr8M/aUosqkUgqZl
5qIjBpIJKzHA4FPRqizTgaY4yaLKmn1AjVKrZqWjojK5Mh5qUGqwPNSK1GxvGRKDzUgNV91SI2aL
lqzJhTwKYpp4NNGkUSKKRkzQDT88UWKaIcYoFSGkAHeiwrABTwMUDApQaYJLdjWG6oylTkZHXpVa
4uo4lwv362o0p1ZcqRy4mvRoxc5Mq3UiwIc9awLm9aVsA8Crd8zSIWJ5rH5ya9/D4NU1eR8Xjcwe
Kk+TREgIzmnKaiH1p6/Wu2Lsea11ZMp5q5AeaoqauQnitLivc2LXqK6Ow6rXM2h6V02nnkVzVVoN
HV6d0FdDb/dFc7p56V0Nt92vMqrUtF5OtKetNWn1zMoaaO1KaaaADvSUtB6UAQyxR3ChZRkA8USy
rbW5LHCqOBT+Oaqarbm60+TZ99RxUyk4J8q1KitdSgPEW1n3Jx0FZkUZ1C+yz/ITyDV3So7F7WU3
eBMvTNZkhaO7doDhT0968evKdozrvS+yOmFmbR1IWN+tiDmEd62CRww+6RXMw6Vc36FiNn9a3NNh
mhtvJmOcdK9DDVa1XWa5V09DGpBXLFLRRXW9zIB1rA1053it8cNXP62TulOegrzczv7FWV9TfDt8
2h5w8yQ6pK7jcOOMVs28+o3+1IQYYO+RiqdksT30sjxl2B4FdJEZWQbjgdhXrzxdChh4ucvkeZ7K
c5y5V1EgsIrYBpDvf1NT7yeB+Aqa3sZ7g4C4HrWzbaVFCA0nLV5dTMcXi/coLlj3OyGDhT1qamRb
2M90ehA9xWza6VDb4MgBNXh8q7RwKSlRwVOm7z96Xc1lW6RWgYAwE4FKcE+tJRXfbo9WZNthRRRQ
AUtJRQAtFAooAM0tJRkAUALS859aRctVW/1GKwQKrZm/hAqZThDWbshpXE1PUUsYxhhvbkCsweIb
gYZVDGoreNdQu2N1HiQnhqbdaVcaXdfaFUywnsOwrz6rrzlzwl7pvHlW4l5qo1CPbLH+89QKg0/U
rvTHLSZeIngda27NtJu4zJkRkfeBq1HaWNwC0K5UHGaI4es5qp7S4+eNtSxa3AvLcTgbc9qlyT1p
qoFUKvAFOFeiu5zN3Yo4ooopgLSim5yaeAW4AyaW7sgQlPRGaori6tLCIyXkqrgZxmuE1/4kqpkt
9LB3DjcBW0cPOo7IiVRI7jUNUstHiaW4lXIGdu4V51rnxBl1aT7Dari2k+Vj7VxV1PcX8pmu5PML
c1JacTRqBgZ6V6CwUaVNt66HP7VuSPWvCAJiQnvXqNh/q1+leXeEf9SK9RsP9Wv0ryjrP//V9+rG
8R/8gS8/65N/KtntWN4k/wCQJef9cm/lSl8JpS+NfI+XWP76X/ro38zSikb/AF0v/XRv5mlFeZLc
/Q4/ChacKbmlxmkUKDThjNNGKcPWmCQ6FDNcwRAfMz4xX0LoVn9g0C1teSwXP1rxPwdYDUPFFvGw
yiqWJx06V6T4y8bwaDALOyw9yEwMHpXTSaSbPn80UsRONGKL/ijxbYeHbZw7b7k/dQHvXi+qate6
1dNcXjfMeVTOQBUF3d3eoXUlxdSl5HOdpPAFQj2596zqVG2d2Cy6NCKvuAJFHXijNFYnpLQOlNID
DBAI9KdSZo8xNdTf8MeLbrw5OFcmSzzypYjbn09a9l03U7TW7FLq0kDqwBwOtfPeMj19jWloniG/
8O3SS2kjNHuBeMnjFb0qrvZnj5jlca0eeG56L8T9MNxoDXKjJjZcgfWvHQMopr3htWsfF3hi4EOP
NaMll9xXhjQ+RLJC3BjOOaK1m7ojLJSUHSluis61Cy1cdflFQstYJndOnYrEYpA1SOtQkYrRHM00
yUGpFbFV1NSqaGVGdmWFfnpTuvtUINPU1LOhSuSA9qmjOKrE809WqTZOzLitUoNU1aplfNNM3jIs
ZpwOaiBp4NVcu9ySg03NOBPUc0xt2VwwMgfnSorySiKNC0h/hFOggkublYLYFpX7AZr2DwX4Ft9K
txfXyiW6OCNw6VdODbPOx2OhhYe9qzyiTw7r8y4i06QKf4jUSeBPEL8m0OfcV9LBtvAwvsBS72Pv
+VetQruirQR8TisRPFSbm9D5mk8AeICObM/lVJ/hzrxbizb8q+pw5x94/lQHPf8ApWssbUl8Ryqj
bY+WB8ONd72j/lT1+G+uZ/49m/KvqXcf84pp3d/6Uvrkg9kfMI+GevN0i2/VauQ/DLXv+mY+oNfS
DEkcE1CQ1V9dlYrkPCbf4ba0gG5ovyNbFr4G1SHBZo/1r1h92cZNVXyc5P51m8XKQKJxdt4eu4Mb
mj/OtWKyljHzYrWkHPaq747VjKbkUVwhHWlNPPWmmswGmmnrTjSYoAbQTTsUhFADaVSAeRx3pKB1
pptiaOf1vSnRhcQZIJ5WrOlaXG8C3E2fZTWsQG4fkelHygYAwo7CuX6vBVOdxuzXndrCeYqkDcEA
6UN1znIqnqNk90FMTEfSrdvEVgCsTkdzW/M5P3kQ7sM8+tLgjtVO+1SDT1IOGf25rHXX7lpQwHyk
4qJ4iFN+/wBRqm5K6Oj6sR0Nc5rB/wBLKkcHg10cR86EOcAkVUk01Hm82QZyc81hjqE61JRgVSmo
Suzm7TSfmZooeW7mty10hFAaUkkdq0kCRjaigClPPWs6OXQilKp7zRcq2vuAAqDCKAKTOetFFeht
ojFt3A80lLSU79BBRRRSsAUUUUAFFFFABnFLSGgUALg05ULUigMTzgCsi81G4lZ4LMZYcE1M5qPy
6DsWdR1SKyUqnzv0IrN0VIbm7aa9fJ/hB7VBp8U/2tobxNzN3NR39pLYSsCSA33SO1edWrVU/a2v
HqjaCi9C8NVittWaKWIGMn5WFbE2qW1usQkJZJQAAe2awtIhsZo3F7y6nIbNZflyanr7xQFjDC42
88VpTrSVK8dnsJwu7PQ1tW0zdcxi0QhXPzYrdtLZbG2WJec8nPrT4v3cQVwCw707Oea6oUlGXMtz
JtvcdRRRWz8xX6C59BzS8n7oyaVI2bnoPWsfW/FOn6ECrMGlx0B6mnGEp/CKTUdzZIWJDJMwRQMk
1yWu+P7HT4nissTTdOTiuG1vxhqetysqOYbf2NYIjGQxJY9ya9KhgUtZHPKrpoX9S1q+1iTdPIwX
P3QeKpqqr90AetLxk8/Siu+MFBWRztt7hUttn7VHk96jHSprYf6Sn1qaq/dy9GOHxI9Y8I/6kV6j
Yf6tfpXl3hH/AFIr1Gw/1a/Svnmegf/W9+rG8Rf8ga8/64t/KtmsbxH/AMgW8/65N/KlL4TSl8a+
R8uv/rZv+ujfzNKKR/8AXzD/AKaN/M0A15ktz9Dj8KHiikzS0ihaM4INJmnAd/SgL6l/StXl0hZn
t+J5ONw7VQlke4na4mcyTN1Y0o7880hJquYhU4qXMkJyRzRQKKl6l7O6CigUtFgEo60tGKA8hDSD
2pcUmKdhJWZY0zUrnSrpZ7SZox0dB0NQ384vLuS527S5yR703sRng009aL9zNUYK8luyM81Ewqdu
e1RtUicbIrOtQsoq4w4qF04zVJnNOBVxg04NSstMxV7nM1ZkytUitVYHmpVYUmmawkWAQaXiogak
BzUNG6dx4apUfFV8YpQ1I1jIvK9PBzVVHzxUyPnPFNM2jLUnVsc9TU1tBPeXKQWcbSTMQAB2zUdl
a3Op3X2WziLO2BnHAr27wd4Nh8PWsUtziS8KgsccCuinBs4MfmEcMnrqO8GeCoNDgW5uoxJcsN2T
/DXX53daazBjkmlzn2rsjFJHxtavKtNymxSMUg4pc0h5p69zBJCg5peKbQKNe4EgNHWkpaAsgqNs
VJTTQBXkWqsi8VdkqrJzQBQlXiqzLV2Rc1VYUAQEUwjmpDTDQA00lKaTFAAelJ2paSgBDTcU/HFJ
QNDSKTFKaO1F2T1Kt7cSWsXmRqWI7CsSXV7nVmNrbExsOvrXSg7e2aqjTbeGdryJcSdTisqtNyld
M0TRz9vD/ZTONQRpZH+6zVHZxfatRUhRt3fdFWdW1Q3cvkXERAX7rYq94eswkZuT90dxXnSiqmJ5
Hqo6m8XywY3xGXtkjkim8vbj5fWl0zWWusRzAk4rL1Jm1a8Zs/uUJ5HtU2jKPtXmZARfWtalearp
RejJhBOm2zpDHzwMd6QqRyc81z2r6+018sFqCFHBYU+y1m6ZhG8LMB1Irp+s0udwW/oZKm1G5u9B
jFHFVE1i0fhjtb0NTpc20v3Jlz6VtGUZbNEuLRJRTtuQCCDSFSDjIzVCeiuJRSlWA5/SjaeM45oA
bRTivGcgVG8iQKWkYKPejpcdtbDqUcjC1TfV7JGA80HNS3NwsNkJ16Fc8VPPHXXYOV2uWNvy4yM0
mc8dxXLWerzG78xzlCemeldQrpMgljPynrWdGvCtrBjlBxXMyjrpuI9LMlr97PNQeFp0lseQBPk7
s1rbRKjRt0Ncw839j3jhOjHNYYmfspqo+pdNXR1AAkbbtXeO+Kqytb6lutmGWQdapN4kgFsCv+sP
FT6VDiJ7hxgvW6xFOorRV0TKDTuzAWzkur97SMFVU4LCuosrGHT7cRxoPN7v61LGkcXzIoDNyTT+
p5qaOFp0k3bVhKpKouV7AOetL7D86Tv/AIUrFIk3zSLGg5ya6dW7IzbtuPRWbgLuqK+vrTS4TLdT
RjAztJ5rkvEPj+1si1tYKZJQPvKeK83vb+91adpryVirdtxwK7KODlPWRlOslsdb4h8f3N4GttOL
ogON61xjrLcSma5leV/Vz0pUAQfKMY70vU8816lOlGmrROSTc/iAYHApcUuKK0EJilxRRmnYBRUt
t/x8p9ahzUtt/wAfKfWs6v8ADl6MqHxI9Z8I/wCpFeo2H+rX6V5d4R/1Ir1Gw/1a/SvnZbnoH//X
9+7VjeI/+QLef9cm/lWz2rG8R/8AIEvP+uTfypS2NKXxr5Hy4/8Ax8S/9dG/maUUr/66X/fb+ZpK
8yW5+hx+FC06mjrTqRQClzxSHrSjpQACg0tFACClPSkNFAAKDS0UwEpaKTvQAUUUUAJQRS0UgGUw
jmpCKYVpEsjI5qNxU5HFMK0GUolVlqErVtlqJlq4yOapTK/Q0ob2pWWmc1e5za3JlapAarAmpFc1
LRrGpYshqcV4zUO4daeX2sPlZnPRQCc/lUXbZ0c8bXYqsBzmtTRtLu9cvBBag7e7DoK1/D3ga71Z
0nu1eK34bGAM16lpul2ei24hsoQqY5cjmt4Um9WeZjM0VGPLT1ZL4T8MWXh20XAD3TfeY84rp1fv
1571jRTEHrV6OXPeuyMVFHzdarKo+Zvc0A+RTwarI/HWpQSe9UYk4pajVvWpAwoAKOlHJNKeetAA
DS5ptKDQA4UhozQTQBHJVdxVlhUDrQBSkHWqrDmrsi81XdKAKhXmmMOasFTTClAEBFIRUpWkIoAh
xQRUmKaVoAZTe9P280hHNADDR2pxUUmKAGjOeKDjGefcU7FIaAKt5p9tfpscbSBwRWFONS0q2e3h
y0J6nFdL1PuKdweHUNnjBrGpS5rqO5Sloc1H5UGhsw/1jKST71UsrS5u2LxnbCvUiunn0+C5Tytu
1BzxWXqEV1aW/kWaHySOSvU1yVcOr+1fRbGkZ+7YyJ0j+0eVEMsT1rqtNtYrOyUSL85XJbNc7pMa
S3YD8MvY1014wSyfDDIXpTwNNqMq8tx1ZXSijkZwJb/MZwC2Ola9xo0MNsrpOfOPOKyba3l1C4KJ
kN14qzZ2122rCGdmyg4LdK5aDTU5NfEy6lkiK3uNRDum84Wp4L++uZhFHy1bWqwxwWzeWoDY+ZhX
O2N09ncCZRnFbV5yoVKcFL3RRipRZcbVrzTLrF6P3Q61LeXlzJELu2b/AEd+ntWdeSza9c+VtGCe
a2J7IadoyW4OcMTj61aqOcKlnothSik0UdPubm5lMsz/ALpO1SNcf23erFGxEQPOO9Q6QNyPHngt
0qCwb7BqOEPylunpWMcQ3Cmm/i3G4LmZqX3h+B4j5D4de+KTyp4NDaCbnaSOfpW1tJAZeV6msrVL
yKW3e2T74PLZ9q9GdKMLzZjDVWMQ29umnRyxt85UbhVrSNSa3YROMo3rVjQ9NspLYNK2845Gazr2
KSPUGgt4ztP3TjNedUjOLjVpbG0Wn7sjrVOcPGflqpdaVa3cm985qjpNlfQPvuJSY/StgnLEjp2r
1NakbyjuYW5TOj0KzQ561oKAqhF+6vajNKu49FzTjTjTXKguw9x+VORC/OcCoru8tNNhM106rxnk
1554g+IVxOWttNKonTeBXRSoTmZSqKJ2er+JtP0OJskSS44Ga8y1rxfqWtuYlcwwegHWsSQy3DiS
5maR/wDaOad+FerRwkIbnLKo2NCDdubO71B608j1/SkpRXSZXuKBxzS4oFFABRR3opgFFOopgIBU
tuP9IT60ypLf/j4T61nV/hy9GOHxI9X8I/6kV6jYf6pfpXl3hH/UivUrD/Ur9K+dlueif//Q9+7V
jeI/+QLef9cm/lWz2rG8R/8AIFvP+uTfypS2NKXxr5Hy65/ezf8AXRv5mgUN/rZv+ujfzNArzXuf
ocfhQvenGm05fekUFL0peKSgAzTqSkoAXFGKSigBaKKKACkxS0UAGKMUUUAJRR3opWADTadSd6dg
GkVGalNMIqWQyMjNROuKnIphGSaFoZSjcqsDUbAVZdcdqhddvNaKXQ5akbehARjkt+FOhDyPtjjd
29FBP8q19K8MahrEisq+Xbnks3Uj2rv9M8P2WkxgRJufGCxraFNs8uvi4U9nc5HR/Bepahh7hVgi
I4YNk/lXoOieFNM0nDhEeXu+OSaljlK4CnA9hirkM3OMD6mto00jyq2YVJ6JmzHICowAB0FPPzde
frVCOTnrVuOTitUcbk27seVI6VLHKV6mmggimsnegk0Ip+OtW0kz3rERyp61ainOeaANZW5qQHmq
UcuT1qwr80AWVNPGPWoQaeGpgSZoxTc06gAzikLUEZppFACk0xhmnGk7UAVXXmoXQ1cZc1EyUAUm
SoylXGT2qIpQBVMdNZasshqIqaAK5FNIqcrz0pjLQBD2ppFSlaaRQBERRinkUY4oAjxSYpxFJQA0
qDig/SnUmKadgG85z0oDEE+hp1NI5pLR3BaEAs7ZZvOCfP7VT1LTLi7k8yKTC91rTwR3pQAoyCRU
SpxaaS3HfW5zNvbXum3QlWIsPao9Sv7u6lCQQuspPWuq3vjAP503y4927b8/risFh5U1y03ZFuV9
zFmme10ZYbt8zsKo6WIpC0MuAxHFdFPZQXMgeQZYdM1D/ZNqJRJjDDnilUw8nWUt0hxnY52Nm03U
skYwe3TFdBfXtrPp/mBwWxyKfPpsNz8zYB6c1AmiWy8ZOPSpo0J0uamvhl07A5pmLpt7FbXW91Ox
zxUl9pFzFP8AaIMuj8jHat0aVZgYZQQOlWU+RNgJIFKGB9zkm7voEq3vaHOwnVDAyKH+YY5p76FP
JaqEP70nLE10G4r92guQSRnNbww7j8buyHPsZljoy2BVi2WA5GeK0QVVtwQbvUCk4xyTk0cqcAZr
WMI0o8q2E73uxSxPA5+lNGS2NtPRGc4zsHrWVqvijTNGVlZ/MnA6A5rSMJN2iiW0tzVZUhj3zSBB
71yfiDx7Zaapgs/3kp4yK4vWvF9/rUjLHmKPPAPFYSxhecAk9Sa9GhgUtZHPKt2LWoalfavMZbmV
yn8Kk8AVXAC4CgD6UcjAzS9K9BJJWjoYSbkFFFFMkXFLigUYpgKKKKKAFxzQRzS96D1oAMUuKKKY
gqS3/wCPhPrUdSW//Hwn1qKv8OXoy4fEj1bwh/qRXqVh/ql+leW+EP8AUivUrD/Vr9K+de56B//R
9+rG8R/8gS8/65N/KtmsbxH/AMgS8/65N/KlLY0pfGvkfLz/AOul/wB9v5mkoc/vpv8Aro38zQK8
17s/RI/Cgp2aTFAFAxw6UopBS0ALRRS4oASilxSYoASiiigB1IRS0lAAKKXFFACYpO9Lmg0AGKQi
gdaU0WAbim040lSS0NIpjDJA6j09KkbjqcD1PetbQfDOoeIbkJBbskB6zE8YojFvQyrVI043bMSK
CS5mEFvFvkPQLya7vw98PEUJeauTv6rH2rutC8I6b4egAihSS47ysMmtOZdxyefr2rsp0bLU+Yxm
ZuTcIbGGbWKCMJCixoBgADtVGWP0HHrW/LCCOgqhPDx04zW9rbHit3Mdsqakjk6c1JNHjtVYgqaB
I0o5enNXopMnrWHHLz1q9DNz1pj3NeOTmrCtmsyKWraScA0CLDIDTQdp605XDDmnEKaAHxTYPWrk
c4JrPxjpSpIVNAGzHJnvUwasmOcA9auJMCOtAF4MKeGqqrg96lVvemBMTSE03dRmgANJS5ppIFAC
9qYRTt1JzQBGy1GUqxj1ppFAFVkqIpVtlqMrQBVKVEy81bK1GyUAVWWo9tWXXmoytAEJWmleKmK0
wjmgCPHFNK1KRxTSKAIjSVJikxQAzFJTyKQimgG0EcU6kNJAMpeaWlp9bgRnNLinYpKmN0vMBppO
afSVWtg0GmkxinHpQMY5/lStfXqF7sbzR0p4DN91SfemXMtvZJ5l1MkajsTzRyt+oPTVjkVnYAJn
1PpVW+1Cy0mFpLuQbh0Ga5DX/iAkQkt9PwT03DmuAuby91BzJdTyNntniu2jg5S+IwnWWyOs8QeP
7q8LQWICx/3wa41/MuZDNcSNI575oCheFAApwJHTivTp0o0/hOeU5MAFUfL+tFB5pK0IsLijFApa
foAUUuKSgBwpaQUooAMUYpaKAFAoxS0tAhMUYpaKYCYqSAfv0+tMqSD/AF6fWoq/w5ejLh8SPVPC
H+pFepWH+rX6V5b4Q/1Ir1Kw/wBWv0r517noH//S9+7VjeI/+QJef9cm/lWz2rG8R/8AIEvP+uTf
ypS2NKXxr5Hy5J/rpv8Aro38zQKJP9dN/wBdG/maBXmvdn6JD4UPFApBThQUKKdTQacKACiiigAo
oooAKQ9aKKBCilptKDQAUUUUAJS0dqKBiUUtIWITcxo8habsTHOKWNJJX2QRmSQ8bVFaOjaHe67c
iK1iYrnBYj7teu+HPAtjoUSST7Z7kjqR0rSFFyPMxeZwoJ23OP8AC3w4nuTHfaoxjjHIgbGa9Pt7
aCzhWG2QRxKMYUdastkEYwqDoBTD0yK64U0kfK4rF1MRLmuQuvOeMdgKgdRVoionXPartY47t7lJ
0yKqSRcVpsnFVnjyaAMeaHnpVCeIjtW7LFzVGaDOaQGKV2mpEk2nrU00OCaqMpU0DNGKer8UvHNY
SSEGr0M/qaANlJBip1bPes2OUYqyknHWmIuikK1HG/FTAjFAEYO01Ok+OtMKgioipBoA0o5watLK
PSsVJCtW458nmgDVEgPSjdVJZR61OGyOtAE26jdUW/NG7FAEoYU4NVffUgbimBPmkxTN3SnA5FAC
EUxl9qkoxkUAVmWmMlWSlMZaAKjJUZWrZWmMtAFQrTStWWSomWgCArTCBU+3nmmso9KAIcU0iptt
NK80AREUhFSlcU0jigCLFBWnkcUmKAGYpKeVpMUAJSYp2KTGOtMLXG0nFKQTjAzT3RY4/MndUX0J
ojFyYXsR4LDAFD7LaMtPKsSgc7jXNa149sdLZorZPPYDHHY151qfirVNZdsyNHGT93NdVLCVKj00
RlOsuh3mveP7CwUw2BaST+8BkV55qms6hrcpNzJhPQMaoCMdSxZ++acOK9OnhoU/U5pVGxqRInTA
p2eucmkNFb3tsZinFFJSikMKWkpaACiiigQtKKMUUwFxxQKXtQKAFFLSUoFAg70tGKKACil7UAUw
AVJD/rk+tMxT4R++T61FX+HL0ZcPiR6n4Q/1Ir1Kw/1a/SvLfCH+pFepWH+rX6V869z0D//T9+7V
jeI/+QJe/wDXJv5Vs1jeI/8AkCXv/XJv5UpbGlL418j5cf8A10v/AF0b+Zoof/XS/wC+38zSV5r3
Z+hx+FDqcKbThQWgFPptKDTAWiiigBaKSlpAFJS0GgQlGaMUuKAAUGgDmjvQAUewGSelISAMmrmm
6XfazceRYwO5B5YcAU4pyZE6kYK8mU94BCgFn6bRXa+Gvh7c6tLHcagGjgHIXpmuv8L/AA+s9JiS
4vlEtyecMM812u4lQoCoq8BQK6YUluz53G5vd8lMqafpllpNusNlEEUDGe5/GrPPt+VKBQc10bbH
zs5ynLmk7iEZ60hApaCKZJGRTCKkxTSKHqBCVzUDJg1b7VG4zSsBQkTNVJY+vFajKKrSR+1FgMWa
HPOKozRZHSt6SL2qjLD7UAYrLtNOWQrVqWHHaqjpg0AXYZiR1q7FJkdaxkYjpVuKbA60hmzG/oas
K4zisqKU9jVuOQE9aYjQDZ607r1qqshzxUyvxQA50HamglakBz1pCuaYAs2OpqzHPx1qmyU0ErSA
1FmzTt+aoRyYqcSZoAs7qcHqsH96cH560wLgbipFbiqYepkbjrQBYBzTxUKtmpFNACmkKjFP60uB
QBAVphWpytJtoAqslRslW2WoyntQBUKUxkq2UqNloAq7KQpVgpTCtAFcpTStTlKay4oAhK8UwrU5
GBTCMYz3o0BIixSbTmpxGx7cVBdXFnYqXuZlUehNNJydkDaQhHOBzSyIkKGSZlCDnk4rj9Y+JFjZ
hoLEpJIPSvP9U8R6rqzsJJZI42OcK2OK66eCnPfQxlXSPRdY8fWGmqyWxEkvTGM4rzzVfFer6y7A
y+XF2wMVkiID7x3H+8etKRxjOR7V6VPDU4LVHPOq2RrH825iS3c561JgZBHUUgo6VuZgeuaSlNJQ
AUYoooASlFLRQAlLSUtABS0gpRQAtFFGKAHUCgUoFACiloooEHenYpOM0tABSgUmKUU0AGnw/wCu
X60w0+H/AFy/Woq/w5ejKh8SPUvCH+pFepWH+rX6V5b4Q/1Ir1Kw/wBWv0r517non//U9+rG8R/8
gS8/65N/KtmsbxF/yBbz/rk38qUtjSl8a+R8uyf66b/ro38zTRSuf3s3/XRv5mkFea92focfhQ4U
4UwU4UFodRSUopgOBzRSDilFABQOtLRQAtIaM0UIAoBoo/CkJ9xetNLL0UEn2pHYRjLEAGreieI9
M0q5M13paXbIcruYgV1UcJUq/CjgxeYUsPF3d35HSeGvAOo61Kk9xm3teuD/ABCvXNJ0Sx0O3Edn
CuccsRzXmUfxvjijEUWjRKg6ASn/AApx+OA/6BEX/f5v8K74YCpHofI4rM51paPQ9bHPQ59aMe1e
Sf8AC8B/0CIv+/p/wpf+F4D/AKBMX/f4/wCFafVKq6HD7RLY9a2mkIOK8l/4XeP+gTF/3+P+FH/C
7x/0CYv+/wAf8KPqlTsLnT3PWefSl5x0ryX/AIXgv/QIi/7/ADf4Uf8AC8Bn/kERf9/m/wAKX1Sr
2DnR6wR7U0j2ryg/G8f9AiL/AL/N/hSN8bxjjSYv+/x/wp/VKnYOdHq5HtUbD2ryr/hd4x/yCYv+
/wAf8KafjcP+gRF/3+b/AAo+qVA50epsh9KhkjPpXl5+N4/6BEX/AH+b/Co2+NwP/MIi/wC/zf4U
/qdQOdHpckZz0qrJESeledH41qx/5BEX/f5v8Kif4zKf+YTF/wB/m/wpPCVB8yO8nhGelUpIOuBX
Ev8AGEN/zCov+/x/wqvJ8XAR/wAguMfSUn+lQ8LUQ7nalCvakBIHSuDb4qBv+Yan/fw/4VC3xS/6
hyf9/D/hUOhJDuelRSnir0cteTj4pkdNOT/v4f8ACpU+LO3/AJhyf9/D/hSVKQrnr0chqdHryNPj
Bj/mGRf9/T/hUq/GTHTS4j/22P8AhWn1eYXPXQ5xUiuTXka/GcY50qL/AL/H/Cnr8acf8wqL/v8A
H/CmsNMOY9bxntTGQ56V5YPjWP8AoExf9/j/AIVPH8ZA/wDzCov+/wAf8Kf1SoLmR6XyO1OVjXnk
PxWjlODpqD/tof8ACtK38fxTn/jwQfRzUOhNBzI7UMacG5rAtvEsVwB+4C5/2jWnFepKOEwazcWh
3NEPxUqvxVRZARUqt6VIy4j1KjZNUkepkc560AXFPvTwarq9SqTQBLijbQtO5oHYjZaYUqfGaTbQ
IrMlRslWiuaYyUAVClMZKtMuKTyGY4VSaPUCmVxTSp9evarNwbW0jaS5nCADpxXKat4/0nTUKwhJ
3HAO7mtI05y2RMpxR0H2cg5chR6k1m32uaRpgc3E4Yr0ANeZav8AEHVdQZlgxDGenGa5WZ57x2lu
ZWcn3rupZc2rzMJYhbI73WvieGVoLCE9cBsVw9/qmo6m+Z5W29cA1XVFUcCgjnvXoU8PThsc7qSZ
EI1z0+b1NLzTqTmtW2Lfcac0c0vNLU2vuGg3FIRS0U7AJikxTqSiwCYoxTqQ0AJRS0lABRRS0AJS
iigUAOFBoooAcKUUlOA4oQBRR3pQKYhMc06lxRQIXtSUtFACU+H/AFq/WmGnw/65frWdX+HL0ZcP
iR6l4Q/1Ir1Kw/1a/SvLfCH+pFepWH+rX6V869z0T//V9+rG8Rf8gW8/65N/KtntWN4j/wCQLef9
cm/lSl8JpS+NfI+W3P72b/ro38zSCh/9bN/10b+ZoFeb1P0OPwodSim07NBaHUdKQGimAtLQKD1o
AXNGaSigBaUHtSUEhVyxAWqUZTlZCnOMY80h456VBPdJEMA/NVS4vgwKRcD1qlnccsSa9jCZZze9
M+bzHO4wjy0dyWadp2+fIHpUeR2pBilr34Uo01aKPkqtadV80mL0o60dqK1t5mVkKKM0lLRZAIaK
KKWnYLsXNJnntR2o7UadguxCc0lHelo0C7GHOaOtOIpvSh2HdjTTCtSkd6bip0GmQ7aaRipivNNZ
aLItSISBTCPapttNK1lKKZVyA/jTCPc1MVphWsJ00UmRH2JoBx1zTsUhFc7jZ6DFB96XOO9NFKac
ZagPBp2aiBp4atlMRKrY7VahbpVJWqzFKBxWqkJmzbt05NdJp23K8Z+tctaSLxzXTafyVzzWVSzQ
I7DTeoxtArprQ4A5zXL6dkAfLXS2p+UcV5tValo14+QKmUkVXjPA4qcE1zPcomVqlVqrAmpA1IC0
G5FTI9U1bkVMrHNAF1X5qXdVVA7dF/GpwpUZaRF+pofkGhKPw/OnDmqkup6faKWnu4QR7isS/wDi
Dolip2zF3H91citI0qstlcl1ILc6YR7+OlNJhgUtNKgA9WFeV6l8U7ifcthEwHYlMVyN9r+q6kzG
adkU9ga7KWAqT30MZYlL4T2PVPGGj6UCWlR2Hoa4XWvihcSFlsBtB6EVwPkK53SMXPqxpdgAwAtd
1PL6cPi1OaWIlIlvdZ1bVGJuL2Xaeq5rPFsgOWyx9TzmrZB7UwiutRjBe6jJtkJXjtTCD+FTFaaV
o9RkOKaRzUu2mFeaQyMikxUhWmkUDGEUU4ikxSsA2ilxRigBKSnYptAwpKWjFIBtBpcUEUANpaMU
YoAKKMU4CgApRQetLQIXilHSm04dKYC0ooFOxQAlKKSlFAgooooAKfF/rV+tRk0+E/vl+tZ1f4cv
Rlw+JHqXhD/UivUrD/Vr9K8t8If6kV6lYf6tfpXzr3PRP//W9+rG8R/8gW9/64t/KtmsbxGP+JJe
/wDXFv5UpfCaUvjXyPlmQ/vpv+ujfzNLTZP9dN/10b+ZozXm9T9Dj8KHZpRTRThRcodRmm5pQaB3
HijNJSZpjWrHZOM4zRnPTg03OBycCqVxfclI/wA66aGGnVeiOPF46lh1uXJbiOJeW+b0rNmuXmPP
C+lQMxfluTSZr6LCZfGmvePjcfnFSvonZDs0dKbRXopJbHive46jvSClzzTEPBpM03mgZqQHg80d
6aODS5qkA7ik4pKM07gOo7U2l7UgEpRSUooACKbinEUmDQAh6U008imkGgoaRxUZzipe3NNI4oGm
RMOOKaamxxUbLUlJkZFRkVNimFTWcolpkOKaRUpU00isJQGR4pKcaSsJRsAlLSUuaExjlNSCohT1
NaxkJlmN5EPBzWtZ6xc2xHygj61ioRmrKYPua0VnuQ2+h3WleNI4yBNHXY6d410tgBJkV48mCOmK
nVAR1YfjUSwsZk+0aPeYfFWjuBiYD6mri+INLIz9oX868AAZcbXb86XM5/5buKy/s5PqH1hnvx8Q
6WvJuFx9aafFuix9Zgfoa8E/fYwZnP40mxu8j/nS/s6PVh9YZ7jN4+0WL7pyR71m3PxSsof9TCxN
eQiIZBJY/jTwqg9/zrSOBorch1pHot18Wrthtt7fA9Saxbrxzrt5kqyop6/NXLj1wPxqVGHXHNbx
w1NbJGbnJ9S7LfX92xae4c59DTUQdS7H2aoFf/IqVHzzj8zXSkorQyd2WAFAwBS1Grc0/INFwFpT
zSZpaFpsIaRTDmpTTSKVgIsUwipiKaRQ9dwuQkVGRU5FMK1NiiI5ppFSkU1hTAjI4pMU/FJQAzFJ
TyKbikUJzSYFOptIAxSGlpCDQAhpKcRSYoASloxRQAYoFFAFIBaUUlL0oAXFOHSkA4pR0pgKKXNI
KWgBaKKKQgooopgIafD/AK5frTKfCf3y/Ws6v8OXoy4fEj1Lwh/qRXqVh/q1+leW+EP9SK9SsP8A
Vr9K+de56J//1/fu1Y/iP/kCXv8A1yb+VbBrG8Rf8gS9/wCuLfypS2NKXxr5HyxIf303/XRv5mkF
JIf30v8A10b+ZpRXlt6n6HD4ULSg000Zo1KH0oNNLcc9aNwAyeBVbuy1FJqKux4qOaeOFfmbJqrc
6gsYwgyazHkaU5Yk16uFy9z96R4OPziFNclPctTXbTnC5UVB+PIpme1LkZ4r6GnRjTVonx9bE1K0
ryZIGo60zIozWtzneu5IMZpc81HmnA0aAOzRmkzzS5FMBc0uaaTRnigB2aAabmincB+aKaKUnii4
hwNKaYDTs0AL2oFJRmgBxNIOtJRQMU000tFADT0pAOKdSGi4XG4phFS4ppFIpMiK4phFTEU0qPSg
tMgIppFSkUwipkirkRWmkVKRTSKwlEpMiIpKeRSEVi4jG5p6mmYpwqNgJUPNWozzVVetWI+tawZD
LkZq0h+WqkfWrSVvFmMmyccinUxelOzVmYuaUU0UtNAOHWl700HmlzTuId2pwNR5pwPFF2IlVqlR
qrA1IrU0xWLQbmpFaqwbmpVYUxE4OacDUQanhqZI+kxQDS0IBpHFNIqQ00imBGVppFS4pjCpHcix
zTWFSkVGRQFxhXimlTUnNNNICIg0gFPOabzSKuIRSYpTRQCYhpKU0lIYhpKU02gBaKSigBaKBS0g
AUppKWgBw6ClxSClHSmAtFApaBBRRRSAKKKSmAGnQ/65frTadD/rl+tZ1f4cvRlw+JHqfhD/AFIr
1Kw/1a/SvLfCH+pFepWH+rX6V869z0T/0PfjWN4j/wCQLe/9cG/lWyaxvEf/ACBL3/rg38qUvhNK
Xxr5HyrJ/rpP+ujfzNANJJ/rpP8Aro38zSZrzGlqfoMHaKQ7OTS854pozg84FVLnUEg4Q5aro0ql
TYwr4mnQ+IuSTJCpZzz6Vk3GoPLkLwtVZJnuG3O3HpTMjsK+hwmAjTjdnymPzipUfLT2JVb15NG4
1GDTga9RWseG02277j880vemZpc03qRaw/NLzTA1Lmi4WHc0uaZmlzRcQ8HinA8VHnilDcVSYEgN
L2qMNS7qdxDxxS5poNBNAh1FIDxRmmAop2aYDS5pgOBpc0wGlzQA/NFNzQDQA6jNJmigYUGg0maA
FPSm0uaKAGkU0089KaRSKTIzTCKlNNOKCrkJFMNTFajZazaKTGYzTCKfgg0Hms5RKuR4pwFGMU7F
ZSiFxVHNWY6rL1qylESWWo6tIarJ0qwlbxMpEwNLmminVZmKKdTQaWgBc0UlLTELSikopiHDNOBw
aaKM80DJQ3NSK1QA1IrU7ktFgNUgaq4apFamKxYVqfkVArU8NTQmiWkNIDmlpiCmNUmKbikBHimk
VIcCkI4pAQkUw1MVphWgZEabipdtNxg0hkR60lSNjdTSKQ0MNJinGkoASkxS0UhiYopaSgAooooA
KXFJ3p1IBcUo6UCgdKYCilpB0paBBiilpDQAUmKWigBKdCP3y/Wm0+H/AFq/Ws6v8OXoy4fEj1Lw
h/qRXqVh/q1+leW+EP8AUivUrD/Vr9K+de56J//R9+rF8RnGiXn/AFxb+VbQrF8SDOiXn/XFv5Up
bWLo/wASLZ8pyE/aJeOPMb+ZpjSLECznHtUN5epDNIvU+Y3T6msea5edvmPFZ4fBSnJtn1GKzSnR
gowepbutReTKxcD2qiM5yTkmmjAPHSl6Gvdo0VTVrHy2IxlSvL3x9LmmZozXRc5B+aUGmZozRcLE
u6l3cVECaXdVphYkBpc1GGpQc0XFYfmlBpmaUGi4NDwadmo6UGncVh+aUGo80uaZNiTNOBqLNKKd
wsS5pc1FupwqkxWHUuabmgGncVh9GabmlouFh2aAabRRcLD80oNMzQTmncB5o4pvajNFwFzRmkpK
VwHZpDSUUDEppFOPFN60DTGsDSY4px5pDUspMiYUwg1LSEZ6VLKTIcUvNO20YqGirioKsRjmoVGK
nj61NhSehZj61ZSq8dWUqkjGQ8UtIKWrIFpRSUZpgLS03NOzQAU4U0UtMQ7NKOtMpQcUAP70ucGm
A80tMCVWNSBjUAbFPVqZLLKtxTwxqAPTw1NEtFhWqQGq6tUitTFYkopA1LQAhA9KaaeaaRmgBpHF
RkVLjFNIzSAhIppFTFaYRSsMiK03GKlIpjrnpQwGEU3FPxSEUhjDSU4ikxQUJSUtJikwCiiikAtK
OtJQKAH0DpSZpR0pgKOlLSCloELRRRQAUhpcUhoASnw/61frTKfD/rl+tZ1v4cvRlw+JHqfhH/Ui
vUbD/Vr9K8u8I/6kV6jYf6tfpXzjPRP/0vfe9Yvijjw/f/8AXB/5Vt1h+Kf+Re1D/rg38qqKvIGf
GU5Y3c5Jz+9b+ZqOnz/8fM//AF1b+ZqOvYgkoqxlJ8zuxwFBpB9aKu4t9xc0ZoFBoEKDS02jNO/c
B2aXNMzTu1PmQC5pQeKZSg07oQ/NAam5pad0A8GlzUWaUGnzIRLmjNMBpc1XMhWH7qcDxUdLmi6F
YfmlDUwGlzxQpILEmaUHiowaXNVdCJM0oaowaXNF0BJmjNMBpc07oQ7NANNzSg0XQrDs0ZppNGad
13Cw/NITTc0uaLruFhc0ZpKQ0XQCk0goNFF0MDTCKcKSk7AMFLjig0Gp0KuNxS4ooFJ2GKo5qdBU
aipUFLQTLMY4qZKiTpUyindGcmPFOpopad0SLSGloougEHWnZFJSd6d0A/NANJSii6AWijNAp3Qg
HWnZpKKd0A7PFOBqOnUXQEqtUitUANPDU00KxYVqkVqrhqeGp3QiwGqTdxVcNUgNF0SSZopoNOFF
0IQ0mKd3pDRdAMIphFSEUhWndDIiKaRUhFMIqW0CIzTTUjCmEUroYw0lOIpuKLoY00UpFBFK6GIa
SiijTuAtFIKWldAOFKOlIKcOlF0ACnU0UtO6AWjNFFF0AZpDS0hougDtTof9cv1plPh/1y/WsqzX
s5ejKh8SPU/CP+pFeo2H+rX6V5b4Q/1Ir1Kw/wBWv0r509E//9P36sXxQufD1+M9YWxx7VtVWu0E
sRRhkHqMcYpxdmM+IbiCYXU+YZf9a3/LM+p9qh2P3Rx9UNfWGr+F9PkZitlCA3OQgrjbzwbAzNtt
0H/Aa7I4qysZuJ4CFb+63/fJpdrf3X/75Ne3f8IRF/zzX8qP+EJi/wCeY/Kn9bQch4jtb+63/fJo
w39x/wDvk17d/wAITF/zzH5Uf8ITF/zzH5VX1xByHiOG/uP/AN8mjDf3H/75Ne3f8ITF/wA8x+VH
/CExf88x+VH11LoLkPEsN/cf/vk0uDj7j/8AfJr2v/hCIv8AnmPyo/4QiP8A55j8qPrvkHIeJ4b+
4/8A3yaMN/df/vk17b/whEX/ADzH5Un/AAhEX/PMflR9e8g5DxTDf3X/AO+TS4P91/8Avk17V/wh
Ef8AzzH5Uv8AwhEf/PMflT+veQch4pg/3X/75NGGz91v++TXtf8AwhEf/PMflR/whEf/ADzH5UfX
vIOQ8Vw391v++TSjP91/++TXtP8AwhMf/PMflSf8ITH/AM8x+VP6/wCQezPGBnP3W/75NLg/3W/7
5Nezf8ITH/zzH5Uv/CEp/wA8x+VNY9dg9meMjP8Adb/vk07n+63/AHya9l/4QmP/AJ5j8qP+EKj7
Rj8qP7QXYPZnjXP91v8Avk0YPo3/AHya9k/4QpP+eY/Kj/hCY/7g/Kn/AGiuwvZnjoz6N/3yaXn0
b/vk17D/AMITH/cH5Uv/AAhUf/PMflR/aK7CdI8ewfRv++TS8+jfka9f/wCEKj/55/pR/wAIVH/z
z/Sn/aK7B7FnkHPo35GlwfRvyNevf8IVH/zz/Sj/AIQuP/nn+lH9orsL2J5Dz6N+Rowf7rfka9e/
4QuP+5+lH/CFR/3P0o/tFdg9ieRc/wB1vyNLyf4W/KvXP+EKj/ufpR/whUf9wflR/aK7B7E8iw39
0/lQQf7p/KvXf+EKj/55ij/hCo/+eS0f2iuwexPIiGP8J/Kja390/lXrv/CFR/8APJaP+EKj/wCe
Yo/tFdg9ieQ7W9D+VG1vQ/lXr3/CFR/88lo/4QqP/nmB9BR/aK7B7E8h2n+635Gk2n0P5V6//wAI
VH/c/Sl/4QmP/nktH9orsP2LPH9jf3T+VAR/7p/KvX/+EJj/AOeS0f8ACFJ/zyWl/aC7B7JnkiI3
90/lU6I3ZT+Veq/8IVH/AM81pf8AhC0H/LMUf2guweyZ5kiNj7pqZUb+6a9I/wCENH9wUf8ACHf7
Io/tBdifYnnIRvQ0uxvQ16L/AMIf7Cj/AIQ72FH9orsHsDzra3oaNp9DXov/AAh3tR/wh3tR/aK7
B7A862n0NG0+hr0X/hDvaj/hDh6Uv7RXYPYHnW1vQ0AH0Nei/wDCHD0o/wCEN9qr+0V2D2B53tb0
pdjeleh/8Ib7Uf8ACHe1H9orsJ0Dz0K2elLtb0Neg/8ACHewo/4Q8+gpf2j5B7A8/Eb/AN007Y/9
013/APwiB9KD4QPpT/tHyD2BwHlv/dNOCP8A3a7z/hEDR/wh/wBaP7RXYX1e5wwRsdKcqt6V3H/C
IUf8IiR60/7R8g+rM4pVbPSpgD6V1/8AwiDdeaD4RbHen/aa7C+rM5IA+lSAHHSupHhJ/el/4RJ/
U0f2muwPDM5YKc9KUqT2rqP+ESf1NH/CJP8A3jR/aa7C+rM5bbSEY7V1X/CJP70f8Ik/vR/aa7B9
WZyRQmmbT6V2H/CJP70f8Ik3vR/aS7B9WZxxQntTCh9K7T/hEm96T/hEW96X9pLsP6sziTG3pTCj
eld1/wAIi3vSf8Ige+aP7SXYf1ZnC7G9KTY39013f/CIH3pP+EPPvSeZLsH1ZnCFH/umk8t/7td7
/wAIgfSj/hED6Uv7RXYPqzOBCP8A3adsb0rvP+EQPpR/wh59DT/tFdg+rs4TY3pS7W9K7n/hDz70
f8Iefej+0F2D6szhwrDtRg+ldx/wiHsaP+EQ/wBk0f2iuwfVmcRg+lGD6V3H/CIf7Jo/4RD/AGTR
/aK7B9WZw+D6UFT6V3H/AAiH+yaP+EQ/2TR/aC7C+rM4bafSprWJnuo1x1Ndn/wiBrRsfCgR1bZy
O9RPHqUXG25UcO00zS8K2xSJc969LsRiNfpXNaPpfkqoI6V1Vum1QK806T//1Pf6RgCKWg9KAKkt
sGFVH0yNv4a026U00AZP9kR/3KP7Ij/uVrmkoAyf7Ij/ALlH9kR/3K1qKAMn+yI/7lH9kR/3K1qK
AMn+yI/7lH9kR/3K1qKAMn+yI/7lH9kR/wBytaigDJ/siP8AuUf2Sn92taigDJ/slP7tH9kx/wB2
taigDJ/siP8AuUf2RH/crWooAyf7Ij/uUf2RH/crWooAyf7Ij/uUf2RH/drWooAyf7JT+7R/ZEf9
ytaigDJ/siP+5R/ZEf8AcrWooAyf7Jj/ALtH9kx/3a1qKAMn+yI/7lH9kR/3K1qKAMn+yI/7lH9k
R/3K1qKAMn+yI/7lH9kR/wBytaigDJ/siP8AufpR/ZEf9ytaigDJ/siP+5R/ZEf9z9K1qKAMn+yI
/wC5R/ZEf9ytaigDJ/siP+5R/ZEf9ytaigDJ/siP+5R/ZEf9ytaigDJ/siP+5R/ZEf8AcrWooAyf
7Ij/ALlH9kR/3K1qKAMn+yI/7lH9kR/3K1qKAMn+yI/7lH9kR/3K1qKAMn+yI/7lH9kR/wBytaig
DJ/siP8AuUf2RH/crWooAyf7Ij/uUf2RH/crWooAyf7Ij/uUf2RH/crWooAyf7Ij/u0f2RH/AHa1
qKAMn+yI/wC5R/ZEf9ytaigDJ/siP+5+lH9kR/3P0rWooAyf7Ij/ALlH9kR/3K1qKAMn+yI/7lH9
kR/3a1qKAMn+yI/7tH9kR/3P0rWooAyf7Ij/ALlH9kR/3K1qKAMn+yI/7lH9kR/3a1qKAMn+yI/7
lH9kR/3K1qKAMn+yE/u0f2RH/drWooAyf7Ij/uUf2RH/AHK1qKAMn+yI/wC5R/ZEf9ytaigDJ/si
P+5R/ZEf9ytaigDJ/siP+5R/ZEf92taigDJ/siP+7R/ZEf8AcrWooAyf7Jj/ALtH9kJ/drWooAyf
7IT+7R/ZEf8AdrWooAyf7Jj/ALn6VLHpiKQQtaNKKAIIrYR1ZUYFJThQB//ZCmVuZHN0cmVhbQpl
bmRvYmoKMTcgMCBvYmoKICAgNDA1MjMKZW5kb2JqCjE5IDAgb2JqCjw8IC9MZW5ndGggMjAgMCBS
CiAgIC9GaWx0ZXIgL0ZsYXRlRGVjb2RlCiAgIC9MZW5ndGgxIDk1ODAKPj4Kc3RyZWFtCnic7Xl7
eBRVtu/etWr3o6qru7o7nU466fQrCXkQEjqEQEBSKiAK8swwiRIJDyMmYhIjGRoMCTIaw0MEMQTE
CDHDI6LkICKXDATOcADP0eFwhDvH0ZnxjHHmfteYo3M5nhGTyllVnUR8zXfvX/e733drf1W79t71
WM/fWquKUEKIQBoJEP+K1cuqP5TbthESf5kQ7r4VdY/7n/708HZCEpMJoR3l1Q+t/vMzX1wgxIvr
ZMtDj0TKi86fTcLzo3hP4qoHl620iXcdJiSpCOcmrsIJ26vmXhxvxXHyqtWPrz3bYS7FcReOtz5S
tWIZocefI8Q3FcfPrV62tpo/wK/D8Ts49lc/9mD1zsU7CnDcRwhrIBwpV1v4ctaB1BqJR7HwV4jh
CjWx1RxPsi9c6xtP5Gt91/pynPaAPSVgD5TzZKAWEgY+UVuM1r/+5TFDOj6jjBDDXnadmIiLTFLi
LcY6a61A6sxG6rIRPsUhmdNISAzGyjf6esPX+uyTcRtPsvvCN/rCOSeOuXvcHC1NyQ077DKXSWle
rj2UF/ATu0wC3P4t//P9f/10y+C5nh5OpTtpp/oTtSpCx9K76AyaebMjwn8cURvV3eoLagOKVKOF
dSEtbvJTZZy0S3Q97xTrbLvsxufNO6HO/iyrde6kdUS2OKzpJochxhHLkzSHEOKCcUheWKPvWh+e
aPRh3zfQJ/f2y3jIOTE/vioeCc2N0qfvgeFzrS/r6WHTNg9upU3NzWqEa2rWSdv/GzVwdnDg7GDH
b9T9SJ8b6fsD0mcjVUqCmVERdhprJaSIdxgEh8maZgmRNAMny9cu9A70XuuT+5GS/vCN/jCKLYfO
7rIUze6yFt0/u0suur/4DJGHzuFTZWzKJHv+pBLFrdiX2svs2/ntbLthu7HR1GhuFBpFsVSjMeAK
2aOU57po7UX1oWZ2uUldeSnCv9dH16hb+r7OiqChEG7oc9TpHJ1OB9mqLHD4ZAfPeLuP8SLuJjMn
+Bjj5SQOOEeS3QHA2ayclAScRZvKcIBYJ0tmBrQOao0ENWuVLKJgYjxwktNAnPK1d+xuzQqm9va5
UeiOyTmzFxUbZfaZkX3mDhtl02f6QNZH+qw2VxIM5eVSbC5kBwKQ68KDvI4L/zuX++zgjJ3rB6/U
H+fplT9F2BI0jggdr16JcCFuyoht1CJPErlN8YhmI9SxWrNmDYY0k+CwoCGY0A6sw2Yq92qS7/+y
PyxfyFHMOUKOmGPJkfhRC9BkGdU7kHPcnCZN35Gvs/rULfiupqGP2Rz2OUmnRqUwFOSSAz6LmOTj
vH6faBEzRIs/wMfSVraBjIlt9WxwOdaPqc7wi5aA1+R2uDgHMTld45O9TmLLyZBvXOi71oumIPfb
HVHnkXtvXEDTvKj2oRSjkrN+hqdG/VgSPE7QkUqVZwxJBp8xmCakiWmWNCnNmuZL86cF0oJpoQKh
QCywFEgF1gJfgb8gUBAsCBULxWKxpVgqthb7iv3FgeJgcahSqBQrLZVSpbXSV+mvDFQGK0OdQqfY
aemUOq2dvk5/Z6Az2Bk6I5wRz1jOSGesZ3xn/GcCZ4JnQoU5mfMz92d2ZfKlpDTfnptEc8MT8yak
ZtNxNG9CciDMu+2hcTQUNLhiYn00ibpi+EAwua3B+689L7Y/evSjD47TMVTYRBNaG7wX3ty1e9U/
ffTP3epl9epO9aNZdPnhg3WP3bcyM3/SpVO//8+xY9WTe7c/VF66bEL+hA/P//HTMBnGpuOo8wSS
THYps0TBDBaTD3gw+ngeMkw8SQQ+sU7cHXLWuWrtEl9nMxj9PIN4E4kFvxjygtViYPHomP7k+Bg5
LdEScgRTRrBC7pXPnbM73JNR6o7JdmyaSfeHw2g2ar9jstZGDRv3YeXYUDknRKPNxpUi124nmjOM
o5nUrtu1Dn+8K8aQEhVXJuULS9Zl/XaP6uqfsWzxbecGCdpcEeVpwtuDLZu27t69dRP3vrTkp2pZ
hP5q672Dv4totnj13L43A63btrWg7Q/dQDksRDlYyWZlslWKuqmYJIjouSKaJv+NU2eIYNE910hq
YdRrzTZisI167Y2p6LX2UdZGHNY07LDIo8msGaAHRCqaBLNBdEpOqyyHpJDVLyvyfFlEk6CuEMWm
uZIZO8PC+sF3+wff3cb9cgd9nrag3iI3O9iSSGQgBL/TgImSxehXX6JfeUihEk+ec28Aabt9g8W8
HqoTrA6Lh8SkGKQEVM+1d/ToFfUTtS9HkXISqxLXcOvj13teTjTQUmrgh4PMqBlydtmBIs9nX05R
f62q6tPq3fQtuu4p6j/QMObXR3577dqHL5zJpJ1//ogeoA/ScnpAuV3d8ctutUd9A9u5g4fJMM5A
GcpaJJOVmCjKIMgIiDIhxBguaJFv9IYHesOjMVCx2aQcSZHmS2VStdQoGW/FmFxXFGHORfHFq8mB
0+Rg2I9yEDGiZCsOssFi2OBYb6mOgxSXOcUmadFsWAAIHIhfVfEN8T3xV+IRv1L0SBtl1x0VgX6E
9T2nT/ec7e4+qzapRfQ1upZG6FF10RJ6B51N59A71G71LfWU2h2h+2gFtpfUlRh3W9SVROf7PrQx
Ffl2kg1Kls1nNBoMPlm2ZchGajFBncBq7bTOSsxpRkeaLOJRQnHIDi4YMwy5vehOvVEH+lJzIi3k
3eI8aFVGIyWlSqLimu9aZah2NRkaXS+7jEZjrDHVmG/Ml1fJhtJR4dERlNb86r6eHvoePHWWE3rU
mwOrz2rS/PoPcDiCJsbnD9wRifIwE2NEOz+deElEGeuJMUpuCu3MfUBoS3BYgbazQzKx3+NMnGWw
5TllaSZP8jwGmbs9KYoIN27hod+NEDAC2Tknic9HfBTQ8GZ3CUUYupOIgi9MIklD5/TQfTLbt93X
5YNR3U9DuIx1DWPChFQNJnEwc/du+pXSUf/GW62DT22c8ZPKlU9GIC/SsrTovXcHr0ciXF7Twy+9
qoaidlKE/sIjP5qdZClO0mwxNDvaNDuZ5ppinmYLa4ZyQzeUAc1QTsrxSnxZPGhWMtEup0ax+VYr
4Y5W339fTc2SJTXqn9XztJDGUw+dpp4vOkeRnZ7zqvr3NQhlBmqk6epv1K/Um+r1UdmaZiEtOeQJ
pdDvcUq8IZOAbBzTnu6VD4yDtpRAXIzIjO3ph0KxZhLvFGZZ3HPjTXkW2eCaGy87g7My/HJacl7q
7eN1F5qKCVLvsNmgmDWpR8WOxqMJ3j0Zg6MikXB2WAmXhavD28Oa4/+wXL83GFUB/8E9R2vferN1
sKnhtkUPrGoY3N8wbeFS7J/RVDFt/6NPtkOkYtmVq5r46ZeXVu14evAvt55p6ildvELTRzbqY6Yh
hsSQALlLSQ64mD0uqcMU12Gl7dBI2q3VpjZHwjRxqpPLc9l5mUwKapalm5aGF71aRqpZlW5UxwtD
iLL5ekankarpJxRMHYP005jYaPTQOLrUSm9mtVZ/TJn69cfVrVmqgd5cWrG6pGR1xdIIC60d3Lpo
gXpd/RrbtQWLmiK0/PTBrk8+OXbwtKY3TJ74Oai3OPITJYXE2k1mJ2W2djs7ENsmmdvth0RhgonL
JfKdDpNsybPeHo/aQW8YzaF0P5AvaPHRoSnE58n2FHrmeZZ6GjyaQkaSgO8Jfk6NYf6cx58+Pzhz
dzvHT3j1CV8Jn6v+6ieL3nlTXaLL9UxVpXnYzvnTSKORJJIHlaABiCCTdpP8stQcYzoIzZ62mGqv
bCfTTJPNhkJ32KtJVYsSUcvHENErY7zW6QuWJTUkvZx0JYnvIT2GHmOPqcfcI1whVwxXjFdMV8xX
BAuCDNVF66Us4NJFnZ9r4EMjfgJ5cx+4fx73wWDKE5trn405mDlE/qT2qe9j4iNRE/Vwxf9y5OCv
HD8z/fqtdY+/2YlR0IrTaerbIz67Cm3EgjYyR0mhxO4V+A6P0BGT1O5vlNpjqj1tNl+eF7N+a540
1TjNHdaM5EbvwNSpvd83kpOFoYbQsZCGPMPmoNPLNGFbUe4ayShstyZ3qCp7+NGS+1Y/XEaX71aN
WXuq/6gOUvhj9Z4sNCH6h4dPHzz2ySddB49GmhYtwCqMoZ9nLFhEB9ZGcy12FfFfJvHkHiVor7PE
acHPisHPYnDFOWySK9tsy7BLIbMeBz2aE19AL46CpF2vCvu11Om/IxDNT6hOaEyAUTQPY0bEh7TK
BUbSIi0wLvyKpqrv/1Xt/+KL6idf3LupWgP2zy5d/nfVFuE+fm3Hc6+O4iDRcT0N65nxSanEJ8da
WSr1tVtTD5hiX3Y2xyW00XZTtRX81hAfm+vm8pJs6IAh2S2G0/UcXPPDKK1I6MXefvWiZjX6jN2h
5385ylhfRkFMoaswttBdGFcYP9kzL6MhQ8h0ZcdmuxssDVKDtcHW4GvwNwQagqJmRvYRPaTmTZg4
ZVhFxlAeeoCfp3mj+uJXtaqGmUcffeXY14On1zVW1MbVLH2nhnqpWW17akXFvfMWruS2DfZFmorm
H3vljeOFG9f/dMUnweC1wd9ff+TBB1c+EsXgYvSTLJRDOrUrd2IeaLMsCPjNAmcSF/gD/pG65DUW
+5qHNZOjYzzNrqOONr02CZgsXs6d60JPN81zJXvnEVs4WptcGKlN7MPFyQBWK3/q12H5B8sTRRLN
oiCKWApJotWAIb2xIfPlzJ5MSDenC+niWMtYKd06MTQjVGIuEUrEEkuJVGIt8ZX4SwIlwZJQhblC
qBArLBVShbXCV+GvCFQEK0KbzZuFzeJmy2Zps3Wzf3Ngc3BzaI95j7BH3GPZI+2x7vHvCewJ7gkd
MR8RjohHLEekI9Yj/iOBI8Ejoaml9PsVysSoW3yvQkktq7G2bHyk9u6Hd/5i1+c3H7i+scbc3PhI
lbJox9X96pD6xYrf+2j6z+pnz1RmelLS9zz52hFfQL2x+tEZd0yc5krJ27flxKtJep1NstXFbCbq
w0JCpEbJHPF1qd0WRGdHl2+zHfK/4KlO9k0g6OhTA1bd76VJyaNhQQNZuVf/VKGFvRG3H0kzkvU0
I5kkD6cZillOKUxpSDmWwmMCfkuUSBnB3ZEoEoVjLn0kUqht3wkjHYPLW7lZDw/HCh0Tvoki6qzI
cE41fuhjOMxqMAN5QPG6BdlE2nlOR+ZqA3coTjbaqZnJQCZhLjK1L/zOtQsaKiM8D/TKF0Y/fIhF
GkPaN484naM4EjeSOM2LX4rZLZQ6Q9o3DnvAFbAPQ3LUr/5p7166nI5R3x9boEzjXjC/dO6DffB6
hN6jnowMrtkyffF9+zc2v6XrA3MU7jeIvSJxkSlKHHSaHe0xh2RLu5XMNkiYiThtefbbY6MZ/DU9
JIcH+j7E+kL0ubPdZe7t7i43o6VO3XiwhsP309Gw9svqBfOqquYtqKabWgertOyBFS2oqsLJR79e
o8ez4TxJp8FMxisOQ7upkSftHM0jshHy2O1C9N3Db9beK2aLZeJ2sUtk2me0kXdxhcOviES0ED/8
/eN5xGcXmaekS7vEnd/+LnbrZ7EMhxAy6CAd+w1I3+gPDwN0v4pWp/bmnLC5fe4f+Sam1y0st3mw
la5vblaf+vTb38N2Res5LW5vQvv3kLDiJu5mkOzNFnObVs3latXcNEP41mpu4MLABVm9kHPcloiJ
DwbN4Yj7LT/VNM9vSv30H9Ve9TKdQB1Vf1xTLW94bFf9us2VG610zsk3aCoVtYCbkaG+37Tp8n9+
caVxrU5PoZb/o+y9ZG00/6eY+2MF0BhN/4W2b6f/evbP36nn/1rK8538f+CbIPx/nP7bfyz9b+PI
d9J/LYOr/6H8nw59gLnb+/wYrPvrlQLBzJl+Llkl488NRit2c0xGJIFnHBjmUEoyjMRiYhqXcIhY
JbPJaOApMdtE7pvCf+Dbhb+G6d+t/NOYVvlLY/lMNpufze7n72eG0sA3ZT52lL6tNq3hlm/EbMiy
hW5frzahP0YGy7j9WOwv1OK1OpmtQrvwkbHkcWXcWL+cGLLR9A4nafeaLM1GPtQR3+Y9xB92VmeZ
c41Jef5Em0ympk4zxoaztKB0IxqsR6HxonpBw0Y9zUB9KIkmIU5IEwrH8cREzDyikmyOEfwmvzlZ
MOtxWUf6MXnRmHAbvTVVQh7oLalUHn9VPa/+ruK3tTW2LRs7mm5Nm+hXqnEkp4LXB8o++o9AQH24
/KVLkVsTqKaIunc4tTodzVcwLmj8x2JcWKRkhNxGp8ffIZD2GIaFgqdDbos5BC8I1cn8BLfTILu4
PDLVO00KJ+uJYDiaCf5AVDhRhdDPjaQdufa/zdXuwRUdP87M1wEsck79DTbQuLR6ZwvaXzx5WAnF
yky0OA+Y3BqcHjJVIydxs2J5GYmfKeXZZHGSR/sSoCWy0TwWrS08WuuQBDrsPVow0AKBR3chD/EM
u9CJ7QldCdy3Uirdk6Ls4Cl/Y7dqKNSdh968o7hyxUZ+zMDCaO3MZUYGn79Y2XaUfqDHLY16INrf
HAvhubnYJ2FmC+hJDWSILqLL6Fq6ge7kLnIf+lP9Of4C/9FAcGhI+89C9tOFtAzX64fXnbg+eXT9
xzcNDz6ke+k+2oZt/3C7iO0y1f4QGf/m3f87G0+0v1MULSxRH4v6keEuIZ8u7E3EgFwSjD4/tMUS
O2JjDHHqfCah8LUtASVjJTaMyQHiwDgfT4Louf9/+7GNIxxdrx31qulLKpMKMvxdD1eW0OU4asLj
dlJG11MMoGQuWUJuI0+Rv+D8Rv1+H92I7aj+vLM4czZ6hvNH8SmEFJEaspG06u+4xC/hy/n1fDmm
QVvoFpz5nbaGlUAWn47XbsR9Pa4t185pIbZ0Uk6wSiDtOPMlrkfIXiqwd/HJ/0BTyCp8z1zcO9Dt
TUjLdWrlyqkFr63VDAwtBPnDTKOCrCERvO+63j7H8UoSYdcNMdyXyNcsXDPwZeQTfHoNqaECzYVc
7q9471ycada4op2Egwo02zJsY/Q2nSzH5xzEKyJkH7ecy+XHaFfptN9GPiAndbrLyQ4cLySd+pHA
AHkP8mg50q/JJp6dJ4uN99CAwUqzjQ0oK2Lwko1cOfHBdFJL0MBPGrSv3pRg5OniUu5e2aUsKPZf
Lglkjf3O0C8b/V1kfpcU8Z8aGppfzCewki6W2AUppi4+JfRvP7b4b1ljZ88v9nddnTF9+Kkzyqbj
3KJiPNVGOI3zM6ZnER2FuAdOPZYVM2Opbep/EJ9JV/Z778/9XyP9V/MHPrZeN6fjtdoi1S/Ao3GT
6iXElovr1dbrw/PfbCH+XVJu+JyUGeJJGbtB3Ia8oc/Zfjy/RJq4t1EuB3Etb+iG4QGyGM7i+V9R
cvPJfewqmckWkyLTz7BvJdl8PpnC3KQIz4swcyxj2aSI30iKtTU4TsaDQGZqO3udlPF/wOuukkL+
4NAH2vX6fpVkD9M0Hfd/RuKrkek43PtQf8VoAx9Fd/Y/kKou5Ay1ZjyFgDUHwUrGHdcELHNFvM+S
jDsiprSLECuuW/Ee2+eE2BsJcawkxInXO3HNic+OwTkXjl14f2wrIW7c48q0/++6tEKcmWSSwyhV
TvvLqmEwn0k34Zg/xTUqvVdU+PVseFeFdwR42wqXw3CpGy52wz/chAst8PcqnFfhXM9d7Fw99NwF
Z3PgTD38UoRuFU6r8N9UOGWDkwK86YITqfCGAG8o/PG/87C/80DXMQ/rSoJjHnj9ZYm9ng+vYfda
AI7mw6sidB6xs84wHLHDkUb+8Dg4tDeJHVLh4C8c7KAXfuGAjlcyWUc3vPK4l72SCe3YtXfDgf0e
dkCF/R54WYK2l7pZmwov7StlL3XDS438vhdT2L5S2KfwL+LTXkyBvXvsbG8S7D01dE4Z4vfYodUC
rQq/2wstIrzQArskeD4edu5YyXaqsANfsWMlPLddZM/FwHYRtiv8s9sk9mwMbJNg6xaBbQ3DFgE2
e6H5mXrWrMIzeMcz9fC0CE8lwc9x8PMwbHrSyTap8GSNjT3phMYGiTWq0CBBg8JvwCs2qFD/hI/V
q/CED9av62brVVgXKWXrumFdIx9Zm8IipRBR+LUp8LN8qMM76iphDXZrbsLjXqhV4TF88mMq1Nig
ppGvrhrHqlWoGgePqrBahUdkqJwNFQKsUuEhAR5S+PIAPFgPK1VQtq2ohOXdsKweylR4IBZKRRsr
VeF+O5QUe1lJFhR74adhWCxC0SIPK2qBRR5Y6IEF82PZghSYb5XZ/FiYh908N8y9N5HNrYd775bY
vYlwr8LPsSWyOeNhNi7PDsM9OH9PPdwtway7BDarHu4SYOYMic0Mw4zpFjZDghlRlUy3wJ13xLE7
W+COOLhdsbLb60GZaGaKFZRGvvC2dFbYDdOwm1YKt+ErbkuHqVPi2FQHTClwsClxUDBZYAUOmCzA
pHwbm1QP+Xh3vg3yG/mJZpio8HkT4lheC0zINLMJcZBr9rLcFginSyyswngr5FhElpME2cnpLDsf
xgUENi4JssbaWVYLjMV7xtphrMJnmiEj1cQyvJAuQbrCp42xs7QWGINzY+wwRuFTTZCCj0jphmRn
gCWnQwi7kApBfGCwBQJ+EwsIEGjk/SbwK7wPV30ZoJxIsmexpALwBiCxHhJc4AlDfBjicDlOBXds
OnNXQiyOYtPBxQTmSoKYOHCikJ0BcOC9jnqwI0v2LJBROrIKNlyzJYJVBmsjLyFz0k2wiGBReNEG
Al4qdIPZCyajk5m6wegEAz7WEANMAKbwPDgY7wa+kQdqY+AAUHgOzzgVx0CxkMci8hRd+dQ2mvn/
5kb+bxPwzeYl/wXrloP5CmVuZHN0cmVhbQplbmRvYmoKMjAgMCBvYmoKICAgNjU3NQplbmRvYmoK
MjEgMCBvYmoKPDwgL0xlbmd0aCAyMiAwIFIKICAgL0ZpbHRlciAvRmxhdGVEZWNvZGUKPj4Kc3Ry
ZWFtCnicXZLLbsMgEEX3fAXLdBH5EXtoJCtSlW6y6EN1+wEOjFNLDbaIs/Dfl+FGqdSFzWG4A3dg
sv3h+eCHWWfvYbQtz7ofvAt8Ga/Bsj7yafCqKLUb7Hybpb89d5PKYnK7XGY+H3w/qqbR2UdcvMxh
0asnNx75QWmts7fgOAz+pFdf+xah9jpNP3xmP+tc7XbacR+3e+mm1+7MOkvJ64OL68O8rGPan+Jz
mViXaV7Akh0dX6bOcuj8iVWT5zvd9P1OsXf/1jYVUo69/e6CaqoqSvM8DpFrcB25RrxO8QLxQtiC
rWg20Gwil3niOMR4iXgpTGCSXOgr0Vdb8Fa4B/fCDObIBKbE0JBoyIGdMM4iOcuAjTChFpJaCLWQ
1FLDZy0+CXWR1GXgzYg3A40RjUGukVyCZxLPhHsguYcKNVZSI2Efkn3oEfwo+0BjksYgbiQODyZ5
gOc4yMPdXkieUHrt3hv2GkJsi9SQqR+kEwbP956dxkmy0vcLERa+JAplbmRzdHJlYW0KZW5kb2Jq
CjIyIDAgb2JqCiAgIDM3OAplbmRvYmoKMjMgMCBvYmoKPDwgL1R5cGUgL0ZvbnREZXNjcmlwdG9y
CiAgIC9Gb250TmFtZSAvV0RKQ1BaK0RlamFWdVNlcmlmLUJvbGQKICAgL0ZvbnRGYW1pbHkgKERl
amFWdSBTZXJpZikKICAgL0ZsYWdzIDMyCiAgIC9Gb250QkJveCBbIC04MzUgLTM4OSAxODU0IDEx
NDUgXQogICAvSXRhbGljQW5nbGUgMAogICAvQXNjZW50IDkzOAogICAvRGVzY2VudCAtMjM1CiAg
IC9DYXBIZWlnaHQgMTE0NQogICAvU3RlbVYgODAKICAgL1N0ZW1IIDgwCiAgIC9Gb250RmlsZTIg
MTkgMCBSCj4+CmVuZG9iago4IDAgb2JqCjw8IC9UeXBlIC9Gb250CiAgIC9TdWJ0eXBlIC9UcnVl
VHlwZQogICAvQmFzZUZvbnQgL1dESkNQWitEZWphVnVTZXJpZi1Cb2xkCiAgIC9GaXJzdENoYXIg
MzIKICAgL0xhc3RDaGFyIDExOAogICAvRm9udERlc2NyaXB0b3IgMjMgMCBSCiAgIC9FbmNvZGlu
ZyAvV2luQW5zaUVuY29kaW5nCiAgIC9XaWR0aHMgWyAzNDggMCAwIDAgMCAwIDAgMCAwIDAgMCAw
IDAgMCAwIDAgMCAwIDAgMCAwIDAgMCAwIDAgMCAwIDAgMCAwIDAgMCAwIDc3NSAwIDc5NSA4Njcg
NzYyIDcwOSAwIDAgNDY3IDAgMCA3MDMgMCA5MTQgODcxIDc1MSAwIDgzMSA3MjIgNzQ0IDAgNzc1
IDAgMCAwIDAgMCAwIDAgMCAwIDAgNjQ3IDY5OSA2MDggNjk5IDYzNiAwIDY5OSA3MjcgMzc5IDAg
MCAzNzkgMTA1OCA3MjcgNjY2IDY5OSA2OTkgNTI2IDU2MiA0NjEgNzI3IDU4MSBdCiAgICAvVG9V
bmljb2RlIDIxIDAgUgo+PgplbmRvYmoKMjQgMCBvYmoKPDwgL0xlbmd0aCAyNSAwIFIKICAgL0Zp
bHRlciAvRmxhdGVEZWNvZGUKICAgL0xlbmd0aDEgMTE1MTIKPj4Kc3RyZWFtCnic5Xp7WBTn2ffz
zDMzu7Onmdkzi7C7LLAcFsFFBBTNeIxHYo2xSkpEAygLikaNukgwST2DeApiSoQYa1KTKBpjSTRK
LDGxiaVNNMYmbdJIDvYjNH1L81oD43vPLKj52r7Xe33/fN91ffs4uzPzzOE+/O77/t0PIowQ0qH1
iCDPw0sWLPvk0eZhCHmnI0QVPPzoSk995ou9CPleQAjvKV22aMlX6//agVBCHty1bVHF2tIXdtxa
B/svIeRpWVyyoFh86t7jMP8OnBuxGE6YPfrLCCXCIYpfvGTlmnd/LOyF43g4fqGi8uEFiPrlcDh+
T3nGkgVrltGbmUyE/Gvg2LPskZJlq9ay38FxI0LMQ4hCpXIDXcocBGk1yCUZ6LcR+zbWMoUUjdI7
LnUPQ8Kl7kvdGRbRKyZ4RW8pjfpWkOi+L+QGjenGfzzCJiOMShHSXGAuIye2SPdaijVajblYq9XY
BFbDWgWNhp1hs5g1NNaRSi2z0C4YCK40IdZmtWiIQ8vHi454myga47l4PR1v41E85Y0Seru6uy51
dXULXUJXrujINecOQ+l5PY5gb15PEI4zpt0/VyMw32gEemBjvpkXd5x3YVwobeY0WjNvjtI4zW5z
kjndnGxJtuaY7zHnWnKtUzSTzfeZp1qmWudq5prnmwssBdYyzWJzpbnMUmZdrakxu1kWRNcSi9Zq
11i1VkuiJl6baEm0jtBkarMsWdZJmonaCZZJ1gc0s7UPWGZbizXF2mLLw9aVmlXalZYV1vWuZtdR
11lXfCEqzMzKFH1ZXg57bT4x0+aFQ+zDsLf8zAX8CmWgDLjx7bP9bWdkVCejMyEGlX9/lfaXf49C
IfqJ7/9Ci98/FgLvga9uXaO30RMAXUnoMSk92quPQoIBh6N2a+st3u2+utj6xFpLkSFsoqIY5E2L
MwZcPPLrGVecPSVZ6O0ATwaDXUKPaM5VrNnTJfd896XQ812PmJsrgoUzpHghpTJlTVJ7Ch1Oasft
VDvpoDuYDrbD1mHvcLQ726PaXcZCXIizfHHgQHtmcIRFVcqEfXGJWcNHZHqzhifCnMaXNQZnBu0k
/ZstGzevXFHXdlA+OLql/Nhve65iaveGpU8I84tenfOHr3D+nx4NVz6xHZ/ufz+0Yuqk0y0/Pzll
7YbihVeSkz9GEb3lXPoa6O1GAVQqZQYQjy3CEA9JRuGY5D0W7X6NoZ727YkC3elnYprSuDRNbMAz
hPejrESXJtuekqagqTeiOyC6u7urr1vo+SOoDrZQoKXqzqGhwtCaoa1DadBPtLKgkD8rMxa0GDEa
K/pRWcPNoJIjy2vDqpIRA2TRmX3Xy9rnFpk3Vh/YO+L5qo5/3Hir6vkReLHcuLt2+86d22t3k9N9
D37xj8TETxcX/bKjvng+zr55E4+YX3yoXK49++vP/vDJ5xfab/v4GmtFVuRF90mJdlqwERS1x+je
oxHDluUorCky1lLmgE0gfhxAWUNcupQ4obe7t6svL68LnNrd1a0opyqmKuUTfDW+Vh8olTDoqEFF
FFySrLtUoTNb5cY7GhzBpW2DGoRCh+6ITSWHvn+3bEBwVe6p8FXEXEN6ZENTJAfhzGFrkwBQRIQ1
Bgx+Cx8QM+zgh2Bfl5JW0ruDfd2X3ss4Xu+AgMXTWm2z576B7LfaIZ/YYUg5YnbOPAsAKmi3qb6w
RGIHRH57fPrQ8ePS08f/ryP9f25txYuZ5UMnTBiaPm7c90mhEJlVPmDHOYAZK4pG+VIspbWFkXYf
U29w1qOfmWsNRUO0nM2ForGLTxkC9gtCmnsPsAHI6BZkwImCCLMnRoqpiSGdqBN3Up22zmhGwb43
YqzsTMWWKGs4ygwizVCsoJ6e0/fVgf1rf+beE/jmzevyF9j++V8xdYndublml0Ah7ZWPa6qPtuJM
uQ8Pl68ce/2NM68pGMdoFNhvFvidQ5JkZsPa5TQKU+Bgv4YEmAxdxHADZgOj6e8ymk41mg5GxGgJ
tw2FDx7pv37sGC4LhUKMFFLe8xLY5QvmW5SM/dI4QEK8V9Ab9LFuKsYjGAz6GXqDx0vbcQ0qZpb6
7TW2YtdSc5m/KMWjN3hjtA7eRvFIm2zTxMckI55KUZNKVwRvEEZKWhG6elUEyj23s7TpG9gd+IEc
LaQqOVrvSc1InZm6LHV9KqPoYp49rdUy+8FprdbZD4JWKUgCcVNQyq12VStpZZIuWZ9sSDYmu5M9
yd7kuBwuVzdSP9Iw0phryo0d6R7pGenNjcvxTdFN0U81TDFOdk/xTPFOiZunm6efZ5hnnOeZ550X
F+IqdBX6CkO5sdxd4anwVsSV+ap0VfoqQ5VxranKXeWp8lbFrfVlt6S2plKQv7NFh5oDIE7S8VCc
NTw+EjqqwwEJbhyLbVbaG5d4ZgVz6uzxU8tPvvXhUWzqXXyjdrl47NX9P1934bV3X5b/LH9TdWsy
no0PP1e3qWJl9qix535x5v20VPnc/rrHq8rDedmj32i++kkwgods8NPHtB9FoVVSnENkDUYrtYFz
GsM8auKKaBRwMH4SwCNNAcFvSHcBgruUFKBABH66gwIUScUfGWBZvYISl2pPF3IN2PNETXRrNHUb
RC4VRC7lMnUae+9K6wqWxEiuE33UZTz3iPx05oHyY88fwvPnh9dvbKH9feNDp0OVF65QueX9T53b
cfoVfE3VA/IC+QDi0ImekuK0nIXBiA+LiLHXGrmw2KTXaak0JATMWr8hYMpQy34QEoTQodSnnqB8
/jxg67wI5SlDyhGQgAVKIAItMIJNsAsOwZnukpCEJUoiEi0xE2ySXXJIThu8mlIu9mAPxRbeCZYo
Vc8oGAN6DjpSvB01tkjh+iDE5E/bvPNy/8VDkGJGHA6nPUwny9/dl3+6VXZBmpld9kZluUnRcRbo
2A2+MqKQFMeNwRSmxmg57Qw9R1NhtokLI47SkTRGl6YxMMgkXOq41AEBIkaKsCx3CB132IzCYlSf
TWs1qIFgUiU2wYhIfKKMKuUooBUqoYBSpIg9i3q6/68hUtpfSo0rn0NK27BvTt++N+XLinw3Qb5e
iHkdWiMNoYsZliHFLDODsDRm2DItXoE4jUgjSg+SdfR1qFmmt0O1uSJWhF+pUukUE+pVJOmRfjAy
OQ/y4HQuXUcXDqJNrwqtV65Vr/ECgJishExFXh+m5Q9wxVZMh+jf/+rJ7pvhUATz2xCi80HOIWiG
5DVYEW9EK6liVwlTZlwtWo0GB9JhB6s16QRs1sdA6lGoqWpH1ZDfQcoRQGxAin6SbpJ+kmGSdZKN
Ad/7RMWltM2KWY1qLm8WHoMjhQ+zy8qvLr6OTfJvnAZ5E1W5qm80fqth/TNb65vo5ViXm/f5uY/l
TgfMtckHl+COhu+37j28XZG3CWK0BuRNAXlTuZgSt2WlucRR4uaTV6KSxBJSxhelemK5GF+yDvlY
1sUarDpkplIjTGxQ9Dsp87yiQE9uhkUFIFQ9zWBm8YuZgzkoFWdFdlSS9faqKw99/N3hprZ35a/k
G6s+XbpMd2T/vmMnW+cHjx7dsWnTU8ZlTENg6BsvbHrV47ry4u8+DWbiuB17jj3d+mrpzl1Pblv/
GNTKe8DuraAHhUTULCVQxZyOw8U6HTcD6wxohQlAuUJXRigtzSLRSHi9ljILvZfyACx5YO9IyrkE
SWcAMHfYeDoHmf6kh/MYPSZSeAfW01qNyhevAtysYsUMI4IVyanHLpyDp2CapexUkm4ElaO7l5qs
00A2xiI36EEFTJClqHdlipzsn/tt/0pq+3kcI1/7Ft8krr4vZTaEE5aQ3j5dufyx4q8j4K+10Ke4
0ctSAmFj1rhKWGElX2ItYQ14NVpoKPLEiJQuFjlYLlbU8ZQH0iqArENxVMRLER/JXWY1sXKzFY1u
K+JRFYFgGMwtt4uaMqlGjUe5KKJlIk94mmd4ltfwWj6Kd/HR/BA+ho818EBw3ciN01E6ZhWdQU0F
EsgGrPAHYFAxINJs/+zh2+b8B3bKX9xCiz5avpx7bvf+w79oLtiSNYe5fFCeHR8v9379jfyfive3
N/z2V+c6pfFUj8LbtoBNGsD3epSAHpbiDIgt4VGJzV0Ru9ZXEl1mK0r06GLthDXbDCzHOPWJYBKg
0r3ddwr9hz1Kck7gDJxRVBIzK2hErcVgMQomgRcEUVSKdr4735PvNRcmDMoNlZMMKgUsShSQF8qq
Tc3GFLW/rrGxrr6h8bUJL1V8iol8/Xq//C0ehxPuO/LgcsMTS8+dmdR57lznO2+8/SH17bSpoN01
+S94LX4Ib8ZHYmO/KwnJv1dzCvTR9JPgcy16RIohRCkLBGM0g8FktWYhJhQmiNYhluKUqAR+Amju
7RZz/ykhc0pa41QPcwpLu+Nh5bzqXE6Zj+RoB3YSqpCDXKcmafrJ/ranqLT+/FXkClN5cyczrA3/
ROHNt0bJufi4yptjUZkUFys4DIRz2KPrLRyQ5ybLM25nmh04tH0E7wceneGGCqkw6Egj06dg88Pz
wm8U8pVxMt1T5FnmIXeqnVuVF7A0WDtWOFY4KVT4A16tFve7u52siwrBHpuRPj4NOoBfvTj5yTHz
NQ/MevDHt3m2HC7/fvnBU17vx0UFVY8rdl5x6xo5DnU+GV2Vxqq8cswArRyjv0Mrn0UtTL3f/qyt
xVVvrr1DK9NsMWN4rd82KZ5K49HEf00r+wB1arP6Q1o5yCo9Kquc63f7PX6vP87vK9AV6AsMBcYC
d4GnwFsQN9e30b3Rs9G7MW6jr8Hd4GnwNsQ1+A65D3kOeQ/FHfLFSKk1qUetR21H7UcdR51Ho85a
z9rO2s86zjrPRpkUJpiV+UMmqBhxALJ3mKBiyRUhum7ruifm79uwperDN2a//nCI3rxq5eqCTbv2
bvjq3UUdo26sfrRw3qQ5w9ICPy3ddSiQ8vWilbNmjf9RSlp6XeXelwMDPQHY1M8sRw60WIpx6JBg
rLfSWhRmqSZrkVMjiDjAAQtE6U6hN0+hTe9F7AT7HYKsVkKsZFoAglMFqBM5B7OPjdEwWpvGpk3U
JGrTo2qi6qOao3SFAIZMMZJY7+pxErP+cODAa7hAPjR80uRx1Dbt9p3NPyWny/FU+WR5f+Gm6Q/M
37mx7heD/WsIcKAHqVMlC6o3sPVKu+UkLtsEDpotpzCYPZTckXHCE1UZReEf5AXHYFMFqYFavGfv
3j179jbu/lr+Ekddv46j5K8m/bmr6/r1rq4/PwydlIyD8m9kWb6o9qGb5CZNJXMA1J2Blkijxo2d
NtGfH29A0yYmxRPjxDA3LcyHJbIuPpzKrXOGU7Pz/Ulm0+RodqwBRZuGmGNGs0Nio0cPo/IBgyCh
3N8TDA6umAA/Uk/l9QAwO+CccnrgJyPh9hKIskSQKaoEw58Yr+RolrJZzQ47rVjUwdK+uHh/otKE
Z4+AZoKG/sImIOYHnThjGrW78Ojvf3+0cPeopsOnJ4wPyZ2vFLTO+fVnxfOX4NSXH/+sKKtC7nnu
l/Ir1Y9v2Li+Bs879yFesHp6vvw6GKp+xdpNm8OPbL8xa+bNCxf+MXPW9r6+hJunK8/P3lCX6C+U
N/3n8/JXi1ZXT58+qbBwQ1UNvveNNjyp5rHNh5oWfrlO7pUvEFxfVv2zo/ubjz6j2BWwSLcNrEvc
KyV4GdFGUOwerXOPCYfJchQ2FWlrzdEufZaFCthEYMMZyrJEMNgV7O3+p2WJ4zU+CNZsta9QioDZ
ZqWUBAQUHEf6jIgpuqF3VZYjbtzoqHp+hLwXl+2urdu5s652t9LP9i8pni//+uZN+cL84kMhvKr9
wuef/OGzX59VYkfBYQzg0IWyJBfa56gnxr2Gp8R6rpYURZvSDC5kdbEp0SDipfcuDcBR8W1XxvHK
IUpzHentBfTDZk9xIB3j/2OrgkbX1yXvlJTb6p58qnFvw+rtLnzP4eMASHQLD0vPkL+tXf/Vl19+
va5ajeU3b13D76IeiIucE0YWIYNwqa8DuMGP5p7QUUhL5+UJeXnzhqETZAFXZACxInNQpvSayFxG
9l1J+83pudn5+dm50xfn5OfnZOfPGOi1NA+BzhnoF9JYj8tipNlURDQxwgbiDyc3JXidVj2jCQ8l
tT47h6IsutGGuIBHGzD42Xsco6P8toDlnqRAiscfH0jMGBZpxZRqA72lsgorRpZg83qCPY6gwlSV
ZViHwrbvCc4PVgZ3BFuDzJ3aM0ytPcNgDNA6S7ouXZ/uSHd26jr1nY5OZ3uQK8QRrjvQfUW8/q8O
bvdldELWz5c+f/CQTLUUVVY93iJrB34ppU3L3F+87hCZu2p15+/6z4dCVMJzW18/rrRrVKB5U2RP
adxCy6oUTMtz6DawlwH50ANSACMxhhjpPS5osuNiwx7dHmutq8jzBN8U7w4gjcuR5TUFYgTkN2bE
34a20HVnQTF4G98nahJaEyCrYdtdaPYP6jCI9ohq+OAgptt+gHZl6YaaXDYA6lfLD90BuxxdXh7x
N90D8segZdJQjdHqogl2bNCRMNMUbTYRHNbVCkgcbRkSYPmAxW8cSQdcrB8FqIzYAedGHKsurINP
+9Ry61CIhLvG3eq+i0jEqs6MhRFxZubdLvknh81WXfFcReuhgzLdXLR2/cYWZVnujYqlv/5QdQv6
1c5Tr4AzIuu7myBW61UO6kA+qBklBrbEXKbUDAg5juX1d2qGwgAyEoJmUQALUqJgdqjUEWoFfFPb
9jU27lO2vwEZFP/WiwX520l4Jr4fz8Yz5Vb5JfllufVh3IiX4krcKC+Wd8q75MVqfBbgK1QBtQIR
JLxKIRojWlDXAy+9l2GBalhAIRlRK5pUeS9DLH9K1qryuiUeIta2gOeKnGYWoOQUlE5IkVUhaT8I
WvGu/cszcnJmTM/NnT4jJ3f69NycGWog58yYQXUMnI9wgKJb19iFwF+j0FIpwcBGWRC3wS4aaYIq
eWqhvchF4hlTvIEX4s04nhGRV10KugRRqyKzC4iBIzjQaGaccEcXRVO48AeNyT8tDO2IblEWhhT3
+kRBwW/U4AHyepCI3WepyWdPffHFqbP4xhn5pnwext+ZUHl5X5/8+eef41hCw/7X8ouQI4fg+1We
24sQ8zHoQUGb97L0I6SsQlDFmGJZxixSQjHL8Oop8KJGq8GCVmOCTW+gjIJWq5lBsaZKJBi0hK5k
F+qIKPAmo16rgRswMlo4YgFHRch7XhcofKnbfJvBO4IaoPEKk9eqbF6jnho4AN6YZFZ4o11pungT
z9NJTBKbZEwyBcRUs9p9eTlouTEMBeTESzJt+GkqXu7pn/wkZX2Bsu3u/9Oh6v7a6oNUDHX++5gQ
U37zqVAIT5bbBtY1gBszBwHfMShHinYtRUSo4YutSw1lpChW5PnEGD9ymLiEWKUY3d1ZnQd6JLgr
3YrHFNKQqJAGpU+iByqSEgBKRWIOjpMv9Oy6uWDZErwLTwlja/PyhE8v/OW77/7y/EcZeNvvrhQv
WIZjTuCf4BelsfILp49DIPxSbpNfbt4/mEegtsegSingsmqMA1lk+f95FlHh9j9OI+L/JI2oC41q
2Z9zVx6pV5P67TV0+ivQIwrXSHMdzZzW3myzc1q+WeC1nNbUzHFai5Uy28YIAs+PMfF2u22GndcS
ysiF9XSYXe60CoQK65vMCDOEs1l4g44V7RqziFDAofEzAZLhEtRlVqG93ZwLqXKgJnYD5tQKcLs3
icBLXfYegB78o9W/UEYrePu9RsvxnF3rsGtdvMueqE3mk+05fK491zGZn6P9Mb9Iu4hfZF/sWK3d
bG/gT2qdNKfRafSMgTGyJmRiea1Fb9XYzZxFZ9Er3bbZJJhsfLTVaXPYk7gkXZI+0ZTMpwkpYoo5
1RqwJdvTo0cYRhhHmHKFLEuu7Z7oSdwEwwTjBNNEyzxurm6u/sf8HHGOeY5lMVdqKDUuMpXwi4QF
4gLzQkuJtdReFL2GW6Nbow8La8Q15kctYds2yzbrFtsWe310A98gvMa9rntd32afDTGTjAccG0kc
XCR2sEbMpKb29x2COofb9+E/nZQ78J59/b2N8rmdhxTX9unxM+Xl8if970MAvbpJfl/Nt49DfaiD
+IlCCahQikcuTwmxVJjXOkp44irhyviiRKvOjFgfY7DFsGY7q6xSKH/wi3TJANAOQV1aU9Ypot3Y
TbmJm3Yz7li32+1xe91xYy1jrWNtxkHWN3ygoHhv98RmfPuvfcMTyZnxR5b8Ub6FHdf7MS+fkT+5
78iDy4xPLDl3Rj6zfe/e7dv3NlLPTJuKDV9fw6K8ST4gr5FnxcbeKKnACXRc57lzv73wxtsfgm5E
XX+pG6h96WiMFBfvJCU2riSWL0kpiy3KiHcazIzfwKQhNtrGsn6vPkNpjnsHlw8Hi+KHPUq3d1cD
Qe7aj6wjQtcB3Un2YOMKdYi83rxjR7OyJW9dV7VtW9W6rRWHz8jf3fhP+e9nXtz77I2rV288ixtb
jh1refbYMfLo5sbGzVsaGy84Lja/f+3a+80XHdFHN5/o7Dyx+agSf1fVHE+DLl6JRxryCIcZLY0M
lI4FupunrBZCsFzKg98MrPaYPlFZGCaHqWH9nS39ndQwhu7vPKDsHKCGoUhUK2s2wJcRTeXDbywS
4IwJ1QDLvh8vwGvwY3gXdZ76xJPoyfCM9Lzkjbt1S/m/DqgFz8JFMF89MG+B+dzb8//+o+SnT/DT
uAnvh9EyMM7DeAe/o87/q0+y+s5o+HYjI8jHg5wi1DoLSkJ+6JnufJzANhGK/xfPoO7a52CL+zcS
EogEF2KQBvZpiAkWurJEpEVDQHIHZHGk/hXWjnS37zD8txr/f/nBOrQCLN6G3oXxAexNRyG0HG1C
LbD/BapSz79Ja5UBZ64yyrUfoDacDNdRysDpSPHZGXhOJsx9AdeXwnELWqjO3yQX1fE0uUitRhSZ
CXsz1TtaUBsZRdPkYmRT73oXjUavo8PKPnMRNcB1s9AVGOPg6VPRaXQVP4kO4suoGtWhFbSiQAzW
AZ8KwQB+qI5v0U/UNyvnQsxlqIQtKAR6noanH4ycx8l4FikipXguaEjhw2QynN2AQnQRDL86Jqj6
RXSgqCp4/4C+6CL1EyqZ9uPD8B7lHRfh+YfRaJC3FCSdDBulyE+uoxaiIC6KeRNN1UxlDZjVVKPZ
MFtFMvHTbAwqQtVkNjwhH87VoXx8Bd4CID7JMjQBRhfwCK1UwpTiVulHcz3vzPOmBf63Q4+g8bSi
ma3GtZ62W7dmzqWjmXmtzJBWkqBtpRN8f/p3k39KC0ybOdfTemHihIGnTiyaAOfunwu7yhGchvMT
J6RF4px6qK3zQtaO+Xze35Fbq+Lmg6v5fx38/cdH/SOFj7SfwaEyGckM8K1ZIkMUijH/+KhvmfDR
P2WMFBosRm2Dm4ahUvotVMq4IxtVj6bSp9XfUUwVeonxo2zyAZzLRrMYB7oJ2zbYmmC7B7YjsG2B
7SWq6tYoOhqtINloFP07VArCbILnjaKr1Pe8qWlAU5VjeN5UuH4TdQIVUMfRZfYMKmLevtXLutEK
ZY6+Ctc40OPKc9kTSj5XPxMiG34JDHIQ0s8OSDuTYfsI8v1m2L4FjRtBmyJIW3Ad14WQrhaSUB4k
HoCqoRtBQoQN7MSvR0iAe0XopMwQDebfgt+TYINn2aATs72HkL0PIcdpSJQ/BQiBKlHDYWtByAXz
0cUIDYFnDoHrYkEWNzzPM135v3KqlVMoDqWiRqRErID2KRmS1uO/wTHdRq2XPntbJuct5K2OeOat
YvKWRHfEk18Zybk3/cy5YvKmn7QXkrPV5LSenNKT11+zMq8HyWtW0hYkv5TJSZm8KpNXZHJcJsda
72WO3SSt95KjMjlSTV6WyUsm8uJhA/OilRw2kF8EyQvF5PlYcjBInjtQzDwnkwPF5NkGE/NsAmlZ
o2NaEkjzNLJfIM8MJU2bY5kmmfzsaYH5WQx5WiD7Gk3MvgTSCNc1mkijRO+FG/dayd71dIOJNEj0
Uwlkz08zmD0y2b3LwuxOILt2GpldFrKrDUsSR+/coWN2GsnONoykKfQOHdnRTtdXVjP1p8j2x/XM
dpFsl+g62KsbSWq3nWJqZbJtayGz7RTZtp7euiWB2VpItkr0FpBrSwLZvElkNseSzW232qVb9CaR
bIBXbygmP80gT9rJEw3kcT1ZX1zMrJdJTYXA1ESRx6pNzGNBUm0i66p4Zp2FVPEk3EDWimSNjqx+
1MOsvkkeXTWEedRDVg0hK+GmlbFkhUwekcnyZUZmuUyWGckyia6sJkuXjGGWlpMlY0hFuYGpEEjF
errcQMolOgSvDN0kZYtPMWUyWbyokFl8iixeTy8qTWAWFZJFEl2aQErgopKbpLiYPGwjC2WyQCZF
84cyRTKZP5Q8JJNCmfxkGnmwmhTIZN4EMlcmP5bJnFPkAZncX0xmWcmPgmTmfTwzs5rcx5P8sdI4
Ml1PphaTKXFaZkoDmRwk9xKBuddCJpnJRErHTIwiE8ZbmAnlZPw4gRlvIePG6plxAhkrccxYPZE4
Iil2vJ++p4GModOYMTPI6DwrM3oayRulY/KsJE+iR+nIyFwzM7KQ5OaITK6Z5Igk20hGyCRruJXJ
ksnwTAsz3Eoygzom00KCwzgmqCPBiH+GcSQj3clkTCDpQ21MupOkt9NDY3XMUBsZup5O44qZtAYS
SLUygWkkFZRItZJUiU4B0VOKSXJSBpM8liSBYEkZxA8/fpkkjiQJRieTUEjifWYm/n7ig9t8ZuKT
6Dgt8XqcjLeQeNwi43ESTzvthpe5ReJeT8fqSKxEx/jIEJ5ExxNXVAbjup9EwVOjMohTJg54qUMm
doHYrFbGVk6sFgtjtRKrRFssxAzXmU8REcwrykSAH2Ec4UF+voGYYM4kEyM8wOgkRok2yEQPB3op
p5zo4BpdNeGKiVYjMlor0YiEZYIMW00YuI8JEhoeRqcReCilI/h+gmSC23Dxhjqc+v/sB/3fFuC/
/UC1+y8KrNFQCmVuZHN0cmVhbQplbmRvYmoKMjUgMCBvYmoKICAgODIyOAplbmRvYmoKMjYgMCBv
YmoKPDwgL0xlbmd0aCAyNyAwIFIKICAgL0ZpbHRlciAvRmxhdGVEZWNvZGUKPj4Kc3RyZWFtCnic
XZPBbtwgEIbvPAXH9BDZy2BIJGulKr3sIWnVbR/AhvHGUhdbrPewb1+Gf5VIOdh8hn9+hmHcvBx+
HNK86eZXXsKRNz3NKWa+LNccWI98mpPaGR3nsN2/6juch1U1Jfh4u2x8PqRpUX2vm99l8bLlm374
HpeRvymtdfMzR85zOumHvy9HTB2v6/qPz5w23ar9Xkeeit3rsL4NZ9ZNDX48xLI+b7fHEvap+HNb
WZv6vUNKYYl8WYfAeUgnVn3b7nU/TXvFKX5Zs/eQcQrvQ1a9EWnblkH1NlYug+rdrnIZCnuwF7Zg
K/wMfhbuwJ1wAIfCHVUug+o9NF403oCN8AAeChP2JdmXoCHREHxIfAg5kORA8CTxJAd2wsiZas7w
d+Lv4eNrPvDx9SwTNJPUATWxUhOHHJzk4BDrJNYw6sYyj7o5qZtHrK+x0DjREOZJ5g30RvSE3Ehy
63CWTs5iUQcrdbDY18q+7gmeT8IjeBQf3AXJXRA0JBoDTRmkGe63Lm0h/fvRb+Gac2m12uS1x6S7
5sQf/8G6rBJVn//TJs/gCmVuZHN0cmVhbQplbmRvYmoKMjcgMCBvYmoKICAgNDE2CmVuZG9iagoy
OCAwIG9iago8PCAvVHlwZSAvRm9udERlc2NyaXB0b3IKICAgL0ZvbnROYW1lIC9VRlZLSkwrRGVq
YVZ1U2VyaWYKICAgL0ZvbnRGYW1pbHkgKERlamFWdSBTZXJpZikKICAgL0ZsYWdzIDMyCiAgIC9G
b250QkJveCBbIC03NjkgLTM0NiAyMTA1IDExMDkgXQogICAvSXRhbGljQW5nbGUgMAogICAvQXNj
ZW50IDkyOAogICAvRGVzY2VudCAtMjM1CiAgIC9DYXBIZWlnaHQgMTEwOQogICAvU3RlbVYgODAK
ICAgL1N0ZW1IIDgwCiAgIC9Gb250RmlsZTIgMjQgMCBSCj4+CmVuZG9iago5IDAgb2JqCjw8IC9U
eXBlIC9Gb250CiAgIC9TdWJ0eXBlIC9UcnVlVHlwZQogICAvQmFzZUZvbnQgL1VGVktKTCtEZWph
VnVTZXJpZgogICAvRmlyc3RDaGFyIDMyCiAgIC9MYXN0Q2hhciAxMjIKICAgL0ZvbnREZXNjcmlw
dG9yIDI4IDAgUgogICAvRW5jb2RpbmcgL1dpbkFuc2lFbmNvZGluZwogICAvV2lkdGhzIFsgMzE3
IDAgMCAwIDAgMCAwIDAgMCAwIDAgODM3IDAgMzM3IDMxNyAwIDYzNiA2MzYgNjM2IDYzNiA2MzYg
NjM2IDYzNiA2MzYgNjM2IDYzNiAzMzYgMCAwIDAgMCAwIDEwMDAgNzIyIDAgNzY1IDAgMCAwIDAg
MCAwIDAgMCAwIDEwMjMgMCAwIDAgMCAwIDY4NSAwIDg0MiAwIDAgMCAwIDAgMCAwIDAgMCAwIDAg
NTk2IDY0MCA1NjAgNjQwIDU5MSAwIDY0MCA2NDQgMzE5IDMxMCA2MDUgMzE5IDk0OCA2NDQgNjAy
IDY0MCAwIDQ3OCA1MTMgNDAxIDY0NCAwIDAgMCAwIDUyNiBdCiAgICAvVG9Vbmljb2RlIDI2IDAg
Ugo+PgplbmRvYmoKMSAwIG9iago8PCAvVHlwZSAvUGFnZXMKICAgL0tpZHMgWyAyIDAgUiBdCiAg
IC9Db3VudCAxCj4+CmVuZG9iagoyOSAwIG9iago8PCAvVHlwZSAvT3V0bGluZXMKICAgL0ZpcnN0
IDE4IDAgUgogICAvTGFzdCAxOCAwIFIKICAgL0NvdW50IC0xCj4+CmVuZG9iagoxOCAwIG9iago8
PCAvVGl0bGUgKERFVEFMTEVTIERFIExBIFJFU0VSVkFDSU9OKQogICAvUGFyZW50IDI5IDAgUgog
ICAvRiAwCiAgIC9EZXN0IFsyIDAgUiAvWFlaIDYyIDc2MyAwXQo+PgplbmRvYmoKMzAgMCBvYmoK
PDwgL1Byb2R1Y2VyIChjYWlybyAxLjE1LjEwIChodHRwOi8vY2Fpcm9ncmFwaGljcy5vcmcpKQog
ICAvVGl0bGUgKFJlc2VydmFjaW9uKQogICAvQXV0aG9yICgpCiAgIC9LZXl3b3JkcyAoKQogICAv
Q3JlYXRpb25EYXRlIChEOjIwMjEwNTA5MTkzMDU0WikKPj4KZW5kb2JqCjMxIDAgb2JqCjw8IC9U
eXBlIC9DYXRhbG9nCiAgIC9QYWdlcyAxIDAgUgogICAvT3V0bGluZXMgMjkgMCBSCj4+CmVuZG9i
agp4cmVmCjAgMzIKMDAwMDAwMDAwMCA2NTUzNSBmIAowMDAwMDYwNTQ2IDAwMDAwIG4gCjAwMDAw
MDE1MDYgMDAwMDAgbiAKMDAwMDAwMDAxNSAwMDAwMCBuIAowMDAwMDAwMDE1IDAwMDAwIG4gCjAw
MDAwMDA3NzYgMDAwMDAgbiAKMDAwMDAwMDAxNSAwMDAwMCBuIAowMDAwMDAwNzU0IDAwMDAwIG4g
CjAwMDAwNTA0NjIgMDAwMDAgbiAKMDAwMDA2MDA2NSAwMDAwMCBuIAowMDAwMDAxNzczIDAwMDAw
IG4gCjAwMDAwMDA5NjYgMDAwMDAgbiAKMDAwMDAwMTIyMyAwMDAwMCBuIAowMDAwMDAxNDcwIDAw
MDAwIG4gCjAwMDAwMDIxNDUgMDAwMDAgbiAKMDAwMDAwMjEyMyAwMDAwMCBuIAowMDAwMDAyMjQ4
IDAwMDAwIG4gCjAwMDAwNDI5ODQgMDAwMDAgbiAKMDAwMDA2MDY5NSAwMDAwMCBuIAowMDAwMDQz
MDA5IDAwMDAwIG4gCjAwMDAwNDk2ODAgMDAwMDAgbiAKMDAwMDA0OTcwNCAwMDAwMCBuIAowMDAw
MDUwMTYxIDAwMDAwIG4gCjAwMDAwNTAxODQgMDAwMDAgbiAKMDAwMDA1MDkyNSAwMDAwMCBuIAow
MDAwMDU5MjUwIDAwMDAwIG4gCjAwMDAwNTkyNzQgMDAwMDAgbiAKMDAwMDA1OTc2OSAwMDAwMCBu
IAowMDAwMDU5NzkyIDAwMDAwIG4gCjAwMDAwNjA2MTEgMDAwMDAgbiAKMDAwMDA2MDgxMCAwMDAw
MCBuIAowMDAwMDYwOTc2IDAwMDAwIG4gCnRyYWlsZXIKPDwgL1NpemUgMzIKICAgL1Jvb3QgMzEg
MCBSCiAgIC9JbmZvIDMwIDAgUgo+PgpzdGFydHhyZWYKNjEwNDkKJSVFT0YK

--===============1681745097365608133==--

-------------------------------------------------------------------------------
