Content-Type: multipart/mixed; boundary="===============1952505251499061223=="
MIME-Version: 1.0
Subject: =?utf-8?q?Hotel_Real_-_Confirmaci=C3=B3n_de_Reservaci=C3=B3n?=
From: reservaenrealnicaragua@gmail.com
To: justo@becerra.com
Date: Tue, 04 May 2021 16:31:11 -0000
Message-ID: <162014587125.3470.10273500800694999301@localhost>

--===============1952505251499061223==
Content-Type: text/html; charset="utf-8"
MIME-Version: 1.0
Content-Transfer-Encoding: 7bit

Pronto nos pondremos en contacto con usted. recibimos su solicitud para RealNicaragua
--===============1952505251499061223==
Content-Type: application/pdf
MIME-Version: 1.0
Content-Transfer-Encoding: base64
Content-Disposition: attachment;
 filename="justo@becerra.com_1234567_2021-05-04 16:31:09.823228.pdf"

JVBERi0xLjUKJbXtrvsKNiAwIG9iago8PCAvTGVuZ3RoIDcgMCBSCiAgIC9GaWx0ZXIgL0ZsYXRl
RGVjb2RlCj4+CnN0cmVhbQp4nJ1V23LaMBB911fso5mOza4k3zoMUwfcTjqkaYLbl0weFBDECTZg
nDafX/nSAE1IQ+yxrLFW5xytVscEaG6bTBNIgknG1gzrb8UcugphvmEnCeOyiTNvHx100Q8ICNEJ
PMFNN8lYd2ajjWD6M3ZlDeOk47pWNBrFYxjGMIrgMh7Hlx3hWj87fmBFg9Pzb53r5Csj3mrgICR3
fIHSC4GEcHzJKQhacPoLbkEnuWM2N6FcCPSNKqcSwV1IpsxaqE1ZR+wKQocC3zUcjvC4wCYygnyZ
3RQaprqN/4djD6GaLLkMmslX1vcO9y21UatlUep6IUcBWHGm0sV7eXWxWeZqc4CWyEFPSN8Hs1fo
cgyEqDmpRh+vVA69HnSjSfmgFol+LKE307MZosI+9PtwMhy0UPGZ6a1aumfi7C1TpVIgkmhUfq52
X09ulUkuxHlZqKk6Vi1HbkJdGyUQ/4jhO9nHapG+l9yzkY4jtyJdLBdprtXLe3uQ8EeelnoKUVpU
szdv5ju/2ejil5qky+2st3Kq/9WD51XPU03U0NRA99BI6LclclipF2wzM9d5qWH9oKHQtegj5Q5u
Hyb3MDAHfKHBbuozaezKCUV1Va5l7GrHUnjoO1KGnEIQ5BtL8TCUzyxlcrfKKAzEp3l1Kp3JMnsJ
/PKL6XvV5cNvM/TVPHfs6rrSCVNGCGewBqq5m9b4aSvAsIcOYQgZSMEdlz99WMAYLramuy+/jqXQ
FfSafPtNqZDCc9zKU19NxQdXuAGGPg/lgRw8W2ILvLNE17hzaDZwf41r1lVk/ijQfSSC4ZJdsO4o
ze/r4jsbnA4NXFtpdVHtj9Hu2AX7A8sdg6YKZW5kc3RyZWFtCmVuZG9iago3IDAgb2JqCiAgIDYz
NgplbmRvYmoKNSAwIG9iago8PAogICAvRXh0R1N0YXRlIDw8CiAgICAgIC9hMCA8PCAvQ0EgMSAv
Y2EgMSA+PgogICAgICAvYTEgPDwgL0NBIDAuNyAvY2EgMC43ID4+CiAgID4+CiAgIC9YT2JqZWN0
IDw8IC94MTEgMTEgMCBSID4+CiAgIC9Gb250IDw8CiAgICAgIC9mLTAtMCA4IDAgUgogICAgICAv
Zi0xLTAgOSAwIFIKICAgICAgL2YtMS0xIDEwIDAgUgogICA+Pgo+PgplbmRvYmoKMTIgMCBvYmoK
PDwgL1R5cGUgL0Fubm90CiAgIC9TdWJ0eXBlIC9MaW5rCiAgIC9TdHJ1Y3RQYXJlbnQgMAogICAv
UXVhZFBvaW50cyBbIDI5NyA1MzQgNDMyIDUzNCA0MzIgNTIwIDI5NyA1MjAgXQogICAvUmVjdCBb
IDI5NyA1MjAgNDMyIDUzNCBdCiAgIC9BIDw8CiAgICAgIC9UeXBlIC9BY3Rpb24KICAgICAgL1Mg
L1VSSQogICAgICAvVVJJIChtYWlsdG86Y2pwbTE5ODNAZ21haWwuY29tKQogICA+PgogICAvQlMg
PDwgL1cgMCA+Pj4+CmVuZG9iagoxMyAwIG9iago8PCAvVHlwZSAvQW5ub3QKICAgL1N1YnR5cGUg
L0xpbmsKICAgL1N0cnVjdFBhcmVudCAxCiAgIC9RdWFkUG9pbnRzIFsgNDM3IDUzNCA1MjMgNTM0
IDUyMyA1MjAgNDM3IDUyMCBdCiAgIC9SZWN0IFsgNDM3IDUyMCA1MjMgNTM0IF0KICAgL0EgPDwK
ICAgICAgL1R5cGUgL0FjdGlvbgogICAgICAvUyAvVVJJCiAgICAgIC9VUkkgKHRlbDorNTM1ODA5
NzI5NCkKICAgPj4KICAgL0JTIDw8IC9XIDAgPj4+PgplbmRvYmoKMTQgMCBvYmoKWwogIDMgMCBS
CiAgNCAwIFIKXQplbmRvYmoKMiAwIG9iago8PCAvVHlwZSAvUGFnZSAlIDEKICAgL1BhcmVudCAx
IDAgUgogICAvTWVkaWFCb3ggWyAwIDAgNTk1IDg0MSBdCiAgIC9Db250ZW50cyA2IDAgUgogICAv
R3JvdXAgPDwKICAgICAgL1R5cGUgL0dyb3VwCiAgICAgIC9TIC9UcmFuc3BhcmVuY3kKICAgICAg
L0kgdHJ1ZQogICAgICAvQ1MgL0RldmljZVJHQgogICA+PgogICAvUmVzb3VyY2VzIDUgMCBSCiAg
IC9TdHJ1Y3RQYXJlbnRzIDIKICAgL0Fubm90cyBbIDEyIDAgUiAxMyAwIFIgXQo+PgplbmRvYmoK
MTEgMCBvYmoKPDwgL0xlbmd0aCAxNiAwIFIKICAgL0ZpbHRlciAvRmxhdGVEZWNvZGUKICAgL1R5
cGUgL1hPYmplY3QKICAgL1N1YnR5cGUgL0Zvcm0KICAgL0JCb3ggWyAwIDAgNTk1IDg0MSBdCiAg
IC9Hcm91cCA8PAogICAgICAvVHlwZSAvR3JvdXAKICAgICAgL1MgL1RyYW5zcGFyZW5jeQogICAg
ICAvSSB0cnVlCiAgICAgIC9DUyAvRGV2aWNlUkdCCiAgID4+CiAgIC9SZXNvdXJjZXMgMTUgMCBS
Cj4+CnN0cmVhbQp4nCvkMlAAwaJ0Bf1EA4X0Yi6nEC5DI7CYLpA2MjXSMzUxszA3VTA0NtYzNzEy
tLBQCMnl0k/TNdQ1UDBUCEnj0sjLTE4sSkwvTUwuTUrUDMnicg3hCuQCAKC2FZYKZW5kc3RyZWFt
CmVuZG9iagoxNiAwIG9iagogICA5MwplbmRvYmoKMTUgMCBvYmoKPDwKICAgL0V4dEdTdGF0ZSA8
PAogICAgICAvYTAgPDwgL0NBIDEgL2NhIDEgPj4KICAgPj4KICAgL0ZvbnQgPDwKICAgICAgL2Yt
MS0wIDkgMCBSCiAgID4+Cj4+CmVuZG9iagoxOCAwIG9iago8PCAvTGVuZ3RoIDE5IDAgUgogICAv
RmlsdGVyIC9GbGF0ZURlY29kZQogICAvTGVuZ3RoMSA5NTgwCj4+CnN0cmVhbQp4nO15e3gUVbbv
3rVq96Oqq7u6O51OOun0Kwl5EBI6hEBAUiogCvLMMIkSCQ8jJmISIxkaDAkyGsNDBDEExAgxwyOi
5CAilwwEznAAz9HhcIQ7x9GZ8Yxx5n7XmKNzOZ4Rk8pZVZ1EfM1371/3u993a39Vu/be9VjP31qr
ilBCiEAaCRD/itXLqj+U27YREn+ZEO6+FXWP+5/+9PB2QhKTCaEd5dUPrf7zM19cIMSL62TLQ49E
yovOn03C86N4T+KqB5ettIl3HSYkqQjnJq7CCdur5l4cb8Vx8qrVj68922EuxXEXjrc+UrViGaHH
nyPENxXHz61etraaP8Cvw/E7OPZXP/Zg9c7FOwpw3EcIayAcKVdb+HLWgdQaiUex8FeI4Qo1sdUc
T7IvXOsbT+Rrfdf6cpz2gD0lYA+U82SgFhIGPlFbjNa//uUxQzo+o4wQw152nZiIi0xS4i3GOmut
QOrMRuqyET7FIZnTSEgMxso3+nrD1/rsk3EbT7L7wjf6wjknjrl73BwtTckNO+wyl0lpXq49lBfw
E7tMAtz+Lf/z/X/9dMvguZ4eTqU7aaf6E7UqQsfSu+gMmnmzI8J/HFEb1d3qC2oDilSjhXUhLW7y
U2WctEt0Pe8U62y77MbnzTuhzv4sq3XupHVEtjis6SaHIcYRy5M0hxDignFIXlij71ofnmj0Yd83
0Cf39st4yDkxP74qHgnNjdKn74Hhc60v6+lh0zYPbqVNzc1qhGtq1knb/xs1cHZw4Oxgx2/U/Uif
G+n7A9JnI1VKgplREXYaayWkiHcYBIfJmmYJkTQDJ8vXLvQO9F7rk/uRkv7wjf4wii2Hzu6yFM3u
shbdP7tLLrq/+AyRh87hU2VsyiR7/qQSxa3Yl9rL7Nv57Wy7Ybux0dRobhQaRbFUozHgCtmjlOe6
aO1F9aFmdrlJXXkpwr/XR9eoW/q+zoqgoRBu6HPU6RydTgfZqixw+GQHz3i7j/Ei7iYzJ/gY4+Uk
DjhHkt0BwNmsnJQEnEWbynCAWCdLZga0DmqNBDVrlSyiYGI8cJLTQJzytXfsbs0Kpvb2uVHojsk5
sxcVG2X2mZF95g4bZdNn+kDWR/qsNlcSDOXlUmwuZAcCkOvCg7yOC/87l/vs4Iyd6wev1B/n6ZU/
RdgSNI4IHa9eiXAhbsqIbdQiTxK5TfGIZiPUsVqzZg2GNJPgsKAhmNAOrMNmKvdqku//sj8sX8hR
zDlCjphjyZH4UQvQZBnVO5Bz3JwmTd+Rr7P61C34rqahj9kc9jlJp0alMBTkkgM+i5jk47x+n2gR
M0SLP8DH0la2gYyJbfVscDnWj6nO8IuWgNfkdrg4BzE5XeOTvU5iy8mQb1zou9aLpiD32x1R55F7
b1xA07yo9qEUo5KzfoanRv1YEjxO0JFKlWcMSQafMZgmpIlpljQpzZrmS/OnBdKCaaECoUAssBRI
BdYCX4G/IFAQLAgVC8VisaVYKrYW+4r9xYHiYHGoUqgUKy2VUqW10lfprwxUBitDnUKn2GnplDqt
nb5Of2egM9gZOiOcEc9YzkhnrGd8Z/xnAmeCZ0KFOZnzM/dndmXypaQ0356bRHPDE/MmpGbTcTRv
QnIgzLvtoXE0FDS4YmJ9NIm6YvhAMLmtwfuvPS+2P3r0ow+O0zFU2EQTWhu8F97ctXvVP330z93q
ZfXqTvWjWXT54YN1j923MjN/0qVTv//PsWPVk3u3P1ReumxC/oQPz//x0zAZxqbjqPMEkkx2KbNE
wQwWkw94MPp4HjJMPEkEPrFO3B1y1rlq7RJfZzMY/TyDeBOJBb8Y8oLVYmDx6Jj+5PgYOS3REnIE
U0awQu6Vz52zO9yTUeqOyXZsmkn3h8NoNmq/Y7LWRg0b92Hl2FA5J0SjzcaVItduJ5ozjKOZ1K7b
tQ5/vCvGkBIVVyblC0vWZf12j+rqn7Fs8W3nBgnaXBHlacLbgy2btu7evXUT97605KdqWYT+auu9
g7+LaLZ49dy+NwOt27a1oO0P3UA5LEQ5WMlmZbJVirqpmCSI6Lkimib/jVNniGDRPddIamHUa802
YrCNeu2Nqei19lHWRhzWNOywyKPJrBmgB0QqmgSzQXRKTqssh6SQ1S8r8nxZRJOgrhDFprmSGTvD
wvrBd/sH393G/XIHfZ62oN4iNzvYkkhkIAS/04CJksXoV1+iX3lIoRJPnnNvAGm7fYPFvB6qE6wO
i4fEpBikBFTPtXf06BX1E7UvR5FyEqsS13Dr49d7Xk400FJq4IeDzKgZcnbZgSLPZ19OUX+tqurT
6t30LbruKeo/0DDm10d+e+3ahy+cyaSdf/6IHqAP0nJ6QLld3fHLbrVHfQPbuYOHyTDOQBnKWiST
lZgoyiDICIgyIcQYLmiRb/SGB3rDozFQsdmkHEmR5ktlUrXUKBlvxZhcVxRhzkXxxavJgdPkYNiP
chAxomQrDrLBYtjgWG+pjoMUlznFJmnRbFgACByIX1XxDfE98VfiEb9S9EgbZdcdFYF+hPU9p0/3
nO3uPqs2qUX0NbqWRuhRddESegedTefQO9Ru9S31lNodoftoBbaX1JUYd1vUlUTn+z60MRX5dpIN
SpbNZzQaDD5ZtmXIRmoxQZ3Aau20zkrMaUZHmiziUUJxyA4uGDMMub3oTr1RB/pScyIt5N3iPGhV
RiMlpUqi4prvWmWodjUZGl0vu4xGY6wx1ZhvzJdXyYbSUeHREZTW/Oq+nh76Hjx1lhN61JsDq89q
0vz6D3A4gibG5w/cEYnyMBNjRDs/nXhJRBnriTFKbgrtzH1AaEtwWIG2s0Mysd/jTJxlsOU5ZWkm
T/I8Bpm7PSmKCDdu4aHfjRAwAtk5J4nPR3wU0PBmdwlFGLqTiIIvTCJJQ+f00H0y27fd1+WDUd1P
Q7iMdQ1jwoRUDSZxMHP3bvqV0lH/xlutg09tnPGTypVPRiAv0rK06L13B69HIlxe08MvvaqGonZS
hP7CIz+anWQpTtJsMTQ72jQ7meaaYp5mC2uGckM3lAHNUE7K8Up8WTxoVjLRLqdGsflWK+GOVt9/
X03NkiU16p/V87SQxlMPnaaeLzpHkZ2e86r69zUIZQZqpOnqb9Sv1Jvq9VHZmmYhLTnkCaXQ73FK
vCGTgGwc057ulQ+Mg7aUQFyMyIzt6YdCsWYS7xRmWdxz4015FtngmhsvO4OzMvxyWnJe6u3jdRea
iglS77DZoJg1qUfFjsajCd49GYOjIpFwdlgJl4Wrw9vDmuP/sFy/NxhVAf/BPUdr33qzdbCp4bZF
D6xqGNzfMG3hUuyf0VQxbf+jT7ZDpGLZlaua+OmXl1bteHrwL7eeaeopXbxC00c26mOmIYbEkAC5
S0kOuJg9LqnDFNdhpe3QSNqt1aY2R8I0caqTy3PZeZlMCmqWpZuWhhe9WkaqWZVuVMcLQ4iy+XpG
p5Gq6ScUTB2D9NOY2Gj00Di61EpvZrVWf0yZ+vXH1a1ZqoHeXFqxuqRkdcXSCAutHdy6aIF6Xf0a
27UFi5oitPz0wa5PPjl28LSmN0ye+DmotzjyEyWFxNpNZidltnY7OxDbJpnb7YdEYYKJyyXynQ6T
bMmz3h6P2kFvGM2hdD+QL2jx0aEpxOfJ9hR65nmWeho8mkJGkoDvCX5OjWH+nMefPj84c3c7x094
9QlfCZ+r/uoni955U12iy/VMVaV52M7500ijkSSSB5WgAYggk3aT/LLUHGM6CM2etphqr2wn00yT
zYZCd9irSVWLElHLxxDRK2O81ukLliU1JL2cdCWJ7yE9hh5jj6nH3CNcIVcMV4xXTFfMVwQLggzV
ReulLODSRZ2fa+BDI34CeXMfuH8e98FgyhOba5+NOZg5RP6k9qnvY+IjURP1cMX/cuTgrxw/M/36
rXWPv9mJUdCK02nq2yM+uwptxII2MkdJocTuFfgOj9ARk9Tub5TaY6o9bTZfnhezfmueNNU4zR3W
jORG78DUqb3fN5KThaGG0LGQhjzD5qDTyzRhW1HuGskobLcmd6gqe/jRkvtWP1xGl+9WjVl7qv+o
DlL4Y/WeLDQh+oeHTx889sknXQePRpoWLcAqjKGfZyxYRAfWRnMtdhXxXybx5B4laK+zxGnBz4rB
z2JwxTlskivbbMuwSyGzHgc9mhNfQC+OgqRdrwr7tdTpvyMQzU+oTmhMgFE0D2NGxIe0ygVG0iIt
MC78iqaq7/9V7f/ii+onX9y7qVoD9s8uXf531RbhPn5tx3OvjuIg0XE9DeuZ8UmpxCfHWlkq9bVb
Uw+YYl92NscltNF2U7UV/NYQH5vr5vKSbOiAIdkthtP1HFzzwyitSOjF3n71omY1+ozdoed/OcpY
X0ZBTKGrMLbQXRhXGD/ZMy+jIUPIdGXHZrsbLA1Sg7XB1uBr8DcEGoKiZkb2ET2k5k2YOGVYRcZQ
HnqAn6d5o/riV7WqhplHH33l2NeDp9c1VtTG1Sx9p4Z6qVlte2pFxb3zFq7ktg32RZqK5h975Y3j
hRvX/3TFJ8HgtcHfX3/kwQdXPhLF4GL0kyyUQzq1K3diHmizLAj4zQJnEhf4A/6RuuQ1FvuahzWT
o2M8za6jjja9NgmYLF7OnetCTzfNcyV75xFbOFqbXBipTezDxckAVit/6tdh+QfLE0USzaIgilgK
SaLVgCG9sSHz5cyeTEg3pwvp4ljLWCndOjE0I1RiLhFKxBJLiVRiLfGV+EsCJcGSUIW5QqgQKywV
UoW1wlfhrwhUBCtCm82bhc3iZstmabN1s39zYHNwc2iPeY+wR9xj2SPtse7x7wnsCe4JHTEfEY6I
RyxHpCPWI/4jgSPBI6GppfT7FcrEqFt8r0JJLauxtmx8pPbuh3f+YtfnNx+4vrHG3Nz4SJWyaMfV
/eqQ+sWK3/to+s/qZ89UZnpS0vc8+doRX0C9sfrRGXdMnOZKydu35cSrSXqdTbLVxWwm6sNCQqRG
yRzxdandFkRnR5dvsx3yv+CpTvZNIOjoUwNW3e+lScmjYUEDWblX/1Shhb0Rtx9JM5L1NCOZJA+n
GYpZTilMaUg5lsJjAn5LlEgZwd2RKBKFYy59JFKobd8JIx2Dy1u5WQ8PxwodE76JIuqsyHBONX7o
YzjMajADeUDxugXZRNp5TkfmagN3KE422qmZyUAmYS4ytS/8zrULGiojPA/0yhdGP3yIRRpD2jeP
OJ2jOBI3kjjNi1+K2S2UOkPaNw57wBWwD0Ny1K/+ae9eupyOUd8fW6BM414wv3Tug33weoTeo56M
DK7ZMn3xffs3Nr+l6wNzFO43iL0icZEpShx0mh3tMYdkS7uVzDZImIk4bXn222OjGfw1PSSHB/o+
xPpC9Lmz3WXu7e4uN6OlTt14sIbD99PRsPbL6gXzqqrmLaimm1oHq7TsgRUtqKrCyUe/XqPHs+E8
SafBTMYrDkO7qZEn7RzNI7IR8tjtQvTdw2/W3itmi2XidrFLZNpntJF3cYXDr4hEtBA//P3jecRn
F5mnpEu7xJ3f/i5262exDIcQMuggHfsNSN/oDw8DdL+KVqf25pywuX3uH/kmptctLLd5sJWub25W
n/r029/DdkXrOS1ub0L795Cw4ibuZpDszRZzm1bN5WrV3DRD+NZqbuDCwAVZvZBz3JaIiQ8GzeGI
+y0/1TTPb0r99B/VXvUynUAdVX9cUy1veGxX/brNlRutdM7JN2gqFbWAm5Ghvt+06fJ/fnGlca1O
T6GW/6PsvWRtNP+nmPtjBdAYTf+Ftm+n/3r2z9+p5/9ayvOd/H/gmyD8f5z+238s/W/jyHfSfy2D
q/+h/J8OfYC52/v8GKz765UCwcyZfi5ZJePPDUYrdnNMRiSBZxwY5lBKMozEYmIal3CIWCWzyWjg
KTHbRO6bwn/g24W/hunfrfzTmFb5S2P5TDabn83u5+9nhtLAN2U+dpS+rTat4ZZvxGzIsoVuX682
oT9GBsu4/VjsL9TitTqZrUK78JGx5HFl3Fi/nBiy0fQOJ2n3mizNRj7UEd/mPcQfdlZnmXONSXn+
RJtMpqZOM8aGs7SgdCMarEeh8aJ6QcNGPc1AfSiJJiFOSBMKx/HERMw8opJsjhH8Jr85WTDrcVlH
+jF50ZhwG701VUIe6C2pVB5/VT2v/q7it7U1ti0bO5puTZvoV6pxJKeC1wfKPvqPQEB9uPylS5Fb
E6imiLp3OLU6Hc1XMC5o/MdiXFikZITcRqfH3yGQ9hiGhYKnQ26LOQQvCNXJ/AS30yC7uDwy1TtN
CifriWA4mgn+QFQ4UYXQz42kHbn2v83V7sEVHT/OzNcBLHJO/Q020Li0emcL2l88eVgJxcpMtDgP
mNwanB4yVSMncbNieRmJnynl2WRxkkf7EqAlstE8Fq0tPFrrkAQ67D1aMNACgUd3IQ/xDLvQie0J
XQnct1Iq3ZOi7OApf2O3aijUnYfevKO4csVGfszAwmjtzGVGBp+/WNl2lH6gxy2NeiDa3xwL4bm5
2CdhZgvoSQ1kiC6iy+hauoHu5C5yH/pT/Tn+Av/RQHBoSPvPQvbThbQM1+uH1524Pnl0/cc3DQ8+
pHvpPtqGbf9wu4jtMtX+EBn/5t3/OxtPtL9TFC0sUR+L+pHhLiGfLuxNxIBcEow+P7TFEjtiYwxx
6nwmofC1LQElYyU2jMkB4sA4H0+C6Ln/f/uxjSMcXa8d9arpSyqTCjL8XQ9XltDlOGrC43ZSRtdT
DKBkLllCbiNPkb/g/Eb9fh/diO2o/ryzOHM2eobzR/EphBSRGrKRtOrvuMQv4cv59Xw5pkFb6Bac
+Z22hpVAFp+O127EfT2uLdfOaSG2dFJOsEog7TjzJa5HyF4qsHfxyf9AU8gqfM9c3DvQ7U1Iy3Vq
5cqpBa+t1QwMLQT5w0yjgqwhEbzvut4+x/FKEmHXDTHcl8jXLFwz8GXkE3x6DamhAs2FXO6veO9c
nGnWuKKdhIMKNNsybGP0Np0sx+ccxCsiZB+3nMvlx2hX6bTfRj4gJ3W6y8kOHC8knfqRwAB5D/Jo
OdKvySaenSeLjffQgMFKs40NKCti8JKNXDnxwXRSS9DATxq0r96UYOTp4lLuXtmlLCj2Xy4JZI39
ztAvG/1dZH6XFPGfGhqaX8wnsJIultgFKaYuPiX0bz+2+G9ZY2fPL/Z3XZ0xffipM8qm49yiYjzV
RjiN8zOmZxEdhbgHTj2WFTNjqW3qfxCfSVf2e+/P/V8j/VfzBz62Xjen47XaItUvwKNxk+olxJaL
69XW68Pz32wh/l1SbviclBniSRm7QdyGvKHP2X48v0SauLdRLgdxLW/ohuEBshjO4vlfUXLzyX3s
KpnJFpMi08+wbyXZfD6ZwtykCM+LMHMsY9mkiN9IirU1OE7Gg0Bmajt7nZTxf8DrrpJC/uDQB9r1
+n6VZA/TNB33f0biq5HpONz7UH/FaAMfRXf2P5CqLuQMtWY8hYA1B8FKxh3XBCxzRbzPkow7Iqa0
ixArrlvxHtvnhNgbCXGsJMSJ1ztxzYnPjsE5F45deH9sKyFu3OPKtP/vurRCnJlkksMoVU77y6ph
MJ9JN+GYP8U1Kr1XVPj1bHhXhXcEeNsKl8NwqRsudsM/3IQLLfD3KpxX4VzPXexcPfTcBWdz4Ew9
/FKEbhVOq/DfVDhlg5MCvOmCE6nwhgBvKPzxv/Owv/NA1zEP60qCYx54/WWJvZ4Pr2H3WgCO5sOr
InQesbPOMByxw5FG/vA4OLQ3iR1S4eAvHOygF37hgI5XMllHN7zyuJe9kgnt2LV3w4H9HnZAhf0e
eFmCtpe6WZsKL+0rZS91w0uN/L4XU9i+Utin8C/i015Mgb177GxvEuw9NXROGeL32KHVAq0Kv9sL
LSK80AK7JHg+HnbuWMl2qrADX7FjJTy3XWTPxcB2EbYr/LPbJPZsDGyTYOsWgW0NwxYBNnuh+Zl6
1qzCM3jHM/XwtAhPJcHPcfDzMGx60sk2qfBkjY096YTGBok1qtAgQYPCb8ArNqhQ/4SP1avwhA/W
r+tm61VYFyll67phXSMfWZvCIqUQUfi1KfCzfKjDO+oqYQ12a27C416oVeExfPJjKtTYoKaRr64a
x6pVqBoHj6qwWoVHZKicDRUCrFLhIQEeUvjyADxYDytVULatqITl3bCsHspUeCAWSkUbK1XhfjuU
FHtZSRYUe+GnYVgsQtEiDytqgUUeWOiBBfNj2YIUmG+V2fxYmIfdPDfMvTeRza2He++W2L2JcK/C
z7ElsjnjYTYuzw7DPTh/Tz3cLcGsuwQ2qx7uEmDmDInNDMOM6RY2Q4IZUZVMt8Cdd8SxO1vgjji4
XbGy2+tBmWhmihWURr7wtnRW2A3TsJtWCrfhK25Lh6lT4thUB0wpcLApcVAwWWAFDpgswKR8G5tU
D/l4d74N8hv5iWaYqPB5E+JYXgtMyDSzCXGQa/ay3BYIp0ssrMJ4K+RYRJaTBNnJ6Sw7H8YFBDYu
CbLG2llWC4zFe8baYazCZ5ohI9XEMryQLkG6wqeNsbO0FhiDc2PsMEbhU02Qgo9I6YZkZ4Alp0MI
u5AKQXxgsAUCfhMLCBBo5P0m8Cu8D1d9GaCcSLJnsaQC8AYgsR4SXOAJQ3wY4nA5TgV3bDpzV0Is
jmLTwcUE5kqCmDhwopCdAXDgvY56sCNL9iyQUTqyCjZcsyWCVQZrIy8hc9JNsIhgUXjRBgJeKnSD
2Qsmo5OZusHoBAM+1hADTACm8Dw4GO8GvpEHamPgAFB4Ds84FcdAsZDHIvIUXfnUNpr5/+ZG/m8T
8M3mJf8F65aD+QplbmRzdHJlYW0KZW5kb2JqCjE5IDAgb2JqCiAgIDY1NzUKZW5kb2JqCjIwIDAg
b2JqCjw8IC9MZW5ndGggMjEgMCBSCiAgIC9GaWx0ZXIgL0ZsYXRlRGVjb2RlCj4+CnN0cmVhbQp4
nF2Sy27DIBBF93wFy3QR+RF7aCQrUpVusuhDdfsBDoxTSw22iLPw35fhRqnUhc1huAN3YLL94fng
h1ln72G0Lc+6H7wLfBmvwbI+8mnwqii1G+x8m6W/PXeTymJyu1xmPh98P6qm0dlHXLzMYdGrJzce
+UFprbO34DgM/qRXX/sWofY6TT98Zj/rXO122nEft3vpptfuzDpLyeuDi+vDvKxj2p/ic5lYl2le
wJIdHV+mznLo/IlVk+c73fT9TrF3/9Y2FVKOvf3ugmqqKkrzPA6Ra3AduUa8TvEC8ULYgq1oNtBs
Ipd54jjEeIl4KUxgklzoK9FXW/BWuAf3wgzmyASmxNCQaMiBnTDOIjnLgI0woRaSWgi1kNRSw2ct
Pgl1kdRl4M2INwONEY1BrpFcgmcSz4R7ILmHCjVWUiNhH5J96BH8KPtAY5LGIG4kDg8meYDnOMjD
3V5InlB67d4b9hpCbIvUkKkfpBMGz/eencZJstL3CxEWviQKZW5kc3RyZWFtCmVuZG9iagoyMSAw
IG9iagogICAzNzgKZW5kb2JqCjIyIDAgb2JqCjw8IC9UeXBlIC9Gb250RGVzY3JpcHRvcgogICAv
Rm9udE5hbWUgL1dESkNQWitEZWphVnVTZXJpZi1Cb2xkCiAgIC9Gb250RmFtaWx5IChEZWphVnUg
U2VyaWYpCiAgIC9GbGFncyAzMgogICAvRm9udEJCb3ggWyAtODM1IC0zODkgMTg1NCAxMTQ1IF0K
ICAgL0l0YWxpY0FuZ2xlIDAKICAgL0FzY2VudCA5MzgKICAgL0Rlc2NlbnQgLTIzNQogICAvQ2Fw
SGVpZ2h0IDExNDUKICAgL1N0ZW1WIDgwCiAgIC9TdGVtSCA4MAogICAvRm9udEZpbGUyIDE4IDAg
Ugo+PgplbmRvYmoKOCAwIG9iago8PCAvVHlwZSAvRm9udAogICAvU3VidHlwZSAvVHJ1ZVR5cGUK
ICAgL0Jhc2VGb250IC9XREpDUForRGVqYVZ1U2VyaWYtQm9sZAogICAvRmlyc3RDaGFyIDMyCiAg
IC9MYXN0Q2hhciAxMTgKICAgL0ZvbnREZXNjcmlwdG9yIDIyIDAgUgogICAvRW5jb2RpbmcgL1dp
bkFuc2lFbmNvZGluZwogICAvV2lkdGhzIFsgMzQ4IDAgMCAwIDAgMCAwIDAgMCAwIDAgMCAwIDAg
MCAwIDAgMCAwIDAgMCAwIDAgMCAwIDAgMCAwIDAgMCAwIDAgMCA3NzUgMCA3OTUgODY3IDc2MiA3
MDkgMCAwIDQ2NyAwIDAgNzAzIDAgOTE0IDg3MSA3NTEgMCA4MzEgNzIyIDc0NCAwIDc3NSAwIDAg
MCAwIDAgMCAwIDAgMCAwIDY0NyA2OTkgNjA4IDY5OSA2MzYgMCA2OTkgNzI3IDM3OSAwIDAgMzc5
IDEwNTggNzI3IDY2NiA2OTkgNjk5IDUyNiA1NjIgNDYxIDcyNyA1ODEgXQogICAgL1RvVW5pY29k
ZSAyMCAwIFIKPj4KZW5kb2JqCjIzIDAgb2JqCjw8IC9MZW5ndGggMjQgMCBSCiAgIC9GaWx0ZXIg
L0ZsYXRlRGVjb2RlCiAgIC9MZW5ndGgxIDEwNTQ0Cj4+CnN0cmVhbQp4nO16a3gUVbb23rWrqrv6
VlV9Tyed7k6n0wnpXOgQIBKwgIDIJSIwDEQjAZNAOkBAQCAQgxfugXAzBI0QkYMOKgREJgJCxIii
MplREFFnvIAX5sQMcybDICbFWVWdAH5z5jzn+f5834/Tm+qu2ntX1Vprr/Wud+2AMEJIh1YggrwP
z5k+74vkXRqE3A0IUQUPP7rQW5v1cidCnusI4W2l82bO+X7FX1sR8tXAXetnzl5aKv51dzacv4JQ
3NVZJdOLxafvOYRQghP6+s+CDrNX/xFcj4frxFlzFi55YyGfBdcL4bphdsXD0xGVsAQhvwDXjXOm
L5lHr2Rg3N8E1955j5TMW7SUvQbXv0eIeQhRqFSuo0uZPSCtBrkkA/0uYt/FWqaQolFG67n2vkg4
136uPdMi+sSAT/SV0qhrAYnt+lau05iu/8cjbArCaBDoNoG1Ig5Jkpmt1M6nUSWFQyioISEmUyd0
Xg53Xe6LMtrDXe2Zh2r1GBfiMU22SVPeRLqbLfAAHTRpoDhg4NRAls2XnSX6s314z/7uKwcP4rJI
JMJIEaTIevMSvZ7Og8nJ6DEpI9anj0GCAVfGbNXWWnwb/Rvia5NqLEWGShMVwyBfWoIx5OJRUM+4
Eux9UoTOVtAkHL4sdIjmnByQp+Oy3HHtO6HjWoeYkyPmmHMypUShT0WfJcktfejK5BbcQrWQVrqV
aWVbba32VkeLsyWmxWUsBPmz/QmszWrPCve3iIrMJuxPSMru1z/Ll90vCcY0/uwhOCtsJxk/rl21
ZuGCDc175D2DG8sP/r7jIqa2rpz7hDCt6PXJf/we53/9aGXFExvx8e6PIgtGjzze+G9H7l26snjG
hZSUz2HRwDwLbl4ih0DvFHRRGupPoBJ9Qwz6eA/l9g7RG/Tj9Aavj7bj51EjUxu0P29rdNWaa4JF
fbx6g8+tdaTZ3EN4bdA2MpFK49GIPqodLrcLHVE7KJYQLne1d7arhnDkZI6ZOEUjmH6EU436PTXh
kDcV1kyaEvQEvUFfMCHoL9AV6AsMBcYCT4G3wFeQMMW/yrPKu8q3KmGVv85T563z1SXU+fd69nr3
+vYm7PW7pdTq1APWA7YD9gOOA84DMSetJ20n7ScdJ50nY0yFqHBAdlY82Ks/WC8Dp2PFkmG7w+ZP
x1FDe3A8tllZMPKCCL1h3fInpu1YuXbZJ29OOvpwhF6zaOHigtVbtq/8/oOZrYOuL360cOrIyX3T
Qk+Vbtkb6vPDzIUTJgy/v09axoaK7a+GojYdBDYNMvORA82S3A4dEoy1VlqLKlmqwVrk1AgiDnFM
kKAMp9CZ2x6+fO7DqJ3gvFWQW8FhMsGHjYoPO5EED3Qi580W1YclG6NhtDaNTZukSdJmxFTH1Mbs
itEVWvzg2Vmiz+YTVccZkBV1mj/u3v0GLpD39hs5ahi1Xrtx866nyPFyPFo+Ut5duHrsr6ZtXrXh
N4rMNxAincxV8P8lUhxdzLAMKWaZcYSlMcOWafECxGlEGlF64Vxra1erGnGdIKoYXVP6R41A/zg1
AeTWKXLrVbn1SN8rN+dFXpzBZehoJT716hw1PvXKXHWOL9snMtkBRQvsx7T8MZ69DtMR+rO3n2y/
URlRbEuhQfJkuhn81YD86FdSCCPRTYz0Npexkk+Ir/TqtllrXEXeJ/iGRE8IaVyObJ8p5BZQ0JiZ
KHQqERoGZwTAENrbwTGFjrDqqw4w+eHqQFOAgvCLhl401IKAFjYl2Mw2KwUGDaoBmYX3bK3ZsHnz
hpqtzYAi/V9c1nr9euuyF/srsEKNKms5880Xf/zq/dfL9xZPk9+/cUM+M61Yji0v78GZySC/FcWi
fCme0toqkXYHU2tw1qJnzTWGojgtZ3OhWOzi+8QpEgNEfhiNonZBBnxRkMTsdUvuajdpQ224jWqz
tcUyCm74bHesPcruh7LCSKM6uYae3PX97p1Ln/VsC/341hX5W2z/5q+YOsduXlO9RaCQ9sLn1VUH
mnCW3IX7yRcOHn3zxBtRXx4NfvExyOtET0sJWs7CYMRXioix1xi5SrFBr9NSaUgImbVBQ8iUGQN4
rDh0u6B4SEdHWD59Ggx8WvUTaaCABCxQAhFogRFsgl1wCM4Ml4QkLFESkWiJybNJdskhOW3wakqZ
7MVeii28DeoxqtPEQIs6DRZ7wli8he62KDh+HGHyx6zZfL777N4mPKv/vsq0h+kU+dp9+cebZFck
QiaVvVlRburF/gjoqIeITZUsqNbA1ipL4SQuWx4HCwFxChgWXQWhI/OwN6YiBjwl0OslYHdHr8Ft
VkTN2rZ9+7Zt2+u3/iB/h2OuXMEx8vcj/3z58pUrly//+WGwsozD8u9kWT7ba2O6A97vRvOkdI3R
6qIJdqzUkUqmIdZsIrhSVyMgcbAlLsTyIUvQeBcdcrFBFKIy46P27my/LFxWvDojt6PDEe5S4RfQ
9kiGp9rT5CG3zRevmi8eWtR8WXearNeGUZ3gYpJiuawXZjft3SPTu4qWrljVGCETyt+cPff9T7pP
RyIUenvzsdfAmlFfWQ965AOGxKFxks9gRbwRLaSKXSVMmXGxaDUaHEiHHazWpBOwWe+GXKGkf0FJ
kGrGvNYhdwgq+kn6kbqR+pGGkdaRNgaE94uKfLTNilkNViT0ZeMhOGp7zM4rvzjrCjbJv3Ma5NVU
xaKuwfiduhXPrattoOdjXU7uN6c+l9scMNYs75mDW+t+Xrd930Zl3VfDuteCvMq6+2HdSwxsiblM
WXdYUY7l9bfXXclgmYGwWRQABShRMMN6i4Ky3vBNrd9RX79DOf4m/wWLf+vEgnx1JB6PJ+JJeLzc
JL8ivyo3PYzr8VxcgevlWfJmeYs8S7VZAb5AFVALgCMJr1OIxogW1Hg/92GmBdC8gEIyohY0qHP3
g7xLmfPIg16VAoR1L3GVsMJCvsRawhrwYjTDUOR1i5QuHjlYLl7U8ZQX5Acjtyo27tHitGJk+bJZ
TTHcJAWKHxjTxE96AJzDqzoHAHVvbI1pMsMMS3RQRXSvMimK6Ek84Wme4Vlew2v5GN7Fx/JxvJuP
N/CIxx7kwRkoA7OQfzFkJWUBldjwqRjam45VMiPSbPekfusn/wd2yt/eRDM/nT+fe2Hrzn2/2VWw
Nnsyc36PPCkxUe784Uf5H+EsnLCx7vdvn2qThlMdyhreDT7XBGtIIRHtkgJUMafjcLFOx43DOgNa
YNIIzAJdGaG0NItEI+H1WsosdJ7LhSSW26pYJQPy7jnIvD2JTFAyGQOZ7FAGB7zkiJfzGr0mEk1a
Y5oMirWMt01mVk1mhhY1meTUYxceiO/FNEvZqWRdf2qg7h5qlE6j2EHker03mqqzqA9kihzpnnK1
eyG18TR2y5eu4hvE1fWdzEZwYA7p7NKVy58rep6/eQl/SZaqvuqReDKds03nuSKnmYVU6BQUDZQV
VuIpc4BKcKKMRrzj/Py4gQPHjc3JGTtuYM7YsTkDx80amJ8PXeOo1p7+aI59HPxsA9g0BgVQoZSI
XN4SYpltXuoo4YmrhCvji5KsOjNi/YzB5mbNdlafpOBQJ2SojqibgcfJCghBKMd6sIfyEA/tYTzx
Ho/H6/F5EoZahlqH2oDs3pGpIJAU54hyNTPupcDgJeTE8P1z/iTfxI4r3ZiXT8hf3Lf/gXnGJ+ac
OiGf2Lh9+8aN2+up58aMxoYfLmFRXi3vlpfIE+Ljr5fMxgE6oe3Uqd+fefPdT1Td1oJudWrMB9DD
UoIBsSU8KrF5Zscv9ZfEltmKkry6eDthzTYDyzFORbP29tsooOD/J6peAc7AGUUlkbGCRtRaDBaj
YBJ4QRDFFEOKMd+T7833mX+RI0hvEPhV8PDdIqEUtXNDff2G2rr6N/Jemf0lJvKVK93yVTwMB0DT
+YYn5p46MRLUaHsP1KCujhkN0XAJoGYpfgivwfvj46+VROTPVIwounmJnQEYEYPmSgEDG2NB3Eq7
aKQJquCpGfYiF0lkTIkGXkg040RGRD4XKHj53OUuNX+AirntjnAUk4ESeWKLYik1e9wGApcKBC7k
6gGCw5tiG2MpAGlII35RUNYspvcC+bxIxJ6T1KiTx7799thJfP2EfEM+De3vTKS8vKtL/uabb3A8
oeH8B/llyJZxeKK6TpATqSLmEqyTDd0rOQhnrrQ2CFB+IcIaQ4aghQ+JmfZo+aeUkmoBCKB5qNZx
RwloV8PTDi0anpY7osFyizC8OzwjffiwjIzh/76/+89NkPKY+el5eekZw4b9nBxREl4PR7gEdSgg
GLpPSrLTgo2gmG1GzzaNWGmZjyo1RcYayhyyCSQI5Wl2nEvXJ0FJHwAvuWqBell1nh6yKXFQRvur
/U1+GnhEb5FHZfczK6WJIhS55TZgUDqrSa5XaOZP199RaCYubd5as3Hz5o01WyMRIJl4wI0buP+0
Yiol8vMHZSff/+qPX3xzRrHjzU6oxT8Hf6AAol6V7kcKs6eKMcWyjFmkBOD4vNoFWUyj1WBBqzHB
oTdQRkGr1YyjWFMF1MFaQlewM3REFHiTUa/VwA0YGS0csUCiAoUU5nEZHOdcu7kHRpkfHWEN86Py
T9CqkKpRu3ouAF+TzUrdZ1eSBW/ieTqZSWaTjcmmkJhqVrOGj8PAtKEp60R8JMuGn6ES5Y7uUU9S
1pco29bur/dWdddU7aHc1Omf3RGm/MbTkQgeJTdHbtW2zB6IdTcaKMW65iIiVPPF1rmGMlIUL/J8
kjuIHCYuACQKeMgdEX4aKJ7gqfAons/SCutPorKVeKUdUbapEACFaDN7hslnOrbcmD5vDt6C763E
1l3zA1+e+cu1a3958dNMvP4PF4qnz8Puw/hB/LI0VH7p+CEgAr+Vm+VXd+3s5X3gU25UIYVcVo2x
h/XN/79nfWrY/o9pn/g/oX3TKhXax0iR7sl38L7ao4du8b4BEBuf00HAnEVSgkNkDUYrtZJzQkmG
GrgiGoUcUO2G8F2mkBA0ZKiAo4TF5WjybQe4CUcF760M/wliqmObFIjp0calauNSpkV5iu+ObRJV
r2jmEP3UeTxlv/xM1u7ygy/uxdNUVehg1/DI8UjFmQtUTnn306c2HX8NX1L1UGLcDTzchbIlF9rh
qCXG7YanxVquhhTFmtIMLmR1sX1iFXf58FxPOdClVGWZhyriFNSJZjOFFtod4q3tBcVTaHfwT01K
NeD6oeS9knLbhiefrt9et3ijC9+97xAUBOgm7puRKV+tWfH9d9/9sLwquo8A/vE9+EcMrpamOHZx
Wvsum53T8rsEXstpTbs4TmuxUmbbEEHg+SEm3m63jbPzWkJBaaanK9n5TqtAqEp9gxlhhnA2C2/Q
saJdYxYRrIkmyIRIJqyGshRCS4s5B0oG0azGcjvEslod39qziYatsm8j9IQ0/FMq/kN8rBLHn2m0
HM/ZtQ671sW77EnaFD7FPpDPsec4RvGTtb/mZ2pn8jPtsxyLtWvsdfwRrZPmNDqNnjEwRtaETCyv
teitGruZs+gseiWbmk2CycbHWp02hz2ZS9Yl65NMKXya0EfsY061hmwp9ozY/ob+xv6mHCHbkmO7
O3Ykl2fIM+aZRlimclN0U/S/5ieLk82TLbO4UkOpcaaphJ8pTBenm2dYSqyl9qLYJdwS3RJ9pbBE
XGJ+1FJpW29Zb11rW2uvja3j64Q3uKO6o/pm+yTAohTcEzDRxMZFMQlrgMGN7u7aexCX4ZYd+Osj
civetqO7s14+tXmvEjJdevxcebn8RfdHAEyvr5Y/UjF5kJyDD6m5LR6VSQnxgsNAOIc9ttbCQYJr
sDzncabZIc/Z+/NByHWZHmWNVGqn7Ft0Kezqk9PC75QdNoh1b5F3nveOWPeo0QH8uyc6Di9wLHBS
qPAXuU8NEuUs2Ls3dlZJgkMzM4anQXZ5++VRTw6ZpvnVhAd+fSsXypXlP8/fc8zn+7yoYNnjPXWr
5iGIl0z0G2mo12Ux0mwqIhq3sJIEK1MaAj6nVc9oKtNJjd/OoRiLbrAhIeTVQvZm73YMjgnaQpa7
k0N9vMHEUFJm3x5QA017gK3HF3M7woBuCp1UvNGhVId3h6eFK8Kbwk1h5rbefVW9+0LroeKWDF2G
PsOR4WzTtenbHG3OljBXiP9ryPuni1tFMR3I/re5L+7ZK1ONRRXLHm+UtT2/lIqSO4uX7yVTFi1u
+4MKjIEX1qnAGKFCu1ZHz5SNhsi8ZVDhre3h1QqHz0BDpIREJymxcSXxfEmfsviizESnwcwEDUwa
YmNtLBv06TOVDdXO3iq5txD9pEPByjvoAbnjXKPsZULSSszu139A72YnrDo5umvTpl3KkbJu+bL1
65ctXzd73wn52vV/yH8/8fL2569fvHj9eVzfePBg4/MHD5JH19TXr1lbX3/GcXbXR5cufbTrrCP2
wJrDbW2H1xxQ1r4BdKkGXfpArZ/KuUs8loXmEkeJh09ZiEqSSggUCaneeM7tT9EhP8u6WINVh8xU
anSnvLfsz7kj5yornJNpia6PlY3q8ctyMRXC8Hbd+O6iCw99fm1fQ/MH8vfy9UVfzp2n279zx8Ej
TdPCBw5sWr36aeM8pi6U/uZLq1/3ui68/Icvlepx07aDzzS9Xrp5y5PrVzym7AHIDZoKZjcknHFo
jjRo2NAxI4L5iQY0ZkRyIjGOqOTGVPKVElmeWJnKLXdWpg7IDyabTaNi2aEGFGuKM7sHs3HxsYP7
UvmgmZIMujvC4d6/Agjnol2Qn4WOVuhTunt+MgO3tvUhW4DHqRsawaRERTeWslnNDjutpA6HQkES
FQrSzzygf2IWsBAwjYCYXzBExjRoa+GBzz47ULh1UMO+43nDI3LbawVNk9//qnjaHJz66uNfFWXP
ljte+K38WtXjK1etqMZTT32Cpy8emy8fhbRUu2Dp6jWVj2y8PmH8jTNnfho/YWNXV+DG8YrTk1Zu
SAoWyqv/8aL8/czFVWPHjiwsXLmsGt/zZjMeWf3Ymr0NM75bLnfKZwiuLat69sDOXQeeU/fU5Bz6
EmCDB4VQqZQVApZnEeK8JAVVulO2WbQ7NYZa2r8tpsZSRD/nbkjj0jTxIW8cH0TZSS7NAHuftGhJ
qf5N5fZ27Z++66HQYEGzSqPThfTq9KZ0oNH4l4g2GN9JqSGc74yYbDqr60pZy5Qi86qq3dtvM2s8
S67vZdbkeNcD3/6UlPTlrKLfttbeJtl7y+WaHordoubpt6A2/wB1QFwPPGxkETII57paoVy6f8ph
HYW0dG6ukJs7tS86DFV7kQHoQ3SMwUSviY79omR/a2zOgPz8ATlj1fJ8QP445R0XVR5Pwzt8Eo80
5BEOM1oaGSgdC6/LVXYzACzP5cJvJlY3F/yisqFO9lF9u9sau9uovgzd3bZbOdlN9VXlfgX4xZNQ
G2jRI5KbEGXLlWCMxoFgizUzMKEwQbQOsRSnRG2U5ne2i7cYfpTIq/tIgL+cir+c8pe627tHSr9K
5jhlPJqPHNhJqEIO+7FSI/roJ7ubn6bSuvMXkQtMxY3NTN9m/GB0rx8wprmn5rpHCvgYEWqu+G1a
5zYTriRQc5mKtDXmWJc+20KFbCIw0MyEW5v8/1RyHar2A1EZcIv39u7oA9zjO3b8be2/2NGXt+Oy
3r1+lQTPub2lvzeCF/Vs9Z+MMmHFhrD+iKby4TceCdBjQtXA7ibi6XgJfgxvoU5TX3iTvJneu7yv
+BJu3lT+dooa8QRcBONVPeMWGM+5Nf6vPwqn/wI/gxvwTmiNPe00tPfwe+r4f/VJhMOE/PBtRMr2
kRfk5JEFBSBazUi8Y6YPMhVCzv9WhujH+i/6CUpCsVB/a+E8ASoEG1Q7cbC28eDJOqSBXg7RiAHO
/b+ff/nBOrQAbNaMPoD2MZyNRRE0H61GjXD+LVqm9r9Fa5UGPRcZZe7HqBmnwDxKaTgDKRF1Ap6T
BWPfwvxSuG5EM9TxG+Ss2p4hZ6nFgALj4Wy8ekcjaiaDaJqcjR7qXR+gwego2qecM2dRHcybgC5A
GwZPH42Oo4v4SbQHn0dVaANaQCsKuLEOcCYCbQZzXm1X0YPqm5W+CHMeorwRRUDP4/D0PdF+nIIn
kCJSiqeAhhTeR0ZB70oUoYugBdWWp+oX1YGilsH7e/RFZ6kHqRQ6iPfBe5R3nIXn70ODQd5SkHQU
HJQiP7mCGokBJIxh3kKjNaNZA2Y1VWgSjC4jWfgZ1o2KUBWZBE/Ih74NKB9fgLeAux9hGRoQEoW8
QhMVuLe4Sbp/ive9qb600P9x6RU03iY0vsm41Nt88+b4KXQsM7WJiWsiAW0THfB//a8Gv04LjRk/
xdt0ZkRez1NHFOVB38QpcKpcQTf0j8hLi8Y59VCzb/7Q9ml87t+RR6v6zccX8//a+/vTp913CZ9q
v4JLZTCKDPCtmSO7ERLdP33aNU/49J8QI0iDxaj18PhaNIh+B5XSsWgBGYAGMQ50g/FA33FUSj5G
o+k/oFImiEZD/3o4VlOHUQH87ofjbuoQOg+/j8Oxlj2BiuBZo+HeUubdm52sBy1Q7wuiAfQyeP5F
NIhadnOQpk591lo4GkDg1cp8kOMt9jD4twO9ory7R8a8ngPyGd4Dkl4H2FFy2yTImYBLTCtC7Eug
aTIcV0H9RgAdwEAOPFxXjJB+LBzNANvbABAXAjTmwvEhQvxTCAkrwDZeOH5AyNyEkEVCyAZ4aAM7
OgQ4vgB4hHfGdCHkgjmx8KxYeH6cpPwfG9WaQYpDqageKZEpoB0K5tF6/De4ppupFdJX78rktIW8
05rIvFNM3pHo1kTytpGceivInCombwVJSyE5WUWO68kxPTn6hpU5GiZvWElzmPxWJkdk8rpMXpPJ
IZkcbLqHOXiDNN1DDshkfxV5VSavmMjL+wzMy1ayz0B+EyYvFZMX48meMHlhdzHzgkx2F5Pn60zM
8wHSuETHNAbIrjFkp0CeSycNa+KZBpk8+4zAPOsmzwhkR72J2REg9TCv3kTqJXo73LjdSravoOtM
pE6inw6QbU9lMttksnWLhdkaIFs2G5ktFrKlGUsSR2/epGM2G8nmZoyke+lNOrKpha6tqGJqj5GN
j+uZjSLZKNEb4GzDXaRm/TGmRibr1xUy64+R9SvodWsDzLpCsk6i14JcawNkzWqRWRNP1jTfbJFu
0qtFshJevbKYPJVJnrSTJ+rI43qyoriYWSGT6tkCUx1DHqsyMY+FSZWJLF/GM8stZBlPKuvIUpEs
0ZHFj3qZxTfIo4vimEe9ZFEcWQg3LYwnC2TyiEzmzzMy82Uyz0jmSXRFFZk7Zwgzt5zMGUJmlxuY
2QKZvYIuN5ByiY7AKyM3SNmsY0yZTGbNLGRmHSOzVtAzSwPMzEIyU6JLA6QEJpXcIMXF5GEbmSGT
6TIpmpbOFMlkWjp5SCaFMnlwDHmgihTIZGoemSKTX8tk8jHyK5lMLCYTrOT+MBl/H8+MryL38SR/
qDSMjNWT0cXk3gQtc28dGRUm9xCBucdCRprJCErHjIghecMtTF45GT5MYIZbyLChemaYQIZKHDNU
TySOSIodJ9J315EhdBozZBwZnGtlBo8huYN0TK6V5Er0IB25K8fM3FVIcgaKTI6ZDBTJACPpL0MR
YmWyZdIvy8L0s5KssI7JspBwX44J60g4uj59OZKZ4WQy80hGuo3JcJKMFjo9Xsek20j6CjqNK2bS
6kgo1cqExpBUUCLVSlIlug+I3qeYpCRnMilDSTIIlpxJgvATlEnSXSRgdDKBQpLoNzOJE4kfbvOb
iV+iE7TE53UyvkLi9YiM10m8LbQHXuYRiWcFHa8j8RLt9pM4nsQmEldMJuOaSGLgqTGZxCkTB7zU
IRO7QGxWK2MrJ1aLhbFaiVWiLRZihnnmY0QE84oyEeBHGEZ4kJ+vIyYYM8nECA8wOolRog0y0cOF
XhpYTnQwR1dFuGKi1YiM1ko0ImGZMMNWEQbuY8KEhofRaQQeSukInkiQTHAzLl65Aaf+f/tB/68F
+G8/kNX+Ex8u3PsKZW5kc3RyZWFtCmVuZG9iagoyNCAwIG9iagogICA3NDk0CmVuZG9iagoyNSAw
IG9iago8PCAvTGVuZ3RoIDI2IDAgUgogICAvRmlsdGVyIC9GbGF0ZURlY29kZQo+PgpzdHJlYW0K
eJxdUstugzAQvPsrfGwPEWCDSSSEVKWXHPpQaT8A7CVFagxyyCF/X68nSqUeYMfrmdHuerP94fng
p1Vm72G2Ha1ynLwLdJ4vwZIc6Dh5USjpJrveTulvT/0isijurueVTgc/zqJpZPYRL89ruMqHJzcP
9CiklNlbcBQmf5QPX/sOqe6yLD90Ir/KXLStdDRGu5d+ee1PJLMk3hxcvJ/W6ybK/hif14WkSucC
JdnZ0XnpLYXeH0k0ed7KZhxbQd79u9NbSIbRfvdBNIqpeR6DaIxNOIaIC+Ai4lonHEPEJXAZsQZH
Jw586uRTQVtxXiGvOD8iPzImYGIfcDRzNHw0+yiH2hzn4anZU6MGnWrogXvGO+AdYwNsIq6grVhr
wDHMMfAx7FOil5J7KdFvyf2aLThb7gU+dfIBxyTOADwwRj2G6zGo36T64aPZR0OrWVui3zLNrQa/
5t4xH8XzUfBX7K/B0cwxmFsM/NC3F+Un592875K9hBDXKC1w2h/enMnTfceXeWFV+n4BlKTIPApl
bmRzdHJlYW0KZW5kb2JqCjI2IDAgb2JqCiAgIDM5NwplbmRvYmoKMjcgMCBvYmoKPDwgL1R5cGUg
L0ZvbnREZXNjcmlwdG9yCiAgIC9Gb250TmFtZSAvT1JaWlNCK0RlamFWdVNlcmlmCiAgIC9Gb250
RmFtaWx5IChEZWphVnUgU2VyaWYpCiAgIC9GbGFncyAzMgogICAvRm9udEJCb3ggWyAtNzY5IC0z
NDYgMjEwNSAxMTA5IF0KICAgL0l0YWxpY0FuZ2xlIDAKICAgL0FzY2VudCA5MjgKICAgL0Rlc2Nl
bnQgLTIzNQogICAvQ2FwSGVpZ2h0IDExMDkKICAgL1N0ZW1WIDgwCiAgIC9TdGVtSCA4MAogICAv
Rm9udEZpbGUyIDIzIDAgUgo+PgplbmRvYmoKOSAwIG9iago8PCAvVHlwZSAvRm9udAogICAvU3Vi
dHlwZSAvVHJ1ZVR5cGUKICAgL0Jhc2VGb250IC9PUlpaU0IrRGVqYVZ1U2VyaWYKICAgL0ZpcnN0
Q2hhciAzMgogICAvTGFzdENoYXIgMTE3CiAgIC9Gb250RGVzY3JpcHRvciAyNyAwIFIKICAgL0Vu
Y29kaW5nIC9XaW5BbnNpRW5jb2RpbmcKICAgL1dpZHRocyBbIDMxNyAwIDAgMCAwIDAgMCAwIDAg
MCAwIDgzNyAwIDMzNyAzMTcgMCA2MzYgNjM2IDYzNiA2MzYgNjM2IDYzNiA2MzYgNjM2IDYzNiA2
MzYgMzM2IDAgMCAwIDAgMCAxMDAwIDcyMiAwIDc2NSAwIDAgMCAwIDAgMCAwIDAgMCAwIDAgMCAw
IDAgMCAwIDAgODQyIDAgMCAwIDAgMCAwIDAgMCAwIDAgMCA1OTYgNjQwIDU2MCA2NDAgNTkxIDAg
NjQwIDY0NCAzMTkgMzEwIDYwNSAzMTkgOTQ4IDY0NCA2MDIgNjQwIDAgNDc4IDUxMyA0MDEgNjQ0
IF0KICAgIC9Ub1VuaWNvZGUgMjUgMCBSCj4+CmVuZG9iagoyOCAwIG9iago8PCAvTGVuZ3RoIDI5
IDAgUgogICAvRmlsdGVyIC9GbGF0ZURlY29kZQogICAvTGVuZ3RoMSAyNTU2Cj4+CnN0cmVhbQp4
nM1Ue1BU1xk/9/7Ot7vssnCXvQio4K6wReS17Ar1gfaKUFRSQsS22IqirgvhEcH3a5NNo/UVVIxZ
H7EtSZxpi3lsbGo34rSaamyb4S+10f+SGZ1MZxynadNO4+Cl34KddNpp/23PN/ee7/f7nuece65Q
hBApIiogtHVbN3uOBM99LoRyn5/j4d72nk+jn10VAlH2OtTevSPs3fjpKOtn2N7UsX5NyPVy/Xkh
ZCpzVR1MZHgcbzKuZVzQ0bN5u323iDPuYGzr3rBuTTIv417GqT1rtvfKNgoy3s3Y07txfe+WHZa/
Mub8tEqoImzGZJjOcndWMdlIldeF5bpio1ZVivKrN+9XCO3m/Zv3/W6X1+XzurxhKUY3YcroPTNm
TfvbnzZaioQilo6NWWZadFEpthqe0gpfaUFFSXlhQdWskqnCqpe6oUwudFelUInD6q/SPq++G7g7
Wn1Ve6DdrL47obnmVAjDW5w7OVUWlCu2nVMK3PkZM7KOeNL7/JUqrDsdU0rOBKm8+kEg8CArYPL8
++oPAhrDjKw5fsXnCmZ6K4Ou/Mpg5ayqYGBSVmZ+mZI/3ZKreP+NyPROeOPdR+b9R2/E4/HEuzXf
r2lTlzWFl6vqPwFlhnk76YFhZfStzk4s69p7/kJ2zu8aGvsGDuz5Uu1KWnmDFbvYxHuaEB+y3GDt
CdEp+sQ+Mcj6PbFrnL8ibUlh5g4lfW+IhFLEfmpSlHJOo4pfcp4g2+6xf5jxoFg7bn+IkXE5jRF1
m1DRxFrTeMSgSGCelBiZeMajPhTzxUUxlNRpRMTYb5n4iKWGsy8Vl8Qd5QVxVrklIqJfbJJsFrmK
nW5xL51iLd0alz+KleOVk1wn3eJTHhSdvM5LnP3sBK8UKcvQhrDSwitUlSEsZnav6JRtLIXjUju+
vok1qOourv94vWJEXakWyUJliOska4xw/iExn/sNc6eL+VGT/eMPYhDJO5BDV8RS61JLqmKxRsRy
tu5CUDltyRVtIoLlnKGRuX7RqHzEVYQuLlhIQlVEiUeLq74lobjxVIvnNyu8pSX/Aj2a1RMXTXHn
Dk9ibKypRU6hFXGaGofPFpe+/E/+k/GT0pKGphZP/Ld1tY+z1rXVMtfcwmoSMc18XW0pfyDJs1qV
2N1zb9Lq9Oq/iGm25K6LG3caP/vH/MXtR3O127aPk/dZTESMv609Zq4Qrtwvbo/2arcf818OVfKO
0dt8rhOjNvn/mKinpohicVIkvzhNnOJ7LqRD+TNjmVCjxsfXTXzgxrWrBXQthGuGvFqAXzvx/pVC
ej+EK4W43IpfRXDJgWEHLr6n08UA3tORCOAXJi6Y+LmJn5k4b+KdeD298xDxerxt4q0I3jTxRhrO
DaXSOR1DqfhpAD8J4cd5OBvA66+F6HUTr4XwaiyNXvVhcLudBn34UQN+qOEHZTizP4/OmHjltEav
5OK0hlMn0+iUDyfZ72QaThryBAee0HEiKmNpiBnyZR+O7/HTcRMvHXPTSz4cG3DSMTeOJRTDSJED
R+004MRAQhHGEnnUjqOX5ZENEToyjMPPO+iwC4cN2c9a/1y8eGiYXjRx6GArHRrGoag8eMBHB1tx
0JAHuK8DPuzf56L9edifGLtsjMl9Luzl0ntD2OPHC5PwvRiedyAaClHUxHPdGj2Xg2cjafRsAJE0
7N6VTrvd2JWOnTHscGG7Hdu2emjbQ2zdMpW2erBlKjZz0OY8bDKx0URfr5P6TPQ60WvIDRE807OA
nulCzwJ0d6VSt4buqOxKRZchO7lk50M83TFMT5voaG+ljmF0RGV72EftrWg3ZNiH9ey0/iFCIazL
xFoTa0y0rS6jNhOry7DKRKuJlQ34bgTfMbGiFi0mvm3iW8P4ponmEJbpeCqApifTqSmCJ9PRuNCo
wRMOLA1hyXQbLYlhcQD10Kjeja9noE61U10Oahe5qbYLi2o0WuRGzUIH1WhYaKTQQgeMFBjJfWyW
X4thgSylBd/A/Gqd5jegep6dqnVUG3KeHXPnZNDcVsyZ7aI5GZjtwledqDJROUunShOzgm6apSMY
sFPQjUBFCgXsCEycT0UK/OXZ5K9FeVkmlWej/LIsy7NTWSbKorI0JUSlMZQU61TSgGJeRLGOYkPO
5NZnhlA0w09FCzGDG5vhRyFPhSa+Mhc+Zzb5WlGQn0EFzcjnsPwM5Btyug1eTzZ5W+GZ5iJPNjyX
5TQuNs2FaVGZZ0eeIXPzMTUdUwowOcdPk5uRw1lz/Mg2kcVFs0xM0pCp65TZBd3tJl2Hbki3Gxns
lzEMF2+vy4TGk1aDdO4/PYY0tqWZcHICZzachkw14WDgMGZ3wc4+9ghSQrBZXWTTYXXBQgGyREAc
RwFITiZLwUlVO5RmCBNKQgnt7VeK/2+H+F838F8H/63/Dp4NUxIKZW5kc3RyZWFtCmVuZG9iagoy
OSAwIG9iagogICAxODA2CmVuZG9iagozMCAwIG9iago8PCAvTGVuZ3RoIDMxIDAgUgogICAvRmls
dGVyIC9GbGF0ZURlY29kZQo+PgpzdHJlYW0KeJxdkM9qwzAMxu9+Ch3bQ3HTcwiM7pLD/tBsD+DY
cmZoZKM4h7z9ZDd0MIEN0vf9zGfpa//aU8igPznaATP4QI5xiStbhBGnQKq5gAs271297WyS0gIP
25Jx7slH1bagbyIumTc4vLg44lEBgP5ghxxogsP3dXiMhjWlO85IGc6q68Chl+feTHo3M4Ku8Kl3
ooe8nQT7c3xtCeFS++YRyUaHSzIW2dCEqj1LddB6qU4huX/6To3e/hiu7qa4R4GKe58XrnzyGcqu
zJKnbqIGKREC4XNZKaZC1fMLU0ZwxwplbmRzdHJlYW0KZW5kb2JqCjMxIDAgb2JqCiAgIDIyMwpl
bmRvYmoKMzIgMCBvYmoKPDwgL1R5cGUgL0ZvbnREZXNjcmlwdG9yCiAgIC9Gb250TmFtZSAvS0dJ
U1VTK0RlamFWdVNlcmlmCiAgIC9Gb250RmFtaWx5IChEZWphVnUgU2VyaWYpCiAgIC9GbGFncyA0
CiAgIC9Gb250QkJveCBbIC03NjkgLTM0NiAyMTA1IDExMDkgXQogICAvSXRhbGljQW5nbGUgMAog
ICAvQXNjZW50IDkyOAogICAvRGVzY2VudCAtMjM1CiAgIC9DYXBIZWlnaHQgMTEwOQogICAvU3Rl
bVYgODAKICAgL1N0ZW1IIDgwCiAgIC9Gb250RmlsZTIgMjggMCBSCj4+CmVuZG9iagozMyAwIG9i
ago8PCAvVHlwZSAvRm9udAogICAvU3VidHlwZSAvQ0lERm9udFR5cGUyCiAgIC9CYXNlRm9udCAv
S0dJU1VTK0RlamFWdVNlcmlmCiAgIC9DSURTeXN0ZW1JbmZvCiAgIDw8IC9SZWdpc3RyeSAoQWRv
YmUpCiAgICAgIC9PcmRlcmluZyAoSWRlbnRpdHkpCiAgICAgIC9TdXBwbGVtZW50IDAKICAgPj4K
ICAgL0ZvbnREZXNjcmlwdG9yIDMyIDAgUgogICAvVyBbMCBbIDYwMCA3MTAgXV0KPj4KZW5kb2Jq
CjEwIDAgb2JqCjw8IC9UeXBlIC9Gb250CiAgIC9TdWJ0eXBlIC9UeXBlMAogICAvQmFzZUZvbnQg
L0tHSVNVUytEZWphVnVTZXJpZgogICAvRW5jb2RpbmcgL0lkZW50aXR5LUgKICAgL0Rlc2NlbmRh
bnRGb250cyBbIDMzIDAgUl0KICAgL1RvVW5pY29kZSAzMCAwIFIKPj4KZW5kb2JqCjEgMCBvYmoK
PDwgL1R5cGUgL1BhZ2VzCiAgIC9LaWRzIFsgMiAwIFIgXQogICAvQ291bnQgMQo+PgplbmRvYmoK
MzQgMCBvYmoKPDwgL1R5cGUgL091dGxpbmVzCiAgIC9GaXJzdCAxNyAwIFIKICAgL0xhc3QgMTcg
MCBSCiAgIC9Db3VudCAtMQo+PgplbmRvYmoKMTcgMCBvYmoKPDwgL1RpdGxlIChERVRBTExFUyBE
RSBMQSBSRVNFUlZBQ0lPTikKICAgL1BhcmVudCAzNCAwIFIKICAgL0YgMAogICAvRGVzdCBbMiAw
IFIgL1hZWiA3MCA3NjMgMF0KPj4KZW5kb2JqCjM1IDAgb2JqCjw8IC9Qcm9kdWNlciAoY2Fpcm8g
MS4xNS4xMCAoaHR0cDovL2NhaXJvZ3JhcGhpY3Mub3JnKSkKICAgL1RpdGxlIChSZXNlcnZhY2lv
bikKICAgL0F1dGhvciAoKQogICAvS2V5d29yZHMgKCkKICAgL0NyZWF0aW9uRGF0ZSAoRDoyMDIx
MDUwNDE2MzExMVopCj4+CmVuZG9iagozNiAwIG9iago8PCAvVHlwZSAvQ2F0YWxvZwogICAvUGFn
ZXMgMSAwIFIKICAgL091dGxpbmVzIDM0IDAgUgo+PgplbmRvYmoKeHJlZgowIDM3CjAwMDAwMDAw
MDAgNjU1MzUgZiAKMDAwMDAyMTkzNyAwMDAwMCBuIAowMDAwMDAxNTAwIDAwMDAwIG4gCjAwMDAw
MDAwMTUgMDAwMDAgbiAKMDAwMDAwMDAxNSAwMDAwMCBuIAowMDAwMDAwNzUwIDAwMDAwIG4gCjAw
MDAwMDAwMTUgMDAwMDAgbiAKMDAwMDAwMDcyOCAwMDAwMCBuIAowMDAwMDA5NzAyIDAwMDAwIG4g
CjAwMDAwMTg1NTIgMDAwMDAgbiAKMDAwMDAyMTc3NSAwMDAwMCBuIAowMDAwMDAxNzY3IDAwMDAw
IG4gCjAwMDAwMDA5NjAgMDAwMDAgbiAKMDAwMDAwMTIxNyAwMDAwMCBuIAowMDAwMDAxNDY0IDAw
MDAwIG4gCjAwMDAwMDIxMzkgMDAwMDAgbiAKMDAwMDAwMjExNyAwMDAwMCBuIAowMDAwMDIyMDg2
IDAwMDAwIG4gCjAwMDAwMDIyNDkgMDAwMDAgbiAKMDAwMDAwODkyMCAwMDAwMCBuIAowMDAwMDA4
OTQ0IDAwMDAwIG4gCjAwMDAwMDk0MDEgMDAwMDAgbiAKMDAwMDAwOTQyNCAwMDAwMCBuIAowMDAw
MDEwMTY1IDAwMDAwIG4gCjAwMDAwMTc3NTYgMDAwMDAgbiAKMDAwMDAxNzc4MCAwMDAwMCBuIAow
MDAwMDE4MjU2IDAwMDAwIG4gCjAwMDAwMTgyNzkgMDAwMDAgbiAKMDAwMDAxOTAxNiAwMDAwMCBu
IAowMDAwMDIwOTE4IDAwMDAwIG4gCjAwMDAwMjA5NDIgMDAwMDAgbiAKMDAwMDAyMTI0NCAwMDAw
MCBuIAowMDAwMDIxMjY3IDAwMDAwIG4gCjAwMDAwMjE1MzkgMDAwMDAgbiAKMDAwMDAyMjAwMiAw
MDAwMCBuIAowMDAwMDIyMjAxIDAwMDAwIG4gCjAwMDAwMjIzNjcgMDAwMDAgbiAKdHJhaWxlcgo8
PCAvU2l6ZSAzNwogICAvUm9vdCAzNiAwIFIKICAgL0luZm8gMzUgMCBSCj4+CnN0YXJ0eHJlZgoy
MjQ0MAolJUVPRgo=

--===============1952505251499061223==--

-------------------------------------------------------------------------------
