Content-Type: multipart/mixed; boundary="===============4055336468106319626=="
MIME-Version: 1.0
Subject: =?utf-8?q?Hotel_Real_-_Confirmaci=C3=B3n_de_Reservaci=C3=B3n?=
From: reservaenrealnicaragua@gmail.com
To: justo@becerra.com
Date: Tue, 04 May 2021 16:12:50 -0000
Message-ID: <162014477001.3470.18328438310329447898@localhost>

--===============4055336468106319626==
Content-Type: text/html; charset="utf-8"
MIME-Version: 1.0
Content-Transfer-Encoding: 7bit

Pronto nos pondremos en contacto con usted. recibimos su solicitud para RealNicaragua
--===============4055336468106319626==
Content-Type: application/pdf
MIME-Version: 1.0
Content-Transfer-Encoding: base64
Content-Disposition: attachment;
 filename="justo@becerra.com_1234567_2021-05-04 16:12:48.479243.pdf"

JVBERi0xLjUKJbXtrvsKNiAwIG9iago8PCAvTGVuZ3RoIDcgMCBSCiAgIC9GaWx0ZXIgL0ZsYXRl
RGVjb2RlCj4+CnN0cmVhbQp4nJ1VXW/aMBR9z6+4j0FTHH8mzoSqUcimTnRdC9seqj64YGgoJEDS
rT9/10m6frKWBiVYsX3OuYfrAwOKn4DhQ0sGk5W38Wj9bjuH0FCYl97h2OOyWYffESdcAaOU6Ehw
zWC88sJZQAMKOJ555/4gHXeU8nvDYTqCQQrDHpylo/SsI5T/sxNrv9c/OvnWuRh/9Rhv+TlIGhMh
Ei0lMCFILDnTugVnd+A+dMYLL+CaxCqWOsadhEWSRhzGU88Py8pU2SQ0ZWmrMsxWZm7LcFnMC04W
67nbS59sWZqyqkHTsXcKG68tL5JEoSglODKBVOiHhV+Qoz0RbQwK3NtmecTccqYQEx1sbIPwllEY
FN5pjfuCqQ+Kd3QQCfRUJQIJn3jq9yAvVpcoYWqd1ueWPFxdlyi51FS5Es/97x0e+6Y062Jb2dr3
vQD8dGWy5Xt57bYsclPuoGWM0EjIOAZKKFVKCN1wshp9tDY5dLsQ9ibVjVmO7W0F3ZmdzSg19AAO
DuBw0G+h0mMcrVu6Z+KCeyanUlDstUblZ9esdnJl0FxI82prpmZftZxyXKoCis3LP9Lknewjs8ze
Sx4FlO1H7vfstlhmuTUv/7Y7CX/kWWWn0Mu2bnf5Zr6Ty9Juf5tJVtzveiunea0fosjd/3qihmYN
dJdSyg7aFtmtNNL3zsxtXlnY3Fg897XoPeX2r24m19DHcFlaCO4Cpg4Bkgh3uSx4HAJcJySSWgoN
cUyJchGYPEvAyWK9YokWn+buVJJJsXoJ/OwLjiN3xfAHp77ivfDOL5xOmHqYTMewAVZzN08MrlYA
sjOS4L/BCvA0kxhF3L1ZwghO77Pssf5mscb4+o/84E1WSJfwsXjFig9KKE2TmCdyhwfPSmyBH5So
mCIsjp6UuMEUZ22K8ybFw2GWX9fNd9w/GiBc22l1Uz2eYw/nTr2/LxCtNAplbmRzdHJlYW0KZW5k
b2JqCjcgMCBvYmoKICAgNzEwCmVuZG9iago1IDAgb2JqCjw8CiAgIC9FeHRHU3RhdGUgPDwKICAg
ICAgL2EwIDw8IC9DQSAxIC9jYSAxID4+CiAgICAgIC9hMSA8PCAvQ0EgMC43IC9jYSAwLjcgPj4K
ICAgPj4KICAgL1hPYmplY3QgPDwgL3gxMCAxMCAwIFIgL3gxMiAxMiAwIFIgPj4KICAgL0ZvbnQg
PDwKICAgICAgL2YtMC0wIDggMCBSCiAgICAgIC9mLTEtMCA5IDAgUgogICAgICAvZi0xLTEgMTEg
MCBSCiAgID4+Cj4+CmVuZG9iagoxMyAwIG9iago8PCAvVHlwZSAvQW5ub3QKICAgL1N1YnR5cGUg
L0xpbmsKICAgL1N0cnVjdFBhcmVudCAwCiAgIC9RdWFkUG9pbnRzIFsgMjkwIDgyIDQyNSA4MiA0
MjUgNjggMjkwIDY4IF0KICAgL1JlY3QgWyAyOTAgNjggNDI1IDgyIF0KICAgL0EgPDwKICAgICAg
L1R5cGUgL0FjdGlvbgogICAgICAvUyAvVVJJCiAgICAgIC9VUkkgKG1haWx0bzpjanBtMTk4M0Bn
bWFpbC5jb20pCiAgID4+CiAgIC9CUyA8PCAvVyAwID4+Pj4KZW5kb2JqCjE0IDAgb2JqCjw8IC9U
eXBlIC9Bbm5vdAogICAvU3VidHlwZSAvTGluawogICAvU3RydWN0UGFyZW50IDEKICAgL1F1YWRQ
b2ludHMgWyA0MjkgODIgNTE1IDgyIDUxNSA2OCA0MjkgNjggXQogICAvUmVjdCBbIDQyOSA2OCA1
MTUgODIgXQogICAvQSA8PAogICAgICAvVHlwZSAvQWN0aW9uCiAgICAgIC9TIC9VUkkKICAgICAg
L1VSSSAodGVsOis1MzU4MDk3Mjk0KQogICA+PgogICAvQlMgPDwgL1cgMCA+Pj4+CmVuZG9iagox
NSAwIG9iagpbCiAgMyAwIFIKICA0IDAgUgpdCmVuZG9iagoyIDAgb2JqCjw8IC9UeXBlIC9QYWdl
ICUgMQogICAvUGFyZW50IDEgMCBSCiAgIC9NZWRpYUJveCBbIDAgMCA1OTUgODQxIF0KICAgL0Nv
bnRlbnRzIDYgMCBSCiAgIC9Hcm91cCA8PAogICAgICAvVHlwZSAvR3JvdXAKICAgICAgL1MgL1Ry
YW5zcGFyZW5jeQogICAgICAvSSB0cnVlCiAgICAgIC9DUyAvRGV2aWNlUkdCCiAgID4+CiAgIC9S
ZXNvdXJjZXMgNSAwIFIKICAgL1N0cnVjdFBhcmVudHMgMgogICAvQW5ub3RzIFsgMTMgMCBSIDE0
IDAgUiBdCj4+CmVuZG9iagoxMCAwIG9iago8PCAvTGVuZ3RoIDE2IDAgUgogICAvVHlwZSAvWE9i
amVjdAogICAvU3VidHlwZSAvSW1hZ2UKICAgL1dpZHRoIDgwMAogICAvSGVpZ2h0IDYwMAogICAv
Q29sb3JTcGFjZSAvRGV2aWNlUkdCCiAgIC9JbnRlcnBvbGF0ZSB0cnVlCiAgIC9CaXRzUGVyQ29t
cG9uZW50IDgKICAgL0ZpbHRlciAvRENURGVjb2RlCj4+CnN0cmVhbQr/2P/gABBKRklGAAEBAABI
AEgAAP/hAIxFeGlmAABNTQAqAAAACAAFARIAAwAAAAEAAQAAARoABQAAAAEAAABKARsABQAAAAEA
AABSASgAAwAAAAEAAgAAh2kABAAAAAEAAABaAAAAAAAAAEgAAAABAAAASAAAAAEAA6ABAAMAAAAB
AAEAAKACAAQAAAABAAADIKADAAQAAAABAAACWAAAAAD/7QA4UGhvdG9zaG9wIDMuMAA4QklNBAQA
AAAAAAA4QklNBCUAAAAAABDUHYzZjwCyBOmACZjs+EJ+/8AAEQgCWAMgAwEiAAIRAQMRAf/EAB8A
AAEFAQEBAQEBAAAAAAAAAAABAgMEBQYHCAkKC//EALUQAAIBAwMCBAMFBQQEAAABfQECAwAEEQUS
ITFBBhNRYQcicRQygZGhCCNCscEVUtHwJDNicoIJChYXGBkaJSYnKCkqNDU2Nzg5OkNERUZHSElK
U1RVVldYWVpjZGVmZ2hpanN0dXZ3eHl6g4SFhoeIiYqSk5SVlpeYmZqio6Slpqeoqaqys7S1tre4
ubrCw8TFxsfIycrS09TV1tfY2drh4uPk5ebn6Onq8fLz9PX29/j5+v/EAB8BAAMBAQEBAQEBAQEA
AAAAAAABAgMEBQYHCAkKC//EALURAAIBAgQEAwQHBQQEAAECdwABAgMRBAUhMQYSQVEHYXETIjKB
CBRCkaGxwQkjM1LwFWJy0QoWJDThJfEXGBkaJicoKSo1Njc4OTpDREVGR0hJSlNUVVZXWFlaY2Rl
ZmdoaWpzdHV2d3h5eoKDhIWGh4iJipKTlJWWl5iZmqKjpKWmp6ipqrKztLW2t7i5usLDxMXGx8jJ
ytLT1NXW19jZ2uLj5OXm5+jp6vLz9PX29/j5+v/bAEMACAYGBwYFCAcHBwkJCAoMFA0MCwsMGRIT
DxQdGh8eHRocHCAkLicgIiwjHBwoNyksMDE0NDQfJzk9ODI8LjM0Mv/bAEMBCQkJDAsMGA0NGDIh
HCEyMjIyMjIyMjIyMjIyMjIyMjIyMjIyMjIyMjIyMjIyMjIyMjIyMjIyMjIyMjIyMjIyMv/dAAQA
Mv/aAAwDAQACEQMRAD8A9/pDS1HJIsaM7kKqjJJPSgB/FLmsSXxJpKE/8TK14/6aiqsnivSV6ajb
H/toKfKwOkzmiuY/4SzS/wDoIW3/AH8FH/CW6X/0ELb/AL+CnysDp6K5j/hLtK/6CFt/38FH/CW6
V/0Ebb/v4KOVgdPRXM/8JbpX/QRtv+/gqteeOdGsbczzX0ZQf3DuNHJJiukdfRXnY+LXhkjP2uX/
AL9Gj/hbPhr/AJ+5P+/Zq1RkLnR6JRXnn/C2fDX/AD9yf9+zR/wtjw3/AM/cn/fs0exq9g50eh0V
57/wtjw3n/j7k/79ml/4Wt4b/wCfuT/v2aXsKvYOdHoNFef/APC1fDn/AD9yf98Gj/hanhw/8vb/
APfBo9hV7Bzo9AorgP8Ahafh3/n7f/vg0f8AC0/Dv/P2/wD3waPYVA50d/RXAf8AC0/Dv/P2/wD3
waP+FpeHv+ft/wDvg0/q9QOdHf0VwH/C0vDv/P2//fBo/wCFpeHf+ft/++DR9XqBzo7+jNcD/wAL
R8Pf8/b/APfBpD8UvDo/5e3/AO+DR7CoLnR3+aM15/8A8LT8O/8AP1J/3waX/hafh3/n6k/74NL2
FTsPnid/mjNef/8AC0/Dv/P1J/37NH/C1PDo/wCXqT/v2ar2FTsw54noFFef/wDC1fDv/P1L/wB+
zSf8LW8O/wDP1L/37NH1ep/KHtInoNGTXn3/AAtXw5/z9S/9+zR/wtXw7/z8y/8Afs0vYVP5Re0i
eg5ozXn3/C1vDf8Az8y/9+zSf8LW8Of8/Mv/AH7NHsKv8oe0iehZNGTXnv8Awtbw5/z8y/8Afs0v
/C1vDn/P1L/37NHsKnYPaRPQc0Zrz3/ha3hz/n6l/wC/Zo/4Wv4c/wCfqX/v2aPYVP5R+0iehZoz
Xn3/AAtbw5/z9S/9+zR/wtbw5/z9S/8Afs0ewqfyh7SJ6DmjNeff8LW8Of8AP1J/37NH/C1fDn/P
1L/37NHsKn8oe0ieg5ozXn3/AAtXw7/z9Sf9+zS/8LT8O/8AP1L/AN+zR7Cp/Kw9pE9AzRmvP/8A
hafh49LmX/v2aePifoB/5bzfhEaPYVf5WL2kTvc0Zrgx8TdCPSWf/v0aX/hZehn/AJa3H/fo0/q9
X+Vi9rA7rNGRXC/8LL0T/npcf9+jR/wsvQ/+elx/36NH1er/ACsftYHdZFGa4T/hZmhf89Lj/vya
T/hZ2hD/AJaXH/fk0fV6v8rD2sDvM0ua4E/E/Qf+elx/35NJ/wALS0D/AJ63H/flqPq9X+Vi9rA7
/NGa8/8A+FpeH8/664/78tSf8LU8P5/1tx/35aj6vV/lYe1geg5ozXn3/C1PD/8Az2uP+/LUf8LU
8P8A/Pa4/wC/LUfV6v8AKx+0geg5ozXn3/C1PD//AD2uP+/LUf8AC1fD/wDz1uP+/LUfV6n8oe0g
eg0V59/wtTw//wA9rj/vy1H/AAtTw/8A89rj/vy1H1er/KHtIHoNFef/APC0/D//AD2uP+/LUf8A
C0/D/wDz2uP+/LUfV6v8oe0gegUV59/wtTw//wA9bj/vy1H/AAtTQP8Anrcf9+Wo+r1P5Q9pDueg
0V5//wALU8P/APPa4/78tR/wtPQO0tx/35aj6vV/lD2kO56BSZrgf+Fo6D/z1uP+/Jpf+Fn6F/z0
uP8AvyaPq9X+UPaQO9zRmuDHxO0I/wDLS4/78mnf8LM0L/nrcf8Afk0fV6v8oe1gd3mjNcJ/wszQ
v+etx/35NJ/ws3Qv+etx/wB+TR9Xq/ysPawO8zSZrg/+FnaF/wA9bj/vyaP+Fn6D/wA9bj/vyaPY
Vf5WHtYHeZozXBf8LP0H/nrcf9+TR/wtDQf+etx/35NHsKv8rD2sDvqK4D/haOgf89rj/vyaP+Fp
aB/z1uP+/Jo9hV/lD2kDv6K8/wD+Fp6B/wA9bj/vy1H/AAtPw/8A89rj/vy1HsKv8oe0gegUV58f
ir4fH/LW4/78NSf8LW8Pf89rn/vw1HsKv8oe1gehUV57/wALX8O/89rn/vw1H/C2PDv/AD2uf+/D
UvY1f5Q9pE9Corzz/hbPhz/ntc/9+GpP+Fs+HP8Antc/9+Go9jV/lD2kT0SivO/+FteG/wDntc/9
+Go/4W14b/573P8A4DtR7Gr/ACh7SHc9Eorzs/Fvw3/z3uf/AAHak/4W34b/AOe1z/4DtR7Gr/KH
tIdz0Wkrzv8A4W34b/57XP8A4DtR/wALc8Nf89rn/wAB2o9jU6xD2kO56JxR3rzv/hbnhr/ntc/+
A7Vb074naBqeoQ2VtLOZpSQoaFlHAz1NJ0ZrVoFUizuqWqkV0sgypyKsq2RWZZ//0Pf+1ZHiR9nh
7UOcfuH/AJVr1h+KTjw9qH/XB/5U1uB8ZXE85urj9/OMSt/y0PqfeovOm/57zf8Afw/40Tn/AEm4
/wCurfzNR5rsjbl2Fck86b/nvN/38P8AjR503/Peb/v4f8ajoqtOwiTzpf8AntN/38P+NHnS/wDP
eb/v4f8AGo6KLLsBJ5sv/PaU+3mH/GgyyMNrzOw/ul2I/nTc8UlNJAHPZj+Zo5/vfqaKKoVkLz/e
/U0mWz1/U0UU7BZAS2ev6mly394/maSikFkLl/7x/wC+jRuf+8f++jRRRdhZBub1P/fRo3N6n/vo
0mKKfOw5UODt6n/vo0vmN/eb/vo0ylqlNhyoeHP94/8AfRo3n+8f++jTM0Zp87FyokDt/eP/AH0a
XzG/vH/vo1FmjNP2gcqJt7f3j/30aUSkfxH/AL6NQbqN9UqrQnFFkSk9/wDx408OfX9TVUNS7zWi
rSE4FwN/tfqaOf736mq6yEU/zK1VVsjlJRns36mnbmHf9TUQanBjV8zJaH7vf9TRn0P6mm9aXFO7
FYXJ9f1NHPr+ppKdii7FoNOfX9TRz6/qaUijFF2O6G/N6/qaQ59f1NPIpMUXYXG5P979TQSf736m
nYoxRzMeggz/AHv1NTKD/e/U1EBU0fFK7B2LMIPH+JrShHT/ABqhEelaEJxiqTZnIvQ49P1qwAAO
tVUapQ/FWm+5iybIphYCo99ML07sEiRnpm+oy2abmldjsSF6YXyelNJpM0czAdkelNJGelIaKLsB
ePSj8KAKUdaV2AmB6UYHpTu9KFzRdjG49qMe1OIPSnKpouyRgA9KXb7VKI807ZRdgQBMnpTvK9qs
KgAoLAUXYEKw+1SiFe4pRLTTLS5mMfsQDpS4UelQmWojKaOZhYtF1HQUnmgVU800xpM0c7FYuecK
jaUVV30m+lzMqxYM1M83/OagLUhalzMLFjzf85pDLVbdRuo5mOxOZfak832qDdQWpczHYnMvtTTJ
7frUO6kzRzMLEpf8KTf71ETRmjmYWJBIfak8z6VFmip5mUSeZz2oLfSmUUczEKW+lJn6UhpKOZgO
LD2pM/Sm5oo5mMdke1JmkopOTAXIrU8Mz/Z/EtlMOqsf5Vk5q1pz7NQhYdQazqv93L0Y4/Ej6N0b
UzcRj0xXV2771BHpXl/hWdmjHNel2JzEpPpXgncf/9H3+sPxT/yL2of9cG/lW3WJ4oG7QL8f9MG/
lSvZha58WT/8fdwP+mrfzNMxU91Cy3M7AH/Wv2/2jVauqE7oJQcRelLmkoq7khmlHNJRTuA6jNNz
S00wFFFJRmquIUUGgUU7gFLikpapMAooop3AKMUUtOwXExRS0lLlFcQ9aBS0tLlGNpaMc0uKLANo
p2KMUrDuIKXNJ3paqwXDJpQTTaKpNoTJQ5FODk1CKUHFaRqWJtctKc96fmqm7FPEhNbRqXJcSxmn
ZqFWqQGtFIzcR+aOKQUoxVE2FIpuKdmloAbijFOxSbadguIKlUZpgGKkWlYGyzH2q7GcYqjGelXE
PSqRDLqGpO1QIeKkBqkQ0LuNIc+tIetJmgQucUnWg0UgExRTgMml280ANoAp2ynKlADQtKBzUwXi
gACgCPbT1WncUZpAGwetKAKYW5ppajmES5FIzgCod/NNZqlyGiYycdaYZagLUhalcdiYvUbPTCeK
YTSuOxIWz3ppao80uaLhYXcaCaZmlJpXHYM0lJRmi4wzSUmeaTNFwFopDSZpXAdikIpM0E0XAXFG
KbmjNFwFxSUZpCaVwFopuaCaQxc0ZpuaM0XAdR+NMJozSuOwuaKbmincQ6kzRRSuAtT2X/H7F9ag
qey/4/YvrUVH7j9Co/Ej2bwj/qxXqFh/qlHtXl/hH/VivULD/Vr9K8Nnaf/S99rF8Tf8gC+/64N/
KtqsbxN/yAb7/rg38qHsVD4kfHs/+vm/66N/M1VmtgRlKtzj/SJh/wBNG/majNc0Z8rPcnR50jMI
KnDCjPpWg8SyDkc1SlheNs44rup1VJHk18M4P3SOlFJxSit1ZnK9AoooovYLp7CiikozRzALRmkz
S1SYrC5opMUZqrgKOtOpuaXNNMA704dKaKXNUmAtJS9qSrQBRRQKBCijFHSjNOwBiiiiiwBxQcUU
GiwCUtJRmlYBaKTNGaL2ATvTwcU2lo5mhjw1SK9Q5pQa1jMlq5ZD08GqwbFSq9bqSM3EmBpw5qIN
Tw1WiXEfS4oBoBzVpktABUirSAVIBTJZJGOatx1WjHNWkzQSywnSngmmopxUoQmmS2NxmjbUmw9q
cIzSFciC0uypQhpwSgLkQTmnBOak20YoC4m2lHFBNN70XEOLU0mmk0hqWwQFqQvxTSaTtU3GG6ml
qTNJmgoCeaaTzSk0maTARjxTc049KaaQBmkzRSYpDDNBNGKSgBM0ZoIpKAHU2lpKBiGkpTRigBKQ
0tIaAEooo60hhmkzS4pMUgAmkzSGigAzQTRikIpDDNGaMUYoADSUuKMUgEpRRigjFMAoopcUAFT2
X/H5F9agqey/4/IvrUVPgfoOPxI9m8I/6sV6hYf6tfpXl/hH/VivULD/AFa/SvDZ2n//0/fqxfEw
zoV9/wBcH/lW3WJ4l50O9/64t/Kk9iofEj5CmT/SJv8Aro38zUZSr00eZ5Tj/lo38zUZi9q4ea7P
rPYOyKmymld3ytzVvy/ammPnpTU7GbodzNntM8p+VVSCvBGK2SnPSoZrVXU8fNXXSr2dmeZiMC7X
Rl0VM9u8PDciogC3Su+LjJXR5M6coOzQlFLz3FFFmSlfYSloxRigAooxRVXExaKKKLgKKKTNLmqT
EL2opO9LVqQBRRRVJgKKWkHWlqxC0YpBS07AGKQinUGiwDcUYpaXFFgG4oxSkUYpWATFJTsUYosA
2gU7FGKLAJTgabRTTAmDVIrVADS7q2jITiWwc04Gq6PUqsK2i7mUlYsLUgqFTUqmrTMmWY+tWoxk
1ViAzV2Ic1RDLCKcVYRDTYhzVlVp2M2NCU8JxUirT9tIVyv5dG3HWp9lIUpBcgKjFNqfZTWSgLld
utN71Y2Uxl56UhkDdaaam2HPShk9qloaK560lTbPamsntSsMrnrRUpX2puPagoiNJUpFNIpWAYaa
afikxSsAyg0/FNIpWGNpKdg0maLAJijFLRQA2g07FFAyM0U80mKAGmmmnmm0AIaQU4ikpDEpDS0l
DAQ0lOoxSAbQaWigY2inUUrANop1FFgE70tLigCnYVxMUuKXFGKLBcTFTWf/AB+RfWosVNZj/TIv
rUVF7j9Cov3keyeEf9WK9QsP9Wv0ry/wj/qxXqFh/q1+leEztP/U9+7VjeI/+QJe/wDXFv5Vsmsf
xH/yBL3/AK5N/KlL4TSl8aPlmSMebL/10b+ZqIw1PI376X/ro38zSZrzHufocYJxRWaEg1G0R9Kv
8d6CoNIh0UzNMeO1M8utIxZ7UwwVSbMpYe6M5oQwwRms+4sWU7o63WhqPy8Dn8q2hiJQZ59fL41F
sc0ylT81Jt71uXFgkwyow1Zctu8Rw6n2NevQrxqLU+bxOAqUXoVsUYp+2l211OmcNyPFGKfijFRy
DGUU4ijFLkAbiinYoxScRCZozS0lGwC0optOqkwDFO4plLmrTAWjNFFWmAuaWm06qQCDk06kHWlq
xBSUtLRYBMUlOpAKLAJRzTsUdaLANNJinYxRUuIDcGlGRS4PrSYxRsA4MRT0NRU4HFaRkJotIxqd
WFUQTViJuOa3TM5RNCJqvQNzWbE3HWrsR6VaZhJGnG4qyslZyEiphIcCnczaNEOKeHBrO87Ap4uO
KZNjRBBpeDVBbrinC596AsXdooKA1V+0e9OE49aBFjy+Kb5XNME49acJl9aLABiHpTWiz2qQSA9x
S+YPaiwEPk8dKY0PtVsMCKODSsFygYDnpTDD7VpbQaQwgjrRYdzMMNMMXtWmYBSfZhRYLmW0XFM8
qtU2opptRUuI7mX5Zpvl81q/ZaabSjlHzGZ5dIY60za002vtS5Q5jNKUmytE2vHSmG2o5QuUClJs
q6bc00wYqbDuUilIVNWmhNNMVFhplcrxTcVOY+aaUosFyCkqbZTdlSO5HQeKk2UhSiwXI8ZoxT9t
G2iwXIsUYqXb7UbfaiwyLFGKl2+1G2iwEYHHSlx7U/FGKLAMxS4p2PajFOwDcUYFOxRtosA3FTWg
/wBLi+tR4qa1H+lR/Ws6q9yXoyofEj2Dwj/qxXqFh/q1+leXeEf9UK9R0/8A1a/SvAZ3H//V9+NY
/iL/AJAl7/1yb+VbNYviM/8AEkvf+uLfypS+E0pfGj5Zc/vpv+ujfzNAao3f99L7yN/M0Bq8x7n6
BCouVEwNOziogfSn5zSNU0yQGl4PWow3NPBp3L0FKg00xr6U/NKCPSna4ml1IGgB9jUEtorrhxwe
9XxgnpSlBVRk47GdTD06i1OZudNeEllG5KpFMGuxMYxjHFZ91pUc2WjBDfXivXwmPXw1Nz5vHZLq
50znNvNIVq5LavCxDKeKgZCvWvYiozVz5madOXLJERWk21MVpuKUqRKaexFt5oI5qXbSbah0h3Is
UYqTFJtqHSC4zFGKdikxUOmO4lFLik5qeVodwNAooo1ELmlFN70oqlIB1Lmm5pa0jIVhwNFNzSg1
pzAOxQBSbjSg1SdwFpKWjAqrIQ00YpaKVgEpDTsUYpNANxS96XFJSsA4VKjGogaepNNOwmtC7C3N
X4WrNiOKvQmt4swmjQRuKeGqBDUgNaIyaJM0ZpuaM0CHE0oJpuaQk0CJdxxQHIqLJoyaYWJvNIp3
nGq+TRuNAWLQuDilW5OaqbjSgmgLF4XWKcLus/caMmgOU0Ree9O+1571mbjRuNFxcpqi6HrThdj1
rJ3n1p28460XDlNcXK0ouENZAc5604SEd6Lisa/nLSiRTWR5xp4nOOtO4rGruQ0vymssTn1qVbki
lcLF7avSmmNarrcc07zxQFiQwiozAKeJs07eDRYVys0HPFRNb8VeyKaQDStcaZnGA1GYDmtPYDTT
EPSjlHczPJIpvkGtIw57Unk+1TylXMww0nkmtMw+1IYPajlC5m+URR5XtWj5Ge1H2ejlC5neV7Ue
VWh5PtSeRntS5QuZ5ipvlGtAw89KQwj3o5R3KHlUeXV1oaYYjRyhcq7OKbsq15RpDFilYdyvsppX
mrBQ00oaLBch281LajF3H9aClPtl/wBJT61nVX7uXoyoP3keteEP9SK9RsP9Wv0ry7wj/qRXqNh/
q1+lfPM9A//W9+rF8ScaHff9cW/lWz1rG8Tf8gK+/wCuLfypS2Lp/Ej5Okf/AEiX/ro38zSrIPWq
8rEXEv8A10b+Zpqsa85x1PsIVnZF4P71Ir1RElSLLU2OiNcubvQ04NVVXHrUof3pG8apYDU8MKr7
venK9CdjdSTJw3NSA5HNVw9SBqu9ykx5HvSjPSmZ5p26i+tweo2aCOZSGUA461k3OnNGSyqWHtW2
DxQSpXBFd2Gxs6W+x5uMyyliFdLU5doecY5qJoueldDc2KyKHTr6VTTTrudiILVn+lfQ4fGUqsdG
fFYvAVsLJ8y0Mcx0mzFa50TVwT/xLpvyP+FN/sHWD/zDZs/j/hW7nDuci5nsZG2kIFbH/COa43/M
Nl/X/Cmnw1rn/QNl/X/Cs3OHcepjkUhGK2D4a1z/AKB0v6/4UxvDutqMnTpf1/wqHKn3GZWKaRzW
k+i6uvXT5vyP+FQnS9TXrYS4/wB0/wCFQ+UZSxRirJsL7/nylH/ADSGzvR/y6S/98mptECsRSDNW
Psl5/wA+kv8A3yaa1tdAc2sv/fJrJpDIaXNP+z3H/PtJ/wB8mmmGcdYZP++TSTsMQHNOBppSUD/V
P/3yaAr94n/75NUpiHCnZqP5x/A35Uu491b8q0U0IfmlBpm/H8LflR5qjufyrRTTFYk4o4qPzl7E
/lS+evcn8q0UkBJx2pKaJVPr+VL5i9ifyptqwDsUlJ5i/wB6jeD3pWQDgKeopgIP8VSKR/eosguy
aOr0PaqceDj5qvR9BzmtImMi1H1qYCo4xxUoBrVGLCilwaTmgkWko5paAEopO9LTAKKKKQBS0lGa
AFopM0UAFHNFFAWCjNFFAC5NGTSUUDHbqdv4qOigRJupQ9RilzQFiYSUokqEGjdQKxZEpqQTe9VN
9Lvp3CxcE/vThNnvVIPSq9FxWLwlHrTvM96oh6cH96VwLglFO3g1SElL5tUKxdyKARVUS+9OEnvQ
FizwaXHvVcSe9KsnPWgLE5ApNvtTN4z1p28HvQIXyxSGMHtRu96UH3pANMOajMNWM+9IRQFyqYfS
mGI56VbwKQrmlYdykYjnpUbR1fKUxos0mhplDZToV/fp9astHg4pqJiQHHesqq/dy9GXB+8j03wj
/qRXqNh/q1+leXeEP9Sleo6f/qlr51npH//X99HSsbxN/wAgK+9PIb+VbNYvif8A5AF9/wBcG/lS
exVPSSPkaSRftE3r5jfzNIMHoaqzH/Sp+f8Alo38zTQxHQ1yOOp9FCvZF4qR70AZ9qqrO6+9TC5B
+8MVLibxrJkwJFPV6jWRW7inkZ6VDRvGZKJPepVcVUwacGIqXE2jVaLof0qRX4rPDntUiympszoj
VL4cU4MDVNZKkD0XNVMthhinAjFVg1PBOKdzRN3uicHritHSNdu9EuFlt0ikUHJSRN2aylanqa0h
V5fhIq04VlaornuXhnxnpGuxJHLawwT9CCo5NdYYYQvFvCfQ+WK+YkZ45FkhkaN1OQVOK7zwv8SL
zTnWDV5BJB0VyefxrqhWUt2fNY7JGvepbHrrQoBnyIQfTYKi2L/zxh/79ijTdUstVtlntZUdWGcA
5xVrZ1GK3UuzPn5U3B8siiyj/njD/wB+xTDGpHMEP/fsVd8sE1G0eDT5pE2RnvbxN1t4f+/Yqu9j
bHObaL/vgVqlPao2T2oUpdw0MV9LsW/5dIz/AMBqJtH089bJPyrbMY9KY0Q9DQ5SXUdjAk0TTs8W
aVXk0TTsf8eSmuhaHJ6VA0PzdDS5pdwsc+2h6Z/z4r+dV5dB0s/8uI/OujeGq7w80ueQHNN4f0rP
NiPzqJtA0gf8uI/76ro2h56VXkh5o5pdwsYB0DRj1sP/AB6m/wDCP6ID/wAg/P8AwI1svFUDR/Wj
nl3CxRXw9oB66b/4+alXwz4cb/mGf+PmpMbTyTUiyEd6ftJ9wsRf8In4bb/mGkf9tDSjwX4bf/lw
x/20NWlnPrVmObjk01Vn3Cxl/wDCA+G36WxH/AzTG+G/h1/+WZX6Oa3ll56ipllz04qvbT7g0cq3
wt8Pv0Zh/wACP+NV2+EmgsOLmUfj/wDXrt1kFPz7mmq8+4rHAN8H9DIyL2f8Kgf4R6Qn3b+cfhXo
rAY/xqCVRjtVxxEw5TzmT4a6bB928c496oz+ErS26Tsa9CuVODnFYN6vBxXfRqSe5zVDjJNNih4D
MagMWOgrcuU5PWqDIM16MNUcrepnlOaaVxV0xjNMaL2qrCuVMUYqw0YppjPpQO5AVFJU5jOOlN8v
2oAixSYqXbTSpzSGMNJTyppNp9KAG0U7FJxQAUUUUAFFFFABRRRQAUUYooAM0tJRQAtFJzRzQAua
U00UpoAUUuabRQA7NLmmUUBYk3UZpmaMmi4h+6nBqiyaATQBMH96cHI71Bk0u6gCx5nvT1kOOtVc
+9KGNAi2JPeniT3qmGNLvNMTRcEnvUgfPeqIc+tSBzQFi1mnZqqrmn+ZzQInpMVGH96XdRYeopHN
JtGaXdRms6y/dy9GVT+NHonhD/VJXqNh/q1ry7wh/qkr1Gw/1a1809z1D//Q9+7Vi+J/+QBff9cG
/lW12rF8T/8AIAvv+uDfypPYqHxHxzN/x8z/APXVv5mmU6Y/6VP/ANdW/mabmud7nsR+FCg0E0lH
WgtMf9M0od06GmdDTqViozkTrcyDtUq3IP3hVOjNS0aqtJGgJY2PBp5P92s4E1IsjL3qXE6IVy8G
NOEhFVUnB61MpV+hrNxOmFQnWWpllyOtVCCKA2Dilax0Rq2LyyCpg+RWeHxUyyVLRtGpcuKfen5G
CPlGepPeqqyd6kEgJ6U1I1UrqzNTSdWvdEmWSxlZMHJG7rXrXhn4jafqgjtr1vIuunK4z+NeK7wR
Sg/MHXhh0PpWsKtjhxWW0a6utz6iUqy712uvYhs0gAP0NeHeF/H97osqw3YM8B4ySeBXr2ja9p+t
2ontJh7p3zXXCopHymJwFTDy1VzReMY4qIx+1WASeDxQcHkdK006HCrXKZTHamsvtVwoDUbJQLXq
U/L71GyZ4xV3YRTSmetAGc0XtULQ+1aTR1G0fHSkBltD7VXkg9q1zF7VC8NAzGkg46VWaH2rbeHI
6VVaHB6UWAxpIPaqxjIrZkhqtJAKQGZytPWUip3gqB4yOlAFhJ6mWb3rNyVp4lIoA1kl96sLLWQk
9WknFAGjvqN2BqBZgaGcVcWSytc9DWDd96253yDmsW6IINehQepz1DDuBzVF1GavXJ5qi55r16b0
OOW5EV5o2U6itESRFAaQx1LgUEUAVilIU4qcrSbeKLBcr7KYU5q1s44phXnmlYdyuVxTStTlTnoK
ayDuQKVn0GmQbcikK1ISBxkfhTd6f7RP0o9UFxm2jFLiZyfLhZvwp6Wt/IPltGo93uO7IsYoq2uk
arKQFs2qdPC2tyHi2YZ9ql1ILdlKMmZuKTHtW2vgjXZBzEVH0qZPh5rjjjj8Kh1qf8yHySOe/Cj8
K6YfDXXD1cD8KkHwy1o9Zh+VT9Yo/wAw/ZyOUxntRjFdaPhhrH/Pf9KP+FYaz/z3/Sj6xQ7h7ORy
VH4V1n/Cr9Y/57/pTG+Gmsj/AJa/pR9Yodw9nI5b8KUcdq6VvhvrYH3/ANKi/wCFea4O/wClP21P
+YXJI5/PtS/hW23gLXV7Z/CmN4I15f8Alnn8Kaqwf2g5JGOc9uKTmtRvCWuJ/wAsDUZ8Na2vW2NH
tIfzBySM/NANXDoWsL/y6GozpGrr1szVKfmgs+xBmjJqQ6dqg62jU02eo/8APo1PmXcTXkNzRk0p
ttQ/59GpPIvh1tXo5o9xW8hcmjJpPJvf+fV/yo8m9/59HpXj3Cz7Dgxp2aYIb3/n0eni1vz0tHNN
OPcdn2FBpd5pPseo5x9kYVIunao3SzNJyj3Cz7CCQ0ocnmpk0TWJD8tofyqynhXWpTxDt/Cl7SH8
yF7ORT8zjpSiT1rWh8B65MR/Dn2rTg+GOqyY33G38KmWIpR3kHspvY5kTIvWlWeNnCh+T2rubb4U
SZBnvDVrUvh1Z6Tol1fefvkhTco9a562KpuDSfQ1hQkmmybwh/qkr1LT/wDVrXl3hAYiTPrXqOn/
AOrWvDO4/9H36sXxP/yAL7/rg38q2T2rG8Uf8gC+/wCuDfypS2HHdHxvP/x9T/8AXVv5mmA5p84/
0qf/AK6N/M0wDFc73PYWyQuacKbinCgq4tAzQKWlYpIKKKKCgp2ab3oPWiwx4J+tPVyORxUYNLmp
aLi2i0lwe9TLIr9+aoinK2OhqGjphVaLuDS5xVdJSBzU4kVhUNHRGSaJFkIqRZahwCODSYIpNG8J
tF1JM1Ir81QDEVIjnPJqGjWNRovb1P3snHSr2l6vf6TOJrO4Kkfw54rID1IHHeqjKxpKMKitJHuH
hX4g22rpHb3mIrnp8x613GeOCCOx7V8uAkssoysicq4PSu98KfESfTTHa6nMZbYgL5jDd/8Aqrqp
1u589j8oa9+mezg+vFKeapWd/bX9ss9pOs0R6FWzirO7iupNPY+ekmnaQ8oCKjaOnhqd1oJuloVz
HTSlWioNRlaQFYxg1E8VWytNYe1MCg0NV3h9q1GTPaojFweKAMd4c9BVZ4M/w1tNEMdKgeDjpSAx
XhGOlVJYea25IPaqkkBz0pDMV4vao9gHStWSDjpVVocdqAKeDUgehlIPSmnjpQBOklPMuKp7yKXz
c01uKw+aTINY1y/Wr0z4zzWVcvjNehQ3MKiM24PNUnPNTXMnNU3bnrXrU3pqcU4u5JmjIqLcfXin
Blxy2K3WxNmPJwcGnc4quZ0Bz8z/AEqe3tNQuyBbWkzA/wCzSbS3YhO9Nd0XgsK6XT/AOt34DSQv
Gp6kjFdXpnwpiXD3j5PpmueeMpw3LjRnLY8rMqA4HLfWporK/uSBBCxB6cE17xZeCdGswv7iNiO7
KDW1FZWNuAIraEY6YQZrlnmUV8KN44Z9TwW08E65egZjKA9yprXt/hPqEwUzXEgz1A4r2rIx8i7f
woLN/eauaWZVJaR0NFhkjzO1+EVnGoM8zse4LVq23w10O3Hzx7seprsmUnk7iKjddi72HyisJYmv
L7RrGijBh8I6Ha8pZRN9V5q0mkaXH9yxiX320XetWcLbVzkdqhfUbqSLzYYd0Y9K5HitWnO7Rr7K
2li15FonC2qD320uIByFQfSqdrqsWoA20rGOXoAeKx9csb2w+ZJHZCexrnrYrkpOp8RShrytHQtc
wqdu9Qad5pK5R8j2xXIsyS2IYPK0voK1NCgYQ+ZNK646BjRTxEakkktGOVNJ6Gx50mT8zcU1bxSc
CXBpSQcsvKnvXPeJLEw+XLBKysxxgGtqsnCF1qKMbux0fny4yrkj1pBLKwyHP6Vy0N3fadBGZg8s
J7iobnUT9vhEEz7ZDkr6VzwxcWlfcqVNpnXebL/fakMso6u1ZOsSXFhbxXAY7W9aZpeqTag/3flA
rV14KsqT3J5Xa/Q2RcSH+I0GZ+7EVUkv7WGTy2ky3pTI763kYg5A9a1vF6RaZLg10L3nMPU0nmeo
X8qhWWGQHy5NxHYU7JPanzRekRNIfvQ9Y0/KgiI9Yk/Km4ozT+QtBTHbf88I/wAqTybU9baP8qKK
FIdojTa2R62sf5U0WWn45tI/++akoquaS6isuxCdP009bKE/VajOk6Wxz9ih/wC+asmijnl3Cy7F
b+ydK/58Yf8Avmj+ytK/58Yf++as0mKOefcLLsVv7K0v/nxh/wC+aeunaaOllCP+A1Niijnl3Cy7
Ef2LTweLSL8Fp4t7NelrH+VLRRzS7hZdhwW3A+WCMfhShwOiAfSmUopPUdkSCdxnBIpTcSkffaoq
KmyAk8126k/jWR4ncnwxqGevl8fnWnnFZPiY/wDFNX//AFz/AK0wMLwhzEmfWvUdP/1a15d4Q/1S
fWvUdP8A9WtAH//S99rF8Uf8gC+/64N/KtqsXxR/yAL7/rg38qHsOO6PjuYf6RN/10b+ZphXNSy/
8fE//XRv5mmdK5j3FG6GYIoANSEZoC0XHyDQMUvWlANO21NylFjMUuKdsNG2lcrlYzFFOxijGaLi
sNpc0bTSVTDYeD607io6UGpsNMlB4p6tioQacDzUtG0ZNFlZDn2qZXyKqBuKejGoaOiFQtEU3JBp
gk5qQMCKlm6lceH4p6yVF2oyQKVjRSZZWSpkcHNUQ5qRZSRgjFRa2xtGba1Z0nh7xNe+HroSW7O0
WCGiB4P4V7L4b8Yad4jtA0MojuF4aNjyK+e45McEn8DVi0vbmynWe0k8qZTnd61vCo0cOMwFPEK8
VZn0+OO/B6U8GvNfCnxKjvClpqgCSgbd+PvH1r0RZQ8YdGBQ8jFdsJpo+Vr4WeHdpItdqMVCr8da
eGqjmFK4pjLmpAeaXimK5CRxTCuasFc0wpQMqmIk1G8Zq4y+lMKnuKQGe8ftVaSGtVo81C0QoGY0
kHHSqjwHmtySEGq8kIxSAwJLfjpVR4SK6CSAEdKpy24A6UAYbIRVdyymtiW34rNnh2nOaa3AoSy9
ay7hyQeeav3Xy5rJlEsp2xpuY120mluYTTexQuXw/NZ8lwoJA3M3YLXUWPg++1Ft0rGNTXYaV4D0
u02yXGZWFd31yEEYexk9zy60sNT1BwlvaSDPdhXW6V8NNTu2DXUkcaHqCDmvTIILG0AFrbhMevNW
TcOwGdo+grmnmMpaJFxw1tWzB0v4e6VYIpuGV2HYiuotrWxs1AghTA9qqiTJp/mknnmuKdWc92bq
EF0NIXO4YX5fpSiQnqTVAS81IsvvWevRl27F4Nz1p+7iqKy81J5h7U2pJXYXLQbtT/lxgtzVdHyW
H8WOK5G/1C/i1cpuIHVVrmxGIdGKbV9Sox5na52uCBnimGMMCG6Gucg8SSQv5d5Fjj1ratdWtbpP
lYCppYyhV92+pUqUlsUdW0OK6t2a3AEgrJ0nUX06c2t2uFBxXWxzROSI2D+tYmoaG2oXxdW2JXPi
cK1NVqC978yoVLLlkVfESWS24u7dgLnPyqtTW5ub3QXNxCfMC8KavQaDaoyGb95t7mtPAACqoAHa
t6VGanzT2a2FKdjhNO029hk3mLIPYir91pV3dlRGfLXuBXSXl0tmgYqNh602C6trqLch5NYU6FCk
3Sct9fMd5S1S0KNpbNaWohflgMZqlqekyantCvgLW/5JK5x0pphA6jr716DipKz2Mtea6MO0057e
EW9zh0HTNZt14YQ3InhYjDZxXVGM/UU3yzgispYenJWRTqPVdzmdVsb28gS3HIFQ6PaXenxvCyfM
ejV1QQr25pjruOSOfWiWHj7VVHuCqWjyHCy29zaar5t1G8iE5+UV0MdxY3EIVYnXjnpWu0auCHUE
fSq32C1UkrGwY9fmrOlhnRu49RyqXMywgtbKd5VuAM/wsadPrdqrFYgzNTrrw+ly25ZSh+maSXRo
odPKQoWm/vZrS9VaLYSSuVIPEKyXIhdCGJ71tMAoD569q42GzubS+SSWIkA8kmusk1K0it1ldwCB
0rDB1qr5lVdvUqpBW90nwcZJGfSkwwGSMe1crfa7NJcq8AwpOK0xrDW0KSXJyD39K1p42nUnpsJ0
mjX5xnj6UVDb3MN7EJYWDA+lS5GcV0Rak7xdzMDRRSZzTWoJ3dkO4pKSloAKSlpKACiiigBeKKbR
QA6im0UALxWV4mx/wjV//wBc/wCtalZXib/kW77/AK5/1oAw/CH+qT616jp/+rWvLvCH+qT616jp
/wDq1oA//9P330rG8Uf8gC+/64N/KtntWN4n/wCQDff9cG/lQ9hw+JHx5L/x8T/9dG/maQe9OmB+
0z/9dG/mabiuR7nvRVhcU5RSZpwqWbxQ4KKUJmgU8UmzRRQmyjy81IBTgtTc0VO5AYuKbsxVvZkU
3y/ajmH7EplDTdtXDFTDFimpGUqLRVA60YxUpjwaYVquYy5GhB0pR1o6UmaBaokDU5TzUYpVNJo0
iycHNOUkVEDxTw3FTY3jMnRvWnnk1AGqQNUtG8ZXJMcUnNANLU2NExVbB5qRW96iIOKBxQ9i7tal
kEEg8gjo4PIrsvCvj+/0WRbe7lE1qeNz9RXDbuBUm/I55pwm4iq0qVdWkj6Y0nWLPWrUTWUqSrjL
Ybmr6vj2r5p0rWb3RbhZ7KZwO8e7g17B4X8e6frUKQXMnk3ecbSeprsp1U9z5rF5XOm3KOx3QYmp
Fb1qqHIPJXGO3SpA56nkH0rbToeS15FgGjFRI9P3nNBIpTNNK+1SZyKDTGQFaYUqwRTCuTQBUeP2
qFosg8VeZTUZTNAGc8PHSqssGe1a7R+1V3iOKVgMSa3+XpWZPa7ugrpnhJ61UkgA7UAcydJV2zJV
y2sbe3+5EC3qa0Wi56VCY8GnzsLE8czDjhR6AVYDnHWqajFTK3vRuBaDYHWnb/eq26lDUAWlkNPE
hqoGp28jvQBb805qRZeKoiQ55pwkwvXmgC+JSeAenSqmo61HpsQYNmQ9RQkn8R6gVh27W1zrTGc5
bPGawqtR23ZcbM29N8QjUHCgbX9xUut2huIReRYM8XYd6aiQxODGoz6iqWs6rNpixMnMb9veq5Je
z99hs9Bmlw/28xlvtsRj+UrTZNKuU1AR2xKwd2FZ9pp13d3guC5SGT5sA118UojRY+uBXJTw1Oqv
3it5luq0iawto9Pj2q5csOSavrLlcZGKy1n6jPXrTxMOPau6MVGKiuhje5pBxnrTwwz+FZyzVNHM
D1q1a+oFHxBIPLVMZyKwollhQPHIQB2zV3X590ygHoKz4JwoAJyD2rwqGCjjsdNVLpI0xFX6vQVu
psWWtyKwSblfWt2G4hulyjLn0rkJItrbwQF96j+1JaNuFwqn611zw+MwXvQftIfijOniKdXSWjO3
KY4wMe1NMY9K5/TvE8Mp2NIDj0NdDDcxXABRwfataGOp1ttPJmk6TWu6GGPPao2i9qufL/8AqpCA
eldastUZ2sUjF7VGYsdqvlKaYxTAzyh9KZtK9Dmr7R+lRmIUXApPGsikPGD+FZt3oVrdqVwVNbbR
+lRlDnrUuEJbj5mjmjoa29kyqu988GsnT7FJLh4tTd/LDcA9BXcOpzmoJ7SK5UiQDJ71yzwcJvnW
iX4miqso21rZ6fERbyr5Z6DPNSi5tsYEgNUY/DaxXLSGUlD2zWJqu2zlxCHC+tVOsqcedqyJXvOx
04vLQttEq5+tSA55/h7GuX0nR5LyT7VK+yIH1610zT2sSCMSLsX0NGHrOpDmqK3Yc4JaR3H0Ukcs
UxyjinFSvJrpUkyGrCUlAB60tMQmKMUtFACYop1IaAEooooAKyvE3/It3/8A1z/rWrWV4m/5Fq//
AOuf9aAMLwh/qk+teo6f/q1ry7wh/qk+teo6f/q1oA//1PfcYFY3ib/kBX3/AFwb+VbRrF8Tf8gK
+/64N/Kk9iobo+QZl/0ib/ro38zTCtWpEzcS/wDXRv5moytcblqfTKnoQYNOFPKU3BpXE4tC0oJz
TSeacKVik7EympFIqAGpFapaOiEifr0pcU1DUoqGdUUmM2UGPOcDOKlC1ueErBNS11bWQZDYojq7
BVSUWzmWi9fpUTw81u65YGw1y6tyuFVyF/Os5o81V7bmMacZxujOaI5phQ1oNFULRdapSMJ0Cp7U
meanMOM1EU5qrmThYAaeDio8EGl3U9Cb2JQakU81ArcVIGqWjWEydTTwagVqeGqbHRCRPnjmjHpT
AaUHBqWje9xxGBRkjpSj5qXFTcsTdzkCpEcpIkqHZIpyGHUVERSAmhaA9VZnpHhT4ky2RjtNUBeI
kASYya9Ys763v4hcWsoaIjIHevmNeTjHHet3w/4q1Hw9dBoJWlh/uM1dFOs0rM8jGZbGd509z6LW
QU8PmuW8OeL7DxFa7xIsU3TYT1NdEJGUAMMV1xkpbHzlSjOm7SRbVsdaduNV1kyKfvqjMsDmgAVE
r09WoAUrmoyKmBBpCBQBAUNRNGatMtMK0AUZI6qyRZrTdM1XeOgDJeLFV3UDmtOVBiqcqcUDuUzx
QGpzLTelAh4al3VETzS5oAlDUu41ECPWlzQBJv8AWnpyS2egzUG6ob5pfshSD77Um/duhqxDb64k
uoPbOMION2Kzda0+e0n+12rF168VXfR7mKPfli554pIdSvLVvLmUlB1DV5c6zk3GvG3Zmygo2cWX
LTWL2GPc8eRipLZLrXLnfcjbCvQZpj+IYQEiFsCzVuwHZbo6qFLjpV4ak6i0qc0UKc+lrMuRusUS
xIflUYFKsuKq7ufelD816VtLMybuWxKRTxMap76dv4oEXVnzUqTHdWcsmDUqy9fpQhPZ2MjWbkNe
cn5R1rm9S8aadpytGhLyjgALnmr+uzF0lCnBrzqw0Dz72SaTc5L8ZrgyetTjVq15vRMePSkoU+pq
v4l1zWWIjXyouxJxQNN1S6H72Ykf71bcVvZaXEGuSF46VmXnjm1siUtIgx6ZNb1M8qynbDQuiqGV
1qyvaxb0vRr6wfzEmLexNdfZahcx4ByGry6Xxzqly37iMAe3/wCqpI/EPiSXDJCcD2/+tXm4nB43
Fy53Gz8j0qeXukrSmvQ9ysdeIwk69uoGa24bqGdQUYZr53XxN4kVgxhJA6g5/wAK6rQ/HVycJPCI
2Hc5q4RzHCr97HmXkFXBQa92aPY8YGSaOK5vT/EyzKvm4Ireiu4ZwGVwcjpXbQxlOtpHc4KlKVP4
iXbkZpuwU8kkYFFdW2hnYi8mo2iqyKaVoQalRoxULR5q+UzUbR0dRFHYeh6VVutNt71Akq4HqBWo
Y6jMeKJJS0krjucnrtvc2FtHHZcxY55qGGys47NbmWcliMsua65olcbZFDKayLrw5b3D7kYqvXFc
dTDpVPaL/gGkZq1mVbaO1vLZpbSQhwM4PFR6Ze3klw8M8e1VPU+lV7l4dOnEVkCZB1UU9p9Uu02R
w+XnvisI4hQ91puXkrlOBt4V/mjbI9qTrn2rHsbXU7CXdI5aNjzkVuApIA0bZ9a76c3NarlfS5lK
NiPFGKeVwaTFaOy06kiYoxS0UAJijFLRQAlZPif/AJFq/wD+uf8AWtasnxP/AMi1f/8AXP8ArQBg
+EP9Un1r1HT/APVrXl3hD/VJ9a9R0/8A1a0Af//V9+rG8S/8gO9/64t/KtmsbxJ/yBL3/ri38qme
xcPiR8mOv7+X/ro38zUZWrEg/fS/9dG/mabtrz76n2ShoivsppSrJUUxkppkOmVivtSLxUzLUZGK
q5zuAtOBpg4pwoKRMjcVMj8iqoPNSI3NQ0dNOdi6CCa7H4axeZ4h83GdhHPpXEo2Oe1ejfCiHM1x
Mem44/Ciknzak4+ry4dsT4oaT9m1MXyR4RjzgVwezgH1r3Hx3p/9peGbpkG5442YfhXiUYzlDwV6
g1VaNmLKqqqUfMhZKheP2q7tzzimtHmsj0nTTKBj46VC0XPStJo+KhaOmpHPOimZrR+1RshFaLR+
1QvGatSOSdCxSwQacDUzR4qJ1Iq7o53BocG5qQNzUAzmng80mioysWQ1PBz1qurVIGqWjpjMmB9K
dmog1PBqWjeMh4oIpARTqkvcYaA3rTsZpNuKW4axJ7e4ns5xcW0rRTLyNhr1Hwp8SEmWOz1dj5vA
EjV5Nkg8H8aUgNw3I9a0jUcNEcuIwsK8Xdan1DHKkkYeKRZI2Gd6npUqvkYJ5rwHwx42vfD86pI7
S2g/gOSa9i0PxFp+v2/m2kwDY+4/B/KuyFVSW581isBKk7paHQq/b0qQNVNJP4SefSplbtmtEcHk
WgwpQc1AjZqQHrTAm60mKYGxTt31ougGsvtVd1q0DkVE45ouBnyr7VSkXrWnIvWs+ZTzTAoSrUBq
zLmqz9aAEozTaKAHClpuaM0XAeMnp1oDgn5Wyw6gVHNIIrd5GOABXK2mqS215LIWLITWNbEQpO0t
C4wctjsA78ZJx71l6pc28LhZoUKt1Yimxa/byn5yR+FRa5PbXFkGjILEcCprVlKlzU2n5FRhKEr2
K2mWAn1PzR81uORntXSlvmwPujpWfo0Xk6eAehq4CStVh4RpwTirNkzlzO5Luz3ozUYpc1te5BJu
pd1RZpc0ATA04NhHOe1QhqR3xFJ9KTdkCV2cxqBM08ijmsy61K08PWe+Ta1wRwvvUusaj/ZkM0+M
t0Fedxx3niTVQxJZWYcnoBXz+BwU8VUklpHqeuoU/wCNPZD559S8Q3pyZmVjnHaut0LwRAiiS+xk
jgHpW/p9pZ6ZbiGNQZMY3Y6VPKJODv3V9hQw1KjG0FZnl4vN609KWiGRaRp9m+1LeIj121qRNBHA
QkSDtwKpk74BkhW9zTlYCLarAt9a3vf1PJnObfvO5Ophc48lOfapngsAm020Rc99tVI5BHknlsUf
M7buh96fMQp2LSRRRDCYA9BVmG5uYW3ROwA7ZqoojTktk083QHCivOxeV4fEK692XdHTRxlalpe6
OmsvEQKhJ+CO5rcguop0zHIprzzeH6gVJDczWxyjnGe1eTKjjcJo1zx7ndCrQrPezPRdwxgHmgEj
3rmbHxEBtSbj3rdhu4LjBjkBPpW1HF06vu3+RdSk6av0LVBGajB5+8KdurqMxClMMdS5pBzQBXZK
ZtxVogUhWjcHY5q+0TF1/aMI5HJX1oi1aa5VkiQIynHpXRbeozweorAm0Xy9S8zztkT+nrXPNSp+
9SW5pHzZCYNUu8h52WM8cGiz0q7sJiTO0iHsTVTUDPZXwjW5JiODwaqS6nepNtgLOtczxFGm7z1k
V7OR0pU7s7eKQrxkdKr6VcXNyD56FavFNuVFd1OopLmtYyZBikqUrTTGasRHRmn7aTbQAw1k+J/+
Rav/APrn/WtgisjxP/yLV/8A9c/60AYHhD/VJ9a9R0//AFa15d4QP7pPrXqOn/6taAP/1vfqxvEf
/IFvf+uLfyrZrG8R/wDIEvf+uLfypS+Eun8S+R8pyL++k/66N/M0Yp8g/fTf9dG/maTFeY92fdxj
7qGbc01lqXFBGaVwcSsy1HtFWmX2qMr7VSZhKmVWXmgVOy+1RFcVSdznlCwClQ/NTM4NPHNMV7D/
ADCq8d69c+GMQh0MzMMFpHH615EEMsiRpyXcD6V7XoEX9n6VbwYxhQT9a0oxvI4syrfu+Q7Ndtxb
y2zciRCK8F1q0Om67NCV4diRXtVrdgMDmvPPibYiK6t76MYBcg4+hrTER0uYZPiOSpydzjV4GCc0
7ANRI2VBPfmpgRiuJM+wb10GlMimGPipu1GKuyBxTKjR+1QtGfSr5SonTmpaM5UzPeOomi5rQaPi
onjxzQm0cs6JnsmKZjFXHTPaoWjx2q1K5x1KTREDT1ak2U4DFURG6HbqkB4qLvThUs2jIlDU8GoV
NSZFQ0dEZElFNBpwNSaXuGKaafQaBMYD81W7DUbrS7pZ7SVkYHOAeDVXFGAPWmpNMmdONRWZ6FF8
XdQtrdVlsBKy9XBHP609PjfIPvaYfzH+Ned7+No6d6rzWqPyuM16eExNNWjNHhY3K9HKmepJ8cHP
/MN/Uf41IPjdN/Dp36j/ABrxx4zEelPVxivep0KNRXR83UjUp3jJHsY+Nk5/5hw/Mf408fGuU/8A
MP8A1H+NePKQalUVqsHS7GLqSR6+vxolP/MP/Uf41Kvxhd+tgPzH+NePr1FW4etJ4OmugKqz1tPi
g03/AC5gfjVhPGr3P/LALmvMrReRXQWQxiuSrQitiozbZ28esG46qBUqzb6xLToK1IvuivPqRs9D
ZNss5zRSDpS1kWFHPOKKXOB9aAIbiAXluYi20MMGqqaHaLCYwQWpdaneC1CwHDsOMVhfbr6yxK7H
n1FcdetCEuWauaQi3szQl8OEn904HtWX9nkj1OK1kBI3dakGq30kn2iMMVrU0m8TUZCZYwJl7kc1
xqFCrU5VFpmrfu2ZrqBHCka+lLmkIwcUV7GySe6OYdmikHWlzQAc5pRSd6XtQA4GmzHFvIfYUCo7
okWrkVFR2g2OO6PPvFyvNCIU+8xq54d0ZdK01H485xzU00K3E4kbt61Y3udoB4FLI4JUXPuGY4mU
UqUdnuSbDnnk+tSLI8Y+bae3NQ72P3RTtjkZava5bnke7FaHIeJptVspzOsiiE9Bg1iweJ9RgkSR
nyvpmut8XRzXGlhIl3MBXnKWl+8ix/Zn64rzMQ6sZrlPqMtlhqmH/fLU9e0nUf7RsEuCMMetaHmu
3GKxvDtq1rpaJKMNjpWnvdOccV6MPh1PnavKqk7bdCXDA1IrH0qATml+0MOoqkzGxZBb0qVZCv8A
Dmqq3DelD3yW4JlYL7GnzW3Ycty5kHqvNSwXNxatujP61Qh1CKUDkVaW4UnivLxWW4au+e9n3TOr
D4qtR219TfsfEJ4E6/jW9DexToGST8K4IuJPlHH0p0c1xbnMbkfjXlzo47BrmqLnj5bnfCvRqabM
9DDEjmnhhXKWevSx4E+CK3Le9huU3I4rahjKVfVOzXQc6c4+hfznpS5qssuOMHFOWbniuvz6md7b
k2OaqarZm7091VirLyCKs7804SZ4PT0qakVNWeg+pyVhoc15lrtm+U7Rn0rbi03T9PQCQgHsWrUy
AOBj6VQ1TSk1WERGRkPqDXLDCU6Sco6st1XsiZVjZf3e0r6iozFzRp9tFp0P2Yy5fsWNW9gAyOfc
V1Qk+UizZRaLmmMlXzEDzTDGCKoRnlKaUq8YqjaKgCmUrH8ULjwzfn/pn/WugKVieKlx4X1D/rl/
WgDmPCH+qT616lYf6ta8u8H/AOqT6V6jp/8Aq1+lAH//1/fjWN4jH/EkvP8Ark38q2TWP4j/AOQL
ef8AXJv5VMvhNKXxo+V3H72b/ro38zQOaWT/AFs3/XRv5mgCvMe7Pvl8KExSAU/FJipSbKcbK7GF
TTCtTEe9NP1o1M2rsrsKjZeKskCmMBitUzGSTKbKc5oBqZgKiZdzbB1bgVSOaatrc6HwXp/2/V2l
ZCYowMZ9c16xtwAB2HFcv4S006XpKFxh2+Yn2ro43465rrpK2p83jKrqVLdCxFIyMKzfGUA1Dw0X
I+aM7q0lANMu4vO0ueA8jZVTV4syws/Z1UzxeBv3YHccVaQ5ANVLhWt9TuIj0U09JcivNasz7mhU
vBO5dU05aro+alVqpM6VJMlIGKYUFOzS9qY7kJQHtTDDVmiholxTKEkfPSoHjq9IBmoHXk1K0OSr
FFIpioytW2Wo2SrTOaUSvilzUhWmlaCbDO9ODUwjmih2KuTK9PDCoM4pd2KixcZlgnFLmoQ2aeDR
Y1UyQU3NANFJod7iZ5o+lJjJNLiiwXaY0oJBhhzVSS3ZDkc/SruSGp2Tzx1ruw+NqUZJ30PPxWXw
xF9NTMV8cdDU6vzT57VW+ZfvVWVivUV9NhcZCsvM+TxmDnQlaxdU8jnNXIetZ8LjNXoTk11SbWjO
DlubNoeldBZckVzltzg10VieVrhrO6NI9jobQdBWrEOKzLOtSKvLqbm0SdeBS0gorAsKANzAHpRS
qDuU9eelNJPcDE1ufybyE9VU5NVtU1ZNQto4QmCvfFXL22ju9URZH2gHpT5NFsx9yZc/WvPq068p
Wg18zeLj1GWGtWcFqIZY1yB6VX0cCbVpJoxtTPAqZ9BtnVis6lgOOadoFtNbzOJBx2NFNYhSSmlo
E3G2hsNzzSUrcg0ld+2hgFGKKWgAFLmkooAcDVe/crZt71PVXUziyOawxLtRk/IumrzRzIRnPQ1Z
8rauSwxUEUpxx0pS7E88iujJotYSJxYyS9q0TGYLwo/GmZd5ACcj2pnBOPWphiJc9zxXptdjlW1h
ZdoYLgMKV0hj2/uUz1ziolOZM96ddXMEW0O3OKLreWgXdyaYbgrx/lTkkJXa2PzqsmpWgikVjzt+
XHrXnt7rOopqMvll/LB4rnq4qENnc1hTlI9NEO44UjP1qteXI06IyzkKo9TXDWviO4AXecMD61av
r3+2LcwyTBQw55rllmVO3u3+4qNB9TdXxLC4zGQR296x9ckvdUdXgDADsCKy00SReIbkfIOOaU2+
r24+QxkD/arz6mOq1fdvobKklsWIrvVbVQvkOQPfNWU8S3sR+eKQfhWQfElzany5oDkdSppjeMIf
47Zs+5Fc0YVF8P5lOCZvf8JoVJBLBh6iki8ezlzGEJzXNl7jV5c2tuee5XFdHpfg50QTXcqoDycV
6+Dp127tmUlT7Dn8TXsswdQ23PKiuk0rxdGxCPKYm9DWRO9lbqbeyiMkg4LEVz89vNHMQw2t/sc1
pisqw9f3rWkuqCjiqlNvqj2rT/EO5RubcvrkVvW99b3K7kkGfSvBLe41PTUEzAGLrgnk102keLPP
KoFeNsgcCvIqU8Zg9X78fxO6NejX/us9d8wr3qQSDjvn0rjbTxE0JAnQtnvXQ2V7HcYkj6E9K6cL
jaOJsoPUJ0pR30NH7dbpP5LSAP6VY8xM/fGR71wWvNMusgwg7j0qRbXWCysTwR61nPFyhUajBuxS
pK17nRa9pjalAslvPskTk4PWk8MzTyW7wTksUbqTWELPVlUuGwcetaHhOZjNMkq7ZAeTnrWNKpKp
XT5WipRSjudURnOKTaKZ5nzGn5HFeoc4mwGmNEDUoIoxmgCuYRWD4vix4T1I/wDTL+tdNtzWD4yT
Hg/VD/0xP86AOG8H/wCpQ+1epaf/AKpfpXlvhD/ULXqWn/6pfpQB/9D341j+I/8AkC3n/XJv5VsV
j+IudFvP+uTfyqZfCaUvjR8tP/rZv+ujfzNJSuP3s3/XRv5mjFeXLdn6DBe6hMd+9dH4X0zRtYkN
teXbwXH4f1rngo79KXLq/mRyMkg6MtVGVjOvSdSNkz1c/CnSsBv7SuQD0IVef0ph+FWlZI+33IPf
5V5/SqHgvx8yhNO1WQkDhZGr0wgPEsyNvjYZDA9a7YKEj5bE1MVh5as4A/CvSv8AoIXP/fK/4VE3
wt0r/oIXP/fK/wCFeg4z659KjZfrVeyRySx9bds86l+Ful9tSuh/wFP8Krr8NdOtrmOYX9xJ5bbg
rKuD+Qr0d48jvVWSP2pqkhfXaskYDW6xIsa52qMVFkg1rzQk5zjFZ8sRBqkrHI23qOhkxirURDB1
P8QxWcMqamjkOfemwvrc4zWPAN9eaq91bOBGwHBqqnw71gMcSJj6V6Skm7qeaeVORgmsnSiz0IZl
Vgkonn0fw11pgCJU/Krkfww11ufNTH0rvIZ2QgZNalvdE/xGpVFG6zrErqebp8LNa7yr+Aqwvwo1
Ikbrlh+Ar1CN8qOTz71T1bxBa6NA7zyKGxwCap04pFLNsVUdked3fw/GmW5kurw8djiuO1CKGBis
T7ver/ibxpc6vcsscjJCD0z1rnjMH53sc+tcs2tke1hXWkr1GRl8sRTWp23nNBHFZanda5ERTCoq
TGeKTAoM3Ei20m2piMUm3NFyeQrsgqFlIq8UFROmapMiUCqDS05ozTCpFMzasKDTgaZgil6+1MVy
YNTs1AKeDSaNYyRKKUmmZpetSaXFPNGeKUCkIpj6CA01oVkGTwadtNOGKulVlTleJjXpQrR5ZIpm
MxNntVy2YdRT1VX4YUv2Yq2U6ele/hMz57QmfM43KHTvOBq2Z5FdHYfeFcxZnaRmumsCMiuus01e
J46i4uzOltOlakQ+WsqzOa14vu15lTc0RMKU0YpSKwZQ2lU4cGloxRddQvYw9U0+e71ON4SQM8kV
KdBcYzO2e/NS6tdyWkkTR9CearnxAigcHdXHUnh4v39DRKUlohZPD0jA+VcMGHPWpdMu5PMNlMvz
pwGHeqp8QSNny1OT0p+irLNcvPKpU5zzSjVpTny07sORrc2R1IoxTjSDpXatiGJRS0mKBBTqSigA
71T1biyq53rP1hsWwHvXNjH+5kaUvjRz8fUipOQpf+FfvUxRknA5rD8Taq1pD9mhb534bFdmAmqW
Bi2cOIjzV2jRTW7NrjYihgO4NWJdTt9u8gAdMZrnNLsktrTcwDSEdattbxOAWWuL+2JpvQn2CL8e
vWSyYYD865PVNUkOsGZDuiycDPatoafbHnyxSHT7Vs5hT8q56+Z+2SUkXCmomdBrdrK37wBD9auC
bS5Rzgk1BL4etpASFAJ6YrMn8OXC5MTnHsa5l7Kps7GrXY1msdLmBx8p9c1UfQ7Qn93cNk+hrCmh
vLR8OX4psd/uGHYgjsTit/Zz+zK47XNG5srqx+aG6Zh7nNVjqeqIM+YpX3FV2vFaQRxfvZD/AA9a
3dK8N3l9iS4Vli9GFdNPDVJdiHKMd2YcMOoapdBFQfMeSK63TvAtqWWa95Ydq6Ox02101MRRIGx9
7FWWJPOcGvXoYaMV76OadWXQgjjttOjCWcI3e4pr289180z7U7gcVZQIGLd/elJUkbjXVLlWr0MW
3exSS1H+rtlA9SRVmHTbWFfMlXzJak3c4UYHsKnt7Ge4cYDAeteTiM4hF8tH3pL7jtp4KTXNPRGZ
PYNfNiUgRDoBWjp2hR4CwIRjuRW7a6XFFzIMmtJdqDCKFHtXnSpYvFvmxEuVdkdsFTpL3FqU7XRo
kOZWyfStWJUh+WPjvUAfPJ604OQc5ArqpYSnRShEidScviZWudbs4LkrLEGkXpn1qF/Fku44gCpi
oNT0Eag3nRkhzWfJ5+n2MkD229ugbaTXLiJYrmetkaxlTUbGl/wk95Kv7uNcAVoeGJGleWdwAxOa
y9Dv7G206Q3UabyMYYc1t6bJA9uZYFCjpVYelU9opSncKjVtjaWX5yalEtZqye9TLJ713mBoCSpF
eqKy8dakWWgC4GzWJ4y/5E7VP+uJrTWT3rI8YN/xR+p/9cT/ADoA4nwh/qFr1Gw/1a/SvLvCH+pU
e1eo6f8A6pfpQB//0ffqx/EX/IEvf+uTfyrYrG8R/wDIEvP+uTfypS+E0pfGj5cb/Wzf9dG/maUc
UN/rpf8Aro38zSivLluz9Cj8KDFLig0tIojeJZBhxkg5VhXbeD/HMulXEdnqO57Y4Ac9FrjcUhUF
eRx61UJuL0OfEYWGIjqfRsMsF1brPayiWJ+dw7UMteLeFPGF14euBHOTNZscdeleyaff22rWS3Vo
4ZG6oDyK74VUz5DG4GeHei0HFeKgdavFeOuf6VCy1qzz73RmzR5FUJoetbTx8mqksIpAYLxEGouV
Nak8XtVJ0wTQIWJwOvWrkcmQKzlIU5NTROc8dKRRf255FSRStECSdqj7zGsy91qy0qAy3ciqQOFz
1rzvxB45vNVzBZr5EI756iolUikdWGwc6r2PQdb+IOn6TGYLd/PlIxlecGvKNX1271ad3ncspOQD
2rJ5LsxyzHqxNKvJrllUbPocPhIUdGgOSasQqSKaFqaOslqemop7Eg6YpccUnagUGqWgm2kIqSjb
SZDRFjNJjmpdtJjmgLERWm1MVpNmaAcSIpkVC8eKtbcUhFNMiVMptGaj2Gr2wVGY8dKpM55QZV6U
4VI0ZpAlMhJpgKeBTQMU8GlY2VyQLSFaUGnZosbKwzFIBTjS96i+oNKwqjFW4c46VWA6VYjPSq5n
fQyla2upowxqccc1sWakOM1lW2OMCtu0wWGa9PD4qcfdep85j8LCV5LQ37I5xWxD92sez2jpWxAP
lracufU8dx5HYsigilFOFYsBmKG4GacV5pGA24oTa2Cxm6xZS3sUZh4APzGqqadYLGollXzB1rak
YxW0hzwFrnrTSjqsszrOVQVw4qneacYJvzNaUnY04NNs3PmxMCBV5QFACAAd8VhWDto981nO+6M8
7j71a1LVYrchbbk1tTnSprmdoy6+opKbNMck0dqZA/m26THqRT63WvvdzO1hvelpaKYCUUUUAA61
m60cW6/WtMdaytcbbCmfWuPHu1Bs1o/xEY0bBEd26AZrgL6U33iJmHKqw4rtNRkNtpTsT1zXD6GP
N1F5G7tRKo44SMPI5pRvWnI6s/KAuMcU0A49u9V727FtcIh6E1ANTRLvyiflPOa8hQk1dCJbx5oV
82D5lHUVDb65BL8knyt0NaagMBk5Vq5XWLNILstHxk5rWklNcrQctzp43hkG5JAfY0lyJFt2ZGX8
641LiWHmNyx9M1rWNvrGq/u0DRp/eIrVYScvhDRGbdXck8xQ7mcHpirNr4NvddKEQlFznca7/QvA
0ECCW5cM/U5rr4YYbZAkShcd8da9WhQ9n8QlJz2OU8P+ArXSYQ0qRtIP4jW89lHAhZmC46JWhuJb
npWZquWwrOK66c3eyHOPKrbtmTK4dyQMDtTMimu2GwCCBT4Laa4b5AVrHE5tTovkpe9LyM6WBlN3
loMJAO7rU8FlcXTAhPl9a1rTSET5petaK7YxtQYFeY6eJxmteVl2O6mqVH+Gr+ZTtNJihALnJ9K0
lKou2MAVFnNKK7KWHpUY2jEmVST3JCffPrQCaaKXNbX5iEO3ZoaVIImllbCL2poHzYrH8SXPl2yQ
jOGPOKzqVIU4XkxpXZC/itvthMEbGFepFdBZ6jBfW4lLjb3DCsWH+yV0jyx/rcc9KxrS2uXdlt5C
FPvXEsZVpyXO1KL7G6pdTc8Rrp4st1vzKxArX0dDDpSh125xiuctdImmuUEsobbziuqVgqiNRwox
W2HhLmdWUbNmcydXFSB6qhuaeH9K6zMtrJzUqyVTDmpFc0AXlkFZXix8+E9SH/TL+tWg5rL8UMT4
X1Af9Mv60Ac14Q/1afSvUtP/ANUv0ry7wh/qk+leo2H+rX6UAf/S9+rG8R/8gS8/65N/Kto1jeI/
+QJe/wDXJv5UpbGlL418j5cYfvpf+ujfzNKKG/10v/XRv5mlAry5bs/Q4/CgxmlpQKMUFBQemR1p
cUEc1QhPvHGOPStbw94kvvDl4GglJhJ+ZD3rKxg0w/KuCM96SfK9DOtTjUg4yR9A6Jrtrr1lHPAQ
HK5ZM9DWgVGa4H4U6eYtPkunU/vCSvpivQNuACOCTXo05XjqfDY2lGlVaiQlBVeZParjCo3XirOQ
zJYsjpWfNB1NbUicVVmiyKTGYTxYJ44HNc54h8VQ6MHhtzvucfKPQ12EsOCQRwR1rxzxrYNaeInk
ZSUfox7VnNtI7MFSjOXvGVd6jd6lcNLdzFwxyF9KjB7HtUQ9/wAKcM55rilrqz6alFQ0RN97k/pQ
Bg0i04daVzdMeD2qZDioAOalQ80kbQZPnjpQKbu4pwambJjqUZpN1KDRYGkLSEUtFSIaaAKUigCg
aGkc00ipcUhBoFJEWKTFS7RQVpoyaIdtIYxU2KUrTuyHErlBTdtTstMxTRL0GYoxT8UhGKdhJjOl
LnmkNKCBzWfK76G10lqSqeKmiBFUZLhIxyeah+2M5wp4rvo4GpXt0R5uJzGlQvbVnRw3Ajxg5rXs
5/MYGuTtWPHOa6XT+q8Yr1YYWNFcr3PmsTjJV3e+h1lh9a3IAdtYNh2ret87awqHIu5aUcU7pQo4
p2Oa5yhpFJgY96eRTCKLN7AG3zEMZ5DDFcpcNNY3bwW7su49BXVjI5HWq72kH2n7W5AKjvXPiabx
EVyuzW5UJ8pzZsbq7OZd2/1NT/2IyQFpJAr44ya2bfVYruVkXYFU/eqtrE1teR+RFODIeAFPNc6w
mHUb3v8AM09pN7Im0oMLUpI4JHTFXSMVzVrDeaPdo9yT5L9MmunIDIsinKtyK7KMm1a1rESXW40j
FJSnmkrSzICiiihgA61ka4AURT/erW/irI1sjeg/2q4cxt7DU2ofGcT4sumS1SFTxisLQE/fgDrn
NW/FUu67SP61n6dcfY7nJ6YrOXv0kkznd7yZa8QSFpwq8MGz9KySzlsk/P2NTahci7uTIQeTmkgt
J7pvkTC+tOlDlXKkTotyVNYuoowhcce1LFb32rzjAYj6Vs6doEY+aX5n9K6e2iW2jAVFXAxwK7qO
XtvmaMZ17bIyNN8LWtuFe5Xc3pmujjuEt0EcSKqj2qKOOWdvlQsTWpbaPsG+5O0H1r0eSnRWhilK
bu2S2Mk90Bg4UVpSMkC5dgMDuay7nVLe0Hk2+AcdayXmnvXA+ZueleVicbRp6t69j0aVKb+HY07z
WSQUg61lD7TePklmzWjaaMeGlG3NbEcMMAwiiuJRxOKWvux7G6jCGu7M200VAoebJPYVqoiRABFA
o3H8KUV20cNToL3FqZTqynoxd2etGc9aSlFbt3IClBpKUULQB2aKSimlcCSP7xY8BeprlNSnjutV
CtJhAMYzW1rd4LPT2VD+8esDRo7UMXvWGWOcmuLFVUpqlK2u5tCLtdFo6JLsMsbEq3vUHl31kGIU
qgHWuqgmgMQEDqyDpUkqLNE0UqjDConl1KS5oafMFiGtGjC8OebNPJcu5bA6V0BbLE+9VrW2SziZ
YxxgVNkA+/FdlKDhGzZnJ82w/PNPDVFnmn5qySYNxTg/vUG6nKRQBYD1meJnz4Zvx/0z/rV3dWb4
kbPhu+/65/1oAxvCH+qT8q9RsP8AVr9K8u8If6pPrXqOn/6taAP/0/fqxvEX/IFvP+uTfyrZrG8R
/wDIFvP+uTfypS2NKXxr5Hy9J/rpf+ujfzNIKV/9dL/10b+ZpOleZL4mfocfhQ6nCkopFDqKKXFM
BKafmkUL1bin4q7odqb7XLaADhWBJ/Gmld2M60lCm2e1+ENPOneFdPhb73krn64rbxn8KFQRRJCO
iKAKACW4FejFJRsfAYio6lRyewxhzTCKnIyf51FIyRjMjBB2Jp3SMoxctiFl4NV5UyKuYDruU5Hr
UbL/APrpjSexlSxkc+ledfEvTd9ul2B90ZNeoSISGyK57xXpgv8ARJ0Oc+WcYFZ1Fob4Opy1EvM8
HGCocd+Kb0NLGCY1+XDA5xQRXDvofVa2uOBqQHioBTw1FikycGpVNVg1So2aDaEiYGnhqh/GnA0j
ZMsg8U4GokNPFNbGiHU6mA0+kMKAKXFKBRYtCEUmKkK00jFAMQClK5oFOoM3EZso2ipAM0u2mS4k
BX0qJqsuMdqgZc1RE4OxESaTBp+AKilkCLmtIwc9InI5JJthIQq8mqE14CMLUFzeFztU1WBya9rB
Zco+/I+fx+azl+7iTZLHJqxEKqqeauQHPFeu0mtNDxuZ9Xc07P7wrptP6iuatBgiuksDyK5KuisL
Q6vT+lb9t9ysDT+groLbhRXm1Ny0W1FOoX0pT1rnZQhpD0pTSdqPnYBuD2qG6i86ydV+9ip+lIOD
7HqKb+Fx7gpNdDA0aK3aOSCd/LfJ5qkyR6dqO+NvNCnOTVnXrQ29z9ojJVWAHA70WujyXMayykhT
1ryKkakWqVOF7dToTSXNJkF9qUmqIFCY2Vr6HdG4s/Kbh4+Oas22mW1sMBdxx3rGv5xp2so8I/dn
74FbRpVMPL21aXxEyan8KOgK7fl/u0lIkguIVnT7rUuOK9CMlJXMrBRRmgUhAOtYutcMD7n+VbQH
NYmtjJJz0rhzJ2w5tQ+M8u12TzNUbk4AFUUieQhUHHqavX6D+0pS3IGO1aGnaPc3xDFTHF61vhMF
KpTUpbHJWqKNyla6eiuM/O3oK6Oz0uRsFxtXFXYLaw0xAOJJKuJM0q8javavWo4aMPh1OOVRsbHH
HCuAMmnnJpOFNNEmWKqCazxOPw+HXvvXsXSw9So/dL9rOtqPMPXHFRXOpXF/J8mQBTrfTJ7huSQv
WtuCwgtkAI3GvDnWxWMfuLlXc9KFKnQV3qzItNIkm+eWtmCzht1BAyamJ7DgUg4rooYKnTfM9WEq
jYpJLdcCik6jmlrqbbM7dbiijNJRRsA6iig0AGaWm0760AA609cIpkYfKBTByeOazNba8eEW9spy
eCRSm3EFqYup36XGqRq+fJJ4NaVz4dLRJLbvuVl3YqtZC2h222pQkMOjkV1Ee1YlEL5QDjFcVHD0
qqk5q9++6NnN09InIA3mnv8AMCqitLSHur+7E0jfu16Vr3ltHfW5jddrHjNFlarZQCJTkDv60UsL
KnJWd4g6qa2LTEbjikzScHpRXdZLroY7i5paZmloAfTgeKjzTh0p2AeDWZ4jP/FO33/XP+taA6ZN
Z/iFGPhu9bBx5f8AWk9A2Mrwh/qh9a9SsP8AVr9K8u8Hj9zk8c16jp/+rX6UAf/U9+rG8R/8gS8/
65N/KtmsbxH/AMgS8/65N/KlLY0pfGvkfLz/AOul/wCujfzNJ3pX/wBdL/vt/M0CvMlufocfhQva
nCm04UihRS0nSgHNMYpOAT6V2nww00XWtzXDjIQjBx7ZriXOI/evYvhhpps/D0twwwZn3fpj+la0
leR5ea1vZ0Wdo5LOTSZIFOILlscY/WsjXPEFjoFi01zJ+8wdsQ9a7XJI+NpRqVHypblvUtQtdLs3
uLtwqgZAz1rxfxV4vvPENyY45mhtE4TaxGT65HNUvEPiK78RXhlnY+Sv+rT0rIwOoOa5KtXXQ+qy
/Ko0Vzz1PQvB3jyWOSHTdVk3pnajHjtXpoKtGrxENG/IIOa+b2UOMGuw8H+NptEdbS+YvZt8o9qK
dZ9TDMcqUl7SnuetyL1UVXlgEsLxsMgqR+lWbaeC/tlubSQSRsOOadgKw469a67qSPnJc0GrrVHz
hrNkbDW7iEDC7yAMVnOuK7z4m6c1rq63gXhn5/GuIkX0rgl7sj6/DP2lKLKpFIKmZeaiIwaSCSsx
wOBT0aos04GmOMmiypp9QI1Sq2alo6IyuTIealBqsDzUitRsbxkSg81IDVfdUiNmi5asyYU8CmKa
eDTRpFEiikZM0A0/PFFimiHGKBUhpAB3osKwAU8DFAwKUGmCS3Y1huqMpU5GR16VWuLqOJcL9+tq
NKdWXKkcuJr0aMXOTKt1IsCHPWsC5vWlbAPAq3fM0iFieax+cmvfw+DVNXkfF43MHipPk0RICM5p
ymoh9aev1rti7HmtdWTKeauQHmqKmrkJ4rS4r3Ni16iujsOq1zNoeldNp55Fc1VaDR1endBXQ2/3
RXO6eeldDbfdrzKq1LReTrSnrTVp9czKGmjtSmmmgA70lLQelAEMsUdwoWUZAPFEsq21uSxwqjgU
/jmqmq25utPk2ffUcVMpOCfKtSorXUoDxFtZ9ycdBWZFGdQvss/yE8g1d0qOxe1lN3gTL0zWZIWj
u3aA4U9PevHrynaM670vsjphZm0dSFjfrYg5hHetgkcMPukVzMOlXN+hYjZ/WtzTYZobbyZjnHSv
Qw1WtV1muVdPQxqQVyxS0UV1vcyAdawNdOd4rfHDVz+tk7pTnoK83M7+xVlfU3w7fNoecPMkOqSu
43DjjFbNvPqN/tSEGGDvkYqnZLE99LI8ZdgeBXSRGVkG44HYV688XQoYeLnL5HmeynOcuVdRILCK
2AaQ739TU+8ngfgKmt7Ge4OAuB61s22lRQgNJy1eXUzHF4v3KC5Y9zshg4U9ampkW9jPdHoQPcVs
2ulQ2+DIATV4fKu0cCkpUcFTpu8/el3NZVukVoGAMBOBSnBPrSUV326PVmTbYUUUUAFLSUUALRQK
KADNLSUZAFAC0vOfWkXLVVv9RisECq2Zv4QKmU4Q1m7IaVxNT1FLGMYYb25ArMHiG4GGVQxqK3jX
ULtjdR4kJ4am3WlXGl3X2hVMsJ7DsK8+q685c8Je6bx5VuJeaqNQj2yx/vPUCoNP1K70xy0mXiJ4
HWtuzbSbuMyZEZH3gatR2ljcAtCuVBxmiOHrOaqe0uPnjbUsWtwLy3E4G3Papck9aaqBVCrwBThX
oruczd2KOKKKKYC0opucmngFuAMmlu7IEJT0RmqK4urSwiMl5Kq4GcZrhNf+JKqZLfSwdw43AVtH
DzqOyIlUSO41DVLLR4mluJVyBnbuFeda58QZdWk+w2q4tpPlY+1cVdT3F/KZruTzC3NSWnE0agYG
elegsFGlTbeuhz+1bkj1rwgCYkJ716jYf6tfpXl3hH/UivUbD/Vr9K8o6z//1ffqxvEf/IEvP+uT
fyrZ7VjeJP8AkCXn/XJv5UpfCaUvjXyPl1j++l/66N/M0opG/wBdL/10b+ZpRXmS3P0OPwoWnCm5
pcZpFCg04YzTRinD1pgkOhQzXMEQHzM+MV9C6FZ/YNAtbXksFz9a8T8HWA1DxRbxsMoqlicdOlek
+MvG8GgwCzssPchMDB6V00mkmz5/NFLETjRii/4o8W2Hh22cO2+5P3UB714vqmrXutXTXF43zHlU
zkAVBd3d3qF1JcXUpeRznaTwBUI9ufes6lRtndgsujQir7gCRR14ozRWJ6S0DpTSAwwQCPSnUmaP
MTXU3/DHi268OThXJks88qWI259PWvZdN1O01uxS6tJA6sAcDrXz3jI9fY1paJ4hv/Dt0ktpIzR7
gXjJ4xW9Kq72Z4+Y5XGtHnhuei/E/TDcaA1yoyY2XIH1rx0DKKa94bVrHxd4YuBDjzWjJZfcV4Y0
PkSyQtwYzjmitZu6IyyUlB0pborOtQstXHX5RULLWCZ3Tp2KxGKQNUjrUJGK0RzNNMlBqRWxVdTU
qmhlRnZlhX56U7r7VCDT1NSzoUrkgPapoziqxPNPVqk2Tsy4rVKDVNWqZXzTTN4yLGacDmogaeDV
XLvckoNNzTgT1HNMbdlcMDIH50qK8koijQtIf4RToIJLm5WC2BaV+wGa9g8F+BbfSrcX18olujgj
cOlXTg2zzsdjoYWHvas8ok8O6/MuItOkCn+I1EngTxC/JtDn3FfSwbbwML7AUu9j7/lXrUK7oq0E
fE4rETxUm5vQ+ZpPAHiAjmzP5VSf4c68W4s2/KvqcOcfeP5UBz3/AKVrLG1JfEcqo22PlgfDjXe9
o/5U9fhvrmf+PZvyr6l3H/OKad3f+lL65IPZHzCPhnrzdItv1WrkPwy17/pmPqDX0gxJHBNQkNVf
XZWK5Dwm3+G2tIBuaL8jWxa+BtUhwWaP9a9YfdnGTVV8nOT+dZvFykCicXbeHruDG5o/zrVispYx
82K1pBz2qu+O1Yym5FFcIR1pTTz1pprMBppp6040mKAG0E07FIRQA2lUgHkcd6SgdaabYmjn9b0p
0YXEGSCeVqzpWlxvAtxNn2U1rEBuH5HpR8oGAMKOwrl+rwVTncbs153awnmKpA3BAOlDdc5yKp6j
ZPdBTExH0q3bxFYArE5Hc1vzOT95EO7DPPrS4I7VTvtUg09SDhn9uax11+5aUMB8pOKieIhTfv8A
UapuSujo+rEdDXOawf8ASypHB4NdHEfOhDnAJFVJNNR5vNkGcnPNYY6hOtSUYFUpqErs5u00n5ma
KHlu5rctdIRQGlJJHatJAkY2ooApTz1rOjl0IpSqe80XKtr7gAKgwigCkznrRRXobaIxbdwPNJS0
lO/QQUUUUrAFFFFABRRRQAZxS0hoFAC4NOVC1IoDE84ArIvNRuJWeCzGWHBNTOaj8ug7FnUdUisl
Kp879CKzdFSG5u2mvXyf4Qe1QafFP9raG8TczdzUd/aS2ErAkgN90jtXnVq1VP2trx6o2govQvDV
YrbVmiliBjJ+VhWxNqltbrEJCWSUAAHtmsLSIbGaNxe8upyGzWX5cmp6+8UBYwwuNvPFaU60lSvH
Z7CcLuz0NbVtM3XMYtEIVz82K3bS2WxtliXnPJz60+L93EFcAsO9OznmuqFJRlzLcybb3HUUUVs/
MV+gufQc0vJ+6MmlSNm56D1rH1vxTp+hAqzBpcdAeppxhKfwik1Hc2SFiQyTMEUDJNclrvj+x0+J
4rLE03Tk4rhtb8YanrcrKjmG39jWCIxkMSWPcmvSoYFLWRzyq6aF/UtavtYk3TyMFz90Hiqaqq/d
AHrS8ZPP0orvjBQVkc7be4VLbZ+1R5Peox0qa2H+kp9amqv3cvRjh8SPWPCP+pFeo2H+rX6V5d4R
/wBSK9RsP9Wv0r55noH/1vfqxvEX/IGvP+uLfyrZrG8R/wDIFvP+uTfypS+E0pfGvkfLr/62b/ro
38zSikf/AF8w/wCmjfzNANeZLc/Q4/Ch4opM0tIoWjOCDSZpwHf0oC+pf0rV5dIWZ7fieTjcO1UJ
ZHuJ2uJnMkzdWNKO/PNISarmIVOKlzJCckc0UCipepezugooFLRYBKOtLRigPIQ0g9qXFJinYSVm
WNM1K50q6We0maMdHQdDUN/OLy7kudu0ucke9N7EZ4NNPWi/czVGCvJbsjPNRMKnbntUbVInGyKz
rULKKuMOKhdOM1SZzTgVcYNODUrLTMVe5zNWZMrVIrVWB5qVWFJpmsJFgEGl4qIGpAc1DRunceGq
VHxVfGKUNSNYyLyvTwc1VR88VMj5zxTTNoy1J1bHPU1NbQT3lykFnG0kzEAAds1HZWtzqd19ls4i
ztgZxwK9u8HeDYfD1rFLc4kvCoLHHAropwbODH5hHDJ66jvBngqDQ4FubqMSXLDdk/w11+d3Wmsw
Y5Jpc59q7IxSR8bWryrTcpsUjFIOKXNIeaevcwSQoOaXim0CjXuBIDR1pKWgLIKjbFSU00AV5Fqr
IvFXZKqyc0AUJV4qsy1dkXNVWFAEBFMI5qQ0w0ANNJSmkxQAHpSdqWkoAQ03FPxxSUDQ0ikxSmjt
Rdk9Sre3ElrF5kaliOwrEl1e51Zja2xMbDr610oO3tmqo023hna8iXEnU4rKrTcpXTNE0c/bw/2U
zjUEaWR/us1R2cX2rUVIUbd33RVnVtUN3L5FxEQF+62KveHrMJGbk/dHcV50oqpieR6qOpvF8sGN
8Rl7ZI5IpvL24+X1pdM1lrrEcwJOKy9SZtWvGbP7lCeR7VNoyj7V5mQEX1rWpXmq6UXoyYQTpts6
Qx88DHekKkcnPNc9q+vtNfLBaghRwWFPstZumYRvCzAdSK6frNLncFv6GSptRubvQYxRxVRNYtH4
Y7W9DU6XNtL9yZc+lbRlGWzRLi0SUU7bkAgg0hUg4yM1QnoriUUpVgOf0o2njOOaAG0U4rxnIFRv
IkClpGCj3o6XHbWw6lHIwtU31eyRgPNBzUtzcLDZCdehXPFTzx112Dldrljb8uMjNJnPHcVy1nq8
xu/Mc5QnpnpXUK6TIJYz8p61nRrwrawY5QcVzMo66biPSzJa/ezzUHhadJbHkAT5O7Na20So0bdD
XMPN/Y944ToxzWGJn7KaqPqXTV0dQAJG27V3jviqsrW+pbrZhlkHWqTeJIBbAr/rDxU+lQ4ie4cY
L1usRTqK0VdEyg07swFs5Lq/e0jBVVOCwrqLKxh0+3EcaDze7+tSxpHF8yKAzck0/qeamjhadJN2
1YSqSqLlewDnrS+w/Ok7/wCFKxSJN80ixoOcmunVuyM27bj0Vm4C7qivr600uEy3U0YwM7Sea5Lx
D4/tbItbWCmSUD7ynivN72/vdWnaa8lYq3bccCuyjg5T1kZTrJbHW+IfH9zeBrbTi6IDjetcY6y3
EpmuZXlf1c9KVAEHyjGO9L1PPNepTpRpq0Tkk3P4gGBwKXFLiitBCYpcUUZp2AUVLbf8fKfWoc1L
bf8AHyn1rOr/AA5ejKh8SPWfCP8AqRXqNh/q1+leXeEf9SK9RsP9Wv0r52W56B//1/fu1Y3iP/kC
3n/XJv5Vs9qxvEf/ACBLz/rk38qUtjSl8a+R8uP/AMfEv/XRv5mlFK/+ul/32/maSvMlufocfhQt
Opo606kUApc8Uh60o6UAAoNLRQAgpT0pDRQACg0tFMBKWik70AFFFFACUEUtFIBlMI5qQimFaRLI
yOajcVORxTCtBlKJVZahK1bZaiZauMjmqUyv0NKG9qVlpnNXuc2tyZWqQGqwJqRXNS0axqWLIanF
eM1DuHWnl9rD5WZz0UAnP5VF22dHPG12KrAc5rU0bS7vXLwQWoO3uw6Ctfw94Gu9WdJ7tXit+Gxg
DNepabpdnotuIbKEKmOXI5reFJvVnmYzNFRjy09WS+E/DFl4dtFwA9033mPOK6dX79ee9Y0UxB61
ejlz3rsjFRR83WqyqPmb3NAPkU8GqyPx1qUEnvVGJOKWo1b1qQMKACjpRyTSnnrQAA0uabSg0AOF
IaM0E0ARyVXcVZYVA60AUpB1qqw5q7IvNV3SgCoV5pjDmrBU0wpQBARSEVKVpCKAIcUEVJimlaAG
U3vT9vNIRzQAw0dqcVFJigBoznig4xnn3FOxSGgCreafbX6bHG0gcEVhTjUtKtnt4ctCepxXS9T7
incHh1DZ4waxqUua6juUpaHNR+VBobMP9Yykk+9VLK0ubti8Z2wr1Irp59PguU8rbtQc8Vl6hFdW
lv5Fmh8kjkr1NclXDq/tX0WxpGfu2MidI/tHlRDLE9a6rTbWKzslEi/OVyWzXO6TGkt2A/DL2NdN
eMEsnwwyF6U8DTajKvLcdWV0oo5GcCW/zGcAtjpWvcaNDDbK6Tnzjzism2t5dQuCiZDdeKs2dtdt
qwhnZsoOC3SuWg01OTXxMupZIit7jUQ7pvOFqeC/vrmYRR8tW1qsMcFs3lqA2PmYVztjdPZ3AmUZ
xW1ecqFSnBS90UYqUWXG1a80y6xej90OtS3l5cyRC7tm/wBHfp7VnXks2vXPlbRgnmtieyGnaMlu
DnDE4+tWqjnCpZ6LYUopNFHT7m5uZTLM/wC6TtUjXH9t3qxRsREDzjvUOkDcjx54LdKgsG+wajhD
8pbp6VjHENwppv4txuC5mal94fgeI+Q+HXvik8qeDQ2gm52kjn6VtbSQGXleprK1S8ilt3tk++Dy
2favRnSjC82Yw1VjENvbpp0csbfOVG4Va0jUmt2ETjKN61Y0PTbKS2DStvOORms69ikj1BoLeM7T
904zXnVIzi41aWxtFp+7I61TnDxn5aqXWlWt3JvfOao6TZX0D77iUmP0rYJyxI6dq9TWpG8o7mFu
Uzo9Cs0OetaCgKoRfur2ozSruPRc040401yoLsPcflTkQvznAqK7vLTTYTNdOq8Z5NeeeIPiFcTl
rbTSqJ03gV0UqE5mUqiidnq/ibT9DibJEkuOBmvMta8X6lrbmJXMMHoB1rEkMtw4kuZmkf8A2jmn
fhXq0cJCG5yyqNjQg3bmzu9QetPI9f0pKUV0mV7igcc0uKBRQAUUd6KYBRTqKYCAVLbj/SE+tMqS
3/4+E+tZ1f4cvRjh8SPV/CP+pFeo2H+qX6V5d4R/1Ir1Kw/1K/SvnZbnon//0Pfu1Y3iP/kC3n/X
Jv5Vs9qxvEf/ACBbz/rk38qUtjSl8a+R8uuf3s3/AF0b+ZoFDf62b/ro38zQK817n6HH4UL3pxpt
OX3pFBS9KXikoAM06kpKAFxRikooAWiiigApMUtFABijFFFACUUd6KVgA02nUnenYBpFRmpTTCKl
kMjIzUTripyKYRkmhaGUo3KrA1GwFWXXHaoXXbzWil0OWpG3oQEY5LfhToQ8j7Y43dvRQT/KtfSv
DGoaxIrKvl255LN1I9q7/TPD9lpMYESbnxgsa2hTbPLr4uFPZ3OR0fwXqWoYe4VYIiOGDZP5V6Do
nhTTNJw4RHl7vjkmpY5SuApwPYYq5DNzjA+praNNI8qtmFSeiZsxyAqMAAdBTz83Xn61Qjk561bj
k4rVHG5Nu7HlSOlSxyleppoIIprJ3oJNCKfjrVtJM96xEcqetWopznmgDWVuakB5qlHLk9asK/NA
FlTTxj1qEGnhqYEmaMU3NOoAM4pC1BGaaRQApNMYZpxpO1AFV15qF0NXGXNRMlAFJkqMpVxk9qiK
UAVTHTWWrLIaiKmgCuRTSKnK89KYy0AQ9qaRUpWmkUAREUYp5FGOKAI8UmKcRSUANKg4oP0p1Jim
nYBvOc9KAxBPoadTSOaS0dwWhALO2Wbzgnz+1U9S0y4u5PMikwvda08Ed6UAKMgkVEqcWmktx31u
czb217pt0JViLD2qPUr+7upQkELrKT1rqt74wD+dN8uPdu2/P64rBYeVNctN2RblfcxZpntdGWG7
fM7CqOliKQtDLgMRxXRT2UFzIHkGWHTNQ/2TaiUSYww54pVMPJ1lLdIcZ2OdjZtN1LJGMHt0xXQX
17az6f5gcFscinz6bDc/M2AenNQJolsvGTj0qaNCdLmpr4ZdOwOaZi6bexW11vdTsc8VJfaRcxT/
AGiDLo/Ix2rdGlWYGGUEDpVlPkTYCSBShgfc5Ju76BKt72hzsJ1QwMih/mGOae+hTyWqhD+9JyxN
dBuK/doLkEkZzW8MO4/G7shz7GZY6MtgVYtlgORnitEFVbcEG71ApOMck5NHKnAGa1jCNKPKthO9
7sUsTwOfpTRktjbT0RnOM7B61lar4o0zRlZWfzJwOgOa0jCTdooltLc1WVIY980gQe9cn4g8e2Wm
qYLP95KeMiuL1rxff61Iyx5ijzwDxWEsYXnAJPUmvRoYFLWRzyrdi1qGpX2rzGW5lcp/CpPAFVwA
uAoA+lHIwM0vSvQSSVo6GEm5BRRRTJFxS4oFGKYCiiiigBcc0Ec0veg9aADFLiiimIKkt/8Aj4T6
1HUlv/x8J9air/Dl6MuHxI9W8If6kV6lYf6pfpXlvhD/AFIr1Kw/1a/SvnXuegf/0ffqxvEf/IEv
P+uTfyrZrG8R/wDIEvP+uTfypS2NKXxr5Hy8/wDrpf8Afb+ZpKHP76b/AK6N/M0CvNe7P0SPwoKd
mkxQBQMcOlKKQUtAC0UUuKAEopcUmKAEooooAdSEUtJQACilxRQAmKTvS5oNABikIoHWlNFgG4pt
ONJUktDSKYwyQOo9PSpG46nA9T3rW0HwzqHiG5CQW7JAesxPGKIxb0Mq1SNON2zEigkuZhBbxb5D
0C8mu78PfDxFCXmrk7+qx9q7rQvCOm+HoAIoUkuO8rDJrTmXccnn69q7KdGy1PmMZmbk3CGxhm1i
gjCQosaAYAA7VRlj9Bx61vywgjoKoTw8dOM1va2x4rdzHbKmpI5OnNSTR47VWIKmgSNKOXpzV6KT
J61hxy89avQzc9aY9zXjk5qwrZrMilq2knANAiwyA00HaetOVww5pxCmgB8U2D1q5HOCaz8Y6UqS
FTQBsxyZ71MGrJjnAPWriTAjrQBeDCnhqqq4PepVb3pgTE0hNN3UZoADSUuaaSBQAvamEU7dSc0A
RstRlKsY9aaRQBVZKiKVbZajK0AVSlRMvNWytRslAFVlqPbVl15qMrQBCVppXipitMI5oAjxxTSt
SkcU0igCI0lSYpMUAMxSU8ikIpoBtBHFOpDSQDKXmlpafW4EZzS4p2KSpjdLzAaaTmn0lVrYNBpp
MYpx6UDGOf5UrX16he7G80dKeAzfdUn3plzLb2SeZdTJGo7E80crfqD01Y5FZ2ACZ9T6VVvtQstJ
haS7kG4dBmuQ1/4gJEJLfT8E9Nw5rgLm8vdQcyXU8jZ7Z4rto4OUviMJ1lsjrPEHj+6vC0FiAsf9
8GuNfzLmQzXEjSOe+aAoXhQAKcCR04r06dKNP4TnlOTABVHy/rRQeaStCLC4oxQKWn6AFFLikoAc
KWkFKKADFGKWigBQKMUtLQITFGKWimAmKkgH79PrTKkg/wBen1qKv8OXoy4fEj1Twh/qRXqVh/q1
+leW+EP9SK9SsP8AVr9K+de56B//0vfu1Y3iP/kCXn/XJv5Vs9qxvEf/ACBLz/rk38qUtjSl8a+R
8uSf66b/AK6N/M0CiT/XTf8AXRv5mgV5r3Z+iQ+FDxQKQU4UFCinU0GnCgAooooAKKKKACkPWiig
QopabSg0AFFFFACUtHaigYlFLSFiE3MaPIWm7ExziljSSV9kEZkkPG1RWjo2h3uu3IitYmK5wWI+
7XrvhzwLY6FEkk+2e5I6kdK0hRcjzMXmcKCdtzj/AAt8OJ7kx32qMY4xyIGxmvT7e2gs4VhtkEcS
jGFHWrLZBGMKg6AUw9MiuuFNJHyuKxdTES5rkLrznjHYCoHUVaIqJ1z2q7WOO7e5SdMiqkkXFabJ
xVZ48mgDHmh56VQniI7Vuyxc1RmgzmkBildpqRJNp61NNDgmqjKVNAzRinq/FLxzWEkhBq9DP6mg
DZSQYqdWz3rNjlGKspJx1piLopCtRxvxUwIxQBGDtNTpPjrTCoIqIqQaANKOcGrSyj0rFSQrVuOf
J5oA1RID0o3VSWUetThsjrQBNuo3VFvzRuxQBKGFODVX31IG4pgT5pMUzd0pwORQAhFMZfapKMZF
AFZlpjJVkpTGWgCoyVGVq2VpjLQBUK00rVlkqJloAgK0wgVPt55prKPSgCHFNIqbbTSvNAERFIRU
pXFNI4oAixQVp5HFJigBmKSnlaTFACUmKdikxjrTC1xtJxSkE4wM090WOPzJ3VF9CaIxcmF7EeCw
wBQ+y2jLTyrEoHO41zWtePbHS2aK2Tz2Axx2Nedan4q1TWXbMjRxk/dzXVSwlSo9NEZTrLod5r3j
+wsFMNgWkk/vAZFeeaprOoa3KTcyYT0DGqAjHUsWfvmnDivTp4aFP1OaVRsakSJ0wKdnrnJpDRW9
7bGYpxRSUopDClpKWgAooooELSijFFMBccUCl7UCgBRS0lKBQIO9LRiigAope1AFMAFSQ/65PrTM
U+Efvk+tRV/hy9GXD4kep+EP9SK9SsP9Wv0ry3wh/qRXqVh/q1+lfOvc9A//0/fu1Y3iP/kCXv8A
1yb+VbNY3iP/AJAl7/1yb+VKWxpS+NfI+XH/ANdL/wBdG/maKH/10v8Avt/M0lea92focfhQ6nCm
04UFoBT6bSg0wFooooAWikpaQBSUtBoEJRmjFLigAFBoA5o70AFHsBknpSEgDJq5pul32s3HkWMD
uQeWHAFOKcmROpGCvJlPeAQoBZ+m0V2vhr4e3OrSx3GoBo4ByF6Zrr/C/wAPrPSYkuL5RLcnnDDP
NdruJUKAqKvAUCumFJbs+dxub3fJTKmn6ZZaTbrDZRBFAxnufxqzz7flSgUHNdG2x87Ocpy5pO4h
GetIQKWgimSRkUwipMU0ih6gQlc1AyYNW+1RuM0rAUJEzVSWPrxWoyiq0kftRYDFmhzziqM0WR0r
eki9qoyw+1AGKy7TTlkK1alhx2qo6YNAF2GYkdauxSZHWsZGI6VbimwOtIZsxv6GrCuM4rKilPY1
bjkBPWmI0A2etO69aqrIc8VMr8UAOdB2poJWpAc9aQrmmALNjqasxz8dapslNBK0gNRZs07fmqEc
mKnEmaALO6nB6rB/enB+etMC4G4qRW4qmHqZG460AWAc08VCrZqRTQAppCoxT+tLgUAQFaYVqcrS
baAKrJUbJVtlqMp7UAVClMZKtlKjZaAKuykKVYKUwrQBXKU0rU5SmsuKAISvFMK1ORgUwjGM96NA
SIsUm05qcRse3FQXVxZ2Kl7mZVHoTTScnZA2kIRzgc0siJChkmZQg55OK4/WPiRY2YaCxKSSD0rz
/VPEeq6s7CSWSONjnCtjiuungpz30MZV0j0XWPH1hpqslsRJL0xjOK881XxXq+suwMvlxdsDFZIi
A+8dx/vHrSkcYzke1elTw1OC1Rzzqtkax/NuYkt3OetSYGQR1FIKOlbmYHrmkpTSUAFGKKKAEpRS
0UAJS0lLQAUtIKUUALRRRigB1AoFKBQAopaKKBB3p2KTjNLQAUoFJilFNABp8P8Arl+tMNPh/wBc
v1qKv8OXoyofEj1Lwh/qRXqVh/q1+leW+EP9SK9SsP8AVr9K+de56J//1PfqxvEf/IEvP+uTfyrZ
rG8Rf8gW8/65N/KlLY0pfGvkfLsn+um/66N/M00Urn97N/10b+ZpBXmvdn6HH4UOFOFMFOFBaHUU
lKKYDgc0Ug4pRQAUDrS0UALSGjNFCAKAaKPwpCfcXrTSy9FBJ9qR2EYyxABq3oniPTNKuTNd6Wl2
yHK7mIFdVHCVKvwo4MXmFLDxd3d+R0nhrwDqOtSpPcZt7Xrg/wAQr1zSdEsdDtxHZwrnHLEc15lH
8b44oxFFo0SoOgEp/wAKcfjgP+gRF/3+b/Cu+GAqR6HyOKzOdaWj0PWxz0OfWjHtXkn/AAvAf9Ai
L/v6f8KX/heA/wCgTF/3+P8AhWn1Squhw+0S2PWtppCDivJf+F3j/oExf9/j/hR/wu8f9AmL/v8A
H/Cj6pU7C509z1nn0pecdK8l/wCF4L/0CIv+/wA3+FH/AAvAZ/5BEX/f5v8ACl9Uq9g50esEe1NI
9q8oPxvH/QIi/wC/zf4UjfG8Y40mL/v8f8Kf1Sp2DnR6uR7VGw9q8q/4XeMf8gmL/v8AH/Cmn43D
/oERf9/m/wAKPqlQOdHqbIfSoZIz6V5efjeP+gRF/wB/m/wqNvjcD/zCIv8Av83+FP6nUDnR6XJG
c9KqyREnpXnR+Nasf+QRF/3+b/Con+Myn/mExf8Af5v8KTwlQfMjvJ4RnpVKSDrgVxL/ABhDf8wq
L/v8f8KryfFwEf8AILjH0lJ/pUPC1EO52pQr2pASB0rg2+Kgb/mGp/38P+FQt8Uv+ocn/fw/4VDo
SQ7npUUp4q9HLXk4+KZHTTk/7+H/AAqVPizt/wCYcn/fw/4UlSkK569HIanR68jT4wY/5hkX/f0/
4VKvxkx00uI/9tj/AIVp9XmFz10OcVIrk15GvxnGOdKi/wC/x/wp6/GnH/MKi/7/AB/wprDTDmPW
8Z7UxkOeleWD41j/AKBMX/f4/wCFTx/GQP8A8wqL/v8AH/Cn9UqC5kel8jtTlY155D8Vo5Tg6ag/
7aH/AArSt/H8U5/48EH0c1DoTQcyO1DGnBuawLbxLFcAfuAuf9o1pxXqSjhMGs3FodzRD8VKr8VU
WQEVKrelSMuI9So2TVJHqZHOetAFxT708Gq6vUqk0AS4o20LTuaB2I2WmFKnxmk20CKzJUbJVorm
mMlAFQpTGSrTLik8hmOFUmj1AplcU0qfXr2qzcG1tI2kuZwgA6cVymreP9J01CsISdxwDu5rSNOc
tkTKcUdB9nIOXIUepNZt9rmkaYHNxOGK9ADXmWr/ABB1XUGZYMQxnpxmuVmee8dpbmVnJ967qWXN
q8zCWIWyO91r4nhlaCwhPXAbFcPf6pqOpvmeVtvXANV1RVHAoI5716FPD04bHO6kmRCNc9Pm9TS8
06k5rVti33GnNHNLzS1Nr7hoNxSEUtFOwCYpMU6kosAmKMU6kNACUUtJQAUUUtACUoooFADhQaKK
AHClFJTgOKEAUUd6UCmITHNOpcUUCF7UlLRQAlPh/wBav1php8P+uX61nV/hy9GXD4kepeEP9SK9
SsP9Wv0ry3wh/qRXqVh/q1+lfOvc9E//1ffqxvEX/IFvP+uTfyrZ7VjeI/8AkC3n/XJv5UpfCaUv
jXyPltz+9m/66N/M0gof/Wzf9dG/maBXm9T9Dj8KHUoptOzQWh1HSkBopgLS0Cg9aAFzRmkooAWl
B7UlBIVcsQFqlGU5WQpzjGPNIeOelQT3SRDAPzVUuL4MCkXA9apZ3HLEmvYwmWc3vTPm8xzuMI8t
HclmnadvnyB6VHkdqQYpa9+FKNNWij5KrWnVfNJi9KOtHaitbeZlZCijNJS0WQCGiiilp2C7FzSZ
57UdqO1GnYLsQnNJR3paNAuxhzmjrTiKb0odh3Y00wrUpHem4qdBpkO2mkYqYrzTWWiyLUiEgUwj
2qbbTStZSimVcgP40wj3NTFaYVrCdNFJkR9iaAcdc07FIRXO42egxQfelzjvTRSmnGWoDwadmoga
eGrZTESq2O1WoW6VSVqsxSgcVqpCZs27dOTXSadtyvGfrXLWki8c102n8lc81lUs0COw03qMbQK6
a0OAOc1y+nZAHy10tqflHFebVWpaNePkCplJFV4zwOKnBNcz3KJlapVaqwJqQNSAtBuRUyPVNW5F
TKxzQBdV+al3VVQO3RfxqcKVGWkRfqaH5BoSj8Pzpw5qpLqen2ilp7uEEe4rEv8A4g6JYqdsxdx/
dXIrSNKrLZXJdSC3OmEe/jpTSYYFLTSoAPVhXlepfFO4n3LYRMB2JTFcjfa/qupMxmnZFPYGuylg
Kk99DGWJS+E9j1Txho+lAlpUdh6GuF1r4oXEhZbAbQehFcD5Cud0jFz6saXYAMALXdTy+nD4tTml
iJSJb3WdW1Ribi9l2nquazxbIDlssfU85q2Qe1MIrrUYwXuoybZCV47Uwg/hUxWmlaPUZDimkc1L
tphXmkMjIpMVIVppFAxhFFOIpMUrANopcUYoASkp2KbQMKSloxSAbQaXFBFADaWjFGKACijFOAoA
KUUHrS0CF4pR0ptOHSmAtKKBTsUAJSikpRQIKKKKACnxf61frUZNPhP75frWdX+HL0ZcPiR6l4Q/
1Ir1Kw/1a/SvLfCH+pFepWH+rX6V869z0T//1vfqxvEf/IFvf+uLfyrZrG8Rj/iSXv8A1xb+VKXw
mlL418j5ZkP76b/ro38zS02T/XTf9dG/maM15vU/Q4/Ch2aUU0U4UXKHUZpuaUGgdx4ozSUmaY1q
x2TjOM0Zz04NNzgcnAqlcX3JSP8AOumhhp1XojjxeOpYdblyW4jiXlvm9KzZrl5jzwvpUDMX5bk0
ma+iwmXxpr3j43H5xUr6J2Q7NHSm0V6KSWx4r3uOo70gpc80xDwaTNN5oGakB4PNHemjg0uapAO4
pOKSjNO4DqO1Npe1IBKUUlKKAAim4pxFJg0AIelNNPIppBoKGkcVGc4qXtzTSOKBpkTDjimmpscV
Gy1JSZGRUZFTYphU1nKJaZDimkVKVNNIrCUBkeKSnGkrCUbAJS0lLmhMY5TUgqIU9TWsZCZZjeRD
wc1rWesXNsR8oI+tYqEZqymD7mtFZ7kNvod1pXjSOMgTR12OneNdLYASZFePJgjpip1QEdWH41Es
LGZPtGj3mHxVo7gYmA+pq4viDSyM/aF/OvAAGXG12/OlzOf+W7isv7OT6h9YZ78fEOlrybhcfWmn
xbosfWYH6GvBP32MGZz+NJsbvI/50v7Oj1YfWGe4zePtFi+6cke9Ztz8UrKH/UwsTXkIiGQSWP40
8KoPf860jgaK3IdaR6LdfFq7Ybbe3wPUmsW68c67eZKsqKevzVy49cD8alRh1xzW8cNTWyRm5yfU
uy31/dsWnuHOfQ01EHUux9mqBX/yKlR884/M10pKK0MndlgBQMAUtRq3NPyDRcBaU80maWhabCGk
Uw5qU00ilYCLFMIqYimkUPXcLkJFRkVORTCtTYoiOaaRUpFNYUwIyOKTFPxSUAMxSU8im4pFCc0m
BTqbSAMUhpaQg0AIaSnEUmKAEpaMUUAGKBRQBSAWlFJS9KAFxTh0pAOKUdKYCilzSCloAWiiikIK
KKKYCGnw/wCuX60ynwn98v1rOr/Dl6MuHxI9S8If6kV6lYf6tfpXlvhD/UivUrD/AFa/SvnXueif
/9f37tWP4j/5Al7/ANcm/lWwaxvEX/IEvf8Ari38qUtjSl8a+R8sSH99N/10b+ZpBSSH99L/ANdG
/maUV5bep+hw+FC0oNNNGaNSh9KDTS3HPWjcAMngVW7stRSairseKjmnjhX5myaq3OoLGMIMmsx5
GlOWJNerhcvc/ekeDj84hTXJT3LU1205wuVFQfjyKZntS5GeK+hp0Y01aJ8fWxNStK8mSBqOtMyK
M1rc53ruSDGaXPNR5pwNGgDs0ZpM80uRTAXNLmmk0Z4oAdmgGm5op3AfmimilJ4ouIcDSmmA07NA
C9qBSUZoAcTSDrSUUDFNNNLRQA09KQDinUhouFxuKYRUuKaRSKTIiuKYRUxFNKj0oLTICKaRUpFM
IqZIq5EVppFSkU0isJRKTIiKSnkUhFYuIxuaeppmKcKjYCVDzVqM81VXrViPrWsGQy5GatIflqpH
1q0lbxZjJsnHIp1MXpTs1ZmLmlFNFLTQDh1pe9NB5pc07iHdqcDUeacDxRdiJVapUaqwNSK1NMVi
0G5qRWqsG5qVWFMRODmnA1EGp4amSPpMUA0tCAaRxTSKkNNIpgRlaaRUuKYwqR3Isc01hUpFRkUB
cYV4ppU1JzTTSAiINIBTzmm80iriEUmKU0UAmIaSlNJSGIaSlNNoAWikooAWigUtIAFKaSloAcOg
pcUgpR0pgLRQKWgQUUUUgCiikpgBp0P+uX602nQ/65frWdX+HL0ZcPiR6n4Q/wBSK9SsP9Wv0ry3
wh/qRXqVh/q1+lfOvc9E/9D341jeI/8AkC3v/XBv5VsmsbxH/wAgS9/64N/KlL4TSl8a+R8qyf66
T/ro38zQDSSf66T/AK6N/M0ma8xpan6DB2ikOzk0vOeKaM4POBVS51BIOEOWq6NKpU2MK+Jp0PiL
kkyQqWc8+lZNxqDy5C8LVWSZ7htztx6UzI7CvocJgI043Z8pj84qVHy09iVW9eTRuNRg04GvUVrH
htNtu+4/PNL3pmaXNN6kWsPzS80wNS5ouFh3NLmmZpc0XEPB4pwPFR54pQ3FUmBIDS9qjDUu6ncQ
8cUuaaDQTQIdRSA8UZpgKKdmmA0uaYDgaXNMBpc0APzRTc0A0AOozSZooGFBoNJmgBT0ptLmigBp
FNNPPSmkUikyM0wipTTTigq5CRTDUxWo2Ws2ikxmM0win4INB5rOUSrkeKcBRjFOxWUohcVRzVmO
qy9aspREllqOrSGqydKsJW8TKRMDS5pop1WZiinU0GloAXNFJS0xC0opKKYhwzTgcGmijPNAyUNz
UitUANSK1O5LRYDVIGquGqRWpisWFan5FQK1PDU0JolpDSA5paYgpjVJim4pAR4ppFSHApCOKQEJ
FMNTFaYVoGRGm4qXbTcYNIZEetJUjY3U0ikNDDSYpxpKAEpMUtFIYmKKWkoAKKKKAClxSd6dSAXF
KOlAoHSmAopaQdKWgQYopaQ0AFJilooASnQj98v1ptPh/wBav1rOr/Dl6MuHxI9S8If6kV6lYf6t
fpXlvhD/AFIr1Kw/1a/SvnXueif/0ffqxfEZxol5/wBcW/lW0KxfEgzol5/1xb+VKW1i6P8AEi2f
KchP2iXjjzG/maY0ixAs5x7VDeXqQzSL1PmN0+prHmuXnb5jxWeHwUpybZ9Ris0p0YKMHqW7rUXk
ysXA9qojOck5JpowDx0pehr3aNFU1ax8tiMZUry98fS5pmaM10XOQfmlBpmaM0XCxLupd3FRAml3
VaYWJAaXNRhqUHNFxWH5pQaZmlBouDQ8GnZqOlBp3FYfmlBqPNLmmTYkzTgaizSincLEuaXNRbqc
KpMVh1Lmm5oBp3FYfRmm5paLhYdmgGm0UXCw/NKDTM0E5p3AeaOKb2ozRcBc0ZpKSlcB2aQ0lFAx
KaRTjxTetA0xrA0mOKceaQ1LKTImFMINS0hGelSykyHFLzTttGKhoq4qCrEY5qFRip4+tTYUnoWY
+tWUqvHVlKpIxkPFLSClqyBaUUlGaYC0tNzTs0AFOFNFLTEOzSjrTKUHFAD+9LnBpgPNLTAlVjUg
Y1AGxT1amSyyrcU8MagD08NTRLRYVqkBqurVIrUxWJKKQNS0AIQPSmmnmmkZoAaRxUZFS4xTSM0g
ISKaRUxWmEUrDIitNxipSKY656UMBhFNxT8UhFIYw0lOIpMUFCUlLSYpMAooopALSjrSUCgB9A6U
maUdKYCjpS0gpaBC0UUUAFIaXFIaAEp8P+tX60ynw/65frWdb+HL0ZcPiR6n4R/1Ir1Gw/1a/SvL
vCP+pFeo2H+rX6V84z0T/9L33vWL4o48P3//AFwf+VbdYfin/kXtQ/64N/KqiryBnxlOWN3OSc/v
W/majp8//HzP/wBdW/majr2IJKKsZSfM7scBQaQfWiruLfcXNGaBQaBCg0tNozTv3AdmlzTM07tT
5kAuaUHimUoNO6EPzQGpuaWndAPBpc1FmlBp8yES5ozTAaXNVzIVh+6nA8VHS5ouhWH5pQ1MBpc8
UKSCxJmlB4qMGlzVXQiTNKGqMGlzRdASZozTAaXNO6EOzQDTc0oNF0Kw7NGaaTRmnddwsPzSE03N
Lmi67hYXNGaSkNF0ApNIKDRRdDA0winCkpOwDBS44oNBqdCrjcUuKKBSdhiqOanQVGoqVBS0EyzG
OKmSok6VMop3RnJjxTqaKWndEi0hpaKLoBB1p2RSUnendAPzQDSUoougFoozQKd0IB1p2aSindAO
zxTgajp1F0BKrVIrVADTw1NNCsWFapFaq4anhqd0IsBqk3cVXDVIDRdEkmaKaDThRdCENJind6Q0
XQDCKYRUhFIVp3QyIimkVIRTCKltAiM001IwphFK6GMNJTiKbii6GNNFKRQRSuhiGkooo07gLRSC
lpXQDhSjpSCnDpRdAAp1NFLTugFozRRRdAGaQ0tIaLoA7U6H/XL9aZT4f9cv1rKs17OXoyofEj1P
wj/qRXqNh/q1+leW+EP9SK9SsP8AVr9K+dPRP//T9+rF8ULnw9fjPWFsce1bVVrtBLEUYZB6jHGK
cXZjPiG4gmF1PmGX/Wt/yzPqfaodj90cfVDX1hq/hfT5GYrZQgNzkIK4288GwMzbbdB/wGuyOKsr
GbieAhW/ut/3yaXa391/++TXt3/CERf881/Kj/hCYv8AnmPyp/W0HIeI7W/ut/3yaMN/cf8A75Ne
3f8ACExf88x+VH/CExf88x+VV9cQch4jhv7j/wDfJow39x/++TXt3/CExf8APMflR/whMX/PMflR
9dS6C5DxLDf3H/75NLg4+4//AHya9r/4QiL/AJ5j8qP+EIj/AOeY/Kj675ByHieG/uP/AN8mjDf3
X/75Ne2/8IRF/wA8x+VJ/wAIRF/zzH5UfXvIOQ8Uw391/wDvk0uD/df/AL5Ne1f8IRH/AM8x+VL/
AMIRH/zzH5U/r3kHIeKYP91/++TRhs/db/vk17X/AMIRH/zzH5Uf8IRH/wA8x+VH17yDkPFcN/db
/vk0oz/df/vk17T/AMITH/zzH5Un/CEx/wDPMflT+v8AkHszxgZz91v++TS4P91v++TXs3/CEx/8
8x+VL/whKf8APMflTWPXYPZnjIz/AHW/75NO5/ut/wB8mvZf+EJj/wCeY/Kj/hCo+0Y/Kj+0F2D2
Z41z/db/AL5NGD6N/wB8mvZP+EKT/nmPyo/4QmP+4Pyp/wBorsL2Z46M+jf98ml59G/75New/wDC
Ex/3B+VL/wAIVH/zzH5Uf2iuwnSPHsH0b/vk0vPo35GvX/8AhCo/+ef6Uf8ACFR/88/0p/2iuwex
Z5Bz6N+RpcH0b8jXr3/CFR/88/0o/wCELj/55/pR/aK7C9ieQ8+jfkaMH+635GvXv+ELj/ufpR/w
hUf9z9KP7RXYPYnkXP8Adb8jS8n+Fvyr1z/hCo/7n6Uf8IVH/cH5Uf2iuwexPIsN/dP5UEH+6fyr
13/hCo/+eYo/4QqP/nktH9orsHsTyIhj/Cfyo2t/dP5V67/whUf/ADyWj/hCo/8AnmKP7RXYPYnk
O1vQ/lRtb0P5V69/whUf/PJaP+EKj/55gfQUf2iuwexPIdp/ut+RpNp9D+Vev/8ACFR/3P0pf+EJ
j/55LR/aK7D9izx/Y390/lQEf+6fyr1//hCY/wDnktH/AAhSf88lpf2guweyZ5IiN/dP5VOiN2U/
lXqv/CFR/wDPNaX/AIQtB/yzFH9oLsHsmeZIjY+6amVG/umvSP8AhDR/cFH/AAh3+yKP7QXYn2J5
yEb0NLsb0Nei/wDCH+wo/wCEO9hR/aK7B7A862t6GjafQ16L/wAId7Uf8Id7Uf2iuwewPOtp9DRt
Poa9F/4Q72o/4Q4elL+0V2D2B51tb0NAB9DXov8Awhw9KP8AhDfaq/tFdg9ged7W9KXY3pXof/CG
+1H/AAh3tR/aK7CdA89CtnpS7W9DXoP/AAh3sKP+EPPoKX9o+QewPPxG/wDdNO2P/dNd/wD8IgfS
g+ED6U/7R8g9gcB5b/3TTgj/AN2u8/4RA0f8If8AWj+0V2F9XucMEbHSnKreldx/wiFH/CIketP+
0fIPqzOKVWz0qYA+ldf/AMIg3Xmg+EWx3p/2muwvqzOSAPpUgBx0rqR4Sf3pf+ESf1NH9prsDwzO
WCnPSlKk9q6j/hEn9TR/wiT/AN40f2muwvqzOW20hGO1dV/wiT+9H/CJP70f2muwfVmckUJpm0+l
dh/wiT+9H/CJN70f2kuwfVmccUJ7UwofSu0/4RJvek/4RFvel/aS7D+rM4kxt6Uwo3pXdf8ACIt7
0n/CIHvmj+0l2H9WZwuxvSk2N/dNd3/wiB96T/hDz70nmS7B9WZwhR/7ppPLf+7Xe/8ACIH0o/4R
A+lL+0V2D6szgQj/AN2nbG9K7z/hED6Uf8IefQ0/7RXYPq7OE2N6Uu1vSu5/4Q8+9H/CHn3o/tBd
g+rM4cKw7UYPpXcf8Ih7Gj/hEP8AZNH9orsH1ZnEYPpRg+ldx/wiH+yaP+EQ/wBk0f2iuwfVmcPg
+lBU+ldx/wAIh/smj/hEP9k0f2guwvqzOG2n0qa1iZ7qNcdTXZ/8Iga0bHwoEdW2cjvUTx6lFxtu
VHDtNM0vCtsUiXPevS7EYjX6VzWj6X5KqCOldVbptUCvNOk//9T3+kYAiloPSgCpLbBhVR9Mjb+G
tNulNNAGT/ZEf9yj+yI/7la5pKAMn+yI/wC5R/ZEf9ytaigDJ/siP+5R/ZEf9ytaigDJ/siP+5R/
ZEf9ytaigDJ/siP+5R/ZEf8AcrWooAyf7Ij/ALlH9kp/drWooAyf7JT+7R/ZMf8AdrWooAyf7Ij/
ALlH9kR/3K1qKAMn+yI/7lH9kR/3K1qKAMn+yI/7lH9kR/3a1qKAMn+yU/u0f2RH/crWooAyf7Ij
/uUf2RH/AHK1qKAMn+yY/wC7R/ZMf92taigDJ/siP+5R/ZEf9ytaigDJ/siP+5R/ZEf9ytaigDJ/
siP+5R/ZEf8AcrWooAyf7Ij/ALn6Uf2RH/crWooAyf7Ij/uUf2RH/c/StaigDJ/siP8AuUf2RH/c
rWooAyf7Ij/uUf2RH/crWooAyf7Ij/uUf2RH/crWooAyf7Ij/uUf2RH/AHK1qKAMn+yI/wC5R/ZE
f9ytaigDJ/siP+5R/ZEf9ytaigDJ/siP+5R/ZEf9ytaigDJ/siP+5R/ZEf8AcrWooAyf7Ij/ALlH
9kR/3K1qKAMn+yI/7lH9kR/3K1qKAMn+yI/7lH9kR/3K1qKAMn+yI/7tH9kR/wB2taigDJ/siP8A
uUf2RH/crWooAyf7Ij/ufpR/ZEf9z9K1qKAMn+yI/wC5R/ZEf9ytaigDJ/siP+5R/ZEf92taigDJ
/siP+7R/ZEf9z9K1qKAMn+yI/wC5R/ZEf9ytaigDJ/siP+5R/ZEf92taigDJ/siP+5R/ZEf9ytai
gDJ/shP7tH9kR/3a1qKAMn+yI/7lH9kR/wBytaigDJ/siP8AuUf2RH/crWooAyf7Ij/uUf2RH/cr
WooAyf7Ij/uUf2RH/drWooAyf7Ij/u0f2RH/AHK1qKAMn+yY/wC7R/ZCf3a1qKAMn+yE/u0f2RH/
AHa1qKAMn+yY/wC5+lSx6YikELWjSigCCK2EdWVGBSU4UAf/2QplbmRzdHJlYW0KZW5kb2JqCjE2
IDAgb2JqCiAgIDQwNTIzCmVuZG9iagoxMiAwIG9iago8PCAvTGVuZ3RoIDE4IDAgUgogICAvRmls
dGVyIC9GbGF0ZURlY29kZQogICAvVHlwZSAvWE9iamVjdAogICAvU3VidHlwZSAvRm9ybQogICAv
QkJveCBbIDAgMCA1OTUgODQxIF0KICAgL0dyb3VwIDw8CiAgICAgIC9UeXBlIC9Hcm91cAogICAg
ICAvUyAvVHJhbnNwYXJlbmN5CiAgICAgIC9JIHRydWUKICAgICAgL0NTIC9EZXZpY2VSR0IKICAg
Pj4KICAgL1Jlc291cmNlcyAxNyAwIFIKPj4Kc3RyZWFtCnicK+QyUADBonQF/UQDhfRiLqcQLkMj
sJgukDY2NNczNDMwNDVTMDQ21jM3MTK0sFAIyeXST9M11DVQMFQISePSyMtMTixKTC9NTC5NStQM
yeJyDeEK5AIAncoViAplbmRzdHJlYW0KZW5kb2JqCjE4IDAgb2JqCiAgIDkzCmVuZG9iagoxNyAw
IG9iago8PAogICAvRXh0R1N0YXRlIDw8CiAgICAgIC9hMCA8PCAvQ0EgMSAvY2EgMSA+PgogICA+
PgogICAvRm9udCA8PAogICAgICAvZi0xLTAgOSAwIFIKICAgPj4KPj4KZW5kb2JqCjIwIDAgb2Jq
Cjw8IC9MZW5ndGggMjEgMCBSCiAgIC9GaWx0ZXIgL0ZsYXRlRGVjb2RlCiAgIC9MZW5ndGgxIDk1
ODAKPj4Kc3RyZWFtCnic7Xl7eBRVtu/etWr3o6qru7o7nU466fQrCXkQEjqEQEBSKiAK8swwiRIJ
DyMmYhIjGRoMCTIaw0MEMQTECDHDI6LkICKXDATOcADP0eFwhDvH0ZnxjHHmfteYo3M5nhGTyllV
nUR8zXfvX/e733drf1W79t71WM/fWquKUEKIQBoJEP+K1cuqP5TbthESf5kQ7r4VdY/7n/708HZC
EpMJoR3l1Q+t/vMzX1wgxIvrZMtDj0TKi86fTcLzo3hP4qoHl620iXcdJiSpCOcmrsIJ26vmXhxv
xXHyqtWPrz3bYS7FcReOtz5StWIZocefI8Q3FcfPrV62tpo/wK/D8Ts49lc/9mD1zsU7CnDcRwhr
IBwpV1v4ctaB1BqJR7HwV4jhCjWx1RxPsi9c6xtP5Gt91/pynPaAPSVgD5TzZKAWEgY+UVuM1r/+
5TFDOj6jjBDDXnadmIiLTFLiLcY6a61A6sxG6rIRPsUhmdNISAzGyjf6esPX+uyTcRtPsvvCN/rC
OSeOuXvcHC1NyQ077DKXSWlerj2UF/ATu0wC3P4t//P9f/10y+C5nh5OpTtpp/oTtSpCx9K76Aya
ebMjwn8cURvV3eoLagOKVKOFdSEtbvJTZZy0S3Q97xTrbLvsxufNO6HO/iyrde6kdUS2OKzpJoch
xhHLkzSHEOKCcUheWKPvWh+eaPRh3zfQJ/f2y3jIOTE/vioeCc2N0qfvgeFzrS/r6WHTNg9upU3N
zWqEa2rWSdv/GzVwdnDg7GDHb9T9SJ8b6fsD0mcjVUqCmVERdhprJaSIdxgEh8maZgmRNAMny9cu
9A70XuuT+5GS/vCN/jCKLYfO7rIUze6yFt0/u0suur/4DJGHzuFTZWzKJHv+pBLFrdiX2svs2/nt
bLthu7HR1GhuFBpFsVSjMeAK2aOU57po7UX1oWZ2uUldeSnCv9dH16hb+r7OiqChEG7oc9TpHJ1O
B9mqLHD4ZAfPeLuP8SLuJjMn+Bjj5SQOOEeS3QHA2ayclAScRZvKcIBYJ0tmBrQOao0ENWuVLKJg
YjxwktNAnPK1d+xuzQqm9va5UeiOyTmzFxUbZfaZkX3mDhtl02f6QNZH+qw2VxIM5eVSbC5kBwKQ
68KDvI4L/zuX++zgjJ3rB6/UH+fplT9F2BI0jggdr16JcCFuyoht1CJPErlN8YhmI9SxWrNmDYY0
k+CwoCGY0A6sw2Yq92qS7/+yPyxfyFHMOUKOmGPJkfhRC9BkGdU7kHPcnCZN35Gvs/rULfiupqGP
2Rz2OUmnRqUwFOSSAz6LmOTjvH6faBEzRIs/wMfSVraBjIlt9WxwOdaPqc7wi5aA1+R2uDgHMTld
45O9TmLLyZBvXOi71oumIPfbHVHnkXtvXEDTvKj2oRSjkrN+hqdG/VgSPE7QkUqVZwxJBp8xmCak
iWmWNCnNmuZL86cF0oJpoQKhQCywFEgF1gJfgb8gUBAsCBULxWKxpVgqthb7iv3FgeJgcahSqBQr
LZVSpbXSV+mvDFQGK0OdQqfYaemUOq2dvk5/Z6Az2Bk6I5wRz1jOSGesZ3xn/GcCZ4JnQoU5mfMz
92d2ZfKlpDTfnptEc8MT8yakZtNxNG9CciDMu+2hcTQUNLhiYn00ibpi+EAwua3B+689L7Y/evSj
D47TMVTYRBNaG7wX3ty1e9U/ffTP3epl9epO9aNZdPnhg3WP3bcyM3/SpVO//8+xY9WTe7c/VF66
bEL+hA/P//HTMBnGpuOo8wSSTHYps0TBDBaTD3gw+ngeMkw8SQQ+sU7cHXLWuWrtEl9nMxj9PIN4
E4kFvxjygtViYPHomP7k+Bg5LdEScgRTRrBC7pXPnbM73JNR6o7JdmyaSfeHw2g2ar9jstZGDRv3
YeXYUDknRKPNxpUi124nmjOMo5nUrtu1Dn+8K8aQEhVXJuULS9Zl/XaP6uqfsWzxbecGCdpcEeVp
wtuDLZu27t69dRP3vrTkp2pZhP5q672Dv4totnj13L43A63btrWg7Q/dQDksRDlYyWZlslWKuqmY
JIjouSKaJv+NU2eIYNE910hqYdRrzTZisI167Y2p6LX2UdZGHNY07LDIo8msGaAHRCqaBLNBdEpO
qyyHpJDVLyvyfFlEk6CuEMWmuZIZO8PC+sF3+wff3cb9cgd9nrag3iI3O9iSSGQgBL/TgImSxehX
X6JfeUihEk+ec28Aabt9g8W8HqoTrA6Lh8SkGKQEVM+1d/ToFfUTtS9HkXISqxLXcOvj13teTjTQ
Umrgh4PMqBlydtmBIs9nX05Rf62q6tPq3fQtuu4p6j/QMObXR3577dqHL5zJpJ1//ogeoA/ScnpA
uV3d8ctutUd9A9u5g4fJMM5AGcpaJJOVmCjKIMgIiDIhxBguaJFv9IYHesOjMVCx2aQcSZHmS2VS
tdQoGW/FmFxXFGHORfHFq8mB0+Rg2I9yEDGiZCsOssFi2OBYb6mOgxSXOcUmadFsWAAIHIhfVfEN
8T3xV+IRv1L0SBtl1x0VgX6E9T2nT/ec7e4+qzapRfQ1upZG6FF10RJ6B51N59A71G71LfWU2h2h
+2gFtpfUlRh3W9SVROf7PrQxFfl2kg1Kls1nNBoMPlm2ZchGajFBncBq7bTOSsxpRkeaLOJRQnHI
Di4YMwy5vehOvVEH+lJzIi3k3eI8aFVGIyWlSqLimu9aZah2NRkaXS+7jEZjrDHVmG/Ml1fJhtJR
4dERlNb86r6eHvoePHWWE3rUmwOrz2rS/PoPcDiCJsbnD9wRifIwE2NEOz+deElEGeuJMUpuCu3M
fUBoS3BYgbazQzKx3+NMnGWw5TllaSZP8jwGmbs9KYoIN27hod+NEDAC2Tknic9HfBTQ8GZ3CUUY
upOIgi9MIklD5/TQfTLbt93X5YNR3U9DuIx1DWPChFQNJnEwc/du+pXSUf/GW62DT22c8ZPKlU9G
IC/SsrTovXcHr0ciXF7Twy+9qoaidlKE/sIjP5qdZClO0mwxNDvaNDuZ5ppinmYLa4ZyQzeUAc1Q
TsrxSnxZPGhWMtEup0ax+VYr4Y5W339fTc2SJTXqn9XztJDGUw+dpp4vOkeRnZ7zqvr3NQhlBmqk
6epv1K/Um+r1UdmaZiEtOeQJpdDvcUq8IZOAbBzTnu6VD4yDtpRAXIzIjO3ph0KxZhLvFGZZ3HPj
TXkW2eCaGy87g7My/HJacl7q7eN1F5qKCVLvsNmgmDWpR8WOxqMJ3j0Zg6MikXB2WAmXhavD28Oa
4/+wXL83GFUB/8E9R2vferN1sKnhtkUPrGoY3N8wbeFS7J/RVDFt/6NPtkOkYtmVq5r46ZeXVu14
evAvt55p6ildvELTRzbqY6YhhsSQALlLSQ64mD0uqcMU12Gl7dBI2q3VpjZHwjRxqpPLc9l5mUwK
apalm5aGF71aRqpZlW5UxwtDiLL5ekankarpJxRMHYP005jYaPTQOLrUSm9mtVZ/TJn69cfVrVmq
gd5cWrG6pGR1xdIIC60d3LpogXpd/RrbtQWLmiK0/PTBrk8+OXbwtKY3TJ74Oai3OPITJYXE2k1m
J2W2djs7ENsmmdvth0RhgonLJfKdDpNsybPeHo/aQW8YzaF0P5AvaPHRoSnE58n2FHrmeZZ6Gjya
QkaSgO8Jfk6NYf6cx58+PzhzdzvHT3j1CV8Jn6v+6ieL3nlTXaLL9UxVpXnYzvnTSKORJJIHlaAB
iCCTdpP8stQcYzoIzZ62mGqvbCfTTJPNhkJ32KtJVYsSUcvHENErY7zW6QuWJTUkvZx0JYnvIT2G
HmOPqcfcI1whVwxXjFdMV8xXBAuCDNVF66Us4NJFnZ9r4EMjfgJ5cx+4fx73wWDKE5trn405mDlE
/qT2qe9j4iNRE/Vwxf9y5OCvHD8z/fqtdY+/2YlR0IrTaerbIz67Cm3EgjYyR0mhxO4V+A6P0BGT
1O5vlNpjqj1tNl+eF7N+a5401TjNHdaM5EbvwNSpvd83kpOFoYbQsZCGPMPmoNPLNGFbUe4ayShs
tyZ3qCp7+NGS+1Y/XEaX71aNWXuq/6gOUvhj9Z4sNCH6h4dPHzz2ySddB49GmhYtwCqMoZ9nLFhE
B9ZGcy12FfFfJvHkHiVor7PEacHPisHPYnDFOWySK9tsy7BLIbMeBz2aE19AL46CpF2vCvu11Om/
IxDNT6hOaEyAUTQPY0bEh7TKBUbSIi0wLvyKpqrv/1Xt/+KL6idf3LupWgP2zy5d/nfVFuE+fm3H
c6+O4iDRcT0N65nxSanEJ8daWSr1tVtTD5hiX3Y2xyW00XZTtRX81hAfm+vm8pJs6IAh2S2G0/Uc
XPPDKK1I6MXefvWiZjX6jN2h5385ylhfRkFMoaswttBdGFcYP9kzL6MhQ8h0ZcdmuxssDVKDtcHW
4GvwNwQagqJmRvYRPaTmTZg4ZVhFxlAeeoCfp3mj+uJXtaqGmUcffeXY14On1zVW1MbVLH2nhnqp
WW17akXFvfMWruS2DfZFmormH3vljeOFG9f/dMUnweC1wd9ff+TBB1c+EsXgYvSTLJRDOrUrd2Ie
aLMsCPjNAmcSF/gD/pG65DUW+5qHNZOjYzzNrqOONr02CZgsXs6d60JPN81zJXvnEVs4WptcGKlN
7MPFyQBWK3/q12H5B8sTRRLNoiCKWApJotWAIb2xIfPlzJ5MSDenC+niWMtYKd06MTQjVGIuEUrE
EkuJVGIt8ZX4SwIlwZJQhblCqBArLBVShbXCV+GvCFQEK0KbzZuFzeJmy2Zps3Wzf3Ngc3BzaI95
j7BH3GPZI+2x7vHvCewJ7gkdMR8RjohHLEekI9Yj/iOBI8Ejoaml9PsVysSoW3yvQkktq7G2bHyk
9u6Hd/5i1+c3H7i+scbc3PhIlbJox9X96pD6xYrf+2j6z+pnz1RmelLS9zz52hFfQL2x+tEZd0yc
5krJ27flxKtJep1NstXFbCbqw0JCpEbJHPF1qd0WRGdHl2+zHfK/4KlO9k0g6OhTA1bd76VJyaNh
QQNZuVf/VKGFvRG3H0kzkvU0I5kkD6cZillOKUxpSDmWwmMCfkuUSBnB3ZEoEoVjLn0kUqht3wkj
HYPLW7lZDw/HCh0Tvoki6qzIcE41fuhjOMxqMAN5QPG6BdlE2nlOR+ZqA3coTjbaqZnJQCZhLjK1
L/zOtQsaKiM8D/TKF0Y/fIhFGkPaN484naM4EjeSOM2LX4rZLZQ6Q9o3DnvAFbAPQ3LUr/5p7166
nI5R3x9boEzjXjC/dO6DffB6hN6jnowMrtkyffF9+zc2v6XrA3MU7jeIvSJxkSlKHHSaHe0xh2RL
u5XMNkiYiThtefbbY6MZ/DU9JIcH+j7E+kL0ubPdZe7t7i43o6VO3XiwhsP309Gw9svqBfOqquYt
qKabWgertOyBFS2oqsLJR79eo8ez4TxJp8FMxisOQ7upkSftHM0jshHy2O1C9N3Db9beK2aLZeJ2
sUtk2me0kXdxhcOviES0ED/8/eN5xGcXmaekS7vEnd/+LnbrZ7EMhxAy6CAd+w1I3+gPDwN0v4pW
p/bmnLC5fe4f+Sam1y0st3mwla5vblaf+vTb38N2Res5LW5vQvv3kLDiJu5mkOzNFnObVs3latXc
NEP41mpu4MLABVm9kHPcloiJDwbN4Yj7LT/VNM9vSv30H9Ve9TKdQB1Vf1xTLW94bFf9us2VG610
zsk3aCoVtYCbkaG+37Tp8n9+caVxrU5PoZb/o+y9ZG00/6eY+2MF0BhN/4W2b6f/evbP36nn/1rK
8538f+CbIPx/nP7bfyz9b+PId9J/LYOr/6H8nw59gLnb+/wYrPvrlQLBzJl+Llkl488NRit2c0xG
JIFnHBjmUEoyjMRiYhqXcIhYJbPJaOApMdtE7pvCf+Dbhb+G6d+t/NOYVvlLY/lMNpufze7n72eG
0sA3ZT52lL6tNq3hlm/EbMiyhW5frzahP0YGy7j9WOwv1OK1OpmtQrvwkbHkcWXcWL+cGLLR9A4n
afeaLM1GPtQR3+Y9xB92VmeZc41Jef5Em0ympk4zxoaztKB0IxqsR6HxonpBw0Y9zUB9KIkmIU5I
EwrH8cREzDyikmyOEfwmvzlZMOtxWUf6MXnRmHAbvTVVQh7oLalUHn9VPa/+ruK3tTW2LRs7mm5N
m+hXqnEkp4LXB8o++o9AQH24/KVLkVsTqKaIunc4tTodzVcwLmj8x2JcWKRkhNxGp8ffIZD2GIaF
gqdDbos5BC8I1cn8BLfTILu4PDLVO00KJ+uJYDiaCf5AVDhRhdDPjaQdufa/zdXuwRUdP87M1wEs
ck79DTbQuLR6ZwvaXzx5WAnFyky0OA+Y3BqcHjJVIydxs2J5GYmfKeXZZHGSR/sSoCWy0TwWrS08
WuuQBDrsPVow0AKBR3chD/EMu9CJ7QldCdy3Uirdk6Ls4Cl/Y7dqKNSdh968o7hyxUZ+zMDCaO3M
ZUYGn79Y2XaUfqDHLY16INrfHAvhubnYJ2FmC+hJDWSILqLL6Fq6ge7kLnIf+lP9Of4C/9FAcGhI
+89C9tOFtAzX64fXnbg+eXT9xzcNDz6ke+k+2oZt/3C7iO0y1f4QGf/m3f87G0+0v1MULSxRH4v6
keEuIZ8u7E3EgFwSjD4/tMUSO2JjDHHqfCah8LUtASVjJTaMyQHiwDgfT4Louf9/+7GNIxxdrx31
qulLKpMKMvxdD1eW0OU4asLjdlJG11MMoGQuWUJuI0+Rv+D8Rv1+H92I7aj+vLM4czZ6hvNH8SmE
FJEaspG06u+4xC/hy/n1fDmmQVvoFpz5nbaGlUAWn47XbsR9Pa4t185pIbZ0Uk6wSiDtOPMlrkfI
Xiqwd/HJ/0BTyCp8z1zcO9DtTUjLdWrlyqkFr63VDAwtBPnDTKOCrCERvO+63j7H8UoSYdcNMdyX
yNcsXDPwZeQTfHoNqaECzYVc7q9471ycada4op2Egwo02zJsY/Q2nSzH5xzEKyJkH7ecy+XHaFfp
tN9GPiAndbrLyQ4cLySd+pHAAHkP8mg50q/JJp6dJ4uN99CAwUqzjQ0oK2Lwko1cOfHBdFJL0MBP
GrSv3pRg5OniUu5e2aUsKPZfLglkjf3O0C8b/V1kfpcU8Z8aGppfzCewki6W2AUppi4+JfRvP7b4
b1ljZ88v9nddnTF9+Kkzyqbj3KJiPNVGOI3zM6ZnER2FuAdOPZYVM2Opbep/EJ9JV/Z778/9XyP9
V/MHPrZeN6fjtdoi1S/Ao3GT6iXElovr1dbrw/PfbCH+XVJu+JyUGeJJGbtB3Ia8oc/Zfjy/RJq4
t1EuB3Etb+iG4QGyGM7i+V9RcvPJfewqmckWkyLTz7BvJdl8PpnC3KQIz4swcyxj2aSI30iKtTU4
TsaDQGZqO3udlPF/wOuukkL+4NAH2vX6fpVkD9M0Hfd/RuKrkek43PtQf8VoAx9Fd/Y/kKou5Ay1
ZjyFgDUHwUrGHdcELHNFvM+SjDsiprSLECuuW/Ee2+eE2BsJcawkxInXO3HNic+OwTkXjl14f2wr
IW7c48q0/++6tEKcmWSSwyhVTvvLqmEwn0k34Zg/xTUqvVdU+PVseFeFdwR42wqXw3CpGy52wz/c
hAst8PcqnFfhXM9d7Fw99NwFZ3PgTD38UoRuFU6r8N9UOGWDkwK86YITqfCGAG8o/PG/87C/80DX
MQ/rSoJjHnj9ZYm9ng+vYfdaAI7mw6sidB6xs84wHLHDkUb+8Dg4tDeJHVLh4C8c7KAXfuGAjlcy
WUc3vPK4l72SCe3YtXfDgf0edkCF/R54WYK2l7pZmwov7StlL3XDS438vhdT2L5S2KfwL+LTXkyB
vXvsbG8S7D01dE4Z4vfYodUCrQq/2wstIrzQArskeD4edu5YyXaqsANfsWMlPLddZM/FwHYRtiv8
s9sk9mwMbJNg6xaBbQ3DFgE2e6H5mXrWrMIzeMcz9fC0CE8lwc9x8PMwbHrSyTap8GSNjT3phMYG
iTWq0CBBg8JvwCs2qFD/hI/Vq/CED9av62brVVgXKWXrumFdIx9Zm8IipRBR+LUp8LN8qMM76iph
DXZrbsLjXqhV4TF88mMq1NigppGvrhrHqlWoGgePqrBahUdkqJwNFQKsUuEhAR5S+PIAPFgPK1VQ
tq2ohOXdsKweylR4IBZKRRsrVeF+O5QUe1lJFhR74adhWCxC0SIPK2qBRR5Y6IEF82PZghSYb5XZ
/FiYh908N8y9N5HNrYd775bYvYlwr8LPsSWyOeNhNi7PDsM9OH9PPdwtway7BDarHu4SYOYMic0M
w4zpFjZDghlRlUy3wJ13xLE7W+COOLhdsbLb60GZaGaKFZRGvvC2dFbYDdOwm1YKt+ErbkuHqVPi
2FQHTClwsClxUDBZYAUOmCzApHwbm1QP+Xh3vg3yG/mJZpio8HkT4lheC0zINLMJcZBr9rLcFgin
Syyswngr5FhElpME2cnpLDsfxgUENi4JssbaWVYLjMV7xtphrMJnmiEj1cQyvJAuQbrCp42xs7QW
GINzY+wwRuFTTZCCj0jphmRngCWnQwi7kApBfGCwBQJ+EwsIEGjk/SbwK7wPV30ZoJxIsmexpALw
BiCxHhJc4AlDfBjicDlOBXdsOnNXQiyOYtPBxQTmSoKYOHCikJ0BcOC9jnqwI0v2LJBROrIKNlyz
JYJVBmsjLyFz0k2wiGBReNEGAl4qdIPZCyajk5m6wegEAz7WEANMAKbwPDgY7wa+kQdqY+AAUHgO
zzgVx0CxkMci8hRd+dQ2mvn/5kb+bxPwzeYl/wXrloP5CmVuZHN0cmVhbQplbmRvYmoKMjEgMCBv
YmoKICAgNjU3NQplbmRvYmoKMjIgMCBvYmoKPDwgL0xlbmd0aCAyMyAwIFIKICAgL0ZpbHRlciAv
RmxhdGVEZWNvZGUKPj4Kc3RyZWFtCnicXZLLbsMgEEX3fAXLdBH5EXtoJCtSlW6y6EN1+wEOjFNL
DbaIs/Dfl+FGqdSFzWG4A3dgsv3h+eCHWWfvYbQtz7ofvAt8Ga/Bsj7yafCqKLUb7Hybpb89d5PK
YnK7XGY+H3w/qqbR2UdcvMxh0asnNx75QWmts7fgOAz+pFdf+xah9jpNP3xmP+tc7XbacR+3e+mm
1+7MOkvJ64OL68O8rGPan+JzmViXaV7Akh0dX6bOcuj8iVWT5zvd9P1OsXf/1jYVUo69/e6Caqoq
SvM8DpFrcB25RrxO8QLxQtiCrWg20Gwil3niOMR4iXgpTGCSXOgr0Vdb8Fa4B/fCDObIBKbE0JBo
yIGdMM4iOcuAjTChFpJaCLWQ1FLDZy0+CXWR1GXgzYg3A40RjUGukVyCZxLPhHsguYcKNVZSI2Ef
kn3oEfwo+0BjksYgbiQODyZ5gOc4yMPdXkieUHrt3hv2GkJsi9SQqR+kEwbP956dxkmy0vcLERa+
JAplbmRzdHJlYW0KZW5kb2JqCjIzIDAgb2JqCiAgIDM3OAplbmRvYmoKMjQgMCBvYmoKPDwgL1R5
cGUgL0ZvbnREZXNjcmlwdG9yCiAgIC9Gb250TmFtZSAvV0RKQ1BaK0RlamFWdVNlcmlmLUJvbGQK
ICAgL0ZvbnRGYW1pbHkgKERlamFWdSBTZXJpZikKICAgL0ZsYWdzIDMyCiAgIC9Gb250QkJveCBb
IC04MzUgLTM4OSAxODU0IDExNDUgXQogICAvSXRhbGljQW5nbGUgMAogICAvQXNjZW50IDkzOAog
ICAvRGVzY2VudCAtMjM1CiAgIC9DYXBIZWlnaHQgMTE0NQogICAvU3RlbVYgODAKICAgL1N0ZW1I
IDgwCiAgIC9Gb250RmlsZTIgMjAgMCBSCj4+CmVuZG9iago4IDAgb2JqCjw8IC9UeXBlIC9Gb250
CiAgIC9TdWJ0eXBlIC9UcnVlVHlwZQogICAvQmFzZUZvbnQgL1dESkNQWitEZWphVnVTZXJpZi1C
b2xkCiAgIC9GaXJzdENoYXIgMzIKICAgL0xhc3RDaGFyIDExOAogICAvRm9udERlc2NyaXB0b3Ig
MjQgMCBSCiAgIC9FbmNvZGluZyAvV2luQW5zaUVuY29kaW5nCiAgIC9XaWR0aHMgWyAzNDggMCAw
IDAgMCAwIDAgMCAwIDAgMCAwIDAgMCAwIDAgMCAwIDAgMCAwIDAgMCAwIDAgMCAwIDAgMCAwIDAg
MCAwIDc3NSAwIDc5NSA4NjcgNzYyIDcwOSAwIDAgNDY3IDAgMCA3MDMgMCA5MTQgODcxIDc1MSAw
IDgzMSA3MjIgNzQ0IDAgNzc1IDAgMCAwIDAgMCAwIDAgMCAwIDAgNjQ3IDY5OSA2MDggNjk5IDYz
NiAwIDY5OSA3MjcgMzc5IDAgMCAzNzkgMTA1OCA3MjcgNjY2IDY5OSA2OTkgNTI2IDU2MiA0NjEg
NzI3IDU4MSBdCiAgICAvVG9Vbmljb2RlIDIyIDAgUgo+PgplbmRvYmoKMjUgMCBvYmoKPDwgL0xl
bmd0aCAyNiAwIFIKICAgL0ZpbHRlciAvRmxhdGVEZWNvZGUKICAgL0xlbmd0aDEgMTA2MjQKPj4K
c3RyZWFtCnic7Xp5fBRV9u+9dauqu3qrqt7TWbo7nU5n6Sx0CCSyWEBAZImIDEI00mASIAECAgKB
GNRhD4TNEDRCRCY6qBAQmQgIESOKymRGQUSdcSEuzIsZ5zcZBjGpvFPVCeBvfvPe7/P+ee+P19dK
1V3q1lm/55yLCCOEdGg1Isjz8PyZCz+/f08vQrHtCFEFDz+6xFOT9VIXQh4JIbyzZOHs+d+t/lsr
Qt4L8Nam2fNWlHzzm78PhOeX4Z2cOcUzi8Sn7jqCUHwYxgbNgQGzR/8R9OugnzBn/pLlJxP5LOif
hH7DvPKHZyIqmIeQ70Ho758/c/lCei0D8wnQRZ6FjxQvXLqCvQZ9D0LMQ4hCJXItXcLsB2o1yCUZ
6HcQ+w7WMoUUjTJaL3QMQMKFjgsdmRbRK/q9oreERt2LSXT3N3KtxnT9Px5hkxHw2zuSOsJchD1S
JJEicMcUnkihuTSFMMn4IDcXtun6IHP8fdM0AnNOuabH4yzso8wNPZ0NzMWf5gN1GC3uvUKO0Hko
GV2WRvjiqQTvcIM+zk3FeobrDfqJeoPHS9vxc6iBqQnYn7M1uGrM1YFwikdv8MZqHWm22OG8NmAb
k0Cl8Wh0itDV2nGhvUPoFDpFc26uSkR7d0cXjFzrFB25EXJMP8CjRv07Pf6IJxXjQmlawB3wBLyB
+ICvQFegLzAUGAvcBZ4Cb0H8NN9a91rPWu/a+LW+Wnetp9ZbG1/ra3Q3ehq9jfGNvlgptSr1kPWQ
7ZD9kOOQ81DUaetp22n7acdp5+koUyEqHJydFYezQoOyByZm4HScPXBQVsjusPnSsS+etVntbhyH
bVbWF5+4uJTevHHVEzN2r9mw8uM3phx/uJRev3TJsoJ123et+e792a1Dri97tHD6mKkD0oK/Ltne
GEz5fvaSyZNH3ZuSlrG5fNcrQaTKdAjINMAsQg40R4p16JBgrLHSWlTBUvXWsFMjiDjIMQGCMpxC
19COUPuFDyJygudWQW4Vc3Mz8fgm45RpbyAnkmBDJ3L2tuSIg3OmSzZGw2htGps2UZOozYiqiqqJ
2hulK7T4srPELNFr84pWO7A6OMsEzCVm/2nfvtdxgdw4cMzYkdQm7ZZte39NTpbhcfKxsp7CdRN+
NWPb2s2/RYpN9l6hN4Ed6FASekzKiPbqo5BgwBVRO7Q1Fu8W3+a4msRqS9hQYaKiGORNizcGXTwK
6BlXvD0lWdV7RyjUHtH7AJTR2S53XvtWVXturphrzs2UEoSU8pTlSS0pdEVSC26hWkgr3cq0sq22
Vnuro8XZEtXiMhbiQpwdUQuwYRGzbN7sCCugNS9oEOY0vuzhoE87yfhhw9r1SxZvbt4v7x/WUHb4
D52XMbVjzYInhBnh16b+6Tuc/9WjFeVPbMEnez4sXTxuzMmG3xy7e8WaolmXkpM/U3RFoXHwJ8xc
QXpkQ3dLDsKZK6z1ArCJCGsMGgIWPihm2oWu9lB3u+KaGR2h7o4LH2QeqXGA2YKabIqa7L0toCY7
NElVk0U1sYhNWRQWskRftvedURnpo0ZmZIz6Hwd7/tLUhOcwi9Lz8tIzRo78Oam0lEwugz0UPcSC
HlwoW3Kh3Y4aYtxleEqs4apJONqUZnAhq4tNiRa6gAgVKsC9ujsEuT3zSHmMQpEiLJQtIMXExZsm
rpgEHRv4c9P38rfY9X3xu8Vlts1PPlW3q3bZFhe+88ARnCWjXjwgI1P+sXr1d99++/2qStRvF1OB
HiuKRvlSHKW1VSDtbqbG4KxBz5irDeEYLWdzoWjs4lNigKoQQNcHEbIUqoRORfNmT6wUWxVL2lAb
bqPabG3RjKJnr+02W0XZA4FmpFEp1tBTu7/bt2fFM+6dwR/evCp/g+1f/w1TF9ht66u2CxTSXvqs
qvJQExDdjQfKlw4ff+PU6xHfA31qHgJ6M9FvpREel8VIs6mIaGKFNSRQkVzv9zqtekZTkU6qfXYO
RVl0wwzxQY8WNM3e6RgWFbAFLXcmBVM8gYRgYuYA0Dv4Z1d7d3tXR7sADawbbGDo0M5QpyMkA8yF
AMQA1yT9naEZofLQ1lBTiLllFwNUuxgALWIXkiVDl6HPcGQ423Rt+jZHm7MlxBVi1ZptYsRQVBP/
LztgQjZ1Ke3P/s2CF/Y3ylRDuHzl4w2ytu9ONYJVZe0pWtVIpi1d1vbHnrOlpZT/+Y3Hj8gueAru
XRd5IlPmvlG6cKUai3LpKyAvNwqiEikriHhsEWI8JBlVxCbvtGj3aAw1tG9nFPg+/WxsfRqXpokL
emL4AMpOdGkG21PSFBl1RXwf9N7RAZoXOv/8rRoDHOD4qu9zKF1Ir0pvSqdBOKLqF4E+VB6mmiyV
PdCsmCywiCNMq7aRTWd1X53bMi1sXlu5b9egF1a2/nT97ZUvDMJz5Lod1Vu2bdtSvYOc7H7gm58S
E7+YE/5da03RDDz4xg08aEZRY5lcffq9L//0+dfnWiK4DAY9mbUiDkmSma3QLqJRBYWDKKAhQSZT
F3HyPhcHB9ff5uA6VZE6aBFF+m9qBO8/2HP18GE8t7S0lJFK+32mFGSqhwiQKllQjYGtUVzFSVy2
PA4cBXAfRBbxEqEz86gnqjyKwoV+NURFeHf0O4TNiqg5O3ft2rlzV90OxXujrl7FUfJ3Y/7S3n71
anv7Xx4GL5BxSP69LMvnVT43IUTnMz+iGDRR8hqsiDeiJVSRq5iZa1wmWo0GB9JhB6s16QRs1scC
divphqAAtYrc1zrBsNUoJOnH6MboxxjGWMfYFKv2iYr50TYrZjVY4d+bDbYboRmzC8suz7mKTfLv
nQZ5HVW+tHsYfrt29bMba+rpRViXO/TrM5/JbQ6Ya5b3z8ettT9v3HVgi0Lvm71X8PuoE+SVc9TI
ImQQLnS3jm+y3DvtqA58nR46VBg6dPoAdJTM5MIGkF1kjsFEr4nMZQ6+DXDfnJA7OD9/cO6EOTn5
+TmD8yeCTnqHyLn4iIrzcWiuFB8nOAyEc9ijaywcgH295Vm3M80OmG8fxAcA9zPdguL1ilgUo+7u
aBU6Pz4r/F6JbpnHMjxhz0IPuWUebtU83NAi5nF0sWOxk0KFv4gDYCy/tPzs80pAGJGZMSrtIC55
66WxTw6fofnV5AfuvxkX5IqynxftP+H1fhYuWPm4YltD5Kl0M9iWAfnQr6QgRmIsMdI7XcYKPj6u
wqPbaa12hT1P8PUJ7iDSuMCfTMFYAQWMmQmC6qUhSMbabzlqqM9PczOPVvmb/GCFuM/zVK0G+jHH
bLNSCukRKML7d1Rv3rZtc/WOZrB8xS2vX28Ft1RcgRo7t+Xc15//6cv3XitrLJohv3fjhnxuRpEc
XabEtxsIkS6wTR1aLsXQRQzLkCKWmUhYGjPsXC1ejDiNSCNKL1xobe1uVb2xC4xRjOSO9A8agf4B
MtnxTTpF8Ho1P9IjfX9+xHmQB2dwGTpaUY5eXaMqR6+sVdd4QQ9Mtl/JlrAP0/JHeN5GDA776VtP
dtyoKL0ZR8hHIGcnekqK13IWBiO+QkSMvdrIVYj1ep2WSkNC0KwNGIKmzKhIoABzUSju7AzJZ8+C
YM+qdEs5AhKwQAlEoAVGsAl2wSE4M1wSkrBESUSiJSbPJtklh+S0wacpZbEHeyi28JaFRalMREGL
MIH7Y/t/jg3ko1Imf/z6bRd7zivBYNCBirSH6WT52j35J5v6ob+8zNTHI90JPMaihVK6xmh10QQ7
1uhIBVMfbTYRXKGrFpA4zBITZPmgJWC8gw662AAKUplxfYExEhSViNgJ8bBbTfsdioO4q9xN7tsc
JE4lPw5ahPys20n+l2A3RQ1jz89ratwv03vDK1avbVDSozfmLXjvYzWkobe2nXgVuInkcOsAb2vA
phS89QHeFhvYYvNcBW8BSTmW19/CW6USyfSHzKIA1kyJghlwVlSSJeUvtWl3Xd1u5fq7/Fcs/r0L
C/KPY/AkfB+egifJTfLL8ity08O4Di/A5bhOniNvk7fLc1R7KcCXqAJqMdRhwmsUojGiBTUPglTR
All5AYVkRC2uV9ceBHpXQO3mRq9IfsLGLncVs8ISvthazBrwMjTLEPbEipQuDjlYLk7U8ZQH6AeQ
blUwuo+LswpIy+1mtVTgpiim/sD4Jn7KAyBsjypscIR+WxnfZIYVlsik6jEeZVHEYxJ5wtM8w7O8
htfyUbyLj+Zj+Fg+zsBDMgCYhjNQBmahjsJQXSgKU2KSV8WC/rJKTcpFmu2ZMnDT1P/ATvmbXjT7
k0WLuOd37Dnw270FG7KnMhf3y1MSEuSu73+Q/xnKwvFbav/w1pk2aRTVqejwTrDFJtAhhUS0V/JT
RZyOw0U6HTcR6wxosQkK2MW6uYTS0iwSjYTXaymz0HVhKIDE0FZFKhlQP12ACqoPKAQFKRhAiiMZ
HMTxYx7OY/SYSAQUxjcZFGkZb4nMrIrMDK0vUXPqsQvn4LsxzVJ2Kkk3iMrR3UWN1WkUOYhcf/SL
lFxZ1PsyRY71TPuxZwm15SyOla/8iG8QV/e3MluK/fNJV7euTP5M4fMixLovyArVVt0SDxHNNpPn
wk4zC5DuFBQOFA0rgecXQU287fnixJyciRNycydMzMmdMCE3Z6Ia6HImTqRa+8YjfvE42NlmkGkU
8qNCKQG5PMXEMs+8wlHME1cxN5cPJ1p1ZsT6GIMtljXbWX1iJJmLRD0wM7A4JclVQCzajd2Um7hp
N+OOc7vdHrfXHT/CMsI6wmbsrzoG9jmS92aMM+ObmdzARHJq1MH5f5Z7seNqD+blU/Ln9xx8YKHx
iflnTsmntuzatWXLrjrq2fHjsOH7K1iU18n75OXy5Li468XzsJ+Obztz5g/n3njnY5W3DcBbrerz
fvSwFG9AbDGPim3ueXErfMXRc23hRI8uzk5Ys83AcoxT4ayj4xYKKKHvY5UvP2fgjKICzKygEbUW
g8UomAReEEQx2ZBszHfne/K95l/kZqTfCXwqeHhvHiZQ1J7NdXWba2rrXs97ed4XmMhXr/bIP+KR
2A+cLjI8seDMqTHARtu7wAb14/hx4A1XAGpW4IfwenwwLu5acan8qYoR4d4r7CzAiCi0QPIb2CgL
4tbYRSNNUDlPzbKHXSSBMSUYeCHBjBMYEXldwGD7BchZ1Oje3jW0wxGK5HQQ2t3R4WhKReNbQOBS
gcCFXH1AcHRrdEM0BUkewLJPFBSdRfV3kNeDROw+TY09feKbb06cxtdPyTfks9D+wZSWlXV3y19/
/TWOIzQ8fy+/BFlqDL7vZv14BXJuQAx0j5RopwUbQVE7je6dGrHCsghVaMLGasoctAkkAKl4doxL
lxKvwDW481A1GW9XldWXpEAh4RN8Vb4mHxQS/v7Dgf7iQQkpJPu28oHOapLrblUNkGU191cNpaWN
t0oFKrn05/fn9hULCt29XQgxn4H8KYCEV6R7kZKpUEWYYlnGLFIC5Cy8OgRRQ6PVYEGrMcGlN1BG
QavVTKRYUzkSDFpCl7OzdEQUeJNRr9XACxgZLRyxQGAAhpTI2Q6KutBh7oMt5gdHSMP8oPwnaFUI
06hDfR3AsySzcl5mV8CZN/E8ncQksUnGJFNQTDWrKO3lMGRo0JSgSrwky4afphLkzp6xT1LWFynb
jp6vGit7qiv3U7HU2Z9jS5myG0+VluKxcnNf7rO49wqzH3wrFuVI0a4FiAhVfJF1gWEuCceJPJ8Y
G0AOE+ePUw4hbveos1DKCO5yt2JpLK1ki4lUtuIfdN9JhBJwlYKf2T9SPte5/cbMhfPxdnx3Bbbu
XeT/4txfr1376wufZOJNf7xUNHMhjj2KH8QvSSPkF08egcD7O7lZfmXvnv68BWwqFpVLQZdVY+zL
Whb9n2ctqpv8t9MW8b+TtsyoUNIWKAl7pt6Wt9SoBXhEzoPBNz6jA+DjS6V4h8gajFZqDeeEVB7V
c2EaBR1MgATxHaagEDBkqA6uuEV7JNh1hJTTB5Xw/kz3X1y6KrpJcek+blwqNy5lWSQv8N52vKby
FUFq0UddxNMOyk9n7Ss7/EIjnqGyQge6R5WeLC0/d4nKLet56szWk6/iK/11Nf0d6CMKV0nTHHs5
rX2vzc5p+b0Cr+W0pr0cp7VYKbNtuCDw/HATb7fbJtp5LaEgldbTFewip1UgVIW+3owwQzibhTfo
WNGuMYsIZKAJMEGS6RJU1oWWFnMupJh95zAd4DtqFXPzbDniJsr5stDnQvCfUjEc4aMVv/lUo+V4
zq512LUu3mVP1CbzyfYcPtee6xjLT9Xez8/WzuZn2+c4lmnX22v5Y1onzWl0Gj1jYIysCZlYXmvR
WzV2M2fRWfRKtDCbBJONj7Y6bQ57EpekS9InmpL5NCFFTDGnWoO2ZHtG9CDDIOMgU66Qbcm13Rk9
hssz5BnzTKMt07lpumn6+/mp4lTzVMscrsRQYpxtKuZnCzPFmeZZlmJriT0cvZxbrluurxCWi8vN
j1oqbJssm6wbbBvsNdG1fK3wOndcd1zfbJ8Cvp+M+ww0AtxcBAOwBjKUcT3djVCr4Zbd+Ktjcive
ubunq04+s61RMdFuPX62rEz+vOdDAILX1skfgl6JGmM39+XVGWi4FJ/gJMU2rjiOL06ZGxfOTHAa
zEzAwKQhNtrGsgGvPlM5CO7qP03oT7g/7lRs9DZYJrc9a5SzdwCLhOyBgwb3H85DnkOO7926da9y
JW9ctXLTppWrNs47cEq+dv2f8j9OvbTrueuXL19/Dtc1HD7c8Nzhw+TR9XV16zfU1Z1znN/74ZUr
H+4974g+tP5oW9vR9YcUG60HXqqAlxQ0UUrlYovdliXmYkexm09egooTiwkkQ6meOC7Wl6xDPpZ1
sQarDpmp1MjJdv/xSO5tWKckRrmZlggUWNkIH79Mi1NBHbfy43eWXnros2sH6pvfl7+Try/9YsFC
3cE9uw8fa5oROnRo67p1TxkXMrXB9DdeXPeax3XppT9+oWTJW3cefrrptZJt25/ctPoxpdaR6zXl
zD5w9IlovjRk5IjxowP5CQY0fnRSAjGOruDGV/AVElmVUJHKrXJWpA7ODySZTWOj2REGFG2KMccO
Y2PioocNoPKBM+XguKczFOo/tYeaWx0CXBQ6W2FMGe67ZfpvHsMrx3RZonrwE0hMUHhjKZvV7LDT
Crg7FOhPUKB/oHnwoIQsQH8QjYCYX0RmxjRkR+GhTz89VLhjSP2Bk3mjSuW2Vwuapr73ZdGM+Tj1
lce/DGfPkzuf/538auXja9aursLTz3yMZy6bkC8fh/SiZvGKdesrHtlyffKkG+fO/TRp8pbubv+N
k+Vnp6zZnBgolNf98wX5u9nLKidMGFNYuGZlFb7rjWY8puqx9Y31s75dJXfJ5wiumVv5zKE9ew89
q9jHZTXe02DrXolHGvIIhxktjQyUjjVAVq5UGQA4F4bCPROrSb9PVA4SyAFqQE9bQ08bNYChe9r2
KQ/7qAEqLr4MuPgk5BBa9IgUS4hS2hOM0UQGk2WaWZhQmCBah1iKU6wskg50dYg3M4FIwFfrO0Bv
TkVvTjm9vFXVKeMq6HPKfAT0HdhJqEIO+7CSu3npJ3uan6LSevKXkktM+Y1tzIBm/KCamw0Bn2ju
y83ukvxeRoTcLG6n1rnThCsI5GamsLbaHO3SZ1uooE2ESJUZf/MQ6V9SsyNVPgDYwTfjY/+JESAQ
vu1EydbxixMjeRee23+WpAbL+beOjBpL8dK+o6TTkYipyBBBoURT+XCPQwKMmFAV6oUSfSZejh/D
26mz1OeeRE+m5w7Py9743l7l32BRA56MwzBf2Tdvgfncm/P//qfE/s/x07ge74HW0NfOQnsXv6vO
/1c/P1w2oIsCyYrIiHyAn3aIuokoHmK987aVCZDDKHz873/R/2acQQGkQTFgY8q/gLsRi3jQph7s
wQJyEmDUDDKiQQb///dvf1iHFoO2mtH70D6CpwmoFC1C61ADPH+DVqrjb9JapcHIZUZZ+xFqxsmw
jlIazkCKR52CfbJg7htYXwL9BjRLnb9BzqvtaXKeWgYoMAmeJqlvNKBmMoSmyfnIpb71PhqGjqMD
yjNzHtXCusnoErSRsPs4dBJdxk+i/fgiqkSb0WJaYSAW6wBnSqFBzai2H9GD6peVsVLmInh5AyoF
Pk/C7vsj4zgZTyZhUoKnAYcUPkDGwugaVEqHoQXUlqfyF+GBolbC9/v4ReepB6lkOoAPwHeUb5yH
/Q+gYUBvCVA6Fi5KoZ9cRQ3EABRGMW+icZpxrAGzmko0BWZXkiz8NBuLwqiSTIEd8mFsM8rHl+Ar
4DjHWIYGhERBj9BE+e8uapLuneZ5d7o3Lfifuh5B42lCk5qMKzzNvb2TptHRzPQmJqaJ+LVNtN/3
1b+b/CotOH7SNE/TudF5fbuODufB2H3T4FHpwTCMj85Li/g59VDzkrwNy2fwQ/+B3FrVbj66nP+3
/vtPn/TcIXyi/RK6ymQEGeCvZr4MPi7G/vRJ90Lhk39BjCQaJEZtgu2PQLSIRovJYDSEfhvGatA4
eiUqoU+iEk0tGse41bEh9B9RCeNAm+CdN6mVvUNgfAj0b5CPYE0ALgdaRx1FBXA/CNedsO9FuD8O
1wb2FAor+zDv9HaxbrRYXR9Ag+nL6h4b4KoH4texR8HGHehlZe8+OvP6rmpgCnikdkKCCM90DFwQ
5xiIKCz0NcvhgnltGCEO0IdbArA0FK5uhPT7AbrXI2QEyzdeQACQCPFWuGBOmAMygv3NCXB1IGSB
tdYGgFEJITuQZP8DQs4XwYxgPxfsFw3fj/4eoZj1yv+zo0o1ieJQKqpDiocKaDegIqL1+O/Qp5up
1dKX78jkrIW83ZrAvF1E3pbo1gTylpGceTPAnCkibwZISyE5XUlO6skJPTn+upU5HiKvW0lziPxO
Jsdk8ppMXpXJEZkcbrqLOXyDNN1FDsnkYCV5RSYvm8hLBwzMS1ZywEB+GyIvFpEX4sj+EHl+XxHz
vEz2FZHnak3Mc37SsFzHNPjJ3vFkj0CeTSf16+OYepk887TAPBNLnhbI7joTs9tP6mBdnYnUSfQu
eHGXlexaTdeaSK1EP+UnO3+dyeyUyY7tFmaHn2zfZmS2W8j2ZixJHL1tq47ZZiTbmjGS7qa36sjW
FrqmvJKpOUG2PK5ntohki0RvhqfNd5DqTSeYapls2ljIbDpBNq2mN27wMxsLyUaJ3gB0bfCT9etE
Zn0cWd/c2yL10utEsgY+vaaI/DqTPGknT9SSx/VkdVERs1omVfMEpiqKPFZpYh4LkUoTWbWSZ1ZZ
yEqeVNSSFSJZriPLHvUwy26QR5fGMI96yNIYsgReWhJHFsvkEZksWmhkFslkoZEslOjySrJg/nBm
QRmZP5zMKzMw8wQybzVdZiBlEl0Knyy9QebOOcHMlcmc2YXMnBNkzmp6domfmV1IZkt0iZ8Uw6Li
G6SoiDxsI7NkMlMm4RnpTFgmM9LJQzIplMmD48kDlaRAJtPzyDSZ3C+TqSfIr2RyXxGZbCX3hsik
e3hmUiW5hyf5I6SRZIKejCsid8drmbtrydgQuYsIzF0WMsZMRlM6ZnQUyRtlYfLKyKiRAjPKQkaO
0DMjBTJC4pgReiJxRFLkeB99Zy0ZTqcxwyeSYUOtzLDxZOgQHTPUSoZK9BAduSPXzNxRSHJzRCbX
THJEMthIBsmQPFuZbJkMzLIwA60kK6RjsiwkNIBjQjoSiuhnAEcyM5xMZh7JSLcxGU6S0UKnx+mY
dBtJX02ncUVMWi0JplqZ4HiSCkykWkmqRKcA6SlFJDkpk0keQZKAsKRMEoBbQCaJdxC/0cn4C0mC
z8wk3Ed88JrPTHwSHa8lXo+T8RYSj1tkPE7iaaHd8DG3SNyr6TgdiZPoWB+J4Ul0AnFFZTKu+0gU
7BqVSZwyccBHHTKxC8RmtTK2MmK1WBirlVgl2mIhZlhnPkFEEK8oEwFuwkjCA/18LTHBnEkmRtjA
6CRGiTbIRA8dvZRTRnSwRldJuCKi1YiM1ko0ImGZEMNWEgbeY0KEhs3oNAKbUjqC7yNIJrgZF63Z
jFP/n/2h/9sE/C9/EN3+JynS7fAKZW5kc3RyZWFtCmVuZG9iagoyNiAwIG9iagogICA3NTM3CmVu
ZG9iagoyNyAwIG9iago8PCAvTGVuZ3RoIDI4IDAgUgogICAvRmlsdGVyIC9GbGF0ZURlY29kZQo+
PgpzdHJlYW0KeJxdks1uwjAQhO95Ch/pASVkg1OkCKmiFw79UWkfILE3NFJxIhMOvH13PYhKPcB+
iWfiWXvz3f55H4bZ5O9xdAeeTT8EH/k8XqJj0/FxCNmqNH5w8+0p/btTO2W5mA/X88ynfejHrGlM
/iGL5zlezeLJjx0/ZMaY/C16jkM4msXX7oBXh8s0/fCJw2yKbLs1nnv53Es7vbYnNnkyL/de1of5
uhTbn+LzOrEp0/MKkdzo+Ty1jmMbjpw1RbE1Td9vMw7+3xptYOl6993GrClVWhRShHuwGJuaEksR
rsCVsF0lliK8AW+Uobeqt2vwWtmDvXINrpUd2CljX6v7UplYiuRh5GHVtNC0mgeZa81MyEOap4a3
Vq+F16qXoKfUI/KUmoeQkzQnoUfSHgl7ke5F6JG0R7JgK7yGd516hNeqt0KeSvNUOJMqnckjNI+a
E946eTu87/T70JBqCF5Sb4X8VcoPfZn0OE9K54nepeil325Xr1/n9D5X7hKjjFQa5jRLOkVD4Pu8
T+OkrvT7BaNgyusKZW5kc3RyZWFtCmVuZG9iagoyOCAwIG9iagogICA0MDEKZW5kb2JqCjI5IDAg
b2JqCjw8IC9UeXBlIC9Gb250RGVzY3JpcHRvcgogICAvRm9udE5hbWUgL0ZDVUpTTCtEZWphVnVT
ZXJpZgogICAvRm9udEZhbWlseSAoRGVqYVZ1IFNlcmlmKQogICAvRmxhZ3MgMzIKICAgL0ZvbnRC
Qm94IFsgLTc2OSAtMzQ2IDIxMDUgMTEwOSBdCiAgIC9JdGFsaWNBbmdsZSAwCiAgIC9Bc2NlbnQg
OTI4CiAgIC9EZXNjZW50IC0yMzUKICAgL0NhcEhlaWdodCAxMTA5CiAgIC9TdGVtViA4MAogICAv
U3RlbUggODAKICAgL0ZvbnRGaWxlMiAyNSAwIFIKPj4KZW5kb2JqCjkgMCBvYmoKPDwgL1R5cGUg
L0ZvbnQKICAgL1N1YnR5cGUgL1RydWVUeXBlCiAgIC9CYXNlRm9udCAvRkNVSlNMK0RlamFWdVNl
cmlmCiAgIC9GaXJzdENoYXIgMzIKICAgL0xhc3RDaGFyIDExNwogICAvRm9udERlc2NyaXB0b3Ig
MjkgMCBSCiAgIC9FbmNvZGluZyAvV2luQW5zaUVuY29kaW5nCiAgIC9XaWR0aHMgWyAzMTcgMCAw
IDAgMCAwIDAgMCAwIDAgMCA4MzcgMCAzMzcgMzE3IDMzNiA2MzYgNjM2IDYzNiA2MzYgNjM2IDYz
NiA2MzYgNjM2IDYzNiA2MzYgMzM2IDAgMCAwIDAgMCAxMDAwIDcyMiAwIDc2NSAwIDAgMCAwIDAg
MCAwIDAgMCAwIDAgMCAwIDAgMCAwIDAgODQyIDAgMCAwIDAgMCAwIDAgMCAwIDAgMCA1OTYgNjQw
IDU2MCA2NDAgNTkxIDAgNjQwIDY0NCAzMTkgMzEwIDYwNSAzMTkgOTQ4IDY0NCA2MDIgNjQwIDAg
NDc4IDUxMyA0MDEgNjQ0IF0KICAgIC9Ub1VuaWNvZGUgMjcgMCBSCj4+CmVuZG9iagozMCAwIG9i
ago8PCAvTGVuZ3RoIDMxIDAgUgogICAvRmlsdGVyIC9GbGF0ZURlY29kZQogICAvTGVuZ3RoMSAy
NTU2Cj4+CnN0cmVhbQp4nM1Ue1BU1xk/9/7Ot7vssnCXvQio4K6wReS17Ar1gfaKUFRSQsS22Iqi
rgvhEcH3a5NNo/UVVIxZH7EtSZxpi3lsbGo34rSaamyb4S+10f+SGZ1MZxynadNO4+Cl34KddNpp
/23PN/ee7/f7nuece65QhBApIiogtHVbN3uOBM99LoRyn5/j4d72nk+jn10VAlH2OtTevSPs3fjp
KOtn2N7UsX5NyPVy/XkhZCpzVR1MZHgcbzKuZVzQ0bN5u323iDPuYGzr3rBuTTIv417GqT1rtvfK
Ngoy3s3Y07txfe+WHZa/Mub8tEqoImzGZJjOcndWMdlIldeF5bpio1ZVivKrN+9XCO3m/Zv3/W6X
1+XzurxhKUY3YcroPTNmTfvbnzZaioQilo6NWWZadFEpthqe0gpfaUFFSXlhQdWskqnCqpe6oUwu
dFelUInD6q/SPq++G7g7Wn1Ve6DdrL47obnmVAjDW5w7OVUWlCu2nVMK3PkZM7KOeNL7/JUqrDsd
U0rOBKm8+kEg8CArYPL8++oPAhrDjKw5fsXnCmZ6K4Ou/Mpg5ayqYGBSVmZ+mZI/3ZKreP+NyPRO
eOPdR+b9R2/E4/HEuzXfr2lTlzWFl6vqPwFlhnk76YFhZfStzk4s69p7/kJ2zu8aGvsGDuz5Uu1K
WnmDFbvYxHuaEB+y3GDtCdEp+sQ+Mcj6PbFrnL8ibUlh5g4lfW+IhFLEfmpSlHJOo4pfcp4g2+6x
f5jxoFg7bn+IkXE5jRF1m1DRxFrTeMSgSGCelBiZeMajPhTzxUUxlNRpRMTYb5n4iKWGsy8Vl8Qd
5QVxVrklIqJfbJJsFrmKnW5xL51iLd0alz+KleOVk1wn3eJTHhSdvM5LnP3sBK8UKcvQhrDSwitU
lSEsZnav6JRtLIXjUju+vok1qOourv94vWJEXakWyUJliOska4xw/iExn/sNc6eL+VGT/eMPYhDJ
O5BDV8RS61JLqmKxRsRytu5CUDltyRVtIoLlnKGRuX7RqHzEVYQuLlhIQlVEiUeLq74lobjxVIvn
Nyu8pSX/Aj2a1RMXTXHnDk9ibKypRU6hFXGaGofPFpe+/E/+k/GT0pKGphZP/Ld1tY+z1rXVMtfc
wmoSMc18XW0pfyDJs1qV2N1zb9Lq9Oq/iGm25K6LG3caP/vH/MXtR3O127aPk/dZTESMv609Zq4Q
rtwvbo/2arcf818OVfKO0dt8rhOjNvn/mKinpohicVIkvzhNnOJ7LqRD+TNjmVCjxsfXTXzgxrWr
BXQthGuGvFqAXzvx/pVCej+EK4W43IpfRXDJgWEHLr6n08UA3tORCOAXJi6Y+LmJn5k4b+KdeD29
8xDxerxt4q0I3jTxRhrODaXSOR1DqfhpAD8J4cd5OBvA66+F6HUTr4XwaiyNXvVhcLudBn34UQN+
qOEHZTizP4/OmHjltEav5OK0hlMn0+iUDyfZ72QaThryBAee0HEiKmNpiBnyZR+O7/HTcRMvHXPT
Sz4cG3DSMTeOJRTDSJEDR+004MRAQhHGEnnUjqOX5ZENEToyjMPPO+iwC4cN2c9a/1y8eGiYXjRx
6GArHRrGoag8eMBHB1tx0JAHuK8DPuzf56L9edifGLtsjMl9Luzl0ntD2OPHC5PwvRiedyAaClHU
xHPdGj2Xg2cjafRsAJE07N6VTrvd2JWOnTHscGG7Hdu2emjbQ2zdMpW2erBlKjZz0OY8bDKx0URf
r5P6TPQ60WvIDRE807OAnulCzwJ0d6VSt4buqOxKRZchO7lk50M83TFMT5voaG+ljmF0RGV72Eft
rWg3ZNiH9ey0/iFCIazLxFoTa0y0rS6jNhOry7DKRKuJlQ34bgTfMbGiFi0mvm3iW8P4ponmEJbp
eCqApifTqSmCJ9PRuNCowRMOLA1hyXQbLYlhcQD10Kjeja9noE61U10Oahe5qbYLi2o0WuRGzUIH
1WhYaKTQQgeMFBjJfWyWX4thgSylBd/A/Gqd5jegep6dqnVUG3KeHXPnZNDcVsyZ7aI5GZjtwled
qDJROUunShOzgm6apSMYsFPQjUBFCgXsCEycT0UK/OXZ5K9FeVkmlWej/LIsy7NTWSbKorI0JUSl
MZQU61TSgGJeRLGOYkPO5NZnhlA0w09FCzGDG5vhRyFPhSa+Mhc+Zzb5WlGQn0EFzcjnsPwM5Bty
ug1eTzZ5W+GZ5iJPNjyX5TQuNs2FaVGZZ0eeIXPzMTUdUwowOcdPk5uRw1lz/Mg2kcVFs0xM0pCp
65TZBd3tJl2Hbki3GxnslzEMF2+vy4TGk1aDdO4/PYY0tqWZcHICZzachkw14WDgMGZ3wc4+9ghS
QrBZXWTTYXXBQgGyREAcRwFITiZLwUlVO5RmCBNKQgnt7VeK/2+H+F838F8H/63/Dp4NUxIKZW5k
c3RyZWFtCmVuZG9iagozMSAwIG9iagogICAxODA2CmVuZG9iagozMiAwIG9iago8PCAvTGVuZ3Ro
IDMzIDAgUgogICAvRmlsdGVyIC9GbGF0ZURlY29kZQo+PgpzdHJlYW0KeJxdkM9qwzAMxu9+Ch3b
Q3HTcwiM7pLD/tBsD+DYcmZoZKM4h7z9ZDd0MIEN0vf9zGfpa//aU8igPznaATP4QI5xiStbhBGn
QKq5gAs271297WyS0gIP25Jx7slH1bagbyIumTc4vLg44lEBgP5ghxxogsP3dXiMhjWlO85IGc6q
68Chl+feTHo3M4Ku8Kl3ooe8nQT7c3xtCeFS++YRyUaHSzIW2dCEqj1LddB6qU4huX/6To3e/hiu
7qa4R4GKe58XrnzyGcquzJKnbqIGKREC4XNZKaZC1fMLU0ZwxwplbmRzdHJlYW0KZW5kb2JqCjMz
IDAgb2JqCiAgIDIyMwplbmRvYmoKMzQgMCBvYmoKPDwgL1R5cGUgL0ZvbnREZXNjcmlwdG9yCiAg
IC9Gb250TmFtZSAvS0dJU1VTK0RlamFWdVNlcmlmCiAgIC9Gb250RmFtaWx5IChEZWphVnUgU2Vy
aWYpCiAgIC9GbGFncyA0CiAgIC9Gb250QkJveCBbIC03NjkgLTM0NiAyMTA1IDExMDkgXQogICAv
SXRhbGljQW5nbGUgMAogICAvQXNjZW50IDkyOAogICAvRGVzY2VudCAtMjM1CiAgIC9DYXBIZWln
aHQgMTEwOQogICAvU3RlbVYgODAKICAgL1N0ZW1IIDgwCiAgIC9Gb250RmlsZTIgMzAgMCBSCj4+
CmVuZG9iagozNSAwIG9iago8PCAvVHlwZSAvRm9udAogICAvU3VidHlwZSAvQ0lERm9udFR5cGUy
CiAgIC9CYXNlRm9udCAvS0dJU1VTK0RlamFWdVNlcmlmCiAgIC9DSURTeXN0ZW1JbmZvCiAgIDw8
IC9SZWdpc3RyeSAoQWRvYmUpCiAgICAgIC9PcmRlcmluZyAoSWRlbnRpdHkpCiAgICAgIC9TdXBw
bGVtZW50IDAKICAgPj4KICAgL0ZvbnREZXNjcmlwdG9yIDM0IDAgUgogICAvVyBbMCBbIDYwMCA3
MTAgXV0KPj4KZW5kb2JqCjExIDAgb2JqCjw8IC9UeXBlIC9Gb250CiAgIC9TdWJ0eXBlIC9UeXBl
MAogICAvQmFzZUZvbnQgL0tHSVNVUytEZWphVnVTZXJpZgogICAvRW5jb2RpbmcgL0lkZW50aXR5
LUgKICAgL0Rlc2NlbmRhbnRGb250cyBbIDM1IDAgUl0KICAgL1RvVW5pY29kZSAzMiAwIFIKPj4K
ZW5kb2JqCjEgMCBvYmoKPDwgL1R5cGUgL1BhZ2VzCiAgIC9LaWRzIFsgMiAwIFIgXQogICAvQ291
bnQgMQo+PgplbmRvYmoKMzYgMCBvYmoKPDwgL1R5cGUgL091dGxpbmVzCiAgIC9GaXJzdCAxOSAw
IFIKICAgL0xhc3QgMTkgMCBSCiAgIC9Db3VudCAtMQo+PgplbmRvYmoKMTkgMCBvYmoKPDwgL1Rp
dGxlIChERVRBTExFUyBERSBMQSBSRVNFUlZBQ0lPTikKICAgL1BhcmVudCAzNiAwIFIKICAgL0Yg
MAogICAvRGVzdCBbMiAwIFIgL1hZWiA2MiA3NjMgMF0KPj4KZW5kb2JqCjM3IDAgb2JqCjw8IC9Q
cm9kdWNlciAoY2Fpcm8gMS4xNS4xMCAoaHR0cDovL2NhaXJvZ3JhcGhpY3Mub3JnKSkKICAgL1Rp
dGxlIChSZXNlcnZhY2lvbikKICAgL0F1dGhvciAoKQogICAvS2V5d29yZHMgKCkKICAgL0NyZWF0
aW9uRGF0ZSAoRDoyMDIxMDUwNDE2MTI0OVopCj4+CmVuZG9iagozOCAwIG9iago8PCAvVHlwZSAv
Q2F0YWxvZwogICAvUGFnZXMgMSAwIFIKICAgL091dGxpbmVzIDM2IDAgUgo+PgplbmRvYmoKeHJl
ZgowIDM5CjAwMDAwMDAwMDAgNjU1MzUgZiAKMDAwMDA2MjgyMSAwMDAwMCBuIAowMDAwMDAxNTc0
IDAwMDAwIG4gCjAwMDAwMDAwMTUgMDAwMDAgbiAKMDAwMDAwMDAxNSAwMDAwMCBuIAowMDAwMDAw
ODI0IDAwMDAwIG4gCjAwMDAwMDAwMTUgMDAwMDAgbiAKMDAwMDAwMDgwMiAwMDAwMCBuIAowMDAw
MDUwNTM3IDAwMDAwIG4gCjAwMDAwNTk0MzQgMDAwMDAgbiAKMDAwMDAwMTg0MSAwMDAwMCBuIAow
MDAwMDYyNjU5IDAwMDAwIG4gCjAwMDAwNDI2MDIgMDAwMDAgbiAKMDAwMDAwMTA0NiAwMDAwMCBu
IAowMDAwMDAxMjk3IDAwMDAwIG4gCjAwMDAwMDE1MzggMDAwMDAgbiAKMDAwMDA0MjU3NyAwMDAw
MCBuIAowMDAwMDQyOTc0IDAwMDAwIG4gCjAwMDAwNDI5NTIgMDAwMDAgbiAKMDAwMDA2Mjk3MCAw
MDAwMCBuIAowMDAwMDQzMDg0IDAwMDAwIG4gCjAwMDAwNDk3NTUgMDAwMDAgbiAKMDAwMDA0OTc3
OSAwMDAwMCBuIAowMDAwMDUwMjM2IDAwMDAwIG4gCjAwMDAwNTAyNTkgMDAwMDAgbiAKMDAwMDA1
MTAwMCAwMDAwMCBuIAowMDAwMDU4NjM0IDAwMDAwIG4gCjAwMDAwNTg2NTggMDAwMDAgbiAKMDAw
MDA1OTEzOCAwMDAwMCBuIAowMDAwMDU5MTYxIDAwMDAwIG4gCjAwMDAwNTk5MDAgMDAwMDAgbiAK
MDAwMDA2MTgwMiAwMDAwMCBuIAowMDAwMDYxODI2IDAwMDAwIG4gCjAwMDAwNjIxMjggMDAwMDAg
biAKMDAwMDA2MjE1MSAwMDAwMCBuIAowMDAwMDYyNDIzIDAwMDAwIG4gCjAwMDAwNjI4ODYgMDAw
MDAgbiAKMDAwMDA2MzA4NSAwMDAwMCBuIAowMDAwMDYzMjUxIDAwMDAwIG4gCnRyYWlsZXIKPDwg
L1NpemUgMzkKICAgL1Jvb3QgMzggMCBSCiAgIC9JbmZvIDM3IDAgUgo+PgpzdGFydHhyZWYKNjMz
MjQKJSVFT0YK

--===============4055336468106319626==--

-------------------------------------------------------------------------------
