Content-Type: multipart/mixed; boundary="===============0791306492969091172=="
MIME-Version: 1.0
Subject: =?utf-8?q?Hotel_Real_-_Confirmaci=C3=B3n_de_Reservaci=C3=B3n?=
From: reservaenrealnicaragua@gmail.com
To: justo@becerra.com
Date: Mon, 01 Feb 2021 08:07:29 -0000
Message-ID: <161216684963.9760.15796784881574555648@localhost>

--===============0791306492969091172==
Content-Type: text/html; charset="utf-8"
MIME-Version: 1.0
Content-Transfer-Encoding: 7bit

Pronto nos pondremos en contacto con usted. recibimos su solicitud para RealNicaragua
--===============0791306492969091172==
Content-Type: application/pdf
MIME-Version: 1.0
Content-Transfer-Encoding: base64
Content-Disposition: attachment;
 filename="justo@becerra.com_1234567_2021-02-01 08:07:27.861633.pdf"

JVBERi0xLjUKJbXtrvsKNiAwIG9iago8PCAvTGVuZ3RoIDcgMCBSCiAgIC9GaWx0ZXIgL0ZsYXRl
RGVjb2RlCj4+CnN0cmVhbQp4nJVV33PaOBB+91+xj2ZuECsJ/fANw5QAvelN0l4Cdy+ZPghbECi2
E9ukmf71J9mmhKQlwQxGSNr9vt39tKKA7tOl7qX7FOI0eAiwnitW0DMIqzK4mAes3+xzv5IRJoAi
Ei050xTmadBbdrGL4MbL4DacTOcdIcLR5eV0BpMpXI7gZjqb3nS4CP/rKB2Oxp++fO58nf8dUNbi
M3C+CPIIJQMqNWGokO+d073zEDrzzRFcl1ESSSp05NgRwSSXCuZJEI4gy9NFYSGxrc0LLxGhKpJa
AxJEITjXoja8Mqtkbbcw25nC/ngN+NOuS0mfI+eRN7sN/+kwFZrS3OdFZevo3o9JGe8LR/ydYOE0
NevteWFtdmWVf1jY2BaFIXGenhmZLco8M+WZgbEaZHZvMhgMoDeKq53Zzu1TBYOlXS4RDQ5hOISL
ybj1NL1yo/sW7f0cP3rJ2fjO+Hp7jl5Vbm9fY8NkmlWFScybSRMRU4o35JG5fazLJCD/E9UJMowg
VULp12RgZrZrh3tm3vbQ6k3oI2GMbJFv15l9O84juH+zdWUTGK0Lb1yeDFRordsz9mVR2uLRxOv8
YPQ7RFcM6VJLa8PBIt9lCaS2ussTuPB/Prozl5BHs91ZyJfetKmg7PuWUKd1kGxMtso7VIdkmRdp
SWo3TWpPaExK941+6qwmSRuSA0Skw1Z2R+w9mwMxyBcbG1dgql8wC/FJLWnM43ihFojD4clqyYMm
RyubVRYedvbg9bBa2Dq75yh2fLeLv8HYlNXWQrc5T/OmoZOI+8f3ddfQnzVeJtW+8XKtCI0Ed7Mv
G2+8uU9ppPmHlW89vn/8yvnNX24s/aPgu1vyx3AT3H71eoMkoAhX8AC0xm7e7sZpCTh0TYSIIIU+
MkLxMOOaMVwf7qVj/u1mrsQp/t135cJVdF/XE77+EFxojBSL+r9JwqsYW8fPY4zcUZLyRYwPQc9Q
d+lC74lSmOTBddC7XGffamVfjT9NnLtWxrVij9fo87Xr4H+aVdP4CmVuZHN0cmVhbQplbmRvYmoK
NyAwIG9iagogICA3NjMKZW5kb2JqCjUgMCBvYmoKPDwKICAgL0V4dEdTdGF0ZSA8PAogICAgICAv
YTAgPDwgL0NBIDEgL2NhIDEgPj4KICAgICAgL2ExIDw8IC9DQSAwLjcgL2NhIDAuNyA+PgogICA+
PgogICAvWE9iamVjdCA8PCAveDExIDExIDAgUiA+PgogICAvRm9udCA8PAogICAgICAvZi0wLTAg
OCAwIFIKICAgICAgL2YtMS0wIDkgMCBSCiAgICAgIC9mLTEtMSAxMCAwIFIKICAgPj4KPj4KZW5k
b2JqCjEyIDAgb2JqCjw8IC9UeXBlIC9Bbm5vdAogICAvU3VidHlwZSAvTGluawogICAvU3RydWN0
UGFyZW50IDAKICAgL1F1YWRQb2ludHMgWyAyNjcgNDY1IDQwMiA0NjUgNDAyIDQ1MSAyNjcgNDUx
IF0KICAgL1JlY3QgWyAyNjcgNDUxIDQwMiA0NjUgXQogICAvQSA8PAogICAgICAvVHlwZSAvQWN0
aW9uCiAgICAgIC9TIC9VUkkKICAgICAgL1VSSSAobWFpbHRvOmNqcG0xOTgzQGdtYWlsLmNvbSkK
ICAgPj4KICAgL0JTIDw8IC9XIDAgPj4+PgplbmRvYmoKMTMgMCBvYmoKPDwgL1R5cGUgL0Fubm90
CiAgIC9TdWJ0eXBlIC9MaW5rCiAgIC9TdHJ1Y3RQYXJlbnQgMQogICAvUXVhZFBvaW50cyBbIDQw
NiA0NjUgNDkyIDQ2NSA0OTIgNDUxIDQwNiA0NTEgXQogICAvUmVjdCBbIDQwNiA0NTEgNDkyIDQ2
NSBdCiAgIC9BIDw8CiAgICAgIC9UeXBlIC9BY3Rpb24KICAgICAgL1MgL1VSSQogICAgICAvVVJJ
ICh0ZWw6KzUzNTgwOTcyOTQpCiAgID4+CiAgIC9CUyA8PCAvVyAwID4+Pj4KZW5kb2JqCjE0IDAg
b2JqClsKICAzIDAgUgogIDQgMCBSCl0KZW5kb2JqCjIgMCBvYmoKPDwgL1R5cGUgL1BhZ2UgJSAx
CiAgIC9QYXJlbnQgMSAwIFIKICAgL01lZGlhQm94IFsgMCAwIDU5NSA4NDEgXQogICAvQ29udGVu
dHMgNiAwIFIKICAgL0dyb3VwIDw8CiAgICAgIC9UeXBlIC9Hcm91cAogICAgICAvUyAvVHJhbnNw
YXJlbmN5CiAgICAgIC9JIHRydWUKICAgICAgL0NTIC9EZXZpY2VSR0IKICAgPj4KICAgL1Jlc291
cmNlcyA1IDAgUgogICAvU3RydWN0UGFyZW50cyAyCiAgIC9Bbm5vdHMgWyAxMiAwIFIgMTMgMCBS
IF0KPj4KZW5kb2JqCjExIDAgb2JqCjw8IC9MZW5ndGggMTYgMCBSCiAgIC9GaWx0ZXIgL0ZsYXRl
RGVjb2RlCiAgIC9UeXBlIC9YT2JqZWN0CiAgIC9TdWJ0eXBlIC9Gb3JtCiAgIC9CQm94IFsgMCAw
IDU5NSA4NDEgXQogICAvR3JvdXAgPDwKICAgICAgL1R5cGUgL0dyb3VwCiAgICAgIC9TIC9UcmFu
c3BhcmVuY3kKICAgICAgL0kgdHJ1ZQogICAgICAvQ1MgL0RldmljZVJHQgogICA+PgogICAvUmVz
b3VyY2VzIDE1IDAgUgo+PgpzdHJlYW0KeJxFkL0SwiAQhHueYl/Ay3H8HPS+QCprJ+PYRJ1o4+ML
kcBctR/L7sFmZmxGosKKIAq84n3DBc8KSVyCdUyWAx7oRALlGCDKFLKvVyly1Z50P//rBU6Kw2XT
0VqQpzg8ThKxyz2z69a6DBKZlNXsGQfylHzqmTGRsB6tXS9js0bWY3fTUX9cyxx6ry0h9VM2U2QC
lzn5QLHZVHNoScFZwfIw05Vx/2D6WsX5ZeYyP0ulSDQKZW5kc3RyZWFtCmVuZG9iagoxNiAwIG9i
agogICAxNzkKZW5kb2JqCjE1IDAgb2JqCjw8CiAgIC9FeHRHU3RhdGUgPDwKICAgICAgL2EwIDw8
IC9DQSAxIC9jYSAxID4+CiAgID4+CiAgIC9YT2JqZWN0IDw8IC94MTcgMTcgMCBSID4+Cj4+CmVu
ZG9iagoxNyAwIG9iago8PCAvTGVuZ3RoIDE4IDAgUgogICAvVHlwZSAvWE9iamVjdAogICAvU3Vi
dHlwZSAvSW1hZ2UKICAgL1dpZHRoIDgwMAogICAvSGVpZ2h0IDYwMAogICAvQ29sb3JTcGFjZSAv
RGV2aWNlUkdCCiAgIC9JbnRlcnBvbGF0ZSB0cnVlCiAgIC9CaXRzUGVyQ29tcG9uZW50IDgKICAg
L0ZpbHRlciAvRENURGVjb2RlCj4+CnN0cmVhbQr/2P/gABBKRklGAAEBAABIAEgAAP/hAIxFeGlm
AABNTQAqAAAACAAFARIAAwAAAAEAAQAAARoABQAAAAEAAABKARsABQAAAAEAAABSASgAAwAAAAEA
AgAAh2kABAAAAAEAAABaAAAAAAAAAEgAAAABAAAASAAAAAEAA6ABAAMAAAABAAEAAKACAAQAAAAB
AAADIKADAAQAAAABAAACWAAAAAD/7QA4UGhvdG9zaG9wIDMuMAA4QklNBAQAAAAAAAA4QklNBCUA
AAAAABDUHYzZjwCyBOmACZjs+EJ+/8AAEQgCWAMgAwEiAAIRAQMRAf/EAB8AAAEFAQEBAQEBAAAA
AAAAAAABAgMEBQYHCAkKC//EALUQAAIBAwMCBAMFBQQEAAABfQECAwAEEQUSITFBBhNRYQcicRQy
gZGhCCNCscEVUtHwJDNicoIJChYXGBkaJSYnKCkqNDU2Nzg5OkNERUZHSElKU1RVVldYWVpjZGVm
Z2hpanN0dXZ3eHl6g4SFhoeIiYqSk5SVlpeYmZqio6Slpqeoqaqys7S1tre4ubrCw8TFxsfIycrS
09TV1tfY2drh4uPk5ebn6Onq8fLz9PX29/j5+v/EAB8BAAMBAQEBAQEBAQEAAAAAAAABAgMEBQYH
CAkKC//EALURAAIBAgQEAwQHBQQEAAECdwABAgMRBAUhMQYSQVEHYXETIjKBCBRCkaGxwQkjM1Lw
FWJy0QoWJDThJfEXGBkaJicoKSo1Njc4OTpDREVGR0hJSlNUVVZXWFlaY2RlZmdoaWpzdHV2d3h5
eoKDhIWGh4iJipKTlJWWl5iZmqKjpKWmp6ipqrKztLW2t7i5usLDxMXGx8jJytLT1NXW19jZ2uLj
5OXm5+jp6vLz9PX29/j5+v/bAEMACAYGBwYFCAcHBwkJCAoMFA0MCwsMGRITDxQdGh8eHRocHCAk
LicgIiwjHBwoNyksMDE0NDQfJzk9ODI8LjM0Mv/bAEMBCQkJDAsMGA0NGDIhHCEyMjIyMjIyMjIy
MjIyMjIyMjIyMjIyMjIyMjIyMjIyMjIyMjIyMjIyMjIyMjIyMjIyMv/dAAQAMv/aAAwDAQACEQMR
AD8A9/pDS1HJIsaM7kKqjJJPSgB/FLmsSXxJpKE/8TK14/6aiqsnivSV6ajbH/toKfKwOkzmiuY/
4SzS/wDoIW3/AH8FH/CW6X/0ELb/AL+CnysDp6K5j/hLtK/6CFt/38FH/CW6V/0Ebb/v4KOVgdPR
XM/8JbpX/QRtv+/gqteeOdGsbczzX0ZQf3DuNHJJiukdfRXnY+LXhkjP2uX/AL9Gj/hbPhr/AJ+5
P+/Zq1RkLnR6JRXnn/C2fDX/AD9yf9+zR/wtjw3/AM/cn/fs0exq9g50eh0V57/wtjw3n/j7k/79
ml/4Wt4b/wCfuT/v2aXsKvYOdHoNFef/APC1fDn/AD9yf98Gj/hanhw/8vb/APfBo9hV7Bzo9Aor
gP8Ahafh3/n7f/vg0f8AC0/Dv/P2/wD3waPYVA50d/RXAf8AC0/Dv/P2/wD3waP+FpeHv+ft/wDv
g0/q9QOdHf0VwH/C0vDv/P2//fBo/wCFpeHf+ft/++DR9XqBzo7+jNcD/wALR8Pf8/b/APfBpD8U
vDo/5e3/AO+DR7CoLnR3+aM15/8A8LT8O/8AP1J/3waX/hafh3/n6k/74NL2FTsPnid/mjNef/8A
C0/Dv/P1J/37NH/C1PDo/wCXqT/v2ar2FTsw54noFFef/wDC1fDv/P1L/wB+zSf8LW8O/wDP1L/3
7NH1ep/KHtInoNGTXn3/AAtXw5/z9S/9+zR/wtXw7/z8y/8Afs0vYVP5Re0ieg5ozXn3/C1vDf8A
z8y/9+zSf8LW8Of8/Mv/AH7NHsKv8oe0iehZNGTXnv8Awtbw5/z8y/8Afs0v/C1vDn/P1L/37NHs
KnYPaRPQc0Zrz3/ha3hz/n6l/wC/Zo/4Wv4c/wCfqX/v2aPYVP5R+0iehZozXn3/AAtbw5/z9S/9
+zR/wtbw5/z9S/8Afs0ewqfyh7SJ6DmjNeff8LW8Of8AP1J/37NH/C1fDn/P1L/37NHsKn8oe0ie
g5ozXn3/AAtXw7/z9Sf9+zS/8LT8O/8AP1L/AN+zR7Cp/Kw9pE9AzRmvP/8Ahafh49LmX/v2aePi
foB/5bzfhEaPYVf5WL2kTvc0Zrgx8TdCPSWf/v0aX/hZehn/AJa3H/fo0/q9X+Vi9rA7rNGRXC/8
LL0T/npcf9+jR/wsvQ/+elx/36NH1er/ACsftYHdZFGa4T/hZmhf89Lj/vyaT/hZ2hD/AJaXH/fk
0fV6v8rD2sDvM0ua4E/E/Qf+elx/35NJ/wALS0D/AJ63H/flqPq9X+Vi9rA7/NGa8/8A+FpeH8/6
64/78tSf8LU8P5/1tx/35aj6vV/lYe1geg5ozXn3/C1PD/8Az2uP+/LUf8LU8P8A/Pa4/wC/LUfV
6v8AKx+0geg5ozXn3/C1PD//AD2uP+/LUf8AC1fD/wDz1uP+/LUfV6n8oe0geg0V59/wtTw//wA9
rj/vy1H/AAtTw/8A89rj/vy1H1er/KHtIHoNFef/APC0/D//AD2uP+/LUf8AC0/D/wDz2uP+/LUf
V6v8oe0gegUV59/wtTw//wA9bj/vy1H/AAtTQP8Anrcf9+Wo+r1P5Q9pDueg0V5//wALU8P/APPa
4/78tR/wtPQO0tx/35aj6vV/lD2kO56BSZrgf+Fo6D/z1uP+/Jpf+Fn6F/z0uP8AvyaPq9X+UPaQ
O9zRmuDHxO0I/wDLS4/78mnf8LM0L/nrcf8Afk0fV6v8oe1gd3mjNcJ/wszQv+etx/35NJ/ws3Qv
+etx/wB+TR9Xq/ysPawO8zSZrg/+FnaF/wA9bj/vyaP+Fn6D/wA9bj/vyaPYVf5WHtYHeZozXBf8
LP0H/nrcf9+TR/wtDQf+etx/35NHsKv8rD2sDvqK4D/haOgf89rj/vyaP+FpaB/z1uP+/Jo9hV/l
D2kDv6K8/wD+Fp6B/wA9bj/vy1H/AAtPw/8A89rj/vy1HsKv8oe0gegUV58fir4fH/LW4/78NSf8
LW8Pf89rn/vw1HsKv8oe1gehUV57/wALX8O/89rn/vw1H/C2PDv/AD2uf+/DUvY1f5Q9pE9Corzz
/hbPhz/ntc/9+GpP+Fs+HP8Antc/9+Go9jV/lD2kT0SivO/+FteG/wDntc/9+Go/4W14b/573P8A
4DtR7Gr/ACh7SHc9Eorzs/Fvw3/z3uf/AAHak/4W34b/AOe1z/4DtR7Gr/KHtIdz0Wkrzv8A4W34
b/57XP8A4DtR/wALc8Nf89rn/wAB2o9jU6xD2kO56JxR3rzv/hbnhr/ntc/+A7Vb074naBqeoQ2V
tLOZpSQoaFlHAz1NJ0ZrVoFUizuqWqkV0sgypyKsq2RWZZ//0Pf+1ZHiR9nh7UOcfuH/AJVr1h+K
Tjw9qH/XB/5U1uB8ZXE85urj9/OMSt/y0PqfeovOm/57zf8Afw/40Tn/AEm4/wCurfzNR5rsjbl2
Fck86b/nvN/38P8AjR503/Peb/v4f8ajoqtOwiTzpf8AntN/38P+NHnS/wDPeb/v4f8AGo6KLLsB
J5sv/PaU+3mH/GgyyMNrzOw/ul2I/nTc8UlNJAHPZj+Zo5/vfqaKKoVkLz/e/U0mWz1/U0UU7BZA
S2ev6mly394/maSikFkLl/7x/wC+jRuf+8f++jRRRdhZBub1P/fRo3N6n/vo0mKKfOw5UODt6n/v
o0vmN/eb/vo0ylqlNhyoeHP94/8AfRo3n+8f++jTM0Zp87FyokDt/eP/AH0aXzG/vH/vo1FmjNP2
gcqJt7f3j/30aUSkfxH/AL6NQbqN9UqrQnFFkSk9/wDx408OfX9TVUNS7zWirSE4FwN/tfqaOf73
6mq6yEU/zK1VVsjlJRns36mnbmHf9TUQanBjV8zJaH7vf9TRn0P6mm9aXFO7FYXJ9f1NHPr+ppKd
ii7FoNOfX9TRz6/qaUijFF2O6G/N6/qaQ59f1NPIpMUXYXG5P979TQSf736mnYoxRzMeggz/AHv1
NTKD/e/U1EBU0fFK7B2LMIPH+JrShHT/ABqhEelaEJxiqTZnIvQ49P1qwAAOtVUapQ/FWm+5iybI
phYCo99ML07sEiRnpm+oy2abmldjsSF6YXyelNJpM0czAdkelNJGelIaKLsBePSj8KAKUdaV2AmB
6UYHpTu9KFzRdjG49qMe1OIPSnKpouyRgA9KXb7VKI807ZRdgQBMnpTvK9qsKgAoLAUXYEKw+1Si
Fe4pRLTTLS5mMfsQDpS4UelQmWojKaOZhYtF1HQUnmgVU800xpM0c7FYuecKjaUVV30m+lzMqxYM
1M83/OagLUhalzMLFjzf85pDLVbdRuo5mOxOZfak832qDdQWpczHYnMvtTTJ7frUO6kzRzMLEpf8
KTf71ETRmjmYWJBIfak8z6VFmip5mUSeZz2oLfSmUUczEKW+lJn6UhpKOZgOLD2pM/Sm5oo5mMdk
e1JmkopOTAXIrU8Mz/Z/EtlMOqsf5Vk5q1pz7NQhYdQazqv93L0Y4/Ej6N0bUzcRj0xXV2771BHp
Xl/hWdmjHNel2JzEpPpXgncf/9H3+sPxT/yL2of9cG/lW3WJ4oG7QL8f9MG/lSvZha58WT/8fdwP
+mrfzNMxU91Cy3M7AH/Wv2/2jVauqE7oJQcRelLmkoq7khmlHNJRTuA6jNNzS00wFFFJRmquIUUG
gUU7gFLikpapMAooop3AKMUUtOwXExRS0lLlFcQ9aBS0tLlGNpaMc0uKLANop2KMUrDuIKXNJ3pa
qwXDJpQTTaKpNoTJQ5FODk1CKUHFaRqWJtctKc96fmqm7FPEhNbRqXJcSxmnZqFWqQGtFIzcR+aO
KQUoxVE2FIpuKdmloAbijFOxSbadguIKlUZpgGKkWlYGyzH2q7GcYqjGelXEPSqRDLqGpO1QIeKk
BqkQ0LuNIc+tIetJmgQucUnWg0UgExRTgMml280ANoAp2ynKlADQtKBzUwXigACgCPbT1WncUZpA
GwetKAKYW5ppajmES5FIzgCod/NNZqlyGiYycdaYZagLUhalcdiYvUbPTCeKYTSuOxIWz3ppao80
uaLhYXcaCaZmlJpXHYM0lJRmi4wzSUmeaTNFwFopDSZpXAdikIpM0E0XAXFGKbmjNFwFxSUZpCaV
wFopuaCaQxc0ZpuaM0XAdR+NMJozSuOwuaKbmincQ6kzRRSuAtT2X/H7F9agqey/4/YvrUVH7j9C
o/Ej2bwj/qxXqFh/qlHtXl/hH/VivULD/Vr9K8Nnaf/S99rF8Tf8gC+/64N/KtqsbxN/yAb7/rg3
8qHsVD4kfHs/+vm/66N/M1VmtgRlKtzj/SJh/wBNG/majNc0Z8rPcnR50jMIKnDCjPpWg8SyDkc1
SlheNs44rup1VJHk18M4P3SOlFJxSit1ZnK9AoooovYLp7CiikozRzALRmkzS1SYrC5opMUZqrgK
OtOpuaXNNMA704dKaKXNUmAtJS9qSrQBRRQKBCijFHSjNOwBiiiiiwBxQcUUGiwCUtJRmlYBaKTN
GaL2ATvTwcU2lo5mhjw1SK9Q5pQa1jMlq5ZD08GqwbFSq9bqSM3EmBpw5qINTw1WiXEfS4oBoBzV
pktABUirSAVIBTJZJGOatx1WjHNWkzQSywnSngmmopxUoQmmS2NxmjbUmw9qcIzSFciC0uypQhpw
SgLkQTmnBOak20YoC4m2lHFBNN70XEOLU0mmk0hqWwQFqQvxTSaTtU3GG6mlqTNJmgoCeaaTzSk0
maTARjxTc049KaaQBmkzRSYpDDNBNGKSgBM0ZoIpKAHU2lpKBiGkpTRigBKQ0tIaAEooo60hhmkz
S4pMUgAmkzSGigAzQTRikIpDDNGaMUYoADSUuKMUgEpRRigjFMAoopcUAFT2X/H5F9agqey/4/Iv
rUVPgfoOPxI9m8I/6sV6hYf6tfpXl/hH/VivULD/AFa/SvDZ2n//0/fqxfEwzoV9/wBcH/lW3WJ4
l50O9/64t/Kk9iofEj5CmT/SJv8Aro38zUZSr00eZ5Tj/lo38zUZi9q4ea7PrPYOyKmymld3ytzV
vy/ammPnpTU7GbodzNntM8p+VVSCvBGK2SnPSoZrVXU8fNXXSr2dmeZiMC7XRl0VM9u8PDciogC3
Su+LjJXR5M6coOzQlFLz3FFFmSlfYSloxRigAooxRVXExaKKKLgKKKTNLmqTEL2opO9LVqQBRRRV
JgKKWkHWlqxC0YpBS07AGKQinUGiwDcUYpaXFFgG4oxSkUYpWATFJTsUYosA2gU7FGKLAJTgabRT
TAmDVIrVADS7q2jITiWwc04Gq6PUqsK2i7mUlYsLUgqFTUqmrTMmWY+tWoxk1ViAzV2Ic1RDLCKc
VYRDTYhzVlVp2M2NCU8JxUirT9tIVyv5dG3HWp9lIUpBcgKjFNqfZTWSgLldutN71Y2Uxl56UhkD
daaam2HPShk9qloaK560lTbPamsntSsMrnrRUpX2puPagoiNJUpFNIpWAYaaafikxSsAyg0/FNIp
WGNpKdg0maLAJijFLRQA2g07FFAyM0U80mKAGmmmnmm0AIaQU4ikpDEpDS0lDAQ0lOoxSAbQaWig
Y2inUUrANop1FFgE70tLigCnYVxMUuKXFGKLBcTFTWf/AB+RfWosVNZj/TIvrUVF7j9Cov3keyeE
f9WK9QsP9Wv0ry/wj/qxXqFh/q1+leEztP/U9+7VjeI/+QJe/wDXFv5VsmsfxH/yBL3/AK5N/KlL
4TSl8aPlmSMebL/10b+ZqIw1PI376X/ro38zSZrzHufocYJxRWaEg1G0R9Kv8d6CoNIh0UzNMeO1
M8utIxZ7UwwVSbMpYe6M5oQwwRms+4sWU7o63WhqPy8Dn8q2hiJQZ59fL41Fsc0ylT81Jt71uXFg
kwyow1Zctu8Rw6n2NevQrxqLU+bxOAqUXoVsUYp+2l211OmcNyPFGKfijFRyDGUU4ijFLkAbiinY
oxScRCZozS0lGwC0optOqkwDFO4plLmrTAWjNFFWmAuaWm06qQCDk06kHWlqxBSUtLRYBMUlOpAK
LAJRzTsUdaLANNJinYxRUuIDcGlGRS4PrSYxRsA4MRT0NRU4HFaRkJotIxqdWFUQTViJuOa3TM5R
NCJqvQNzWbE3HWrsR6VaZhJGnG4qyslZyEiphIcCnczaNEOKeHBrO87Ap4uOKZNjRBBpeDVBbrin
C596AsXdooKA1V+0e9OE49aBFjy+Kb5XNME49acJl9aLABiHpTWiz2qQSA9xS+YPaiwEPk8dKY0P
tVsMCKODSsFygYDnpTDD7VpbQaQwgjrRYdzMMNMMXtWmYBSfZhRYLmW0XFM8qtU2opptRUuI7mX5
Zpvl81q/ZaabSjlHzGZ5dIY60za002vtS5Q5jNKUmytE2vHSmG2o5QuUClJsq6bc00wYqbDuUilI
VNWmhNNMVFhplcrxTcVOY+aaUosFyCkqbZTdlSO5HQeKk2UhSiwXI8ZoxT9tG2iwXIsUYqXb7Ubf
aiwyLFGKl2+1G2iwEYHHSlx7U/FGKLAMxS4p2PajFOwDcUYFOxRtosA3FTWg/wBLi+tR4qa1H+lR
/Ws6q9yXoyofEj2Dwj/qxXqFh/q1+leXeEf9UK9R0/8A1a/SvAZ3H//V9+NY/iL/AJAl7/1yb+Vb
NYviM/8AEkvf+uLfypS+E0pfGj5Zc/vpv+ujfzNAao3f99L7yN/M0Bq8x7n6BCouVEwNOziogfSn
5zSNU0yQGl4PWow3NPBp3L0FKg00xr6U/NKCPSna4ml1IGgB9jUEtorrhxwe9XxgnpSlBVRk47Gd
TD06i1OZudNeEllG5KpFMGuxMYxjHFZ91pUc2WjBDfXivXwmPXw1Nz5vHZLq50znNvNIVq5LavCx
DKeKgZCvWvYiozVz5madOXLJERWk21MVpuKUqRKaexFt5oI5qXbSbah0h3IsUYqTFJtqHSC4zFGK
dikxUOmO4lFLik5qeVodwNAooo1ELmlFN70oqlIB1Lmm5pa0jIVhwNFNzSg1pzAOxQBSbjSg1Sdw
FpKWjAqrIQ00YpaKVgEpDTsUYpNANxS96XFJSsA4VKjGogaepNNOwmtC7C3NX4WrNiOKvQmt4swm
jQRuKeGqBDUgNaIyaJM0ZpuaM0CHE0oJpuaQk0CJdxxQHIqLJoyaYWJvNIp3nGq+TRuNAWLQuDil
W5OaqbjSgmgLF4XWKcLus/caMmgOU0Ree9O+1571mbjRuNFxcpqi6HrThdj1rJ3n1p28460XDlNc
XK0ouENZAc5604SEd6Lisa/nLSiRTWR5xp4nOOtO4rGruQ0vymssTn1qVbkilcLF7avSmmNarrcc
07zxQFiQwiozAKeJs07eDRYVys0HPFRNb8VeyKaQDStcaZnGA1GYDmtPYDTTEPSjlHczPJIpvkGt
Iw57Unk+1TylXMww0nkmtMw+1IYPajlC5m+URR5XtWj5Ge1H2ejlC5neV7UeVWh5PtSeRntS5QuZ
5ipvlGtAw89KQwj3o5R3KHlUeXV1oaYYjRyhcq7OKbsq15RpDFilYdyvsppXmrBQ00oaLBch281L
ajF3H9aClPtl/wBJT61nVX7uXoyoP3keteEP9SK9RsP9Wv0ry7wj/qRXqNh/q1+lfPM9A//W9+rF
8ScaHff9cW/lWz1rG8Tf8gK+/wCuLfypS2Lp/Ej5Okf/AEiX/ro38zSrIPWq8rEXEv8A10b+Zpqs
a85x1PsIVnZF4P71Ir1RElSLLU2OiNcubvQ04NVVXHrUof3pG8apYDU8MKr7venK9CdjdSTJw3NS
A5HNVw9SBqu9ykx5HvSjPSmZ5p26i+tweo2aCOZSGUA461k3OnNGSyqWHtW2DxQSpXBFd2Gxs6W+
x5uMyyliFdLU5doecY5qJoueldDc2KyKHTr6VTTTrudiILVn+lfQ4fGUqsdGfFYvAVsLJ8y0Mcx0
mzFa50TVwT/xLpvyP+FN/sHWD/zDZs/j/hW7nDuci5nsZG2kIFbH/COa43/MNl/X/Cmnw1rn/QNl
/X/Cs3OHcepjkUhGK2D4a1z/AKB0v6/4UxvDutqMnTpf1/wqHKn3GZWKaRzWk+i6uvXT5vyP+FQn
S9TXrYS4/wB0/wCFQ+UZSxRirJsL7/nylH/ADSGzvR/y6S/98mptECsRSDNWPsl5/wA+kv8A3yaa
1tdAc2sv/fJrJpDIaXNP+z3H/PtJ/wB8mmmGcdYZP++TSTsMQHNOBppSUD/VP/3yaAr94n/75NUp
iHCnZqP5x/A35Uu491b8q0U0IfmlBpm/H8LflR5qjufyrRTTFYk4o4qPzl7E/lS+evcn8q0UkBJx
2pKaJVPr+VL5i9ifyptqwDsUlJ5i/wB6jeD3pWQDgKeopgIP8VSKR/eosguyaOr0PaqceDj5qvR9
BzmtImMi1H1qYCo4xxUoBrVGLCilwaTmgkWko5paAEopO9LTAKKKKQBS0lGaAFopM0UAFHNFFAWC
jNFFAC5NGTSUUDHbqdv4qOigRJupQ9RilzQFiYSUokqEGjdQKxZEpqQTe9VN9Lvp3CxcE/vThNnv
VIPSq9FxWLwlHrTvM96oh6cH96VwLglFO3g1SElL5tUKxdyKARVUS+9OEnvQFizwaXHvVcSe9Ksn
PWgLE5ApNvtTN4z1p28HvQIXyxSGMHtRu96UH3pANMOajMNWM+9IRQFyqYfSmGI56VbwKQrmlYdy
kYjnpUbR1fKUxos0mhplDZToV/fp9astHg4pqJiQHHesqq/dy9GXB+8j03wj/qRXqNh/q1+leXeE
P9Sleo6f/qlr51npH//X99HSsbxN/wAgK+9PIb+VbNYvif8A5AF9/wBcG/lSexVPSSPkaSRftE3r
5jfzNIMHoaqzH/Sp+f8Alo38zTQxHQ1yOOp9FCvZF4qR70AZ9qqrO6+9TC5B+8MVLibxrJkwJFPV
6jWRW7inkZ6VDRvGZKJPepVcVUwacGIqXE2jVaLof0qRX4rPDntUiympszojVL4cU4MDVNZKkD0X
NVMthhinAjFVg1PBOKdzRN3uicHritHSNdu9EuFlt0ikUHJSRN2aylanqa0hV5fhIq04VlaornuX
hnxnpGuxJHLawwT9CCo5NdYYYQvFvCfQ+WK+YkZ45FkhkaN1OQVOK7zwv8SLzTnWDV5BJB0Vyefx
rqhWUt2fNY7JGvepbHrrQoBnyIQfTYKi2L/zxh/79ijTdUstVtlntZUdWGcA5xVrZ1GK3UuzPn5U
3B8siiyj/njD/wB+xTDGpHMEP/fsVd8sE1G0eDT5pE2RnvbxN1t4f+/Yqu9jbHObaL/vgVqlPao2
T2oUpdw0MV9LsW/5dIz/AMBqJtH089bJPyrbMY9KY0Q9DQ5SXUdjAk0TTs8WaVXk0TTsf8eSmuha
HJ6VA0PzdDS5pdwsc+2h6Z/z4r+dV5dB0s/8uI/OujeGq7w80ueQHNN4f0rPNiPzqJtA0gf8uI/7
6ro2h56VXkh5o5pdwsYB0DRj1sP/AB6m/wDCP6ID/wAg/P8AwI1svFUDR/Wjnl3CxRXw9oB66b/4
+alXwz4cb/mGf+PmpMbTyTUiyEd6ftJ9wsRf8In4bb/mGkf9tDSjwX4bf/lwx/20NWlnPrVmObjk
01Vn3Cxl/wDCA+G36WxH/AzTG+G/h1/+WZX6Oa3ll56ipllz04qvbT7g0cq3wt8Pv0Zh/wACP+NV
2+EmgsOLmUfj/wDXrt1kFPz7mmq8+4rHAN8H9DIyL2f8Kgf4R6Qn3b+cfhXorAY/xqCVRjtVxxEw
5TzmT4a6bB928c496oz+ErS26Tsa9CuVODnFYN6vBxXfRqSe5zVDjJNNih4DMagMWOgrcuU5PWqD
IM16MNUcrepnlOaaVxV0xjNMaL2qrCuVMUYqw0YppjPpQO5AVFJU5jOOlN8v2oAixSYqXbTSpzSG
MNJTyppNp9KAG0U7FJxQAUUUUAFFFFABRRRQAUUYooAM0tJRQAtFJzRzQAuaU00UpoAUUuabRQA7
NLmmUUBYk3UZpmaMmi4h+6nBqiyaATQBMH96cHI71Bk0u6gCx5nvT1kOOtVc+9KGNAi2JPeniT3q
mGNLvNMTRcEnvUgfPeqIc+tSBzQFi1mnZqqrmn+ZzQInpMVGH96XdRYeopHNJtGaXdRms6y/dy9G
VT+NHonhD/VJXqNh/q1ry7wh/qkr1Gw/1a1809z1D//Q9+7Vi+J/+QBff9cG/lW12rF8T/8AIAvv
+uDfypPYqHxHxzN/x8z/APXVv5mmU6Y/6VP/ANdW/mabmud7nsR+FCg0E0lHWgtMf9M0od06GmdD
TqViozkTrcyDtUq3IP3hVOjNS0aqtJGgJY2PBp5P92s4E1IsjL3qXE6IVy8GNOEhFVUnB61MpV+h
rNxOmFQnWWpllyOtVCCKA2Dilax0Rq2LyyCpg+RWeHxUyyVLRtGpcuKfen5GCPlGepPeqqyd6kEg
J6U1I1UrqzNTSdWvdEmWSxlZMHJG7rXrXhn4jafqgjtr1vIuunK4z+NeK7wRSg/MHXhh0PpWsKtj
hxWW0a6utz6iUqy712uvYhs0gAP0NeHeF/H97osqw3YM8B4ySeBXr2ja9p+t2ontJh7p3zXXCopH
ymJwFTDy1VzReMY4qIx+1WASeDxQcHkdK006HCrXKZTHamsvtVwoDUbJQLXqU/L71GyZ4xV3YRTS
metAGc0XtULQ+1aTR1G0fHSkBltD7VXkg9q1zF7VC8NAzGkg46VWaH2rbeHI6VVaHB6UWAxpIPaq
xjIrZkhqtJAKQGZytPWUip3gqB4yOlAFhJ6mWb3rNyVp4lIoA1kl96sLLWQk9WknFAGjvqN2BqBZ
gaGcVcWSytc9DWDd96253yDmsW6IINehQepz1DDuBzVF1GavXJ5qi55r16b0OOW5EV5o2U6itESR
FAaQx1LgUEUAVilIU4qcrSbeKLBcr7KYU5q1s44phXnmlYdyuVxTStTlTnoKayDuQKVn0GmQbcik
K1ISBxkfhTd6f7RP0o9UFxm2jFLiZyfLhZvwp6Wt/IPltGo93uO7IsYoq2ukarKQFs2qdPC2tyHi
2YZ9ql1ILdlKMmZuKTHtW2vgjXZBzEVH0qZPh5rjjjj8Kh1qf8yHySOe/Cj8K6YfDXXD1cD8KkHw
y1o9Zh+VT9Yo/wAw/ZyOUxntRjFdaPhhrH/Pf9KP+FYaz/z3/Sj6xQ7h7ORyVH4V1n/Cr9Y/57/p
TG+Gmsj/AJa/pR9Yodw9nI5b8KUcdq6VvhvrYH3/ANKi/wCFea4O/wClP21P+YXJI5/PtS/hW23g
LXV7Z/CmN4I15f8Alnn8Kaqwf2g5JGOc9uKTmtRvCWuJ/wAsDUZ8Na2vW2NHtIfzBySM/NANXDoW
sL/y6GozpGrr1szVKfmgs+xBmjJqQ6dqg62jU02eo/8APo1PmXcTXkNzRk0pttQ/59GpPIvh1tXo
5o9xW8hcmjJpPJvf+fV/yo8m9/59HpXj3Cz7Dgxp2aYIb3/n0eni1vz0tHNNOPcdn2FBpd5pPseo
5x9kYVIunao3SzNJyj3Cz7CCQ0ocnmpk0TWJD8tofyqynhXWpTxDt/Cl7SH8yF7ORT8zjpSiT1rW
h8B65MR/Dn2rTg+GOqyY33G38KmWIpR3kHspvY5kTIvWlWeNnCh+T2rubb4USZBnvDVrUvh1Z6To
l1fefvkhTco9a562KpuDSfQ1hQkmmybwh/qkr1LT/wDVrXl3hAYiTPrXqOn/AOrWvDO4/9H36sXx
P/yAL7/rg38q2T2rG8Uf8gC+/wCuDfypS2HHdHxvP/x9T/8AXVv5mmA5p84/0qf/AK6N/M0wDFc7
3PYWyQuacKbinCgq4tAzQKWlYpIKKKKCgp2ab3oPWiwx4J+tPVyORxUYNLmpaLi2i0lwe9TLIr9+
aoinK2OhqGjphVaLuDS5xVdJSBzU4kVhUNHRGSaJFkIqRZahwCODSYIpNG8JtF1JM1Ir81QDEVIj
nPJqGjWNRovb1P3snHSr2l6vf6TOJrO4Kkfw54rID1IHHeqjKxpKMKitJHuHhX4g22rpHb3mIrnp
8x613GeOCCOx7V8uAkssoysicq4PSu98KfESfTTHa6nMZbYgL5jDd/8Aqrqp1u589j8oa9+mezg+
vFKeapWd/bX9ss9pOs0R6FWzirO7iupNPY+ekmnaQ8oCKjaOnhqd1oJuloVzHTSlWioNRlaQFYxg
1E8VWytNYe1MCg0NV3h9q1GTPaojFweKAMd4c9BVZ4M/w1tNEMdKgeDjpSAxXhGOlVJYea25IPaq
kkBz0pDMV4vao9gHStWSDjpVVocdqAKeDUgehlIPSmnjpQBOklPMuKp7yKXzc01uKw+aTINY1y/W
r0z4zzWVcvjNehQ3MKiM24PNUnPNTXMnNU3bnrXrU3pqcU4u5JmjIqLcfXinBlxy2K3WxNmPJwcG
nc4quZ0Bz8z/AEqe3tNQuyBbWkzA/wCzSbS3YhO9Nd0XgsK6XT/AOt34DSQvGp6kjFdXpnwpiXD3
j5PpmueeMpw3LjRnLY8rMqA4HLfWporK/uSBBCxB6cE17xZeCdGswv7iNiO7KDW1FZWNuAIraEY6
YQZrlnmUV8KN44Z9TwW08E65egZjKA9yprXt/hPqEwUzXEgz1A4r2rIx8i7fwoLN/eauaWZVJaR0
NFhkjzO1+EVnGoM8zse4LVq23w10O3Hzx7seprsmUnk7iKjddi72HyisJYmvL7RrGijBh8I6Ha8p
ZRN9V5q0mkaXH9yxiX320XetWcLbVzkdqhfUbqSLzYYd0Y9K5HitWnO7Rr7K2li15FonC2qD320u
IByFQfSqdrqsWoA20rGOXoAeKx9csb2w+ZJHZCexrnrYrkpOp8RShrytHQtcwqdu9Qad5pK5R8j2
xXIsyS2IYPK0voK1NCgYQ+ZNK646BjRTxEakkktGOVNJ6Gx50mT8zcU1bxScCXBpSQcsvKnvXPeJ
LEw+XLBKysxxgGtqsnCF1qKMbux0fny4yrkj1pBLKwyHP6Vy0N3fadBGZg8sJ7iobnUT9vhEEz7Z
Dkr6VzwxcWlfcqVNpnXebL/fakMso6u1ZOsSXFhbxXAY7W9aZpeqTag/3flArV14KsqT3J5Xa/Q2
RcSH+I0GZ+7EVUkv7WGTy2ky3pTI763kYg5A9a1vF6RaZLg10L3nMPU0nmeoX8qhWWGQHy5NxHYU
7JPanzRekRNIfvQ9Y0/KgiI9Yk/Km4ozT+QtBTHbf88I/wAqTybU9baP8qKKFIdojTa2R62sf5U0
WWn45tI/++akoquaS6isuxCdP009bKE/VajOk6Wxz9ih/wC+asmijnl3Cy7Fb+ydK/58Yf8Avmj+
ytK/58Yf++as0mKOefcLLsVv7K0v/nxh/wC+aeunaaOllCP+A1Niijnl3Cy7Ef2LTweLSL8Fp4t7
NelrH+VLRRzS7hZdhwW3A+WCMfhShwOiAfSmUopPUdkSCdxnBIpTcSkffaoqKmyAk8126k/jWR4n
cnwxqGevl8fnWnnFZPiY/wDFNX//AFz/AK0wMLwhzEmfWvUdP/1a15d4Q/1SfWvUdP8A9WtAH//S
99rF8Uf8gC+/64N/KtqsXxR/yAL7/rg38qHsOO6PjuYf6RN/10b+ZphXNSy/8fE//XRv5mmdK5j3
FG6GYIoANSEZoC0XHyDQMUvWlANO21NylFjMUuKdsNG2lcrlYzFFOxijGaLisNpc0bTSVTDYeD60
7io6UGpsNMlB4p6tioQacDzUtG0ZNFlZDn2qZXyKqBuKejGoaOiFQtEU3JBpgk5qQMCKlm6lceH4
p6yVF2oyQKVjRSZZWSpkcHNUQ5qRZSRgjFRa2xtGba1Z0nh7xNe+HroSW7O0WCGiB4P4V7L4b8Ya
d4jtA0MojuF4aNjyK+e45McEn8DVi0vbmynWe0k8qZTnd61vCo0cOMwFPEK8VZn0+OO/B6U8GvNf
CnxKjvClpqgCSgbd+PvH1r0RZQ8YdGBQ8jFdsJpo+Vr4WeHdpItdqMVCr8daeGqjmFK4pjLmpAea
XimK5CRxTCuasFc0wpQMqmIk1G8Zq4y+lMKnuKQGe8ftVaSGtVo81C0QoGY0kHHSqjwHmtySEGq8
kIxSAwJLfjpVR4SK6CSAEdKpy24A6UAYbIRVdyymtiW34rNnh2nOaa3AoSy9ay7hyQeeav3Xy5rJ
lEsp2xpuY120mluYTTexQuXw/NZ8lwoJA3M3YLXUWPg++1Ft0rGNTXYaV4D0u02yXGZWFd31yEEY
exk9zy60sNT1BwlvaSDPdhXW6V8NNTu2DXUkcaHqCDmvTIILG0AFrbhMevNWTcOwGdo+grmnmMpa
JFxw1tWzB0v4e6VYIpuGV2HYiuotrWxs1AghTA9qqiTJp/mknnmuKdWc92bqEF0NIXO4YX5fpSiQ
nqTVAS81IsvvWevRl27F4Nz1p+7iqKy81J5h7U2pJXYXLQbtT/lxgtzVdHyWH8WOK5G/1C/i1cpu
IHVVrmxGIdGKbV9Sox5na52uCBnimGMMCG6Gucg8SSQv5d5Fjj1ratdWtbpPlYCppYyhV92+pUqU
lsUdW0OK6t2a3AEgrJ0nUX06c2t2uFBxXWxzROSI2D+tYmoaG2oXxdW2JXPicK1NVqC978yoVLLl
kVfESWS24u7dgLnPyqtTW5ub3QXNxCfMC8KavQaDaoyGb95t7mtPAACqoAHat6VGanzT2a2FKdjh
NO029hk3mLIPYir91pV3dlRGfLXuBXSXl0tmgYqNh602C6trqLch5NYU6FCk3Sct9fMd5S1S0KNp
bNaWohflgMZqlqekyantCvgLW/5JK5x0pphA6jr716DipKz2Mtea6MO0057eEW9zh0HTNZt14YQ3
InhYjDZxXVGM/UU3yzgispYenJWRTqPVdzmdVsb28gS3HIFQ6PaXenxvCyfMejV1QQr25pjruOSO
fWiWHj7VVHuCqWjyHCy29zaar5t1G8iE5+UV0MdxY3EIVYnXjnpWu0auCHUEfSq32C1UkrGwY9fm
rOlhnRu49RyqXMywgtbKd5VuAM/wsadPrdqrFYgzNTrrw+ly25ZSh+maSXRoodPKQoWm/vZrS9Va
LYSSuVIPEKyXIhdCGJ71tMAoD569q42GzubS+SSWIkA8kmusk1K0it1ldwCB0rDB1qr5lVdvUqpB
W90nwcZJGfSkwwGSMe1crfa7NJcq8AwpOK0xrDW0KSXJyD39K1p42nUnpsJ0mjX5xnj6UVDb3MN7
EJYWDA+lS5GcV0Rak7xdzMDRRSZzTWoJ3dkO4pKSloAKSlpKACiiigBeKKbRQA6im0UALxWV4mx/
wjV//wBc/wCtalZXib/kW77/AK5/1oAw/CH+qT616jp/+rWvLvCH+qT616jp/wDq1oA//9P330rG
8Uf8gC+/64N/KtntWN4n/wCQDff9cG/lQ9hw+JHx5L/x8T/9dG/maQe9OmB+0z/9dG/mabiuR7nv
RVhcU5RSZpwqWbxQ4KKUJmgU8UmzRRQmyjy81IBTgtTc0VO5AYuKbsxVvZkU3y/ajmH7EplDTdtX
DFTDFimpGUqLRVA60YxUpjwaYVquYy5GhB0pR1o6UmaBaokDU5TzUYpVNJo0iycHNOUkVEDxTw3F
TY3jMnRvWnnk1AGqQNUtG8ZXJMcUnNANLU2NExVbB5qRW96iIOKBxQ9i7talkEEg8gjo4PIrsvCv
j+/0WRbe7lE1qeNz9RXDbuBUm/I55pwm4iq0qVdWkj6Y0nWLPWrUTWUqSrjLYbmr6vj2r5p0rWb3
RbhZ7KZwO8e7g17B4X8e6frUKQXMnk3ecbSeprsp1U9z5rF5XOm3KOx3QYmpFb1qqHIPJXGO3SpA
56nkH0rbToeS15FgGjFRI9P3nNBIpTNNK+1SZyKDTGQFaYUqwRTCuTQBUeP2qFosg8VeZTUZTNAG
c8PHSqssGe1a7R+1V3iOKVgMSa3+XpWZPa7ugrpnhJ61UkgA7UAcydJV2zJVy2sbe3+5EC3qa0Wi
56VCY8GnzsLE8czDjhR6AVYDnHWqajFTK3vRuBaDYHWnb/eq26lDUAWlkNPEhqoGp28jvQBb805q
RZeKoiQ55pwkwvXmgC+JSeAenSqmo61HpsQYNmQ9RQkn8R6gVh27W1zrTGc5bPGawqtR23ZcbM29
N8QjUHCgbX9xUut2huIReRYM8XYd6aiQxODGoz6iqWs6rNpixMnMb9veq5Jez99hs9Bmlw/28xlv
tsRj+UrTZNKuU1AR2xKwd2FZ9pp13d3guC5SGT5sA118UojRY+uBXJTw1Oqv3it5luq0iawto9Pj
2q5csOSavrLlcZGKy1n6jPXrTxMOPau6MVGKiuhje5pBxnrTwwz+FZyzVNHMD1q1a+oFHxBIPLVM
ZyKwollhQPHIQB2zV3X590ygHoKz4JwoAJyD2rwqGCjjsdNVLpI0xFX6vQVupsWWtyKwSblfWt2G
4hulyjLn0rkJItrbwQF96j+1JaNuFwqn611zw+MwXvQftIfijOniKdXSWjO3KY4wMe1NMY9K5/Tv
E8Mp2NIDj0NdDDcxXABRwfataGOp1ttPJmk6TWu6GGPPao2i9qufL/8AqpCAeldastUZ2sUjF7VG
YsdqvlKaYxTAzyh9KZtK9Dmr7R+lRmIUXApPGsikPGD+FZt3oVrdqVwVNbbR+lRlDnrUuEJbj5mj
mjoa29kyqu988GsnT7FJLh4tTd/LDcA9BXcOpzmoJ7SK5UiQDJ71yzwcJvnWiX4miqso21rZ6fER
byr5Z6DPNSi5tsYEgNUY/DaxXLSGUlD2zWJqu2zlxCHC+tVOsqcedqyJXvOx04vLQttEq5+tSA55
/h7GuX0nR5LyT7VK+yIH1610zT2sSCMSLsX0NGHrOpDmqK3Yc4JaR3H0UkcsUxyjinFSvJrpUkyG
rCUlAB60tMQmKMUtFACYop1IaAEooooAKyvE3/It3/8A1z/rWrWV4m/5Fq//AOuf9aAMLwh/qk+t
eo6f/q1ry7wh/qk+teo6f/q1oA//1PfcYFY3ib/kBX3/AFwb+VbRrF8Tf8gK+/64N/Kk9iobo+QZ
l/0ib/ro38zTCtWpEzcS/wDXRv5moytcblqfTKnoQYNOFPKU3BpXE4tC0oJzTSeacKVik7EympFI
qAGpFapaOiEifr0pcU1DUoqGdUUmM2UGPOcDOKlC1ueErBNS11bWQZDYojq7BVSUWzmWi9fpUTw8
1u65YGw1y6tyuFVyF/Os5o81V7bmMacZxujOaI5phQ1oNFULRdapSMJ0Cp7UmeanMOM1EU5qrmTh
YAaeDio8EGl3U9Cb2JQakU81ArcVIGqWjWEydTTwagVqeGqbHRCRPnjmjHpTAaUHBqWje9xxGBRk
jpSj5qXFTcsTdzkCpEcpIkqHZIpyGHUVERSAmhaA9VZnpHhT4ky2RjtNUBeIkASYya9Ys763v4hc
WsoaIjIHevmNeTjHHet3w/4q1Hw9dBoJWlh/uM1dFOs0rM8jGZbGd509z6LWQU8PmuW8OeL7DxFa
7xIsU3TYT1NdEJGUAMMV1xkpbHzlSjOm7SRbVsdaduNV1kyKfvqjMsDmgAVEr09WoAUrmoyKmBBp
CBQBAUNRNGatMtMK0AUZI6qyRZrTdM1XeOgDJeLFV3UDmtOVBiqcqcUDuUzxQGpzLTelAh4al3VE
TzS5oAlDUu41ECPWlzQBJv8AWnpyS2egzUG6ob5pfshSD77Um/duhqxDb64kuoPbOMION2Kzda0+
e0n+12rF168VXfR7mKPfli554pIdSvLVvLmUlB1DV5c6zk3GvG3Zmygo2cWXLTWL2GPc8eRipLZL
rXLnfcjbCvQZpj+IYQEiFsCzVuwHZbo6qFLjpV4ak6i0qc0UKc+lrMuRusUSxIflUYFKsuKq7ufe
lD816VtLMybuWxKRTxMap76dv4oEXVnzUqTHdWcsmDUqy9fpQhPZ2MjWbkNecn5R1rm9S8aadpyt
GhLyjgALnmr+uzF0lCnBrzqw0Dz72SaTc5L8ZrgyetTjVq15vRMePSkoU+pqv4l1zWWIjXyouxJx
QNN1S6H72Ykf71bcVvZaXEGuSF46VmXnjm1siUtIgx6ZNb1M8qynbDQuiqGV1qyvaxb0vRr6wfzE
mLexNdfZahcx4ByGry6Xxzqly37iMAe3/wCqpI/EPiSXDJCcD2/+tXm4nB43Fy53Gz8j0qeXukrS
mvQ9ysdeIwk69uoGa24bqGdQUYZr53XxN4kVgxhJA6g5/wAK6rQ/HVycJPCI2Hc5q4RzHCr97HmX
kFXBQa92aPY8YGSaOK5vT/EyzKvm4Ireiu4ZwGVwcjpXbQxlOtpHc4KlKVP4iXbkZpuwU8kkYFFd
W2hnYi8mo2iqyKaVoQalRoxULR5q+UzUbR0dRFHYeh6VVutNt71Akq4HqBWoY6jMeKJJS0krjucn
rtvc2FtHHZcxY55qGGys47NbmWcliMsua65olcbZFDKayLrw5b3D7kYqvXFcdTDpVPaL/gGkZq1m
VbaO1vLZpbSQhwM4PFR6Ze3klw8M8e1VPU+lV7l4dOnEVkCZB1UU9p9Uu02Rw+XnvisI4hQ91puX
krlOBt4V/mjbI9qTrn2rHsbXU7CXdI5aNjzkVuApIA0bZ9a76c3NarlfS5lKNiPFGKeVwaTFaOy0
6kiYoxS0UAJijFLRQAlZPif/AJFq/wD+uf8AWtasnxP/AMi1f/8AXP8ArQBg+EP9Un1r1HT/APVr
Xl3hD/VJ9a9R0/8A1a0Af//V9+rG8S/8gO9/64t/KtmsbxJ/yBL3/ri38qmexcPiR8mOv7+X/ro3
8zUZWrEg/fS/9dG/mabtrz76n2ShoivsppSrJUUxkppkOmVivtSLxUzLUZGKq5zuAtOBpg4pwoKR
MjcVMj8iqoPNSI3NQ0dNOdi6CCa7H4axeZ4h83GdhHPpXEo2Oe1ejfCiHM1xMem44/Ciknzak4+r
y4dsT4oaT9m1MXyR4RjzgVwezgH1r3Hx3p/9peGbpkG5442YfhXiUYzlDwV6g1VaNmLKqqqUfMhZ
KheP2q7tzzimtHmsj0nTTKBj46VC0XPStJo+KhaOmpHPOimZrR+1RshFaLR+1QvGatSOSdCxSwQa
cDUzR4qJ1Iq7o53BocG5qQNzUAzmng80mioysWQ1PBz1qurVIGqWjpjMmB9Kdmog1PBqWjeMh4oI
pARTqkvcYaA3rTsZpNuKW4axJ7e4ns5xcW0rRTLyNhr1Hwp8SEmWOz1dj5vAEjV5Nkg8H8aUgNw3
I9a0jUcNEcuIwsK8Xdan1DHKkkYeKRZI2Gd6npUqvkYJ5rwHwx42vfD86pI7S2g/gOSa9i0PxFp+
v2/m2kwDY+4/B/KuyFVSW581isBKk7paHQq/b0qQNVNJP4SefSplbtmtEcHkWgwpQc1AjZqQHrTA
m60mKYGxTt31ougGsvtVd1q0DkVE45ouBnyr7VSkXrWnIvWs+ZTzTAoSrUBqzLmqz9aAEozTaKAH
ClpuaM0XAeMnp1oDgn5Wyw6gVHNIIrd5GOABXK2mqS215LIWLITWNbEQpO0tC4wctjsA78ZJx71l
6pc28LhZoUKt1Yimxa/byn5yR+FRa5PbXFkGjILEcCprVlKlzU2n5FRhKEr2K2mWAn1PzR81uORn
tXSlvmwPujpWfo0Xk6eAehq4CStVh4RpwTirNkzlzO5Luz3ozUYpc1te5BJupd1RZpc0ATA04NhH
Oe1QhqR3xFJ9KTdkCV2cxqBM08ijmsy61K08PWe+Ta1wRwvvUusaj/ZkM0+Mt0Fedxx3niTVQxJZ
WYcnoBXz+BwU8VUklpHqeuoU/wCNPZD559S8Q3pyZmVjnHaut0LwRAiiS+xkjgHpW/p9pZ6ZbiGN
QZMY3Y6VPKJODv3V9hQw1KjG0FZnl4vN609KWiGRaRp9m+1LeIj121qRNBHAQkSDtwKpk74BkhW9
zTlYCLarAt9a3vf1PJnObfvO5Ophc48lOfapngsAm020Rc99tVI5BHknlsUfM7buh96fMQp2LSRR
RDCYA9BVmG5uYW3ROwA7ZqoojTktk083QHCivOxeV4fEK692XdHTRxlalpe6OmsvEQKhJ+CO5rcg
uop0zHIprzzeH6gVJDczWxyjnGe1eTKjjcJo1zx7ndCrQrPezPRdwxgHmgEj3rmbHxEBtSbj3rdh
u4LjBjkBPpW1HF06vu3+RdSk6av0LVBGajB5+8KdurqMxClMMdS5pBzQBXZKZtxVogUhWjcHY5q+
0TF1/aMI5HJX1oi1aa5VkiQIynHpXRbeozweorAm0Xy9S8zztkT+nrXPNSp+9SW5pHzZCYNUu8h5
2WM8cGiz0q7sJiTO0iHsTVTUDPZXwjW5JiODwaqS6nepNtgLOtczxFGm7z1kV7OR0pU7s7eKQrxk
dKr6VcXNyD56FavFNuVFd1OopLmtYyZBikqUrTTGasRHRmn7aTbQAw1k+J/+Rav/APrn/Wtgisjx
P/yLV/8A9c/60AYHhD/VJ9a9R0//AFa15d4QP7pPrXqOn/6taAP/1vfqxvEf/IFvf+uLfyrZrG8R
/wDIEvf+uLfypS+Eun8S+R8pyL++k/66N/M0Yp8g/fTf9dG/maTFeY92fdxj7qGbc01lqXFBGaVw
cSsy1HtFWmX2qMr7VSZhKmVWXmgVOy+1RFcVSdznlCwClQ/NTM4NPHNMV7D/ADCq8d69c+GMQh0M
zMMFpHH615EEMsiRpyXcD6V7XoEX9n6VbwYxhQT9a0oxvI4syrfu+Q7Ndtxby2zciRCK8F1q0Om6
7NCV4diRXtVrdgMDmvPPibYiK6t76MYBcg4+hrTER0uYZPiOSpydzjV4GCc07ANRI2VBPfmpgRiu
JM+wb10GlMimGPipu1GKuyBxTKjR+1QtGfSr5SonTmpaM5UzPeOomi5rQaPionjxzQm0cs6JnsmK
ZjFXHTPaoWjx2q1K5x1KTREDT1ak2U4DFURG6HbqkB4qLvThUs2jIlDU8GoVNSZFQ0dEZElFNBpw
NSaXuGKaafQaBMYD81W7DUbrS7pZ7SVkYHOAeDVXFGAPWmpNMmdONRWZ6FF8XdQtrdVlsBKy9XBH
P609PjfIPvaYfzH+Ned7+No6d6rzWqPyuM16eExNNWjNHhY3K9HKmepJ8cHP/MN/Uf41IPjdN/Dp
36j/ABrxx4zEelPVxivep0KNRXR83UjUp3jJHsY+Nk5/5hw/Mf408fGuU/8AMP8A1H+NePKQalUV
qsHS7GLqSR6+vxolP/MP/Uf41Kvxhd+tgPzH+NePr1FW4etJ4OmugKqz1tPig03/AC5gfjVhPGr3
P/LALmvMrReRXQWQxiuSrQitiozbZ28esG46qBUqzb6xLToK1IvuivPqRs9DZNss5zRSDpS1kWFH
POKKXOB9aAIbiAXluYi20MMGqqaHaLCYwQWpdaneC1CwHDsOMVhfbr6yxK7Hn1FcdetCEuWauaQi
3szQl8OEn904HtWX9nkj1OK1kBI3dakGq30kn2iMMVrU0m8TUZCZYwJl7kc1xqFCrU5VFpmrfu2Z
rqBHCka+lLmkIwcUV7GySe6OYdmikHWlzQAc5pRSd6XtQA4GmzHFvIfYUCo7okWrkVFR2g2OO6PP
vFyvNCIU+8xq54d0ZdK01H485xzU00K3E4kbt61Y3udoB4FLI4JUXPuGY4mUUqUdnuSbDnnk+tSL
I8Y+bae3NQ72P3RTtjkZava5bnke7FaHIeJptVspzOsiiE9Bg1iweJ9RgkSRnyvpmut8XRzXGlhI
l3MBXnKWl+8ix/Zn64rzMQ6sZrlPqMtlhqmH/fLU9e0nUf7RsEuCMMetaHmu3GKxvDtq1rpaJKMN
jpWnvdOccV6MPh1PnavKqk7bdCXDA1IrH0qATml+0MOoqkzGxZBb0qVZCv8ADmqq3DelD3yW4JlY
L7GnzW3Ycty5kHqvNSwXNxatujP61Qh1CKUDkVaW4UnivLxWW4au+e9n3TOrD4qtR219TfsfEJ4E
6/jW9DexToGST8K4IuJPlHH0p0c1xbnMbkfjXlzo47BrmqLnj5bnfCvRqabM9DDEjmnhhXKWevSx
4E+CK3Le9huU3I4rahjKVfVOzXQc6c4+hfznpS5qssuOMHFOWbniuvz6md7bk2OaqarZm7091Vir
LyCKs7804SZ4PT0qakVNWeg+pyVhoc15lrtm+U7Rn0rbi03T9PQCQgHsWrUyAOBj6VQ1TSk1WERG
RkPqDXLDCU6Sco6st1XsiZVjZf3e0r6iozFzRp9tFp0P2Yy5fsWNW9gAyOfcV1Qk+UizZRaLmmMl
XzEDzTDGCKoRnlKaUq8YqjaKgCmUrH8ULjwzfn/pn/WugKVieKlx4X1D/rl/WgDmPCH+qT616lYf
6ta8u8H/AOqT6V6jp/8Aq1+lAH//1/fjWN4jH/EkvP8Ark38q2TWP4j/AOQLef8AXJv5VMvhNKXx
o+V3H72b/ro38zQOaWT/AFs3/XRv5mgCvMe7Pvl8KExSAU/FJipSbKcbK7GFTTCtTEe9NP1o1M2r
srsKjZeKskCmMBitUzGSTKbKc5oBqZgKiZdzbB1bgVSOaatrc6HwXp/2/V2lZCYowMZ9c16xtwAB
2HFcv4S006XpKFxh2+Yn2ro43465rrpK2p83jKrqVLdCxFIyMKzfGUA1Dw0XI+aM7q0lANMu4vO0
ueA8jZVTV4syws/Z1UzxeBv3YHccVaQ5ANVLhWt9TuIj0U09JcivNasz7mhUvBO5dU05aro+alVq
pM6VJMlIGKYUFOzS9qY7kJQHtTDDVmiholxTKEkfPSoHjq9IBmoHXk1K0OSrFFIpioytW2Wo2SrT
OaUSvilzUhWmlaCbDO9ODUwjmih2KuTK9PDCoM4pd2KixcZlgnFLmoQ2aeDRY1UyQU3NANFJod7i
Z5o+lJjJNLiiwXaY0oJBhhzVSS3ZDkc/SruSGp2Tzx1ruw+NqUZJ30PPxWXwxF9NTMV8cdDU6vzT
57VW+ZfvVWVivUV9NhcZCsvM+TxmDnQlaxdU8jnNXIetZ8LjNXoTk11SbWjODlubNoeldBZckVzl
tzg10VieVrhrO6NI9jobQdBWrEOKzLOtSKvLqbm0SdeBS0gorAsKANzAHpRSqDuU9eelNJPcDE1u
fybyE9VU5NVtU1ZNQto4QmCvfFXL22ju9URZH2gHpT5NFsx9yZc/WvPq068pWg18zeLj1GWGtWcF
qIZY1yB6VX0cCbVpJoxtTPAqZ9BtnVis6lgOOadoFtNbzOJBx2NFNYhSSmloE3G2hsNzzSUrcg0l
d+2hgFGKKWgAFLmkooAcDVe/crZt71PVXUziyOawxLtRk/IumrzRzIRnPQ1Z8rauSwxUEUpxx0pS
7E88iujJotYSJxYyS9q0TGYLwo/GmZd5ACcj2pnBOPWphiJc9zxXptdjlW1hZdoYLgMKV0hj2/uU
z1ziolOZM96ddXMEW0O3OKLreWgXdyaYbgrx/lTkkJXa2PzqsmpWgikVjzt+XHrXnt7rOopqMvll
/LB4rnq4qENnc1hTlI9NEO44UjP1qteXI06IyzkKo9TXDWviO4AXecMD61avr3+2LcwyTBQw55rl
lmVO3u3+4qNB9TdXxLC4zGQR296x9ckvdUdXgDADsCKy00SReIbkfIOOaU2+r24+QxkD/arz6mOq
1fdvobKklsWIrvVbVQvkOQPfNWU8S3sR+eKQfhWQfElzany5oDkdSppjeMIf47Zs+5Fc0YVF8P5l
OCZvf8JoVJBLBh6iki8ezlzGEJzXNl7jV5c2tuee5XFdHpfg50QTXcqoDycV6+Dp127tmUlT7Dn8
TXsswdQ23PKiuk0rxdGxCPKYm9DWRO9lbqbeyiMkg4LEVz89vNHMQw2t/sc1pisqw9f3rWkuqCji
qlNvqj2rT/EO5RubcvrkVvW99b3K7kkGfSvBLe41PTUEzAGLrgnk102keLPPKoFeNsgcCvIqU8Zg
9X78fxO6NejX/us9d8wr3qQSDjvn0rjbTxE0JAnQtnvXQ2V7HcYkj6E9K6cLjaOJsoPUJ0pR30NH
7dbpP5LSAP6VY8xM/fGR71wWvNMusgwg7j0qRbXWCysTwR61nPFyhUajBuxSpK17nRa9pjalAslv
PskTk4PWk8MzTyW7wTksUbqTWELPVlUuGwcetaHhOZjNMkq7ZAeTnrWNKpKpXT5WipRSjudURnOK
TaKZ5nzGn5HFeoc4mwGmNEDUoIoxmgCuYRWD4vix4T1I/wDTL+tdNtzWD4yTHg/VD/0xP86AOG8H
/wCpQ+1epaf/AKpfpXlvhD/ULXqWn/6pfpQB/9D341j+I/8AkC3n/XJv5VsVj+IudFvP+uTfyqZf
CaUvjR8tP/rZv+ujfzNJSuP3s3/XRv5mjFeXLdn6DBe6hMd+9dH4X0zRtYkNteXbwXH4f1rngo79
KXLq/mRyMkg6MtVGVjOvSdSNkz1c/CnSsBv7SuQD0IVef0ph+FWlZI+33IPf5V5/SqHgvx8yhNO1
WQkDhZGr0wgPEsyNvjYZDA9a7YKEj5bE1MVh5as4A/CvSv8AoIXP/fK/4VE3wt0r/oIXP/fK/wCF
eg4z659KjZfrVeyRySx9bds86l+Ful9tSuh/wFP8Krr8NdOtrmOYX9xJ5bbgrKuD+Qr0d48jvVWS
P2pqkhfXaskYDW6xIsa52qMVFkg1rzQk5zjFZ8sRBqkrHI23qOhkxirURDB1P8QxWcMqamjkOfem
wvrc4zWPAN9eaq91bOBGwHBqqnw71gMcSJj6V6Skm7qeaeVORgmsnSiz0IZlVgkonn0fw11pgCJU
/Krkfww11ufNTH0rvIZ2QgZNalvdE/xGpVFG6zrErqebp8LNa7yr+Aqwvwo1Ikbrlh+Ar1CN8qOT
z71T1bxBa6NA7zyKGxwCap04pFLNsVUdked3fw/GmW5kurw8djiuO1CKGBisT7ver/ibxpc6vcss
cjJCD0z1rnjMH53sc+tcs2tke1hXWkr1GRl8sRTWp23nNBHFZanda5ERTCoqTGeKTAoM3Ei20m2p
iMUm3NFyeQrsgqFlIq8UFROmapMiUCqDS05ozTCpFMzasKDTgaZgil6+1MVyYNTs1AKeDSaNYyRK
KUmmZpetSaXFPNGeKUCkIpj6CA01oVkGTwadtNOGKulVlTleJjXpQrR5ZIpmMxNntVy2YdRT1VX4
YUv2Yq2U6ele/hMz57QmfM43KHTvOBq2Z5FdHYfeFcxZnaRmumsCMiuus01eJ46i4uzOltOlakQ+
WsqzOa14vu15lTc0RMKU0YpSKwZQ2lU4cGloxRddQvYw9U0+e71ON4SQM8kVKdBcYzO2e/NS6tdy
WkkTR9CearnxAigcHdXHUnh4v39DRKUlohZPD0jA+VcMGHPWpdMu5PMNlMvzpwGHeqp8QSNny1OT
0p+irLNcvPKpU5zzSjVpTny07sORrc2R1IoxTjSDpXatiGJRS0mKBBTqSigA71T1biyq53rP1hsW
wHvXNjH+5kaUvjRz8fUipOQpf+FfvUxRknA5rD8Taq1pD9mhb534bFdmAmqWBi2cOIjzV2jRTW7N
rjYihgO4NWJdTt9u8gAdMZrnNLsktrTcwDSEdattbxOAWWuL+2JpvQn2CL8evWSyYYD865PVNUkO
sGZDuiycDPatoafbHnyxSHT7Vs5hT8q56+Z+2SUkXCmomdBrdrK37wBD9auCbS5Rzgk1BL4etpAS
FAJ6YrMn8OXC5MTnHsa5l7Kps7GrXY1msdLmBx8p9c1UfQ7Qn93cNk+hrCmhvLR8OX4psd/uGHYg
jsTit/Zz+zK47XNG5srqx+aG6Zh7nNVjqeqIM+YpX3FV2vFaQRxfvZD/AA9a3dK8N3l9iS4Vli9G
FdNPDVJdiHKMd2YcMOoapdBFQfMeSK63TvAtqWWa95Ydq6Ox02101MRRIGx97FWWJPOcGvXoYaMV
76OadWXQgjjttOjCWcI3e4pr289180z7U7gcVZQIGLd/elJUkbjXVLlWr0MW3exSS1H+rtlA9SRV
mHTbWFfMlXzJak3c4UYHsKnt7Ge4cYDAeteTiM4hF8tH3pL7jtp4KTXNPRGZPYNfNiUgRDoBWjp2
hR4CwIRjuRW7a6XFFzIMmtJdqDCKFHtXnSpYvFvmxEuVdkdsFTpL3FqU7XRokOZWyfStWJUh+WPj
vUAfPJ604OQc5ArqpYSnRShEidScviZWudbs4LkrLEGkXpn1qF/Fku44gCpioNT0Eag3nRkhzWfJ
5+n2MkD229ugbaTXLiJYrmetkaxlTUbGl/wk95Kv7uNcAVoeGJGleWdwAxOay9Dv7G206Q3UabyM
YYc1t6bJA9uZYFCjpVYelU9opSncKjVtjaWX5yalEtZqye9TLJ713mBoCSpFeqKy8dakWWgC4GzW
J4y/5E7VP+uJrTWT3rI8YN/xR+p/9cT/ADoA4nwh/qFr1Gw/1a/SvLvCH+pUe1eo6f8A6pfpQB//
0ffqx/EX/IEvf+uTfyrYrG8R/wDIEvP+uTfypS+E0pfGj5cb/Wzf9dG/maUcUN/rpf8Aro38zSiv
Lluz9Cj8KDFLig0tIojeJZBhxkg5VhXbeD/HMulXEdnqO57Y4Ac9FrjcUhUFeRx61UJuL0OfEYWG
IjqfRsMsF1brPayiWJ+dw7UMteLeFPGF14euBHOTNZscdeleyaff22rWS3Vo4ZG6oDyK74VUz5DG
4GeHei0HFeKgdavFeOuf6VCy1qzz73RmzR5FUJoetbTx8mqksIpAYLxEGouVNak8XtVJ0wTQIWJw
OvWrkcmQKzlIU5NTROc8dKRRf255FSRStECSdqj7zGsy91qy0qAy3ciqQOFz1rzvxB45vNVzBZr5
EI756iolUikdWGwc6r2PQdb+IOn6TGYLd/PlIxlecGvKNX1271ad3ncspOQD2rJ5LsxyzHqxNKvJ
rllUbPocPhIUdGgOSasQqSKaFqaOslqemop7Eg6YpccUnagUGqWgm2kIqSjbSZDRFjNJjmpdtJjm
gLERWm1MVpNmaAcSIpkVC8eKtbcUhFNMiVMptGaj2Gr2wVGY8dKpM55QZV6U4VI0ZpAlMhJpgKeB
TQMU8GlY2VyQLSFaUGnZosbKwzFIBTjS96i+oNKwqjFW4c46VWA6VYjPSq5nfQyla2upowxqccc1
sWakOM1lW2OMCtu0wWGa9PD4qcfdep85j8LCV5LQ37I5xWxD92sez2jpWxAPlracufU8dx5HYsig
ilFOFYsBmKG4GacV5pGA24oTa2Cxm6xZS3sUZh4APzGqqadYLGollXzB1rakYxW0hzwFrnrTSjqs
szrOVQVw4qneacYJvzNaUnY04NNs3PmxMCBV5QFACAAd8VhWDto981nO+6M87j71a1LVYrchbbk1
tTnSprmdoy6+opKbNMck0dqZA/m26THqRT63WvvdzO1hvelpaKYCUUUUAA61m60cW6/WtMdaytcb
bCmfWuPHu1Bs1o/xEY0bBEd26AZrgL6U33iJmHKqw4rtNRkNtpTsT1zXD6GPN1F5G7tRKo44SMPI
5pRvWnI6s/KAuMcU0A49u9V727FtcIh6E1ANTRLvyiflPOa8hQk1dCJbx5oV82D5lHUVDb65BL8k
nyt0NaagMBk5Vq5XWLNILstHxk5rWklNcrQctzp43hkG5JAfY0lyJFt2ZGX8641LiWHmNyx9M1rW
NvrGq/u0DRp/eIrVYScvhDRGbdXck8xQ7mcHpirNr4NvddKEQlFznca7/QvA0ECCW5cM/U5rr4YY
bZAkShcd8da9WhQ9n8QlJz2OU8P+ArXSYQ0qRtIP4jW89lHAhZmC46JWhuJbnpWZquWwrOK66c3e
yHOPKrbtmTK4dyQMDtTMimu2GwCCBT4Laa4b5AVrHE5tTovkpe9LyM6WBlN3loMJAO7rU8FlcXTA
hPl9a1rTSET5petaK7YxtQYFeY6eJxmteVl2O6mqVH+Gr+ZTtNJihALnJ9K0lKou2MAVFnNKK7KW
HpUY2jEmVST3JCffPrQCaaKXNbX5iEO3ZoaVIImllbCL2poHzYrH8SXPl2yQjOGPOKzqVIU4Xkxp
XZC/itvthMEbGFepFdBZ6jBfW4lLjb3DCsWH+yV0jyx/rcc9KxrS2uXdlt5CFPvXEsZVpyXO1KL7
G6pdTc8Rrp4st1vzKxArX0dDDpSh125xiuctdImmuUEsobbziuqVgqiNRwoxW2HhLmdWUbNmcydX
FSB6qhuaeH9K6zMtrJzUqyVTDmpFc0AXlkFZXix8+E9SH/TL+tWg5rL8UMT4X1Af9Mv60Ac14Q/1
afSvUtP/ANUv0ry7wh/qk+leo2H+rX6UAf/S9+rG8R/8gS8/65N/Kto1jeI/+QJe/wDXJv5UpbGl
L418j5cYfvpf+ujfzNKKG/10v/XRv5mlAry5bs/Q4/CgxmlpQKMUFBQemR1pcUEc1QhPvHGOPStb
w94kvvDl4GglJhJ+ZD3rKxg0w/KuCM96SfK9DOtTjUg4yR9A6Jrtrr1lHPAQHK5ZM9DWgVGa4H4U
6eYtPkunU/vCSvpivQNuACOCTXo05XjqfDY2lGlVaiQlBVeZParjCo3XirOQzJYsjpWfNB1NbUic
VVmiyKTGYTxYJ44HNc54h8VQ6MHhtzvucfKPQ12EsOCQRwR1rxzxrYNaeInkZSUfox7VnNtI7MFS
jOXvGVd6jd6lcNLdzFwxyF9KjB7HtUQ9/wAKcM55rilrqz6alFQ0RN97k/pQBg0i04daVzdMeD2q
ZDioAOalQ80kbQZPnjpQKbu4pwambJjqUZpN1KDRYGkLSEUtFSIaaAKUigCgaGkc00ipcUhBoFJE
WKTFS7RQVpoyaIdtIYxU2KUrTuyHErlBTdtTstMxTRL0GYoxT8UhGKdhJjOlLnmkNKCBzWfK76G1
0lqSqeKmiBFUZLhIxyeah+2M5wp4rvo4GpXt0R5uJzGlQvbVnRw3Ajxg5rXs5/MYGuTtWPHOa6XT
+q8Yr1YYWNFcr3PmsTjJV3e+h1lh9a3IAdtYNh2ret87awqHIu5aUcU7pQo4p2Oa5yhpFJgY96eR
TCKLN7AG3zEMZ5DDFcpcNNY3bwW7su49BXVjI5HWq72kH2n7W5AKjvXPiabxEVyuzW5UJ8pzZsbq
7OZd2/1NT/2IyQFpJAr44ya2bfVYruVkXYFU/eqtrE1teR+RFODIeAFPNc6wmHUb3v8AM09pN7Im
0oMLUpI4JHTFXSMVzVrDeaPdo9yT5L9MmunIDIsinKtyK7KMm1a1rESXW40jFJSnmkrSzICiiihg
A61ka4AURT/erW/irI1sjeg/2q4cxt7DU2ofGcT4sumS1SFTxisLQE/fgDrnNW/FUu67SP61n6dc
fY7nJ6YrOXv0kkznd7yZa8QSFpwq8MGz9KySzlsk/P2NTahci7uTIQeTmkgtJ7pvkTC+tOlDlXKk
TotyVNYuoowhcce1LFb32rzjAYj6Vs6doEY+aX5n9K6e2iW2jAVFXAxwK7qOXtvmaMZ17bIyNN8L
WtuFe5Xc3pmujjuEt0EcSKqj2qKOOWdvlQsTWpbaPsG+5O0H1r0eSnRWhilKbu2S2Mk90Bg4UVpS
MkC5dgMDuay7nVLe0Hk2+AcdayXmnvXA+ZueleVicbRp6t69j0aVKb+HY07zWSQUg61lD7TePklm
zWjaaMeGlG3NbEcMMAwiiuJRxOKWvux7G6jCGu7M200VAoebJPYVqoiRABFAo3H8KUV20cNToL3F
qZTqynoxd2etGc9aSlFbt3IClBpKUULQB2aKSimlcCSP7xY8BeprlNSnjutVCtJhAMYzW1rd4LPT
2VD+8esDRo7UMXvWGWOcmuLFVUpqlK2u5tCLtdFo6JLsMsbEq3vUHl31kGIUqgHWuqgmgMQEDqyD
pUkqLNE0UqjDConl1KS5oafMFiGtGjC8OebNPJcu5bA6V0BbLE+9VrW2SziZYxxgVNkA+/FdlKDh
GzZnJ82w/PNPDVFnmn5qySYNxTg/vUG6nKRQBYD1meJnz4Zvx/0z/rV3dWb4kbPhu+/65/1oAxvC
H+qT8q9RsP8AVr9K8u8If6pPrXqOn/6taAP/0/fqxvEX/IFvP+uTfyrZrG8R/wDIFvP+uTfypS2N
KXxr5Hy9J/rpf+ujfzNIKV/9dL/10b+ZpOleZL4mfocfhQ6nCkopFDqKKXFMBKafmkUL1bin4q7o
dqb7XLaADhWBJ/Gmld2M60lCm2e1+ENPOneFdPhb73krn64rbxn8KFQRRJCOiKAKACW4FejFJRsf
AYio6lRyewxhzTCKnIyf51FIyRjMjBB2Jp3SMoxctiFl4NV5UyKuYDruU5HrUbL/APrpjSexlSxk
c+ledfEvTd9ul2B90ZNeoSISGyK57xXpgv8ARJ0Oc+WcYFZ1Fob4Opy1EvM8HGCocd+Kb0NLGCY1
+XDA5xQRXDvofVa2uOBqQHioBTw1FikycGpVNVg1So2aDaEiYGnhqh/GnA0jZMsg8U4GokNPFNbG
iHU6mA0+kMKAKXFKBRYtCEUmKkK00jFAMQClK5oFOoM3EZso2ipAM0u2mS4kBX0qJqsuMdqgZc1R
E4OxESaTBp+AKilkCLmtIwc9InI5JJthIQq8mqE14CMLUFzeFztU1WBya9rBZco+/I+fx+azl+7i
TZLHJqxEKqqeauQHPFeu0mtNDxuZ9Xc07P7wrptP6iuatBgiuksDyK5KuisLQ6vT+lb9t9ysDT+g
roLbhRXm1Ny0W1FOoX0pT1rnZQhpD0pTSdqPnYBuD2qG6i86ydV+9ip+lIOD7HqKb+Fx7gpNdDA0
aK3aOSCd/LfJ5qkyR6dqO+NvNCnOTVnXrQ29z9ojJVWAHA70WujyXMayykhT1ryKkakWqVOF7dTo
TSXNJkF9qUmqIFCY2Vr6HdG4s/Kbh4+Oas22mW1sMBdxx3rGv5xp2so8I/dn74FbRpVMPL21aXxE
yan8KOgK7fl/u0lIkguIVnT7rUuOK9CMlJXMrBRRmgUhAOtYutcMD7n+VbQHNYmtjJJz0rhzJ2w5
tQ+M8u12TzNUbk4AFUUieQhUHHqavX6D+0pS3IGO1aGnaPc3xDFTHF61vhMFKpTUpbHJWqKNyla6
eiuM/O3oK6Oz0uRsFxtXFXYLaw0xAOJJKuJM0q8javavWo4aMPh1OOVRsbHHHCuAMmnnJpOFNNEm
WKqCazxOPw+HXvvXsXSw9So/dL9rOtqPMPXHFRXOpXF/J8mQBTrfTJ7huSQvWtuCwgtkAI3GvDnW
xWMfuLlXc9KFKnQV3qzItNIkm+eWtmCzht1BAyamJ7DgUg4rooYKnTfM9WEqjYpJLdcCik6jmlrq
bbM7dbiijNJRRsA6iig0AGaWm0760AA609cIpkYfKBTByeOazNba8eEW9spyeCRSm3EFqYup36XG
qRq+fJJ4NaVz4dLRJLbvuVl3YqtZC2h222pQkMOjkV1Ee1YlEL5QDjFcVHD0qqk5q9++6NnN09In
IA3mnv8AMCqitLSHur+7E0jfu16Vr3ltHfW5jddrHjNFlarZQCJTkDv60UsLKnJWd4g6qa2LTEbj
ikzScHpRXdZLroY7i5paZmloAfTgeKjzTh0p2AeDWZ4jP/FO33/XP+taA6ZNZ/iFGPhu9bBx5f8A
Wk9A2Mrwh/qh9a9SsP8AVr9K8u8Hj9zk8c16jp/+rX6UAf/U9+rG8R/8gS8/65N/KtmsbxH/AMgS
8/65N/KlLY0pfGvkfLz/AOul/wCujfzNJ3pX/wBdL/vt/M0CvMlufocfhQvanCm04UihRS0nSgHN
MYpOAT6V2nww00XWtzXDjIQjBx7ZriXOI/evYvhhpps/D0twwwZn3fpj+la0leR5ea1vZ0Wdo5LO
TSZIFOILlscY/WsjXPEFjoFi01zJ+8wdsQ9a7XJI+NpRqVHypblvUtQtdLs3uLtwqgZAz1rxfxV4
vvPENyY45mhtE4TaxGT65HNUvEPiK78RXhlnY+Sv+rT0rIwOoOa5KtXXQ+qy/Ko0Vzz1PQvB3jyW
OSHTdVk3pnajHjtXpoKtGrxENG/IIOa+b2UOMGuw8H+NptEdbS+YvZt8o9qKdZ9TDMcqUl7Snuet
yL1UVXlgEsLxsMgqR+lWbaeC/tlubSQSRsOOadgKw469a67qSPnJc0GrrVHzhrNkbDW7iEDC7yAM
VnOuK7z4m6c1rq63gXhn5/GuIkX0rgl7sj6/DP2lKLKpFIKmZeaiIwaSCSsxwOBT0aos04GmOMmi
ypp9QI1Sq2alo6IyuTIealBqsDzUitRsbxkSg81IDVfdUiNmi5asyYU8CmKaeDTRpFEiikZM0A0/
PFFimiHGKBUhpAB3osKwAU8DFAwKUGmCS3Y1huqMpU5GR16VWuLqOJcL9+tqNKdWXKkcuJr0aMXO
TKt1IsCHPWsC5vWlbAPAq3fM0iFieax+cmvfw+DVNXkfF43MHipPk0RICM5pymoh9aev1rti7Hmt
dWTKeauQHmqKmrkJ4rS4r3Ni16iujsOq1zNoeldNp55Fc1VaDR1endBXQ2/3RXO6eeldDbfdrzKq
1LReTrSnrTVp9czKGmjtSmmmgA70lLQelAEMsUdwoWUZAPFEsq21uSxwqjgU/jmqmq25utPk2ffU
cVMpOCfKtSorXUoDxFtZ9ycdBWZFGdQvss/yE8g1d0qOxe1lN3gTL0zWZIWju3aA4U9PevHrynaM
670vsjphZm0dSFjfrYg5hHetgkcMPukVzMOlXN+hYjZ/WtzTYZobbyZjnHSvQw1WtV1muVdPQxqQ
VyxS0UV1vcyAdawNdOd4rfHDVz+tk7pTnoK83M7+xVlfU3w7fNoecPMkOqSu43DjjFbNvPqN/tSE
GGDvkYqnZLE99LI8ZdgeBXSRGVkG44HYV688XQoYeLnL5HmeynOcuVdRILCK2AaQ739TU+8ngfgK
mt7Ge4OAuB61s22lRQgNJy1eXUzHF4v3KC5Y9zshg4U9ampkW9jPdHoQPcVs2ulQ2+DIATV4fKu0
cCkpUcFTpu8/el3NZVukVoGAMBOBSnBPrSUV326PVmTbYUUUUAFLSUUALRQKKADNLSUZAFAC0vOf
WkXLVVv9RisECq2Zv4QKmU4Q1m7IaVxNT1FLGMYYb25ArMHiG4GGVQxqK3jXULtjdR4kJ4am3WlX
Gl3X2hVMsJ7DsK8+q685c8Je6bx5VuJeaqNQj2yx/vPUCoNP1K70xy0mXiJ4HWtuzbSbuMyZEZH3
gatR2ljcAtCuVBxmiOHrOaqe0uPnjbUsWtwLy3E4G3Papck9aaqBVCrwBThXoruczd2KOKKKKYC0
opucmngFuAMmlu7IEJT0RmqK4urSwiMl5Kq4GcZrhNf+JKqZLfSwdw43AVtHDzqOyIlUSO41DVLL
R4mluJVyBnbuFeda58QZdWk+w2q4tpPlY+1cVdT3F/KZruTzC3NSWnE0agYGelegsFGlTbeuhz+1
bkj1rwgCYkJ716jYf6tfpXl3hH/UivUbD/Vr9K8o6z//1ffqxvEf/IEvP+uTfyrZ7VjeJP8AkCXn
/XJv5UpfCaUvjXyPl1j++l/66N/M0opG/wBdL/10b+ZpRXmS3P0OPwoWnCm5pcZpFCg04YzTRinD
1pgkOhQzXMEQHzM+MV9C6FZ/YNAtbXksFz9a8T8HWA1DxRbxsMoqlicdOlek+MvG8GgwCzssPchM
DB6V00mkmz5/NFLETjRii/4o8W2Hh22cO2+5P3UB714vqmrXutXTXF43zHlUzkAVBd3d3qF1JcXU
peRznaTwBUI9ufes6lRtndgsujQir7gCRR14ozRWJ6S0DpTSAwwQCPSnUmaPMTXU3/DHi268OThX
Jks88qWI259PWvZdN1O01uxS6tJA6sAcDrXz3jI9fY1paJ4hv/Dt0ktpIzR7gXjJ4xW9Kq72Z4+Y
5XGtHnhuei/E/TDcaA1yoyY2XIH1rx0DKKa94bVrHxd4YuBDjzWjJZfcV4Y0PkSyQtwYzjmitZu6
IyyUlB0pborOtQstXHX5RULLWCZ3Tp2KxGKQNUjrUJGK0RzNNMlBqRWxVdTUqmhlRnZlhX56U7r7
VCDT1NSzoUrkgPapoziqxPNPVqk2Tsy4rVKDVNWqZXzTTN4yLGacDmogaeDVXLvckoNNzTgT1HNM
bdlcMDIH50qK8koijQtIf4RToIJLm5WC2BaV+wGa9g8F+BbfSrcX18olujgjcOlXTg2zzsdjoYWH
vas8ok8O6/MuItOkCn+I1EngTxC/JtDn3FfSwbbwML7AUu9j7/lXrUK7oq0EfE4rETxUm5vQ+ZpP
AHiAjmzP5VSf4c68W4s2/KvqcOcfeP5UBz3/AKVrLG1JfEcqo22PlgfDjXe9o/5U9fhvrmf+PZvy
r6l3H/OKad3f+lL65IPZHzCPhnrzdItv1WrkPwy17/pmPqDX0gxJHBNQkNVfXZWK5Dwm3+G2tIBu
aL8jWxa+BtUhwWaP9a9YfdnGTVV8nOT+dZvFykCicXbeHruDG5o/zrVispYx82K1pBz2qu+O1Yym
5FFcIR1pTTz1pprMBppp6040mKAG0E07FIRQA2lUgHkcd6SgdaabYmjn9b0p0YXEGSCeVqzpWlxv
AtxNn2U1rEBuH5HpR8oGAMKOwrl+rwVTncbs153awnmKpA3BAOlDdc5yKp6jZPdBTExH0q3bxFYA
rE5Hc1vzOT95EO7DPPrS4I7VTvtUg09SDhn9uax11+5aUMB8pOKieIhTfv8AUapuSujo+rEdDXOa
wf8ASypHB4NdHEfOhDnAJFVJNNR5vNkGcnPNYY6hOtSUYFUpqErs5u00n5maKHlu5rctdIRQGlJJ
HatJAkY2ooApTz1rOjl0IpSqe80XKtr7gAKgwigCkznrRRXobaIxbdwPNJS0lO/QQUUUUrAFFFFA
BRRRQAZxS0hoFAC4NOVC1IoDE84ArIvNRuJWeCzGWHBNTOaj8ug7FnUdUislKp879CKzdFSG5u2m
vXyf4Qe1QafFP9raG8TczdzUd/aS2ErAkgN90jtXnVq1VP2trx6o2govQvDVYrbVmiliBjJ+VhWx
NqltbrEJCWSUAAHtmsLSIbGaNxe8upyGzWX5cmp6+8UBYwwuNvPFaU60lSvHZ7CcLuz0NbVtM3XM
YtEIVz82K3bS2WxtliXnPJz60+L93EFcAsO9OznmuqFJRlzLcybb3HUUUVs/MV+gufQc0vJ+6Mml
SNm56D1rH1vxTp+hAqzBpcdAeppxhKfwik1Hc2SFiQyTMEUDJNclrvj+x0+J4rLE03Tk4rhtb8Ya
nrcrKjmG39jWCIxkMSWPcmvSoYFLWRzyq6aF/UtavtYk3TyMFz90Hiqaqq/dAHrS8ZPP0orvjBQV
kc7be4VLbZ+1R5Peox0qa2H+kp9amqv3cvRjh8SPWPCP+pFeo2H+rX6V5d4R/wBSK9RsP9Wv0r55
noH/1vfqxvEX/IGvP+uLfyrZrG8R/wDIFvP+uTfypS+E0pfGvkfLr/62b/ro38zSikf/AF8w/wCm
jfzNANeZLc/Q4/Ch4opM0tIoWjOCDSZpwHf0oC+pf0rV5dIWZ7fieTjcO1UJZHuJ2uJnMkzdWNKO
/PNISarmIVOKlzJCckc0UCipepezugooFLRYBKOtLRigPIQ0g9qXFJinYSVmWNM1K50q6We0maMd
HQdDUN/OLy7kudu0ucke9N7EZ4NNPWi/czVGCvJbsjPNRMKnbntUbVInGyKzrULKKuMOKhdOM1SZ
zTgVcYNODUrLTMVe5zNWZMrVIrVWB5qVWFJpmsJFgEGl4qIGpAc1DRunceGqVHxVfGKUNSNYyLyv
Twc1VR88VMj5zxTTNoy1J1bHPU1NbQT3lykFnG0kzEAAds1HZWtzqd19ls4iztgZxwK9u8HeDYfD
1rFLc4kvCoLHHAropwbODH5hHDJ66jvBngqDQ4FubqMSXLDdk/w11+d3WmswY5Jpc59q7IxSR8bW
ryrTcpsUjFIOKXNIeaevcwSQoOaXim0CjXuBIDR1pKWgLIKjbFSU00AV5FqrIvFXZKqyc0AUJV4q
sy1dkXNVWFAEBFMI5qQ0w0ANNJSmkxQAHpSdqWkoAQ03FPxxSUDQ0ikxSmjtRdk9Sre3ElrF5kal
iOwrEl1e51Zja2xMbDr610oO3tmqo023hna8iXEnU4rKrTcpXTNE0c/bw/2UzjUEaWR/us1R2cX2
rUVIUbd33RVnVtUN3L5FxEQF+62KveHrMJGbk/dHcV50oqpieR6qOpvF8sGN8Rl7ZI5IpvL24+X1
pdM1lrrEcwJOKy9SZtWvGbP7lCeR7VNoyj7V5mQEX1rWpXmq6UXoyYQTpts6Qx88DHekKkcnPNc9
q+vtNfLBaghRwWFPstZumYRvCzAdSK6frNLncFv6GSptRubvQYxRxVRNYtH4Y7W9DU6XNtL9yZc+
lbRlGWzRLi0SUU7bkAgg0hUg4yM1QnoriUUpVgOf0o2njOOaAG0U4rxnIFRvIkClpGCj3o6XHbWw
6lHIwtU31eyRgPNBzUtzcLDZCdehXPFTzx112Dldrljb8uMjNJnPHcVy1nq8xu/Mc5QnpnpXUK6T
IJYz8p61nRrwrawY5QcVzMo66biPSzJa/ezzUHhadJbHkAT5O7Na20So0bdDXMPN/Y944ToxzWGJ
n7KaqPqXTV0dQAJG27V3jviqsrW+pbrZhlkHWqTeJIBbAr/rDxU+lQ4ie4cYL1usRTqK0VdEyg07
swFs5Lq/e0jBVVOCwrqLKxh0+3EcaDze7+tSxpHF8yKAzck0/qeamjhadJN21YSqSqLlewDnrS+w
/Ok7/wCFKxSJN80ixoOcmunVuyM27bj0Vm4C7qivr600uEy3U0YwM7Sea5LxD4/tbItbWCmSUD7y
nivN72/vdWnaa8lYq3bccCuyjg5T1kZTrJbHW+IfH9zeBrbTi6IDjetcY6y3EpmuZXlf1c9KVAEH
yjGO9L1PPNepTpRpq0Tkk3P4gGBwKXFLiitBCYpcUUZp2AUVLbf8fKfWoc1Lbf8AHyn1rOr/AA5e
jKh8SPWfCP8AqRXqNh/q1+leXeEf9SK9RsP9Wv0r52W56B//1/fu1Y3iP/kC3n/XJv5Vs9qxvEf/
ACBLz/rk38qUtjSl8a+R8uP/AMfEv/XRv5mlFK/+ul/32/maSvMlufocfhQtOpo606kUApc8Uh60
o6UAAoNLRQAgpT0pDRQACg0tFMBKWik70AFFFFACUEUtFIBlMI5qQimFaRLIyOajcVORxTCtBlKJ
VZahK1bZaiZauMjmqUyv0NKG9qVlpnNXuc2tyZWqQGqwJqRXNS0axqWLIanFeM1DuHWnl9rD5WZz
0UAnP5VF22dHPG12KrAc5rU0bS7vXLwQWoO3uw6Ctfw94Gu9WdJ7tXit+GxgDNepabpdnotuIbKE
KmOXI5reFJvVnmYzNFRjy09WS+E/DFl4dtFwA9033mPOK6dX79ee9Y0UxB61ejlz3rsjFRR83Wqy
qPmb3NAPkU8GqyPx1qUEnvVGJOKWo1b1qQMKACjpRyTSnnrQAA0uabSg0AOFIaM0E0ARyVXcVZYV
A60AUpB1qqw5q7IvNV3SgCoV5pjDmrBU0wpQBARSEVKVpCKAIcUEVJimlaAGU3vT9vNIRzQAw0dq
cVFJigBoznig4xnn3FOxSGgCreafbX6bHG0gcEVhTjUtKtnt4ctCepxXS9T7incHh1DZ4waxqUua
6juUpaHNR+VBobMP9Yykk+9VLK0ubti8Z2wr1Irp59PguU8rbtQc8Vl6hFdWlv5Fmh8kjkr1NclX
Dq/tX0WxpGfu2MidI/tHlRDLE9a6rTbWKzslEi/OVyWzXO6TGkt2A/DL2NdNeMEsnwwyF6U8DTaj
KvLcdWV0oo5GcCW/zGcAtjpWvcaNDDbK6Tnzjzism2t5dQuCiZDdeKs2dtdtqwhnZsoOC3SuWg01
OTXxMupZIit7jUQ7pvOFqeC/vrmYRR8tW1qsMcFs3lqA2PmYVztjdPZ3AmUZxW1ecqFSnBS90UYq
UWXG1a80y6xej90OtS3l5cyRC7tm/wBHfp7VnXks2vXPlbRgnmtieyGnaMluDnDE4+tWqjnCpZ6L
YUopNFHT7m5uZTLM/wC6TtUjXH9t3qxRsREDzjvUOkDcjx54LdKgsG+wajhD8pbp6VjHENwppv4t
xuC5mal94fgeI+Q+HXvik8qeDQ2gm52kjn6VtbSQGXleprK1S8ilt3tk++Dy2favRnSjC82Yw1Vj
ENvbpp0csbfOVG4Va0jUmt2ETjKN61Y0PTbKS2DStvOORms69ikj1BoLeM7T904zXnVIzi41aWxt
Fp+7I61TnDxn5aqXWlWt3JvfOao6TZX0D77iUmP0rYJyxI6dq9TWpG8o7mFuUzo9Cs0OetaCgKoR
fur2ozSruPRc040401yoLsPcflTkQvznAqK7vLTTYTNdOq8Z5NeeeIPiFcTlrbTSqJ03gV0UqE5m
Uqiidnq/ibT9DibJEkuOBmvMta8X6lrbmJXMMHoB1rEkMtw4kuZmkf8A2jmnfhXq0cJCG5yyqNjQ
g3bmzu9QetPI9f0pKUV0mV7igcc0uKBRQAUUd6KYBRTqKYCAVLbj/SE+tMqS3/4+E+tZ1f4cvRjh
8SPV/CP+pFeo2H+qX6V5d4R/1Ir1Kw/1K/SvnZbnon//0Pfu1Y3iP/kC3n/XJv5Vs9qxvEf/ACBb
z/rk38qUtjSl8a+R8uuf3s3/AF0b+ZoFDf62b/ro38zQK817n6HH4UL3pxptOX3pFBS9KXikoAM0
6kpKAFxRikooAWiiigApMUtFABijFFFACUUd6KVgA02nUnenYBpFRmpTTCKlkMjIzUTripyKYRkm
haGUo3KrA1GwFWXXHaoXXbzWil0OWpG3oQEY5LfhToQ8j7Y43dvRQT/KtfSvDGoaxIrKvl255LN1
I9q7/TPD9lpMYESbnxgsa2hTbPLr4uFPZ3OR0fwXqWoYe4VYIiOGDZP5V6DonhTTNJw4RHl7vjkm
pY5SuApwPYYq5DNzjA+praNNI8qtmFSeiZsxyAqMAAdBTz83Xn61Qjk561bjk4rVHG5Nu7HlSOlS
xyleppoIIprJ3oJNCKfjrVtJM96xEcqetWopznmgDWVuakB5qlHLk9asK/NAFlTTxj1qEGnhqYEm
aMU3NOoAM4pC1BGaaRQApNMYZpxpO1AFV15qF0NXGXNRMlAFJkqMpVxk9qiKUAVTHTWWrLIaiKmg
CuRTSKnK89KYy0AQ9qaRUpWmkUAREUYp5FGOKAI8UmKcRSUANKg4oP0p1JimnYBvOc9KAxBPoadT
SOaS0dwWhALO2Wbzgnz+1U9S0y4u5PMikwvda08Ed6UAKMgkVEqcWmktx31uczb217pt0JViLD2q
PUr+7upQkELrKT1rqt74wD+dN8uPdu2/P64rBYeVNctN2RblfcxZpntdGWG7fM7CqOliKQtDLgMR
xXRT2UFzIHkGWHTNQ/2TaiUSYww54pVMPJ1lLdIcZ2OdjZtN1LJGMHt0xXQX17az6f5gcFscinz6
bDc/M2AenNQJolsvGTj0qaNCdLmpr4ZdOwOaZi6bexW11vdTsc8VJfaRcxT/AGiDLo/Ix2rdGlWY
GGUEDpVlPkTYCSBShgfc5Ju76BKt72hzsJ1QwMih/mGOae+hTyWqhD+9JyxNdBuK/doLkEkZzW8M
O4/G7shz7GZY6MtgVYtlgORnitEFVbcEG71ApOMck5NHKnAGa1jCNKPKthO97sUsTwOfpTRktjbT
0RnOM7B61lar4o0zRlZWfzJwOgOa0jCTdooltLc1WVIY980gQe9cn4g8e2WmqYLP95KeMiuL1rxf
f61Iyx5ijzwDxWEsYXnAJPUmvRoYFLWRzyrdi1qGpX2rzGW5lcp/CpPAFVwAuAoA+lHIwM0vSvQS
SVo6GEm5BRRRTJFxS4oFGKYCiiiigBcc0Ec0veg9aADFLiiimIKkt/8Aj4T61HUlv/x8J9air/Dl
6MuHxI9W8If6kV6lYf6pfpXlvhD/AFIr1Kw/1a/SvnXuegf/0ffqxvEf/IEvP+uTfyrZrG8R/wDI
EvP+uTfypS2NKXxr5Hy8/wDrpf8Afb+ZpKHP76b/AK6N/M0CvNe7P0SPwoKdmkxQBQMcOlKKQUtA
C0UUuKAEopcUmKAEooooAdSEUtJQACilxRQAmKTvS5oNABikIoHWlNFgG4ptONJUktDSKYwyQOo9
PSpG46nA9T3rW0HwzqHiG5CQW7JAesxPGKIxb0Mq1SNON2zEigkuZhBbxb5D0C8mu78PfDxFCXmr
k7+qx9q7rQvCOm+HoAIoUkuO8rDJrTmXccnn69q7KdGy1PmMZmbk3CGxhm1igjCQosaAYAA7VRlj
9Bx61vywgjoKoTw8dOM1va2x4rdzHbKmpI5OnNSTR47VWIKmgSNKOXpzV6KTJ61hxy89avQzc9aY
9zXjk5qwrZrMilq2knANAiwyA00HaetOVww5pxCmgB8U2D1q5HOCaz8Y6UqSFTQBsxyZ71MGrJjn
APWriTAjrQBeDCnhqqq4PepVb3pgTE0hNN3UZoADSUuaaSBQAvamEU7dSc0ARstRlKsY9aaRQBVZ
KiKVbZajK0AVSlRMvNWytRslAFVlqPbVl15qMrQBCVppXipitMI5oAjxxTStSkcU0igCI0lSYpMU
AMxSU8ikIpoBtBHFOpDSQDKXmlpafW4EZzS4p2KSpjdLzAaaTmn0lVrYNBppMYpx6UDGOf5UrX16
he7G80dKeAzfdUn3plzLb2SeZdTJGo7E80crfqD01Y5FZ2ACZ9T6VVvtQstJhaS7kG4dBmuQ1/4g
JEJLfT8E9Nw5rgLm8vdQcyXU8jZ7Z4rto4OUviMJ1lsjrPEHj+6vC0FiAsf98GuNfzLmQzXEjSOe
+aAoXhQAKcCR04r06dKNP4TnlOTABVHy/rRQeaStCLC4oxQKWn6AFFLikoAcKWkFKKADFGKWigBQ
KMUtLQITFGKWimAmKkgH79PrTKkg/wBen1qKv8OXoy4fEj1Twh/qRXqVh/q1+leW+EP9SK9SsP8A
Vr9K+de56B//0vfu1Y3iP/kCXn/XJv5Vs9qxvEf/ACBLz/rk38qUtjSl8a+R8uSf66b/AK6N/M0C
iT/XTf8AXRv5mgV5r3Z+iQ+FDxQKQU4UFCinU0GnCgAooooAKKKKACkPWiigQopabSg0AFFFFACU
tHaigYlFLSFiE3MaPIWm7ExziljSSV9kEZkkPG1RWjo2h3uu3IitYmK5wWI+7XrvhzwLY6FEkk+2
e5I6kdK0hRcjzMXmcKCdtzj/AAt8OJ7kx32qMY4xyIGxmvT7e2gs4VhtkEcSjGFHWrLZBGMKg6AU
w9MiuuFNJHyuKxdTES5rkLrznjHYCoHUVaIqJ1z2q7WOO7e5SdMiqkkXFabJxVZ48mgDHmh56VQn
iI7Vuyxc1RmgzmkBildpqRJNp61NNDgmqjKVNAzRinq/FLxzWEkhBq9DP6mgDZSQYqdWz3rNjlGK
spJx1piLopCtRxvxUwIxQBGDtNTpPjrTCoIqIqQaANKOcGrSyj0rFSQrVuOfJ5oA1RID0o3VSWUe
tThsjrQBNuo3VFvzRuxQBKGFODVX31IG4pgT5pMUzd0pwORQAhFMZfapKMZFAFZlpjJVkpTGWgCo
yVGVq2VpjLQBUK00rVlkqJloAgK0wgVPt55prKPSgCHFNIqbbTSvNAERFIRUpXFNI4oAixQVp5HF
JigBmKSnlaTFACUmKdikxjrTC1xtJxSkE4wM090WOPzJ3VF9CaIxcmF7EeCwwBQ+y2jLTyrEoHO4
1zWtePbHS2aK2Tz2Axx2Nedan4q1TWXbMjRxk/dzXVSwlSo9NEZTrLod5r3j+wsFMNgWkk/vAZFe
eaprOoa3KTcyYT0DGqAjHUsWfvmnDivTp4aFP1OaVRsakSJ0wKdnrnJpDRW97bGYpxRSUopDClpK
WgAooooELSijFFMBccUCl7UCgBRS0lKBQIO9LRiigAope1AFMAFSQ/65PrTMU+Efvk+tRV/hy9GX
D4kep+EP9SK9SsP9Wv0ry3wh/qRXqVh/q1+lfOvc9A//0/fu1Y3iP/kCXv8A1yb+VbNY3iP/AJAl
7/1yb+VKWxpS+NfI+XH/ANdL/wBdG/maKH/10v8Avt/M0lea92focfhQ6nCm04UFoBT6bSg0wFoo
ooAWikpaQBSUtBoEJRmjFLigAFBoA5o70AFHsBknpSEgDJq5pul32s3HkWMDuQeWHAFOKcmROpGC
vJlPeAQoBZ+m0V2vhr4e3OrSx3GoBo4ByF6Zrr/C/wAPrPSYkuL5RLcnnDDPNdruJUKAqKvAUCum
FJbs+dxub3fJTKmn6ZZaTbrDZRBFAxnufxqzz7flSgUHNdG2x87Ocpy5pO4hGetIQKWgimSRkUwi
pMU0ih6gQlc1AyYNW+1RuM0rAUJEzVSWPrxWoyiq0kftRYDFmhzziqM0WR0reki9qoyw+1AGKy7T
TlkK1alhx2qo6YNAF2GYkdauxSZHWsZGI6VbimwOtIZsxv6GrCuM4rKilPY1bjkBPWmI0A2etO69
aqrIc8VMr8UAOdB2poJWpAc9aQrmmALNjqasxz8dapslNBK0gNRZs07fmqEcmKnEmaALO6nB6rB/
enB+etMC4G4qRW4qmHqZG460AWAc08VCrZqRTQAppCoxT+tLgUAQFaYVqcrSbaAKrJUbJVtlqMp7
UAVClMZKtlKjZaAKuykKVYKUwrQBXKU0rU5SmsuKAISvFMK1ORgUwjGM96NASIsUm05qcRse3FQX
VxZ2Kl7mZVHoTTScnZA2kIRzgc0siJChkmZQg55OK4/WPiRY2YaCxKSSD0rz/VPEeq6s7CSWSONj
nCtjiuungpz30MZV0j0XWPH1hpqslsRJL0xjOK881XxXq+suwMvlxdsDFZIiA+8dx/vHrSkcYzke
1elTw1OC1Rzzqtkax/NuYkt3OetSYGQR1FIKOlbmYHrmkpTSUAFGKKKAEpRS0UAJS0lLQAUtIKUU
ALRRRigB1AoFKBQAopaKKBB3p2KTjNLQAUoFJilFNABp8P8Arl+tMNPh/wBcv1qKv8OXoyofEj1L
wh/qRXqVh/q1+leW+EP9SK9SsP8AVr9K+de56J//1PfqxvEf/IEvP+uTfyrZrG8Rf8gW8/65N/Kl
LY0pfGvkfLsn+um/66N/M00Urn97N/10b+ZpBXmvdn6HH4UOFOFMFOFBaHUUlKKYDgc0Ug4pRQAU
DrS0UALSGjNFCAKAaKPwpCfcXrTSy9FBJ9qR2EYyxABq3oniPTNKuTNd6Wl2yHK7mIFdVHCVKvwo
4MXmFLDxd3d+R0nhrwDqOtSpPcZt7Xrg/wAQr1zSdEsdDtxHZwrnHLEc15lH8b44oxFFo0SoOgEp
/wAKcfjgP+gRF/3+b/Cu+GAqR6HyOKzOdaWj0PWxz0OfWjHtXkn/AAvAf9AiL/v6f8KX/heA/wCg
TF/3+P8AhWn1Squhw+0S2PWtppCDivJf+F3j/oExf9/j/hR/wu8f9AmL/v8AH/Cj6pU7C509z1nn
0pecdK8l/wCF4L/0CIv+/wA3+FH/AAvAZ/5BEX/f5v8ACl9Uq9g50esEe1NI9q8oPxvH/QIi/wC/
zf4UjfG8Y40mL/v8f8Kf1Sp2DnR6uR7VGw9q8q/4XeMf8gmL/v8AH/Cmn43D/oERf9/m/wAKPqlQ
OdHqbIfSoZIz6V5efjeP+gRF/wB/m/wqNvjcD/zCIv8Av83+FP6nUDnR6XJGc9KqyREnpXnR+Nas
f+QRF/3+b/Con+Myn/mExf8Af5v8KTwlQfMjvJ4RnpVKSDrgVxL/ABhDf8wqL/v8f8KryfFwEf8A
ILjH0lJ/pUPC1EO52pQr2pASB0rg2+Kgb/mGp/38P+FQt8Uv+ocn/fw/4VDoSQ7npUUp4q9HLXk4
+KZHTTk/7+H/AAqVPizt/wCYcn/fw/4UlSkK569HIanR68jT4wY/5hkX/f0/4VKvxkx00uI/9tj/
AIVp9XmFz10OcVIrk15GvxnGOdKi/wC/x/wp6/GnH/MKi/7/AB/wprDTDmPW8Z7UxkOeleWD41j/
AKBMX/f4/wCFTx/GQP8A8wqL/v8AH/Cn9UqC5kel8jtTlY155D8Vo5Tg6ag/7aH/AArSt/H8U5/4
8EH0c1DoTQcyO1DGnBuawLbxLFcAfuAuf9o1pxXqSjhMGs3FodzRD8VKr8VUWQEVKrelSMuI9So2
TVJHqZHOetAFxT708Gq6vUqk0AS4o20LTuaB2I2WmFKnxmk20CKzJUbJVormmMlAFQpTGSrTLik8
hmOFUmj1AplcU0qfXr2qzcG1tI2kuZwgA6cVymreP9J01CsISdxwDu5rSNOctkTKcUdB9nIOXIUe
pNZt9rmkaYHNxOGK9ADXmWr/ABB1XUGZYMQxnpxmuVmee8dpbmVnJ967qWXNq8zCWIWyO91r4nhl
aCwhPXAbFcPf6pqOpvmeVtvXANV1RVHAoI5716FPD04bHO6kmRCNc9Pm9TS806k5rVti33GnNHNL
zS1Nr7hoNxSEUtFOwCYpMU6kosAmKMU6kNACUUtJQAUUUtACUoooFADhQaKKAHClFJTgOKEAUUd6
UCmITHNOpcUUCF7UlLRQAlPh/wBav1php8P+uX61nV/hy9GXD4kepeEP9SK9SsP9Wv0ry3wh/qRX
qVh/q1+lfOvc9E//1ffqxvEX/IFvP+uTfyrZ7VjeI/8AkC3n/XJv5UpfCaUvjXyPltz+9m/66N/M
0gof/Wzf9dG/maBXm9T9Dj8KHUoptOzQWh1HSkBopgLS0Cg9aAFzRmkooAWlB7UlBIVcsQFqlGU5
WQpzjGPNIeOelQT3SRDAPzVUuL4MCkXA9apZ3HLEmvYwmWc3vTPm8xzuMI8tHclmnadvnyB6VHkd
qQYpa9+FKNNWij5KrWnVfNJi9KOtHaitbeZlZCijNJS0WQCGiiilp2C7FzSZ57UdqO1GnYLsQnNJ
R3paNAuxhzmjrTiKb0odh3Y00wrUpHem4qdBpkO2mkYqYrzTWWiyLUiEgUwj2qbbTStZSimVcgP4
0wj3NTFaYVrCdNFJkR9iaAcdc07FIRXO42egxQfelzjvTRSmnGWoDwadmogaeGrZTESq2O1WoW6V
SVqsxSgcVqpCZs27dOTXSadtyvGfrXLWki8c102n8lc81lUs0COw03qMbQK6a0OAOc1y+nZAHy10
tqflHFebVWpaNePkCplJFV4zwOKnBNcz3KJlapVaqwJqQNSAtBuRUyPVNW5FTKxzQBdV+al3VVQO
3RfxqcKVGWkRfqaH5BoSj8Pzpw5qpLqen2ilp7uEEe4rEv8A4g6JYqdsxdx/dXIrSNKrLZXJdSC3
OmEe/jpTSYYFLTSoAPVhXlepfFO4n3LYRMB2JTFcjfa/qupMxmnZFPYGuylgKk99DGWJS+E9j1Tx
ho+lAlpUdh6GuF1r4oXEhZbAbQehFcD5Cud0jFz6saXYAMALXdTy+nD4tTmliJSJb3WdW1Ribi9l
2nquazxbIDlssfU85q2Qe1MIrrUYwXuoybZCV47Uwg/hUxWmlaPUZDimkc1LtphXmkMjIpMVIVpp
FAxhFFOIpMUrANopcUYoASkp2KbQMKSloxSAbQaXFBFADaWjFGKACijFOAoAKUUHrS0CF4pR0ptO
HSmAtKKBTsUAJSikpRQIKKKKACnxf61frUZNPhP75frWdX+HL0ZcPiR6l4Q/1Ir1Kw/1a/SvLfCH
+pFepWH+rX6V869z0T//1vfqxvEf/IFvf+uLfyrZrG8Rj/iSXv8A1xb+VKXwmlL418j5ZkP76b/r
o38zS02T/XTf9dG/maM15vU/Q4/Ch2aUU0U4UXKHUZpuaUGgdx4ozSUmaY1qx2TjOM0Zz04NNzgc
nAqlcX3JSP8AOumhhp1XojjxeOpYdblyW4jiXlvm9KzZrl5jzwvpUDMX5bk0ma+iwmXxpr3j43H5
xUr6J2Q7NHSm0V6KSWx4r3uOo70gpc80xDwaTNN5oGakB4PNHemjg0uapAO4pOKSjNO4DqO1Npe1
IBKUUlKKAAim4pxFJg0AIelNNPIppBoKGkcVGc4qXtzTSOKBpkTDjimmpscVGy1JSZGRUZFTYphU
1nKJaZDimkVKVNNIrCUBkeKSnGkrCUbAJS0lLmhMY5TUgqIU9TWsZCZZjeRDwc1rWesXNsR8oI+t
YqEZqymD7mtFZ7kNvod1pXjSOMgTR12OneNdLYASZFePJgjpip1QEdWH41EsLGZPtGj3mHxVo7gY
mA+pq4viDSyM/aF/OvAAGXG12/OlzOf+W7isv7OT6h9YZ78fEOlrybhcfWmnxbosfWYH6GvBP32M
GZz+NJsbvI/50v7Oj1YfWGe4zePtFi+6cke9Ztz8UrKH/UwsTXkIiGQSWP408KoPf860jgaK3Ida
R6LdfFq7Ybbe3wPUmsW68c67eZKsqKevzVy49cD8alRh1xzW8cNTWyRm5yfUuy31/dsWnuHOfQ01
EHUux9mqBX/yKlR884/M10pKK0MndlgBQMAUtRq3NPyDRcBaU80maWhabCGkUw5qU00ilYCLFMIq
YimkUPXcLkJFRkVORTCtTYoiOaaRUpFNYUwIyOKTFPxSUAMxSU8im4pFCc0mBTqbSAMUhpaQg0AI
aSnEUmKAEpaMUUAGKBRQBSAWlFJS9KAFxTh0pAOKUdKYCilzSCloAWiiikIKKKKYCGnw/wCuX60y
nwn98v1rOr/Dl6MuHxI9S8If6kV6lYf6tfpXlvhD/UivUrD/AFa/SvnXueif/9f37tWP4j/5Al7/
ANcm/lWwaxvEX/IEvf8Ari38qUtjSl8a+R8sSH99N/10b+ZpBSSH99L/ANdG/maUV5bep+hw+FC0
oNNNGaNSh9KDTS3HPWjcAMngVW7stRSairseKjmnjhX5myaq3OoLGMIMmsx5GlOWJNerhcvc/eke
Dj84hTXJT3LU1205wuVFQfjyKZntS5GeK+hp0Y01aJ8fWxNStK8mSBqOtMyKM1rc53ruSDGaXPNR
5pwNGgDs0ZpM80uRTAXNLmmk0Z4oAdmgGm5op3AfmimilJ4ouIcDSmmA07NAC9qBSUZoAcTSDrSU
UDFNNNLRQA09KQDinUhouFxuKYRUuKaRSKTIiuKYRUxFNKj0oLTICKaRUpFMIqZIq5EVppFSkU0i
sJRKTIiKSnkUhFYuIxuaeppmKcKjYCVDzVqM81VXrViPrWsGQy5GatIflqpH1q0lbxZjJsnHIp1M
XpTs1ZmLmlFNFLTQDh1pe9NB5pc07iHdqcDUeacDxRdiJVapUaqwNSK1NMVi0G5qRWqsG5qVWFMR
ODmnA1EGp4amSPpMUA0tCAaRxTSKkNNIpgRlaaRUuKYwqR3Isc01hUpFRkUBcYV4ppU1JzTTSAiI
NIBTzmm80iriEUmKU0UAmIaSlNJSGIaSlNNoAWikooAWigUtIAFKaSloAcOgpcUgpR0pgLRQKWgQ
UUUUgCiikpgBp0P+uX602nQ/65frWdX+HL0ZcPiR6n4Q/wBSK9SsP9Wv0ry3wh/qRXqVh/q1+lfO
vc9E/9D341jeI/8AkC3v/XBv5VsmsbxH/wAgS9/64N/KlL4TSl8a+R8qyf66T/ro38zQDSSf66T/
AK6N/M0ma8xpan6DB2ikOzk0vOeKaM4POBVS51BIOEOWq6NKpU2MK+Jp0PiLkkyQqWc8+lZNxqDy
5C8LVWSZ7htztx6UzI7CvocJgI043Z8pj84qVHy09iVW9eTRuNRg04GvUVrHhtNtu+4/PNL3pmaX
NN6kWsPzS80wNS5ouFh3NLmmZpc0XEPB4pwPFR54pQ3FUmBIDS9qjDUu6ncQ8cUuaaDQTQIdRSA8
UZpgKKdmmA0uaYDgaXNMBpc0APzRTc0A0AOozSZooGFBoNJmgBT0ptLmigBpFNNPPSmkUikyM0wi
pTTTigq5CRTDUxWo2Ws2ikxmM0win4INB5rOUSrkeKcBRjFOxWUohcVRzVmOqy9aspREllqOrSGq
ydKsJW8TKRMDS5pop1WZiinU0GloAXNFJS0xC0opKKYhwzTgcGmijPNAyUNzUitUANSK1O5LRYDV
IGquGqRWpisWFan5FQK1PDU0JolpDSA5paYgpjVJim4pAR4ppFSHApCOKQEJFMNTFaYVoGRGm4qX
bTcYNIZEetJUjY3U0ikNDDSYpxpKAEpMUtFIYmKKWkoAKKKKAClxSd6dSAXFKOlAoHSmAopaQdKW
gQYopaQ0AFJilooASnQj98v1ptPh/wBav1rOr/Dl6MuHxI9S8If6kV6lYf6tfpXlvhD/AFIr1Kw/
1a/SvnXueif/0ffqxfEZxol5/wBcW/lW0KxfEgzol5/1xb+VKW1i6P8AEi2fKchP2iXjjzG/maY0
ixAs5x7VDeXqQzSL1PmN0+prHmuXnb5jxWeHwUpybZ9Ris0p0YKMHqW7rUXkysXA9qojOck5Jpow
Dx0pehr3aNFU1ax8tiMZUry98fS5pmaM10XOQfmlBpmaM0XCxLupd3FRAml3VaYWJAaXNRhqUHNF
xWH5pQaZmlBouDQ8GnZqOlBp3FYfmlBqPNLmmTYkzTgaizSincLEuaXNRbqcKpMVh1Lmm5oBp3FY
fRmm5paLhYdmgGm0UXCw/NKDTM0E5p3AeaOKb2ozRcBc0ZpKSlcB2aQ0lFAxKaRTjxTetA0xrA0m
OKceaQ1LKTImFMINS0hGelSykyHFLzTttGKhoq4qCrEY5qFRip4+tTYUnoWY+tWUqvHVlKpIxkPF
LSClqyBaUUlGaYC0tNzTs0AFOFNFLTEOzSjrTKUHFAD+9LnBpgPNLTAlVjUgY1AGxT1amSyyrcU8
MagD08NTRLRYVqkBqurVIrUxWJKKQNS0AIQPSmmnmmkZoAaRxUZFS4xTSM0gISKaRUxWmEUrDIit
NxipSKY656UMBhFNxT8UhFIYw0lOIpMUFCUlLSYpMAooopALSjrSUCgB9A6UmaUdKYCjpS0gpaBC
0UUUAFIaXFIaAEp8P+tX60ynw/65frWdb+HL0ZcPiR6n4R/1Ir1Gw/1a/SvLvCP+pFeo2H+rX6V8
4z0T/9L33vWL4o48P3//AFwf+VbdYfin/kXtQ/64N/KqiryBnxlOWN3OSc/vW/majp8//HzP/wBd
W/majr2IJKKsZSfM7scBQaQfWiruLfcXNGaBQaBCg0tNozTv3AdmlzTM07tT5kAuaUHimUoNO6EP
zQGpuaWndAPBpc1FmlBp8yES5ozTAaXNVzIVh+6nA8VHS5ouhWH5pQ1MBpc8UKSCxJmlB4qMGlzV
XQiTNKGqMGlzRdASZozTAaXNO6EOzQDTc0oNF0Kw7NGaaTRmnddwsPzSE03NLmi67hYXNGaSkNF0
ApNIKDRRdDA0winCkpOwDBS44oNBqdCrjcUuKKBSdhiqOanQVGoqVBS0EyzGOKmSok6VMop3RnJj
xTqaKWndEi0hpaKLoBB1p2RSUnendAPzQDSUoougFoozQKd0IB1p2aSindAOzxTgajp1F0BKrVIr
VADTw1NNCsWFapFaq4anhqd0IsBqk3cVXDVIDRdEkmaKaDThRdCENJind6Q0XQDCKYRUhFIVp3Qy
IimkVIRTCKltAiM001IwphFK6GMNJTiKbii6GNNFKRQRSuhiGkooo07gLRSClpXQDhSjpSCnDpRd
AAp1NFLTugFozRRRdAGaQ0tIaLoA7U6H/XL9aZT4f9cv1rKs17OXoyofEj1Pwj/qRXqNh/q1+leW
+EP9SK9SsP8AVr9K+dPRP//T9+rF8ULnw9fjPWFsce1bVVrtBLEUYZB6jHGKcXZjPiG4gmF1PmGX
/Wt/yzPqfaodj90cfVDX1hq/hfT5GYrZQgNzkIK4288GwMzbbdB/wGuyOKsrGbieAhW/ut/3yaXa
391/++TXt3/CERf881/Kj/hCYv8AnmPyp/W0HIeI7W/ut/3yaMN/cf8A75Ne3f8ACExf88x+VH/C
Exf88x+VV9cQch4jhv7j/wDfJow39x/++TXt3/CExf8APMflR/whMX/PMflR9dS6C5DxLDf3H/75
NLg4+4//AHya9r/4QiL/AJ5j8qP+EIj/AOeY/Kj675ByHieG/uP/AN8mjDf3X/75Ne2/8IRF/wA8
x+VJ/wAIRF/zzH5UfXvIOQ8Uw391/wDvk0uD/df/AL5Ne1f8IRH/AM8x+VL/AMIRH/zzH5U/r3kH
IeKYP91/++TRhs/db/vk17X/AMIRH/zzH5Uf8IRH/wA8x+VH17yDkPFcN/db/vk0oz/df/vk17T/
AMITH/zzH5Un/CEx/wDPMflT+v8AkHszxgZz91v++TS4P91v++TXs3/CEx/88x+VL/whKf8APMfl
TWPXYPZnjIz/AHW/75NO5/ut/wB8mvZf+EJj/wCeY/Kj/hCo+0Y/Kj+0F2D2Z41z/db/AL5NGD6N
/wB8mvZP+EKT/nmPyo/4QmP+4Pyp/wBorsL2Z46M+jf98ml59G/75New/wDCEx/3B+VL/wAIVH/z
zH5Uf2iuwnSPHsH0b/vk0vPo35GvX/8AhCo/+ef6Uf8ACFR/88/0p/2iuwexZ5Bz6N+RpcH0b8jX
r3/CFR/88/0o/wCELj/55/pR/aK7C9ieQ8+jfkaMH+635GvXv+ELj/ufpR/whUf9z9KP7RXYPYnk
XP8Adb8jS8n+Fvyr1z/hCo/7n6Uf8IVH/cH5Uf2iuwexPIsN/dP5UEH+6fyr13/hCo/+eYo/4QqP
/nktH9orsHsTyIhj/Cfyo2t/dP5V67/whUf/ADyWj/hCo/8AnmKP7RXYPYnkO1vQ/lRtb0P5V69/
whUf/PJaP+EKj/55gfQUf2iuwexPIdp/ut+RpNp9D+Vev/8ACFR/3P0pf+EJj/55LR/aK7D9izx/
Y390/lQEf+6fyr1//hCY/wDnktH/AAhSf88lpf2guweyZ5IiN/dP5VOiN2U/lXqv/CFR/wDPNaX/
AIQtB/yzFH9oLsHsmeZIjY+6amVG/umvSP8AhDR/cFH/AAh3+yKP7QXYn2J5yEb0NLsb0Nei/wDC
H+wo/wCEO9hR/aK7B7A862t6GjafQ16L/wAId7Uf8Id7Uf2iuwewPOtp9DRtPoa9F/4Q72o/4Q4e
lL+0V2D2B51tb0NAB9DXov8Awhw9KP8AhDfaq/tFdg9ged7W9KXY3pXof/CG+1H/AAh3tR/aK7Cd
A89CtnpS7W9DXoP/AAh3sKP+EPPoKX9o+QewPPxG/wDdNO2P/dNd/wD8IgfSg+ED6U/7R8g9gcB5
b/3TTgj/AN2u8/4RA0f8If8AWj+0V2F9XucMEbHSnKreldx/wiFH/CIketP+0fIPqzOKVWz0qYA+
ldf/AMIg3Xmg+EWx3p/2muwvqzOSAPpUgBx0rqR4Sf3pf+ESf1NH9prsDwzOWCnPSlKk9q6j/hEn
9TR/wiT/AN40f2muwvqzOW20hGO1dV/wiT+9H/CJP70f2muwfVmckUJpm0+ldh/wiT+9H/CJN70f
2kuwfVmccUJ7UwofSu0/4RJvek/4RFvel/aS7D+rM4kxt6Uwo3pXdf8ACIt70n/CIHvmj+0l2H9W
ZwuxvSk2N/dNd3/wiB96T/hDz70nmS7B9WZwhR/7ppPLf+7Xe/8ACIH0o/4RA+lL+0V2D6szgQj/
AN2nbG9K7z/hED6Uf8IefQ0/7RXYPq7OE2N6Uu1vSu5/4Q8+9H/CHn3o/tBdg+rM4cKw7UYPpXcf
8Ih7Gj/hEP8AZNH9orsH1ZnEYPpRg+ldx/wiH+yaP+EQ/wBk0f2iuwfVmcPg+lBU+ldx/wAIh/sm
j/hEP9k0f2guwvqzOG2n0qa1iZ7qNcdTXZ/8Iga0bHwoEdW2cjvUTx6lFxtuVHDtNM0vCtsUiXPe
vS7EYjX6VzWj6X5KqCOldVbptUCvNOk//9T3+kYAiloPSgCpLbBhVR9Mjb+GtNulNNAGT/ZEf9yj
+yI/7la5pKAMn+yI/wC5R/ZEf9ytaigDJ/siP+5R/ZEf9ytaigDJ/siP+5R/ZEf9ytaigDJ/siP+
5R/ZEf8AcrWooAyf7Ij/ALlH9kp/drWooAyf7JT+7R/ZMf8AdrWooAyf7Ij/ALlH9kR/3K1qKAMn
+yI/7lH9kR/3K1qKAMn+yI/7lH9kR/3a1qKAMn+yU/u0f2RH/crWooAyf7Ij/uUf2RH/AHK1qKAM
n+yY/wC7R/ZMf92taigDJ/siP+5R/ZEf9ytaigDJ/siP+5R/ZEf9ytaigDJ/siP+5R/ZEf8AcrWo
oAyf7Ij/ALn6Uf2RH/crWooAyf7Ij/uUf2RH/c/StaigDJ/siP8AuUf2RH/crWooAyf7Ij/uUf2R
H/crWooAyf7Ij/uUf2RH/crWooAyf7Ij/uUf2RH/AHK1qKAMn+yI/wC5R/ZEf9ytaigDJ/siP+5R
/ZEf9ytaigDJ/siP+5R/ZEf9ytaigDJ/siP+5R/ZEf8AcrWooAyf7Ij/ALlH9kR/3K1qKAMn+yI/
7lH9kR/3K1qKAMn+yI/7lH9kR/3K1qKAMn+yI/7tH9kR/wB2taigDJ/siP8AuUf2RH/crWooAyf7
Ij/ufpR/ZEf9z9K1qKAMn+yI/wC5R/ZEf9ytaigDJ/siP+5R/ZEf92taigDJ/siP+7R/ZEf9z9K1
qKAMn+yI/wC5R/ZEf9ytaigDJ/siP+5R/ZEf92taigDJ/siP+5R/ZEf9ytaigDJ/shP7tH9kR/3a
1qKAMn+yI/7lH9kR/wBytaigDJ/siP8AuUf2RH/crWooAyf7Ij/uUf2RH/crWooAyf7Ij/uUf2RH
/drWooAyf7Ij/u0f2RH/AHK1qKAMn+yY/wC7R/ZCf3a1qKAMn+yE/u0f2RH/AHa1qKAMn+yY/wC5
+lSx6YikELWjSigCCK2EdWVGBSU4UAf/2QplbmRzdHJlYW0KZW5kb2JqCjE4IDAgb2JqCiAgIDQw
NTIzCmVuZG9iagoyMCAwIG9iago8PCAvTGVuZ3RoIDIxIDAgUgogICAvRmlsdGVyIC9GbGF0ZURl
Y29kZQogICAvTGVuZ3RoMSA5NTgwCj4+CnN0cmVhbQp4nO15e3gUVbbv3rVq96Oqq7u6O51OOun0
Kwl5EBI6hEBAUiogCvLMMIkSCQ8jJmISIxkaDAkyGsNDBDEExAgxwyOi5CAilwwEznAAz9HhcIQ7
x9GZ8Yxx5n7XmKNzOZ4Rk8pZVZ1EfM1371/3u993a39Vu/be9VjP31qrilBCiEAaCRD/itXLqj+U
27YREn+ZEO6+FXWP+5/+9PB2QhKTCaEd5dUPrf7zM19cIMSL62TLQ49EyovOn03C86N4T+KqB5et
tIl3HSYkqQjnJq7CCdur5l4cb8Vx8qrVj68922EuxXEXjrc+UrViGaHHnyPENxXHz61etraaP8Cv
w/E7OPZXP/Zg9c7FOwpw3EcIayAcKVdb+HLWgdQaiUex8FeI4Qo1sdUcT7IvXOsbT+Rrfdf6cpz2
gD0lYA+U82SgFhIGPlFbjNa//uUxQzo+o4wQw152nZiIi0xS4i3GOmutQOrMRuqyET7FIZnTSEgM
xso3+nrD1/rsk3EbT7L7wjf6wjknjrl73BwtTckNO+wyl0lpXq49lBfwE7tMAtz+Lf/z/X/9dMvg
uZ4eTqU7aaf6E7UqQsfSu+gMmnmzI8J/HFEb1d3qC2oDilSjhXUhLW7yU2WctEt0Pe8U62y77Mbn
zTuhzv4sq3XupHVEtjis6SaHIcYRy5M0hxDignFIXlij71ofnmj0Yd830Cf39st4yDkxP74qHgnN
jdKn74Hhc60v6+lh0zYPbqVNzc1qhGtq1knb/xs1cHZw4Oxgx2/U/UifG+n7A9JnI1VKgplREXYa
ayWkiHcYBIfJmmYJkTQDJ8vXLvQO9F7rk/uRkv7wjf4wii2Hzu6yFM3ushbdP7tLLrq/+AyRh87h
U2VsyiR7/qQSxa3Yl9rL7Nv57Wy7Ybux0dRobhQaRbFUozHgCtmjlOe6aO1F9aFmdrlJXXkpwr/X
R9eoW/q+zoqgoRBu6HPU6RydTgfZqixw+GQHz3i7j/Ei7iYzJ/gY4+UkDjhHkt0BwNmsnJQEnEWb
ynCAWCdLZga0DmqNBDVrlSyiYGI8cJLTQJzytXfsbs0Kpvb2uVHojsk5sxcVG2X2mZF95g4bZdNn
+kDWR/qsNlcSDOXlUmwuZAcCkOvCg7yOC/87l/vs4Iyd6wev1B/n6ZU/RdgSNI4IHa9eiXAhbsqI
bdQiTxK5TfGIZiPUsVqzZg2GNJPgsKAhmNAOrMNmKvdqku//sj8sX8hRzDlCjphjyZH4UQvQZBnV
O5Bz3JwmTd+Rr7P61C34rqahj9kc9jlJp0alMBTkkgM+i5jk47x+n2gRM0SLP8DH0la2gYyJbfVs
cDnWj6nO8IuWgNfkdrg4BzE5XeOTvU5iy8mQb1zou9aLpiD32x1R55F7b1xA07yo9qEUo5Kzfoan
Rv1YEjxO0JFKlWcMSQafMZgmpIlpljQpzZrmS/OnBdKCaaECoUAssBRIBdYCX4G/IFAQLAgVC8Vi
saVYKrYW+4r9xYHiYHGoUqgUKy2VUqW10lfprwxUBitDnUKn2GnplDqtnb5Of2egM9gZOiOcEc9Y
zkhnrGd8Z/xnAmeCZ0KFOZnzM/dndmXypaQ0356bRHPDE/MmpGbTcTRvQnIgzLvtoXE0FDS4YmJ9
NIm6YvhAMLmtwfuvPS+2P3r0ow+O0zFU2EQTWhu8F97ctXvVP330z93qZfXqTvWjWXT54YN1j923
MjN/0qVTv//PsWPVk3u3P1ReumxC/oQPz//x0zAZxqbjqPMEkkx2KbNEwQwWkw94MPp4HjJMPEkE
PrFO3B1y1rlq7RJfZzMY/TyDeBOJBb8Y8oLVYmDx6Jj+5PgYOS3REnIEU0awQu6Vz52zO9yTUeqO
yXZsmkn3h8NoNmq/Y7LWRg0b92Hl2FA5J0SjzcaVItduJ5ozjKOZ1K7btQ5/vCvGkBIVVyblC0vW
Zf12j+rqn7Fs8W3nBgnaXBHlacLbgy2btu7evXUT97605KdqWYT+auu9g7+LaLZ49dy+NwOt27a1
oO0P3UA5LEQ5WMlmZbJVirqpmCSI6Lkimib/jVNniGDRPddIamHUa802YrCNeu2Nqei19lHWRhzW
NOywyKPJrBmgB0QqmgSzQXRKTqssh6SQ1S8r8nxZRJOgrhDFprmSGTvDwvrBd/sH393G/XIHfZ62
oN4iNzvYkkhkIAS/04CJksXoV1+iX3lIoRJPnnNvAGm7fYPFvB6qE6wOi4fEpBikBFTPtXf06BX1
E7UvR5FyEqsS13Dr49d7Xk400FJq4IeDzKgZcnbZgSLPZ19OUX+tqurT6t30LbruKeo/0DDm10d+
e+3ahy+cyaSdf/6IHqAP0nJ6QLld3fHLbrVHfQPbuYOHyTDOQBnKWiSTlZgoyiDICIgyIcQYLmiR
b/SGB3rDozFQsdmkHEmR5ktlUrXUKBlvxZhcVxRhzkXxxavJgdPkYNiPchAxomQrDrLBYtjgWG+p
joMUlznFJmnRbFgACByIX1XxDfE98VfiEb9S9EgbZdcdFYF+hPU9p0/3nO3uPqs2qUX0NbqWRuhR
ddESegedTefQO9Ru9S31lNodoftoBbaX1JUYd1vUlUTn+z60MRX5dpINSpbNZzQaDD5ZtmXIRmox
QZ3Aau20zkrMaUZHmiziUUJxyA4uGDMMub3oTr1RB/pScyIt5N3iPGhVRiMlpUqi4prvWmWodjUZ
Gl0vu4xGY6wx1ZhvzJdXyYbSUeHREZTW/Oq+nh76Hjx1lhN61JsDq89q0vz6D3A4gibG5w/cEYny
MBNjRDs/nXhJRBnriTFKbgrtzH1AaEtwWIG2s0Mysd/jTJxlsOU5ZWkmT/I8Bpm7PSmKCDdu4aHf
jRAwAtk5J4nPR3wU0PBmdwlFGLqTiIIvTCJJQ+f00H0y27fd1+WDUd1PQ7iMdQ1jwoRUDSZxMHP3
bvqV0lH/xlutg09tnPGTypVPRiAv0rK06L13B69HIlxe08MvvaqGonZShP7CIz+anWQpTtJsMTQ7
2jQ7meaaYp5mC2uGckM3lAHNUE7K8Up8WTxoVjLRLqdGsflWK+GOVt9/X03NkiU16p/V87SQxlMP
naaeLzpHkZ2e86r69zUIZQZqpOnqb9Sv1Jvq9VHZmmYhLTnkCaXQ73FKvCGTgGwc057ulQ+Mg7aU
QFyMyIzt6YdCsWYS7xRmWdxz4015FtngmhsvO4OzMvxyWnJe6u3jdReaiglS77DZoJg1qUfFjsaj
Cd49GYOjIpFwdlgJl4Wrw9vDmuP/sFy/NxhVAf/BPUdr33qzdbCp4bZFD6xqGNzfMG3hUuyf0VQx
bf+jT7ZDpGLZlaua+OmXl1bteHrwL7eeaeopXbxC00c26mOmIYbEkAC5S0kOuJg9LqnDFNdhpe3Q
SNqt1aY2R8I0caqTy3PZeZlMCmqWpZuWhhe9WkaqWZVuVMcLQ4iy+XpGp5Gq6ScUTB2D9NOY2Gj0
0Di61EpvZrVWf0yZ+vXH1a1ZqoHeXFqxuqRkdcXSCAutHdy6aIF6Xf0a27UFi5oitPz0wa5PPjl2
8LSmN0ye+DmotzjyEyWFxNpNZidltnY7OxDbJpnb7YdEYYKJyyXynQ6TbMmz3h6P2kFvGM2hdD+Q
L2jx0aEpxOfJ9hR65nmWeho8mkJGkoDvCX5OjWH+nMefPj84c3c7x0949QlfCZ+r/uoni955U12i
y/VMVaV52M7500ijkSSSB5WgAYggk3aT/LLUHGM6CM2etphqr2wn00yTzYZCd9irSVWLElHLxxDR
K2O81ukLliU1JL2cdCWJ7yE9hh5jj6nH3CNcIVcMV4xXTFfMVwQLggzVReulLODSRZ2fa+BDI34C
eXMfuH8e98FgyhOba5+NOZg5RP6k9qnvY+IjURP1cMX/cuTgrxw/M/36rXWPv9mJUdCK02nq2yM+
uwptxII2MkdJocTuFfgOj9ARk9Tub5TaY6o9bTZfnhezfmueNNU4zR3WjORG78DUqb3fN5KThaGG
0LGQhjzD5qDTyzRhW1HuGskobLcmd6gqe/jRkvtWP1xGl+9WjVl7qv+oDlL4Y/WeLDQh+oeHTx88
9sknXQePRpoWLcAqjKGfZyxYRAfWRnMtdhXxXybx5B4laK+zxGnBz4rBz2JwxTlskivbbMuwSyGz
Hgc9mhNfQC+OgqRdrwr7tdTpvyMQzU+oTmhMgFE0D2NGxIe0ygVG0iItMC78iqaq7/9V7f/ii+on
X9y7qVoD9s8uXf531RbhPn5tx3OvjuIg0XE9DeuZ8UmpxCfHWlkq9bVbUw+YYl92NscltNF2U7UV
/NYQH5vr5vKSbOiAIdkthtP1HFzzwyitSOjF3n71omY1+ozdoed/OcpYX0ZBTKGrMLbQXRhXGD/Z
My+jIUPIdGXHZrsbLA1Sg7XB1uBr8DcEGoKiZkb2ET2k5k2YOGVYRcZQHnqAn6d5o/riV7WqhplH
H33l2NeDp9c1VtTG1Sx9p4Z6qVlte2pFxb3zFq7ktg32RZqK5h975Y3jhRvX/3TFJ8HgtcHfX3/k
wQdXPhLF4GL0kyyUQzq1K3diHmizLAj4zQJnEhf4A/6RuuQ1FvuahzWTo2M8za6jjja9NgmYLF7O
netCTzfNcyV75xFbOFqbXBipTezDxckAVit/6tdh+QfLE0USzaIgilgKSaLVgCG9sSHz5cyeTEg3
pwvp4ljLWCndOjE0I1RiLhFKxBJLiVRiLfGV+EsCJcGSUIW5QqgQKywVUoW1wlfhrwhUBCtCm82b
hc3iZstmabN1s39zYHNwc2iPeY+wR9xj2SPtse7x7wnsCe4JHTEfEY6IRyxHpCPWI/4jgSPBI6Gp
pfT7FcrEqFt8r0JJLauxtmx8pPbuh3f+YtfnNx+4vrHG3Nz4SJWyaMfV/eqQ+sWK3/to+s/qZ89U
ZnpS0vc8+doRX0C9sfrRGXdMnOZKydu35cSrSXqdTbLVxWwm6sNCQqRGyRzxdandFkRnR5dvsx3y
v+CpTvZNIOjoUwNW3e+lScmjYUEDWblX/1Shhb0Rtx9JM5L1NCOZJA+nGYpZTilMaUg5lsJjAn5L
lEgZwd2RKBKFYy59JFKobd8JIx2Dy1u5WQ8PxwodE76JIuqsyHBONX7oYzjMajADeUDxugXZRNp5
TkfmagN3KE422qmZyUAmYS4ytS/8zrULGiojPA/0yhdGP3yIRRpD2jePOJ2jOBI3kjjNi1+K2S2U
OkPaNw57wBWwD0Ny1K/+ae9eupyOUd8fW6BM414wv3Tug33weoTeo56MDK7ZMn3xffs3Nr+l6wNz
FO43iL0icZEpShx0mh3tMYdkS7uVzDZImIk4bXn222OjGfw1PSSHB/o+xPpC9Lmz3WXu7e4uN6Ol
Tt14sIbD99PRsPbL6gXzqqrmLaimm1oHq7TsgRUtqKrCyUe/XqPHs+E8SafBTMYrDkO7qZEn7RzN
I7IR8tjtQvTdw2/W3itmi2XidrFLZNpntJF3cYXDr4hEtBA//P3jecRnF5mnpEu7xJ3f/i5262ex
DIcQMuggHfsNSN/oDw8DdL+KVqf25pywuX3uH/kmptctLLd5sJWub25Wn/r029/DdkXrOS1ub0L7
95Cw4ibuZpDszRZzm1bN5WrV3DRD+NZqbuDCwAVZvZBz3JaIiQ8GzeGI+y0/1TTPb0r99B/VXvUy
nUAdVX9cUy1veGxX/brNlRutdM7JN2gqFbWAm5Ghvt+06fJ/fnGlca1OT6GW/6PsvWRtNP+nmPtj
BdAYTf+Ftm+n/3r2z9+p5/9ayvOd/H/gmyD8f5z+238s/W/jyHfSfy2Dq/+h/J8OfYC52/v8GKz7
65UCwcyZfi5ZJePPDUYrdnNMRiSBZxwY5lBKMozEYmIal3CIWCWzyWjgKTHbRO6bwn/g24W/hunf
rfzTmFb5S2P5TDabn83u5+9nhtLAN2U+dpS+rTat4ZZvxGzIsoVuX682oT9GBsu4/VjsL9TitTqZ
rUK78JGx5HFl3Fi/nBiy0fQOJ2n3mizNRj7UEd/mPcQfdlZnmXONSXn+RJtMpqZOM8aGs7SgdCMa
rEeh8aJ6QcNGPc1AfSiJJiFOSBMKx/HERMw8opJsjhH8Jr85WTDrcVlH+jF50ZhwG701VUIe6C2p
VB5/VT2v/q7it7U1ti0bO5puTZvoV6pxJKeC1wfKPvqPQEB9uPylS5FbE6imiLp3OLU6Hc1XMC5o
/MdiXFikZITcRqfH3yGQ9hiGhYKnQ26LOQQvCNXJ/AS30yC7uDwy1TtNCifriWA4mgn+QFQ4UYXQ
z42kHbn2v83V7sEVHT/OzNcBLHJO/Q020Li0emcL2l88eVgJxcpMtDgPmNwanB4yVSMncbNieRmJ
nynl2WRxkkf7EqAlstE8Fq0tPFrrkAQ67D1aMNACgUd3IQ/xDLvQie0JXQnct1Iq3ZOi7OApf2O3
aijUnYfevKO4csVGfszAwmjtzGVGBp+/WNl2lH6gxy2NeiDa3xwL4bm52CdhZgvoSQ1kiC6iy+ha
uoHu5C5yH/pT/Tn+Av/RQHBoSPvPQvbThbQM1+uH1524Pnl0/cc3DQ8+pHvpPtqGbf9wu4jtMtX+
EBn/5t3/OxtPtL9TFC0sUR+L+pHhLiGfLuxNxIBcEow+P7TFEjtiYwxx6nwmofC1LQElYyU2jMkB
4sA4H0+C6Ln/f/uxjSMcXa8d9arpSyqTCjL8XQ9XltDlOGrC43ZSRtdTDKBkLllCbiNPkb/g/Eb9
fh/diO2o/ryzOHM2eobzR/EphBSRGrKRtOrvuMQv4cv59Xw5pkFb6Bac+Z22hpVAFp+O127EfT2u
LdfOaSG2dFJOsEog7TjzJa5HyF4qsHfxyf9AU8gqfM9c3DvQ7U1Iy3Vq5cqpBa+t1QwMLQT5w0yj
gqwhEbzvut4+x/FKEmHXDTHcl8jXLFwz8GXkE3x6DamhAs2FXO6veO9cnGnWuKKdhIMKNNsybGP0
Np0sx+ccxCsiZB+3nMvlx2hX6bTfRj4gJ3W6y8kOHC8knfqRwAB5D/JoOdKvySaenSeLjffQgMFK
s40NKCti8JKNXDnxwXRSS9DATxq0r96UYOTp4lLuXtmlLCj2Xy4JZI39ztAvG/1dZH6XFPGfGhqa
X8wnsJIultgFKaYuPiX0bz+2+G9ZY2fPL/Z3XZ0xffipM8qm49yiYjzVRjiN8zOmZxEdhbgHTj2W
FTNjqW3qfxCfSVf2e+/P/V8j/VfzBz62Xjen47XaItUvwKNxk+olxJaL69XW68Pz32wh/l1Sbvic
lBniSRm7QdyGvKHP2X48v0SauLdRLgdxLW/ohuEBshjO4vlfUXLzyX3sKpnJFpMi08+wbyXZfD6Z
wtykCM+LMHMsY9mkiN9IirU1OE7Gg0Bmajt7nZTxf8DrrpJC/uDQB9r1+n6VZA/TNB33f0biq5Hp
ONz7UH/FaAMfRXf2P5CqLuQMtWY8hYA1B8FKxh3XBCxzRbzPkow7Iqa0ixArrlvxHtvnhNgbCXGs
JMSJ1ztxzYnPjsE5F45deH9sKyFu3OPKtP/vurRCnJlkksMoVU77y6phMJ9JN+GYP8U1Kr1XVPj1
bHhXhXcEeNsKl8NwqRsudsM/3IQLLfD3KpxX4VzPXexcPfTcBWdz4Ew9/FKEbhVOq/DfVDhlg5MC
vOmCE6nwhgBvKPzxv/Owv/NA1zEP60qCYx54/WWJvZ4Pr2H3WgCO5sOrInQesbPOMByxw5FG/vA4
OLQ3iR1S4eAvHOygF37hgI5XMllHN7zyuJe9kgnt2LV3w4H9HnZAhf0eeFmCtpe6WZsKL+0rZS91
w0uN/L4XU9i+Utin8C/i015Mgb177GxvEuw9NXROGeL32KHVAq0Kv9sLLSK80AK7JHg+HnbuWMl2
qrADX7FjJTy3XWTPxcB2EbYr/LPbJPZsDGyTYOsWgW0NwxYBNnuh+Zl61qzCM3jHM/XwtAhPJcHP
cfDzMGx60sk2qfBkjY096YTGBok1qtAgQYPCb8ArNqhQ/4SP1avwhA/Wr+tm61VYFyll67phXSMf
WZvCIqUQUfi1KfCzfKjDO+oqYQ12a27C416oVeExfPJjKtTYoKaRr64ax6pVqBoHj6qwWoVHZKic
DRUCrFLhIQEeUvjyADxYDytVULatqITl3bCsHspUeCAWSkUbK1XhfjuUFHtZSRYUe+GnYVgsQtEi
DytqgUUeWOiBBfNj2YIUmG+V2fxYmIfdPDfMvTeRza2He++W2L2JcK/Cz7ElsjnjYTYuzw7DPTh/
Tz3cLcGsuwQ2qx7uEmDmDInNDMOM6RY2Q4IZUZVMt8Cdd8SxO1vgjji4XbGy2+tBmWhmihWURr7w
tnRW2A3TsJtWCrfhK25Lh6lT4thUB0wpcLApcVAwWWAFDpgswKR8G5tUD/l4d74N8hv5iWaYqPB5
E+JYXgtMyDSzCXGQa/ay3BYIp0ssrMJ4K+RYRJaTBNnJ6Sw7H8YFBDYuCbLG2llWC4zFe8baYazC
Z5ohI9XEMryQLkG6wqeNsbO0FhiDc2PsMEbhU02Qgo9I6YZkZ4Alp0MIu5AKQXxgsAUCfhMLCBBo
5P0m8Cu8D1d9GaCcSLJnsaQC8AYgsR4SXOAJQ3wY4nA5TgV3bDpzV0IsjmLTwcUE5kqCmDhwopCd
AXDgvY56sCNL9iyQUTqyCjZcsyWCVQZrIy8hc9JNsIhgUXjRBgJeKnSD2Qsmo5OZusHoBAM+1hAD
TACm8Dw4GO8GvpEHamPgAFB4Ds84FcdAsZDHIvIUXfnUNpr5/+ZG/m8T8M3mJf8F65aD+QplbmRz
dHJlYW0KZW5kb2JqCjIxIDAgb2JqCiAgIDY1NzUKZW5kb2JqCjIyIDAgb2JqCjw8IC9MZW5ndGgg
MjMgMCBSCiAgIC9GaWx0ZXIgL0ZsYXRlRGVjb2RlCj4+CnN0cmVhbQp4nF2Sy27DIBBF93wFy3QR
+RF7aCQrUpVusuhDdfsBDoxTSw22iLPw35fhRqnUhc1huAN3YLL94fngh1ln72G0Lc+6H7wLfBmv
wbI+8mnwqii1G+x8m6W/PXeTymJyu1xmPh98P6qm0dlHXLzMYdGrJzce+UFprbO34DgM/qRXX/sW
ofY6TT98Zj/rXO122nEft3vpptfuzDpLyeuDi+vDvKxj2p/ic5lYl2lewJIdHV+mznLo/IlVk+c7
3fT9TrF3/9Y2FVKOvf3ugmqqKkrzPA6Ra3AduUa8TvEC8ULYgq1oNtBsIpd54jjEeIl4KUxgklzo
K9FXW/BWuAf3wgzmyASmxNCQaMiBnTDOIjnLgI0woRaSWgi1kNRSw2ctPgl1kdRl4M2INwONEY1B
rpFcgmcSz4R7ILmHCjVWUiNhH5J96BH8KPtAY5LGIG4kDg8meYDnOMjD3V5InlB67d4b9hpCbIvU
kKkfpBMGz/eencZJstL3CxEWviQKZW5kc3RyZWFtCmVuZG9iagoyMyAwIG9iagogICAzNzgKZW5k
b2JqCjI0IDAgb2JqCjw8IC9UeXBlIC9Gb250RGVzY3JpcHRvcgogICAvRm9udE5hbWUgL1dESkNQ
WitEZWphVnVTZXJpZi1Cb2xkCiAgIC9Gb250RmFtaWx5IChEZWphVnUgU2VyaWYpCiAgIC9GbGFn
cyAzMgogICAvRm9udEJCb3ggWyAtODM1IC0zODkgMTg1NCAxMTQ1IF0KICAgL0l0YWxpY0FuZ2xl
IDAKICAgL0FzY2VudCA5MzgKICAgL0Rlc2NlbnQgLTIzNQogICAvQ2FwSGVpZ2h0IDExNDUKICAg
L1N0ZW1WIDgwCiAgIC9TdGVtSCA4MAogICAvRm9udEZpbGUyIDIwIDAgUgo+PgplbmRvYmoKOCAw
IG9iago8PCAvVHlwZSAvRm9udAogICAvU3VidHlwZSAvVHJ1ZVR5cGUKICAgL0Jhc2VGb250IC9X
REpDUForRGVqYVZ1U2VyaWYtQm9sZAogICAvRmlyc3RDaGFyIDMyCiAgIC9MYXN0Q2hhciAxMTgK
ICAgL0ZvbnREZXNjcmlwdG9yIDI0IDAgUgogICAvRW5jb2RpbmcgL1dpbkFuc2lFbmNvZGluZwog
ICAvV2lkdGhzIFsgMzQ4IDAgMCAwIDAgMCAwIDAgMCAwIDAgMCAwIDAgMCAwIDAgMCAwIDAgMCAw
IDAgMCAwIDAgMCAwIDAgMCAwIDAgMCA3NzUgMCA3OTUgODY3IDc2MiA3MDkgMCAwIDQ2NyAwIDAg
NzAzIDAgOTE0IDg3MSA3NTEgMCA4MzEgNzIyIDc0NCAwIDc3NSAwIDAgMCAwIDAgMCAwIDAgMCAw
IDY0NyA2OTkgNjA4IDY5OSA2MzYgMCA2OTkgNzI3IDM3OSAwIDAgMzc5IDEwNTggNzI3IDY2NiA2
OTkgNjk5IDUyNiA1NjIgNDYxIDcyNyA1ODEgXQogICAgL1RvVW5pY29kZSAyMiAwIFIKPj4KZW5k
b2JqCjI1IDAgb2JqCjw8IC9MZW5ndGggMjYgMCBSCiAgIC9GaWx0ZXIgL0ZsYXRlRGVjb2RlCiAg
IC9MZW5ndGgxIDEzMDEyCj4+CnN0cmVhbQp4nO16eVwUZ9bu+9ZbS1dvVdX7AnQ30LRAI9iIimu7
78QxxqgZIhpAaFAk7qDBJOOO4hbEhIhJHDIxiaIxDolGjSEmTpJxkpgYx8xkkSzORxhnhvFzCJT3
VDWomeX+vt/9594/rmVRa1ed5TnnPOd0I4wQ0qK1iCDvQwvnLf7D7oYchJKuI0TNeWj5Um9N5osd
CCVPQQjvLly8YOF3a//SglDKl/CpLQtKVxWmHNqeCfsvwWfGFBXMy5eeGH8UodRSODegCE6YvLrP
4fgAHCcWLVy68nrQvBGO34XjltKyh+Yh8uJNhILVcPzuwnkrF9M1DDwvbQYcexc/XLB42Sr2Bhwv
RYh5EFGoUK6lC5kDIC2HXGE9/Q5i38EaJpeiUXrLxbZ+SLzYdrEtwyz5JL9P8hXSqGsJcXd9I9dy
xpt/fZhNRhgVIsSdZz5BDmwOjzfncxrOlK/RcFaR5ViLyHHsVKvZxNFYS8o0zHybqCe4zIhYq8XM
EbtGSJTsiVZJMiTyiTo60SqgRMrnFDta21ovtra2ia1ia7ZkzzZl90PpQ9vtoY6h7SE4zph87yxO
ZH7gRLpnZX6YHX9UcGGcG97IcxqTYHJyDpPH1MeUbko2J1sGmUaYss3ZloncBNM9pknmSZZZ3CzT
XNMc8xxLMVdkKjMVm4stK7gqk4dlQXQNMWssNs6isZiTuERNkjnJMoDL1GSZsyzjuLGaMeZxlvu4
GZr7zDMs+Vy+Jt/8kGUpt0yz1LzEstbV4DrsOu1KzEW5mVmZUkKWj8c+a4KUafXBIU7AsFd+6jx+
hdJTelz3zunu5lMy2iqjUxEGlfx4mQ6U/IgiEfqxH/9MSz8+EgHvga9uXaW30GMAXX3QI+F0t0/n
RKIeVzh3aWrMvm0JW+NqkqrNefoKI+VkkC8t3hB0CSigY1zxtpRksaMFPBkKtYrtkilbsWZ7q9x+
41ux/Ua7lJ0tgYUzwoliSlnKyj5nUuiKPmfwGeoMaaFbmBa2xdpia7GfcZxxnnEZcnEuzkqIBwfa
MkMDzKpSRpwQn5TVf0CmL6t/ElzjErKG48yQjaT/sGn9xqVLtjYfkA8M219y5HftlzG1a92ix8S5
ea/O/MN3OOer5RVlj23DJ7s/iiyZNO7k/l8en7hqXf78S8nJV1BUbzmbvgp6e1AQFYYzg0jAZjHG
S5JRRWzybrNmH6evoRN2O0F3+unY+jQ+jYsLemOEAMpKcnEDbSlpCpo6oroDotvaWrvaxPY/gupg
CwVaqu486iv2rerb1JcG/SQLCwoFsjLjQIsBw7CiH5XV3wQq2bN8VqwqGTVAFp3Zda34zKw80/o1
z+4Z8Hxlyz9uvl35/ABcJNftqt62Y8e26l3kZNcD3/wjKemLorxft9Tkz8UDOzvxgLn5jSVy9enf
fPmHz78+f+a2j6+yFmRBPnRPOMlGi1aCnLsNnt2cVGEuRxVcnqGaMgWtIgngIMqKcWlT4sWOto7W
rqFDW8Gpba1tinKqYqpSCWJCVUJTAijl73VUryIKLknWXarQmU1y3R0NDuHC5l4NIpHGO2JTyZEf
3yvuEVyVexL8yWOuIh2yoolhO+FNFZZ6EaCICGsI6gNmIShl2MAPoa5WJa2kt4W62i6+n3G0xg4B
iyc3WWfMegPZbp2BfGKDJTxIGjhothkAFbJZVV+Yo7EDIr8zOr3v6FHp6aP/61D3n5qacBFT3nfM
mL7po0b92CcSIdNLeuw4EzBjQW6UE46jNNYKpNnL1OgdNegpU7U+L0bDW13IjV1CSgzYLwRp7n3A
BiCjTZQBJwoiTN7YcGxVLLmALuAL1AXrBTejYN8XNdbATMWWKKs/ygwhri9WUE/P7Pru2X2rnvLs
Dv7w5jX5G2z7+i+Yusju2Fi1U6SQ5tKVqjWHm3Cm3IX7y5eOvP7GqdcUjGM0BOw3HfzOo3DYxFZo
ymlUQYGDAxwJMhnaqOF6zAZG091lNK1qNC0sUaP5bxsKHzjUfe3IEVwciUSYcER5z0tgl2+Y6ygZ
B8KjAAmJPlGn18V5qFivqNfrpur0Xh9tw1Uon1kUsFVZ812LTMWBvBSvTu+L1dgFKyUgTbKVS4xN
RgKVoiaV1ijeIIyUtCK2dqgIlNtvZ2njD7Dbs4EcLaYqOVrnTc1InZa6OHVtKqPoYpoxuck844HJ
TZYZD4BWKSgM4qaglFtnVK3CS/tok3XJ+mRDsifZm+xLjh/EZ2sH6wbrBxuyjdlxgz2DvYN92fGD
EiZqJ+om6ScaJngmeif6JsbP1s7WzdbPNsz2zvbNjo/wpdpSXam+xFDiKfWW+krjixMqtZW6Sn2l
YZWx0lPprfRVxq9KGLg/tSmVgvw9ULKrOQDiJB33xVn9E6OhozockODBcdhqoX3xSaeWMCdOHz1R
fvztTw9jY0fRzepy6cir+365+vxr770s/0n+ofLWBDwDH3xu64bSpQOHjDz7wqmP0lLls/u2PlpZ
UjF04LA3Gi5/HoriYSD46QodQE60LBxvl1i9wUKt4x2GCgHV83k0CtqZAAniwcagGNCnuwDBrUoK
UCACm7aQCEVS8UcGWFanoMSl2tOFXD32PFblbnJTt0HkUkHkUm5TL2PfXWldwZIUzXVSAvUJnnVI
fjLz2ZIjzzfiuXMr1q7fTwe6RkdORsrOX6KyS7qfOLv95Cv4qqoH5AXyMcShAz0RjtfwZgYjoUJC
jK3awFdI9TqthkpDYtCkCeiDxgy17IcgQYgtSn1qD8nnzgG2zklQnjLCg0QkYpESiUiLjGgVbaJd
dKS7wiiMw1SYhOkwM8YatoXtYYcVXk0pN3uxl2Jz7wSLU9XTCUuPnr2OlG5HjTVauD6OMDmTN+74
pPuDRkgxAw5WpD1EJ8s37sk52SS7IM3MKH6jrMSo6DgddGwDXxlQJBzPD8cUpoZreM1UHU9TFWw9
X4F4SkvSGG0ap2eQUbzYcrEFAkSKFmFZbhFb7rAZhcWoPpvcpFcDwahKbIQlKvGxYqqQp4BWqIQC
SpEi9nTqye6/REhhdyE1qmQmKWzGCTO79r4pf6LI1wnydUDMa9HKcAydz7AMyWeZqYSlMcMWa/AS
xHMSjSgdSNbS1aJmmY4W1eaKWFF+pUqlVUyoU5GkQ7reyOS9yIvT+XQtnduLNp0qtE65V73HBwBi
svyZirwJmJY/xqWbMR2hf//W422dFZEo5rcgROeAnDFoatintyDBgJZS+a4CptiwQrIY9HakxXZW
Y9SK2KSLhdSjUFPVjqohb0DKEUFsQIpunHacbpx+nGWclQHfJ0iKS2mrBbOcai5fFh6Oo4UPs4tL
Lhddw0b5tw69vIEqW9Y1DL9du/bpzTX1dDnWZg/9+uwV+YIdrjXLBxbiltofN+85uE2Rtx5itArk
TQF5U/nYAo95qanAXuARkpeigqQCUizkpXrj+NiEZC1KYFkXq7dokYlKjTKxXtHvpMxzigLt2Rlm
FYBQ9bjezBKQMntzUCrOiu6oJOudZZcevHLjYH3ze/J38s1lXyxarD20b++R401zQ4cPb9+w4QnD
YqY22PeNX2141eu69OKHX4Qycfz23UeebHq1cMfOx7esfQRq5QiwexPoQSEJNYT9VD6v5XG+VstP
xVo9WmIEUC7RFhNKQ7NIMhBBp6FMYsfFoQCWoWDvaMq5CEmnBzB32Hg6D5n+uJf3GrxGknsH1pOb
DMofQQW4ScWKCZYoVsIOHXbhQXgiplnKRvXRDqAGacdTE7QcZGMs8b0eVMAEWYp6T6bI8e5Z17uX
UtvO4Vj56nXcSVxd38psBPsXko4ubYl8RfHXIfDXKuhTPOjlsJ+wsStdBay4VCiwFLB6vALN1+d5
YyVKG4fsLB8naQXKC2kVQNaiOCrqpaiP5FaTmlj5GYpGtxXxqopAMPTmlttFTbmoRo1XuSmqZZJA
BFpgBFbgBI3gFFyCW4gRYoU4vQAE14M8OB2lY1bRGdRUIIGswAp/AgYVAxLNds/ov2XmX7FD/uYW
WvBZeTn/3K59B19omLMpaybzyQF5RmKi3PH9D/J/K97fVvu7t85eCI+m2hXetglsUgu+1yE/eigc
r0dsgYAKrJ7SuFUJBe5ia16SVxtnI6zJqmd5xqFLApMAle5ou1PoP21XkrOf1/MGSUnMrMhJGrPe
bBCNoiCKkqQU7RxPjjfHZ8r198oNlZP0KgUsShKRD8qqVc3GFLVva13d1prautfGvFT6BSbytWvd
8nU8CvvvOfRAuf6xRWdPjbtw9uyFd99451Pq+uRJoN1V+c94FX4Qb8SH4uJuFETk36s5Bfpo+nHw
uQY9HI4lRCkLBGM0lcFkBTcfEwoTRGsRS/FKVAI/ATR3tEnZ/5KQeSWt8aqHeYWl3fGwcl51Lq9c
j+ZoO3YQKpeHXKcmafrx7uYnqLTunGXkElPWuYPp14x/rvDmW0PkbHxU5c1xqDgcHyfa9YS329w1
Zh7Ic735aY8jzQYc2jZACACPzvBAhVQYdLSR6VKw+ek58bcK+co4nu7N8y72kjvVzqPKC1jqrR1L
7EscFMr9Ca9Wi/vd3U7WBwrBHpmRPjoNOoC3Xpzw+PC53H3TH7j/Ns+WK0p+LD9wwue7kjen8lHF
zktuXSVHoc4no8vhkSqvHN5DK4fr7tDKZ9B+piZge8a631Vjqr5DK9OsscMFTcA6LpFKE9DYf08r
uwB1arP6U1rZyyq9KqucFfAEvAFfID6QMEc7RzdHP8cwxzPHO8c3J35WwnrPeu963/r49Qm1nlpv
ra82vjah0dPobfQ1xjcmxIZTq1IPWw5bD9sO2w87DjtPW05bT9tO2087TjuNChPMyvwpE1SM2APZ
O0xQseSSCL118+rH5u5dt6ny0zdmvP5QhN64bOmKORt27ln33XsLWobcXLE8d/a4mf3Sgr8o3NkY
TPl+wdLp00f/LCUtfWvZnpeDPT0B2DTAlCM7KgrH2rVINNRYaA2qYKl6S56DEyUc5IEFonSH2DFU
oU3vR+0E+y2irFZCrGRaAIJDBagDOXqzj5XhGI2Vs2qSuCRNurPKWeNscGpzAQyZUjSx3tXjJGX9
4dlnX8Nz5Mb+4yaMorZotu1o+AU5WYInycdLunM3TLlv7o71W1/o7V8jgAMdSJ0aNqMaPVujtFsO
4rKO4aHZcoi92UPJHRnHvM4yJ4V/khfsvU0VpAaqaPeePbt376nb9b38LXZeu4ad8nfj/tTaeu1a
a+ufHoJOSsYh+beyLH+g9qEb5HqujHkW1J2KFoaHjBo5eWwgJ1GPJo/tk0gMYyv4yRVCRZisTqxI
5Vc7KlIH5gT6mIwT3OxIPXIbY0yxw9iYOPewflQOYBAklLvbQ6HeiQnwI/XU0HYAZgucU073bDL8
t0cgyoggU1IJRiApUcnRLGW1mOw2WrGonaUT4hMDSUoTPnAANBM09BdWETE/6cQZ45BduYd///vD
ubuG1B88OWZ0RL7wypymmb/5Mn/uQpz68qNf5mWVyu3P/Vp+Zc2j69avrcKzz36K562YkiO/Doaq
WbJqw8aKh7fdnD6t8/z5f0ybvq2ry995suzcjHVbkwK58ob/fl7+bsGKNVOmjMvNXVdZhce/0YzH
VT2ysbF+/rer5Q75PME1xWueOryv4fDTil0Bi3Rzz1xifNjvYyQrQXG7NY7dRlxBylGFMU9TbXK7
dFlmKmiVgA1nKGOJUKg11NH2L2OJo1UJEKwD1b5CKQImq4VSEhBQcBztM6KmaIPeVRlH3LzZUvn8
AHkPLt5VvXXHjq3Vu5R+tnth/lz5N52d8vm5+Y0RvOzM+a8//8OXvzmtxI6Cw1jAoQtlhV1or72G
GPbon5Bq+GqS5zam6V3I4mJT3CDixfcv9sBR8W1rxtGyGKW5jvb2Ivpps6c4kI4N/LFJQaPr+4J3
C0qsWx9/om5P7YptLjzi4FEAJLqF+6VnyNer13737bffr16jxvKbt67i91A7xMWgYwYWIb14sasF
uMHPZh3TUkhDDx0qDh06ux86RubxeXoQK3oNypSOi17LGHhX0n5zSvbAnJyB2VOKBuXkDBqYM7Wn
1+IeBJ0z0AvhkV6X2UCzqYhwseI6EqhIrvf7HBYdw1X0JdUJNh45zdph+vigVxPUB9gR9mHOgDVo
HtEnmOINJAaTMvpFWzGl2kBvqUxhpegIdmh7qN0eUpiqMoa1K2x7RGhuqCy0PdQUYu7Unn5q7ekH
Sw+tM6dr03Xp9nTHBe0F3QX7BceZEJ+Lo1y3p/uKev3fHdzuy2h/1i8XPX+gUab255VVPrpf1vRs
KaVNy9yXv7qRzFq24sKH3eciEcr/3ObXjyrtGhVs2BDdUxq3yOJKBdPyTLoZ7KVHCei+cBAjKZYY
6N0uaLLj4yq82t2Walee9zGhPtETRJzLnuUzBmNFFDBkJN6Gtth6Z6AYuo3vY1X+Jj9kNWy9C82B
Xh160R5VDR/oxXTzT9CujG6oCcU9oH61pPEO2GV3SUnU33Q7yB+LFof7cgaLiybYvk5LKph6t8lI
cIW2WkTSMHNMkBWC5oBhMB10sQEUpDLiepwbdaw6WAefdqnl1q4QCU+Vp8lzF5GIU50ZB0vUmZl3
u+RfHDZDdcVzpU2NB2S6IW/V2vX7lbHcG6WLfvOp6hb01o4Tr4AzovPdDRCrNSoHtaMEqBkFerbA
VKzUDAg5nhV0d2qGwgAy/CGTJIIFKUk02VXqCLUC/lJb9tbV7VXWvwEZlP7WgUX5+jg8Dd+LZ+Bp
cpP8kvyy3PQQrsOLcBmuk4vkHfJOuUiNzzn4EjWHWoIIEl+lEI0RLarzwIvvZ5ihGs6hkIyoJfWq
vJ9ALH9BVqnyesICRKx1nsDnOUwsQMkhKp2QIqtC0n4StNJd+59MHTRo6pTs7ClTB2VPmZI9aKoa
yIOmTqVaes5HOUDeravsfOCvTrQo7NezTjPi19kkA01QmUDNt+W5SCJjTNQLYqIJJzIS8qmjoIsQ
tSoyW4EY2EM9jWbGMY87z03h3J80Jv8yGNru3q8MhhT3Jkiigl9n7wHyeZGEPaepCadPfPPNidP4
5im5Uz4Hy9+ZSElJV5f89ddf4zhCw/738ouQI2PwvSrP7UCIuQJ6UNDmvRz+GVKmEFQ+pliWMUmU
mM8ygnoKvMhpOCxqOCOsOj1lEDUabirFGsuQqNcQuoydryWSKBgNOg0HH8DIYOaJGRwVJe9DW0Hh
i22m2wzeHuKAxitMXqOyeU491XMAvLGPSeGNNqXpEoyCQPdh+rB9DH2MQSnVpHZfPh5abgyLAnLi
I5lW/CSVKLd3T3icsvyKsu7q/qpxTXf1mgNULHXux9gIU9L5RCSCJ8jNPXONy+hB5grdiFhAi8jQ
IDJDWA5TyEHbOSWTqNTifQg8nrLiLMxc+fGvtLFTZijSJa+TNxzEHzbiD1HvPI1uhzoci8rCQZeF
M/REfPn/ecSr0Pgfh7z0Pwl5dSioluiZd8V8jZqAFT0IKgc85Kt9mYQS0dhwII4r461imX2+GZXx
j5hELYcdcYkMMhjdtNFnMyXySLL4/Iq5WpVhvdKrqXOftjZIwyFlbuL3RVOtL6t3VIKjMt89TMGd
OPVY4y9flT+RD+zZc0CWV5w6RX319TcNe0+9LX8vX4rUH3zhqcgjGzet6axVvot7rXndPpPjrQN/
/Ei1vyL3QJDbisaFA8Kj0lrDozqOX0vKmPlmXKZ7BEAqGC1ajWBkaZRo0kqUz9Yjc0ubCN1aKDrY
vNEut4itQDd6zaqsPYVO/W7wFH2usns4lisrZerPiiDysQ9l/QlZPNH9SBRXtzoBC1XAtIyoOZyt
5SlNg8Fo4BpYzgib4RoOxKUZih2u9Lsc0msYBSCkHhkNPIQO5Dhe0FHC7cjpUlKFdHfcqEESDRR7
CEJFo1VCZQLL2bgA5+Xu5R7ilnOcRqPh3bSbsfJWrR+l0ClMCp+iTTEOQhniBDTeMN54P5plXICK
jMvp5cwKdqVmJb9Su9IQA8Hli2YWPrrBuFNetQpfO4hTcWoDrlkhr4Iuo6TbT12BhDKmd55cDviP
QeXhJM6GTNoKDYqha5zlor7Coqk38gachgw6LoAGmAVgohmx0By1hqAr6hnjpAN/AfoCXXN7SOHt
R2vi7voyJVZFfSwsUdT/Og/lYWpEHFYyQZQGxmJ17tRDSzJ7GD8pn4fvvWfBDJwsX2rrfqmpqem1
V0avH8U4J+eU79hU0nVI/WZq3dHjDidSJ9AI+qQAcuOm8AKoZkKDxWoxggOtsBkuGLlo8hsOyY9Q
FAansqjBjTjYDMfIarM6XZR7uM1mnWo1cojWuGyKdx2k3izoiaZC0rqdVjVJcpBu9CaaN9ljoH35
vKUnS4Kro/62/0eH/3sQYGWApxhLqR0xqrViYOnheF/SSGu0QicFQDCORxPB9fdzs42zrIWokCsy
FllXGVdZ16EtECKYp3jCG1iBcTIu1u3CLspFnDqn3mWwCk6n02V190HJOEgFiV/n1/cxBIxJQpKY
JCU7k10BdzY1gsomI8gENBGPN44Txrvn4NnUbDKbhRca7jfeJ8y0zXTOdM10R3CEipAFXJGuSF9k
WGAsEArdK9FqvJpaTVazqwwrjEuFpeJSaallpXW5bZlzmWuZez3axFXrqvWbDJuMG4QNlvXW9c71
rvXuBxQYmHswq0JAF930IJia8UUN3rtVvoqnbJGtG777frNcuhX75Tcex1eqqE04s6REXiEPhPIw
XD4Lf3fjU0Dl/rlGsAyhEENj6BsdNFJqxNC22zXCnIWVInGZoTpl2ki6DsrpjXL6QbwK9cxhmAPA
pWLRoLDbtQgRsUrItyzSF5O8OEkQkmIDyG7k/XFK43P3FO8ctOKip8yjsAOlQU1SGlRlJkf3dD8K
2VK6H+bAKPl8+87OeYsX4p14YgW2NJT7vzj/5xs3/vz8Zxl4y4eX8uctxrHH8M/xi+GR8q9OHgXS
9Wu5WX65YV/0e076O4hfJ64Kz7I38Bpbg9XGa4QGUdDwGmMDz2vMFspkHS6KgjDcKCgItwkaQhn4
Ch1dwZY7LCKhKnT1JoQZwlsB7lpWsnEmCaGgnQswQZLhEtWvwsQzZ0zZQGd7+pY2BfJt4l0/HomC
Wv1qsocewH9a/RWJW0l0v+c0vMDbNHabxiW4bEmaZCHZNkjItmXbJwgzNfcLCzQLhAW2IvsKzUZb
rXBc46B5TsvpGD1jYI3IyAoas87C2Uy8WWvWKRNRk1E0WgW3xWG12/rwfbR9dEnGZCFNTJFSTKmW
oDXZlu4eoB9gGGDMFrPM2dYR7nH8GP0YwxjjWPNsfpZ2lu5+YaY00zTTXMQX6gtVMC8Q50nzTPPN
BZZCW55bTa26CnGltNK03Fxh3WLeYtlk3WSrcdcKteJr/Ova13XNthkA4+Se4ijhu+GMOSmTmtTd
1Qi9CD6zF391XG7Bu/d2d9TJZ3c0KiW9S4efBhR/3v0R4PfVDfJHKid+FDj8VsCdE/lRbjgRubwF
xFxqWmUvEIirgC8W8pIsWhNiExi9NZY12Vhlkqz8KCM6yQQQtojq1x/KLNntwR7KQzy0h/HEeTwe
r8fniR9pHmkZaTX0dub9e0i/7/bc0oRv/yKjfxI5NfrQwj/Kt7D9WjcW5FPy5/ccemCx4bGFZ0/J
p7bt2bNt25466unJk7D++6tYkjfIz8or5elxcTcLSrGfjr9w9uzvzr/xzqcqV9nUo5vC99PR8HB8
ooMUWPmCOKEgpTguLyPRoTcxAT2Thli3lWUDPl2GMsDs6P2Kp7dx+bRdmcjdNeQhd+1H6UlCfCLU
k4G9w0WgLeT1hu3bG5Q1efPqyi1bKldvLj14Sr5x87/lv596cc8zNy9fvvkMrtt/5Mj+Z44cIcs3
1tVt3FRXd97+QcNHV69+1PCB3X1447ELF45tPBzNMwoPp0EXX1hAHHmYx4yGRnpKy+qhc1G+0YFg
uTgUthlYnQMmSMqXd+Qg1a/7wv7uC1Q/hu6+8Kyy8yzVD0VZqTJXR9D80FQObOOQCGeMqArdgtZr
Hl6JH8E7qXPU594kb4Z3sPclX/ytW8rv0dB+PB3nwfU1PdfNcD379vX//E/hpZ/jJ3E93gfL/p7l
HCzv4nfV6//uX4b6Tjf89SADyCeAnBL0I2bwal/kU35RB2sqrA6UgJKQOoZFgZ88g7prn4c1/j9I
SCASXIhBHEpGNMQEiywoDdhuDEhuh+yM1F/K2NTfciGUolrv///7p39Yi5aAxZvRe7B8DHtTUAQY
+Aa0H/a/QZXq+TdpjbLAGSiJcO/HqBknw32UsuB0pPjsFDwnE659A/cXwvF+NF+93kk+UJcnyQfU
CkSRabA3Tf3EftRMhtA0+SC6qp96Dw1Dr6ODyj7zAaqF+6ajS7CMgqdPQifRZfw4OoA/QWvQVrSE
VhSIxVroFSKwQA+vLtfRz9U3K+cizCdQCfejCOh5Ep5+IHoeJ+PpJI8U4lmgIYUPAsWJoHUoQufB
ElCXMap+UR0oqhLe36Mv+oD6OZVMB/BBeI/yjg/g+QfRMJC3ECSdACulyE+uof1EQZyTeRNN4iax
esxya9AMuFpJMvGTbCzKQ2vIDHhCDpzbinLwJXgLgPg4y9AEOGXQKzZR/on5TeGfzfK+O9uXFvyn
Q6/IeZvQtCbDKm/zrVvTZkGHMLuJiWkifk0T7U/46j9d/CotOHnaLG/T+bFjep46Nm8MnLt3Fuwq
R3Aazo8dkxaNc+rB5qo9/zVmrjD078ijUXHz8eWcv/Ru//FZ92DxM82XcKhcjGYG+MstlCEKpdh/
fNa1WPzsXzJGPxosRm2BD/VDhfTbqJDxRFeqBk2iT6rbIUwleokJoIHkYzg3EE1n7KgT1i2w1sM6
AtZDsG6C9SWq8tYQ2o2WkIFoCP0hKgRhNsDzhtCV6nve5GrRJOUYnjcJ7t9AHUNzqKPoE/YUymPe
udXBHgN8K9e+QuXMVlROr7vVSd2A9z6OnMo11gOYuwyft6NHlXcq53p0GRNd8UtgrAOQmrYDB5sA
62dQCzbCeh2sUQea5kFKg/v4VoS01ZCghkJSAhjr2xAkS1jBhsJahKCpQ1I9QiaIFNPvABOQwSzw
LGsRrO8jZOtCyH4SkugvAF6gprM/rPsRcsF1dz6sTQjFrITggHwcC/fFwbEHjn0giw+eF78YEjG8
ww/Z2H9d+R206p1+FA+5uQ4pkS6ivZBZEa3Df4NjuplaG/7yHZmcM5O3WxKZt/PJ22G6JZG8ZSBn
3wwwZ/PJmwFyJpecXkNO6sgJHXn9NQvzeoi8ZiHNIfJrmRyXyasyeUUmR2VypGk8c6STNI0nh2Vy
aA15WSYvGcmLB/XMixZyUE9eCJFf5ZPn48iBEHnu2XzmOZk8m0+eqTUyz/jJ/pVaZr+fNEwm+0Ty
dF9SvzGOqZfJU0+KzFOx5EmR7K0zMnv9pA7uqzOSujC9Bz64x0L2rKVrjaQ2TD/hJ7t/kcHslsmu
nWZml5/s3GFgdprJzmYcDvP0ju1aZoeB7GjGKDyR3q4l28/QNWVrmJoTZNujOmabRLaF6a2wt3Uw
qd5ygqmWyZbNucyWE2TLWnrzJj+zOZdsDtObQK5NfrJxg8RsjCMbm2+dCd+iN0hkHbx6XT75RQZ5
3EYeqyWP6sja/HxmrUyqSkWmykkeWWNkHgmRNUayulJgVptJpUAqaskqiazUkhXLvcyKTrJ8WQyz
3EuWxZCl8KGlcWSJTB6WSfliA1Muk8UGsjhMl60hixYOZxaVkIXDSWmJnikVSelaukRPSsJ0BF4Z
6STFRSeYYpkULchlik6QorX0gkI/syCXLAjThX5SADcVdJL8fPKQlcyXyTyZ5M3ty+TJZG5f8qBM
cmXy88nkgTVkjkxmjyGzZHK/TGaeIPfJ5N58Mt1CfhYi0+4RmGlryD0CyRkZHkWm6MikfDIxXsNM
rCUTQmQ8EZnxZjLORMZSWmask4wZbWbGlJDRo0RmtJmMGqljRolkZJhnRupImCdhxY730iNqyXA6
jRk+lQwbamGGTSZDh2iZoRYyNEwP0ZLB2SZmcC7JHiQx2SYySCIDDWSATLL6W5gsmfTPNDP9LSQz
pGUyzSTUj2dCWhKK+qcfTzLSHUzGGJLe18qkO0j6GbpvnJbpayV919JpfD6TVkuCqRYmOJmkghKp
FpIaplNA9JR8ktwng0keSfqAYH0ySAA2AZkkDSZ+g4Px55LEBBOTeC9JgI8lmEhCmI7XEJ/Xwfhy
idcjMV4H8Z6hPfAyj0Q8a+k4LYkL07EJJEYg7kTicmYwrnuJE57qzCAOmdjhpXaZ2ERitVgYawmx
mM2MxUIsYdpsJia4z3SCSGBeSSYibMRRRAD5hVpihGtGmRjgAQYHMYRpvUx0cKALDyohWrhHu4bw
+UTDSYzGQjiJsEyIYdcQBj7HhAgND6PTCDyU0hJ8L0Eywc04f91WnPr/7D/0f1uA/+0/qJL/C8q4
RVEKZW5kc3RyZWFtCmVuZG9iagoyNiAwIG9iagogICA5MzI0CmVuZG9iagoyNyAwIG9iago8PCAv
TGVuZ3RoIDI4IDAgUgogICAvRmlsdGVyIC9GbGF0ZURlY29kZQo+PgpzdHJlYW0KeJxdU8uO2zAM
vOsrdNweFk5MWcoCRoBie8mhDzTtB9gynTXQ2IbiHPL31WgWW6CHhGNqhh7SVPV6+nKap81WP9IS
z7rZcZqHpLflnqLaXi/TbPa1Haa4vT+V/3jtVlNl8flx2/R6msfFtK2tfubD25Ye9unzsPT6yVhr
q+9p0DTNF/v0+/XM1Pm+rn/0qvNmd+Z4tIOOudzXbv3WXdVWRfx8GvL5tD2es+wf49djVVuX5z0t
xWXQ29pFTd18UdPudkfbjuPR6Dz8d+YOlPRjfOuSaWtQd7scTOuGgnMwrd8XnEPGgTgAO2IH/EL8
AtwQN8CROGbcSME5mDaQE8AJNXEN3BF3GQvfK3ivkCPgCOsI6gg9CDwIawpqiif2wPQsxTPre9QP
rBOKH9YJpZeRnBFz4EwcZuLpwcODp9ZDWyvnpshzbh5zC9SGoiXHgyPMC/I1+TX4Qm8Cbw17adCL
4xxcmQPnKZinP7DmARx6c/Dm2LtD74E4AHtiX/LUBmiF3gTeHPty6Mv35Pfg8PsKvq9QK9DW5OSA
BXvfJKwa7sTHDsd7Snl9y8Upe4uNnWb9uFvrskJVfn8BO9bg5QplbmRzdHJlYW0KZW5kb2JqCjI4
IDAgb2JqCiAgIDQ0NQplbmRvYmoKMjkgMCBvYmoKPDwgL1R5cGUgL0ZvbnREZXNjcmlwdG9yCiAg
IC9Gb250TmFtZSAvRlhOR1BDK0RlamFWdVNlcmlmCiAgIC9Gb250RmFtaWx5IChEZWphVnUgU2Vy
aWYpCiAgIC9GbGFncyAzMgogICAvRm9udEJCb3ggWyAtNzY5IC0zNDYgMjEwNSAxMTA5IF0KICAg
L0l0YWxpY0FuZ2xlIDAKICAgL0FzY2VudCA5MjgKICAgL0Rlc2NlbnQgLTIzNQogICAvQ2FwSGVp
Z2h0IDExMDkKICAgL1N0ZW1WIDgwCiAgIC9TdGVtSCA4MAogICAvRm9udEZpbGUyIDI1IDAgUgo+
PgplbmRvYmoKOSAwIG9iago8PCAvVHlwZSAvRm9udAogICAvU3VidHlwZSAvVHJ1ZVR5cGUKICAg
L0Jhc2VGb250IC9GWE5HUEMrRGVqYVZ1U2VyaWYKICAgL0ZpcnN0Q2hhciAzMgogICAvTGFzdENo
YXIgMTIyCiAgIC9Gb250RGVzY3JpcHRvciAyOSAwIFIKICAgL0VuY29kaW5nIC9XaW5BbnNpRW5j
b2RpbmcKICAgL1dpZHRocyBbIDMxNyAwIDAgMCAwIDAgMCAwIDAgMCAwIDgzNyAwIDMzNyAzMTcg
MCA2MzYgNjM2IDYzNiA2MzYgNjM2IDYzNiA2MzYgNjM2IDYzNiA2MzYgMzM2IDAgODM3IDAgODM3
IDAgMTAwMCA3MjIgNzM0IDc2NSAwIDAgNjkzIDAgMCAwIDAgMCAwIDEwMjMgMCAwIDAgMCAwIDY4
NSAwIDg0MiAwIDAgMCAwIDAgMCAwIDAgMCAwIDAgNTk2IDY0MCA1NjAgNjQwIDU5MSAzNzAgNjQw
IDY0NCAzMTkgMzEwIDYwNSAzMTkgOTQ4IDY0NCA2MDIgNjQwIDAgNDc4IDUxMyA0MDEgNjQ0IDU2
NCAwIDU2MyAwIDUyNiBdCiAgICAvVG9Vbmljb2RlIDI3IDAgUgo+PgplbmRvYmoKMzAgMCBvYmoK
PDwgL0xlbmd0aCAzMSAwIFIKICAgL0ZpbHRlciAvRmxhdGVEZWNvZGUKICAgL0xlbmd0aDEgMjUx
Ngo+PgpzdHJlYW0KeJzNVGlwU9cVPk/fvVot+T3rGWzwIiOrxvEmJCBADHkYExanxMGEmBaBAWE7
XoLZF0eJ0oRhi9lCxBLaOgkzbU1DRTqlCqatSSGkk/oX0MC/ZAamk5RhSpt2CgOPHslkOtOZ9m97
z7x3z/nOfu67jxQiclCcQOqqTRt8+8InvyZSLvBzqLWnrfuP8TvMo5mt9rR1bW2920cG88dZP759
9Yqo9tacD1h/g7HJ7Qzk+FzvE4kClkvbuzdscfopyXLax961ZtUK9utieS7LWd0rtvSIFhlmeRHL
vp51q3s2brX+neUNRHIZWajVTIhWeYKrs9EYI0tcIuslxS4jFkE1F67cmkDqlVtXbgW9WokWKNFK
WgXdX4+x92+aCZvnH39ZZy0nheZzrDKrTuMoZkywFVCeus1O48S+4rWjcjxwbhtjP65nKVXknp7t
rbRll7kqyZGfW6nZysaODvrVr2tvhW6Erly4cUu9wXR7AtXU3g7dHh0yb//hY/V2KGfq1KDhUEtr
SteU9pcKJaI0JHMXNf+K/A+HOLufyZiiPT5liVJWrfjHWQuVEi2cWzIprH2z+yeFJ02cHA6NGi1q
lmFb79G9lkunHnx5+sGdUw++SiaTX918/swSaVUWP7f3aPT+rI4OLLx/Kv3ubLn4yZixpDhpPc8q
RZ8yXWbuaeqgtbSD+pm/Sb0Z/Lywp4mR6zJte5lSSjnbWdKk1PD8LfRrjhNm3U22b2W5n1Zm9Pcw
nKFjGLZsJgsamWvMePRTCk8IgeGRJ+P1KU2nszSQ5uUwJdhuIX3GVMfR59M5uq68RieUqxSjPlov
WE2FilNe5Vo6aKW8mqE/09JM5jTWIa/y6fVTB/d5jqOfGMGVcmUhWtCqNHOHFmUAcxndTh2ihaks
Q/WZ/kZ6sFh6Of+jfmnYstRSLsqUAc6TzjHM8QdoOtfbypXO5ceSrh9fUj+yuMJ8eZ7m2+ZbsxSr
LUaLWNuLsHLMWkgtFMMijrCAsT5aoHzGWUinM1YpYFGo0qcmLYF50aTxbLPvkyUlVZX/JvpUmy9J
jUn3Vl/q4cPGZjFWLknKgiQC9qQI+L/4T8ovqiobGpt9yd/Nrn8UdXZLPWNNzcymJYYZn11fxVcu
fVbLUr//05mnlmfX/o2K7emp0+XrC+58s9+99mCaes3+efqe0ohH5m3rNguJtMK71+73qNce4f9a
FsETk4vTdyyz6tP/hZF8FgdV0BFKf3EqHeX7S8Kl/JVlkbLEjc8vmfjYi4sXSuXFKC4a4kIpfuvG
R+fL5EdRnC/DUAS/ieGcC4MunP1Ql2dD+FBHKoRfmjhj4hcmfm7iAxOnk3Pk6XtIzsHPTJyK4X0T
P/Xg5ECWPKljIAs/CeHHUfyoCCdCeO/dqHzPxLtRvJPwyHcC6N/ilP0B/LABP1Dx/Woc31kkj5t4
+5gq3y7EMRVHj3jk0QCOsN0RD44Y4jA7HtZxOC4SHiQM8VYAh14PykMm3jzolW8GcPCAWx704mBK
MQyHOLDfKQ+4cSClkDFP7Hdi/5DYtyYm9w1i76suuVfDXkP0Mdc3DW/sGZRvmNizOyL3DGJPXOze
FZC7I9htiF1c164Adu7Q5M4i7Ew9HDIeih0atnPq7VG8HsRro/C9BF51IR6NyriJV7pU+Uo+Xo55
5MshxDx4qTdbvuRFbza2JbBVwxYnNm/yyc33sGljgdzkw8YCbGCnDUVYb2KdibU9brnWRI8bPYZY
E8OL3TPki53onoGuzizZpaIrLjqz0GmIDk7ZcQ8vtA/KF0y0t0Vk+yDa46KtNSDbImgzRGsAq9lo
9T1Eo1iVi5UmVphoWV4tW0wsr8YyExETSxvw3Ri+Y2JJPZpNPG9i8SCeM9EUxUIdz4bQ+Ey2bIzh
mWwsmGnU4WkX5kcxb5xdzktgbghzoMo5XjyVg9kWp5ydj/pZXlnfiVl1qpzlRd1Ml6xTMdNwyJku
GA4Y6Tk2iScTmCGq5IxvY3qtLqc3oPYJp6zVUWuIJ5yYNjVHTotg6hRNTs3BFA2PuzHZxKSJupxk
YmLYKyfqCIecMuxFaIJDhpwIjZzPBAeCNXkyWI+a6lxZk4eaIVFd5JTVuaiOiypHVFYlUFmhy8oG
VHATFToqDPEYl/5YFOXjg7J8JsZzYeODKOOtzMS3piHgzpOBCEr9ObK0CX528+fAb4hxdpT48mRJ
BL5iTfry4BsSxZysWENxXBQ5UWSIQj8KsjG2FGPyg3JME/I5an4QeSZGc9LRJkapyNV1mdsJ3euV
ug7dEF4vctguZxAaj1czofKm1iGb689OwMM6jwk3B3DnwW2ILBMuFlzGlE442cYZgyMKu02Tdh02
DVYZktYYJPvJEAQHE1XgoBYnlCaQCSWlRLf3KRX/t4v+1wX818V/638C005DIQplbmRzdHJlYW0K
ZW5kb2JqCjMxIDAgb2JqCiAgIDE4MDEKZW5kb2JqCjMyIDAgb2JqCjw8IC9MZW5ndGggMzMgMCBS
CiAgIC9GaWx0ZXIgL0ZsYXRlRGVjb2RlCj4+CnN0cmVhbQp4nF2Qz2rDMAzG734KHdtDcdNzCIzu
ksP+0GwP4NhyZmhkoziHvP1kN3QwgS0kfT/zWfrav/YUMuhPjnbADD6QY1ziyhZhxCmQai7ggs17
VW87m6S0wMO2ZJx78lG1LeibDJfMGxxeXBzxqABAf7BDDjTB4fs6PFrDmtIdZ6QMZ9V14NDLc28m
vZsZQVf41DuZh7ydBPtTfG0J4VLr5mHJRodLMhbZ0ISqPUt00HqJTiG5f/OdGr39MVzVTVGPkop6
7xeufPJpyq7M4qduohopFgLhc1kppkLV8wtTkXDICmVuZHN0cmVhbQplbmRvYmoKMzMgMCBvYmoK
ICAgMjIzCmVuZG9iagozNCAwIG9iago8PCAvVHlwZSAvRm9udERlc2NyaXB0b3IKICAgL0ZvbnRO
YW1lIC9QUEZISlErRGVqYVZ1U2VyaWYKICAgL0ZvbnRGYW1pbHkgKERlamFWdSBTZXJpZikKICAg
L0ZsYWdzIDQKICAgL0ZvbnRCQm94IFsgLTc2OSAtMzQ2IDIxMDUgMTEwOSBdCiAgIC9JdGFsaWNB
bmdsZSAwCiAgIC9Bc2NlbnQgOTI4CiAgIC9EZXNjZW50IC0yMzUKICAgL0NhcEhlaWdodCAxMTA5
CiAgIC9TdGVtViA4MAogICAvU3RlbUggODAKICAgL0ZvbnRGaWxlMiAzMCAwIFIKPj4KZW5kb2Jq
CjM1IDAgb2JqCjw8IC9UeXBlIC9Gb250CiAgIC9TdWJ0eXBlIC9DSURGb250VHlwZTIKICAgL0Jh
c2VGb250IC9QUEZISlErRGVqYVZ1U2VyaWYKICAgL0NJRFN5c3RlbUluZm8KICAgPDwgL1JlZ2lz
dHJ5IChBZG9iZSkKICAgICAgL09yZGVyaW5nIChJZGVudGl0eSkKICAgICAgL1N1cHBsZW1lbnQg
MAogICA+PgogICAvRm9udERlc2NyaXB0b3IgMzQgMCBSCiAgIC9XIFswIFsgNjAwIDY2NiBdXQo+
PgplbmRvYmoKMTAgMCBvYmoKPDwgL1R5cGUgL0ZvbnQKICAgL1N1YnR5cGUgL1R5cGUwCiAgIC9C
YXNlRm9udCAvUFBGSEpRK0RlamFWdVNlcmlmCiAgIC9FbmNvZGluZyAvSWRlbnRpdHktSAogICAv
RGVzY2VuZGFudEZvbnRzIFsgMzUgMCBSXQogICAvVG9Vbmljb2RlIDMyIDAgUgo+PgplbmRvYmoK
MSAwIG9iago8PCAvVHlwZSAvUGFnZXMKICAgL0tpZHMgWyAyIDAgUiBdCiAgIC9Db3VudCAxCj4+
CmVuZG9iagozNiAwIG9iago8PCAvVHlwZSAvT3V0bGluZXMKICAgL0ZpcnN0IDE5IDAgUgogICAv
TGFzdCAxOSAwIFIKICAgL0NvdW50IC0xCj4+CmVuZG9iagoxOSAwIG9iago8PCAvVGl0bGUgKERF
VEFMTEVTIERFIExBIFJFU0VSVkFDSU9OKQogICAvUGFyZW50IDM2IDAgUgogICAvRiAwCiAgIC9E
ZXN0IFsyIDAgUiAvWFlaIDYyIDc2MyAwXQo+PgplbmRvYmoKMzcgMCBvYmoKPDwgL1Byb2R1Y2Vy
IChjYWlybyAxLjE1LjEwIChodHRwOi8vY2Fpcm9ncmFwaGljcy5vcmcpKQogICAvVGl0bGUgKFJl
c2VydmFjaW9uKQogICAvQXV0aG9yICgpCiAgIC9LZXl3b3JkcyAoKQogICAvQ3JlYXRpb25EYXRl
IChEOjIwMjEwMjAxMDgwNzI5WikKPj4KZW5kb2JqCjM4IDAgb2JqCjw8IC9UeXBlIC9DYXRhbG9n
CiAgIC9QYWdlcyAxIDAgUgogICAvT3V0bGluZXMgMzYgMCBSCj4+CmVuZG9iagp4cmVmCjAgMzkK
MDAwMDAwMDAwMCA2NTUzNSBmIAowMDAwMDY0ODA5IDAwMDAwIG4gCjAwMDAwMDE2MjcgMDAwMDAg
biAKMDAwMDAwMDAxNSAwMDAwMCBuIAowMDAwMDAwMDE1IDAwMDAwIG4gCjAwMDAwMDA4NzcgMDAw
MDAgbiAKMDAwMDAwMDAxNSAwMDAwMCBuIAowMDAwMDAwODU1IDAwMDAwIG4gCjAwMDAwNTA2NzAg
MDAwMDAgbiAKMDAwMDA2MTM5OCAwMDAwMCBuIAowMDAwMDY0NjQ3IDAwMDAwIG4gCjAwMDAwMDE4
OTQgMDAwMDAgbiAKMDAwMDAwMTA4NyAwMDAwMCBuIAowMDAwMDAxMzQ0IDAwMDAwIG4gCjAwMDAw
MDE1OTEgMDAwMDAgbiAKMDAwMDAwMjM1MyAwMDAwMCBuIAowMDAwMDAyMzMwIDAwMDAwIG4gCjAw
MDAwMDI0NTYgMDAwMDAgbiAKMDAwMDA0MzE5MiAwMDAwMCBuIAowMDAwMDY0OTU4IDAwMDAwIG4g
CjAwMDAwNDMyMTcgMDAwMDAgbiAKMDAwMDA0OTg4OCAwMDAwMCBuIAowMDAwMDQ5OTEyIDAwMDAw
IG4gCjAwMDAwNTAzNjkgMDAwMDAgbiAKMDAwMDA1MDM5MiAwMDAwMCBuIAowMDAwMDUxMTMzIDAw
MDAwIG4gCjAwMDAwNjA1NTQgMDAwMDAgbiAKMDAwMDA2MDU3OCAwMDAwMCBuIAowMDAwMDYxMTAy
IDAwMDAwIG4gCjAwMDAwNjExMjUgMDAwMDAgbiAKMDAwMDA2MTg5MyAwMDAwMCBuIAowMDAwMDYz
NzkwIDAwMDAwIG4gCjAwMDAwNjM4MTQgMDAwMDAgbiAKMDAwMDA2NDExNiAwMDAwMCBuIAowMDAw
MDY0MTM5IDAwMDAwIG4gCjAwMDAwNjQ0MTEgMDAwMDAgbiAKMDAwMDA2NDg3NCAwMDAwMCBuIAow
MDAwMDY1MDczIDAwMDAwIG4gCjAwMDAwNjUyMzkgMDAwMDAgbiAKdHJhaWxlcgo8PCAvU2l6ZSAz
OQogICAvUm9vdCAzOCAwIFIKICAgL0luZm8gMzcgMCBSCj4+CnN0YXJ0eHJlZgo2NTMxMgolJUVP
Rgo=

--===============0791306492969091172==--

-------------------------------------------------------------------------------
